[TIMESTAMP][BEGIN] 2026-04-10T13:31:08.063069
Bilibili Video Data Crawler Batch Crawl Summary
session_dir: outputs\video_data\manual_crawls\manual_crawl_media_mode_A_20260410_133107
session_started_at: 2026-04-10T13:31:08.063069
session_completed_at: 2026-04-10T14:51:14.035989
original_csv_name: batch_input_1.csv
task_mode: media_only
original_bvid_count: 100
part_count: 6
interruption_count: 0
completed_all: True

part_1:
  started_at: 2026-04-10T13:31:08.063069
  finished_at: 2026-04-10T13:42:09.574564
  source_csv_name: batch_input_1.csv
  task_mode: media_only
  input_bvid_count: 100
  processed_count: 100
  success_count: 82
  failed_count: 18
  remaining_count: 18
  consecutive_failure_limit: 10
  stopped_due_to_consecutive_failures: False
  stop_reason: 当前子任务已结束，但仍有未成功抓取的视频，已导出 remaining CSV 供继续执行。
  log_file: logs/batch_crawl_part_1_20260410_134209.log
  remaining_file: remaining_bvids_part_1.csv

part_2:
  started_at: 2026-04-10T13:42:09.903104
  finished_at: 2026-04-10T13:53:17.803917
  source_csv_name: batch_input_2.csv
  task_mode: media_only
  input_bvid_count: 100
  processed_count: 100
  success_count: 72
  failed_count: 28
  remaining_count: 28
  consecutive_failure_limit: 10
  stopped_due_to_consecutive_failures: False
  stop_reason: 当前子任务已结束，但仍有未成功抓取的视频，已导出 remaining CSV 供继续执行。
  log_file: logs/batch_crawl_part_2_20260410_135317.log
  remaining_file: remaining_bvids_part_2.csv

part_3:
  started_at: 2026-04-10T13:53:18.003070
  finished_at: 2026-04-10T14:05:43.571502
  source_csv_name: batch_input_3.csv
  task_mode: media_only
  input_bvid_count: 100
  processed_count: 100
  success_count: 91
  failed_count: 9
  remaining_count: 9
  consecutive_failure_limit: 10
  stopped_due_to_consecutive_failures: False
  stop_reason: 当前子任务已结束，但仍有未成功抓取的视频，已导出 remaining CSV 供继续执行。
  log_file: logs/batch_crawl_part_3_20260410_140543.log
  remaining_file: remaining_bvids_part_3.csv

part_4:
  started_at: 2026-04-10T14:05:43.781481
  finished_at: 2026-04-10T14:20:01.262904
  source_csv_name: batch_input_4.csv
  task_mode: media_only
  input_bvid_count: 100
  processed_count: 100
  success_count: 97
  failed_count: 3
  remaining_count: 3
  consecutive_failure_limit: 10
  stopped_due_to_consecutive_failures: False
  stop_reason: 当前子任务已结束，但仍有未成功抓取的视频，已导出 remaining CSV 供继续执行。
  log_file: logs/batch_crawl_part_4_20260410_142001.log
  remaining_file: remaining_bvids_part_4.csv

part_5:
  started_at: 2026-04-10T14:20:01.432411
  finished_at: 2026-04-10T14:36:33.810209
  source_csv_name: batch_input_5.csv
  task_mode: media_only
  input_bvid_count: 100
  processed_count: 100
  success_count: 97
  failed_count: 3
  remaining_count: 3
  consecutive_failure_limit: 10
  stopped_due_to_consecutive_failures: False
  stop_reason: 当前子任务已结束，但仍有未成功抓取的视频，已导出 remaining CSV 供继续执行。
  log_file: logs/batch_crawl_part_5_20260410_143633.log
  remaining_file: remaining_bvids_part_5.csv

part_6:
  started_at: 2026-04-10T14:36:33.991544
  finished_at: 2026-04-10T14:51:14.035989
  source_csv_name: batch_input_6.csv
  task_mode: media_only
  input_bvid_count: 100
  processed_count: 100
  success_count: 100
  failed_count: 0
  remaining_count: 0
  consecutive_failure_limit: 10
  stopped_due_to_consecutive_failures: False
  stop_reason: 当前 batch_crawl 已完成，所有视频均已成功抓取。
  log_file: logs/batch_crawl_part_6_20260410_145114.log
  remaining_file:
[TIMESTAMP][END] 2026-04-10T14:51:14
