[TIMESTAMP][BEGIN] 2026-04-17T08:48:59
[2026-04-17 08:49:02] 开始执行 CSV 批量抓取子任务 part_31。
[2026-04-17 08:49:02] 子任务开始时间：2026-04-17T08:48:59.750811
[2026-04-17 08:49:02] 输入文件：batch_input_30.csv
[2026-04-17 08:49:02] 输入唯一 bvid 数量：100
[2026-04-17 08:49:02] 为严格按 CSV 顺序判断连续失败阈值，本次任务自动将并发度从 3 调整为 1。
[2026-04-17 08:49:10] [SUCCESS] bvid=BV1QwQwBnE82 已成功抓取全部所需数据。
[2026-04-17 08:49:31] [SUCCESS] bvid=BV1QwSdBAE2b 已成功抓取全部所需数据。
[2026-04-17 08:49:37] [SUCCESS] bvid=BV1QwXkBiEjV 已成功抓取全部所需数据。
[2026-04-17 08:49:48] [SUCCESS] bvid=BV1Qx9KBMEP2 已成功抓取全部所需数据。
[2026-04-17 08:50:01] [SUCCESS] bvid=BV1QxDMBNEY4 已成功抓取全部所需数据。
[2026-04-17 08:50:08] [SUCCESS] bvid=BV1QxQ5BpEGj 已成功抓取全部所需数据。
[2026-04-17 08:50:21] [SUCCESS] bvid=BV1QxSoBvEGa 已成功抓取全部所需数据。
[2026-04-17 08:50:23] [ERROR] bvid=BV1QxX1B2EdL 抓取失败：media: 接口返回错误代码：62002，信息：稿件不可见。
{'code': 62002, 'message': '稿件不可见', 'ttl': 1}
[2026-04-17 08:50:29] [SUCCESS] bvid=BV1Qy9NBKEKb 已成功抓取全部所需数据。
[2026-04-17 08:50:35] [SUCCESS] bvid=BV1QyDTBAEdx 已成功抓取全部所需数据。
[2026-04-17 08:50:48] [SUCCESS] bvid=BV1QyDrBcEHp 已成功抓取全部所需数据。
[2026-04-17 08:51:07] [SUCCESS] bvid=BV1QyDrBcENN 已成功抓取全部所需数据。
[2026-04-17 08:51:12] [SUCCESS] bvid=BV1QyQwBQEVu 已成功抓取全部所需数据。
[2026-04-17 08:51:18] [SUCCESS] bvid=BV1QyX9BiE2X 已成功抓取全部所需数据。
[2026-04-17 08:51:23] [SUCCESS] bvid=BV1QyXdB5E2C 已成功抓取全部所需数据。
[2026-04-17 08:51:41] [SUCCESS] bvid=BV1QyXdB5ERy 已成功抓取全部所需数据。
[2026-04-17 08:51:47] [SUCCESS] bvid=BV1QyXdB5EZG 已成功抓取全部所需数据。
[2026-04-17 08:51:53] [SUCCESS] bvid=BV1QyXdB5EdW 已成功抓取全部所需数据。
[2026-04-17 08:51:59] [SUCCESS] bvid=BV1QyXdB5Efp 已成功抓取全部所需数据。
[2026-04-17 08:52:05] [SUCCESS] bvid=BV1QyXdB5Emw 已成功抓取全部所需数据。
[2026-04-17 08:52:10] [SUCCESS] bvid=BV1QyXdB5Eod 已成功抓取全部所需数据。
[2026-04-17 08:52:30] [SUCCESS] bvid=BV1QyXgBmELP 已成功抓取全部所需数据。
[2026-04-17 08:52:35] [SUCCESS] bvid=BV1Qz9WBHE3z 已成功抓取全部所需数据。
[2026-04-17 08:52:40] [SUCCESS] bvid=BV1Qz9WBHEyh 已成功抓取全部所需数据。
[2026-04-17 08:52:47] [SUCCESS] bvid=BV1QzDDBxEf3 已成功抓取全部所需数据。
[2026-04-17 08:52:52] [SUCCESS] bvid=BV1QzDDBxEfL 已成功抓取全部所需数据。
[2026-04-17 09:02:59] [SUCCESS] bvid=BV1QzDNBZE43 已成功抓取全部所需数据。
[2026-04-17 09:03:24] [SUCCESS] bvid=BV1QzDNBZERh 已成功抓取全部所需数据。
[2026-04-17 09:03:31] [SUCCESS] bvid=BV1QzDNBZEd7 已成功抓取全部所需数据。
[2026-04-17 09:03:40] [SUCCESS] bvid=BV1QzDzBdE7h 已成功抓取全部所需数据。
[2026-04-17 09:03:46] [SUCCESS] bvid=BV1QzQpB1Ejz 已成功抓取全部所需数据。
[2026-04-17 09:03:54] [SUCCESS] bvid=BV1QzXKBvEa6 已成功抓取全部所需数据。
[2026-04-17 09:03:58] [ERROR] bvid=BV1QzXKBvEcg 抓取失败：media: 接口返回错误代码：62002，信息：稿件不可见。
{'code': 62002, 'message': '稿件不可见', 'ttl': 1}
[2026-04-17 09:04:05] [SUCCESS] bvid=BV1QzXQBwEjA 已成功抓取全部所需数据。
[2026-04-17 09:04:17] [SUCCESS] bvid=BV1QzXkBuEqb 已成功抓取全部所需数据。
[2026-04-17 09:04:24] [SUCCESS] bvid=BV1R1AWzSEFR 已成功抓取全部所需数据。
[2026-04-17 09:04:36] [SUCCESS] bvid=BV1R1DpBmEgs 已成功抓取全部所需数据。
[2026-04-17 09:04:49] [SUCCESS] bvid=BV1R1X5BYELr 已成功抓取全部所需数据。
[2026-04-17 09:04:56] [SUCCESS] bvid=BV1R1XZBHEJK 已成功抓取全部所需数据。
[2026-04-17 09:05:03] [SUCCESS] bvid=BV1R1XZBHEMA 已成功抓取全部所需数据。
[2026-04-17 09:05:10] [SUCCESS] bvid=BV1R1XZBHEQ4 已成功抓取全部所需数据。
[2026-04-17 09:05:25] [SUCCESS] bvid=BV1R1XZBHEkj 已成功抓取全部所需数据。
[2026-04-17 09:05:47] [SUCCESS] bvid=BV1R2SDBoEKj 已成功抓取全部所需数据。
[2026-04-17 09:05:53] [SUCCESS] bvid=BV1R2SDBoEqz 已成功抓取全部所需数据。
[2026-04-17 09:05:59] [SUCCESS] bvid=BV1R2XZBQEio 已成功抓取全部所需数据。
[2026-04-17 09:06:08] [SUCCESS] bvid=BV1R2XvBpEJS 已成功抓取全部所需数据。
[2026-04-17 09:06:23] [SUCCESS] bvid=BV1R3D4B4EG9 已成功抓取全部所需数据。
[2026-04-17 09:06:28] [SUCCESS] bvid=BV1R3D4B4EXg 已成功抓取全部所需数据。
[2026-04-17 09:06:45] [SUCCESS] bvid=BV1R3D4B4ErW 已成功抓取全部所需数据。
[2026-04-17 09:06:52] [SUCCESS] bvid=BV1R3DfBmEJY 已成功抓取全部所需数据。
[2026-04-17 09:07:13] [SUCCESS] bvid=BV1R3QcBsERK 已成功抓取全部所需数据。
[2026-04-17 09:07:20] [SUCCESS] bvid=BV1R3QcBsExK 已成功抓取全部所需数据。
[2026-04-17 09:07:26] [SUCCESS] bvid=BV1R3QcBsExn 已成功抓取全部所需数据。
[2026-04-17 09:07:40] [SUCCESS] bvid=BV1R3SXBbEeE 已成功抓取全部所需数据。
[2026-04-17 09:07:46] [SUCCESS] bvid=BV1R4DvBEEDS 已成功抓取全部所需数据。
[2026-04-17 09:07:53] [SUCCESS] bvid=BV1R4DxBtEZf 已成功抓取全部所需数据。
[2026-04-17 09:08:00] [SUCCESS] bvid=BV1R4QEBME5L 已成功抓取全部所需数据。
[2026-04-17 09:08:13] [SUCCESS] bvid=BV1R4XLBeEVA 已成功抓取全部所需数据。
[2026-04-17 09:08:28] [SUCCESS] bvid=BV1R4XLBeEff 已成功抓取全部所需数据。
[2026-04-17 09:08:34] [SUCCESS] bvid=BV1R4XLBeExd 已成功抓取全部所需数据。
[2026-04-17 09:08:41] [SUCCESS] bvid=BV1R4XSBaERj 已成功抓取全部所需数据。
[2026-04-17 09:08:47] [SUCCESS] bvid=BV1R4XSBaEfr 已成功抓取全部所需数据。
[2026-04-17 09:08:53] [SUCCESS] bvid=BV1R4XVBoET1 已成功抓取全部所需数据。
[2026-04-17 09:08:59] [SUCCESS] bvid=BV1R4XVBoETC 已成功抓取全部所需数据。
[2026-04-17 09:09:06] [SUCCESS] bvid=BV1R4XmB9E71 已成功抓取全部所需数据。
[2026-04-17 09:09:20] [SUCCESS] bvid=BV1R4XmB9E7e 已成功抓取全部所需数据。
[2026-04-17 09:09:26] [SUCCESS] bvid=BV1R4XmB9E8Q 已成功抓取全部所需数据。
[2026-04-17 09:09:44] [SUCCESS] bvid=BV1R5D7BeEM6 已成功抓取全部所需数据。
[2026-04-17 09:09:58] [SUCCESS] bvid=BV1R5QcBpEB7 已成功抓取全部所需数据。
[2026-04-17 09:10:03] [SUCCESS] bvid=BV1R5XTB6EgN 已成功抓取全部所需数据。
[2026-04-17 09:10:08] [SUCCESS] bvid=BV1R5XTB6Egy 已成功抓取全部所需数据。
[2026-04-17 09:10:14] [SUCCESS] bvid=BV1R5XTB6Ena 已成功抓取全部所需数据。
[2026-04-17 09:10:21] [SUCCESS] bvid=BV1R5XrBBEDH 已成功抓取全部所需数据。
[2026-04-17 09:10:27] [SUCCESS] bvid=BV1R6DCBrE13 已成功抓取全部所需数据。
[2026-04-17 09:10:34] [SUCCESS] bvid=BV1R6DCBrEeD 已成功抓取全部所需数据。
[2026-04-17 09:10:55] [SUCCESS] bvid=BV1R6DCBrEfv 已成功抓取全部所需数据。
[2026-04-17 09:11:14] [SUCCESS] bvid=BV1R6DCBrEyX 已成功抓取全部所需数据。
[2026-04-17 09:11:36] [SUCCESS] bvid=BV1R6DuBCEBR 已成功抓取全部所需数据。
[2026-04-17 09:11:43] [SUCCESS] bvid=BV1R6DuBCEoE 已成功抓取全部所需数据。
[2026-04-17 09:11:50] [SUCCESS] bvid=BV1R6QSBZEBs 已成功抓取全部所需数据。
[2026-04-17 09:11:58] [SUCCESS] bvid=BV1R797BGEfv 已成功抓取全部所需数据。
[2026-04-17 09:12:05] [SUCCESS] bvid=BV1R797BGEmD 已成功抓取全部所需数据。
[2026-04-17 09:12:23] [SUCCESS] bvid=BV1R79LBeEKB 已成功抓取全部所需数据。
[2026-04-17 09:12:28] [SUCCESS] bvid=BV1R7SfBUEky 已成功抓取全部所需数据。
[2026-04-17 09:12:35] [SUCCESS] bvid=BV1R7XCB5EHA 已成功抓取全部所需数据。
[2026-04-17 09:12:48] [SUCCESS] bvid=BV1R7XCB5EJW 已成功抓取全部所需数据。
[2026-04-17 09:12:55] [SUCCESS] bvid=BV1R7XCB5EiM 已成功抓取全部所需数据。
[2026-04-17 09:13:08] [SUCCESS] bvid=BV1R7XuBjEAD 已成功抓取全部所需数据。
[2026-04-17 09:13:28] [SUCCESS] bvid=BV1R7XuBjEQL 已成功抓取全部所需数据。
[2026-04-17 09:13:34] [SUCCESS] bvid=BV1R89HBSEND 已成功抓取全部所需数据。
[2026-04-17 09:13:40] [SUCCESS] bvid=BV1R89WBtEdT 已成功抓取全部所需数据。
[2026-04-17 09:13:48] [SUCCESS] bvid=BV1R8D5BdE6X 已成功抓取全部所需数据。
[2026-04-17 09:13:53] [SUCCESS] bvid=BV1R8XLBaEJJ 已成功抓取全部所需数据。
[2026-04-17 09:14:21] [SUCCESS] bvid=BV1R8XSB8E2L 已成功抓取全部所需数据。
[2026-04-17 09:14:27] [SUCCESS] bvid=BV1R8XSB8EHS 已成功抓取全部所需数据。
[2026-04-17 09:14:39] [SUCCESS] bvid=BV1R8XSB8EkD 已成功抓取全部所需数据。
[2026-04-17 09:14:44] [SUCCESS] bvid=BV1R8XSBhEw8 已成功抓取全部所需数据。
[2026-04-17 09:14:51] [SUCCESS] bvid=BV1R99wBaEFk 已成功抓取全部所需数据。
[2026-04-17 09:14:54] [ERROR] bvid=BV1R99wBaEhM 抓取失败：media: 接口返回错误代码：62012，信息：62012。
{'code': 62012, 'message': '62012', 'ttl': 1}
[2026-04-17 09:15:00] [SUCCESS] bvid=BV1R9QcBdEG8 已成功抓取全部所需数据。
[2026-04-17 09:15:00] [WARN] 当前子任务已结束，但仍有未成功抓取的视频，已导出 remaining CSV 供继续执行。
[2026-04-17 09:15:00] [INFO] 已导出剔除成功条目后的剩余 CSV：outputs\video_data\manual_crawls\manual_crawl_media_mode_A_20260417_011323\remaining_bvids_part_31.csv
[2026-04-17 09:15:00] 子任务结束时间：2026-04-17T09:15:00.162743
[TIMESTAMP][END] 2026-04-17T09:15:00
