[TIMESTAMP][BEGIN] 2026-04-17T08:02:50
[2026-04-17 08:02:52] 开始执行 CSV 批量抓取子任务 part_28。
[2026-04-17 08:02:52] 子任务开始时间：2026-04-17T08:02:50.587288
[2026-04-17 08:02:52] 输入文件：batch_input_27.csv
[2026-04-17 08:02:52] 输入唯一 bvid 数量：100
[2026-04-17 08:02:52] 为严格按 CSV 顺序判断连续失败阈值，本次任务自动将并发度从 3 调整为 1。
[2026-04-17 08:02:59] [SUCCESS] bvid=BV1QCQwBpE8v 已成功抓取全部所需数据。
[2026-04-17 08:03:09] [SUCCESS] bvid=BV1QCX9BTEKL 已成功抓取全部所需数据。
[2026-04-17 08:03:14] [SUCCESS] bvid=BV1QCXgBEECg 已成功抓取全部所需数据。
[2026-04-17 08:03:22] [SUCCESS] bvid=BV1QCXgBEEid 已成功抓取全部所需数据。
[2026-04-17 08:03:29] [SUCCESS] bvid=BV1QDD3ByEXn 已成功抓取全部所需数据。
[2026-04-17 08:03:34] [SUCCESS] bvid=BV1QDDpB5ELf 已成功抓取全部所需数据。
[2026-04-17 08:03:41] [SUCCESS] bvid=BV1QDSUBjEcm 已成功抓取全部所需数据。
[2026-04-17 08:03:47] [SUCCESS] bvid=BV1QDXAB8Egk 已成功抓取全部所需数据。
[2026-04-17 08:03:50] [ERROR] bvid=BV1QDXGBHE7y 抓取失败：media: 接口返回错误代码：62002，信息：稿件不可见。
{'code': 62002, 'message': '稿件不可见', 'ttl': 1}
[2026-04-17 08:03:56] [SUCCESS] bvid=BV1QED4BQE7f 已成功抓取全部所需数据。
[2026-04-17 08:04:01] [SUCCESS] bvid=BV1QED4BQEz1 已成功抓取全部所需数据。
[2026-04-17 08:04:07] [SUCCESS] bvid=BV1QEDPBWENg 已成功抓取全部所需数据。
[2026-04-17 08:04:12] [SUCCESS] bvid=BV1QEQcBSECN 已成功抓取全部所需数据。
[2026-04-17 08:04:18] [SUCCESS] bvid=BV1QEXDBoE3z 已成功抓取全部所需数据。
[2026-04-17 08:04:24] [SUCCESS] bvid=BV1QEXDBoEGe 已成功抓取全部所需数据。
[2026-04-17 08:04:30] [SUCCESS] bvid=BV1QEXDBoEV4 已成功抓取全部所需数据。
[2026-04-17 08:04:42] [SUCCESS] bvid=BV1QEXDBoEWE 已成功抓取全部所需数据。
[2026-04-17 08:04:49] [SUCCESS] bvid=BV1QF9ABbEVf 已成功抓取全部所需数据。
[2026-04-17 08:04:55] [SUCCESS] bvid=BV1QG9uBCEcx 已成功抓取全部所需数据。
[2026-04-17 08:05:17] [SUCCESS] bvid=BV1QGDpBgEPA 已成功抓取全部所需数据。
[2026-04-17 08:05:26] [SUCCESS] bvid=BV1QGXNBPEQD 已成功抓取全部所需数据。
[2026-04-17 08:05:33] [SUCCESS] bvid=BV1QGXNBPEqS 已成功抓取全部所需数据。
[2026-04-17 08:05:38] [SUCCESS] bvid=BV1QGXqBWEyZ 已成功抓取全部所需数据。
[2026-04-17 08:05:53] [ERROR] bvid=BV1QHQvB1EQK 抓取失败：media: [tcp @ 000001d0d5d673c0] Connection to tcp://cn-fjqz-cm-01-01.bilivideo.com:443 failed: Error number -138 occurred
[in#0 @ 000001d0d5d60240] Error opening input: Error number -138 occurred
Error opening input file https://cn-fjqz-cm-01-01.bilivideo.com/upgcxcode/20/07/37496360720/37496360720-1-30112.m4s?e=ig8euxZM2rNcNbdlhoNvNC8BqJIzNbfqXBvEqxTEto8BTrNvN0GvT90W5JZMkX_YN0MvXg8gNEV4NC8xNEV4N03eN0B5tZlqNxTEto8BTrNvNeZVuJ10Kj_g2UB02J0mN0B5tZlqNCNEto8BTrNvNC7MTX502C8f2jmMQJ6mqF2fka1mqx6gqj0eN0B599M=&gen=playurlv3&os=bcache&og=hw&deadline=1776391546&trid=0000d8d5c43776744f1db0c4f1793f222beu&mid=346295557&oi=2029896770&nbs=1&platform=pc&uipk=5&upsig=461e7461e99f275b21eb2379e906def7&uparams=e,gen,os,og,deadline,trid,mid,oi,nbs,platform,uipk&cdnid=6476&bvc=vod&nettype=0&bw=5986678&lrs=28&buvid=5DC654E4-BB5F-9D53-16DC-8CCA666BB8DC15346infoc&build=0&dl=0&f=u_0_0&qn_dyeid=7418888bdb014ac1005f61aa69e1795a&agrr=1&orderid=0,3.
Error opening input files: Error number -138 occurred
[2026-04-17 08:05:59] [SUCCESS] bvid=BV1QHSRB8EMN 已成功抓取全部所需数据。
[2026-04-17 08:06:08] [SUCCESS] bvid=BV1QHXCBrEW9 已成功抓取全部所需数据。
[2026-04-17 08:06:15] [SUCCESS] bvid=BV1QHXuBCENu 已成功抓取全部所需数据。
[2026-04-17 08:06:20] [SUCCESS] bvid=BV1QJ9LBAErs 已成功抓取全部所需数据。
[2026-04-17 08:06:39] [SUCCESS] bvid=BV1QJDKBhEtc 已成功抓取全部所需数据。
[2026-04-17 08:06:51] [SUCCESS] bvid=BV1QJXrBNERd 已成功抓取全部所需数据。
[2026-04-17 08:06:57] [SUCCESS] bvid=BV1QJXrBNEnu 已成功抓取全部所需数据。
[2026-04-17 08:07:06] [SUCCESS] bvid=BV1QJXrBNEvy 已成功抓取全部所需数据。
[2026-04-17 08:07:13] [SUCCESS] bvid=BV1QJXrBNEzu 已成功抓取全部所需数据。
[2026-04-17 08:07:20] [SUCCESS] bvid=BV1QK9EBzE4u 已成功抓取全部所需数据。
[2026-04-17 08:07:25] [SUCCESS] bvid=BV1QKQPBxEHe 已成功抓取全部所需数据。
[2026-04-17 08:07:32] [SUCCESS] bvid=BV1QKSUBjE2t 已成功抓取全部所需数据。
[2026-04-17 08:07:49] [SUCCESS] bvid=BV1QKSZBMEf1 已成功抓取全部所需数据。
[2026-04-17 08:08:00] [SUCCESS] bvid=BV1QKXGBHE3D 已成功抓取全部所需数据。
[2026-04-17 08:08:11] [SUCCESS] bvid=BV1QKXGBHE8T 已成功抓取全部所需数据。
[2026-04-17 08:08:16] [SUCCESS] bvid=BV1QKXGBHEbZ 已成功抓取全部所需数据。
[2026-04-17 08:08:21] [SUCCESS] bvid=BV1QL93BJE1V 已成功抓取全部所需数据。
[2026-04-17 08:08:27] [SUCCESS] bvid=BV1QL93BJEmA 已成功抓取全部所需数据。
[2026-04-17 08:08:31] [SUCCESS] bvid=BV1QLD4B9E2s 已成功抓取全部所需数据。
[2026-04-17 08:08:36] [SUCCESS] bvid=BV1QLD4B9ERt 已成功抓取全部所需数据。
[2026-04-17 08:08:59] [SUCCESS] bvid=BV1QLXzBFE8g 已成功抓取全部所需数据。
[2026-04-17 08:09:01] [ERROR] bvid=BV1QLXzBFEVE 抓取失败：media: 接口返回错误代码：62002，信息：稿件不可见。
{'code': 62002, 'message': '稿件不可见', 'ttl': 1}
[2026-04-17 08:09:07] [SUCCESS] bvid=BV1QLXzBFEuf 已成功抓取全部所需数据。
[2026-04-17 08:09:26] [SUCCESS] bvid=BV1QM9TBBE6m 已成功抓取全部所需数据。
[2026-04-17 08:09:32] [SUCCESS] bvid=BV1QM9TBBEEG 已成功抓取全部所需数据。
[2026-04-17 08:09:38] [SUCCESS] bvid=BV1QM9TBBEe3 已成功抓取全部所需数据。
[2026-04-17 08:09:43] [SUCCESS] bvid=BV1QM9TBBEjg 已成功抓取全部所需数据。
[2026-04-17 08:09:55] [SUCCESS] bvid=BV1QMDFByEAr 已成功抓取全部所需数据。
[2026-04-17 08:10:01] [SUCCESS] bvid=BV1QMDFByETe 已成功抓取全部所需数据。
[2026-04-17 08:10:07] [SUCCESS] bvid=BV1QMDnBNEKU 已成功抓取全部所需数据。
[2026-04-17 08:10:12] [SUCCESS] bvid=BV1QMX5BZE2h 已成功抓取全部所需数据。
[2026-04-17 08:10:17] [SUCCESS] bvid=BV1QMX5BZEmC 已成功抓取全部所需数据。
[2026-04-17 08:10:30] [SUCCESS] bvid=BV1QN9TB6Ep8 已成功抓取全部所需数据。
[2026-04-17 08:10:35] [SUCCESS] bvid=BV1QN9TB6Epc 已成功抓取全部所需数据。
[2026-04-17 08:10:40] [SUCCESS] bvid=BV1QN9jBaETX 已成功抓取全部所需数据。
[2026-04-17 08:11:09] [SUCCESS] bvid=BV1QNDFB2E9d 已成功抓取全部所需数据。
[2026-04-17 08:11:23] [SUCCESS] bvid=BV1QNQ4BsEAk 已成功抓取全部所需数据。
[2026-04-17 08:11:29] [SUCCESS] bvid=BV1QNXYBkEXX 已成功抓取全部所需数据。
[2026-04-17 08:11:34] [SUCCESS] bvid=BV1QNXYBkEok 已成功抓取全部所需数据。
[2026-04-17 08:11:42] [SUCCESS] bvid=BV1QP9NBYEiu 已成功抓取全部所需数据。
[2026-04-17 08:11:47] [SUCCESS] bvid=BV1QP9TB3Ezc 已成功抓取全部所需数据。
[2026-04-17 08:11:53] [SUCCESS] bvid=BV1QPSZBzEfs 已成功抓取全部所需数据。
[2026-04-17 08:11:59] [SUCCESS] bvid=BV1QPXkBNEiR 已成功抓取全部所需数据。
[2026-04-17 08:12:05] [SUCCESS] bvid=BV1QQDeBVELh 已成功抓取全部所需数据。
[2026-04-17 08:12:11] [SUCCESS] bvid=BV1QQDpBCEmM 已成功抓取全部所需数据。
[2026-04-17 08:12:23] [SUCCESS] bvid=BV1QQQ6BhENu 已成功抓取全部所需数据。
[2026-04-17 08:12:36] [SUCCESS] bvid=BV1QQXABfERe 已成功抓取全部所需数据。
[2026-04-17 08:12:58] [SUCCESS] bvid=BV1QQXABfEUe 已成功抓取全部所需数据。
[2026-04-17 08:13:08] [SUCCESS] bvid=BV1QQXZB7EyC 已成功抓取全部所需数据。
[2026-04-17 08:13:18] [SUCCESS] bvid=BV1QQXqBoEvM 已成功抓取全部所需数据。
[2026-04-17 08:13:31] [SUCCESS] bvid=BV1QRDsBJE96 已成功抓取全部所需数据。
[2026-04-17 08:13:37] [SUCCESS] bvid=BV1QRSDBHEiY 已成功抓取全部所需数据。
[2026-04-17 08:13:43] [SUCCESS] bvid=BV1QRXABoEuu 已成功抓取全部所需数据。
[2026-04-17 08:14:03] [SUCCESS] bvid=BV1QRXABoEwj 已成功抓取全部所需数据。
[2026-04-17 08:14:21] [SUCCESS] bvid=BV1QRXNBvEbQ 已成功抓取全部所需数据。
[2026-04-17 08:14:28] [SUCCESS] bvid=BV1QRXNBvEyx 已成功抓取全部所需数据。
[2026-04-17 08:14:34] [SUCCESS] bvid=BV1QS9EBgEe8 已成功抓取全部所需数据。
[2026-04-17 08:14:39] [SUCCESS] bvid=BV1QSDCBvEuX 已成功抓取全部所需数据。
[2026-04-17 08:14:44] [SUCCESS] bvid=BV1QSQbBAEex 已成功抓取全部所需数据。
[2026-04-17 08:14:50] [SUCCESS] bvid=BV1QSSDBRE9g 已成功抓取全部所需数据。
[2026-04-17 08:14:55] [SUCCESS] bvid=BV1QSXZBUEse 已成功抓取全部所需数据。
[2026-04-17 08:15:02] [SUCCESS] bvid=BV1QSXvBnELZ 已成功抓取全部所需数据。
[2026-04-17 08:15:23] [SUCCESS] bvid=BV1QT9TBuEFw 已成功抓取全部所需数据。
[2026-04-17 08:15:30] [SUCCESS] bvid=BV1QTSUB1ESS 已成功抓取全部所需数据。
[2026-04-17 08:15:36] [SUCCESS] bvid=BV1QTSZBqEKW 已成功抓取全部所需数据。
[2026-04-17 08:15:43] [SUCCESS] bvid=BV1QTSZBqEwH 已成功抓取全部所需数据。
[2026-04-17 08:15:49] [SUCCESS] bvid=BV1QTXGBDE3V 已成功抓取全部所需数据。
[2026-04-17 08:15:55] [SUCCESS] bvid=BV1QUQKBvEfq 已成功抓取全部所需数据。
[2026-04-17 08:15:58] [ERROR] bvid=BV1QUXGBXER9 抓取失败：media: No downloadable media stream found for this bvid.
[2026-04-17 08:16:05] [SUCCESS] bvid=BV1QUXWBHEFP 已成功抓取全部所需数据。
[2026-04-17 08:16:10] [SUCCESS] bvid=BV1QUXZBJEqD 已成功抓取全部所需数据。
[2026-04-17 08:16:17] [SUCCESS] bvid=BV1QVDsB7Emt 已成功抓取全部所需数据。
[2026-04-17 08:16:30] [SUCCESS] bvid=BV1QVX5BsEEx 已成功抓取全部所需数据。
[2026-04-17 08:16:35] [SUCCESS] bvid=BV1QVX5BsEpw 已成功抓取全部所需数据。
[2026-04-17 08:16:47] [SUCCESS] bvid=BV1QVXNBYEv2 已成功抓取全部所需数据。
[2026-04-17 08:16:59] [SUCCESS] bvid=BV1QVXUBpE91 已成功抓取全部所需数据。
[2026-04-17 08:16:59] [WARN] 当前子任务已结束，但仍有未成功抓取的视频，已导出 remaining CSV 供继续执行。
[2026-04-17 08:16:59] [INFO] 已导出剔除成功条目后的剩余 CSV：outputs\video_data\manual_crawls\manual_crawl_media_mode_A_20260417_011323\remaining_bvids_part_28.csv
[2026-04-17 08:16:59] 子任务结束时间：2026-04-17T08:16:59.264286
[TIMESTAMP][END] 2026-04-17T08:16:59
