[TIMESTAMP][BEGIN] 2026-04-17T09:15:00
[2026-04-17 09:15:03] 开始执行 CSV 批量抓取子任务 part_32。
[2026-04-17 09:15:03] 子任务开始时间：2026-04-17T09:15:00.714762
[2026-04-17 09:15:03] 输入文件：batch_input_31.csv
[2026-04-17 09:15:03] 输入唯一 bvid 数量：100
[2026-04-17 09:15:03] 为严格按 CSV 顺序判断连续失败阈值，本次任务自动将并发度从 3 调整为 1。
[2026-04-17 09:15:08] [SUCCESS] bvid=BV1R9QcBdEja 已成功抓取全部所需数据。
[2026-04-17 09:15:11] [ERROR] bvid=BV1R9X8BGEY2 抓取失败：media: 接口返回错误代码：62002，信息：稿件不可见。
{'code': 62002, 'message': '稿件不可见', 'ttl': 1}
[2026-04-17 09:15:17] [SUCCESS] bvid=BV1RA9uBSE5L 已成功抓取全部所需数据。
[2026-04-17 09:15:26] [SUCCESS] bvid=BV1RA9uBSEL1 已成功抓取全部所需数据。
[2026-04-17 09:15:34] [SUCCESS] bvid=BV1RA9uBSEg8 已成功抓取全部所需数据。
[2026-04-17 09:15:42] [SUCCESS] bvid=BV1RADpBjESJ 已成功抓取全部所需数据。
[2026-04-17 09:15:48] [SUCCESS] bvid=BV1RADpBjEWM 已成功抓取全部所需数据。
[2026-04-17 09:15:53] [SUCCESS] bvid=BV1RADpBjEmV 已成功抓取全部所需数据。
[2026-04-17 09:15:59] [SUCCESS] bvid=BV1RAQbBeE5L 已成功抓取全部所需数据。
[2026-04-17 09:16:05] [SUCCESS] bvid=BV1RAQbBeEG1 已成功抓取全部所需数据。
[2026-04-17 09:16:10] [SUCCESS] bvid=BV1RAQbBeEcb 已成功抓取全部所需数据。
[2026-04-17 09:16:15] [SUCCESS] bvid=BV1RAQbBeEwK 已成功抓取全部所需数据。
[2026-04-17 09:16:20] [SUCCESS] bvid=BV1RAQbBeEwv 已成功抓取全部所需数据。
[2026-04-17 09:16:26] [SUCCESS] bvid=BV1RAQbBvEVF 已成功抓取全部所需数据。
[2026-04-17 09:16:31] [SUCCESS] bvid=BV1RASUBEEaC 已成功抓取全部所需数据。
[2026-04-17 09:16:43] [SUCCESS] bvid=BV1RAX5BwEBW 已成功抓取全部所需数据。
[2026-04-17 09:16:56] [SUCCESS] bvid=BV1RAX5BwEX9 已成功抓取全部所需数据。
[2026-04-17 09:17:06] [SUCCESS] bvid=BV1RAX5BwEfc 已成功抓取全部所需数据。
[2026-04-17 09:17:13] [SUCCESS] bvid=BV1RAXqB8EdZ 已成功抓取全部所需数据。
[2026-04-17 09:17:18] [SUCCESS] bvid=BV1RBDrBNELn 已成功抓取全部所需数据。
[2026-04-17 09:17:29] [SUCCESS] bvid=BV1RCDCBzECY 已成功抓取全部所需数据。
[2026-04-17 09:17:36] [SUCCESS] bvid=BV1RCDRBuEGQ 已成功抓取全部所需数据。
[2026-04-17 09:17:43] [SUCCESS] bvid=BV1RCDeBUEC2 已成功抓取全部所需数据。
[2026-04-17 09:17:49] [SUCCESS] bvid=BV1RCQ4BbENA 已成功抓取全部所需数据。
[2026-04-17 09:17:55] [SUCCESS] bvid=BV1RCQ4BbEV1 已成功抓取全部所需数据。
[2026-04-17 09:18:00] [SUCCESS] bvid=BV1RCXZBXE54 已成功抓取全部所需数据。
[2026-04-17 09:18:05] [SUCCESS] bvid=BV1RDDLBcEvD 已成功抓取全部所需数据。
[2026-04-17 09:18:12] [SUCCESS] bvid=BV1RDXNBMEQK 已成功抓取全部所需数据。
[2026-04-17 09:18:23] [SUCCESS] bvid=BV1RDXzBKELd 已成功抓取全部所需数据。
[2026-04-17 09:18:29] [SUCCESS] bvid=BV1RE97BrE87 已成功抓取全部所需数据。
[2026-04-17 09:18:35] [SUCCESS] bvid=BV1RE97BrE8p 已成功抓取全部所需数据。
[2026-04-17 09:18:41] [SUCCESS] bvid=BV1RE97BrEhk 已成功抓取全部所需数据。
[2026-04-17 09:18:46] [SUCCESS] bvid=BV1RE97BrEoi 已成功抓取全部所需数据。
[2026-04-17 09:19:04] [SUCCESS] bvid=BV1RE97BrErS 已成功抓取全部所需数据。
[2026-04-17 09:19:10] [SUCCESS] bvid=BV1REDQBfEP2 已成功抓取全部所需数据。
[2026-04-17 09:19:17] [SUCCESS] bvid=BV1REDhBMEAY 已成功抓取全部所需数据。
[2026-04-17 09:19:23] [SUCCESS] bvid=BV1REQABtE7z 已成功抓取全部所需数据。
[2026-04-17 09:19:31] [SUCCESS] bvid=BV1REQABtEKt 已成功抓取全部所需数据。
[2026-04-17 09:19:37] [SUCCESS] bvid=BV1RESoBgERF 已成功抓取全部所需数据。
[2026-04-17 09:19:39] [ERROR] bvid=BV1RESoBgESp 抓取失败：media: 接口返回错误代码：62002，信息：稿件不可见。
{'code': 62002, 'message': '稿件不可见', 'ttl': 1}
[2026-04-17 09:19:44] [SUCCESS] bvid=BV1RESoBgEYC 已成功抓取全部所需数据。
[2026-04-17 09:19:55] [SUCCESS] bvid=BV1REX3BWEJU 已成功抓取全部所需数据。
[2026-04-17 09:20:13] [SUCCESS] bvid=BV1REXCBCEHB 已成功抓取全部所需数据。
[2026-04-17 09:20:31] [SUCCESS] bvid=BV1RFDnB6E98 已成功抓取全部所需数据。
[2026-04-17 09:20:38] [SUCCESS] bvid=BV1RFDpBEEom 已成功抓取全部所需数据。
[2026-04-17 09:20:45] [SUCCESS] bvid=BV1RFQ4BZEg5 已成功抓取全部所需数据。
[2026-04-17 09:21:07] [SUCCESS] bvid=BV1RFQ4BfEe5 已成功抓取全部所需数据。
[2026-04-17 09:21:23] [SUCCESS] bvid=BV1RFQPB8EEF 已成功抓取全部所需数据。
[2026-04-17 09:21:28] [SUCCESS] bvid=BV1RFSUBnERz 已成功抓取全部所需数据。
[2026-04-17 09:21:34] [SUCCESS] bvid=BV1RG9VBFEKY 已成功抓取全部所需数据。
[2026-04-17 09:21:47] [SUCCESS] bvid=BV1RG9VBFEmE 已成功抓取全部所需数据。
[2026-04-17 09:21:55] [SUCCESS] bvid=BV1RGD4BdE6u 已成功抓取全部所需数据。
[2026-04-17 09:21:59] [SUCCESS] bvid=BV1RGD4BdEKV 已成功抓取全部所需数据。
[2026-04-17 09:22:06] [SUCCESS] bvid=BV1RGDPBtEKt 已成功抓取全部所需数据。
[2026-04-17 09:22:24] [SUCCESS] bvid=BV1RGDbBeExU 已成功抓取全部所需数据。
[2026-04-17 09:22:32] [SUCCESS] bvid=BV1RGXzBwEqg 已成功抓取全部所需数据。
[2026-04-17 09:22:40] [SUCCESS] bvid=BV1RH97BzEcf 已成功抓取全部所需数据。
[2026-04-17 09:22:46] [SUCCESS] bvid=BV1RH9JB7EGU 已成功抓取全部所需数据。
[2026-04-17 09:22:53] [SUCCESS] bvid=BV1RHD9BvE4k 已成功抓取全部所需数据。
[2026-04-17 09:22:59] [SUCCESS] bvid=BV1RHDcBREfz 已成功抓取全部所需数据。
[2026-04-17 09:23:10] [SUCCESS] bvid=BV1RHDgB1EYK 已成功抓取全部所需数据。
[2026-04-17 09:23:16] [SUCCESS] bvid=BV1RHDhBKEJi 已成功抓取全部所需数据。
[2026-04-17 09:23:21] [SUCCESS] bvid=BV1RHDhBKEMj 已成功抓取全部所需数据。
[2026-04-17 09:23:27] [SUCCESS] bvid=BV1RHX1BJEM6 已成功抓取全部所需数据。
[2026-04-17 09:23:33] [SUCCESS] bvid=BV1RHX1BJEN2 已成功抓取全部所需数据。
[2026-04-17 09:23:38] [SUCCESS] bvid=BV1RHX3BHEV3 已成功抓取全部所需数据。
[2026-04-17 09:23:59] [SUCCESS] bvid=BV1RHX3BHEVH 已成功抓取全部所需数据。
[2026-04-17 09:24:13] [SUCCESS] bvid=BV1RJDMBuE1R 已成功抓取全部所需数据。
[2026-04-17 09:24:19] [SUCCESS] bvid=BV1RJDhBqEQj 已成功抓取全部所需数据。
[2026-04-17 09:24:25] [SUCCESS] bvid=BV1RJDhBqEhF 已成功抓取全部所需数据。
[2026-04-17 09:24:31] [SUCCESS] bvid=BV1RJQzBYErZ 已成功抓取全部所需数据。
[2026-04-17 09:24:37] [SUCCESS] bvid=BV1RJX1BDET6 已成功抓取全部所需数据。
[2026-04-17 09:24:44] [SUCCESS] bvid=BV1RJX1BDEjs 已成功抓取全部所需数据。
[2026-04-17 09:24:49] [SUCCESS] bvid=BV1RJX3BXEFc 已成功抓取全部所需数据。
[2026-04-17 09:25:02] [SUCCESS] bvid=BV1RK93BxERE 已成功抓取全部所需数据。
[2026-04-17 09:25:19] [SUCCESS] bvid=BV1RK9uBUEpk 已成功抓取全部所需数据。
[2026-04-17 09:25:25] [SUCCESS] bvid=BV1RK9uBmEHy 已成功抓取全部所需数据。
[2026-04-17 09:25:31] [SUCCESS] bvid=BV1RKD1BCE3N 已成功抓取全部所需数据。
[2026-04-17 09:26:51] [SUCCESS] bvid=BV1RKX5BFE6Z 已成功抓取全部所需数据。
[2026-04-17 09:26:57] [SUCCESS] bvid=BV1RKXNBME16 已成功抓取全部所需数据。
[2026-04-17 09:27:03] [SUCCESS] bvid=BV1RKXNBMEQm 已成功抓取全部所需数据。
[2026-04-17 09:27:11] [SUCCESS] bvid=BV1RKXNBMEZp 已成功抓取全部所需数据。
[2026-04-17 09:27:13] [ERROR] bvid=BV1RKXNBMEaR 抓取失败：media: 接口返回错误代码：62012，信息：62012。
{'code': 62012, 'message': '62012', 'ttl': 1}
[2026-04-17 09:27:21] [SUCCESS] bvid=BV1RKXNBMEfS 已成功抓取全部所需数据。
[2026-04-17 09:27:27] [SUCCESS] bvid=BV1RKXNBMEh4 已成功抓取全部所需数据。
[2026-04-17 09:27:38] [SUCCESS] bvid=BV1RKXNBMEok 已成功抓取全部所需数据。
[2026-04-17 09:27:51] [SUCCESS] bvid=BV1RLDhBgEfd 已成功抓取全部所需数据。
[2026-04-17 09:28:05] [SUCCESS] bvid=BV1RLQvBSEY2 已成功抓取全部所需数据。
[2026-04-17 09:28:11] [SUCCESS] bvid=BV1RLXXBqEG2 已成功抓取全部所需数据。
[2026-04-17 09:28:16] [SUCCESS] bvid=BV1RLXXBqEie 已成功抓取全部所需数据。
[2026-04-17 09:28:28] [SUCCESS] bvid=BV1RMD1BGEgL 已成功抓取全部所需数据。
[2026-04-17 09:28:39] [SUCCESS] bvid=BV1RMDfBUE1Z 已成功抓取全部所需数据。
[2026-04-17 09:28:45] [SUCCESS] bvid=BV1RMDfBUEbk 已成功抓取全部所需数据。
[2026-04-17 09:28:51] [SUCCESS] bvid=BV1RMDfBUEhT 已成功抓取全部所需数据。
[2026-04-17 09:28:58] [SUCCESS] bvid=BV1RMDfBUEyv 已成功抓取全部所需数据。
[2026-04-17 09:29:03] [SUCCESS] bvid=BV1RMDsBDEDC 已成功抓取全部所需数据。
[2026-04-17 09:29:10] [SUCCESS] bvid=BV1RMQgBEEaA 已成功抓取全部所需数据。
[2026-04-17 09:29:15] [SUCCESS] bvid=BV1RMQgBEEag 已成功抓取全部所需数据。
[2026-04-17 09:29:31] [SUCCESS] bvid=BV1RMSDBXEFL 已成功抓取全部所需数据。
[2026-04-17 09:29:36] [SUCCESS] bvid=BV1RMXUBdE4L 已成功抓取全部所需数据。
[2026-04-17 09:29:36] [WARN] 当前子任务已结束，但仍有未成功抓取的视频，已导出 remaining CSV 供继续执行。
[2026-04-17 09:29:36] [INFO] 已导出剔除成功条目后的剩余 CSV：outputs\video_data\manual_crawls\manual_crawl_media_mode_A_20260417_011323\remaining_bvids_part_32.csv
[2026-04-17 09:29:36] 子任务结束时间：2026-04-17T09:29:36.355980
[TIMESTAMP][END] 2026-04-17T09:29:36
