[TIMESTAMP][BEGIN] 2026-04-17T03:51:38
[2026-04-17 03:51:46] 开始执行 CSV 批量抓取子任务 part_10。
[2026-04-17 03:51:46] 子任务开始时间：2026-04-17T03:51:38.334290
[2026-04-17 03:51:46] 输入文件：batch_input_10.csv
[2026-04-17 03:51:46] 输入唯一 bvid 数量：100
[2026-04-17 03:51:46] 为严格按 CSV 顺序判断连续失败阈值，本次任务自动将并发度从 3 调整为 1。
[2026-04-17 03:51:52] [SUCCESS] bvid=BV1Kn9uBuEoL 已成功抓取全部所需数据。
[2026-04-17 03:51:58] [SUCCESS] bvid=BV1KnXWBrEXa 已成功抓取全部所需数据。
[2026-04-17 03:52:05] [SUCCESS] bvid=BV1KnXZBzEwL 已成功抓取全部所需数据。
[2026-04-17 03:52:22] [SUCCESS] bvid=BV1Ko9jBoE3Z 已成功抓取全部所需数据。
[2026-04-17 03:52:27] [SUCCESS] bvid=BV1Ko9jBoEB6 已成功抓取全部所需数据。
[2026-04-17 03:52:34] [SUCCESS] bvid=BV1Ko9jBoEhB 已成功抓取全部所需数据。
[2026-04-17 03:52:41] [SUCCESS] bvid=BV1Ko9jBoEoj 已成功抓取全部所需数据。
[2026-04-17 03:52:48] [SUCCESS] bvid=BV1KoDXBXEA8 已成功抓取全部所需数据。
[2026-04-17 03:52:54] [SUCCESS] bvid=BV1KoQPBHEwE 已成功抓取全部所需数据。
[2026-04-17 03:53:01] [SUCCESS] bvid=BV1KoXhBcEV7 已成功抓取全部所需数据。
[2026-04-17 03:53:23] [SUCCESS] bvid=BV1KoXyBqEFS 已成功抓取全部所需数据。
[2026-04-17 03:53:30] [SUCCESS] bvid=BV1KoXyBqEae 已成功抓取全部所需数据。
[2026-04-17 03:53:44] [SUCCESS] bvid=BV1KoXyBqEg5 已成功抓取全部所需数据。
[2026-04-17 03:53:51] [SUCCESS] bvid=BV1KpDpBeEH3 已成功抓取全部所需数据。
[2026-04-17 03:53:56] [SUCCESS] bvid=BV1KpQ9BZEBP 已成功抓取全部所需数据。
[2026-04-17 03:54:08] [SUCCESS] bvid=BV1KpXZBuEAS 已成功抓取全部所需数据。
[2026-04-17 03:54:16] [SUCCESS] bvid=BV1KpXqBmErh 已成功抓取全部所需数据。
[2026-04-17 03:54:29] [SUCCESS] bvid=BV1Kq9MBBEDz 已成功抓取全部所需数据。
[2026-04-17 03:54:35] [SUCCESS] bvid=BV1KqD9BsE4C 已成功抓取全部所需数据。
[2026-04-17 03:54:40] [SUCCESS] bvid=BV1KqD9BsEnj 已成功抓取全部所需数据。
[2026-04-17 03:54:47] [SUCCESS] bvid=BV1KqDkBdEVr 已成功抓取全部所需数据。
[2026-04-17 03:54:54] [SUCCESS] bvid=BV1KqXCBaEdY 已成功抓取全部所需数据。
[2026-04-17 03:55:01] [SUCCESS] bvid=BV1Kr9gBCE67 已成功抓取全部所需数据。
[2026-04-17 03:55:06] [SUCCESS] bvid=BV1KrDHBaELa 已成功抓取全部所需数据。
[2026-04-17 03:55:11] [SUCCESS] bvid=BV1KrDYBwEAo 已成功抓取全部所需数据。
[2026-04-17 03:55:16] [SUCCESS] bvid=BV1KrQtBSEws 已成功抓取全部所需数据。
[2026-04-17 03:55:23] [SUCCESS] bvid=BV1KrSSBGEHN 已成功抓取全部所需数据。
[2026-04-17 03:55:30] [SUCCESS] bvid=BV1KrSSBGEpV 已成功抓取全部所需数据。
[2026-04-17 03:55:36] [SUCCESS] bvid=BV1KrXVB7EFA 已成功抓取全部所需数据。
[2026-04-17 03:55:41] [SUCCESS] bvid=BV1Ks9FByE7T 已成功抓取全部所需数据。
[2026-04-17 03:56:03] [SUCCESS] bvid=BV1KsXxB2Ezy 已成功抓取全部所需数据。
[2026-04-17 03:56:09] [SUCCESS] bvid=BV1KtD4B2EU8 已成功抓取全部所需数据。
[2026-04-17 03:56:28] [SUCCESS] bvid=BV1KtD4B2Eer 已成功抓取全部所需数据。
[2026-04-17 03:56:41] [SUCCESS] bvid=BV1KtD4B2ErN 已成功抓取全部所需数据。
[2026-04-17 03:56:48] [SUCCESS] bvid=BV1KuDzB7Eza 已成功抓取全部所需数据。
[2026-04-17 03:56:55] [SUCCESS] bvid=BV1KuXQBXE6G 已成功抓取全部所需数据。
[2026-04-17 03:57:03] [SUCCESS] bvid=BV1KuXQBXEcd 已成功抓取全部所需数据。
[2026-04-17 03:57:10] [SUCCESS] bvid=BV1Kv9KBAEyb 已成功抓取全部所需数据。
[2026-04-17 03:57:17] [SUCCESS] bvid=BV1Kv9KBwE1w 已成功抓取全部所需数据。
[2026-04-17 03:57:23] [SUCCESS] bvid=BV1Kv9KBwEDg 已成功抓取全部所需数据。
[2026-04-17 03:57:29] [SUCCESS] bvid=BV1Kv9KBwERg 已成功抓取全部所需数据。
[2026-04-17 03:57:36] [SUCCESS] bvid=BV1Kv9KBwESp 已成功抓取全部所需数据。
[2026-04-17 03:57:43] [SUCCESS] bvid=BV1Kv9KBwEkU 已成功抓取全部所需数据。
[2026-04-17 03:57:50] [SUCCESS] bvid=BV1Kv9KBwEyz 已成功抓取全部所需数据。
[2026-04-17 03:57:57] [SUCCESS] bvid=BV1KvSoB8ELN 已成功抓取全部所需数据。
[2026-04-17 03:58:17] [SUCCESS] bvid=BV1Kw9JBAECn 已成功抓取全部所需数据。
[2026-04-17 03:58:25] [SUCCESS] bvid=BV1Kw9JBwEna 已成功抓取全部所需数据。
[2026-04-17 03:58:30] [SUCCESS] bvid=BV1Kw9JBwEqs 已成功抓取全部所需数据。
[2026-04-17 03:58:36] [SUCCESS] bvid=BV1KwA3zaEKW 已成功抓取全部所需数据。
[2026-04-17 03:58:41] [SUCCESS] bvid=BV1KwA3zaEeN 已成功抓取全部所需数据。
[2026-04-17 03:58:46] [SUCCESS] bvid=BV1KwA3zaEue 已成功抓取全部所需数据。
[2026-04-17 03:58:51] [SUCCESS] bvid=BV1KwDvBiEir 已成功抓取全部所需数据。
[2026-04-17 03:59:04] [SUCCESS] bvid=BV1KwDvBiEqG 已成功抓取全部所需数据。
[2026-04-17 03:59:16] [SUCCESS] bvid=BV1KwQuBeE8G 已成功抓取全部所需数据。
[2026-04-17 03:59:22] [SUCCESS] bvid=BV1KwXLBQE77 已成功抓取全部所需数据。
[2026-04-17 03:59:29] [SUCCESS] bvid=BV1KwXLBQEDg 已成功抓取全部所需数据。
[2026-04-17 03:59:36] [SUCCESS] bvid=BV1KwXLBQEW5 已成功抓取全部所需数据。
[2026-04-17 03:59:44] [SUCCESS] bvid=BV1KwXLBQEWL 已成功抓取全部所需数据。
[2026-04-17 03:59:50] [SUCCESS] bvid=BV1KwXLBQEXD 已成功抓取全部所需数据。
[2026-04-17 03:59:57] [SUCCESS] bvid=BV1KwXLBQEia 已成功抓取全部所需数据。
[2026-04-17 04:00:10] [SUCCESS] bvid=BV1KwXLBQEpS 已成功抓取全部所需数据。
[2026-04-17 04:00:21] [SUCCESS] bvid=BV1KwXfBrEGf 已成功抓取全部所需数据。
[2026-04-17 04:00:27] [SUCCESS] bvid=BV1KxDmBBEGw 已成功抓取全部所需数据。
[2026-04-17 04:00:40] [SUCCESS] bvid=BV1KxQhBtEap 已成功抓取全部所需数据。
[2026-04-17 04:00:51] [SUCCESS] bvid=BV1KxQhBtEu6 已成功抓取全部所需数据。
[2026-04-17 04:01:07] [SUCCESS] bvid=BV1KxXNBxEJW 已成功抓取全部所需数据。
[2026-04-17 04:01:15] [SUCCESS] bvid=BV1KxXUBLESD 已成功抓取全部所需数据。
[2026-04-17 04:01:20] [SUCCESS] bvid=BV1Ky9gBrEAu 已成功抓取全部所需数据。
[2026-04-17 04:01:26] [SUCCESS] bvid=BV1Ky9gBrEN7 已成功抓取全部所需数据。
[2026-04-17 04:01:37] [SUCCESS] bvid=BV1Ky9gBrEcW 已成功抓取全部所需数据。
[2026-04-17 04:01:50] [SUCCESS] bvid=BV1KyDWBMEdf 已成功抓取全部所需数据。
[2026-04-17 04:01:55] [SUCCESS] bvid=BV1KyDZBKEfR 已成功抓取全部所需数据。
[2026-04-17 04:02:18] [SUCCESS] bvid=BV1KyXBBHEve 已成功抓取全部所需数据。
[2026-04-17 04:02:25] [SUCCESS] bvid=BV1KyXPBWE9m 已成功抓取全部所需数据。
[2026-04-17 04:02:31] [SUCCESS] bvid=BV1KyXPBWEEz 已成功抓取全部所需数据。
[2026-04-17 04:02:36] [SUCCESS] bvid=BV1KyXPBWEMu 已成功抓取全部所需数据。
[2026-04-17 04:02:42] [SUCCESS] bvid=BV1KyXPBWEcu 已成功抓取全部所需数据。
[2026-04-17 04:02:48] [SUCCESS] bvid=BV1KyXVBLEjp 已成功抓取全部所需数据。
[2026-04-17 04:02:56] [SUCCESS] bvid=BV1KyXVBLEsJ 已成功抓取全部所需数据。
[2026-04-17 04:03:18] [SUCCESS] bvid=BV1Kz9MBTEZx 已成功抓取全部所需数据。
[2026-04-17 04:03:23] [SUCCESS] bvid=BV1KzXCBcE3T 已成功抓取全部所需数据。
[2026-04-17 04:03:57] [SUCCESS] bvid=BV1KzXVBUEv9 已成功抓取全部所需数据。
[2026-04-17 04:04:09] [SUCCESS] bvid=BV1L1QMBLEuM 已成功抓取全部所需数据。
[2026-04-17 04:04:15] [SUCCESS] bvid=BV1L1SDBbEEe 已成功抓取全部所需数据。
[2026-04-17 04:04:29] [SUCCESS] bvid=BV1L1SDBbEtv 已成功抓取全部所需数据。
[2026-04-17 04:04:37] [SUCCESS] bvid=BV1L1X5BYEYb 已成功抓取全部所需数据。
[2026-04-17 04:04:42] [SUCCESS] bvid=BV1L1X5BYEb4 已成功抓取全部所需数据。
[2026-04-17 04:04:48] [SUCCESS] bvid=BV1L1X5BYEee 已成功抓取全部所需数据。
[2026-04-17 04:04:54] [SUCCESS] bvid=BV1L1X5BYEhd 已成功抓取全部所需数据。
[2026-04-17 04:04:59] [SUCCESS] bvid=BV1L1X5BYEmd 已成功抓取全部所需数据。
[2026-04-17 04:05:05] [SUCCESS] bvid=BV1L1XUBhEWH 已成功抓取全部所需数据。
[2026-04-17 04:05:17] [SUCCESS] bvid=BV1L1XUBhEYo 已成功抓取全部所需数据。
[2026-04-17 04:05:23] [SUCCESS] bvid=BV1L1XZBpExb 已成功抓取全部所需数据。
[2026-04-17 04:05:29] [SUCCESS] bvid=BV1L29pBZEmv 已成功抓取全部所需数据。
[2026-04-17 04:05:42] [SUCCESS] bvid=BV1L2QMByE4J 已成功抓取全部所需数据。
[2026-04-17 04:05:48] [SUCCESS] bvid=BV1L2QgBpEzG 已成功抓取全部所需数据。
[2026-04-17 04:05:54] [SUCCESS] bvid=BV1L2XjB6E2M 已成功抓取全部所需数据。
[2026-04-17 04:06:00] [SUCCESS] bvid=BV1L2XjB6Eex 已成功抓取全部所需数据。
[2026-04-17 04:06:06] [SUCCESS] bvid=BV1L3D4BtE8F 已成功抓取全部所需数据。
[2026-04-17 04:06:21] [SUCCESS] bvid=BV1L3DLBZEwA 已成功抓取全部所需数据。
[2026-04-17 04:06:21] [INFO] 当前 batch_crawl 已完成，所有视频均已成功抓取。
[2026-04-17 04:06:21] 子任务结束时间：2026-04-17T04:06:21.859837
[TIMESTAMP][END] 2026-04-17T04:06:21
