[TIMESTAMP][BEGIN] 2026-04-17T04:37:10
[2026-04-17 04:37:12] 开始执行 CSV 批量抓取子任务 part_13。
[2026-04-17 04:37:12] 子任务开始时间：2026-04-17T04:37:10.041100
[2026-04-17 04:37:12] 输入文件：remaining_bvids_part_12.csv
[2026-04-17 04:37:12] 输入唯一 bvid 数量：6
[2026-04-17 04:37:12] 为严格按 CSV 顺序判断连续失败阈值，本次任务自动将并发度从 3 调整为 1。
[2026-04-17 04:37:17] [SUCCESS] bvid=BV1LK9FBoELX 已成功抓取全部所需数据。
[2026-04-17 04:37:20] [ERROR] bvid=BV1LMXjBqE8c 抓取失败：media: 接口返回错误代码：-404，信息：啥都木有。
{'code': -404, 'message': '啥都木有', 'ttl': 1}
[2026-04-17 04:37:32] [SUCCESS] bvid=BV1LQXjBTEcP 已成功抓取全部所需数据。
[2026-04-17 04:37:35] [ERROR] bvid=BV1LWDcBWEeK 抓取失败：media: 接口返回错误代码：62012，信息：62012。
{'code': 62012, 'message': '62012', 'ttl': 1}
[2026-04-17 04:37:37] [ERROR] bvid=BV1LYXMB7Ews 抓取失败：media: 接口返回错误代码：62002，信息：稿件不可见。
{'code': 62002, 'message': '稿件不可见', 'ttl': 1}
[2026-04-17 04:37:39] [ERROR] bvid=BV1LZXnBUEEU 抓取失败：media: 接口返回错误代码：62012，信息：62012。
{'code': 62012, 'message': '62012', 'ttl': 1}
[2026-04-17 04:37:39] [WARN] 当前子任务已结束，但仍有未成功抓取的视频，已导出 remaining CSV 供继续执行。
[2026-04-17 04:37:39] [INFO] 已导出剔除成功条目后的剩余 CSV：outputs\video_data\manual_crawls\manual_crawl_media_mode_A_20260417_011323\remaining_bvids_part_13.csv
[2026-04-17 04:37:39] 子任务结束时间：2026-04-17T04:37:39.644360
[TIMESTAMP][END] 2026-04-17T04:37:39
