[TIMESTAMP][BEGIN] 2026-04-17T13:01:28
[2026-04-17 13:01:36] 开始执行 CSV 批量抓取子任务 part_47。
[2026-04-17 13:01:36] 子任务开始时间：2026-04-17T13:01:28.535745
[2026-04-17 13:01:36] 输入文件：batch_input_46.csv
[2026-04-17 13:01:36] 输入唯一 bvid 数量：100
[2026-04-17 13:01:36] 为严格按 CSV 顺序判断连续失败阈值，本次任务自动将并发度从 3 调整为 1。
[2026-04-17 13:01:46] [SUCCESS] bvid=BV1V1XGBREeG 已成功抓取全部所需数据。
[2026-04-17 13:01:51] [SUCCESS] bvid=BV1V2DeB2E41 已成功抓取全部所需数据。
[2026-04-17 13:01:57] [SUCCESS] bvid=BV1V2DeB2E65 已成功抓取全部所需数据。
[2026-04-17 13:02:02] [SUCCESS] bvid=BV1V2DeB2EBQ 已成功抓取全部所需数据。
[2026-04-17 13:02:08] [SUCCESS] bvid=BV1V2DeB2ErM 已成功抓取全部所需数据。
[2026-04-17 13:02:14] [SUCCESS] bvid=BV1V2DeB2Esn 已成功抓取全部所需数据。
[2026-04-17 13:02:21] [SUCCESS] bvid=BV1V2DeB2Eto 已成功抓取全部所需数据。
[2026-04-17 13:02:34] [SUCCESS] bvid=BV1V2DeB2Ezt 已成功抓取全部所需数据。
[2026-04-17 13:02:47] [SUCCESS] bvid=BV1V2XyB5EcA 已成功抓取全部所需数据。
[2026-04-17 13:03:00] [SUCCESS] bvid=BV1V39FBWEYR 已成功抓取全部所需数据。
[2026-04-17 13:03:13] [SUCCESS] bvid=BV1V3DfBmE11 已成功抓取全部所需数据。
[2026-04-17 13:03:19] [SUCCESS] bvid=BV1V3DfBmEhq 已成功抓取全部所需数据。
[2026-04-17 13:03:24] [SUCCESS] bvid=BV1V3DsBSEgC 已成功抓取全部所需数据。
[2026-04-17 13:03:37] [SUCCESS] bvid=BV1V3QJBMEja 已成功抓取全部所需数据。
[2026-04-17 13:03:44] [SUCCESS] bvid=BV1V3QJBMEtj 已成功抓取全部所需数据。
[2026-04-17 13:03:56] [SUCCESS] bvid=BV1V3XjBvEbx 已成功抓取全部所需数据。
[2026-04-17 13:04:03] [SUCCESS] bvid=BV1V3XjBvEhE 已成功抓取全部所需数据。
[2026-04-17 13:04:10] [SUCCESS] bvid=BV1V3XtBPEtk 已成功抓取全部所需数据。
[2026-04-17 13:04:16] [SUCCESS] bvid=BV1V49MBLEvy 已成功抓取全部所需数据。
[2026-04-17 13:04:25] [SUCCESS] bvid=BV1V4DYBrE13 已成功抓取全部所需数据。
[2026-04-17 13:04:38] [SUCCESS] bvid=BV1V4DYBrEC2 已成功抓取全部所需数据。
[2026-04-17 13:04:44] [SUCCESS] bvid=BV1V4QtBFEBo 已成功抓取全部所需数据。
[2026-04-17 13:04:51] [SUCCESS] bvid=BV1V4XVBoEQF 已成功抓取全部所需数据。
[2026-04-17 13:05:04] [SUCCESS] bvid=BV1V4XVBoEbz 已成功抓取全部所需数据。
[2026-04-17 13:05:10] [SUCCESS] bvid=BV1V4XVBoEk5 已成功抓取全部所需数据。
[2026-04-17 13:05:16] [SUCCESS] bvid=BV1V4XVBoEkG 已成功抓取全部所需数据。
[2026-04-17 13:05:34] [SUCCESS] bvid=BV1V4XVBoEkZ 已成功抓取全部所需数据。
[2026-04-17 13:05:52] [SUCCESS] bvid=BV1V4XVBoEoU 已成功抓取全部所需数据。
[2026-04-17 13:06:10] [SUCCESS] bvid=BV1V4XVBoEoV 已成功抓取全部所需数据。
[2026-04-17 13:06:19] [SUCCESS] bvid=BV1V4XVBoEox 已成功抓取全部所需数据。
[2026-04-17 13:06:25] [SUCCESS] bvid=BV1V4XVBoEqf 已成功抓取全部所需数据。
[2026-04-17 13:06:32] [SUCCESS] bvid=BV1V4XmBREMh 已成功抓取全部所需数据。
[2026-04-17 13:06:50] [SUCCESS] bvid=BV1V5D4BxEjX 已成功抓取全部所需数据。
[2026-04-17 13:07:05] [SUCCESS] bvid=BV1V5D7BeEeS 已成功抓取全部所需数据。
[2026-04-17 13:07:12] [SUCCESS] bvid=BV1V5DLBoERp 已成功抓取全部所需数据。
[2026-04-17 13:07:31] [SUCCESS] bvid=BV1V5DSB9EzF 已成功抓取全部所需数据。
[2026-04-17 13:07:37] [SUCCESS] bvid=BV1V5DSBREBv 已成功抓取全部所需数据。
[2026-04-17 13:07:52] [SUCCESS] bvid=BV1V5XDBhEkh 已成功抓取全部所需数据。
[2026-04-17 13:07:59] [SUCCESS] bvid=BV1V5XjBYE3X 已成功抓取全部所需数据。
[2026-04-17 13:08:13] [SUCCESS] bvid=BV1V5XjBYEGY 已成功抓取全部所需数据。
[2026-04-17 13:08:28] [SUCCESS] bvid=BV1V6D8BNEUb 已成功抓取全部所需数据。
[2026-04-17 13:08:46] [SUCCESS] bvid=BV1V6Q4BaEoA 已成功抓取全部所需数据。
[2026-04-17 13:08:57] [SUCCESS] bvid=BV1V6QwBsEhx 已成功抓取全部所需数据。
[2026-04-17 13:09:03] [SUCCESS] bvid=BV1V6QwBsEjn 已成功抓取全部所需数据。
[2026-04-17 13:09:18] [SUCCESS] bvid=BV1V6SdBMEud 已成功抓取全部所需数据。
[2026-04-17 13:09:25] [SUCCESS] bvid=BV1V6X9BgERu 已成功抓取全部所需数据。
[2026-04-17 13:09:31] [SUCCESS] bvid=BV1V6XgBnEaM 已成功抓取全部所需数据。
[2026-04-17 13:09:45] [SUCCESS] bvid=BV1V6XyBEE26 已成功抓取全部所需数据。
[2026-04-17 13:10:01] [SUCCESS] bvid=BV1V79LBvER7 已成功抓取全部所需数据。
[2026-04-17 13:10:04] [ERROR] bvid=BV1V7D7BaEHo 抓取失败：media: 接口返回错误代码：62002，信息：稿件不可见。
{'code': 62002, 'message': '稿件不可见', 'ttl': 1}
[2026-04-17 13:10:20] [SUCCESS] bvid=BV1V7DQB8EHA 已成功抓取全部所需数据。
[2026-04-17 13:10:23] [ERROR] bvid=BV1V7DQB8En6 抓取失败：media: 接口返回错误代码：-404，信息：啥都木有。
{'code': -404, 'message': '啥都木有', 'ttl': 1}
[2026-04-17 13:10:28] [SUCCESS] bvid=BV1V7XTBzEVG 已成功抓取全部所需数据。
[2026-04-17 13:10:41] [SUCCESS] bvid=BV1V7XTBzEpD 已成功抓取全部所需数据。
[2026-04-17 13:10:48] [SUCCESS] bvid=BV1V8DvB7ENM 已成功抓取全部所需数据。
[2026-04-17 13:11:00] [SUCCESS] bvid=BV1V8QuBLEhe 已成功抓取全部所需数据。
[2026-04-17 13:11:07] [SUCCESS] bvid=BV1V8XSBhE82 已成功抓取全部所需数据。
[2026-04-17 13:11:22] [SUCCESS] bvid=BV1V8XSBhEaD 已成功抓取全部所需数据。
[2026-04-17 13:11:29] [SUCCESS] bvid=BV1V99wBYEqB 已成功抓取全部所需数据。
[2026-04-17 13:11:35] [SUCCESS] bvid=BV1V9DLBFEPW 已成功抓取全部所需数据。
[2026-04-17 13:11:50] [SUCCESS] bvid=BV1V9DLBFEfN 已成功抓取全部所需数据。
[2026-04-17 13:11:57] [SUCCESS] bvid=BV1V9Q9BqEHF 已成功抓取全部所需数据。
[2026-04-17 13:12:03] [SUCCESS] bvid=BV1V9QcBoEQu 已成功抓取全部所需数据。
[2026-04-17 13:12:10] [SUCCESS] bvid=BV1VAD3BmEpz 已成功抓取全部所需数据。
[2026-04-17 13:12:22] [ERROR] bvid=BV1VAQ4BoEGJ 抓取失败：media: [tcp @ 000001f7faf57440] Connection to tcp://xy113x207x31x63xy.mcdn.bilivideo.cn:8082 failed: Error number -138 occurred
[in#0 @ 000001f7faf50240] Error opening input: Error number -138 occurred
Error opening input file https://xy113x207x31x63xy.mcdn.bilivideo.cn:8082/v1/resource/upgcxcode/97/57/37471915797/37471915797-1-30280.m4s?agrr=0&build=0&buvid=5DC654E4-BB5F-9D53-16DC-8CCA666BB8DC15346infoc&bvc=vod&bw=166783&deadline=1776409933&dl=0&e=ig8euxZM2rNcNbdlhoNvNC8BqJIzNbfqXBvEqxTEto8BTrNvN0GvT90W5JZMkX_YN0MvXg8gNEV4NC8xNEV4N03eN0B5tZlqNxTEto8BTrNvNeZVuJ10Kj_g2UB02J0mN0B5tZlqNCNEto8BTrNvNC7MTX502C8f2jmMQJ6mqF2fka1mqx6gqj0eN0B599M%3D&f=u_0_0&gen=playurlv3&mid=346295557&nbs=1&nettype=0&og=ali&oi=2029896770&orderid=0%2C3&os=estgoss&platform=pc&qn_dyeid=cb62fdbb97e18a6200daf37a69e1c12d&sign=234802&traceid=trlfiBgPCZXAcK_0_e_N&uipk=5&uparams=e%2Cuipk%2Cplatform%2Coi%2Cnbs%2Cmid%2Cgen%2Cog%2Ctrid%2Cdeadline%2Cos&upsig=7b71715722d6e7fbd5ef720cb38275f2.
Error opening input files: Error number -138 occurred
[2026-04-17 13:12:36] [SUCCESS] bvid=BV1VAXyByEac 已成功抓取全部所需数据。
[2026-04-17 13:12:42] [SUCCESS] bvid=BV1VBDNB8ETf 已成功抓取全部所需数据。
[2026-04-17 13:12:48] [SUCCESS] bvid=BV1VBDNB8EjH 已成功抓取全部所需数据。
[2026-04-17 13:12:57] [ERROR] bvid=BV1VBDTBMEUt 抓取失败：media: 接口返回错误代码：-404，信息：啥都木有。
{'code': -404, 'message': '啥都木有', 'ttl': 1}
[2026-04-17 13:13:03] [SUCCESS] bvid=BV1VBSdBBE4Y 已成功抓取全部所需数据。
[2026-04-17 13:13:11] [SUCCESS] bvid=BV1VBX6BPEGe 已成功抓取全部所需数据。
[2026-04-17 13:13:24] [SUCCESS] bvid=BV1VBX6BPEKM 已成功抓取全部所需数据。
[2026-04-17 13:13:31] [SUCCESS] bvid=BV1VBX6BPEKt 已成功抓取全部所需数据。
[2026-04-17 13:13:44] [SUCCESS] bvid=BV1VBXKBTEwz 已成功抓取全部所需数据。
[2026-04-17 13:13:57] [SUCCESS] bvid=BV1VBXbBvEMT 已成功抓取全部所需数据。
[2026-04-17 13:14:04] [SUCCESS] bvid=BV1VC9EB5EZR 已成功抓取全部所需数据。
[2026-04-17 13:14:10] [SUCCESS] bvid=BV1VC9jBiELM 已成功抓取全部所需数据。
[2026-04-17 13:14:17] [SUCCESS] bvid=BV1VCDCB6E8F 已成功抓取全部所需数据。
[2026-04-17 13:14:53] [SUCCESS] bvid=BV1VCDCB6EYx 已成功抓取全部所需数据。
[2026-04-17 13:15:05] [SUCCESS] bvid=BV1VCXgBEEBj 已成功抓取全部所需数据。
[2026-04-17 13:15:11] [SUCCESS] bvid=BV1VCXgBEEP3 已成功抓取全部所需数据。
[2026-04-17 13:15:17] [SUCCESS] bvid=BV1VCXyBjE14 已成功抓取全部所需数据。
[2026-04-17 13:15:30] [SUCCESS] bvid=BV1VCXyBjEDr 已成功抓取全部所需数据。
[2026-04-17 13:15:36] [SUCCESS] bvid=BV1VCXyBjEQE 已成功抓取全部所需数据。
[2026-04-17 13:15:50] [SUCCESS] bvid=BV1VD9nB7EpL 已成功抓取全部所需数据。
[2026-04-17 13:15:55] [SUCCESS] bvid=BV1VD9nB7EpU 已成功抓取全部所需数据。
[2026-04-17 13:16:03] [SUCCESS] bvid=BV1VD9nB7EwP 已成功抓取全部所需数据。
[2026-04-17 13:16:16] [SUCCESS] bvid=BV1VDX5BFE3i 已成功抓取全部所需数据。
[2026-04-17 13:16:22] [SUCCESS] bvid=BV1VDX5BFE3q 已成功抓取全部所需数据。
[2026-04-17 13:16:25] [ERROR] bvid=BV1VDX5BFE6m 抓取失败：media: No downloadable media stream found for this bvid.
[2026-04-17 13:16:32] [SUCCESS] bvid=BV1VDX5BFE95 已成功抓取全部所需数据。
[2026-04-17 13:16:38] [SUCCESS] bvid=BV1VDX5BFECh 已成功抓取全部所需数据。
[2026-04-17 13:16:44] [SUCCESS] bvid=BV1VDX5BFEHE 已成功抓取全部所需数据。
[2026-04-17 13:16:50] [SUCCESS] bvid=BV1VDX5BFEXE 已成功抓取全部所需数据。
[2026-04-17 13:16:56] [SUCCESS] bvid=BV1VDX5BFEXJ 已成功抓取全部所需数据。
[2026-04-17 13:17:08] [SUCCESS] bvid=BV1VDX5BFEn4 已成功抓取全部所需数据。
[2026-04-17 13:17:14] [SUCCESS] bvid=BV1VDX5BFEnt 已成功抓取全部所需数据。
[2026-04-17 13:17:19] [SUCCESS] bvid=BV1VDX5BFEpR 已成功抓取全部所需数据。
[2026-04-17 13:17:43] [SUCCESS] bvid=BV1VDX5BFEqY 已成功抓取全部所需数据。
[2026-04-17 13:18:03] [SUCCESS] bvid=BV1VDX5BFEqb 已成功抓取全部所需数据。
[2026-04-17 13:18:03] [WARN] 当前子任务已结束，但仍有未成功抓取的视频，已导出 remaining CSV 供继续执行。
[2026-04-17 13:18:03] [INFO] 已导出剔除成功条目后的剩余 CSV：outputs\video_data\manual_crawls\manual_crawl_media_mode_A_20260417_011323\remaining_bvids_part_47.csv
[2026-04-17 13:18:03] 子任务结束时间：2026-04-17T13:18:03.162960
[TIMESTAMP][END] 2026-04-17T13:18:03
