[TIMESTAMP][BEGIN] 2026-04-17T07:35:22
[2026-04-17 07:35:24] 开始执行 CSV 批量抓取子任务 part_26。
[2026-04-17 07:35:24] 子任务开始时间：2026-04-17T07:35:22.402681
[2026-04-17 07:35:24] 输入文件：batch_input_25.csv
[2026-04-17 07:35:24] 输入唯一 bvid 数量：100
[2026-04-17 07:35:24] 为严格按 CSV 顺序判断连续失败阈值，本次任务自动将并发度从 3 调整为 1。
[2026-04-17 07:35:35] [SUCCESS] bvid=BV1Pe9wBjEQh 已成功抓取全部所需数据。
[2026-04-17 07:35:40] [SUCCESS] bvid=BV1PeXTBZEUT 已成功抓取全部所需数据。
[2026-04-17 07:35:46] [SUCCESS] bvid=BV1PeXTBZEch 已成功抓取全部所需数据。
[2026-04-17 07:35:51] [SUCCESS] bvid=BV1PeXjBSEF9 已成功抓取全部所需数据。
[2026-04-17 07:35:56] [SUCCESS] bvid=BV1PfDrBQECL 已成功抓取全部所需数据。
[2026-04-17 07:36:03] [SUCCESS] bvid=BV1PfDrBQEHr 已成功抓取全部所需数据。
[2026-04-17 07:36:08] [SUCCESS] bvid=BV1PfQiBgEcX 已成功抓取全部所需数据。
[2026-04-17 07:36:14] [SUCCESS] bvid=BV1PfXgBMEES 已成功抓取全部所需数据。
[2026-04-17 07:36:25] [SUCCESS] bvid=BV1PfXgBMEUG 已成功抓取全部所需数据。
[2026-04-17 07:36:31] [SUCCESS] bvid=BV1PfXgBMEUY 已成功抓取全部所需数据。
[2026-04-17 07:36:38] [SUCCESS] bvid=BV1PfXgBMEeu 已成功抓取全部所需数据。
[2026-04-17 07:36:45] [SUCCESS] bvid=BV1Pg9WBGEqK 已成功抓取全部所需数据。
[2026-04-17 07:36:51] [SUCCESS] bvid=BV1PgDNBUEeK 已成功抓取全部所需数据。
[2026-04-17 07:36:55] [SUCCESS] bvid=BV1PgDvBcEgw 已成功抓取全部所需数据。
[2026-04-17 07:36:58] [ERROR] bvid=BV1PgXLBjE5d 抓取失败：media: 接口返回错误代码：62002，信息：稿件不可见。
{'code': 62002, 'message': '稿件不可见', 'ttl': 1}
[2026-04-17 07:37:00] [ERROR] bvid=BV1PgXLBjE7R 抓取失败：media: 接口返回错误代码：62002，信息：稿件不可见。
{'code': 62002, 'message': '稿件不可见', 'ttl': 1}
[2026-04-17 07:37:02] [ERROR] bvid=BV1PgXLBjEzo 抓取失败：media: 接口返回错误代码：62002，信息：稿件不可见。
{'code': 62002, 'message': '稿件不可见', 'ttl': 1}
[2026-04-17 07:37:08] [SUCCESS] bvid=BV1PhD4ByEom 已成功抓取全部所需数据。
[2026-04-17 07:37:16] [SUCCESS] bvid=BV1PhDmBNEk3 已成功抓取全部所需数据。
[2026-04-17 07:37:21] [SUCCESS] bvid=BV1PiD7BJE75 已成功抓取全部所需数据。
[2026-04-17 07:37:26] [SUCCESS] bvid=BV1PiDKBDEHH 已成功抓取全部所需数据。
[2026-04-17 07:37:32] [SUCCESS] bvid=BV1PiDSBzEY2 已成功抓取全部所需数据。
[2026-04-17 07:37:37] [SUCCESS] bvid=BV1PiXTB4EWC 已成功抓取全部所需数据。
[2026-04-17 07:37:44] [SUCCESS] bvid=BV1PiXTB4EnJ 已成功抓取全部所需数据。
[2026-04-17 07:37:50] [SUCCESS] bvid=BV1PiXTB4EnK 已成功抓取全部所需数据。
[2026-04-17 07:37:56] [SUCCESS] bvid=BV1PiXTB4Ep9 已成功抓取全部所需数据。
[2026-04-17 07:38:15] [SUCCESS] bvid=BV1PiXrBsELy 已成功抓取全部所需数据。
[2026-04-17 07:38:19] [SUCCESS] bvid=BV1Pj95B7E2w 已成功抓取全部所需数据。
[2026-04-17 07:38:31] [SUCCESS] bvid=BV1PjDTBpELw 已成功抓取全部所需数据。
[2026-04-17 07:38:37] [SUCCESS] bvid=BV1PjDzBkE7M 已成功抓取全部所需数据。
[2026-04-17 07:38:43] [SUCCESS] bvid=BV1PjDzBkEES 已成功抓取全部所需数据。
[2026-04-17 07:39:04] [SUCCESS] bvid=BV1PjXJBZEW2 已成功抓取全部所需数据。
[2026-04-17 07:39:11] [SUCCESS] bvid=BV1PjXMBFEda 已成功抓取全部所需数据。
[2026-04-17 07:39:17] [SUCCESS] bvid=BV1PjXhBtEwZ 已成功抓取全部所需数据。
[2026-04-17 07:39:24] [SUCCESS] bvid=BV1PkDYBhE88 已成功抓取全部所需数据。
[2026-04-17 07:39:30] [SUCCESS] bvid=BV1Pm9gBzEHg 已成功抓取全部所需数据。
[2026-04-17 07:39:35] [SUCCESS] bvid=BV1PmDWBKEhX 已成功抓取全部所需数据。
[2026-04-17 07:39:41] [SUCCESS] bvid=BV1PmQ8BWEXK 已成功抓取全部所需数据。
[2026-04-17 07:39:55] [SUCCESS] bvid=BV1PmQEBREZ9 已成功抓取全部所需数据。
[2026-04-17 07:40:02] [SUCCESS] bvid=BV1PmXPBHEEY 已成功抓取全部所需数据。
[2026-04-17 07:40:09] [SUCCESS] bvid=BV1PmXPBHEpX 已成功抓取全部所需数据。
[2026-04-17 07:40:14] [SUCCESS] bvid=BV1PmXVBVEfE 已成功抓取全部所需数据。
[2026-04-17 07:40:18] [SUCCESS] bvid=BV1PmXVBVEiS 已成功抓取全部所需数据。
[2026-04-17 07:40:24] [SUCCESS] bvid=BV1Pn9jBpEmU 已成功抓取全部所需数据。
[2026-04-17 07:40:30] [SUCCESS] bvid=BV1PnDCBxEDd 已成功抓取全部所需数据。
[2026-04-17 07:40:36] [SUCCESS] bvid=BV1PnDrBmETF 已成功抓取全部所需数据。
[2026-04-17 07:40:41] [SUCCESS] bvid=BV1PnDuBtEYr 已成功抓取全部所需数据。
[2026-04-17 07:40:49] [SUCCESS] bvid=BV1PnQ4BLEUU 已成功抓取全部所需数据。
[2026-04-17 07:40:55] [SUCCESS] bvid=BV1PnXWBrERd 已成功抓取全部所需数据。
[2026-04-17 07:41:01] [SUCCESS] bvid=BV1PoD8BWEvr 已成功抓取全部所需数据。
[2026-04-17 07:41:05] [SUCCESS] bvid=BV1PoQVBVEBp 已成功抓取全部所需数据。
[2026-04-17 07:41:10] [SUCCESS] bvid=BV1PoQpBNEYR 已成功抓取全部所需数据。
[2026-04-17 07:41:15] [SUCCESS] bvid=BV1PoXQBDEP5 已成功抓取全部所需数据。
[2026-04-17 07:41:21] [SUCCESS] bvid=BV1PoXbBpEKd 已成功抓取全部所需数据。
[2026-04-17 07:41:26] [SUCCESS] bvid=BV1PoXbBpEex 已成功抓取全部所需数据。
[2026-04-17 07:41:32] [SUCCESS] bvid=BV1PoXkBfEbs 已成功抓取全部所需数据。
[2026-04-17 07:41:40] [SUCCESS] bvid=BV1PpQLB5Ee4 已成功抓取全部所需数据。
[2026-04-17 07:41:47] [SUCCESS] bvid=BV1PpQbBQEZP 已成功抓取全部所需数据。
[2026-04-17 07:41:59] [SUCCESS] bvid=BV1Pq9LBQEn9 已成功抓取全部所需数据。
[2026-04-17 07:42:05] [SUCCESS] bvid=BV1PqD7BUErS 已成功抓取全部所需数据。
[2026-04-17 07:42:10] [SUCCESS] bvid=BV1PqXrB9Esb 已成功抓取全部所需数据。
[2026-04-17 07:42:16] [SUCCESS] bvid=BV1PrD9BQE55 已成功抓取全部所需数据。
[2026-04-17 07:42:21] [SUCCESS] bvid=BV1PrD9BQEwJ 已成功抓取全部所需数据。
[2026-04-17 07:42:33] [SUCCESS] bvid=BV1PrDJB9Eux 已成功抓取全部所需数据。
[2026-04-17 07:42:38] [SUCCESS] bvid=BV1PrSoBxEGr 已成功抓取全部所需数据。
[2026-04-17 07:42:58] [SUCCESS] bvid=BV1PrSoBxEuw 已成功抓取全部所需数据。
[2026-04-17 07:43:04] [SUCCESS] bvid=BV1PrXaBFEL1 已成功抓取全部所需数据。
[2026-04-17 07:43:09] [SUCCESS] bvid=BV1Ps9EBtE2f 已成功抓取全部所需数据。
[2026-04-17 07:43:23] [SUCCESS] bvid=BV1Ps9uBiEo2 已成功抓取全部所需数据。
[2026-04-17 07:43:27] [SUCCESS] bvid=BV1PsD3BYEHy 已成功抓取全部所需数据。
[2026-04-17 07:43:40] [SUCCESS] bvid=BV1PsD3BYEi5 已成功抓取全部所需数据。
[2026-04-17 07:43:47] [SUCCESS] bvid=BV1PsDpBAEtw 已成功抓取全部所需数据。
[2026-04-17 07:44:04] [SUCCESS] bvid=BV1PsQ7BDEQu 已成功抓取全部所需数据。
[2026-04-17 07:44:16] [SUCCESS] bvid=BV1PsXGBgEBe 已成功抓取全部所需数据。
[2026-04-17 07:44:22] [SUCCESS] bvid=BV1Pt9FBkEW3 已成功抓取全部所需数据。
[2026-04-17 07:44:27] [SUCCESS] bvid=BV1Pt9uBeErf 已成功抓取全部所需数据。
[2026-04-17 07:44:46] [SUCCESS] bvid=BV1PtD1BbEQw 已成功抓取全部所需数据。
[2026-04-17 07:44:57] [SUCCESS] bvid=BV1Pu9HBNEfQ 已成功抓取全部所需数据。
[2026-04-17 07:45:02] [SUCCESS] bvid=BV1PuQuBfE1u 已成功抓取全部所需数据。
[2026-04-17 07:45:09] [SUCCESS] bvid=BV1PvSRBQE5P 已成功抓取全部所需数据。
[2026-04-17 07:45:15] [SUCCESS] bvid=BV1PvX8BxESK 已成功抓取全部所需数据。
[2026-04-17 07:45:17] [ERROR] bvid=BV1PvX8BxEg8 抓取失败：media: 接口返回错误代码：62012，信息：62012。
{'code': 62012, 'message': '62012', 'ttl': 1}
[2026-04-17 07:45:24] [SUCCESS] bvid=BV1PvX8BxEjj 已成功抓取全部所需数据。
[2026-04-17 07:45:30] [SUCCESS] bvid=BV1PwDcBBEQL 已成功抓取全部所需数据。
[2026-04-17 07:45:37] [SUCCESS] bvid=BV1PwQjBmEft 已成功抓取全部所需数据。
[2026-04-17 07:45:42] [SUCCESS] bvid=BV1PwX1BPEWa 已成功抓取全部所需数据。
[2026-04-17 07:45:48] [SUCCESS] bvid=BV1PxQbBSERM 已成功抓取全部所需数据。
[2026-04-17 07:46:02] [SUCCESS] bvid=BV1PxXGBzEaT 已成功抓取全部所需数据。
[2026-04-17 07:46:07] [SUCCESS] bvid=BV1PxXZBKE5K 已成功抓取全部所需数据。
[2026-04-17 07:46:12] [SUCCESS] bvid=BV1PxXZBKE6x 已成功抓取全部所需数据。
[2026-04-17 07:46:32] [SUCCESS] bvid=BV1PxXZBKEFK 已成功抓取全部所需数据。
[2026-04-17 07:46:37] [SUCCESS] bvid=BV1PyD9BSE3r 已成功抓取全部所需数据。
[2026-04-17 07:46:44] [SUCCESS] bvid=BV1PyD9BSEFe 已成功抓取全部所需数据。
[2026-04-17 07:46:50] [SUCCESS] bvid=BV1PyDdBtESA 已成功抓取全部所需数据。
[2026-04-17 07:46:56] [SUCCESS] bvid=BV1PyQtBmEE6 已成功抓取全部所需数据。
[2026-04-17 07:47:08] [SUCCESS] bvid=BV1PySSBgEo4 已成功抓取全部所需数据。
[2026-04-17 07:47:21] [SUCCESS] bvid=BV1PySfBwELF 已成功抓取全部所需数据。
[2026-04-17 07:47:34] [SUCCESS] bvid=BV1PyXVBLE4H 已成功抓取全部所需数据。
[2026-04-17 07:47:48] [SUCCESS] bvid=BV1PyXVBLE8m 已成功抓取全部所需数据。
[2026-04-17 07:47:54] [SUCCESS] bvid=BV1PyXVBLExF 已成功抓取全部所需数据。
[2026-04-17 07:47:54] [WARN] 当前子任务已结束，但仍有未成功抓取的视频，已导出 remaining CSV 供继续执行。
[2026-04-17 07:47:54] [INFO] 已导出剔除成功条目后的剩余 CSV：outputs\video_data\manual_crawls\manual_crawl_media_mode_A_20260417_011323\remaining_bvids_part_26.csv
[2026-04-17 07:47:54] 子任务结束时间：2026-04-17T07:47:54.608878
[TIMESTAMP][END] 2026-04-17T07:47:54
