[TIMESTAMP][BEGIN] 2026-04-17T01:53:05
[2026-04-17 01:53:10] 开始执行 CSV 批量抓取子任务 part_4。
[2026-04-17 01:53:10] 子任务开始时间：2026-04-17T01:53:05.643832
[2026-04-17 01:53:10] 输入文件：batch_input_4.csv
[2026-04-17 01:53:10] 输入唯一 bvid 数量：100
[2026-04-17 01:53:10] 为严格按 CSV 顺序判断连续失败阈值，本次任务自动将并发度从 3 调整为 1。
[2026-04-17 01:53:20] [SUCCESS] bvid=BV1BNQgBnENL 已成功抓取全部所需数据。
[2026-04-17 01:53:23] [ERROR] bvid=BV1BPX8B2EDX 抓取失败：media: 接口返回错误代码：62002，信息：稿件不可见。
{'code': 62002, 'message': '稿件不可见', 'ttl': 1}
[2026-04-17 01:53:33] [ERROR] bvid=BV1BQDMB7EKV 抓取失败：media: 接口返回错误代码：-404，信息：啥都木有。
{'code': -404, 'message': '啥都木有', 'ttl': 1}
[2026-04-17 01:53:40] [ERROR] bvid=BV1BS9LBkEBh 抓取失败：media: 接口返回错误代码：62002，信息：稿件不可见。
{'code': 62002, 'message': '稿件不可见', 'ttl': 1}
[2026-04-17 01:53:52] [SUCCESS] bvid=BV1BTQGBoEJ7 已成功抓取全部所需数据。
[2026-04-17 01:54:02] [SUCCESS] bvid=BV1BTQGBoEr5 已成功抓取全部所需数据。
[2026-04-17 01:54:13] [SUCCESS] bvid=BV1BVQjBuEnc 已成功抓取全部所需数据。
[2026-04-17 01:54:17] [ERROR] bvid=BV1BYDaBmE6y 抓取失败：media: 接口返回错误代码：-404，信息：啥都木有。
{'code': -404, 'message': '啥都木有', 'ttl': 1}
[2026-04-17 01:54:20] [ERROR] bvid=BV1BYDaBmELa 抓取失败：media: 接口返回错误代码：-404，信息：啥都木有。
{'code': -404, 'message': '啥都木有', 'ttl': 1}
[2026-04-17 01:54:36] [SUCCESS] bvid=BV1BdQjB6ERx 已成功抓取全部所需数据。
[2026-04-17 01:54:40] [ERROR] bvid=BV1BeAJzkEug 抓取失败：media: No downloadable media stream found for this bvid.
[2026-04-17 01:55:02] [SUCCESS] bvid=BV1BmQvBZEwh 已成功抓取全部所需数据。
[2026-04-17 01:55:05] [ERROR] bvid=BV1BnXLBzESN 抓取失败：media: 接口返回错误代码：-404，信息：啥都木有。
{'code': -404, 'message': '啥都木有', 'ttl': 1}
[2026-04-17 01:55:24] [SUCCESS] bvid=BV1BtDXBrE9W 已成功抓取全部所需数据。
[2026-04-17 01:55:36] [SUCCESS] bvid=BV1BwQgBpEW4 已成功抓取全部所需数据。
[2026-04-17 01:55:44] [SUCCESS] bvid=BV1BwQgBpEaw 已成功抓取全部所需数据。
[2026-04-17 01:55:49] [ERROR] bvid=BV1BzDeBHEvf 抓取失败：media: 接口返回错误代码：62002，信息：稿件不可见。
{'code': 62002, 'message': '稿件不可见', 'ttl': 1}
[2026-04-17 01:56:02] [SUCCESS] bvid=BV1BzQ7B3E6X 已成功抓取全部所需数据。
[2026-04-17 01:56:06] [ERROR] bvid=BV1C1XVBCEVu 抓取失败：media: 接口返回错误代码：62002，信息：稿件不可见。
{'code': 62002, 'message': '稿件不可见', 'ttl': 1}
[2026-04-17 01:56:13] [SUCCESS] bvid=BV1C2QjB2E5E 已成功抓取全部所需数据。
[2026-04-17 01:56:16] [ERROR] bvid=BV1C3SQB6EC8 抓取失败：media: 接口返回错误代码：62002，信息：稿件不可见。
{'code': 62002, 'message': '稿件不可见', 'ttl': 1}
[2026-04-17 01:56:20] [ERROR] bvid=BV1C6XCBbEhV 抓取失败：media: No downloadable media stream found for this bvid.
[2026-04-17 01:56:28] [SUCCESS] bvid=BV1C9QuBZEJn 已成功抓取全部所需数据。
[2026-04-17 01:56:45] [SUCCESS] bvid=BV1C9QuBZEuQ 已成功抓取全部所需数据。
[2026-04-17 01:56:55] [SUCCESS] bvid=BV1CKQEBQEEH 已成功抓取全部所需数据。
[2026-04-17 01:57:02] [SUCCESS] bvid=BV1CKQEBQEiS 已成功抓取全部所需数据。
[2026-04-17 01:57:11] [SUCCESS] bvid=BV1CKQEBQExg 已成功抓取全部所需数据。
[2026-04-17 01:57:30] [SUCCESS] bvid=BV1CMQEBnE6D 已成功抓取全部所需数据。
[2026-04-17 01:57:37] [SUCCESS] bvid=BV1CNQEBpEkQ 已成功抓取全部所需数据。
[2026-04-17 01:57:45] [SUCCESS] bvid=BV1CNQjByE8x 已成功抓取全部所需数据。
[2026-04-17 01:57:52] [SUCCESS] bvid=BV1CNQjByEbY 已成功抓取全部所需数据。
[2026-04-17 01:58:01] [SUCCESS] bvid=BV1CNQjByEuV 已成功抓取全部所需数据。
[2026-04-17 01:58:17] [SUCCESS] bvid=BV1CQQuBFEuR 已成功抓取全部所需数据。
[2026-04-17 01:58:29] [SUCCESS] bvid=BV1CSQEBpEbN 已成功抓取全部所需数据。
[2026-04-17 01:58:48] [SUCCESS] bvid=BV1CSQuBhEjg 已成功抓取全部所需数据。
[2026-04-17 01:58:53] [ERROR] bvid=BV1CSXLBUEHK 抓取失败：media: 接口返回错误代码：62002，信息：稿件不可见。
{'code': 62002, 'message': '稿件不可见', 'ttl': 1}
[2026-04-17 01:58:56] [ERROR] bvid=BV1CUXVBrEbz 抓取失败：media: 接口返回错误代码：62002，信息：稿件不可见。
{'code': 62002, 'message': '稿件不可见', 'ttl': 1}
[2026-04-17 01:59:08] [SUCCESS] bvid=BV1CXQuBbE7y 已成功抓取全部所需数据。
[2026-04-17 01:59:17] [SUCCESS] bvid=BV1CYQgBwEYR 已成功抓取全部所需数据。
[2026-04-17 01:59:25] [ERROR] bvid=BV1CYXNBSE7N 抓取失败：media: 接口返回错误代码：62002，信息：稿件不可见。
{'code': 62002, 'message': '稿件不可见', 'ttl': 1}
[2026-04-17 01:59:33] [ERROR] bvid=BV1CaSDBTEKf 抓取失败：media: 接口返回错误代码：62002，信息：稿件不可见。
{'code': 62002, 'message': '稿件不可见', 'ttl': 1}
[2026-04-17 01:59:37] [ERROR] bvid=BV1CgXLB5EeU 抓取失败：media: 接口返回错误代码：62002，信息：稿件不可见。
{'code': 62002, 'message': '稿件不可见', 'ttl': 1}
[2026-04-17 01:59:46] [ERROR] bvid=BV1CgXLB5EyT 抓取失败：media: 接口返回错误代码：62002，信息：稿件不可见。
{'code': 62002, 'message': '稿件不可见', 'ttl': 1}
[2026-04-17 01:59:50] [ERROR] bvid=BV1CiXDBLEpE 抓取失败：media: 接口返回错误代码：-404，信息：啥都木有。
{'code': -404, 'message': '啥都木有', 'ttl': 1}
[2026-04-17 01:59:53] [ERROR] bvid=BV1CiXDBLEui 抓取失败：media: 接口返回错误代码：-404，信息：啥都木有。
{'code': -404, 'message': '啥都木有', 'ttl': 1}
[2026-04-17 01:59:56] [ERROR] bvid=BV1CiXTBxEZA 抓取失败：media: 接口返回错误代码：62002，信息：稿件不可见。
{'code': 62002, 'message': '稿件不可见', 'ttl': 1}
[2026-04-17 02:00:16] [SUCCESS] bvid=BV1CkQ5BrEVM 已成功抓取全部所需数据。
[2026-04-17 02:00:20] [ERROR] bvid=BV1CmXmBgEzf 抓取失败：media: 接口返回错误代码：62002，信息：稿件不可见。
{'code': 62002, 'message': '稿件不可见', 'ttl': 1}
[2026-04-17 02:00:29] [SUCCESS] bvid=BV1CnQ4B5ERF 已成功抓取全部所需数据。
[2026-04-17 02:00:37] [SUCCESS] bvid=BV1CnQsBiEpn 已成功抓取全部所需数据。
[2026-04-17 02:00:48] [SUCCESS] bvid=BV1CnQwBMEV3 已成功抓取全部所需数据。
[2026-04-17 02:08:06] [SUCCESS] bvid=BV1CoQ3BeE6K 已成功抓取全部所需数据。
[2026-04-17 02:08:24] [SUCCESS] bvid=BV1CqQGBTEPU 已成功抓取全部所需数据。
[2026-04-17 02:08:32] [ERROR] bvid=BV1CqXTBREVp 抓取失败：media: 接口返回错误代码：62002，信息：稿件不可见。
{'code': 62002, 'message': '稿件不可见', 'ttl': 1}
[2026-04-17 02:08:37] [ERROR] bvid=BV1CrX3BBEh4 抓取失败：media: No downloadable media stream found for this bvid.
[2026-04-17 02:08:54] [SUCCESS] bvid=BV1CsQbBJE1E 已成功抓取全部所需数据。
[2026-04-17 02:09:02] [SUCCESS] bvid=BV1CtQbB7E1j 已成功抓取全部所需数据。
[2026-04-17 02:09:19] [SUCCESS] bvid=BV1CtQbB7Ey2 已成功抓取全部所需数据。
[2026-04-17 02:09:28] [SUCCESS] bvid=BV1CvQGBBEqD 已成功抓取全部所需数据。
[2026-04-17 02:09:32] [ERROR] bvid=BV1CyXVB5E1P 抓取失败：media: 接口返回错误代码：62002，信息：稿件不可见。
{'code': 62002, 'message': '稿件不可见', 'ttl': 1}
[2026-04-17 02:09:44] [SUCCESS] bvid=BV1CzQvBPEZs 已成功抓取全部所需数据。
[2026-04-17 02:09:55] [SUCCESS] bvid=BV1CzQvBPEzC 已成功抓取全部所需数据。
[2026-04-17 02:10:05] [SUCCESS] bvid=BV1D4Q5BQEt7 已成功抓取全部所需数据。
[2026-04-17 02:10:09] [ERROR] bvid=BV1D5XUBQEx2 抓取失败：media: 接口返回错误代码：62002，信息：稿件不可见。
{'code': 62002, 'message': '稿件不可见', 'ttl': 1}
[2026-04-17 02:10:12] [ERROR] bvid=BV1D5XUBQExn 抓取失败：media: 接口返回错误代码：62002，信息：稿件不可见。
{'code': 62002, 'message': '稿件不可见', 'ttl': 1}
[2026-04-17 02:10:28] [SUCCESS] bvid=BV1D7DfBkERP 已成功抓取全部所需数据。
[2026-04-17 02:10:31] [ERROR] bvid=BV1D897BPEsU 抓取失败：media: 接口返回错误代码：-404，信息：啥都木有。
{'code': -404, 'message': '啥都木有', 'ttl': 1}
[2026-04-17 02:10:51] [SUCCESS] bvid=BV1DCQ3BVEgX 已成功抓取全部所需数据。
[2026-04-17 02:11:12] [SUCCESS] bvid=BV1DEQgBrE16 已成功抓取全部所需数据。
[2026-04-17 02:11:22] [SUCCESS] bvid=BV1DGQbBtEWr 已成功抓取全部所需数据。
[2026-04-17 02:11:40] [SUCCESS] bvid=BV1DHQGB7E8J 已成功抓取全部所需数据。
[2026-04-17 02:12:09] [SUCCESS] bvid=BV1DKQ4B9EUT 已成功抓取全部所需数据。
[2026-04-17 02:12:18] [SUCCESS] bvid=BV1DMQLB9EpE 已成功抓取全部所需数据。
[2026-04-17 02:12:27] [SUCCESS] bvid=BV1DPDDBJEu2 已成功抓取全部所需数据。
[2026-04-17 02:12:35] [SUCCESS] bvid=BV1DQQ7BwEUd 已成功抓取全部所需数据。
[2026-04-17 02:12:44] [SUCCESS] bvid=BV1DWQcBjEbm 已成功抓取全部所需数据。
[2026-04-17 02:12:49] [ERROR] bvid=BV1DaXmBnEqz 抓取失败：media: 接口返回错误代码：62012，信息：62012。
{'code': 62012, 'message': '62012', 'ttl': 1}
[2026-04-17 02:13:13] [SUCCESS] bvid=BV1DcQeB3EV4 已成功抓取全部所需数据。
[2026-04-17 02:13:16] [ERROR] bvid=BV1Dm9NBPETK 抓取失败：media: 接口返回错误代码：62002，信息：稿件不可见。
{'code': 62002, 'message': '稿件不可见', 'ttl': 1}
[2026-04-17 02:13:33] [SUCCESS] bvid=BV1DnQgBgEWF 已成功抓取全部所需数据。
[2026-04-17 02:13:44] [SUCCESS] bvid=BV1DnQgBgEs1 已成功抓取全部所需数据。
[2026-04-17 02:13:46] [ERROR] bvid=BV1DoXNBPEyX 抓取失败：media: 30250 is not a valid AudioQuality
[2026-04-17 02:13:51] [ERROR] bvid=BV1Dp9VBpEbz 抓取失败：media: 接口返回错误代码：62002，信息：稿件不可见。
{'code': 62002, 'message': '稿件不可见', 'ttl': 1}
[2026-04-17 02:14:02] [SUCCESS] bvid=BV1DqQuBzEk3 已成功抓取全部所需数据。
[2026-04-17 02:14:05] [ERROR] bvid=BV1Ds9LBfEto 抓取失败：media: 接口返回错误代码：62002，信息：稿件不可见。
{'code': 62002, 'message': '稿件不可见', 'ttl': 1}
[2026-04-17 02:14:09] [ERROR] bvid=BV1E39KBmEUg 抓取失败：media: 接口返回错误代码：62002，信息：稿件不可见。
{'code': 62002, 'message': '稿件不可见', 'ttl': 1}
[2026-04-17 02:14:14] [ERROR] bvid=BV1E3QjBrEQB 抓取失败：media: No downloadable media stream found for this bvid.
[2026-04-17 02:14:22] [SUCCESS] bvid=BV1E5QjBzEfN 已成功抓取全部所需数据。
[2026-04-17 02:14:26] [ERROR] bvid=BV1E6XjByEte 抓取失败：media: 接口返回错误代码：62002，信息：稿件不可见。
{'code': 62002, 'message': '稿件不可见', 'ttl': 1}
[2026-04-17 02:14:50] [SUCCESS] bvid=BV1EADSBwETY 已成功抓取全部所需数据。
[2026-04-17 02:14:59] [SUCCESS] bvid=BV1ECQgBsEBs 已成功抓取全部所需数据。
[2026-04-17 02:15:18] [SUCCESS] bvid=BV1ECQgBsEFh 已成功抓取全部所需数据。
[2026-04-17 02:15:21] [ERROR] bvid=BV1ECXjBkEP3 抓取失败：media: 接口返回错误代码：62002，信息：稿件不可见。
{'code': 62002, 'message': '稿件不可见', 'ttl': 1}
[2026-04-17 02:15:31] [ERROR] bvid=BV1EEDvBREZH 抓取失败：media: 接口返回错误代码：62012，信息：62012。
{'code': 62012, 'message': '62012', 'ttl': 1}
[2026-04-17 02:15:34] [ERROR] bvid=BV1EKDKB3EbE 抓取失败：media: 接口返回错误代码：62002，信息：稿件不可见。
{'code': 62002, 'message': '稿件不可见', 'ttl': 1}
[2026-04-17 02:15:48] [SUCCESS] bvid=BV1EKQvBoEnj 已成功抓取全部所需数据。
[2026-04-17 02:15:57] [ERROR] bvid=BV1EMDQBiE7m 抓取失败：media: 接口返回错误代码：62002，信息：稿件不可见。
{'code': 62002, 'message': '稿件不可见', 'ttl': 1}
[2026-04-17 02:16:20] [SUCCESS] bvid=BV1EMDQBiEQD 已成功抓取全部所需数据。
[2026-04-17 02:16:33] [SUCCESS] bvid=BV1ENQvBtE9i 已成功抓取全部所需数据。
[2026-04-17 02:16:39] [ERROR] bvid=BV1EPXjBgE8s 抓取失败：media: No downloadable media stream found for this bvid.
[2026-04-17 02:16:39] [WARN] 当前子任务已结束，但仍有未成功抓取的视频，已导出 remaining CSV 供继续执行。
[2026-04-17 02:16:39] [INFO] 已导出剔除成功条目后的剩余 CSV：outputs\video_data\manual_crawls\manual_crawl_media_mode_A_20260417_011323\remaining_bvids_part_4.csv
[2026-04-17 02:16:39] 子任务结束时间：2026-04-17T02:16:39.458713
[TIMESTAMP][END] 2026-04-17T02:16:39
