[TIMESTAMP][BEGIN] 2026-04-17T13:46:21
[2026-04-17 13:46:23] 开始执行 CSV 批量抓取子任务 part_50。
[2026-04-17 13:46:23] 子任务开始时间：2026-04-17T13:46:21.125467
[2026-04-17 13:46:23] 输入文件：batch_input_49.csv
[2026-04-17 13:46:23] 输入唯一 bvid 数量：100
[2026-04-17 13:46:23] 为严格按 CSV 顺序判断连续失败阈值，本次任务自动将并发度从 3 调整为 1。
[2026-04-17 13:46:30] [SUCCESS] bvid=BV1VgDLBbErW 已成功抓取全部所需数据。
[2026-04-17 13:46:44] [SUCCESS] bvid=BV1VgX5BtE7c 已成功抓取全部所需数据。
[2026-04-17 13:46:52] [SUCCESS] bvid=BV1VgXNBiEYN 已成功抓取全部所需数据。
[2026-04-17 13:47:02] [SUCCESS] bvid=BV1VgXNBiEaM 已成功抓取全部所需数据。
[2026-04-17 13:47:08] [SUCCESS] bvid=BV1VgXjBKEYu 已成功抓取全部所需数据。
[2026-04-17 13:47:13] [SUCCESS] bvid=BV1Vh9gBnE4S 已成功抓取全部所需数据。
[2026-04-17 13:47:25] [SUCCESS] bvid=BV1Vh9gBnEdz 已成功抓取全部所需数据。
[2026-04-17 13:47:32] [SUCCESS] bvid=BV1VhDxBREsb 已成功抓取全部所需数据。
[2026-04-17 13:47:37] [SUCCESS] bvid=BV1VhXPBAE1R 已成功抓取全部所需数据。
[2026-04-17 13:47:54] [SUCCESS] bvid=BV1VhXPBAE9j 已成功抓取全部所需数据。
[2026-04-17 13:48:00] [SUCCESS] bvid=BV1VhXPBAEEi 已成功抓取全部所需数据。
[2026-04-17 13:48:06] [SUCCESS] bvid=BV1VhXPBAEis 已成功抓取全部所需数据。
[2026-04-17 13:48:12] [SUCCESS] bvid=BV1VhXPBAEna 已成功抓取全部所需数据。
[2026-04-17 13:48:17] [SUCCESS] bvid=BV1Vi95BYEvT 已成功抓取全部所需数据。
[2026-04-17 13:48:44] [SUCCESS] bvid=BV1Vi9WBsEEH 已成功抓取全部所需数据。
[2026-04-17 13:48:53] [SUCCESS] bvid=BV1ViS9BwEd2 已成功抓取全部所需数据。
[2026-04-17 13:48:59] [SUCCESS] bvid=BV1ViX6BvEBU 已成功抓取全部所需数据。
[2026-04-17 13:49:06] [SUCCESS] bvid=BV1ViX6BvEmo 已成功抓取全部所需数据。
[2026-04-17 13:49:12] [SUCCESS] bvid=BV1ViXMBLEHR 已成功抓取全部所需数据。
[2026-04-17 13:49:27] [SUCCESS] bvid=BV1ViXMBLELv 已成功抓取全部所需数据。
[2026-04-17 13:49:34] [SUCCESS] bvid=BV1ViXMBLERK 已成功抓取全部所需数据。
[2026-04-17 13:49:39] [SUCCESS] bvid=BV1ViXMBLETG 已成功抓取全部所需数据。
[2026-04-17 13:49:43] [SUCCESS] bvid=BV1ViXMBLEpx 已成功抓取全部所需数据。
[2026-04-17 13:49:49] [SUCCESS] bvid=BV1ViXMBLEu7 已成功抓取全部所需数据。
[2026-04-17 13:49:54] [SUCCESS] bvid=BV1ViXMBLEvW 已成功抓取全部所需数据。
[2026-04-17 13:50:31] [SUCCESS] bvid=BV1VjD7BAE1Q 已成功抓取全部所需数据。
[2026-04-17 13:50:38] [SUCCESS] bvid=BV1Vk9NBBExv 已成功抓取全部所需数据。
[2026-04-17 13:50:45] [SUCCESS] bvid=BV1Vk9jBKEuX 已成功抓取全部所需数据。
[2026-04-17 13:50:50] [SUCCESS] bvid=BV1Vk9jBTEo8 已成功抓取全部所需数据。
[2026-04-17 13:50:59] [SUCCESS] bvid=BV1Vk9jBTEzU 已成功抓取全部所需数据。
[2026-04-17 13:51:05] [SUCCESS] bvid=BV1VkDTBvET7 已成功抓取全部所需数据。
[2026-04-17 13:51:22] [SUCCESS] bvid=BV1VkDaBrE6C 已成功抓取全部所需数据。
[2026-04-17 13:51:34] [SUCCESS] bvid=BV1VkXdB2E7P 已成功抓取全部所需数据。
[2026-04-17 13:51:41] [SUCCESS] bvid=BV1VkXdB2EhG 已成功抓取全部所需数据。
[2026-04-17 13:51:47] [SUCCESS] bvid=BV1VmX5BwE2b 已成功抓取全部所需数据。
[2026-04-17 13:52:06] [SUCCESS] bvid=BV1VmX5BwEqv 已成功抓取全部所需数据。
[2026-04-17 13:52:14] [SUCCESS] bvid=BV1VmX5BwEqw 已成功抓取全部所需数据。
[2026-04-17 13:52:33] [SUCCESS] bvid=BV1VmXGBWE47 已成功抓取全部所需数据。
[2026-04-17 13:52:40] [SUCCESS] bvid=BV1VmXGBWEMu 已成功抓取全部所需数据。
[2026-04-17 13:52:45] [SUCCESS] bvid=BV1VmXGBWEbQ 已成功抓取全部所需数据。
[2026-04-17 13:53:07] [SUCCESS] bvid=BV1Vn97B3EfP 已成功抓取全部所需数据。
[2026-04-17 13:53:14] [SUCCESS] bvid=BV1Vn9LBYE7n 已成功抓取全部所需数据。
[2026-04-17 13:53:20] [SUCCESS] bvid=BV1VnQxBxEoo 已成功抓取全部所需数据。
[2026-04-17 13:53:41] [SUCCESS] bvid=BV1VnXCBVE8F 已成功抓取全部所需数据。
[2026-04-17 13:53:55] [SUCCESS] bvid=BV1VoDKBKE2u 已成功抓取全部所需数据。
[2026-04-17 13:54:00] [SUCCESS] bvid=BV1VoSRBqELt 已成功抓取全部所需数据。
[2026-04-17 13:54:07] [SUCCESS] bvid=BV1VoXXBzEaD 已成功抓取全部所需数据。
[2026-04-17 13:54:15] [SUCCESS] bvid=BV1VoXzBAETL 已成功抓取全部所需数据。
[2026-04-17 13:54:22] [SUCCESS] bvid=BV1VpQNBeEE5 已成功抓取全部所需数据。
[2026-04-17 13:54:27] [SUCCESS] bvid=BV1VpX1BSEvQ 已成功抓取全部所需数据。
[2026-04-17 13:54:35] [SUCCESS] bvid=BV1VpXaBGEnu 已成功抓取全部所需数据。
[2026-04-17 13:54:57] [SUCCESS] bvid=BV1VqDNBcEqE 已成功抓取全部所需数据。
[2026-04-17 13:55:04] [SUCCESS] bvid=BV1VqDtBbEt8 已成功抓取全部所需数据。
[2026-04-17 13:55:12] [SUCCESS] bvid=BV1VqQFBSEM9 已成功抓取全部所需数据。
[2026-04-17 13:55:19] [SUCCESS] bvid=BV1VqQwB4EpC 已成功抓取全部所需数据。
[2026-04-17 13:55:23] [SUCCESS] bvid=BV1VqS9BhEJm 已成功抓取全部所需数据。
[2026-04-17 13:55:37] [SUCCESS] bvid=BV1VqXMByETU 已成功抓取全部所需数据。
[2026-04-17 13:55:51] [SUCCESS] bvid=BV1VqXMByEXo 已成功抓取全部所需数据。
[2026-04-17 13:56:14] [SUCCESS] bvid=BV1VqXkBkEDY 已成功抓取全部所需数据。
[2026-04-17 13:56:27] [SUCCESS] bvid=BV1Vr9EB1EXg 已成功抓取全部所需数据。
[2026-04-17 13:56:39] [SUCCESS] bvid=BV1VrSZB5EpA 已成功抓取全部所需数据。
[2026-04-17 13:56:44] [SUCCESS] bvid=BV1VrXgBSE2m 已成功抓取全部所需数据。
[2026-04-17 13:56:50] [SUCCESS] bvid=BV1VrXgBSE6m 已成功抓取全部所需数据。
[2026-04-17 13:56:55] [SUCCESS] bvid=BV1VrXgBSEYj 已成功抓取全部所需数据。
[2026-04-17 13:57:09] [SUCCESS] bvid=BV1VrXgBSEZg 已成功抓取全部所需数据。
[2026-04-17 13:57:14] [SUCCESS] bvid=BV1VrXgBSEak 已成功抓取全部所需数据。
[2026-04-17 13:57:32] [SUCCESS] bvid=BV1VrXgBSEfX 已成功抓取全部所需数据。
[2026-04-17 13:57:39] [SUCCESS] bvid=BV1VrXgBSEyG 已成功抓取全部所需数据。
[2026-04-17 13:57:45] [SUCCESS] bvid=BV1VrXyBmEAq 已成功抓取全部所需数据。
[2026-04-17 13:57:51] [SUCCESS] bvid=BV1VrXyBmEJL 已成功抓取全部所需数据。
[2026-04-17 13:57:58] [SUCCESS] bvid=BV1VrXyBmELt 已成功抓取全部所需数据。
[2026-04-17 13:58:06] [SUCCESS] bvid=BV1Vs9MB2EhS 已成功抓取全部所需数据。
[2026-04-17 13:58:12] [SUCCESS] bvid=BV1VsD9BYEwG 已成功抓取全部所需数据。
[2026-04-17 13:58:18] [SUCCESS] bvid=BV1VsQtBhEAh 已成功抓取全部所需数据。
[2026-04-17 13:58:31] [SUCCESS] bvid=BV1VsX1BEERV 已成功抓取全部所需数据。
[2026-04-17 13:58:51] [SUCCESS] bvid=BV1VsXeBUELm 已成功抓取全部所需数据。
[2026-04-17 13:58:57] [SUCCESS] bvid=BV1VtDcBDErU 已成功抓取全部所需数据。
[2026-04-17 13:59:04] [SUCCESS] bvid=BV1VtDdBuEB6 已成功抓取全部所需数据。
[2026-04-17 13:59:11] [SUCCESS] bvid=BV1VtXPBNE1S 已成功抓取全部所需数据。
[2026-04-17 13:59:18] [SUCCESS] bvid=BV1VtXPBNE2r 已成功抓取全部所需数据。
[2026-04-17 13:59:25] [SUCCESS] bvid=BV1VtXPBNERF 已成功抓取全部所需数据。
[2026-04-17 13:59:39] [SUCCESS] bvid=BV1VtXPBNEhF 已成功抓取全部所需数据。
[2026-04-17 13:59:50] [SUCCESS] bvid=BV1VtXPBNEyY 已成功抓取全部所需数据。
[2026-04-17 14:00:03] [SUCCESS] bvid=BV1VtXfB9EZ9 已成功抓取全部所需数据。
[2026-04-17 14:00:11] [SUCCESS] bvid=BV1VtXsBdEDT 已成功抓取全部所需数据。
[2026-04-17 14:00:29] [SUCCESS] bvid=BV1Vu9FBREpk 已成功抓取全部所需数据。
[2026-04-17 14:00:38] [SUCCESS] bvid=BV1Vu9FBREtP 已成功抓取全部所需数据。
[2026-04-17 14:00:45] [SUCCESS] bvid=BV1VuQJBzEDD 已成功抓取全部所需数据。
[2026-04-17 14:00:59] [SUCCESS] bvid=BV1VuQJBzEgh 已成功抓取全部所需数据。
[2026-04-17 14:01:06] [SUCCESS] bvid=BV1VvQ3BSEVr 已成功抓取全部所需数据。
[2026-04-17 14:01:17] [SUCCESS] bvid=BV1VvXKBMEUU 已成功抓取全部所需数据。
[2026-04-17 14:01:24] [SUCCESS] bvid=BV1VvXKBMEYs 已成功抓取全部所需数据。
[2026-04-17 14:01:33] [SUCCESS] bvid=BV1VvXKBMEeh 已成功抓取全部所需数据。
[2026-04-17 14:01:51] [SUCCESS] bvid=BV1VvXKBMEpb 已成功抓取全部所需数据。
[2026-04-17 14:02:03] [SUCCESS] bvid=BV1VvXKBMEui 已成功抓取全部所需数据。
[2026-04-17 14:02:17] [SUCCESS] bvid=BV1Vw9TBCEXJ 已成功抓取全部所需数据。
[2026-04-17 14:02:29] [SUCCESS] bvid=BV1VwDCBBE6o 已成功抓取全部所需数据。
[2026-04-17 14:02:40] [SUCCESS] bvid=BV1VwDCBBEyy 已成功抓取全部所需数据。
[2026-04-17 14:02:49] [SUCCESS] bvid=BV1VwXYB1EfY 已成功抓取全部所需数据。
[2026-04-17 14:02:57] [SUCCESS] bvid=BV1VxSSBpEfZ 已成功抓取全部所需数据。
[2026-04-17 14:02:57] [INFO] 当前 batch_crawl 已完成，所有视频均已成功抓取。
[2026-04-17 14:02:57] 子任务结束时间：2026-04-17T14:02:57.776211
[TIMESTAMP][END] 2026-04-17T14:02:57
