[TIMESTAMP][BEGIN] 2026-04-17T07:06:57
[2026-04-17 07:07:05] 开始执行 CSV 批量抓取子任务 part_24。
[2026-04-17 07:07:05] 子任务开始时间：2026-04-17T07:06:57.814052
[2026-04-17 07:07:05] 输入文件：batch_input_23.csv
[2026-04-17 07:07:05] 输入唯一 bvid 数量：100
[2026-04-17 07:07:05] 为严格按 CSV 顺序判断连续失败阈值，本次任务自动将并发度从 3 调整为 1。
[2026-04-17 07:07:25] [SUCCESS] bvid=BV1PAXVBVEgh 已成功抓取全部所需数据。
[2026-04-17 07:07:31] [SUCCESS] bvid=BV1PAXVBVEs8 已成功抓取全部所需数据。
[2026-04-17 07:07:40] [ERROR] bvid=BV1PBQ5BLECc 抓取失败：media: [tcp @ 0000020eb1367440] Connection to tcp://xy223x106x73x96xy.mcdn.bilivideo.cn:8082 failed: Error number -138 occurred
[in#0 @ 0000020eb1360240] Error opening input: Error number -138 occurred
Error opening input file https://xy223x106x73x96xy.mcdn.bilivideo.cn:8082/v1/resource/upgcxcode/25/21/37516152125/37516152125-1-30112.m4s?agrr=1&build=0&buvid=5DC654E4-BB5F-9D53-16DC-8CCA666BB8DC15346infoc&bvc=vod&bw=2462852&deadline=1776388053&dl=0&e=ig8euxZM2rNcNbdlhoNvNC8BqJIzNbfqXBvEqxTEto8BTrNvN0GvT90W5JZMkX_YN0MvXg8gNEV4NC8xNEV4N03eN0B5tZlqNxTEto8BTrNvNeZVuJ10Kj_g2UB02J0mN0B5tZlqNCNEto8BTrNvNC7MTX502C8f2jmMQJ6mqF2fka1mqx6gqj0eN0B599M%3D&f=u_0_0&gen=playurlv3&mid=346295557&nbs=1&nettype=0&og=ali&oi=2029896770&orderid=0%2C3&os=estgoss&platform=pc&qn_dyeid=d8ac32219e02af6d00d5a06b69e16bb5&sign=37320c&traceid=trsKamnQNNUloz_0_e_N&uipk=5&uparams=e%2Ctrid%2Cdeadline%2Cuipk%2Cgen%2Coi%2Cmid%2Cos%2Cog%2Cplatform%2Cnbs&upsig=454e24e696cbe3808a815d7df143f950.
Error opening input files: Error number -138 occurred
[2026-04-17 07:07:56] [SUCCESS] bvid=BV1PC97BxE3Y 已成功抓取全部所需数据。
[2026-04-17 07:08:02] [SUCCESS] bvid=BV1PCDHBcEzT 已成功抓取全部所需数据。
[2026-04-17 07:08:18] [SUCCESS] bvid=BV1PCDkBQEsH 已成功抓取全部所需数据。
[2026-04-17 07:08:24] [SUCCESS] bvid=BV1PCDkBQEwJ 已成功抓取全部所需数据。
[2026-04-17 07:08:36] [SUCCESS] bvid=BV1PCX1BKEF3 已成功抓取全部所需数据。
[2026-04-17 07:08:48] [SUCCESS] bvid=BV1PCX1BKEvF 已成功抓取全部所需数据。
[2026-04-17 07:08:56] [SUCCESS] bvid=BV1PD9gBqEu5 已成功抓取全部所需数据。
[2026-04-17 07:09:02] [SUCCESS] bvid=BV1PDDABCE68 已成功抓取全部所需数据。
[2026-04-17 07:09:08] [SUCCESS] bvid=BV1PDXPBJEHz 已成功抓取全部所需数据。
[2026-04-17 07:09:14] [SUCCESS] bvid=BV1PDXPBJEMQ 已成功抓取全部所需数据。
[2026-04-17 07:09:20] [SUCCESS] bvid=BV1PDXPBJEVB 已成功抓取全部所需数据。
[2026-04-17 07:09:25] [SUCCESS] bvid=BV1PDXPBJEtB 已成功抓取全部所需数据。
[2026-04-17 07:09:31] [SUCCESS] bvid=BV1PE9jB9Edt 已成功抓取全部所需数据。
[2026-04-17 07:09:37] [SUCCESS] bvid=BV1PEAJzXEwH 已成功抓取全部所需数据。
[2026-04-17 07:09:52] [SUCCESS] bvid=BV1PEQwB6EPo 已成功抓取全部所需数据。
[2026-04-17 07:10:03] [SUCCESS] bvid=BV1PEQwB6EWx 已成功抓取全部所需数据。
[2026-04-17 07:10:20] [SUCCESS] bvid=BV1PEX9BsESx 已成功抓取全部所需数据。
[2026-04-17 07:10:27] [SUCCESS] bvid=BV1PEXkBdEHN 已成功抓取全部所需数据。
[2026-04-17 07:10:34] [SUCCESS] bvid=BV1PF97BREV5 已成功抓取全部所需数据。
[2026-04-17 07:10:40] [SUCCESS] bvid=BV1PF97BREcG 已成功抓取全部所需数据。
[2026-04-17 07:11:10] [SUCCESS] bvid=BV1PFDhBHEVs 已成功抓取全部所需数据。
[2026-04-17 07:11:16] [SUCCESS] bvid=BV1PFDhBHEo8 已成功抓取全部所需数据。
[2026-04-17 07:11:23] [SUCCESS] bvid=BV1PFX3BqEo8 已成功抓取全部所需数据。
[2026-04-17 07:11:29] [SUCCESS] bvid=BV1PFX3BqEub 已成功抓取全部所需数据。
[2026-04-17 07:11:37] [SUCCESS] bvid=BV1PFXCBoE7S 已成功抓取全部所需数据。
[2026-04-17 07:11:44] [SUCCESS] bvid=BV1PG9cBkE2B 已成功抓取全部所需数据。
[2026-04-17 07:11:50] [SUCCESS] bvid=BV1PG9cBkEEC 已成功抓取全部所需数据。
[2026-04-17 07:11:55] [SUCCESS] bvid=BV1PGDNB7EnN 已成功抓取全部所需数据。
[2026-04-17 07:12:10] [SUCCESS] bvid=BV1PGDqBqEQ1 已成功抓取全部所需数据。
[2026-04-17 07:12:15] [SUCCESS] bvid=BV1PGDqBqEeH 已成功抓取全部所需数据。
[2026-04-17 07:12:24] [ERROR] bvid=BV1PGXQBDELW 抓取失败：media: 接口返回错误代码：62012，信息：62012。
{'code': 62012, 'message': '62012', 'ttl': 1}
[2026-04-17 07:12:46] [SUCCESS] bvid=BV1PGXQBDEwx 已成功抓取全部所需数据。
[2026-04-17 07:12:51] [SUCCESS] bvid=BV1PHDCBRENL 已成功抓取全部所需数据。
[2026-04-17 07:13:00] [SUCCESS] bvid=BV1PHDnB4EZu 已成功抓取全部所需数据。
[2026-04-17 07:13:16] [SUCCESS] bvid=BV1PHQ4ByEFB 已成功抓取全部所需数据。
[2026-04-17 07:13:28] [SUCCESS] bvid=BV1PHQ4ByEec 已成功抓取全部所需数据。
[2026-04-17 07:13:51] [SUCCESS] bvid=BV1PHXGBGEyS 已成功抓取全部所需数据。
[2026-04-17 07:13:56] [SUCCESS] bvid=BV1PJDTBnEsb 已成功抓取全部所需数据。
[2026-04-17 07:14:09] [SUCCESS] bvid=BV1PJDrBEEyF 已成功抓取全部所需数据。
[2026-04-17 07:14:22] [SUCCESS] bvid=BV1PJQsBMEpJ 已成功抓取全部所需数据。
[2026-04-17 07:14:29] [SUCCESS] bvid=BV1PJQsBMEwh 已成功抓取全部所需数据。
[2026-04-17 07:14:43] [SUCCESS] bvid=BV1PJX9B9ENZ 已成功抓取全部所需数据。
[2026-04-17 07:14:49] [SUCCESS] bvid=BV1PK2kBGEHg 已成功抓取全部所需数据。
[2026-04-17 07:15:15] [SUCCESS] bvid=BV1PK9JBbEKb 已成功抓取全部所需数据。
[2026-04-17 07:15:21] [SUCCESS] bvid=BV1PK9JBbEuT 已成功抓取全部所需数据。
[2026-04-17 07:15:31] [SUCCESS] bvid=BV1PKXVB3ED8 已成功抓取全部所需数据。
[2026-04-17 07:15:39] [SUCCESS] bvid=BV1PKXVB3EFC 已成功抓取全部所需数据。
[2026-04-17 07:15:44] [SUCCESS] bvid=BV1PKXVB3EQa 已成功抓取全部所需数据。
[2026-04-17 07:15:49] [SUCCESS] bvid=BV1PKXVB3ES6 已成功抓取全部所需数据。
[2026-04-17 07:16:00] [SUCCESS] bvid=BV1PKXVB3Eg3 已成功抓取全部所需数据。
[2026-04-17 07:16:12] [SUCCESS] bvid=BV1PKXVB3Ekd 已成功抓取全部所需数据。
[2026-04-17 07:16:18] [SUCCESS] bvid=BV1PKXVB3Ekh 已成功抓取全部所需数据。
[2026-04-17 07:16:24] [SUCCESS] bvid=BV1PLDzBVEdy 已成功抓取全部所需数据。
[2026-04-17 07:16:29] [SUCCESS] bvid=BV1PLX9B4E6e 已成功抓取全部所需数据。
[2026-04-17 07:16:55] [SUCCESS] bvid=BV1PMDvBaEBr 已成功抓取全部所需数据。
[2026-04-17 07:17:08] [SUCCESS] bvid=BV1PMPkzXEvE 已成功抓取全部所需数据。
[2026-04-17 07:17:14] [SUCCESS] bvid=BV1PMQuB8E4N 已成功抓取全部所需数据。
[2026-04-17 07:17:19] [SUCCESS] bvid=BV1PMSQBCErh 已成功抓取全部所需数据。
[2026-04-17 07:17:25] [SUCCESS] bvid=BV1PMXLBmE2M 已成功抓取全部所需数据。
[2026-04-17 07:17:31] [SUCCESS] bvid=BV1PMXLBmE2T 已成功抓取全部所需数据。
[2026-04-17 07:17:37] [SUCCESS] bvid=BV1PMXLBmE2u 已成功抓取全部所需数据。
[2026-04-17 07:17:46] [SUCCESS] bvid=BV1PMXLBmERZ 已成功抓取全部所需数据。
[2026-04-17 07:17:53] [SUCCESS] bvid=BV1PMXLBmEa9 已成功抓取全部所需数据。
[2026-04-17 07:17:58] [SUCCESS] bvid=BV1PMXLBmEeg 已成功抓取全部所需数据。
[2026-04-17 07:18:04] [SUCCESS] bvid=BV1PMXLBmEms 已成功抓取全部所需数据。
[2026-04-17 07:18:17] [SUCCESS] bvid=BV1PMXLBmEmx 已成功抓取全部所需数据。
[2026-04-17 07:18:26] [SUCCESS] bvid=BV1PMXLBmErC 已成功抓取全部所需数据。
[2026-04-17 07:18:32] [SUCCESS] bvid=BV1PMXLBmErj 已成功抓取全部所需数据。
[2026-04-17 07:18:39] [SUCCESS] bvid=BV1PMXLBmErk 已成功抓取全部所需数据。
[2026-04-17 07:18:45] [SUCCESS] bvid=BV1PMXLBmEry 已成功抓取全部所需数据。
[2026-04-17 07:18:51] [SUCCESS] bvid=BV1PN9JBFEDB 已成功抓取全部所需数据。
[2026-04-17 07:19:02] [SUCCESS] bvid=BV1PN9JBFEFU 已成功抓取全部所需数据。
[2026-04-17 07:19:08] [SUCCESS] bvid=BV1PN9JBFERK 已成功抓取全部所需数据。
[2026-04-17 07:19:14] [SUCCESS] bvid=BV1PN9JBFEUw 已成功抓取全部所需数据。
[2026-04-17 07:19:19] [SUCCESS] bvid=BV1PNA3z8E4R 已成功抓取全部所需数据。
[2026-04-17 07:19:24] [SUCCESS] bvid=BV1PNA3z8Epr 已成功抓取全部所需数据。
[2026-04-17 07:19:30] [SUCCESS] bvid=BV1PNDvBeEmC 已成功抓取全部所需数据。
[2026-04-17 07:19:36] [SUCCESS] bvid=BV1PNX1BAEbc 已成功抓取全部所需数据。
[2026-04-17 07:19:44] [SUCCESS] bvid=BV1PNXLBSE94 已成功抓取全部所需数据。
[2026-04-17 07:19:50] [SUCCESS] bvid=BV1PNXLBSERK 已成功抓取全部所需数据。
[2026-04-17 07:19:56] [SUCCESS] bvid=BV1PNXfBzEBt 已成功抓取全部所需数据。
[2026-04-17 07:20:03] [SUCCESS] bvid=BV1PPDYB4EXn 已成功抓取全部所需数据。
[2026-04-17 07:20:09] [SUCCESS] bvid=BV1PPDYBtEje 已成功抓取全部所需数据。
[2026-04-17 07:20:23] [SUCCESS] bvid=BV1PPQTBsEWP 已成功抓取全部所需数据。
[2026-04-17 07:20:29] [SUCCESS] bvid=BV1PPSSBBE4h 已成功抓取全部所需数据。
[2026-04-17 07:20:35] [SUCCESS] bvid=BV1PQXBB2Emr 已成功抓取全部所需数据。
[2026-04-17 07:20:40] [SUCCESS] bvid=BV1PQXKB4E75 已成功抓取全部所需数据。
[2026-04-17 07:20:47] [SUCCESS] bvid=BV1PQXKB4Eha 已成功抓取全部所需数据。
[2026-04-17 07:20:53] [SUCCESS] bvid=BV1PQXKB4EjD 已成功抓取全部所需数据。
[2026-04-17 07:20:58] [SUCCESS] bvid=BV1PQXKB4Esd 已成功抓取全部所需数据。
[2026-04-17 07:21:03] [SUCCESS] bvid=BV1PQXLBEEJN 已成功抓取全部所需数据。
[2026-04-17 07:21:09] [SUCCESS] bvid=BV1PQXLBEEW7 已成功抓取全部所需数据。
[2026-04-17 07:21:14] [SUCCESS] bvid=BV1PQXPBUETN 已成功抓取全部所需数据。
[2026-04-17 07:21:22] [SUCCESS] bvid=BV1PQXSBjECE 已成功抓取全部所需数据。
[2026-04-17 07:21:30] [SUCCESS] bvid=BV1PR9WBGE8d 已成功抓取全部所需数据。
[2026-04-17 07:21:37] [SUCCESS] bvid=BV1PR9WBGEQD 已成功抓取全部所需数据。
[2026-04-17 07:21:43] [SUCCESS] bvid=BV1PRDxBuET9 已成功抓取全部所需数据。
[2026-04-17 07:21:43] [WARN] 当前子任务已结束，但仍有未成功抓取的视频，已导出 remaining CSV 供继续执行。
[2026-04-17 07:21:43] [INFO] 已导出剔除成功条目后的剩余 CSV：outputs\video_data\manual_crawls\manual_crawl_media_mode_A_20260417_011323\remaining_bvids_part_24.csv
[2026-04-17 07:21:43] 子任务结束时间：2026-04-17T07:21:43.838829
[TIMESTAMP][END] 2026-04-17T07:21:43
