[TIMESTAMP][BEGIN] 2026-04-17T05:15:34
[2026-04-17 05:15:42] 开始执行 CSV 批量抓取子任务 part_16。
[2026-04-17 05:15:42] 子任务开始时间：2026-04-17T05:15:34.988946
[2026-04-17 05:15:42] 输入文件：batch_input_15.csv
[2026-04-17 05:15:42] 输入唯一 bvid 数量：100
[2026-04-17 05:15:42] 为严格按 CSV 顺序判断连续失败阈值，本次任务自动将并发度从 3 调整为 1。
[2026-04-17 05:15:50] [SUCCESS] bvid=BV1M3DrB9ETX 已成功抓取全部所需数据。
[2026-04-17 05:15:56] [SUCCESS] bvid=BV1M3DuBeEDm 已成功抓取全部所需数据。
[2026-04-17 05:16:02] [SUCCESS] bvid=BV1M3Q4BHEix 已成功抓取全部所需数据。
[2026-04-17 05:16:14] [SUCCESS] bvid=BV1M3X9BFEwp 已成功抓取全部所需数据。
[2026-04-17 05:16:20] [SUCCESS] bvid=BV1M3XkBhEhx 已成功抓取全部所需数据。
[2026-04-17 05:16:27] [SUCCESS] bvid=BV1M4DLBmEFc 已成功抓取全部所需数据。
[2026-04-17 05:16:32] [SUCCESS] bvid=BV1M4XTBYEWQ 已成功抓取全部所需数据。
[2026-04-17 05:16:38] [SUCCESS] bvid=BV1M4XTBYEm8 已成功抓取全部所需数据。
[2026-04-17 05:16:54] [SUCCESS] bvid=BV1M4XrBhEgo 已成功抓取全部所需数据。
[2026-04-17 05:17:00] [SUCCESS] bvid=BV1M5DCB8E39 已成功抓取全部所需数据。
[2026-04-17 05:17:06] [SUCCESS] bvid=BV1M5DCB8EzJ 已成功抓取全部所需数据。
[2026-04-17 05:17:12] [SUCCESS] bvid=BV1M5Q4BJEC1 已成功抓取全部所需数据。
[2026-04-17 05:17:18] [SUCCESS] bvid=BV1M5X5BXECS 已成功抓取全部所需数据。
[2026-04-17 05:17:31] [SUCCESS] bvid=BV1M5XWB1EoK 已成功抓取全部所需数据。
[2026-04-17 05:17:45] [SUCCESS] bvid=BV1M69MBqEwS 已成功抓取全部所需数据。
[2026-04-17 05:17:50] [SUCCESS] bvid=BV1M69gB5E4o 已成功抓取全部所需数据。
[2026-04-17 05:18:01] [SUCCESS] bvid=BV1M69gB5EKS 已成功抓取全部所需数据。
[2026-04-17 05:18:13] [SUCCESS] bvid=BV1M6DcBkEv9 已成功抓取全部所需数据。
[2026-04-17 05:18:26] [SUCCESS] bvid=BV1M6XiBjEAn 已成功抓取全部所需数据。
[2026-04-17 05:18:37] [SUCCESS] bvid=BV1M6XiBjEWU 已成功抓取全部所需数据。
[2026-04-17 05:18:44] [SUCCESS] bvid=BV1M7D3BMEqP 已成功抓取全部所需数据。
[2026-04-17 05:18:56] [SUCCESS] bvid=BV1M7Q7BxEwf 已成功抓取全部所需数据。
[2026-04-17 05:19:04] [ERROR] bvid=BV1M7XZBrEdN 抓取失败：media: 接口返回错误代码：62012，信息：62012。
{'code': 62012, 'message': '62012', 'ttl': 1}
[2026-04-17 05:19:09] [SUCCESS] bvid=BV1M89LB4E6i 已成功抓取全部所需数据。
[2026-04-17 05:19:15] [SUCCESS] bvid=BV1M89LB4Epq 已成功抓取全部所需数据。
[2026-04-17 05:19:32] [SUCCESS] bvid=BV1M89LB4Ex2 已成功抓取全部所需数据。
[2026-04-17 05:19:38] [SUCCESS] bvid=BV1M8XCBTE7M 已成功抓取全部所需数据。
[2026-04-17 05:19:45] [SUCCESS] bvid=BV1M8XrBbEhy 已成功抓取全部所需数据。
[2026-04-17 05:19:58] [SUCCESS] bvid=BV1M99EBqEfn 已成功抓取全部所需数据。
[2026-04-17 05:20:04] [SUCCESS] bvid=BV1M9DaBPEwA 已成功抓取全部所需数据。
[2026-04-17 05:20:20] [SUCCESS] bvid=BV1M9DaBPEwH 已成功抓取全部所需数据。
[2026-04-17 05:20:34] [SUCCESS] bvid=BV1M9SZBKEQf 已成功抓取全部所需数据。
[2026-04-17 05:20:40] [SUCCESS] bvid=BV1M9SZBKEhP 已成功抓取全部所需数据。
[2026-04-17 05:20:45] [SUCCESS] bvid=BV1M9XGBJE2e 已成功抓取全部所需数据。
[2026-04-17 05:20:48] [ERROR] bvid=BV1M9XGBJEmF 抓取失败：media: 接口返回错误代码：62012，信息：62012。
{'code': 62012, 'message': '62012', 'ttl': 1}
[2026-04-17 05:21:06] [SUCCESS] bvid=BV1M9XgBrEJL 已成功抓取全部所需数据。
[2026-04-17 05:21:12] [SUCCESS] bvid=BV1M9XyBzEwY 已成功抓取全部所需数据。
[2026-04-17 05:21:19] [SUCCESS] bvid=BV1MA9cBUEmx 已成功抓取全部所需数据。
[2026-04-17 05:21:27] [SUCCESS] bvid=BV1MADZBNEbw 已成功抓取全部所需数据。
[2026-04-17 05:21:34] [SUCCESS] bvid=BV1MADqBCE1s 已成功抓取全部所需数据。
[2026-04-17 05:21:39] [SUCCESS] bvid=BV1MAQ3BrEEw 已成功抓取全部所需数据。
[2026-04-17 05:21:42] [ERROR] bvid=BV1MAXKBcEzF 抓取失败：media: 接口返回错误代码：62002，信息：稿件不可见。
{'code': 62002, 'message': '稿件不可见', 'ttl': 1}
[2026-04-17 05:21:49] [SUCCESS] bvid=BV1MAwrzJEGn 已成功抓取全部所需数据。
[2026-04-17 05:21:56] [SUCCESS] bvid=BV1MB9gB1Ek6 已成功抓取全部所需数据。
[2026-04-17 05:22:02] [SUCCESS] bvid=BV1MBDWBGEmZ 已成功抓取全部所需数据。
[2026-04-17 05:22:08] [SUCCESS] bvid=BV1MBSSB5E67 已成功抓取全部所需数据。
[2026-04-17 05:22:16] [SUCCESS] bvid=BV1MBXPBtE2g 已成功抓取全部所需数据。
[2026-04-17 05:22:21] [SUCCESS] bvid=BV1MBXPBtE4C 已成功抓取全部所需数据。
[2026-04-17 05:22:28] [SUCCESS] bvid=BV1MBXPBtEB6 已成功抓取全部所需数据。
[2026-04-17 05:22:31] [ERROR] bvid=BV1MBXPBtEZu 抓取失败：media: 接口返回错误代码：62002，信息：稿件不可见。
{'code': 62002, 'message': '稿件不可见', 'ttl': 1}
[2026-04-17 05:22:36] [SUCCESS] bvid=BV1MBXPBtEbk 已成功抓取全部所需数据。
[2026-04-17 05:22:41] [SUCCESS] bvid=BV1MBXPBtEoL 已成功抓取全部所需数据。
[2026-04-17 05:22:46] [SUCCESS] bvid=BV1MBXPBtEoo 已成功抓取全部所需数据。
[2026-04-17 05:22:52] [SUCCESS] bvid=BV1MBXVBJE28 已成功抓取全部所需数据。
[2026-04-17 05:22:55] [ERROR] bvid=BV1MBXVBJEsU 抓取失败：media: 接口返回错误代码：62002，信息：稿件不可见。
{'code': 62002, 'message': '稿件不可见', 'ttl': 1}
[2026-04-17 05:23:00] [SUCCESS] bvid=BV1MBXiBmEi9 已成功抓取全部所需数据。
[2026-04-17 05:23:05] [SUCCESS] bvid=BV1MBXmB7Ehu 已成功抓取全部所需数据。
[2026-04-17 05:23:10] [SUCCESS] bvid=BV1MCQFByEWc 已成功抓取全部所需数据。
[2026-04-17 05:23:17] [SUCCESS] bvid=BV1MCQFByEya 已成功抓取全部所需数据。
[2026-04-17 05:23:29] [SUCCESS] bvid=BV1MCSQBUEVY 已成功抓取全部所需数据。
[2026-04-17 05:23:37] [SUCCESS] bvid=BV1MDD8BtEKo 已成功抓取全部所需数据。
[2026-04-17 05:23:42] [SUCCESS] bvid=BV1MDQPBxEkC 已成功抓取全部所需数据。
[2026-04-17 05:23:48] [SUCCESS] bvid=BV1MDQwBmEKu 已成功抓取全部所需数据。
[2026-04-17 05:24:08] [SUCCESS] bvid=BV1MDSdB8EXk 已成功抓取全部所需数据。
[2026-04-17 05:24:17] [SUCCESS] bvid=BV1MDXgBCELF 已成功抓取全部所需数据。
[2026-04-17 05:24:22] [SUCCESS] bvid=BV1MDXhBNEdt 已成功抓取全部所需数据。
[2026-04-17 05:24:37] [SUCCESS] bvid=BV1MDXhBNErr 已成功抓取全部所需数据。
[2026-04-17 05:24:44] [SUCCESS] bvid=BV1ME9FBUE13 已成功抓取全部所需数据。
[2026-04-17 05:24:51] [SUCCESS] bvid=BV1ME9uB6E1R 已成功抓取全部所需数据。
[2026-04-17 05:25:03] [SUCCESS] bvid=BV1ME9uB6ESe 已成功抓取全部所需数据。
[2026-04-17 05:25:22] [SUCCESS] bvid=BV1MED1BvE7K 已成功抓取全部所需数据。
[2026-04-17 05:25:33] [SUCCESS] bvid=BV1MED1BvEjL 已成功抓取全部所需数据。
[2026-04-17 05:25:41] [SUCCESS] bvid=BV1MED1BvEmw 已成功抓取全部所需数据。
[2026-04-17 05:25:47] [SUCCESS] bvid=BV1MEQbBsEJH 已成功抓取全部所需数据。
[2026-04-17 05:25:55] [SUCCESS] bvid=BV1MEQbBsErN 已成功抓取全部所需数据。
[2026-04-17 05:26:01] [SUCCESS] bvid=BV1MFD2BqEcv 已成功抓取全部所需数据。
[2026-04-17 05:26:14] [SUCCESS] bvid=BV1MFSSB3EMm 已成功抓取全部所需数据。
[2026-04-17 05:26:20] [SUCCESS] bvid=BV1MGDXBXE4d 已成功抓取全部所需数据。
[2026-04-17 05:26:34] [SUCCESS] bvid=BV1MGDnBYEhA 已成功抓取全部所需数据。
[2026-04-17 05:26:40] [SUCCESS] bvid=BV1MHXDBdEiy 已成功抓取全部所需数据。
[2026-04-17 05:26:46] [SUCCESS] bvid=BV1MHXxBUEFt 已成功抓取全部所需数据。
[2026-04-17 05:26:53] [SUCCESS] bvid=BV1MJDsB5EBo 已成功抓取全部所需数据。
[2026-04-17 05:26:58] [SUCCESS] bvid=BV1MJXZBgEwH 已成功抓取全部所需数据。
[2026-04-17 05:27:04] [SUCCESS] bvid=BV1MKXQBRExy 已成功抓取全部所需数据。
[2026-04-17 05:27:10] [SUCCESS] bvid=BV1MKXhBNEvr 已成功抓取全部所需数据。
[2026-04-17 05:27:16] [SUCCESS] bvid=BV1MLD1BqEWM 已成功抓取全部所需数据。
[2026-04-17 05:27:22] [SUCCESS] bvid=BV1MLDCBfEEp 已成功抓取全部所需数据。
[2026-04-17 05:27:28] [SUCCESS] bvid=BV1MLQ7BoEEg 已成功抓取全部所需数据。
[2026-04-17 05:27:34] [SUCCESS] bvid=BV1MLSZBAEG7 已成功抓取全部所需数据。
[2026-04-17 05:27:42] [SUCCESS] bvid=BV1MLXGBjEDe 已成功抓取全部所需数据。
[2026-04-17 05:27:47] [SUCCESS] bvid=BV1MLXGBjEoi 已成功抓取全部所需数据。
[2026-04-17 05:27:54] [SUCCESS] bvid=BV1MMDDBmEiV 已成功抓取全部所需数据。
[2026-04-17 05:28:00] [SUCCESS] bvid=BV1MMDEBtEfH 已成功抓取全部所需数据。
[2026-04-17 05:28:06] [SUCCESS] bvid=BV1MMDTBZEyZ 已成功抓取全部所需数据。
[2026-04-17 05:28:13] [SUCCESS] bvid=BV1MMQ1BKExo 已成功抓取全部所需数据。
[2026-04-17 05:28:19] [SUCCESS] bvid=BV1MMQeBqEFc 已成功抓取全部所需数据。
[2026-04-17 05:28:28] [SUCCESS] bvid=BV1MMQwB7EGq 已成功抓取全部所需数据。
[2026-04-17 05:28:35] [SUCCESS] bvid=BV1MMQwB7EXZ 已成功抓取全部所需数据。
[2026-04-17 05:28:41] [SUCCESS] bvid=BV1MMQwB7EdD 已成功抓取全部所需数据。
[2026-04-17 05:28:46] [SUCCESS] bvid=BV1MMXMBvESw 已成功抓取全部所需数据。
[2026-04-17 05:28:46] [WARN] 当前子任务已结束，但仍有未成功抓取的视频，已导出 remaining CSV 供继续执行。
[2026-04-17 05:28:46] [INFO] 已导出剔除成功条目后的剩余 CSV：outputs\video_data\manual_crawls\manual_crawl_media_mode_A_20260417_011323\remaining_bvids_part_16.csv
[2026-04-17 05:28:46] 子任务结束时间：2026-04-17T05:28:46.604645
[TIMESTAMP][END] 2026-04-17T05:28:46
