[TIMESTAMP][BEGIN] 2026-04-17T04:06:22
[2026-04-17 04:06:25] 开始执行 CSV 批量抓取子任务 part_11。
[2026-04-17 04:06:25] 子任务开始时间：2026-04-17T04:06:22.460517
[2026-04-17 04:06:25] 输入文件：batch_input_11.csv
[2026-04-17 04:06:25] 输入唯一 bvid 数量：100
[2026-04-17 04:06:25] 为严格按 CSV 顺序判断连续失败阈值，本次任务自动将并发度从 3 调整为 1。
[2026-04-17 04:06:34] [SUCCESS] bvid=BV1L3DQBeEUa 已成功抓取全部所需数据。
[2026-04-17 04:06:41] [SUCCESS] bvid=BV1L3DSBdETX 已成功抓取全部所需数据。
[2026-04-17 04:06:47] [SUCCESS] bvid=BV1L3DSBdEqu 已成功抓取全部所需数据。
[2026-04-17 04:06:54] [SUCCESS] bvid=BV1L3QWB9ENU 已成功抓取全部所需数据。
[2026-04-17 04:07:08] [SUCCESS] bvid=BV1L3XTBCEeS 已成功抓取全部所需数据。
[2026-04-17 04:07:13] [SUCCESS] bvid=BV1L3XrBrE1F 已成功抓取全部所需数据。
[2026-04-17 04:07:25] [SUCCESS] bvid=BV1L4D5BfEvi 已成功抓取全部所需数据。
[2026-04-17 04:07:30] [SUCCESS] bvid=BV1L4DxBtEie 已成功抓取全部所需数据。
[2026-04-17 04:07:36] [SUCCESS] bvid=BV1L4SQB8EdX 已成功抓取全部所需数据。
[2026-04-17 04:07:42] [SUCCESS] bvid=BV1L4XKBCE8g 已成功抓取全部所需数据。
[2026-04-17 04:07:45] [ERROR] bvid=BV1L4XKBCEdE 抓取失败：media: 接口返回错误代码：62002，信息：稿件不可见。
{'code': 62002, 'message': '稿件不可见', 'ttl': 1}
[2026-04-17 04:07:50] [SUCCESS] bvid=BV1L4XKBCEre 已成功抓取全部所需数据。
[2026-04-17 04:08:03] [SUCCESS] bvid=BV1L4XKBCEvi 已成功抓取全部所需数据。
[2026-04-17 04:08:19] [SUCCESS] bvid=BV1L4XLBvERW 已成功抓取全部所需数据。
[2026-04-17 04:08:26] [SUCCESS] bvid=BV1L4XLBvESK 已成功抓取全部所需数据。
[2026-04-17 04:08:32] [SUCCESS] bvid=BV1L4XLBvEYD 已成功抓取全部所需数据。
[2026-04-17 04:08:44] [SUCCESS] bvid=BV1L4XLBvEdZ 已成功抓取全部所需数据。
[2026-04-17 04:08:52] [SUCCESS] bvid=BV1L4XSBYEsK 已成功抓取全部所需数据。
[2026-04-17 04:08:59] [SUCCESS] bvid=BV1L5D7BeEEk 已成功抓取全部所需数据。
[2026-04-17 04:09:06] [SUCCESS] bvid=BV1L5DbBPEPE 已成功抓取全部所需数据。
[2026-04-17 04:09:12] [SUCCESS] bvid=BV1L5QxB8EiW 已成功抓取全部所需数据。
[2026-04-17 04:09:24] [SUCCESS] bvid=BV1L5QxB8Ery 已成功抓取全部所需数据。
[2026-04-17 04:09:30] [SUCCESS] bvid=BV1L5QxB8Eum 已成功抓取全部所需数据。
[2026-04-17 04:09:43] [SUCCESS] bvid=BV1L6XZBdECz 已成功抓取全部所需数据。
[2026-04-17 04:09:51] [SUCCESS] bvid=BV1L797BVErH 已成功抓取全部所需数据。
[2026-04-17 04:10:07] [SUCCESS] bvid=BV1L797BVEsy 已成功抓取全部所需数据。
[2026-04-17 04:10:13] [SUCCESS] bvid=BV1L79KBCE9Z 已成功抓取全部所需数据。
[2026-04-17 04:10:24] [SUCCESS] bvid=BV1L7D9BMEYP 已成功抓取全部所需数据。
[2026-04-17 04:10:32] [ERROR] bvid=BV1L7D9BMEpg 抓取失败：media: 接口返回错误代码：-404，信息：啥都木有。
{'code': -404, 'message': '啥都木有', 'ttl': 1}
[2026-04-17 04:10:38] [SUCCESS] bvid=BV1L7DQB8EMT 已成功抓取全部所需数据。
[2026-04-17 04:10:51] [SUCCESS] bvid=BV1L7XaB1E8K 已成功抓取全部所需数据。
[2026-04-17 04:10:57] [SUCCESS] bvid=BV1L7XaB1ETf 已成功抓取全部所需数据。
[2026-04-17 04:11:01] [SUCCESS] bvid=BV1L7XeBWEpg 已成功抓取全部所需数据。
[2026-04-17 04:11:06] [SUCCESS] bvid=BV1L7XpBREJn 已成功抓取全部所需数据。
[2026-04-17 04:11:12] [SUCCESS] bvid=BV1L7XuB7EPB 已成功抓取全部所需数据。
[2026-04-17 04:11:18] [SUCCESS] bvid=BV1L8DjBvER1 已成功抓取全部所需数据。
[2026-04-17 04:11:37] [SUCCESS] bvid=BV1L8DxBxEju 已成功抓取全部所需数据。
[2026-04-17 04:11:44] [SUCCESS] bvid=BV1L8DxBxEnc 已成功抓取全部所需数据。
[2026-04-17 04:11:50] [SUCCESS] bvid=BV1L8QeBHEq3 已成功抓取全部所需数据。
[2026-04-17 04:11:56] [SUCCESS] bvid=BV1L8X6BzEMj 已成功抓取全部所需数据。
[2026-04-17 04:12:01] [SUCCESS] bvid=BV1L8X6BzEgz 已成功抓取全部所需数据。
[2026-04-17 04:12:07] [SUCCESS] bvid=BV1L8X6BzEv9 已成功抓取全部所需数据。
[2026-04-17 04:12:12] [SUCCESS] bvid=BV1L8XKBrE4g 已成功抓取全部所需数据。
[2026-04-17 04:12:25] [SUCCESS] bvid=BV1L9DKBMEgP 已成功抓取全部所需数据。
[2026-04-17 04:12:31] [SUCCESS] bvid=BV1L9QcBoEeH 已成功抓取全部所需数据。
[2026-04-17 04:12:55] [SUCCESS] bvid=BV1L9QvBREvt 已成功抓取全部所需数据。
[2026-04-17 04:13:00] [SUCCESS] bvid=BV1LA9FBfEoA 已成功抓取全部所需数据。
[2026-04-17 04:13:13] [SUCCESS] bvid=BV1LA9uBDEDH 已成功抓取全部所需数据。
[2026-04-17 04:13:29] [SUCCESS] bvid=BV1LA9uBDEu6 已成功抓取全部所需数据。
[2026-04-17 04:13:35] [SUCCESS] bvid=BV1LAD1B1E95 已成功抓取全部所需数据。
[2026-04-17 04:13:42] [SUCCESS] bvid=BV1LAD1B1EZt 已成功抓取全部所需数据。
[2026-04-17 04:13:55] [SUCCESS] bvid=BV1LAQbBvEMv 已成功抓取全部所需数据。
[2026-04-17 04:14:06] [SUCCESS] bvid=BV1LAX5BAE9A 已成功抓取全部所需数据。
[2026-04-17 04:14:11] [SUCCESS] bvid=BV1LAXGBsETG 已成功抓取全部所需数据。
[2026-04-17 04:14:23] [SUCCESS] bvid=BV1LBDaB5ESz 已成功抓取全部所需数据。
[2026-04-17 04:14:55] [SUCCESS] bvid=BV1LBSZBjEt1 已成功抓取全部所需数据。
[2026-04-17 04:15:00] [SUCCESS] bvid=BV1LBXGB8E2m 已成功抓取全部所需数据。
[2026-04-17 04:15:05] [SUCCESS] bvid=BV1LBXGB8Eru 已成功抓取全部所需数据。
[2026-04-17 04:15:18] [SUCCESS] bvid=BV1LBXgBQE2Q 已成功抓取全部所需数据。
[2026-04-17 04:15:29] [SUCCESS] bvid=BV1LBXgBQEBA 已成功抓取全部所需数据。
[2026-04-17 04:15:37] [SUCCESS] bvid=BV1LBXgBQEBP 已成功抓取全部所需数据。
[2026-04-17 04:15:43] [SUCCESS] bvid=BV1LBXgBQEWU 已成功抓取全部所需数据。
[2026-04-17 04:15:51] [SUCCESS] bvid=BV1LBXgBQEbG 已成功抓取全部所需数据。
[2026-04-17 04:16:06] [SUCCESS] bvid=BV1LBXgBQEbV 已成功抓取全部所需数据。
[2026-04-17 04:16:09] [ERROR] bvid=BV1LBXgBQEgK 抓取失败：media: 接口返回错误代码：62002，信息：稿件不可见。
{'code': 62002, 'message': '稿件不可见', 'ttl': 1}
[2026-04-17 04:16:15] [SUCCESS] bvid=BV1LBXgBQEtT 已成功抓取全部所需数据。
[2026-04-17 04:16:33] [SUCCESS] bvid=BV1LBXhBVEu7 已成功抓取全部所需数据。
[2026-04-17 04:16:44] [SUCCESS] bvid=BV1LCDeBUEfu 已成功抓取全部所需数据。
[2026-04-17 04:16:50] [SUCCESS] bvid=BV1LCQMB2EYS 已成功抓取全部所需数据。
[2026-04-17 04:16:56] [SUCCESS] bvid=BV1LCXZB9E9S 已成功抓取全部所需数据。
[2026-04-17 04:17:02] [SUCCESS] bvid=BV1LCXZB9Evh 已成功抓取全部所需数据。
[2026-04-17 04:17:09] [SUCCESS] bvid=BV1LD9wBvE5x 已成功抓取全部所需数据。
[2026-04-17 04:17:21] [SUCCESS] bvid=BV1LDDKBgEXw 已成功抓取全部所需数据。
[2026-04-17 04:17:27] [SUCCESS] bvid=BV1LDDLBwEJn 已成功抓取全部所需数据。
[2026-04-17 04:17:33] [SUCCESS] bvid=BV1LDXNBuEPZ 已成功抓取全部所需数据。
[2026-04-17 04:17:56] [SUCCESS] bvid=BV1LED9BqEcn 已成功抓取全部所需数据。
[2026-04-17 04:18:13] [SUCCESS] bvid=BV1LEQABbEwB 已成功抓取全部所需数据。
[2026-04-17 04:18:19] [SUCCESS] bvid=BV1LESoB3EAf 已成功抓取全部所需数据。
[2026-04-17 04:18:33] [SUCCESS] bvid=BV1LFQbBqE9T 已成功抓取全部所需数据。
[2026-04-17 04:18:45] [SUCCESS] bvid=BV1LFQbBqEhU 已成功抓取全部所需数据。
[2026-04-17 04:18:52] [SUCCESS] bvid=BV1LFQbBqEoz 已成功抓取全部所需数据。
[2026-04-17 04:18:57] [SUCCESS] bvid=BV1LG9VBcE8W 已成功抓取全部所需数据。
[2026-04-17 04:19:03] [SUCCESS] bvid=BV1LG9VBcEDV 已成功抓取全部所需数据。
[2026-04-17 04:19:08] [SUCCESS] bvid=BV1LG9wBhEJE 已成功抓取全部所需数据。
[2026-04-17 04:19:14] [SUCCESS] bvid=BV1LH9JBEEVP 已成功抓取全部所需数据。
[2026-04-17 04:19:27] [SUCCESS] bvid=BV1LH9JBEEeV 已成功抓取全部所需数据。
[2026-04-17 04:19:41] [SUCCESS] bvid=BV1LH9JBEEqi 已成功抓取全部所需数据。
[2026-04-17 04:19:48] [SUCCESS] bvid=BV1LH9MBUEn4 已成功抓取全部所需数据。
[2026-04-17 04:20:00] [SUCCESS] bvid=BV1LHDHBLEUh 已成功抓取全部所需数据。
[2026-04-17 04:20:39] [SUCCESS] bvid=BV1LHDHBLEfT 已成功抓取全部所需数据。
[2026-04-17 04:20:53] [SUCCESS] bvid=BV1LHQtBYE8H 已成功抓取全部所需数据。
[2026-04-17 04:21:00] [SUCCESS] bvid=BV1LHQtBYE8w 已成功抓取全部所需数据。
[2026-04-17 04:21:10] [SUCCESS] bvid=BV1LHXVBcEVD 已成功抓取全部所需数据。
[2026-04-17 04:21:13] [ERROR] bvid=BV1LHXVBcEa8 抓取失败：media: 接口返回错误代码：-404，信息：啥都木有。
{'code': -404, 'message': '啥都木有', 'ttl': 1}
[2026-04-17 04:21:18] [SUCCESS] bvid=BV1LHXVBcEaC 已成功抓取全部所需数据。
[2026-04-17 04:21:24] [SUCCESS] bvid=BV1LHXiBbEQ5 已成功抓取全部所需数据。
[2026-04-17 04:21:30] [SUCCESS] bvid=BV1LJ9KBGE61 已成功抓取全部所需数据。
[2026-04-17 04:21:36] [SUCCESS] bvid=BV1LJSfBEEVa 已成功抓取全部所需数据。
[2026-04-17 04:21:49] [SUCCESS] bvid=BV1LJX1BQEPX 已成功抓取全部所需数据。
[2026-04-17 04:21:55] [SUCCESS] bvid=BV1LJX1BQEPj 已成功抓取全部所需数据。
[2026-04-17 04:21:55] [WARN] 当前子任务已结束，但仍有未成功抓取的视频，已导出 remaining CSV 供继续执行。
[2026-04-17 04:21:55] [INFO] 已导出剔除成功条目后的剩余 CSV：outputs\video_data\manual_crawls\manual_crawl_media_mode_A_20260417_011323\remaining_bvids_part_11.csv
[2026-04-17 04:21:55] 子任务结束时间：2026-04-17T04:21:55.050226
[TIMESTAMP][END] 2026-04-17T04:21:55
