[TIMESTAMP][BEGIN] 2026-04-17T08:33:06
[2026-04-17 08:33:09] 开始执行 CSV 批量抓取子任务 part_30。
[2026-04-17 08:33:09] 子任务开始时间：2026-04-17T08:33:06.872090
[2026-04-17 08:33:09] 输入文件：batch_input_29.csv
[2026-04-17 08:33:09] 输入唯一 bvid 数量：100
[2026-04-17 08:33:09] 为严格按 CSV 顺序判断连续失败阈值，本次任务自动将并发度从 3 调整为 1。
[2026-04-17 08:33:24] [SUCCESS] bvid=BV1QhQuBCEQQ 已成功抓取全部所需数据。
[2026-04-17 08:33:36] [SUCCESS] bvid=BV1QhX1BVEA5 已成功抓取全部所需数据。
[2026-04-17 08:33:40] [SUCCESS] bvid=BV1QhX1BVEgm 已成功抓取全部所需数据。
[2026-04-17 08:33:47] [SUCCESS] bvid=BV1QhXfBDE8R 已成功抓取全部所需数据。
[2026-04-17 08:33:59] [SUCCESS] bvid=BV1QhXfBDE9f 已成功抓取全部所需数据。
[2026-04-17 08:34:04] [SUCCESS] bvid=BV1QhXfBDEts 已成功抓取全部所需数据。
[2026-04-17 08:34:23] [SUCCESS] bvid=BV1Qi9WBWE1K 已成功抓取全部所需数据。
[2026-04-17 08:34:29] [SUCCESS] bvid=BV1QiDUBSExs 已成功抓取全部所需数据。
[2026-04-17 08:34:42] [SUCCESS] bvid=BV1QiXKBqELq 已成功抓取全部所需数据。
[2026-04-17 08:34:49] [SUCCESS] bvid=BV1QiXLBtEE7 已成功抓取全部所需数据。
[2026-04-17 08:34:59] [SUCCESS] bvid=BV1QiXLBtETJ 已成功抓取全部所需数据。
[2026-04-17 08:35:06] [SUCCESS] bvid=BV1QiXSBxEfR 已成功抓取全部所需数据。
[2026-04-17 08:35:14] [SUCCESS] bvid=BV1Qj9VB4EMX 已成功抓取全部所需数据。
[2026-04-17 08:35:19] [SUCCESS] bvid=BV1Qj9VB4ETS 已成功抓取全部所需数据。
[2026-04-17 08:35:31] [SUCCESS] bvid=BV1QjXNBhE8F 已成功抓取全部所需数据。
[2026-04-17 08:35:35] [SUCCESS] bvid=BV1QjXNBhEcK 已成功抓取全部所需数据。
[2026-04-17 08:35:46] [SUCCESS] bvid=BV1QjXjBcEzY 已成功抓取全部所需数据。
[2026-04-17 08:35:56] [SUCCESS] bvid=BV1QjXzBbEvW 已成功抓取全部所需数据。
[2026-04-17 08:36:02] [SUCCESS] bvid=BV1QkDTBeE5B 已成功抓取全部所需数据。
[2026-04-17 08:36:14] [SUCCESS] bvid=BV1QkDTBeEoR 已成功抓取全部所需数据。
[2026-04-17 08:36:27] [SUCCESS] bvid=BV1QkXhBzE6B 已成功抓取全部所需数据。
[2026-04-17 08:36:33] [SUCCESS] bvid=BV1QkXhBzEwo 已成功抓取全部所需数据。
[2026-04-17 08:36:47] [SUCCESS] bvid=BV1QmXdBGE2C 已成功抓取全部所需数据。
[2026-04-17 08:36:54] [SUCCESS] bvid=BV1QmXvBQE2v 已成功抓取全部所需数据。
[2026-04-17 08:36:58] [SUCCESS] bvid=BV1QnD4BnEKx 已成功抓取全部所需数据。
[2026-04-17 08:37:12] [SUCCESS] bvid=BV1QnQvBjELR 已成功抓取全部所需数据。
[2026-04-17 08:37:32] [SUCCESS] bvid=BV1QnQvBjEvh 已成功抓取全部所需数据。
[2026-04-17 08:37:45] [SUCCESS] bvid=BV1QnSRBcEUu 已成功抓取全部所需数据。
[2026-04-17 08:37:50] [SUCCESS] bvid=BV1QnXTBiEjr 已成功抓取全部所需数据。
[2026-04-17 08:38:02] [SUCCESS] bvid=BV1QnXuB5EqQ 已成功抓取全部所需数据。
[2026-04-17 08:38:07] [SUCCESS] bvid=BV1Qo9FBQEE6 已成功抓取全部所需数据。
[2026-04-17 08:38:26] [SUCCESS] bvid=BV1Qo9FBQEPa 已成功抓取全部所需数据。
[2026-04-17 08:38:32] [SUCCESS] bvid=BV1Qo9FBQEgH 已成功抓取全部所需数据。
[2026-04-17 08:38:37] [SUCCESS] bvid=BV1Qo9FBQEhs 已成功抓取全部所需数据。
[2026-04-17 08:38:43] [SUCCESS] bvid=BV1QoSXBZEf5 已成功抓取全部所需数据。
[2026-04-17 08:38:49] [SUCCESS] bvid=BV1QoXNBPENR 已成功抓取全部所需数据。
[2026-04-17 08:38:55] [SUCCESS] bvid=BV1QoXzBwEMA 已成功抓取全部所需数据。
[2026-04-17 08:39:02] [SUCCESS] bvid=BV1Qp9LBcENw 已成功抓取全部所需数据。
[2026-04-17 08:39:08] [SUCCESS] bvid=BV1Qp9LBcEhh 已成功抓取全部所需数据。
[2026-04-17 08:39:16] [ERROR] bvid=BV1QpDMBTE2M 抓取失败：media: 接口返回错误代码：62002，信息：稿件不可见。
{'code': 62002, 'message': '稿件不可见', 'ttl': 1}
[2026-04-17 08:39:22] [SUCCESS] bvid=BV1QpDMBTEk6 已成功抓取全部所需数据。
[2026-04-17 08:39:44] [SUCCESS] bvid=BV1QpSoBqEF8 已成功抓取全部所需数据。
[2026-04-17 08:39:51] [SUCCESS] bvid=BV1QpSoBqEwL 已成功抓取全部所需数据。
[2026-04-17 08:40:06] [SUCCESS] bvid=BV1QpXrBAEuG 已成功抓取全部所需数据。
[2026-04-17 08:40:12] [SUCCESS] bvid=BV1QqDABpEaY 已成功抓取全部所需数据。
[2026-04-17 08:40:18] [SUCCESS] bvid=BV1QqDjBfELb 已成功抓取全部所需数据。
[2026-04-17 08:40:24] [SUCCESS] bvid=BV1QqDjBfESY 已成功抓取全部所需数据。
[2026-04-17 08:40:37] [SUCCESS] bvid=BV1QqXQBYEf8 已成功抓取全部所需数据。
[2026-04-17 08:40:41] [SUCCESS] bvid=BV1QqXSBRE3q 已成功抓取全部所需数据。
[2026-04-17 08:40:48] [SUCCESS] bvid=BV1QqXbBNE5p 已成功抓取全部所需数据。
[2026-04-17 08:40:53] [SUCCESS] bvid=BV1QqXbBNEfR 已成功抓取全部所需数据。
[2026-04-17 08:41:00] [SUCCESS] bvid=BV1QqXbBNExb 已成功抓取全部所需数据。
[2026-04-17 08:41:06] [SUCCESS] bvid=BV1QqXbBNEyv 已成功抓取全部所需数据。
[2026-04-17 08:41:19] [SUCCESS] bvid=BV1QrDTBNE2x 已成功抓取全部所需数据。
[2026-04-17 08:41:40] [SUCCESS] bvid=BV1QrDTBNECv 已成功抓取全部所需数据。
[2026-04-17 08:41:46] [SUCCESS] bvid=BV1QrDrBAEfx 已成功抓取全部所需数据。
[2026-04-17 08:42:15] [SUCCESS] bvid=BV1QrDzBsE6R 已成功抓取全部所需数据。
[2026-04-17 08:42:21] [SUCCESS] bvid=BV1QrXbBaE55 已成功抓取全部所需数据。
[2026-04-17 08:42:26] [SUCCESS] bvid=BV1QrXbBaELF 已成功抓取全部所需数据。
[2026-04-17 08:42:31] [SUCCESS] bvid=BV1QrXbBaELN 已成功抓取全部所需数据。
[2026-04-17 08:42:52] [SUCCESS] bvid=BV1QrXbBaENK 已成功抓取全部所需数据。
[2026-04-17 08:42:58] [SUCCESS] bvid=BV1QsDhBPEYo 已成功抓取全部所需数据。
[2026-04-17 08:43:05] [SUCCESS] bvid=BV1QsDhBPExZ 已成功抓取全部所需数据。
[2026-04-17 08:43:12] [SUCCESS] bvid=BV1QsQxBXEd5 已成功抓取全部所需数据。
[2026-04-17 08:43:21] [SUCCESS] bvid=BV1QsSoBKE6r 已成功抓取全部所需数据。
[2026-04-17 08:43:32] [SUCCESS] bvid=BV1QsSoBKECd 已成功抓取全部所需数据。
[2026-04-17 08:43:37] [SUCCESS] bvid=BV1QsX3BJEQf 已成功抓取全部所需数据。
[2026-04-17 08:43:53] [SUCCESS] bvid=BV1QsX3BJESv 已成功抓取全部所需数据。
[2026-04-17 08:44:02] [ERROR] bvid=BV1QsX3BJEdM 抓取失败：media: No downloadable media stream found for this bvid.
[2026-04-17 08:44:18] [SUCCESS] bvid=BV1QsXCBzEDn 已成功抓取全部所需数据。
[2026-04-17 08:44:31] [SUCCESS] bvid=BV1QsXCBzEbe 已成功抓取全部所需数据。
[2026-04-17 08:44:38] [SUCCESS] bvid=BV1Qt97BvEx1 已成功抓取全部所需数据。
[2026-04-17 08:44:50] [SUCCESS] bvid=BV1QtDhBwEAY 已成功抓取全部所需数据。
[2026-04-17 08:44:55] [SUCCESS] bvid=BV1QtDhBwEwr 已成功抓取全部所需数据。
[2026-04-17 08:45:07] [SUCCESS] bvid=BV1QtQNBFEHT 已成功抓取全部所需数据。
[2026-04-17 08:45:13] [SUCCESS] bvid=BV1QtQjBfED8 已成功抓取全部所需数据。
[2026-04-17 08:45:19] [SUCCESS] bvid=BV1QtQtBbEgo 已成功抓取全部所需数据。
[2026-04-17 08:45:26] [SUCCESS] bvid=BV1QtX1BLEUo 已成功抓取全部所需数据。
[2026-04-17 08:45:31] [SUCCESS] bvid=BV1QtX3B7E5N 已成功抓取全部所需数据。
[2026-04-17 08:45:35] [SUCCESS] bvid=BV1QtX3B7E6i 已成功抓取全部所需数据。
[2026-04-17 08:45:47] [SUCCESS] bvid=BV1QtX3B7Eg7 已成功抓取全部所需数据。
[2026-04-17 08:46:00] [SUCCESS] bvid=BV1QtX3B7Ep2 已成功抓取全部所需数据。
[2026-04-17 08:46:06] [SUCCESS] bvid=BV1QtX3B7Ers 已成功抓取全部所需数据。
[2026-04-17 08:46:15] [SUCCESS] bvid=BV1Qu9uB1Eps 已成功抓取全部所需数据。
[2026-04-17 08:46:20] [SUCCESS] bvid=BV1QuSUB5EBe 已成功抓取全部所需数据。
[2026-04-17 08:46:39] [SUCCESS] bvid=BV1QuSUB5EXR 已成功抓取全部所需数据。
[2026-04-17 08:46:59] [SUCCESS] bvid=BV1QuSUB5EpJ 已成功抓取全部所需数据。
[2026-04-17 08:47:11] [SUCCESS] bvid=BV1QuSUBLETk 已成功抓取全部所需数据。
[2026-04-17 08:47:16] [SUCCESS] bvid=BV1QuXGBJE4G 已成功抓取全部所需数据。
[2026-04-17 08:47:21] [SUCCESS] bvid=BV1QuXGBJE8q 已成功抓取全部所需数据。
[2026-04-17 08:47:27] [SUCCESS] bvid=BV1QuXGBJEdS 已成功抓取全部所需数据。
[2026-04-17 08:47:34] [SUCCESS] bvid=BV1QuXGBJEiu 已成功抓取全部所需数据。
[2026-04-17 08:47:53] [SUCCESS] bvid=BV1Qv9HBjE2k 已成功抓取全部所需数据。
[2026-04-17 08:48:08] [SUCCESS] bvid=BV1Qv9gBmEWu 已成功抓取全部所需数据。
[2026-04-17 08:48:15] [SUCCESS] bvid=BV1QvXPB8Egp 已成功抓取全部所需数据。
[2026-04-17 08:48:28] [SUCCESS] bvid=BV1QvXPB8EnC 已成功抓取全部所需数据。
[2026-04-17 08:48:33] [SUCCESS] bvid=BV1QvXPB8EuZ 已成功抓取全部所需数据。
[2026-04-17 08:48:41] [ERROR] bvid=BV1QvXmBEEFX 抓取失败：media: 接口返回错误代码：62002，信息：稿件不可见。
{'code': 62002, 'message': '稿件不可见', 'ttl': 1}
[2026-04-17 08:48:53] [SUCCESS] bvid=BV1QwDDBDE7T 已成功抓取全部所需数据。
[2026-04-17 08:48:59] [SUCCESS] bvid=BV1QwDDBDEAA 已成功抓取全部所需数据。
[2026-04-17 08:48:59] [WARN] 当前子任务已结束，但仍有未成功抓取的视频，已导出 remaining CSV 供继续执行。
[2026-04-17 08:48:59] [INFO] 已导出剔除成功条目后的剩余 CSV：outputs\video_data\manual_crawls\manual_crawl_media_mode_A_20260417_011323\remaining_bvids_part_30.csv
[2026-04-17 08:48:59] 子任务结束时间：2026-04-17T08:48:59.514224
[TIMESTAMP][END] 2026-04-17T08:48:59
