[TIMESTAMP][BEGIN] 2026-04-17T08:16:59
[2026-04-17 08:17:01] 开始执行 CSV 批量抓取子任务 part_29。
[2026-04-17 08:17:01] 子任务开始时间：2026-04-17T08:16:59.443684
[2026-04-17 08:17:01] 输入文件：batch_input_28.csv
[2026-04-17 08:17:01] 输入唯一 bvid 数量：100
[2026-04-17 08:17:01] 为严格按 CSV 顺序判断连续失败阈值，本次任务自动将并发度从 3 调整为 1。
[2026-04-17 08:17:14] [SUCCESS] bvid=BV1QVXjBAEQy 已成功抓取全部所需数据。
[2026-04-17 08:17:20] [SUCCESS] bvid=BV1QVXzBhE9J 已成功抓取全部所需数据。
[2026-04-17 08:17:25] [SUCCESS] bvid=BV1QW97BMEby 已成功抓取全部所需数据。
[2026-04-17 08:17:47] [SUCCESS] bvid=BV1QWDkBeE9m 已成功抓取全部所需数据。
[2026-04-17 08:17:59] [SUCCESS] bvid=BV1QWXCBgEZj 已成功抓取全部所需数据。
[2026-04-17 08:18:11] [SUCCESS] bvid=BV1QWXpBSEZp 已成功抓取全部所需数据。
[2026-04-17 08:18:16] [SUCCESS] bvid=BV1QXDeBkEFH 已成功抓取全部所需数据。
[2026-04-17 08:18:27] [SUCCESS] bvid=BV1QXSDBXEsN 已成功抓取全部所需数据。
[2026-04-17 08:18:33] [SUCCESS] bvid=BV1QXXZB2ETv 已成功抓取全部所需数据。
[2026-04-17 08:18:40] [SUCCESS] bvid=BV1QXXZB2Epz 已成功抓取全部所需数据。
[2026-04-17 08:18:53] [SUCCESS] bvid=BV1QXXvBEEcq 已成功抓取全部所需数据。
[2026-04-17 08:19:00] [SUCCESS] bvid=BV1QXXvBEEui 已成功抓取全部所需数据。
[2026-04-17 08:19:06] [SUCCESS] bvid=BV1QY9HBmEFQ 已成功抓取全部所需数据。
[2026-04-17 08:19:17] [SUCCESS] bvid=BV1QYDcBjEJV 已成功抓取全部所需数据。
[2026-04-17 08:19:32] [SUCCESS] bvid=BV1QYQuBGE1P 已成功抓取全部所需数据。
[2026-04-17 08:19:45] [SUCCESS] bvid=BV1QYXLB8E4v 已成功抓取全部所需数据。
[2026-04-17 08:19:51] [SUCCESS] bvid=BV1QYXLB8EjT 已成功抓取全部所需数据。
[2026-04-17 08:19:54] [ERROR] bvid=BV1QYXSBtEio 抓取失败：media: 接口返回错误代码：62002，信息：稿件不可见。
{'code': 62002, 'message': '稿件不可见', 'ttl': 1}
[2026-04-17 08:20:00] [SUCCESS] bvid=BV1QYXfBJEHt 已成功抓取全部所需数据。
[2026-04-17 08:20:20] [SUCCESS] bvid=BV1QYXmBSEE8 已成功抓取全部所需数据。
[2026-04-17 08:20:25] [SUCCESS] bvid=BV1QYXmBSEvY 已成功抓取全部所需数据。
[2026-04-17 08:20:30] [SUCCESS] bvid=BV1QYXsBHE5h 已成功抓取全部所需数据。
[2026-04-17 08:20:35] [SUCCESS] bvid=BV1QZ9wBfEPj 已成功抓取全部所需数据。
[2026-04-17 08:20:50] [SUCCESS] bvid=BV1QZDLBxEA7 已成功抓取全部所需数据。
[2026-04-17 08:20:57] [SUCCESS] bvid=BV1QZDLBxEG5 已成功抓取全部所需数据。
[2026-04-17 08:21:09] [SUCCESS] bvid=BV1QZDLBxEhU 已成功抓取全部所需数据。
[2026-04-17 08:21:16] [SUCCESS] bvid=BV1QZDfBLEL9 已成功抓取全部所需数据。
[2026-04-17 08:21:40] [SUCCESS] bvid=BV1QZDfBLEQw 已成功抓取全部所需数据。
[2026-04-17 08:22:06] [SUCCESS] bvid=BV1QZDfBLEUN 已成功抓取全部所需数据。
[2026-04-17 08:22:49] [SUCCESS] bvid=BV1QZDfBLEbK 已成功抓取全部所需数据。
[2026-04-17 08:22:59] [SUCCESS] bvid=BV1QZDfBLEqM 已成功抓取全部所需数据。
[2026-04-17 08:23:04] [SUCCESS] bvid=BV1QZXNBYEa4 已成功抓取全部所需数据。
[2026-04-17 08:23:19] [SUCCESS] bvid=BV1Qa9gBSExx 已成功抓取全部所需数据。
[2026-04-17 08:23:33] [SUCCESS] bvid=BV1QaDGB2EtY 已成功抓取全部所需数据。
[2026-04-17 08:23:44] [SUCCESS] bvid=BV1QaDdBiEk3 已成功抓取全部所需数据。
[2026-04-17 08:23:51] [SUCCESS] bvid=BV1QaXVBpE5P 已成功抓取全部所需数据。
[2026-04-17 08:23:57] [SUCCESS] bvid=BV1QaXVBpEAF 已成功抓取全部所需数据。
[2026-04-17 08:24:03] [SUCCESS] bvid=BV1QaXVBpEG1 已成功抓取全部所需数据。
[2026-04-17 08:24:09] [SUCCESS] bvid=BV1QaXVBpEtz 已成功抓取全部所需数据。
[2026-04-17 08:24:12] [ERROR] bvid=BV1QaXmBnEFi 抓取失败：media: No downloadable media stream found for this bvid.
[2026-04-17 08:24:25] [SUCCESS] bvid=BV1QaXmBnEi8 已成功抓取全部所需数据。
[2026-04-17 08:24:31] [SUCCESS] bvid=BV1QaXmBnEmz 已成功抓取全部所需数据。
[2026-04-17 08:24:36] [SUCCESS] bvid=BV1Qb9JBkEJv 已成功抓取全部所需数据。
[2026-04-17 08:24:41] [SUCCESS] bvid=BV1QbDYBuE2W 已成功抓取全部所需数据。
[2026-04-17 08:24:52] [SUCCESS] bvid=BV1QbDhBaEge 已成功抓取全部所需数据。
[2026-04-17 08:25:04] [SUCCESS] bvid=BV1QbQNBbEYX 已成功抓取全部所需数据。
[2026-04-17 08:25:11] [SUCCESS] bvid=BV1QbX1ByE4R 已成功抓取全部所需数据。
[2026-04-17 08:25:37] [SUCCESS] bvid=BV1QbX1ByE7M 已成功抓取全部所需数据。
[2026-04-17 08:25:49] [SUCCESS] bvid=BV1QbXVBsE5D 已成功抓取全部所需数据。
[2026-04-17 08:26:07] [SUCCESS] bvid=BV1QbXVBsECz 已成功抓取全部所需数据。
[2026-04-17 08:26:13] [SUCCESS] bvid=BV1QbXVBsEbp 已成功抓取全部所需数据。
[2026-04-17 08:26:18] [SUCCESS] bvid=BV1QbXVBsEgc 已成功抓取全部所需数据。
[2026-04-17 08:26:23] [SUCCESS] bvid=BV1QbXVBsEkw 已成功抓取全部所需数据。
[2026-04-17 08:26:36] [SUCCESS] bvid=BV1QbXVBsEtR 已成功抓取全部所需数据。
[2026-04-17 08:26:47] [SUCCESS] bvid=BV1QbXVBsEuR 已成功抓取全部所需数据。
[2026-04-17 08:26:53] [SUCCESS] bvid=BV1QcDjBsEGT 已成功抓取全部所需数据。
[2026-04-17 08:26:57] [SUCCESS] bvid=BV1QcX6BbEP9 已成功抓取全部所需数据。
[2026-04-17 08:27:06] [SUCCESS] bvid=BV1QcXMBuE2C 已成功抓取全部所需数据。
[2026-04-17 08:27:17] [SUCCESS] bvid=BV1QdDLBoE31 已成功抓取全部所需数据。
[2026-04-17 08:27:32] [SUCCESS] bvid=BV1QdDLBoECm 已成功抓取全部所需数据。
[2026-04-17 08:27:37] [SUCCESS] bvid=BV1QdDLBoEzG 已成功抓取全部所需数据。
[2026-04-17 08:27:49] [SUCCESS] bvid=BV1QdDfB2Ej8 已成功抓取全部所需数据。
[2026-04-17 08:27:54] [SUCCESS] bvid=BV1QdXUB9Eia 已成功抓取全部所需数据。
[2026-04-17 08:28:01] [SUCCESS] bvid=BV1QeDABWE7w 已成功抓取全部所需数据。
[2026-04-17 08:28:06] [SUCCESS] bvid=BV1QeDvBCEBB 已成功抓取全部所需数据。
[2026-04-17 08:28:19] [SUCCESS] bvid=BV1QeDvBCESB 已成功抓取全部所需数据。
[2026-04-17 08:28:25] [SUCCESS] bvid=BV1QeDvBCETH 已成功抓取全部所需数据。
[2026-04-17 08:28:30] [SUCCESS] bvid=BV1QeDvBCEuq 已成功抓取全部所需数据。
[2026-04-17 08:28:41] [SUCCESS] bvid=BV1QeQuBrEGf 已成功抓取全部所需数据。
[2026-04-17 08:28:58] [SUCCESS] bvid=BV1QeXLBfEDc 已成功抓取全部所需数据。
[2026-04-17 08:29:03] [SUCCESS] bvid=BV1QeXLBfEWv 已成功抓取全部所需数据。
[2026-04-17 08:29:10] [SUCCESS] bvid=BV1QeXLBfEXx 已成功抓取全部所需数据。
[2026-04-17 08:29:15] [SUCCESS] bvid=BV1QeXLBfEbb 已成功抓取全部所需数据。
[2026-04-17 08:29:29] [SUCCESS] bvid=BV1QeXLBfEhu 已成功抓取全部所需数据。
[2026-04-17 08:29:35] [SUCCESS] bvid=BV1QeXLBfEiJ 已成功抓取全部所需数据。
[2026-04-17 08:29:41] [SUCCESS] bvid=BV1QeXPBcEnB 已成功抓取全部所需数据。
[2026-04-17 08:29:47] [SUCCESS] bvid=BV1QeXSBoEJi 已成功抓取全部所需数据。
[2026-04-17 08:29:50] [ERROR] bvid=BV1QeXfBUEzj 抓取失败：media: 接口返回错误代码：62002，信息：稿件不可见。
{'code': 62002, 'message': '稿件不可见', 'ttl': 1}
[2026-04-17 08:30:03] [SUCCESS] bvid=BV1QfDLBREo2 已成功抓取全部所需数据。
[2026-04-17 08:30:10] [SUCCESS] bvid=BV1QfQYBkENy 已成功抓取全部所需数据。
[2026-04-17 08:30:17] [SUCCESS] bvid=BV1QfXTB6E33 已成功抓取全部所需数据。
[2026-04-17 08:30:22] [SUCCESS] bvid=BV1QfXTB6EHv 已成功抓取全部所需数据。
[2026-04-17 08:30:28] [SUCCESS] bvid=BV1QfXTB6EYg 已成功抓取全部所需数据。
[2026-04-17 08:30:36] [SUCCESS] bvid=BV1QfXtBcELP 已成功抓取全部所需数据。
[2026-04-17 08:30:57] [SUCCESS] bvid=BV1QgDFBVE7x 已成功抓取全部所需数据。
[2026-04-17 08:31:08] [SUCCESS] bvid=BV1QgDpBrEkz 已成功抓取全部所需数据。
[2026-04-17 08:31:15] [SUCCESS] bvid=BV1QgDpBrEvJ 已成功抓取全部所需数据。
[2026-04-17 08:31:21] [SUCCESS] bvid=BV1QgQbBfEbY 已成功抓取全部所需数据。
[2026-04-17 08:31:26] [SUCCESS] bvid=BV1QgQbBfEh5 已成功抓取全部所需数据。
[2026-04-17 08:31:32] [SUCCESS] bvid=BV1QgSDBHEeY 已成功抓取全部所需数据。
[2026-04-17 08:31:45] [SUCCESS] bvid=BV1QgX2B2EYD 已成功抓取全部所需数据。
[2026-04-17 08:32:02] [SUCCESS] bvid=BV1QgX5B4ECU 已成功抓取全部所需数据。
[2026-04-17 08:32:16] [SUCCESS] bvid=BV1QgX5B4EDc 已成功抓取全部所需数据。
[2026-04-17 08:32:22] [SUCCESS] bvid=BV1QgX5B4EEU 已成功抓取全部所需数据。
[2026-04-17 08:32:28] [SUCCESS] bvid=BV1QgX5B4Ee8 已成功抓取全部所需数据。
[2026-04-17 08:32:33] [SUCCESS] bvid=BV1QgX5B4Ety 已成功抓取全部所需数据。
[2026-04-17 08:32:39] [SUCCESS] bvid=BV1QgXGBUEAg 已成功抓取全部所需数据。
[2026-04-17 08:32:45] [SUCCESS] bvid=BV1QgXqBREZr 已成功抓取全部所需数据。
[2026-04-17 08:32:51] [SUCCESS] bvid=BV1Qh9JB3EmQ 已成功抓取全部所需数据。
[2026-04-17 08:33:06] [SUCCESS] bvid=BV1QhDvB1Ect 已成功抓取全部所需数据。
[2026-04-17 08:33:06] [WARN] 当前子任务已结束，但仍有未成功抓取的视频，已导出 remaining CSV 供继续执行。
[2026-04-17 08:33:06] [INFO] 已导出剔除成功条目后的剩余 CSV：outputs\video_data\manual_crawls\manual_crawl_media_mode_A_20260417_011323\remaining_bvids_part_29.csv
[2026-04-17 08:33:06] 子任务结束时间：2026-04-17T08:33:06.723948
[TIMESTAMP][END] 2026-04-17T08:33:06
