[TIMESTAMP][BEGIN] 2026-04-17T01:13:23
[2026-04-17 01:13:32] 开始执行 CSV 批量抓取子任务 part_1。
[2026-04-17 01:13:32] 子任务开始时间：2026-04-17T01:13:23.812955
[2026-04-17 01:13:32] 输入文件：batch_input_1.csv
[2026-04-17 01:13:32] 输入唯一 bvid 数量：100
[2026-04-17 01:13:32] 为严格按 CSV 顺序判断连续失败阈值，本次任务自动将并发度从 3 调整为 1。
[2026-04-17 01:13:55] [SUCCESS] bvid=BV112QEBsENG 已成功抓取全部所需数据。
[2026-04-17 01:14:00] [SUCCESS] bvid=BV112QuBYEyz 已成功抓取全部所需数据。
[2026-04-17 01:14:04] [ERROR] bvid=BV113QeBeEAe 抓取失败：media: 接口返回错误代码：62002，信息：稿件不可见。
{'code': 62002, 'message': '稿件不可见', 'ttl': 1}
[2026-04-17 01:14:10] [SUCCESS] bvid=BV114QhBdEvi 已成功抓取全部所需数据。
[2026-04-17 01:14:18] [SUCCESS] bvid=BV117Q4BjEEK 已成功抓取全部所需数据。
[2026-04-17 01:14:26] [SUCCESS] bvid=BV11ADyBdEA5 已成功抓取全部所需数据。
[2026-04-17 01:14:32] [SUCCESS] bvid=BV11CQEB4ESU 已成功抓取全部所需数据。
[2026-04-17 01:14:38] [SUCCESS] bvid=BV11DQ3BBEca 已成功抓取全部所需数据。
[2026-04-17 01:14:41] [ERROR] bvid=BV11DXbBxENF 抓取失败：media: 接口返回错误代码：62002，信息：稿件不可见。
{'code': 62002, 'message': '稿件不可见', 'ttl': 1}
[2026-04-17 01:14:54] [SUCCESS] bvid=BV11EDXBmEwU 已成功抓取全部所需数据。
[2026-04-17 01:15:06] [SUCCESS] bvid=BV11EQ4B1ENQ 已成功抓取全部所需数据。
[2026-04-17 01:15:13] [SUCCESS] bvid=BV11FQtBmEuV 已成功抓取全部所需数据。
[2026-04-17 01:15:26] [SUCCESS] bvid=BV11HQ7BXEXn 已成功抓取全部所需数据。
[2026-04-17 01:15:43] [SUCCESS] bvid=BV11KQaBFE3B 已成功抓取全部所需数据。
[2026-04-17 01:15:49] [SUCCESS] bvid=BV11NQEBpEHw 已成功抓取全部所需数据。
[2026-04-17 01:15:56] [SUCCESS] bvid=BV11PQ8BXE5T 已成功抓取全部所需数据。
[2026-04-17 01:16:05] [ERROR] bvid=BV11PXPBDEgb 抓取失败：media: 接口返回错误代码：62002，信息：稿件不可见。
{'code': 62002, 'message': '稿件不可见', 'ttl': 1}
[2026-04-17 01:16:23] [SUCCESS] bvid=BV11QDzBmExG 已成功抓取全部所需数据。
[2026-04-17 01:16:31] [SUCCESS] bvid=BV11SQuBhETp 已成功抓取全部所需数据。
[2026-04-17 01:16:38] [SUCCESS] bvid=BV11UQuBwE4U 已成功抓取全部所需数据。
[2026-04-17 01:16:40] [ERROR] bvid=BV11VDjBLEto 抓取失败：media: 接口返回错误代码：62002，信息：稿件不可见。
{'code': 62002, 'message': '稿件不可见', 'ttl': 1}
[2026-04-17 01:16:47] [SUCCESS] bvid=BV11XDDB2Eyc 已成功抓取全部所需数据。
[2026-04-17 01:16:50] [ERROR] bvid=BV11YXTBtEa1 抓取失败：media: 接口返回错误代码：62002，信息：稿件不可见。
{'code': 62002, 'message': '稿件不可见', 'ttl': 1}
[2026-04-17 01:16:56] [SUCCESS] bvid=BV11bQhBsEgw 已成功抓取全部所需数据。
[2026-04-17 01:16:59] [ERROR] bvid=BV11bXNBpEhM 抓取失败：media: 接口返回错误代码：62002，信息：稿件不可见。
{'code': 62002, 'message': '稿件不可见', 'ttl': 1}
[2026-04-17 01:17:06] [SUCCESS] bvid=BV11eQGBuEdy 已成功抓取全部所需数据。
[2026-04-17 01:17:24] [SUCCESS] bvid=BV11hQgBYEKr 已成功抓取全部所需数据。
[2026-04-17 01:17:32] [SUCCESS] bvid=BV11kQjBJEsG 已成功抓取全部所需数据。
[2026-04-17 01:17:39] [SUCCESS] bvid=BV11m9cBmEaw 已成功抓取全部所需数据。
[2026-04-17 01:17:55] [SUCCESS] bvid=BV11nDCBxE8X 已成功抓取全部所需数据。
[2026-04-17 01:18:01] [SUCCESS] bvid=BV11nQ4B5Ewq 已成功抓取全部所需数据。
[2026-04-17 01:18:08] [SUCCESS] bvid=BV11oDXBQE8e 已成功抓取全部所需数据。
[2026-04-17 01:18:42] [SUCCESS] bvid=BV11pQbBDEhj 已成功抓取全部所需数据。
[2026-04-17 01:18:45] [ERROR] bvid=BV11pSDBVEUA 抓取失败：media: 接口返回错误代码：-404，信息：啥都木有。
{'code': -404, 'message': '啥都木有', 'ttl': 1}
[2026-04-17 01:18:51] [SUCCESS] bvid=BV11tQgBvEUD 已成功抓取全部所需数据。
[2026-04-17 01:18:58] [SUCCESS] bvid=BV11vQ5BjEfg 已成功抓取全部所需数据。
[2026-04-17 01:19:05] [SUCCESS] bvid=BV11vQGBBEgf 已成功抓取全部所需数据。
[2026-04-17 01:19:14] [ERROR] bvid=BV11zXpBzE9L 抓取失败：media: No downloadable media stream found for this bvid.
[2026-04-17 01:19:17] [ERROR] bvid=BV121XKBhEfd 抓取失败：media: No downloadable media stream found for this bvid.
[2026-04-17 01:19:20] [ERROR] bvid=BV1239NBZEN3 抓取失败：media: 接口返回错误代码：62002，信息：稿件不可见。
{'code': 62002, 'message': '稿件不可见', 'ttl': 1}
[2026-04-17 01:19:38] [SUCCESS] bvid=BV127Q4BjEYF 已成功抓取全部所需数据。
[2026-04-17 01:19:41] [ERROR] bvid=BV128QvBgES4 抓取失败：media: No downloadable media stream found for this bvid.
[2026-04-17 01:19:53] [SUCCESS] bvid=BV128QvBgEog 已成功抓取全部所需数据。
[2026-04-17 01:19:59] [SUCCESS] bvid=BV12GQ4BSEDz 已成功抓取全部所需数据。
[2026-04-17 01:20:14] [SUCCESS] bvid=BV12WQMB8Eta 已成功抓取全部所需数据。
[2026-04-17 01:20:22] [ERROR] bvid=BV12WXjBxEm9 抓取失败：media: 接口返回错误代码：62002，信息：稿件不可见。
{'code': 62002, 'message': '稿件不可见', 'ttl': 1}
[2026-04-17 01:20:29] [SUCCESS] bvid=BV12YQvBME5z 已成功抓取全部所需数据。
[2026-04-17 01:20:32] [ERROR] bvid=BV12dDuBYE9w 抓取失败：media: 接口返回错误代码：62002，信息：稿件不可见。
{'code': 62002, 'message': '稿件不可见', 'ttl': 1}
[2026-04-17 01:20:35] [ERROR] bvid=BV12e9LBXELR 抓取失败：media: 接口返回错误代码：-404，信息：啥都木有。
{'code': -404, 'message': '啥都木有', 'ttl': 1}
[2026-04-17 01:20:41] [SUCCESS] bvid=BV12eQvBBE7X 已成功抓取全部所需数据。
[2026-04-17 01:20:48] [SUCCESS] bvid=BV12fQ4BEEKo 已成功抓取全部所需数据。
[2026-04-17 01:21:04] [SUCCESS] bvid=BV12kDyBFEiu 已成功抓取全部所需数据。
[2026-04-17 01:21:08] [ERROR] bvid=BV12pDsB3E2x 抓取失败：media: 接口返回错误代码：62012，信息：62012。
{'code': 62012, 'message': '62012', 'ttl': 1}
[2026-04-17 01:21:14] [SUCCESS] bvid=BV12qQjBXEox 已成功抓取全部所需数据。
[2026-04-17 01:21:20] [SUCCESS] bvid=BV12wQEBsEV3 已成功抓取全部所需数据。
[2026-04-17 01:21:24] [ERROR] bvid=BV12xXzBpExQ 抓取失败：media: 接口返回错误代码：-404，信息：啥都木有。
{'code': -404, 'message': '啥都木有', 'ttl': 1}
[2026-04-17 01:21:27] [ERROR] bvid=BV12yDAB2EVb 抓取失败：media: 接口返回错误代码：62002，信息：稿件不可见。
{'code': 62002, 'message': '稿件不可见', 'ttl': 1}
[2026-04-17 01:21:34] [SUCCESS] bvid=BV133Q7B8Ejs 已成功抓取全部所需数据。
[2026-04-17 01:21:43] [ERROR] bvid=BV133XZB1EHu 抓取失败：media: No downloadable media stream found for this bvid.
[2026-04-17 01:21:46] [ERROR] bvid=BV133XZB1EvW 抓取失败：media: No downloadable media stream found for this bvid.
[2026-04-17 01:21:59] [SUCCESS] bvid=BV135QJBKE5E 已成功抓取全部所需数据。
[2026-04-17 01:22:03] [ERROR] bvid=BV135XjBYEUe 抓取失败：media: 接口返回错误代码：62002，信息：稿件不可见。
{'code': 62002, 'message': '稿件不可见', 'ttl': 1}
[2026-04-17 01:22:16] [SUCCESS] bvid=BV13AQiBUENW 已成功抓取全部所需数据。
[2026-04-17 01:22:20] [ERROR] bvid=BV13DXGBHEy6 抓取失败：media: 接口返回错误代码：62002，信息：稿件不可见。
{'code': 62002, 'message': '稿件不可见', 'ttl': 1}
[2026-04-17 01:22:33] [SUCCESS] bvid=BV13LQJBvEc2 已成功抓取全部所需数据。
[2026-04-17 01:22:40] [SUCCESS] bvid=BV13NQLBdEAs 已成功抓取全部所需数据。
[2026-04-17 01:22:43] [ERROR] bvid=BV13QX5BbEEM 抓取失败：media: 接口返回错误代码：62002，信息：稿件不可见。
{'code': 62002, 'message': '稿件不可见', 'ttl': 1}
[2026-04-17 01:22:46] [ERROR] bvid=BV13RX5B4E1W 抓取失败：media: 接口返回错误代码：62002，信息：稿件不可见。
{'code': 62002, 'message': '稿件不可见', 'ttl': 1}
[2026-04-17 01:22:55] [ERROR] bvid=BV13RXjBNECj 抓取失败：media: No downloadable media stream found for this bvid.
[2026-04-17 01:23:07] [SUCCESS] bvid=BV13VQhBiEPo 已成功抓取全部所需数据。
[2026-04-17 01:23:14] [SUCCESS] bvid=BV13WDQBxEa8 已成功抓取全部所需数据。
[2026-04-17 01:23:20] [SUCCESS] bvid=BV13WQ5BREMB 已成功抓取全部所需数据。
[2026-04-17 01:23:24] [ERROR] bvid=BV13YSSBmEHr 抓取失败：media: No downloadable media stream found for this bvid.
[2026-04-17 01:23:29] [SUCCESS] bvid=BV13aXPBaE2C 已成功抓取全部所需数据。
[2026-04-17 01:23:34] [SUCCESS] bvid=BV13eQuBkE2Z 已成功抓取全部所需数据。
[2026-04-17 01:23:48] [SUCCESS] bvid=BV13fQgB5Eo2 已成功抓取全部所需数据。
[2026-04-17 01:23:57] [SUCCESS] bvid=BV13hQtB4E7K 已成功抓取全部所需数据。
[2026-04-17 01:24:00] [ERROR] bvid=BV13mXGBWEX8 抓取失败：media: 接口返回错误代码：62002，信息：稿件不可见。
{'code': 62002, 'message': '稿件不可见', 'ttl': 1}
[2026-04-17 01:24:07] [SUCCESS] bvid=BV13oQgB1ETZ 已成功抓取全部所需数据。
[2026-04-17 01:24:14] [SUCCESS] bvid=BV13qQuB6EsM 已成功抓取全部所需数据。
[2026-04-17 01:24:18] [ERROR] bvid=BV13tX1BjEtc 抓取失败：media: 接口返回错误代码：62002，信息：稿件不可见。
{'code': 62002, 'message': '稿件不可见', 'ttl': 1}
[2026-04-17 01:24:26] [ERROR] bvid=BV13zXMBVEor 抓取失败：media: 接口返回错误代码：62002，信息：稿件不可见。
{'code': 62002, 'message': '稿件不可见', 'ttl': 1}
[2026-04-17 01:24:30] [ERROR] bvid=BV141XbBfEb7 抓取失败：media: 接口返回错误代码：62002，信息：稿件不可见。
{'code': 62002, 'message': '稿件不可见', 'ttl': 1}
[2026-04-17 01:24:33] [ERROR] bvid=BV141XbBfEmf 抓取失败：media: 接口返回错误代码：62002，信息：稿件不可见。
{'code': 62002, 'message': '稿件不可见', 'ttl': 1}
[2026-04-17 01:24:39] [SUCCESS] bvid=BV142QuBeEMf 已成功抓取全部所需数据。
[2026-04-17 01:24:45] [SUCCESS] bvid=BV145DCB8Ez6 已成功抓取全部所需数据。
[2026-04-17 01:24:57] [SUCCESS] bvid=BV145QKBZEmj 已成功抓取全部所需数据。
[2026-04-17 01:25:05] [SUCCESS] bvid=BV147Q7BxEcw 已成功抓取全部所需数据。
[2026-04-17 01:25:09] [ERROR] bvid=BV1499NBFEV8 抓取失败：media: 接口返回错误代码：62002，信息：稿件不可见。
{'code': 62002, 'message': '稿件不可见', 'ttl': 1}
[2026-04-17 01:25:21] [SUCCESS] bvid=BV14CQEB4EWS 已成功抓取全部所需数据。
[2026-04-17 01:25:24] [ERROR] bvid=BV14HX2BuEu8 抓取失败：media: 接口返回错误代码：62002，信息：稿件不可见。
{'code': 62002, 'message': '稿件不可见', 'ttl': 1}
[2026-04-17 01:25:27] [ERROR] bvid=BV14HXjBoEoX 抓取失败：media: 接口返回错误代码：-404，信息：啥都木有。
{'code': -404, 'message': '啥都木有', 'ttl': 1}
[2026-04-17 01:25:32] [SUCCESS] bvid=BV14QDDB7EG1 已成功抓取全部所需数据。
[2026-04-17 01:25:36] [ERROR] bvid=BV14TXKB4E4P 抓取失败：media: 接口返回错误代码：-404，信息：啥都木有。
{'code': -404, 'message': '啥都木有', 'ttl': 1}
[2026-04-17 01:25:39] [ERROR] bvid=BV14TXKB4ETL 抓取失败：media: 接口返回错误代码：62002，信息：稿件不可见。
{'code': 62002, 'message': '稿件不可见', 'ttl': 1}
[2026-04-17 01:25:47] [SUCCESS] bvid=BV14UQpBzE7Q 已成功抓取全部所需数据。
[2026-04-17 01:25:50] [ERROR] bvid=BV14UXKBbEn3 抓取失败：media: 接口返回错误代码：62012，信息：62012。
{'code': 62012, 'message': '62012', 'ttl': 1}
[2026-04-17 01:26:04] [SUCCESS] bvid=BV14WQgBMExj 已成功抓取全部所需数据。
[2026-04-17 01:26:13] [ERROR] bvid=BV14X9jB8EnW 抓取失败：media: No downloadable media stream found for this bvid.
[2026-04-17 01:26:21] [SUCCESS] bvid=BV14XQsByEcn 已成功抓取全部所需数据。
[2026-04-17 01:26:21] [WARN] 当前子任务已结束，但仍有未成功抓取的视频，已导出 remaining CSV 供继续执行。
[2026-04-17 01:26:21] [INFO] 已导出剔除成功条目后的剩余 CSV：outputs\video_data\manual_crawls\manual_crawl_media_mode_A_20260417_011323\remaining_bvids_part_1.csv
[2026-04-17 01:26:21] 子任务结束时间：2026-04-17T01:26:21.223179
[TIMESTAMP][END] 2026-04-17T01:26:21
