[TIMESTAMP][BEGIN] 2026-04-17T13:18:03
[2026-04-17 13:18:06] 开始执行 CSV 批量抓取子任务 part_48。
[2026-04-17 13:18:06] 子任务开始时间：2026-04-17T13:18:03.720643
[2026-04-17 13:18:06] 输入文件：batch_input_47.csv
[2026-04-17 13:18:06] 输入唯一 bvid 数量：100
[2026-04-17 13:18:06] 为严格按 CSV 顺序判断连续失败阈值，本次任务自动将并发度从 3 调整为 1。
[2026-04-17 13:18:13] [SUCCESS] bvid=BV1VDX5BFErU 已成功抓取全部所需数据。
[2026-04-17 13:18:18] [SUCCESS] bvid=BV1VDX5BFEsS 已成功抓取全部所需数据。
[2026-04-17 13:18:33] [SUCCESS] bvid=BV1VDX5BFEsb 已成功抓取全部所需数据。
[2026-04-17 13:18:38] [SUCCESS] bvid=BV1VDX5BFEss 已成功抓取全部所需数据。
[2026-04-17 13:18:44] [SUCCESS] bvid=BV1VDX5BFEsu 已成功抓取全部所需数据。
[2026-04-17 13:18:58] [SUCCESS] bvid=BV1VDX5BFEv6 已成功抓取全部所需数据。
[2026-04-17 13:19:05] [SUCCESS] bvid=BV1VDX5BFEvY 已成功抓取全部所需数据。
[2026-04-17 13:19:11] [SUCCESS] bvid=BV1VDX5BFExy 已成功抓取全部所需数据。
[2026-04-17 13:19:23] [SUCCESS] bvid=BV1VDX5BFEzN 已成功抓取全部所需数据。
[2026-04-17 13:19:28] [SUCCESS] bvid=BV1VDX5BFEzT 已成功抓取全部所需数据。
[2026-04-17 13:19:36] [SUCCESS] bvid=BV1VDX5BFEzf 已成功抓取全部所需数据。
[2026-04-17 13:19:41] [SUCCESS] bvid=BV1VEDQBfE5p 已成功抓取全部所需数据。
[2026-04-17 13:19:47] [SUCCESS] bvid=BV1VEDQBfEQN 已成功抓取全部所需数据。
[2026-04-17 13:20:00] [SUCCESS] bvid=BV1VEDQBfEaV 已成功抓取全部所需数据。
[2026-04-17 13:20:06] [SUCCESS] bvid=BV1VEDQBfEhh 已成功抓取全部所需数据。
[2026-04-17 13:20:19] [SUCCESS] bvid=BV1VEDQBfErQ 已成功抓取全部所需数据。
[2026-04-17 13:20:26] [SUCCESS] bvid=BV1VEQ2BEEAE 已成功抓取全部所需数据。
[2026-04-17 13:20:45] [SUCCESS] bvid=BV1VEQ2BEEcR 已成功抓取全部所需数据。
[2026-04-17 13:20:51] [SUCCESS] bvid=BV1VEQcBDENz 已成功抓取全部所需数据。
[2026-04-17 13:20:57] [SUCCESS] bvid=BV1VEQvBUExr 已成功抓取全部所需数据。
[2026-04-17 13:21:03] [SUCCESS] bvid=BV1VESoB3EUw 已成功抓取全部所需数据。
[2026-04-17 13:21:09] [SUCCESS] bvid=BV1VESoB3EzL 已成功抓取全部所需数据。
[2026-04-17 13:21:23] [SUCCESS] bvid=BV1VF9NBTEPJ 已成功抓取全部所需数据。
[2026-04-17 13:21:36] [SUCCESS] bvid=BV1VFDTBPEAx 已成功抓取全部所需数据。
[2026-04-17 13:21:43] [SUCCESS] bvid=BV1VFQ4BfEMD 已成功抓取全部所需数据。
[2026-04-17 13:22:02] [SUCCESS] bvid=BV1VFQ4BfEvR 已成功抓取全部所需数据。
[2026-04-17 13:22:09] [SUCCESS] bvid=BV1VFQmBJE18 已成功抓取全部所需数据。
[2026-04-17 13:22:15] [SUCCESS] bvid=BV1VFwpzzEPo 已成功抓取全部所需数据。
[2026-04-17 13:22:22] [SUCCESS] bvid=BV1VGQ9BvEiZ 已成功抓取全部所需数据。
[2026-04-17 13:22:28] [SUCCESS] bvid=BV1VGQcBRE1b 已成功抓取全部所需数据。
[2026-04-17 13:22:33] [SUCCESS] bvid=BV1VGXNBNEzT 已成功抓取全部所需数据。
[2026-04-17 13:22:39] [SUCCESS] bvid=BV1VGXzBAEpj 已成功抓取全部所需数据。
[2026-04-17 13:22:45] [SUCCESS] bvid=BV1VH97B6E29 已成功抓取全部所需数据。
[2026-04-17 13:22:50] [SUCCESS] bvid=BV1VH97B6ECo 已成功抓取全部所需数据。
[2026-04-17 13:23:01] [SUCCESS] bvid=BV1VHDhBTEwv 已成功抓取全部所需数据。
[2026-04-17 13:23:07] [SUCCESS] bvid=BV1VHSoBuEhP 已成功抓取全部所需数据。
[2026-04-17 13:23:14] [SUCCESS] bvid=BV1VHXCBkEho 已成功抓取全部所需数据。
[2026-04-17 13:23:20] [SUCCESS] bvid=BV1VJXrBKEAN 已成功抓取全部所需数据。
[2026-04-17 13:23:26] [SUCCESS] bvid=BV1VJwWz1EvE 已成功抓取全部所需数据。
[2026-04-17 13:23:33] [SUCCESS] bvid=BV1VJwWzyE4P 已成功抓取全部所需数据。
[2026-04-17 13:23:39] [SUCCESS] bvid=BV1VJwWzyENv 已成功抓取全部所需数据。
[2026-04-17 13:23:44] [SUCCESS] bvid=BV1VJwWzyEPU 已成功抓取全部所需数据。
[2026-04-17 13:23:50] [SUCCESS] bvid=BV1VJwWzyEPp 已成功抓取全部所需数据。
[2026-04-17 13:23:57] [SUCCESS] bvid=BV1VJwWzyEaH 已成功抓取全部所需数据。
[2026-04-17 13:24:05] [SUCCESS] bvid=BV1VKD1BCE8m 已成功抓取全部所需数据。
[2026-04-17 13:24:11] [SUCCESS] bvid=BV1VKD1BCEfY 已成功抓取全部所需数据。
[2026-04-17 13:24:18] [SUCCESS] bvid=BV1VKDpBLEtw 已成功抓取全部所需数据。
[2026-04-17 13:24:27] [SUCCESS] bvid=BV1VKQbBYEuh 已成功抓取全部所需数据。
[2026-04-17 13:24:33] [SUCCESS] bvid=BV1VKSUB7EbA 已成功抓取全部所需数据。
[2026-04-17 13:24:38] [SUCCESS] bvid=BV1VKX5BcEd6 已成功抓取全部所需数据。
[2026-04-17 13:24:43] [SUCCESS] bvid=BV1VKXGBpEC5 已成功抓取全部所需数据。
[2026-04-17 13:25:00] [SUCCESS] bvid=BV1VKXvBDE74 已成功抓取全部所需数据。
[2026-04-17 13:25:26] [SUCCESS] bvid=BV1VLQvBDEyY 已成功抓取全部所需数据。
[2026-04-17 13:25:39] [SUCCESS] bvid=BV1VMD1BGER9 已成功抓取全部所需数据。
[2026-04-17 13:25:45] [SUCCESS] bvid=BV1VMD3B5Exr 已成功抓取全部所需数据。
[2026-04-17 13:25:51] [SUCCESS] bvid=BV1VMQJBgEkB 已成功抓取全部所需数据。
[2026-04-17 13:25:56] [SUCCESS] bvid=BV1VMSDB9Ee1 已成功抓取全部所需数据。
[2026-04-17 13:26:11] [SUCCESS] bvid=BV1VMSDB9EgK 已成功抓取全部所需数据。
[2026-04-17 13:26:45] [SUCCESS] bvid=BV1VMXxBtEM6 已成功抓取全部所需数据。
[2026-04-17 13:26:52] [SUCCESS] bvid=BV1VN9uBJEZ3 已成功抓取全部所需数据。
[2026-04-17 13:26:58] [SUCCESS] bvid=BV1VNDnBMEHh 已成功抓取全部所需数据。
[2026-04-17 13:27:05] [SUCCESS] bvid=BV1VNQSB9ELD 已成功抓取全部所需数据。
[2026-04-17 13:27:10] [SUCCESS] bvid=BV1VNQbBPEeY 已成功抓取全部所需数据。
[2026-04-17 13:27:16] [SUCCESS] bvid=BV1VNQbBPEfj 已成功抓取全部所需数据。
[2026-04-17 13:27:23] [SUCCESS] bvid=BV1VPDCBTEL3 已成功抓取全部所需数据。
[2026-04-17 13:27:29] [SUCCESS] bvid=BV1VPDuBuEKc 已成功抓取全部所需数据。
[2026-04-17 13:27:42] [SUCCESS] bvid=BV1VPSUBUEGo 已成功抓取全部所需数据。
[2026-04-17 13:27:48] [SUCCESS] bvid=BV1VPXYB5EAw 已成功抓取全部所需数据。
[2026-04-17 13:27:56] [SUCCESS] bvid=BV1VPXZBnEys 已成功抓取全部所需数据。
[2026-04-17 13:28:03] [SUCCESS] bvid=BV1VPXdBkEcb 已成功抓取全部所需数据。
[2026-04-17 13:28:09] [SUCCESS] bvid=BV1VQ9pBsEqi 已成功抓取全部所需数据。
[2026-04-17 13:28:22] [SUCCESS] bvid=BV1VQQMB3E3w 已成功抓取全部所需数据。
[2026-04-17 13:28:28] [SUCCESS] bvid=BV1VQX5BbE3V 已成功抓取全部所需数据。
[2026-04-17 13:28:34] [SUCCESS] bvid=BV1VQX5BbE7C 已成功抓取全部所需数据。
[2026-04-17 13:28:49] [SUCCESS] bvid=BV1VQX5BbEJQ 已成功抓取全部所需数据。
[2026-04-17 13:29:01] [SUCCESS] bvid=BV1VQX5BbEJp 已成功抓取全部所需数据。
[2026-04-17 13:29:07] [SUCCESS] bvid=BV1VQX5BbEgA 已成功抓取全部所需数据。
[2026-04-17 13:29:14] [SUCCESS] bvid=BV1VQXUB4E2R 已成功抓取全部所需数据。
[2026-04-17 13:29:21] [SUCCESS] bvid=BV1VQXUB4E4i 已成功抓取全部所需数据。
[2026-04-17 13:29:32] [SUCCESS] bvid=BV1VQXUB4EBZ 已成功抓取全部所需数据。
[2026-04-17 13:29:47] [SUCCESS] bvid=BV1VQXUB4ExP 已成功抓取全部所需数据。
[2026-04-17 13:29:53] [SUCCESS] bvid=BV1VQXUB4ExW 已成功抓取全部所需数据。
[2026-04-17 13:29:58] [SUCCESS] bvid=BV1VQXUB4EyV 已成功抓取全部所需数据。
[2026-04-17 13:30:04] [SUCCESS] bvid=BV1VQXjBTEuu 已成功抓取全部所需数据。
[2026-04-17 13:30:12] [SUCCESS] bvid=BV1VRDLBbErc 已成功抓取全部所需数据。
[2026-04-17 13:30:18] [SUCCESS] bvid=BV1VRDLBbEru 已成功抓取全部所需数据。
[2026-04-17 13:30:24] [SUCCESS] bvid=BV1VRDLBbEu2 已成功抓取全部所需数据。
[2026-04-17 13:30:30] [SUCCESS] bvid=BV1VRDLBbEuS 已成功抓取全部所需数据。
[2026-04-17 13:30:35] [SUCCESS] bvid=BV1VRXDBAE5T 已成功抓取全部所需数据。
[2026-04-17 13:30:41] [SUCCESS] bvid=BV1VRXDBAE7Q 已成功抓取全部所需数据。
[2026-04-17 13:30:46] [SUCCESS] bvid=BV1VRXDBAENY 已成功抓取全部所需数据。
[2026-04-17 13:30:51] [SUCCESS] bvid=BV1VRXDBAEcN 已成功抓取全部所需数据。
[2026-04-17 13:30:56] [SUCCESS] bvid=BV1VRXDBPE6K 已成功抓取全部所需数据。
[2026-04-17 13:31:01] [SUCCESS] bvid=BV1VRXjBNEQc 已成功抓取全部所需数据。
[2026-04-17 13:31:07] [SUCCESS] bvid=BV1VRXjBNEc5 已成功抓取全部所需数据。
[2026-04-17 13:31:13] [SUCCESS] bvid=BV1VRXjBNEcp 已成功抓取全部所需数据。
[2026-04-17 13:31:31] [SUCCESS] bvid=BV1VRXjBNEp9 已成功抓取全部所需数据。
[2026-04-17 13:31:37] [SUCCESS] bvid=BV1VRXjBNErp 已成功抓取全部所需数据。
[2026-04-17 13:31:43] [SUCCESS] bvid=BV1VSDeByEGG 已成功抓取全部所需数据。
[2026-04-17 13:31:50] [SUCCESS] bvid=BV1VSQMBkEPC 已成功抓取全部所需数据。
[2026-04-17 13:31:50] [INFO] 当前 batch_crawl 已完成，所有视频均已成功抓取。
[2026-04-17 13:31:50] 子任务结束时间：2026-04-17T13:31:50.187262
[TIMESTAMP][END] 2026-04-17T13:31:50
