[TIMESTAMP][BEGIN] 2026-04-17T15:30:59
[2026-04-17 15:31:02] 开始执行 CSV 批量抓取子任务 part_56。
[2026-04-17 15:31:02] 子任务开始时间：2026-04-17T15:30:59.611193
[2026-04-17 15:31:02] 输入文件：batch_input_55.csv
[2026-04-17 15:31:02] 输入唯一 bvid 数量：100
[2026-04-17 15:31:02] 为严格按 CSV 顺序判断连续失败阈值，本次任务自动将并发度从 3 调整为 1。
[2026-04-17 15:31:08] [SUCCESS] bvid=BV1X7XTBBE5C 已成功抓取全部所需数据。
[2026-04-17 15:31:14] [SUCCESS] bvid=BV1X7XTBBERK 已成功抓取全部所需数据。
[2026-04-17 15:31:22] [ERROR] bvid=BV1X7XTBBEXa 抓取失败：media: 接口返回错误代码：62012，信息：62012。
{'code': 62012, 'message': '62012', 'ttl': 1}
[2026-04-17 15:31:28] [SUCCESS] bvid=BV1X7XTBBEjQ 已成功抓取全部所需数据。
[2026-04-17 15:31:34] [SUCCESS] bvid=BV1X7XrBiE91 已成功抓取全部所需数据。
[2026-04-17 15:31:41] [SUCCESS] bvid=BV1X7XrBiEqC 已成功抓取全部所需数据。
[2026-04-17 15:31:47] [SUCCESS] bvid=BV1X7XrBiEs2 已成功抓取全部所需数据。
[2026-04-17 15:31:54] [SUCCESS] bvid=BV1X8DvBjEDX 已成功抓取全部所需数据。
[2026-04-17 15:31:59] [SUCCESS] bvid=BV1X8DyBMEJE 已成功抓取全部所需数据。
[2026-04-17 15:32:10] [SUCCESS] bvid=BV1X8XLBaEd2 已成功抓取全部所需数据。
[2026-04-17 15:32:23] [SUCCESS] bvid=BV1X8XLBaEsH 已成功抓取全部所需数据。
[2026-04-17 15:32:31] [SUCCESS] bvid=BV1X8XVB9EVw 已成功抓取全部所需数据。
[2026-04-17 15:32:37] [SUCCESS] bvid=BV1X8XVB9Ew5 已成功抓取全部所需数据。
[2026-04-17 15:32:43] [SUCCESS] bvid=BV1X99FB9ELd 已成功抓取全部所需数据。
[2026-04-17 15:32:49] [SUCCESS] bvid=BV1X9DmBEECP 已成功抓取全部所需数据。
[2026-04-17 15:32:55] [SUCCESS] bvid=BV1X9XqBxExz 已成功抓取全部所需数据。
[2026-04-17 15:33:02] [SUCCESS] bvid=BV1X9XtBeEcz 已成功抓取全部所需数据。
[2026-04-17 15:33:07] [SUCCESS] bvid=BV1XA9NBPEKj 已成功抓取全部所需数据。
[2026-04-17 15:33:15] [SUCCESS] bvid=BV1XADXBZEW9 已成功抓取全部所需数据。
[2026-04-17 15:33:21] [SUCCESS] bvid=BV1XADXBZEi1 已成功抓取全部所需数据。
[2026-04-17 15:33:32] [SUCCESS] bvid=BV1XADaBME64 已成功抓取全部所需数据。
[2026-04-17 15:33:40] [SUCCESS] bvid=BV1XAQ4BdEDB 已成功抓取全部所需数据。
[2026-04-17 15:34:16] [SUCCESS] bvid=BV1XB95BwE2L 已成功抓取全部所需数据。
[2026-04-17 15:34:23] [SUCCESS] bvid=BV1XBDNBbEjM 已成功抓取全部所需数据。
[2026-04-17 15:34:32] [SUCCESS] bvid=BV1XBDzB4E8V 已成功抓取全部所需数据。
[2026-04-17 15:34:48] [SUCCESS] bvid=BV1XBX6BPEQc 已成功抓取全部所需数据。
[2026-04-17 15:34:55] [SUCCESS] bvid=BV1XBX9B6ESj 已成功抓取全部所需数据。
[2026-04-17 15:35:08] [SUCCESS] bvid=BV1XBXKBKEGu 已成功抓取全部所需数据。
[2026-04-17 15:35:14] [SUCCESS] bvid=BV1XBXbBeEAg 已成功抓取全部所需数据。
[2026-04-17 15:35:21] [SUCCESS] bvid=BV1XCXgBEE3m 已成功抓取全部所需数据。
[2026-04-17 15:35:28] [SUCCESS] bvid=BV1XCXgBEEAV 已成功抓取全部所需数据。
[2026-04-17 15:35:36] [SUCCESS] bvid=BV1XCXgBEELj 已成功抓取全部所需数据。
[2026-04-17 15:35:48] [SUCCESS] bvid=BV1XD9FBdE9z 已成功抓取全部所需数据。
[2026-04-17 15:35:55] [SUCCESS] bvid=BV1XD9FBdEgu 已成功抓取全部所需数据。
[2026-04-17 15:35:58] [ERROR] bvid=BV1XD9FBdEko 抓取失败：media: No downloadable media stream found for this bvid.
[2026-04-17 15:36:04] [SUCCESS] bvid=BV1XD9FBdEmC 已成功抓取全部所需数据。
[2026-04-17 15:36:09] [SUCCESS] bvid=BV1XD9FBdEy9 已成功抓取全部所需数据。
[2026-04-17 15:36:18] [SUCCESS] bvid=BV1XDDVBpEYC 已成功抓取全部所需数据。
[2026-04-17 15:36:33] [SUCCESS] bvid=BV1XDDVBpEdt 已成功抓取全部所需数据。
[2026-04-17 15:36:39] [SUCCESS] bvid=BV1XDDpB5E7K 已成功抓取全部所需数据。
[2026-04-17 15:36:53] [SUCCESS] bvid=BV1XDDpB5E8i 已成功抓取全部所需数据。
[2026-04-17 15:37:07] [SUCCESS] bvid=BV1XDDpB5EWC 已成功抓取全部所需数据。
[2026-04-17 15:37:12] [SUCCESS] bvid=BV1XDDpB5EYH 已成功抓取全部所需数据。
[2026-04-17 15:37:18] [SUCCESS] bvid=BV1XDX5BFEJQ 已成功抓取全部所需数据。
[2026-04-17 15:37:26] [SUCCESS] bvid=BV1XDXAB8EiZ 已成功抓取全部所需数据。
[2026-04-17 15:37:32] [SUCCESS] bvid=BV1XDXAB8EqR 已成功抓取全部所需数据。
[2026-04-17 15:37:39] [SUCCESS] bvid=BV1XEQ2B7Egt 已成功抓取全部所需数据。
[2026-04-17 15:37:59] [SUCCESS] bvid=BV1XEQ2B7Ept 已成功抓取全部所需数据。
[2026-04-17 15:38:12] [SUCCESS] bvid=BV1XEQ2B7Eqr 已成功抓取全部所需数据。
[2026-04-17 15:38:20] [SUCCESS] bvid=BV1XEQ2B7EzZ 已成功抓取全部所需数据。
[2026-04-17 15:38:36] [SUCCESS] bvid=BV1XEQvBmEwT 已成功抓取全部所需数据。
[2026-04-17 15:38:43] [SUCCESS] bvid=BV1XEQvBmEyy 已成功抓取全部所需数据。
[2026-04-17 15:38:49] [SUCCESS] bvid=BV1XESRBaEhU 已成功抓取全部所需数据。
[2026-04-17 15:39:03] [SUCCESS] bvid=BV1XEXuB1EYt 已成功抓取全部所需数据。
[2026-04-17 15:39:09] [SUCCESS] bvid=BV1XF9NBKEjz 已成功抓取全部所需数据。
[2026-04-17 15:39:16] [SUCCESS] bvid=BV1XG93BHE3D 已成功抓取全部所需数据。
[2026-04-17 15:39:23] [SUCCESS] bvid=BV1XG93BHEim 已成功抓取全部所需数据。
[2026-04-17 15:39:29] [SUCCESS] bvid=BV1XGQhBKEkJ 已成功抓取全部所需数据。
[2026-04-17 15:39:35] [SUCCESS] bvid=BV1XGXNBPEW3 已成功抓取全部所需数据。
[2026-04-17 15:39:41] [SUCCESS] bvid=BV1XGXNBPExz 已成功抓取全部所需数据。
[2026-04-17 15:39:49] [SUCCESS] bvid=BV1XGXzBwE84 已成功抓取全部所需数据。
[2026-04-17 15:40:02] [SUCCESS] bvid=BV1XGXzBwEke 已成功抓取全部所需数据。
[2026-04-17 15:40:14] [SUCCESS] bvid=BV1XHDKBFEGG 已成功抓取全部所需数据。
[2026-04-17 15:40:21] [SUCCESS] bvid=BV1XHDhBKE9R 已成功抓取全部所需数据。
[2026-04-17 15:40:29] [SUCCESS] bvid=BV1XHDhBKEXn 已成功抓取全部所需数据。
[2026-04-17 15:40:37] [SUCCESS] bvid=BV1XHQABxEAP 已成功抓取全部所需数据。
[2026-04-17 15:40:45] [SUCCESS] bvid=BV1XHQABxEL6 已成功抓取全部所需数据。
[2026-04-17 15:40:50] [SUCCESS] bvid=BV1XHSoBMEAY 已成功抓取全部所需数据。
[2026-04-17 15:40:56] [SUCCESS] bvid=BV1XHSoBMEZj 已成功抓取全部所需数据。
[2026-04-17 15:41:02] [SUCCESS] bvid=BV1XHX3BHEXo 已成功抓取全部所需数据。
[2026-04-17 15:41:12] [SUCCESS] bvid=BV1XJDKBhEiN 已成功抓取全部所需数据。
[2026-04-17 15:41:18] [SUCCESS] bvid=BV1XJXTBTE3i 已成功抓取全部所需数据。
[2026-04-17 15:41:25] [SUCCESS] bvid=BV1XJXTBTEgi 已成功抓取全部所需数据。
[2026-04-17 15:41:32] [SUCCESS] bvid=BV1XJXrBNEB1 已成功抓取全部所需数据。
[2026-04-17 15:41:39] [SUCCESS] bvid=BV1XK9uBmEg4 已成功抓取全部所需数据。
[2026-04-17 15:41:49] [SUCCESS] bvid=BV1XK9uBmEkt 已成功抓取全部所需数据。
[2026-04-17 15:41:55] [SUCCESS] bvid=BV1XKDpB5E91 已成功抓取全部所需数据。
[2026-04-17 15:42:06] [SUCCESS] bvid=BV1XKDpB5Eho 已成功抓取全部所需数据。
[2026-04-17 15:42:15] [SUCCESS] bvid=BV1XKQbBaEew 已成功抓取全部所需数据。
[2026-04-17 15:42:22] [SUCCESS] bvid=BV1XKSUBjEPm 已成功抓取全部所需数据。
[2026-04-17 15:42:35] [SUCCESS] bvid=BV1XKSUBjEZX 已成功抓取全部所需数据。
[2026-04-17 15:42:42] [SUCCESS] bvid=BV1XKXGBHE2h 已成功抓取全部所需数据。
[2026-04-17 15:42:50] [SUCCESS] bvid=BV1XL93BJEKK 已成功抓取全部所需数据。
[2026-04-17 15:43:04] [SUCCESS] bvid=BV1XL93BnEnd 已成功抓取全部所需数据。
[2026-04-17 15:43:12] [SUCCESS] bvid=BV1XLD4B9E74 已成功抓取全部所需数据。
[2026-04-17 15:43:17] [SUCCESS] bvid=BV1XLD4B9EaA 已成功抓取全部所需数据。
[2026-04-17 15:43:22] [SUCCESS] bvid=BV1XLD4B9Eem 已成功抓取全部所需数据。
[2026-04-17 15:43:28] [SUCCESS] bvid=BV1XLQgBCE5L 已成功抓取全部所需数据。
[2026-04-17 15:43:42] [SUCCESS] bvid=BV1XLXDBfEZy 已成功抓取全部所需数据。
[2026-04-17 15:43:51] [SUCCESS] bvid=BV1XLXDBfEyK 已成功抓取全部所需数据。
[2026-04-17 15:43:58] [SUCCESS] bvid=BV1XLXNBwE3P 已成功抓取全部所需数据。
[2026-04-17 15:44:05] [SUCCESS] bvid=BV1XM9uBjE5N 已成功抓取全部所需数据。
[2026-04-17 15:44:08] [ERROR] bvid=BV1XMDFByEyP 抓取失败：media: 接口返回错误代码：-404，信息：啥都木有。
{'code': -404, 'message': '啥都木有', 'ttl': 1}
[2026-04-17 15:44:14] [SUCCESS] bvid=BV1XMQMB6ERB 已成功抓取全部所需数据。
[2026-04-17 15:44:23] [SUCCESS] bvid=BV1XMQbBcEUS 已成功抓取全部所需数据。
[2026-04-17 15:44:32] [SUCCESS] bvid=BV1XMSDBXE9M 已成功抓取全部所需数据。
[2026-04-17 15:44:40] [SUCCESS] bvid=BV1XMSDBXEpV 已成功抓取全部所需数据。
[2026-04-17 15:44:45] [SUCCESS] bvid=BV1XMX5BZEnu 已成功抓取全部所需数据。
[2026-04-17 15:45:00] [SUCCESS] bvid=BV1XMXUBdE1P 已成功抓取全部所需数据。
[2026-04-17 15:45:07] [SUCCESS] bvid=BV1XMXUBdEkB 已成功抓取全部所需数据。
[2026-04-17 15:45:07] [WARN] 当前子任务已结束，但仍有未成功抓取的视频，已导出 remaining CSV 供继续执行。
[2026-04-17 15:45:07] [INFO] 已导出剔除成功条目后的剩余 CSV：outputs\video_data\manual_crawls\manual_crawl_media_mode_A_20260417_011323\remaining_bvids_part_56.csv
[2026-04-17 15:45:07] 子任务结束时间：2026-04-17T15:45:07.274203
[TIMESTAMP][END] 2026-04-17T15:45:07
