[TIMESTAMP][BEGIN] 2026-04-17T09:29:36
[2026-04-17 09:29:39] 开始执行 CSV 批量抓取子任务 part_33。
[2026-04-17 09:29:39] 子任务开始时间：2026-04-17T09:29:36.527003
[2026-04-17 09:29:39] 输入文件：batch_input_32.csv
[2026-04-17 09:29:39] 输入唯一 bvid 数量：100
[2026-04-17 09:29:39] 为严格按 CSV 顺序判断连续失败阈值，本次任务自动将并发度从 3 调整为 1。
[2026-04-17 09:29:45] [SUCCESS] bvid=BV1RMXUBdE7f 已成功抓取全部所需数据。
[2026-04-17 09:29:47] [ERROR] bvid=BV1RMXjBiEau 抓取失败：media: 接口返回错误代码：62002，信息：稿件不可见。
{'code': 62002, 'message': '稿件不可见', 'ttl': 1}
[2026-04-17 09:29:53] [SUCCESS] bvid=BV1RMXjBiEcd 已成功抓取全部所需数据。
[2026-04-17 09:30:04] [SUCCESS] bvid=BV1RMXjBiExz 已成功抓取全部所需数据。
[2026-04-17 09:30:17] [SUCCESS] bvid=BV1RMXtBKE9C 已成功抓取全部所需数据。
[2026-04-17 09:30:23] [SUCCESS] bvid=BV1RN9uBEEZu 已成功抓取全部所需数据。
[2026-04-17 09:30:26] [ERROR] bvid=BV1RNAGzEETV 抓取失败：media: No downloadable media stream found for this bvid.
[2026-04-17 09:30:32] [SUCCESS] bvid=BV1RNDeByEqt 已成功抓取全部所需数据。
[2026-04-17 09:30:50] [SUCCESS] bvid=BV1RNDsBXESU 已成功抓取全部所需数据。
[2026-04-17 09:30:56] [SUCCESS] bvid=BV1RNXUBZEFd 已成功抓取全部所需数据。
[2026-04-17 09:31:01] [SUCCESS] bvid=BV1RNXUBZEmC 已成功抓取全部所需数据。
[2026-04-17 09:31:07] [SUCCESS] bvid=BV1RPDeBLEew 已成功抓取全部所需数据。
[2026-04-17 09:31:13] [SUCCESS] bvid=BV1RPDeBLEoX 已成功抓取全部所需数据。
[2026-04-17 09:31:19] [SUCCESS] bvid=BV1RPDpB1EHJ 已成功抓取全部所需数据。
[2026-04-17 09:31:32] [SUCCESS] bvid=BV1RPDpB1EYz 已成功抓取全部所需数据。
[2026-04-17 09:31:38] [SUCCESS] bvid=BV1RPDsBWEmz 已成功抓取全部所需数据。
[2026-04-17 09:31:50] [SUCCESS] bvid=BV1RPQhBrEQs 已成功抓取全部所需数据。
[2026-04-17 09:32:01] [SUCCESS] bvid=BV1RPSDBxEDX 已成功抓取全部所需数据。
[2026-04-17 09:32:06] [SUCCESS] bvid=BV1RPSDBxEbi 已成功抓取全部所需数据。
[2026-04-17 09:32:11] [SUCCESS] bvid=BV1RPX5BhEGW 已成功抓取全部所需数据。
[2026-04-17 09:32:23] [SUCCESS] bvid=BV1RPX5BhEKA 已成功抓取全部所需数据。
[2026-04-17 09:32:38] [SUCCESS] bvid=BV1RPX5BhEMS 已成功抓取全部所需数据。
[2026-04-17 09:32:44] [SUCCESS] bvid=BV1RPX5BhEP4 已成功抓取全部所需数据。
[2026-04-17 09:32:50] [SUCCESS] bvid=BV1RQDLB8E5A 已成功抓取全部所需数据。
[2026-04-17 09:33:04] [SUCCESS] bvid=BV1RQDLB8EAr 已成功抓取全部所需数据。
[2026-04-17 09:33:09] [SUCCESS] bvid=BV1RQDLB8ENT 已成功抓取全部所需数据。
[2026-04-17 09:33:14] [SUCCESS] bvid=BV1RQDLB8ETV 已成功抓取全部所需数据。
[2026-04-17 09:33:20] [SUCCESS] bvid=BV1RQQYB7EbD 已成功抓取全部所需数据。
[2026-04-17 09:33:32] [SUCCESS] bvid=BV1RQXjBTEfY 已成功抓取全部所需数据。
[2026-04-17 09:33:40] [SUCCESS] bvid=BV1RQXzBvEd1 已成功抓取全部所需数据。
[2026-04-17 09:33:51] [SUCCESS] bvid=BV1RR9PBzEF2 已成功抓取全部所需数据。
[2026-04-17 09:34:06] [SUCCESS] bvid=BV1RRDQBPErF 已成功抓取全部所需数据。
[2026-04-17 09:34:11] [SUCCESS] bvid=BV1RRDSBxEoT 已成功抓取全部所需数据。
[2026-04-17 09:34:23] [SUCCESS] bvid=BV1RS9FB4Edf 已成功抓取全部所需数据。
[2026-04-17 09:34:30] [SUCCESS] bvid=BV1RS9FB4Edv 已成功抓取全部所需数据。
[2026-04-17 09:34:48] [SUCCESS] bvid=BV1RS9FB4Emk 已成功抓取全部所需数据。
[2026-04-17 09:35:03] [SUCCESS] bvid=BV1RSDfBDEMz 已成功抓取全部所需数据。
[2026-04-17 09:35:09] [SUCCESS] bvid=BV1RT93BRE1o 已成功抓取全部所需数据。
[2026-04-17 09:35:15] [SUCCESS] bvid=BV1RTDfBJERW 已成功抓取全部所需数据。
[2026-04-17 09:35:24] [SUCCESS] bvid=BV1RTDfBJEiA 已成功抓取全部所需数据。
[2026-04-17 09:35:36] [SUCCESS] bvid=BV1RTDsBHE4E 已成功抓取全部所需数据。
[2026-04-17 09:35:42] [SUCCESS] bvid=BV1RTDsBHEgt 已成功抓取全部所需数据。
[2026-04-17 09:35:57] [SUCCESS] bvid=BV1RTQhBzErd 已成功抓取全部所需数据。
[2026-04-17 09:36:04] [SUCCESS] bvid=BV1RTX5BbE7H 已成功抓取全部所需数据。
[2026-04-17 09:36:11] [SUCCESS] bvid=BV1RTX5BbEG3 已成功抓取全部所需数据。
[2026-04-17 09:36:17] [SUCCESS] bvid=BV1RTX5BbEJB 已成功抓取全部所需数据。
[2026-04-17 09:36:23] [SUCCESS] bvid=BV1RTX5BbEM6 已成功抓取全部所需数据。
[2026-04-17 09:36:35] [SUCCESS] bvid=BV1RTX5BbET6 已成功抓取全部所需数据。
[2026-04-17 09:36:37] [ERROR] bvid=BV1RTX5BbETQ 抓取失败：media: 接口返回错误代码：62002，信息：稿件不可见。
{'code': 62002, 'message': '稿件不可见', 'ttl': 1}
[2026-04-17 09:36:43] [SUCCESS] bvid=BV1RTX5BbETr 已成功抓取全部所需数据。
[2026-04-17 09:36:59] [SUCCESS] bvid=BV1RTX5BbEv2 已成功抓取全部所需数据。
[2026-04-17 09:37:05] [SUCCESS] bvid=BV1RTX5BbEv3 已成功抓取全部所需数据。
[2026-04-17 09:37:27] [SUCCESS] bvid=BV1RTX5BbEv5 已成功抓取全部所需数据。
[2026-04-17 09:37:33] [SUCCESS] bvid=BV1RTX5BbEvu 已成功抓取全部所需数据。
[2026-04-17 09:37:37] [SUCCESS] bvid=BV1RTXNBqEFo 已成功抓取全部所需数据。
[2026-04-17 09:37:43] [SUCCESS] bvid=BV1RTXNBqET5 已成功抓取全部所需数据。
[2026-04-17 09:37:48] [SUCCESS] bvid=BV1RTXNBqEcy 已成功抓取全部所需数据。
[2026-04-17 09:37:54] [SUCCESS] bvid=BV1RTXjBTE2C 已成功抓取全部所需数据。
[2026-04-17 09:38:00] [SUCCESS] bvid=BV1RTXjBTEZN 已成功抓取全部所需数据。
[2026-04-17 09:38:18] [SUCCESS] bvid=BV1RTXjBTEmf 已成功抓取全部所需数据。
[2026-04-17 09:38:23] [SUCCESS] bvid=BV1RTXqBoEga 已成功抓取全部所需数据。
[2026-04-17 09:38:36] [SUCCESS] bvid=BV1RUDVB9EJv 已成功抓取全部所需数据。
[2026-04-17 09:38:42] [SUCCESS] bvid=BV1RUDVB9Eru 已成功抓取全部所需数据。
[2026-04-17 09:38:55] [SUCCESS] bvid=BV1RUXNBzETt 已成功抓取全部所需数据。
[2026-04-17 09:39:02] [SUCCESS] bvid=BV1RUXNBzErL 已成功抓取全部所需数据。
[2026-04-17 09:39:07] [SUCCESS] bvid=BV1RUXjBuEm4 已成功抓取全部所需数据。
[2026-04-17 09:39:19] [SUCCESS] bvid=BV1RUXqBfEgW 已成功抓取全部所需数据。
[2026-04-17 09:39:25] [SUCCESS] bvid=BV1RUXxBFE8G 已成功抓取全部所需数据。
[2026-04-17 09:39:30] [SUCCESS] bvid=BV1RUXxBFEL5 已成功抓取全部所需数据。
[2026-04-17 09:39:36] [SUCCESS] bvid=BV1RUXxBFEaw 已成功抓取全部所需数据。
[2026-04-17 09:39:41] [SUCCESS] bvid=BV1RUXxBFExt 已成功抓取全部所需数据。
[2026-04-17 09:39:47] [SUCCESS] bvid=BV1RUXzBqEXg 已成功抓取全部所需数据。
[2026-04-17 09:40:05] [SUCCESS] bvid=BV1RVXrBuEYP 已成功抓取全部所需数据。
[2026-04-17 09:40:20] [SUCCESS] bvid=BV1RWDYBkEaD 已成功抓取全部所需数据。
[2026-04-17 09:40:27] [SUCCESS] bvid=BV1RWDYBkEaS 已成功抓取全部所需数据。
[2026-04-17 09:40:40] [SUCCESS] bvid=BV1RWDYBkEyW 已成功抓取全部所需数据。
[2026-04-17 09:40:51] [SUCCESS] bvid=BV1RWDcBpE7L 已成功抓取全部所需数据。
[2026-04-17 09:41:00] [SUCCESS] bvid=BV1RWQTB6E2y 已成功抓取全部所需数据。
[2026-04-17 09:41:03] [ERROR] bvid=BV1RWXmBdE4f 抓取失败：media: 接口返回错误代码：62002，信息：稿件不可见。
{'code': 62002, 'message': '稿件不可见', 'ttl': 1}
[2026-04-17 09:41:22] [SUCCESS] bvid=BV1RWXmBdEPQ 已成功抓取全部所需数据。
[2026-04-17 09:41:28] [SUCCESS] bvid=BV1RWXmBdErC 已成功抓取全部所需数据。
[2026-04-17 09:41:43] [SUCCESS] bvid=BV1RWXoBmEsN 已成功抓取全部所需数据。
[2026-04-17 09:41:59] [SUCCESS] bvid=BV1RXDLBfEao 已成功抓取全部所需数据。
[2026-04-17 09:42:12] [SUCCESS] bvid=BV1RXDLBfEps 已成功抓取全部所需数据。
[2026-04-17 09:42:17] [SUCCESS] bvid=BV1RXDPBcEsW 已成功抓取全部所需数据。
[2026-04-17 09:42:24] [SUCCESS] bvid=BV1RXDSBoEbm 已成功抓取全部所需数据。
[2026-04-17 09:42:30] [SUCCESS] bvid=BV1RXDSBoEhn 已成功抓取全部所需数据。
[2026-04-17 09:42:53] [SUCCESS] bvid=BV1RXDfBUEjN 已成功抓取全部所需数据。
[2026-04-17 09:42:59] [SUCCESS] bvid=BV1RXQcB4EZA 已成功抓取全部所需数据。
[2026-04-17 09:43:04] [SUCCESS] bvid=BV1RXQcB4Eed 已成功抓取全部所需数据。
[2026-04-17 09:43:09] [SUCCESS] bvid=BV1RXQcB4Er3 已成功抓取全部所需数据。
[2026-04-17 09:43:15] [SUCCESS] bvid=BV1RXQgBEEUH 已成功抓取全部所需数据。
[2026-04-17 09:43:21] [SUCCESS] bvid=BV1RXXTByEbC 已成功抓取全部所需数据。
[2026-04-17 09:43:24] [ERROR] bvid=BV1RXXjBiEWJ 抓取失败：media: 接口返回错误代码：62012，信息：62012。
{'code': 62012, 'message': '62012', 'ttl': 1}
[2026-04-17 09:43:31] [SUCCESS] bvid=BV1RXXrBkEaX 已成功抓取全部所需数据。
[2026-04-17 09:43:36] [SUCCESS] bvid=BV1RYDTB6Eyx 已成功抓取全部所需数据。
[2026-04-17 09:43:42] [SUCCESS] bvid=BV1RYQFBHEii 已成功抓取全部所需数据。
[2026-04-17 09:43:54] [SUCCESS] bvid=BV1RYXKBzEWk 已成功抓取全部所需数据。
[2026-04-17 09:44:00] [SUCCESS] bvid=BV1RYXKBzEew 已成功抓取全部所需数据。
[2026-04-17 09:44:14] [SUCCESS] bvid=BV1RYXKBzEjy 已成功抓取全部所需数据。
[2026-04-17 09:44:14] [WARN] 当前子任务已结束，但仍有未成功抓取的视频，已导出 remaining CSV 供继续执行。
[2026-04-17 09:44:14] [INFO] 已导出剔除成功条目后的剩余 CSV：outputs\video_data\manual_crawls\manual_crawl_media_mode_A_20260417_011323\remaining_bvids_part_33.csv
[2026-04-17 09:44:14] 子任务结束时间：2026-04-17T09:44:14.136402
[TIMESTAMP][END] 2026-04-17T09:44:14
