[TIMESTAMP][BEGIN] 2026-04-17T03:24:53
[2026-04-17 03:24:55] 开始执行 CSV 批量抓取子任务 part_8。
[2026-04-17 03:24:55] 子任务开始时间：2026-04-17T03:24:53.686441
[2026-04-17 03:24:55] 输入文件：batch_input_8.csv
[2026-04-17 03:24:55] 输入唯一 bvid 数量：100
[2026-04-17 03:24:55] 为严格按 CSV 顺序判断连续失败阈值，本次任务自动将并发度从 3 调整为 1。
[2026-04-17 03:24:58] [ERROR] bvid=BV1KMXKBoEtj 抓取失败：media: 接口返回错误代码：62012，信息：62012。
{'code': 62012, 'message': '62012', 'ttl': 1}
[2026-04-17 03:25:09] [SUCCESS] bvid=BV1KN9WB1Emp 已成功抓取全部所需数据。
[2026-04-17 03:25:23] [SUCCESS] bvid=BV1KNDqBGELG 已成功抓取全部所需数据。
[2026-04-17 03:25:38] [SUCCESS] bvid=BV1KNQuBaEqA 已成功抓取全部所需数据。
[2026-04-17 03:25:44] [SUCCESS] bvid=BV1KNXLBSEVr 已成功抓取全部所需数据。
[2026-04-17 03:25:49] [SUCCESS] bvid=BV1KNXSBmEUu 已成功抓取全部所需数据。
[2026-04-17 03:26:09] [SUCCESS] bvid=BV1KPDZBeEKt 已成功抓取全部所需数据。
[2026-04-17 03:26:15] [SUCCESS] bvid=BV1KPDvBNE5C 已成功抓取全部所需数据。
[2026-04-17 03:26:21] [SUCCESS] bvid=BV1KPDvBNEj9 已成功抓取全部所需数据。
[2026-04-17 03:26:26] [SUCCESS] bvid=BV1KPQTBsEcH 已成功抓取全部所需数据。
[2026-04-17 03:26:32] [SUCCESS] bvid=BV1KPQuBAEDY 已成功抓取全部所需数据。
[2026-04-17 03:26:38] [SUCCESS] bvid=BV1KPQuBAEEC 已成功抓取全部所需数据。
[2026-04-17 03:26:46] [SUCCESS] bvid=BV1KPSQBjE2P 已成功抓取全部所需数据。
[2026-04-17 03:26:53] [SUCCESS] bvid=BV1KPXLBHEFJ 已成功抓取全部所需数据。
[2026-04-17 03:27:00] [SUCCESS] bvid=BV1KPXSBEE88 已成功抓取全部所需数据。
[2026-04-17 03:27:21] [SUCCESS] bvid=BV1KPXSBEEWD 已成功抓取全部所需数据。
[2026-04-17 03:27:28] [SUCCESS] bvid=BV1KPXfBgEqq 已成功抓取全部所需数据。
[2026-04-17 03:27:47] [SUCCESS] bvid=BV1KQ95BpE6Z 已成功抓取全部所需数据。
[2026-04-17 03:27:54] [SUCCESS] bvid=BV1KQ95BpEbH 已成功抓取全部所需数据。
[2026-04-17 03:28:05] [SUCCESS] bvid=BV1KQDDBEESu 已成功抓取全部所需数据。
[2026-04-17 03:28:12] [SUCCESS] bvid=BV1KQDTBbEvn 已成功抓取全部所需数据。
[2026-04-17 03:28:18] [SUCCESS] bvid=BV1KQQFBuELh 已成功抓取全部所需数据。
[2026-04-17 03:28:25] [SUCCESS] bvid=BV1KQQeBTEfw 已成功抓取全部所需数据。
[2026-04-17 03:28:31] [SUCCESS] bvid=BV1KQX6BsECT 已成功抓取全部所需数据。
[2026-04-17 03:28:43] [SUCCESS] bvid=BV1KQX6BsEDX 已成功抓取全部所需数据。
[2026-04-17 03:28:49] [SUCCESS] bvid=BV1KRD8BREXc 已成功抓取全部所需数据。
[2026-04-17 03:28:54] [SUCCESS] bvid=BV1KRXMBAE3k 已成功抓取全部所需数据。
[2026-04-17 03:29:00] [SUCCESS] bvid=BV1KRXkBcEMq 已成功抓取全部所需数据。
[2026-04-17 03:29:05] [SUCCESS] bvid=BV1KSQFB6EHF 已成功抓取全部所需数据。
[2026-04-17 03:29:25] [SUCCESS] bvid=BV1KSQeBBEEx 已成功抓取全部所需数据。
[2026-04-17 03:29:31] [SUCCESS] bvid=BV1KSX6BdEU3 已成功抓取全部所需数据。
[2026-04-17 03:29:40] [SUCCESS] bvid=BV1KSX6BdEmq 已成功抓取全部所需数据。
[2026-04-17 03:29:43] [ERROR] bvid=BV1KSXKBZE3J 抓取失败：media: 接口返回错误代码：62002，信息：稿件不可见。
{'code': 62002, 'message': '稿件不可见', 'ttl': 1}
[2026-04-17 03:29:49] [SUCCESS] bvid=BV1KSXKBZE3n 已成功抓取全部所需数据。
[2026-04-17 03:30:02] [SUCCESS] bvid=BV1KSXKBZEBm 已成功抓取全部所需数据。
[2026-04-17 03:30:07] [SUCCESS] bvid=BV1KSXKBZEDf 已成功抓取全部所需数据。
[2026-04-17 03:30:17] [SUCCESS] bvid=BV1KSXKBZEKB 已成功抓取全部所需数据。
[2026-04-17 03:30:23] [SUCCESS] bvid=BV1KSXKBZEKR 已成功抓取全部所需数据。
[2026-04-17 03:30:28] [SUCCESS] bvid=BV1KSXKBZEKd 已成功抓取全部所需数据。
[2026-04-17 03:30:41] [SUCCESS] bvid=BV1KSXKBZEKo 已成功抓取全部所需数据。
[2026-04-17 03:30:46] [SUCCESS] bvid=BV1KSXKBZEQu 已成功抓取全部所需数据。
[2026-04-17 03:30:53] [SUCCESS] bvid=BV1KSXKBZEmq 已成功抓取全部所需数据。
[2026-04-17 03:30:59] [SUCCESS] bvid=BV1KSXKBZEmy 已成功抓取全部所需数据。
[2026-04-17 03:31:02] [ERROR] bvid=BV1KSXKBZEs6 抓取失败：media: 接口返回错误代码：62002，信息：稿件不可见。
{'code': 62002, 'message': '稿件不可见', 'ttl': 1}
[2026-04-17 03:31:07] [SUCCESS] bvid=BV1KSXQBxEkY 已成功抓取全部所需数据。
[2026-04-17 03:31:12] [SUCCESS] bvid=BV1KSXSBmEcP 已成功抓取全部所需数据。
[2026-04-17 03:31:25] [SUCCESS] bvid=BV1KT9WB5E9Z 已成功抓取全部所需数据。
[2026-04-17 03:31:30] [SUCCESS] bvid=BV1KT9WB5EXf 已成功抓取全部所需数据。
[2026-04-17 03:31:42] [SUCCESS] bvid=BV1KT9WB5Ehz 已成功抓取全部所需数据。
[2026-04-17 03:31:55] [SUCCESS] bvid=BV1KTD5BkE7s 已成功抓取全部所需数据。
[2026-04-17 03:32:00] [SUCCESS] bvid=BV1KTDNBDE2s 已成功抓取全部所需数据。
[2026-04-17 03:32:13] [SUCCESS] bvid=BV1KTDxBGEoB 已成功抓取全部所需数据。
[2026-04-17 03:32:29] [SUCCESS] bvid=BV1KTQuBcEG7 已成功抓取全部所需数据。
[2026-04-17 03:32:36] [SUCCESS] bvid=BV1KTXLBEEFz 已成功抓取全部所需数据。
[2026-04-17 03:32:42] [SUCCESS] bvid=BV1KTXLBEEKb 已成功抓取全部所需数据。
[2026-04-17 03:32:48] [SUCCESS] bvid=BV1KTXLBEEMr 已成功抓取全部所需数据。
[2026-04-17 03:32:55] [SUCCESS] bvid=BV1KTXLBEEuC 已成功抓取全部所需数据。
[2026-04-17 03:33:08] [SUCCESS] bvid=BV1KU9WBjE5W 已成功抓取全部所需数据。
[2026-04-17 03:33:20] [SUCCESS] bvid=BV1KUQuBAEM8 已成功抓取全部所需数据。
[2026-04-17 03:33:26] [SUCCESS] bvid=BV1KUX6B4EZY 已成功抓取全部所需数据。
[2026-04-17 03:33:29] [ERROR] bvid=BV1KUXKBbEKd 抓取失败：media: No downloadable media stream found for this bvid.
[2026-04-17 03:33:41] [SUCCESS] bvid=BV1KUXKBbEPW 已成功抓取全部所需数据。
[2026-04-17 03:33:46] [SUCCESS] bvid=BV1KUXKBbEQh 已成功抓取全部所需数据。
[2026-04-17 03:33:50] [SUCCESS] bvid=BV1KUXKBbEQq 已成功抓取全部所需数据。
[2026-04-17 03:34:00] [SUCCESS] bvid=BV1KUXKBbEdW 已成功抓取全部所需数据。
[2026-04-17 03:34:05] [SUCCESS] bvid=BV1KUXKBbEos 已成功抓取全部所需数据。
[2026-04-17 03:34:12] [SUCCESS] bvid=BV1KUXLBnE5P 已成功抓取全部所需数据。
[2026-04-17 03:34:18] [SUCCESS] bvid=BV1KUXLBnELj 已成功抓取全部所需数据。
[2026-04-17 03:34:23] [SUCCESS] bvid=BV1KUXbBZEjS 已成功抓取全部所需数据。
[2026-04-17 03:34:29] [SUCCESS] bvid=BV1KUXbBZEtA 已成功抓取全部所需数据。
[2026-04-17 03:34:36] [SUCCESS] bvid=BV1KVDDB5EPC 已成功抓取全部所需数据。
[2026-04-17 03:34:41] [SUCCESS] bvid=BV1KVDTBsETH 已成功抓取全部所需数据。
[2026-04-17 03:34:46] [SUCCESS] bvid=BV1KVDTBsEWe 已成功抓取全部所需数据。
[2026-04-17 03:34:50] [SUCCESS] bvid=BV1KVDTBsEq4 已成功抓取全部所需数据。
[2026-04-17 03:35:06] [SUCCESS] bvid=BV1KVQsBGER7 已成功抓取全部所需数据。
[2026-04-17 03:35:11] [SUCCESS] bvid=BV1KVXhB8Ek3 已成功抓取全部所需数据。
[2026-04-17 03:35:35] [SUCCESS] bvid=BV1KW9FBLEQA 已成功抓取全部所需数据。
[2026-04-17 03:35:41] [SUCCESS] bvid=BV1KW9FBLEY3 已成功抓取全部所需数据。
[2026-04-17 03:35:53] [SUCCESS] bvid=BV1KW9FBLEaD 已成功抓取全部所需数据。
[2026-04-17 03:36:13] [SUCCESS] bvid=BV1KW9uBTEBb 已成功抓取全部所需数据。
[2026-04-17 03:36:25] [SUCCESS] bvid=BV1KWD1BwEiR 已成功抓取全部所需数据。
[2026-04-17 03:36:37] [SUCCESS] bvid=BV1KWD1BwEiV 已成功抓取全部所需数据。
[2026-04-17 03:36:50] [SUCCESS] bvid=BV1KWD1BwEyc 已成功抓取全部所需数据。
[2026-04-17 03:36:56] [SUCCESS] bvid=BV1KWSDBCEmB 已成功抓取全部所需数据。
[2026-04-17 03:37:02] [SUCCESS] bvid=BV1KWX5BUECd 已成功抓取全部所需数据。
[2026-04-17 03:37:06] [SUCCESS] bvid=BV1KWX5BUEJZ 已成功抓取全部所需数据。
[2026-04-17 03:37:19] [SUCCESS] bvid=BV1KWXZBqEFe 已成功抓取全部所需数据。
[2026-04-17 03:37:24] [SUCCESS] bvid=BV1KWXjBsExz 已成功抓取全部所需数据。
[2026-04-17 03:37:30] [SUCCESS] bvid=BV1KX95BQEzJ 已成功抓取全部所需数据。
[2026-04-17 03:37:35] [SUCCESS] bvid=BV1KXDDBmEXB 已成功抓取全部所需数据。
[2026-04-17 03:37:56] [SUCCESS] bvid=BV1KXQwBjEQi 已成功抓取全部所需数据。
[2026-04-17 03:38:08] [SUCCESS] bvid=BV1KXQwBjEVA 已成功抓取全部所需数据。
[2026-04-17 03:38:17] [SUCCESS] bvid=BV1KXQwBjEVu 已成功抓取全部所需数据。
[2026-04-17 03:38:24] [SUCCESS] bvid=BV1KXQwBjEwP 已成功抓取全部所需数据。
[2026-04-17 03:38:29] [SUCCESS] bvid=BV1KXX6B9E5b 已成功抓取全部所需数据。
[2026-04-17 03:38:53] [SUCCESS] bvid=BV1KXXQBWEHv 已成功抓取全部所需数据。
[2026-04-17 03:39:05] [SUCCESS] bvid=BV1KXXQBWEtD 已成功抓取全部所需数据。
[2026-04-17 03:39:10] [SUCCESS] bvid=BV1KXXkBaEqJ 已成功抓取全部所需数据。
[2026-04-17 03:39:24] [SUCCESS] bvid=BV1KY9LBsETh 已成功抓取全部所需数据。
[2026-04-17 03:39:30] [SUCCESS] bvid=BV1KY9LBsEsY 已成功抓取全部所需数据。
[2026-04-17 03:39:30] [WARN] 当前子任务已结束，但仍有未成功抓取的视频，已导出 remaining CSV 供继续执行。
[2026-04-17 03:39:30] [INFO] 已导出剔除成功条目后的剩余 CSV：outputs\video_data\manual_crawls\manual_crawl_media_mode_A_20260417_011323\remaining_bvids_part_8.csv
[2026-04-17 03:39:30] 子任务结束时间：2026-04-17T03:39:30.301602
[TIMESTAMP][END] 2026-04-17T03:39:30
