[TIMESTAMP][BEGIN] 2026-04-17T06:25:49
[2026-04-17 06:25:51] 开始执行 CSV 批量抓取子任务 part_21。
[2026-04-17 06:25:51] 子任务开始时间：2026-04-17T06:25:49.293603
[2026-04-17 06:25:51] 输入文件：batch_input_20.csv
[2026-04-17 06:25:51] 输入唯一 bvid 数量：100
[2026-04-17 06:25:51] 为严格按 CSV 顺序判断连续失败阈值，本次任务自动将并发度从 3 调整为 1。
[2026-04-17 06:26:03] [SUCCESS] bvid=BV1NRQmBkEos 已成功抓取全部所需数据。
[2026-04-17 06:26:08] [SUCCESS] bvid=BV1NRX6BpE3e 已成功抓取全部所需数据。
[2026-04-17 06:26:14] [SUCCESS] bvid=BV1NRXbB9E7D 已成功抓取全部所需数据。
[2026-04-17 06:26:19] [SUCCESS] bvid=BV1NSDxBkE2T 已成功抓取全部所需数据。
[2026-04-17 06:26:38] [SUCCESS] bvid=BV1NSQuBaE1K 已成功抓取全部所需数据。
[2026-04-17 06:26:45] [SUCCESS] bvid=BV1NSX7BtEzT 已成功抓取全部所需数据。
[2026-04-17 06:26:51] [SUCCESS] bvid=BV1NSXKBZE3E 已成功抓取全部所需数据。
[2026-04-17 06:27:03] [SUCCESS] bvid=BV1NSXKBZE4D 已成功抓取全部所需数据。
[2026-04-17 06:27:08] [SUCCESS] bvid=BV1NSXKBZEHa 已成功抓取全部所需数据。
[2026-04-17 06:27:14] [SUCCESS] bvid=BV1NSXKBZEcT 已成功抓取全部所需数据。
[2026-04-17 06:27:30] [SUCCESS] bvid=BV1NSXLBSEP3 已成功抓取全部所需数据。
[2026-04-17 06:27:39] [SUCCESS] bvid=BV1NSXLBSEwr 已成功抓取全部所需数据。
[2026-04-17 06:27:41] [ERROR] bvid=BV1NSXSBmEkk 抓取失败：media: 接口返回错误代码：62012，信息：62012。
{'code': 62012, 'message': '62012', 'ttl': 1}
[2026-04-17 06:27:47] [SUCCESS] bvid=BV1NTD5BkEjk 已成功抓取全部所需数据。
[2026-04-17 06:27:56] [SUCCESS] bvid=BV1NTDZBaEDq 已成功抓取全部所需数据。
[2026-04-17 06:28:09] [SUCCESS] bvid=BV1NTDvBAEEV 已成功抓取全部所需数据。
[2026-04-17 06:28:15] [SUCCESS] bvid=BV1NTDvBAEnQ 已成功抓取全部所需数据。
[2026-04-17 06:28:20] [SUCCESS] bvid=BV1NTQuBcEsX 已成功抓取全部所需数据。
[2026-04-17 06:28:26] [SUCCESS] bvid=BV1NTSQBGEJH 已成功抓取全部所需数据。
[2026-04-17 06:28:30] [SUCCESS] bvid=BV1NTXKBtE16 已成功抓取全部所需数据。
[2026-04-17 06:28:35] [SUCCESS] bvid=BV1NTXKBxEFn 已成功抓取全部所需数据。
[2026-04-17 06:28:47] [SUCCESS] bvid=BV1NTXLBEEC7 已成功抓取全部所需数据。
[2026-04-17 06:28:51] [SUCCESS] bvid=BV1NTXLBEEE2 已成功抓取全部所需数据。
[2026-04-17 06:28:54] [ERROR] bvid=BV1NTXLBEEtY 抓取失败：media: 接口返回错误代码：-404，信息：啥都木有。
{'code': -404, 'message': '啥都木有', 'ttl': 1}
[2026-04-17 06:29:02] [SUCCESS] bvid=BV1NTXLBEEyh 已成功抓取全部所需数据。
[2026-04-17 06:29:08] [SUCCESS] bvid=BV1NUDWBvE38 已成功抓取全部所需数据。
[2026-04-17 06:29:15] [SUCCESS] bvid=BV1NUDZBYEbc 已成功抓取全部所需数据。
[2026-04-17 06:29:26] [SUCCESS] bvid=BV1NUXKBbE4H 已成功抓取全部所需数据。
[2026-04-17 06:29:39] [SUCCESS] bvid=BV1NUXKBbED8 已成功抓取全部所需数据。
[2026-04-17 06:29:45] [SUCCESS] bvid=BV1NUXKBbEWy 已成功抓取全部所需数据。
[2026-04-17 06:29:53] [SUCCESS] bvid=BV1NUXKBbEYp 已成功抓取全部所需数据。
[2026-04-17 06:29:58] [SUCCESS] bvid=BV1NUXKBbEaa 已成功抓取全部所需数据。
[2026-04-17 06:30:07] [ERROR] bvid=BV1NUXKBbEqk 抓取失败：media: No downloadable media stream found for this bvid.
[2026-04-17 06:30:12] [SUCCESS] bvid=BV1NUXKBbEvy 已成功抓取全部所需数据。
[2026-04-17 06:30:24] [SUCCESS] bvid=BV1NUXKBbEyL 已成功抓取全部所需数据。
[2026-04-17 06:30:38] [SUCCESS] bvid=BV1NUXKBbEzA 已成功抓取全部所需数据。
[2026-04-17 06:30:44] [SUCCESS] bvid=BV1NUXKBbEzx 已成功抓取全部所需数据。
[2026-04-17 06:30:46] [ERROR] bvid=BV1NUXLBnEBn 抓取失败：media: 接口返回错误代码：62012，信息：62012。
{'code': 62012, 'message': '62012', 'ttl': 1}
[2026-04-17 06:30:51] [SUCCESS] bvid=BV1NUXLBnEQv 已成功抓取全部所需数据。
[2026-04-17 06:31:03] [SUCCESS] bvid=BV1NUXPBDEHR 已成功抓取全部所需数据。
[2026-04-17 06:31:14] [SUCCESS] bvid=BV1NUXmB6Ec7 已成功抓取全部所需数据。
[2026-04-17 06:31:20] [SUCCESS] bvid=BV1NVDDB5EWL 已成功抓取全部所需数据。
[2026-04-17 06:31:26] [SUCCESS] bvid=BV1NVDTBsEZx 已成功抓取全部所需数据。
[2026-04-17 06:31:38] [SUCCESS] bvid=BV1NVDTBsEoc 已成功抓取全部所需数据。
[2026-04-17 06:31:56] [SUCCESS] bvid=BV1NVQmB6Eyy 已成功抓取全部所需数据。
[2026-04-17 06:32:01] [SUCCESS] bvid=BV1NVX9BZEy7 已成功抓取全部所需数据。
[2026-04-17 06:32:15] [SUCCESS] bvid=BV1NWDFBvEC7 已成功抓取全部所需数据。
[2026-04-17 06:32:27] [SUCCESS] bvid=BV1NWQ7BHEGx 已成功抓取全部所需数据。
[2026-04-17 06:32:33] [SUCCESS] bvid=BV1NWXZBqEDh 已成功抓取全部所需数据。
[2026-04-17 06:32:38] [SUCCESS] bvid=BV1NWXvBuEhe 已成功抓取全部所需数据。
[2026-04-17 06:32:45] [SUCCESS] bvid=BV1NX95BQE2Q 已成功抓取全部所需数据。
[2026-04-17 06:32:50] [SUCCESS] bvid=BV1NX95BQE46 已成功抓取全部所需数据。
[2026-04-17 06:32:54] [SUCCESS] bvid=BV1NX95BQEsR 已成功抓取全部所需数据。
[2026-04-17 06:33:00] [SUCCESS] bvid=BV1NXS9BnEhA 已成功抓取全部所需数据。
[2026-04-17 06:33:12] [SUCCESS] bvid=BV1NXX6B9Eix 已成功抓取全部所需数据。
[2026-04-17 06:33:19] [SUCCESS] bvid=BV1NXXKBdEG4 已成功抓取全部所需数据。
[2026-04-17 06:33:27] [SUCCESS] bvid=BV1NXXKBdEp7 已成功抓取全部所需数据。
[2026-04-17 06:33:41] [SUCCESS] bvid=BV1NXXMBeE8u 已成功抓取全部所需数据。
[2026-04-17 06:33:50] [SUCCESS] bvid=BV1NXXMBeEeA 已成功抓取全部所需数据。
[2026-04-17 06:33:57] [SUCCESS] bvid=BV1NYD7BHEHE 已成功抓取全部所需数据。
[2026-04-17 06:34:03] [SUCCESS] bvid=BV1NYDKBXEEK 已成功抓取全部所需数据。
[2026-04-17 06:34:10] [SUCCESS] bvid=BV1NYDSBrErp 已成功抓取全部所需数据。
[2026-04-17 06:34:16] [SUCCESS] bvid=BV1NYQgBAEgA 已成功抓取全部所需数据。
[2026-04-17 06:34:21] [SUCCESS] bvid=BV1NYQvBuEzE 已成功抓取全部所需数据。
[2026-04-17 06:34:33] [SUCCESS] bvid=BV1NYX8BoE2j 已成功抓取全部所需数据。
[2026-04-17 06:34:38] [SUCCESS] bvid=BV1NYX8BoE65 已成功抓取全部所需数据。
[2026-04-17 06:34:43] [SUCCESS] bvid=BV1NYX8BoERb 已成功抓取全部所需数据。
[2026-04-17 06:34:48] [SUCCESS] bvid=BV1NYX8BoEfz 已成功抓取全部所需数据。
[2026-04-17 06:35:01] [SUCCESS] bvid=BV1NYX8BoEzW 已成功抓取全部所需数据。
[2026-04-17 06:35:03] [ERROR] bvid=BV1NYXDBEE3Y 抓取失败：media: 接口返回错误代码：-404，信息：啥都木有。
{'code': -404, 'message': '啥都木有', 'ttl': 1}
[2026-04-17 06:35:05] [ERROR] bvid=BV1NYXDBEEFT 抓取失败：media: 接口返回错误代码：-404，信息：啥都木有。
{'code': -404, 'message': '啥都木有', 'ttl': 1}
[2026-04-17 06:35:13] [SUCCESS] bvid=BV1NYXDBEEhH 已成功抓取全部所需数据。
[2026-04-17 06:35:19] [SUCCESS] bvid=BV1NYXTBbEmQ 已成功抓取全部所需数据。
[2026-04-17 06:35:23] [SUCCESS] bvid=BV1NZD8BXE3B 已成功抓取全部所需数据。
[2026-04-17 06:35:45] [SUCCESS] bvid=BV1NZDTBsEzN 已成功抓取全部所需数据。
[2026-04-17 06:35:57] [SUCCESS] bvid=BV1NZPUzkEhn 已成功抓取全部所需数据。
[2026-04-17 06:36:14] [SUCCESS] bvid=BV1NZXHBBEbS 已成功抓取全部所需数据。
[2026-04-17 06:36:25] [SUCCESS] bvid=BV1NaDfBPEcU 已成功抓取全部所需数据。
[2026-04-17 06:36:30] [SUCCESS] bvid=BV1NaQYBwEh6 已成功抓取全部所需数据。
[2026-04-17 06:36:35] [SUCCESS] bvid=BV1NbDLBjER1 已成功抓取全部所需数据。
[2026-04-17 06:36:55] [SUCCESS] bvid=BV1NbDmBiEUX 已成功抓取全部所需数据。
[2026-04-17 06:37:01] [SUCCESS] bvid=BV1NbQhBxEJm 已成功抓取全部所需数据。
[2026-04-17 06:37:08] [SUCCESS] bvid=BV1NbXNBWEdf 已成功抓取全部所需数据。
[2026-04-17 06:37:13] [SUCCESS] bvid=BV1NbXUBVE4b 已成功抓取全部所需数据。
[2026-04-17 06:37:18] [SUCCESS] bvid=BV1NbXUBVErr 已成功抓取全部所需数据。
[2026-04-17 06:37:27] [SUCCESS] bvid=BV1NcDYBbEJ9 已成功抓取全部所需数据。
[2026-04-17 06:37:33] [SUCCESS] bvid=BV1NcDYBbEP8 已成功抓取全部所需数据。
[2026-04-17 06:37:46] [SUCCESS] bvid=BV1NcDgBcE2h 已成功抓取全部所需数据。
[2026-04-17 06:37:52] [SUCCESS] bvid=BV1NcDgBcEHM 已成功抓取全部所需数据。
[2026-04-17 06:38:07] [SUCCESS] bvid=BV1NcDkBnEnJ 已成功抓取全部所需数据。
[2026-04-17 06:38:20] [SUCCESS] bvid=BV1NcXVByEGY 已成功抓取全部所需数据。
[2026-04-17 06:38:25] [SUCCESS] bvid=BV1NcXVByENB 已成功抓取全部所需数据。
[2026-04-17 06:38:37] [SUCCESS] bvid=BV1NcXeBKEfS 已成功抓取全部所需数据。
[2026-04-17 06:38:56] [SUCCESS] bvid=BV1NcXmBkE6z 已成功抓取全部所需数据。
[2026-04-17 06:39:01] [SUCCESS] bvid=BV1NcXoBeEQW 已成功抓取全部所需数据。
[2026-04-17 06:39:15] [SUCCESS] bvid=BV1Nd95BSEuq 已成功抓取全部所需数据。
[2026-04-17 06:39:26] [SUCCESS] bvid=BV1Nd9NBfEQN 已成功抓取全部所需数据。
[2026-04-17 06:39:32] [SUCCESS] bvid=BV1Nd9jBtEZJ 已成功抓取全部所需数据。
[2026-04-17 06:39:45] [SUCCESS] bvid=BV1NdDTBdEEt 已成功抓取全部所需数据。
[2026-04-17 06:39:58] [SUCCESS] bvid=BV1NdDrB9E1V 已成功抓取全部所需数据。
[2026-04-17 06:39:58] [WARN] 当前子任务已结束，但仍有未成功抓取的视频，已导出 remaining CSV 供继续执行。
[2026-04-17 06:39:58] [INFO] 已导出剔除成功条目后的剩余 CSV：outputs\video_data\manual_crawls\manual_crawl_media_mode_A_20260417_011323\remaining_bvids_part_21.csv
[2026-04-17 06:39:58] 子任务结束时间：2026-04-17T06:39:58.742395
[TIMESTAMP][END] 2026-04-17T06:39:58
