[TIMESTAMP][BEGIN] 2026-04-17T05:43:35
[2026-04-17 05:43:37] 开始执行 CSV 批量抓取子任务 part_18。
[2026-04-17 05:43:37] 子任务开始时间：2026-04-17T05:43:35.555505
[2026-04-17 05:43:37] 输入文件：batch_input_17.csv
[2026-04-17 05:43:37] 输入唯一 bvid 数量：100
[2026-04-17 05:43:37] 为严格按 CSV 顺序判断连续失败阈值，本次任务自动将并发度从 3 调整为 1。
[2026-04-17 05:43:49] [SUCCESS] bvid=BV1McXLBpEnk 已成功抓取全部所需数据。
[2026-04-17 05:43:54] [SUCCESS] bvid=BV1McXLBpEsX 已成功抓取全部所需数据。
[2026-04-17 05:44:06] [SUCCESS] bvid=BV1McXPB9EBt 已成功抓取全部所需数据。
[2026-04-17 05:44:22] [SUCCESS] bvid=BV1McXPB9EGU 已成功抓取全部所需数据。
[2026-04-17 05:44:27] [SUCCESS] bvid=BV1McXPB9EWa 已成功抓取全部所需数据。
[2026-04-17 05:44:33] [SUCCESS] bvid=BV1McXSBnETj 已成功抓取全部所需数据。
[2026-04-17 05:44:41] [SUCCESS] bvid=BV1Md9EBKEkX 已成功抓取全部所需数据。
[2026-04-17 05:44:47] [SUCCESS] bvid=BV1MdDeB6Eep 已成功抓取全部所需数据。
[2026-04-17 05:44:57] [SUCCESS] bvid=BV1Me97BaEDF 已成功抓取全部所需数据。
[2026-04-17 05:45:15] [SUCCESS] bvid=BV1Me97BaEz5 已成功抓取全部所需数据。
[2026-04-17 05:45:22] [SUCCESS] bvid=BV1Me9MB6EEA 已成功抓取全部所需数据。
[2026-04-17 05:45:27] [SUCCESS] bvid=BV1Me9MB6EUS 已成功抓取全部所需数据。
[2026-04-17 05:45:34] [SUCCESS] bvid=BV1MeD9B4E8k 已成功抓取全部所需数据。
[2026-04-17 05:45:45] [SUCCESS] bvid=BV1MeQtBsEXu 已成功抓取全部所需数据。
[2026-04-17 05:45:50] [SUCCESS] bvid=BV1MfDeBBE64 已成功抓取全部所需数据。
[2026-04-17 05:45:56] [SUCCESS] bvid=BV1MfSDBSEot 已成功抓取全部所需数据。
[2026-04-17 05:45:59] [ERROR] bvid=BV1MfX5B9Epe 抓取失败：media: 接口返回错误代码：62002，信息：稿件不可见。
{'code': 62002, 'message': '稿件不可见', 'ttl': 1}
[2026-04-17 05:46:10] [SUCCESS] bvid=BV1MfXUBQEvC 已成功抓取全部所需数据。
[2026-04-17 05:46:22] [SUCCESS] bvid=BV1MfXZBCE9D 已成功抓取全部所需数据。
[2026-04-17 05:46:27] [SUCCESS] bvid=BV1MfXZBCE9U 已成功抓取全部所需数据。
[2026-04-17 05:46:32] [SUCCESS] bvid=BV1MfXZBCECh 已成功抓取全部所需数据。
[2026-04-17 05:46:39] [SUCCESS] bvid=BV1Mg9NB8EEt 已成功抓取全部所需数据。
[2026-04-17 05:46:51] [SUCCESS] bvid=BV1MgDTB4Eav 已成功抓取全部所需数据。
[2026-04-17 05:46:59] [SUCCESS] bvid=BV1MgQLBpEuL 已成功抓取全部所需数据。
[2026-04-17 05:47:05] [SUCCESS] bvid=BV1MgXMBPELZ 已成功抓取全部所需数据。
[2026-04-17 05:47:25] [SUCCESS] bvid=BV1MgXYBgErX 已成功抓取全部所需数据。
[2026-04-17 05:47:30] [SUCCESS] bvid=BV1Mh9LBdEiz 已成功抓取全部所需数据。
[2026-04-17 05:47:54] [SUCCESS] bvid=BV1MhQxBUENm 已成功抓取全部所需数据。
[2026-04-17 05:48:04] [SUCCESS] bvid=BV1Mi9MBuEqD 已成功抓取全部所需数据。
[2026-04-17 05:48:09] [SUCCESS] bvid=BV1MiDYBvET8 已成功抓取全部所需数据。
[2026-04-17 05:48:15] [SUCCESS] bvid=BV1MiQTBYE6q 已成功抓取全部所需数据。
[2026-04-17 05:48:22] [SUCCESS] bvid=BV1MiXVBDEAX 已成功抓取全部所需数据。
[2026-04-17 05:48:36] [SUCCESS] bvid=BV1MiXVBDEHs 已成功抓取全部所需数据。
[2026-04-17 05:48:42] [SUCCESS] bvid=BV1MiXVBDEHu 已成功抓取全部所需数据。
[2026-04-17 05:48:49] [SUCCESS] bvid=BV1MjQbBdENX 已成功抓取全部所需数据。
[2026-04-17 05:48:55] [SUCCESS] bvid=BV1Mk9HBkEU2 已成功抓取全部所需数据。
[2026-04-17 05:49:07] [SUCCESS] bvid=BV1MkDvBuE5e 已成功抓取全部所需数据。
[2026-04-17 05:49:13] [SUCCESS] bvid=BV1MkDxB7EkY 已成功抓取全部所需数据。
[2026-04-17 05:49:18] [SUCCESS] bvid=BV1MkQuBTEuE 已成功抓取全部所需数据。
[2026-04-17 05:49:23] [SUCCESS] bvid=BV1MkXKBYE8h 已成功抓取全部所需数据。
[2026-04-17 05:49:34] [SUCCESS] bvid=BV1MkXKBYEDN 已成功抓取全部所需数据。
[2026-04-17 05:49:39] [SUCCESS] bvid=BV1MkXKBYEDt 已成功抓取全部所需数据。
[2026-04-17 05:49:44] [SUCCESS] bvid=BV1MkXKBYEUC 已成功抓取全部所需数据。
[2026-04-17 05:49:50] [SUCCESS] bvid=BV1MkXKBYEd1 已成功抓取全部所需数据。
[2026-04-17 05:50:03] [SUCCESS] bvid=BV1MkXKBYEfA 已成功抓取全部所需数据。
[2026-04-17 05:50:08] [SUCCESS] bvid=BV1MkXKBYEiL 已成功抓取全部所需数据。
[2026-04-17 05:50:23] [SUCCESS] bvid=BV1MkXLBsEHm 已成功抓取全部所需数据。
[2026-04-17 05:50:29] [SUCCESS] bvid=BV1MkXLBsEVz 已成功抓取全部所需数据。
[2026-04-17 05:50:34] [SUCCESS] bvid=BV1MkXPBRE4o 已成功抓取全部所需数据。
[2026-04-17 05:50:44] [SUCCESS] bvid=BV1MkXPBRENE 已成功抓取全部所需数据。
[2026-04-17 05:50:50] [SUCCESS] bvid=BV1MkXPBREwE 已成功抓取全部所需数据。
[2026-04-17 05:50:56] [SUCCESS] bvid=BV1MkXPBdERp 已成功抓取全部所需数据。
[2026-04-17 05:51:01] [SUCCESS] bvid=BV1MmDtBQEZg 已成功抓取全部所需数据。
[2026-04-17 05:51:08] [SUCCESS] bvid=BV1MmDzBHEuV 已成功抓取全部所需数据。
[2026-04-17 05:51:21] [SUCCESS] bvid=BV1MmQwBSEaq 已成功抓取全部所需数据。
[2026-04-17 05:51:27] [SUCCESS] bvid=BV1MmSdBaEaA 已成功抓取全部所需数据。
[2026-04-17 05:51:34] [SUCCESS] bvid=BV1MmXKBFE56 已成功抓取全部所需数据。
[2026-04-17 05:51:55] [SUCCESS] bvid=BV1Mn9FB7EU6 已成功抓取全部所需数据。
[2026-04-17 05:52:14] [SUCCESS] bvid=BV1MnD1BNE1m 已成功抓取全部所需数据。
[2026-04-17 05:52:21] [SUCCESS] bvid=BV1MnD1BPEAC 已成功抓取全部所需数据。
[2026-04-17 05:52:26] [SUCCESS] bvid=BV1MnQ9BFEsj 已成功抓取全部所需数据。
[2026-04-17 05:52:37] [SUCCESS] bvid=BV1MnX5BDEgF 已成功抓取全部所需数据。
[2026-04-17 05:52:42] [SUCCESS] bvid=BV1MnX5BDEjR 已成功抓取全部所需数据。
[2026-04-17 05:52:48] [SUCCESS] bvid=BV1MnXUBUEK4 已成功抓取全部所需数据。
[2026-04-17 05:53:01] [SUCCESS] bvid=BV1MnXUBUESo 已成功抓取全部所需数据。
[2026-04-17 05:53:06] [SUCCESS] bvid=BV1MnXjBbE2B 已成功抓取全部所需数据。
[2026-04-17 05:53:17] [SUCCESS] bvid=BV1MnXjBbE4d 已成功抓取全部所需数据。
[2026-04-17 05:53:22] [SUCCESS] bvid=BV1MnXjBbEyc 已成功抓取全部所需数据。
[2026-04-17 05:53:28] [SUCCESS] bvid=BV1MnXzBoEDX 已成功抓取全部所需数据。
[2026-04-17 05:53:34] [SUCCESS] bvid=BV1Mo9EBvEhy 已成功抓取全部所需数据。
[2026-04-17 05:53:40] [SUCCESS] bvid=BV1MoSZBPEFn 已成功抓取全部所需数据。
[2026-04-17 05:53:46] [SUCCESS] bvid=BV1MoX2BLEYX 已成功抓取全部所需数据。
[2026-04-17 05:53:50] [SUCCESS] bvid=BV1MoX2BLEjR 已成功抓取全部所需数据。
[2026-04-17 05:53:56] [SUCCESS] bvid=BV1MoXGB7EQH 已成功抓取全部所需数据。
[2026-04-17 05:54:02] [SUCCESS] bvid=BV1MoXGB7Evf 已成功抓取全部所需数据。
[2026-04-17 05:54:08] [SUCCESS] bvid=BV1MpDLBnEt7 已成功抓取全部所需数据。
[2026-04-17 05:54:13] [SUCCESS] bvid=BV1MpDsBGEQW 已成功抓取全部所需数据。
[2026-04-17 05:54:28] [SUCCESS] bvid=BV1MpQhB8EpT 已成功抓取全部所需数据。
[2026-04-17 05:54:33] [SUCCESS] bvid=BV1MpXNBtE1P 已成功抓取全部所需数据。
[2026-04-17 05:54:38] [SUCCESS] bvid=BV1MpXNBtE2v 已成功抓取全部所需数据。
[2026-04-17 05:54:43] [SUCCESS] bvid=BV1MpXNBtE65 已成功抓取全部所需数据。
[2026-04-17 05:55:00] [SUCCESS] bvid=BV1Mq9MBBEhy 已成功抓取全部所需数据。
[2026-04-17 05:55:07] [SUCCESS] bvid=BV1MqDdBAEx5 已成功抓取全部所需数据。
[2026-04-17 05:55:13] [SUCCESS] bvid=BV1MrDWBgEya 已成功抓取全部所需数据。
[2026-04-17 05:55:20] [SUCCESS] bvid=BV1MrDZBMEQW 已成功抓取全部所需数据。
[2026-04-17 05:55:27] [SUCCESS] bvid=BV1MrDZBMEbK 已成功抓取全部所需数据。
[2026-04-17 05:55:33] [SUCCESS] bvid=BV1MrXPBxECB 已成功抓取全部所需数据。
[2026-04-17 05:55:39] [SUCCESS] bvid=BV1MrXPBxESb 已成功抓取全部所需数据。
[2026-04-17 05:55:51] [SUCCESS] bvid=BV1MrXPBxEbh 已成功抓取全部所需数据。
[2026-04-17 05:55:57] [SUCCESS] bvid=BV1MrXPBxEeZ 已成功抓取全部所需数据。
[2026-04-17 05:56:03] [SUCCESS] bvid=BV1MrXmBLEHM 已成功抓取全部所需数据。
[2026-04-17 05:56:09] [SUCCESS] bvid=BV1Ms9wBpEQz 已成功抓取全部所需数据。
[2026-04-17 05:56:15] [SUCCESS] bvid=BV1MsD4BUE57 已成功抓取全部所需数据。
[2026-04-17 05:56:52] [SUCCESS] bvid=BV1MsD7BoEhE 已成功抓取全部所需数据。
[2026-04-17 05:56:58] [SUCCESS] bvid=BV1MsDmBgE3S 已成功抓取全部所需数据。
[2026-04-17 05:57:04] [SUCCESS] bvid=BV1MsX8BAEDN 已成功抓取全部所需数据。
[2026-04-17 05:57:08] [SUCCESS] bvid=BV1MsX8BAEYK 已成功抓取全部所需数据。
[2026-04-17 05:57:13] [SUCCESS] bvid=BV1MsX8BAEke 已成功抓取全部所需数据。
[2026-04-17 05:57:16] [ERROR] bvid=BV1MsX8BAEzp 抓取失败：media: No downloadable media stream found for this bvid.
[2026-04-17 05:57:22] [SUCCESS] bvid=BV1MtDQBXE8c 已成功抓取全部所需数据。
[2026-04-17 05:57:22] [WARN] 当前子任务已结束，但仍有未成功抓取的视频，已导出 remaining CSV 供继续执行。
[2026-04-17 05:57:22] [INFO] 已导出剔除成功条目后的剩余 CSV：outputs\video_data\manual_crawls\manual_crawl_media_mode_A_20260417_011323\remaining_bvids_part_18.csv
[2026-04-17 05:57:22] 子任务结束时间：2026-04-17T05:57:22.641155
[TIMESTAMP][END] 2026-04-17T05:57:22
