[TIMESTAMP][BEGIN] 2026-04-17T04:37:39
[2026-04-17 04:37:41] 开始执行 CSV 批量抓取子任务 part_14。
[2026-04-17 04:37:41] 子任务开始时间：2026-04-17T04:37:39.749527
[2026-04-17 04:37:41] 输入文件：batch_input_13.csv
[2026-04-17 04:37:41] 输入唯一 bvid 数量：100
[2026-04-17 04:37:41] 为严格按 CSV 顺序判断连续失败阈值，本次任务自动将并发度从 3 调整为 1。
[2026-04-17 04:38:04] [SUCCESS] bvid=BV1LbX6BgE2o 已成功抓取全部所需数据。
[2026-04-17 04:38:09] [SUCCESS] bvid=BV1LbX6BgESn 已成功抓取全部所需数据。
[2026-04-17 04:38:21] [SUCCESS] bvid=BV1LbXKBGE3c 已成功抓取全部所需数据。
[2026-04-17 04:38:27] [SUCCESS] bvid=BV1LbXKBGEEE 已成功抓取全部所需数据。
[2026-04-17 04:38:44] [SUCCESS] bvid=BV1LbXKBGELJ 已成功抓取全部所需数据。
[2026-04-17 04:38:49] [SUCCESS] bvid=BV1LbXKBGENu 已成功抓取全部所需数据。
[2026-04-17 04:38:56] [SUCCESS] bvid=BV1LbXKBGEVF 已成功抓取全部所需数据。
[2026-04-17 04:39:00] [SUCCESS] bvid=BV1LbXKBGEYF 已成功抓取全部所需数据。
[2026-04-17 04:39:03] [ERROR] bvid=BV1LbXKBGEbi 抓取失败：media: No downloadable media stream found for this bvid.
[2026-04-17 04:39:09] [SUCCESS] bvid=BV1LbXKBGEsy 已成功抓取全部所需数据。
[2026-04-17 04:39:14] [SUCCESS] bvid=BV1LbXKBGExS 已成功抓取全部所需数据。
[2026-04-17 04:39:26] [SUCCESS] bvid=BV1LbXLBPEgN 已成功抓取全部所需数据。
[2026-04-17 04:39:38] [SUCCESS] bvid=BV1LbXLBPEpv 已成功抓取全部所需数据。
[2026-04-17 04:39:44] [SUCCESS] bvid=BV1LbXSBwEo2 已成功抓取全部所需数据。
[2026-04-17 04:39:51] [SUCCESS] bvid=BV1LbXbBrEir 已成功抓取全部所需数据。
[2026-04-17 04:40:05] [SUCCESS] bvid=BV1LcDpBUEit 已成功抓取全部所需数据。
[2026-04-17 04:40:26] [SUCCESS] bvid=BV1LdD7BiEbS 已成功抓取全部所需数据。
[2026-04-17 04:40:30] [SUCCESS] bvid=BV1LeDzBcEa6 已成功抓取全部所需数据。
[2026-04-17 04:40:50] [SUCCESS] bvid=BV1LeQiB4EX1 已成功抓取全部所需数据。
[2026-04-17 04:41:03] [SUCCESS] bvid=BV1LeQwBbE1w 已成功抓取全部所需数据。
[2026-04-17 04:41:21] [SUCCESS] bvid=BV1LeQwBbE72 已成功抓取全部所需数据。
[2026-04-17 04:41:27] [SUCCESS] bvid=BV1LeQwBbEFH 已成功抓取全部所需数据。
[2026-04-17 04:41:33] [SUCCESS] bvid=BV1LeQwBbEbs 已成功抓取全部所需数据。
[2026-04-17 04:41:38] [SUCCESS] bvid=BV1LeXMB2ESC 已成功抓取全部所需数据。
[2026-04-17 04:42:00] [SUCCESS] bvid=BV1LeXMB2Ep3 已成功抓取全部所需数据。
[2026-04-17 04:42:12] [SUCCESS] bvid=BV1LeXgBsEQw 已成功抓取全部所需数据。
[2026-04-17 04:42:26] [SUCCESS] bvid=BV1LeXgBsESw 已成功抓取全部所需数据。
[2026-04-17 04:42:33] [SUCCESS] bvid=BV1Lf9KB1EiB 已成功抓取全部所需数据。
[2026-04-17 04:42:41] [SUCCESS] bvid=BV1LfDMBkEPa 已成功抓取全部所需数据。
[2026-04-17 04:42:49] [SUCCESS] bvid=BV1LfDMBkEre 已成功抓取全部所需数据。
[2026-04-17 04:42:51] [ERROR] bvid=BV1LfDkB6EGX 抓取失败：media: 接口返回错误代码：62012，信息：62012。
{'code': 62012, 'message': '62012', 'ttl': 1}
[2026-04-17 04:43:06] [SUCCESS] bvid=BV1LfQxB8EJf 已成功抓取全部所需数据。
[2026-04-17 04:43:18] [SUCCESS] bvid=BV1LfQxB8Ebh 已成功抓取全部所需数据。
[2026-04-17 04:43:42] [SUCCESS] bvid=BV1LgDLBbE95 已成功抓取全部所需数据。
[2026-04-17 04:44:10] [SUCCESS] bvid=BV1LgDLBtE3M 已成功抓取全部所需数据。
[2026-04-17 04:44:26] [SUCCESS] bvid=BV1LgDSB4E4r 已成功抓取全部所需数据。
[2026-04-17 04:44:41] [SUCCESS] bvid=BV1LgDSB4EHi 已成功抓取全部所需数据。
[2026-04-17 04:44:48] [SUCCESS] bvid=BV1LgX8BkEB6 已成功抓取全部所需数据。
[2026-04-17 04:44:50] [ERROR] bvid=BV1LgX8BkETY 抓取失败：media: 接口返回错误代码：62002，信息：稿件不可见。
{'code': 62002, 'message': '稿件不可见', 'ttl': 1}
[2026-04-17 04:45:07] [SUCCESS] bvid=BV1LgX8BkEgE 已成功抓取全部所需数据。
[2026-04-17 04:45:14] [SUCCESS] bvid=BV1LgX8BkEua 已成功抓取全部所需数据。
[2026-04-17 04:45:18] [SUCCESS] bvid=BV1LgXTB5ELC 已成功抓取全部所需数据。
[2026-04-17 04:45:25] [SUCCESS] bvid=BV1LhDNBNEuX 已成功抓取全部所需数据。
[2026-04-17 04:45:48] [SUCCESS] bvid=BV1LhDxBREAn 已成功抓取全部所需数据。
[2026-04-17 04:45:53] [SUCCESS] bvid=BV1LhXMBUE8w 已成功抓取全部所需数据。
[2026-04-17 04:46:06] [SUCCESS] bvid=BV1LhXMBUEBF 已成功抓取全部所需数据。
[2026-04-17 04:46:11] [SUCCESS] bvid=BV1LhXMBUEaZ 已成功抓取全部所需数据。
[2026-04-17 04:46:16] [SUCCESS] bvid=BV1LhXMBUEmM 已成功抓取全部所需数据。
[2026-04-17 04:46:19] [ERROR] bvid=BV1LhXMBUEmw 抓取失败：media: 接口返回错误代码：62002，信息：稿件不可见。
{'code': 62002, 'message': '稿件不可见', 'ttl': 1}
[2026-04-17 04:46:21] [ERROR] bvid=BV1LhXMBUEtW 抓取失败：media: 接口返回错误代码：62002，信息：稿件不可见。
{'code': 62002, 'message': '稿件不可见', 'ttl': 1}
[2026-04-17 04:46:26] [SUCCESS] bvid=BV1LhXMBUExd 已成功抓取全部所需数据。
[2026-04-17 04:46:31] [SUCCESS] bvid=BV1LhXQBBE7F 已成功抓取全部所需数据。
[2026-04-17 04:46:37] [SUCCESS] bvid=BV1LhXQBBETc 已成功抓取全部所需数据。
[2026-04-17 04:46:42] [SUCCESS] bvid=BV1LhXbBgERk 已成功抓取全部所需数据。
[2026-04-17 04:46:48] [SUCCESS] bvid=BV1Li9jB3EHc 已成功抓取全部所需数据。
[2026-04-17 04:46:53] [SUCCESS] bvid=BV1LiDDBbEwG 已成功抓取全部所需数据。
[2026-04-17 04:46:59] [SUCCESS] bvid=BV1LiDrBqE4Y 已成功抓取全部所需数据。
[2026-04-17 04:47:04] [SUCCESS] bvid=BV1LiXkBVE57 已成功抓取全部所需数据。
[2026-04-17 04:47:10] [SUCCESS] bvid=BV1Lj9KB5E1y 已成功抓取全部所需数据。
[2026-04-17 04:47:16] [SUCCESS] bvid=BV1Lj9LBKEpU 已成功抓取全部所需数据。
[2026-04-17 04:47:22] [SUCCESS] bvid=BV1LjDMBGE4G 已成功抓取全部所需数据。
[2026-04-17 04:47:29] [SUCCESS] bvid=BV1LjDQBcE78 已成功抓取全部所需数据。
[2026-04-17 04:47:35] [SUCCESS] bvid=BV1LjDQBcEhT 已成功抓取全部所需数据。
[2026-04-17 04:47:47] [SUCCESS] bvid=BV1LjSoBkExn 已成功抓取全部所需数据。
[2026-04-17 04:47:59] [SUCCESS] bvid=BV1LkDCB3E4i 已成功抓取全部所需数据。
[2026-04-17 04:48:04] [SUCCESS] bvid=BV1LkDCB3EVS 已成功抓取全部所需数据。
[2026-04-17 04:48:10] [SUCCESS] bvid=BV1LkDCB3Eib 已成功抓取全部所需数据。
[2026-04-17 04:48:15] [SUCCESS] bvid=BV1LkDaBrEVi 已成功抓取全部所需数据。
[2026-04-17 04:48:18] [ERROR] bvid=BV1LkDeBJE6u 抓取失败：media: 接口返回错误代码：62012，信息：62012。
{'code': 62012, 'message': '62012', 'ttl': 1}
[2026-04-17 04:48:30] [SUCCESS] bvid=BV1LkDeBJEX2 已成功抓取全部所需数据。
[2026-04-17 04:48:43] [SUCCESS] bvid=BV1LkX2BREF1 已成功抓取全部所需数据。
[2026-04-17 04:48:49] [SUCCESS] bvid=BV1LkX5BvE1f 已成功抓取全部所需数据。
[2026-04-17 04:48:58] [SUCCESS] bvid=BV1LkX5BvERv 已成功抓取全部所需数据。
[2026-04-17 04:49:05] [SUCCESS] bvid=BV1LkX5BvEyQ 已成功抓取全部所需数据。
[2026-04-17 04:49:10] [SUCCESS] bvid=BV1LkX5BvEyW 已成功抓取全部所需数据。
[2026-04-17 04:49:16] [SUCCESS] bvid=BV1LkXGBoE7R 已成功抓取全部所需数据。
[2026-04-17 04:49:21] [SUCCESS] bvid=BV1LkXGBoEGT 已成功抓取全部所需数据。
[2026-04-17 04:49:26] [SUCCESS] bvid=BV1LkXGBoEhj 已成功抓取全部所需数据。
[2026-04-17 04:49:32] [SUCCESS] bvid=BV1LkXGBoEq3 已成功抓取全部所需数据。
[2026-04-17 04:49:39] [SUCCESS] bvid=BV1Lm9nBnELF 已成功抓取全部所需数据。
[2026-04-17 04:49:44] [SUCCESS] bvid=BV1LmDiB9ES4 已成功抓取全部所需数据。
[2026-04-17 04:49:57] [SUCCESS] bvid=BV1LmQgBQEXF 已成功抓取全部所需数据。
[2026-04-17 04:50:03] [SUCCESS] bvid=BV1LmQgBQEvG 已成功抓取全部所需数据。
[2026-04-17 04:50:09] [SUCCESS] bvid=BV1LmXNB3Ea5 已成功抓取全部所需数据。
[2026-04-17 04:50:14] [SUCCESS] bvid=BV1LmXUBFE6M 已成功抓取全部所需数据。
[2026-04-17 04:50:29] [SUCCESS] bvid=BV1LmXUBFEDP 已成功抓取全部所需数据。
[2026-04-17 04:50:34] [SUCCESS] bvid=BV1LmXUBFEeS 已成功抓取全部所需数据。
[2026-04-17 04:50:39] [SUCCESS] bvid=BV1LmXUBFEoC 已成功抓取全部所需数据。
[2026-04-17 04:50:45] [SUCCESS] bvid=BV1LmXUBFExq 已成功抓取全部所需数据。
[2026-04-17 04:50:51] [SUCCESS] bvid=BV1Ln9MBJEUb 已成功抓取全部所需数据。
[2026-04-17 04:52:58] [ERROR] bvid=BV1Ln9MBnErk 抓取失败：media: Timeout of 120.0s exceeded, last exception: HTTPSConnectionPool(host='storage.googleapis.com', port=443): Read timed out. (read timeout=60)
[2026-04-17 04:53:16] [SUCCESS] bvid=BV1LnD9BKEVf 已成功抓取全部所需数据。
[2026-04-17 04:53:23] [SUCCESS] bvid=BV1LnQtBPEGh 已成功抓取全部所需数据。
[2026-04-17 04:53:32] [ERROR] bvid=BV1Lo9PBuE89 抓取失败：media: [tls @ 00000255a5061840] Error in the pull function.
[tls @ 00000255a5061840] IO error: Error number -10054 occurred
[in#0 @ 00000255a5060280] Error opening input: Error number -10054 occurred
Error opening input file https://xy222x186x185x166xy.mcdn.bilivideo.cn:8082/v1/resource/upgcxcode/24/12/37197451224/37197451224-1-30280.m4s?agrr=1&build=0&buvid=5DC654E4-BB5F-9D53-16DC-8CCA666BB8DC15346infoc&bvc=vod&bw=211467&deadline=1776380006&dl=0&e=ig8euxZM2rNcNbdlhoNvNC8BqJIzNbfqXBvEqxTEto8BTrNvN0GvT90W5JZMkX_YN0MvXg8gNEV4NC8xNEV4N03eN0B5tZlqNxTEto8BTrNvNeZVuJ10Kj_g2UB02J0mN0B5tZlqNCNEto8BTrNvNC7MTX502C8f2jmMQJ6mqF2fka1mqx6gqj0eN0B599M%3D&f=u_0_0&gen=playurlv3&mcdnid=50046093&mid=346295557&nbs=1&nettype=0&og=cos&oi=2029896770&orderid=0%2C3&os=mcdn&platform=pc&prs=2&qn_dyeid=9c848631d43ec6f00054046069e14c46&sign=9fd310&traceid=trYykBjWHFaNNk_0_e_N&uipk=5&uparams=e%2Cdeadline%2Ctrid%2Cmid%2Coi%2Cuipk%2Cplatform%2Cos%2Cog%2Cnbs%2Cgen&upsig=6d0ed79d56439ea441f061dfce865d67.
Error opening input files: Error number -10054 occurred
[2026-04-17 04:53:39] [SUCCESS] bvid=BV1Lo9PBuEAw 已成功抓取全部所需数据。
[2026-04-17 04:53:44] [SUCCESS] bvid=BV1LoD6BPEqf 已成功抓取全部所需数据。
[2026-04-17 04:53:58] [SUCCESS] bvid=BV1LpAFzEE6S 已成功抓取全部所需数据。
[2026-04-17 04:54:04] [SUCCESS] bvid=BV1LpDHByET6 已成功抓取全部所需数据。
[2026-04-17 04:54:09] [SUCCESS] bvid=BV1LpXPBBES8 已成功抓取全部所需数据。
[2026-04-17 04:54:15] [SUCCESS] bvid=BV1LpXPBBEqc 已成功抓取全部所需数据。
[2026-04-17 04:54:15] [WARN] 当前子任务已结束，但仍有未成功抓取的视频，已导出 remaining CSV 供继续执行。
[2026-04-17 04:54:15] [INFO] 已导出剔除成功条目后的剩余 CSV：outputs\video_data\manual_crawls\manual_crawl_media_mode_A_20260417_011323\remaining_bvids_part_14.csv
[2026-04-17 04:54:15] 子任务结束时间：2026-04-17T04:54:15.176150
[TIMESTAMP][END] 2026-04-17T04:54:15
