[TIMESTAMP][BEGIN] 2026-04-08T23:43:56
[2026-04-08 23:43:59] 开始执行 CSV 批量抓取子任务 part_7。
[2026-04-08 23:43:59] 子任务开始时间：2026-04-08T23:43:56.344181
[2026-04-08 23:43:59] 输入文件：batch_input_7.csv
[2026-04-08 23:43:59] 输入唯一 bvid 数量：100
[2026-04-08 23:43:59] 为严格按 CSV 顺序判断连续失败阈值，本次任务自动将并发度从 2 调整为 1。
[2026-04-08 23:44:09] [SUCCESS] bvid=BV1o5SfBDET3 已成功抓取全部所需数据。
[2026-04-08 23:44:20] [SUCCESS] bvid=BV1LkDeBJE6u 已成功抓取全部所需数据。
[2026-04-08 23:44:27] [SUCCESS] bvid=BV1jCDeBUEhZ 已成功抓取全部所需数据。
[2026-04-08 23:44:42] [SUCCESS] bvid=BV1LCDeBUEfu 已成功抓取全部所需数据。
[2026-04-08 23:44:50] [SUCCESS] bvid=BV1BzDeBHEvf 已成功抓取全部所需数据。
[2026-04-08 23:53:57] [SUCCESS] bvid=BV1jzDeBHEtu 已成功抓取全部所需数据。
[2026-04-08 23:54:07] [SUCCESS] bvid=BV1EzDeBHEBD 已成功抓取全部所需数据。
[2026-04-08 23:54:18] [SUCCESS] bvid=BV1EzDeBHE8p 已成功抓取全部所需数据。
[2026-04-08 23:54:27] [SUCCESS] bvid=BV17zDeBHEJ2 已成功抓取全部所需数据。
[2026-04-08 23:54:36] [SUCCESS] bvid=BV1EzDeBHEFw 已成功抓取全部所需数据。
[2026-04-08 23:54:44] [SUCCESS] bvid=BV1j6DeBDEgL 已成功抓取全部所需数据。
[2026-04-08 23:54:52] [SUCCESS] bvid=BV1i6DeBDECz 已成功抓取全部所需数据。
[2026-04-08 23:54:59] [SUCCESS] bvid=BV176DeBDExW 已成功抓取全部所需数据。
[2026-04-08 23:55:07] [SUCCESS] bvid=BV1cGDvBfEbP 已成功抓取全部所需数据。
[2026-04-08 23:55:14] [SUCCESS] bvid=BV1cGDvBfELk 已成功抓取全部所需数据。
[2026-04-08 23:55:22] [SUCCESS] bvid=BV1F5DvBtEDB 已成功抓取全部所需数据。
[2026-04-08 23:55:30] [SUCCESS] bvid=BV1c5DvBtEqh 已成功抓取全部所需数据。
[2026-04-08 23:55:40] [SUCCESS] bvid=BV1PgDvBcEgw 已成功抓取全部所需数据。
[2026-04-08 23:55:49] [SUCCESS] bvid=BV1c3DvB8EUS 已成功抓取全部所需数据。
[2026-04-08 23:55:57] [SUCCESS] bvid=BV11qA8znEPg 已成功抓取全部所需数据。
[2026-04-08 23:56:06] [SUCCESS] bvid=BV1w3DvB8Ejq 已成功抓取全部所需数据。
[2026-04-08 23:56:15] [SUCCESS] bvid=BV1A3DvB8E7o 已成功抓取全部所需数据。
[2026-04-08 23:56:32] [SUCCESS] bvid=BV1ANDYBdEui 已成功抓取全部所需数据。
[2026-04-08 23:56:41] [SUCCESS] bvid=BV1sqA8znEpC 已成功抓取全部所需数据。
[2026-04-08 23:56:49] [SUCCESS] bvid=BV1PTDvBAEER 已成功抓取全部所需数据。
[2026-04-08 23:56:58] [SUCCESS] bvid=BV1dWDvBnEh5 已成功抓取全部所需数据。
[2026-04-08 23:57:05] [SUCCESS] bvid=BV1HVDcBcEpd 已成功抓取全部所需数据。
[2026-04-08 23:57:12] [SUCCESS] bvid=BV1HPDhBUEwB 已成功抓取全部所需数据。
[2026-04-08 23:57:19] [SUCCESS] bvid=BV1jzDaBCEWo 已成功抓取全部所需数据。
[2026-04-08 23:57:29] [SUCCESS] bvid=BV1ANDYBdEU7 已成功抓取全部所需数据。
[2026-04-08 23:57:38] [SUCCESS] bvid=BV1H3DvB8Ebd 已成功抓取全部所需数据。
[2026-04-08 23:57:47] [SUCCESS] bvid=BV1C3DvB8EYi 已成功抓取全部所需数据。
[2026-04-08 23:58:04] [SUCCESS] bvid=BV1EEDvBREZH 已成功抓取全部所需数据。
[2026-04-08 23:58:25] [SUCCESS] bvid=BV1zEDvBREtj 已成功抓取全部所需数据。
[2026-04-08 23:58:41] [SUCCESS] bvid=BV17EDvBREkd 已成功抓取全部所需数据。
[2026-04-08 23:58:50] [SUCCESS] bvid=BV1fnDvBpEL1 已成功抓取全部所需数据。
[2026-04-08 23:58:59] [SUCCESS] bvid=BV1ZnDvBpEiT 已成功抓取全部所需数据。
[2026-04-08 23:59:07] [SUCCESS] bvid=BV1fnDvBpE7M 已成功抓取全部所需数据。
[2026-04-08 23:59:14] [SUCCESS] bvid=BV17nDvBWEzw 已成功抓取全部所需数据。
[2026-04-08 23:59:23] [SUCCESS] bvid=BV1znDvBWETJ 已成功抓取全部所需数据。
[2026-04-08 23:59:31] [SUCCESS] bvid=BV1BdDYBDEEV 已成功抓取全部所需数据。
[2026-04-08 23:59:39] [SUCCESS] bvid=BV1F7DvBxEVe 已成功抓取全部所需数据。
[2026-04-08 23:59:47] [SUCCESS] bvid=BV1f7DvBsEJY 已成功抓取全部所需数据。
[2026-04-08 23:59:54] [SUCCESS] bvid=BV1FLDvBoE1g 已成功抓取全部所需数据。
[2026-04-09 00:00:03] [SUCCESS] bvid=BV1FLDvBoEgm 已成功抓取全部所需数据。
[2026-04-09 00:00:12] [SUCCESS] bvid=BV1MQDaBvECo 已成功抓取全部所需数据。
[2026-04-09 00:00:23] [SUCCESS] bvid=BV1f7DvBsEvt 已成功抓取全部所需数据。
[2026-04-09 00:00:35] [SUCCESS] bvid=BV1f7DvBsEEk 已成功抓取全部所需数据。
[2026-04-09 00:00:44] [SUCCESS] bvid=BV1f7DvBsEiP 已成功抓取全部所需数据。
[2026-04-09 00:00:53] [SUCCESS] bvid=BV1f7DvBsEpC 已成功抓取全部所需数据。
[2026-04-09 00:01:05] [SUCCESS] bvid=BV1tcDvBTE4G 已成功抓取全部所需数据。
[2026-04-09 00:01:14] [SUCCESS] bvid=BV1TcDvBTE9y 已成功抓取全部所需数据。
[2026-04-09 00:01:28] [SUCCESS] bvid=BV1MZDeBuELX 已成功抓取全部所需数据。
[2026-04-09 00:01:39] [SUCCESS] bvid=BV1KwDvBiEir 已成功抓取全部所需数据。
[2026-04-09 00:01:58] [SUCCESS] bvid=BV1TwDvBiEXn 已成功抓取全部所需数据。
[2026-04-09 00:02:09] [SUCCESS] bvid=BV1UcDvBTEVE 已成功抓取全部所需数据。
[2026-04-09 00:02:19] [SUCCESS] bvid=BV1TPDvBNEVu 已成功抓取全部所需数据。
[2026-04-09 00:02:27] [SUCCESS] bvid=BV1heDvByEQV 已成功抓取全部所需数据。
[2026-04-09 00:02:35] [SUCCESS] bvid=BV1TwDvBqEqC 已成功抓取全部所需数据。
[2026-04-09 00:02:44] [SUCCESS] bvid=BV1KwDvBiEqG 已成功抓取全部所需数据。
[2026-04-09 00:02:56] [SUCCESS] bvid=BV1REDhBMEAY 已成功抓取全部所需数据。
[2026-04-09 00:03:05] [SUCCESS] bvid=BV1jiDaB1Ea9 已成功抓取全部所需数据。
[2026-04-09 00:03:14] [SUCCESS] bvid=BV1TwDvBiEHS 已成功抓取全部所需数据。
[2026-04-09 00:03:25] [SUCCESS] bvid=BV1bZDeBuENT 已成功抓取全部所需数据。
[2026-04-09 00:03:33] [SUCCESS] bvid=BV1uZDeBgEoc 已成功抓取全部所需数据。
[2026-04-09 00:03:42] [SUCCESS] bvid=BV1TfDeBBEeK 已成功抓取全部所需数据。
[2026-04-09 00:03:51] [SUCCESS] bvid=BV1MZDeBuE6Y 已成功抓取全部所需数据。
[2026-04-09 00:03:58] [SUCCESS] bvid=BV1ZxDNBqEMW 已成功抓取全部所需数据。
[2026-04-09 00:04:07] [SUCCESS] bvid=BV1wMDYB9E14 已成功抓取全部所需数据。
[2026-04-09 00:04:17] [SUCCESS] bvid=BV1BXDMB2ExN 已成功抓取全部所需数据。
[2026-04-09 00:04:24] [SUCCESS] bvid=BV1QL93BJEmA 已成功抓取全部所需数据。
[2026-04-09 00:04:33] [SUCCESS] bvid=BV1MfXZBCE9D 已成功抓取全部所需数据。
[2026-04-09 00:04:43] [SUCCESS] bvid=BV1RtDvBmE6N 已成功抓取全部所需数据。
[2026-04-09 00:04:53] [SUCCESS] bvid=BV121DvBKENA 已成功抓取全部所需数据。
[2026-04-09 00:05:03] [SUCCESS] bvid=BV11yDYBFEwG 已成功抓取全部所需数据。
[2026-04-09 00:05:11] [SUCCESS] bvid=BV1iwDeB2EVX 已成功抓取全部所需数据。
[2026-04-09 00:05:20] [SUCCESS] bvid=BV1ufDeBBEHf 已成功抓取全部所需数据。
[2026-04-09 00:05:28] [SUCCESS] bvid=BV1KkDYBhENN 已成功抓取全部所需数据。
[2026-04-09 00:05:37] [SUCCESS] bvid=BV1dsDvBSEzs 已成功抓取全部所需数据。
[2026-04-09 00:05:47] [SUCCESS] bvid=BV1oBDaB5EZU 已成功抓取全部所需数据。
[2026-04-09 00:05:55] [SUCCESS] bvid=BV14oDaBwEqj 已成功抓取全部所需数据。
[2026-04-09 00:06:06] [SUCCESS] bvid=BV12BDYBAEmG 已成功抓取全部所需数据。
[2026-04-09 00:06:14] [SUCCESS] bvid=BV1cgDYBpE6m 已成功抓取全部所需数据。
[2026-04-09 00:06:25] [SUCCESS] bvid=BV1uZDeBuEYM 已成功抓取全部所需数据。
[2026-04-09 00:06:34] [SUCCESS] bvid=BV1ATDvBAE8y 已成功抓取全部所需数据。
[2026-04-09 00:06:43] [SUCCESS] bvid=BV1tfDeBBE8J 已成功抓取全部所需数据。
[2026-04-09 00:06:52] [SUCCESS] bvid=BV1PTDvBAEAt 已成功抓取全部所需数据。
[2026-04-09 00:07:03] [SUCCESS] bvid=BV1MfDeBBE64 已成功抓取全部所需数据。
[2026-04-09 00:07:11] [SUCCESS] bvid=BV1NTDvBAEEV 已成功抓取全部所需数据。
[2026-04-09 00:07:19] [SUCCESS] bvid=BV1UfXZBkEUA 已成功抓取全部所需数据。
[2026-04-09 00:07:29] [SUCCESS] bvid=BV1PMDvBaEBr 已成功抓取全部所需数据。
[2026-04-09 00:07:36] [SUCCESS] bvid=BV1NPDvBNEv3 已成功抓取全部所需数据。
[2026-04-09 00:07:45] [SUCCESS] bvid=BV1WMDvBaEiA 已成功抓取全部所需数据。
[2026-04-09 00:07:54] [SUCCESS] bvid=BV1v4DvBJEwG 已成功抓取全部所需数据。
[2026-04-09 00:08:02] [SUCCESS] bvid=BV1KPDvBNE5C 已成功抓取全部所需数据。
[2026-04-09 00:08:11] [SUCCESS] bvid=BV1PNDvBeEmC 已成功抓取全部所需数据。
[2026-04-09 00:08:20] [SUCCESS] bvid=BV1KPDvBNEj9 已成功抓取全部所需数据。
[2026-04-09 00:08:27] [SUCCESS] bvid=BV1TPDvBNEGu 已成功抓取全部所需数据。
[2026-04-09 00:08:35] [SUCCESS] bvid=BV1sNDvBeE8q 已成功抓取全部所需数据。
[2026-04-09 00:08:43] [SUCCESS] bvid=BV1SqDvBrE9h 已成功抓取全部所需数据。
[2026-04-09 00:08:43] [INFO] 当前 batch_crawl 已完成，所有视频均已成功抓取。
[2026-04-09 00:08:43] 子任务结束时间：2026-04-09T00:08:43.848161
[TIMESTAMP][END] 2026-04-09T00:08:43
