[TIMESTAMP][BEGIN] 2026-04-08T22:49:39
[2026-04-08 22:49:42] 开始执行 CSV 批量抓取子任务 part_4。
[2026-04-08 22:49:42] 子任务开始时间：2026-04-08T22:49:39.738660
[2026-04-08 22:49:42] 输入文件：batch_input_4.csv
[2026-04-08 22:49:42] 输入唯一 bvid 数量：100
[2026-04-08 22:49:42] 为严格按 CSV 顺序判断连续失败阈值，本次任务自动将并发度从 2 调整为 1。
[2026-04-08 22:49:48] [SUCCESS] bvid=BV1oADiB9Eyu 已成功抓取全部所需数据。
[2026-04-08 22:49:53] [SUCCESS] bvid=BV1ZVDkB3EDY 已成功抓取全部所需数据。
[2026-04-08 22:49:59] [SUCCESS] bvid=BV1BVDkB3ECD 已成功抓取全部所需数据。
[2026-04-08 22:50:05] [SUCCESS] bvid=BV11ZDrBHEd1 已成功抓取全部所需数据。
[2026-04-08 22:50:11] [SUCCESS] bvid=BV1Z5DkB6EeQ 已成功抓取全部所需数据。
[2026-04-08 22:50:17] [SUCCESS] bvid=BV1KZDrBpEjt 已成功抓取全部所需数据。
[2026-04-08 22:50:23] [SUCCESS] bvid=BV11fDrBDEWa 已成功抓取全部所需数据。
[2026-04-08 22:50:29] [SUCCESS] bvid=BV1CfDrBDEm3 已成功抓取全部所需数据。
[2026-04-08 22:50:35] [SUCCESS] bvid=BV1xfDrBQEFp 已成功抓取全部所需数据。
[2026-04-08 22:50:41] [SUCCESS] bvid=BV1TuDzBEELP 已成功抓取全部所需数据。
[2026-04-08 22:50:46] [SUCCESS] bvid=BV1kwDkBUE4t 已成功抓取全部所需数据。
[2026-04-08 22:50:52] [SUCCESS] bvid=BV12RDrBWEHD 已成功抓取全部所需数据。
[2026-04-08 22:50:59] [SUCCESS] bvid=BV1TdDrB9EuN 已成功抓取全部所需数据。
[2026-04-08 22:51:05] [SUCCESS] bvid=BV1rUDYBxEmw 已成功抓取全部所需数据。
[2026-04-08 22:51:11] [SUCCESS] bvid=BV1kUDYBxENk 已成功抓取全部所需数据。
[2026-04-08 22:51:17] [SUCCESS] bvid=BV1w7DqBPEYF 已成功抓取全部所需数据。
[2026-04-08 22:51:23] [SUCCESS] bvid=BV1RCDeBUEC2 已成功抓取全部所需数据。
[2026-04-08 22:51:28] [SUCCESS] bvid=BV1rPDkB7Eg3 已成功抓取全部所需数据。
[2026-04-08 22:51:34] [SUCCESS] bvid=BV1NdDrB9E1V 已成功抓取全部所需数据。
[2026-04-08 22:51:46] [SUCCESS] bvid=BV1pPDkBjEMu 已成功抓取全部所需数据。
[2026-04-08 22:51:52] [SUCCESS] bvid=BV1kPDkB7Ejs 已成功抓取全部所需数据。
[2026-04-08 22:51:57] [SUCCESS] bvid=BV1HNDkBmEZw 已成功抓取全部所需数据。
[2026-04-08 22:52:03] [SUCCESS] bvid=BV1JyDBBeEpk 已成功抓取全部所需数据。
[2026-04-08 22:52:09] [SUCCESS] bvid=BV1CcDkBJE3F 已成功抓取全部所需数据。
[2026-04-08 22:52:15] [SUCCESS] bvid=BV1CwDkBUEqd 已成功抓取全部所需数据。
[2026-04-08 22:52:21] [SUCCESS] bvid=BV1wJDzB6Ea3 已成功抓取全部所需数据。
[2026-04-08 22:52:27] [SUCCESS] bvid=BV1nJDzB6Eht 已成功抓取全部所需数据。
[2026-04-08 22:52:33] [SUCCESS] bvid=BV1cJDzB6EQ3 已成功抓取全部所需数据。
[2026-04-08 22:52:39] [SUCCESS] bvid=BV12kDvBMEAN 已成功抓取全部所需数据。
[2026-04-08 22:52:46] [SUCCESS] bvid=BV1PjDzBkEES 已成功抓取全部所需数据。
[2026-04-08 22:52:52] [SUCCESS] bvid=BV1AjDzBkEfa 已成功抓取全部所需数据。
[2026-04-08 22:53:00] [SUCCESS] bvid=BV1wjDzBkEbT 已成功抓取全部所需数据。
[2026-04-08 22:53:11] [SUCCESS] bvid=BV1csDzBTET1 已成功抓取全部所需数据。
[2026-04-08 22:53:19] [SUCCESS] bvid=BV1fxDzBvEPy 已成功抓取全部所需数据。
[2026-04-08 22:53:28] [SUCCESS] bvid=BV1FxDzBiEAE 已成功抓取全部所需数据。
[2026-04-08 22:53:35] [SUCCESS] bvid=BV1fxDzBvE5b 已成功抓取全部所需数据。
[2026-04-08 22:53:43] [SUCCESS] bvid=BV1FHDzBuE77 已成功抓取全部所需数据。
[2026-04-08 22:53:51] [SUCCESS] bvid=BV1FHDzBuEEe 已成功抓取全部所需数据。
[2026-04-08 22:53:59] [SUCCESS] bvid=BV1FpDzBBEwh 已成功抓取全部所需数据。
[2026-04-08 22:54:07] [SUCCESS] bvid=BV1HpDzBBEjo 已成功抓取全部所需数据。
[2026-04-08 22:54:14] [SUCCESS] bvid=BV1tTDzBUE1v 已成功抓取全部所需数据。
[2026-04-08 22:54:26] [SUCCESS] bvid=BV1DrDzBsEss 已成功抓取全部所需数据。
[2026-04-08 22:54:35] [SUCCESS] bvid=BV1BKDBB8Ewv 已成功抓取全部所需数据。
[2026-04-08 22:54:47] [SUCCESS] bvid=BV1tKDzBJEXZ 已成功抓取全部所需数据。
[2026-04-08 22:54:55] [SUCCESS] bvid=BV1TKDzBJEZz 已成功抓取全部所需数据。
[2026-04-08 22:55:04] [SUCCESS] bvid=BV1MTDzBUExu 已成功抓取全部所需数据。
[2026-04-08 22:55:13] [SUCCESS] bvid=BV15PDeBjEQp 已成功抓取全部所需数据。
[2026-04-08 22:55:23] [SUCCESS] bvid=BV1FLDvBoEgx 已成功抓取全部所需数据。
[2026-04-08 22:55:32] [SUCCESS] bvid=BV1KNDqBGELG 已成功抓取全部所需数据。
[2026-04-08 22:55:40] [SUCCESS] bvid=BV1zfDvB4EUB 已成功抓取全部所需数据。
[2026-04-08 22:55:49] [SUCCESS] bvid=BV1DaDYBTEpv 已成功抓取全部所需数据。
[2026-04-08 22:55:57] [SUCCESS] bvid=BV15b9gBQEvj 已成功抓取全部所需数据。
[2026-04-08 22:56:04] [SUCCESS] bvid=BV1mvDhB4Eau 已成功抓取全部所需数据。
[2026-04-08 22:56:13] [SUCCESS] bvid=BV1pn9NBXESE 已成功抓取全部所需数据。
[2026-04-08 22:56:23] [SUCCESS] bvid=BV1qADiB9EA9 已成功抓取全部所需数据。
[2026-04-08 22:56:32] [SUCCESS] bvid=BV14YDhBfEmQ 已成功抓取全部所需数据。
[2026-04-08 22:56:41] [SUCCESS] bvid=BV1gRDeB3Eos 已成功抓取全部所需数据。
[2026-04-08 22:56:48] [SUCCESS] bvid=BV13ADzBHEgm 已成功抓取全部所需数据。
[2026-04-08 22:56:57] [SUCCESS] bvid=BV1NGDzBLEnD 已成功抓取全部所需数据。
[2026-04-08 22:57:07] [SUCCESS] bvid=BV1tuDzB7E2P 已成功抓取全部所需数据。
[2026-04-08 22:57:16] [SUCCESS] bvid=BV1zFDiBdEsm 已成功抓取全部所需数据。
[2026-04-08 22:57:31] [SUCCESS] bvid=BV1QrDzBsE6R 已成功抓取全部所需数据。
[2026-04-08 22:57:53] [SUCCESS] bvid=BV1U1DzBQEW2 已成功抓取全部所需数据。
[2026-04-08 22:58:14] [SUCCESS] bvid=BV1obDzBYESi 已成功抓取全部所需数据。
[2026-04-08 22:58:24] [SUCCESS] bvid=BV1GrDzBxEW7 已成功抓取全部所需数据。
[2026-04-08 22:58:33] [SUCCESS] bvid=BV12UDzBSESs 已成功抓取全部所需数据。
[2026-04-08 22:58:43] [SUCCESS] bvid=BV1UmDzBnEir 已成功抓取全部所需数据。
[2026-04-08 22:58:52] [SUCCESS] bvid=BV1ZtDzBPEFc 已成功抓取全部所需数据。
[2026-04-08 22:59:07] [SUCCESS] bvid=BV1pqDBBuEU9 已成功抓取全部所需数据。
[2026-04-08 22:59:30] [SUCCESS] bvid=BV198DvBjEdC 已成功抓取全部所需数据。
[2026-04-08 22:59:40] [SUCCESS] bvid=BV1WxDeBcEHV 已成功抓取全部所需数据。
[2026-04-08 22:59:48] [SUCCESS] bvid=BV1yvD6BEE7S 已成功抓取全部所需数据。
[2026-04-08 23:09:55] [SUCCESS] bvid=BV1jaDzBaEwH 已成功抓取全部所需数据。
[2026-04-08 23:10:04] [SUCCESS] bvid=BV1RaDzBhEJH 已成功抓取全部所需数据。
[2026-04-08 23:10:12] [SUCCESS] bvid=BV1ZtDzBPEHF 已成功抓取全部所需数据。
[2026-04-08 23:10:22] [SUCCESS] bvid=BV1ZbDzBYEqt 已成功抓取全部所需数据。
[2026-04-08 23:10:32] [SUCCESS] bvid=BV1ZbDzBYEtK 已成功抓取全部所需数据。
[2026-04-08 23:10:42] [SUCCESS] bvid=BV1ZbDzBYEYx 已成功抓取全部所需数据。
[2026-04-08 23:10:51] [SUCCESS] bvid=BV19iDzBZE93 已成功抓取全部所需数据。
[2026-04-08 23:10:58] [SUCCESS] bvid=BV1XBDzB4E8V 已成功抓取全部所需数据。
[2026-04-08 23:11:06] [SUCCESS] bvid=BV15BDzBtEMe 已成功抓取全部所需数据。
[2026-04-08 23:11:15] [SUCCESS] bvid=BV1LeDzBcEa6 已成功抓取全部所需数据。
[2026-04-08 23:11:22] [SUCCESS] bvid=BV1deDzBFEJW 已成功抓取全部所需数据。
[2026-04-08 23:11:29] [SUCCESS] bvid=BV1yzDhB9EPe 已成功抓取全部所需数据。
[2026-04-08 23:11:39] [SUCCESS] bvid=BV1RvDzBbEC4 已成功抓取全部所需数据。
[2026-04-08 23:11:48] [SUCCESS] bvid=BV1BuD6BKEYU 已成功抓取全部所需数据。
[2026-04-08 23:11:56] [SUCCESS] bvid=BV1BuD6BKESv 已成功抓取全部所需数据。
[2026-04-08 23:12:07] [SUCCESS] bvid=BV16KD6BMEjX 已成功抓取全部所需数据。
[2026-04-08 23:12:18] [SUCCESS] bvid=BV16KD6BMEwm 已成功抓取全部所需数据。
[2026-04-08 23:12:29] [SUCCESS] bvid=BV1iVD6BeEuk 已成功抓取全部所需数据。
[2026-04-08 23:12:40] [SUCCESS] bvid=BV1vLD6BwECz 已成功抓取全部所需数据。
[2026-04-08 23:12:48] [SUCCESS] bvid=BV1DYDYBiEWL 已成功抓取全部所需数据。
[2026-04-08 23:12:58] [SUCCESS] bvid=BV1AgDvBcE97 已成功抓取全部所需数据。
[2026-04-08 23:13:06] [SUCCESS] bvid=BV1XHSoBMEAY 已成功抓取全部所需数据。
[2026-04-08 23:13:13] [SUCCESS] bvid=BV1Lt9gBpEGq 已成功抓取全部所需数据。
[2026-04-08 23:13:22] [SUCCESS] bvid=BV1yRDzB1EFv 已成功抓取全部所需数据。
[2026-04-08 23:13:30] [SUCCESS] bvid=BV12QDzBmEBx 已成功抓取全部所需数据。
[2026-04-08 23:13:37] [SUCCESS] bvid=BV129DzBjEsx 已成功抓取全部所需数据。
[2026-04-08 23:13:45] [SUCCESS] bvid=BV129DzBjENN 已成功抓取全部所需数据。
[2026-04-08 23:14:06] [SUCCESS] bvid=BV1SbD6BpE53 已成功抓取全部所需数据。
[2026-04-08 23:14:06] [INFO] 当前 batch_crawl 已完成，所有视频均已成功抓取。
[2026-04-08 23:14:06] 子任务结束时间：2026-04-08T23:14:06.287664
[TIMESTAMP][END] 2026-04-08T23:14:06
