[TIMESTAMP][BEGIN] 2026-04-08T22:17:33
[2026-04-08 22:17:36] 开始执行 CSV 批量抓取子任务 part_2。
[2026-04-08 22:17:36] 子任务开始时间：2026-04-08T22:17:33.742176
[2026-04-08 22:17:36] 输入文件：batch_input_2.csv
[2026-04-08 22:17:36] 输入唯一 bvid 数量：100
[2026-04-08 22:17:36] 为严格按 CSV 顺序判断连续失败阈值，本次任务自动将并发度从 2 调整为 1。
[2026-04-08 22:17:43] [SUCCESS] bvid=BV143DrB9Eqi 已成功抓取全部所需数据。
[2026-04-08 22:17:51] [SUCCESS] bvid=BV1aPDrBbEhw 已成功抓取全部所需数据。
[2026-04-08 22:17:57] [SUCCESS] bvid=BV1b1DjBWEjh 已成功抓取全部所需数据。
[2026-04-08 22:18:03] [SUCCESS] bvid=BV1LoD6BPEqf 已成功抓取全部所需数据。
[2026-04-08 22:18:09] [SUCCESS] bvid=BV1QcDjBsEGT 已成功抓取全部所需数据。
[2026-04-08 22:18:15] [SUCCESS] bvid=BV1gwDjB9EYE 已成功抓取全部所需数据。
[2026-04-08 22:18:20] [SUCCESS] bvid=BV1XZDLBxETx 已成功抓取全部所需数据。
[2026-04-08 22:18:26] [SUCCESS] bvid=BV1UPDjBHEEQ 已成功抓取全部所需数据。
[2026-04-08 22:18:32] [SUCCESS] bvid=BV1mTDjBJEoj 已成功抓取全部所需数据。
[2026-04-08 22:18:37] [SUCCESS] bvid=BV11MDjBUEo9 已成功抓取全部所需数据。
[2026-04-08 22:18:42] [SUCCESS] bvid=BV18kDjBxEC3 已成功抓取全部所需数据。
[2026-04-08 22:18:48] [SUCCESS] bvid=BV1UPDjBHEct 已成功抓取全部所需数据。
[2026-04-08 22:18:53] [SUCCESS] bvid=BV1gPDjBpENs 已成功抓取全部所需数据。
[2026-04-08 22:18:58] [SUCCESS] bvid=BV1mPDjBHEYx 已成功抓取全部所需数据。
[2026-04-08 22:19:04] [SUCCESS] bvid=BV1BwDiBsEFm 已成功抓取全部所需数据。
[2026-04-08 22:19:09] [SUCCESS] bvid=BV1uNDjBQEsa 已成功抓取全部所需数据。
[2026-04-08 22:19:15] [SUCCESS] bvid=BV1UNDjBDEpV 已成功抓取全部所需数据。
[2026-04-08 22:19:20] [SUCCESS] bvid=BV1aqDjBfEE5 已成功抓取全部所需数据。
[2026-04-08 22:19:26] [SUCCESS] bvid=BV1eqDjBfEFn 已成功抓取全部所需数据。
[2026-04-08 22:19:31] [SUCCESS] bvid=BV1azDjBtEXk 已成功抓取全部所需数据。
[2026-04-08 22:19:37] [SUCCESS] bvid=BV19qDjBfE3o 已成功抓取全部所需数据。
[2026-04-08 22:19:43] [SUCCESS] bvid=BV1vvDjBcEEF 已成功抓取全部所需数据。
[2026-04-08 22:19:48] [SUCCESS] bvid=BV19vDjBcEh7 已成功抓取全部所需数据。
[2026-04-08 22:19:54] [SUCCESS] bvid=BV1evDjBcETw 已成功抓取全部所需数据。
[2026-04-08 22:20:00] [SUCCESS] bvid=BV15vDjBwEK2 已成功抓取全部所需数据。
[2026-04-08 22:20:06] [SUCCESS] bvid=BV1eiDjBhE12 已成功抓取全部所需数据。
[2026-04-08 22:20:12] [SUCCESS] bvid=BV1eiDjB8EAg 已成功抓取全部所需数据。
[2026-04-08 22:20:18] [SUCCESS] bvid=BV1AcDkBnErE 已成功抓取全部所需数据。
[2026-04-08 22:20:24] [SUCCESS] bvid=BV1bCDjBREya 已成功抓取全部所需数据。
[2026-04-08 22:20:30] [SUCCESS] bvid=BV1bCDjBRECQ 已成功抓取全部所需数据。
[2026-04-08 22:20:36] [SUCCESS] bvid=BV1b1DjBWEdu 已成功抓取全部所需数据。
[2026-04-08 22:20:42] [SUCCESS] bvid=BV1BYDaBmELa 已成功抓取全部所需数据。
[2026-04-08 22:20:48] [SUCCESS] bvid=BV1BYDaBmE6y 已成功抓取全部所需数据。
[2026-04-08 22:20:53] [SUCCESS] bvid=BV1i4DjBiE2Y 已成功抓取全部所需数据。
[2026-04-08 22:20:59] [SUCCESS] bvid=BV1ZiDuBjE8i 已成功抓取全部所需数据。
[2026-04-08 22:21:04] [SUCCESS] bvid=BV1t1DjBWEyC 已成功抓取全部所需数据。
[2026-04-08 22:21:10] [SUCCESS] bvid=BV1h6DjBoEGu 已成功抓取全部所需数据。
[2026-04-08 22:21:16] [SUCCESS] bvid=BV1Q6DjBoEit 已成功抓取全部所需数据。
[2026-04-08 22:21:22] [SUCCESS] bvid=BV1hkDjBxE8z 已成功抓取全部所需数据。
[2026-04-08 22:21:28] [SUCCESS] bvid=BV1BxDjBTEwH 已成功抓取全部所需数据。
[2026-04-08 22:21:33] [SUCCESS] bvid=BV13kDjB4ESC 已成功抓取全部所需数据。
[2026-04-08 22:21:39] [SUCCESS] bvid=BV1hkDjBxEJN 已成功抓取全部所需数据。
[2026-04-08 22:21:45] [SUCCESS] bvid=BV1FxDjBME5p 已成功抓取全部所需数据。
[2026-04-08 22:21:51] [SUCCESS] bvid=BV1fWDjBBEiV 已成功抓取全部所需数据。
[2026-04-08 22:21:57] [SUCCESS] bvid=BV16pDjBuEqz 已成功抓取全部所需数据。
[2026-04-08 22:22:03] [SUCCESS] bvid=BV1zpDjBuEUY 已成功抓取全部所需数据。
[2026-04-08 22:22:10] [SUCCESS] bvid=BV16pDjBuEw9 已成功抓取全部所需数据。
[2026-04-08 22:32:16] [SUCCESS] bvid=BV1daDjBAEt7 已成功抓取全部所需数据。
[2026-04-08 22:32:24] [SUCCESS] bvid=BV1FWDjBzEUA 已成功抓取全部所需数据。
[2026-04-08 22:32:31] [SUCCESS] bvid=BV1euDiBSE9V 已成功抓取全部所需数据。
[2026-04-08 22:32:37] [SUCCESS] bvid=BV1c3DgBWExG 已成功抓取全部所需数据。
[2026-04-08 22:32:43] [SUCCESS] bvid=BV1eYDjBaEpx 已成功抓取全部所需数据。
[2026-04-08 22:32:49] [SUCCESS] bvid=BV1eYDjBaEZm 已成功抓取全部所需数据。
[2026-04-08 22:32:55] [SUCCESS] bvid=BV1jbDjBKE9A 已成功抓取全部所需数据。
[2026-04-08 22:33:00] [SUCCESS] bvid=BV1q8DjBeETM 已成功抓取全部所需数据。
[2026-04-08 22:33:06] [SUCCESS] bvid=BV1eoD6BPELV 已成功抓取全部所需数据。
[2026-04-08 22:33:13] [SUCCESS] bvid=BV1joD6BPEFs 已成功抓取全部所需数据。
[2026-04-08 22:33:19] [SUCCESS] bvid=BV15ZD6BYEUb 已成功抓取全部所需数据。
[2026-04-08 22:33:25] [SUCCESS] bvid=BV1RZD6BYEye 已成功抓取全部所需数据。
[2026-04-08 22:33:31] [SUCCESS] bvid=BV1cEDzB3E2B 已成功抓取全部所需数据。
[2026-04-08 22:33:36] [SUCCESS] bvid=BV1q9D6BKEpb 已成功抓取全部所需数据。
[2026-04-08 22:33:42] [SUCCESS] bvid=BV179D6BKEAL 已成功抓取全部所需数据。
[2026-04-08 22:33:48] [SUCCESS] bvid=BV1o9D6BKEkK 已成功抓取全部所需数据。
[2026-04-08 22:33:53] [SUCCESS] bvid=BV1q9D6BKEWq 已成功抓取全部所需数据。
[2026-04-08 22:33:59] [SUCCESS] bvid=BV1DEDiBCEwE 已成功抓取全部所需数据。
[2026-04-08 22:34:05] [SUCCESS] bvid=BV1dRD6BvEfE 已成功抓取全部所需数据。
[2026-04-08 22:34:11] [SUCCESS] bvid=BV13PDrBbEQr 已成功抓取全部所需数据。
[2026-04-08 22:34:17] [SUCCESS] bvid=BV15FDrBwE5L 已成功抓取全部所需数据。
[2026-04-08 22:34:23] [SUCCESS] bvid=BV1GcDrBhEjK 已成功抓取全部所需数据。
[2026-04-08 22:34:29] [SUCCESS] bvid=BV1YFDrBwEJu 已成功抓取全部所需数据。
[2026-04-08 22:34:34] [SUCCESS] bvid=BV1ecDrBhEAu 已成功抓取全部所需数据。
[2026-04-08 22:34:40] [SUCCESS] bvid=BV1VcDrBhEuh 已成功抓取全部所需数据。
[2026-04-08 22:34:45] [SUCCESS] bvid=BV1VcDrBhEnP 已成功抓取全部所需数据。
[2026-04-08 22:34:51] [SUCCESS] bvid=BV1GcDrBhE8Q 已成功抓取全部所需数据。
[2026-04-08 22:34:57] [SUCCESS] bvid=BV1CrD6B5EJh 已成功抓取全部所需数据。
[2026-04-08 22:35:02] [SUCCESS] bvid=BV1E1D6BrEDk 已成功抓取全部所需数据。
[2026-04-08 22:35:08] [SUCCESS] bvid=BV1n1D6BrEyY 已成功抓取全部所需数据。
[2026-04-08 22:35:14] [SUCCESS] bvid=BV1ArD6BLE6C 已成功抓取全部所需数据。
[2026-04-08 22:35:20] [SUCCESS] bvid=BV1ckD6ByE5x 已成功抓取全部所需数据。
[2026-04-08 22:35:25] [SUCCESS] bvid=BV1BDD6BMEBi 已成功抓取全部所需数据。
[2026-04-08 22:35:30] [SUCCESS] bvid=BV1EDD6BMEWt 已成功抓取全部所需数据。
[2026-04-08 22:35:36] [SUCCESS] bvid=BV1fDD6BMEM7 已成功抓取全部所需数据。
[2026-04-08 22:35:41] [SUCCESS] bvid=BV17QD6BqEDe 已成功抓取全部所需数据。
[2026-04-08 22:35:46] [SUCCESS] bvid=BV17QD6BqEku 已成功抓取全部所需数据。
[2026-04-08 22:35:52] [SUCCESS] bvid=BV1EQD6BqE3n 已成功抓取全部所需数据。
[2026-04-08 22:35:57] [SUCCESS] bvid=BV1EmD6BgEeA 已成功抓取全部所需数据。
[2026-04-08 22:36:10] [SUCCESS] bvid=BV1JUD6BzEtA 已成功抓取全部所需数据。
[2026-04-08 22:36:15] [SUCCESS] bvid=BV1HJDzB6Ept 已成功抓取全部所需数据。
[2026-04-08 22:36:22] [SUCCESS] bvid=BV1wnDrBmEEy 已成功抓取全部所需数据。
[2026-04-08 22:36:27] [SUCCESS] bvid=BV1ZEDvB9Ey5 已成功抓取全部所需数据。
[2026-04-08 22:36:33] [SUCCESS] bvid=BV17iDuB7Erm 已成功抓取全部所需数据。
[2026-04-08 22:36:38] [SUCCESS] bvid=BV1ApDrBjEx9 已成功抓取全部所需数据。
[2026-04-08 22:36:44] [SUCCESS] bvid=BV1CpDrBjEBN 已成功抓取全部所需数据。
[2026-04-08 22:36:51] [SUCCESS] bvid=BV1ugDrBsEss 已成功抓取全部所需数据。
[2026-04-08 22:36:57] [SUCCESS] bvid=BV1PJDrBEEyF 已成功抓取全部所需数据。
[2026-04-08 22:37:03] [SUCCESS] bvid=BV1sJDrBEEes 已成功抓取全部所需数据。
[2026-04-08 22:37:08] [SUCCESS] bvid=BV1F4DrBCE5L 已成功抓取全部所需数据。
[2026-04-08 22:37:14] [SUCCESS] bvid=BV1wWDrB1E9y 已成功抓取全部所需数据。
[2026-04-08 22:37:20] [SUCCESS] bvid=BV1uMDrBdErD 已成功抓取全部所需数据。
[2026-04-08 22:37:25] [SUCCESS] bvid=BV1hTDrB4E7x 已成功抓取全部所需数据。
[2026-04-08 22:37:25] [INFO] 当前 batch_crawl 已完成，所有视频均已成功抓取。
[2026-04-08 22:37:25] 子任务结束时间：2026-04-08T22:37:25.726839
[TIMESTAMP][END] 2026-04-08T22:37:25
