[TIMESTAMP][BEGIN] 2026-04-08T23:29:27
[2026-04-08 23:29:32] 开始执行 CSV 批量抓取子任务 part_6。
[2026-04-08 23:29:32] 子任务开始时间：2026-04-08T23:29:27.800882
[2026-04-08 23:29:32] 输入文件：batch_input_6.csv
[2026-04-08 23:29:32] 输入唯一 bvid 数量：100
[2026-04-08 23:29:32] 为严格按 CSV 顺序判断连续失败阈值，本次任务自动将并发度从 2 调整为 1。
[2026-04-08 23:29:40] [SUCCESS] bvid=BV1YMDeBkE6C 已成功抓取全部所需数据。
[2026-04-08 23:29:48] [SUCCESS] bvid=BV19MDeBkEpH 已成功抓取全部所需数据。
[2026-04-08 23:29:56] [SUCCESS] bvid=BV1aMDeBkE2t 已成功抓取全部所需数据。
[2026-04-08 23:30:04] [SUCCESS] bvid=BV1aMDeBkEqF 已成功抓取全部所需数据。
[2026-04-08 23:30:12] [SUCCESS] bvid=BV1hgDeB3Eae 已成功抓取全部所需数据。
[2026-04-08 23:30:20] [SUCCESS] bvid=BV147DeBiEo5 已成功抓取全部所需数据。
[2026-04-08 23:30:31] [SUCCESS] bvid=BV1t7DeBiEwP 已成功抓取全部所需数据。
[2026-04-08 23:30:42] [SUCCESS] bvid=BV1DDDaBKE5D 已成功抓取全部所需数据。
[2026-04-08 23:30:51] [SUCCESS] bvid=BV14JDeBNEDf 已成功抓取全部所需数据。
[2026-04-08 23:31:01] [SUCCESS] bvid=BV14JDeBNEzc 已成功抓取全部所需数据。
[2026-04-08 23:31:10] [SUCCESS] bvid=BV1xZSZBYEpa 已成功抓取全部所需数据。
[2026-04-08 23:31:20] [SUCCESS] bvid=BV1tGSZBPEq2 已成功抓取全部所需数据。
[2026-04-08 23:31:28] [SUCCESS] bvid=BV1jP93BZEQ5 已成功抓取全部所需数据。
[2026-04-08 23:31:39] [SUCCESS] bvid=BV176DeBDEBc 已成功抓取全部所需数据。
[2026-04-08 23:31:47] [SUCCESS] bvid=BV1GbDYBgEjg 已成功抓取全部所需数据。
[2026-04-08 23:31:57] [SUCCESS] bvid=BV1NPDYB4EA2 已成功抓取全部所需数据。
[2026-04-08 23:32:04] [SUCCESS] bvid=BV1SjDeBTEVZ 已成功抓取全部所需数据。
[2026-04-08 23:32:14] [SUCCESS] bvid=BV1VSDeByEGG 已成功抓取全部所需数据。
[2026-04-08 23:32:22] [SUCCESS] bvid=BV1VUDeBLEZW 已成功抓取全部所需数据。
[2026-04-08 23:32:42] [SUCCESS] bvid=BV1tjDFBuEpV 已成功抓取全部所需数据。
[2026-04-08 23:33:05] [SUCCESS] bvid=BV15UDeBLEF1 已成功抓取全部所需数据。
[2026-04-08 23:33:12] [SUCCESS] bvid=BV13QDeBVE16 已成功抓取全部所需数据。
[2026-04-08 23:33:19] [SUCCESS] bvid=BV1aSDeByEs4 已成功抓取全部所需数据。
[2026-04-08 23:33:27] [SUCCESS] bvid=BV1aSDeByEk8 已成功抓取全部所需数据。
[2026-04-08 23:33:34] [SUCCESS] bvid=BV152DeB2EGK 已成功抓取全部所需数据。
[2026-04-08 23:33:41] [SUCCESS] bvid=BV151DeB7Eqs 已成功抓取全部所需数据。
[2026-04-08 23:33:48] [SUCCESS] bvid=BV151DeB7EX1 已成功抓取全部所需数据。
[2026-04-08 23:33:55] [SUCCESS] bvid=BV151DeB7ETH 已成功抓取全部所需数据。
[2026-04-08 23:34:03] [SUCCESS] bvid=BV1v1DeB7ESw 已成功抓取全部所需数据。
[2026-04-08 23:34:10] [SUCCESS] bvid=BV1Y2DeB2End 已成功抓取全部所需数据。
[2026-04-08 23:34:18] [SUCCESS] bvid=BV1v1DeB7EFP 已成功抓取全部所需数据。
[2026-04-08 23:34:26] [SUCCESS] bvid=BV1e1DeB7EoT 已成功抓取全部所需数据。
[2026-04-08 23:34:33] [SUCCESS] bvid=BV151DeBEEA1 已成功抓取全部所需数据。
[2026-04-08 23:34:40] [SUCCESS] bvid=BV1V2DeB2ErM 已成功抓取全部所需数据。
[2026-04-08 23:34:49] [SUCCESS] bvid=BV1G2DeB2EDo 已成功抓取全部所需数据。
[2026-04-08 23:34:56] [SUCCESS] bvid=BV1V2DeB2E41 已成功抓取全部所需数据。
[2026-04-08 23:35:05] [SUCCESS] bvid=BV1Y2DeB2EUV 已成功抓取全部所需数据。
[2026-04-08 23:35:12] [SUCCESS] bvid=BV1G2DeB2EQj 已成功抓取全部所需数据。
[2026-04-08 23:35:20] [SUCCESS] bvid=BV1V2DeB2EBQ 已成功抓取全部所需数据。
[2026-04-08 23:35:27] [SUCCESS] bvid=BV1Y2DeB2ERP 已成功抓取全部所需数据。
[2026-04-08 23:35:34] [SUCCESS] bvid=BV1V2DeB2Esn 已成功抓取全部所需数据。
[2026-04-08 23:35:44] [SUCCESS] bvid=BV1V2DeB2E65 已成功抓取全部所需数据。
[2026-04-08 23:35:51] [SUCCESS] bvid=BV1V2DeB2Ezt 已成功抓取全部所需数据。
[2026-04-08 23:36:00] [SUCCESS] bvid=BV1gRDeB3EJ8 已成功抓取全部所需数据。
[2026-04-08 23:36:08] [SUCCESS] bvid=BV1gRDeB3EGg 已成功抓取全部所需数据。
[2026-04-08 23:36:16] [SUCCESS] bvid=BV1SRDeB3Ey1 已成功抓取全部所需数据。
[2026-04-08 23:36:24] [SUCCESS] bvid=BV18RDeB3E6i 已成功抓取全部所需数据。
[2026-04-08 23:36:33] [SUCCESS] bvid=BV1DRDeB3Eoo 已成功抓取全部所需数据。
[2026-04-08 23:36:40] [SUCCESS] bvid=BV1bdDeB6EYV 已成功抓取全部所需数据。
[2026-04-08 23:36:49] [SUCCESS] bvid=BV1udDeB6Et2 已成功抓取全部所需数据。
[2026-04-08 23:36:57] [SUCCESS] bvid=BV1udDeB6EEf 已成功抓取全部所需数据。
[2026-04-08 23:37:04] [SUCCESS] bvid=BV1gdDeB6E5A 已成功抓取全部所需数据。
[2026-04-08 23:37:12] [SUCCESS] bvid=BV1udDeB6ENo 已成功抓取全部所需数据。
[2026-04-08 23:37:23] [SUCCESS] bvid=BV1KmS9B9Eq4 已成功抓取全部所需数据。
[2026-04-08 23:37:30] [SUCCESS] bvid=BV1JqDeBXEjE 已成功抓取全部所需数据。
[2026-04-08 23:37:39] [SUCCESS] bvid=BV1gdDeBrEAR 已成功抓取全部所需数据。
[2026-04-08 23:37:48] [SUCCESS] bvid=BV18dDeB6EJp 已成功抓取全部所需数据。
[2026-04-08 23:37:54] [SUCCESS] bvid=BV1bdDeB6ESV 已成功抓取全部所需数据。
[2026-04-08 23:38:02] [SUCCESS] bvid=BV1MdDeB6Eep 已成功抓取全部所需数据。
[2026-04-08 23:38:09] [SUCCESS] bvid=BV1QQDeBVELh 已成功抓取全部所需数据。
[2026-04-08 23:38:17] [SUCCESS] bvid=BV13XDeBkEUG 已成功抓取全部所需数据。
[2026-04-08 23:38:24] [SUCCESS] bvid=BV1gQDeBVEkX 已成功抓取全部所需数据。
[2026-04-08 23:38:34] [SUCCESS] bvid=BV13QDeBVEq5 已成功抓取全部所需数据。
[2026-04-08 23:38:43] [SUCCESS] bvid=BV1pBDKBEEqd 已成功抓取全部所需数据。
[2026-04-08 23:38:52] [SUCCESS] bvid=BV1aQDeBVEjz 已成功抓取全部所需数据。
[2026-04-08 23:39:00] [SUCCESS] bvid=BV1hQDeBVEUz 已成功抓取全部所需数据。
[2026-04-08 23:39:08] [SUCCESS] bvid=BV1gQDeBVEyf 已成功抓取全部所需数据。
[2026-04-08 23:39:15] [SUCCESS] bvid=BV13QDeBVEU3 已成功抓取全部所需数据。
[2026-04-08 23:39:24] [SUCCESS] bvid=BV1gXDeBkEh7 已成功抓取全部所需数据。
[2026-04-08 23:39:31] [SUCCESS] bvid=BV1QXDeBkEFH 已成功抓取全部所需数据。
[2026-04-08 23:39:40] [SUCCESS] bvid=BV1hXDeBkEEC 已成功抓取全部所需数据。
[2026-04-08 23:39:46] [SUCCESS] bvid=BV1uXDeBkEfy 已成功抓取全部所需数据。
[2026-04-08 23:40:04] [SUCCESS] bvid=BV1hXDeBkEP9 已成功抓取全部所需数据。
[2026-04-08 23:40:13] [SUCCESS] bvid=BV1hXDeBkELx 已成功抓取全部所需数据。
[2026-04-08 23:40:20] [SUCCESS] bvid=BV1EiDeBsEJo 已成功抓取全部所需数据。
[2026-04-08 23:40:28] [SUCCESS] bvid=BV18XDeBkEoc 已成功抓取全部所需数据。
[2026-04-08 23:40:36] [SUCCESS] bvid=BV13XDeBkEKG 已成功抓取全部所需数据。
[2026-04-08 23:40:44] [SUCCESS] bvid=BV1gXDeBkEbC 已成功抓取全部所需数据。
[2026-04-08 23:40:53] [SUCCESS] bvid=BV1ziDeBWEEv 已成功抓取全部所需数据。
[2026-04-08 23:41:01] [SUCCESS] bvid=BV12zSfBeEgj 已成功抓取全部所需数据。
[2026-04-08 23:41:08] [SUCCESS] bvid=BV1ojDYB7EQ8 已成功抓取全部所需数据。
[2026-04-08 23:41:17] [SUCCESS] bvid=BV1zqDeBXEpC 已成功抓取全部所需数据。
[2026-04-08 23:41:25] [SUCCESS] bvid=BV1EqDeBXEXv 已成功抓取全部所需数据。
[2026-04-08 23:41:34] [SUCCESS] bvid=BV1BqDeBXEKs 已成功抓取全部所需数据。
[2026-04-08 23:41:43] [SUCCESS] bvid=BV1HYDeBxEhv 已成功抓取全部所需数据。
[2026-04-08 23:41:52] [SUCCESS] bvid=BV1HYDeBxEP8 已成功抓取全部所需数据。
[2026-04-08 23:42:00] [SUCCESS] bvid=BV1HYDeBxEew 已成功抓取全部所需数据。
[2026-04-08 23:42:07] [SUCCESS] bvid=BV1JeDeBRE8h 已成功抓取全部所需数据。
[2026-04-08 23:42:21] [SUCCESS] bvid=BV1neDeBREHX 已成功抓取全部所需数据。
[2026-04-08 23:42:31] [SUCCESS] bvid=BV1sBDhBxEoc 已成功抓取全部所需数据。
[2026-04-08 23:42:38] [SUCCESS] bvid=BV1neDeBREL1 已成功抓取全部所需数据。
[2026-04-08 23:42:45] [SUCCESS] bvid=BV1jCDeBSEts 已成功抓取全部所需数据。
[2026-04-08 23:42:54] [SUCCESS] bvid=BV1qkDeBJEpD 已成功抓取全部所需数据。
[2026-04-08 23:43:03] [SUCCESS] bvid=BV1zeDeBREv1 已成功抓取全部所需数据。
[2026-04-08 23:43:13] [SUCCESS] bvid=BV1ikDeBJEnz 已成功抓取全部所需数据。
[2026-04-08 23:43:21] [SUCCESS] bvid=BV1RvPZzEEu4 已成功抓取全部所需数据。
[2026-04-08 23:43:28] [SUCCESS] bvid=BV1qoDhBGEJt 已成功抓取全部所需数据。
[2026-04-08 23:43:36] [SUCCESS] bvid=BV1dLDhBgESX 已成功抓取全部所需数据。
[2026-04-08 23:43:48] [SUCCESS] bvid=BV1NFDYBFE1Y 已成功抓取全部所需数据。
[2026-04-08 23:43:56] [SUCCESS] bvid=BV1EVDhBkEPu 已成功抓取全部所需数据。
[2026-04-08 23:43:56] [INFO] 当前 batch_crawl 已完成，所有视频均已成功抓取。
[2026-04-08 23:43:56] 子任务结束时间：2026-04-08T23:43:56.134300
[TIMESTAMP][END] 2026-04-08T23:43:56
