[TIMESTAMP][BEGIN] 2026-04-08T22:37:25
[2026-04-08 22:37:28] 开始执行 CSV 批量抓取子任务 part_3。
[2026-04-08 22:37:28] 子任务开始时间：2026-04-08T22:37:25.915954
[2026-04-08 22:37:28] 输入文件：batch_input_3.csv
[2026-04-08 22:37:28] 输入唯一 bvid 数量：100
[2026-04-08 22:37:28] 为严格按 CSV 顺序判断连续失败阈值，本次任务自动将并发度从 2 调整为 1。
[2026-04-08 22:37:34] [SUCCESS] bvid=BV1K5DrBQE43 已成功抓取全部所需数据。
[2026-04-08 22:37:40] [SUCCESS] bvid=BV1gTDrB4Eae 已成功抓取全部所需数据。
[2026-04-08 22:37:45] [SUCCESS] bvid=BV1K5DrBQEZz 已成功抓取全部所需数据。
[2026-04-08 22:37:51] [SUCCESS] bvid=BV145DrBQEkr 已成功抓取全部所需数据。
[2026-04-08 22:37:57] [SUCCESS] bvid=BV12zDYBaEEL 已成功抓取全部所需数据。
[2026-04-08 22:38:03] [SUCCESS] bvid=BV14VDrBpEXZ 已成功抓取全部所需数据。
[2026-04-08 22:38:15] [SUCCESS] bvid=BV1FpDzBBEK3 已成功抓取全部所需数据。
[2026-04-08 22:38:21] [SUCCESS] bvid=BV1TVDrBpEqG 已成功抓取全部所需数据。
[2026-04-08 22:38:33] [SUCCESS] bvid=BV1YTDeBVE7A 已成功抓取全部所需数据。
[2026-04-08 22:38:40] [SUCCESS] bvid=BV1tVDrBpEe5 已成功抓取全部所需数据。
[2026-04-08 22:38:45] [SUCCESS] bvid=BV1Q1DrB8EfT 已成功抓取全部所需数据。
[2026-04-08 22:38:54] [SUCCESS] bvid=BV1Q1DrB8EK9 已成功抓取全部所需数据。
[2026-04-08 22:39:00] [SUCCESS] bvid=BV1Q1DrB8E8p 已成功抓取全部所需数据。
[2026-04-08 22:39:05] [SUCCESS] bvid=BV1Q2DrBfEjD 已成功抓取全部所需数据。
[2026-04-08 22:39:11] [SUCCESS] bvid=BV1akDrBYEgv 已成功抓取全部所需数据。
[2026-04-08 22:39:16] [SUCCESS] bvid=BV1XyDrBcEjs 已成功抓取全部所需数据。
[2026-04-08 22:39:22] [SUCCESS] bvid=BV1tXDrBdEtV 已成功抓取全部所需数据。
[2026-04-08 22:39:28] [SUCCESS] bvid=BV1MXDrBdE14 已成功抓取全部所需数据。
[2026-04-08 22:39:33] [SUCCESS] bvid=BV1SUDrBtEQn 已成功抓取全部所需数据。
[2026-04-08 22:39:39] [SUCCESS] bvid=BV1SUDrBtEBU 已成功抓取全部所需数据。
[2026-04-08 22:39:44] [SUCCESS] bvid=BV1SUDrBtEXo 已成功抓取全部所需数据。
[2026-04-08 22:39:50] [SUCCESS] bvid=BV1UUDrBtEUa 已成功抓取全部所需数据。
[2026-04-08 22:39:56] [SUCCESS] bvid=BV1DUDrBtE3g 已成功抓取全部所需数据。
[2026-04-08 22:40:01] [SUCCESS] bvid=BV1SUDrBtErS 已成功抓取全部所需数据。
[2026-04-08 22:40:07] [SUCCESS] bvid=BV1DUDrBtEuv 已成功抓取全部所需数据。
[2026-04-08 22:40:12] [SUCCESS] bvid=BV1USDrBoEo3 已成功抓取全部所需数据。
[2026-04-08 22:40:18] [SUCCESS] bvid=BV1ovDrBTEC4 已成功抓取全部所需数据。
[2026-04-08 22:40:24] [SUCCESS] bvid=BV1f8DrB6Ezb 已成功抓取全部所需数据。
[2026-04-08 22:40:30] [SUCCESS] bvid=BV1f8DrB6ECm 已成功抓取全部所需数据。
[2026-04-08 22:40:36] [SUCCESS] bvid=BV1BaDrBgE2x 已成功抓取全部所需数据。
[2026-04-08 22:40:41] [SUCCESS] bvid=BV1faDrBuEcg 已成功抓取全部所需数据。
[2026-04-08 22:40:47] [SUCCESS] bvid=BV1faDrBuEKZ 已成功抓取全部所需数据。
[2026-04-08 22:40:54] [SUCCESS] bvid=BV1zaDrBgEtE 已成功抓取全部所需数据。
[2026-04-08 22:40:59] [SUCCESS] bvid=BV19zDrBeEsD 已成功抓取全部所需数据。
[2026-04-08 22:41:05] [SUCCESS] bvid=BV1TKDzBJE8d 已成功抓取全部所需数据。
[2026-04-08 22:41:11] [SUCCESS] bvid=BV1kSDvBYEWB 已成功抓取全部所需数据。
[2026-04-08 22:41:16] [SUCCESS] bvid=BV1CSDvBYEGu 已成功抓取全部所需数据。
[2026-04-08 22:41:22] [SUCCESS] bvid=BV1cdDvB8EKM 已成功抓取全部所需数据。
[2026-04-08 22:41:27] [SUCCESS] bvid=BV16dDvBbEWh 已成功抓取全部所需数据。
[2026-04-08 22:41:32] [SUCCESS] bvid=BV1TcDvBTEkP 已成功抓取全部所需数据。
[2026-04-08 22:41:38] [SUCCESS] bvid=BV1RzDrBeEyd 已成功抓取全部所需数据。
[2026-04-08 22:41:43] [SUCCESS] bvid=BV1xRQmBkE9d 已成功抓取全部所需数据。
[2026-04-08 22:41:49] [SUCCESS] bvid=BV1yoQmBgEq8 已成功抓取全部所需数据。
[2026-04-08 22:41:54] [SUCCESS] bvid=BV11oQmBgEux 已成功抓取全部所需数据。
[2026-04-08 22:42:00] [SUCCESS] bvid=BV1NRQmBkEQh 已成功抓取全部所需数据。
[2026-04-08 22:42:05] [SUCCESS] bvid=BV1NRQmBkEos 已成功抓取全部所需数据。
[2026-04-08 22:42:11] [SUCCESS] bvid=BV1soQmB3E9W 已成功抓取全部所需数据。
[2026-04-08 22:42:16] [SUCCESS] bvid=BV1yoQmBgEBT 已成功抓取全部所需数据。
[2026-04-08 22:42:28] [SUCCESS] bvid=BV11oQmBgEue 已成功抓取全部所需数据。
[2026-04-08 22:42:34] [SUCCESS] bvid=BV1xRQmBkETQ 已成功抓取全部所需数据。
[2026-04-08 22:42:41] [SUCCESS] bvid=BV11RQmBrEpi 已成功抓取全部所需数据。
[2026-04-08 22:42:47] [SUCCESS] bvid=BV11RQmBrEuV 已成功抓取全部所需数据。
[2026-04-08 22:42:53] [SUCCESS] bvid=BV11RQmBrErD 已成功抓取全部所需数据。
[2026-04-08 22:42:59] [SUCCESS] bvid=BV11RQmBrED8 已成功抓取全部所需数据。
[2026-04-08 22:43:04] [SUCCESS] bvid=BV1NoQmB3En4 已成功抓取全部所需数据。
[2026-04-08 22:43:10] [SUCCESS] bvid=BV1yoQmBgEYV 已成功抓取全部所需数据。
[2026-04-08 22:43:15] [SUCCESS] bvid=BV1QhDvB1Ect 已成功抓取全部所需数据。
[2026-04-08 22:43:21] [SUCCESS] bvid=BV11RQmBrEWU 已成功抓取全部所需数据。
[2026-04-08 22:43:26] [SUCCESS] bvid=BV11RQmBrEoN 已成功抓取全部所需数据。
[2026-04-08 22:43:32] [SUCCESS] bvid=BV1NoQmB3Ewx 已成功抓取全部所需数据。
[2026-04-08 22:43:38] [SUCCESS] bvid=BV17HDvBXEH4 已成功抓取全部所需数据。
[2026-04-08 22:43:44] [SUCCESS] bvid=BV1WEDzB3Ewd 已成功抓取全部所需数据。
[2026-04-08 22:43:49] [SUCCESS] bvid=BV11dDrBXEqQ 已成功抓取全部所需数据。
[2026-04-08 22:44:02] [SUCCESS] bvid=BV1wPDkBEEMY 已成功抓取全部所需数据。
[2026-04-08 22:44:21] [SUCCESS] bvid=BV1fpDqBfEgJ 已成功抓取全部所需数据。
[2026-04-08 22:44:40] [SUCCESS] bvid=BV1TTDzBUEUq 已成功抓取全部所需数据。
[2026-04-08 22:44:58] [SUCCESS] bvid=BV1kXDvBhEdH 已成功抓取全部所需数据。
[2026-04-08 22:45:16] [SUCCESS] bvid=BV1zoDvBZEdS 已成功抓取全部所需数据。
[2026-04-08 22:45:34] [SUCCESS] bvid=BV1zoDvBZEkU 已成功抓取全部所需数据。
[2026-04-08 22:45:52] [SUCCESS] bvid=BV1rXDvBhECJ 已成功抓取全部所需数据。
[2026-04-08 22:46:10] [SUCCESS] bvid=BV1rXDvBhE1a 已成功抓取全部所需数据。
[2026-04-08 22:46:28] [SUCCESS] bvid=BV16RDvBFEDb 已成功抓取全部所需数据。
[2026-04-08 22:46:46] [SUCCESS] bvid=BV1rRDvBFEg7 已成功抓取全部所需数据。
[2026-04-08 22:47:04] [SUCCESS] bvid=BV1s4DiBME3b 已成功抓取全部所需数据。
[2026-04-08 22:47:09] [SUCCESS] bvid=BV1s4DiBME1N 已成功抓取全部所需数据。
[2026-04-08 22:47:21] [SUCCESS] bvid=BV1FhDuBDEbH 已成功抓取全部所需数据。
[2026-04-08 22:47:27] [SUCCESS] bvid=BV1eKDiBQEhG 已成功抓取全部所需数据。
[2026-04-08 22:47:33] [SUCCESS] bvid=BV1udDeB6ETM 已成功抓取全部所需数据。
[2026-04-08 22:47:38] [SUCCESS] bvid=BV1kRDvBFEwF 已成功抓取全部所需数据。
[2026-04-08 22:47:44] [SUCCESS] bvid=BV1svD6BEEvW 已成功抓取全部所需数据。
[2026-04-08 22:47:50] [SUCCESS] bvid=BV1zEDqBYEk5 已成功抓取全部所需数据。
[2026-04-08 22:47:55] [SUCCESS] bvid=BV15rDrBPEHu 已成功抓取全部所需数据。
[2026-04-08 22:48:01] [SUCCESS] bvid=BV1XrDrBAEij 已成功抓取全部所需数据。
[2026-04-08 22:48:07] [SUCCESS] bvid=BV1RiDrBiECy 已成功抓取全部所需数据。
[2026-04-08 22:48:13] [SUCCESS] bvid=BV19BDrBNERa 已成功抓取全部所需数据。
[2026-04-08 22:48:19] [SUCCESS] bvid=BV1TTDzBUECQ 已成功抓取全部所需数据。
[2026-04-08 22:48:24] [SUCCESS] bvid=BV1FgDkB5EeE 已成功抓取全部所需数据。
[2026-04-08 22:48:30] [SUCCESS] bvid=BV1fgDkBVEsu 已成功抓取全部所需数据。
[2026-04-08 22:48:35] [SUCCESS] bvid=BV1f3DkBkESy 已成功抓取全部所需数据。
[2026-04-08 22:48:41] [SUCCESS] bvid=BV1rMDkByEPM 已成功抓取全部所需数据。
[2026-04-08 22:48:47] [SUCCESS] bvid=BV1zMDkB1Ebq 已成功抓取全部所需数据。
[2026-04-08 22:48:53] [SUCCESS] bvid=BV16MDkByEem 已成功抓取全部所需数据。
[2026-04-08 22:48:58] [SUCCESS] bvid=BV1zMDkByE9q 已成功抓取全部所需数据。
[2026-04-08 22:49:04] [SUCCESS] bvid=BV1qjDkBuEEo 已成功抓取全部所需数据。
[2026-04-08 22:49:10] [SUCCESS] bvid=BV1ijDkBuEkP 已成功抓取全部所需数据。
[2026-04-08 22:49:16] [SUCCESS] bvid=BV1YtDvBUEZD 已成功抓取全部所需数据。
[2026-04-08 22:49:22] [SUCCESS] bvid=BV1JsDzBTEXb 已成功抓取全部所需数据。
[2026-04-08 22:49:28] [SUCCESS] bvid=BV1w7DqBPE7m 已成功抓取全部所需数据。
[2026-04-08 22:49:33] [SUCCESS] bvid=BV1ijDkBuEHJ 已成功抓取全部所需数据。
[2026-04-08 22:49:39] [SUCCESS] bvid=BV1i7DkBBEwq 已成功抓取全部所需数据。
[2026-04-08 22:49:39] [INFO] 当前 batch_crawl 已完成，所有视频均已成功抓取。
[2026-04-08 22:49:39] 子任务结束时间：2026-04-08T22:49:39.538263
[TIMESTAMP][END] 2026-04-08T22:49:39
