[TIMESTAMP][BEGIN] 2026-04-10T02:36:07
[2026-04-10 02:36:09] 开始执行 CSV 批量抓取子任务 part_22。
[2026-04-10 02:36:09] 子任务开始时间：2026-04-10T02:36:07.491527
[2026-04-10 02:36:09] 输入文件：batch_input_22.csv
[2026-04-10 02:36:09] 输入唯一 bvid 数量：100
[2026-04-10 02:36:09] 为严格按 CSV 顺序判断连续失败阈值，本次任务自动将并发度从 2 调整为 1。
[2026-04-10 02:36:14] [SUCCESS] bvid=BV1wNSfBZEoD 已成功抓取全部所需数据。
[2026-04-10 02:36:19] [SUCCESS] bvid=BV1pNSfBZEZn 已成功抓取全部所需数据。
[2026-04-10 02:36:25] [SUCCESS] bvid=BV1DmSZBgEPj 已成功抓取全部所需数据。
[2026-04-10 02:36:30] [SUCCESS] bvid=BV1gDSZBMEaa 已成功抓取全部所需数据。
[2026-04-10 02:36:35] [SUCCESS] bvid=BV1gDSZBMEQe 已成功抓取全部所需数据。
[2026-04-10 02:36:39] [SUCCESS] bvid=BV1uQSZBqE3c 已成功抓取全部所需数据。
[2026-04-10 02:36:44] [SUCCESS] bvid=BV1gQSZBqEMy 已成功抓取全部所需数据。
[2026-04-10 02:36:49] [SUCCESS] bvid=BV1GmSZB3Eu9 已成功抓取全部所需数据。
[2026-04-10 02:36:54] [SUCCESS] bvid=BV1gmSZBgEKC 已成功抓取全部所需数据。
[2026-04-10 02:36:59] [SUCCESS] bvid=BV13mSZBgEDd 已成功抓取全部所需数据。
[2026-04-10 02:37:04] [SUCCESS] bvid=BV18USZBzE4i 已成功抓取全部所需数据。
[2026-04-10 02:37:09] [SUCCESS] bvid=BV13USZBzEWZ 已成功抓取全部所需数据。
[2026-04-10 02:37:14] [SUCCESS] bvid=BV14ZSZBYEpw 已成功抓取全部所需数据。
[2026-04-10 02:37:20] [SUCCESS] bvid=BV14oSZBPEwz 已成功抓取全部所需数据。
[2026-04-10 02:37:25] [SUCCESS] bvid=BV1MoSZBPEFn 已成功抓取全部所需数据。
[2026-04-10 02:37:30] [SUCCESS] bvid=BV1SvSfBTEF9 已成功抓取全部所需数据。
[2026-04-10 02:37:35] [SUCCESS] bvid=BV1KZSZBYE1m 已成功抓取全部所需数据。
[2026-04-10 02:37:40] [SUCCESS] bvid=BV1M9SZBKEQf 已成功抓取全部所需数据。
[2026-04-10 02:37:45] [SUCCESS] bvid=BV1oVSoBCECd 已成功抓取全部所需数据。
[2026-04-10 02:37:50] [SUCCESS] bvid=BV1M9SZBKEhP 已成功抓取全部所需数据。
[2026-04-10 02:37:54] [SUCCESS] bvid=BV1MRSZBvEa4 已成功抓取全部所需数据。
[2026-04-10 02:37:59] [SUCCESS] bvid=BV1TRSZBvEaC 已成功抓取全部所需数据。
[2026-04-10 02:38:04] [SUCCESS] bvid=BV1Y4SfBCEwz 已成功抓取全部所需数据。
[2026-04-10 02:38:10] [SUCCESS] bvid=BV1Q4SfBkEbP 已成功抓取全部所需数据。
[2026-04-10 02:38:15] [SUCCESS] bvid=BV134SfBCE64 已成功抓取全部所需数据。
[2026-04-10 02:38:20] [SUCCESS] bvid=BV1D4SfBkE9n 已成功抓取全部所需数据。
[2026-04-10 02:38:25] [SUCCESS] bvid=BV1XWSfByEyg 已成功抓取全部所需数据。
[2026-04-10 02:38:30] [SUCCESS] bvid=BV1mBSfBNEV4 已成功抓取全部所需数据。
[2026-04-10 02:38:36] [SUCCESS] bvid=BV19F9NBKEMA 已成功抓取全部所需数据。
[2026-04-10 02:38:41] [SUCCESS] bvid=BV15w9TBCEhW 已成功抓取全部所需数据。
[2026-04-10 02:38:46] [SUCCESS] bvid=BV1VWSfB1EZ4 已成功抓取全部所需数据。
[2026-04-10 02:38:51] [SUCCESS] bvid=BV1XxSfBVEFk 已成功抓取全部所需数据。
[2026-04-10 02:38:56] [SUCCESS] bvid=BV1XxSfBVEDD 已成功抓取全部所需数据。
[2026-04-10 02:39:02] [SUCCESS] bvid=BV1GxSfB5ExL 已成功抓取全部所需数据。
[2026-04-10 02:39:07] [SUCCESS] bvid=BV1MYSfBzEhN 已成功抓取全部所需数据。
[2026-04-10 02:39:12] [SUCCESS] bvid=BV1UYSfBBEMp 已成功抓取全部所需数据。
[2026-04-10 02:39:17] [SUCCESS] bvid=BV1uvSfBMEJ8 已成功抓取全部所需数据。
[2026-04-10 02:39:22] [SUCCESS] bvid=BV12vSfBTEDS 已成功抓取全部所需数据。
[2026-04-10 02:39:27] [SUCCESS] bvid=BV1UvSfBTEqK 已成功抓取全部所需数据。
[2026-04-10 02:39:31] [SUCCESS] bvid=BV1S5X5B9E65 已成功抓取全部所需数据。
[2026-04-10 02:39:36] [SUCCESS] bvid=BV1UvSfBTEkP 已成功抓取全部所需数据。
[2026-04-10 02:39:41] [SUCCESS] bvid=BV1S8SfB6EWU 已成功抓取全部所需数据。
[2026-04-10 02:39:46] [SUCCESS] bvid=BV1D8SfB6Equ 已成功抓取全部所需数据。
[2026-04-10 02:39:51] [SUCCESS] bvid=BV138SfBrELb 已成功抓取全部所需数据。
[2026-04-10 02:39:56] [SUCCESS] bvid=BV1g8SfBrEEY 已成功抓取全部所需数据。
[2026-04-10 02:40:01] [SUCCESS] bvid=BV1DaSfBuExD 已成功抓取全部所需数据。
[2026-04-10 02:40:06] [SUCCESS] bvid=BV1UaSfBuEDo 已成功抓取全部所需数据。
[2026-04-10 02:40:11] [SUCCESS] bvid=BV1gaSfBgEYW 已成功抓取全部所需数据。
[2026-04-10 02:40:16] [SUCCESS] bvid=BV1SaSfBuEeX 已成功抓取全部所需数据。
[2026-04-10 02:40:21] [SUCCESS] bvid=BV175SfBQEzZ 已成功抓取全部所需数据。
[2026-04-10 02:40:26] [SUCCESS] bvid=BV1jjSfBnEx2 已成功抓取全部所需数据。
[2026-04-10 02:40:31] [SUCCESS] bvid=BV1J1SoBDEE6 已成功抓取全部所需数据。
[2026-04-10 02:40:36] [SUCCESS] bvid=BV1ojSfBJEhT 已成功抓取全部所需数据。
[2026-04-10 02:40:41] [SUCCESS] bvid=BV1f3SfBXETn 已成功抓取全部所需数据。
[2026-04-10 02:40:46] [SUCCESS] bvid=BV1fVSfBHEqP 已成功抓取全部所需数据。
[2026-04-10 02:40:51] [SUCCESS] bvid=BV1oVSfBHEQR 已成功抓取全部所需数据。
[2026-04-10 02:40:56] [SUCCESS] bvid=BV1ZVSfBHEkR 已成功抓取全部所需数据。
[2026-04-10 02:41:01] [SUCCESS] bvid=BV1qVSfBpESR 已成功抓取全部所需数据。
[2026-04-10 02:41:06] [SUCCESS] bvid=BV1EVSfBpEGH 已成功抓取全部所需数据。
[2026-04-10 02:41:11] [SUCCESS] bvid=BV1d7SfBUEym 已成功抓取全部所需数据。
[2026-04-10 02:41:16] [SUCCESS] bvid=BV1LJSfBEEVa 已成功抓取全部所需数据。
[2026-04-10 02:41:21] [SUCCESS] bvid=BV1iJSfBEEtc 已成功抓取全部所需数据。
[2026-04-10 02:41:26] [SUCCESS] bvid=BV1rSSfBoExo 已成功抓取全部所需数据。
[2026-04-10 02:41:31] [SUCCESS] bvid=BV1jJSfBEEgb 已成功抓取全部所需数据。
[2026-04-10 02:41:36] [SUCCESS] bvid=BV1hS9TB6EfJ 已成功抓取全部所需数据。
[2026-04-10 02:41:41] [SUCCESS] bvid=BV1t6DGB3EGL 已成功抓取全部所需数据。
[2026-04-10 02:41:46] [SUCCESS] bvid=BV1Ew9FB8EnD 已成功抓取全部所需数据。
[2026-04-10 02:41:51] [SUCCESS] bvid=BV1AmSfBFEjd 已成功抓取全部所需数据。
[2026-04-10 02:41:56] [SUCCESS] bvid=BV1Ki9KBhEXE 已成功抓取全部所需数据。
[2026-04-10 02:42:02] [SUCCESS] bvid=BV1VcSZBkEGm 已成功抓取全部所需数据。
[2026-04-10 02:42:07] [SUCCESS] bvid=BV1rQSfBxEN2 已成功抓取全部所需数据。
[2026-04-10 02:42:12] [SUCCESS] bvid=BV1wUSfBbEYa 已成功抓取全部所需数据。
[2026-04-10 02:42:17] [SUCCESS] bvid=BV1FQSfB4Et3 已成功抓取全部所需数据。
[2026-04-10 02:42:22] [SUCCESS] bvid=BV16XSfBREV7 已成功抓取全部所需数据。
[2026-04-10 02:42:27] [SUCCESS] bvid=BV1kUSfBtEPv 已成功抓取全部所需数据。
[2026-04-10 02:42:33] [SUCCESS] bvid=BV16XSfBREwC 已成功抓取全部所需数据。
[2026-04-10 02:42:38] [SUCCESS] bvid=BV1kUSfBtEgy 已成功抓取全部所需数据。
[2026-04-10 02:42:43] [SUCCESS] bvid=BV16USfBtEdH 已成功抓取全部所需数据。
[2026-04-10 02:42:48] [SUCCESS] bvid=BV1kUSfBtEN2 已成功抓取全部所需数据。
[2026-04-10 02:42:54] [SUCCESS] bvid=BV1HUSfBbEQH 已成功抓取全部所需数据。
[2026-04-10 02:42:59] [SUCCESS] bvid=BV1kUSfBtEws 已成功抓取全部所需数据。
[2026-04-10 02:43:03] [SUCCESS] bvid=BV1rSSfBoEhV 已成功抓取全部所需数据。
[2026-04-10 02:43:08] [SUCCESS] bvid=BV16SSfBoELX 已成功抓取全部所需数据。
[2026-04-10 02:43:13] [SUCCESS] bvid=BV16SSfBoEbs 已成功抓取全部所需数据。
[2026-04-10 02:43:18] [SUCCESS] bvid=BV1rSSfBoE4N 已成功抓取全部所需数据。
[2026-04-10 02:43:23] [SUCCESS] bvid=BV16SSfBoEjP 已成功抓取全部所需数据。
[2026-04-10 02:43:28] [SUCCESS] bvid=BV1BZSfBHEju 已成功抓取全部所需数据。
[2026-04-10 02:43:33] [SUCCESS] bvid=BV1dfSfBDEa8 已成功抓取全部所需数据。
[2026-04-10 02:43:39] [SUCCESS] bvid=BV1vfSfBDEoY 已成功抓取全部所需数据。
[2026-04-10 02:43:43] [SUCCESS] bvid=BV1ofSfBDE8r 已成功抓取全部所需数据。
[2026-04-10 02:43:49] [SUCCESS] bvid=BV1ZRSfBWEsv 已成功抓取全部所需数据。
[2026-04-10 02:43:54] [SUCCESS] bvid=BV1CrSoBsEcn 已成功抓取全部所需数据。
[2026-04-10 02:43:59] [SUCCESS] bvid=BV1Q7SXBsEgL 已成功抓取全部所需数据。
[2026-04-10 02:44:04] [SUCCESS] bvid=BV1qdSfBXE3S 已成功抓取全部所需数据。
[2026-04-10 02:44:09] [SUCCESS] bvid=BV1BdSfBXE22 已成功抓取全部所需数据。
[2026-04-10 02:44:14] [SUCCESS] bvid=BV1fdSfBXEM8 已成功抓取全部所需数据。
[2026-04-10 02:44:19] [SUCCESS] bvid=BV1qdSfBXEQK 已成功抓取全部所需数据。
[2026-04-10 02:44:24] [SUCCESS] bvid=BV1BdSfBXErW 已成功抓取全部所需数据。
[2026-04-10 02:44:29] [SUCCESS] bvid=BV11zSfBeEh2 已成功抓取全部所需数据。
[2026-04-10 02:44:34] [SUCCESS] bvid=BV1miSfBiEB5 已成功抓取全部所需数据。
[2026-04-10 02:44:34] [INFO] 当前 batch_crawl 已完成，所有视频均已成功抓取。
[2026-04-10 02:44:34] 子任务结束时间：2026-04-10T02:44:34.469173
[TIMESTAMP][END] 2026-04-10T02:44:34
