[TIMESTAMP][BEGIN] 2026-04-10T01:04:18
[2026-04-10 01:04:20] 开始执行 CSV 批量抓取子任务 part_14。
[2026-04-10 01:04:20] 子任务开始时间：2026-04-10T01:04:18.152548
[2026-04-10 01:04:20] 输入文件：batch_input_14.csv
[2026-04-10 01:04:20] 输入唯一 bvid 数量：100
[2026-04-10 01:04:20] 为严格按 CSV 顺序判断连续失败阈值，本次任务自动将并发度从 2 调整为 1。
[2026-04-10 01:04:25] [SUCCESS] bvid=BV1SwDqB5Eha 已成功抓取全部所需数据。
[2026-04-10 01:04:31] [SUCCESS] bvid=BV1NuDqBzETs 已成功抓取全部所需数据。
[2026-04-10 01:04:36] [SUCCESS] bvid=BV1twDqB5ErP 已成功抓取全部所需数据。
[2026-04-10 01:04:41] [SUCCESS] bvid=BV1yuDqBzEQm 已成功抓取全部所需数据。
[2026-04-10 01:04:46] [SUCCESS] bvid=BV1TwDqB5Ekw 已成功抓取全部所需数据。
[2026-04-10 01:04:51] [SUCCESS] bvid=BV1x3DqBMEwe 已成功抓取全部所需数据。
[2026-04-10 01:04:56] [SUCCESS] bvid=BV1xuDqBzEtY 已成功抓取全部所需数据。
[2026-04-10 01:05:01] [SUCCESS] bvid=BV11uDqBzE1G 已成功抓取全部所需数据。
[2026-04-10 01:05:06] [SUCCESS] bvid=BV1N3DqBME5W 已成功抓取全部所需数据。
[2026-04-10 01:05:11] [SUCCESS] bvid=BV1N3DqBMEsB 已成功抓取全部所需数据。
[2026-04-10 01:05:16] [SUCCESS] bvid=BV1s3DqBMEgN 已成功抓取全部所需数据。
[2026-04-10 01:05:22] [SUCCESS] bvid=BV1KMDqBgEtt 已成功抓取全部所需数据。
[2026-04-10 01:05:27] [SUCCESS] bvid=BV1KMDqBgErE 已成功抓取全部所需数据。
[2026-04-10 01:05:32] [SUCCESS] bvid=BV1MQSZBqEbd 已成功抓取全部所需数据。
[2026-04-10 01:05:38] [SUCCESS] bvid=BV1tjDeBTECm 已成功抓取全部所需数据。
[2026-04-10 01:05:43] [SUCCESS] bvid=BV1sxDeBcEsZ 已成功抓取全部所需数据。
[2026-04-10 01:05:48] [SUCCESS] bvid=BV14nDeBeEnZ 已成功抓取全部所需数据。
[2026-04-10 01:05:54] [SUCCESS] bvid=BV1xnDeBeEBo 已成功抓取全部所需数据。
[2026-04-10 01:06:00] [SUCCESS] bvid=BV14pDeBAEKK 已成功抓取全部所需数据。
[2026-04-10 01:06:05] [SUCCESS] bvid=BV1xpDeBAERf 已成功抓取全部所需数据。
[2026-04-10 01:06:11] [SUCCESS] bvid=BV1H8DeBtEiC 已成功抓取全部所需数据。
[2026-04-10 01:06:16] [SUCCESS] bvid=BV1p8DeBtEBx 已成功抓取全部所需数据。
[2026-04-10 01:06:21] [SUCCESS] bvid=BV1khDeBoEsx 已成功抓取全部所需数据。
[2026-04-10 01:06:27] [SUCCESS] bvid=BV1C4DeB8Ehu 已成功抓取全部所需数据。
[2026-04-10 01:06:34] [SUCCESS] bvid=BV1WtDeBfECT 已成功抓取全部所需数据。
[2026-04-10 01:06:41] [SUCCESS] bvid=BV1nhDeBoEaz 已成功抓取全部所需数据。
[2026-04-10 01:06:47] [SUCCESS] bvid=BV1b7DeBiEnA 已成功抓取全部所需数据。
[2026-04-10 01:06:53] [SUCCESS] bvid=BV1G1DaBzEgy 已成功抓取全部所需数据。
[2026-04-10 01:07:00] [SUCCESS] bvid=BV1h3DeB6EGe 已成功抓取全部所需数据。
[2026-04-10 01:07:07] [SUCCESS] bvid=BV183DeB6E93 已成功抓取全部所需数据。
[2026-04-10 01:07:13] [SUCCESS] bvid=BV1G3DeBrEgU 已成功抓取全部所需数据。
[2026-04-10 01:07:20] [SUCCESS] bvid=BV1HtDeBfEfM 已成功抓取全部所需数据。
[2026-04-10 01:07:26] [SUCCESS] bvid=BV18VDeBuEbo 已成功抓取全部所需数据。
[2026-04-10 01:07:33] [SUCCESS] bvid=BV1hVDeBuEYA 已成功抓取全部所需数据。
[2026-04-10 01:07:39] [SUCCESS] bvid=BV1DVDeBuEFF 已成功抓取全部所需数据。
[2026-04-10 01:07:45] [SUCCESS] bvid=BV19MDeBkEna 已成功抓取全部所需数据。
[2026-04-10 01:07:52] [SUCCESS] bvid=BV1YMDeBkEkr 已成功抓取全部所需数据。
[2026-04-10 01:07:58] [SUCCESS] bvid=BV1aMDeBkE7k 已成功抓取全部所需数据。
[2026-04-10 01:08:05] [SUCCESS] bvid=BV1aMDeBkEvT 已成功抓取全部所需数据。
[2026-04-10 01:08:11] [SUCCESS] bvid=BV1YMDeBkE6C 已成功抓取全部所需数据。
[2026-04-10 01:08:17] [SUCCESS] bvid=BV19MDeBkEpH 已成功抓取全部所需数据。
[2026-04-10 01:08:23] [SUCCESS] bvid=BV1aMDeBkE2t 已成功抓取全部所需数据。
[2026-04-10 01:08:30] [SUCCESS] bvid=BV1aMDeBkEqF 已成功抓取全部所需数据。
[2026-04-10 01:08:35] [SUCCESS] bvid=BV1hgDeB3Eae 已成功抓取全部所需数据。
[2026-04-10 01:08:40] [SUCCESS] bvid=BV147DeBiEo5 已成功抓取全部所需数据。
[2026-04-10 01:08:46] [SUCCESS] bvid=BV1t7DeBiEwP 已成功抓取全部所需数据。
[2026-04-10 01:08:51] [SUCCESS] bvid=BV1wMDYB9EbT 已成功抓取全部所需数据。
[2026-04-10 01:08:56] [SUCCESS] bvid=BV1DDDaBKE5D 已成功抓取全部所需数据。
[2026-04-10 01:09:01] [SUCCESS] bvid=BV14JDeBNEDf 已成功抓取全部所需数据。
[2026-04-10 01:09:07] [SUCCESS] bvid=BV14JDeBNE4w 已成功抓取全部所需数据。
[2026-04-10 01:09:12] [SUCCESS] bvid=BV14JDeBNEzc 已成功抓取全部所需数据。
[2026-04-10 01:09:17] [SUCCESS] bvid=BV1xZSZBYEpa 已成功抓取全部所需数据。
[2026-04-10 01:09:22] [SUCCESS] bvid=BV1tGSZBPEq2 已成功抓取全部所需数据。
[2026-04-10 01:09:27] [SUCCESS] bvid=BV1jP93BZEQ5 已成功抓取全部所需数据。
[2026-04-10 01:09:32] [SUCCESS] bvid=BV176DeBDEBc 已成功抓取全部所需数据。
[2026-04-10 01:09:38] [SUCCESS] bvid=BV1GbDYBgEjg 已成功抓取全部所需数据。
[2026-04-10 01:09:43] [SUCCESS] bvid=BV1NPDYB4EA2 已成功抓取全部所需数据。
[2026-04-10 01:09:49] [SUCCESS] bvid=BV1tjDeBTErK 已成功抓取全部所需数据。
[2026-04-10 01:09:54] [SUCCESS] bvid=BV1U5DeBBEZR 已成功抓取全部所需数据。
[2026-04-10 01:09:59] [SUCCESS] bvid=BV1SjDeBTEVZ 已成功抓取全部所需数据。
[2026-04-10 01:10:05] [SUCCESS] bvid=BV1VSDeByEGG 已成功抓取全部所需数据。
[2026-04-10 01:10:10] [SUCCESS] bvid=BV1VUDeBLEZW 已成功抓取全部所需数据。
[2026-04-10 01:10:16] [SUCCESS] bvid=BV1tjDFBuEpV 已成功抓取全部所需数据。
[2026-04-10 01:10:21] [SUCCESS] bvid=BV15UDeBLEF1 已成功抓取全部所需数据。
[2026-04-10 01:10:27] [SUCCESS] bvid=BV13QDeBVE16 已成功抓取全部所需数据。
[2026-04-10 01:10:32] [SUCCESS] bvid=BV1aSDeByEs4 已成功抓取全部所需数据。
[2026-04-10 01:10:37] [SUCCESS] bvid=BV1aSDeByEk8 已成功抓取全部所需数据。
[2026-04-10 01:10:43] [SUCCESS] bvid=BV152DeB2EGK 已成功抓取全部所需数据。
[2026-04-10 01:10:48] [SUCCESS] bvid=BV151DeB7Eqs 已成功抓取全部所需数据。
[2026-04-10 01:10:53] [SUCCESS] bvid=BV151DeB7EX1 已成功抓取全部所需数据。
[2026-04-10 01:10:58] [SUCCESS] bvid=BV151DeB7EQZ 已成功抓取全部所需数据。
[2026-04-10 01:11:03] [SUCCESS] bvid=BV151DeB7ETH 已成功抓取全部所需数据。
[2026-04-10 01:11:08] [SUCCESS] bvid=BV1v1DeB7ESw 已成功抓取全部所需数据。
[2026-04-10 01:11:13] [SUCCESS] bvid=BV1Y2DeB2End 已成功抓取全部所需数据。
[2026-04-10 01:11:18] [SUCCESS] bvid=BV1v1DeB7EFP 已成功抓取全部所需数据。
[2026-04-10 01:11:23] [SUCCESS] bvid=BV1e1DeB7EoT 已成功抓取全部所需数据。
[2026-04-10 01:11:29] [SUCCESS] bvid=BV151DeBEEA1 已成功抓取全部所需数据。
[2026-04-10 01:11:34] [SUCCESS] bvid=BV1V2DeB2ErM 已成功抓取全部所需数据。
[2026-04-10 01:11:39] [SUCCESS] bvid=BV1G2DeB2EDo 已成功抓取全部所需数据。
[2026-04-10 01:11:44] [SUCCESS] bvid=BV1V2DeB2E41 已成功抓取全部所需数据。
[2026-04-10 01:11:49] [SUCCESS] bvid=BV1Y2DeB2EUV 已成功抓取全部所需数据。
[2026-04-10 01:11:55] [SUCCESS] bvid=BV1G2DeB2EQj 已成功抓取全部所需数据。
[2026-04-10 01:12:00] [SUCCESS] bvid=BV1V2DeB2EBQ 已成功抓取全部所需数据。
[2026-04-10 01:12:05] [SUCCESS] bvid=BV1Y2DeB2ERP 已成功抓取全部所需数据。
[2026-04-10 01:12:10] [SUCCESS] bvid=BV1V2DeB2Esn 已成功抓取全部所需数据。
[2026-04-10 01:12:15] [SUCCESS] bvid=BV1V2DeB2E65 已成功抓取全部所需数据。
[2026-04-10 01:12:20] [SUCCESS] bvid=BV1V2DeB2Ezt 已成功抓取全部所需数据。
[2026-04-10 01:12:26] [SUCCESS] bvid=BV1gRDeB3EJ8 已成功抓取全部所需数据。
[2026-04-10 01:12:31] [SUCCESS] bvid=BV1gRDeB3EfF 已成功抓取全部所需数据。
[2026-04-10 01:12:37] [SUCCESS] bvid=BV1gRDeB3EGg 已成功抓取全部所需数据。
[2026-04-10 01:12:42] [SUCCESS] bvid=BV1SRDeB3Ey1 已成功抓取全部所需数据。
[2026-04-10 01:12:47] [SUCCESS] bvid=BV1hRDeB3EwA 已成功抓取全部所需数据。
[2026-04-10 01:12:53] [SUCCESS] bvid=BV18RDeB3E6i 已成功抓取全部所需数据。
[2026-04-10 01:12:58] [SUCCESS] bvid=BV1DRDeB3Eoo 已成功抓取全部所需数据。
[2026-04-10 01:13:03] [SUCCESS] bvid=BV1bdDeB6EYV 已成功抓取全部所需数据。
[2026-04-10 01:13:08] [SUCCESS] bvid=BV1udDeB6Et2 已成功抓取全部所需数据。
[2026-04-10 01:13:14] [SUCCESS] bvid=BV1udDeB6EEf 已成功抓取全部所需数据。
[2026-04-10 01:13:19] [SUCCESS] bvid=BV1gdDeB6E5A 已成功抓取全部所需数据。
[2026-04-10 01:13:23] [SUCCESS] bvid=BV1udDeB6ENo 已成功抓取全部所需数据。
[2026-04-10 01:13:29] [SUCCESS] bvid=BV1KmS9B9Eq4 已成功抓取全部所需数据。
[2026-04-10 01:13:29] [INFO] 当前 batch_crawl 已完成，所有视频均已成功抓取。
[2026-04-10 01:13:29] 子任务结束时间：2026-04-10T01:13:29.094828
[TIMESTAMP][END] 2026-04-10T01:13:29
