[TIMESTAMP][BEGIN] 2026-04-10T01:21:57
[2026-04-10 01:21:59] 开始执行 CSV 批量抓取子任务 part_16。
[2026-04-10 01:21:59] 子任务开始时间：2026-04-10T01:21:57.622405
[2026-04-10 01:21:59] 输入文件：batch_input_16.csv
[2026-04-10 01:21:59] 输入唯一 bvid 数量：100
[2026-04-10 01:21:59] 为严格按 CSV 顺序判断连续失败阈值，本次任务自动将并发度从 2 调整为 1。
[2026-04-10 01:22:04] [SUCCESS] bvid=BV1ZnDvBpEiT 已成功抓取全部所需数据。
[2026-04-10 01:22:10] [SUCCESS] bvid=BV1fnDvBpE7M 已成功抓取全部所需数据。
[2026-04-10 01:22:15] [SUCCESS] bvid=BV17nDvBWEzw 已成功抓取全部所需数据。
[2026-04-10 01:22:20] [SUCCESS] bvid=BV1znDvBWETJ 已成功抓取全部所需数据。
[2026-04-10 01:22:25] [SUCCESS] bvid=BV1BdDYBDEEV 已成功抓取全部所需数据。
[2026-04-10 01:22:31] [SUCCESS] bvid=BV1FLDvBoEPu 已成功抓取全部所需数据。
[2026-04-10 01:22:37] [SUCCESS] bvid=BV1F7DvBxEVe 已成功抓取全部所需数据。
[2026-04-10 01:22:42] [SUCCESS] bvid=BV1f7DvBsEJY 已成功抓取全部所需数据。
[2026-04-10 01:22:47] [SUCCESS] bvid=BV1FLDvBoE1g 已成功抓取全部所需数据。
[2026-04-10 01:22:52] [SUCCESS] bvid=BV1FLDvBoEgm 已成功抓取全部所需数据。
[2026-04-10 01:22:58] [SUCCESS] bvid=BV1MQDaBvECo 已成功抓取全部所需数据。
[2026-04-10 01:23:03] [SUCCESS] bvid=BV1f7DvBsEvt 已成功抓取全部所需数据。
[2026-04-10 01:23:08] [SUCCESS] bvid=BV1E7DvBxECx 已成功抓取全部所需数据。
[2026-04-10 01:23:13] [SUCCESS] bvid=BV1f7DvBsEEk 已成功抓取全部所需数据。
[2026-04-10 01:23:18] [SUCCESS] bvid=BV12cDvBTEUq 已成功抓取全部所需数据。
[2026-04-10 01:23:23] [SUCCESS] bvid=BV1f7DvBsEiP 已成功抓取全部所需数据。
[2026-04-10 01:23:28] [SUCCESS] bvid=BV1f7DvBsEpC 已成功抓取全部所需数据。
[2026-04-10 01:23:34] [SUCCESS] bvid=BV1tcDvBTE4G 已成功抓取全部所需数据。
[2026-04-10 01:23:39] [SUCCESS] bvid=BV1TcDvBTE9y 已成功抓取全部所需数据。
[2026-04-10 01:23:44] [SUCCESS] bvid=BV1MZDeBuELX 已成功抓取全部所需数据。
[2026-04-10 01:23:49] [SUCCESS] bvid=BV1KwDvBiEir 已成功抓取全部所需数据。
[2026-04-10 01:23:55] [SUCCESS] bvid=BV1McDvBMEHv 已成功抓取全部所需数据。
[2026-04-10 01:24:00] [SUCCESS] bvid=BV1TwDvBiEXn 已成功抓取全部所需数据。
[2026-04-10 01:24:05] [SUCCESS] bvid=BV1UcDvBTEVE 已成功抓取全部所需数据。
[2026-04-10 01:24:11] [SUCCESS] bvid=BV1TPDvBNEVu 已成功抓取全部所需数据。
[2026-04-10 01:24:16] [SUCCESS] bvid=BV1heDvByEQV 已成功抓取全部所需数据。
[2026-04-10 01:24:21] [SUCCESS] bvid=BV1TwDvBqEqC 已成功抓取全部所需数据。
[2026-04-10 01:24:26] [SUCCESS] bvid=BV1KwDvBiEqG 已成功抓取全部所需数据。
[2026-04-10 01:24:31] [SUCCESS] bvid=BV1REDhBMEAY 已成功抓取全部所需数据。
[2026-04-10 01:24:36] [SUCCESS] bvid=BV1jiDaB1Ea9 已成功抓取全部所需数据。
[2026-04-10 01:24:41] [SUCCESS] bvid=BV1TfDeBBEyg 已成功抓取全部所需数据。
[2026-04-10 01:24:46] [SUCCESS] bvid=BV1TwDvBiEHS 已成功抓取全部所需数据。
[2026-04-10 01:24:52] [SUCCESS] bvid=BV1bZDeBuENT 已成功抓取全部所需数据。
[2026-04-10 01:24:57] [SUCCESS] bvid=BV1uZDeBgEoc 已成功抓取全部所需数据。
[2026-04-10 01:25:02] [SUCCESS] bvid=BV1TfDeBBEeK 已成功抓取全部所需数据。
[2026-04-10 01:25:07] [SUCCESS] bvid=BV1MZDeBuE6Y 已成功抓取全部所需数据。
[2026-04-10 01:25:12] [SUCCESS] bvid=BV1ZxDNBqEMW 已成功抓取全部所需数据。
[2026-04-10 01:25:17] [SUCCESS] bvid=BV1wMDYB9E14 已成功抓取全部所需数据。
[2026-04-10 01:25:22] [SUCCESS] bvid=BV1BXDMB2ExN 已成功抓取全部所需数据。
[2026-04-10 01:25:27] [SUCCESS] bvid=BV1QL93BJEmA 已成功抓取全部所需数据。
[2026-04-10 01:25:32] [SUCCESS] bvid=BV1MfXZBCE9D 已成功抓取全部所需数据。
[2026-04-10 01:25:37] [SUCCESS] bvid=BV1RtDvBmE6N 已成功抓取全部所需数据。
[2026-04-10 01:25:42] [SUCCESS] bvid=BV121DvBKENA 已成功抓取全部所需数据。
[2026-04-10 01:25:47] [SUCCESS] bvid=BV11yDYBFEwG 已成功抓取全部所需数据。
[2026-04-10 01:25:53] [SUCCESS] bvid=BV1J8DaBSEEb 已成功抓取全部所需数据。
[2026-04-10 01:25:58] [SUCCESS] bvid=BV1iwDeB2EVX 已成功抓取全部所需数据。
[2026-04-10 01:26:03] [SUCCESS] bvid=BV1ufDeBBEHf 已成功抓取全部所需数据。
[2026-04-10 01:26:08] [SUCCESS] bvid=BV1KkDYBhENN 已成功抓取全部所需数据。
[2026-04-10 01:26:13] [SUCCESS] bvid=BV1dsDvBSEzs 已成功抓取全部所需数据。
[2026-04-10 01:26:18] [SUCCESS] bvid=BV1oBDaB5EZU 已成功抓取全部所需数据。
[2026-04-10 01:26:23] [SUCCESS] bvid=BV14oDaBwEqj 已成功抓取全部所需数据。
[2026-04-10 01:26:28] [SUCCESS] bvid=BV12BDYBAEmG 已成功抓取全部所需数据。
[2026-04-10 01:26:33] [SUCCESS] bvid=BV1cgDYBpE6m 已成功抓取全部所需数据。
[2026-04-10 01:26:39] [SUCCESS] bvid=BV17vDaBjEac 已成功抓取全部所需数据。
[2026-04-10 01:26:44] [SUCCESS] bvid=BV1uZDeBuEYM 已成功抓取全部所需数据。
[2026-04-10 01:26:49] [SUCCESS] bvid=BV1ATDvBAE8y 已成功抓取全部所需数据。
[2026-04-10 01:26:54] [SUCCESS] bvid=BV1tfDeBBE8J 已成功抓取全部所需数据。
[2026-04-10 01:27:00] [SUCCESS] bvid=BV1TfDeBBEiG 已成功抓取全部所需数据。
[2026-04-10 01:27:05] [SUCCESS] bvid=BV1PTDvBAEAt 已成功抓取全部所需数据。
[2026-04-10 01:27:10] [SUCCESS] bvid=BV1MfDeBBE64 已成功抓取全部所需数据。
[2026-04-10 01:27:15] [SUCCESS] bvid=BV1sTDvBAEEg 已成功抓取全部所需数据。
[2026-04-10 01:27:20] [SUCCESS] bvid=BV1UzDvBgEjf 已成功抓取全部所需数据。
[2026-04-10 01:27:26] [SUCCESS] bvid=BV1NTDvBAEnQ 已成功抓取全部所需数据。
[2026-04-10 01:27:30] [SUCCESS] bvid=BV1NTDvBAEEV 已成功抓取全部所需数据。
[2026-04-10 01:27:36] [SUCCESS] bvid=BV1WMDvBaEmi 已成功抓取全部所需数据。
[2026-04-10 01:27:41] [SUCCESS] bvid=BV1UfXZBkEUA 已成功抓取全部所需数据。
[2026-04-10 01:27:46] [SUCCESS] bvid=BV1PMDvBaEBr 已成功抓取全部所需数据。
[2026-04-10 01:27:51] [SUCCESS] bvid=BV1NPDvBNEv3 已成功抓取全部所需数据。
[2026-04-10 01:27:56] [SUCCESS] bvid=BV1WMDvBaEiA 已成功抓取全部所需数据。
[2026-04-10 01:28:01] [SUCCESS] bvid=BV1v4DvBJEwG 已成功抓取全部所需数据。
[2026-04-10 01:28:06] [SUCCESS] bvid=BV1KPDvBNE5C 已成功抓取全部所需数据。
[2026-04-10 01:28:11] [SUCCESS] bvid=BV1PNDvBeEmC 已成功抓取全部所需数据。
[2026-04-10 01:28:16] [SUCCESS] bvid=BV1KPDvBNEj9 已成功抓取全部所需数据。
[2026-04-10 01:28:20] [SUCCESS] bvid=BV1TPDvBNEGu 已成功抓取全部所需数据。
[2026-04-10 01:28:25] [SUCCESS] bvid=BV1NPDvBNESf 已成功抓取全部所需数据。
[2026-04-10 01:28:31] [SUCCESS] bvid=BV1sNDvBeE8q 已成功抓取全部所需数据。
[2026-04-10 01:28:35] [SUCCESS] bvid=BV1SqDvBrE9h 已成功抓取全部所需数据。
[2026-04-10 01:28:41] [SUCCESS] bvid=BV1gqDvBkEpd 已成功抓取全部所需数据。
[2026-04-10 01:28:46] [SUCCESS] bvid=BV1uqDvBkETa 已成功抓取全部所需数据。
[2026-04-10 01:28:51] [SUCCESS] bvid=BV1DqDvBrEPT 已成功抓取全部所需数据。
[2026-04-10 01:28:56] [SUCCESS] bvid=BV1mzDvBgExQ 已成功抓取全部所需数据。
[2026-04-10 01:29:01] [SUCCESS] bvid=BV1SzDvBgEbi 已成功抓取全部所需数据。
[2026-04-10 01:29:06] [SUCCESS] bvid=BV1SzDvBgEBS 已成功抓取全部所需数据。
[2026-04-10 01:29:11] [SUCCESS] bvid=BV1MkDvBuE5e 已成功抓取全部所需数据。
[2026-04-10 01:29:16] [SUCCESS] bvid=BV1WNDYBdE7j 已成功抓取全部所需数据。
[2026-04-10 01:29:21] [SUCCESS] bvid=BV1hQDaBvExz 已成功抓取全部所需数据。
[2026-04-10 01:29:27] [SUCCESS] bvid=BV1DiDvBGEmz 已成功抓取全部所需数据。
[2026-04-10 01:29:32] [SUCCESS] bvid=BV1VxSfB5ELt 已成功抓取全部所需数据。
[2026-04-10 01:29:37] [SUCCESS] bvid=BV18zDvB3ELL 已成功抓取全部所需数据。
[2026-04-10 01:29:42] [SUCCESS] bvid=BV1uzDvB3Ewr 已成功抓取全部所需数据。
[2026-04-10 01:29:47] [SUCCESS] bvid=BV1UzDvBgEcV 已成功抓取全部所需数据。
[2026-04-10 01:29:52] [SUCCESS] bvid=BV14kDvBuE2e 已成功抓取全部所需数据。
[2026-04-10 01:29:57] [SUCCESS] bvid=BV1UzDvBgEWx 已成功抓取全部所需数据。
[2026-04-10 01:30:02] [SUCCESS] bvid=BV1UzDvBgE5b 已成功抓取全部所需数据。
[2026-04-10 01:30:07] [SUCCESS] bvid=BV1QeDvBCEBB 已成功抓取全部所需数据。
[2026-04-10 01:30:13] [SUCCESS] bvid=BV1QeDvBCETH 已成功抓取全部所需数据。
[2026-04-10 01:30:18] [SUCCESS] bvid=BV1GeDvByEKR 已成功抓取全部所需数据。
[2026-04-10 01:30:24] [SUCCESS] bvid=BV1U6DvBzEA4 已成功抓取全部所需数据。
[2026-04-10 01:30:29] [SUCCESS] bvid=BV13eDvByEqf 已成功抓取全部所需数据。
[2026-04-10 01:30:34] [SUCCESS] bvid=BV1QeDvBCESB 已成功抓取全部所需数据。
[2026-04-10 01:30:34] [INFO] 当前 batch_crawl 已完成，所有视频均已成功抓取。
[2026-04-10 01:30:34] 子任务结束时间：2026-04-10T01:30:34.483738
[TIMESTAMP][END] 2026-04-10T01:30:34
