[TIMESTAMP][BEGIN] 2026-04-10T00:12:41
[2026-04-10 00:12:44] 开始执行 CSV 批量抓取子任务 part_10。
[2026-04-10 00:12:44] 子任务开始时间：2026-04-10T00:12:41.793810
[2026-04-10 00:12:44] 输入文件：batch_input_10.csv
[2026-04-10 00:12:44] 输入唯一 bvid 数量：100
[2026-04-10 00:12:44] 为严格按 CSV 顺序判断连续失败阈值，本次任务自动将并发度从 2 调整为 1。
[2026-04-10 00:12:49] [SUCCESS] bvid=BV1FxDjBME5p 已成功抓取全部所需数据。
[2026-04-10 00:12:54] [SUCCESS] bvid=BV1fWDjBBEiV 已成功抓取全部所需数据。
[2026-04-10 00:13:00] [SUCCESS] bvid=BV16pDjBuEqz 已成功抓取全部所需数据。
[2026-04-10 00:13:05] [SUCCESS] bvid=BV1zpDjBuEUY 已成功抓取全部所需数据。
[2026-04-10 00:13:10] [SUCCESS] bvid=BV16pDjBuEw9 已成功抓取全部所需数据。
[2026-04-10 00:13:16] [SUCCESS] bvid=BV1BWDjBBEr2 已成功抓取全部所需数据。
[2026-04-10 00:13:21] [SUCCESS] bvid=BV1daDjBAEt7 已成功抓取全部所需数据。
[2026-04-10 00:13:26] [SUCCESS] bvid=BV1FWDjBzEUA 已成功抓取全部所需数据。
[2026-04-10 00:13:32] [SUCCESS] bvid=BV1euDiBSE9V 已成功抓取全部所需数据。
[2026-04-10 00:13:37] [SUCCESS] bvid=BV1c3DgBWExG 已成功抓取全部所需数据。
[2026-04-10 00:13:43] [SUCCESS] bvid=BV1eYDjBaEpx 已成功抓取全部所需数据。
[2026-04-10 00:13:48] [SUCCESS] bvid=BV1vaDjBAEfH 已成功抓取全部所需数据。
[2026-04-10 00:13:53] [SUCCESS] bvid=BV1eYDjBaEZm 已成功抓取全部所需数据。
[2026-04-10 00:13:59] [SUCCESS] bvid=BV1eYDjBaEmg 已成功抓取全部所需数据。
[2026-04-10 00:14:04] [SUCCESS] bvid=BV1q8DjBeEgB 已成功抓取全部所需数据。
[2026-04-10 00:14:10] [SUCCESS] bvid=BV1jbDjBKE9A 已成功抓取全部所需数据。
[2026-04-10 00:14:15] [SUCCESS] bvid=BV1q8DjBeETM 已成功抓取全部所需数据。
[2026-04-10 00:14:20] [SUCCESS] bvid=BV1eoD6BPELV 已成功抓取全部所需数据。
[2026-04-10 00:14:26] [SUCCESS] bvid=BV1joD6BPEFs 已成功抓取全部所需数据。
[2026-04-10 00:14:31] [SUCCESS] bvid=BV15ZD6BYEUb 已成功抓取全部所需数据。
[2026-04-10 00:14:36] [SUCCESS] bvid=BV1RZD6BYEye 已成功抓取全部所需数据。
[2026-04-10 00:14:41] [SUCCESS] bvid=BV1cEDzB3E2B 已成功抓取全部所需数据。
[2026-04-10 00:14:46] [SUCCESS] bvid=BV1q9D6BKEpb 已成功抓取全部所需数据。
[2026-04-10 00:14:52] [SUCCESS] bvid=BV179D6BKEAL 已成功抓取全部所需数据。
[2026-04-10 00:14:57] [SUCCESS] bvid=BV1o9D6BKEkK 已成功抓取全部所需数据。
[2026-04-10 00:15:02] [SUCCESS] bvid=BV1q9D6BKEWq 已成功抓取全部所需数据。
[2026-04-10 00:15:07] [SUCCESS] bvid=BV1DEDiBCEwE 已成功抓取全部所需数据。
[2026-04-10 00:15:12] [SUCCESS] bvid=BV1dRD6BvEfE 已成功抓取全部所需数据。
[2026-04-10 00:15:18] [SUCCESS] bvid=BV1LRD6BvEsF 已成功抓取全部所需数据。
[2026-04-10 00:15:23] [SUCCESS] bvid=BV1gPDrBbE1e 已成功抓取全部所需数据。
[2026-04-10 00:15:29] [SUCCESS] bvid=BV13PDrBbEQr 已成功抓取全部所需数据。
[2026-04-10 00:15:34] [SUCCESS] bvid=BV13PDrBbEh5 已成功抓取全部所需数据。
[2026-04-10 00:15:40] [SUCCESS] bvid=BV16yD6BGE29 已成功抓取全部所需数据。
[2026-04-10 00:15:45] [SUCCESS] bvid=BV15FDrBwE5L 已成功抓取全部所需数据。
[2026-04-10 00:15:51] [SUCCESS] bvid=BV1GcDrBhEjK 已成功抓取全部所需数据。
[2026-04-10 00:15:56] [SUCCESS] bvid=BV1YFDrBwEJu 已成功抓取全部所需数据。
[2026-04-10 00:16:02] [SUCCESS] bvid=BV1ecDrBhEAu 已成功抓取全部所需数据。
[2026-04-10 00:16:07] [SUCCESS] bvid=BV1VcDrBhEuh 已成功抓取全部所需数据。
[2026-04-10 00:16:13] [SUCCESS] bvid=BV1VcDrBhEnP 已成功抓取全部所需数据。
[2026-04-10 00:16:19] [SUCCESS] bvid=BV1GcDrBhE8Q 已成功抓取全部所需数据。
[2026-04-10 00:16:24] [SUCCESS] bvid=BV1J1D6BrEB9 已成功抓取全部所需数据。
[2026-04-10 00:16:29] [SUCCESS] bvid=BV1CrD6B5EJh 已成功抓取全部所需数据。
[2026-04-10 00:16:35] [SUCCESS] bvid=BV1E1D6BrEDk 已成功抓取全部所需数据。
[2026-04-10 00:16:40] [SUCCESS] bvid=BV1n1D6BrEyY 已成功抓取全部所需数据。
[2026-04-10 00:16:46] [SUCCESS] bvid=BV1ArD6BLE6C 已成功抓取全部所需数据。
[2026-04-10 00:16:51] [SUCCESS] bvid=BV1HrD6B5E27 已成功抓取全部所需数据。
[2026-04-10 00:16:56] [SUCCESS] bvid=BV1ckD6ByE5x 已成功抓取全部所需数据。
[2026-04-10 00:17:02] [SUCCESS] bvid=BV1BDD6BMEBi 已成功抓取全部所需数据。
[2026-04-10 00:17:07] [SUCCESS] bvid=BV1EDD6BMEWt 已成功抓取全部所需数据。
[2026-04-10 00:17:13] [SUCCESS] bvid=BV1fDD6BMEM7 已成功抓取全部所需数据。
[2026-04-10 00:17:18] [SUCCESS] bvid=BV17QD6BqEDe 已成功抓取全部所需数据。
[2026-04-10 00:17:24] [SUCCESS] bvid=BV17QD6BqEku 已成功抓取全部所需数据。
[2026-04-10 00:17:29] [SUCCESS] bvid=BV1EQD6BqE3n 已成功抓取全部所需数据。
[2026-04-10 00:17:35] [SUCCESS] bvid=BV1EmD6BgEeA 已成功抓取全部所需数据。
[2026-04-10 00:17:40] [SUCCESS] bvid=BV1JUD6BzEtA 已成功抓取全部所需数据。
[2026-04-10 00:17:46] [SUCCESS] bvid=BV1HJDzB6Ept 已成功抓取全部所需数据。
[2026-04-10 00:17:52] [SUCCESS] bvid=BV1wnDrBmEEy 已成功抓取全部所需数据。
[2026-04-10 00:17:57] [SUCCESS] bvid=BV1ZEDvB9Ey5 已成功抓取全部所需数据。
[2026-04-10 00:18:02] [SUCCESS] bvid=BV17iDuB7Erm 已成功抓取全部所需数据。
[2026-04-10 00:18:08] [SUCCESS] bvid=BV1ApDrBjEx9 已成功抓取全部所需数据。
[2026-04-10 00:18:13] [SUCCESS] bvid=BV1CpDrBjEBN 已成功抓取全部所需数据。
[2026-04-10 00:18:18] [SUCCESS] bvid=BV1ugDrBsEss 已成功抓取全部所需数据。
[2026-04-10 00:18:24] [SUCCESS] bvid=BV1PJDrBEEyF 已成功抓取全部所需数据。
[2026-04-10 00:18:29] [SUCCESS] bvid=BV1sJDrBEEes 已成功抓取全部所需数据。
[2026-04-10 00:18:34] [SUCCESS] bvid=BV1F4DrBCE5L 已成功抓取全部所需数据。
[2026-04-10 00:18:40] [SUCCESS] bvid=BV1AWDrB1EAd 已成功抓取全部所需数据。
[2026-04-10 00:18:45] [SUCCESS] bvid=BV1FbDrBGEW1 已成功抓取全部所需数据。
[2026-04-10 00:18:51] [SUCCESS] bvid=BV1cWDrB1Eia 已成功抓取全部所需数据。
[2026-04-10 00:18:56] [SUCCESS] bvid=BV1wWDrB1E9y 已成功抓取全部所需数据。
[2026-04-10 00:19:02] [SUCCESS] bvid=BV1gTDrB4Eqp 已成功抓取全部所需数据。
[2026-04-10 00:19:07] [SUCCESS] bvid=BV1uMDrBdErD 已成功抓取全部所需数据。
[2026-04-10 00:19:13] [SUCCESS] bvid=BV1bgDrBsE69 已成功抓取全部所需数据。
[2026-04-10 00:19:18] [SUCCESS] bvid=BV1hTDrB4E7x 已成功抓取全部所需数据。
[2026-04-10 00:19:24] [SUCCESS] bvid=BV1K5DrBQE43 已成功抓取全部所需数据。
[2026-04-10 00:19:29] [SUCCESS] bvid=BV1gTDrB4Eae 已成功抓取全部所需数据。
[2026-04-10 00:19:35] [SUCCESS] bvid=BV1K5DrBQEZz 已成功抓取全部所需数据。
[2026-04-10 00:19:40] [SUCCESS] bvid=BV1N5DrBQErs 已成功抓取全部所需数据。
[2026-04-10 00:19:46] [SUCCESS] bvid=BV145DrBQEkr 已成功抓取全部所需数据。
[2026-04-10 00:19:51] [SUCCESS] bvid=BV12zDYBaEEL 已成功抓取全部所需数据。
[2026-04-10 00:19:57] [SUCCESS] bvid=BV14VDrBpEXZ 已成功抓取全部所需数据。
[2026-04-10 00:20:02] [SUCCESS] bvid=BV1FpDzBBEK3 已成功抓取全部所需数据。
[2026-04-10 00:20:07] [SUCCESS] bvid=BV1TVDrBpEqG 已成功抓取全部所需数据。
[2026-04-10 00:20:13] [SUCCESS] bvid=BV1YTDeBVE7A 已成功抓取全部所需数据。
[2026-04-10 00:20:18] [SUCCESS] bvid=BV12dDrBXEDP 已成功抓取全部所需数据。
[2026-04-10 00:20:24] [SUCCESS] bvid=BV1tVDrBpEe5 已成功抓取全部所需数据。
[2026-04-10 00:20:29] [SUCCESS] bvid=BV1D1DrB8EDa 已成功抓取全部所需数据。
[2026-04-10 00:20:34] [SUCCESS] bvid=BV1Q1DrB8EfT 已成功抓取全部所需数据。
[2026-04-10 00:20:40] [SUCCESS] bvid=BV1Q1DrB8EK9 已成功抓取全部所需数据。
[2026-04-10 00:20:45] [SUCCESS] bvid=BV1Q1DrB8E8p 已成功抓取全部所需数据。
[2026-04-10 00:20:50] [SUCCESS] bvid=BV1Q2DrBfEjD 已成功抓取全部所需数据。
[2026-04-10 00:20:56] [SUCCESS] bvid=BV1akDrBYEgv 已成功抓取全部所需数据。
[2026-04-10 00:21:01] [SUCCESS] bvid=BV1XyDrBcEjs 已成功抓取全部所需数据。
[2026-04-10 00:21:07] [SUCCESS] bvid=BV1QyDrBcENN 已成功抓取全部所需数据。
[2026-04-10 00:23:14] [SUCCESS] bvid=BV1tXDrBdEtV 已成功抓取全部所需数据。
[2026-04-10 00:23:20] [SUCCESS] bvid=BV1MXDrBdE14 已成功抓取全部所需数据。
[2026-04-10 00:23:25] [SUCCESS] bvid=BV1SUDrBtEQn 已成功抓取全部所需数据。
[2026-04-10 00:23:31] [SUCCESS] bvid=BV1SUDrBtEBU 已成功抓取全部所需数据。
[2026-04-10 00:23:36] [SUCCESS] bvid=BV1SUDrBtEXo 已成功抓取全部所需数据。
[2026-04-10 00:23:41] [SUCCESS] bvid=BV1UUDrBtEUa 已成功抓取全部所需数据。
[2026-04-10 00:23:47] [SUCCESS] bvid=BV1DUDrBtE3g 已成功抓取全部所需数据。
[2026-04-10 00:23:47] [INFO] 当前 batch_crawl 已完成，所有视频均已成功抓取。
[2026-04-10 00:23:47] 子任务结束时间：2026-04-10T00:23:47.341664
[TIMESTAMP][END] 2026-04-10T00:23:47
