[TIMESTAMP][BEGIN] 2026-04-10T07:55:57
[2026-04-10 07:55:59] 开始执行 CSV 批量抓取子任务 part_55。
[2026-04-10 07:55:59] 子任务开始时间：2026-04-10T07:55:57.313850
[2026-04-10 07:55:59] 输入文件：batch_input_55.csv
[2026-04-10 07:55:59] 输入唯一 bvid 数量：82
[2026-04-10 07:55:59] 为严格按 CSV 顺序判断连续失败阈值，本次任务自动将并发度从 2 调整为 1。
[2026-04-10 07:56:04] [SUCCESS] bvid=BV1499NBFE7m 已成功抓取全部所需数据。
[2026-04-10 07:56:09] [SUCCESS] bvid=BV1R99wBaEFk 已成功抓取全部所需数据。
[2026-04-10 07:56:14] [SUCCESS] bvid=BV1Av9wB1ESs 已成功抓取全部所需数据。
[2026-04-10 07:56:19] [SUCCESS] bvid=BV1Lj9KB5E1y 已成功抓取全部所需数据。
[2026-04-10 07:56:24] [SUCCESS] bvid=BV18MXyBgEFF 已成功抓取全部所需数据。
[2026-04-10 07:56:29] [SUCCESS] bvid=BV1YB9NBgEDH 已成功抓取全部所需数据。
[2026-04-10 07:56:34] [SUCCESS] bvid=BV1hr9AB8ELT 已成功抓取全部所需数据。
[2026-04-10 07:56:39] [SUCCESS] bvid=BV1vv9NBGE1m 已成功抓取全部所需数据。
[2026-04-10 07:56:44] [SUCCESS] bvid=BV1Vk9NBBExv 已成功抓取全部所需数据。
[2026-04-10 07:56:49] [SUCCESS] bvid=BV1Xy9NBKEat 已成功抓取全部所需数据。
[2026-04-10 07:56:53] [SUCCESS] bvid=BV1439jBtEDb 已成功抓取全部所需数据。
[2026-04-10 07:56:58] [SUCCESS] bvid=BV1Qy9NBKEKb 已成功抓取全部所需数据。
[2026-04-10 07:57:04] [SUCCESS] bvid=BV19r9NBMEkk 已成功抓取全部所需数据。
[2026-04-10 07:57:08] [SUCCESS] bvid=BV1Yz9NBzEqo 已成功抓取全部所需数据。
[2026-04-10 07:57:14] [SUCCESS] bvid=BV1nF9wBzEd5 已成功抓取全部所需数据。
[2026-04-10 07:57:19] [SUCCESS] bvid=BV17M9wBPEEC 已成功抓取全部所需数据。
[2026-04-10 07:57:25] [SUCCESS] bvid=BV1j59KB1EPg 已成功抓取全部所需数据。
[2026-04-10 07:57:30] [SUCCESS] bvid=BV1vX9wBPEE1 已成功抓取全部所需数据。
[2026-04-10 07:57:35] [SUCCESS] bvid=BV17w9FB8Emb 已成功抓取全部所需数据。
[2026-04-10 07:57:39] [SUCCESS] bvid=BV1ZHXBBTEeu 已成功抓取全部所需数据。
[2026-04-10 07:57:44] [SUCCESS] bvid=BV1tx9wBQEm3 已成功抓取全部所需数据。
[2026-04-10 07:57:49] [SUCCESS] bvid=BV17GXeBoErP 已成功抓取全部所需数据。
[2026-04-10 07:57:55] [SUCCESS] bvid=BV1vsXfBRERV 已成功抓取全部所需数据。
[2026-04-10 07:57:59] [SUCCESS] bvid=BV1Hi9FBTEuF 已成功抓取全部所需数据。
[2026-04-10 07:58:05] [SUCCESS] bvid=BV1Cc9KBsEBK 已成功抓取全部所需数据。
[2026-04-10 07:58:10] [SUCCESS] bvid=BV17V9KBjEB4 已成功抓取全部所需数据。
[2026-04-10 07:58:15] [SUCCESS] bvid=BV1qV9KBjELL 已成功抓取全部所需数据。
[2026-04-10 07:58:19] [SUCCESS] bvid=BV15r9NBuEJg 已成功抓取全部所需数据。
[2026-04-10 07:58:24] [SUCCESS] bvid=BV1BV9KBjEiU 已成功抓取全部所需数据。
[2026-04-10 07:58:29] [SUCCESS] bvid=BV1B59KB1Eue 已成功抓取全部所需数据。
[2026-04-10 07:58:29] [ERROR] bvid=BV1E39KBmEUg 抓取失败：stat: 接口返回错误代码：62002，信息：稿件不可见。
{'code': 62002, 'message': '稿件不可见', 'ttl': 1} | comment: 接口返回错误代码：62002，信息：稿件不可见。
{'code': 62002, 'message': '稿件不可见', 'ttl': 1}
[2026-04-10 07:58:34] [SUCCESS] bvid=BV1E39KBmEoe 已成功抓取全部所需数据。
[2026-04-10 07:58:39] [SUCCESS] bvid=BV1ux9PB8EHy 已成功抓取全部所需数据。
[2026-04-10 07:58:44] [SUCCESS] bvid=BV1Jg9KBEEqL 已成功抓取全部所需数据。
[2026-04-10 07:58:49] [SUCCESS] bvid=BV1Jg9KBEE8w 已成功抓取全部所需数据。
[2026-04-10 07:58:54] [SUCCESS] bvid=BV1LJ9KBGE61 已成功抓取全部所需数据。
[2026-04-10 07:58:59] [SUCCESS] bvid=BV1pg9HBeEaY 已成功抓取全部所需数据。
[2026-04-10 07:59:03] [SUCCESS] bvid=BV1L79KBCE9Z 已成功抓取全部所需数据。
[2026-04-10 07:59:08] [SUCCESS] bvid=BV1Ac9KBxEax 已成功抓取全部所需数据。
[2026-04-10 07:59:13] [SUCCESS] bvid=BV1dh9cBbEFx 已成功抓取全部所需数据。
[2026-04-10 07:59:18] [SUCCESS] bvid=BV1GyXdBLEEY 已成功抓取全部所需数据。
[2026-04-10 07:59:23] [SUCCESS] bvid=BV1QyXdB5Eod 已成功抓取全部所需数据。
[2026-04-10 07:59:28] [SUCCESS] bvid=BV1XyXdB5E5m 已成功抓取全部所需数据。
[2026-04-10 07:59:34] [SUCCESS] bvid=BV1XyXdB5EY4 已成功抓取全部所需数据。
[2026-04-10 07:59:39] [SUCCESS] bvid=BV1sf9NBdEJW 已成功抓取全部所需数据。
[2026-04-10 07:59:43] [SUCCESS] bvid=BV1HT9KBnEKA 已成功抓取全部所需数据。
[2026-04-10 07:59:49] [SUCCESS] bvid=BV11NXfBBEWv 已成功抓取全部所需数据。
[2026-04-10 07:59:54] [SUCCESS] bvid=BV12K9cB1ELs 已成功抓取全部所需数据。
[2026-04-10 07:59:58] [SUCCESS] bvid=BV11U9WBLEm7 已成功抓取全部所需数据。
[2026-04-10 08:00:03] [SUCCESS] bvid=BV18nXjBtEJ5 已成功抓取全部所需数据。
[2026-04-10 08:00:08] [SUCCESS] bvid=BV1Df9FBnEVm 已成功抓取全部所需数据。
[2026-04-10 08:00:13] [SUCCESS] bvid=BV1ux9PB8EsD 已成功抓取全部所需数据。
[2026-04-10 08:00:19] [SUCCESS] bvid=BV1AB9PBHE1q 已成功抓取全部所需数据。
[2026-04-10 08:00:24] [SUCCESS] bvid=BV1nRXfBNEBD 已成功抓取全部所需数据。
[2026-04-10 08:00:29] [SUCCESS] bvid=BV1iV9PBBETV 已成功抓取全部所需数据。
[2026-04-10 08:00:34] [SUCCESS] bvid=BV1HP9KBpETh 已成功抓取全部所需数据。
[2026-04-10 08:00:39] [SUCCESS] bvid=BV16H9ABVEH6 已成功抓取全部所需数据。
[2026-04-10 08:00:44] [SUCCESS] bvid=BV1Df9FBnEPK 已成功抓取全部所需数据。
[2026-04-10 08:00:49] [SUCCESS] bvid=BV1kJ9AByEhr 已成功抓取全部所需数据。
[2026-04-10 08:00:54] [SUCCESS] bvid=BV1JP9PByEZh 已成功抓取全部所需数据。
[2026-04-10 08:00:58] [SUCCESS] bvid=BV11YXrBxEXh 已成功抓取全部所需数据。
[2026-04-10 08:01:03] [SUCCESS] bvid=BV1Df9FBnE1J 已成功抓取全部所需数据。
[2026-04-10 08:01:08] [SUCCESS] bvid=BV1WMXfBqEff 已成功抓取全部所需数据。
[2026-04-10 08:01:13] [SUCCESS] bvid=BV1Df9FBnEtd 已成功抓取全部所需数据。
[2026-04-10 08:01:18] [SUCCESS] bvid=BV1UT9ABXEuu 已成功抓取全部所需数据。
[2026-04-10 08:01:22] [SUCCESS] bvid=BV1bm9ABxE2g 已成功抓取全部所需数据。
[2026-04-10 08:01:27] [SUCCESS] bvid=BV1Df9FBnEbG 已成功抓取全部所需数据。
[2026-04-10 08:01:32] [SUCCESS] bvid=BV1ju9wBYEiE 已成功抓取全部所需数据。
[2026-04-10 08:01:37] [SUCCESS] bvid=BV1Df9FBnEE6 已成功抓取全部所需数据。
[2026-04-10 08:01:42] [SUCCESS] bvid=BV1xD9ABWERJ 已成功抓取全部所需数据。
[2026-04-10 08:01:46] [SUCCESS] bvid=BV1Df9FBnEWL 已成功抓取全部所需数据。
[2026-04-10 08:01:51] [SUCCESS] bvid=BV1ia9ABiEsK 已成功抓取全部所需数据。
[2026-04-10 08:01:56] [SUCCESS] bvid=BV1ea9ABiEmY 已成功抓取全部所需数据。
[2026-04-10 08:02:01] [SUCCESS] bvid=BV1a69ABcEUW 已成功抓取全部所需数据。
[2026-04-10 08:02:06] [SUCCESS] bvid=BV1Y69ABcEVa 已成功抓取全部所需数据。
[2026-04-10 08:02:11] [SUCCESS] bvid=BV1ar9AB8E8g 已成功抓取全部所需数据。
[2026-04-10 08:02:16] [SUCCESS] bvid=BV1jg9PB6EE1 已成功抓取全部所需数据。
[2026-04-10 08:02:21] [SUCCESS] bvid=BV1Df9FBnEsU 已成功抓取全部所需数据。
[2026-04-10 08:02:25] [SUCCESS] bvid=BV1eq9ABAEtJ 已成功抓取全部所需数据。
[2026-04-10 08:02:30] [SUCCESS] bvid=BV1YB9ABaEsm 已成功抓取全部所需数据。
[2026-04-10 08:02:35] [SUCCESS] bvid=BV1Eg9PB6EwM 已成功抓取全部所需数据。
[2026-04-10 08:02:39] [SUCCESS] bvid=BV1Df9FBnEbW 已成功抓取全部所需数据。
[2026-04-10 08:02:39] [WARN] 当前子任务已结束，但仍有未成功抓取的视频，已导出 remaining CSV 供继续执行。
[2026-04-10 08:02:39] [INFO] 已导出剔除成功条目后的剩余 CSV：D:\Schoolworks\Thesis\Bilibili-Datahub\outputs\video_data\manual_crawls\manual_crawl_stat_comment_20260409_211948\remaining_bvids_part_55.csv
[2026-04-10 08:02:39] 子任务结束时间：2026-04-10T08:02:39.977474
[TIMESTAMP][END] 2026-04-10T08:02:39
