[TIMESTAMP][BEGIN] 2026-04-10T04:37:58
[2026-04-10 04:38:00] 开始执行 CSV 批量抓取子任务 part_33。
[2026-04-10 04:38:00] 子任务开始时间：2026-04-10T04:37:58.145860
[2026-04-10 04:38:00] 输入文件：batch_input_33.csv
[2026-04-10 04:38:00] 输入唯一 bvid 数量：100
[2026-04-10 04:38:00] 为严格按 CSV 顺序判断连续失败阈值，本次任务自动将并发度从 2 调整为 1。
[2026-04-10 04:38:05] [SUCCESS] bvid=BV1pbSUBaErR 已成功抓取全部所需数据。
[2026-04-10 04:38:09] [SUCCESS] bvid=BV1khSUBcEAR 已成功抓取全部所需数据。
[2026-04-10 04:38:14] [SUCCESS] bvid=BV1PPSSBBE4h 已成功抓取全部所需数据。
[2026-04-10 04:38:19] [SUCCESS] bvid=BV12ASSBMEGh 已成功抓取全部所需数据。
[2026-04-10 04:38:24] [SUCCESS] bvid=BV1sPSSBqEyv 已成功抓取全部所需数据。
[2026-04-10 04:38:29] [SUCCESS] bvid=BV1sASSBMEVz 已成功抓取全部所需数据。
[2026-04-10 04:38:34] [SUCCESS] bvid=BV1xASSBME5s 已成功抓取全部所需数据。
[2026-04-10 04:38:39] [SUCCESS] bvid=BV11ASSBMEbe 已成功抓取全部所需数据。
[2026-04-10 04:38:44] [SUCCESS] bvid=BV11PSSBqEni 已成功抓取全部所需数据。
[2026-04-10 04:38:50] [SUCCESS] bvid=BV1mFSSBgEsk 已成功抓取全部所需数据。
[2026-04-10 04:38:55] [SUCCESS] bvid=BV1WxXZBKEpG 已成功抓取全部所需数据。
[2026-04-10 04:39:01] [SUCCESS] bvid=BV1tFSSBgEA5 已成功抓取全部所需数据。
[2026-04-10 04:39:06] [SUCCESS] bvid=BV12FSSBgEb5 已成功抓取全部所需数据。
[2026-04-10 04:39:12] [SUCCESS] bvid=BV14cSSBzE79 已成功抓取全部所需数据。
[2026-04-10 04:39:18] [SUCCESS] bvid=BV11cSSBzE1T 已成功抓取全部所需数据。
[2026-04-10 04:39:24] [SUCCESS] bvid=BV11cSSBzEHp 已成功抓取全部所需数据。
[2026-04-10 04:39:30] [SUCCESS] bvid=BV12cSSBzEz4 已成功抓取全部所需数据。
[2026-04-10 04:39:36] [SUCCESS] bvid=BV1scSSBzERj 已成功抓取全部所需数据。
[2026-04-10 04:39:42] [SUCCESS] bvid=BV1ycSSBzEdG 已成功抓取全部所需数据。
[2026-04-10 04:39:42] [ERROR] bvid=BV1kuSSBPEAW 抓取失败：stat: 接口返回错误代码：-404，信息：啥都木有。
{'code': -404, 'message': '啥都木有', 'ttl': 1} | comment: 接口返回错误代码：-404，信息：啥都木有。
{'code': -404, 'message': '啥都木有', 'ttl': 1}
[2026-04-10 04:39:48] [SUCCESS] bvid=BV1CuSSBPEKR 已成功抓取全部所需数据。
[2026-04-10 04:39:54] [SUCCESS] bvid=BV1HuSSBPEvM 已成功抓取全部所需数据。
[2026-04-10 04:40:00] [SUCCESS] bvid=BV1rgSSBYE8t 已成功抓取全部所需数据。
[2026-04-10 04:40:06] [SUCCESS] bvid=BV1rgSSBYEse 已成功抓取全部所需数据。
[2026-04-10 04:40:12] [SUCCESS] bvid=BV1pgSSBYE7m 已成功抓取全部所需数据。
[2026-04-10 04:40:18] [SUCCESS] bvid=BV18QSUB1E7J 已成功抓取全部所需数据。
[2026-04-10 04:40:24] [SUCCESS] bvid=BV1pgSSBYEwr 已成功抓取全部所需数据。
[2026-04-10 04:40:29] [SUCCESS] bvid=BV1sKSSBKEEg 已成功抓取全部所需数据。
[2026-04-10 04:40:35] [SUCCESS] bvid=BV1sKSSBKEwz 已成功抓取全部所需数据。
[2026-04-10 04:40:41] [SUCCESS] bvid=BV1kTSSBvEdK 已成功抓取全部所需数据。
[2026-04-10 04:40:47] [SUCCESS] bvid=BV1CTSSBvEJ8 已成功抓取全部所需数据。
[2026-04-10 04:40:53] [SUCCESS] bvid=BV1WTSSBvEp3 已成功抓取全部所需数据。
[2026-04-10 04:40:59] [SUCCESS] bvid=BV18QSUB1EUL 已成功抓取全部所需数据。
[2026-04-10 04:41:05] [SUCCESS] bvid=BV1hQSUB1EiU 已成功抓取全部所需数据。
[2026-04-10 04:41:11] [SUCCESS] bvid=BV1aDSUB7EZx 已成功抓取全部所需数据。
[2026-04-10 04:41:17] [SUCCESS] bvid=BV1aDSUBjEG1 已成功抓取全部所需数据。
[2026-04-10 04:41:23] [SUCCESS] bvid=BV1QDSUBjEcm 已成功抓取全部所需数据。
[2026-04-10 04:41:29] [SUCCESS] bvid=BV1DDSUBjE8x 已成功抓取全部所需数据。
[2026-04-10 04:41:35] [SUCCESS] bvid=BV1gxDMBKECA 已成功抓取全部所需数据。
[2026-04-10 04:41:41] [SUCCESS] bvid=BV1CNDgB4Eg6 已成功抓取全部所需数据。
[2026-04-10 04:41:47] [SUCCESS] bvid=BV1YmSUBEEM6 已成功抓取全部所需数据。
[2026-04-10 04:41:52] [SUCCESS] bvid=BV1YmSUBEEp4 已成功抓取全部所需数据。
[2026-04-10 04:41:56] [SUCCESS] bvid=BV1amSUBEEs3 已成功抓取全部所需数据。
[2026-04-10 04:42:03] [SUCCESS] bvid=BV1YmSUBEEWW 已成功抓取全部所需数据。
[2026-04-10 04:42:08] [SUCCESS] bvid=BV1YmSUBEEy4 已成功抓取全部所需数据。
[2026-04-10 04:42:13] [SUCCESS] bvid=BV1aUSUBmEUx 已成功抓取全部所需数据。
[2026-04-10 04:42:18] [SUCCESS] bvid=BV1FBDVBaEbk 已成功抓取全部所需数据。
[2026-04-10 04:42:23] [SUCCESS] bvid=BV1boSUBGELK 已成功抓取全部所需数据。
[2026-04-10 04:42:28] [SUCCESS] bvid=BV1XbSSBEEHf 已成功抓取全部所需数据。
[2026-04-10 04:42:33] [SUCCESS] bvid=BV1tZSUBrEM8 已成功抓取全部所需数据。
[2026-04-10 04:42:38] [SUCCESS] bvid=BV1tRSUBCELf 已成功抓取全部所需数据。
[2026-04-10 04:42:43] [SUCCESS] bvid=BV18RSUBCEHK 已成功抓取全部所需数据。
[2026-04-10 04:42:48] [SUCCESS] bvid=BV1HeDVBNE1Y 已成功抓取全部所需数据。
[2026-04-10 04:42:53] [SUCCESS] bvid=BV1VbSSBnE55 已成功抓取全部所需数据。
[2026-04-10 04:42:57] [SUCCESS] bvid=BV1VbSSBnErL 已成功抓取全部所需数据。
[2026-04-10 04:43:02] [SUCCESS] bvid=BV1VbSSBnEgg 已成功抓取全部所需数据。
[2026-04-10 04:43:07] [SUCCESS] bvid=BV1eWSSB9E9S 已成功抓取全部所需数据。
[2026-04-10 04:43:12] [SUCCESS] bvid=BV1abSSBnESz 已成功抓取全部所需数据。
[2026-04-10 04:43:16] [SUCCESS] bvid=BV1LWSSB9ESR 已成功抓取全部所需数据。
[2026-04-10 04:43:21] [SUCCESS] bvid=BV1VWSSB9EBw 已成功抓取全部所需数据。
[2026-04-10 04:43:26] [SUCCESS] bvid=BV1VxSSBpEfZ 已成功抓取全部所需数据。
[2026-04-10 04:43:31] [SUCCESS] bvid=BV15xSSBpEsq 已成功抓取全部所需数据。
[2026-04-10 04:43:36] [SUCCESS] bvid=BV18YSSBmEsC 已成功抓取全部所需数据。
[2026-04-10 04:43:40] [SUCCESS] bvid=BV1gvSSBjEEs 已成功抓取全部所需数据。
[2026-04-10 04:43:45] [SUCCESS] bvid=BV1bvSSBjEQ6 已成功抓取全部所需数据。
[2026-04-10 04:43:50] [SUCCESS] bvid=BV1SvSSBjErK 已成功抓取全部所需数据。
[2026-04-10 04:43:55] [SUCCESS] bvid=BV1dQ9PBrEdp 已成功抓取全部所需数据。
[2026-04-10 04:44:00] [SUCCESS] bvid=BV1gaSSBEEAH 已成功抓取全部所需数据。
[2026-04-10 04:44:05] [SUCCESS] bvid=BV15mDVBxEsh 已成功抓取全部所需数据。
[2026-04-10 04:44:09] [SUCCESS] bvid=BV16LDGBtE8z 已成功抓取全部所需数据。
[2026-04-10 04:44:14] [SUCCESS] bvid=BV1NTD5BkEjk 已成功抓取全部所需数据。
[2026-04-10 04:44:19] [SUCCESS] bvid=BV1x59NBoE95 已成功抓取全部所需数据。
[2026-04-10 04:44:24] [SUCCESS] bvid=BV1EjSSBbEoQ 已成功抓取全部所需数据。
[2026-04-10 04:44:29] [SUCCESS] bvid=BV1EjSSBbE7K 已成功抓取全部所需数据。
[2026-04-10 04:44:34] [SUCCESS] bvid=BV1JGSSBwE9H 已成功抓取全部所需数据。
[2026-04-10 04:44:39] [SUCCESS] bvid=BV1nGSSBwE6R 已成功抓取全部所需数据。
[2026-04-10 04:44:44] [SUCCESS] bvid=BV1JGSSBwEsK 已成功抓取全部所需数据。
[2026-04-10 04:44:48] [SUCCESS] bvid=BV1nGSSBwEEB 已成功抓取全部所需数据。
[2026-04-10 04:44:53] [SUCCESS] bvid=BV1rGSSBwEvV 已成功抓取全部所需数据。
[2026-04-10 04:44:58] [SUCCESS] bvid=BV1nGSSBwEos 已成功抓取全部所需数据。
[2026-04-10 04:45:03] [SUCCESS] bvid=BV1nVSSBhExt 已成功抓取全部所需数据。
[2026-04-10 04:45:08] [SUCCESS] bvid=BV1vpSSBsEJw 已成功抓取全部所需数据。
[2026-04-10 04:45:13] [SUCCESS] bvid=BV1ipSSBsEMq 已成功抓取全部所需数据。
[2026-04-10 04:45:17] [SUCCESS] bvid=BV1jpSSBsEiK 已成功抓取全部所需数据。
[2026-04-10 04:45:22] [SUCCESS] bvid=BV1z7SSBZE3e 已成功抓取全部所需数据。
[2026-04-10 04:45:27] [SUCCESS] bvid=BV1qJSSB4E1f 已成功抓取全部所需数据。
[2026-04-10 04:45:32] [SUCCESS] bvid=BV1j1DVBoE4W 已成功抓取全部所需数据。
[2026-04-10 04:45:36] [SUCCESS] bvid=BV1j1DVBoEd1 已成功抓取全部所需数据。
[2026-04-10 04:45:41] [SUCCESS] bvid=BV1dmDVBsEWr 已成功抓取全部所需数据。
[2026-04-10 04:45:46] [SUCCESS] bvid=BV1jmDVBxEGT 已成功抓取全部所需数据。
[2026-04-10 04:45:51] [SUCCESS] bvid=BV1okDVBZEhH 已成功抓取全部所需数据。
[2026-04-10 04:45:55] [SUCCESS] bvid=BV1oyDVB4EFM 已成功抓取全部所需数据。
[2026-04-10 04:46:00] [SUCCESS] bvid=BV1dyDVB4Emu 已成功抓取全部所需数据。
[2026-04-10 04:46:05] [SUCCESS] bvid=BV1jyDVBtE8J 已成功抓取全部所需数据。
[2026-04-10 04:46:10] [SUCCESS] bvid=BV1YQDVBXEK1 已成功抓取全部所需数据。
[2026-04-10 04:46:15] [SUCCESS] bvid=BV1eQDVBXEHH 已成功抓取全部所需数据。
[2026-04-10 04:46:20] [SUCCESS] bvid=BV1XQDVBQETG 已成功抓取全部所需数据。
[2026-04-10 04:46:25] [SUCCESS] bvid=BV1At9uBeE5c 已成功抓取全部所需数据。
[2026-04-10 04:46:30] [SUCCESS] bvid=BV1S59EBPET1 已成功抓取全部所需数据。
[2026-04-10 04:46:35] [SUCCESS] bvid=BV15SDPBAEew 已成功抓取全部所需数据。
[2026-04-10 04:46:35] [WARN] 当前子任务已结束，但仍有未成功抓取的视频，已导出 remaining CSV 供继续执行。
[2026-04-10 04:46:35] [INFO] 已导出剔除成功条目后的剩余 CSV：D:\Schoolworks\Thesis\Bilibili-Datahub\outputs\video_data\manual_crawls\manual_crawl_stat_comment_20260409_211948\remaining_bvids_part_33.csv
[2026-04-10 04:46:35] 子任务结束时间：2026-04-10T04:46:35.174351
[TIMESTAMP][END] 2026-04-10T04:46:35
