[TIMESTAMP][BEGIN] 2026-04-09T23:53:48
[2026-04-09 23:53:50] 开始执行 CSV 批量抓取子任务 part_8。
[2026-04-09 23:53:50] 子任务开始时间：2026-04-09T23:53:48.011935
[2026-04-09 23:53:50] 输入文件：batch_input_8.csv
[2026-04-09 23:53:50] 输入唯一 bvid 数量：100
[2026-04-09 23:53:50] 为严格按 CSV 顺序判断连续失败阈值，本次任务自动将并发度从 2 调整为 1。
[2026-04-09 23:53:55] [SUCCESS] bvid=BV19XDLBfEBo 已成功抓取全部所需数据。
[2026-04-09 23:54:01] [SUCCESS] bvid=BV1dQDLB8Est 已成功抓取全部所需数据。
[2026-04-09 23:54:07] [SUCCESS] bvid=BV1V9DLBFEPW 已成功抓取全部所需数据。
[2026-04-09 23:54:12] [SUCCESS] bvid=BV19QDLB8Eoj 已成功抓取全部所需数据。
[2026-04-09 23:54:18] [SUCCESS] bvid=BV1V9DLBFEfN 已成功抓取全部所需数据。
[2026-04-09 23:54:24] [SUCCESS] bvid=BV159DLBFETZ 已成功抓取全部所需数据。
[2026-04-09 23:54:29] [SUCCESS] bvid=BV1hzDjBtEhk 已成功抓取全部所需数据。
[2026-04-09 23:54:35] [SUCCESS] bvid=BV1v9DLBFE1e 已成功抓取全部所需数据。
[2026-04-09 23:54:40] [SUCCESS] bvid=BV19XDLBfE4T 已成功抓取全部所需数据。
[2026-04-09 23:54:46] [SUCCESS] bvid=BV1RXDLBfEps 已成功抓取全部所需数据。
[2026-04-09 23:54:51] [SUCCESS] bvid=BV1j9D6BKEMB 已成功抓取全部所需数据。
[2026-04-09 23:54:57] [SUCCESS] bvid=BV1yZDrBHEvX 已成功抓取全部所需数据。
[2026-04-09 23:55:03] [SUCCESS] bvid=BV1BFDiBdEX9 已成功抓取全部所需数据。
[2026-04-09 23:55:08] [SUCCESS] bvid=BV1AiDLBrELW 已成功抓取全部所需数据。
[2026-04-09 23:55:14] [SUCCESS] bvid=BV1AiDLBrEwq 已成功抓取全部所需数据。
[2026-04-09 23:55:19] [SUCCESS] bvid=BV1AiDLBrEgh 已成功抓取全部所需数据。
[2026-04-09 23:55:24] [SUCCESS] bvid=BV1piDLBrEaN 已成功抓取全部所需数据。
[2026-04-09 23:55:30] [SUCCESS] bvid=BV1AiDLBrE35 已成功抓取全部所需数据。
[2026-04-09 23:55:35] [SUCCESS] bvid=BV1czDLBzE1B 已成功抓取全部所需数据。
[2026-04-09 23:55:40] [SUCCESS] bvid=BV1xo6FB1E2K 已成功抓取全部所需数据。
[2026-04-09 23:55:46] [SUCCESS] bvid=BV1ZGDhBGE7T 已成功抓取全部所需数据。
[2026-04-09 23:55:51] [SUCCESS] bvid=BV1eKDiBQEYu 已成功抓取全部所需数据。
[2026-04-09 23:55:56] [SUCCESS] bvid=BV1feDuBmEAW 已成功抓取全部所需数据。
[2026-04-09 23:56:02] [SUCCESS] bvid=BV1SZXZBVEgZ 已成功抓取全部所需数据。
[2026-04-09 23:56:07] [SUCCESS] bvid=BV1SfDLBRECv 已成功抓取全部所需数据。
[2026-04-09 23:56:13] [SUCCESS] bvid=BV1pYDiBPE57 已成功抓取全部所需数据。
[2026-04-09 23:56:19] [SUCCESS] bvid=BV1QzDzBdE7h 已成功抓取全部所需数据。
[2026-04-09 23:56:25] [SUCCESS] bvid=BV1PfDrBQECL 已成功抓取全部所需数据。
[2026-04-09 23:56:30] [SUCCESS] bvid=BV1iRD6BvEmi 已成功抓取全部所需数据。
[2026-04-09 23:56:36] [SUCCESS] bvid=BV1BxDjBTEiC 已成功抓取全部所需数据。
[2026-04-09 23:56:42] [SUCCESS] bvid=BV1zxDjBTEAA 已成功抓取全部所需数据。
[2026-04-09 23:56:47] [SUCCESS] bvid=BV18fDLBdE6s 已成功抓取全部所需数据。
[2026-04-09 23:56:53] [SUCCESS] bvid=BV1t1DjBWECm 已成功抓取全部所需数据。
[2026-04-09 23:56:59] [SUCCESS] bvid=BV193DiBEEaP 已成功抓取全部所需数据。
[2026-04-09 23:57:05] [SUCCESS] bvid=BV16nDjB6Eew 已成功抓取全部所需数据。
[2026-04-09 23:57:10] [SUCCESS] bvid=BV1gPDrBbEUm 已成功抓取全部所需数据。
[2026-04-09 23:57:16] [SUCCESS] bvid=BV1D6DjBoEJ8 已成功抓取全部所需数据。
[2026-04-09 23:57:21] [SUCCESS] bvid=BV1Ch9uBaEHS 已成功抓取全部所需数据。
[2026-04-09 23:57:44] [SUCCESS] bvid=BV1wBDLBgE4W 已成功抓取全部所需数据。
[2026-04-09 23:57:49] [SUCCESS] bvid=BV1ABDLBgEcn 已成功抓取全部所需数据。
[2026-04-09 23:57:55] [SUCCESS] bvid=BV1ABDLBgEcg 已成功抓取全部所需数据。
[2026-04-09 23:58:00] [SUCCESS] bvid=BV1pBDLBgEg9 已成功抓取全部所需数据。
[2026-04-09 23:58:06] [SUCCESS] bvid=BV1pBDLBgEbE 已成功抓取全部所需数据。
[2026-04-09 23:58:11] [SUCCESS] bvid=BV1HBDLBgEfj 已成功抓取全部所需数据。
[2026-04-09 23:58:18] [SUCCESS] bvid=BV1pBDLBgEbr 已成功抓取全部所需数据。
[2026-04-09 23:58:24] [SUCCESS] bvid=BV1wBDLBgEDB 已成功抓取全部所需数据。
[2026-04-09 23:58:29] [SUCCESS] bvid=BV1HBDLBgEib 已成功抓取全部所需数据。
[2026-04-09 23:58:35] [SUCCESS] bvid=BV1wBDLBgE8x 已成功抓取全部所需数据。
[2026-04-09 23:58:40] [SUCCESS] bvid=BV17QD6BqEUa 已成功抓取全部所需数据。
[2026-04-09 23:58:46] [SUCCESS] bvid=BV1AYDLBCEXN 已成功抓取全部所需数据。
[2026-04-09 23:58:52] [SUCCESS] bvid=BV1PYDLBCE4U 已成功抓取全部所需数据。
[2026-04-09 23:58:58] [SUCCESS] bvid=BV1WYDLBCE1V 已成功抓取全部所需数据。
[2026-04-09 23:59:03] [SUCCESS] bvid=BV1yYDLBCE1H 已成功抓取全部所需数据。
[2026-04-09 23:59:09] [SUCCESS] bvid=BV1CvDLBGEdJ 已成功抓取全部所需数据。
[2026-04-09 23:59:14] [SUCCESS] bvid=BV1SZXZBVEwW 已成功抓取全部所需数据。
[2026-04-09 23:59:19] [SUCCESS] bvid=BV1pvDLBGEu5 已成功抓取全部所需数据。
[2026-04-09 23:59:25] [SUCCESS] bvid=BV1HzDLBzEP5 已成功抓取全部所需数据。
[2026-04-09 23:59:30] [SUCCESS] bvid=BV16kDLBqEMt 已成功抓取全部所需数据。
[2026-04-09 23:59:36] [SUCCESS] bvid=BV16kDLBqE8U 已成功抓取全部所需数据。
[2026-04-09 23:59:41] [SUCCESS] bvid=BV1CVDjBLEXf 已成功抓取全部所需数据。
[2026-04-09 23:59:47] [SUCCESS] bvid=BV1EyDLBKEkm 已成功抓取全部所需数据。
[2026-04-09 23:59:52] [SUCCESS] bvid=BV1fyDLBNE4H 已成功抓取全部所需数据。
[2026-04-09 23:59:58] [SUCCESS] bvid=BV1EyDLBKEk2 已成功抓取全部所需数据。
[2026-04-10 00:00:03] [SUCCESS] bvid=BV1fyDLBNESn 已成功抓取全部所需数据。
[2026-04-10 00:00:10] [SUCCESS] bvid=BV1vvDjBcEWf 已成功抓取全部所需数据。
[2026-04-10 00:00:16] [SUCCESS] bvid=BV1czDLBzEdW 已成功抓取全部所需数据。
[2026-04-10 00:00:22] [SUCCESS] bvid=BV1wzDLBzE74 已成功抓取全部所需数据。
[2026-04-10 00:00:27] [SUCCESS] bvid=BV1czDLBzEcB 已成功抓取全部所需数据。
[2026-04-10 00:00:33] [SUCCESS] bvid=BV1HzDLBzEKU 已成功抓取全部所需数据。
[2026-04-10 00:00:39] [SUCCESS] bvid=BV1nrDLBMEQb 已成功抓取全部所需数据。
[2026-04-10 00:00:44] [SUCCESS] bvid=BV1czDLBzERd 已成功抓取全部所需数据。
[2026-04-10 00:00:50] [SUCCESS] bvid=BV1FrDLBME9T 已成功抓取全部所需数据。
[2026-04-10 00:00:56] [SUCCESS] bvid=BV1HrDLBMEPw 已成功抓取全部所需数据。
[2026-04-10 00:01:02] [SUCCESS] bvid=BV1mTDjBJEza 已成功抓取全部所需数据。
[2026-04-10 00:01:07] [SUCCESS] bvid=BV1PVDjBjEBe 已成功抓取全部所需数据。
[2026-04-10 00:01:13] [SUCCESS] bvid=BV1W5DjB1Eus 已成功抓取全部所需数据。
[2026-04-10 00:01:19] [SUCCESS] bvid=BV12gDjB7EBW 已成功抓取全部所需数据。
[2026-04-10 00:01:24] [SUCCESS] bvid=BV1crDLBMEiP 已成功抓取全部所需数据。
[2026-04-10 00:01:30] [SUCCESS] bvid=BV1QfDLBREo2 已成功抓取全部所需数据。
[2026-04-10 00:01:36] [SUCCESS] bvid=BV1zpDjBuEvp 已成功抓取全部所需数据。
[2026-04-10 00:01:41] [SUCCESS] bvid=BV173DkBCEej 已成功抓取全部所需数据。
[2026-04-10 00:01:47] [SUCCESS] bvid=BV1wWDrB1Eka 已成功抓取全部所需数据。
[2026-04-10 00:01:53] [SUCCESS] bvid=BV1eZD6BYEQF 已成功抓取全部所需数据。
[2026-04-10 00:01:58] [SUCCESS] bvid=BV1vaDjBAEGs 已成功抓取全部所需数据。
[2026-04-10 00:02:04] [SUCCESS] bvid=BV1B5DkB6EHQ 已成功抓取全部所需数据。
[2026-04-10 00:02:10] [SUCCESS] bvid=BV11VDjBLEGi 已成功抓取全部所需数据。
[2026-04-10 00:02:15] [SUCCESS] bvid=BV1yVDjBLEa7 已成功抓取全部所需数据。
[2026-04-10 00:02:23] [SUCCESS] bvid=BV11VDjBLEto 已成功抓取全部所需数据。
[2026-04-10 00:02:29] [SUCCESS] bvid=BV1yVDjBLEnH 已成功抓取全部所需数据。
[2026-04-10 00:02:35] [SUCCESS] bvid=BV1C5DjByENj 已成功抓取全部所需数据。
[2026-04-10 00:02:41] [SUCCESS] bvid=BV1wJDjBGEmG 已成功抓取全部所需数据。
[2026-04-10 00:02:46] [SUCCESS] bvid=BV1y5DjByE4g 已成功抓取全部所需数据。
[2026-04-10 00:02:52] [SUCCESS] bvid=BV1y5DjByEKz 已成功抓取全部所需数据。
[2026-04-10 00:02:57] [SUCCESS] bvid=BV1s5DjB1EpG 已成功抓取全部所需数据。
[2026-04-10 00:03:03] [SUCCESS] bvid=BV1k5DjByEvt 已成功抓取全部所需数据。
[2026-04-10 00:03:08] [SUCCESS] bvid=BV1y3DjB2EdS 已成功抓取全部所需数据。
[2026-04-10 00:03:14] [SUCCESS] bvid=BV1NgDjBEECW 已成功抓取全部所需数据。
[2026-04-10 00:03:19] [SUCCESS] bvid=BV1xgDjBEEdm 已成功抓取全部所需数据。
[2026-04-10 00:03:25] [SUCCESS] bvid=BV1bMDrBdEUF 已成功抓取全部所需数据。
[2026-04-10 00:03:31] [SUCCESS] bvid=BV1tCDjBREX1 已成功抓取全部所需数据。
[2026-04-10 00:03:31] [INFO] 当前 batch_crawl 已完成，所有视频均已成功抓取。
[2026-04-10 00:03:31] 子任务结束时间：2026-04-10T00:03:31.241814
[TIMESTAMP][END] 2026-04-10T00:03:31
