[TIMESTAMP][BEGIN] 2026-04-10T07:02:42
[2026-04-10 07:02:44] 开始执行 CSV 批量抓取子任务 part_49。
[2026-04-10 07:02:44] 子任务开始时间：2026-04-10T07:02:42.332988
[2026-04-10 07:02:44] 输入文件：batch_input_49.csv
[2026-04-10 07:02:44] 输入唯一 bvid 数量：100
[2026-04-10 07:02:44] 为严格按 CSV 顺序判断连续失败阈值，本次任务自动将并发度从 2 调整为 1。
[2026-04-10 07:02:49] [SUCCESS] bvid=BV18L9uBkEyN 已成功抓取全部所需数据。
[2026-04-10 07:02:54] [SUCCESS] bvid=BV1F99MBoEcu 已成功抓取全部所需数据。
[2026-04-10 07:02:59] [SUCCESS] bvid=BV1n99MBoEHL 已成功抓取全部所需数据。
[2026-04-10 07:03:04] [SUCCESS] bvid=BV1of9MBpEpb 已成功抓取全部所需数据。
[2026-04-10 07:03:09] [SUCCESS] bvid=BV1cS9MB8EhL 已成功抓取全部所需数据。
[2026-04-10 07:03:14] [SUCCESS] bvid=BV1cD9MBfEsM 已成功抓取全部所需数据。
[2026-04-10 07:03:20] [SUCCESS] bvid=BV1c19PB2Eun 已成功抓取全部所需数据。
[2026-04-10 07:03:25] [SUCCESS] bvid=BV1KB9KBFEX1 已成功抓取全部所需数据。
[2026-04-10 07:03:30] [SUCCESS] bvid=BV1FD9MBfEn5 已成功抓取全部所需数据。
[2026-04-10 07:03:35] [SUCCESS] bvid=BV1FD9MBfEZA 已成功抓取全部所需数据。
[2026-04-10 07:03:40] [SUCCESS] bvid=BV1nD9MBfExT 已成功抓取全部所需数据。
[2026-04-10 07:03:45] [SUCCESS] bvid=BV1jF9uBXEga 已成功抓取全部所需数据。
[2026-04-10 07:03:49] [SUCCESS] bvid=BV1cD9MBfEQj 已成功抓取全部所需数据。
[2026-04-10 07:03:55] [SUCCESS] bvid=BV1of9MBpEiM 已成功抓取全部所需数据。
[2026-04-10 07:04:00] [SUCCESS] bvid=BV1FD9MBfEdo 已成功抓取全部所需数据。
[2026-04-10 07:04:05] [SUCCESS] bvid=BV1cD9MBfEcM 已成功抓取全部所需数据。
[2026-04-10 07:04:10] [SUCCESS] bvid=BV1SP9ABREvt 已成功抓取全部所需数据。
[2026-04-10 07:04:15] [SUCCESS] bvid=BV1Zf9MBpEvD 已成功抓取全部所需数据。
[2026-04-10 07:04:19] [SUCCESS] bvid=BV1Ef9MBWEFh 已成功抓取全部所需数据。
[2026-04-10 07:04:24] [SUCCESS] bvid=BV17f9MBWE3q 已成功抓取全部所需数据。
[2026-04-10 07:04:29] [SUCCESS] bvid=BV17F9uBXELn 已成功抓取全部所需数据。
[2026-04-10 07:04:34] [SUCCESS] bvid=BV1jF9uBXEvj 已成功抓取全部所需数据。
[2026-04-10 07:04:38] [SUCCESS] bvid=BV1oF9uBQE9m 已成功抓取全部所需数据。
[2026-04-10 07:04:43] [SUCCESS] bvid=BV1SM9TBBEZG 已成功抓取全部所需数据。
[2026-04-10 07:04:48] [SUCCESS] bvid=BV14B9KBFEGr 已成功抓取全部所需数据。
[2026-04-10 07:04:53] [SUCCESS] bvid=BV1r49TBxEpd 已成功抓取全部所需数据。
[2026-04-10 07:04:58] [SUCCESS] bvid=BV1ZF9uBQEND 已成功抓取全部所需数据。
[2026-04-10 07:05:06] [SUCCESS] bvid=BV17F9uBXE53 已成功抓取全部所需数据。
[2026-04-10 07:05:11] [SUCCESS] bvid=BV1dF9uBQEUy 已成功抓取全部所需数据。
[2026-04-10 07:05:16] [SUCCESS] bvid=BV1dF9uBQEYV 已成功抓取全部所需数据。
[2026-04-10 07:05:21] [SUCCESS] bvid=BV1fd9MBsEu9 已成功抓取全部所需数据。
[2026-04-10 07:05:26] [SUCCESS] bvid=BV1Ed9MBxEBS 已成功抓取全部所需数据。
[2026-04-10 07:05:31] [SUCCESS] bvid=BV1Bd9MBxEmj 已成功抓取全部所需数据。
[2026-04-10 07:05:36] [SUCCESS] bvid=BV1C49uBPEWa 已成功抓取全部所需数据。
[2026-04-10 07:05:41] [SUCCESS] bvid=BV1Fd9MBxEju 已成功抓取全部所需数据。
[2026-04-10 07:05:46] [SUCCESS] bvid=BV1fd9MBsE1m 已成功抓取全部所需数据。
[2026-04-10 07:05:51] [SUCCESS] bvid=BV1fd9MBsEMd 已成功抓取全部所需数据。
[2026-04-10 07:05:56] [SUCCESS] bvid=BV1wh9uBaEtq 已成功抓取全部所需数据。
[2026-04-10 07:06:01] [SUCCESS] bvid=BV1Bo9MBXE4z 已成功抓取全部所需数据。
[2026-04-10 07:06:06] [SUCCESS] bvid=BV1C49uBPEWS 已成功抓取全部所需数据。
[2026-04-10 07:06:11] [SUCCESS] bvid=BV1vw9TBCEws 已成功抓取全部所需数据。
[2026-04-10 07:06:16] [SUCCESS] bvid=BV1wXXfBqE8F 已成功抓取全部所需数据。
[2026-04-10 07:06:21] [SUCCESS] bvid=BV1CJ9NBpEA8 已成功抓取全部所需数据。
[2026-04-10 07:06:21] [ERROR] bvid=BV1A39cBVEdN 抓取失败：stat: 接口返回错误代码：-404，信息：啥都木有。
{'code': -404, 'message': '啥都木有', 'ttl': 1} | comment: 接口返回错误代码：-404，信息：啥都木有。
{'code': -404, 'message': '啥都木有', 'ttl': 1}
[2026-04-10 07:06:26] [SUCCESS] bvid=BV1mZXZBVEyR 已成功抓取全部所需数据。
[2026-04-10 07:06:31] [SUCCESS] bvid=BV1kh9uBhEss 已成功抓取全部所需数据。
[2026-04-10 07:06:36] [SUCCESS] bvid=BV1C89uBwETt 已成功抓取全部所需数据。
[2026-04-10 07:06:41] [SUCCESS] bvid=BV1p89uBAE9C 已成功抓取全部所需数据。
[2026-04-10 07:06:47] [SUCCESS] bvid=BV1k89uBwECt 已成功抓取全部所需数据。
[2026-04-10 07:06:52] [SUCCESS] bvid=BV1p89uBcEcc 已成功抓取全部所需数据。
[2026-04-10 07:06:57] [SUCCESS] bvid=BV1g39TBqEVT 已成功抓取全部所需数据。
[2026-04-10 07:07:02] [SUCCESS] bvid=BV1p89uBAEkS 已成功抓取全部所需数据。
[2026-04-10 07:07:07] [SUCCESS] bvid=BV1k89uBwEVe 已成功抓取全部所需数据。
[2026-04-10 07:07:12] [SUCCESS] bvid=BV1k89uBwEhA 已成功抓取全部所需数据。
[2026-04-10 07:07:17] [SUCCESS] bvid=BV1A89uBAEfQ 已成功抓取全部所需数据。
[2026-04-10 07:07:22] [SUCCESS] bvid=BV1w89uBAE4r 已成功抓取全部所需数据。
[2026-04-10 07:07:27] [SUCCESS] bvid=BV1k89uBwEna 已成功抓取全部所需数据。
[2026-04-10 07:07:32] [SUCCESS] bvid=BV1wh9uBaE9j 已成功抓取全部所需数据。
[2026-04-10 07:07:37] [SUCCESS] bvid=BV1PTXfBMEWi 已成功抓取全部所需数据。
[2026-04-10 07:07:42] [SUCCESS] bvid=BV1rk9LB7EtB 已成功抓取全部所需数据。
[2026-04-10 07:07:47] [SUCCESS] bvid=BV1KpXZBuEAS 已成功抓取全部所需数据。
[2026-04-10 07:07:52] [SUCCESS] bvid=BV13W9KBzE7N 已成功抓取全部所需数据。
[2026-04-10 07:07:57] [SUCCESS] bvid=BV1W59WBzErf 已成功抓取全部所需数据。
[2026-04-10 07:08:02] [SUCCESS] bvid=BV1dZ9KBLEWo 已成功抓取全部所需数据。
[2026-04-10 07:08:07] [SUCCESS] bvid=BV16p9ABkEyf 已成功抓取全部所需数据。
[2026-04-10 07:08:11] [SUCCESS] bvid=BV1ZhX9BLEfP 已成功抓取全部所需数据。
[2026-04-10 07:08:16] [SUCCESS] bvid=BV1bg9NB8E79 已成功抓取全部所需数据。
[2026-04-10 07:08:17] [ERROR] bvid=BV1EX9KBSEX7 抓取失败：stat: 接口返回错误代码：62012，信息：62012。
{'code': 62012, 'message': '62012', 'ttl': 1} | comment: 接口返回错误代码：62012，信息：62012。
{'code': 62012, 'message': '62012', 'ttl': 1}
[2026-04-10 07:08:21] [SUCCESS] bvid=BV1Cn9NBQEoR 已成功抓取全部所需数据。
[2026-04-10 07:08:26] [SUCCESS] bvid=BV1f1XDBuEtD 已成功抓取全部所需数据。
[2026-04-10 07:08:31] [SUCCESS] bvid=BV1gpXrBPECa 已成功抓取全部所需数据。
[2026-04-10 07:08:36] [SUCCESS] bvid=BV18N9jBaEQV 已成功抓取全部所需数据。
[2026-04-10 07:08:42] [SUCCESS] bvid=BV1w19KBsEfD 已成功抓取全部所需数据。
[2026-04-10 07:08:47] [SUCCESS] bvid=BV1hd9pBQEXd 已成功抓取全部所需数据。
[2026-04-10 07:08:52] [SUCCESS] bvid=BV16x9NB7ER5 已成功抓取全部所需数据。
[2026-04-10 07:08:57] [SUCCESS] bvid=BV1Yf9LBiEqk 已成功抓取全部所需数据。
[2026-04-10 07:09:02] [SUCCESS] bvid=BV1od9KB2E7A 已成功抓取全部所需数据。
[2026-04-10 07:09:07] [SUCCESS] bvid=BV1159NBdECv 已成功抓取全部所需数据。
[2026-04-10 07:09:19] [SUCCESS] bvid=BV1mUXhBvEBq 已成功抓取全部所需数据。
[2026-04-10 07:09:36] [SUCCESS] bvid=BV1179TBaE6f 已成功抓取全部所需数据。
[2026-04-10 07:09:54] [SUCCESS] bvid=BV1ys9uBvEih 已成功抓取全部所需数据。
[2026-04-10 07:10:12] [SUCCESS] bvid=BV13J9wBdExC 已成功抓取全部所需数据。
[2026-04-10 07:10:30] [SUCCESS] bvid=BV1tV9NBtEn3 已成功抓取全部所需数据。
[2026-04-10 07:10:47] [SUCCESS] bvid=BV1gb9KBKEGR 已成功抓取全部所需数据。
[2026-04-10 07:11:05] [SUCCESS] bvid=BV1ng9JBdEnG 已成功抓取全部所需数据。
[2026-04-10 07:11:11] [SUCCESS] bvid=BV1SL9uBrEkj 已成功抓取全部所需数据。
[2026-04-10 07:11:16] [SUCCESS] bvid=BV1ub9KBKEyG 已成功抓取全部所需数据。
[2026-04-10 07:11:21] [SUCCESS] bvid=BV1sB9KBFEXF 已成功抓取全部所需数据。
[2026-04-10 07:11:26] [SUCCESS] bvid=BV1sUXmB6Egg 已成功抓取全部所需数据。
[2026-04-10 07:11:32] [SUCCESS] bvid=BV1w29KB9E1h 已成功抓取全部所需数据。
[2026-04-10 07:11:37] [SUCCESS] bvid=BV1c29KB9Ewx 已成功抓取全部所需数据。
[2026-04-10 07:11:42] [SUCCESS] bvid=BV1nt9TBdEdn 已成功抓取全部所需数据。
[2026-04-10 07:11:47] [SUCCESS] bvid=BV1UnXzBdERG 已成功抓取全部所需数据。
[2026-04-10 07:11:52] [SUCCESS] bvid=BV17W9cBNE6o 已成功抓取全部所需数据。
[2026-04-10 07:11:58] [SUCCESS] bvid=BV1QA9NBPEu4 已成功抓取全部所需数据。
[2026-04-10 07:12:03] [SUCCESS] bvid=BV1A3XfBvEGQ 已成功抓取全部所需数据。
[2026-04-10 07:12:07] [SUCCESS] bvid=BV118XzBSEu9 已成功抓取全部所需数据。
[2026-04-10 07:12:12] [SUCCESS] bvid=BV1ba9KBPEjf 已成功抓取全部所需数据。
[2026-04-10 07:12:17] [SUCCESS] bvid=BV1GP9TBGEX1 已成功抓取全部所需数据。
[2026-04-10 07:12:23] [SUCCESS] bvid=BV1gb9KBKER9 已成功抓取全部所需数据。
[2026-04-10 07:12:23] [WARN] 当前子任务已结束，但仍有未成功抓取的视频，已导出 remaining CSV 供继续执行。
[2026-04-10 07:12:23] [INFO] 已导出剔除成功条目后的剩余 CSV：D:\Schoolworks\Thesis\Bilibili-Datahub\outputs\video_data\manual_crawls\manual_crawl_stat_comment_20260409_211948\remaining_bvids_part_49.csv
[2026-04-10 07:12:23] 子任务结束时间：2026-04-10T07:12:23.873560
[TIMESTAMP][END] 2026-04-10T07:12:23
