[TIMESTAMP][BEGIN] 2026-04-10T06:29:08
[2026-04-10 06:29:10] 开始执行 CSV 批量抓取子任务 part_45。
[2026-04-10 06:29:10] 子任务开始时间：2026-04-10T06:29:08.099196
[2026-04-10 06:29:10] 输入文件：batch_input_45.csv
[2026-04-10 06:29:10] 输入唯一 bvid 数量：100
[2026-04-10 06:29:10] 为严格按 CSV 顺序判断连续失败阈值，本次任务自动将并发度从 2 调整为 1。
[2026-04-10 06:29:15] [SUCCESS] bvid=BV1bpDPBDEbC 已成功抓取全部所需数据。
[2026-04-10 06:29:20] [SUCCESS] bvid=BV1SpDPBDEG8 已成功抓取全部所需数据。
[2026-04-10 06:29:25] [SUCCESS] bvid=BV1aEDPBWEMo 已成功抓取全部所需数据。
[2026-04-10 06:29:29] [SUCCESS] bvid=BV18EDPBWEvG 已成功抓取全部所需数据。
[2026-04-10 06:29:34] [SUCCESS] bvid=BV1UJDPBXErG 已成功抓取全部所需数据。
[2026-04-10 06:29:39] [SUCCESS] bvid=BV18JDPBXEKD 已成功抓取全部所需数据。
[2026-04-10 06:29:44] [SUCCESS] bvid=BV18JDPBXEZN 已成功抓取全部所需数据。
[2026-04-10 06:29:48] [SUCCESS] bvid=BV1LeXMB2Ep3 已成功抓取全部所需数据。
[2026-04-10 06:29:53] [SUCCESS] bvid=BV11bDPB2EGt 已成功抓取全部所需数据。
[2026-04-10 06:29:58] [SUCCESS] bvid=BV12sDPBJEYs 已成功抓取全部所需数据。
[2026-04-10 06:30:03] [SUCCESS] bvid=BV13RDPBfE62 已成功抓取全部所需数据。
[2026-04-10 06:30:08] [SUCCESS] bvid=BV1xxDPBUEme 已成功抓取全部所需数据。
[2026-04-10 06:30:13] [SUCCESS] bvid=BV1u69gB5EGY 已成功抓取全部所需数据。
[2026-04-10 06:30:18] [SUCCESS] bvid=BV19uDPB8ECV 已成功抓取全部所需数据。
[2026-04-10 06:30:23] [SUCCESS] bvid=BV1duDPB8EYJ 已成功抓取全部所需数据。
[2026-04-10 06:30:28] [SUCCESS] bvid=BV1dKDPBaE1g 已成功抓取全部所需数据。
[2026-04-10 06:30:28] [ERROR] bvid=BV17KDPBYECU 抓取失败：stat: 接口返回错误代码：62002，信息：稿件不可见。
{'code': 62002, 'message': '稿件不可见', 'ttl': 1} | comment: 接口返回错误代码：62002，信息：稿件不可见。
{'code': 62002, 'message': '稿件不可见', 'ttl': 1}
[2026-04-10 06:30:33] [SUCCESS] bvid=BV1aLDPBsErZ 已成功抓取全部所需数据。
[2026-04-10 06:30:33] [ERROR] bvid=BV1iMDPBcE27 抓取失败：stat: 接口返回错误代码：62002，信息：稿件不可见。
{'code': 62002, 'message': '稿件不可见', 'ttl': 1} | comment: 接口返回错误代码：62002，信息：稿件不可见。
{'code': 62002, 'message': '稿件不可见', 'ttl': 1}
[2026-04-10 06:30:38] [SUCCESS] bvid=BV1YLDPBxELu 已成功抓取全部所需数据。
[2026-04-10 06:30:43] [SUCCESS] bvid=BV1hjDPBREZ1 已成功抓取全部所需数据。
[2026-04-10 06:30:48] [SUCCESS] bvid=BV1nW9NBUEgf 已成功抓取全部所需数据。
[2026-04-10 06:30:53] [SUCCESS] bvid=BV1uRXZBjEUh 已成功抓取全部所需数据。
[2026-04-10 06:30:58] [SUCCESS] bvid=BV1ALDNBLELW 已成功抓取全部所需数据。
[2026-04-10 06:31:03] [SUCCESS] bvid=BV1qEXfBfEmi 已成功抓取全部所需数据。
[2026-04-10 06:31:08] [SUCCESS] bvid=BV1snXWBrELA 已成功抓取全部所需数据。
[2026-04-10 06:31:12] [SUCCESS] bvid=BV1iADwBdESW 已成功抓取全部所需数据。
[2026-04-10 06:31:20] [SUCCESS] bvid=BV1wD9gBqEdM 已成功抓取全部所需数据。
[2026-04-10 06:31:25] [SUCCESS] bvid=BV1kY9uBFEAd 已成功抓取全部所需数据。
[2026-04-10 06:31:30] [SUCCESS] bvid=BV1CX9gBKETq 已成功抓取全部所需数据。
[2026-04-10 06:31:36] [SUCCESS] bvid=BV13h9MBkEvK 已成功抓取全部所需数据。
[2026-04-10 06:31:41] [SUCCESS] bvid=BV1eMDwBpED2 已成功抓取全部所需数据。
[2026-04-10 06:31:46] [SUCCESS] bvid=BV1eVDPBoEF6 已成功抓取全部所需数据。
[2026-04-10 06:31:51] [SUCCESS] bvid=BV1eGDPBtEad 已成功抓取全部所需数据。
[2026-04-10 06:31:56] [SUCCESS] bvid=BV1RXDPBcEsW 已成功抓取全部所需数据。
[2026-04-10 06:32:01] [SUCCESS] bvid=BV1B2DPBNEpc 已成功抓取全部所需数据。
[2026-04-10 06:32:06] [SUCCESS] bvid=BV1j2DPBNE41 已成功抓取全部所需数据。
[2026-04-10 06:32:11] [SUCCESS] bvid=BV1B2DPBNEax 已成功抓取全部所需数据。
[2026-04-10 06:32:16] [SUCCESS] bvid=BV1qyDPBiEmP 已成功抓取全部所需数据。
[2026-04-10 06:32:21] [SUCCESS] bvid=BV1Hu9MBoEEY 已成功抓取全部所需数据。
[2026-04-10 06:32:25] [SUCCESS] bvid=BV15XDPBcEgR 已成功抓取全部所需数据。
[2026-04-10 06:32:30] [SUCCESS] bvid=BV1NNDAB5EWa 已成功抓取全部所需数据。
[2026-04-10 06:32:35] [SUCCESS] bvid=BV15XDPBcES4 已成功抓取全部所需数据。
[2026-04-10 06:32:40] [SUCCESS] bvid=BV1PGDNB7EnN 已成功抓取全部所需数据。
[2026-04-10 06:32:45] [SUCCESS] bvid=BV1e9DPB8E2o 已成功抓取全部所需数据。
[2026-04-10 06:32:50] [SUCCESS] bvid=BV1Y9DPB8ECc 已成功抓取全部所需数据。
[2026-04-10 06:32:55] [SUCCESS] bvid=BV159DPB8ETf 已成功抓取全部所需数据。
[2026-04-10 06:33:00] [SUCCESS] bvid=BV1jSDPBAEU3 已成功抓取全部所需数据。
[2026-04-10 06:33:05] [SUCCESS] bvid=BV1seDPBVEFu 已成功抓取全部所需数据。
[2026-04-10 06:33:10] [SUCCESS] bvid=BV1pvDPBkEvn 已成功抓取全部所需数据。
[2026-04-10 06:33:15] [SUCCESS] bvid=BV1shDPBLEF5 已成功抓取全部所需数据。
[2026-04-10 06:33:20] [SUCCESS] bvid=BV1qa9NB5ELE 已成功抓取全部所需数据。
[2026-04-10 06:33:25] [SUCCESS] bvid=BV1MYXeBVEXz 已成功抓取全部所需数据。
[2026-04-10 06:33:30] [SUCCESS] bvid=BV1Lf9KB1EiB 已成功抓取全部所需数据。
[2026-04-10 06:33:30] [ERROR] bvid=BV1499NBFEV8 抓取失败：stat: 接口返回错误代码：-404，信息：啥都木有。
{'code': -404, 'message': '啥都木有', 'ttl': 1} | comment: 接口返回错误代码：-404，信息：啥都木有。
{'code': -404, 'message': '啥都木有', 'ttl': 1}
[2026-04-10 06:33:35] [SUCCESS] bvid=BV1QsXCBzEDn 已成功抓取全部所需数据。
[2026-04-10 06:33:40] [SUCCESS] bvid=BV1PS9gBME1H 已成功抓取全部所需数据。
[2026-04-10 06:33:45] [SUCCESS] bvid=BV1P3DABgEHJ 已成功抓取全部所需数据。
[2026-04-10 06:33:49] [SUCCESS] bvid=BV1Cp9NBnEKz 已成功抓取全部所需数据。
[2026-04-10 06:33:54] [SUCCESS] bvid=BV1AC9KBdEbk 已成功抓取全部所需数据。
[2026-04-10 06:33:59] [SUCCESS] bvid=BV1JrDPBBEcD 已成功抓取全部所需数据。
[2026-04-10 06:34:04] [SUCCESS] bvid=BV1PgDNBUEeK 已成功抓取全部所需数据。
[2026-04-10 06:34:09] [SUCCESS] bvid=BV1xGDNB7EtW 已成功抓取全部所需数据。
[2026-04-10 06:34:14] [SUCCESS] bvid=BV1KTDNBDE2s 已成功抓取全部所需数据。
[2026-04-10 06:34:19] [SUCCESS] bvid=BV1cEDNBVES9 已成功抓取全部所需数据。
[2026-04-10 06:34:24] [SUCCESS] bvid=BV1GZDPBoEbt 已成功抓取全部所需数据。
[2026-04-10 06:34:29] [SUCCESS] bvid=BV1DP9NBYE8Q 已成功抓取全部所需数据。
[2026-04-10 06:34:34] [SUCCESS] bvid=BV1tKDNBHEFU 已成功抓取全部所需数据。
[2026-04-10 06:34:38] [SUCCESS] bvid=BV1TKDNBHEba 已成功抓取全部所需数据。
[2026-04-10 06:34:43] [SUCCESS] bvid=BV1bnDwB5Egn 已成功抓取全部所需数据。
[2026-04-10 06:34:48] [SUCCESS] bvid=BV1tHDwBCEsS 已成功抓取全部所需数据。
[2026-04-10 06:34:53] [SUCCESS] bvid=BV1wLDABqE3p 已成功抓取全部所需数据。
[2026-04-10 06:34:58] [SUCCESS] bvid=BV1KKDABCEnY 已成功抓取全部所需数据。
[2026-04-10 06:35:03] [SUCCESS] bvid=BV1G9DwBQE3j 已成功抓取全部所需数据。
[2026-04-10 06:35:08] [SUCCESS] bvid=BV1S6DABJEmm 已成功抓取全部所需数据。
[2026-04-10 06:35:13] [SUCCESS] bvid=BV1DqDABHE4g 已成功抓取全部所需数据。
[2026-04-10 06:35:18] [SUCCESS] bvid=BV1BHDABYEPm 已成功抓取全部所需数据。
[2026-04-10 06:35:23] [SUCCESS] bvid=BV17sDABhEyS 已成功抓取全部所需数据。
[2026-04-10 06:35:28] [SUCCESS] bvid=BV1Hu9MBoE4Z 已成功抓取全部所需数据。
[2026-04-10 06:35:33] [SUCCESS] bvid=BV1iC9uBpE1w 已成功抓取全部所需数据。
[2026-04-10 06:35:37] [SUCCESS] bvid=BV1em9uBSE9G 已成功抓取全部所需数据。
[2026-04-10 06:35:42] [SUCCESS] bvid=BV1em9uBSENU 已成功抓取全部所需数据。
[2026-04-10 06:35:47] [SUCCESS] bvid=BV1Ry9uBQEJ6 已成功抓取全部所需数据。
[2026-04-10 06:35:52] [SUCCESS] bvid=BV1YS9uBEEUw 已成功抓取全部所需数据。
[2026-04-10 06:35:52] [ERROR] bvid=BV19S9uBEEb1 抓取失败：stat: 接口返回错误代码：62002，信息：稿件不可见。
{'code': 62002, 'message': '稿件不可见', 'ttl': 1} | comment: 接口返回错误代码：62002，信息：稿件不可见。
{'code': 62002, 'message': '稿件不可见', 'ttl': 1}
[2026-04-10 06:35:57] [SUCCESS] bvid=BV1fE9gBbEbg 已成功抓取全部所需数据。
[2026-04-10 06:36:02] [SUCCESS] bvid=BV1sK9gBqEdx 已成功抓取全部所需数据。
[2026-04-10 06:36:07] [SUCCESS] bvid=BV1xA9gBzEGi 已成功抓取全部所需数据。
[2026-04-10 06:36:12] [SUCCESS] bvid=BV1f99MBdE8W 已成功抓取全部所需数据。
[2026-04-10 06:36:17] [SUCCESS] bvid=BV1VZXDBcEK1 已成功抓取全部所需数据。
[2026-04-10 06:36:22] [SUCCESS] bvid=BV1r59gBwERK 已成功抓取全部所需数据。
[2026-04-10 06:36:28] [SUCCESS] bvid=BV1pu9gBvEji 已成功抓取全部所需数据。
[2026-04-10 06:36:33] [SUCCESS] bvid=BV1r39gBPEbY 已成功抓取全部所需数据。
[2026-04-10 06:36:38] [SUCCESS] bvid=BV1C39gBPEei 已成功抓取全部所需数据。
[2026-04-10 06:36:42] [SUCCESS] bvid=BV1Ky9gBrEAu 已成功抓取全部所需数据。
[2026-04-10 06:36:47] [SUCCESS] bvid=BV1xy9gBrEuZ 已成功抓取全部所需数据。
[2026-04-10 06:36:52] [SUCCESS] bvid=BV1xy9gBrEuG 已成功抓取全部所需数据。
[2026-04-10 06:36:57] [SUCCESS] bvid=BV1Ky9gBrEcW 已成功抓取全部所需数据。
[2026-04-10 06:37:02] [SUCCESS] bvid=BV1Ky9gBrEN7 已成功抓取全部所需数据。
[2026-04-10 06:37:06] [SUCCESS] bvid=BV1M69gB5EKS 已成功抓取全部所需数据。
[2026-04-10 06:37:06] [WARN] 当前子任务已结束，但仍有未成功抓取的视频，已导出 remaining CSV 供继续执行。
[2026-04-10 06:37:06] [INFO] 已导出剔除成功条目后的剩余 CSV：D:\Schoolworks\Thesis\Bilibili-Datahub\outputs\video_data\manual_crawls\manual_crawl_stat_comment_20260409_211948\remaining_bvids_part_45.csv
[2026-04-10 06:37:06] 子任务结束时间：2026-04-10T06:37:06.989765
[TIMESTAMP][END] 2026-04-10T06:37:06
