[TIMESTAMP][BEGIN] 2026-04-10T04:17:58
[2026-04-10 04:18:00] 开始执行 CSV 批量抓取子任务 part_31。
[2026-04-10 04:18:00] 子任务开始时间：2026-04-10T04:17:58.701069
[2026-04-10 04:18:00] 输入文件：batch_input_31.csv
[2026-04-10 04:18:00] 输入唯一 bvid 数量：100
[2026-04-10 04:18:00] 为严格按 CSV 顺序判断连续失败阈值，本次任务自动将并发度从 2 调整为 1。
[2026-04-10 04:18:05] [SUCCESS] bvid=BV1orDVBbEHh 已成功抓取全部所需数据。
[2026-04-10 04:18:10] [SUCCESS] bvid=BV1UVSUBrEJb 已成功抓取全部所需数据。
[2026-04-10 04:18:15] [SUCCESS] bvid=BV1HWDTBmEtY 已成功抓取全部所需数据。
[2026-04-10 04:18:19] [SUCCESS] bvid=BV1YQSDBsEXn 已成功抓取全部所需数据。
[2026-04-10 04:18:24] [SUCCESS] bvid=BV1SRSDBHEC1 已成功抓取全部所需数据。
[2026-04-10 04:18:29] [SUCCESS] bvid=BV13XSDBQE9y 已成功抓取全部所需数据。
[2026-04-10 04:18:33] [SUCCESS] bvid=BV1QXSDBXEsN 已成功抓取全部所需数据。
[2026-04-10 04:18:38] [SUCCESS] bvid=BV18RSDBHECn 已成功抓取全部所需数据。
[2026-04-10 04:18:42] [SUCCESS] bvid=BV1hRSDBHEgL 已成功抓取全部所需数据。
[2026-04-10 04:18:47] [SUCCESS] bvid=BV1hRSDBHEP3 已成功抓取全部所需数据。
[2026-04-10 04:18:52] [SUCCESS] bvid=BV1DRSDBHEER 已成功抓取全部所需数据。
[2026-04-10 04:18:56] [SUCCESS] bvid=BV18RSDBHE9R 已成功抓取全部所需数据。
[2026-04-10 04:19:01] [SUCCESS] bvid=BV1eSSDBREgj 已成功抓取全部所需数据。
[2026-04-10 04:19:06] [SUCCESS] bvid=BV18RSDBHESt 已成功抓取全部所需数据。
[2026-04-10 04:19:11] [SUCCESS] bvid=BV1YSSDBRE7Q 已成功抓取全部所需数据。
[2026-04-10 04:19:16] [SUCCESS] bvid=BV1QSSDBRE9g 已成功抓取全部所需数据。
[2026-04-10 04:19:21] [SUCCESS] bvid=BV1YQSDBWEvs 已成功抓取全部所需数据。
[2026-04-10 04:19:26] [SUCCESS] bvid=BV19jXrBTENi 已成功抓取全部所需数据。
[2026-04-10 04:19:31] [SUCCESS] bvid=BV1tfSDBUEXC 已成功抓取全部所需数据。
[2026-04-10 04:19:35] [SUCCESS] bvid=BV1aQSDBWEV3 已成功抓取全部所需数据。
[2026-04-10 04:19:40] [SUCCESS] bvid=BV1YQSDBWEFC 已成功抓取全部所需数据。
[2026-04-10 04:19:45] [SUCCESS] bvid=BV1bfSDBUEqn 已成功抓取全部所需数据。
[2026-04-10 04:19:50] [SUCCESS] bvid=BV1UfSDBUEGH 已成功抓取全部所需数据。
[2026-04-10 04:19:55] [SUCCESS] bvid=BV1UfSDBUER8 已成功抓取全部所需数据。
[2026-04-10 04:19:59] [SUCCESS] bvid=BV1MfSDBSEot 已成功抓取全部所需数据。
[2026-04-10 04:20:04] [SUCCESS] bvid=BV1uVXZB5EXx 已成功抓取全部所需数据。
[2026-04-10 04:20:09] [SUCCESS] bvid=BV1mcSQB7EHu 已成功抓取全部所需数据。
[2026-04-10 04:20:14] [SUCCESS] bvid=BV1tcSQB7EbR 已成功抓取全部所需数据。
[2026-04-10 04:20:19] [SUCCESS] bvid=BV1TcSQBEEdJ 已成功抓取全部所需数据。
[2026-04-10 04:20:24] [SUCCESS] bvid=BV1UcSQB7Ezj 已成功抓取全部所需数据。
[2026-04-10 04:20:29] [SUCCESS] bvid=BV18dSDBDEts 已成功抓取全部所需数据。
[2026-04-10 04:20:34] [SUCCESS] bvid=BV1hQSUB1Eib 已成功抓取全部所需数据。
[2026-04-10 04:20:39] [SUCCESS] bvid=BV1SdSDBDEvv 已成功抓取全部所需数据。
[2026-04-10 04:20:44] [SUCCESS] bvid=BV1gdSDBQEu3 已成功抓取全部所需数据。
[2026-04-10 04:20:49] [SUCCESS] bvid=BV1hdSDBDEt5 已成功抓取全部所需数据。
[2026-04-10 04:20:53] [SUCCESS] bvid=BV1hdSDBDEJV 已成功抓取全部所需数据。
[2026-04-10 04:20:58] [SUCCESS] bvid=BV1DZSDBJEA5 已成功抓取全部所需数据。
[2026-04-10 04:21:03] [SUCCESS] bvid=BV1nZD5BqEGy 已成功抓取全部所需数据。
[2026-04-10 04:21:08] [SUCCESS] bvid=BV1CKSSBKE7u 已成功抓取全部所需数据。
[2026-04-10 04:21:12] [SUCCESS] bvid=BV1spSUBiEz7 已成功抓取全部所需数据。
[2026-04-10 04:21:17] [SUCCESS] bvid=BV1bZSDBJER9 已成功抓取全部所需数据。
[2026-04-10 04:21:21] [SUCCESS] bvid=BV1gVSUBkEnz 已成功抓取全部所需数据。
[2026-04-10 04:21:26] [SUCCESS] bvid=BV1SVSUBrECn 已成功抓取全部所需数据。
[2026-04-10 04:21:31] [SUCCESS] bvid=BV1mVSUBrEz5 已成功抓取全部所需数据。
[2026-04-10 04:21:36] [SUCCESS] bvid=BV1NHSUBTEPv 已成功抓取全部所需数据。
[2026-04-10 04:21:41] [SUCCESS] bvid=BV1tLSUB3Ehs 已成功抓取全部所需数据。
[2026-04-10 04:21:46] [SUCCESS] bvid=BV1DgSUByE74 已成功抓取全部所需数据。
[2026-04-10 04:21:51] [SUCCESS] bvid=BV1hgSUByEnf 已成功抓取全部所需数据。
[2026-04-10 04:21:56] [SUCCESS] bvid=BV1SgSUBCE14 已成功抓取全部所需数据。
[2026-04-10 04:22:01] [SUCCESS] bvid=BV1ggSUByEc2 已成功抓取全部所需数据。
[2026-04-10 04:22:05] [SUCCESS] bvid=BV13gSUByEqU 已成功抓取全部所需数据。
[2026-04-10 04:22:10] [SUCCESS] bvid=BV1DgSUBCEfm 已成功抓取全部所需数据。
[2026-04-10 04:22:15] [SUCCESS] bvid=BV1DGSUBGEvY 已成功抓取全部所需数据。
[2026-04-10 04:22:20] [SUCCESS] bvid=BV1UGSUBGEdc 已成功抓取全部所需数据。
[2026-04-10 04:22:25] [SUCCESS] bvid=BV11JSUBqEQq 已成功抓取全部所需数据。
[2026-04-10 04:22:30] [SUCCESS] bvid=BV1KHSUBTELi 已成功抓取全部所需数据。
[2026-04-10 04:22:34] [SUCCESS] bvid=BV1yHSUBKES2 已成功抓取全部所需数据。
[2026-04-10 04:22:39] [SUCCESS] bvid=BV11JSUBqE4s 已成功抓取全部所需数据。
[2026-04-10 04:22:45] [SUCCESS] bvid=BV1MFSSB3EMm 已成功抓取全部所需数据。
[2026-04-10 04:22:50] [SUCCESS] bvid=BV11HSUBKEQF 已成功抓取全部所需数据。
[2026-04-10 04:22:55] [SUCCESS] bvid=BV1UjSUBzEw8 已成功抓取全部所需数据。
[2026-04-10 04:23:00] [SUCCESS] bvid=BV1mjSUBzEFh 已成功抓取全部所需数据。
[2026-04-10 04:23:05] [SUCCESS] bvid=BV11HSUBKEm8 已成功抓取全部所需数据。
[2026-04-10 04:23:09] [SUCCESS] bvid=BV1mjSUBzE8f 已成功抓取全部所需数据。
[2026-04-10 04:23:15] [SUCCESS] bvid=BV1RzDuB5EdA 已成功抓取全部所需数据。
[2026-04-10 04:23:19] [SUCCESS] bvid=BV191SUBSEnf 已成功抓取全部所需数据。
[2026-04-10 04:23:24] [SUCCESS] bvid=BV1moSUBGE9u 已成功抓取全部所需数据。
[2026-04-10 04:23:29] [SUCCESS] bvid=BV1mjSUBzEaZ 已成功抓取全部所需数据。
[2026-04-10 04:23:34] [SUCCESS] bvid=BV1UjSUBzEw7 已成功抓取全部所需数据。
[2026-04-10 04:23:39] [SUCCESS] bvid=BV1KESUBuEt4 已成功抓取全部所需数据。
[2026-04-10 04:23:44] [SUCCESS] bvid=BV1mESUBMEWN 已成功抓取全部所需数据。
[2026-04-10 04:23:48] [SUCCESS] bvid=BV1dcSUBSEtf 已成功抓取全部所需数据。
[2026-04-10 04:23:53] [SUCCESS] bvid=BV1xFSSBgEiG 已成功抓取全部所需数据。
[2026-04-10 04:23:58] [SUCCESS] bvid=BV1aUSUBmE4E 已成功抓取全部所需数据。
[2026-04-10 04:24:02] [SUCCESS] bvid=BV1RASUBEEaC 已成功抓取全部所需数据。
[2026-04-10 04:24:07] [SUCCESS] bvid=BV1dZSmBQECg 已成功抓取全部所需数据。
[2026-04-10 04:24:12] [SUCCESS] bvid=BV1QJXrBNEzu 已成功抓取全部所需数据。
[2026-04-10 04:24:16] [SUCCESS] bvid=BV1oZSmBQEM6 已成功抓取全部所需数据。
[2026-04-10 04:24:21] [SUCCESS] bvid=BV1jFSUBHEMA 已成功抓取全部所需数据。
[2026-04-10 04:24:26] [SUCCESS] bvid=BV1vFSUBHErR 已成功抓取全部所需数据。
[2026-04-10 04:24:30] [SUCCESS] bvid=BV1QuSUB5EXR 已成功抓取全部所需数据。
[2026-04-10 04:24:35] [SUCCESS] bvid=BV1iFSUBHEg2 已成功抓取全部所需数据。
[2026-04-10 04:24:40] [SUCCESS] bvid=BV1RFSUBnERz 已成功抓取全部所需数据。
[2026-04-10 04:24:45] [SUCCESS] bvid=BV1jFSUBHEbt 已成功抓取全部所需数据。
[2026-04-10 04:24:50] [SUCCESS] bvid=BV1XTSUB1ExD 已成功抓取全部所需数据。
[2026-04-10 04:24:55] [SUCCESS] bvid=BV1XTSUB1ECU 已成功抓取全部所需数据。
[2026-04-10 04:25:00] [SUCCESS] bvid=BV1XDDVBpEdt 已成功抓取全部所需数据。
[2026-04-10 04:25:04] [SUCCESS] bvid=BV1DTSUB1Evb 已成功抓取全部所需数据。
[2026-04-10 04:25:09] [SUCCESS] bvid=BV1QTSUB1ESS 已成功抓取全部所需数据。
[2026-04-10 04:25:15] [SUCCESS] bvid=BV1ZvSUB4E6X 已成功抓取全部所需数据。
[2026-04-10 04:25:19] [SUCCESS] bvid=BV1GuSUBLETB 已成功抓取全部所需数据。
[2026-04-10 04:25:24] [SUCCESS] bvid=BV1DuSUB5EXi 已成功抓取全部所需数据。
[2026-04-10 04:25:29] [SUCCESS] bvid=BV1QuSUB5EBe 已成功抓取全部所需数据。
[2026-04-10 04:25:34] [SUCCESS] bvid=BV1DuSUB5Ej7 已成功抓取全部所需数据。
[2026-04-10 04:25:52] [SUCCESS] bvid=BV19PSUBmE8a 已成功抓取全部所需数据。
[2026-04-10 04:26:09] [SUCCESS] bvid=BV1DuSUB5E7h 已成功抓取全部所需数据。
[2026-04-10 04:26:26] [SUCCESS] bvid=BV1mgcjzCENA 已成功抓取全部所需数据。
[2026-04-10 04:26:44] [SUCCESS] bvid=BV1QuSUB5EpJ 已成功抓取全部所需数据。
[2026-04-10 04:27:01] [SUCCESS] bvid=BV1mgcjzCELA 已成功抓取全部所需数据。
[2026-04-10 04:27:19] [SUCCESS] bvid=BV1HNXeBaEKG 已成功抓取全部所需数据。
[2026-04-10 04:27:19] [INFO] 当前 batch_crawl 已完成，所有视频均已成功抓取。
[2026-04-10 04:27:19] 子任务结束时间：2026-04-10T04:27:19.458579
[TIMESTAMP][END] 2026-04-10T04:27:19
