[TIMESTAMP][BEGIN] 2026-04-10T00:36:44
[2026-04-10 00:36:46] 开始执行 CSV 批量抓取子任务 part_12。
[2026-04-10 00:36:46] 子任务开始时间：2026-04-10T00:36:44.337119
[2026-04-10 00:36:46] 输入文件：batch_input_12.csv
[2026-04-10 00:36:46] 输入唯一 bvid 数量：100
[2026-04-10 00:36:46] 为严格按 CSV 顺序判断连续失败阈值，本次任务自动将并发度从 2 调整为 1。
[2026-04-10 00:36:52] [SUCCESS] bvid=BV1xfDrBQEFp 已成功抓取全部所需数据。
[2026-04-10 00:36:57] [SUCCESS] bvid=BV1kPDkB7Ewh 已成功抓取全部所需数据。
[2026-04-10 00:37:02] [SUCCESS] bvid=BV1TuDzBEELP 已成功抓取全部所需数据。
[2026-04-10 00:37:07] [SUCCESS] bvid=BV1kwDkBUE4t 已成功抓取全部所需数据。
[2026-04-10 00:37:13] [SUCCESS] bvid=BV12RDrBWEYe 已成功抓取全部所需数据。
[2026-04-10 00:37:18] [SUCCESS] bvid=BV12RDrBWEHD 已成功抓取全部所需数据。
[2026-04-10 00:37:23] [SUCCESS] bvid=BV1TdDrB9EuN 已成功抓取全部所需数据。
[2026-04-10 00:37:28] [SUCCESS] bvid=BV1rUDYBxEmw 已成功抓取全部所需数据。
[2026-04-10 00:37:33] [SUCCESS] bvid=BV1kUDYBxENk 已成功抓取全部所需数据。
[2026-04-10 00:37:39] [SUCCESS] bvid=BV1mkDvBMErs 已成功抓取全部所需数据。
[2026-04-10 00:37:44] [SUCCESS] bvid=BV1w7DqBPEYF 已成功抓取全部所需数据。
[2026-04-10 00:37:49] [SUCCESS] bvid=BV1RCDeBUEC2 已成功抓取全部所需数据。
[2026-04-10 00:37:54] [SUCCESS] bvid=BV1cJDzB6EQ1 已成功抓取全部所需数据。
[2026-04-10 00:37:59] [SUCCESS] bvid=BV1QASZBgED8 已成功抓取全部所需数据。
[2026-04-10 00:38:05] [SUCCESS] bvid=BV1rPDkB7Eg3 已成功抓取全部所需数据。
[2026-04-10 00:38:10] [SUCCESS] bvid=BV1NdDrB9E1V 已成功抓取全部所需数据。
[2026-04-10 00:38:15] [SUCCESS] bvid=BV1pPDkBjEMu 已成功抓取全部所需数据。
[2026-04-10 00:38:21] [SUCCESS] bvid=BV1kPDkB7Ejs 已成功抓取全部所需数据。
[2026-04-10 00:38:26] [SUCCESS] bvid=BV1HNDkBmEZw 已成功抓取全部所需数据。
[2026-04-10 00:38:31] [SUCCESS] bvid=BV1JyDBBeEpk 已成功抓取全部所需数据。
[2026-04-10 00:38:37] [SUCCESS] bvid=BV1AwDkBSEdW 已成功抓取全部所需数据。
[2026-04-10 00:38:42] [SUCCESS] bvid=BV1CcDkBJE3F 已成功抓取全部所需数据。
[2026-04-10 00:38:47] [SUCCESS] bvid=BV1CwDkBUEqd 已成功抓取全部所需数据。
[2026-04-10 00:38:52] [SUCCESS] bvid=BV1wJDzB6Ea3 已成功抓取全部所需数据。
[2026-04-10 00:38:57] [SUCCESS] bvid=BV1TTDzBUEsh 已成功抓取全部所需数据。
[2026-04-10 00:39:03] [SUCCESS] bvid=BV1nJDzB6Eht 已成功抓取全部所需数据。
[2026-04-10 00:39:08] [SUCCESS] bvid=BV1cJDzB6EQ3 已成功抓取全部所需数据。
[2026-04-10 00:39:13] [SUCCESS] bvid=BV1cJDzB6EAu 已成功抓取全部所需数据。
[2026-04-10 00:39:18] [SUCCESS] bvid=BV12kDvBMEAN 已成功抓取全部所需数据。
[2026-04-10 00:39:24] [SUCCESS] bvid=BV1f5SfBDENm 已成功抓取全部所需数据。
[2026-04-10 00:39:29] [SUCCESS] bvid=BV1PjDzBkEES 已成功抓取全部所需数据。
[2026-04-10 00:39:34] [SUCCESS] bvid=BV1AjDzBkEfa 已成功抓取全部所需数据。
[2026-04-10 00:39:39] [SUCCESS] bvid=BV1wjDzBkEbT 已成功抓取全部所需数据。
[2026-04-10 00:39:45] [SUCCESS] bvid=BV1PjDzBkE7M 已成功抓取全部所需数据。
[2026-04-10 00:39:50] [SUCCESS] bvid=BV1csDzBTET1 已成功抓取全部所需数据。
[2026-04-10 00:39:55] [SUCCESS] bvid=BV1fxDzBvExJ 已成功抓取全部所需数据。
[2026-04-10 00:40:01] [SUCCESS] bvid=BV1fxDzBvEPy 已成功抓取全部所需数据。
[2026-04-10 00:40:07] [SUCCESS] bvid=BV1FxDzBiEAE 已成功抓取全部所需数据。
[2026-04-10 00:40:12] [SUCCESS] bvid=BV1ExDzBiECe 已成功抓取全部所需数据。
[2026-04-10 00:40:24] [SUCCESS] bvid=BV1fxDzBvE5b 已成功抓取全部所需数据。
[2026-04-10 00:40:29] [SUCCESS] bvid=BV1FHDzBuE77 已成功抓取全部所需数据。
[2026-04-10 00:40:34] [SUCCESS] bvid=BV1FHDzBuEEe 已成功抓取全部所需数据。
[2026-04-10 00:40:34] [ERROR] bvid=BV1FpDzBBEwh 抓取失败：stat: 接口返回错误代码：62002，信息：稿件不可见。
{'code': 62002, 'message': '稿件不可见', 'ttl': 1} | comment: 接口返回错误代码：62002，信息：稿件不可见。
{'code': 62002, 'message': '稿件不可见', 'ttl': 1}
[2026-04-10 00:40:39] [SUCCESS] bvid=BV1HpDzBBEjo 已成功抓取全部所需数据。
[2026-04-10 00:40:45] [SUCCESS] bvid=BV1tTDzBUE1v 已成功抓取全部所需数据。
[2026-04-10 00:40:50] [SUCCESS] bvid=BV1DrDzBsEss 已成功抓取全部所需数据。
[2026-04-10 00:40:55] [SUCCESS] bvid=BV1BKDBB8Ewv 已成功抓取全部所需数据。
[2026-04-10 00:41:00] [SUCCESS] bvid=BV1tKDzBJEXZ 已成功抓取全部所需数据。
[2026-04-10 00:41:05] [SUCCESS] bvid=BV1TKDzBJEZz 已成功抓取全部所需数据。
[2026-04-10 00:41:10] [SUCCESS] bvid=BV1MTDzBUExu 已成功抓取全部所需数据。
[2026-04-10 00:41:15] [SUCCESS] bvid=BV15PDeBjEQp 已成功抓取全部所需数据。
[2026-04-10 00:41:21] [SUCCESS] bvid=BV1FLDvBoEgx 已成功抓取全部所需数据。
[2026-04-10 00:41:26] [SUCCESS] bvid=BV1KNDqBGELG 已成功抓取全部所需数据。
[2026-04-10 00:41:31] [SUCCESS] bvid=BV1zfDvB4EUB 已成功抓取全部所需数据。
[2026-04-10 00:41:36] [SUCCESS] bvid=BV1DaDYBTEpv 已成功抓取全部所需数据。
[2026-04-10 00:41:41] [SUCCESS] bvid=BV15b9gBQEvj 已成功抓取全部所需数据。
[2026-04-10 00:41:47] [SUCCESS] bvid=BV1mvDhB4Eau 已成功抓取全部所需数据。
[2026-04-10 00:41:52] [SUCCESS] bvid=BV1qADiB9EA9 已成功抓取全部所需数据。
[2026-04-10 00:41:57] [SUCCESS] bvid=BV1gRDeB3Eos 已成功抓取全部所需数据。
[2026-04-10 00:42:03] [SUCCESS] bvid=BV1pn9NBXESE 已成功抓取全部所需数据。
[2026-04-10 00:42:08] [SUCCESS] bvid=BV14YDhBfEmQ 已成功抓取全部所需数据。
[2026-04-10 00:42:14] [SUCCESS] bvid=BV13ADzBHEgm 已成功抓取全部所需数据。
[2026-04-10 00:42:19] [SUCCESS] bvid=BV1NGDzBLEnD 已成功抓取全部所需数据。
[2026-04-10 00:42:25] [SUCCESS] bvid=BV1tuDzB7E2P 已成功抓取全部所需数据。
[2026-04-10 00:42:30] [SUCCESS] bvid=BV1zFDiBdEsm 已成功抓取全部所需数据。
[2026-04-10 00:42:36] [SUCCESS] bvid=BV1JiDiBwEXd 已成功抓取全部所需数据。
[2026-04-10 00:42:41] [SUCCESS] bvid=BV1QrDzBsE6R 已成功抓取全部所需数据。
[2026-04-10 00:42:47] [SUCCESS] bvid=BV1U1DzBQEW2 已成功抓取全部所需数据。
[2026-04-10 00:42:52] [SUCCESS] bvid=BV1obDzBYESi 已成功抓取全部所需数据。
[2026-04-10 00:42:57] [SUCCESS] bvid=BV1GrDzBxEW7 已成功抓取全部所需数据。
[2026-04-10 00:43:02] [SUCCESS] bvid=BV12UDzBSESs 已成功抓取全部所需数据。
[2026-04-10 00:43:07] [SUCCESS] bvid=BV1UmDzBnEir 已成功抓取全部所需数据。
[2026-04-10 00:43:13] [SUCCESS] bvid=BV1ZtDzBPEFc 已成功抓取全部所需数据。
[2026-04-10 00:43:18] [SUCCESS] bvid=BV1pqDBBuEU9 已成功抓取全部所需数据。
[2026-04-10 00:43:23] [SUCCESS] bvid=BV198DvBjEdC 已成功抓取全部所需数据。
[2026-04-10 00:43:29] [SUCCESS] bvid=BV1WxDeBcEHV 已成功抓取全部所需数据。
[2026-04-10 00:43:34] [SUCCESS] bvid=BV1yvD6BEE7S 已成功抓取全部所需数据。
[2026-04-10 00:43:39] [SUCCESS] bvid=BV1jaDzBaEwH 已成功抓取全部所需数据。
[2026-04-10 00:43:44] [SUCCESS] bvid=BV1RaDzBhEJH 已成功抓取全部所需数据。
[2026-04-10 00:43:50] [SUCCESS] bvid=BV1ZtDzBPEHF 已成功抓取全部所需数据。
[2026-04-10 00:43:55] [SUCCESS] bvid=BV1ZbDzBYEqt 已成功抓取全部所需数据。
[2026-04-10 00:44:00] [SUCCESS] bvid=BV1ZbDzBYEtK 已成功抓取全部所需数据。
[2026-04-10 00:44:06] [SUCCESS] bvid=BV1ZbDzBYEYx 已成功抓取全部所需数据。
[2026-04-10 00:44:06] [ERROR] bvid=BV19iDzBZE93 抓取失败：stat: 接口返回错误代码：62002，信息：稿件不可见。
{'code': 62002, 'message': '稿件不可见', 'ttl': 1} | comment: 接口返回错误代码：62002，信息：稿件不可见。
{'code': 62002, 'message': '稿件不可见', 'ttl': 1}
[2026-04-10 00:44:11] [SUCCESS] bvid=BV1XBDzB4E8V 已成功抓取全部所需数据。
[2026-04-10 00:44:12] [ERROR] bvid=BV15BDzBtEMe 抓取失败：stat: 接口返回错误代码：62002，信息：稿件不可见。
{'code': 62002, 'message': '稿件不可见', 'ttl': 1} | comment: 接口返回错误代码：62002，信息：稿件不可见。
{'code': 62002, 'message': '稿件不可见', 'ttl': 1}
[2026-04-10 00:44:17] [SUCCESS] bvid=BV1LeDzBcEa6 已成功抓取全部所需数据。
[2026-04-10 00:44:22] [SUCCESS] bvid=BV1uUD8BfE8S 已成功抓取全部所需数据。
[2026-04-10 00:44:22] [ERROR] bvid=BV1deDzBFEJW 抓取失败：stat: 接口返回错误代码：62002，信息：稿件不可见。
{'code': 62002, 'message': '稿件不可见', 'ttl': 1} | comment: 接口返回错误代码：62002，信息：稿件不可见。
{'code': 62002, 'message': '稿件不可见', 'ttl': 1}
[2026-04-10 00:44:27] [SUCCESS] bvid=BV1yzDhB9EPe 已成功抓取全部所需数据。
[2026-04-10 00:44:32] [SUCCESS] bvid=BV1RvDzBbEC4 已成功抓取全部所需数据。
[2026-04-10 00:44:38] [SUCCESS] bvid=BV1BuD6BKEYU 已成功抓取全部所需数据。
[2026-04-10 00:44:43] [SUCCESS] bvid=BV1BuD6BKESv 已成功抓取全部所需数据。
[2026-04-10 00:44:48] [SUCCESS] bvid=BV16KD6BMEjX 已成功抓取全部所需数据。
[2026-04-10 00:44:53] [SUCCESS] bvid=BV16KD6BMEwm 已成功抓取全部所需数据。
[2026-04-10 00:44:59] [SUCCESS] bvid=BV1iVD6BeEuk 已成功抓取全部所需数据。
[2026-04-10 00:45:04] [SUCCESS] bvid=BV1vVD6BYEsP 已成功抓取全部所需数据。
[2026-04-10 00:45:09] [SUCCESS] bvid=BV1vLD6BwECz 已成功抓取全部所需数据。
[2026-04-10 00:45:15] [SUCCESS] bvid=BV1JeDeBREk9 已成功抓取全部所需数据。
[2026-04-10 00:45:20] [SUCCESS] bvid=BV1DYDYBiEWL 已成功抓取全部所需数据。
[2026-04-10 00:45:20] [WARN] 当前子任务已结束，但仍有未成功抓取的视频，已导出 remaining CSV 供继续执行。
[2026-04-10 00:45:20] [INFO] 已导出剔除成功条目后的剩余 CSV：D:\Schoolworks\Thesis\Bilibili-Datahub\outputs\video_data\manual_crawls\manual_crawl_stat_comment_20260409_211948\remaining_bvids_part_12.csv
[2026-04-10 00:45:20] 子任务结束时间：2026-04-10T00:45:20.675534
[TIMESTAMP][END] 2026-04-10T00:45:20
