[TIMESTAMP][BEGIN] 2026-04-10T07:31:25
[2026-04-10 07:31:27] 开始执行 CSV 批量抓取子任务 part_52。
[2026-04-10 07:31:27] 子任务开始时间：2026-04-10T07:31:25.285712
[2026-04-10 07:31:27] 输入文件：batch_input_52.csv
[2026-04-10 07:31:27] 输入唯一 bvid 数量：100
[2026-04-10 07:31:27] 为严格按 CSV 顺序判断连续失败阈值，本次任务自动将并发度从 2 调整为 1。
[2026-04-10 07:31:32] [SUCCESS] bvid=BV1z3XoBdEwH 已成功抓取全部所需数据。
[2026-04-10 07:31:37] [SUCCESS] bvid=BV1Rc9TBVEeZ 已成功抓取全部所需数据。
[2026-04-10 07:31:59] [SUCCESS] bvid=BV1Vc9TB5EYX 已成功抓取全部所需数据。
[2026-04-10 07:32:04] [SUCCESS] bvid=BV19c9TBVEN9 已成功抓取全部所需数据。
[2026-04-10 07:32:09] [SUCCESS] bvid=BV1QM9TBBEEG 已成功抓取全部所需数据。
[2026-04-10 07:32:14] [SUCCESS] bvid=BV18g9TBMEbV 已成功抓取全部所需数据。
[2026-04-10 07:32:19] [SUCCESS] bvid=BV1c69wBGE6g 已成功抓取全部所需数据。
[2026-04-10 07:32:24] [SUCCESS] bvid=BV1YN9TBrEay 已成功抓取全部所需数据。
[2026-04-10 07:32:29] [SUCCESS] bvid=BV1YN9TBrEgc 已成功抓取全部所需数据。
[2026-04-10 07:32:33] [SUCCESS] bvid=BV1hg9TBMEP8 已成功抓取全部所需数据。
[2026-04-10 07:32:38] [SUCCESS] bvid=BV1QN9TB6Epc 已成功抓取全部所需数据。
[2026-04-10 07:32:43] [SUCCESS] bvid=BV1aN9TBrEyU 已成功抓取全部所需数据。
[2026-04-10 07:32:48] [SUCCESS] bvid=BV1QT9TBuEFw 已成功抓取全部所需数据。
[2026-04-10 07:32:53] [SUCCESS] bvid=BV1nS9KBQEmV 已成功抓取全部所需数据。
[2026-04-10 07:32:58] [SUCCESS] bvid=BV1FS9KBQEU8 已成功抓取全部所需数据。
[2026-04-10 07:32:59] [ERROR] bvid=BV1FQ9KBnEKR 抓取失败：stat: 接口返回错误代码：-404，信息：啥都木有。
{'code': -404, 'message': '啥都木有', 'ttl': 1} | comment: 接口返回错误代码：-404，信息：啥都木有。
{'code': -404, 'message': '啥都木有', 'ttl': 1}
[2026-04-10 07:33:04] [SUCCESS] bvid=BV1Nj9NBxEtG 已成功抓取全部所需数据。
[2026-04-10 07:33:09] [SUCCESS] bvid=BV1zQ9KBnEMC 已成功抓取全部所需数据。
[2026-04-10 07:33:13] [SUCCESS] bvid=BV1c29KB9E3n 已成功抓取全部所需数据。
[2026-04-10 07:33:19] [SUCCESS] bvid=BV1u195B4ELE 已成功抓取全部所需数据。
[2026-04-10 07:33:23] [SUCCESS] bvid=BV1cU9KBpEBR 已成功抓取全部所需数据。
[2026-04-10 07:33:28] [SUCCESS] bvid=BV1HU9KBpEHK 已成功抓取全部所需数据。
[2026-04-10 07:33:33] [SUCCESS] bvid=BV1cU9KBpEED 已成功抓取全部所需数据。
[2026-04-10 07:33:38] [SUCCESS] bvid=BV1nU9KBpENa 已成功抓取全部所需数据。
[2026-04-10 07:33:42] [SUCCESS] bvid=BV17d9KBmEAN 已成功抓取全部所需数据。
[2026-04-10 07:33:47] [SUCCESS] bvid=BV1RZ9KBLEh1 已成功抓取全部所需数据。
[2026-04-10 07:33:52] [SUCCESS] bvid=BV1oZ9KBLEE8 已成功抓取全部所需数据。
[2026-04-10 07:33:57] [SUCCESS] bvid=BV1oZ9KBLE5H 已成功抓取全部所需数据。
[2026-04-10 07:34:02] [SUCCESS] bvid=BV1oZ9KBLE3E 已成功抓取全部所需数据。
[2026-04-10 07:34:02] [ERROR] bvid=BV1oZ9KBLEJr 抓取失败：stat: 接口返回错误代码：62002，信息：稿件不可见。
{'code': 62002, 'message': '稿件不可见', 'ttl': 1} | comment: 接口返回错误代码：62002，信息：稿件不可见。
{'code': 62002, 'message': '稿件不可见', 'ttl': 1}
[2026-04-10 07:34:07] [SUCCESS] bvid=BV1jZ9KBjEyK 已成功抓取全部所需数据。
[2026-04-10 07:34:12] [SUCCESS] bvid=BV1oZ9KBLE76 已成功抓取全部所需数据。
[2026-04-10 07:34:17] [SUCCESS] bvid=BV1oR9KB7EsE 已成功抓取全部所需数据。
[2026-04-10 07:34:22] [SUCCESS] bvid=BV1k49TBxEoZ 已成功抓取全部所需数据。
[2026-04-10 07:34:27] [SUCCESS] bvid=BV1wt9TBdEST 已成功抓取全部所需数据。
[2026-04-10 07:34:32] [SUCCESS] bvid=BV16t9TBREZj 已成功抓取全部所需数据。
[2026-04-10 07:34:37] [SUCCESS] bvid=BV1wt9TBdExq 已成功抓取全部所需数据。
[2026-04-10 07:34:42] [SUCCESS] bvid=BV1Hs9TBZEvR 已成功抓取全部所需数据。
[2026-04-10 07:34:47] [SUCCESS] bvid=BV1zY9TBHEmQ 已成功抓取全部所需数据。
[2026-04-10 07:34:52] [SUCCESS] bvid=BV1ze9TBQEmy 已成功抓取全部所需数据。
[2026-04-10 07:34:57] [SUCCESS] bvid=BV1ze9TBSEAd 已成功抓取全部所需数据。
[2026-04-10 07:35:02] [SUCCESS] bvid=BV1r89TBWEGr 已成功抓取全部所需数据。
[2026-04-10 07:35:07] [SUCCESS] bvid=BV1F89TBsE2d 已成功抓取全部所需数据。
[2026-04-10 07:35:11] [SUCCESS] bvid=BV1c89TBsE5x 已成功抓取全部所需数据。
[2026-04-10 07:35:16] [SUCCESS] bvid=BV1bU9NBYEqY 已成功抓取全部所需数据。
[2026-04-10 07:35:21] [SUCCESS] bvid=BV1mj9TBAEsv 已成功抓取全部所需数据。
[2026-04-10 07:35:26] [SUCCESS] bvid=BV1zh9TBXEgm 已成功抓取全部所需数据。
[2026-04-10 07:35:30] [SUCCESS] bvid=BV1T59TBvEYw 已成功抓取全部所需数据。
[2026-04-10 07:35:35] [SUCCESS] bvid=BV1QhXfBDE9f 已成功抓取全部所需数据。
[2026-04-10 07:35:40] [SUCCESS] bvid=BV1pYXUBzEMy 已成功抓取全部所需数据。
[2026-04-10 07:35:45] [SUCCESS] bvid=BV1us9PBcEd7 已成功抓取全部所需数据。
[2026-04-10 07:35:50] [SUCCESS] bvid=BV1XF9NBKEjz 已成功抓取全部所需数据。
[2026-04-10 07:35:55] [SUCCESS] bvid=BV1U59TBeEk7 已成功抓取全部所需数据。
[2026-04-10 07:35:59] [SUCCESS] bvid=BV1S39TBiEDo 已成功抓取全部所需数据。
[2026-04-10 07:36:04] [SUCCESS] bvid=BV18V9TBKEVH 已成功抓取全部所需数据。
[2026-04-10 07:36:09] [SUCCESS] bvid=BV1Cn9TB8Eyp 已成功抓取全部所需数据。
[2026-04-10 07:36:14] [SUCCESS] bvid=BV1179TBaEfU 已成功抓取全部所需数据。
[2026-04-10 07:36:22] [SUCCESS] bvid=BV1KJ9TBwEf3 已成功抓取全部所需数据。
[2026-04-10 07:36:27] [SUCCESS] bvid=BV1NJ9TBwEmf 已成功抓取全部所需数据。
[2026-04-10 07:36:32] [SUCCESS] bvid=BV1bQ9TBuEo9 已成功抓取全部所需数据。
[2026-04-10 07:36:37] [SUCCESS] bvid=BV1bQ9TBuEZG 已成功抓取全部所需数据。
[2026-04-10 07:36:42] [SUCCESS] bvid=BV1hQ9TBuEjq 已成功抓取全部所需数据。
[2026-04-10 07:36:47] [SUCCESS] bvid=BV1bZ9TBKETZ 已成功抓取全部所需数据。
[2026-04-10 07:36:52] [SUCCESS] bvid=BV18X9TBBEQx 已成功抓取全部所需数据。
[2026-04-10 07:36:57] [SUCCESS] bvid=BV1gX9TBzE4V 已成功抓取全部所需数据。
[2026-04-10 07:37:02] [SUCCESS] bvid=BV1DX9TBBEcc 已成功抓取全部所需数据。
[2026-04-10 07:37:07] [SUCCESS] bvid=BV1bX9TBBE7B 已成功抓取全部所需数据。
[2026-04-10 07:37:12] [SUCCESS] bvid=BV1hU9TB3EWD 已成功抓取全部所需数据。
[2026-04-10 07:37:17] [SUCCESS] bvid=BV1aU9TB3EYs 已成功抓取全部所需数据。
[2026-04-10 07:37:22] [SUCCESS] bvid=BV1aU9TB3EeS 已成功抓取全部所需数据。
[2026-04-10 07:37:27] [SUCCESS] bvid=BV1qq9TBUE2J 已成功抓取全部所需数据。
[2026-04-10 07:37:32] [SUCCESS] bvid=BV1hS9TB6EZQ 已成功抓取全部所需数据。
[2026-04-10 07:37:36] [SUCCESS] bvid=BV1aS9TB6Eu8 已成功抓取全部所需数据。
[2026-04-10 07:37:41] [SUCCESS] bvid=BV14f9TBeEiV 已成功抓取全部所需数据。
[2026-04-10 07:37:46] [SUCCESS] bvid=BV14f9TBeEBu 已成功抓取全部所需数据。
[2026-04-10 07:37:51] [SUCCESS] bvid=BV1SR9TBTEbC 已成功抓取全部所需数据。
[2026-04-10 07:37:56] [SUCCESS] bvid=BV14f9TBeEEP 已成功抓取全部所需数据。
[2026-04-10 07:38:01] [SUCCESS] bvid=BV1xf9TBeEnj 已成功抓取全部所需数据。
[2026-04-10 07:38:06] [SUCCESS] bvid=BV18m9NBPEMj 已成功抓取全部所需数据。
[2026-04-10 07:38:11] [SUCCESS] bvid=BV1xf9TBeEja 已成功抓取全部所需数据。
[2026-04-10 07:38:16] [SUCCESS] bvid=BV1UR9TBTEyL 已成功抓取全部所需数据。
[2026-04-10 07:38:21] [SUCCESS] bvid=BV1bd9TBiEKo 已成功抓取全部所需数据。
[2026-04-10 07:38:26] [SUCCESS] bvid=BV1Ud9TBiE5u 已成功抓取全部所需数据。
[2026-04-10 07:38:31] [SUCCESS] bvid=BV1iz9TB7Eme 已成功抓取全部所需数据。
[2026-04-10 07:38:36] [SUCCESS] bvid=BV1v69TB2EuS 已成功抓取全部所需数据。
[2026-04-10 07:38:41] [SUCCESS] bvid=BV12wXfB6EKQ 已成功抓取全部所需数据。
[2026-04-10 07:38:46] [SUCCESS] bvid=BV1fb9NBjEiz 已成功抓取全部所需数据。
[2026-04-10 07:38:51] [SUCCESS] bvid=BV1Zi9TBJE1u 已成功抓取全部所需数据。
[2026-04-10 07:38:56] [SUCCESS] bvid=BV1oi9TBJERx 已成功抓取全部所需数据。
[2026-04-10 07:39:01] [SUCCESS] bvid=BV1e19TBVEgn 已成功抓取全部所需数据。
[2026-04-10 07:39:06] [SUCCESS] bvid=BV1e19TBVE3s 已成功抓取全部所需数据。
[2026-04-10 07:39:11] [SUCCESS] bvid=BV1e19TBVEtj 已成功抓取全部所需数据。
[2026-04-10 07:39:16] [SUCCESS] bvid=BV1e19TBVEwR 已成功抓取全部所需数据。
[2026-04-10 07:39:21] [SUCCESS] bvid=BV1Y19TBVEJJ 已成功抓取全部所需数据。
[2026-04-10 07:39:25] [SUCCESS] bvid=BV1e19TBVE8n 已成功抓取全部所需数据。
[2026-04-10 07:39:30] [SUCCESS] bvid=BV1Q29TBkEFG 已成功抓取全部所需数据。
[2026-04-10 07:39:35] [SUCCESS] bvid=BV1h29TBkEYY 已成功抓取全部所需数据。
[2026-04-10 07:39:41] [SUCCESS] bvid=BV1a29TBkEQR 已成功抓取全部所需数据。
[2026-04-10 07:39:41] [ERROR] bvid=BV1Dm9NBPETK 抓取失败：stat: 接口返回错误代码：62002，信息：稿件不可见。
{'code': 62002, 'message': '稿件不可见', 'ttl': 1} | comment: 接口返回错误代码：62002，信息：稿件不可见。
{'code': 62002, 'message': '稿件不可见', 'ttl': 1}
[2026-04-10 07:39:46] [SUCCESS] bvid=BV1Rk9TBLExQ 已成功抓取全部所需数据。
[2026-04-10 07:39:46] [WARN] 当前子任务已结束，但仍有未成功抓取的视频，已导出 remaining CSV 供继续执行。
[2026-04-10 07:39:46] [INFO] 已导出剔除成功条目后的剩余 CSV：D:\Schoolworks\Thesis\Bilibili-Datahub\outputs\video_data\manual_crawls\manual_crawl_stat_comment_20260409_211948\remaining_bvids_part_52.csv
[2026-04-10 07:39:46] 子任务结束时间：2026-04-10T07:39:46.362328
[TIMESTAMP][END] 2026-04-10T07:39:46
