[TIMESTAMP][BEGIN] 2026-04-10T06:45:47
[2026-04-10 06:45:49] 开始执行 CSV 批量抓取子任务 part_47。
[2026-04-10 06:45:49] 子任务开始时间：2026-04-10T06:45:47.372173
[2026-04-10 06:45:49] 输入文件：batch_input_47.csv
[2026-04-10 06:45:49] 输入唯一 bvid 数量：100
[2026-04-10 06:45:49] 为严格按 CSV 顺序判断连续失败阈值，本次任务自动将并发度从 2 调整为 1。
[2026-04-10 06:45:54] [SUCCESS] bvid=BV1sP9MBcEYF 已成功抓取全部所需数据。
[2026-04-10 06:45:59] [SUCCESS] bvid=BV1kN9MB8ERK 已成功抓取全部所需数据。
[2026-04-10 06:46:03] [SUCCESS] bvid=BV1pN9MB8E15 已成功抓取全部所需数据。
[2026-04-10 06:46:08] [SUCCESS] bvid=BV1AN9MBhE1D 已成功抓取全部所需数据。
[2026-04-10 06:46:13] [SUCCESS] bvid=BV1Hu9MBoEvR 已成功抓取全部所需数据。
[2026-04-10 06:46:19] [SUCCESS] bvid=BV1sN9MB8Euc 已成功抓取全部所需数据。
[2026-04-10 06:46:23] [SUCCESS] bvid=BV1WN9MB8E2E 已成功抓取全部所需数据。
[2026-04-10 06:46:28] [SUCCESS] bvid=BV1xc9MBwEML 已成功抓取全部所需数据。
[2026-04-10 06:46:33] [SUCCESS] bvid=BV1hgX5B4EyA 已成功抓取全部所需数据。
[2026-04-10 06:46:38] [SUCCESS] bvid=BV1QM9TBBE6m 已成功抓取全部所需数据。
[2026-04-10 06:46:43] [SUCCESS] bvid=BV1xw9MBaEux 已成功抓取全部所需数据。
[2026-04-10 06:46:47] [SUCCESS] bvid=BV1Kc9MBPE94 已成功抓取全部所需数据。
[2026-04-10 06:46:52] [SUCCESS] bvid=BV1Tc9MBPETx 已成功抓取全部所需数据。
[2026-04-10 06:46:57] [SUCCESS] bvid=BV1yw9MBaEvi 已成功抓取全部所需数据。
[2026-04-10 06:47:02] [SUCCESS] bvid=BV1xw9MBYEJu 已成功抓取全部所需数据。
[2026-04-10 06:47:07] [SUCCESS] bvid=BV1Ww9MBaEUf 已成功抓取全部所需数据。
[2026-04-10 06:47:12] [SUCCESS] bvid=BV1KC9MBeE3C 已成功抓取全部所需数据。
[2026-04-10 06:47:17] [SUCCESS] bvid=BV1Vs9MB2EhS 已成功抓取全部所需数据。
[2026-04-10 06:47:22] [SUCCESS] bvid=BV1Tz9MBTEGQ 已成功抓取全部所需数据。
[2026-04-10 06:47:26] [SUCCESS] bvid=BV1639MBxEN4 已成功抓取全部所需数据。
[2026-04-10 06:47:31] [SUCCESS] bvid=BV1pK9MBfEbG 已成功抓取全部所需数据。
[2026-04-10 06:47:36] [SUCCESS] bvid=BV1Hf9cBgEKN 已成功抓取全部所需数据。
[2026-04-10 06:47:41] [SUCCESS] bvid=BV1J39MBxEAL 已成功抓取全部所需数据。
[2026-04-10 06:47:46] [SUCCESS] bvid=BV1H39MBxET2 已成功抓取全部所需数据。
[2026-04-10 06:47:50] [SUCCESS] bvid=BV1HK9MBfEUY 已成功抓取全部所需数据。
[2026-04-10 06:47:56] [SUCCESS] bvid=BV1AM9MBbEGR 已成功抓取全部所需数据。
[2026-04-10 06:48:01] [SUCCESS] bvid=BV1pM9MBtEhd 已成功抓取全部所需数据。
[2026-04-10 06:48:05] [SUCCESS] bvid=BV1Mv9KBwEVB 已成功抓取全部所需数据。
[2026-04-10 06:48:10] [SUCCESS] bvid=BV1K69MBiE6D 已成功抓取全部所需数据。
[2026-04-10 06:48:15] [SUCCESS] bvid=BV1HM9MBtEHg 已成功抓取全部所需数据。
[2026-04-10 06:48:20] [SUCCESS] bvid=BV12k9MBNEtN 已成功抓取全部所需数据。
[2026-04-10 06:48:25] [SUCCESS] bvid=BV1K69MBiEu6 已成功抓取全部所需数据。
[2026-04-10 06:48:31] [SUCCESS] bvid=BV1469MBiECw 已成功抓取全部所需数据。
[2026-04-10 06:48:36] [SUCCESS] bvid=BV1469MBiEzF 已成功抓取全部所需数据。
[2026-04-10 06:48:41] [SUCCESS] bvid=BV1M69MBqEwS 已成功抓取全部所需数据。
[2026-04-10 06:48:46] [SUCCESS] bvid=BV11k9MBNECU 已成功抓取全部所需数据。
[2026-04-10 06:48:51] [SUCCESS] bvid=BV1T69MBiEBC 已成功抓取全部所需数据。
[2026-04-10 06:48:56] [SUCCESS] bvid=BV1Tq9MBBEpy 已成功抓取全部所需数据。
[2026-04-10 06:49:01] [SUCCESS] bvid=BV1Nk9MBNEvD 已成功抓取全部所需数据。
[2026-04-10 06:49:06] [SUCCESS] bvid=BV14k9MBNEAJ 已成功抓取全部所需数据。
[2026-04-10 06:49:11] [SUCCESS] bvid=BV1Nk9MBNEGT 已成功抓取全部所需数据。
[2026-04-10 06:49:16] [SUCCESS] bvid=BV14k9MBNENV 已成功抓取全部所需数据。
[2026-04-10 06:49:21] [SUCCESS] bvid=BV1Kk9MBNEcJ 已成功抓取全部所需数据。
[2026-04-10 06:49:26] [SUCCESS] bvid=BV1Kq9MBBEDz 已成功抓取全部所需数据。
[2026-04-10 06:49:31] [SUCCESS] bvid=BV1tq9MBBEPZ 已成功抓取全部所需数据。
[2026-04-10 06:49:36] [SUCCESS] bvid=BV1mz9MBTEoS 已成功抓取全部所需数据。
[2026-04-10 06:49:40] [SUCCESS] bvid=BV1Mq9MBBEhy 已成功抓取全部所需数据。
[2026-04-10 06:49:45] [SUCCESS] bvid=BV1gh9MBkE71 已成功抓取全部所需数据。
[2026-04-10 06:49:50] [SUCCESS] bvid=BV1iY9NBCEFQ 已成功抓取全部所需数据。
[2026-04-10 06:49:55] [SUCCESS] bvid=BV1Kz9MBTEZx 已成功抓取全部所需数据。
[2026-04-10 06:50:00] [SUCCESS] bvid=BV1dA9uBSEUY 已成功抓取全部所需数据。
[2026-04-10 06:50:05] [SUCCESS] bvid=BV1hh9MBkEPo 已成功抓取全部所需数据。
[2026-04-10 06:50:10] [SUCCESS] bvid=BV1A19MBAEjE 已成功抓取全部所需数据。
[2026-04-10 06:50:15] [SUCCESS] bvid=BV1Tz9MBTEs9 已成功抓取全部所需数据。
[2026-04-10 06:50:19] [SUCCESS] bvid=BV1gh9MBkEtA 已成功抓取全部所需数据。
[2026-04-10 06:50:24] [SUCCESS] bvid=BV1XK9uBmEg4 已成功抓取全部所需数据。
[2026-04-10 06:50:29] [SUCCESS] bvid=BV1w29MBaE8b 已成功抓取全部所需数据。
[2026-04-10 06:50:34] [SUCCESS] bvid=BV1zdXfBeEo3 已成功抓取全部所需数据。
[2026-04-10 06:50:39] [SUCCESS] bvid=BV1rL9cBzE4b 已成功抓取全部所需数据。
[2026-04-10 06:50:44] [SUCCESS] bvid=BV1P79NBRE3x 已成功抓取全部所需数据。
[2026-04-10 06:50:49] [SUCCESS] bvid=BV1C79NB9ECM 已成功抓取全部所需数据。
[2026-04-10 06:50:54] [SUCCESS] bvid=BV1Y8XfBHEco 已成功抓取全部所需数据。
[2026-04-10 06:50:58] [SUCCESS] bvid=BV1k89uBwEhb 已成功抓取全部所需数据。
[2026-04-10 06:51:03] [SUCCESS] bvid=BV1Kh9wBEE76 已成功抓取全部所需数据。
[2026-04-10 06:51:08] [SUCCESS] bvid=BV1Me9MB6EEA 已成功抓取全部所需数据。
[2026-04-10 06:51:13] [SUCCESS] bvid=BV191XZBHEBt 已成功抓取全部所需数据。
[2026-04-10 06:51:17] [SUCCESS] bvid=BV1E1XDBuEe5 已成功抓取全部所需数据。
[2026-04-10 06:51:22] [SUCCESS] bvid=BV1o29wBTESE 已成功抓取全部所需数据。
[2026-04-10 06:51:27] [SUCCESS] bvid=BV1UpXNB4Eji 已成功抓取全部所需数据。
[2026-04-10 06:51:32] [SUCCESS] bvid=BV1Zd9KB2EPf 已成功抓取全部所需数据。
[2026-04-10 06:51:37] [SUCCESS] bvid=BV1F29KB9Eft 已成功抓取全部所需数据。
[2026-04-10 06:51:43] [SUCCESS] bvid=BV1kQXfBTECs 已成功抓取全部所需数据。
[2026-04-10 06:51:48] [SUCCESS] bvid=BV16h9TB9ER2 已成功抓取全部所需数据。
[2026-04-10 06:51:53] [SUCCESS] bvid=BV1KT9WB5Ehz 已成功抓取全部所需数据。
[2026-04-10 06:51:58] [SUCCESS] bvid=BV1A29MBaESz 已成功抓取全部所需数据。
[2026-04-10 06:52:03] [SUCCESS] bvid=BV1A29MBaEut 已成功抓取全部所需数据。
[2026-04-10 06:52:08] [SUCCESS] bvid=BV1HU9MBcE2k 已成功抓取全部所需数据。
[2026-04-10 06:52:13] [SUCCESS] bvid=BV1wU9MBcEpG 已成功抓取全部所需数据。
[2026-04-10 06:52:33] [SUCCESS] bvid=BV1CU9MBcEKw 已成功抓取全部所需数据。
[2026-04-10 06:52:38] [SUCCESS] bvid=BV1wU9MBcE6i 已成功抓取全部所需数据。
[2026-04-10 06:52:43] [SUCCESS] bvid=BV1xC9MBeEnG 已成功抓取全部所需数据。
[2026-04-10 06:52:48] [SUCCESS] bvid=BV11C9MBeEr6 已成功抓取全部所需数据。
[2026-04-10 06:52:53] [SUCCESS] bvid=BV1NC9MBeE97 已成功抓取全部所需数据。
[2026-04-10 06:52:58] [SUCCESS] bvid=BV1p19MBAErd 已成功抓取全部所需数据。
[2026-04-10 06:53:03] [SUCCESS] bvid=BV1P19MBAEuX 已成功抓取全部所需数据。
[2026-04-10 06:53:08] [SUCCESS] bvid=BV1Gt9MByEN5 已成功抓取全部所需数据。
[2026-04-10 06:53:12] [SUCCESS] bvid=BV1G89MBVEi1 已成功抓取全部所需数据。
[2026-04-10 06:53:17] [SUCCESS] bvid=BV12o9jBoEJX 已成功抓取全部所需数据。
[2026-04-10 06:53:23] [SUCCESS] bvid=BV1a89MBVEGj 已成功抓取全部所需数据。
[2026-04-10 06:53:28] [SUCCESS] bvid=BV1G89MBVEzP 已成功抓取全部所需数据。
[2026-04-10 06:53:32] [SUCCESS] bvid=BV1389MBVEGB 已成功抓取全部所需数据。
[2026-04-10 06:53:37] [SUCCESS] bvid=BV1Rs9MB2E3j 已成功抓取全部所需数据。
[2026-04-10 06:53:42] [SUCCESS] bvid=BV1es9MB2Eew 已成功抓取全部所需数据。
[2026-04-10 06:53:47] [SUCCESS] bvid=BV1Gs9MB2Eii 已成功抓取全部所需数据。
[2026-04-10 06:53:52] [SUCCESS] bvid=BV1be9MB6Eh4 已成功抓取全部所需数据。
[2026-04-10 06:53:57] [SUCCESS] bvid=BV18e9MB6EZ1 已成功抓取全部所需数据。
[2026-04-10 06:54:02] [SUCCESS] bvid=BV1V49MBLEvy 已成功抓取全部所需数据。
[2026-04-10 06:54:07] [SUCCESS] bvid=BV1Df9FBnE1u 已成功抓取全部所需数据。
[2026-04-10 06:54:11] [SUCCESS] bvid=BV1jR9PB6EJv 已成功抓取全部所需数据。
[2026-04-10 06:54:16] [SUCCESS] bvid=BV1X49MBLE14 已成功抓取全部所需数据。
[2026-04-10 06:54:16] [INFO] 当前 batch_crawl 已完成，所有视频均已成功抓取。
[2026-04-10 06:54:16] 子任务结束时间：2026-04-10T06:54:16.984183
[TIMESTAMP][END] 2026-04-10T06:54:16
