[TIMESTAMP][BEGIN] 2026-04-10T06:54:17
[2026-04-10 06:54:19] 开始执行 CSV 批量抓取子任务 part_48。
[2026-04-10 06:54:19] 子任务开始时间：2026-04-10T06:54:17.102785
[2026-04-10 06:54:19] 输入文件：batch_input_48.csv
[2026-04-10 06:54:19] 输入唯一 bvid 数量：100
[2026-04-10 06:54:19] 为严格按 CSV 顺序判断连续失败阈值，本次任务自动将并发度从 2 调整为 1。
[2026-04-10 06:54:23] [SUCCESS] bvid=BV1De9MB6ETH 已成功抓取全部所需数据。
[2026-04-10 06:54:28] [SUCCESS] bvid=BV18e9MB6E7k 已成功抓取全部所需数据。
[2026-04-10 06:54:33] [SUCCESS] bvid=BV1ue9MB6E3F 已成功抓取全部所需数据。
[2026-04-10 06:54:38] [SUCCESS] bvid=BV1ui9MBuE8c 已成功抓取全部所需数据。
[2026-04-10 06:54:43] [SUCCESS] bvid=BV1Ui9MBuE2k 已成功抓取全部所需数据。
[2026-04-10 06:54:48] [SUCCESS] bvid=BV1te9MB6E1X 已成功抓取全部所需数据。
[2026-04-10 06:54:53] [SUCCESS] bvid=BV18h9MBkECz 已成功抓取全部所需数据。
[2026-04-10 06:54:58] [SUCCESS] bvid=BV1Me9MB6EUS 已成功抓取全部所需数据。
[2026-04-10 06:55:03] [SUCCESS] bvid=BV18i9MBuEVN 已成功抓取全部所需数据。
[2026-04-10 06:55:08] [SUCCESS] bvid=BV1be9MB6EYT 已成功抓取全部所需数据。
[2026-04-10 06:55:13] [SUCCESS] bvid=BV1gY9MB3E65 已成功抓取全部所需数据。
[2026-04-10 06:55:18] [SUCCESS] bvid=BV1Mi9MBuEqD 已成功抓取全部所需数据。
[2026-04-10 06:55:23] [SUCCESS] bvid=BV1gh9MBkEGt 已成功抓取全部所需数据。
[2026-04-10 06:55:28] [SUCCESS] bvid=BV1hh9MBkECQ 已成功抓取全部所需数据。
[2026-04-10 06:55:33] [SUCCESS] bvid=BV1hY9MB3E3q 已成功抓取全部所需数据。
[2026-04-10 06:55:38] [SUCCESS] bvid=BV1gh9MBkEqr 已成功抓取全部所需数据。
[2026-04-10 06:55:43] [SUCCESS] bvid=BV13h9MBkEcU 已成功抓取全部所需数据。
[2026-04-10 06:55:48] [SUCCESS] bvid=BV1gY9MB3E7z 已成功抓取全部所需数据。
[2026-04-10 06:55:53] [SUCCESS] bvid=BV13h9MBkEmJ 已成功抓取全部所需数据。
[2026-04-10 06:55:57] [SUCCESS] bvid=BV1uY9MB3EvQ 已成功抓取全部所需数据。
[2026-04-10 06:56:02] [SUCCESS] bvid=BV1gY9MB3EXU 已成功抓取全部所需数据。
[2026-04-10 06:56:07] [SUCCESS] bvid=BV1uY9MB3EyK 已成功抓取全部所需数据。
[2026-04-10 06:56:12] [SUCCESS] bvid=BV1gY9MB3ED4 已成功抓取全部所需数据。
[2026-04-10 06:56:17] [SUCCESS] bvid=BV1RN9uBEEZu 已成功抓取全部所需数据。
[2026-04-10 06:56:22] [SUCCESS] bvid=BV1s5XkBtEdR 已成功抓取全部所需数据。
[2026-04-10 06:56:27] [SUCCESS] bvid=BV1HU9KBpENq 已成功抓取全部所需数据。
[2026-04-10 06:56:32] [SUCCESS] bvid=BV1VN9uBJEZ3 已成功抓取全部所需数据。
[2026-04-10 06:56:37] [SUCCESS] bvid=BV1eK9uBUEBi 已成功抓取全部所需数据。
[2026-04-10 06:56:42] [SUCCESS] bvid=BV19N9uBEEmY 已成功抓取全部所需数据。
[2026-04-10 06:56:47] [SUCCESS] bvid=BV1Q39uB5ES7 已成功抓取全部所需数据。
[2026-04-10 06:56:52] [SUCCESS] bvid=BV19K9uBmEFF 已成功抓取全部所需数据。
[2026-04-10 06:56:57] [SUCCESS] bvid=BV1vN9uBJEqo 已成功抓取全部所需数据。
[2026-04-10 06:57:02] [SUCCESS] bvid=BV1RK9uBmEHy 已成功抓取全部所需数据。
[2026-04-10 06:57:07] [SUCCESS] bvid=BV1YK9uBUE63 已成功抓取全部所需数据。
[2026-04-10 06:57:12] [SUCCESS] bvid=BV1RK9uBUEpk 已成功抓取全部所需数据。
[2026-04-10 06:57:17] [SUCCESS] bvid=BV1J49NBUEEw 已成功抓取全部所需数据。
[2026-04-10 06:57:22] [SUCCESS] bvid=BV1ZqXZBoEgJ 已成功抓取全部所需数据。
[2026-04-10 06:57:27] [SUCCESS] bvid=BV1YK9uBUERL 已成功抓取全部所需数据。
[2026-04-10 06:57:33] [SUCCESS] bvid=BV1XK9uBmEkt 已成功抓取全部所需数据。
[2026-04-10 06:57:37] [SUCCESS] bvid=BV1Rw9uBnEQQ 已成功抓取全部所需数据。
[2026-04-10 06:57:43] [SUCCESS] bvid=BV1jw9uBHECY 已成功抓取全部所需数据。
[2026-04-10 06:57:47] [SUCCESS] bvid=BV1U39TBiEBU 已成功抓取全部所需数据。
[2026-04-10 06:57:52] [SUCCESS] bvid=BV1SL9uBrErU 已成功抓取全部所需数据。
[2026-04-10 06:57:57] [SUCCESS] bvid=BV1iw9uBHEV3 已成功抓取全部所需数据。
[2026-04-10 06:58:02] [SUCCESS] bvid=BV18Q9TBuEXo 已成功抓取全部所需数据。
[2026-04-10 06:58:07] [SUCCESS] bvid=BV13x9KBuEqP 已成功抓取全部所需数据。
[2026-04-10 06:58:12] [SUCCESS] bvid=BV1BU9PByEjo 已成功抓取全部所需数据。
[2026-04-10 06:58:17] [SUCCESS] bvid=BV1Ki9KBhEnA 已成功抓取全部所需数据。
[2026-04-10 06:58:22] [SUCCESS] bvid=BV1m79TBaEpd 已成功抓取全部所需数据。
[2026-04-10 06:58:27] [SUCCESS] bvid=BV1CH9TBfEDq 已成功抓取全部所需数据。
[2026-04-10 06:58:32] [SUCCESS] bvid=BV1349KBqEMB 已成功抓取全部所需数据。
[2026-04-10 06:58:37] [SUCCESS] bvid=BV1u5XZBCEoT 已成功抓取全部所需数据。
[2026-04-10 06:58:42] [SUCCESS] bvid=BV15w9TBCEQB 已成功抓取全部所需数据。
[2026-04-10 06:58:47] [SUCCESS] bvid=BV1j6XZBdEZv 已成功抓取全部所需数据。
[2026-04-10 06:58:52] [SUCCESS] bvid=BV11J9TBcEct 已成功抓取全部所需数据。
[2026-04-10 06:58:57] [SUCCESS] bvid=BV1m59TBvEAu 已成功抓取全部所需数据。
[2026-04-10 06:59:02] [SUCCESS] bvid=BV1D49KBvEr2 已成功抓取全部所需数据。
[2026-04-10 06:59:08] [SUCCESS] bvid=BV1ub9KBKEk7 已成功抓取全部所需数据。
[2026-04-10 06:59:13] [SUCCESS] bvid=BV1ZC9FBhEiQ 已成功抓取全部所需数据。
[2026-04-10 06:59:18] [SUCCESS] bvid=BV1Lw9uBHEne 已成功抓取全部所需数据。
[2026-04-10 06:59:23] [SUCCESS] bvid=BV1dw9uBnEWC 已成功抓取全部所需数据。
[2026-04-10 06:59:28] [SUCCESS] bvid=BV1LA9uBDEDH 已成功抓取全部所需数据。
[2026-04-10 06:59:33] [SUCCESS] bvid=BV1D39uB5EBk 已成功抓取全部所需数据。
[2026-04-10 06:59:39] [SUCCESS] bvid=BV19M9uBjE7r 已成功抓取全部所需数据。
[2026-04-10 06:59:43] [SUCCESS] bvid=BV1iA9uBDEp2 已成功抓取全部所需数据。
[2026-04-10 06:59:48] [SUCCESS] bvid=BV1dA9uBSEEB 已成功抓取全部所需数据。
[2026-04-10 06:59:53] [SUCCESS] bvid=BV1LA9uBDEu6 已成功抓取全部所需数据。
[2026-04-10 06:59:59] [SUCCESS] bvid=BV1RA9uBSE5L 已成功抓取全部所需数据。
[2026-04-10 07:00:04] [SUCCESS] bvid=BV1cS9MB8Ez9 已成功抓取全部所需数据。
[2026-04-10 07:00:09] [SUCCESS] bvid=BV1uU95BsETh 已成功抓取全部所需数据。
[2026-04-10 07:00:14] [SUCCESS] bvid=BV1X39uB5E5g 已成功抓取全部所需数据。
[2026-04-10 07:00:19] [SUCCESS] bvid=BV1339uBLESQ 已成功抓取全部所需数据。
[2026-04-10 07:00:24] [SUCCESS] bvid=BV13x9KBMEWw 已成功抓取全部所需数据。
[2026-04-10 07:00:29] [SUCCESS] bvid=BV1DG9uBCE53 已成功抓取全部所需数据。
[2026-04-10 07:00:34] [SUCCESS] bvid=BV1DG9uBCEMK 已成功抓取全部所需数据。
[2026-04-10 07:00:39] [SUCCESS] bvid=BV1SG9uBCESh 已成功抓取全部所需数据。
[2026-04-10 07:00:44] [SUCCESS] bvid=BV1hG9uByEiE 已成功抓取全部所需数据。
[2026-04-10 07:00:49] [SUCCESS] bvid=BV13G9uByEhq 已成功抓取全部所需数据。
[2026-04-10 07:00:54] [SUCCESS] bvid=BV1DG9uBCEsP 已成功抓取全部所需数据。
[2026-04-10 07:00:59] [SUCCESS] bvid=BV1cx9NBJE2Y 已成功抓取全部所需数据。
[2026-04-10 07:01:04] [SUCCESS] bvid=BV13u9uB2E69 已成功抓取全部所需数据。
[2026-04-10 07:01:10] [SUCCESS] bvid=BV1JX9MBtECc 已成功抓取全部所需数据。
[2026-04-10 07:01:15] [SUCCESS] bvid=BV1mb9wBSEsT 已成功抓取全部所需数据。
[2026-04-10 07:01:20] [SUCCESS] bvid=BV13b9KBKEAB 已成功抓取全部所需数据。
[2026-04-10 07:01:25] [SUCCESS] bvid=BV1EX9KBSErc 已成功抓取全部所需数据。
[2026-04-10 07:01:31] [SUCCESS] bvid=BV1Qu9uB1Eps 已成功抓取全部所需数据。
[2026-04-10 07:01:36] [SUCCESS] bvid=BV1Gu9uB2EKM 已成功抓取全部所需数据。
[2026-04-10 07:01:41] [SUCCESS] bvid=BV1c99MBoEch 已成功抓取全部所需数据。
[2026-04-10 07:01:46] [SUCCESS] bvid=BV1of9MBpEhB 已成功抓取全部所需数据。
[2026-04-10 07:01:51] [SUCCESS] bvid=BV1FX9MBtE43 已成功抓取全部所需数据。
[2026-04-10 07:01:56] [SUCCESS] bvid=BV1FX9MBtETt 已成功抓取全部所需数据。
[2026-04-10 07:02:00] [SUCCESS] bvid=BV1cX9MBbEsB 已成功抓取全部所需数据。
[2026-04-10 07:02:05] [SUCCESS] bvid=BV1rD9MBfExc 已成功抓取全部所需数据。
[2026-04-10 07:02:10] [SUCCESS] bvid=BV1F99MBoEU5 已成功抓取全部所需数据。
[2026-04-10 07:02:16] [SUCCESS] bvid=BV1E99MBoEox 已成功抓取全部所需数据。
[2026-04-10 07:02:21] [SUCCESS] bvid=BV1699MBoEfd 已成功抓取全部所需数据。
[2026-04-10 07:02:26] [SUCCESS] bvid=BV1gV9TBKEc8 已成功抓取全部所需数据。
[2026-04-10 07:02:31] [SUCCESS] bvid=BV1u49KBqE9i 已成功抓取全部所需数据。
[2026-04-10 07:02:36] [SUCCESS] bvid=BV1Zd9KB2EKx 已成功抓取全部所需数据。
[2026-04-10 07:02:42] [SUCCESS] bvid=BV1An9NBXEyu 已成功抓取全部所需数据。
[2026-04-10 07:02:42] [INFO] 当前 batch_crawl 已完成，所有视频均已成功抓取。
[2026-04-10 07:02:42] 子任务结束时间：2026-04-10T07:02:42.111546
[TIMESTAMP][END] 2026-04-10T07:02:42
