[TIMESTAMP][BEGIN] 2026-04-10T07:39:46
[2026-04-10 07:39:48] 开始执行 CSV 批量抓取子任务 part_53。
[2026-04-10 07:39:48] 子任务开始时间：2026-04-10T07:39:46.485673
[2026-04-10 07:39:48] 输入文件：batch_input_53.csv
[2026-04-10 07:39:48] 输入唯一 bvid 数量：100
[2026-04-10 07:39:48] 为严格按 CSV 顺序判断连续失败阈值，本次任务自动将并发度从 2 调整为 1。
[2026-04-10 07:39:53] [SUCCESS] bvid=BV1YC9TByEtX 已成功抓取全部所需数据。
[2026-04-10 07:39:58] [SUCCESS] bvid=BV1eC9TByE64 已成功抓取全部所需数据。
[2026-04-10 07:40:03] [SUCCESS] bvid=BV19F9NBKErW 已成功抓取全部所需数据。
[2026-04-10 07:40:08] [SUCCESS] bvid=BV1LK9FBoEPK 已成功抓取全部所需数据。
[2026-04-10 07:40:13] [SUCCESS] bvid=BV1pSXfBBEdT 已成功抓取全部所需数据。
[2026-04-10 07:40:18] [SUCCESS] bvid=BV1VF9NBTEPJ 已成功抓取全部所需数据。
[2026-04-10 07:40:23] [SUCCESS] bvid=BV1ac9NBiEiY 已成功抓取全部所需数据。
[2026-04-10 07:40:28] [SUCCESS] bvid=BV1VZ9PBBEm8 已成功抓取全部所需数据。
[2026-04-10 07:40:33] [SUCCESS] bvid=BV1Ro9PBMEgW 已成功抓取全部所需数据。
[2026-04-10 07:40:38] [SUCCESS] bvid=BV15o9PBuE5J 已成功抓取全部所需数据。
[2026-04-10 07:40:43] [SUCCESS] bvid=BV1Lo9PBuE89 已成功抓取全部所需数据。
[2026-04-10 07:40:48] [SUCCESS] bvid=BV1r19PB2ETj 已成功抓取全部所需数据。
[2026-04-10 07:40:53] [SUCCESS] bvid=BV1n19PB2EoF 已成功抓取全部所需数据。
[2026-04-10 07:40:58] [SUCCESS] bvid=BV1c19PB2ENF 已成功抓取全部所需数据。
[2026-04-10 07:41:03] [SUCCESS] bvid=BV1n19PB2Em3 已成功抓取全部所需数据。
[2026-04-10 07:41:08] [SUCCESS] bvid=BV1hT9NBaEVS 已成功抓取全部所需数据。
[2026-04-10 07:41:13] [SUCCESS] bvid=BV1vo9PBuEYH 已成功抓取全部所需数据。
[2026-04-10 07:41:18] [SUCCESS] bvid=BV1uK9NBAE9S 已成功抓取全部所需数据。
[2026-04-10 07:41:23] [SUCCESS] bvid=BV15o9PBuEaq 已成功抓取全部所需数据。
[2026-04-10 07:41:27] [SUCCESS] bvid=BV19Z9PBqEtG 已成功抓取全部所需数据。
[2026-04-10 07:41:32] [SUCCESS] bvid=BV1739KBmENV 已成功抓取全部所需数据。
[2026-04-10 07:41:37] [SUCCESS] bvid=BV1UT9NBhEQm 已成功抓取全部所需数据。
[2026-04-10 07:41:42] [SUCCESS] bvid=BV1RZ9PBqE1Z 已成功抓取全部所需数据。
[2026-04-10 07:41:47] [SUCCESS] bvid=BV1gT9NBaE4K 已成功抓取全部所需数据。
[2026-04-10 07:41:51] [SUCCESS] bvid=BV1SK9NBwE23 已成功抓取全部所需数据。
[2026-04-10 07:41:56] [SUCCESS] bvid=BV1SK9NBwEtb 已成功抓取全部所需数据。
[2026-04-10 07:42:01] [SUCCESS] bvid=BV1fpXbByEPM 已成功抓取全部所需数据。
[2026-04-10 07:42:06] [SUCCESS] bvid=BV1BpXbByEym 已成功抓取全部所需数据。
[2026-04-10 07:42:11] [SUCCESS] bvid=BV1zpXbByEAK 已成功抓取全部所需数据。
[2026-04-10 07:42:16] [SUCCESS] bvid=BV1o8XhBmEXa 已成功抓取全部所需数据。
[2026-04-10 07:42:21] [SUCCESS] bvid=BV1EpXbB1EaM 已成功抓取全部所需数据。
[2026-04-10 07:42:26] [SUCCESS] bvid=BV1BpXbByELe 已成功抓取全部所需数据。
[2026-04-10 07:42:31] [SUCCESS] bvid=BV1BpXbByEmi 已成功抓取全部所需数据。
[2026-04-10 07:42:36] [SUCCESS] bvid=BV1BpXbByECX 已成功抓取全部所需数据。
[2026-04-10 07:42:41] [SUCCESS] bvid=BV1zpXbByEwk 已成功抓取全部所需数据。
[2026-04-10 07:42:46] [SUCCESS] bvid=BV1nRXfBNEtz 已成功抓取全部所需数据。
[2026-04-10 07:42:51] [SUCCESS] bvid=BV1gH9wBsECS 已成功抓取全部所需数据。
[2026-04-10 07:42:56] [SUCCESS] bvid=BV1tn9FB7ED8 已成功抓取全部所需数据。
[2026-04-10 07:43:02] [SUCCESS] bvid=BV1yo9ABJErG 已成功抓取全部所需数据。
[2026-04-10 07:43:07] [SUCCESS] bvid=BV1d99PBgE8m 已成功抓取全部所需数据。
[2026-04-10 07:43:11] [SUCCESS] bvid=BV1T89LB4EQn 已成功抓取全部所需数据。
[2026-04-10 07:43:16] [SUCCESS] bvid=BV11g9ABDE6E 已成功抓取全部所需数据。
[2026-04-10 07:43:21] [SUCCESS] bvid=BV1kYXUBzEhE 已成功抓取全部所需数据。
[2026-04-10 07:43:26] [SUCCESS] bvid=BV1UP9ABREVt 已成功抓取全部所需数据。
[2026-04-10 07:43:31] [SUCCESS] bvid=BV1SxXrBcEN7 已成功抓取全部所需数据。
[2026-04-10 07:43:36] [SUCCESS] bvid=BV1JC9wBgEQC 已成功抓取全部所需数据。
[2026-04-10 07:43:42] [SUCCESS] bvid=BV1qD9PBVEk1 已成功抓取全部所需数据。
[2026-04-10 07:43:47] [SUCCESS] bvid=BV1ce9FBBEf5 已成功抓取全部所需数据。
[2026-04-10 07:43:52] [SUCCESS] bvid=BV1tY9LBsEHe 已成功抓取全部所需数据。
[2026-04-10 07:43:57] [SUCCESS] bvid=BV1nf9cBgEMX 已成功抓取全部所需数据。
[2026-04-10 07:44:02] [SUCCESS] bvid=BV1e89cBFEzj 已成功抓取全部所需数据。
[2026-04-10 07:44:07] [SUCCESS] bvid=BV1UfXZBkE7W 已成功抓取全部所需数据。
[2026-04-10 07:44:12] [SUCCESS] bvid=BV1Tx9wBQEt3 已成功抓取全部所需数据。
[2026-04-10 07:44:17] [SUCCESS] bvid=BV1qQ9LB3EHq 已成功抓取全部所需数据。
[2026-04-10 07:44:22] [SUCCESS] bvid=BV1nE9cBBE7W 已成功抓取全部所需数据。
[2026-04-10 07:44:27] [SUCCESS] bvid=BV1mfXZBkEHr 已成功抓取全部所需数据。
[2026-04-10 07:44:27] [ERROR] bvid=BV1hT9NBaEpW 抓取失败：stat: 接口返回错误代码：62012，信息：62012。
{'code': 62012, 'message': '62012', 'ttl': 1} | comment: 接口返回错误代码：62012，信息：62012。
{'code': 62012, 'message': '62012', 'ttl': 1}
[2026-04-10 07:44:31] [SUCCESS] bvid=BV1DT9NBhEKC 已成功抓取全部所需数据。
[2026-04-10 07:44:36] [SUCCESS] bvid=BV1UT9NBhEyq 已成功抓取全部所需数据。
[2026-04-10 07:44:41] [SUCCESS] bvid=BV1XA9NBPEKj 已成功抓取全部所需数据。
[2026-04-10 07:44:46] [SUCCESS] bvid=BV1QA9NBPEJD 已成功抓取全部所需数据。
[2026-04-10 07:44:51] [SUCCESS] bvid=BV18T9NBaE1w 已成功抓取全部所需数据。
[2026-04-10 07:44:56] [SUCCESS] bvid=BV1gP9NBeEBT 已成功抓取全部所需数据。
[2026-04-10 07:45:01] [SUCCESS] bvid=BV1hm9NBPEj2 已成功抓取全部所需数据。
[2026-04-10 07:45:06] [SUCCESS] bvid=BV1SP9NBYEzJ 已成功抓取全部所需数据。
[2026-04-10 07:45:11] [SUCCESS] bvid=BV1aP9NBeESo 已成功抓取全部所需数据。
[2026-04-10 07:45:15] [SUCCESS] bvid=BV1DP9NBeEzx 已成功抓取全部所需数据。
[2026-04-10 07:45:20] [SUCCESS] bvid=BV1QP9NBYEiu 已成功抓取全部所需数据。
[2026-04-10 07:45:21] [ERROR] bvid=BV1fm9PB5EFK 抓取失败：stat: 接口返回错误代码：62002，信息：稿件不可见。
{'code': 62002, 'message': '稿件不可见', 'ttl': 1} | comment: 接口返回错误代码：62002，信息：稿件不可见。
{'code': 62002, 'message': '稿件不可见', 'ttl': 1}
[2026-04-10 07:45:26] [SUCCESS] bvid=BV19X9FBsEKN 已成功抓取全部所需数据。
[2026-04-10 07:45:31] [SUCCESS] bvid=BV1st9FBkEEn 已成功抓取全部所需数据。
[2026-04-10 07:45:35] [SUCCESS] bvid=BV1fm9PB5EnA 已成功抓取全部所需数据。
[2026-04-10 07:45:40] [SUCCESS] bvid=BV1Fm9PBLELQ 已成功抓取全部所需数据。
[2026-04-10 07:45:44] [SUCCESS] bvid=BV1EU9PByEp3 已成功抓取全部所需数据。
[2026-04-10 07:45:49] [SUCCESS] bvid=BV1JU9PByEAP 已成功抓取全部所需数据。
[2026-04-10 07:45:54] [SUCCESS] bvid=BV1JU9PByEAX 已成功抓取全部所需数据。
[2026-04-10 07:45:59] [SUCCESS] bvid=BV1Fy9PB7Exr 已成功抓取全部所需数据。
[2026-04-10 07:46:04] [SUCCESS] bvid=BV1cy9PB7E7S 已成功抓取全部所需数据。
[2026-04-10 07:46:09] [SUCCESS] bvid=BV1ny9PB7EH3 已成功抓取全部所需数据。
[2026-04-10 07:46:13] [SUCCESS] bvid=BV1n19PB2EQA 已成功抓取全部所需数据。
[2026-04-10 07:46:18] [SUCCESS] bvid=BV1oi9NBrEM3 已成功抓取全部所需数据。
[2026-04-10 07:46:23] [SUCCESS] bvid=BV1Tn9FB7Ee7 已成功抓取全部所需数据。
[2026-04-10 07:46:28] [SUCCESS] bvid=BV1N99GBVEND 已成功抓取全部所需数据。
[2026-04-10 07:46:33] [SUCCESS] bvid=BV1qw9FB8EC4 已成功抓取全部所需数据。
[2026-04-10 07:46:38] [SUCCESS] bvid=BV1WbXZBPE7S 已成功抓取全部所需数据。
[2026-04-10 07:46:42] [SUCCESS] bvid=BV1o99PBgE3w 已成功抓取全部所需数据。
[2026-04-10 07:46:47] [SUCCESS] bvid=BV1c19PB2Ehe 已成功抓取全部所需数据。
[2026-04-10 07:46:52] [SUCCESS] bvid=BV1o99PBgEtN 已成功抓取全部所需数据。
[2026-04-10 07:46:57] [SUCCESS] bvid=BV1799PB3EwC 已成功抓取全部所需数据。
[2026-04-10 07:47:02] [SUCCESS] bvid=BV1d99PBgEBw 已成功抓取全部所需数据。
[2026-04-10 07:47:07] [SUCCESS] bvid=BV1LR9PB6EHu 已成功抓取全部所需数据。
[2026-04-10 07:47:12] [SUCCESS] bvid=BV1qD9PBVEAy 已成功抓取全部所需数据。
[2026-04-10 07:47:17] [SUCCESS] bvid=BV1RR9PBzEF2 已成功抓取全部所需数据。
[2026-04-10 07:47:22] [SUCCESS] bvid=BV1ZD9PBGEoi 已成功抓取全部所需数据。
[2026-04-10 07:47:27] [SUCCESS] bvid=BV1wq9wB5EbH 已成功抓取全部所需数据。
[2026-04-10 07:47:32] [SUCCESS] bvid=BV1HYXUBzEQU 已成功抓取全部所需数据。
[2026-04-10 07:47:37] [SUCCESS] bvid=BV1ZD9PBGE6t 已成功抓取全部所需数据。
[2026-04-10 07:47:41] [SUCCESS] bvid=BV1oD9PBGEd5 已成功抓取全部所需数据。
[2026-04-10 07:47:46] [SUCCESS] bvid=BV11j9NBsEiT 已成功抓取全部所需数据。
[2026-04-10 07:47:51] [SUCCESS] bvid=BV1ZQ9PBrE7o 已成功抓取全部所需数据。
[2026-04-10 07:47:51] [WARN] 当前子任务已结束，但仍有未成功抓取的视频，已导出 remaining CSV 供继续执行。
[2026-04-10 07:47:51] [INFO] 已导出剔除成功条目后的剩余 CSV：D:\Schoolworks\Thesis\Bilibili-Datahub\outputs\video_data\manual_crawls\manual_crawl_stat_comment_20260409_211948\remaining_bvids_part_53.csv
[2026-04-10 07:47:51] 子任务结束时间：2026-04-10T07:47:51.441709
[TIMESTAMP][END] 2026-04-10T07:47:51
