[TIMESTAMP][BEGIN] 2026-04-10T06:03:46
[2026-04-10 06:03:48] 开始执行 CSV 批量抓取子任务 part_42。
[2026-04-10 06:03:48] 子任务开始时间：2026-04-10T06:03:46.387431
[2026-04-10 06:03:48] 输入文件：batch_input_42.csv
[2026-04-10 06:03:48] 输入唯一 bvid 数量：100
[2026-04-10 06:03:48] 为严格按 CSV 顺序判断连续失败阈值，本次任务自动将并发度从 2 调整为 1。
[2026-04-10 06:03:53] [SUCCESS] bvid=BV1RJDMBuE1R 已成功抓取全部所需数据。
[2026-04-10 06:03:58] [SUCCESS] bvid=BV1XvDNBhEiH 已成功抓取全部所需数据。
[2026-04-10 06:04:03] [SUCCESS] bvid=BV19qDNBFE8H 已成功抓取全部所需数据。
[2026-04-10 06:04:08] [SUCCESS] bvid=BV1XqDNBFEue 已成功抓取全部所需数据。
[2026-04-10 06:04:12] [SUCCESS] bvid=BV1VqDNBcEqE 已成功抓取全部所需数据。
[2026-04-10 06:04:17] [SUCCESS] bvid=BV1YqDNBcEH9 已成功抓取全部所需数据。
[2026-04-10 06:04:22] [SUCCESS] bvid=BV1gq9gBjEao 已成功抓取全部所需数据。
[2026-04-10 06:04:27] [SUCCESS] bvid=BV19aDNBYE8K 已成功抓取全部所需数据。
[2026-04-10 06:04:32] [SUCCESS] bvid=BV1RaDNBYETP 已成功抓取全部所需数据。
[2026-04-10 06:04:36] [SUCCESS] bvid=BV1XeDNBwE2w 已成功抓取全部所需数据。
[2026-04-10 06:04:41] [SUCCESS] bvid=BV1SrDNB4EqN 已成功抓取全部所需数据。
[2026-04-10 06:04:46] [SUCCESS] bvid=BV1ReDNBwErN 已成功抓取全部所需数据。
[2026-04-10 06:04:51] [SUCCESS] bvid=BV1ukDNBoEHK 已成功抓取全部所需数据。
[2026-04-10 06:04:56] [SUCCESS] bvid=BV1QBDNBbEsX 已成功抓取全部所需数据。
[2026-04-10 06:05:01] [SUCCESS] bvid=BV1GBDNB8EXZ 已成功抓取全部所需数据。
[2026-04-10 06:05:06] [SUCCESS] bvid=BV1QzDNBZE43 已成功抓取全部所需数据。
[2026-04-10 06:05:11] [SUCCESS] bvid=BV1VBDNB8EjH 已成功抓取全部所需数据。
[2026-04-10 06:05:16] [SUCCESS] bvid=BV1DBDNBbEv6 已成功抓取全部所需数据。
[2026-04-10 06:05:21] [SUCCESS] bvid=BV1VBDNB8ETf 已成功抓取全部所需数据。
[2026-04-10 06:05:26] [SUCCESS] bvid=BV1YBDNB8ELk 已成功抓取全部所需数据。
[2026-04-10 06:05:31] [SUCCESS] bvid=BV1QzDNBZERh 已成功抓取全部所需数据。
[2026-04-10 06:05:36] [SUCCESS] bvid=BV1QzDNBZEd7 已成功抓取全部所需数据。
[2026-04-10 06:05:41] [SUCCESS] bvid=BV1cJDNBkENv 已成功抓取全部所需数据。
[2026-04-10 06:05:46] [SUCCESS] bvid=BV1kn9NBQEH4 已成功抓取全部所需数据。
[2026-04-10 06:05:51] [SUCCESS] bvid=BV1ks9TBoE6X 已成功抓取全部所需数据。
[2026-04-10 06:05:56] [SUCCESS] bvid=BV1FpDNB6EQm 已成功抓取全部所需数据。
[2026-04-10 06:06:01] [SUCCESS] bvid=BV17sDNBuEaF 已成功抓取全部所需数据。
[2026-04-10 06:06:06] [SUCCESS] bvid=BV1m2DABLEVQ 已成功抓取全部所需数据。
[2026-04-10 06:06:11] [SUCCESS] bvid=BV17Z9KBjEgD 已成功抓取全部所需数据。
[2026-04-10 06:06:16] [SUCCESS] bvid=BV1XjDKBYEqU 已成功抓取全部所需数据。
[2026-04-10 06:06:21] [SUCCESS] bvid=BV1fsDNBMETL 已成功抓取全部所需数据。
[2026-04-10 06:06:26] [SUCCESS] bvid=BV1rJDNBkEPm 已成功抓取全部所需数据。
[2026-04-10 06:06:31] [SUCCESS] bvid=BV1wJDNBkELd 已成功抓取全部所需数据。
[2026-04-10 06:06:36] [SUCCESS] bvid=BV1apDKBbEF3 已成功抓取全部所需数据。
[2026-04-10 06:06:41] [SUCCESS] bvid=BV1RhDNBPEBu 已成功抓取全部所需数据。
[2026-04-10 06:06:46] [SUCCESS] bvid=BV1tbDKBsEsQ 已成功抓取全部所需数据。
[2026-04-10 06:06:51] [SUCCESS] bvid=BV1ExDNBBEBg 已成功抓取全部所需数据。
[2026-04-10 06:06:56] [SUCCESS] bvid=BV1jxDNBBEUi 已成功抓取全部所需数据。
[2026-04-10 06:07:01] [SUCCESS] bvid=BV1rFDKB5EjB 已成功抓取全部所需数据。
[2026-04-10 06:07:06] [SUCCESS] bvid=BV1rFDKB5ENM 已成功抓取全部所需数据。
[2026-04-10 06:07:11] [SUCCESS] bvid=BV1kZDNB1Eou 已成功抓取全部所需数据。
[2026-04-10 06:07:16] [SUCCESS] bvid=BV1qKDKBgErz 已成功抓取全部所需数据。
[2026-04-10 06:07:20] [SUCCESS] bvid=BV1wZDNB2EYT 已成功抓取全部所需数据。
[2026-04-10 06:07:21] [ERROR] bvid=BV1EKDKB3EbE 抓取失败：stat: 接口返回错误代码：62002，信息：稿件不可见。
{'code': 62002, 'message': '稿件不可见', 'ttl': 1} | comment: 接口返回错误代码：62002，信息：稿件不可见。
{'code': 62002, 'message': '稿件不可见', 'ttl': 1}
[2026-04-10 06:07:26] [SUCCESS] bvid=BV1fTDKBzENQ 已成功抓取全部所需数据。
[2026-04-10 06:07:31] [SUCCESS] bvid=BV1qTDKBzEi8 已成功抓取全部所需数据。
[2026-04-10 06:07:35] [SUCCESS] bvid=BV1FADKBVEQH 已成功抓取全部所需数据。
[2026-04-10 06:07:40] [SUCCESS] bvid=BV1Kr9gBCE67 已成功抓取全部所需数据。
[2026-04-10 06:07:45] [SUCCESS] bvid=BV1zADKBGE6V 已成功抓取全部所需数据。
[2026-04-10 06:07:50] [SUCCESS] bvid=BV16ADKBGE4V 已成功抓取全部所需数据。
[2026-04-10 06:07:55] [SUCCESS] bvid=BV1zPDKBkEjb 已成功抓取全部所需数据。
[2026-04-10 06:07:55] [ERROR] bvid=BV1hP9NBeEC1 抓取失败：stat: 接口返回错误代码：-404，信息：啥都木有。
{'code': -404, 'message': '啥都木有', 'ttl': 1} | comment: 接口返回错误代码：-404，信息：啥都木有。
{'code': -404, 'message': '啥都木有', 'ttl': 1}
[2026-04-10 06:08:00] [SUCCESS] bvid=BV13tXCBBE3D 已成功抓取全部所需数据。
[2026-04-10 06:08:05] [SUCCESS] bvid=BV1myDAB2Es5 已成功抓取全部所需数据。
[2026-04-10 06:08:10] [SUCCESS] bvid=BV1JPDKBkEuf 已成功抓取全部所需数据。
[2026-04-10 06:08:14] [SUCCESS] bvid=BV1zPDKBrEcJ 已成功抓取全部所需数据。
[2026-04-10 06:08:19] [SUCCESS] bvid=BV1fPDKBrEHB 已成功抓取全部所需数据。
[2026-04-10 06:08:24] [SUCCESS] bvid=BV1mmDNBpEmG 已成功抓取全部所需数据。
[2026-04-10 06:08:29] [SUCCESS] bvid=BV12mDNBpEQK 已成功抓取全部所需数据。
[2026-04-10 06:08:34] [SUCCESS] bvid=BV1mmDNBpEpY 已成功抓取全部所需数据。
[2026-04-10 06:08:39] [SUCCESS] bvid=BV12UDNBXE1z 已成功抓取全部所需数据。
[2026-04-10 06:08:44] [SUCCESS] bvid=BV1uyDNBxEZK 已成功抓取全部所需数据。
[2026-04-10 06:08:49] [SUCCESS] bvid=BV1UyDNBsEts 已成功抓取全部所需数据。
[2026-04-10 06:08:54] [SUCCESS] bvid=BV1gyDNBxEF9 已成功抓取全部所需数据。
[2026-04-10 06:08:59] [SUCCESS] bvid=BV1SyDNBsELT 已成功抓取全部所需数据。
[2026-04-10 06:09:04] [SUCCESS] bvid=BV1u1DNBREcm 已成功抓取全部所需数据。
[2026-04-10 06:09:09] [SUCCESS] bvid=BV1b4DKBdEUx 已成功抓取全部所需数据。
[2026-04-10 06:09:14] [SUCCESS] bvid=BV1y9DNBEEhj 已成功抓取全部所需数据。
[2026-04-10 06:09:19] [SUCCESS] bvid=BV1WRDNBUEsT 已成功抓取全部所需数据。
[2026-04-10 06:09:24] [SUCCESS] bvid=BV1CRDNBmE4B 已成功抓取全部所需数据。
[2026-04-10 06:09:29] [SUCCESS] bvid=BV18WDKBZEY8 已成功抓取全部所需数据。
[2026-04-10 06:09:34] [SUCCESS] bvid=BV1bWDKBZEzP 已成功抓取全部所需数据。
[2026-04-10 06:09:39] [SUCCESS] bvid=BV1DWDKBZEPP 已成功抓取全部所需数据。
[2026-04-10 06:09:44] [SUCCESS] bvid=BV1mxDKB4Emh 已成功抓取全部所需数据。
[2026-04-10 06:09:48] [SUCCESS] bvid=BV1txDKB4EEm 已成功抓取全部所需数据。
[2026-04-10 06:09:53] [SUCCESS] bvid=BV18xDKB4EMv 已成功抓取全部所需数据。
[2026-04-10 06:09:58] [SUCCESS] bvid=BV18xDKB4E5Q 已成功抓取全部所需数据。
[2026-04-10 06:10:03] [SUCCESS] bvid=BV17QDKBzEnZ 已成功抓取全部所需数据。
[2026-04-10 06:10:08] [SUCCESS] bvid=BV1hpDKBbESX 已成功抓取全部所需数据。
[2026-04-10 06:10:12] [SUCCESS] bvid=BV1XHDKBFEGG 已成功抓取全部所需数据。
[2026-04-10 06:10:13] [ERROR] bvid=BV1x8DKB9EC7 抓取失败：stat: 接口返回错误代码：-404，信息：啥都木有。
{'code': -404, 'message': '啥都木有', 'ttl': 1} | comment: 接口返回错误代码：-404，信息：啥都木有。
{'code': -404, 'message': '啥都木有', 'ttl': 1}
[2026-04-10 06:10:19] [SUCCESS] bvid=BV1hpDKBbEbT 已成功抓取全部所需数据。
[2026-04-10 06:10:24] [SUCCESS] bvid=BV1x8DKB9ECm 已成功抓取全部所需数据。
[2026-04-10 06:10:28] [SUCCESS] bvid=BV1m8DKB9E8J 已成功抓取全部所需数据。
[2026-04-10 06:10:33] [SUCCESS] bvid=BV148DKB9ECZ 已成功抓取全部所需数据。
[2026-04-10 06:10:38] [SUCCESS] bvid=BV1t4DKBdETS 已成功抓取全部所需数据。
[2026-04-10 06:10:43] [SUCCESS] bvid=BV14aDKBpEpN 已成功抓取全部所需数据。
[2026-04-10 06:10:48] [SUCCESS] bvid=BV1H99gBvEGz 已成功抓取全部所需数据。
[2026-04-10 06:10:53] [SUCCESS] bvid=BV1z1DKBCEYC 已成功抓取全部所需数据。
[2026-04-10 06:10:58] [SUCCESS] bvid=BV1saDKBpEtV 已成功抓取全部所需数据。
[2026-04-10 06:11:03] [SUCCESS] bvid=BV14bDKBsExQ 已成功抓取全部所需数据。
[2026-04-10 06:11:08] [SUCCESS] bvid=BV1bbDKBsETo 已成功抓取全部所需数据。
[2026-04-10 06:11:13] [SUCCESS] bvid=BV1YSDwBsEPF 已成功抓取全部所需数据。
[2026-04-10 06:11:18] [SUCCESS] bvid=BV1oGDKBKEnU 已成功抓取全部所需数据。
[2026-04-10 06:11:30] [SUCCESS] bvid=BV1LVDKBiEKN 已成功抓取全部所需数据。
[2026-04-10 06:11:35] [SUCCESS] bvid=BV1XjDKBYEo6 已成功抓取全部所需数据。
[2026-04-10 06:11:40] [SUCCESS] bvid=BV1BuDKBMEJE 已成功抓取全部所需数据。
[2026-04-10 06:11:45] [SUCCESS] bvid=BV1ZuDKBMEYd 已成功抓取全部所需数据。
[2026-04-10 06:11:45] [ERROR] bvid=BV1igDKBqEcB 抓取失败：stat: 接口返回错误代码：62002，信息：稿件不可见。
{'code': 62002, 'message': '稿件不可见', 'ttl': 1} | comment: 接口返回错误代码：62002，信息：稿件不可见。
{'code': 62002, 'message': '稿件不可见', 'ttl': 1}
[2026-04-10 06:11:50] [SUCCESS] bvid=BV1iuDKBME5C 已成功抓取全部所需数据。
[2026-04-10 06:11:50] [WARN] 当前子任务已结束，但仍有未成功抓取的视频，已导出 remaining CSV 供继续执行。
[2026-04-10 06:11:50] [INFO] 已导出剔除成功条目后的剩余 CSV：D:\Schoolworks\Thesis\Bilibili-Datahub\outputs\video_data\manual_crawls\manual_crawl_stat_comment_20260409_211948\remaining_bvids_part_42.csv
[2026-04-10 06:11:50] 子任务结束时间：2026-04-10T06:11:50.340732
[TIMESTAMP][END] 2026-04-10T06:11:50
