[TIMESTAMP][BEGIN] 2026-04-10T01:13:29
[2026-04-10 01:13:31] 开始执行 CSV 批量抓取子任务 part_15。
[2026-04-10 01:13:31] 子任务开始时间：2026-04-10T01:13:29.208489
[2026-04-10 01:13:31] 输入文件：batch_input_15.csv
[2026-04-10 01:13:31] 输入唯一 bvid 数量：100
[2026-04-10 01:13:31] 为严格按 CSV 顺序判断连续失败阈值，本次任务自动将并发度从 2 调整为 1。
[2026-04-10 01:13:36] [SUCCESS] bvid=BV1JqDeBXEjE 已成功抓取全部所需数据。
[2026-04-10 01:13:41] [SUCCESS] bvid=BV1gdDeBrEAR 已成功抓取全部所需数据。
[2026-04-10 01:13:46] [SUCCESS] bvid=BV18dDeB6EJp 已成功抓取全部所需数据。
[2026-04-10 01:13:52] [SUCCESS] bvid=BV1bdDeB6ESV 已成功抓取全部所需数据。
[2026-04-10 01:13:57] [SUCCESS] bvid=BV1MdDeB6Eep 已成功抓取全部所需数据。
[2026-04-10 01:14:02] [SUCCESS] bvid=BV1udDeB6EwR 已成功抓取全部所需数据。
[2026-04-10 01:14:07] [SUCCESS] bvid=BV1GQDeBVEx6 已成功抓取全部所需数据。
[2026-04-10 01:14:12] [SUCCESS] bvid=BV1QQDeBVELh 已成功抓取全部所需数据。
[2026-04-10 01:14:17] [SUCCESS] bvid=BV13XDeBkEUG 已成功抓取全部所需数据。
[2026-04-10 01:14:22] [SUCCESS] bvid=BV1gQDeBVEkX 已成功抓取全部所需数据。
[2026-04-10 01:14:27] [SUCCESS] bvid=BV13QDeBVEq5 已成功抓取全部所需数据。
[2026-04-10 01:14:32] [SUCCESS] bvid=BV1pBDKBEEqd 已成功抓取全部所需数据。
[2026-04-10 01:14:38] [SUCCESS] bvid=BV1aQDeBVEjz 已成功抓取全部所需数据。
[2026-04-10 01:14:43] [SUCCESS] bvid=BV1hQDeBVEUz 已成功抓取全部所需数据。
[2026-04-10 01:14:47] [SUCCESS] bvid=BV1gQDeBVEyf 已成功抓取全部所需数据。
[2026-04-10 01:14:52] [SUCCESS] bvid=BV13QDeBVEU3 已成功抓取全部所需数据。
[2026-04-10 01:14:57] [SUCCESS] bvid=BV1gXDeBkEh7 已成功抓取全部所需数据。
[2026-04-10 01:15:02] [SUCCESS] bvid=BV1QXDeBkEFH 已成功抓取全部所需数据。
[2026-04-10 01:15:07] [SUCCESS] bvid=BV1hXDeBkEEC 已成功抓取全部所需数据。
[2026-04-10 01:15:12] [SUCCESS] bvid=BV1uXDeBkEfy 已成功抓取全部所需数据。
[2026-04-10 01:15:17] [SUCCESS] bvid=BV1hXDeBkEP9 已成功抓取全部所需数据。
[2026-04-10 01:15:22] [SUCCESS] bvid=BV1hXDeBkELx 已成功抓取全部所需数据。
[2026-04-10 01:15:27] [SUCCESS] bvid=BV1EiDeBsEJo 已成功抓取全部所需数据。
[2026-04-10 01:15:32] [SUCCESS] bvid=BV18XDeBkEoc 已成功抓取全部所需数据。
[2026-04-10 01:15:37] [SUCCESS] bvid=BV1EvDaBjEMw 已成功抓取全部所需数据。
[2026-04-10 01:15:42] [SUCCESS] bvid=BV1LH9JBEEqi 已成功抓取全部所需数据。
[2026-04-10 01:15:47] [SUCCESS] bvid=BV13XDeBkEKG 已成功抓取全部所需数据。
[2026-04-10 01:15:52] [SUCCESS] bvid=BV1gXDeBkEbC 已成功抓取全部所需数据。
[2026-04-10 01:15:57] [SUCCESS] bvid=BV1ziDeBWEEv 已成功抓取全部所需数据。
[2026-04-10 01:16:02] [SUCCESS] bvid=BV1ufDeBBEJZ 已成功抓取全部所需数据。
[2026-04-10 01:16:08] [SUCCESS] bvid=BV12zSfBeEgj 已成功抓取全部所需数据。
[2026-04-10 01:16:13] [SUCCESS] bvid=BV1ojDYB7EQ8 已成功抓取全部所需数据。
[2026-04-10 01:16:18] [SUCCESS] bvid=BV1zqDeBXEpC 已成功抓取全部所需数据。
[2026-04-10 01:16:23] [SUCCESS] bvid=BV1JYDeBxEHJ 已成功抓取全部所需数据。
[2026-04-10 01:16:28] [SUCCESS] bvid=BV1EqDeBXEXv 已成功抓取全部所需数据。
[2026-04-10 01:16:33] [SUCCESS] bvid=BV1BqDeBXEKs 已成功抓取全部所需数据。
[2026-04-10 01:16:38] [SUCCESS] bvid=BV1HYDeBxEhv 已成功抓取全部所需数据。
[2026-04-10 01:16:43] [SUCCESS] bvid=BV1HYDeBxEP8 已成功抓取全部所需数据。
[2026-04-10 01:16:49] [SUCCESS] bvid=BV1HYDeBxEew 已成功抓取全部所需数据。
[2026-04-10 01:16:54] [SUCCESS] bvid=BV1JeDeBRE8h 已成功抓取全部所需数据。
[2026-04-10 01:16:59] [SUCCESS] bvid=BV1neDeBREHX 已成功抓取全部所需数据。
[2026-04-10 01:17:04] [SUCCESS] bvid=BV1sBDhBxEoc 已成功抓取全部所需数据。
[2026-04-10 01:17:09] [SUCCESS] bvid=BV1neDeBREL1 已成功抓取全部所需数据。
[2026-04-10 01:17:14] [SUCCESS] bvid=BV1jCDeBSEts 已成功抓取全部所需数据。
[2026-04-10 01:17:19] [SUCCESS] bvid=BV1qkDeBJEpD 已成功抓取全部所需数据。
[2026-04-10 01:17:24] [SUCCESS] bvid=BV1zeDeBREv1 已成功抓取全部所需数据。
[2026-04-10 01:17:29] [SUCCESS] bvid=BV1ZnDvBpEHj 已成功抓取全部所需数据。
[2026-04-10 01:17:34] [SUCCESS] bvid=BV1ikDeBJEnz 已成功抓取全部所需数据。
[2026-04-10 01:17:39] [SUCCESS] bvid=BV1RvPZzEEu4 已成功抓取全部所需数据。
[2026-04-10 01:17:44] [SUCCESS] bvid=BV1qoDhBGEJt 已成功抓取全部所需数据。
[2026-04-10 01:17:50] [SUCCESS] bvid=BV1dLDhBgESX 已成功抓取全部所需数据。
[2026-04-10 01:17:55] [SUCCESS] bvid=BV1NFDYBFE1Y 已成功抓取全部所需数据。
[2026-04-10 01:18:00] [SUCCESS] bvid=BV1EVDhBkEPu 已成功抓取全部所需数据。
[2026-04-10 01:18:05] [SUCCESS] bvid=BV1o5SfBDET3 已成功抓取全部所需数据。
[2026-04-10 01:18:10] [SUCCESS] bvid=BV1LkDeBJE6u 已成功抓取全部所需数据。
[2026-04-10 01:18:15] [SUCCESS] bvid=BV1dWDvBnEP1 已成功抓取全部所需数据。
[2026-04-10 01:18:20] [SUCCESS] bvid=BV1jCDeBUEhZ 已成功抓取全部所需数据。
[2026-04-10 01:18:26] [SUCCESS] bvid=BV1LCDeBUEfu 已成功抓取全部所需数据。
[2026-04-10 01:18:31] [SUCCESS] bvid=BV1SzDvBgEKi 已成功抓取全部所需数据。
[2026-04-10 01:18:31] [ERROR] bvid=BV1BzDeBHEvf 抓取失败：stat: 接口返回错误代码：62002，信息：稿件不可见。
{'code': 62002, 'message': '稿件不可见', 'ttl': 1} | comment: 接口返回错误代码：62002，信息：稿件不可见。
{'code': 62002, 'message': '稿件不可见', 'ttl': 1}
[2026-04-10 01:18:37] [SUCCESS] bvid=BV1jzDeBHEtu 已成功抓取全部所需数据。
[2026-04-10 01:18:42] [SUCCESS] bvid=BV1EzDeBHEBD 已成功抓取全部所需数据。
[2026-04-10 01:18:48] [SUCCESS] bvid=BV1EzDeBHE8p 已成功抓取全部所需数据。
[2026-04-10 01:18:53] [SUCCESS] bvid=BV1wGDvBfEY7 已成功抓取全部所需数据。
[2026-04-10 01:18:58] [SUCCESS] bvid=BV17zDeBHEJ2 已成功抓取全部所需数据。
[2026-04-10 01:19:03] [SUCCESS] bvid=BV1EzDeBHEFw 已成功抓取全部所需数据。
[2026-04-10 01:19:08] [SUCCESS] bvid=BV1j6DeBDEgL 已成功抓取全部所需数据。
[2026-04-10 01:19:13] [SUCCESS] bvid=BV1i6DeBDECz 已成功抓取全部所需数据。
[2026-04-10 01:19:18] [SUCCESS] bvid=BV176DeBDExW 已成功抓取全部所需数据。
[2026-04-10 01:19:24] [SUCCESS] bvid=BV1cGDvBfEbP 已成功抓取全部所需数据。
[2026-04-10 01:19:29] [SUCCESS] bvid=BV1cGDvBfELk 已成功抓取全部所需数据。
[2026-04-10 01:19:35] [SUCCESS] bvid=BV165DvBtEtc 已成功抓取全部所需数据。
[2026-04-10 01:19:40] [SUCCESS] bvid=BV1F5DvBtEDB 已成功抓取全部所需数据。
[2026-04-10 01:19:46] [SUCCESS] bvid=BV1c5DvBtEqh 已成功抓取全部所需数据。
[2026-04-10 01:19:51] [SUCCESS] bvid=BV1PgDvBcEgw 已成功抓取全部所需数据。
[2026-04-10 01:19:56] [SUCCESS] bvid=BV1H3DvB8ECt 已成功抓取全部所需数据。
[2026-04-10 01:20:01] [SUCCESS] bvid=BV1c3DvB8EUS 已成功抓取全部所需数据。
[2026-04-10 01:20:06] [SUCCESS] bvid=BV11qA8znEPg 已成功抓取全部所需数据。
[2026-04-10 01:20:12] [SUCCESS] bvid=BV1w3DvB8Ejq 已成功抓取全部所需数据。
[2026-04-10 01:20:17] [SUCCESS] bvid=BV1A3DvB8E7o 已成功抓取全部所需数据。
[2026-04-10 01:20:22] [SUCCESS] bvid=BV1ANDYBdEui 已成功抓取全部所需数据。
[2026-04-10 01:20:27] [SUCCESS] bvid=BV1sqA8znEpC 已成功抓取全部所需数据。
[2026-04-10 01:20:33] [SUCCESS] bvid=BV1PTDvBAEER 已成功抓取全部所需数据。
[2026-04-10 01:20:38] [SUCCESS] bvid=BV1dWDvBnEh5 已成功抓取全部所需数据。
[2026-04-10 01:20:43] [SUCCESS] bvid=BV1HVDcBcEpd 已成功抓取全部所需数据。
[2026-04-10 01:20:48] [SUCCESS] bvid=BV1ANDYBdEU7 已成功抓取全部所需数据。
[2026-04-10 01:20:54] [SUCCESS] bvid=BV1jzDaBCEWo 已成功抓取全部所需数据。
[2026-04-10 01:20:59] [SUCCESS] bvid=BV1HPDhBUEwB 已成功抓取全部所需数据。
[2026-04-10 01:21:04] [SUCCESS] bvid=BV1fEDvB9EA7 已成功抓取全部所需数据。
[2026-04-10 01:21:09] [SUCCESS] bvid=BV1H3DvB8Ebd 已成功抓取全部所需数据。
[2026-04-10 01:21:14] [SUCCESS] bvid=BV1C3DvB8EYi 已成功抓取全部所需数据。
[2026-04-10 01:21:20] [SUCCESS] bvid=BV17EDvBREjk 已成功抓取全部所需数据。
[2026-04-10 01:21:20] [ERROR] bvid=BV1EEDvBREZH 抓取失败：stat: 接口返回错误代码：62012，信息：62012。
{'code': 62012, 'message': '62012', 'ttl': 1} | comment: 接口返回错误代码：62012，信息：62012。
{'code': 62012, 'message': '62012', 'ttl': 1}
[2026-04-10 01:21:25] [SUCCESS] bvid=BV1zEDvBREtj 已成功抓取全部所需数据。
[2026-04-10 01:21:31] [SUCCESS] bvid=BV17EDvBREkd 已成功抓取全部所需数据。
[2026-04-10 01:21:36] [SUCCESS] bvid=BV1fEDvB9EbA 已成功抓取全部所需数据。
[2026-04-10 01:21:41] [SUCCESS] bvid=BV1EnDvBWEjy 已成功抓取全部所需数据。
[2026-04-10 01:21:47] [SUCCESS] bvid=BV1ZnDvBpEvt 已成功抓取全部所需数据。
[2026-04-10 01:21:52] [SUCCESS] bvid=BV1EnDvBWELE 已成功抓取全部所需数据。
[2026-04-10 01:21:57] [SUCCESS] bvid=BV1fnDvBpEL1 已成功抓取全部所需数据。
[2026-04-10 01:21:57] [WARN] 当前子任务已结束，但仍有未成功抓取的视频，已导出 remaining CSV 供继续执行。
[2026-04-10 01:21:57] [INFO] 已导出剔除成功条目后的剩余 CSV：D:\Schoolworks\Thesis\Bilibili-Datahub\outputs\video_data\manual_crawls\manual_crawl_stat_comment_20260409_211948\remaining_bvids_part_15.csv
[2026-04-10 01:21:57] 子任务结束时间：2026-04-10T01:21:57.496925
[TIMESTAMP][END] 2026-04-10T01:21:57
