[TIMESTAMP][BEGIN] 2026-04-10T03:02:09
[2026-04-10 03:02:11] 开始执行 CSV 批量抓取子任务 part_25。
[2026-04-10 03:02:11] 子任务开始时间：2026-04-10T03:02:09.614896
[2026-04-10 03:02:11] 输入文件：batch_input_25.csv
[2026-04-10 03:02:11] 输入唯一 bvid 数量：100
[2026-04-10 03:02:11] 为严格按 CSV 顺序判断连续失败阈值，本次任务自动将并发度从 2 调整为 1。
[2026-04-10 03:02:16] [SUCCESS] bvid=BV1dVSoBCEbi 已成功抓取全部所需数据。
[2026-04-10 03:02:21] [SUCCESS] bvid=BV17YSZBSEnL 已成功抓取全部所需数据。
[2026-04-10 03:02:26] [SUCCESS] bvid=BV1KvSoB8ELN 已成功抓取全部所需数据。
[2026-04-10 03:02:32] [SUCCESS] bvid=BV1z59MBWEsn 已成功抓取全部所需数据。
[2026-04-10 03:02:37] [SUCCESS] bvid=BV1r1SoBQEkY 已成功抓取全部所需数据。
[2026-04-10 03:02:42] [SUCCESS] bvid=BV1LESoB3EAf 已成功抓取全部所需数据。
[2026-04-10 03:02:47] [SUCCESS] bvid=BV1ZgSoB1EQ7 已成功抓取全部所需数据。
[2026-04-10 03:02:52] [SUCCESS] bvid=BV1VESoB3EUw 已成功抓取全部所需数据。
[2026-04-10 03:02:57] [SUCCESS] bvid=BV1fgSoB1E5E 已成功抓取全部所需数据。
[2026-04-10 03:03:02] [SUCCESS] bvid=BV1fgSoB1Eaz 已成功抓取全部所需数据。
[2026-04-10 03:03:07] [SUCCESS] bvid=BV1RESoBgERF 已成功抓取全部所需数据。
[2026-04-10 03:03:11] [SUCCESS] bvid=BV1RESoBgEYC 已成功抓取全部所需数据。
[2026-04-10 03:03:16] [SUCCESS] bvid=BV19ESoBgELm 已成功抓取全部所需数据。
[2026-04-10 03:03:21] [SUCCESS] bvid=BV1RESoBgESp 已成功抓取全部所需数据。
[2026-04-10 03:03:26] [SUCCESS] bvid=BV1dLSoBVEGv 已成功抓取全部所需数据。
[2026-04-10 03:03:31] [SUCCESS] bvid=BV19JSoBzEND 已成功抓取全部所需数据。
[2026-04-10 03:03:36] [SUCCESS] bvid=BV19JSoBzEkT 已成功抓取全部所需数据。
[2026-04-10 03:03:41] [SUCCESS] bvid=BV1dLSoBGEFa 已成功抓取全部所需数据。
[2026-04-10 03:03:46] [SUCCESS] bvid=BV1LLSoBVEoL 已成功抓取全部所需数据。
[2026-04-10 03:03:51] [SUCCESS] bvid=BV1LjSoBkExn 已成功抓取全部所需数据。
[2026-04-10 03:03:56] [SUCCESS] bvid=BV1djSoBrE7u 已成功抓取全部所需数据。
[2026-04-10 03:04:01] [SUCCESS] bvid=BV1ijSoBkEjL 已成功抓取全部所需数据。
[2026-04-10 03:04:06] [SUCCESS] bvid=BV1zUSoBSEBQ 已成功抓取全部所需数据。
[2026-04-10 03:04:11] [SUCCESS] bvid=BV1fUSoBSE7S 已成功抓取全部所需数据。
[2026-04-10 03:04:16] [SUCCESS] bvid=BV1FUSoBDEBL 已成功抓取全部所需数据。
[2026-04-10 03:04:22] [SUCCESS] bvid=BV1BDSoBEErS 已成功抓取全部所需数据。
[2026-04-10 03:04:27] [SUCCESS] bvid=BV1fDSoBEED9 已成功抓取全部所需数据。
[2026-04-10 03:04:32] [SUCCESS] bvid=BV1FUSoBDEqd 已成功抓取全部所需数据。
[2026-04-10 03:04:37] [SUCCESS] bvid=BV1BDSoBEEdP 已成功抓取全部所需数据。
[2026-04-10 03:04:42] [SUCCESS] bvid=BV1zDSoBEE44 已成功抓取全部所需数据。
[2026-04-10 03:04:48] [SUCCESS] bvid=BV1dTXDBNEec 已成功抓取全部所需数据。
[2026-04-10 03:04:54] [SUCCESS] bvid=BV1HVSQBuEku 已成功抓取全部所需数据。
[2026-04-10 03:05:00] [SUCCESS] bvid=BV1bNS9BpEM6 已成功抓取全部所需数据。
[2026-04-10 03:05:06] [SUCCESS] bvid=BV1qDSoBEEqu 已成功抓取全部所需数据。
[2026-04-10 03:05:13] [SUCCESS] bvid=BV1qDSoBEEqM 已成功抓取全部所需数据。
[2026-04-10 03:05:19] [SUCCESS] bvid=BV1qDSoBEEBt 已成功抓取全部所需数据。
[2026-04-10 03:05:25] [SUCCESS] bvid=BV1w1SoBXE8L 已成功抓取全部所需数据。
[2026-04-10 03:05:31] [SUCCESS] bvid=BV1zDSoBEECY 已成功抓取全部所需数据。
[2026-04-10 03:05:38] [SUCCESS] bvid=BV161SoBQEJQ 已成功抓取全部所需数据。
[2026-04-10 03:05:44] [SUCCESS] bvid=BV1zmSoBnESL 已成功抓取全部所需数据。
[2026-04-10 03:05:50] [SUCCESS] bvid=BV1qRSoB1ECF 已成功抓取全部所需数据。
[2026-04-10 03:05:56] [SUCCESS] bvid=BV1dRSoB1EXK 已成功抓取全部所需数据。
[2026-04-10 03:06:03] [SUCCESS] bvid=BV1g1DTBYEZz 已成功抓取全部所需数据。
[2026-04-10 03:06:09] [SUCCESS] bvid=BV1i9SoBjEGh 已成功抓取全部所需数据。
[2026-04-10 03:06:15] [SUCCESS] bvid=BV1bD9NBwEWt 已成功抓取全部所需数据。
[2026-04-10 03:06:21] [SUCCESS] bvid=BV1KiSoBfExw 已成功抓取全部所需数据。
[2026-04-10 03:06:27] [SUCCESS] bvid=BV1yiSoBZENL 已成功抓取全部所需数据。
[2026-04-10 03:06:33] [SUCCESS] bvid=BV17w9FB8Eb7 已成功抓取全部所需数据。
[2026-04-10 03:06:39] [SUCCESS] bvid=BV14X9jB8EJN 已成功抓取全部所需数据。
[2026-04-10 03:06:45] [SUCCESS] bvid=BV1Xu9uB1EmT 已成功抓取全部所需数据。
[2026-04-10 03:06:52] [SUCCESS] bvid=BV1aHDKBFEwo 已成功抓取全部所需数据。
[2026-04-10 03:06:57] [SUCCESS] bvid=BV1yBSoB4EGh 已成功抓取全部所需数据。
[2026-04-10 03:07:04] [SUCCESS] bvid=BV1CBSoB4Eoq 已成功抓取全部所需数据。
[2026-04-10 03:07:10] [SUCCESS] bvid=BV12eSoBFEsK 已成功抓取全部所需数据。
[2026-04-10 03:07:17] [SUCCESS] bvid=BV1rkSoB9E68 已成功抓取全部所需数据。
[2026-04-10 03:07:23] [SUCCESS] bvid=BV12vSoBbEnJ 已成功抓取全部所需数据。
[2026-04-10 03:07:29] [SUCCESS] bvid=BV14vSoB8EqS 已成功抓取全部所需数据。
[2026-04-10 03:07:35] [SUCCESS] bvid=BV1mvSoBbEwR 已成功抓取全部所需数据。
[2026-04-10 03:07:41] [SUCCESS] bvid=BV11vSoBbEpP 已成功抓取全部所需数据。
[2026-04-10 03:07:48] [SUCCESS] bvid=BV1AkSoBREVA 已成功抓取全部所需数据。
[2026-04-10 03:07:54] [SUCCESS] bvid=BV1WkSoBREsh 已成功抓取全部所需数据。
[2026-04-10 03:08:00] [SUCCESS] bvid=BV1kkSoB9Eo2 已成功抓取全部所需数据。
[2026-04-10 03:08:06] [SUCCESS] bvid=BV1szSoBoExa 已成功抓取全部所需数据。
[2026-04-10 03:08:12] [SUCCESS] bvid=BV1CzSoBdE4J 已成功抓取全部所需数据。
[2026-04-10 03:08:18] [SUCCESS] bvid=BV1PrSoBxEGr 已成功抓取全部所需数据。
[2026-04-10 03:08:24] [SUCCESS] bvid=BV1ArSoBxEkU 已成功抓取全部所需数据。
[2026-04-10 03:08:30] [SUCCESS] bvid=BV1ArSoBxEnt 已成功抓取全部所需数据。
[2026-04-10 03:08:36] [SUCCESS] bvid=BV1srSoBxEuc 已成功抓取全部所需数据。
[2026-04-10 03:08:42] [SUCCESS] bvid=BV1ArSoBxE7w 已成功抓取全部所需数据。
[2026-04-10 03:08:49] [SUCCESS] bvid=BV1PrSoBxEuw 已成功抓取全部所需数据。
[2026-04-10 03:08:54] [SUCCESS] bvid=BV1bVSZBYEAH 已成功抓取全部所需数据。
[2026-04-10 03:09:01] [SUCCESS] bvid=BV1tVSZBYEuD 已成功抓取全部所需数据。
[2026-04-10 03:09:01] [ERROR] bvid=BV12LSZBwEpg 抓取失败：stat: 接口返回错误代码：62002，信息：稿件不可见。
{'code': 62002, 'message': '稿件不可见', 'ttl': 1} | comment: 接口返回错误代码：62002，信息：稿件不可见。
{'code': 62002, 'message': '稿件不可见', 'ttl': 1}
[2026-04-10 03:09:07] [SUCCESS] bvid=BV1tLSZBwEg9 已成功抓取全部所需数据。
[2026-04-10 03:09:13] [SUCCESS] bvid=BV14LSZBwEZP 已成功抓取全部所需数据。
[2026-04-10 03:09:18] [SUCCESS] bvid=BV1bgSZBvEHx 已成功抓取全部所需数据。
[2026-04-10 03:09:25] [SUCCESS] bvid=BV1ugSZBiEcv 已成功抓取全部所需数据。
[2026-04-10 03:09:31] [SUCCESS] bvid=BV1ggSZBiENx 已成功抓取全部所需数据。
[2026-04-10 03:09:37] [SUCCESS] bvid=BV1mGSZBPEUZ 已成功抓取全部所需数据。
[2026-04-10 03:09:42] [SUCCESS] bvid=BV1UGSZBPEMk 已成功抓取全部所需数据。
[2026-04-10 03:09:48] [SUCCESS] bvid=BV1xJSZBbENM 已成功抓取全部所需数据。
[2026-04-10 03:09:54] [SUCCESS] bvid=BV1WJSZBbEDe 已成功抓取全部所需数据。
[2026-04-10 03:10:00] [SUCCESS] bvid=BV1WnSZBZEuX 已成功抓取全部所需数据。
[2026-04-10 03:10:05] [SUCCESS] bvid=BV1snSZBZENV 已成功抓取全部所需数据。
[2026-04-10 03:10:06] [ERROR] bvid=BV1C3SQB6EC8 抓取失败：stat: 接口返回错误代码：62002，信息：稿件不可见。
{'code': 62002, 'message': '稿件不可见', 'ttl': 1} | comment: 接口返回错误代码：62002，信息：稿件不可见。
{'code': 62002, 'message': '稿件不可见', 'ttl': 1}
[2026-04-10 03:10:12] [SUCCESS] bvid=BV1xjSZBhEH8 已成功抓取全部所需数据。
[2026-04-10 03:10:17] [SUCCESS] bvid=BV19cSZBrEWP 已成功抓取全部所需数据。
[2026-04-10 03:10:23] [SUCCESS] bvid=BV1eZSoBCEqG 已成功抓取全部所需数据。
[2026-04-10 03:10:29] [SUCCESS] bvid=BV1aASZBgEhu 已成功抓取全部所需数据。
[2026-04-10 03:10:36] [SUCCESS] bvid=BV1aASZBgEz7 已成功抓取全部所需数据。
[2026-04-10 03:10:42] [SUCCESS] bvid=BV1RZSoBCEvP 已成功抓取全部所需数据。
[2026-04-10 03:10:48] [SUCCESS] bvid=BV1iZSoBCE7g 已成功抓取全部所需数据。
[2026-04-10 03:10:53] [SUCCESS] bvid=BV19ZSoBCEfd 已成功抓取全部所需数据。
[2026-04-10 03:10:58] [SUCCESS] bvid=BV1vZSoBCEeE 已成功抓取全部所需数据。
[2026-04-10 03:11:03] [SUCCESS] bvid=BV1eFSZBGExB 已成功抓取全部所需数据。
[2026-04-10 03:11:08] [SUCCESS] bvid=BV1QTSZBqEKW 已成功抓取全部所需数据。
[2026-04-10 03:11:13] [SUCCESS] bvid=BV1QTSZBqEwH 已成功抓取全部所需数据。
[2026-04-10 03:11:19] [SUCCESS] bvid=BV1hTSZBqE42 已成功抓取全部所需数据。
[2026-04-10 03:11:24] [SUCCESS] bvid=BV1xVSdBREvw 已成功抓取全部所需数据。
[2026-04-10 03:11:29] [SUCCESS] bvid=BV1QPSZBzEfs 已成功抓取全部所需数据。
[2026-04-10 03:11:29] [WARN] 当前子任务已结束，但仍有未成功抓取的视频，已导出 remaining CSV 供继续执行。
[2026-04-10 03:11:29] [INFO] 已导出剔除成功条目后的剩余 CSV：D:\Schoolworks\Thesis\Bilibili-Datahub\outputs\video_data\manual_crawls\manual_crawl_stat_comment_20260409_211948\remaining_bvids_part_25.csv
[2026-04-10 03:11:29] 子任务结束时间：2026-04-10T03:11:29.108319
[TIMESTAMP][END] 2026-04-10T03:11:29
