[TIMESTAMP][BEGIN] 2026-04-09T23:44:32
[2026-04-09 23:44:35] 开始执行 CSV 批量抓取子任务 part_7。
[2026-04-09 23:44:35] 子任务开始时间：2026-04-09T23:44:32.903057
[2026-04-09 23:44:35] 输入文件：batch_input_7.csv
[2026-04-09 23:44:35] 输入唯一 bvid 数量：100
[2026-04-09 23:44:35] 为严格按 CSV 顺序判断连续失败阈值，本次任务自动将并发度从 2 调整为 1。
[2026-04-09 23:44:40] [SUCCESS] bvid=BV1xbDLBjEgB 已成功抓取全部所需数据。
[2026-04-09 23:44:46] [SUCCESS] bvid=BV1NbDLBjER1 已成功抓取全部所需数据。
[2026-04-09 23:44:51] [SUCCESS] bvid=BV1KbDLBjEdL 已成功抓取全部所需数据。
[2026-04-09 23:44:57] [SUCCESS] bvid=BV193DLBZE1p 已成功抓取全部所需数据。
[2026-04-09 23:45:03] [SUCCESS] bvid=BV1L3DLBZEwA 已成功抓取全部所需数据。
[2026-04-09 23:45:08] [SUCCESS] bvid=BV1N5DrBQErW 已成功抓取全部所需数据。
[2026-04-09 23:45:14] [SUCCESS] bvid=BV1TbDLBjEgB 已成功抓取全部所需数据。
[2026-04-09 23:45:20] [SUCCESS] bvid=BV1juDLBFEiv 已成功抓取全部所需数据。
[2026-04-09 23:45:25] [SUCCESS] bvid=BV1JeDeBREVz 已成功抓取全部所需数据。
[2026-04-09 23:45:31] [SUCCESS] bvid=BV1VgDLBbErW 已成功抓取全部所需数据。
[2026-04-09 23:45:37] [SUCCESS] bvid=BV15VDLB4EJt 已成功抓取全部所需数据。
[2026-04-09 23:45:43] [SUCCESS] bvid=BV1qVDkB3E6S 已成功抓取全部所需数据。
[2026-04-09 23:45:49] [SUCCESS] bvid=BV1LuDLBFEHc 已成功抓取全部所需数据。
[2026-04-09 23:45:54] [SUCCESS] bvid=BV1juDLBFEbV 已成功抓取全部所需数据。
[2026-04-09 23:46:00] [SUCCESS] bvid=BV1iuDLBFEFA 已成功抓取全部所需数据。
[2026-04-09 23:46:06] [SUCCESS] bvid=BV1EUD6BzE5R 已成功抓取全部所需数据。
[2026-04-09 23:46:11] [SUCCESS] bvid=BV1VZDLB4Euf 已成功抓取全部所需数据。
[2026-04-09 23:46:17] [SUCCESS] bvid=BV1XqDjBfEHL 已成功抓取全部所需数据。
[2026-04-09 23:46:22] [SUCCESS] bvid=BV1GkDrBYEq2 已成功抓取全部所需数据。
[2026-04-09 23:46:28] [SUCCESS] bvid=BV1ryD6BGEhh 已成功抓取全部所需数据。
[2026-04-09 23:46:33] [SUCCESS] bvid=BV14VDrBpEFE 已成功抓取全部所需数据。
[2026-04-09 23:46:39] [SUCCESS] bvid=BV1jgDLB8Ew4 已成功抓取全部所需数据。
[2026-04-09 23:46:44] [SUCCESS] bvid=BV1vgDLBbEti 已成功抓取全部所需数据。
[2026-04-09 23:46:50] [SUCCESS] bvid=BV1vgDLBbEQ9 已成功抓取全部所需数据。
[2026-04-09 23:46:56] [SUCCESS] bvid=BV1LgDLBbE95 已成功抓取全部所需数据。
[2026-04-09 23:47:01] [SUCCESS] bvid=BV15gDLBbEBk 已成功抓取全部所需数据。
[2026-04-09 23:47:07] [SUCCESS] bvid=BV1a7DLB9EBY 已成功抓取全部所需数据。
[2026-04-09 23:47:12] [SUCCESS] bvid=BV1a5DLBdEbR 已成功抓取全部所需数据。
[2026-04-09 23:47:18] [SUCCESS] bvid=BV137DLB9EzP 已成功抓取全部所需数据。
[2026-04-09 23:47:23] [SUCCESS] bvid=BV1g7DLB9EXQ 已成功抓取全部所需数据。
[2026-04-09 23:47:29] [SUCCESS] bvid=BV1G7DLB9EJC 已成功抓取全部所需数据。
[2026-04-09 23:47:35] [SUCCESS] bvid=BV1a5DLBdE8B 已成功抓取全部所需数据。
[2026-04-09 23:47:40] [SUCCESS] bvid=BV1a7DLB9EWT 已成功抓取全部所需数据。
[2026-04-09 23:47:46] [SUCCESS] bvid=BV1G5DLBdEHC 已成功抓取全部所需数据。
[2026-04-09 23:47:51] [SUCCESS] bvid=BV1ajDLBsEu9 已成功抓取全部所需数据。
[2026-04-09 23:47:57] [SUCCESS] bvid=BV1G5DLBdEgP 已成功抓取全部所需数据。
[2026-04-09 23:48:02] [SUCCESS] bvid=BV1ajDLBsETv 已成功抓取全部所需数据。
[2026-04-09 23:48:08] [SUCCESS] bvid=BV1G5DLBdEz4 已成功抓取全部所需数据。
[2026-04-09 23:48:14] [SUCCESS] bvid=BV1G5DLBdEWp 已成功抓取全部所需数据。
[2026-04-09 23:48:19] [SUCCESS] bvid=BV195DLBdEvK 已成功抓取全部所需数据。
[2026-04-09 23:48:25] [SUCCESS] bvid=BV13jDLBxEy3 已成功抓取全部所需数据。
[2026-04-09 23:48:30] [SUCCESS] bvid=BV1iUDLBYE2Y 已成功抓取全部所需数据。
[2026-04-09 23:48:36] [SUCCESS] bvid=BV1RDDLBcEvD 已成功抓取全部所需数据。
[2026-04-09 23:48:42] [SUCCESS] bvid=BV1QqDjBfESY 已成功抓取全部所需数据。
[2026-04-09 23:48:47] [SUCCESS] bvid=BV1jUDLBYEyZ 已成功抓取全部所需数据。
[2026-04-09 23:48:53] [SUCCESS] bvid=BV1oUDLBaE8n 已成功抓取全部所需数据。
[2026-04-09 23:48:58] [SUCCESS] bvid=BV1LUDLBYE5t 已成功抓取全部所需数据。
[2026-04-09 23:49:04] [SUCCESS] bvid=BV1jDDLBwEJR 已成功抓取全部所需数据。
[2026-04-09 23:49:09] [SUCCESS] bvid=BV1dDDLBcEQT 已成功抓取全部所需数据。
[2026-04-09 23:49:15] [SUCCESS] bvid=BV1dmDLBAERa 已成功抓取全部所需数据。
[2026-04-09 23:49:20] [SUCCESS] bvid=BV1dmDLBwEYk 已成功抓取全部所需数据。
[2026-04-09 23:49:26] [SUCCESS] bvid=BV1KcDvBTEDo 已成功抓取全部所需数据。
[2026-04-09 23:49:31] [SUCCESS] bvid=BV1i8DjBeEMv 已成功抓取全部所需数据。
[2026-04-09 23:49:37] [SUCCESS] bvid=BV1E1DLBvE43 已成功抓取全部所需数据。
[2026-04-09 23:49:42] [SUCCESS] bvid=BV1E1DLBvEpw 已成功抓取全部所需数据。
[2026-04-09 23:49:48] [SUCCESS] bvid=BV1E1DLBvE3V 已成功抓取全部所需数据。
[2026-04-09 23:49:53] [SUCCESS] bvid=BV1Z1DLBeECa 已成功抓取全部所需数据。
[2026-04-09 23:49:58] [SUCCESS] bvid=BV1dmDLBAEd5 已成功抓取全部所需数据。
[2026-04-09 23:50:04] [SUCCESS] bvid=BV1ZmDLBPExG 已成功抓取全部所需数据。
[2026-04-09 23:50:10] [SUCCESS] bvid=BV17mDLBPEP3 已成功抓取全部所需数据。
[2026-04-09 23:50:15] [SUCCESS] bvid=BV1qmDLBPEob 已成功抓取全部所需数据。
[2026-04-09 23:50:21] [SUCCESS] bvid=BV1XRDLBtEow 已成功抓取全部所需数据。
[2026-04-09 23:50:27] [SUCCESS] bvid=BV1XdDLBZEog 已成功抓取全部所需数据。
[2026-04-09 23:50:32] [SUCCESS] bvid=BV1VRDLBbEuS 已成功抓取全部所需数据。
[2026-04-09 23:50:37] [SUCCESS] bvid=BV1XdDLBZEAM 已成功抓取全部所需数据。
[2026-04-09 23:50:43] [SUCCESS] bvid=BV1edDLBZEAg 已成功抓取全部所需数据。
[2026-04-09 23:50:48] [SUCCESS] bvid=BV1XdDLBoEoy 已成功抓取全部所需数据。
[2026-04-09 23:50:54] [SUCCESS] bvid=BV1VRDLBbEu2 已成功抓取全部所需数据。
[2026-04-09 23:50:59] [SUCCESS] bvid=BV1XRDLBtEpG 已成功抓取全部所需数据。
[2026-04-09 23:51:05] [SUCCESS] bvid=BV1VRDLBbErc 已成功抓取全部所需数据。
[2026-04-09 23:51:11] [SUCCESS] bvid=BV1XdDLBZExL 已成功抓取全部所需数据。
[2026-04-09 23:51:17] [SUCCESS] bvid=BV1GdDLBZEvX 已成功抓取全部所需数据。
[2026-04-09 23:51:22] [SUCCESS] bvid=BV1eRDLBbEie 已成功抓取全部所需数据。
[2026-04-09 23:51:28] [SUCCESS] bvid=BV1VRDLBbEru 已成功抓取全部所需数据。
[2026-04-09 23:51:33] [SUCCESS] bvid=BV19dDLBoE3r 已成功抓取全部所需数据。
[2026-04-09 23:51:39] [SUCCESS] bvid=BV1GRDLBbEdH 已成功抓取全部所需数据。
[2026-04-09 23:51:44] [SUCCESS] bvid=BV1GdDLBZE7g 已成功抓取全部所需数据。
[2026-04-09 23:51:49] [SUCCESS] bvid=BV1QdDLBoEzG 已成功抓取全部所需数据。
[2026-04-09 23:51:54] [SUCCESS] bvid=BV1GdDLBZEfx 已成功抓取全部所需数据。
[2026-04-09 23:52:00] [SUCCESS] bvid=BV15QDLBhEBx 已成功抓取全部所需数据。
[2026-04-09 23:52:05] [SUCCESS] bvid=BV1iQDLBhE8Q 已成功抓取全部所需数据。
[2026-04-09 23:52:11] [SUCCESS] bvid=BV1adDLBZE6Y 已成功抓取全部所需数据。
[2026-04-09 23:52:16] [SUCCESS] bvid=BV1LQDLBhErG 已成功抓取全部所需数据。
[2026-04-09 23:52:22] [SUCCESS] bvid=BV1dQDLB8ET4 已成功抓取全部所需数据。
[2026-04-09 23:52:27] [SUCCESS] bvid=BV1GdDLBZEZY 已成功抓取全部所需数据。
[2026-04-09 23:52:32] [SUCCESS] bvid=BV1XdDLBoEKe 已成功抓取全部所需数据。
[2026-04-09 23:52:38] [SUCCESS] bvid=BV1QdDLBoE31 已成功抓取全部所需数据。
[2026-04-09 23:52:43] [SUCCESS] bvid=BV1QdDLBoECm 已成功抓取全部所需数据。
[2026-04-09 23:52:48] [SUCCESS] bvid=BV1RQDLB8ENT 已成功抓取全部所需数据。
[2026-04-09 23:52:53] [SUCCESS] bvid=BV15QDLBhEsL 已成功抓取全部所需数据。
[2026-04-09 23:52:59] [SUCCESS] bvid=BV19QDLB8ESs 已成功抓取全部所需数据。
[2026-04-09 23:53:04] [SUCCESS] bvid=BV19QDLB8E1K 已成功抓取全部所需数据。
[2026-04-09 23:53:10] [SUCCESS] bvid=BV15QDLBhEJy 已成功抓取全部所需数据。
[2026-04-09 23:53:15] [SUCCESS] bvid=BV1RQDLB8EAr 已成功抓取全部所需数据。
[2026-04-09 23:53:21] [SUCCESS] bvid=BV1XXDLBfEvh 已成功抓取全部所需数据。
[2026-04-09 23:53:26] [SUCCESS] bvid=BV19QDLB8EUH 已成功抓取全部所需数据。
[2026-04-09 23:53:31] [SUCCESS] bvid=BV1vQDLBhEux 已成功抓取全部所需数据。
[2026-04-09 23:53:37] [SUCCESS] bvid=BV1RQDLB8ETV 已成功抓取全部所需数据。
[2026-04-09 23:53:42] [SUCCESS] bvid=BV1e9DLBFEFk 已成功抓取全部所需数据。
[2026-04-09 23:53:47] [SUCCESS] bvid=BV19XDLBfEwm 已成功抓取全部所需数据。
[2026-04-09 23:53:47] [INFO] 当前 batch_crawl 已完成，所有视频均已成功抓取。
[2026-04-09 23:53:47] 子任务结束时间：2026-04-09T23:53:47.801039
[TIMESTAMP][END] 2026-04-09T23:53:47
