[TIMESTAMP][BEGIN] 2026-04-10T06:37:07
[2026-04-10 06:37:09] 开始执行 CSV 批量抓取子任务 part_46。
[2026-04-10 06:37:09] 子任务开始时间：2026-04-10T06:37:07.109501
[2026-04-10 06:37:09] 输入文件：batch_input_46.csv
[2026-04-10 06:37:09] 输入唯一 bvid 数量：100
[2026-04-10 06:37:09] 为严格按 CSV 顺序判断连续失败阈值，本次任务自动将并发度从 2 调整为 1。
[2026-04-10 06:37:13] [SUCCESS] bvid=BV1T69gB5ERs 已成功抓取全部所需数据。
[2026-04-10 06:37:18] [SUCCESS] bvid=BV1M69gB5E4o 已成功抓取全部所需数据。
[2026-04-10 06:37:23] [SUCCESS] bvid=BV1Tr9gBCEuS 已成功抓取全部所需数据。
[2026-04-10 06:37:28] [SUCCESS] bvid=BV1tr9gBCEAQ 已成功抓取全部所需数据。
[2026-04-10 06:37:33] [SUCCESS] bvid=BV1Tr9gBCEjD 已成功抓取全部所需数据。
[2026-04-10 06:37:38] [SUCCESS] bvid=BV1sS9gBMExa 已成功抓取全部所需数据。
[2026-04-10 06:37:43] [SUCCESS] bvid=BV1AD9gBqEKJ 已成功抓取全部所需数据。
[2026-04-10 06:37:48] [SUCCESS] bvid=BV1WS9gBMEDy 已成功抓取全部所需数据。
[2026-04-10 06:37:53] [SUCCESS] bvid=BV1PD9gBqEu5 已成功抓取全部所需数据。
[2026-04-10 06:37:57] [SUCCESS] bvid=BV1wD9gBqER5 已成功抓取全部所需数据。
[2026-04-10 06:38:02] [SUCCESS] bvid=BV1K29gBgELV 已成功抓取全部所需数据。
[2026-04-10 06:38:03] [ERROR] bvid=BV1sm9gBzEeg 抓取失败：stat: 接口返回错误代码：-404，信息：啥都木有。
{'code': -404, 'message': '啥都木有', 'ttl': 1} | comment: 接口返回错误代码：-404，信息：啥都木有。
{'code': -404, 'message': '啥都木有', 'ttl': 1}
[2026-04-10 06:38:08] [SUCCESS] bvid=BV1Nm9gBzEi2 已成功抓取全部所需数据。
[2026-04-10 06:38:08] [ERROR] bvid=BV1K29gBgEG1 抓取失败：stat: 接口返回错误代码：-404，信息：啥都木有。
{'code': -404, 'message': '啥都木有', 'ttl': 1} | comment: 接口返回错误代码：-404，信息：啥都木有。
{'code': -404, 'message': '啥都木有', 'ttl': 1}
[2026-04-10 06:38:13] [SUCCESS] bvid=BV1Wm9gBzESJ 已成功抓取全部所需数据。
[2026-04-10 06:38:18] [SUCCESS] bvid=BV1Pm9gBzEHg 已成功抓取全部所需数据。
[2026-04-10 06:38:23] [SUCCESS] bvid=BV1Vh9gBnEdz 已成功抓取全部所需数据。
[2026-04-10 06:38:28] [SUCCESS] bvid=BV1Vh9gBnE4S 已成功抓取全部所需数据。
[2026-04-10 06:38:33] [SUCCESS] bvid=BV1Gh9gBnEgi 已成功抓取全部所需数据。
[2026-04-10 06:38:38] [SUCCESS] bvid=BV15b9gBQEG1 已成功抓取全部所需数据。
[2026-04-10 06:38:43] [SUCCESS] bvid=BV1Qa9gBSExx 已成功抓取全部所需数据。
[2026-04-10 06:38:48] [SUCCESS] bvid=BV1Zc93BfEGw 已成功抓取全部所需数据。
[2026-04-10 06:38:53] [SUCCESS] bvid=BV1Rt9gBpEfE 已成功抓取全部所需数据。
[2026-04-10 06:38:58] [SUCCESS] bvid=BV15t9gBpESR 已成功抓取全部所需数据。
[2026-04-10 06:39:03] [SUCCESS] bvid=BV1nT9KBnEjQ 已成功抓取全部所需数据。
[2026-04-10 06:39:08] [SUCCESS] bvid=BV1u89KBvEgk 已成功抓取全部所需数据。
[2026-04-10 06:39:13] [SUCCESS] bvid=BV1uq9gBjEiu 已成功抓取全部所需数据。
[2026-04-10 06:39:17] [SUCCESS] bvid=BV1SB9gB1EXc 已成功抓取全部所需数据。
[2026-04-10 06:39:22] [SUCCESS] bvid=BV1MB9gB1Ek6 已成功抓取全部所需数据。
[2026-04-10 06:39:27] [SUCCESS] bvid=BV1Ge9gBEETk 已成功抓取全部所需数据。
[2026-04-10 06:39:32] [SUCCESS] bvid=BV13e9gBEEvN 已成功抓取全部所需数据。
[2026-04-10 06:39:38] [SUCCESS] bvid=BV18v9gBmEcT 已成功抓取全部所需数据。
[2026-04-10 06:39:43] [SUCCESS] bvid=BV1dT93BRE3T 已成功抓取全部所需数据。
[2026-04-10 06:39:48] [SUCCESS] bvid=BV19T93BREZB 已成功抓取全部所需数据。
[2026-04-10 06:39:53] [SUCCESS] bvid=BV1RT93BRE1o 已成功抓取全部所需数据。
[2026-04-10 06:39:58] [SUCCESS] bvid=BV1LT93BdE26 已成功抓取全部所需数据。
[2026-04-10 06:40:03] [SUCCESS] bvid=BV19T93BREt9 已成功抓取全部所需数据。
[2026-04-10 06:40:08] [SUCCESS] bvid=BV1Ru93BWExj 已成功抓取全部所需数据。
[2026-04-10 06:40:13] [SUCCESS] bvid=BV1jP93BZEjB 已成功抓取全部所需数据。
[2026-04-10 06:40:18] [SUCCESS] bvid=BV1jP93BZExk 已成功抓取全部所需数据。
[2026-04-10 06:40:23] [SUCCESS] bvid=BV1oP93BoEmW 已成功抓取全部所需数据。
[2026-04-10 06:40:28] [SUCCESS] bvid=BV1dP93BoEB1 已成功抓取全部所需数据。
[2026-04-10 06:40:32] [SUCCESS] bvid=BV1dK93BxE9H 已成功抓取全部所需数据。
[2026-04-10 06:40:38] [SUCCESS] bvid=BV1DV93BDEeU 已成功抓取全部所需数据。
[2026-04-10 06:40:43] [SUCCESS] bvid=BV1QL93BJE1V 已成功抓取全部所需数据。
[2026-04-10 06:40:49] [SUCCESS] bvid=BV1aV93BQEKt 已成功抓取全部所需数据。
[2026-04-10 06:40:55] [SUCCESS] bvid=BV1XV93BDEHX 已成功抓取全部所需数据。
[2026-04-10 06:41:01] [SUCCESS] bvid=BV1Rg93BXEwR 已成功抓取全部所需数据。
[2026-04-10 06:41:07] [SUCCESS] bvid=BV1XL93BnEnd 已成功抓取全部所需数据。
[2026-04-10 06:41:14] [SUCCESS] bvid=BV1Hd9gBPE1e 已成功抓取全部所需数据。
[2026-04-10 06:41:20] [SUCCESS] bvid=BV1XG93BHE3D 已成功抓取全部所需数据。
[2026-04-10 06:41:26] [SUCCESS] bvid=BV1GG93BpEeV 已成功抓取全部所需数据。
[2026-04-10 06:41:32] [SUCCESS] bvid=BV1Fo9gBYEHc 已成功抓取全部所需数据。
[2026-04-10 06:41:38] [SUCCESS] bvid=BV1j79MBHE3F 已成功抓取全部所需数据。
[2026-04-10 06:41:44] [SUCCESS] bvid=BV1GfXDB8E3E 已成功抓取全部所需数据。
[2026-04-10 06:41:50] [SUCCESS] bvid=BV1cd9gBPE9N 已成功抓取全部所需数据。
[2026-04-10 06:41:57] [SUCCESS] bvid=BV15H9MBUEeM 已成功抓取全部所需数据。
[2026-04-10 06:42:02] [SUCCESS] bvid=BV1wX9gBKE6s 已成功抓取全部所需数据。
[2026-04-10 06:42:08] [SUCCESS] bvid=BV1n99gBvEpj 已成功抓取全部所需数据。
[2026-04-10 06:42:14] [SUCCESS] bvid=BV1H99gBvEVZ 已成功抓取全部所需数据。
[2026-04-10 06:42:20] [SUCCESS] bvid=BV1F99gBvEou 已成功抓取全部所需数据。
[2026-04-10 06:42:26] [SUCCESS] bvid=BV1F99gBvEoo 已成功抓取全部所需数据。
[2026-04-10 06:42:33] [SUCCESS] bvid=BV1w99gBvE1k 已成功抓取全部所需数据。
[2026-04-10 06:42:39] [SUCCESS] bvid=BV1H99gBvE88 已成功抓取全部所需数据。
[2026-04-10 06:42:45] [SUCCESS] bvid=BV1Zc93BfEH5 已成功抓取全部所需数据。
[2026-04-10 06:42:51] [SUCCESS] bvid=BV1fc93BfEwN 已成功抓取全部所需数据。
[2026-04-10 06:42:57] [SUCCESS] bvid=BV1ff9gBcEzU 已成功抓取全部所需数据。
[2026-04-10 06:43:02] [SUCCESS] bvid=BV1EA93BbETh 已成功抓取全部所需数据。
[2026-04-10 06:43:08] [SUCCESS] bvid=BV1ZA93BtEso 已成功抓取全部所需数据。
[2026-04-10 06:43:14] [SUCCESS] bvid=BV1ZA93BtEu2 已成功抓取全部所需数据。
[2026-04-10 06:43:20] [SUCCESS] bvid=BV11w9MBaEv4 已成功抓取全部所需数据。
[2026-04-10 06:43:26] [SUCCESS] bvid=BV1fL9MBXEBT 已成功抓取全部所需数据。
[2026-04-10 06:43:31] [SUCCESS] bvid=BV1ff9gBcEBx 已成功抓取全部所需数据。
[2026-04-10 06:43:36] [SUCCESS] bvid=BV1EF93BhEKG 已成功抓取全部所需数据。
[2026-04-10 06:43:40] [SUCCESS] bvid=BV1Ff9gBwEY4 已成功抓取全部所需数据。
[2026-04-10 06:43:45] [SUCCESS] bvid=BV1zF93BhEzF 已成功抓取全部所需数据。
[2026-04-10 06:43:50] [SUCCESS] bvid=BV1eL9sBoEKa 已成功抓取全部所需数据。
[2026-04-10 06:43:55] [SUCCESS] bvid=BV1EF93BhEp1 已成功抓取全部所需数据。
[2026-04-10 06:44:00] [SUCCESS] bvid=BV1zL9MBXEN8 已成功抓取全部所需数据。
[2026-04-10 06:44:05] [SUCCESS] bvid=BV1j79MBHE9v 已成功抓取全部所需数据。
[2026-04-10 06:44:10] [SUCCESS] bvid=BV1B79MBHEuN 已成功抓取全部所需数据。
[2026-04-10 06:44:15] [SUCCESS] bvid=BV1779MBHE4Y 已成功抓取全部所需数据。
[2026-04-10 06:44:20] [SUCCESS] bvid=BV16G9MBREJy 已成功抓取全部所需数据。
[2026-04-10 06:44:25] [SUCCESS] bvid=BV1q79MBHE3m 已成功抓取全部所需数据。
[2026-04-10 06:44:31] [SUCCESS] bvid=BV1E59MBWEhg 已成功抓取全部所需数据。
[2026-04-10 06:44:36] [SUCCESS] bvid=BV1J59MBWEmn 已成功抓取全部所需数据。
[2026-04-10 06:44:41] [SUCCESS] bvid=BV1B59MBWEBG 已成功抓取全部所需数据。
[2026-04-10 06:44:46] [SUCCESS] bvid=BV1J59MBWEDN 已成功抓取全部所需数据。
[2026-04-10 06:44:51] [SUCCESS] bvid=BV1f59MBWEHT 已成功抓取全部所需数据。
[2026-04-10 06:44:56] [SUCCESS] bvid=BV1LH9MBUEn4 已成功抓取全部所需数据。
[2026-04-10 06:45:01] [SUCCESS] bvid=BV1jH9MBUE5c 已成功抓取全部所需数据。
[2026-04-10 06:45:06] [SUCCESS] bvid=BV15H9MBUE6N 已成功抓取全部所需数据。
[2026-04-10 06:45:11] [SUCCESS] bvid=BV1VW9MB7E2S 已成功抓取全部所需数据。
[2026-04-10 06:45:17] [SUCCESS] bvid=BV1p29MBaEbv 已成功抓取全部所需数据。
[2026-04-10 06:45:22] [SUCCESS] bvid=BV1GW9KBzEfM 已成功抓取全部所需数据。
[2026-04-10 06:45:27] [SUCCESS] bvid=BV1qn9MBJEF4 已成功抓取全部所需数据。
[2026-04-10 06:45:32] [SUCCESS] bvid=BV1in9MBJEaj 已成功抓取全部所需数据。
[2026-04-10 06:45:37] [SUCCESS] bvid=BV1WP9MBcEGk 已成功抓取全部所需数据。
[2026-04-10 06:45:42] [SUCCESS] bvid=BV1WN9MB8EBW 已成功抓取全部所需数据。
[2026-04-10 06:45:47] [SUCCESS] bvid=BV1sP9MBcEaT 已成功抓取全部所需数据。
[2026-04-10 06:45:47] [WARN] 当前子任务已结束，但仍有未成功抓取的视频，已导出 remaining CSV 供继续执行。
[2026-04-10 06:45:47] [INFO] 已导出剔除成功条目后的剩余 CSV：D:\Schoolworks\Thesis\Bilibili-Datahub\outputs\video_data\manual_crawls\manual_crawl_stat_comment_20260409_211948\remaining_bvids_part_46.csv
[2026-04-10 06:45:47] 子任务结束时间：2026-04-10T06:45:47.251391
[TIMESTAMP][END] 2026-04-10T06:45:47
