[TIMESTAMP][BEGIN] 2026-04-09T23:05:26
[2026-04-09 23:05:28] 开始执行 CSV 批量抓取子任务 part_4。
[2026-04-09 23:05:28] 子任务开始时间：2026-04-09T23:05:26.316515
[2026-04-09 23:05:28] 输入文件：batch_input_4.csv
[2026-04-09 23:05:28] 输入唯一 bvid 数量：100
[2026-04-09 23:05:28] 为严格按 CSV 顺序判断连续失败阈值，本次任务自动将并发度从 2 调整为 1。
[2026-04-09 23:05:34] [SUCCESS] bvid=BV1ULDpBMEEp 已成功抓取全部所需数据。
[2026-04-09 23:05:39] [SUCCESS] bvid=BV1mjDpBqEZS 已成功抓取全部所需数据。
[2026-04-09 23:05:45] [SUCCESS] bvid=BV19cDEBwEwR 已成功抓取全部所需数据。
[2026-04-09 23:05:51] [SUCCESS] bvid=BV18RDpBrE1h 已成功抓取全部所需数据。
[2026-04-09 23:05:57] [SUCCESS] bvid=BV1QGDpBgEPA 已成功抓取全部所需数据。
[2026-04-09 23:06:03] [SUCCESS] bvid=BV1uVDpB6EiE 已成功抓取全部所需数据。
[2026-04-09 23:06:08] [SUCCESS] bvid=BV1DVDpBzEyN 已成功抓取全部所需数据。
[2026-04-09 23:06:14] [SUCCESS] bvid=BV1v1DpBmEPj 已成功抓取全部所需数据。
[2026-04-09 23:06:20] [SUCCESS] bvid=BV1v1DpBmEv6 已成功抓取全部所需数据。
[2026-04-09 23:06:25] [SUCCESS] bvid=BV1R1DpBmEgs 已成功抓取全部所需数据。
[2026-04-09 23:06:31] [SUCCESS] bvid=BV1emDpBjEsx 已成功抓取全部所需数据。
[2026-04-09 23:06:37] [SUCCESS] bvid=BV1XmDpBjEfx 已成功抓取全部所需数据。
[2026-04-09 23:06:43] [SUCCESS] bvid=BV1emDpBjEnV 已成功抓取全部所需数据。
[2026-04-09 23:06:49] [SUCCESS] bvid=BV1emDpBjE4o 已成功抓取全部所需数据。
[2026-04-09 23:06:55] [SUCCESS] bvid=BV1AvDLBGEhv 已成功抓取全部所需数据。
[2026-04-09 23:07:01] [SUCCESS] bvid=BV1RmDpBjEKJ 已成功抓取全部所需数据。
[2026-04-09 23:07:07] [SUCCESS] bvid=BV1dyDpBEE8S 已成功抓取全部所需数据。
[2026-04-09 23:07:12] [SUCCESS] bvid=BV1vkDpBSErD 已成功抓取全部所需数据。
[2026-04-09 23:07:18] [SUCCESS] bvid=BV1jkDpBDE9t 已成功抓取全部所需数据。
[2026-04-09 23:07:24] [SUCCESS] bvid=BV1j9DJB1EdU 已成功抓取全部所需数据。
[2026-04-09 23:07:30] [SUCCESS] bvid=BV1pJDjBGExQ 已成功抓取全部所需数据。
[2026-04-09 23:07:36] [SUCCESS] bvid=BV1jQD7BuEJ2 已成功抓取全部所需数据。
[2026-04-09 23:07:42] [SUCCESS] bvid=BV1oXD7BqEJ4 已成功抓取全部所需数据。
[2026-04-09 23:07:48] [SUCCESS] bvid=BV1aUDpB1Eiy 已成功抓取全部所需数据。
[2026-04-09 23:07:54] [SUCCESS] bvid=BV1rTDHBREUA 已成功抓取全部所需数据。
[2026-04-09 23:07:59] [SUCCESS] bvid=BV1vkDpBSEb4 已成功抓取全部所需数据。
[2026-04-09 23:08:05] [SUCCESS] bvid=BV1vyDpBEESx 已成功抓取全部所需数据。
[2026-04-09 23:08:11] [SUCCESS] bvid=BV1aQDpBCE3C 已成功抓取全部所需数据。
[2026-04-09 23:08:16] [SUCCESS] bvid=BV1QQDpBCEmM 已成功抓取全部所需数据。
[2026-04-09 23:08:22] [SUCCESS] bvid=BV1h9DpBGEaW 已成功抓取全部所需数据。
[2026-04-09 23:08:27] [SUCCESS] bvid=BV1DHD7BfEHS 已成功抓取全部所需数据。
[2026-04-09 23:08:33] [SUCCESS] bvid=BV1XDDpB5EYH 已成功抓取全部所需数据。
[2026-04-09 23:08:39] [SUCCESS] bvid=BV19wDnBuEmW 已成功抓取全部所需数据。
[2026-04-09 23:08:44] [SUCCESS] bvid=BV1ziDpB9Exq 已成功抓取全部所需数据。
[2026-04-09 23:08:50] [SUCCESS] bvid=BV1XDDpB5E8i 已成功抓取全部所需数据。
[2026-04-09 23:08:55] [SUCCESS] bvid=BV1hDDpB5E9T 已成功抓取全部所需数据。
[2026-04-09 23:09:01] [SUCCESS] bvid=BV1FYDpBoEos 已成功抓取全部所需数据。
[2026-04-09 23:09:07] [SUCCESS] bvid=BV1cYDpBoEWa 已成功抓取全部所需数据。
[2026-04-09 23:09:12] [SUCCESS] bvid=BV1ksDnBWExo 已成功抓取全部所需数据。
[2026-04-09 23:09:18] [SUCCESS] bvid=BV1zvDpBsECB 已成功抓取全部所需数据。
[2026-04-09 23:09:23] [SUCCESS] bvid=BV1ANDYBdEcR 已成功抓取全部所需数据。
[2026-04-09 23:09:29] [SUCCESS] bvid=BV1WaDLB5EXs 已成功抓取全部所需数据。
[2026-04-09 23:09:35] [SUCCESS] bvid=BV1P5DjB1EMx 已成功抓取全部所需数据。
[2026-04-09 23:09:41] [SUCCESS] bvid=BV1ikDFBHEaE 已成功抓取全部所需数据。
[2026-04-09 23:09:46] [SUCCESS] bvid=BV1XdDLBoEr2 已成功抓取全部所需数据。
[2026-04-09 23:09:52] [SUCCESS] bvid=BV1Z1DLBvEdV 已成功抓取全部所需数据。
[2026-04-09 23:09:58] [SUCCESS] bvid=BV1rVDWBbEt8 已成功抓取全部所需数据。
[2026-04-09 23:10:04] [SUCCESS] bvid=BV1BKD6BMEZW 已成功抓取全部所需数据。
[2026-04-09 23:10:10] [SUCCESS] bvid=BV1L1XZBpExb 已成功抓取全部所需数据。
[2026-04-09 23:10:16] [SUCCESS] bvid=BV1LpDHByET6 已成功抓取全部所需数据。
[2026-04-09 23:10:22] [SUCCESS] bvid=BV1w8DpBfEZy 已成功抓取全部所需数据。
[2026-04-09 23:10:28] [SUCCESS] bvid=BV1k8DpBZEmd 已成功抓取全部所需数据。
[2026-04-09 23:10:33] [SUCCESS] bvid=BV1r8DpBZEuW 已成功抓取全部所需数据。
[2026-04-09 23:10:39] [SUCCESS] bvid=BV1raDpB4Edv 已成功抓取全部所需数据。
[2026-04-09 23:10:45] [SUCCESS] bvid=BV1qzDpBQE2v 已成功抓取全部所需数据。
[2026-04-09 23:10:51] [SUCCESS] bvid=BV1doDJBkErK 已成功抓取全部所需数据。
[2026-04-09 23:10:57] [SUCCESS] bvid=BV1izDpBQESU 已成功抓取全部所需数据。
[2026-04-09 23:11:02] [SUCCESS] bvid=BV1qrDpBnE1F 已成功抓取全部所需数据。
[2026-04-09 23:11:08] [SUCCESS] bvid=BV1rgDWBhESU 已成功抓取全部所需数据。
[2026-04-09 23:11:13] [SUCCESS] bvid=BV1oBDpBpEfM 已成功抓取全部所需数据。
[2026-04-09 23:11:19] [SUCCESS] bvid=BV1BBDpBpEeF 已成功抓取全部所需数据。
[2026-04-09 23:11:25] [SUCCESS] bvid=BV1HgDWBhEhf 已成功抓取全部所需数据。
[2026-04-09 23:11:30] [SUCCESS] bvid=BV1rGDWBFEas 已成功抓取全部所需数据。
[2026-04-09 23:11:36] [SUCCESS] bvid=BV1ACDJBpEBN 已成功抓取全部所需数据。
[2026-04-09 23:11:42] [SUCCESS] bvid=BV19dD7BvEr1 已成功抓取全部所需数据。
[2026-04-09 23:11:47] [SUCCESS] bvid=BV1CTDWBYEBn 已成功抓取全部所需数据。
[2026-04-09 23:11:53] [SUCCESS] bvid=BV1yTDWBYEr8 已成功抓取全部所需数据。
[2026-04-09 23:11:58] [SUCCESS] bvid=BV16VDWBbE4A 已成功抓取全部所需数据。
[2026-04-09 23:12:05] [SUCCESS] bvid=BV1f7DWBdEKX 已成功抓取全部所需数据。
[2026-04-09 23:12:10] [SUCCESS] bvid=BV1E7DWBdEzk 已成功抓取全部所需数据。
[2026-04-09 23:12:16] [SUCCESS] bvid=BV1J7DWBdEK9 已成功抓取全部所需数据。
[2026-04-09 23:12:21] [SUCCESS] bvid=BV1HVDWBbEM8 已成功抓取全部所需数据。
[2026-04-09 23:12:28] [SUCCESS] bvid=BV1n5DWBZEQL 已成功抓取全部所需数据。
[2026-04-09 23:12:33] [SUCCESS] bvid=BV1wpDnBdErL 已成功抓取全部所需数据。
[2026-04-09 23:12:39] [SUCCESS] bvid=BV1n5DWBZEas 已成功抓取全部所需数据。
[2026-04-09 23:12:45] [SUCCESS] bvid=BV1SZDpBzEAT 已成功抓取全部所需数据。
[2026-04-09 23:12:50] [SUCCESS] bvid=BV1tqDvB6E1f 已成功抓取全部所需数据。
[2026-04-09 23:12:56] [SUCCESS] bvid=BV1gwDjB9EDS 已成功抓取全部所需数据。
[2026-04-09 23:13:02] [SUCCESS] bvid=BV1wsDuBREDP 已成功抓取全部所需数据。
[2026-04-09 23:13:08] [SUCCESS] bvid=BV19wDnBuEPe 已成功抓取全部所需数据。
[2026-04-09 23:13:14] [SUCCESS] bvid=BV17zDeBHENi 已成功抓取全部所需数据。
[2026-04-09 23:13:19] [SUCCESS] bvid=BV1bZDpBzE4u 已成功抓取全部所需数据。
[2026-04-09 23:13:25] [SUCCESS] bvid=BV1tZDpBzExB 已成功抓取全部所需数据。
[2026-04-09 23:13:30] [SUCCESS] bvid=BV1tFDWBMESo 已成功抓取全部所需数据。
[2026-04-09 23:13:36] [SUCCESS] bvid=BV18RDpBrEvd 已成功抓取全部所需数据。
[2026-04-09 23:13:41] [SUCCESS] bvid=BV1DRDpBrEVz 已成功抓取全部所需数据。
[2026-04-09 23:13:47] [SUCCESS] bvid=BV13RDpBkELF 已成功抓取全部所需数据。
[2026-04-09 23:13:52] [SUCCESS] bvid=BV1xPDWBvE7t 已成功抓取全部所需数据。
[2026-04-09 23:13:58] [SUCCESS] bvid=BV18RDpBrEZq 已成功抓取全部所需数据。
[2026-04-09 23:14:04] [SUCCESS] bvid=BV1SoDpBgEep 已成功抓取全部所需数据。
[2026-04-09 23:14:10] [SUCCESS] bvid=BV14cDWBqEKc 已成功抓取全部所需数据。
[2026-04-09 23:14:15] [SUCCESS] bvid=BV1joDJBCEua 已成功抓取全部所需数据。
[2026-04-09 23:14:21] [SUCCESS] bvid=BV12EDnBtENh 已成功抓取全部所需数据。
[2026-04-09 23:14:27] [SUCCESS] bvid=BV1yEDnBtEUj 已成功抓取全部所需数据。
[2026-04-09 23:14:32] [SUCCESS] bvid=BV11EDnBtEVJ 已成功抓取全部所需数据。
[2026-04-09 23:14:38] [SUCCESS] bvid=BV11JDnBoEuP 已成功抓取全部所需数据。
[2026-04-09 23:14:44] [SUCCESS] bvid=BV1TLDnBhEnT 已成功抓取全部所需数据。
[2026-04-09 23:14:49] [SUCCESS] bvid=BV1AHDnB4EXo 已成功抓取全部所需数据。
[2026-04-09 23:14:55] [SUCCESS] bvid=BV1FX9MBtE4f 已成功抓取全部所需数据。
[2026-04-09 23:15:01] [SUCCESS] bvid=BV1fX9MB4EBJ 已成功抓取全部所需数据。
[2026-04-09 23:15:01] [INFO] 当前 batch_crawl 已完成，所有视频均已成功抓取。
[2026-04-09 23:15:01] 子任务结束时间：2026-04-09T23:15:01.307428
[TIMESTAMP][END] 2026-04-09T23:15:01
