[TIMESTAMP][BEGIN] 2026-04-10T00:45:20
[2026-04-10 00:45:23] 开始执行 CSV 批量抓取子任务 part_13。
[2026-04-10 00:45:23] 子任务开始时间：2026-04-10T00:45:20.790773
[2026-04-10 00:45:23] 输入文件：batch_input_13.csv
[2026-04-10 00:45:23] 输入唯一 bvid 数量：100
[2026-04-10 00:45:23] 为严格按 CSV 顺序判断连续失败阈值，本次任务自动将并发度从 2 调整为 1。
[2026-04-10 00:45:28] [SUCCESS] bvid=BV1AgDvBcE97 已成功抓取全部所需数据。
[2026-04-10 00:45:32] [SUCCESS] bvid=BV1XHSoBMEAY 已成功抓取全部所需数据。
[2026-04-10 00:45:37] [SUCCESS] bvid=BV1Lt9gBpEGq 已成功抓取全部所需数据。
[2026-04-10 00:45:42] [SUCCESS] bvid=BV1u9DaBPEk7 已成功抓取全部所需数据。
[2026-04-10 00:45:48] [SUCCESS] bvid=BV1tJDeBNEDv 已成功抓取全部所需数据。
[2026-04-10 00:45:53] [SUCCESS] bvid=BV1yRDzB1EFv 已成功抓取全部所需数据。
[2026-04-10 00:45:58] [SUCCESS] bvid=BV12QDzBmEBx 已成功抓取全部所需数据。
[2026-04-10 00:46:03] [SUCCESS] bvid=BV129DzBjEsx 已成功抓取全部所需数据。
[2026-04-10 00:46:08] [SUCCESS] bvid=BV129DzBjENN 已成功抓取全部所需数据。
[2026-04-10 00:46:13] [SUCCESS] bvid=BV1SbD6BpE53 已成功抓取全部所需数据。
[2026-04-10 00:46:18] [SUCCESS] bvid=BV1WvD6BEEXv 已成功抓取全部所需数据。
[2026-04-10 00:46:24] [SUCCESS] bvid=BV1xiD6BmE3T 已成功抓取全部所需数据。
[2026-04-10 00:46:29] [SUCCESS] bvid=BV1siD6BmESk 已成功抓取全部所需数据。
[2026-04-10 00:46:34] [SUCCESS] bvid=BV1anD6BZEm6 已成功抓取全部所需数据。
[2026-04-10 00:46:39] [SUCCESS] bvid=BV1rfDqBNEip 已成功抓取全部所需数据。
[2026-04-10 00:46:44] [SUCCESS] bvid=BV1m2DqBVE9v 已成功抓取全部所需数据。
[2026-04-10 00:46:49] [SUCCESS] bvid=BV1QBDqBUEhh 已成功抓取全部所需数据。
[2026-04-10 00:46:55] [SUCCESS] bvid=BV19hDqBWE6w 已成功抓取全部所需数据。
[2026-04-10 00:47:00] [SUCCESS] bvid=BV19aDqBXEV2 已成功抓取全部所需数据。
[2026-04-10 00:47:05] [SUCCESS] bvid=BV1eLDBBWEsv 已成功抓取全部所需数据。
[2026-04-10 00:47:11] [SUCCESS] bvid=BV1acDzBXEgj 已成功抓取全部所需数据。
[2026-04-10 00:47:16] [SUCCESS] bvid=BV13cDzBXE71 已成功抓取全部所需数据。
[2026-04-10 00:47:22] [SUCCESS] bvid=BV16fDvB4EGq 已成功抓取全部所需数据。
[2026-04-10 00:47:27] [SUCCESS] bvid=BV1euDiBSEqZ 已成功抓取全部所需数据。
[2026-04-10 00:47:33] [SUCCESS] bvid=BV1iNDiBpEMJ 已成功抓取全部所需数据。
[2026-04-10 00:47:38] [SUCCESS] bvid=BV1CUDvBPEfz 已成功抓取全部所需数据。
[2026-04-10 00:47:43] [SUCCESS] bvid=BV1y8DiBKERe 已成功抓取全部所需数据。
[2026-04-10 00:47:48] [SUCCESS] bvid=BV1NcDYBbEJ9 已成功抓取全部所需数据。
[2026-04-10 00:47:55] [SUCCESS] bvid=BV15t9gBpE6G 已成功抓取全部所需数据。
[2026-04-10 00:48:01] [SUCCESS] bvid=BV1shDiBvEjy 已成功抓取全部所需数据。
[2026-04-10 00:48:06] [SUCCESS] bvid=BV1WhDiBvEMN 已成功抓取全部所需数据。
[2026-04-10 00:48:13] [SUCCESS] bvid=BV135DiB7EsW 已成功抓取全部所需数据。
[2026-04-10 00:48:18] [SUCCESS] bvid=BV18oDiBmE91 已成功抓取全部所需数据。
[2026-04-10 00:48:24] [SUCCESS] bvid=BV1e3DiBEETK 已成功抓取全部所需数据。
[2026-04-10 00:48:30] [SUCCESS] bvid=BV1a3DiBEEfN 已成功抓取全部所需数据。
[2026-04-10 00:48:35] [SUCCESS] bvid=BV1Y3DiBEEX6 已成功抓取全部所需数据。
[2026-04-10 00:48:41] [SUCCESS] bvid=BV193DiBEEqY 已成功抓取全部所需数据。
[2026-04-10 00:48:47] [SUCCESS] bvid=BV1UnDiBGEnu 已成功抓取全部所需数据。
[2026-04-10 00:48:52] [SUCCESS] bvid=BV18nDiBGEjq 已成功抓取全部所需数据。
[2026-04-10 00:48:57] [SUCCESS] bvid=BV1h7DiB5EpF 已成功抓取全部所需数据。
[2026-04-10 00:49:02] [SUCCESS] bvid=BV18EDiBCE7r 已成功抓取全部所需数据。
[2026-04-10 00:49:07] [SUCCESS] bvid=BV1GXDiBnEmH 已成功抓取全部所需数据。
[2026-04-10 00:49:13] [SUCCESS] bvid=BV1bEDiBCEYC 已成功抓取全部所需数据。
[2026-04-10 00:49:18] [SUCCESS] bvid=BV1DEDiBCEAL 已成功抓取全部所需数据。
[2026-04-10 00:49:23] [SUCCESS] bvid=BV1eXDiBnE5N 已成功抓取全部所需数据。
[2026-04-10 00:49:28] [SUCCESS] bvid=BV1LmDiB9ES4 已成功抓取全部所需数据。
[2026-04-10 00:49:34] [SUCCESS] bvid=BV15mDiB9E69 已成功抓取全部所需数据。
[2026-04-10 00:49:39] [SUCCESS] bvid=BV1V2DeB2Eto 已成功抓取全部所需数据。
[2026-04-10 00:49:44] [SUCCESS] bvid=BV1RrDaBGEng 已成功抓取全部所需数据。
[2026-04-10 00:49:50] [SUCCESS] bvid=BV1hoDiBmEDM 已成功抓取全部所需数据。
[2026-04-10 00:49:55] [SUCCESS] bvid=BV1GdDiBEE7w 已成功抓取全部所需数据。
[2026-04-10 00:50:00] [SUCCESS] bvid=BV1GdDiBEEyL 已成功抓取全部所需数据。
[2026-04-10 00:50:05] [SUCCESS] bvid=BV1nzDiBFEME 已成功抓取全部所需数据。
[2026-04-10 00:50:11] [SUCCESS] bvid=BV1JzDiBFEyP 已成功抓取全部所需数据。
[2026-04-10 00:50:16] [SUCCESS] bvid=BV1JzDiBFEjj 已成功抓取全部所需数据。
[2026-04-10 00:50:21] [SUCCESS] bvid=BV1nzDiBFEpb 已成功抓取全部所需数据。
[2026-04-10 00:50:27] [SUCCESS] bvid=BV1J6DiBbEth 已成功抓取全部所需数据。
[2026-04-10 00:50:32] [SUCCESS] bvid=BV1ciDiBAEXD 已成功抓取全部所需数据。
[2026-04-10 00:50:37] [SUCCESS] bvid=BV1J6DiBbEqj 已成功抓取全部所需数据。
[2026-04-10 00:50:43] [SUCCESS] bvid=BV1niDiBwE8Y 已成功抓取全部所需数据。
[2026-04-10 00:50:48] [SUCCESS] bvid=BV1jyDiBdEBM 已成功抓取全部所需数据。
[2026-04-10 00:50:53] [SUCCESS] bvid=BV1rqDiBhEvF 已成功抓取全部所需数据。
[2026-04-10 00:50:58] [SUCCESS] bvid=BV17yDiBdEVJ 已成功抓取全部所需数据。
[2026-04-10 00:51:04] [SUCCESS] bvid=BV1q2DiBsEg4 已成功抓取全部所需数据。
[2026-04-10 00:51:09] [SUCCESS] bvid=BV1j2DiBsECg 已成功抓取全部所需数据。
[2026-04-10 00:51:15] [SUCCESS] bvid=BV1wLDqBvEhr 已成功抓取全部所需数据。
[2026-04-10 00:51:20] [SUCCESS] bvid=BV1zrDiBZEgG 已成功抓取全部所需数据。
[2026-04-10 00:51:25] [SUCCESS] bvid=BV1ErDiBZEa8 已成功抓取全部所需数据。
[2026-04-10 00:51:31] [SUCCESS] bvid=BV1ErDiBZEdB 已成功抓取全部所需数据。
[2026-04-10 00:51:36] [SUCCESS] bvid=BV1fCDiB4EAt 已成功抓取全部所需数据。
[2026-04-10 00:51:41] [SUCCESS] bvid=BV1ECDiB4E3X 已成功抓取全部所需数据。
[2026-04-10 00:51:46] [SUCCESS] bvid=BV1ECDiB4EpA 已成功抓取全部所需数据。
[2026-04-10 00:51:51] [SUCCESS] bvid=BV1YWDYBCEvp 已成功抓取全部所需数据。
[2026-04-10 00:51:57] [SUCCESS] bvid=BV1ALDqBvE5w 已成功抓取全部所需数据。
[2026-04-10 00:52:02] [SUCCESS] bvid=BV1pLDqBvE2W 已成功抓取全部所需数据。
[2026-04-10 00:52:07] [SUCCESS] bvid=BV1pLDqBvEdK 已成功抓取全部所需数据。
[2026-04-10 00:52:13] [SUCCESS] bvid=BV1AGDqBqEgh 已成功抓取全部所需数据。
[2026-04-10 00:52:18] [SUCCESS] bvid=BV1zeDeBREyi 已成功抓取全部所需数据。
[2026-04-10 00:52:23] [SUCCESS] bvid=BV1Ru93BWEwD 已成功抓取全部所需数据。
[2026-04-10 00:52:28] [SUCCESS] bvid=BV1sGDqBqEcT 已成功抓取全部所需数据。
[2026-04-10 00:52:33] [SUCCESS] bvid=BV1PGDqBqEeH 已成功抓取全部所需数据。
[2026-04-10 01:02:39] [SUCCESS] bvid=BV1W5DqBKE45 已成功抓取全部所需数据。
[2026-04-10 01:02:45] [SUCCESS] bvid=BV1fHDqB8EfG 已成功抓取全部所需数据。
[2026-04-10 01:02:50] [SUCCESS] bvid=BV1ZHDqB8EZu 已成功抓取全部所需数据。
[2026-04-10 01:02:55] [SUCCESS] bvid=BV1zHDqBhESc 已成功抓取全部所需数据。
[2026-04-10 01:03:01] [SUCCESS] bvid=BV1fnDqBcEqU 已成功抓取全部所需数据。
[2026-04-10 01:03:06] [SUCCESS] bvid=BV1EWDqBFEBY 已成功抓取全部所需数据。
[2026-04-10 01:03:11] [SUCCESS] bvid=BV1FEDqBYErM 已成功抓取全部所需数据。
[2026-04-10 01:03:16] [SUCCESS] bvid=BV1cEDqBYEim 已成功抓取全部所需数据。
[2026-04-10 01:03:22] [SUCCESS] bvid=BV1FnDqBwEod 已成功抓取全部所需数据。
[2026-04-10 01:03:27] [SUCCESS] bvid=BV1MADqBCE1s 已成功抓取全部所需数据。
[2026-04-10 01:03:33] [SUCCESS] bvid=BV1TADqBCEYJ 已成功抓取全部所需数据。
[2026-04-10 01:03:38] [SUCCESS] bvid=BV1TADqBCEp4 已成功抓取全部所需数据。
[2026-04-10 01:03:44] [SUCCESS] bvid=BV1TADqBCEXn 已成功抓取全部所需数据。
[2026-04-10 01:03:50] [SUCCESS] bvid=BV1TNDqBGEM8 已成功抓取全部所需数据。
[2026-04-10 01:03:56] [SUCCESS] bvid=BV1bjDeBTEaX 已成功抓取全部所需数据。
[2026-04-10 01:04:02] [SUCCESS] bvid=BV18QDaBvERh 已成功抓取全部所需数据。
[2026-04-10 01:04:07] [SUCCESS] bvid=BV1MNDqBGEEH 已成功抓取全部所需数据。
[2026-04-10 01:04:12] [SUCCESS] bvid=BV12g9NBbESK 已成功抓取全部所需数据。
[2026-04-10 01:04:17] [SUCCESS] bvid=BV1RMSDBXEFL 已成功抓取全部所需数据。
[2026-04-10 01:04:17] [INFO] 当前 batch_crawl 已完成，所有视频均已成功抓取。
[2026-04-10 01:04:17] 子任务结束时间：2026-04-10T01:04:17.945117
[TIMESTAMP][END] 2026-04-10T01:04:17
