[TIMESTAMP][BEGIN] 2026-04-10T20:21:30
uid_expansion 任务总结
session_dir: outputs/video_pool/uid_expansions/uid_expansion_20260325_20260410_202130
requested_window_start_at: 2026-03-25T00:00:00
requested_window_end_at: 2026-04-10T22:47:27
effective_window_start_at: 2026-04-09T00:00:00
effective_window_end_at: 2026-04-10T22:47:27
actual_window_start_at: 2026-04-09T11:30:00+00:00
actual_window_end_at: 2026-04-10T14:04:34+00:00
original_uid_count: 509
history_reused_owner_count: 509
part_count: 3
interruption_count: 2
total_video_count: 640
total_successful_owner_count: 509

parts:
- part_1:
  started_at=2026-04-10T20:21:30
  finished_at=2026-04-10T22:28:19
  input_owner_count=509
  successful_owner_count=494
  failed_owner_count=15
  remaining_owner_count=15
  video_count=626
  effective_window_start_at=2026-04-09T00:00:00
  effective_window_end_at=2026-04-10T20:21:30
  actual_window_start_at=2026-04-09T11:30:00+00:00
  actual_window_end_at=2026-04-10T14:04:34+00:00
  processed_batches=26/26
  stop_reason=completed_all_batches
  stopped_batch_index=None
  video_file=videolist_part_1.csv
  remaining_file=remaining_uids_part_1.csv
  log_file=logs/20260410_222819_651293_uid_expansion_part_1.log
- part_2:
  started_at=2026-04-10T22:40:54
  finished_at=2026-04-10T22:47:06
  input_owner_count=15
  successful_owner_count=14
  failed_owner_count=1
  remaining_owner_count=1
  video_count=14
  effective_window_start_at=2026-04-09T00:00:00
  effective_window_end_at=2026-04-10T22:40:54
  actual_window_start_at=2026-04-10T02:35:14+00:00
  actual_window_end_at=2026-04-10T09:55:00+00:00
  processed_batches=1/1
  stop_reason=completed_all_batches
  stopped_batch_index=None
  video_file=videolist_part_2.csv
  remaining_file=remaining_uids_part_2.csv
  log_file=logs/20260410_224706_590772_uid_expansion_part_2.log
- part_3:
  started_at=2026-04-10T22:47:27
  finished_at=2026-04-10T22:47:29
  input_owner_count=1
  successful_owner_count=1
  failed_owner_count=0
  remaining_owner_count=0
  video_count=0
  effective_window_start_at=2026-04-09T00:00:00
  effective_window_end_at=2026-04-10T22:47:27
  actual_window_start_at=
  actual_window_end_at=
  processed_batches=1/1
  stop_reason=completed_all_batches
  stopped_batch_index=None
  video_file=videolist_part_3.csv
  remaining_file=
  log_file=logs/20260410_224729_034642_uid_expansion_part_3.log
[TIMESTAMP][END] 2026-04-10T22:47:29
