[TIMESTAMP][BEGIN] 2026-04-18T00:06:48
[2026-04-18 00:06:51] 开始执行 CSV 批量抓取子任务 part_1。
[2026-04-18 00:06:51] 子任务开始时间：2026-04-18T00:06:48.772806
[2026-04-18 00:06:51] 输入文件：batch_input_1.csv
[2026-04-18 00:06:51] 输入唯一 bvid 数量：100
[2026-04-18 00:06:59] [SUCCESS] bvid=BV112QEBsENG 已成功抓取全部所需数据。
[2026-04-18 00:07:10] [SUCCESS] bvid=BV112QuBYEyz 已成功抓取全部所需数据。
[2026-04-18 00:07:12] [ERROR] bvid=BV113QeBeEAe 抓取失败：media: 接口返回错误代码：62002，信息：稿件不可见。
{'code': 62002, 'message': '稿件不可见', 'ttl': 1}
[2026-04-18 00:07:19] [SUCCESS] bvid=BV114QhBdEvi 已成功抓取全部所需数据。
[2026-04-18 00:07:25] [SUCCESS] bvid=BV117Q4BjEEK 已成功抓取全部所需数据。
[2026-04-18 00:07:30] [SUCCESS] bvid=BV11ADyBdEA5 已成功抓取全部所需数据。
[2026-04-18 00:07:36] [SUCCESS] bvid=BV11CQEB4ESU 已成功抓取全部所需数据。
[2026-04-18 00:07:41] [SUCCESS] bvid=BV11DQ3BBEca 已成功抓取全部所需数据。
[2026-04-18 00:07:43] [ERROR] bvid=BV11DXbBxENF 抓取失败：media: 接口返回错误代码：62002，信息：稿件不可见。
{'code': 62002, 'message': '稿件不可见', 'ttl': 1}
[2026-04-18 00:07:49] [SUCCESS] bvid=BV11EDXBmEwU 已成功抓取全部所需数据。
[2026-04-18 00:07:54] [SUCCESS] bvid=BV11EQ4B1ENQ 已成功抓取全部所需数据。
[2026-04-18 00:07:59] [SUCCESS] bvid=BV11FQtBmEuV 已成功抓取全部所需数据。
[2026-04-18 00:08:11] [SUCCESS] bvid=BV11HQ7BXEXn 已成功抓取全部所需数据。
[2026-04-18 00:08:16] [SUCCESS] bvid=BV11KQaBFE3B 已成功抓取全部所需数据。
[2026-04-18 00:08:29] [SUCCESS] bvid=BV11NQEBpEHw 已成功抓取全部所需数据。
[2026-04-18 00:08:35] [SUCCESS] bvid=BV11PQ8BXE5T 已成功抓取全部所需数据。
[2026-04-18 00:08:43] [ERROR] bvid=BV11PXPBDEgb 抓取失败：media: 接口返回错误代码：62002，信息：稿件不可见。
{'code': 62002, 'message': '稿件不可见', 'ttl': 1}
[2026-04-18 00:08:49] [SUCCESS] bvid=BV11QDzBmExG 已成功抓取全部所需数据。
[2026-04-18 00:08:55] [SUCCESS] bvid=BV11SQuBhETp 已成功抓取全部所需数据。
[2026-04-18 00:09:01] [SUCCESS] bvid=BV11UQuBwE4U 已成功抓取全部所需数据。
[2026-04-18 00:09:04] [ERROR] bvid=BV11VDjBLEto 抓取失败：media: 接口返回错误代码：62002，信息：稿件不可见。
{'code': 62002, 'message': '稿件不可见', 'ttl': 1}
[2026-04-18 00:09:14] [SUCCESS] bvid=BV11XDDB2Eyc 已成功抓取全部所需数据。
[2026-04-18 00:09:22] [ERROR] bvid=BV11YXTBtEa1 抓取失败：media: 接口返回错误代码：62002，信息：稿件不可见。
{'code': 62002, 'message': '稿件不可见', 'ttl': 1}
[2026-04-18 00:09:33] [SUCCESS] bvid=BV11bQhBsEgw 已成功抓取全部所需数据。
[2026-04-18 00:09:36] [ERROR] bvid=BV11bXNBpEhM 抓取失败：media: 接口返回错误代码：62002，信息：稿件不可见。
{'code': 62002, 'message': '稿件不可见', 'ttl': 1}
[2026-04-18 00:09:48] [SUCCESS] bvid=BV11eQGBuEdy 已成功抓取全部所需数据。
[2026-04-18 00:09:53] [SUCCESS] bvid=BV11hQgBYEKr 已成功抓取全部所需数据。
[2026-04-18 00:09:58] [SUCCESS] bvid=BV11kQjBJEsG 已成功抓取全部所需数据。
[2026-04-18 00:10:17] [SUCCESS] bvid=BV11m9cBmEaw 已成功抓取全部所需数据。
[2026-04-18 00:10:22] [SUCCESS] bvid=BV11nDCBxE8X 已成功抓取全部所需数据。
[2026-04-18 00:10:28] [SUCCESS] bvid=BV11nQ4B5Ewq 已成功抓取全部所需数据。
[2026-04-18 00:10:41] [SUCCESS] bvid=BV11oDXBQE8e 已成功抓取全部所需数据。
[2026-04-18 00:10:46] [SUCCESS] bvid=BV11pQbBDEhj 已成功抓取全部所需数据。
[2026-04-18 00:10:49] [ERROR] bvid=BV11pSDBVEUA 抓取失败：media: 接口返回错误代码：-404，信息：啥都木有。
{'code': -404, 'message': '啥都木有', 'ttl': 1}
[2026-04-18 00:10:56] [SUCCESS] bvid=BV11tQgBvEUD 已成功抓取全部所需数据。
[2026-04-18 00:11:07] [SUCCESS] bvid=BV11vQ5BjEfg 已成功抓取全部所需数据。
[2026-04-18 00:11:26] [SUCCESS] bvid=BV11vQGBBEgf 已成功抓取全部所需数据。
[2026-04-18 00:11:29] [ERROR] bvid=BV11zXpBzE9L 抓取失败：media: No downloadable media stream found for this bvid.
[2026-04-18 00:11:32] [ERROR] bvid=BV121XKBhEfd 抓取失败：media: No downloadable media stream found for this bvid.
[2026-04-18 00:11:34] [ERROR] bvid=BV1239NBZEN3 抓取失败：media: 接口返回错误代码：62002，信息：稿件不可见。
{'code': 62002, 'message': '稿件不可见', 'ttl': 1}
[2026-04-18 00:11:40] [SUCCESS] bvid=BV127Q4BjEYF 已成功抓取全部所需数据。
[2026-04-18 00:11:43] [ERROR] bvid=BV128QvBgES4 抓取失败：media: No downloadable media stream found for this bvid.
[2026-04-18 00:11:48] [SUCCESS] bvid=BV128QvBgEog 已成功抓取全部所需数据。
[2026-04-18 00:11:54] [SUCCESS] bvid=BV12GQ4BSEDz 已成功抓取全部所需数据。
[2026-04-18 00:12:00] [SUCCESS] bvid=BV12WQMB8Eta 已成功抓取全部所需数据。
[2026-04-18 00:12:03] [ERROR] bvid=BV12WXjBxEm9 抓取失败：media: 接口返回错误代码：62002，信息：稿件不可见。
{'code': 62002, 'message': '稿件不可见', 'ttl': 1}
[2026-04-18 00:12:14] [SUCCESS] bvid=BV12YQvBME5z 已成功抓取全部所需数据。
[2026-04-18 00:12:17] [ERROR] bvid=BV12dDuBYE9w 抓取失败：media: 接口返回错误代码：62002，信息：稿件不可见。
{'code': 62002, 'message': '稿件不可见', 'ttl': 1}
[2026-04-18 00:12:19] [ERROR] bvid=BV12e9LBXELR 抓取失败：media: 接口返回错误代码：-404，信息：啥都木有。
{'code': -404, 'message': '啥都木有', 'ttl': 1}
[2026-04-18 00:12:28] [SUCCESS] bvid=BV12eQvBBE7X 已成功抓取全部所需数据。
[2026-04-18 00:12:34] [SUCCESS] bvid=BV12fQ4BEEKo 已成功抓取全部所需数据。
[2026-04-18 00:12:40] [SUCCESS] bvid=BV12kDyBFEiu 已成功抓取全部所需数据。
[2026-04-18 00:12:43] [ERROR] bvid=BV12pDsB3E2x 抓取失败：media: 接口返回错误代码：62012，信息：62012。
{'code': 62012, 'message': '62012', 'ttl': 1}
[2026-04-18 00:12:49] [SUCCESS] bvid=BV12qQjBXEox 已成功抓取全部所需数据。
[2026-04-18 00:13:00] [SUCCESS] bvid=BV12wQEBsEV3 已成功抓取全部所需数据。
[2026-04-18 00:13:03] [ERROR] bvid=BV12xXzBpExQ 抓取失败：media: 接口返回错误代码：-404，信息：啥都木有。
{'code': -404, 'message': '啥都木有', 'ttl': 1}
[2026-04-18 00:13:12] [ERROR] bvid=BV12yDAB2EVb 抓取失败：media: 接口返回错误代码：62002，信息：稿件不可见。
{'code': 62002, 'message': '稿件不可见', 'ttl': 1}
[2026-04-18 00:13:17] [SUCCESS] bvid=BV133Q7B8Ejs 已成功抓取全部所需数据。
[2026-04-18 00:13:20] [ERROR] bvid=BV133XZB1EHu 抓取失败：media: No downloadable media stream found for this bvid.
[2026-04-18 00:13:23] [ERROR] bvid=BV133XZB1EvW 抓取失败：media: No downloadable media stream found for this bvid.
[2026-04-18 00:13:28] [SUCCESS] bvid=BV135QJBKE5E 已成功抓取全部所需数据。
[2026-04-18 00:13:37] [ERROR] bvid=BV135XjBYEUe 抓取失败：media: 接口返回错误代码：62002，信息：稿件不可见。
{'code': 62002, 'message': '稿件不可见', 'ttl': 1}
[2026-04-18 00:13:42] [SUCCESS] bvid=BV13AQiBUENW 已成功抓取全部所需数据。
[2026-04-18 00:13:45] [ERROR] bvid=BV13DXGBHEy6 抓取失败：media: 接口返回错误代码：62002，信息：稿件不可见。
{'code': 62002, 'message': '稿件不可见', 'ttl': 1}
[2026-04-18 00:13:49] [SUCCESS] bvid=BV13LQJBvEc2 已成功抓取全部所需数据。
[2026-04-18 00:13:55] [SUCCESS] bvid=BV13NQLBdEAs 已成功抓取全部所需数据。
[2026-04-18 00:13:58] [ERROR] bvid=BV13QX5BbEEM 抓取失败：media: 接口返回错误代码：62002，信息：稿件不可见。
{'code': 62002, 'message': '稿件不可见', 'ttl': 1}
[2026-04-18 00:14:01] [ERROR] bvid=BV13RX5B4E1W 抓取失败：media: 接口返回错误代码：62002，信息：稿件不可见。
{'code': 62002, 'message': '稿件不可见', 'ttl': 1}
[2026-04-18 00:14:04] [ERROR] bvid=BV13RXjBNECj 抓取失败：media: No downloadable media stream found for this bvid.
[2026-04-18 00:14:09] [SUCCESS] bvid=BV13VQhBiEPo 已成功抓取全部所需数据。
[2026-04-18 00:14:27] [SUCCESS] bvid=BV13WDQBxEa8 已成功抓取全部所需数据。
[2026-04-18 00:14:32] [SUCCESS] bvid=BV13WQ5BREMB 已成功抓取全部所需数据。
[2026-04-18 00:14:35] [ERROR] bvid=BV13YSSBmEHr 抓取失败：media: No downloadable media stream found for this bvid.
[2026-04-18 00:14:39] [SUCCESS] bvid=BV13aXPBaE2C 已成功抓取全部所需数据。
[2026-04-18 00:14:44] [SUCCESS] bvid=BV13eQuBkE2Z 已成功抓取全部所需数据。
[2026-04-18 00:14:50] [SUCCESS] bvid=BV13fQgB5Eo2 已成功抓取全部所需数据。
[2026-04-18 00:14:55] [SUCCESS] bvid=BV13hQtB4E7K 已成功抓取全部所需数据。
[2026-04-18 00:14:57] [ERROR] bvid=BV13mXGBWEX8 抓取失败：media: 接口返回错误代码：62002，信息：稿件不可见。
{'code': 62002, 'message': '稿件不可见', 'ttl': 1}
[2026-04-18 00:15:03] [SUCCESS] bvid=BV13oQgB1ETZ 已成功抓取全部所需数据。
[2026-04-18 00:15:14] [SUCCESS] bvid=BV13qQuB6EsM 已成功抓取全部所需数据。
[2026-04-18 00:15:17] [ERROR] bvid=BV13tX1BjEtc 抓取失败：media: 接口返回错误代码：62002，信息：稿件不可见。
{'code': 62002, 'message': '稿件不可见', 'ttl': 1}
[2026-04-18 00:15:19] [ERROR] bvid=BV13zXMBVEor 抓取失败：media: 接口返回错误代码：62002，信息：稿件不可见。
{'code': 62002, 'message': '稿件不可见', 'ttl': 1}
[2026-04-18 00:15:22] [ERROR] bvid=BV141XbBfEb7 抓取失败：media: 接口返回错误代码：62002，信息：稿件不可见。
{'code': 62002, 'message': '稿件不可见', 'ttl': 1}
[2026-04-18 00:15:25] [ERROR] bvid=BV141XbBfEmf 抓取失败：media: 接口返回错误代码：62002，信息：稿件不可见。
{'code': 62002, 'message': '稿件不可见', 'ttl': 1}
[2026-04-18 00:15:30] [SUCCESS] bvid=BV142QuBeEMf 已成功抓取全部所需数据。
[2026-04-18 00:15:36] [SUCCESS] bvid=BV145DCB8Ez6 已成功抓取全部所需数据。
[2026-04-18 00:15:41] [SUCCESS] bvid=BV145QKBZEmj 已成功抓取全部所需数据。
[2026-04-18 00:15:47] [SUCCESS] bvid=BV147Q7BxEcw 已成功抓取全部所需数据。
[2026-04-18 00:15:55] [ERROR] bvid=BV1499NBFEV8 抓取失败：media: 接口返回错误代码：62002，信息：稿件不可见。
{'code': 62002, 'message': '稿件不可见', 'ttl': 1}
[2026-04-18 00:16:00] [SUCCESS] bvid=BV14CQEB4EWS 已成功抓取全部所需数据。
[2026-04-18 00:16:03] [ERROR] bvid=BV14HX2BuEu8 抓取失败：media: 接口返回错误代码：62002，信息：稿件不可见。
{'code': 62002, 'message': '稿件不可见', 'ttl': 1}
[2026-04-18 00:16:05] [ERROR] bvid=BV14HXjBoEoX 抓取失败：media: 接口返回错误代码：-404，信息：啥都木有。
{'code': -404, 'message': '啥都木有', 'ttl': 1}
[2026-04-18 00:16:11] [SUCCESS] bvid=BV14QDDB7EG1 已成功抓取全部所需数据。
[2026-04-18 00:16:13] [ERROR] bvid=BV14TXKB4E4P 抓取失败：media: 接口返回错误代码：-404，信息：啥都木有。
{'code': -404, 'message': '啥都木有', 'ttl': 1}
[2026-04-18 00:16:16] [ERROR] bvid=BV14TXKB4ETL 抓取失败：media: 接口返回错误代码：62002，信息：稿件不可见。
{'code': 62002, 'message': '稿件不可见', 'ttl': 1}
[2026-04-18 00:16:21] [SUCCESS] bvid=BV14UQpBzE7Q 已成功抓取全部所需数据。
[2026-04-18 00:16:24] [ERROR] bvid=BV14UXKBbEn3 抓取失败：media: 接口返回错误代码：62012，信息：62012。
{'code': 62012, 'message': '62012', 'ttl': 1}
[2026-04-18 00:16:36] [SUCCESS] bvid=BV14WQgBMExj 已成功抓取全部所需数据。
[2026-04-18 00:16:38] [ERROR] bvid=BV14X9jB8EnW 抓取失败：media: No downloadable media stream found for this bvid.
[2026-04-18 00:16:45] [SUCCESS] bvid=BV14XQsByEcn 已成功抓取全部所需数据。
[2026-04-18 00:16:45] [WARN] 当前子任务已结束，但仍有未成功抓取的视频，已导出 remaining CSV 供继续执行。
[2026-04-18 00:16:45] [INFO] 已导出剔除成功条目后的剩余 CSV：outputs\video_data\manual_crawls\manual_crawl_media_mode_A_20260418_000648\remaining_bvids_part_1.csv
[2026-04-18 00:16:45] 子任务结束时间：2026-04-18T00:16:45.101341
[TIMESTAMP][END] 2026-04-18T00:16:45
