[TIMESTAMP][BEGIN] 2026-04-18T13:17:25
[2026-04-18 13:17:33] 开始执行 CSV 批量抓取子任务 part_70。
[2026-04-18 13:17:33] 子任务开始时间：2026-04-18T13:17:25.582173
[2026-04-18 13:17:33] 输入文件：batch_input_67.csv
[2026-04-18 13:17:33] 输入唯一 bvid 数量：100
[2026-04-18 13:18:09] [SUCCESS] bvid=BV1muSdBtEF5 已成功抓取全部所需数据。
[2026-04-18 13:18:12] [ERROR] bvid=BV1mv9KBwEF6 抓取失败：media: 接口返回错误代码：-404，信息：啥都木有。
{'code': -404, 'message': '啥都木有', 'ttl': 1}
[2026-04-18 13:18:15] [ERROR] bvid=BV1mvDhB4Eau 抓取失败：media: 接口返回错误代码：62012，信息：62012。
{'code': 62012, 'message': '62012', 'ttl': 1}
[2026-04-18 13:18:21] [SUCCESS] bvid=BV1mvQUB5E9r 已成功抓取全部所需数据。
[2026-04-18 13:18:39] [SUCCESS] bvid=BV1mvSoBbEwR 已成功抓取全部所需数据。
[2026-04-18 13:18:45] [SUCCESS] bvid=BV1mvX3BkEWr 已成功抓取全部所需数据。
[2026-04-18 13:18:50] [SUCCESS] bvid=BV1mvX3BkEXd 已成功抓取全部所需数据。
[2026-04-18 13:18:56] [SUCCESS] bvid=BV1mvX3BkEdQ 已成功抓取全部所需数据。
[2026-04-18 13:19:02] [SUCCESS] bvid=BV1mvX3BkEmi 已成功抓取全部所需数据。
[2026-04-18 13:19:08] [SUCCESS] bvid=BV1mvX3BkEoY 已成功抓取全部所需数据。
[2026-04-18 13:19:26] [SUCCESS] bvid=BV1mw9cBEEeb 已成功抓取全部所需数据。
[2026-04-18 13:19:32] [SUCCESS] bvid=BV1mwX4BnEqz 已成功抓取全部所需数据。
[2026-04-18 13:19:44] [SUCCESS] bvid=BV1mxDKB4Emh 已成功抓取全部所需数据。
[2026-04-18 13:19:49] [SUCCESS] bvid=BV1mxDLBEELD 已成功抓取全部所需数据。
[2026-04-18 13:19:54] [SUCCESS] bvid=BV1mxXNBsEcx 已成功抓取全部所需数据。
[2026-04-18 13:20:06] [SUCCESS] bvid=BV1mxXNBsEnv 已成功抓取全部所需数据。
[2026-04-18 13:20:22] [SUCCESS] bvid=BV1mxXTBAE4x 已成功抓取全部所需数据。
[2026-04-18 13:20:28] [SUCCESS] bvid=BV1mxXTBAEJu 已成功抓取全部所需数据。
[2026-04-18 13:20:41] [SUCCESS] bvid=BV1mxXTBAEzX 已成功抓取全部所需数据。
[2026-04-18 13:20:46] [SUCCESS] bvid=BV1mxXzBpErD 已成功抓取全部所需数据。
[2026-04-18 13:20:58] [SUCCESS] bvid=BV1myDAB2Es5 已成功抓取全部所需数据。
[2026-04-18 13:21:04] [SUCCESS] bvid=BV1mz9HBCEYC 已成功抓取全部所需数据。
[2026-04-18 13:21:10] [SUCCESS] bvid=BV1mz9MBTEoS 已成功抓取全部所需数据。
[2026-04-18 13:21:15] [SUCCESS] bvid=BV1mzDYBaEkd 已成功抓取全部所需数据。
[2026-04-18 13:24:28] [ERROR] bvid=BV1mzDcBGEvy 抓取失败：media: [tls @ 0000014f880b17c0] Error in the pull function.
[tls @ 0000014f880b17c0] IO error: Error number -10054 occurred
[in#0 @ 0000014f880b0240] Error opening input: Error number -10054 occurred
Error opening input file https://xy115x231x135x9xy.mcdn.bilivideo.cn:8082/v1/resource/upgcxcode/29/77/37316067729/37316067729-1-30280.m4s?agrr=0&build=0&buvid=3BBBD54F-2E24-A0F2-64C0-4FEA8E69B84813321infoc&bvc=vod&bw=114900&deadline=1776496883&dl=0&e=ig8euxZM2rNcNbdlhoNvNC8BqJIzNbfqXBvEqxTEto8BTrNvN0GvT90W5JZMkX_YN0MvXg8gNEV4NC8xNEV4N03eN0B5tZlqNxTEto8BTrNvNeZVuJ10Kj_g2UB02J0mN0B5tZlqNCNEto8BTrNvNC7MTX502C8f2jmMQJ6mqF2fka1mqx6gqj0eN0B599M%3D&f=u_0_0&gen=playurlv3&mid=0&nbs=1&nettype=0&og=cos&oi=2029896770&orderid=0%2C3&os=cosbv&platform=pc&qn_dyeid=8719a4351a79be5900627ffa69e314d3&sign=65792c&traceid=trMqeKxyyQHHtl_0_e_N&uipk=5&uparams=e%2Cdeadline%2Coi%2Cplatform%2Cgen%2Cos%2Cog%2Cnbs%2Cmid%2Cuipk%2Ctrid&upsig=01fd0b30ec1a160ac7b0d78c080d1910.
Error opening input files: Error number -10054 occurred
[2026-04-18 13:24:49] [SUCCESS] bvid=BV1mzDvBgEXZ 已成功抓取全部所需数据。
[2026-04-18 13:24:54] [SUCCESS] bvid=BV1mzDvBgEXr 已成功抓取全部所需数据。
[2026-04-18 13:25:00] [SUCCESS] bvid=BV1mzDvBgExQ 已成功抓取全部所需数据。
[2026-04-18 13:25:14] [SUCCESS] bvid=BV1mzSSBCECw 已成功抓取全部所需数据。
[2026-04-18 13:25:25] [SUCCESS] bvid=BV1mzXLBxEdt 已成功抓取全部所需数据。
[2026-04-18 13:25:37] [SUCCESS] bvid=BV1mzXLBxEo5 已成功抓取全部所需数据。
[2026-04-18 13:25:42] [SUCCESS] bvid=BV1mzXVBmEHp 已成功抓取全部所需数据。
[2026-04-18 13:25:53] [SUCCESS] bvid=BV1mzXVBmEe6 已成功抓取全部所需数据。
[2026-04-18 13:26:12] [SUCCESS] bvid=BV1mzXmB1EAh 已成功抓取全部所需数据。
[2026-04-18 13:26:18] [SUCCESS] bvid=BV1mzXoBqEYy 已成功抓取全部所需数据。
[2026-04-18 13:26:23] [SUCCESS] bvid=BV1n19PB2EPj 已成功抓取全部所需数据。
[2026-04-18 13:26:34] [SUCCESS] bvid=BV1n19PB2EQA 已成功抓取全部所需数据。
[2026-04-18 13:26:46] [SUCCESS] bvid=BV1n19PB2Ei9 已成功抓取全部所需数据。
[2026-04-18 13:26:48] [ERROR] bvid=BV1n19PB2Em3 抓取失败：media: No downloadable media stream found for this bvid.
[2026-04-18 13:26:51] [ERROR] bvid=BV1n19PB2EoF 抓取失败：media: No downloadable media stream found for this bvid.
[2026-04-18 13:26:57] [SUCCESS] bvid=BV1n1D6BrEyY 已成功抓取全部所需数据。
[2026-04-18 13:27:03] [SUCCESS] bvid=BV1n1DKBCEG7 已成功抓取全部所需数据。
[2026-04-18 13:27:16] [SUCCESS] bvid=BV1n1Q5BzE9S 已成功抓取全部所需数据。
[2026-04-18 13:27:20] [SUCCESS] bvid=BV1n1Q5BzEzX 已成功抓取全部所需数据。
[2026-04-18 13:27:25] [SUCCESS] bvid=BV1n1XaB4E5A 已成功抓取全部所需数据。
[2026-04-18 13:27:30] [SUCCESS] bvid=BV1n2DQB6E61 已成功抓取全部所需数据。
[2026-04-18 13:27:35] [SUCCESS] bvid=BV1n2DkBUE9P 已成功抓取全部所需数据。
[2026-04-18 13:27:41] [SUCCESS] bvid=BV1n3DYBQEdi 已成功抓取全部所需数据。
[2026-04-18 13:27:53] [SUCCESS] bvid=BV1n3DYBQEpF 已成功抓取全部所需数据。
[2026-04-18 13:28:09] [SUCCESS] bvid=BV1n3QtBgEE4 已成功抓取全部所需数据。
[2026-04-18 13:28:14] [SUCCESS] bvid=BV1n3XeBtE5P 已成功抓取全部所需数据。
[2026-04-18 13:28:19] [SUCCESS] bvid=BV1n3XoBoEYD 已成功抓取全部所需数据。
[2026-04-18 13:28:24] [SUCCESS] bvid=BV1n49jB7EC5 已成功抓取全部所需数据。
[2026-04-18 13:28:29] [SUCCESS] bvid=BV1n49jB7EMr 已成功抓取全部所需数据。
[2026-04-18 13:28:34] [SUCCESS] bvid=BV1n49jB7Emu 已成功抓取全部所需数据。
[2026-04-18 13:28:45] [SUCCESS] bvid=BV1n49jB7Ep5 已成功抓取全部所需数据。
[2026-04-18 13:28:50] [SUCCESS] bvid=BV1n4QiBwEB9 已成功抓取全部所需数据。
[2026-04-18 13:29:10] [SUCCESS] bvid=BV1n4SZB9EGS 已成功抓取全部所需数据。
[2026-04-18 13:29:28] [SUCCESS] bvid=BV1n4SZB9Egm 已成功抓取全部所需数据。
[2026-04-18 13:29:35] [SUCCESS] bvid=BV1n4SZB9Eue 已成功抓取全部所需数据。
[2026-04-18 13:29:40] [SUCCESS] bvid=BV1n4XgBFEDS 已成功抓取全部所需数据。
[2026-04-18 13:29:45] [SUCCESS] bvid=BV1n4XgBFEXq 已成功抓取全部所需数据。
[2026-04-18 13:29:50] [SUCCESS] bvid=BV1n4XgBFEXz 已成功抓取全部所需数据。
[2026-04-18 13:29:56] [SUCCESS] bvid=BV1n4XgBFEZV 已成功抓取全部所需数据。
[2026-04-18 13:30:08] [SUCCESS] bvid=BV1n4XgBFEZw 已成功抓取全部所需数据。
[2026-04-18 13:30:21] [SUCCESS] bvid=BV1n59gBwEAC 已成功抓取全部所需数据。
[2026-04-18 13:30:32] [SUCCESS] bvid=BV1n5DWBZEQL 已成功抓取全部所需数据。
[2026-04-18 13:30:43] [SUCCESS] bvid=BV1n5DWBZEas 已成功抓取全部所需数据。
[2026-04-18 13:30:55] [SUCCESS] bvid=BV1n5DZBdEpD 已成功抓取全部所需数据。
[2026-04-18 13:31:00] [SUCCESS] bvid=BV1n5DxBiEys 已成功抓取全部所需数据。
[2026-04-18 13:31:12] [SUCCESS] bvid=BV1n5w8zGE16 已成功抓取全部所需数据。
[2026-04-18 13:31:17] [SUCCESS] bvid=BV1n6DfBZE5o 已成功抓取全部所需数据。
[2026-04-18 13:31:22] [SUCCESS] bvid=BV1n6XjByE7H 已成功抓取全部所需数据。
[2026-04-18 13:31:33] [SUCCESS] bvid=BV1n6XjByEJh 已成功抓取全部所需数据。
[2026-04-18 13:31:38] [SUCCESS] bvid=BV1n7DZB9EgZ 已成功抓取全部所需数据。
[2026-04-18 13:31:44] [SUCCESS] bvid=BV1n7DxBeEBE 已成功抓取全部所需数据。
[2026-04-18 13:31:55] [SUCCESS] bvid=BV1n7XKBDE9y 已成功抓取全部所需数据。
[2026-04-18 13:32:00] [SUCCESS] bvid=BV1n7XKBSE4j 已成功抓取全部所需数据。
[2026-04-18 13:32:12] [SUCCESS] bvid=BV1n7XKBSE5H 已成功抓取全部所需数据。
[2026-04-18 13:32:22] [SUCCESS] bvid=BV1n7XKBSEK7 已成功抓取全部所需数据。
[2026-04-18 13:32:27] [SUCCESS] bvid=BV1n7XKBSEap 已成功抓取全部所需数据。
[2026-04-18 13:32:39] [SUCCESS] bvid=BV1n7XLBrEFB 已成功抓取全部所需数据。
[2026-04-18 13:32:49] [SUCCESS] bvid=BV1n7XLBrEW4 已成功抓取全部所需数据。
[2026-04-18 13:32:55] [SUCCESS] bvid=BV1n7XLBrEjj 已成功抓取全部所需数据。
[2026-04-18 13:33:05] [SUCCESS] bvid=BV1n7XLBrEsS 已成功抓取全部所需数据。
[2026-04-18 13:33:17] [SUCCESS] bvid=BV1n8DFB8EsN 已成功抓取全部所需数据。
[2026-04-18 13:33:22] [SUCCESS] bvid=BV1n8DaBSE4K 已成功抓取全部所需数据。
[2026-04-18 13:33:27] [SUCCESS] bvid=BV1n8DaBSEPE 已成功抓取全部所需数据。
[2026-04-18 13:33:33] [SUCCESS] bvid=BV1n8DuBHEHz 已成功抓取全部所需数据。
[2026-04-18 13:33:39] [SUCCESS] bvid=BV1n8DuBHEWY 已成功抓取全部所需数据。
[2026-04-18 13:33:51] [SUCCESS] bvid=BV1n8DuBHEgp 已成功抓取全部所需数据。
[2026-04-18 13:33:56] [SUCCESS] bvid=BV1n8Q7B7ESt 已成功抓取全部所需数据。
[2026-04-18 13:34:03] [SUCCESS] bvid=BV1n8QKBmEPQ 已成功抓取全部所需数据。
[2026-04-18 13:34:10] [SUCCESS] bvid=BV1n8QKBmEx4 已成功抓取全部所需数据。
[2026-04-18 13:34:17] [SUCCESS] bvid=BV1n99MBoEHL 已成功抓取全部所需数据。
[2026-04-18 13:34:22] [SUCCESS] bvid=BV1n99gBvEpj 已成功抓取全部所需数据。
[2026-04-18 13:34:26] [SUCCESS] bvid=BV1n9DHBWEgd 已成功抓取全部所需数据。
[2026-04-18 13:34:31] [SUCCESS] bvid=BV1n9DyBQE6w 已成功抓取全部所需数据。
[2026-04-18 13:34:37] [SUCCESS] bvid=BV1n9DyBQEG7 已成功抓取全部所需数据。
[2026-04-18 13:34:49] [SUCCESS] bvid=BV1n9DyBQEzW 已成功抓取全部所需数据。
[2026-04-18 13:34:49] [WARN] 当前子任务已结束，但仍有未成功抓取的视频，已导出 remaining CSV 供继续执行。
[2026-04-18 13:34:49] [INFO] 已导出剔除成功条目后的剩余 CSV：outputs\video_data\manual_crawls\manual_crawl_media_mode_A_20260418_000648\remaining_bvids_part_70.csv
[2026-04-18 13:34:49] 子任务结束时间：2026-04-18T13:34:49.418349
[TIMESTAMP][END] 2026-04-18T13:34:49
