[TIMESTAMP][BEGIN] 2026-04-18T12:18:42
[2026-04-18 12:18:45] 开始执行 CSV 批量抓取子任务 part_66。
[2026-04-18 12:18:45] 子任务开始时间：2026-04-18T12:18:42.838569
[2026-04-18 12:18:45] 输入文件：batch_input_63.csv
[2026-04-18 12:18:45] 输入唯一 bvid 数量：100
[2026-04-18 12:18:54] [ERROR] bvid=BV1kuSSBPEAW 抓取失败：media: 接口返回错误代码：62002，信息：稿件不可见。
{'code': 62002, 'message': '稿件不可见', 'ttl': 1}
[2026-04-18 12:18:58] [SUCCESS] bvid=BV1kuX4B1EXf 已成功抓取全部所需数据。
[2026-04-18 12:19:04] [SUCCESS] bvid=BV1kuXPB7ERQ 已成功抓取全部所需数据。
[2026-04-18 12:19:15] [SUCCESS] bvid=BV1kuXPB7EeE 已成功抓取全部所需数据。
[2026-04-18 12:19:20] [SUCCESS] bvid=BV1kvXNBEE6J 已成功抓取全部所需数据。
[2026-04-18 12:19:26] [SUCCESS] bvid=BV1kvXNBEEX4 已成功抓取全部所需数据。
[2026-04-18 12:19:38] [SUCCESS] bvid=BV1kvXNBEEqK 已成功抓取全部所需数据。
[2026-04-18 12:19:43] [SUCCESS] bvid=BV1kvXNBEEyL 已成功抓取全部所需数据。
[2026-04-18 12:19:48] [SUCCESS] bvid=BV1kvXUBMEMY 已成功抓取全部所需数据。
[2026-04-18 12:19:55] [SUCCESS] bvid=BV1kvXzBjEsU 已成功抓取全部所需数据。
[2026-04-18 12:20:02] [SUCCESS] bvid=BV1kwDMBDE2d 已成功抓取全部所需数据。
[2026-04-18 12:20:16] [SUCCESS] bvid=BV1kwDQB6EMe 已成功抓取全部所需数据。
[2026-04-18 12:20:34] [SUCCESS] bvid=BV1kwDkBUE4r 已成功抓取全部所需数据。
[2026-04-18 12:20:39] [SUCCESS] bvid=BV1kwDkBUE4t 已成功抓取全部所需数据。
[2026-04-18 12:20:48] [SUCCESS] bvid=BV1kwXaBdE8y 已成功抓取全部所需数据。
[2026-04-18 12:20:54] [SUCCESS] bvid=BV1kxDnBXELZ 已成功抓取全部所需数据。
[2026-04-18 12:21:07] [SUCCESS] bvid=BV1kxDnBXErW 已成功抓取全部所需数据。
[2026-04-18 12:21:13] [SUCCESS] bvid=BV1kxDpBhECo 已成功抓取全部所需数据。
[2026-04-18 12:21:31] [SUCCESS] bvid=BV1kxSUBYEfn 已成功抓取全部所需数据。
[2026-04-18 12:21:42] [SUCCESS] bvid=BV1kxX2BiED5 已成功抓取全部所需数据。
[2026-04-18 12:21:55] [SUCCESS] bvid=BV1kxXGBBEu9 已成功抓取全部所需数据。
[2026-04-18 12:22:00] [SUCCESS] bvid=BV1ky97B9EAG 已成功抓取全部所需数据。
[2026-04-18 12:22:06] [SUCCESS] bvid=BV1ky97B9Efn 已成功抓取全部所需数据。
[2026-04-18 12:22:17] [SUCCESS] bvid=BV1ky97B9Ewp 已成功抓取全部所需数据。
[2026-04-18 12:22:22] [SUCCESS] bvid=BV1kyDhBnELW 已成功抓取全部所需数据。
[2026-04-18 12:22:33] [SUCCESS] bvid=BV1kyXCBdE4z 已成功抓取全部所需数据。
[2026-04-18 12:22:46] [SUCCESS] bvid=BV1kyXCBdEuv 已成功抓取全部所需数据。
[2026-04-18 12:23:08] [SUCCESS] bvid=BV1kz9LBJEJF 已成功抓取全部所需数据。
[2026-04-18 12:23:13] [SUCCESS] bvid=BV1kz9VBrEeC 已成功抓取全部所需数据。
[2026-04-18 12:23:31] [SUCCESS] bvid=BV1kzDKBmETT 已成功抓取全部所需数据。
[2026-04-18 12:23:36] [SUCCESS] bvid=BV1kzDKBmEWz 已成功抓取全部所需数据。
[2026-04-18 12:23:53] [SUCCESS] bvid=BV1kzDSBqEqG 已成功抓取全部所需数据。
[2026-04-18 12:23:58] [SUCCESS] bvid=BV1kzQYBxENB 已成功抓取全部所需数据。
[2026-04-18 12:24:02] [SUCCESS] bvid=BV1kzQZBYE6Q 已成功抓取全部所需数据。
[2026-04-18 12:24:13] [SUCCESS] bvid=BV1kzQvBPE1b 已成功抓取全部所需数据。
[2026-04-18 12:24:15] [ERROR] bvid=BV1kzQvBPEm8 抓取失败：media: 接口返回错误代码：62002，信息：稿件不可见。
{'code': 62002, 'message': '稿件不可见', 'ttl': 1}
[2026-04-18 12:24:20] [SUCCESS] bvid=BV1kzXTBWE35 已成功抓取全部所需数据。
[2026-04-18 12:24:26] [SUCCESS] bvid=BV1kzXTBWE3g 已成功抓取全部所需数据。
[2026-04-18 12:24:31] [SUCCESS] bvid=BV1kzXTBWECE 已成功抓取全部所需数据。
[2026-04-18 12:24:36] [SUCCESS] bvid=BV1kzXTBWEDY 已成功抓取全部所需数据。
[2026-04-18 12:24:47] [SUCCESS] bvid=BV1kzXTBWEGP 已成功抓取全部所需数据。
[2026-04-18 12:24:52] [SUCCESS] bvid=BV1kzXTBWESY 已成功抓取全部所需数据。
[2026-04-18 12:25:04] [SUCCESS] bvid=BV1kzXTBWEVw 已成功抓取全部所需数据。
[2026-04-18 12:25:09] [SUCCESS] bvid=BV1kzXTBWEak 已成功抓取全部所需数据。
[2026-04-18 12:25:20] [SUCCESS] bvid=BV1kzXTBWEax 已成功抓取全部所需数据。
[2026-04-18 12:25:25] [SUCCESS] bvid=BV1kzXTBWEcf 已成功抓取全部所需数据。
[2026-04-18 12:25:35] [SUCCESS] bvid=BV1kzXTBWEhD 已成功抓取全部所需数据。
[2026-04-18 12:25:40] [SUCCESS] bvid=BV1kzXTBWEpy 已成功抓取全部所需数据。
[2026-04-18 12:25:45] [SUCCESS] bvid=BV1kzXTBWEtq 已成功抓取全部所需数据。
[2026-04-18 12:25:56] [SUCCESS] bvid=BV1kzXTBWEw3 已成功抓取全部所需数据。
[2026-04-18 12:26:01] [SUCCESS] bvid=BV1kzXTBWExT 已成功抓取全部所需数据。
[2026-04-18 12:26:06] [SUCCESS] bvid=BV1kzXTBWEz7 已成功抓取全部所需数据。
[2026-04-18 12:26:11] [SUCCESS] bvid=BV1kzXrBHEmz 已成功抓取全部所需数据。
[2026-04-18 12:26:23] [SUCCESS] bvid=BV1m1QuBPEGt 已成功抓取全部所需数据。
[2026-04-18 12:26:29] [SUCCESS] bvid=BV1m1XbBfEKP 已成功抓取全部所需数据。
[2026-04-18 12:26:31] [ERROR] bvid=BV1m1XbBfEMW 抓取失败：media: 接口返回错误代码：62002，信息：稿件不可见。
{'code': 62002, 'message': '稿件不可见', 'ttl': 1}
[2026-04-18 12:26:36] [SUCCESS] bvid=BV1m1XbBfEpq 已成功抓取全部所需数据。
[2026-04-18 12:26:42] [SUCCESS] bvid=BV1m29WB2Ejv 已成功抓取全部所需数据。
[2026-04-18 12:26:47] [SUCCESS] bvid=BV1m29WB2EtQ 已成功抓取全部所需数据。
[2026-04-18 12:26:52] [SUCCESS] bvid=BV1m2DABLEVQ 已成功抓取全部所需数据。
[2026-04-18 12:27:00] [SUCCESS] bvid=BV1m2DqBVE9v 已成功抓取全部所需数据。
[2026-04-18 12:27:08] [ERROR] bvid=BV1m2XQB4EY6 抓取失败：media: 接口返回错误代码：62002，信息：稿件不可见。
{'code': 62002, 'message': '稿件不可见', 'ttl': 1}
[2026-04-18 12:27:13] [SUCCESS] bvid=BV1m2XSBSEF9 已成功抓取全部所需数据。
[2026-04-18 12:27:24] [SUCCESS] bvid=BV1m39NBZESm 已成功抓取全部所需数据。
[2026-04-18 12:27:29] [SUCCESS] bvid=BV1m3DTBdEDh 已成功抓取全部所需数据。
[2026-04-18 12:27:33] [SUCCESS] bvid=BV1m3Q4BnEeN 已成功抓取全部所需数据。
[2026-04-18 12:29:14] [SUCCESS] bvid=BV1m3Q4BnEi5 已成功抓取全部所需数据。
[2026-04-18 12:29:19] [SUCCESS] bvid=BV1m3XMBaENJ 已成功抓取全部所需数据。
[2026-04-18 12:29:24] [SUCCESS] bvid=BV1m3XkB8E3h 已成功抓取全部所需数据。
[2026-04-18 12:29:29] [SUCCESS] bvid=BV1m49VBSEqZ 已成功抓取全部所需数据。
[2026-04-18 12:29:34] [SUCCESS] bvid=BV1m4D4BjEmm 已成功抓取全部所需数据。
[2026-04-18 12:29:39] [SUCCESS] bvid=BV1m4QYBeEg5 已成功抓取全部所需数据。
[2026-04-18 12:29:45] [SUCCESS] bvid=BV1m4QgBKEYw 已成功抓取全部所需数据。
[2026-04-18 12:29:50] [SUCCESS] bvid=BV1m4QvBGEiv 已成功抓取全部所需数据。
[2026-04-18 12:30:01] [SUCCESS] bvid=BV1m4XDBHEtJ 已成功抓取全部所需数据。
[2026-04-18 12:30:06] [SUCCESS] bvid=BV1m4XjBWEju 已成功抓取全部所需数据。
[2026-04-18 12:30:12] [SUCCESS] bvid=BV1m4XzBQEM1 已成功抓取全部所需数据。
[2026-04-18 12:30:23] [SUCCESS] bvid=BV1m59TBvEAu 已成功抓取全部所需数据。
[2026-04-18 12:30:28] [SUCCESS] bvid=BV1m5DXBnEat 已成功抓取全部所需数据。
[2026-04-18 12:30:34] [SUCCESS] bvid=BV1m5DXBnEjs 已成功抓取全部所需数据。
[2026-04-18 12:30:39] [SUCCESS] bvid=BV1m5DnBcETH 已成功抓取全部所需数据。
[2026-04-18 12:30:44] [SUCCESS] bvid=BV1m5Q4BEE4S 已成功抓取全部所需数据。
[2026-04-18 12:30:49] [SUCCESS] bvid=BV1m5Q4BEE6X 已成功抓取全部所需数据。
[2026-04-18 12:30:54] [SUCCESS] bvid=BV1m5QKBZECS 已成功抓取全部所需数据。
[2026-04-18 12:30:59] [SUCCESS] bvid=BV1m6DcBrE4W 已成功抓取全部所需数据。
[2026-04-18 12:31:11] [SUCCESS] bvid=BV1m6DvBzEqG 已成功抓取全部所需数据。
[2026-04-18 12:31:16] [SUCCESS] bvid=BV1m6DyBhEJQ 已成功抓取全部所需数据。
[2026-04-18 12:31:21] [SUCCESS] bvid=BV1m6DyBhENn 已成功抓取全部所需数据。
[2026-04-18 12:31:27] [SUCCESS] bvid=BV1m6QTBfEzC 已成功抓取全部所需数据。
[2026-04-18 12:31:44] [SUCCESS] bvid=BV1m6XLBRE61 已成功抓取全部所需数据。
[2026-04-18 12:31:50] [SUCCESS] bvid=BV1m6XLBREGt 已成功抓取全部所需数据。
[2026-04-18 12:32:01] [SUCCESS] bvid=BV1m6XLBRExc 已成功抓取全部所需数据。
[2026-04-18 12:32:04] [ERROR] bvid=BV1m79TBaEpd 抓取失败：media: 接口返回错误代码：62012，信息：62012。
{'code': 62012, 'message': '62012', 'ttl': 1}
[2026-04-18 12:32:15] [SUCCESS] bvid=BV1m79uBgEk1 已成功抓取全部所需数据。
[2026-04-18 12:32:20] [SUCCESS] bvid=BV1m7X5BQEBK 已成功抓取全部所需数据。
[2026-04-18 12:32:25] [SUCCESS] bvid=BV1m7X5BQEXU 已成功抓取全部所需数据。
[2026-04-18 12:32:31] [SUCCESS] bvid=BV1m7X5BQEkd 已成功抓取全部所需数据。
[2026-04-18 12:32:36] [SUCCESS] bvid=BV1m89LBxEbi 已成功抓取全部所需数据。
[2026-04-18 12:32:39] [ERROR] bvid=BV1m8D7BWEKZ 抓取失败：media: No downloadable media stream found for this bvid.
[2026-04-18 12:32:44] [SUCCESS] bvid=BV1m8DKB9E3Z 已成功抓取全部所需数据。
[2026-04-18 12:32:44] [WARN] 当前子任务已结束，但仍有未成功抓取的视频，已导出 remaining CSV 供继续执行。
[2026-04-18 12:32:44] [INFO] 已导出剔除成功条目后的剩余 CSV：outputs\video_data\manual_crawls\manual_crawl_media_mode_A_20260418_000648\remaining_bvids_part_66.csv
[2026-04-18 12:32:44] 子任务结束时间：2026-04-18T12:32:44.938480
[TIMESTAMP][END] 2026-04-18T12:32:44
