[TIMESTAMP][BEGIN] 2026-04-19T03:39:23
[2026-04-19 03:39:25] 开始执行 CSV 批量抓取子任务 part_127。
[2026-04-19 03:39:25] 子任务开始时间：2026-04-19T03:39:23.160475
[2026-04-19 03:39:25] 输入文件：batch_input_122.csv
[2026-04-19 03:39:25] 输入唯一 bvid 数量：100
[2026-04-19 03:39:29] [SUCCESS] bvid=BV1zgXRBUE7P 已成功抓取全部所需数据。
[2026-04-19 03:39:33] [SUCCESS] bvid=BV1zgXRBUETu 已成功抓取全部所需数据。
[2026-04-19 03:39:38] [SUCCESS] bvid=BV1zgXaBnEv7 已成功抓取全部所需数据。
[2026-04-19 03:39:43] [SUCCESS] bvid=BV1zh9TBXEgm 已成功抓取全部所需数据。
[2026-04-19 03:39:48] [SUCCESS] bvid=BV1zh9jByE3y 已成功抓取全部所需数据。
[2026-04-19 03:40:00] [SUCCESS] bvid=BV1zh9jByE5V 已成功抓取全部所需数据。
[2026-04-19 03:40:09] [SUCCESS] bvid=BV1zhDnBJEXA 已成功抓取全部所需数据。
[2026-04-19 03:40:14] [SUCCESS] bvid=BV1zhQ4BqEa3 已成功抓取全部所需数据。
[2026-04-19 03:40:25] [SUCCESS] bvid=BV1zhXYBRE4Z 已成功抓取全部所需数据。
[2026-04-19 03:40:36] [SUCCESS] bvid=BV1zhXYBREpo 已成功抓取全部所需数据。
[2026-04-19 03:40:42] [SUCCESS] bvid=BV1zhXYBREyR 已成功抓取全部所需数据。
[2026-04-19 03:40:46] [SUCCESS] bvid=BV1zhXgB4ExS 已成功抓取全部所需数据。
[2026-04-19 03:40:51] [SUCCESS] bvid=BV1ziDFBxEth 已成功抓取全部所需数据。
[2026-04-19 03:40:55] [SUCCESS] bvid=BV1ziDeBWEEv 已成功抓取全部所需数据。
[2026-04-19 03:41:01] [SUCCESS] bvid=BV1ziDpB9Eod 已成功抓取全部所需数据。
[2026-04-19 03:41:05] [SUCCESS] bvid=BV1ziDpB9Exq 已成功抓取全部所需数据。
[2026-04-19 03:41:16] [SUCCESS] bvid=BV1ziX2BfEKw 已成功抓取全部所需数据。
[2026-04-19 03:41:21] [SUCCESS] bvid=BV1ziXUBqE9h 已成功抓取全部所需数据。
[2026-04-19 03:41:27] [SUCCESS] bvid=BV1ziXvBFEWX 已成功抓取全部所需数据。
[2026-04-19 03:41:32] [SUCCESS] bvid=BV1zjDGBoEgZ 已成功抓取全部所需数据。
[2026-04-19 03:41:37] [SUCCESS] bvid=BV1zjDGBoEr3 已成功抓取全部所需数据。
[2026-04-19 03:41:42] [SUCCESS] bvid=BV1zjXPBkEGL 已成功抓取全部所需数据。
[2026-04-19 03:41:47] [SUCCESS] bvid=BV1zjXPBkEhA 已成功抓取全部所需数据。
[2026-04-19 03:41:53] [SUCCESS] bvid=BV1zjXPBkEzJ 已成功抓取全部所需数据。
[2026-04-19 03:41:56] [ERROR] bvid=BV1zjXfBcEfx 抓取失败：media: No downloadable media stream found for this bvid.
[2026-04-19 03:42:00] [SUCCESS] bvid=BV1zkDfBxEbS 已成功抓取全部所需数据。
[2026-04-19 03:42:05] [SUCCESS] bvid=BV1zkDfBxEsx 已成功抓取全部所需数据。
[2026-04-19 03:42:09] [SUCCESS] bvid=BV1zkQYBWEFo 已成功抓取全部所需数据。
[2026-04-19 03:42:14] [SUCCESS] bvid=BV1zkXNBCEFg 已成功抓取全部所需数据。
[2026-04-19 03:42:19] [SUCCESS] bvid=BV1zkXNBCEWZ 已成功抓取全部所需数据。
[2026-04-19 03:42:24] [SUCCESS] bvid=BV1zkXNBCEc7 已成功抓取全部所需数据。
[2026-04-19 03:42:28] [SUCCESS] bvid=BV1zkXNBCEjG 已成功抓取全部所需数据。
[2026-04-19 03:42:33] [SUCCESS] bvid=BV1zkXTBHEe4 已成功抓取全部所需数据。
[2026-04-19 03:42:39] [SUCCESS] bvid=BV1zkXTBHEir 已成功抓取全部所需数据。
[2026-04-19 03:42:50] [SUCCESS] bvid=BV1zkXTBHEsH 已成功抓取全部所需数据。
[2026-04-19 03:42:56] [SUCCESS] bvid=BV1zkXjBVEGS 已成功抓取全部所需数据。
[2026-04-19 03:43:01] [SUCCESS] bvid=BV1zkXzBrEYr 已成功抓取全部所需数据。
[2026-04-19 03:43:05] [SUCCESS] bvid=BV1zkXzBrEZh 已成功抓取全部所需数据。
[2026-04-19 03:43:10] [SUCCESS] bvid=BV1zkXzBrEx6 已成功抓取全部所需数据。
[2026-04-19 03:43:15] [SUCCESS] bvid=BV1zmDhBEEde 已成功抓取全部所需数据。
[2026-04-19 03:43:26] [SUCCESS] bvid=BV1zmQvBZEKP 已成功抓取全部所需数据。
[2026-04-19 03:43:32] [SUCCESS] bvid=BV1zmQvBZEpe 已成功抓取全部所需数据。
[2026-04-19 03:43:37] [SUCCESS] bvid=BV1zmSoBnESL 已成功抓取全部所需数据。
[2026-04-19 03:43:41] [SUCCESS] bvid=BV1zmXuBdESn 已成功抓取全部所需数据。
[2026-04-19 03:43:46] [SUCCESS] bvid=BV1zmXuBdEX1 已成功抓取全部所需数据。
[2026-04-19 03:43:51] [SUCCESS] bvid=BV1zmXuBdEzz 已成功抓取全部所需数据。
[2026-04-19 03:43:56] [SUCCESS] bvid=BV1zn9cBKEEm 已成功抓取全部所需数据。
[2026-04-19 03:44:08] [SUCCESS] bvid=BV1zn9cBKEcE 已成功抓取全部所需数据。
[2026-04-19 03:44:20] [SUCCESS] bvid=BV1znDvBWETJ 已成功抓取全部所需数据。
[2026-04-19 03:44:24] [SUCCESS] bvid=BV1znQFB8EUh 已成功抓取全部所需数据。
[2026-04-19 03:44:35] [SUCCESS] bvid=BV1znXKBmE7J 已成功抓取全部所需数据。
[2026-04-19 03:44:38] [ERROR] bvid=BV1znXKBmEpK 抓取失败：media: 接口返回错误代码：62002，信息：稿件不可见。
{'code': 62002, 'message': '稿件不可见', 'ttl': 1}
[2026-04-19 03:44:42] [SUCCESS] bvid=BV1znXKBmEpR 已成功抓取全部所需数据。
[2026-04-19 03:44:47] [SUCCESS] bvid=BV1znXSBqEmx 已成功抓取全部所需数据。
[2026-04-19 03:44:52] [SUCCESS] bvid=BV1zoDvBZEdS 已成功抓取全部所需数据。
[2026-04-19 03:44:56] [SUCCESS] bvid=BV1zoDvBZEkU 已成功抓取全部所需数据。
[2026-04-19 03:45:01] [SUCCESS] bvid=BV1zoXPBLE1S 已成功抓取全部所需数据。
[2026-04-19 03:45:06] [SUCCESS] bvid=BV1zoXVBKEHs 已成功抓取全部所需数据。
[2026-04-19 03:45:11] [SUCCESS] bvid=BV1zoXVBKEXG 已成功抓取全部所需数据。
[2026-04-19 03:45:15] [SUCCESS] bvid=BV1zoXVBKEYv 已成功抓取全部所需数据。
[2026-04-19 03:45:19] [SUCCESS] bvid=BV1zoXVBKEZZ 已成功抓取全部所需数据。
[2026-04-19 03:45:24] [SUCCESS] bvid=BV1zoXmBPEch 已成功抓取全部所需数据。
[2026-04-19 03:45:28] [SUCCESS] bvid=BV1zoXmBPEec 已成功抓取全部所需数据。
[2026-04-19 03:45:41] [SUCCESS] bvid=BV1zoXmBPEhQ 已成功抓取全部所需数据。
[2026-04-19 03:45:45] [SUCCESS] bvid=BV1zpDNB6EE6 已成功抓取全部所需数据。
[2026-04-19 03:45:56] [SUCCESS] bvid=BV1zpDjBuEDb 已成功抓取全部所需数据。
[2026-04-19 03:46:01] [SUCCESS] bvid=BV1zpDjBuEUY 已成功抓取全部所需数据。
[2026-04-19 03:46:06] [SUCCESS] bvid=BV1zpDjBuEXS 已成功抓取全部所需数据。
[2026-04-19 03:46:11] [SUCCESS] bvid=BV1zpDjBuEvp 已成功抓取全部所需数据。
[2026-04-19 03:46:23] [SUCCESS] bvid=BV1zpX6B5ENo 已成功抓取全部所需数据。
[2026-04-19 03:46:28] [SUCCESS] bvid=BV1zpXKBjEY9 已成功抓取全部所需数据。
[2026-04-19 03:46:32] [SUCCESS] bvid=BV1zpXKBjEdk 已成功抓取全部所需数据。
[2026-04-19 03:46:36] [SUCCESS] bvid=BV1zpXKBjEo3 已成功抓取全部所需数据。
[2026-04-19 03:46:39] [ERROR] bvid=BV1zpXbByEAK 抓取失败：media: 接口返回错误代码：-404，信息：啥都木有。
{'code': -404, 'message': '啥都木有', 'ttl': 1}
[2026-04-19 03:46:43] [SUCCESS] bvid=BV1zpXbByEFT 已成功抓取全部所需数据。
[2026-04-19 03:46:46] [ERROR] bvid=BV1zpXbByEwk 抓取失败：media: 接口返回错误代码：-404，信息：啥都木有。
{'code': -404, 'message': '啥都木有', 'ttl': 1}
[2026-04-19 03:47:07] [SUCCESS] bvid=BV1zq9uB4EHQ 已成功抓取全部所需数据。
[2026-04-19 03:47:18] [SUCCESS] bvid=BV1zq9uB4EMV 已成功抓取全部所需数据。
[2026-04-19 03:47:24] [SUCCESS] bvid=BV1zq9uB4Eui 已成功抓取全部所需数据。
[2026-04-19 03:47:28] [SUCCESS] bvid=BV1zqDeBXEpC 已成功抓取全部所需数据。
[2026-04-19 03:47:34] [SUCCESS] bvid=BV1zqQbB3EA4 已成功抓取全部所需数据。
[2026-04-19 03:47:51] [SUCCESS] bvid=BV1zqXGBcEcH 已成功抓取全部所需数据。
[2026-04-19 03:48:02] [SUCCESS] bvid=BV1zqXqBTEEW 已成功抓取全部所需数据。
[2026-04-19 03:48:14] [SUCCESS] bvid=BV1zqXqBTEFb 已成功抓取全部所需数据。
[2026-04-19 03:48:25] [SUCCESS] bvid=BV1zqXqBTEcy 已成功抓取全部所需数据。
[2026-04-19 03:48:30] [SUCCESS] bvid=BV1zqXxBBEtH 已成功抓取全部所需数据。
[2026-04-19 03:48:35] [SUCCESS] bvid=BV1zr93BaEah 已成功抓取全部所需数据。
[2026-04-19 03:48:46] [SUCCESS] bvid=BV1zrDiBZEgG 已成功抓取全部所需数据。
[2026-04-19 03:48:57] [SUCCESS] bvid=BV1zrQhBjEx3 已成功抓取全部所需数据。
[2026-04-19 03:49:08] [SUCCESS] bvid=BV1zrXNB5EJM 已成功抓取全部所需数据。
[2026-04-19 03:49:13] [SUCCESS] bvid=BV1zrXNB5Emz 已成功抓取全部所需数据。
[2026-04-19 03:49:18] [SUCCESS] bvid=BV1zrXUBPE5u 已成功抓取全部所需数据。
[2026-04-19 03:49:23] [SUCCESS] bvid=BV1zrXzBGEiU 已成功抓取全部所需数据。
[2026-04-19 03:49:27] [SUCCESS] bvid=BV1zsQeBREXN 已成功抓取全部所需数据。
[2026-04-19 03:49:38] [SUCCESS] bvid=BV1zsQwBvE8S 已成功抓取全部所需数据。
[2026-04-19 03:49:43] [SUCCESS] bvid=BV1zsQwBvES3 已成功抓取全部所需数据。
[2026-04-19 03:49:55] [SUCCESS] bvid=BV1zsQwBvEeF 已成功抓取全部所需数据。
[2026-04-19 03:50:13] [SUCCESS] bvid=BV1zsXMBXE4N 已成功抓取全部所需数据。
[2026-04-19 03:50:15] [ERROR] bvid=BV1zsXMBXEEo 抓取失败：media: 接口返回错误代码：-404，信息：啥都木有。
{'code': -404, 'message': '啥都木有', 'ttl': 1}
[2026-04-19 03:50:27] [SUCCESS] bvid=BV1zsXMBXEoM 已成功抓取全部所需数据。
[2026-04-19 03:50:27] [WARN] 当前子任务已结束，但仍有未成功抓取的视频，已导出 remaining CSV 供继续执行。
[2026-04-19 03:50:27] [INFO] 已导出剔除成功条目后的剩余 CSV：outputs\video_data\manual_crawls\manual_crawl_media_mode_A_20260418_000648\remaining_bvids_part_127.csv
[2026-04-19 03:50:27] 子任务结束时间：2026-04-19T03:50:27.469456
[TIMESTAMP][END] 2026-04-19T03:50:27
