[TIMESTAMP][BEGIN] 2026-04-18T22:40:31
[2026-04-18 22:40:34] 开始执行 CSV 批量抓取子任务 part_103。
[2026-04-18 22:40:34] 子任务开始时间：2026-04-18T22:40:31.164761
[2026-04-18 22:40:34] 输入文件：batch_input_99.csv
[2026-04-18 22:40:34] 输入唯一 bvid 数量：100
[2026-04-18 22:40:39] [SUCCESS] bvid=BV1uRXGBUE9z 已成功抓取全部所需数据。
[2026-04-18 22:40:44] [SUCCESS] bvid=BV1uRXGBUEGb 已成功抓取全部所需数据。
[2026-04-18 22:40:55] [SUCCESS] bvid=BV1uRXGBUEVE 已成功抓取全部所需数据。
[2026-04-18 22:41:01] [SUCCESS] bvid=BV1uRXGBUEk5 已成功抓取全部所需数据。
[2026-04-18 22:41:07] [SUCCESS] bvid=BV1uRXZBjEUh 已成功抓取全部所需数据。
[2026-04-18 22:41:13] [SUCCESS] bvid=BV1uS9jBaEmP 已成功抓取全部所需数据。
[2026-04-18 22:41:18] [SUCCESS] bvid=BV1uSQwBEE5G 已成功抓取全部所需数据。
[2026-04-18 22:41:24] [SUCCESS] bvid=BV1uSSdBcE7f 已成功抓取全部所需数据。
[2026-04-18 22:41:28] [SUCCESS] bvid=BV1uSXkBeEMC 已成功抓取全部所需数据。
[2026-04-18 22:41:34] [SUCCESS] bvid=BV1uSXyBGEm2 已成功抓取全部所需数据。
[2026-04-18 22:41:39] [SUCCESS] bvid=BV1uSXyBGEr3 已成功抓取全部所需数据。
[2026-04-18 22:41:42] [ERROR] bvid=BV1uTDTBbE8u 抓取失败：media: 接口返回错误代码：-404，信息：啥都木有。
{'code': -404, 'message': '啥都木有', 'ttl': 1}
[2026-04-18 22:41:48] [SUCCESS] bvid=BV1uTDTBbEmP 已成功抓取全部所需数据。
[2026-04-18 22:41:53] [SUCCESS] bvid=BV1uTDTBbEq1 已成功抓取全部所需数据。
[2026-04-18 22:41:59] [SUCCESS] bvid=BV1uTDuBTEop 已成功抓取全部所需数据。
[2026-04-18 22:42:11] [SUCCESS] bvid=BV1uTXMBKEv2 已成功抓取全部所需数据。
[2026-04-18 22:42:22] [ERROR] bvid=BV1uTXhBeE6C 抓取失败：media: [tcp @ 000001fbe2e073c0] Connection to tcp://xy122x226x199x41xy.mcdn.bilivideo.cn:8082 failed: Error number -138 occurred
[in#0 @ 000001fbe2e00240] Error opening input: Error number -138 occurred
Error opening input file https://xy122x226x199x41xy.mcdn.bilivideo.cn:8082/v1/resource/upgcxcode/33/20/37093312033/37093312033-1-30280.m4s?agrr=0&build=0&buvid=3BBBD54F-2E24-A0F2-64C0-4FEA8E69B84813321infoc&bvc=vod&bw=176284&deadline=1776530534&dl=0&e=ig8euxZM2rNcNbdlhoNvNC8BqJIzNbfqXBvEqxTEto8BTrNvN0GvT90W5JZMkX_YN0MvXg8gNEV4NC8xNEV4N03eN0B5tZlqNxTEto8BTrNvNeZVuJ10Kj_g2UB02J0mN0B5tZlqNCNEto8BTrNvNC7MTX502C8f2jmMQJ6mqF2fka1mqx6gqj0eN0B599M%3D&f=u_0_0&gen=playurlv3&mid=0&nbs=1&nettype=0&og=cos&oi=2029896770&orderid=0%2C3&os=estgcos&platform=pc&qn_dyeid=9e6f119e0dec767200d2555869e39846&sign=16124c&traceid=trlpTNnamyvGnl_0_e_N&uipk=5&uparams=e%2Cog%2Cmid%2Coi%2Cdeadline%2Ctrid%2Cplatform%2Cnbs%2Cuipk%2Cgen%2Cos&upsig=9431ad1078b571b8edea4fd759b25fce.
Error opening input files: Error number -138 occurred
[2026-04-18 22:42:27] [SUCCESS] bvid=BV1uTXkBPEJy 已成功抓取全部所需数据。
[2026-04-18 22:42:34] [SUCCESS] bvid=BV1uU95BsETh 已成功抓取全部所需数据。
[2026-04-18 22:42:39] [SUCCESS] bvid=BV1uU95BsEjn 已成功抓取全部所需数据。
[2026-04-18 22:42:44] [SUCCESS] bvid=BV1uU9NBeEE3 已成功抓取全部所需数据。
[2026-04-18 22:42:54] [ERROR] bvid=BV1uU9jBAEaa 抓取失败：media: [tcp @ 000002173b3273c0] Connection to tcp://xy122x226x199x41xy.mcdn.bilivideo.cn:8082 failed: Error number -138 occurred
[in#0 @ 000002173b320240] Error opening input: Error number -138 occurred
Error opening input file https://xy122x226x199x41xy.mcdn.bilivideo.cn:8082/v1/resource/upgcxcode/94/74/37149347494/37149347494-1-30280.m4s?agrr=0&build=0&buvid=3BBBD54F-2E24-A0F2-64C0-4FEA8E69B84813321infoc&bvc=vod&bw=187773&deadline=1776530566&dl=0&e=ig8euxZM2rNcNbdlhoNvNC8BqJIzNbfqXBvEqxTEto8BTrNvN0GvT90W5JZMkX_YN0MvXg8gNEV4NC8xNEV4N03eN0B5tZlqNxTEto8BTrNvNeZVuJ10Kj_g2UB02J0mN0B5tZlqNCNEto8BTrNvNC7MTX502C8f2jmMQJ6mqF2fka1mqx6gqj0eN0B599M%3D&f=u_0_0&gen=playurlv3&mid=0&nbs=1&nettype=0&og=cos&oi=2029896770&orderid=0%2C3&os=estgcos&platform=pc&qn_dyeid=7ad8915d8a6e768000ad861d69e39866&sign=c38ce2&traceid=trtMIKewOPwlvD_0_e_N&uipk=5&uparams=e%2Cdeadline%2Cnbs%2Cuipk%2Cplatform%2Cmid%2Cgen%2Coi%2Ctrid%2Cos%2Cog&upsig=13aa70663998e9ce32e4cbf08f8ac7d1.
Error opening input files: Error number -138 occurred
[2026-04-18 22:43:07] [SUCCESS] bvid=BV1uUD8BfE8S 已成功抓取全部所需数据。
[2026-04-18 22:43:12] [SUCCESS] bvid=BV1uUD8BfEfk 已成功抓取全部所需数据。
[2026-04-18 22:43:18] [SUCCESS] bvid=BV1uUDTBhERZ 已成功抓取全部所需数据。
[2026-04-18 22:43:30] [SUCCESS] bvid=BV1uUDrBbEC3 已成功抓取全部所需数据。
[2026-04-18 22:43:35] [SUCCESS] bvid=BV1uUPUzUEzV 已成功抓取全部所需数据。
[2026-04-18 22:44:17] [ERROR] bvid=BV1uVDCBcEZK 抓取失败：media: [tls @ 0000017489da17c0] Error in the pull function.
[tls @ 0000017489da17c0] IO error: End of file
[in#0 @ 0000017489da0240] Error opening input: End of file
Error opening input file https://xy223x106x77x5xy.mcdn.bilivideo.cn:8082/v1/resource/upgcxcode/70/47/37418434770/37418434770-1-30280.m4s?agrr=0&build=0&buvid=3BBBD54F-2E24-A0F2-64C0-4FEA8E69B84813321infoc&bvc=vod&bw=210255&deadline=1776530618&dl=0&e=ig8euxZM2rNcNbdlhoNvNC8BqJIzNbfqXBvEqxTEto8BTrNvN0GvT90W5JZMkX_YN0MvXg8gNEV4NC8xNEV4N03eN0B5tZlqNxTEto8BTrNvNeZVuJ10Kj_g2UB02J0mN0B5tZlqNCNEto8BTrNvNC7MTX502C8f2jmMQJ6mqF2fka1mqx6gqj0eN0B599M%3D&f=u_0_0&gen=playurlv3&mid=0&nbs=1&nettype=0&og=hw&oi=2029896770&orderid=0%2C3&os=08cbv&platform=pc&qn_dyeid=8d3bb1bed91eecf4008df68469e3989a&sign=5e89f8&traceid=trzucEufMmMIrs_0_e_N&uipk=5&uparams=e%2Cnbs%2Cuipk%2Cdeadline%2Cplatform%2Cgen%2Cog%2Coi%2Ctrid%2Cmid%2Cos&upsig=7a2c53963195d9aaf93d678dd611cca6.
Error opening input files: End of file
[2026-04-18 22:44:29] [SUCCESS] bvid=BV1uVDpB6EiE 已成功抓取全部所需数据。
[2026-04-18 22:44:40] [SUCCESS] bvid=BV1uVQKB8E3f 已成功抓取全部所需数据。
[2026-04-18 22:44:46] [SUCCESS] bvid=BV1uVXGBmE1P 已成功抓取全部所需数据。
[2026-04-18 22:44:58] [SUCCESS] bvid=BV1uVXWBjEih 已成功抓取全部所需数据。
[2026-04-18 22:45:05] [SUCCESS] bvid=BV1uVXZB5ECA 已成功抓取全部所需数据。
[2026-04-18 22:45:10] [SUCCESS] bvid=BV1uVXZB5EXW 已成功抓取全部所需数据。
[2026-04-18 22:45:20] [ERROR] bvid=BV1uVXZB5EXx 抓取失败：media: [tcp @ 000001eceb9073c0] Connection to tcp://xy122x226x199x50xy.mcdn.bilivideo.cn:8082 failed: Error number -138 occurred
[in#0 @ 000001eceb900240] Error opening input: Error number -138 occurred
Error opening input file https://xy122x226x199x50xy.mcdn.bilivideo.cn:8082/v1/resource/upgcxcode/21/24/37171562421/37171562421-1-30032.m4s?agrr=0&build=0&buvid=3BBBD54F-2E24-A0F2-64C0-4FEA8E69B84813321infoc&bvc=vod&bw=727780&deadline=1776530713&dl=0&e=ig8euxZM2rNcNbdlhoNvNC8BqJIzNbfqXBvEqxTEto8BTrNvN0GvT90W5JZMkX_YN0MvXg8gNEV4NC8xNEV4N03eN0B5tZlqNxTEto8BTrNvNeZVuJ10Kj_g2UB02J0mN0B5tZlqNCNEto8BTrNvNC7MTX502C8f2jmMQJ6mqF2fka1mqx6gqj0eN0B599M%3D&f=u_0_0&gen=playurlv3&mid=0&nbs=1&nettype=0&og=cos&oi=2029896770&orderid=0%2C3&os=cosbv&platform=pc&qn_dyeid=babd209e86f5c415005298d269e398f9&sign=4032a9&traceid=trWWHdbLEzzeIS_0_e_N&uipk=5&uparams=e%2Cdeadline%2Coi%2Cgen%2Cnbs%2Cplatform%2Cos%2Cog%2Cuipk%2Ctrid%2Cmid&upsig=e9c51bb4f8fbb5886e18f03ae493b9f2.
Error opening input files: Error number -138 occurred
[2026-04-18 22:45:29] [ERROR] bvid=BV1uVXZB5Eqw 抓取失败：media: [tcp @ 000001b58f027440] Connection to tcp://xy122x226x199x50xy.mcdn.bilivideo.cn:8082 failed: Error number -138 occurred
[in#0 @ 000001b58f020240] Error opening input: Error number -138 occurred
Error opening input file https://xy122x226x199x50xy.mcdn.bilivideo.cn:8082/v1/resource/upgcxcode/06/00/37172940006/37172940006-1-30032.m4s?agrr=0&build=0&buvid=3BBBD54F-2E24-A0F2-64C0-4FEA8E69B84813321infoc&bvc=vod&bw=448935&cdnid=6555&deadline=1776530722&dl=0&e=ig8euxZM2rNcNbdlhoNvNC8BqJIzNbfqXBvEqxTEto8BTrNvN0GvT90W5JZMkX_YN0MvXg8gNEV4NC8xNEV4N03eN0B5tZlqNxTEto8BTrNvNeZVuJ10Kj_g2UB02J0mN0B5tZlqNCNEto8BTrNvNC7MTX502C8f2jmMQJ6mqF2fka1mqx6gqj0eN0B599M%3D&f=u_0_0&gen=playurlv3&lrs=77&mid=0&nbs=1&nettype=0&og=hw&oi=2029896770&orderid=0%2C3&os=bcache&platform=pc&qn_dyeid=e5222623fc48217800e2b63869e39902&sign=508422&traceid=trXDCRDAPnnpJW_0_e_N&uipk=5&uparams=e%2Cplatform%2Coi%2Cmid%2Cnbs%2Cuipk%2Ctrid%2Cos%2Cog%2Cdeadline%2Cgen&upsig=9b680ce6465ea81b8a7dac74f6accc85.
Error opening input files: Error number -138 occurred
[2026-04-18 22:45:35] [SUCCESS] bvid=BV1uVXZB5EzH 已成功抓取全部所需数据。
[2026-04-18 22:45:46] [SUCCESS] bvid=BV1uWDLBSEcH 已成功抓取全部所需数据。
[2026-04-18 22:45:51] [SUCCESS] bvid=BV1uWDSBmEe3 已成功抓取全部所需数据。
[2026-04-18 22:45:57] [SUCCESS] bvid=BV1uWDSBmEvU 已成功抓取全部所需数据。
[2026-04-18 22:46:02] [SUCCESS] bvid=BV1uWQWB1Efg 已成功抓取全部所需数据。
[2026-04-18 22:46:14] [SUCCESS] bvid=BV1uWQcB7E25 已成功抓取全部所需数据。
[2026-04-18 22:46:19] [SUCCESS] bvid=BV1uWXrBYEqP 已成功抓取全部所需数据。
[2026-04-18 22:46:25] [SUCCESS] bvid=BV1uX9EBME99 已成功抓取全部所需数据。
[2026-04-18 22:46:30] [SUCCESS] bvid=BV1uXDFByEy3 已成功抓取全部所需数据。
[2026-04-18 22:46:36] [SUCCESS] bvid=BV1uXDeBkEfy 已成功抓取全部所需数据。
[2026-04-18 22:46:49] [SUCCESS] bvid=BV1uXXgBGEFX 已成功抓取全部所需数据。
[2026-04-18 22:46:55] [SUCCESS] bvid=BV1uY97BAE4E 已成功抓取全部所需数据。
[2026-04-18 22:47:01] [SUCCESS] bvid=BV1uY97BAEDn 已成功抓取全部所需数据。
[2026-04-18 22:47:06] [SUCCESS] bvid=BV1uY9KBYEPo 已成功抓取全部所需数据。
[2026-04-18 22:47:16] [SUCCESS] bvid=BV1uY9KBYEw7 已成功抓取全部所需数据。
[2026-04-18 22:47:22] [SUCCESS] bvid=BV1uY9MB3Eq2 已成功抓取全部所需数据。
[2026-04-18 22:47:28] [SUCCESS] bvid=BV1uY9MB3EvQ 已成功抓取全部所需数据。
[2026-04-18 22:57:34] [SUCCESS] bvid=BV1uY9MB3EyK 已成功抓取全部所需数据。
[2026-04-18 22:57:40] [SUCCESS] bvid=BV1uYDYBqEqJ 已成功抓取全部所需数据。
[2026-04-18 22:57:46] [SUCCESS] bvid=BV1uYXVBXEbc 已成功抓取全部所需数据。
[2026-04-18 22:57:51] [SUCCESS] bvid=BV1uZ9nBkEt8 已成功抓取全部所需数据。
[2026-04-18 22:57:57] [SUCCESS] bvid=BV1uZDeBgEoc 已成功抓取全部所需数据。
[2026-04-18 22:58:09] [SUCCESS] bvid=BV1uZDeBuEYM 已成功抓取全部所需数据。
[2026-04-18 22:58:14] [SUCCESS] bvid=BV1uZQMBTEas 已成功抓取全部所需数据。
[2026-04-18 22:58:26] [SUCCESS] bvid=BV1uZX5BsEBW 已成功抓取全部所需数据。
[2026-04-18 22:58:31] [SUCCESS] bvid=BV1uZX5BsEQG 已成功抓取全部所需数据。
[2026-04-18 22:58:36] [SUCCESS] bvid=BV1uZX5BsEmM 已成功抓取全部所需数据。
[2026-04-18 22:58:41] [SUCCESS] bvid=BV1uZX5BsEyy 已成功抓取全部所需数据。
[2026-04-18 22:58:53] [SUCCESS] bvid=BV1uZXABdEHY 已成功抓取全部所需数据。
[2026-04-18 22:59:05] [SUCCESS] bvid=BV1uZXABdEUm 已成功抓取全部所需数据。
[2026-04-18 22:59:10] [SUCCESS] bvid=BV1uZXABdEUo 已成功抓取全部所需数据。
[2026-04-18 22:59:15] [SUCCESS] bvid=BV1uZXABdEve 已成功抓取全部所需数据。
[2026-04-18 22:59:20] [SUCCESS] bvid=BV1uZXABdEvi 已成功抓取全部所需数据。
[2026-04-18 22:59:32] [SUCCESS] bvid=BV1uZXABdEyp 已成功抓取全部所需数据。
[2026-04-18 22:59:38] [SUCCESS] bvid=BV1uZXABdEyv 已成功抓取全部所需数据。
[2026-04-18 22:59:40] [ERROR] bvid=BV1uZXUBpEe6 抓取失败：media: 接口返回错误代码：62002，信息：稿件不可见。
{'code': 62002, 'message': '稿件不可见', 'ttl': 1}
[2026-04-18 22:59:47] [SUCCESS] bvid=BV1uZXUBpEiK 已成功抓取全部所需数据。
[2026-04-18 22:59:58] [SUCCESS] bvid=BV1uZXUBpEj6 已成功抓取全部所需数据。
[2026-04-18 23:00:01] [ERROR] bvid=BV1uZXZB5ENh 抓取失败：media: 接口返回错误代码：62012，信息：62012。
{'code': 62012, 'message': '62012', 'ttl': 1}
[2026-04-18 23:00:07] [SUCCESS] bvid=BV1uZXZB5Ez1 已成功抓取全部所需数据。
[2026-04-18 23:00:12] [SUCCESS] bvid=BV1ua9KBPEBQ 已成功抓取全部所需数据。
[2026-04-18 23:00:25] [SUCCESS] bvid=BV1ua9KBPEtj 已成功抓取全部所需数据。
[2026-04-18 23:00:28] [ERROR] bvid=BV1uaQtBdEsZ 抓取失败：media: No downloadable media stream found for this bvid.
[2026-04-18 23:00:33] [SUCCESS] bvid=BV1uaXVBWEft 已成功抓取全部所需数据。
[2026-04-18 23:00:38] [SUCCESS] bvid=BV1uaXaBKENF 已成功抓取全部所需数据。
[2026-04-18 23:00:42] [ERROR] bvid=BV1uaXpBLE4P 抓取失败：media: 接口返回错误代码：-404，信息：啥都木有。
{'code': -404, 'message': '啥都木有', 'ttl': 1}
[2026-04-18 23:00:45] [ERROR] bvid=BV1uaXpBLEsT 抓取失败：media: 接口返回错误代码：-404，信息：啥都木有。
{'code': -404, 'message': '啥都木有', 'ttl': 1}
[2026-04-18 23:00:56] [SUCCESS] bvid=BV1ub9KBKEd2 已成功抓取全部所需数据。
[2026-04-18 23:01:01] [SUCCESS] bvid=BV1ub9KBKEk7 已成功抓取全部所需数据。
[2026-04-18 23:01:13] [SUCCESS] bvid=BV1ub9KBKEyG 已成功抓取全部所需数据。
[2026-04-18 23:01:19] [SUCCESS] bvid=BV1ubDhBaE4u 已成功抓取全部所需数据。
[2026-04-18 23:01:31] [SUCCESS] bvid=BV1ubSoBeEFx 已成功抓取全部所需数据。
[2026-04-18 23:01:42] [SUCCESS] bvid=BV1ubSoBeEM4 已成功抓取全部所需数据。
[2026-04-18 23:01:54] [SUCCESS] bvid=BV1ubXaBMEAX 已成功抓取全部所需数据。
[2026-04-18 23:01:59] [SUCCESS] bvid=BV1uc9WBEEFj 已成功抓取全部所需数据。
[2026-04-18 23:02:04] [SUCCESS] bvid=BV1uc9WBEELm 已成功抓取全部所需数据。
[2026-04-18 23:02:16] [SUCCESS] bvid=BV1uc9WBEEYQ 已成功抓取全部所需数据。
[2026-04-18 23:02:21] [SUCCESS] bvid=BV1uc9WBEEjE 已成功抓取全部所需数据。
[2026-04-18 23:02:26] [SUCCESS] bvid=BV1ucD5B2E4D 已成功抓取全部所需数据。
[2026-04-18 23:02:32] [SUCCESS] bvid=BV1ucQuBNE7G 已成功抓取全部所需数据。
[2026-04-18 23:02:38] [SUCCESS] bvid=BV1ucXKBaEKD 已成功抓取全部所需数据。
[2026-04-18 23:02:44] [SUCCESS] bvid=BV1ucXLBpEwv 已成功抓取全部所需数据。
[2026-04-18 23:02:49] [SUCCESS] bvid=BV1ucXSBnEhb 已成功抓取全部所需数据。
[2026-04-18 23:02:54] [SUCCESS] bvid=BV1ucXSBnEmb 已成功抓取全部所需数据。
[2026-04-18 23:02:54] [WARN] 当前子任务已结束，但仍有未成功抓取的视频，已导出 remaining CSV 供继续执行。
[2026-04-18 23:02:54] [INFO] 已导出剔除成功条目后的剩余 CSV：outputs\video_data\manual_crawls\manual_crawl_media_mode_A_20260418_000648\remaining_bvids_part_103.csv
[2026-04-18 23:02:54] 子任务结束时间：2026-04-18T23:02:54.349532
[TIMESTAMP][END] 2026-04-18T23:02:54
