[TIMESTAMP][BEGIN] 2026-04-18T10:27:05
[2026-04-18 10:27:07] 开始执行 CSV 批量抓取子任务 part_57。
[2026-04-18 10:27:07] 子任务开始时间：2026-04-18T10:27:05.048716
[2026-04-18 10:27:07] 输入文件：batch_input_54.csv
[2026-04-18 10:27:07] 输入唯一 bvid 数量：100
[2026-04-18 10:27:13] [SUCCESS] bvid=BV1isXPBTEDT 已成功抓取全部所需数据。
[2026-04-18 10:27:19] [SUCCESS] bvid=BV1itQFBREqf 已成功抓取全部所需数据。
[2026-04-18 10:27:25] [SUCCESS] bvid=BV1itXbB3EKp 已成功抓取全部所需数据。
[2026-04-18 10:27:30] [SUCCESS] bvid=BV1itXbB3En2 已成功抓取全部所需数据。
[2026-04-18 10:27:35] [SUCCESS] bvid=BV1itXbB3EpA 已成功抓取全部所需数据。
[2026-04-18 10:27:42] [SUCCESS] bvid=BV1itXbB3EpQ 已成功抓取全部所需数据。
[2026-04-18 10:27:47] [SUCCESS] bvid=BV1itXbB3Eva 已成功抓取全部所需数据。
[2026-04-18 10:27:51] [SUCCESS] bvid=BV1iuD4BfEYA 已成功抓取全部所需数据。
[2026-04-18 10:27:56] [SUCCESS] bvid=BV1iuDKBME5C 已成功抓取全部所需数据。
[2026-04-18 10:28:01] [SUCCESS] bvid=BV1iuDLBFEFA 已成功抓取全部所需数据。
[2026-04-18 10:28:06] [SUCCESS] bvid=BV1iuQgBUExb 已成功抓取全部所需数据。
[2026-04-18 10:28:10] [SUCCESS] bvid=BV1iuX8BVEgA 已成功抓取全部所需数据。
[2026-04-18 10:28:15] [SUCCESS] bvid=BV1iuXXBrEEU 已成功抓取全部所需数据。
[2026-04-18 10:28:27] [SUCCESS] bvid=BV1iuXXBrEvo 已成功抓取全部所需数据。
[2026-04-18 10:28:31] [SUCCESS] bvid=BV1ivDTBgE2r 已成功抓取全部所需数据。
[2026-04-18 10:28:36] [SUCCESS] bvid=BV1ivQiBdES6 已成功抓取全部所需数据。
[2026-04-18 10:28:42] [SUCCESS] bvid=BV1ivQiBdEnt 已成功抓取全部所需数据。
[2026-04-18 10:28:47] [SUCCESS] bvid=BV1ivXgB9EAz 已成功抓取全部所需数据。
[2026-04-18 10:28:52] [SUCCESS] bvid=BV1ivXgB9EHW 已成功抓取全部所需数据。
[2026-04-18 10:29:05] [SUCCESS] bvid=BV1ivXgB9EL7 已成功抓取全部所需数据。
[2026-04-18 10:29:17] [SUCCESS] bvid=BV1iw9uBHEV3 已成功抓取全部所需数据。
[2026-04-18 10:29:22] [SUCCESS] bvid=BV1iwDeB2EVX 已成功抓取全部所需数据。
[2026-04-18 10:29:33] [SUCCESS] bvid=BV1iwDeB2EX5 已成功抓取全部所需数据。
[2026-04-18 10:29:39] [SUCCESS] bvid=BV1iwQJB5E11 已成功抓取全部所需数据。
[2026-04-18 10:29:45] [SUCCESS] bvid=BV1iwQMByED4 已成功抓取全部所需数据。
[2026-04-18 10:29:50] [SUCCESS] bvid=BV1iwQMByED5 已成功抓取全部所需数据。
[2026-04-18 10:30:00] [SUCCESS] bvid=BV1iwQMByEJM 已成功抓取全部所需数据。
[2026-04-18 10:30:03] [ERROR] bvid=BV1iwXZBQE17 抓取失败：media: 接口返回错误代码：62002，信息：稿件不可见。
{'code': 62002, 'message': '稿件不可见', 'ttl': 1}
[2026-04-18 10:30:15] [SUCCESS] bvid=BV1ixDZBEEJX 已成功抓取全部所需数据。
[2026-04-18 10:30:18] [ERROR] bvid=BV1ixXKB5EBV 抓取失败：media: 接口返回错误代码：62002，信息：稿件不可见。
{'code': 62002, 'message': '稿件不可见', 'ttl': 1}
[2026-04-18 10:30:23] [SUCCESS] bvid=BV1ixXbBkEfS 已成功抓取全部所需数据。
[2026-04-18 10:30:34] [SUCCESS] bvid=BV1ixXbBkEfo 已成功抓取全部所需数据。
[2026-04-18 10:30:38] [SUCCESS] bvid=BV1ixXbBkEmj 已成功抓取全部所需数据。
[2026-04-18 10:30:44] [SUCCESS] bvid=BV1iyPrzMETt 已成功抓取全部所需数据。
[2026-04-18 10:30:49] [SUCCESS] bvid=BV1iyX2BWEGD 已成功抓取全部所需数据。
[2026-04-18 10:30:55] [SUCCESS] bvid=BV1iyXNBGEkb 已成功抓取全部所需数据。
[2026-04-18 10:31:07] [SUCCESS] bvid=BV1iyXNBGEvy 已成功抓取全部所需数据。
[2026-04-18 10:31:25] [SUCCESS] bvid=BV1iyXUBwEPC 已成功抓取全部所需数据。
[2026-04-18 10:31:30] [SUCCESS] bvid=BV1iyXUBwEew 已成功抓取全部所需数据。
[2026-04-18 10:31:35] [SUCCESS] bvid=BV1iyXUBwEme 已成功抓取全部所需数据。
[2026-04-18 10:31:42] [SUCCESS] bvid=BV1iz9TB7Eme 已成功抓取全部所需数据。
[2026-04-18 10:31:49] [SUCCESS] bvid=BV1izDaBCE1V 已成功抓取全部所需数据。
[2026-04-18 10:31:55] [SUCCESS] bvid=BV1izDpBQESU 已成功抓取全部所需数据。
[2026-04-18 10:32:02] [SUCCESS] bvid=BV1izSZB1EV7 已成功抓取全部所需数据。
[2026-04-18 10:32:05] [ERROR] bvid=BV1izXGBfEKx 抓取失败：media: No downloadable media stream found for this bvid.
[2026-04-18 10:32:11] [SUCCESS] bvid=BV1izwLzfEY2 已成功抓取全部所需数据。
[2026-04-18 10:32:17] [SUCCESS] bvid=BV1j19FBcEHP 已成功抓取全部所需数据。
[2026-04-18 10:32:30] [SUCCESS] bvid=BV1j19FBcELa 已成功抓取全部所需数据。
[2026-04-18 10:32:35] [SUCCESS] bvid=BV1j19FBcENj 已成功抓取全部所需数据。
[2026-04-18 10:32:47] [SUCCESS] bvid=BV1j19FBcEPU 已成功抓取全部所需数据。
[2026-04-18 10:32:52] [SUCCESS] bvid=BV1j19pBbE3w 已成功抓取全部所需数据。
[2026-04-18 10:33:04] [SUCCESS] bvid=BV1j1DVBoE4W 已成功抓取全部所需数据。
[2026-04-18 10:33:09] [SUCCESS] bvid=BV1j1DVBoEd1 已成功抓取全部所需数据。
[2026-04-18 10:33:15] [SUCCESS] bvid=BV1j1QMBLE5b 已成功抓取全部所需数据。
[2026-04-18 10:33:20] [SUCCESS] bvid=BV1j1QMBLEBR 已成功抓取全部所需数据。
[2026-04-18 10:33:26] [SUCCESS] bvid=BV1j1QMBLEV4 已成功抓取全部所需数据。
[2026-04-18 10:33:38] [SUCCESS] bvid=BV1j1QMBLEgH 已成功抓取全部所需数据。
[2026-04-18 10:33:43] [SUCCESS] bvid=BV1j1XUBhEZn 已成功抓取全部所需数据。
[2026-04-18 10:33:48] [SUCCESS] bvid=BV1j1XUBhEiZ 已成功抓取全部所需数据。
[2026-04-18 10:33:54] [SUCCESS] bvid=BV1j1XUBhEqW 已成功抓取全部所需数据。
[2026-04-18 10:34:05] [SUCCESS] bvid=BV1j1XjB3ECx 已成功抓取全部所需数据。
[2026-04-18 10:34:11] [SUCCESS] bvid=BV1j1XjB3EEh 已成功抓取全部所需数据。
[2026-04-18 10:34:17] [SUCCESS] bvid=BV1j29FB8EtY 已成功抓取全部所需数据。
[2026-04-18 10:34:21] [SUCCESS] bvid=BV1j29pBZEXh 已成功抓取全部所需数据。
[2026-04-18 10:34:37] [SUCCESS] bvid=BV1j29pBZEws 已成功抓取全部所需数据。
[2026-04-18 10:34:45] [ERROR] bvid=BV1j2DPBNE41 抓取失败：media: No downloadable media stream found for this bvid.
[2026-04-18 10:34:58] [SUCCESS] bvid=BV1j2DiBsECg 已成功抓取全部所需数据。
[2026-04-18 10:35:20] [SUCCESS] bvid=BV1j2QgBpEgK 已成功抓取全部所需数据。
[2026-04-18 10:35:25] [SUCCESS] bvid=BV1j2QgBpEqu 已成功抓取全部所需数据。
[2026-04-18 10:35:32] [SUCCESS] bvid=BV1j2XDBBEQ4 已成功抓取全部所需数据。
[2026-04-18 10:35:37] [SUCCESS] bvid=BV1j2XDBBEis 已成功抓取全部所需数据。
[2026-04-18 10:35:42] [SUCCESS] bvid=BV1j2XDBBEsx 已成功抓取全部所需数据。
[2026-04-18 10:35:47] [SUCCESS] bvid=BV1j39LBzE51 已成功抓取全部所需数据。
[2026-04-18 10:35:53] [SUCCESS] bvid=BV1j39LBzEhg 已成功抓取全部所需数据。
[2026-04-18 10:36:04] [SUCCESS] bvid=BV1j3D7BiE79 已成功抓取全部所需数据。
[2026-04-18 10:36:09] [SUCCESS] bvid=BV1j3D7BiECj 已成功抓取全部所需数据。
[2026-04-18 10:36:15] [SUCCESS] bvid=BV1j3D7BiEUC 已成功抓取全部所需数据。
[2026-04-18 10:36:20] [SUCCESS] bvid=BV1j3D7BiEUQ 已成功抓取全部所需数据。
[2026-04-18 10:36:26] [SUCCESS] bvid=BV1j3D7BiEUn 已成功抓取全部所需数据。
[2026-04-18 10:36:31] [SUCCESS] bvid=BV1j3D7BiEmU 已成功抓取全部所需数据。
[2026-04-18 10:36:36] [SUCCESS] bvid=BV1j3DQBeE7a 已成功抓取全部所需数据。
[2026-04-18 10:36:41] [SUCCESS] bvid=BV1j3QWB9EED 已成功抓取全部所需数据。
[2026-04-18 10:36:46] [SUCCESS] bvid=BV1j3QWB9EUN 已成功抓取全部所需数据。
[2026-04-18 10:36:51] [SUCCESS] bvid=BV1j3QcBxELp 已成功抓取全部所需数据。
[2026-04-18 10:36:56] [SUCCESS] bvid=BV1j3QvBWEgv 已成功抓取全部所需数据。
[2026-04-18 10:37:02] [SUCCESS] bvid=BV1j3QvBWEqT 已成功抓取全部所需数据。
[2026-04-18 10:37:07] [SUCCESS] bvid=BV1j3XaBSEL8 已成功抓取全部所需数据。
[2026-04-18 10:37:13] [SUCCESS] bvid=BV1j4D5BfEXw 已成功抓取全部所需数据。
[2026-04-18 10:37:18] [SUCCESS] bvid=BV1j4DxBtEAo 已成功抓取全部所需数据。
[2026-04-18 10:37:23] [SUCCESS] bvid=BV1j4DxBtEyi 已成功抓取全部所需数据。
[2026-04-18 10:37:28] [SUCCESS] bvid=BV1j4X6BrEEz 已成功抓取全部所需数据。
[2026-04-18 10:37:33] [SUCCESS] bvid=BV1j4XKBCE1D 已成功抓取全部所需数据。
[2026-04-18 10:37:38] [SUCCESS] bvid=BV1j4XKBCE9Y 已成功抓取全部所需数据。
[2026-04-18 10:37:44] [SUCCESS] bvid=BV1j4XKBCEFR 已成功抓取全部所需数据。
[2026-04-18 10:37:49] [SUCCESS] bvid=BV1j4XSBYEdt 已成功抓取全部所需数据。
[2026-04-18 10:37:55] [SUCCESS] bvid=BV1j4XSBYEmq 已成功抓取全部所需数据。
[2026-04-18 10:38:01] [SUCCESS] bvid=BV1j597BLERH 已成功抓取全部所需数据。
[2026-04-18 10:38:06] [SUCCESS] bvid=BV1j59KB1EPg 已成功抓取全部所需数据。
[2026-04-18 10:38:12] [SUCCESS] bvid=BV1j5DQBYEhv 已成功抓取全部所需数据。
[2026-04-18 10:38:17] [SUCCESS] bvid=BV1j5DQBaEM9 已成功抓取全部所需数据。
[2026-04-18 10:38:17] [WARN] 当前子任务已结束，但仍有未成功抓取的视频，已导出 remaining CSV 供继续执行。
[2026-04-18 10:38:17] [INFO] 已导出剔除成功条目后的剩余 CSV：outputs\video_data\manual_crawls\manual_crawl_media_mode_A_20260418_000648\remaining_bvids_part_57.csv
[2026-04-18 10:38:17] 子任务结束时间：2026-04-18T10:38:17.944762
[TIMESTAMP][END] 2026-04-18T10:38:17
