[TIMESTAMP][BEGIN] 2026-04-18T22:11:28
[2026-04-18 22:11:30] 开始执行 CSV 批量抓取子任务 part_101。
[2026-04-18 22:11:30] 子任务开始时间：2026-04-18T22:11:28.388339
[2026-04-18 22:11:30] 输入文件：batch_input_97.csv
[2026-04-18 22:11:30] 输入唯一 bvid 数量：100
[2026-04-18 22:11:36] [SUCCESS] bvid=BV1twXLBQEAb 已成功抓取全部所需数据。
[2026-04-18 22:11:41] [SUCCESS] bvid=BV1twXSBSEgB 已成功抓取全部所需数据。
[2026-04-18 22:11:52] [SUCCESS] bvid=BV1tx9wBQESq 已成功抓取全部所需数据。
[2026-04-18 22:12:04] [SUCCESS] bvid=BV1tx9wBQEm3 已成功抓取全部所需数据。
[2026-04-18 22:12:10] [SUCCESS] bvid=BV1txDKB4EEm 已成功抓取全部所需数据。
[2026-04-18 22:12:21] [SUCCESS] bvid=BV1txDLBEEnp 已成功抓取全部所需数据。
[2026-04-18 22:12:27] [SUCCESS] bvid=BV1tyD5BjEDA 已成功抓取全部所需数据。
[2026-04-18 22:12:32] [SUCCESS] bvid=BV1tyDZBKELL 已成功抓取全部所需数据。
[2026-04-18 22:12:39] [SUCCESS] bvid=BV1tyQRBaE3P 已成功抓取全部所需数据。
[2026-04-18 22:12:51] [SUCCESS] bvid=BV1tyQRBaETt 已成功抓取全部所需数据。
[2026-04-18 22:12:56] [SUCCESS] bvid=BV1tyXKBwEEn 已成功抓取全部所需数据。
[2026-04-18 22:13:02] [SUCCESS] bvid=BV1tyXKBwELh 已成功抓取全部所需数据。
[2026-04-18 22:13:08] [SUCCESS] bvid=BV1tyXbB8EQZ 已成功抓取全部所需数据。
[2026-04-18 22:13:16] [SUCCESS] bvid=BV1tyXbB8Ebm 已成功抓取全部所需数据。
[2026-04-18 22:13:23] [SUCCESS] bvid=BV1tyXbB8EuX 已成功抓取全部所需数据。
[2026-04-18 22:13:28] [SUCCESS] bvid=BV1tyXbB8ExJ 已成功抓取全部所需数据。
[2026-04-18 22:13:39] [SUCCESS] bvid=BV1tzDvB3EQ7 已成功抓取全部所需数据。
[2026-04-18 22:13:45] [SUCCESS] bvid=BV1tzDvB3EsF 已成功抓取全部所需数据。
[2026-04-18 22:13:56] [SUCCESS] bvid=BV1tzQ8BfEbL 已成功抓取全部所需数据。
[2026-04-18 22:14:09] [SUCCESS] bvid=BV1tzXPBoEWV 已成功抓取全部所需数据。
[2026-04-18 22:14:22] [SUCCESS] bvid=BV1tzXPBoEka 已成功抓取全部所需数据。
[2026-04-18 22:17:35] [ERROR] bvid=BV1tzXfBLEb2 抓取失败：media: [tls @ 0000016a84011800] Error in the pull function.
[tls @ 0000016a84011800] IO error: Error number -10054 occurred
[in#0 @ 0000016a84010240] Error opening input: Error number -10054 occurred
Error opening input file https://xy122x226x199x55xy.mcdn.bilivideo.cn:8082/v1/resource/upgcxcode/76/13/37169661376/37169661376-1-30280.m4s?agrr=0&build=0&buvid=3BBBD54F-2E24-A0F2-64C0-4FEA8E69B84813321infoc&bvc=vod&bw=122599&cdnid=5365&deadline=1776528865&dl=0&e=ig8euxZM2rNcNbdlhoNvNC8BqJIzNbfqXBvEqxTEto8BTrNvN0GvT90W5JZMkX_YN0MvXg8gNEV4NC8xNEV4N03eN0B5tZlqNxTEto8BTrNvNeZVuJ10Kj_g2UB02J0mN0B5tZlqNCNEto8BTrNvNC7MTX502C8f2jmMQJ6mqF2fka1mqx6gqj0eN0B599M%3D&f=u_0_0&gen=playurlv3&lrs=27&mid=0&nbs=1&nettype=0&og=hw&oi=2029896770&orderid=0%2C3&os=bcache&platform=pc&qn_dyeid=cb6e55e666d868af0025befc69e391c1&sign=4beab6&traceid=trsfXSkQkERAvE_0_e_N&uipk=5&uparams=e%2Ctrid%2Coi%2Cmid%2Cdeadline%2Cgen%2Cos%2Cplatform%2Cnbs%2Cuipk%2Cog&upsig=59260b621b22eee5f8ae34509bac7c92.
Error opening input files: Error number -10054 occurred
[2026-04-18 22:17:41] [SUCCESS] bvid=BV1tzXfBLEtr 已成功抓取全部所需数据。
[2026-04-18 22:17:53] [SUCCESS] bvid=BV1u195B4ELE 已成功抓取全部所需数据。
[2026-04-18 22:18:03] [SUCCESS] bvid=BV1u1DNBREcm 已成功抓取全部所需数据。
[2026-04-18 22:18:16] [SUCCESS] bvid=BV1u1QFBVELD 已成功抓取全部所需数据。
[2026-04-18 22:18:21] [SUCCESS] bvid=BV1u1QFBVEcL 已成功抓取全部所需数据。
[2026-04-18 22:18:34] [SUCCESS] bvid=BV1u1X6BbEEv 已成功抓取全部所需数据。
[2026-04-18 22:18:39] [SUCCESS] bvid=BV1u1X6BbETd 已成功抓取全部所需数据。
[2026-04-18 22:18:44] [SUCCESS] bvid=BV1u295BdEaK 已成功抓取全部所需数据。
[2026-04-18 22:18:56] [SUCCESS] bvid=BV1u295BdEde 已成功抓取全部所需数据。
[2026-04-18 22:19:02] [SUCCESS] bvid=BV1u295BdErA 已成功抓取全部所需数据。
[2026-04-18 22:19:07] [SUCCESS] bvid=BV1u2D8BcEqg 已成功抓取全部所需数据。
[2026-04-18 22:19:26] [SUCCESS] bvid=BV1u2QeB6EhM 已成功抓取全部所需数据。
[2026-04-18 22:19:31] [SUCCESS] bvid=BV1u2QsBSEwH 已成功抓取全部所需数据。
[2026-04-18 22:19:36] [SUCCESS] bvid=BV1u2QwBnEHM 已成功抓取全部所需数据。
[2026-04-18 22:19:41] [SUCCESS] bvid=BV1u2QwBnENk 已成功抓取全部所需数据。
[2026-04-18 22:19:47] [SUCCESS] bvid=BV1u2QwBnEhK 已成功抓取全部所需数据。
[2026-04-18 22:19:51] [SUCCESS] bvid=BV1u2XMBBEzu 已成功抓取全部所需数据。
[2026-04-18 22:20:02] [SUCCESS] bvid=BV1u2XkBiEQe 已成功抓取全部所需数据。
[2026-04-18 22:20:13] [SUCCESS] bvid=BV1u39jBbE5F 已成功抓取全部所需数据。
[2026-04-18 22:20:27] [SUCCESS] bvid=BV1u3DCBaEHV 已成功抓取全部所需数据。
[2026-04-18 22:20:32] [SUCCESS] bvid=BV1u3DCBaEP7 已成功抓取全部所需数据。
[2026-04-18 22:20:43] [SUCCESS] bvid=BV1u3Q4BHETm 已成功抓取全部所需数据。
[2026-04-18 22:20:48] [SUCCESS] bvid=BV1u3Q7B8EDG 已成功抓取全部所需数据。
[2026-04-18 22:21:06] [SUCCESS] bvid=BV1u3QLBQEzo 已成功抓取全部所需数据。
[2026-04-18 22:21:17] [SUCCESS] bvid=BV1u49KBqE9i 已成功抓取全部所需数据。
[2026-04-18 22:21:22] [SUCCESS] bvid=BV1u49LBbEbP 已成功抓取全部所需数据。
[2026-04-18 22:21:24] [ERROR] bvid=BV1u4D7B4EFy 抓取失败：media: 接口返回错误代码：62002，信息：稿件不可见。
{'code': 62002, 'message': '稿件不可见', 'ttl': 1}
[2026-04-18 22:21:30] [SUCCESS] bvid=BV1u4DQBWEwo 已成功抓取全部所需数据。
[2026-04-18 22:21:35] [SUCCESS] bvid=BV1u4XaBzEND 已成功抓取全部所需数据。
[2026-04-18 22:21:37] [ERROR] bvid=BV1u5D3BgEG3 抓取失败：media: 接口返回错误代码：62002，信息：稿件不可见。
{'code': 62002, 'message': '稿件不可见', 'ttl': 1}
[2026-04-18 22:21:43] [SUCCESS] bvid=BV1u5Q7BtEtz 已成功抓取全部所需数据。
[2026-04-18 22:21:49] [SUCCESS] bvid=BV1u5SDBSE99 已成功抓取全部所需数据。
[2026-04-18 22:21:55] [SUCCESS] bvid=BV1u5XWB1Eue 已成功抓取全部所需数据。
[2026-04-18 22:22:06] [SUCCESS] bvid=BV1u5XZBCE5s 已成功抓取全部所需数据。
[2026-04-18 22:22:11] [SUCCESS] bvid=BV1u5XZBCEoT 已成功抓取全部所需数据。
[2026-04-18 22:22:16] [ERROR] bvid=BV1u5XvBLEfQ 抓取失败：media: [in#0 @ 000001f690f00200] Error opening input: Server returned 5XX Server Error reply
Error opening input file https://cn-hbwh-cm-01-01.bilivideo.com/upgcxcode/31/91/37103669131/37103669131-1-30032.m4s?e=ig8euxZM2rNcNbdlhoNvNC8BqJIzNbfqXBvEqxTEto8BTrNvN0GvT90W5JZMkX_YN0MvXg8gNEV4NC8xNEV4N03eN0B5tZlqNxTEto8BTrNvNeZVuJ10Kj_g2UB02J0mN0B5tZlqNCNEto8BTrNvNC7MTX502C8f2jmMQJ6mqF2fka1mqx6gqj0eN0B599M=&oi=2029896770&platform=pc&deadline=1776529333&gen=playurlv3&os=bcache&nbs=1&trid=0000abcdf89a804a47c498d841f7237a76bu&uipk=5&mid=0&og=cos&upsig=831fd840254c5efb64f3c9befd490208&uparams=e,oi,platform,deadline,gen,os,nbs,trid,uipk,mid,og&cdnid=10197&bvc=vod&nettype=0&bw=664626&lrs=33&agrr=0&buvid=3BBBD54F-2E24-A0F2-64C0-4FEA8E69B84813321infoc&build=0&dl=0&f=u_0_0&qn_dyeid=535f12673f4642430028960769e39395&orderid=0,3.
Error opening input files: Server returned 5XX Server Error reply
[2026-04-18 22:22:31] [SUCCESS] bvid=BV1u69gB5EGY 已成功抓取全部所需数据。
[2026-04-18 22:22:50] [SUCCESS] bvid=BV1u6DvB6Es1 已成功抓取全部所需数据。
[2026-04-18 22:22:55] [SUCCESS] bvid=BV1u6DxBUESG 已成功抓取全部所需数据。
[2026-04-18 22:23:00] [SUCCESS] bvid=BV1u6XLBdEFA 已成功抓取全部所需数据。
[2026-04-18 22:23:06] [SUCCESS] bvid=BV1u6XLBdEMa 已成功抓取全部所需数据。
[2026-04-18 22:23:18] [SUCCESS] bvid=BV1u6XLBdErM 已成功抓取全部所需数据。
[2026-04-18 22:23:29] [SUCCESS] bvid=BV1u6XLBdEte 已成功抓取全部所需数据。
[2026-04-18 22:23:35] [SUCCESS] bvid=BV1u79FBJEqA 已成功抓取全部所需数据。
[2026-04-18 22:23:40] [SUCCESS] bvid=BV1u7D1BKEhb 已成功抓取全部所需数据。
[2026-04-18 22:23:45] [SUCCESS] bvid=BV1u7QJBPEux 已成功抓取全部所需数据。
[2026-04-18 22:23:58] [SUCCESS] bvid=BV1u7SDBmEPP 已成功抓取全部所需数据。
[2026-04-18 22:24:03] [SUCCESS] bvid=BV1u7SDBmEQn 已成功抓取全部所需数据。
[2026-04-18 22:24:09] [SUCCESS] bvid=BV1u7XUBDEcg 已成功抓取全部所需数据。
[2026-04-18 22:24:15] [SUCCESS] bvid=BV1u7XZBrEGp 已成功抓取全部所需数据。
[2026-04-18 22:24:20] [SUCCESS] bvid=BV1u7XxBHEUr 已成功抓取全部所需数据。
[2026-04-18 22:24:22] [ERROR] bvid=BV1u89KBvEgk 抓取失败：media: No downloadable media stream found for this bvid.
[2026-04-18 22:24:30] [SUCCESS] bvid=BV1u8Q5BDE8z 已成功抓取全部所需数据。
[2026-04-18 22:24:39] [ERROR] bvid=BV1u8XpB2Eqv 抓取失败：media: 接口返回错误代码：-404，信息：啥都木有。
{'code': -404, 'message': '啥都木有', 'ttl': 1}
[2026-04-18 22:24:43] [SUCCESS] bvid=BV1u99EBqEQZ 已成功抓取全部所需数据。
[2026-04-18 22:24:49] [SUCCESS] bvid=BV1u9DaBPEk7 已成功抓取全部所需数据。
[2026-04-18 22:24:51] [ERROR] bvid=BV1u9QKBwEHg 抓取失败：media: 接口返回错误代码：62002，信息：稿件不可见。
{'code': 62002, 'message': '稿件不可见', 'ttl': 1}
[2026-04-18 22:25:03] [SUCCESS] bvid=BV1u9QKBwEs9 已成功抓取全部所需数据。
[2026-04-18 22:25:08] [SUCCESS] bvid=BV1u9QKBwEsM 已成功抓取全部所需数据。
[2026-04-18 22:25:13] [SUCCESS] bvid=BV1u9X2B7Eby 已成功抓取全部所需数据。
[2026-04-18 22:25:19] [SUCCESS] bvid=BV1u9X2B7EoT 已成功抓取全部所需数据。
[2026-04-18 22:25:24] [SUCCESS] bvid=BV1u9X2B7EsL 已成功抓取全部所需数据。
[2026-04-18 22:25:29] [SUCCESS] bvid=BV1u9XGBJEFS 已成功抓取全部所需数据。
[2026-04-18 22:25:41] [SUCCESS] bvid=BV1u9XGBJER8 已成功抓取全部所需数据。
[2026-04-18 22:25:44] [ERROR] bvid=BV1u9XGBJEVD 抓取失败：media: 接口返回错误代码：62002，信息：稿件不可见。
{'code': 62002, 'message': '稿件不可见', 'ttl': 1}
[2026-04-18 22:25:49] [SUCCESS] bvid=BV1u9XGBJEdx 已成功抓取全部所需数据。
[2026-04-18 22:25:54] [SUCCESS] bvid=BV1u9XGBJEuu 已成功抓取全部所需数据。
[2026-04-18 22:25:59] [SUCCESS] bvid=BV1uAAPzUEgU 已成功抓取全部所需数据。
[2026-04-18 22:26:04] [SUCCESS] bvid=BV1uAD5BLEc9 已成功抓取全部所需数据。
[2026-04-18 22:26:09] [SUCCESS] bvid=BV1uADzBHEtW 已成功抓取全部所需数据。
[2026-04-18 22:26:19] [SUCCESS] bvid=BV1uASdBYEXy 已成功抓取全部所需数据。
[2026-04-18 22:26:24] [SUCCESS] bvid=BV1uAXKBcEGm 已成功抓取全部所需数据。
[2026-04-18 22:26:28] [SUCCESS] bvid=BV1uB9HBLEnk 已成功抓取全部所需数据。
[2026-04-18 22:26:33] [SUCCESS] bvid=BV1uBDWBGEbi 已成功抓取全部所需数据。
[2026-04-18 22:26:39] [SUCCESS] bvid=BV1uBDWBGEkR 已成功抓取全部所需数据。
[2026-04-18 22:26:45] [SUCCESS] bvid=BV1uBDZBgELn 已成功抓取全部所需数据。
[2026-04-18 22:26:50] [SUCCESS] bvid=BV1uBDdBaEcZ 已成功抓取全部所需数据。
[2026-04-18 22:26:55] [SUCCESS] bvid=BV1uBPkzwEBf 已成功抓取全部所需数据。
[2026-04-18 22:26:55] [WARN] 当前子任务已结束，但仍有未成功抓取的视频，已导出 remaining CSV 供继续执行。
[2026-04-18 22:26:55] [INFO] 已导出剔除成功条目后的剩余 CSV：outputs\video_data\manual_crawls\manual_crawl_media_mode_A_20260418_000648\remaining_bvids_part_101.csv
[2026-04-18 22:26:55] 子任务结束时间：2026-04-18T22:26:55.470053
[TIMESTAMP][END] 2026-04-18T22:26:55
