[TIMESTAMP][BEGIN] 2026-04-18T01:48:09
[2026-04-18 01:48:11] 开始执行 CSV 批量抓取子任务 part_12。
[2026-04-18 01:48:11] 子任务开始时间：2026-04-18T01:48:09.573763
[2026-04-18 01:48:11] 输入文件：batch_input_11.csv
[2026-04-18 01:48:11] 输入唯一 bvid 数量：100
[2026-04-18 01:48:18] [SUCCESS] bvid=BV1YmSUBEEy4 已成功抓取全部所需数据。
[2026-04-18 01:48:22] [SUCCESS] bvid=BV1YmX5BwEoZ 已成功抓取全部所需数据。
[2026-04-18 01:48:33] [SUCCESS] bvid=BV1YmXGBWEo3 已成功抓取全部所需数据。
[2026-04-18 01:48:44] [SUCCESS] bvid=BV1YmXGBWEo6 已成功抓取全部所需数据。
[2026-04-18 01:48:50] [SUCCESS] bvid=BV1YmXdBVEgk 已成功抓取全部所需数据。
[2026-04-18 01:49:01] [SUCCESS] bvid=BV1YnDkBiE9k 已成功抓取全部所需数据。
[2026-04-18 01:49:13] [SUCCESS] bvid=BV1YnDkBiEUa 已成功抓取全部所需数据。
[2026-04-18 01:49:18] [SUCCESS] bvid=BV1YnQvB7EJ8 已成功抓取全部所需数据。
[2026-04-18 01:49:23] [SUCCESS] bvid=BV1YnQxBxEYf 已成功抓取全部所需数据。
[2026-04-18 01:49:27] [SUCCESS] bvid=BV1YnXCBVENE 已成功抓取全部所需数据。
[2026-04-18 01:49:32] [SUCCESS] bvid=BV1YoDKBKEso 已成功抓取全部所需数据。
[2026-04-18 01:49:36] [SUCCESS] bvid=BV1YoQcB9ELf 已成功抓取全部所需数据。
[2026-04-18 01:49:48] [SUCCESS] bvid=BV1YoSRBiE4J 已成功抓取全部所需数据。
[2026-04-18 01:49:53] [SUCCESS] bvid=BV1YoXzBwEmF 已成功抓取全部所需数据。
[2026-04-18 01:49:58] [SUCCESS] bvid=BV1YpDHByEzp 已成功抓取全部所需数据。
[2026-04-18 01:50:04] [SUCCESS] bvid=BV1YpDMBTELw 已成功抓取全部所需数据。
[2026-04-18 01:50:21] [SUCCESS] bvid=BV1YpDMBTEsd 已成功抓取全部所需数据。
[2026-04-18 01:50:26] [SUCCESS] bvid=BV1YpDkBNE4Z 已成功抓取全部所需数据。
[2026-04-18 01:50:31] [SUCCESS] bvid=BV1YpXaBGEt1 已成功抓取全部所需数据。
[2026-04-18 01:50:36] [SUCCESS] bvid=BV1YpXpBnEHh 已成功抓取全部所需数据。
[2026-04-18 01:50:41] [SUCCESS] bvid=BV1YpXpBnEUH 已成功抓取全部所需数据。
[2026-04-18 01:51:02] [SUCCESS] bvid=BV1YqDNBcEH9 已成功抓取全部所需数据。
[2026-04-18 01:51:07] [SUCCESS] bvid=BV1YqDjBfEq1 已成功抓取全部所需数据。
[2026-04-18 01:51:12] [SUCCESS] bvid=BV1YqXMByE3C 已成功抓取全部所需数据。
[2026-04-18 01:51:22] [SUCCESS] bvid=BV1YqXMByEHh 已成功抓取全部所需数据。
[2026-04-18 01:51:27] [SUCCESS] bvid=BV1YqXMByExm 已成功抓取全部所需数据。
[2026-04-18 01:51:32] [SUCCESS] bvid=BV1YqXbBNE1f 已成功抓取全部所需数据。
[2026-04-18 01:51:36] [SUCCESS] bvid=BV1YqXbBNEBh 已成功抓取全部所需数据。
[2026-04-18 01:51:41] [SUCCESS] bvid=BV1YqXbBNEK7 已成功抓取全部所需数据。
[2026-04-18 01:51:53] [SUCCESS] bvid=BV1YqXbBNEt2 已成功抓取全部所需数据。
[2026-04-18 01:51:57] [SUCCESS] bvid=BV1YqcUzLEWs 已成功抓取全部所需数据。
[2026-04-18 01:52:09] [SUCCESS] bvid=BV1YrQwB9EEX 已成功抓取全部所需数据。
[2026-04-18 01:52:14] [SUCCESS] bvid=BV1YrXhBgE4x 已成功抓取全部所需数据。
[2026-04-18 01:52:22] [SUCCESS] bvid=BV1YrXhBgECn 已成功抓取全部所需数据。
[2026-04-18 01:52:27] [SUCCESS] bvid=BV1YrXhBgEv6 已成功抓取全部所需数据。
[2026-04-18 01:52:32] [SUCCESS] bvid=BV1Ys97BBEW3 已成功抓取全部所需数据。
[2026-04-18 01:52:37] [SUCCESS] bvid=BV1YsD9BYE7b 已成功抓取全部所需数据。
[2026-04-18 01:52:41] [SUCCESS] bvid=BV1YsQzBcEtC 已成功抓取全部所需数据。
[2026-04-18 01:52:46] [SUCCESS] bvid=BV1YsX1BEErh 已成功抓取全部所需数据。
[2026-04-18 01:52:57] [SUCCESS] bvid=BV1YtDvBUEZD 已成功抓取全部所需数据。
[2026-04-18 01:53:09] [SUCCESS] bvid=BV1YtQEBqEsi 已成功抓取全部所需数据。
[2026-04-18 01:53:14] [SUCCESS] bvid=BV1YtXPBNEod 已成功抓取全部所需数据。
[2026-04-18 01:53:26] [SUCCESS] bvid=BV1YtXfBXEer 已成功抓取全部所需数据。
[2026-04-18 01:53:28] [ERROR] bvid=BV1YuDpBVEmU 抓取失败：media: 接口返回错误代码：62002，信息：稿件不可见。
{'code': 62002, 'message': '稿件不可见', 'ttl': 1}
[2026-04-18 01:53:32] [SUCCESS] bvid=BV1YvDjBcEDK 已成功抓取全部所需数据。
[2026-04-18 01:53:37] [SUCCESS] bvid=BV1YvXKBMEDv 已成功抓取全部所需数据。
[2026-04-18 01:53:42] [SUCCESS] bvid=BV1YvXKBMEKN 已成功抓取全部所需数据。
[2026-04-18 01:53:47] [SUCCESS] bvid=BV1YvXKBMEQs 已成功抓取全部所需数据。
[2026-04-18 01:53:57] [SUCCESS] bvid=BV1YvXKBMEwE 已成功抓取全部所需数据。
[2026-04-18 01:54:02] [SUCCESS] bvid=BV1YvXKBMEzc 已成功抓取全部所需数据。
[2026-04-18 01:54:06] [SUCCESS] bvid=BV1YvXbBiE5k 已成功抓取全部所需数据。
[2026-04-18 01:54:18] [SUCCESS] bvid=BV1YvXbBiEFa 已成功抓取全部所需数据。
[2026-04-18 01:54:23] [SUCCESS] bvid=BV1YvXbBiEPr 已成功抓取全部所需数据。
[2026-04-18 01:54:28] [SUCCESS] bvid=BV1YvXbBiEon 已成功抓取全部所需数据。
[2026-04-18 01:54:36] [ERROR] bvid=BV1YvcUz2Eat 抓取失败：media: 接口返回错误代码：62002，信息：稿件不可见。
{'code': 62002, 'message': '稿件不可见', 'ttl': 1}
[2026-04-18 01:54:41] [SUCCESS] bvid=BV1Yw9TBCEmK 已成功抓取全部所需数据。
[2026-04-18 01:54:45] [SUCCESS] bvid=BV1Yw9jBeE5d 已成功抓取全部所需数据。
[2026-04-18 01:54:51] [SUCCESS] bvid=BV1YwQ4BtE8j 已成功抓取全部所需数据。
[2026-04-18 01:55:02] [SUCCESS] bvid=BV1YwXgBjE3Z 已成功抓取全部所需数据。
[2026-04-18 01:55:14] [SUCCESS] bvid=BV1YxDGBDEvk 已成功抓取全部所需数据。
[2026-04-18 01:55:25] [SUCCESS] bvid=BV1YxQjBcEzN 已成功抓取全部所需数据。
[2026-04-18 01:55:30] [SUCCESS] bvid=BV1Yy9EBCE6a 已成功抓取全部所需数据。
[2026-04-18 01:55:42] [SUCCESS] bvid=BV1Yy9EBCEzv 已成功抓取全部所需数据。
[2026-04-18 01:55:54] [SUCCESS] bvid=BV1YyDRBBEQB 已成功抓取全部所需数据。
[2026-04-18 01:55:58] [SUCCESS] bvid=BV1YyQ4BZEYd 已成功抓取全部所需数据。
[2026-04-18 01:56:04] [SUCCESS] bvid=BV1YyXGBxE48 已成功抓取全部所需数据。
[2026-04-18 01:56:15] [SUCCESS] bvid=BV1YyXGBxEac 已成功抓取全部所需数据。
[2026-04-18 01:56:23] [ERROR] bvid=BV1YyXdBLEck 抓取失败：media: 接口返回错误代码：-404，信息：啥都木有。
{'code': -404, 'message': '啥都木有', 'ttl': 1}
[2026-04-18 01:56:28] [SUCCESS] bvid=BV1YyXgBmEET 已成功抓取全部所需数据。
[2026-04-18 01:56:33] [SUCCESS] bvid=BV1YyXgBmEP9 已成功抓取全部所需数据。
[2026-04-18 01:56:44] [SUCCESS] bvid=BV1YyXgBmEPs 已成功抓取全部所需数据。
[2026-04-18 01:56:49] [SUCCESS] bvid=BV1Yz95BhEbh 已成功抓取全部所需数据。
[2026-04-18 01:56:53] [SUCCESS] bvid=BV1Yz9NBzEqo 已成功抓取全部所需数据。
[2026-04-18 01:57:12] [SUCCESS] bvid=BV1YzDTBqECj 已成功抓取全部所需数据。
[2026-04-18 01:57:16] [SUCCESS] bvid=BV1YzXMBVEis 已成功抓取全部所需数据。
[2026-04-18 01:57:21] [SUCCESS] bvid=BV1YzXMBVEok 已成功抓取全部所需数据。
[2026-04-18 01:57:37] [SUCCESS] bvid=BV1YzXQBAEKD 已成功抓取全部所需数据。
[2026-04-18 01:57:48] [SUCCESS] bvid=BV1YzXkB3Exp 已成功抓取全部所需数据。
[2026-04-18 01:57:54] [SUCCESS] bvid=BV1Z1DLBeECa 已成功抓取全部所需数据。
[2026-04-18 01:57:59] [SUCCESS] bvid=BV1Z1DLBvEdV 已成功抓取全部所需数据。
[2026-04-18 01:58:10] [SUCCESS] bvid=BV1Z1DfBWEe1 已成功抓取全部所需数据。
[2026-04-18 01:58:21] [SUCCESS] bvid=BV1Z1QcBwE6G 已成功抓取全部所需数据。
[2026-04-18 01:58:26] [SUCCESS] bvid=BV1Z1XNBrE4w 已成功抓取全部所需数据。
[2026-04-18 01:58:30] [SUCCESS] bvid=BV1Z1XjB3Eox 已成功抓取全部所需数据。
[2026-04-18 01:58:42] [SUCCESS] bvid=BV1Z29wBTEUE 已成功抓取全部所需数据。
[2026-04-18 01:58:46] [SUCCESS] bvid=BV1Z2QYBDEeg 已成功抓取全部所需数据。
[2026-04-18 01:58:51] [SUCCESS] bvid=BV1Z2QgBpEkr 已成功抓取全部所需数据。
[2026-04-18 01:59:03] [SUCCESS] bvid=BV1Z2SXBvEsg 已成功抓取全部所需数据。
[2026-04-18 01:59:08] [SUCCESS] bvid=BV1Z2XTBUEMN 已成功抓取全部所需数据。
[2026-04-18 01:59:24] [SUCCESS] bvid=BV1Z2XTBUEu4 已成功抓取全部所需数据。
[2026-04-18 01:59:36] [SUCCESS] bvid=BV1Z39LBBEJR 已成功抓取全部所需数据。
[2026-04-18 01:59:48] [SUCCESS] bvid=BV1Z3DMByEwn 已成功抓取全部所需数据。
[2026-04-18 01:59:54] [SUCCESS] bvid=BV1Z3QABAEmZ 已成功抓取全部所需数据。
[2026-04-18 02:00:05] [SUCCESS] bvid=BV1Z3XuBnEKj 已成功抓取全部所需数据。
[2026-04-18 02:00:17] [SUCCESS] bvid=BV1Z49WB8EMD 已成功抓取全部所需数据。
[2026-04-18 02:00:29] [SUCCESS] bvid=BV1Z49WBhESF 已成功抓取全部所需数据。
[2026-04-18 02:00:34] [SUCCESS] bvid=BV1Z4X6BrE9N 已成功抓取全部所需数据。
[2026-04-18 02:00:46] [SUCCESS] bvid=BV1Z4XKBCEeP 已成功抓取全部所需数据。
[2026-04-18 02:00:58] [SUCCESS] bvid=BV1Z4XKBCEjc 已成功抓取全部所需数据。
[2026-04-18 02:01:10] [SUCCESS] bvid=BV1Z4XMBHEkJ 已成功抓取全部所需数据。
[2026-04-18 02:01:10] [WARN] 当前子任务已结束，但仍有未成功抓取的视频，已导出 remaining CSV 供继续执行。
[2026-04-18 02:01:10] [INFO] 已导出剔除成功条目后的剩余 CSV：outputs\video_data\manual_crawls\manual_crawl_media_mode_A_20260418_000648\remaining_bvids_part_12.csv
[2026-04-18 02:01:10] 子任务结束时间：2026-04-18T02:01:10.678538
[TIMESTAMP][END] 2026-04-18T02:01:10
