[TIMESTAMP][BEGIN] 2026-04-19T00:45:13
[2026-04-19 00:45:15] 开始执行 CSV 批量抓取子任务 part_112。
[2026-04-19 00:45:15] 子任务开始时间：2026-04-19T00:45:13.154412
[2026-04-19 00:45:15] 输入文件：batch_input_107.csv
[2026-04-19 00:45:15] 输入唯一 bvid 数量：100
[2026-04-19 00:45:20] [SUCCESS] bvid=BV1wJXKBJETm 已成功抓取全部所需数据。
[2026-04-19 00:45:25] [SUCCESS] bvid=BV1wJXhBxEW8 已成功抓取全部所需数据。
[2026-04-19 00:45:30] [SUCCESS] bvid=BV1wK97BDEVD 已成功抓取全部所需数据。
[2026-04-19 00:45:35] [SUCCESS] bvid=BV1wKA3zfEta 已成功抓取全部所需数据。
[2026-04-19 00:45:47] [SUCCESS] bvid=BV1wKDHB4E9w 已成功抓取全部所需数据。
[2026-04-19 00:45:51] [SUCCESS] bvid=BV1wKDgBoEwi 已成功抓取全部所需数据。
[2026-04-19 00:45:56] [SUCCESS] bvid=BV1wKDhB7E8w 已成功抓取全部所需数据。
[2026-04-19 00:46:01] [SUCCESS] bvid=BV1wKX1BhE9x 已成功抓取全部所需数据。
[2026-04-19 00:46:06] [SUCCESS] bvid=BV1wKX3BYE82 已成功抓取全部所需数据。
[2026-04-19 00:46:11] [SUCCESS] bvid=BV1wKX3BYEAa 已成功抓取全部所需数据。
[2026-04-19 00:46:24] [SUCCESS] bvid=BV1wKX3BYEQT 已成功抓取全部所需数据。
[2026-04-19 00:46:28] [SUCCESS] bvid=BV1wKX3BYEWN 已成功抓取全部所需数据。
[2026-04-19 00:46:33] [SUCCESS] bvid=BV1wKXVB3E13 已成功抓取全部所需数据。
[2026-04-19 00:46:38] [SUCCESS] bvid=BV1wKXVB3EfL 已成功抓取全部所需数据。
[2026-04-19 00:46:56] [SUCCESS] bvid=BV1wKXoBcEZs 已成功抓取全部所需数据。
[2026-04-19 00:47:02] [SUCCESS] bvid=BV1wLD5BTE1i 已成功抓取全部所需数据。
[2026-04-19 00:47:07] [SUCCESS] bvid=BV1wLDABqE3p 已成功抓取全部所需数据。
[2026-04-19 00:47:12] [SUCCESS] bvid=BV1wLDqBvEhr 已成功抓取全部所需数据。
[2026-04-19 00:47:15] [ERROR] bvid=BV1wMDYB9E14 抓取失败：media: No downloadable media stream found for this bvid.
[2026-04-19 00:47:19] [SUCCESS] bvid=BV1wMDYB9EKs 已成功抓取全部所需数据。
[2026-04-19 00:47:24] [SUCCESS] bvid=BV1wMDYB9ENo 已成功抓取全部所需数据。
[2026-04-19 00:47:30] [SUCCESS] bvid=BV1wMDYB9EbT 已成功抓取全部所需数据。
[2026-04-19 00:47:41] [SUCCESS] bvid=BV1wMXoBfE4Q 已成功抓取全部所需数据。
[2026-04-19 00:47:45] [SUCCESS] bvid=BV1wMXoBfETj 已成功抓取全部所需数据。
[2026-04-19 00:47:50] [SUCCESS] bvid=BV1wMXoBfEqn 已成功抓取全部所需数据。
[2026-04-19 00:47:55] [SUCCESS] bvid=BV1wN97BHEDc 已成功抓取全部所需数据。
[2026-04-19 00:48:00] [SUCCESS] bvid=BV1wN97BHExw 已成功抓取全部所需数据。
[2026-04-19 00:48:06] [SUCCESS] bvid=BV1wNSfBZECz 已成功抓取全部所需数据。
[2026-04-19 00:48:17] [SUCCESS] bvid=BV1wNSfBZEoD 已成功抓取全部所需数据。
[2026-04-19 00:48:35] [SUCCESS] bvid=BV1wNX3BPE9g 已成功抓取全部所需数据。
[2026-04-19 00:48:47] [SUCCESS] bvid=BV1wNX3BPE9r 已成功抓取全部所需数据。
[2026-04-19 00:48:53] [SUCCESS] bvid=BV1wNX3BPEZ2 已成功抓取全部所需数据。
[2026-04-19 00:49:00] [SUCCESS] bvid=BV1wNX3BPEfQ 已成功抓取全部所需数据。
[2026-04-19 00:49:05] [SUCCESS] bvid=BV1wNX3BPEfx 已成功抓取全部所需数据。
[2026-04-19 00:49:09] [SUCCESS] bvid=BV1wNXCBWEgq 已成功抓取全部所需数据。
[2026-04-19 00:49:12] [ERROR] bvid=BV1wNXeBYEyV 抓取失败：media: 接口返回错误代码：-404，信息：啥都木有。
{'code': -404, 'message': '啥都木有', 'ttl': 1}
[2026-04-19 00:49:17] [SUCCESS] bvid=BV1wPDMBnE6X 已成功抓取全部所需数据。
[2026-04-19 00:49:29] [SUCCESS] bvid=BV1wPDMBnEYW 已成功抓取全部所需数据。
[2026-04-19 00:49:34] [SUCCESS] bvid=BV1wPDMBnEhw 已成功抓取全部所需数据。
[2026-04-19 00:49:39] [SUCCESS] bvid=BV1wPDkBEEMY 已成功抓取全部所需数据。
[2026-04-19 00:49:41] [ERROR] bvid=BV1wPSfBbEU4 抓取失败：media: 接口返回错误代码：62002，信息：稿件不可见。
{'code': 62002, 'message': '稿件不可见', 'ttl': 1}
[2026-04-19 00:49:46] [SUCCESS] bvid=BV1wPSfBbEit 已成功抓取全部所需数据。
[2026-04-19 00:50:04] [SUCCESS] bvid=BV1wPXpBeEQw 已成功抓取全部所需数据。
[2026-04-19 00:50:09] [SUCCESS] bvid=BV1wQDWBYEKW 已成功抓取全部所需数据。
[2026-04-19 00:50:14] [SUCCESS] bvid=BV1wQDWBYEgT 已成功抓取全部所需数据。
[2026-04-19 00:50:19] [SUCCESS] bvid=BV1wQDZBhEU7 已成功抓取全部所需数据。
[2026-04-19 00:50:31] [SUCCESS] bvid=BV1wQXLBEES7 已成功抓取全部所需数据。
[2026-04-19 00:50:36] [SUCCESS] bvid=BV1wQXPBUE1N 已成功抓取全部所需数据。
[2026-04-19 00:50:47] [SUCCESS] bvid=BV1wQXPBUE1p 已成功抓取全部所需数据。
[2026-04-19 00:50:53] [SUCCESS] bvid=BV1wQXPBUE87 已成功抓取全部所需数据。
[2026-04-19 00:51:00] [SUCCESS] bvid=BV1wQXPBUEME 已成功抓取全部所需数据。
[2026-04-19 00:51:05] [SUCCESS] bvid=BV1wQXPBUEaf 已成功抓取全部所需数据。
[2026-04-19 00:51:10] [SUCCESS] bvid=BV1wQXPBUExT 已成功抓取全部所需数据。
[2026-04-19 00:51:15] [SUCCESS] bvid=BV1wQXVB6EBE 已成功抓取全部所需数据。
[2026-04-19 00:51:27] [SUCCESS] bvid=BV1wQXsBgEDL 已成功抓取全部所需数据。
[2026-04-19 00:51:32] [SUCCESS] bvid=BV1wRDUBBEzJ 已成功抓取全部所需数据。
[2026-04-19 00:51:41] [SUCCESS] bvid=BV1wRDZBbExJ 已成功抓取全部所需数据。
[2026-04-19 00:51:46] [SUCCESS] bvid=BV1wRDxBuEUr 已成功抓取全部所需数据。
[2026-04-19 00:51:51] [SUCCESS] bvid=BV1wRDxBuEeD 已成功抓取全部所需数据。
[2026-04-19 00:52:03] [SUCCESS] bvid=BV1wRDxBuErM 已成功抓取全部所需数据。
[2026-04-19 00:52:07] [SUCCESS] bvid=BV1wRXBByEN4 已成功抓取全部所需数据。
[2026-04-19 00:52:13] [SUCCESS] bvid=BV1wRXKBsE1R 已成功抓取全部所需数据。
[2026-04-19 00:52:23] [SUCCESS] bvid=BV1wRXLBjEDf 已成功抓取全部所需数据。
[2026-04-19 00:52:27] [SUCCESS] bvid=BV1wRXPB2EYq 已成功抓取全部所需数据。
[2026-04-19 00:52:32] [SUCCESS] bvid=BV1wRXSB5EjD 已成功抓取全部所需数据。
[2026-04-19 00:52:37] [SUCCESS] bvid=BV1wRXmBiE3d 已成功抓取全部所需数据。
[2026-04-19 00:52:42] [SUCCESS] bvid=BV1wSDYBdEVe 已成功抓取全部所需数据。
[2026-04-19 00:52:54] [SUCCESS] bvid=BV1wSDyBxEpK 已成功抓取全部所需数据。
[2026-04-19 00:52:57] [ERROR] bvid=BV1wSX1BwEsB 抓取失败：media: 接口返回错误代码：62002，信息：稿件不可见。
{'code': 62002, 'message': '稿件不可见', 'ttl': 1}
[2026-04-19 00:53:02] [SUCCESS] bvid=BV1wSXeBaEc3 已成功抓取全部所需数据。
[2026-04-19 00:53:14] [SUCCESS] bvid=BV1wTDYBsEqw 已成功抓取全部所需数据。
[2026-04-19 00:53:19] [SUCCESS] bvid=BV1wTQjB5EnT 已成功抓取全部所需数据。
[2026-04-19 00:53:24] [SUCCESS] bvid=BV1wTXVB6EcT 已成功抓取全部所需数据。
[2026-04-19 00:53:29] [SUCCESS] bvid=BV1wTXVB6EkY 已成功抓取全部所需数据。
[2026-04-19 00:53:34] [SUCCESS] bvid=BV1wTXoB8E2A 已成功抓取全部所需数据。
[2026-04-19 00:53:39] [SUCCESS] bvid=BV1wU9MBcE6i 已成功抓取全部所需数据。
[2026-04-19 00:53:50] [SUCCESS] bvid=BV1wU9MBcE7e 已成功抓取全部所需数据。
[2026-04-19 00:53:54] [SUCCESS] bvid=BV1wU9MBcEpG 已成功抓取全部所需数据。
[2026-04-19 00:53:59] [SUCCESS] bvid=BV1wUDHBoENz 已成功抓取全部所需数据。
[2026-04-19 00:54:04] [SUCCESS] bvid=BV1wUDHBoEy2 已成功抓取全部所需数据。
[2026-04-19 00:54:08] [SUCCESS] bvid=BV1wUDYB4EfP 已成功抓取全部所需数据。
[2026-04-19 00:54:13] [SUCCESS] bvid=BV1wUSfBbEYa 已成功抓取全部所需数据。
[2026-04-19 00:54:18] [SUCCESS] bvid=BV1wUXVBkETj 已成功抓取全部所需数据。
[2026-04-19 00:54:24] [SUCCESS] bvid=BV1wUXVBkEeK 已成功抓取全部所需数据。
[2026-04-19 00:54:26] [ERROR] bvid=BV1wVXLB5E42 抓取失败：media: 接口返回错误代码：62002，信息：稿件不可见。
{'code': 62002, 'message': '稿件不可见', 'ttl': 1}
[2026-04-19 00:54:31] [SUCCESS] bvid=BV1wVXLB5E4D 已成功抓取全部所需数据。
[2026-04-19 00:54:34] [ERROR] bvid=BV1wVXLB5E4Q 抓取失败：media: 接口返回错误代码：62002，信息：稿件不可见。
{'code': 62002, 'message': '稿件不可见', 'ttl': 1}
[2026-04-19 00:54:40] [SUCCESS] bvid=BV1wVXLB5E4X 已成功抓取全部所需数据。
[2026-04-19 00:54:51] [SUCCESS] bvid=BV1wVXLB5E6P 已成功抓取全部所需数据。
[2026-04-19 00:54:56] [SUCCESS] bvid=BV1wVXLB5E6R 已成功抓取全部所需数据。
[2026-04-19 00:55:01] [SUCCESS] bvid=BV1wVXLB5E6h 已成功抓取全部所需数据。
[2026-04-19 00:55:06] [SUCCESS] bvid=BV1wVXLB5EDD 已成功抓取全部所需数据。
[2026-04-19 00:55:11] [SUCCESS] bvid=BV1wVXLB5EDb 已成功抓取全部所需数据。
[2026-04-19 00:55:16] [SUCCESS] bvid=BV1wVXLB5ER7 已成功抓取全部所需数据。
[2026-04-19 00:55:22] [SUCCESS] bvid=BV1wVXLB5ERu 已成功抓取全部所需数据。
[2026-04-19 00:55:27] [SUCCESS] bvid=BV1wVXLB5ESR 已成功抓取全部所需数据。
[2026-04-19 00:55:32] [SUCCESS] bvid=BV1wVXLB5ESd 已成功抓取全部所需数据。
[2026-04-19 00:55:35] [ERROR] bvid=BV1wVXLB5ESo 抓取失败：media: 接口返回错误代码：62002，信息：稿件不可见。
{'code': 62002, 'message': '稿件不可见', 'ttl': 1}
[2026-04-19 00:55:46] [SUCCESS] bvid=BV1wVXLB5EZ1 已成功抓取全部所需数据。
[2026-04-19 00:55:57] [SUCCESS] bvid=BV1wVXLB5Ea4 已成功抓取全部所需数据。
[2026-04-19 00:55:57] [WARN] 当前子任务已结束，但仍有未成功抓取的视频，已导出 remaining CSV 供继续执行。
[2026-04-19 00:55:57] [INFO] 已导出剔除成功条目后的剩余 CSV：outputs\video_data\manual_crawls\manual_crawl_media_mode_A_20260418_000648\remaining_bvids_part_112.csv
[2026-04-19 00:55:57] 子任务结束时间：2026-04-19T00:55:57.685819
[TIMESTAMP][END] 2026-04-19T00:55:57
