[TIMESTAMP][BEGIN] 2026-04-18T08:01:23
[2026-04-18 08:01:26] 开始执行 CSV 批量抓取子任务 part_44。
[2026-04-18 08:01:26] 子任务开始时间：2026-04-18T08:01:23.402749
[2026-04-18 08:01:26] 输入文件：batch_input_42.csv
[2026-04-18 08:01:26] 输入唯一 bvid 数量：100
[2026-04-18 08:01:31] [SUCCESS] bvid=BV1g1DTBYEZz 已成功抓取全部所需数据。
[2026-04-18 08:01:49] [SUCCESS] bvid=BV1g29jBeEHy 已成功抓取全部所需数据。
[2026-04-18 08:02:01] [SUCCESS] bvid=BV1g29jBeEiG 已成功抓取全部所需数据。
[2026-04-18 08:02:06] [SUCCESS] bvid=BV1g2QsBSEme 已成功抓取全部所需数据。
[2026-04-18 08:02:11] [SUCCESS] bvid=BV1g2QwBnEGg 已成功抓取全部所需数据。
[2026-04-18 08:02:22] [SUCCESS] bvid=BV1g2XgBjE2E 已成功抓取全部所需数据。
[2026-04-18 08:02:33] [SUCCESS] bvid=BV1g2XgBjEKH 已成功抓取全部所需数据。
[2026-04-18 08:02:37] [SUCCESS] bvid=BV1g2XgBjEUi 已成功抓取全部所需数据。
[2026-04-18 08:02:42] [SUCCESS] bvid=BV1g2XgBjEWx 已成功抓取全部所需数据。
[2026-04-18 08:02:46] [SUCCESS] bvid=BV1g2XgBjEjD 已成功抓取全部所需数据。
[2026-04-18 08:02:51] [SUCCESS] bvid=BV1g39TBqEVT 已成功抓取全部所需数据。
[2026-04-18 08:03:03] [SUCCESS] bvid=BV1g3DCBaE8x 已成功抓取全部所需数据。
[2026-04-18 08:03:15] [SUCCESS] bvid=BV1g3DCBaEWw 已成功抓取全部所需数据。
[2026-04-18 08:03:26] [SUCCESS] bvid=BV1g3DCBaEsR 已成功抓取全部所需数据。
[2026-04-18 08:03:31] [SUCCESS] bvid=BV1g3XZB1E63 已成功抓取全部所需数据。
[2026-04-18 08:03:36] [SUCCESS] bvid=BV1g3XZB1E7Z 已成功抓取全部所需数据。
[2026-04-18 08:03:41] [SUCCESS] bvid=BV1g3XZB1EzG 已成功抓取全部所需数据。
[2026-04-18 08:03:59] [SUCCESS] bvid=BV1g3XZB1EzY 已成功抓取全部所需数据。
[2026-04-18 08:04:05] [SUCCESS] bvid=BV1g49KBqEbE 已成功抓取全部所需数据。
[2026-04-18 08:04:10] [SUCCESS] bvid=BV1g4DQBWETu 已成功抓取全部所需数据。
[2026-04-18 08:04:15] [SUCCESS] bvid=BV1g4Q5BXEQ2 已成功抓取全部所需数据。
[2026-04-18 08:04:18] [ERROR] bvid=BV1g4XCBuEtc 抓取失败：media: No downloadable media stream found for this bvid.
[2026-04-18 08:04:23] [SUCCESS] bvid=BV1g5D1BMEXP 已成功抓取全部所需数据。
[2026-04-18 08:04:28] [SUCCESS] bvid=BV1g5D1BMEof 已成功抓取全部所需数据。
[2026-04-18 08:04:33] [SUCCESS] bvid=BV1g5D3BgE8a 已成功抓取全部所需数据。
[2026-04-18 08:04:44] [SUCCESS] bvid=BV1g5X5BRES5 已成功抓取全部所需数据。
[2026-04-18 08:04:50] [SUCCESS] bvid=BV1g5X5BRET8 已成功抓取全部所需数据。
[2026-04-18 08:04:56] [SUCCESS] bvid=BV1g5X5BREup 已成功抓取全部所需数据。
[2026-04-18 08:05:01] [SUCCESS] bvid=BV1g5X5BREw7 已成功抓取全部所需数据。
[2026-04-18 08:05:05] [SUCCESS] bvid=BV1g5XUBXEXT 已成功抓取全部所需数据。
[2026-04-18 08:05:17] [SUCCESS] bvid=BV1g5XZBCE5T 已成功抓取全部所需数据。
[2026-04-18 08:05:22] [SUCCESS] bvid=BV1g5XZBCE5Y 已成功抓取全部所需数据。
[2026-04-18 08:05:34] [SUCCESS] bvid=BV1g6DxBUEpT 已成功抓取全部所需数据。
[2026-04-18 08:05:38] [SUCCESS] bvid=BV1g6QFB2ENr 已成功抓取全部所需数据。
[2026-04-18 08:05:42] [SUCCESS] bvid=BV1g6XMBkEfE 已成功抓取全部所需数据。
[2026-04-18 08:05:48] [SUCCESS] bvid=BV1g7D1BTEcV 已成功抓取全部所需数据。
[2026-04-18 08:05:52] [SUCCESS] bvid=BV1g7DLB9EXQ 已成功抓取全部所需数据。
[2026-04-18 08:05:57] [SUCCESS] bvid=BV1g7DsB1EYr 已成功抓取全部所需数据。
[2026-04-18 08:06:09] [SUCCESS] bvid=BV1g7XzBfE1b 已成功抓取全部所需数据。
[2026-04-18 08:06:21] [SUCCESS] bvid=BV1g8DJBwEMj 已成功抓取全部所需数据。
[2026-04-18 08:06:25] [SUCCESS] bvid=BV1g8SfBrEEY 已成功抓取全部所需数据。
[2026-04-18 08:06:30] [SUCCESS] bvid=BV1g8XCBTEcG 已成功抓取全部所需数据。
[2026-04-18 08:06:41] [SUCCESS] bvid=BV1g9XGBJEJy 已成功抓取全部所需数据。
[2026-04-18 08:06:47] [SUCCESS] bvid=BV1g9XGBJEv4 已成功抓取全部所需数据。
[2026-04-18 08:06:59] [SUCCESS] bvid=BV1gADTBwEea 已成功抓取全部所需数据。
[2026-04-18 08:07:11] [SUCCESS] bvid=BV1gADTBwEev 已成功抓取全部所需数据。
[2026-04-18 08:07:22] [SUCCESS] bvid=BV1gADzBHE6H 已成功抓取全部所需数据。
[2026-04-18 08:07:35] [SUCCESS] bvid=BV1gAQ1BzEkQ 已成功抓取全部所需数据。
[2026-04-18 08:07:40] [SUCCESS] bvid=BV1gB9GBWENQ 已成功抓取全部所需数据。
[2026-04-18 08:07:45] [SUCCESS] bvid=BV1gBDWBGEGF 已成功抓取全部所需数据。
[2026-04-18 08:07:57] [SUCCESS] bvid=BV1gBDWBGEVG 已成功抓取全部所需数据。
[2026-04-18 08:08:09] [SUCCESS] bvid=BV1gBXKBKEXT 已成功抓取全部所需数据。
[2026-04-18 08:08:14] [SUCCESS] bvid=BV1gBXKBKEzG 已成功抓取全部所需数据。
[2026-04-18 08:08:19] [SUCCESS] bvid=BV1gBXPBtE5V 已成功抓取全部所需数据。
[2026-04-18 08:08:24] [SUCCESS] bvid=BV1gBXPBtEF7 已成功抓取全部所需数据。
[2026-04-18 08:08:31] [SUCCESS] bvid=BV1gBXPBtEGf 已成功抓取全部所需数据。
[2026-04-18 08:08:41] [SUCCESS] bvid=BV1gBXPBtEg6 已成功抓取全部所需数据。
[2026-04-18 08:08:48] [SUCCESS] bvid=BV1gBXPBtEsv 已成功抓取全部所需数据。
[2026-04-18 08:08:53] [SUCCESS] bvid=BV1gBXPBtEve 已成功抓取全部所需数据。
[2026-04-18 08:08:58] [SUCCESS] bvid=BV1gC95BZEDc 已成功抓取全部所需数据。
[2026-04-18 08:09:11] [SUCCESS] bvid=BV1gCDDB9Eoi 已成功抓取全部所需数据。
[2026-04-18 08:09:16] [SUCCESS] bvid=BV1gCDtBsEFq 已成功抓取全部所需数据。
[2026-04-18 08:09:21] [SUCCESS] bvid=BV1gCDtBsEU4 已成功抓取全部所需数据。
[2026-04-18 08:09:26] [SUCCESS] bvid=BV1gCDtBsEy6 已成功抓取全部所需数据。
[2026-04-18 08:09:32] [SUCCESS] bvid=BV1gCQFByEFp 已成功抓取全部所需数据。
[2026-04-18 08:09:36] [SUCCESS] bvid=BV1gCQwBpE6J 已成功抓取全部所需数据。
[2026-04-18 08:09:41] [SUCCESS] bvid=BV1gCXMB6E58 已成功抓取全部所需数据。
[2026-04-18 08:09:47] [SUCCESS] bvid=BV1gCXMB6EDD 已成功抓取全部所需数据。
[2026-04-18 08:09:52] [SUCCESS] bvid=BV1gCXbBwEpv 已成功抓取全部所需数据。
[2026-04-18 08:09:57] [SUCCESS] bvid=BV1gCXbBwErt 已成功抓取全部所需数据。
[2026-04-18 08:10:03] [SUCCESS] bvid=BV1gDDaBKEJa 已成功抓取全部所需数据。
[2026-04-18 08:10:09] [SUCCESS] bvid=BV1gDDaBKEmA 已成功抓取全部所需数据。
[2026-04-18 08:10:14] [SUCCESS] bvid=BV1gDDaBKEwz 已成功抓取全部所需数据。
[2026-04-18 08:10:19] [SUCCESS] bvid=BV1gDQKBPE7x 已成功抓取全部所需数据。
[2026-04-18 08:10:24] [SUCCESS] bvid=BV1gDQKBPEm6 已成功抓取全部所需数据。
[2026-04-18 08:10:36] [SUCCESS] bvid=BV1gDSZBMEQe 已成功抓取全部所需数据。
[2026-04-18 08:10:41] [SUCCESS] bvid=BV1gDSZBMEaa 已成功抓取全部所需数据。
[2026-04-18 08:10:46] [SUCCESS] bvid=BV1gDXGBHE4m 已成功抓取全部所需数据。
[2026-04-18 08:10:50] [SUCCESS] bvid=BV1gDXGBHEnr 已成功抓取全部所需数据。
[2026-04-18 08:11:00] [SUCCESS] bvid=BV1gDXgBCEAM 已成功抓取全部所需数据。
[2026-04-18 08:11:12] [SUCCESS] bvid=BV1gDXgBCEAr 已成功抓取全部所需数据。
[2026-04-18 08:11:16] [SUCCESS] bvid=BV1gDXyBrEab 已成功抓取全部所需数据。
[2026-04-18 08:11:22] [SUCCESS] bvid=BV1gDXyBrEti 已成功抓取全部所需数据。
[2026-04-18 08:11:33] [SUCCESS] bvid=BV1gDXyBrEx8 已成功抓取全部所需数据。
[2026-04-18 08:11:38] [SUCCESS] bvid=BV1gDXyBrExU 已成功抓取全部所需数据。
[2026-04-18 08:11:43] [SUCCESS] bvid=BV1gED4BXEeE 已成功抓取全部所需数据。
[2026-04-18 08:11:49] [SUCCESS] bvid=BV1gEDmBVEjZ 已成功抓取全部所需数据。
[2026-04-18 08:11:51] [ERROR] bvid=BV1gEFDzVE5L 抓取失败：media: 接口返回错误代码：-404，信息：啥都木有。
{'code': -404, 'message': '啥都木有', 'ttl': 1}
[2026-04-18 08:11:54] [ERROR] bvid=BV1gEFDzVEYT 抓取失败：media: 接口返回错误代码：-404，信息：啥都木有。
{'code': -404, 'message': '啥都木有', 'ttl': 1}
[2026-04-18 08:11:59] [SUCCESS] bvid=BV1gF9cBDEx8 已成功抓取全部所需数据。
[2026-04-18 08:12:04] [SUCCESS] bvid=BV1gG9uByEJr 已成功抓取全部所需数据。
[2026-04-18 08:12:09] [SUCCESS] bvid=BV1gG9uByEkT 已成功抓取全部所需数据。
[2026-04-18 08:12:14] [SUCCESS] bvid=BV1gGD1BzErh 已成功抓取全部所需数据。
[2026-04-18 08:12:25] [SUCCESS] bvid=BV1gGDRBhEjc 已成功抓取全部所需数据。
[2026-04-18 08:12:30] [SUCCESS] bvid=BV1gGQbBbEBR 已成功抓取全部所需数据。
[2026-04-18 08:12:35] [SUCCESS] bvid=BV1gGQbBbEDK 已成功抓取全部所需数据。
[2026-04-18 08:12:41] [SUCCESS] bvid=BV1gGXvB2EdW 已成功抓取全部所需数据。
[2026-04-18 08:12:53] [SUCCESS] bvid=BV1gH9wBsECS 已成功抓取全部所需数据。
[2026-04-18 08:12:58] [SUCCESS] bvid=BV1gHD7BfE9W 已成功抓取全部所需数据。
[2026-04-18 08:13:03] [SUCCESS] bvid=BV1gHQcBUE1z 已成功抓取全部所需数据。
[2026-04-18 08:13:03] [WARN] 当前子任务已结束，但仍有未成功抓取的视频，已导出 remaining CSV 供继续执行。
[2026-04-18 08:13:03] [INFO] 已导出剔除成功条目后的剩余 CSV：outputs\video_data\manual_crawls\manual_crawl_media_mode_A_20260418_000648\remaining_bvids_part_44.csv
[2026-04-18 08:13:03] 子任务结束时间：2026-04-18T08:13:03.107622
[TIMESTAMP][END] 2026-04-18T08:13:03
