[TIMESTAMP][BEGIN] 2026-04-18T09:37:49
[2026-04-18 09:37:52] 开始执行 CSV 批量抓取子任务 part_52。
[2026-04-18 09:37:52] 子任务开始时间：2026-04-18T09:37:49.409077
[2026-04-18 09:37:52] 输入文件：batch_input_50.csv
[2026-04-18 09:37:52] 输入唯一 bvid 数量：100
[2026-04-18 09:38:03] [SUCCESS] bvid=BV1hrXbBaEmN 已成功抓取全部所需数据。
[2026-04-18 09:38:09] [SUCCESS] bvid=BV1hrXbBaEpx 已成功抓取全部所需数据。
[2026-04-18 09:38:14] [SUCCESS] bvid=BV1hrXbBaEu4 已成功抓取全部所需数据。
[2026-04-18 09:38:27] [SUCCESS] bvid=BV1hrXhBgEic 已成功抓取全部所需数据。
[2026-04-18 09:38:47] [SUCCESS] bvid=BV1hswWz3EtS 已成功抓取全部所需数据。
[2026-04-18 09:38:53] [SUCCESS] bvid=BV1hswWz3Ew8 已成功抓取全部所需数据。
[2026-04-18 09:39:05] [SUCCESS] bvid=BV1htQtBbEyx 已成功抓取全部所需数据。
[2026-04-18 09:39:23] [SUCCESS] bvid=BV1hu9EBqE1z 已成功抓取全部所需数据。
[2026-04-18 09:39:30] [SUCCESS] bvid=BV1hu9EBqEV3 已成功抓取全部所需数据。
[2026-04-18 09:39:35] [SUCCESS] bvid=BV1hu9EBqEby 已成功抓取全部所需数据。
[2026-04-18 09:39:40] [SUCCESS] bvid=BV1huQKBwEfW 已成功抓取全部所需数据。
[2026-04-18 09:39:45] [SUCCESS] bvid=BV1huX2B7E5b 已成功抓取全部所需数据。
[2026-04-18 09:39:51] [SUCCESS] bvid=BV1huX2B7EmN 已成功抓取全部所需数据。
[2026-04-18 09:40:03] [SUCCESS] bvid=BV1huXGBJESq 已成功抓取全部所需数据。
[2026-04-18 09:40:15] [SUCCESS] bvid=BV1huXGBJEcs 已成功抓取全部所需数据。
[2026-04-18 09:40:20] [SUCCESS] bvid=BV1huXGBJEqM 已成功抓取全部所需数据。
[2026-04-18 09:40:25] [SUCCESS] bvid=BV1huXGBJEvh 已成功抓取全部所需数据。
[2026-04-18 09:40:37] [SUCCESS] bvid=BV1hv9GBxEfC 已成功抓取全部所需数据。
[2026-04-18 09:40:51] [SUCCESS] bvid=BV1hvX4BZEg2 已成功抓取全部所需数据。
[2026-04-18 09:41:03] [SUCCESS] bvid=BV1hvXPB8E6v 已成功抓取全部所需数据。
[2026-04-18 09:41:08] [SUCCESS] bvid=BV1hvXPB8EQM 已成功抓取全部所需数据。
[2026-04-18 09:41:18] [SUCCESS] bvid=BV1hvXPB8EXG 已成功抓取全部所需数据。
[2026-04-18 09:41:23] [SUCCESS] bvid=BV1hw95BdE5p 已成功抓取全部所需数据。
[2026-04-18 09:41:29] [SUCCESS] bvid=BV1hwDDBQEUe 已成功抓取全部所需数据。
[2026-04-18 09:41:34] [SUCCESS] bvid=BV1hwQeB6EFb 已成功抓取全部所需数据。
[2026-04-18 09:41:46] [SUCCESS] bvid=BV1hwQwBnEAQ 已成功抓取全部所需数据。
[2026-04-18 09:42:01] [SUCCESS] bvid=BV1hwQwBnEN4 已成功抓取全部所需数据。
[2026-04-18 09:42:12] [SUCCESS] bvid=BV1hwQwBnEZk 已成功抓取全部所需数据。
[2026-04-18 09:42:24] [SUCCESS] bvid=BV1hwSdBAEL9 已成功抓取全部所需数据。
[2026-04-18 09:42:36] [SUCCESS] bvid=BV1hwXMBBE5a 已成功抓取全部所需数据。
[2026-04-18 09:42:47] [SUCCESS] bvid=BV1hwXMBBEe9 已成功抓取全部所需数据。
[2026-04-18 09:42:59] [SUCCESS] bvid=BV1hwXMBBEic 已成功抓取全部所需数据。
[2026-04-18 09:43:04] [SUCCESS] bvid=BV1hwXMBBEkb 已成功抓取全部所需数据。
[2026-04-18 09:43:15] [SUCCESS] bvid=BV1hwXMBBEpF 已成功抓取全部所需数据。
[2026-04-18 09:43:27] [SUCCESS] bvid=BV1hwXMBBEtH 已成功抓取全部所需数据。
[2026-04-18 09:43:32] [SUCCESS] bvid=BV1hwXMBBEzo 已成功抓取全部所需数据。
[2026-04-18 09:43:37] [SUCCESS] bvid=BV1hwXQBtExG 已成功抓取全部所需数据。
[2026-04-18 09:43:42] [SUCCESS] bvid=BV1hxDMBNEKn 已成功抓取全部所需数据。
[2026-04-18 09:43:47] [SUCCESS] bvid=BV1hxXnB6Etx 已成功抓取全部所需数据。
[2026-04-18 09:43:59] [SUCCESS] bvid=BV1hyDTBPELM 已成功抓取全部所需数据。
[2026-04-18 09:44:11] [SUCCESS] bvid=BV1hyXgBmE4s 已成功抓取全部所需数据。
[2026-04-18 09:44:16] [SUCCESS] bvid=BV1hz9WBpEH7 已成功抓取全部所需数据。
[2026-04-18 09:44:21] [SUCCESS] bvid=BV1hzDjBtEaM 已成功抓取全部所需数据。
[2026-04-18 09:44:33] [SUCCESS] bvid=BV1hzDjBtEhk 已成功抓取全部所需数据。
[2026-04-18 09:44:49] [SUCCESS] bvid=BV1hzDxBJE5d 已成功抓取全部所需数据。
[2026-04-18 09:44:55] [SUCCESS] bvid=BV1hzXKBvE8b 已成功抓取全部所需数据。
[2026-04-18 09:45:05] [SUCCESS] bvid=BV1hzXKBvE9Z 已成功抓取全部所需数据。
[2026-04-18 09:45:10] [SUCCESS] bvid=BV1hzXKBvEBB 已成功抓取全部所需数据。
[2026-04-18 09:45:15] [SUCCESS] bvid=BV1hzXKBvEC3 已成功抓取全部所需数据。
[2026-04-18 09:45:20] [SUCCESS] bvid=BV1hzXKBvED3 已成功抓取全部所需数据。
[2026-04-18 09:45:32] [SUCCESS] bvid=BV1hzXKBvEXR 已成功抓取全部所需数据。
[2026-04-18 09:45:38] [SUCCESS] bvid=BV1i1DfBWE5z 已成功抓取全部所需数据。
[2026-04-18 09:45:52] [SUCCESS] bvid=BV1i1DfBWEDp 已成功抓取全部所需数据。
[2026-04-18 09:46:03] [SUCCESS] bvid=BV1i1X5BYE6q 已成功抓取全部所需数据。
[2026-04-18 09:46:08] [SUCCESS] bvid=BV1i1X5BYE7N 已成功抓取全部所需数据。
[2026-04-18 09:46:13] [SUCCESS] bvid=BV1i1X5BYELZ 已成功抓取全部所需数据。
[2026-04-18 09:46:19] [SUCCESS] bvid=BV1i1XNBrEF1 已成功抓取全部所需数据。
[2026-04-18 09:46:29] [SUCCESS] bvid=BV1i1XNBrEJQ 已成功抓取全部所需数据。
[2026-04-18 09:46:35] [SUCCESS] bvid=BV1i1XNBrEa1 已成功抓取全部所需数据。
[2026-04-18 09:46:44] [SUCCESS] bvid=BV1i1XNBrEpt 已成功抓取全部所需数据。
[2026-04-18 09:46:57] [SUCCESS] bvid=BV1i1XjB3EmQ 已成功抓取全部所需数据。
[2026-04-18 09:47:02] [SUCCESS] bvid=BV1i1XjB3Eqf 已成功抓取全部所需数据。
[2026-04-18 09:47:08] [SUCCESS] bvid=BV1i1XjB3Ey8 已成功抓取全部所需数据。
[2026-04-18 09:47:20] [SUCCESS] bvid=BV1i2DfBXEG9 已成功抓取全部所需数据。
[2026-04-18 09:47:27] [SUCCESS] bvid=BV1i2DfBXEhq 已成功抓取全部所需数据。
[2026-04-18 09:47:34] [SUCCESS] bvid=BV1i2DfBXEmg 已成功抓取全部所需数据。
[2026-04-18 09:47:38] [SUCCESS] bvid=BV1i2DiBsEp5 已成功抓取全部所需数据。
[2026-04-18 09:47:44] [SUCCESS] bvid=BV1i2DsBREFS 已成功抓取全部所需数据。
[2026-04-18 09:47:46] [ERROR] bvid=BV1i2DsBREbj 抓取失败：media: 接口返回错误代码：62002，信息：稿件不可见。
{'code': 62002, 'message': '稿件不可见', 'ttl': 1}
[2026-04-18 09:47:59] [SUCCESS] bvid=BV1i2DsBdED9 已成功抓取全部所需数据。
[2026-04-18 09:48:04] [SUCCESS] bvid=BV1i2SDBoEPX 已成功抓取全部所需数据。
[2026-04-18 09:48:10] [SUCCESS] bvid=BV1i2XjB6EEx 已成功抓取全部所需数据。
[2026-04-18 09:48:14] [SUCCESS] bvid=BV1i2XjB6EFQ 已成功抓取全部所需数据。
[2026-04-18 09:48:20] [SUCCESS] bvid=BV1i2XjB6EhU 已成功抓取全部所需数据。
[2026-04-18 09:48:33] [SUCCESS] bvid=BV1i2XjB6Etr 已成功抓取全部所需数据。
[2026-04-18 09:48:44] [SUCCESS] bvid=BV1i2XqBcE5h 已成功抓取全部所需数据。
[2026-04-18 09:48:49] [SUCCESS] bvid=BV1i2XqBcEWu 已成功抓取全部所需数据。
[2026-04-18 09:48:55] [SUCCESS] bvid=BV1i3DQBeE91 已成功抓取全部所需数据。
[2026-04-18 09:49:02] [SUCCESS] bvid=BV1i3QABPEZa 已成功抓取全部所需数据。
[2026-04-18 09:49:07] [SUCCESS] bvid=BV1i3XEBGENa 已成功抓取全部所需数据。
[2026-04-18 09:49:09] [ERROR] bvid=BV1i3XXBgEM3 抓取失败：media: 接口返回错误代码：-404，信息：啥都木有。
{'code': -404, 'message': '啥都木有', 'ttl': 1}
[2026-04-18 09:49:15] [SUCCESS] bvid=BV1i3XXBgER4 已成功抓取全部所需数据。
[2026-04-18 09:49:27] [SUCCESS] bvid=BV1i49cBwEyj 已成功抓取全部所需数据。
[2026-04-18 09:49:32] [SUCCESS] bvid=BV1i4DZBmEhw 已成功抓取全部所需数据。
[2026-04-18 09:49:42] [SUCCESS] bvid=BV1i4DjBiE2Y 已成功抓取全部所需数据。
[2026-04-18 09:49:50] [SUCCESS] bvid=BV1i4DxBtEPc 已成功抓取全部所需数据。
[2026-04-18 09:50:02] [SUCCESS] bvid=BV1i4X4BPEKw 已成功抓取全部所需数据。
[2026-04-18 09:50:07] [SUCCESS] bvid=BV1i4X4BPEa9 已成功抓取全部所需数据。
[2026-04-18 09:50:09] [ERROR] bvid=BV1i4XKBCEjE 抓取失败：media: 接口返回错误代码：62002，信息：稿件不可见。
{'code': 62002, 'message': '稿件不可见', 'ttl': 1}
[2026-04-18 09:50:14] [SUCCESS] bvid=BV1i5DMBkEPC 已成功抓取全部所需数据。
[2026-04-18 09:50:20] [SUCCESS] bvid=BV1i5DMBkEs5 已成功抓取全部所需数据。
[2026-04-18 09:50:25] [SUCCESS] bvid=BV1i69EBjERA 已成功抓取全部所需数据。
[2026-04-18 09:50:30] [SUCCESS] bvid=BV1i6DRB3EcA 已成功抓取全部所需数据。
[2026-04-18 09:50:35] [SUCCESS] bvid=BV1i6DeBDECz 已成功抓取全部所需数据。
[2026-04-18 09:50:41] [SUCCESS] bvid=BV1i6DnBVETy 已成功抓取全部所需数据。
[2026-04-18 09:50:46] [SUCCESS] bvid=BV1i6XvB4EQe 已成功抓取全部所需数据。
[2026-04-18 09:50:51] [SUCCESS] bvid=BV1i7DYBmERo 已成功抓取全部所需数据。
[2026-04-18 09:50:56] [SUCCESS] bvid=BV1i7DkBBEeW 已成功抓取全部所需数据。
[2026-04-18 09:51:00] [SUCCESS] bvid=BV1i7DkBBEwq 已成功抓取全部所需数据。
[2026-04-18 09:51:12] [SUCCESS] bvid=BV1i7QjBiEHB 已成功抓取全部所需数据。
[2026-04-18 09:51:12] [WARN] 当前子任务已结束，但仍有未成功抓取的视频，已导出 remaining CSV 供继续执行。
[2026-04-18 09:51:12] [INFO] 已导出剔除成功条目后的剩余 CSV：outputs\video_data\manual_crawls\manual_crawl_media_mode_A_20260418_000648\remaining_bvids_part_52.csv
[2026-04-18 09:51:12] 子任务结束时间：2026-04-18T09:51:12.243412
[TIMESTAMP][END] 2026-04-18T09:51:12
