[TIMESTAMP][BEGIN] 2026-04-18T16:19:10
[2026-04-18 16:19:13] 开始执行 CSV 批量抓取子任务 part_83。
[2026-04-18 16:19:13] 子任务开始时间：2026-04-18T16:19:10.950824
[2026-04-18 16:19:13] 输入文件：batch_input_80.csv
[2026-04-18 16:19:13] 输入唯一 bvid 数量：100
[2026-04-18 16:19:18] [SUCCESS] bvid=BV1pxQKBnEQF 已成功抓取全部所需数据。
[2026-04-18 16:19:23] [SUCCESS] bvid=BV1pxX2BiEh5 已成功抓取全部所需数据。
[2026-04-18 16:19:35] [SUCCESS] bvid=BV1pxX2BiEx9 已成功抓取全部所需数据。
[2026-04-18 16:19:41] [SUCCESS] bvid=BV1pyQABrEFC 已成功抓取全部所需数据。
[2026-04-18 16:19:46] [SUCCESS] bvid=BV1pyQUBMEeX 已成功抓取全部所需数据。
[2026-04-18 16:19:51] [SUCCESS] bvid=BV1pzDKBmECX 已成功抓取全部所需数据。
[2026-04-18 16:19:54] [ERROR] bvid=BV1pzDKBmEaq 抓取失败：media: 接口返回错误代码：62002，信息：稿件不可见。
{'code': 62002, 'message': '稿件不可见', 'ttl': 1}
[2026-04-18 16:19:59] [SUCCESS] bvid=BV1pzDSBqET4 已成功抓取全部所需数据。
[2026-04-18 16:20:04] [SUCCESS] bvid=BV1pzQ5BCE8y 已成功抓取全部所需数据。
[2026-04-18 16:20:09] [SUCCESS] bvid=BV1pzQZBYE24 已成功抓取全部所需数据。
[2026-04-18 16:20:20] [SUCCESS] bvid=BV1pzXTBsEhM 已成功抓取全部所需数据。
[2026-04-18 16:20:25] [SUCCESS] bvid=BV1q19VBqEo2 已成功抓取全部所需数据。
[2026-04-18 16:20:30] [SUCCESS] bvid=BV1q1DfBWED1 已成功抓取全部所需数据。
[2026-04-18 16:20:35] [SUCCESS] bvid=BV1q1DsBxE7b 已成功抓取全部所需数据。
[2026-04-18 16:20:40] [SUCCESS] bvid=BV1q1QYBHEQ5 已成功抓取全部所需数据。
[2026-04-18 16:20:45] [SUCCESS] bvid=BV1q1XNBkEKP 已成功抓取全部所需数据。
[2026-04-18 16:20:50] [SUCCESS] bvid=BV1q1XNBkEmb 已成功抓取全部所需数据。
[2026-04-18 16:20:55] [SUCCESS] bvid=BV1q1XNBrE8b 已成功抓取全部所需数据。
[2026-04-18 16:21:00] [SUCCESS] bvid=BV1q1XNBrEBu 已成功抓取全部所需数据。
[2026-04-18 16:21:11] [SUCCESS] bvid=BV1q1XNBrETY 已成功抓取全部所需数据。
[2026-04-18 16:21:16] [SUCCESS] bvid=BV1q1XNBrEZw 已成功抓取全部所需数据。
[2026-04-18 16:21:27] [SUCCESS] bvid=BV1q1XNBrEeu 已成功抓取全部所需数据。
[2026-04-18 16:21:32] [SUCCESS] bvid=BV1q1XNBrEp2 已成功抓取全部所需数据。
[2026-04-18 16:21:37] [SUCCESS] bvid=BV1q1XNBrEza 已成功抓取全部所需数据。
[2026-04-18 16:21:42] [SUCCESS] bvid=BV1q1XTBJEQk 已成功抓取全部所需数据。
[2026-04-18 16:21:47] [SUCCESS] bvid=BV1q1XzBzEnW 已成功抓取全部所需数据。
[2026-04-18 16:21:52] [SUCCESS] bvid=BV1q1XzBzEnm 已成功抓取全部所需数据。
[2026-04-18 16:21:57] [SUCCESS] bvid=BV1q2DfB9E5L 已成功抓取全部所需数据。
[2026-04-18 16:22:02] [SUCCESS] bvid=BV1q2DfBXELT 已成功抓取全部所需数据。
[2026-04-18 16:22:21] [SUCCESS] bvid=BV1q2DfBXErF 已成功抓取全部所需数据。
[2026-04-18 16:22:27] [SUCCESS] bvid=BV1q2DiBsEg4 已成功抓取全部所需数据。
[2026-04-18 16:22:31] [SUCCESS] bvid=BV1q2QgBpEdL 已成功抓取全部所需数据。
[2026-04-18 16:22:36] [SUCCESS] bvid=BV1q2XDBBENU 已成功抓取全部所需数据。
[2026-04-18 16:22:41] [SUCCESS] bvid=BV1q2XDBBEwx 已成功抓取全部所需数据。
[2026-04-18 16:22:46] [SUCCESS] bvid=BV1q2XTBUE93 已成功抓取全部所需数据。
[2026-04-18 16:22:58] [SUCCESS] bvid=BV1q2XTBUEHu 已成功抓取全部所需数据。
[2026-04-18 16:23:11] [SUCCESS] bvid=BV1q2XTBUEUn 已成功抓取全部所需数据。
[2026-04-18 16:23:15] [SUCCESS] bvid=BV1q2XTBUEWw 已成功抓取全部所需数据。
[2026-04-18 16:23:20] [SUCCESS] bvid=BV1q2XTBUEmf 已成功抓取全部所需数据。
[2026-04-18 16:23:25] [SUCCESS] bvid=BV1q2XTBUEqM 已成功抓取全部所需数据。
[2026-04-18 16:23:38] [SUCCESS] bvid=BV1q2XjB6EdA 已成功抓取全部所需数据。
[2026-04-18 16:23:50] [SUCCESS] bvid=BV1q3DMByE7L 已成功抓取全部所需数据。
[2026-04-18 16:24:02] [SUCCESS] bvid=BV1q3XXBgEBC 已成功抓取全部所需数据。
[2026-04-18 16:24:14] [SUCCESS] bvid=BV1q3XXBgETh 已成功抓取全部所需数据。
[2026-04-18 16:24:19] [SUCCESS] bvid=BV1q3XXBgEme 已成功抓取全部所需数据。
[2026-04-18 16:24:24] [SUCCESS] bvid=BV1q3XrBrEih 已成功抓取全部所需数据。
[2026-04-18 16:24:30] [SUCCESS] bvid=BV1q4QuB7EuW 已成功抓取全部所需数据。
[2026-04-18 16:24:35] [SUCCESS] bvid=BV1q4XKBCE4k 已成功抓取全部所需数据。
[2026-04-18 16:24:40] [SUCCESS] bvid=BV1q4XKBCEGC 已成功抓取全部所需数据。
[2026-04-18 16:24:45] [SUCCESS] bvid=BV1q4XQB3EXd 已成功抓取全部所需数据。
[2026-04-18 16:24:50] [SUCCESS] bvid=BV1q5QjBBEQb 已成功抓取全部所需数据。
[2026-04-18 16:25:02] [SUCCESS] bvid=BV1q5XCB7E8K 已成功抓取全部所需数据。
[2026-04-18 16:25:14] [SUCCESS] bvid=BV1q5XeBxEWe 已成功抓取全部所需数据。
[2026-04-18 16:25:16] [ERROR] bvid=BV1q5XoB9E23 抓取失败：media: 接口返回错误代码：-404，信息：啥都木有。
{'code': -404, 'message': '啥都木有', 'ttl': 1}
[2026-04-18 16:25:22] [SUCCESS] bvid=BV1q5XoB9Eqs 已成功抓取全部所需数据。
[2026-04-18 16:25:27] [SUCCESS] bvid=BV1q5XpBoENa 已成功抓取全部所需数据。
[2026-04-18 16:25:32] [SUCCESS] bvid=BV1q6DRB3EH8 已成功抓取全部所需数据。
[2026-04-18 16:25:37] [SUCCESS] bvid=BV1q6XvB4E6v 已成功抓取全部所需数据。
[2026-04-18 16:25:43] [SUCCESS] bvid=BV1q79MBHE3m 已成功抓取全部所需数据。
[2026-04-18 16:25:48] [SUCCESS] bvid=BV1q7QjBiEyN 已成功抓取全部所需数据。
[2026-04-18 16:26:01] [SUCCESS] bvid=BV1q7XoBQE2n 已成功抓取全部所需数据。
[2026-04-18 16:26:09] [ERROR] bvid=BV1q7XoBQEDt 抓取失败：media: 接口返回错误代码：62012，信息：62012。
{'code': 62012, 'message': '62012', 'ttl': 1}
[2026-04-18 16:26:15] [SUCCESS] bvid=BV1q7XsBaEBR 已成功抓取全部所需数据。
[2026-04-18 16:26:20] [SUCCESS] bvid=BV1q8DDBaENK 已成功抓取全部所需数据。
[2026-04-18 16:26:25] [SUCCESS] bvid=BV1q8DDBaERC 已成功抓取全部所需数据。
[2026-04-18 16:26:30] [SUCCESS] bvid=BV1q8DjBeETM 已成功抓取全部所需数据。
[2026-04-18 16:26:36] [SUCCESS] bvid=BV1q8DjBeEgB 已成功抓取全部所需数据。
[2026-04-18 16:26:41] [SUCCESS] bvid=BV1q8QwBwE4s 已成功抓取全部所需数据。
[2026-04-18 16:26:46] [SUCCESS] bvid=BV1q8XMBJE1h 已成功抓取全部所需数据。
[2026-04-18 16:26:50] [SUCCESS] bvid=BV1q8XMBJEco 已成功抓取全部所需数据。
[2026-04-18 16:26:56] [SUCCESS] bvid=BV1q8XhBmEuF 已成功抓取全部所需数据。
[2026-04-18 16:27:07] [SUCCESS] bvid=BV1q8XhBmExC 已成功抓取全部所需数据。
[2026-04-18 16:27:13] [SUCCESS] bvid=BV1q997BmETc 已成功抓取全部所需数据。
[2026-04-18 16:27:24] [SUCCESS] bvid=BV1q997BmEvE 已成功抓取全部所需数据。
[2026-04-18 16:27:30] [SUCCESS] bvid=BV1q9D6BKEWq 已成功抓取全部所需数据。
[2026-04-18 16:27:35] [SUCCESS] bvid=BV1q9D6BKEpb 已成功抓取全部所需数据。
[2026-04-18 16:27:41] [SUCCESS] bvid=BV1q9QABeE3k 已成功抓取全部所需数据。
[2026-04-18 16:27:52] [SUCCESS] bvid=BV1q9QABeEyA 已成功抓取全部所需数据。
[2026-04-18 16:27:55] [ERROR] bvid=BV1q9SoBjEMV 抓取失败：media: 接口返回错误代码：-404，信息：啥都木有。
{'code': -404, 'message': '啥都木有', 'ttl': 1}
[2026-04-18 16:28:08] [SUCCESS] bvid=BV1q9XCBSEpR 已成功抓取全部所需数据。
[2026-04-18 16:28:13] [SUCCESS] bvid=BV1q9XuBQEEz 已成功抓取全部所需数据。
[2026-04-18 16:28:18] [SUCCESS] bvid=BV1qA9FBfEiY 已成功抓取全部所需数据。
[2026-04-18 16:28:30] [SUCCESS] bvid=BV1qADPBeEox 已成功抓取全部所需数据。
[2026-04-18 16:28:42] [SUCCESS] bvid=BV1qADPBeEvp 已成功抓取全部所需数据。
[2026-04-18 16:28:49] [SUCCESS] bvid=BV1qADiB9EA9 已成功抓取全部所需数据。
[2026-04-18 16:28:54] [SUCCESS] bvid=BV1qADiBXEeV 已成功抓取全部所需数据。
[2026-04-18 16:28:59] [SUCCESS] bvid=BV1qAQJBCEJs 已成功抓取全部所需数据。
[2026-04-18 16:29:04] [SUCCESS] bvid=BV1qAX5BwE7g 已成功抓取全部所需数据。
[2026-04-18 16:29:10] [SUCCESS] bvid=BV1qAXNB3Egy 已成功抓取全部所需数据。
[2026-04-18 16:29:16] [SUCCESS] bvid=BV1qAXUBFESi 已成功抓取全部所需数据。
[2026-04-18 16:29:20] [SUCCESS] bvid=BV1qAXUBFEb1 已成功抓取全部所需数据。
[2026-04-18 16:29:26] [SUCCESS] bvid=BV1qAXUBFEtg 已成功抓取全部所需数据。
[2026-04-18 16:29:37] [SUCCESS] bvid=BV1qAXUBFExZ 已成功抓取全部所需数据。
[2026-04-18 16:29:42] [SUCCESS] bvid=BV1qAXUBFEy2 已成功抓取全部所需数据。
[2026-04-18 16:29:48] [SUCCESS] bvid=BV1qB9EBmEJE 已成功抓取全部所需数据。
[2026-04-18 16:29:53] [SUCCESS] bvid=BV1qB9EBmEnn 已成功抓取全部所需数据。
[2026-04-18 16:29:59] [SUCCESS] bvid=BV1qBDRBkEHR 已成功抓取全部所需数据。
[2026-04-18 16:30:04] [SUCCESS] bvid=BV1qBDRBkEQn 已成功抓取全部所需数据。
[2026-04-18 16:30:08] [ERROR] bvid=BV1qBDaB5EQG 抓取失败：media: 接口返回错误代码：62002，信息：稿件不可见。
{'code': 62002, 'message': '稿件不可见', 'ttl': 1}
[2026-04-18 16:30:14] [SUCCESS] bvid=BV1qBDaB5EnP 已成功抓取全部所需数据。
[2026-04-18 16:30:14] [WARN] 当前子任务已结束，但仍有未成功抓取的视频，已导出 remaining CSV 供继续执行。
[2026-04-18 16:30:14] [INFO] 已导出剔除成功条目后的剩余 CSV：outputs\video_data\manual_crawls\manual_crawl_media_mode_A_20260418_000648\remaining_bvids_part_83.csv
[2026-04-18 16:30:14] 子任务结束时间：2026-04-18T16:30:14.315294
[TIMESTAMP][END] 2026-04-18T16:30:14
