[TIMESTAMP][BEGIN] 2026-04-18T05:38:13
[2026-04-18 05:38:16] 开始执行 CSV 批量抓取子任务 part_30。
[2026-04-18 05:38:16] 子任务开始时间：2026-04-18T05:38:13.318655
[2026-04-18 05:38:16] 输入文件：batch_input_29.csv
[2026-04-18 05:38:16] 输入唯一 bvid 数量：100
[2026-04-18 05:38:20] [SUCCESS] bvid=BV1cvXNBJEpm 已成功抓取全部所需数据。
[2026-04-18 05:38:25] [SUCCESS] bvid=BV1cvXUBuEc5 已成功抓取全部所需数据。
[2026-04-18 05:38:30] [SUCCESS] bvid=BV1cw9LB1EAm 已成功抓取全部所需数据。
[2026-04-18 05:38:35] [SUCCESS] bvid=BV1cwDMBQEY2 已成功抓取全部所需数据。
[2026-04-18 05:38:47] [SUCCESS] bvid=BV1cwQcBaEWK 已成功抓取全部所需数据。
[2026-04-18 05:38:52] [SUCCESS] bvid=BV1cwQvB8EQR 已成功抓取全部所需数据。
[2026-04-18 05:38:56] [SUCCESS] bvid=BV1cwQvB8EuP 已成功抓取全部所需数据。
[2026-04-18 05:39:00] [SUCCESS] bvid=BV1cwXTBSENz 已成功抓取全部所需数据。
[2026-04-18 05:39:05] [SUCCESS] bvid=BV1cwXTBSEPg 已成功抓取全部所需数据。
[2026-04-18 05:39:11] [SUCCESS] bvid=BV1cwXaBoE18 已成功抓取全部所需数据。
[2026-04-18 05:39:16] [SUCCESS] bvid=BV1cwXrBmEez 已成功抓取全部所需数据。
[2026-04-18 05:39:21] [SUCCESS] bvid=BV1cwwgzSE7G 已成功抓取全部所需数据。
[2026-04-18 05:39:26] [SUCCESS] bvid=BV1cx9NBJE2Y 已成功抓取全部所需数据。
[2026-04-18 05:39:31] [SUCCESS] bvid=BV1cxQLBGEUQ 已成功抓取全部所需数据。
[2026-04-18 05:39:36] [SUCCESS] bvid=BV1cxSZBxEq4 已成功抓取全部所需数据。
[2026-04-18 05:39:40] [SUCCESS] bvid=BV1cxXdBtErK 已成功抓取全部所需数据。
[2026-04-18 05:39:45] [SUCCESS] bvid=BV1cy9PB7E7S 已成功抓取全部所需数据。
[2026-04-18 05:39:51] [SUCCESS] bvid=BV1cySRB1ENq 已成功抓取全部所需数据。
[2026-04-18 05:39:57] [SUCCESS] bvid=BV1cyXCBoEK1 已成功抓取全部所需数据。
[2026-04-18 05:40:01] [SUCCESS] bvid=BV1cyXCBoEMe 已成功抓取全部所需数据。
[2026-04-18 05:40:06] [SUCCESS] bvid=BV1czDLBzE1B 已成功抓取全部所需数据。
[2026-04-18 05:40:11] [SUCCESS] bvid=BV1czDLBzERd 已成功抓取全部所需数据。
[2026-04-18 05:40:16] [SUCCESS] bvid=BV1czDLBzEcB 已成功抓取全部所需数据。
[2026-04-18 05:40:21] [SUCCESS] bvid=BV1czDLBzEdW 已成功抓取全部所需数据。
[2026-04-18 05:40:27] [SUCCESS] bvid=BV1czXNB2EE3 已成功抓取全部所需数据。
[2026-04-18 05:40:32] [SUCCESS] bvid=BV1czXjBjEWj 已成功抓取全部所需数据。
[2026-04-18 05:40:43] [SUCCESS] bvid=BV1d19nBDEYs 已成功抓取全部所需数据。
[2026-04-18 05:40:48] [SUCCESS] bvid=BV1d1DmB9ERF 已成功抓取全部所需数据。
[2026-04-18 05:40:59] [SUCCESS] bvid=BV1d1DmB9EY6 已成功抓取全部所需数据。
[2026-04-18 05:41:04] [SUCCESS] bvid=BV1d1XNBrEDR 已成功抓取全部所需数据。
[2026-04-18 05:41:08] [SUCCESS] bvid=BV1d1XUBhEiw 已成功抓取全部所需数据。
[2026-04-18 05:41:13] [SUCCESS] bvid=BV1d2SXBvEmM 已成功抓取全部所需数据。
[2026-04-18 05:41:18] [SUCCESS] bvid=BV1d2XjB6ExY 已成功抓取全部所需数据。
[2026-04-18 05:41:20] [ERROR] bvid=BV1d2XtBuEhU 抓取失败：media: 接口返回错误代码：-404，信息：啥都木有。
{'code': -404, 'message': '啥都木有', 'ttl': 1}
[2026-04-18 05:41:25] [SUCCESS] bvid=BV1d3D4B4EwK 已成功抓取全部所需数据。
[2026-04-18 05:41:29] [SUCCESS] bvid=BV1d3QcBsERr 已成功抓取全部所需数据。
[2026-04-18 05:41:34] [SUCCESS] bvid=BV1d3QvBpE5q 已成功抓取全部所需数据。
[2026-04-18 05:41:39] [SUCCESS] bvid=BV1d3QvBpEqB 已成功抓取全部所需数据。
[2026-04-18 05:41:44] [SUCCESS] bvid=BV1d3XTBkENt 已成功抓取全部所需数据。
[2026-04-18 05:41:49] [SUCCESS] bvid=BV1d3XuBnEi1 已成功抓取全部所需数据。
[2026-04-18 05:41:54] [SUCCESS] bvid=BV1d49HBQEar 已成功抓取全部所需数据。
[2026-04-18 05:42:05] [SUCCESS] bvid=BV1d49WB8EXP 已成功抓取全部所需数据。
[2026-04-18 05:42:09] [SUCCESS] bvid=BV1d4DvBEELF 已成功抓取全部所需数据。
[2026-04-18 05:42:14] [SUCCESS] bvid=BV1d4DvBEEM8 已成功抓取全部所需数据。
[2026-04-18 05:42:19] [SUCCESS] bvid=BV1d4XLBeEEc 已成功抓取全部所需数据。
[2026-04-18 05:42:24] [SUCCESS] bvid=BV1d4XLBeEJX 已成功抓取全部所需数据。
[2026-04-18 05:42:29] [SUCCESS] bvid=BV1d4XLBeEpE 已成功抓取全部所需数据。
[2026-04-18 05:42:33] [SUCCESS] bvid=BV1d4XSBaE3s 已成功抓取全部所需数据。
[2026-04-18 05:42:38] [SUCCESS] bvid=BV1d4XSBaEMx 已成功抓取全部所需数据。
[2026-04-18 05:42:43] [SUCCESS] bvid=BV1d4XSBaEV3 已成功抓取全部所需数据。
[2026-04-18 05:42:54] [SUCCESS] bvid=BV1d4XSBaEfh 已成功抓取全部所需数据。
[2026-04-18 05:42:59] [SUCCESS] bvid=BV1d59LBiE6e 已成功抓取全部所需数据。
[2026-04-18 05:43:03] [SUCCESS] bvid=BV1d59LBiEed 已成功抓取全部所需数据。
[2026-04-18 05:43:06] [ERROR] bvid=BV1d5DMBkEBx 抓取失败：media: 接口返回错误代码：-404，信息：啥都木有。
{'code': -404, 'message': '啥都木有', 'ttl': 1}
[2026-04-18 05:43:11] [SUCCESS] bvid=BV1d5DbBAEFN 已成功抓取全部所需数据。
[2026-04-18 05:43:15] [SUCCESS] bvid=BV1d6DCBrExZ 已成功抓取全部所需数据。
[2026-04-18 05:43:18] [ERROR] bvid=BV1d6QbBuE9g 抓取失败：media: 接口返回错误代码：62002，信息：稿件不可见。
{'code': 62002, 'message': '稿件不可见', 'ttl': 1}
[2026-04-18 05:43:22] [SUCCESS] bvid=BV1d797BGEzC 已成功抓取全部所需数据。
[2026-04-18 05:43:27] [SUCCESS] bvid=BV1d7D9BMEtG 已成功抓取全部所需数据。
[2026-04-18 05:43:32] [SUCCESS] bvid=BV1d7SfBUEym 已成功抓取全部所需数据。
[2026-04-18 05:43:44] [SUCCESS] bvid=BV1d7XCB5EpC 已成功抓取全部所需数据。
[2026-04-18 05:43:49] [SUCCESS] bvid=BV1d89WBtE6g 已成功抓取全部所需数据。
[2026-04-18 05:43:59] [SUCCESS] bvid=BV1d89WBtEpN 已成功抓取全部所需数据。
[2026-04-18 05:44:11] [SUCCESS] bvid=BV1d8DjBeEpB 已成功抓取全部所需数据。
[2026-04-18 05:44:17] [SUCCESS] bvid=BV1d99PBgE2g 已成功抓取全部所需数据。
[2026-04-18 05:44:28] [SUCCESS] bvid=BV1d99PBgE8m 已成功抓取全部所需数据。
[2026-04-18 05:44:40] [SUCCESS] bvid=BV1d99PBgEBw 已成功抓取全部所需数据。
[2026-04-18 05:44:44] [SUCCESS] bvid=BV1d9QvB9Edk 已成功抓取全部所需数据。
[2026-04-18 05:44:49] [SUCCESS] bvid=BV1dA9uBSEEB 已成功抓取全部所需数据。
[2026-04-18 05:45:00] [SUCCESS] bvid=BV1dA9uBSEUY 已成功抓取全部所需数据。
[2026-04-18 05:45:05] [SUCCESS] bvid=BV1dADpBjEEZ 已成功抓取全部所需数据。
[2026-04-18 05:45:10] [SUCCESS] bvid=BV1dADpBjEHb 已成功抓取全部所需数据。
[2026-04-18 05:45:22] [SUCCESS] bvid=BV1dADpBjEij 已成功抓取全部所需数据。
[2026-04-18 05:45:27] [SUCCESS] bvid=BV1dAQhBGEoH 已成功抓取全部所需数据。
[2026-04-18 05:45:31] [SUCCESS] bvid=BV1dAQhBGEvS 已成功抓取全部所需数据。
[2026-04-18 05:45:35] [SUCCESS] bvid=BV1dAX2BHExu 已成功抓取全部所需数据。
[2026-04-18 05:45:40] [SUCCESS] bvid=BV1dAXUBFErD 已成功抓取全部所需数据。
[2026-04-18 05:45:44] [SUCCESS] bvid=BV1dBDrBNEL8 已成功抓取全部所需数据。
[2026-04-18 05:45:49] [SUCCESS] bvid=BV1dBXdBEEGp 已成功抓取全部所需数据。
[2026-04-18 05:46:02] [SUCCESS] bvid=BV1dCD3BJEev 已成功抓取全部所需数据。
[2026-04-18 05:46:06] [SUCCESS] bvid=BV1dCQbBTE6w 已成功抓取全部所需数据。
[2026-04-18 05:46:11] [SUCCESS] bvid=BV1dCQkBkEmM 已成功抓取全部所需数据。
[2026-04-18 05:46:23] [SUCCESS] bvid=BV1dCXZBXExu 已成功抓取全部所需数据。
[2026-04-18 05:46:27] [SUCCESS] bvid=BV1dCXZBXEzg 已成功抓取全部所需数据。
[2026-04-18 05:46:32] [SUCCESS] bvid=BV1dDDLBcEQT 已成功抓取全部所需数据。
[2026-04-18 05:46:37] [SUCCESS] bvid=BV1dDDLBcEkN 已成功抓取全部所需数据。
[2026-04-18 05:46:41] [SUCCESS] bvid=BV1dDQgBSEHX 已成功抓取全部所需数据。
[2026-04-18 05:46:53] [SUCCESS] bvid=BV1dDX8B5E25 已成功抓取全部所需数据。
[2026-04-18 05:47:05] [SUCCESS] bvid=BV1dE97BrEbo 已成功抓取全部所需数据。
[2026-04-18 05:47:16] [SUCCESS] bvid=BV1dE97BrEno 已成功抓取全部所需数据。
[2026-04-18 05:47:21] [SUCCESS] bvid=BV1dEX1BHEN4 已成功抓取全部所需数据。
[2026-04-18 05:47:26] [SUCCESS] bvid=BV1dEX3BWEtF 已成功抓取全部所需数据。
[2026-04-18 05:47:31] [SUCCESS] bvid=BV1dEX3BWEyu 已成功抓取全部所需数据。
[2026-04-18 05:47:43] [SUCCESS] bvid=BV1dEXVBwEfY 已成功抓取全部所需数据。
[2026-04-18 05:47:46] [ERROR] bvid=BV1dF9uBQE8p 抓取失败：media: No downloadable media stream found for this bvid.
[2026-04-18 05:47:50] [SUCCESS] bvid=BV1dF9uBQESY 已成功抓取全部所需数据。
[2026-04-18 05:47:54] [SUCCESS] bvid=BV1dF9uBQEUy 已成功抓取全部所需数据。
[2026-04-18 05:47:59] [SUCCESS] bvid=BV1dF9uBQEYV 已成功抓取全部所需数据。
[2026-04-18 05:48:03] [SUCCESS] bvid=BV1dFDpBEE9r 已成功抓取全部所需数据。
[2026-04-18 05:48:08] [SUCCESS] bvid=BV1dFQbBiEh5 已成功抓取全部所需数据。
[2026-04-18 05:48:08] [WARN] 当前子任务已结束，但仍有未成功抓取的视频，已导出 remaining CSV 供继续执行。
[2026-04-18 05:48:08] [INFO] 已导出剔除成功条目后的剩余 CSV：outputs\video_data\manual_crawls\manual_crawl_media_mode_A_20260418_000648\remaining_bvids_part_30.csv
[2026-04-18 05:48:08] 子任务结束时间：2026-04-18T05:48:08.700650
[TIMESTAMP][END] 2026-04-18T05:48:08
