[TIMESTAMP][BEGIN] 2026-04-18T13:47:33
[2026-04-18 13:47:41] 开始执行 CSV 批量抓取子任务 part_72。
[2026-04-18 13:47:41] 子任务开始时间：2026-04-18T13:47:33.990700
[2026-04-18 13:47:41] 输入文件：batch_input_69.csv
[2026-04-18 13:47:41] 输入唯一 bvid 数量：100
[2026-04-18 13:47:51] [ERROR] bvid=BV1nNQqBKEM9 抓取失败：media: 接口返回错误代码：-404，信息：啥都木有。
{'code': -404, 'message': '啥都木有', 'ttl': 1}
[2026-04-18 13:48:03] [SUCCESS] bvid=BV1nNQxBiEPv 已成功抓取全部所需数据。
[2026-04-18 13:48:08] [SUCCESS] bvid=BV1nNXaB9EQt 已成功抓取全部所需数据。
[2026-04-18 13:48:15] [SUCCESS] bvid=BV1nNXaB9EeE 已成功抓取全部所需数据。
[2026-04-18 13:48:26] [SUCCESS] bvid=BV1nPX8B2EFJ 已成功抓取全部所需数据。
[2026-04-18 13:48:32] [SUCCESS] bvid=BV1nPXaBsEJT 已成功抓取全部所需数据。
[2026-04-18 13:48:37] [SUCCESS] bvid=BV1nPXrBjEJq 已成功抓取全部所需数据。
[2026-04-18 13:48:43] [SUCCESS] bvid=BV1nQDHBREyd 已成功抓取全部所需数据。
[2026-04-18 13:48:58] [SUCCESS] bvid=BV1nQDkBLEFx 已成功抓取全部所需数据。
[2026-04-18 13:49:01] [ERROR] bvid=BV1nQXsBuEJv 抓取失败：media: 接口返回错误代码：-404，信息：啥都木有。
{'code': -404, 'message': '啥都木有', 'ttl': 1}
[2026-04-18 13:49:06] [SUCCESS] bvid=BV1nRXLBjEri 已成功抓取全部所需数据。
[2026-04-18 13:49:12] [SUCCESS] bvid=BV1nRXPB2E27 已成功抓取全部所需数据。
[2026-04-18 13:49:18] [SUCCESS] bvid=BV1nRXPB2EAd 已成功抓取全部所需数据。
[2026-04-18 13:49:30] [SUCCESS] bvid=BV1nRXfBNEBD 已成功抓取全部所需数据。
[2026-04-18 13:49:35] [SUCCESS] bvid=BV1nRXfBNEgt 已成功抓取全部所需数据。
[2026-04-18 13:49:40] [SUCCESS] bvid=BV1nRXfBNEtz 已成功抓取全部所需数据。
[2026-04-18 13:49:46] [SUCCESS] bvid=BV1nS9KBQEmV 已成功抓取全部所需数据。
[2026-04-18 13:49:51] [SUCCESS] bvid=BV1nSDkB2Eto 已成功抓取全部所需数据。
[2026-04-18 13:49:56] [SUCCESS] bvid=BV1nSQjByEGL 已成功抓取全部所需数据。
[2026-04-18 13:50:02] [SUCCESS] bvid=BV1nSXCBWEBk 已成功抓取全部所需数据。
[2026-04-18 13:50:07] [SUCCESS] bvid=BV1nSXCBWEG5 已成功抓取全部所需数据。
[2026-04-18 13:50:13] [SUCCESS] bvid=BV1nT9KBnEjQ 已成功抓取全部所需数据。
[2026-04-18 13:50:20] [SUCCESS] bvid=BV1nTXaBpEW2 已成功抓取全部所需数据。
[2026-04-18 13:50:26] [SUCCESS] bvid=BV1nTXeBcEQr 已成功抓取全部所需数据。
[2026-04-18 13:50:32] [SUCCESS] bvid=BV1nU9KBpENa 已成功抓取全部所需数据。
[2026-04-18 13:50:39] [SUCCESS] bvid=BV1nU9KBpEpg 已成功抓取全部所需数据。
[2026-04-18 13:50:44] [SUCCESS] bvid=BV1nUDkB7ETu 已成功抓取全部所需数据。
[2026-04-18 13:50:50] [SUCCESS] bvid=BV1nUDkBEEB1 已成功抓取全部所需数据。
[2026-04-18 13:50:56] [SUCCESS] bvid=BV1nUDkBEEkv 已成功抓取全部所需数据。
[2026-04-18 13:51:02] [SUCCESS] bvid=BV1nUXaBsEi6 已成功抓取全部所需数据。
[2026-04-18 13:51:08] [SUCCESS] bvid=BV1nUXpBYEa2 已成功抓取全部所需数据。
[2026-04-18 13:51:14] [SUCCESS] bvid=BV1nVDZB4EUS 已成功抓取全部所需数据。
[2026-04-18 13:51:26] [SUCCESS] bvid=BV1nVDZB4EXb 已成功抓取全部所需数据。
[2026-04-18 13:51:32] [SUCCESS] bvid=BV1nVSSBhExt 已成功抓取全部所需数据。
[2026-04-18 13:51:38] [SUCCESS] bvid=BV1nVXLB5E1X 已成功抓取全部所需数据。
[2026-04-18 13:51:44] [SUCCESS] bvid=BV1nVXLB5EdH 已成功抓取全部所需数据。
[2026-04-18 13:51:49] [SUCCESS] bvid=BV1nVXLB5Eis 已成功抓取全部所需数据。
[2026-04-18 13:51:54] [SUCCESS] bvid=BV1nVXPByEN8 已成功抓取全部所需数据。
[2026-04-18 13:51:59] [SUCCESS] bvid=BV1nVXPByEig 已成功抓取全部所需数据。
[2026-04-18 13:52:05] [SUCCESS] bvid=BV1nVXPByExq 已成功抓取全部所需数据。
[2026-04-18 13:52:10] [SUCCESS] bvid=BV1nVXPByExz 已成功抓取全部所需数据。
[2026-04-18 13:52:15] [SUCCESS] bvid=BV1nVXPByEz4 已成功抓取全部所需数据。
[2026-04-18 13:52:21] [SUCCESS] bvid=BV1nVXVBiExt 已成功抓取全部所需数据。
[2026-04-18 13:52:27] [SUCCESS] bvid=BV1nVXmBeEKL 已成功抓取全部所需数据。
[2026-04-18 13:52:32] [SUCCESS] bvid=BV1nW9NBUEgf 已成功抓取全部所需数据。
[2026-04-18 13:52:45] [SUCCESS] bvid=BV1nWDTBmEuQ 已成功抓取全部所需数据。
[2026-04-18 13:52:51] [SUCCESS] bvid=BV1nWSZBdEUy 已成功抓取全部所需数据。
[2026-04-18 13:52:57] [SUCCESS] bvid=BV1nWXMBWE9T 已成功抓取全部所需数据。
[2026-04-18 13:53:19] [SUCCESS] bvid=BV1nWXMBWEYv 已成功抓取全部所需数据。
[2026-04-18 13:53:24] [SUCCESS] bvid=BV1nWXMBWEiG 已成功抓取全部所需数据。
[2026-04-18 13:53:30] [SUCCESS] bvid=BV1nWXMBWEzN 已成功抓取全部所需数据。
[2026-04-18 13:53:36] [SUCCESS] bvid=BV1nWXMBsE2w 已成功抓取全部所需数据。
[2026-04-18 13:53:41] [SUCCESS] bvid=BV1nWXgBwE9n 已成功抓取全部所需数据。
[2026-04-18 13:53:47] [SUCCESS] bvid=BV1nWXkBHE3H 已成功抓取全部所需数据。
[2026-04-18 13:53:59] [SUCCESS] bvid=BV1nWXkBHE3j 已成功抓取全部所需数据。
[2026-04-18 13:54:05] [SUCCESS] bvid=BV1nWXkBHE7a 已成功抓取全部所需数据。
[2026-04-18 13:54:17] [SUCCESS] bvid=BV1nWXkBHEbp 已成功抓取全部所需数据。
[2026-04-18 13:54:23] [SUCCESS] bvid=BV1nXDyBpE9w 已成功抓取全部所需数据。
[2026-04-18 13:54:28] [SUCCESS] bvid=BV1nXQEBnEhc 已成功抓取全部所需数据。
[2026-04-18 13:54:34] [SUCCESS] bvid=BV1nXQjBkELy 已成功抓取全部所需数据。
[2026-04-18 13:54:39] [SUCCESS] bvid=BV1nXQjBkEPQ 已成功抓取全部所需数据。
[2026-04-18 13:54:51] [SUCCESS] bvid=BV1nXQtBGEDQ 已成功抓取全部所需数据。
[2026-04-18 13:54:56] [SUCCESS] bvid=BV1nXXeB8Etv 已成功抓取全部所需数据。
[2026-04-18 13:55:08] [SUCCESS] bvid=BV1nXXoBZE4c 已成功抓取全部所需数据。
[2026-04-18 13:55:14] [SUCCESS] bvid=BV1nYDCB7EG8 已成功抓取全部所需数据。
[2026-04-18 13:55:19] [SUCCESS] bvid=BV1nYQ7BLEpg 已成功抓取全部所需数据。
[2026-04-18 13:55:25] [SUCCESS] bvid=BV1nYQMBWEkA 已成功抓取全部所需数据。
[2026-04-18 13:55:36] [SUCCESS] bvid=BV1nYX5BrEJv 已成功抓取全部所需数据。
[2026-04-18 13:55:42] [SUCCESS] bvid=BV1nYX5BrEMp 已成功抓取全部所需数据。
[2026-04-18 13:55:47] [SUCCESS] bvid=BV1nYX5BrEPM 已成功抓取全部所需数据。
[2026-04-18 13:55:52] [SUCCESS] bvid=BV1nYX5BrEw1 已成功抓取全部所需数据。
[2026-04-18 13:55:57] [SUCCESS] bvid=BV1nYXUBzEUD 已成功抓取全部所需数据。
[2026-04-18 13:56:02] [SUCCESS] bvid=BV1nYXUBzEyM 已成功抓取全部所需数据。
[2026-04-18 13:56:07] [SUCCESS] bvid=BV1nYXUBzEyZ 已成功抓取全部所需数据。
[2026-04-18 13:56:13] [SUCCESS] bvid=BV1nYXZBhEZE 已成功抓取全部所需数据。
[2026-04-18 13:56:19] [SUCCESS] bvid=BV1nYXZBhEes 已成功抓取全部所需数据。
[2026-04-18 13:56:24] [SUCCESS] bvid=BV1nZD5BqEGy 已成功抓取全部所需数据。
[2026-04-18 13:56:32] [SUCCESS] bvid=BV1nZD5BqEcJ 已成功抓取全部所需数据。
[2026-04-18 13:56:38] [SUCCESS] bvid=BV1nZDUBvEyE 已成功抓取全部所需数据。
[2026-04-18 13:56:41] [ERROR] bvid=BV1nZXKBpEQy 抓取失败：media: 接口返回错误代码：62002，信息：稿件不可见。
{'code': 62002, 'message': '稿件不可见', 'ttl': 1}
[2026-04-18 13:56:46] [SUCCESS] bvid=BV1nZXLB5EAM 已成功抓取全部所需数据。
[2026-04-18 13:56:58] [SUCCESS] bvid=BV1nZXLB5Eyz 已成功抓取全部所需数据。
[2026-04-18 13:57:04] [SUCCESS] bvid=BV1nZXPByEp5 已成功抓取全部所需数据。
[2026-04-18 13:57:09] [SUCCESS] bvid=BV1nZXPByEve 已成功抓取全部所需数据。
[2026-04-18 13:57:15] [SUCCESS] bvid=BV1nZXPByExb 已成功抓取全部所需数据。
[2026-04-18 13:57:20] [SUCCESS] bvid=BV1na9EBQEKU 已成功抓取全部所需数据。
[2026-04-18 13:57:32] [SUCCESS] bvid=BV1naQKBjECs 已成功抓取全部所需数据。
[2026-04-18 13:57:37] [SUCCESS] bvid=BV1naQKBjEpQ 已成功抓取全部所需数据。
[2026-04-18 13:57:44] [SUCCESS] bvid=BV1naX5BGE1Y 已成功抓取全部所需数据。
[2026-04-18 13:57:49] [SUCCESS] bvid=BV1naX5BGEmS 已成功抓取全部所需数据。
[2026-04-18 13:58:07] [SUCCESS] bvid=BV1naX5BGErw 已成功抓取全部所需数据。
[2026-04-18 13:58:12] [SUCCESS] bvid=BV1naXGBeE8M 已成功抓取全部所需数据。
[2026-04-18 13:58:18] [SUCCESS] bvid=BV1naXGBeEPc 已成功抓取全部所需数据。
[2026-04-18 13:58:23] [SUCCESS] bvid=BV1naXGBeEjm 已成功抓取全部所需数据。
[2026-04-18 13:58:30] [SUCCESS] bvid=BV1naXWBPEqS 已成功抓取全部所需数据。
[2026-04-18 13:58:36] [SUCCESS] bvid=BV1nbQKBEEZm 已成功抓取全部所需数据。
[2026-04-18 13:58:41] [SUCCESS] bvid=BV1nbQPB6EG1 已成功抓取全部所需数据。
[2026-04-18 13:58:46] [SUCCESS] bvid=BV1nbQPB6Exe 已成功抓取全部所需数据。
[2026-04-18 13:58:49] [ERROR] bvid=BV1nbQSBMEEH 抓取失败：media: 接口返回错误代码：-404，信息：啥都木有。
{'code': -404, 'message': '啥都木有', 'ttl': 1}
[2026-04-18 13:58:54] [SUCCESS] bvid=BV1nbXGBiEVK 已成功抓取全部所需数据。
[2026-04-18 13:58:54] [WARN] 当前子任务已结束，但仍有未成功抓取的视频，已导出 remaining CSV 供继续执行。
[2026-04-18 13:58:54] [INFO] 已导出剔除成功条目后的剩余 CSV：outputs\video_data\manual_crawls\manual_crawl_media_mode_A_20260418_000648\remaining_bvids_part_72.csv
[2026-04-18 13:58:54] 子任务结束时间：2026-04-18T13:58:54.516971
[TIMESTAMP][END] 2026-04-18T13:58:54
