[TIMESTAMP][BEGIN] 2026-04-18T00:26:46
[2026-04-18 00:26:48] 开始执行 CSV 批量抓取子任务 part_3。
[2026-04-18 00:26:48] 子任务开始时间：2026-04-18T00:26:46.154153
[2026-04-18 00:26:48] 输入文件：batch_input_3.csv
[2026-04-18 00:26:48] 输入唯一 bvid 数量：100
[2026-04-18 00:26:54] [SUCCESS] bvid=BV17qQ7BkEMq 已成功抓取全部所需数据。
[2026-04-18 00:26:57] [ERROR] bvid=BV17vXGBaEDL 抓取失败：media: No downloadable media stream found for this bvid.
[2026-04-18 00:27:02] [SUCCESS] bvid=BV17wQJB5Eex 已成功抓取全部所需数据。
[2026-04-18 00:27:05] [ERROR] bvid=BV17xXKB5EbK 抓取失败：media: 接口返回错误代码：62002，信息：稿件不可见。
{'code': 62002, 'message': '稿件不可见', 'ttl': 1}
[2026-04-18 00:27:07] [ERROR] bvid=BV17xXKB5Eo5 抓取失败：media: 接口返回错误代码：62002，信息：稿件不可见。
{'code': 62002, 'message': '稿件不可见', 'ttl': 1}
[2026-04-18 00:27:10] [ERROR] bvid=BV17xXKB5ErL 抓取失败：media: No downloadable media stream found for this bvid.
[2026-04-18 00:27:15] [SUCCESS] bvid=BV17yQgB9EzX 已成功抓取全部所需数据。
[2026-04-18 00:27:17] [ERROR] bvid=BV17zXUBvEZS 抓取失败：media: 接口返回错误代码：62002，信息：稿件不可见。
{'code': 62002, 'message': '稿件不可见', 'ttl': 1}
[2026-04-18 00:27:28] [SUCCESS] bvid=BV183Q7B8EZP 已成功抓取全部所需数据。
[2026-04-18 00:27:33] [SUCCESS] bvid=BV184Q5BQE1o 已成功抓取全部所需数据。
[2026-04-18 00:27:45] [SUCCESS] bvid=BV185QJBKEZK 已成功抓取全部所需数据。
[2026-04-18 00:27:48] [ERROR] bvid=BV185XUBQEVo 抓取失败：media: 接口返回错误代码：62002，信息：稿件不可见。
{'code': 62002, 'message': '稿件不可见', 'ttl': 1}
[2026-04-18 00:27:50] [ERROR] bvid=BV185XUBQEbx 抓取失败：media: 接口返回错误代码：62002，信息：稿件不可见。
{'code': 62002, 'message': '稿件不可见', 'ttl': 1}
[2026-04-18 00:27:54] [SUCCESS] bvid=BV186XbBAEqW 已成功抓取全部所需数据。
[2026-04-18 00:28:06] [SUCCESS] bvid=BV187QJBPEj4 已成功抓取全部所需数据。
[2026-04-18 00:28:08] [ERROR] bvid=BV189Q6BFEnf 抓取失败：media: 接口返回错误代码：-404，信息：啥都木有。
{'code': -404, 'message': '啥都木有', 'ttl': 1}
[2026-04-18 00:28:28] [SUCCESS] bvid=BV18AQ3BrEPM 已成功抓取全部所需数据。
[2026-04-18 00:28:40] [SUCCESS] bvid=BV18DDXBdEjQ 已成功抓取全部所需数据。
[2026-04-18 00:28:46] [SUCCESS] bvid=BV18FQ3BCEKi 已成功抓取全部所需数据。
[2026-04-18 00:28:53] [SUCCESS] bvid=BV18FQ3BCEZk 已成功抓取全部所需数据。
[2026-04-18 00:28:58] [SUCCESS] bvid=BV18HQGB7E6Z 已成功抓取全部所需数据。
[2026-04-18 00:29:04] [SUCCESS] bvid=BV18KQiB1E2A 已成功抓取全部所需数据。
[2026-04-18 00:29:10] [SUCCESS] bvid=BV18KQiB1EfF 已成功抓取全部所需数据。
[2026-04-18 00:29:12] [ERROR] bvid=BV18KSdB8EaN 抓取失败：media: 接口返回错误代码：62002，信息：稿件不可见。
{'code': 62002, 'message': '稿件不可见', 'ttl': 1}
[2026-04-18 00:29:17] [SUCCESS] bvid=BV18MQ4BWEXf 已成功抓取全部所需数据。
[2026-04-18 00:29:23] [SUCCESS] bvid=BV18NQiBjEKf 已成功抓取全部所需数据。
[2026-04-18 00:29:35] [SUCCESS] bvid=BV18QDCBNEJX 已成功抓取全部所需数据。
[2026-04-18 00:29:37] [ERROR] bvid=BV18RDpBrEvd 抓取失败：media: 接口返回错误代码：62002，信息：稿件不可见。
{'code': 62002, 'message': '稿件不可见', 'ttl': 1}
[2026-04-18 00:29:45] [ERROR] bvid=BV18RXABoETo 抓取失败：media: 接口返回错误代码：62002，信息：稿件不可见。
{'code': 62002, 'message': '稿件不可见', 'ttl': 1}
[2026-04-18 00:29:51] [SUCCESS] bvid=BV18XQbBcEd7 已成功抓取全部所需数据。
[2026-04-18 00:29:57] [SUCCESS] bvid=BV18bQ5BnEJy 已成功抓取全部所需数据。
[2026-04-18 00:30:09] [SUCCESS] bvid=BV18fQgB5EoJ 已成功抓取全部所需数据。
[2026-04-18 00:30:14] [SUCCESS] bvid=BV18hQtB4EtL 已成功抓取全部所需数据。
[2026-04-18 00:30:25] [SUCCESS] bvid=BV18iQEBwE16 已成功抓取全部所需数据。
[2026-04-18 00:30:30] [SUCCESS] bvid=BV18iQEBwExQ 已成功抓取全部所需数据。
[2026-04-18 00:30:32] [ERROR] bvid=BV18j9nB6ELi 抓取失败：media: 接口返回错误代码：62002，信息：稿件不可见。
{'code': 62002, 'message': '稿件不可见', 'ttl': 1}
[2026-04-18 00:30:35] [ERROR] bvid=BV18nXjBtEtQ 抓取失败：media: 接口返回错误代码：62002，信息：稿件不可见。
{'code': 62002, 'message': '稿件不可见', 'ttl': 1}
[2026-04-18 00:30:40] [SUCCESS] bvid=BV18pDSBEEur 已成功抓取全部所需数据。
[2026-04-18 00:30:45] [SUCCESS] bvid=BV18qQuB6Emd 已成功抓取全部所需数据。
[2026-04-18 00:30:50] [SUCCESS] bvid=BV18wQ3BGEUT 已成功抓取全部所需数据。
[2026-04-18 00:31:02] [SUCCESS] bvid=BV18wQeB6Esz 已成功抓取全部所需数据。
[2026-04-18 00:31:07] [SUCCESS] bvid=BV18xQ5BpE9Y 已成功抓取全部所需数据。
[2026-04-18 00:31:13] [SUCCESS] bvid=BV18xQGByEc5 已成功抓取全部所需数据。
[2026-04-18 00:31:18] [SUCCESS] bvid=BV193QJBMEWR 已成功抓取全部所需数据。
[2026-04-18 00:31:24] [SUCCESS] bvid=BV193QgBjEYT 已成功抓取全部所需数据。
[2026-04-18 00:31:29] [SUCCESS] bvid=BV193QgBjEfY 已成功抓取全部所需数据。
[2026-04-18 00:31:42] [SUCCESS] bvid=BV194QEBMEtY 已成功抓取全部所需数据。
[2026-04-18 00:31:50] [ERROR] bvid=BV194XVBdEMZ 抓取失败：media: 接口返回错误代码：62002，信息：稿件不可见。
{'code': 62002, 'message': '稿件不可见', 'ttl': 1}
[2026-04-18 00:31:57] [SUCCESS] bvid=BV19BQVBsEXH 已成功抓取全部所需数据。
[2026-04-18 00:32:09] [SUCCESS] bvid=BV19FQLBFEus 已成功抓取全部所需数据。
[2026-04-18 00:32:21] [SUCCESS] bvid=BV19GQgB1EzL 已成功抓取全部所需数据。
[2026-04-18 00:32:24] [ERROR] bvid=BV19HX1BJEqT 抓取失败：media: 接口返回错误代码：62002，信息：稿件不可见。
{'code': 62002, 'message': '稿件不可见', 'ttl': 1}
[2026-04-18 00:32:26] [ERROR] bvid=BV19JQqBRE5m 抓取失败：media: 接口返回错误代码：-404，信息：啥都木有。
{'code': -404, 'message': '啥都木有', 'ttl': 1}
[2026-04-18 00:32:39] [SUCCESS] bvid=BV19MQJBMErC 已成功抓取全部所需数据。
[2026-04-18 00:32:45] [SUCCESS] bvid=BV19SQbBAEcg 已成功抓取全部所需数据。
[2026-04-18 00:32:47] [ERROR] bvid=BV19TXUB4E8c 抓取失败：media: 接口返回错误代码：-404，信息：啥都木有。
{'code': -404, 'message': '啥都木有', 'ttl': 1}
[2026-04-18 00:32:50] [ERROR] bvid=BV19XDsBDEHP 抓取失败：media: 接口返回错误代码：62012，信息：62012。
{'code': 62012, 'message': '62012', 'ttl': 1}
[2026-04-18 00:32:58] [ERROR] bvid=BV19ZXTB3Er6 抓取失败：media: 接口返回错误代码：-404，信息：啥都木有。
{'code': -404, 'message': '啥都木有', 'ttl': 1}
[2026-04-18 00:33:01] [ERROR] bvid=BV19bXLBAE3R 抓取失败：media: 接口返回错误代码：62002，信息：稿件不可见。
{'code': 62002, 'message': '稿件不可见', 'ttl': 1}
[2026-04-18 00:33:09] [ERROR] bvid=BV19bXmBpE32 抓取失败：media: 接口返回错误代码：62002，信息：稿件不可见。
{'code': 62002, 'message': '稿件不可见', 'ttl': 1}
[2026-04-18 00:33:21] [SUCCESS] bvid=BV19cDXBFEKZ 已成功抓取全部所需数据。
[2026-04-18 00:33:26] [SUCCESS] bvid=BV19dQWBXEDe 已成功抓取全部所需数据。
[2026-04-18 00:33:38] [SUCCESS] bvid=BV19eQ3BJErs 已成功抓取全部所需数据。
[2026-04-18 00:33:41] [ERROR] bvid=BV19eXbBTE5m 抓取失败：media: 接口返回错误代码：-404，信息：啥都木有。
{'code': -404, 'message': '啥都木有', 'ttl': 1}
[2026-04-18 00:33:52] [SUCCESS] bvid=BV19hQuBCEa8 已成功抓取全部所需数据。
[2026-04-18 00:34:04] [SUCCESS] bvid=BV19hQuBCEhp 已成功抓取全部所需数据。
[2026-04-18 00:34:22] [SUCCESS] bvid=BV19hQuBCErh 已成功抓取全部所需数据。
[2026-04-18 00:34:24] [ERROR] bvid=BV19iDzBZE93 抓取失败：media: 接口返回错误代码：62002，信息：稿件不可见。
{'code': 62002, 'message': '稿件不可见', 'ttl': 1}
[2026-04-18 00:34:37] [SUCCESS] bvid=BV19jQ5BbE12 已成功抓取全部所需数据。
[2026-04-18 00:34:49] [SUCCESS] bvid=BV19jQGBDEqr 已成功抓取全部所需数据。
[2026-04-18 00:34:55] [SUCCESS] bvid=BV19sQEBzE92 已成功抓取全部所需数据。
[2026-04-18 00:35:00] [SUCCESS] bvid=BV19wQbBNEXr 已成功抓取全部所需数据。
[2026-04-18 00:35:02] [ERROR] bvid=BV19wXyB5EDm 抓取失败：media: 接口返回错误代码：62002，信息：稿件不可见。
{'code': 62002, 'message': '稿件不可见', 'ttl': 1}
[2026-04-18 00:35:05] [ERROR] bvid=BV1A39cBVEdN 抓取失败：media: 接口返回错误代码：62002，信息：稿件不可见。
{'code': 62002, 'message': '稿件不可见', 'ttl': 1}
[2026-04-18 00:35:09] [SUCCESS] bvid=BV1A8XNBXE8x 已成功抓取全部所需数据。
[2026-04-18 00:35:11] [ERROR] bvid=BV1AASfBFEBp 抓取失败：media: 接口返回错误代码：62002，信息：稿件不可见。
{'code': 62002, 'message': '稿件不可见', 'ttl': 1}
[2026-04-18 00:35:16] [SUCCESS] bvid=BV1AMQEBHEZU 已成功抓取全部所需数据。
[2026-04-18 00:35:21] [SUCCESS] bvid=BV1ANQjB1ExA 已成功抓取全部所需数据。
[2026-04-18 00:35:26] [SUCCESS] bvid=BV1APQjBjEsm 已成功抓取全部所需数据。
[2026-04-18 00:35:34] [ERROR] bvid=BV1AQXLBEE4A 抓取失败：media: 接口返回错误代码：62002，信息：稿件不可见。
{'code': 62002, 'message': '稿件不可见', 'ttl': 1}
[2026-04-18 00:35:37] [ERROR] bvid=BV1AQXmBBEg6 抓取失败：media: 接口返回错误代码：62002，信息：稿件不可见。
{'code': 62002, 'message': '稿件不可见', 'ttl': 1}
[2026-04-18 00:35:39] [ERROR] bvid=BV1AVXLB5E7E 抓取失败：media: 接口返回错误代码：62002，信息：稿件不可见。
{'code': 62002, 'message': '稿件不可见', 'ttl': 1}
[2026-04-18 00:35:42] [ERROR] bvid=BV1AVXLB5E7n 抓取失败：media: 接口返回错误代码：62002，信息：稿件不可见。
{'code': 62002, 'message': '稿件不可见', 'ttl': 1}
[2026-04-18 00:35:47] [SUCCESS] bvid=BV1AWQLBCEVr 已成功抓取全部所需数据。
[2026-04-18 00:35:51] [ERROR] bvid=BV1Ac9LBjEgA 抓取失败：media: 接口返回错误代码：62012，信息：62012。
{'code': 62012, 'message': '62012', 'ttl': 1}
[2026-04-18 00:35:56] [SUCCESS] bvid=BV1AcQ5B6EkG 已成功抓取全部所需数据。
[2026-04-18 00:36:14] [SUCCESS] bvid=BV1AfQ3BPENB 已成功抓取全部所需数据。
[2026-04-18 00:36:17] [ERROR] bvid=BV1AkDQBVE8h 抓取失败：media: 接口返回错误代码：-404，信息：啥都木有。
{'code': -404, 'message': '啥都木有', 'ttl': 1}
[2026-04-18 00:36:21] [SUCCESS] bvid=BV1AtQ7BUEv8 已成功抓取全部所需数据。
[2026-04-18 00:36:34] [SUCCESS] bvid=BV1AyQtBmEJE 已成功抓取全部所需数据。
[2026-04-18 00:36:39] [SUCCESS] bvid=BV1B1QYBHEKu 已成功抓取全部所需数据。
[2026-04-18 00:36:51] [SUCCESS] bvid=BV1B4DDBeExH 已成功抓取全部所需数据。
[2026-04-18 00:36:59] [ERROR] bvid=BV1B6XjByEkA 抓取失败：media: 接口返回错误代码：62002，信息：稿件不可见。
{'code': 62002, 'message': '稿件不可见', 'ttl': 1}
[2026-04-18 00:37:05] [SUCCESS] bvid=BV1B7QEB5Ec2 已成功抓取全部所需数据。
[2026-04-18 00:37:11] [SUCCESS] bvid=BV1B7QEB5Ecs 已成功抓取全部所需数据。
[2026-04-18 00:37:16] [SUCCESS] bvid=BV1B7QEB5ExZ 已成功抓取全部所需数据。
[2026-04-18 00:37:28] [SUCCESS] bvid=BV1B9Q5BPEPy 已成功抓取全部所需数据。
[2026-04-18 00:37:33] [SUCCESS] bvid=BV1BAQgBQEZu 已成功抓取全部所需数据。
[2026-04-18 00:37:45] [SUCCESS] bvid=BV1BAQgBQEaQ 已成功抓取全部所需数据。
[2026-04-18 00:37:48] [ERROR] bvid=BV1BJXsBcEK8 抓取失败：media: No downloadable media stream found for this bvid.
[2026-04-18 00:37:48] [WARN] 当前子任务已结束，但仍有未成功抓取的视频，已导出 remaining CSV 供继续执行。
[2026-04-18 00:37:48] [INFO] 已导出剔除成功条目后的剩余 CSV：outputs\video_data\manual_crawls\manual_crawl_media_mode_A_20260418_000648\remaining_bvids_part_3.csv
[2026-04-18 00:37:48] 子任务结束时间：2026-04-18T00:37:48.508298
[TIMESTAMP][END] 2026-04-18T00:37:48
