[TIMESTAMP][BEGIN] 2026-04-18T11:01:42
[2026-04-18 11:01:44] 开始执行 CSV 批量抓取子任务 part_60。
[2026-04-18 11:01:44] 子任务开始时间：2026-04-18T11:01:42.082073
[2026-04-18 11:01:44] 输入文件：batch_input_57.csv
[2026-04-18 11:01:44] 输入唯一 bvid 数量：100
[2026-04-18 11:01:55] [SUCCESS] bvid=BV1jeXyBpEQC 已成功抓取全部所需数据。
[2026-04-18 11:02:01] [SUCCESS] bvid=BV1jf9KB1Egm 已成功抓取全部所需数据。
[2026-04-18 11:02:06] [SUCCESS] bvid=BV1jfQjBBEDq 已成功抓取全部所需数据。
[2026-04-18 11:02:12] [SUCCESS] bvid=BV1jg9PB6EE1 已成功抓取全部所需数据。
[2026-04-18 11:02:17] [SUCCESS] bvid=BV1jgDLB8Ew4 已成功抓取全部所需数据。
[2026-04-18 11:02:23] [SUCCESS] bvid=BV1jhQwBhE3U 已成功抓取全部所需数据。
[2026-04-18 11:02:35] [SUCCESS] bvid=BV1jhQwBhE3s 已成功抓取全部所需数据。
[2026-04-18 11:02:40] [SUCCESS] bvid=BV1jhQwBhE99 已成功抓取全部所需数据。
[2026-04-18 11:02:45] [SUCCESS] bvid=BV1jhSdBVE15 已成功抓取全部所需数据。
[2026-04-18 11:02:50] [SUCCESS] bvid=BV1jhSdBVEhf 已成功抓取全部所需数据。
[2026-04-18 11:03:02] [SUCCESS] bvid=BV1jhXMBUEC1 已成功抓取全部所需数据。
[2026-04-18 11:03:07] [SUCCESS] bvid=BV1jhXMBUEDL 已成功抓取全部所需数据。
[2026-04-18 11:03:12] [SUCCESS] bvid=BV1jhXMBUEeu 已成功抓取全部所需数据。
[2026-04-18 11:03:23] [SUCCESS] bvid=BV1jhXMBUEis 已成功抓取全部所需数据。
[2026-04-18 11:03:28] [SUCCESS] bvid=BV1jhXMBUEmJ 已成功抓取全部所需数据。
[2026-04-18 11:03:34] [SUCCESS] bvid=BV1ji9jB3E7t 已成功抓取全部所需数据。
[2026-04-18 11:03:39] [SUCCESS] bvid=BV1ji9jB3E87 已成功抓取全部所需数据。
[2026-04-18 11:03:44] [SUCCESS] bvid=BV1jiDaB1ECT 已成功抓取全部所需数据。
[2026-04-18 11:03:49] [SUCCESS] bvid=BV1jiDaB1Ea9 已成功抓取全部所需数据。
[2026-04-18 11:03:54] [SUCCESS] bvid=BV1jiDuB7E5v 已成功抓取全部所需数据。
[2026-04-18 11:04:00] [SUCCESS] bvid=BV1jiQKBCECA 已成功抓取全部所需数据。
[2026-04-18 11:04:05] [SUCCESS] bvid=BV1jiSZBmEff 已成功抓取全部所需数据。
[2026-04-18 11:04:11] [SUCCESS] bvid=BV1jiXdBDEBF 已成功抓取全部所需数据。
[2026-04-18 11:04:16] [SUCCESS] bvid=BV1jjDhB6ExY 已成功抓取全部所需数据。
[2026-04-18 11:04:26] [SUCCESS] bvid=BV1jjSfBnEx2 已成功抓取全部所需数据。
[2026-04-18 11:04:31] [SUCCESS] bvid=BV1jjSoBkEcw 已成功抓取全部所需数据。
[2026-04-18 11:04:44] [SUCCESS] bvid=BV1jjX1B9EAD 已成功抓取全部所需数据。
[2026-04-18 11:04:56] [SUCCESS] bvid=BV1jkDpBDE9t 已成功抓取全部所需数据。
[2026-04-18 11:05:02] [SUCCESS] bvid=BV1jkQMB7E4B 已成功抓取全部所需数据。
[2026-04-18 11:05:05] [ERROR] bvid=BV1jkQMB7EXV 抓取失败：media: 接口返回错误代码：62002，信息：稿件不可见。
{'code': 62002, 'message': '稿件不可见', 'ttl': 1}
[2026-04-18 11:05:17] [SUCCESS] bvid=BV1jkX5BiELV 已成功抓取全部所需数据。
[2026-04-18 11:05:22] [SUCCESS] bvid=BV1jkX5BvE2b 已成功抓取全部所需数据。
[2026-04-18 11:05:27] [SUCCESS] bvid=BV1jkX5BvE9Q 已成功抓取全部所需数据。
[2026-04-18 11:05:32] [SUCCESS] bvid=BV1jkX5BvEMS 已成功抓取全部所需数据。
[2026-04-18 11:05:37] [SUCCESS] bvid=BV1jkX5BvEm4 已成功抓取全部所需数据。
[2026-04-18 11:05:50] [SUCCESS] bvid=BV1jkXUBYE7V 已成功抓取全部所需数据。
[2026-04-18 11:06:02] [SUCCESS] bvid=BV1jkXUBYEES 已成功抓取全部所需数据。
[2026-04-18 11:06:07] [SUCCESS] bvid=BV1jkXUBYEUk 已成功抓取全部所需数据。
[2026-04-18 11:06:12] [SUCCESS] bvid=BV1jmDLBPEyu 已成功抓取全部所需数据。
[2026-04-18 11:06:23] [SUCCESS] bvid=BV1jmDVBxEGT 已成功抓取全部所需数据。
[2026-04-18 11:06:28] [SUCCESS] bvid=BV1jmQgBQEQx 已成功抓取全部所需数据。
[2026-04-18 11:06:32] [SUCCESS] bvid=BV1jmQgBQESv 已成功抓取全部所需数据。
[2026-04-18 11:06:37] [SUCCESS] bvid=BV1jmXUBFEFL 已成功抓取全部所需数据。
[2026-04-18 11:06:42] [SUCCESS] bvid=BV1jmXUBFELg 已成功抓取全部所需数据。
[2026-04-18 11:06:48] [SUCCESS] bvid=BV1jn9MBJEVo 已成功抓取全部所需数据。
[2026-04-18 11:06:53] [SUCCESS] bvid=BV1jnAFzSEeW 已成功抓取全部所需数据。
[2026-04-18 11:06:58] [SUCCESS] bvid=BV1jnDWB9ESb 已成功抓取全部所需数据。
[2026-04-18 11:07:06] [SUCCESS] bvid=BV1jnDWB9EtW 已成功抓取全部所需数据。
[2026-04-18 11:07:16] [SUCCESS] bvid=BV1jnDYB1E1g 已成功抓取全部所需数据。
[2026-04-18 11:07:21] [SUCCESS] bvid=BV1jnDZBQEyC 已成功抓取全部所需数据。
[2026-04-18 11:07:27] [SUCCESS] bvid=BV1jnQtBPE3q 已成功抓取全部所需数据。
[2026-04-18 11:07:32] [SUCCESS] bvid=BV1jnQtBPEnP 已成功抓取全部所需数据。
[2026-04-18 11:07:36] [SUCCESS] bvid=BV1jnXfBbEf4 已成功抓取全部所需数据。
[2026-04-18 11:07:46] [SUCCESS] bvid=BV1jo97B2EEw 已成功抓取全部所需数据。
[2026-04-18 11:07:51] [SUCCESS] bvid=BV1joD6BPEFs 已成功抓取全部所需数据。
[2026-04-18 11:08:02] [SUCCESS] bvid=BV1joDJBCEua 已成功抓取全部所需数据。
[2026-04-18 11:08:07] [SUCCESS] bvid=BV1joX1B4EfZ 已成功抓取全部所需数据。
[2026-04-18 11:08:12] [SUCCESS] bvid=BV1joXeBoEWw 已成功抓取全部所需数据。
[2026-04-18 11:08:17] [SUCCESS] bvid=BV1jpDZBnEb6 已成功抓取全部所需数据。
[2026-04-18 11:08:21] [SUCCESS] bvid=BV1jpQTBGEHS 已成功抓取全部所需数据。
[2026-04-18 11:08:27] [SUCCESS] bvid=BV1jpSSBsEiK 已成功抓取全部所需数据。
[2026-04-18 11:08:32] [SUCCESS] bvid=BV1jpSSBxEEi 已成功抓取全部所需数据。
[2026-04-18 11:08:43] [SUCCESS] bvid=BV1jpXBBiExb 已成功抓取全部所需数据。
[2026-04-18 11:08:48] [SUCCESS] bvid=BV1jpXPBBE3U 已成功抓取全部所需数据。
[2026-04-18 11:08:53] [SUCCESS] bvid=BV1jpXPBBEHY 已成功抓取全部所需数据。
[2026-04-18 11:08:59] [SUCCESS] bvid=BV1jpXPBBENC 已成功抓取全部所需数据。
[2026-04-18 11:09:05] [SUCCESS] bvid=BV1jpXPBBERC 已成功抓取全部所需数据。
[2026-04-18 11:09:07] [ERROR] bvid=BV1jpXPBBERJ 抓取失败：media: 接口返回错误代码：62002，信息：稿件不可见。
{'code': 62002, 'message': '稿件不可见', 'ttl': 1}
[2026-04-18 11:09:12] [SUCCESS] bvid=BV1jpXPBBERi 已成功抓取全部所需数据。
[2026-04-18 11:09:19] [SUCCESS] bvid=BV1jpXVB8EEz 已成功抓取全部所需数据。
[2026-04-18 11:09:24] [SUCCESS] bvid=BV1jpXVB8EJs 已成功抓取全部所需数据。
[2026-04-18 11:09:30] [SUCCESS] bvid=BV1jpXVB8ENo 已成功抓取全部所需数据。
[2026-04-18 11:09:35] [SUCCESS] bvid=BV1jpXVB8Ett 已成功抓取全部所需数据。
[2026-04-18 11:09:41] [SUCCESS] bvid=BV1jpXVB8Eum 已成功抓取全部所需数据。
[2026-04-18 11:09:47] [SUCCESS] bvid=BV1jpXiBZEu3 已成功抓取全部所需数据。
[2026-04-18 11:09:51] [SUCCESS] bvid=BV1jpXmBtE6c 已成功抓取全部所需数据。
[2026-04-18 11:09:57] [SUCCESS] bvid=BV1jpXmBtEqM 已成功抓取全部所需数据。
[2026-04-18 11:10:03] [SUCCESS] bvid=BV1jpXmBtErj 已成功抓取全部所需数据。
[2026-04-18 11:10:08] [SUCCESS] bvid=BV1jqDCByEtA 已成功抓取全部所需数据。
[2026-04-18 11:10:13] [SUCCESS] bvid=BV1jqDXBiEtY 已成功抓取全部所需数据。
[2026-04-18 11:10:18] [SUCCESS] bvid=BV1jqQBBAEfR 已成功抓取全部所需数据。
[2026-04-18 11:10:24] [SUCCESS] bvid=BV1jqXGBcEDm 已成功抓取全部所需数据。
[2026-04-18 11:10:41] [SUCCESS] bvid=BV1jqXGBcEdZ 已成功抓取全部所需数据。
[2026-04-18 11:10:46] [SUCCESS] bvid=BV1jqXGBcEkU 已成功抓取全部所需数据。
[2026-04-18 11:10:52] [SUCCESS] bvid=BV1jqXGBcEq7 已成功抓取全部所需数据。
[2026-04-18 11:10:57] [SUCCESS] bvid=BV1jqXGBcEsV 已成功抓取全部所需数据。
[2026-04-18 11:11:02] [SUCCESS] bvid=BV1jqXgBWEEQ 已成功抓取全部所需数据。
[2026-04-18 11:11:13] [SUCCESS] bvid=BV1jqXgBpEM4 已成功抓取全部所需数据。
[2026-04-18 11:11:19] [SUCCESS] bvid=BV1jqXgBpEW7 已成功抓取全部所需数据。
[2026-04-18 11:11:24] [SUCCESS] bvid=BV1jqXgBpEeE 已成功抓取全部所需数据。
[2026-04-18 11:11:29] [SUCCESS] bvid=BV1jqXyBnEaQ 已成功抓取全部所需数据。
[2026-04-18 11:11:34] [SUCCESS] bvid=BV1jqXyBnEqB 已成功抓取全部所需数据。
[2026-04-18 11:11:36] [ERROR] bvid=BV1jrDVB8E9M 抓取失败：media: 接口返回错误代码：-404，信息：啥都木有。
{'code': -404, 'message': '啥都木有', 'ttl': 1}
[2026-04-18 11:11:41] [SUCCESS] bvid=BV1jrQKBgETB 已成功抓取全部所需数据。
[2026-04-18 11:11:47] [SUCCESS] bvid=BV1jrQSBFEwB 已成功抓取全部所需数据。
[2026-04-18 11:11:54] [SUCCESS] bvid=BV1jrX5BKE3Z 已成功抓取全部所需数据。
[2026-04-18 11:12:03] [SUCCESS] bvid=BV1jrX5BKE6w 已成功抓取全部所需数据。
[2026-04-18 11:12:08] [SUCCESS] bvid=BV1jrX5BKEGA 已成功抓取全部所需数据。
[2026-04-18 11:12:14] [SUCCESS] bvid=BV1jrX5BKEdn 已成功抓取全部所需数据。
[2026-04-18 11:12:19] [SUCCESS] bvid=BV1jrX5BKEoT 已成功抓取全部所需数据。
[2026-04-18 11:12:19] [WARN] 当前子任务已结束，但仍有未成功抓取的视频，已导出 remaining CSV 供继续执行。
[2026-04-18 11:12:19] [INFO] 已导出剔除成功条目后的剩余 CSV：outputs\video_data\manual_crawls\manual_crawl_media_mode_A_20260418_000648\remaining_bvids_part_60.csv
[2026-04-18 11:12:19] 子任务结束时间：2026-04-18T11:12:19.826718
[TIMESTAMP][END] 2026-04-18T11:12:19
