[TIMESTAMP][BEGIN] 2026-04-18T14:47:57
[2026-04-18 14:47:59] 开始执行 CSV 批量抓取子任务 part_77。
[2026-04-18 14:47:59] 子任务开始时间：2026-04-18T14:47:57.015753
[2026-04-18 14:47:59] 输入文件：batch_input_74.csv
[2026-04-18 14:47:59] 输入唯一 bvid 数量：100
[2026-04-18 14:48:05] [SUCCESS] bvid=BV1ocDsBxEfd 已成功抓取全部所需数据。
[2026-04-18 14:48:11] [SUCCESS] bvid=BV1ocQhBCExS 已成功抓取全部所需数据。
[2026-04-18 14:48:16] [SUCCESS] bvid=BV1ocSDBtEcn 已成功抓取全部所需数据。
[2026-04-18 14:48:21] [SUCCESS] bvid=BV1ocX5BYEB6 已成功抓取全部所需数据。
[2026-04-18 14:48:27] [SUCCESS] bvid=BV1ocX5BYED3 已成功抓取全部所需数据。
[2026-04-18 14:48:32] [SUCCESS] bvid=BV1ocX5BYEX2 已成功抓取全部所需数据。
[2026-04-18 14:48:37] [SUCCESS] bvid=BV1ocX5BYEzA 已成功抓取全部所需数据。
[2026-04-18 14:48:43] [SUCCESS] bvid=BV1ocXNBrE66 已成功抓取全部所需数据。
[2026-04-18 14:48:48] [SUCCESS] bvid=BV1ocXNBrEBf 已成功抓取全部所需数据。
[2026-04-18 14:48:53] [SUCCESS] bvid=BV1ocXNBrErG 已成功抓取全部所需数据。
[2026-04-18 14:49:10] [SUCCESS] bvid=BV1od9KB2E7A 已成功抓取全部所需数据。
[2026-04-18 14:49:15] [SUCCESS] bvid=BV1od9KB2EcA 已成功抓取全部所需数据。
[2026-04-18 14:49:21] [SUCCESS] bvid=BV1od9KB2EmG 已成功抓取全部所需数据。
[2026-04-18 14:49:26] [SUCCESS] bvid=BV1odQABAEhH 已成功抓取全部所需数据。
[2026-04-18 14:49:31] [SUCCESS] bvid=BV1odQxBaECp 已成功抓取全部所需数据。
[2026-04-18 14:49:36] [SUCCESS] bvid=BV1odQxBhE4j 已成功抓取全部所需数据。
[2026-04-18 14:49:42] [SUCCESS] bvid=BV1odQxBhEkK 已成功抓取全部所需数据。
[2026-04-18 14:49:47] [SUCCESS] bvid=BV1odQxBhEoz 已成功抓取全部所需数据。
[2026-04-18 14:49:51] [SUCCESS] bvid=BV1odXCBEE9b 已成功抓取全部所需数据。
[2026-04-18 14:49:57] [SUCCESS] bvid=BV1oeDuBmE4z 已成功抓取全部所需数据。
[2026-04-18 14:50:02] [SUCCESS] bvid=BV1oeDuBmE8X 已成功抓取全部所需数据。
[2026-04-18 14:50:08] [SUCCESS] bvid=BV1oeDuBmEBo 已成功抓取全部所需数据。
[2026-04-18 14:50:12] [SUCCESS] bvid=BV1oeQsBoEYP 已成功抓取全部所需数据。
[2026-04-18 14:50:24] [SUCCESS] bvid=BV1oeQsBoEpj 已成功抓取全部所需数据。
[2026-04-18 14:50:29] [SUCCESS] bvid=BV1oeXYBXEtz 已成功抓取全部所需数据。
[2026-04-18 14:50:34] [SUCCESS] bvid=BV1of9KByEFg 已成功抓取全部所需数据。
[2026-04-18 14:50:39] [SUCCESS] bvid=BV1of9MBpEhB 已成功抓取全部所需数据。
[2026-04-18 14:50:45] [SUCCESS] bvid=BV1of9MBpEiM 已成功抓取全部所需数据。
[2026-04-18 14:50:50] [SUCCESS] bvid=BV1of9MBpEpb 已成功抓取全部所需数据。
[2026-04-18 14:50:56] [SUCCESS] bvid=BV1ofDYBUEN5 已成功抓取全部所需数据。
[2026-04-18 14:51:00] [SUCCESS] bvid=BV1ofDcBbE1A 已成功抓取全部所需数据。
[2026-04-18 14:51:06] [SUCCESS] bvid=BV1ofQtBTEMR 已成功抓取全部所需数据。
[2026-04-18 14:51:11] [SUCCESS] bvid=BV1ofQtBTETR 已成功抓取全部所需数据。
[2026-04-18 14:51:16] [SUCCESS] bvid=BV1ofSSBfEyM 已成功抓取全部所需数据。
[2026-04-18 14:51:21] [SUCCESS] bvid=BV1ofSfBDE8r 已成功抓取全部所需数据。
[2026-04-18 14:51:26] [SUCCESS] bvid=BV1ofSfBDECq 已成功抓取全部所需数据。
[2026-04-18 14:51:31] [SUCCESS] bvid=BV1ogXTBVEFf 已成功抓取全部所需数据。
[2026-04-18 14:51:44] [SUCCESS] bvid=BV1ohDzBwEQo 已成功抓取全部所需数据。
[2026-04-18 14:51:55] [SUCCESS] bvid=BV1ohXbBuEE6 已成功抓取全部所需数据。
[2026-04-18 14:52:06] [SUCCESS] bvid=BV1ohXbBuETx 已成功抓取全部所需数据。
[2026-04-18 14:52:11] [SUCCESS] bvid=BV1oi9NBrEM3 已成功抓取全部所需数据。
[2026-04-18 14:52:33] [SUCCESS] bvid=BV1oi9TBJERx 已成功抓取全部所需数据。
[2026-04-18 14:52:38] [SUCCESS] bvid=BV1oiDCB5E6U 已成功抓取全部所需数据。
[2026-04-18 14:52:43] [SUCCESS] bvid=BV1oiXHBQEMT 已成功抓取全部所需数据。
[2026-04-18 14:52:48] [SUCCESS] bvid=BV1oiXYBHEz4 已成功抓取全部所需数据。
[2026-04-18 14:52:52] [SUCCESS] bvid=BV1oj9JBDEmc 已成功抓取全部所需数据。
[2026-04-18 14:53:03] [SUCCESS] bvid=BV1ojDYB7EQ8 已成功抓取全部所需数据。
[2026-04-18 14:53:08] [SUCCESS] bvid=BV1ojDhBzE4S 已成功抓取全部所需数据。
[2026-04-18 14:53:13] [SUCCESS] bvid=BV1ojDhBzEFr 已成功抓取全部所需数据。
[2026-04-18 14:53:18] [SUCCESS] bvid=BV1ojDhBzENV 已成功抓取全部所需数据。
[2026-04-18 14:53:23] [SUCCESS] bvid=BV1ojSfBJEhT 已成功抓取全部所需数据。
[2026-04-18 14:53:28] [SUCCESS] bvid=BV1ojX1BXEPP 已成功抓取全部所需数据。
[2026-04-18 14:53:32] [SUCCESS] bvid=BV1ojX3BREA7 已成功抓取全部所需数据。
[2026-04-18 14:53:37] [SUCCESS] bvid=BV1ojX3BREXm 已成功抓取全部所需数据。
[2026-04-18 14:53:42] [SUCCESS] bvid=BV1ojXVBYERb 已成功抓取全部所需数据。
[2026-04-18 14:53:52] [SUCCESS] bvid=BV1ojXVBYEXN 已成功抓取全部所需数据。
[2026-04-18 14:53:59] [SUCCESS] bvid=BV1ojXpBsEDr 已成功抓取全部所需数据。
[2026-04-18 14:54:12] [SUCCESS] bvid=BV1ok9FBwEbv 已成功抓取全部所需数据。
[2026-04-18 14:54:18] [SUCCESS] bvid=BV1okDVBZEhH 已成功抓取全部所需数据。
[2026-04-18 14:54:23] [SUCCESS] bvid=BV1okX5BYEaq 已成功抓取全部所需数据。
[2026-04-18 14:54:29] [SUCCESS] bvid=BV1okXUBYE8h 已成功抓取全部所需数据。
[2026-04-18 14:54:39] [SUCCESS] bvid=BV1okXUBYEm3 已成功抓取全部所需数据。
[2026-04-18 14:54:51] [SUCCESS] bvid=BV1okXZBWEvB 已成功抓取全部所需数据。
[2026-04-18 14:54:56] [SUCCESS] bvid=BV1okXxBPEHe 已成功抓取全部所需数据。
[2026-04-18 14:55:08] [SUCCESS] bvid=BV1omDLBAENW 已成功抓取全部所需数据。
[2026-04-18 14:55:13] [SUCCESS] bvid=BV1omDSBcE1Z 已成功抓取全部所需数据。
[2026-04-18 14:55:19] [SUCCESS] bvid=BV1omDSBcEJB 已成功抓取全部所需数据。
[2026-04-18 14:55:24] [SUCCESS] bvid=BV1omDmBpEFe 已成功抓取全部所需数据。
[2026-04-18 14:55:29] [SUCCESS] bvid=BV1omXNBgE4s 已成功抓取全部所需数据。
[2026-04-18 14:55:34] [SUCCESS] bvid=BV1omXNBgEHE 已成功抓取全部所需数据。
[2026-04-18 14:55:39] [SUCCESS] bvid=BV1omXNBgEW5 已成功抓取全部所需数据。
[2026-04-18 14:55:44] [SUCCESS] bvid=BV1omXNBgEqW 已成功抓取全部所需数据。
[2026-04-18 14:55:55] [SUCCESS] bvid=BV1onQTBkE4i 已成功抓取全部所需数据。
[2026-04-18 14:56:01] [SUCCESS] bvid=BV1onXLBBEkm 已成功抓取全部所需数据。
[2026-04-18 14:56:06] [SUCCESS] bvid=BV1onXfBtEeJ 已成功抓取全部所需数据。
[2026-04-18 14:56:12] [SUCCESS] bvid=BV1oo9MB9E8W 已成功抓取全部所需数据。
[2026-04-18 14:56:18] [SUCCESS] bvid=BV1ooQtBBESu 已成功抓取全部所需数据。
[2026-04-18 14:56:30] [SUCCESS] bvid=BV1op9HBsEND 已成功抓取全部所需数据。
[2026-04-18 14:56:35] [SUCCESS] bvid=BV1opDWBpEUW 已成功抓取全部所需数据。
[2026-04-18 14:56:43] [ERROR] bvid=BV1opXLBTEHD 抓取失败：media: 接口返回错误代码：62002，信息：稿件不可见。
{'code': 62002, 'message': '稿件不可见', 'ttl': 1}
[2026-04-18 14:56:58] [SUCCESS] bvid=BV1opXLBTEJn 已成功抓取全部所需数据。
[2026-04-18 14:57:03] [SUCCESS] bvid=BV1opXLBTEYM 已成功抓取全部所需数据。
[2026-04-18 14:57:15] [SUCCESS] bvid=BV1opXLBTEwR 已成功抓取全部所需数据。
[2026-04-18 14:57:27] [SUCCESS] bvid=BV1opXSBNERh 已成功抓取全部所需数据。
[2026-04-18 14:57:33] [SUCCESS] bvid=BV1opXmB4EEr 已成功抓取全部所需数据。
[2026-04-18 14:57:45] [SUCCESS] bvid=BV1oqDuB1EPb 已成功抓取全部所需数据。
[2026-04-18 14:57:56] [SUCCESS] bvid=BV1oqQ7BrECV 已成功抓取全部所需数据。
[2026-04-18 14:58:01] [SUCCESS] bvid=BV1oqQ7BrERf 已成功抓取全部所需数据。
[2026-04-18 14:58:06] [SUCCESS] bvid=BV1oqQ7BrEku 已成功抓取全部所需数据。
[2026-04-18 14:59:14] [SUCCESS] bvid=BV1oqQ7BrEoG 已成功抓取全部所需数据。
[2026-04-18 14:59:27] [SUCCESS] bvid=BV1oqXGBcEBd 已成功抓取全部所需数据。
[2026-04-18 14:59:39] [SUCCESS] bvid=BV1orDVBbEHh 已成功抓取全部所需数据。
[2026-04-18 14:59:50] [SUCCESS] bvid=BV1orSDBcE3Z 已成功抓取全部所需数据。
[2026-04-18 14:59:55] [SUCCESS] bvid=BV1orSDBcESP 已成功抓取全部所需数据。
[2026-04-18 15:00:06] [SUCCESS] bvid=BV1orX5BKEbt 已成功抓取全部所需数据。
[2026-04-18 15:00:11] [SUCCESS] bvid=BV1orXGBtE75 已成功抓取全部所需数据。
[2026-04-18 15:00:21] [SUCCESS] bvid=BV1orXvBdEEk 已成功抓取全部所需数据。
[2026-04-18 15:00:33] [SUCCESS] bvid=BV1osD5BFEeZ 已成功抓取全部所需数据。
[2026-04-18 15:00:46] [SUCCESS] bvid=BV1osD5BFEhr 已成功抓取全部所需数据。
[2026-04-18 15:00:51] [SUCCESS] bvid=BV1osDvBSEMV 已成功抓取全部所需数据。
[2026-04-18 15:00:51] [WARN] 当前子任务已结束，但仍有未成功抓取的视频，已导出 remaining CSV 供继续执行。
[2026-04-18 15:00:51] [INFO] 已导出剔除成功条目后的剩余 CSV：outputs\video_data\manual_crawls\manual_crawl_media_mode_A_20260418_000648\remaining_bvids_part_77.csv
[2026-04-18 15:00:51] 子任务结束时间：2026-04-18T15:00:51.344450
[TIMESTAMP][END] 2026-04-18T15:00:51
