[TIMESTAMP][BEGIN] 2026-04-18T16:57:06
[2026-04-18 16:57:09] 开始执行 CSV 批量抓取子任务 part_85。
[2026-04-18 16:57:09] 子任务开始时间：2026-04-18T16:57:06.684009
[2026-04-18 16:57:09] 输入文件：batch_input_82.csv
[2026-04-18 16:57:09] 输入唯一 bvid 数量：100
[2026-04-18 16:57:15] [SUCCESS] bvid=BV1qSXTB2E84 已成功抓取全部所需数据。
[2026-04-18 16:57:26] [SUCCESS] bvid=BV1qSXTB2Egp 已成功抓取全部所需数据。
[2026-04-18 16:57:31] [SUCCESS] bvid=BV1qSXTB2EnQ 已成功抓取全部所需数据。
[2026-04-18 16:57:37] [SUCCESS] bvid=BV1qSXTB2Ena 已成功抓取全部所需数据。
[2026-04-18 16:57:42] [SUCCESS] bvid=BV1qSXTB2Eue 已成功抓取全部所需数据。
[2026-04-18 16:57:47] [SUCCESS] bvid=BV1qSXrByEHg 已成功抓取全部所需数据。
[2026-04-18 16:57:52] [SUCCESS] bvid=BV1qSXrByEMw 已成功抓取全部所需数据。
[2026-04-18 16:57:57] [SUCCESS] bvid=BV1qTDKBzEi8 已成功抓取全部所需数据。
[2026-04-18 16:58:03] [SUCCESS] bvid=BV1qTXDBNEaU 已成功抓取全部所需数据。
[2026-04-18 16:58:08] [SUCCESS] bvid=BV1qTXDBNEbR 已成功抓取全部所需数据。
[2026-04-18 16:58:26] [SUCCESS] bvid=BV1qTXDBNEdh 已成功抓取全部所需数据。
[2026-04-18 16:58:45] [SUCCESS] bvid=BV1qTXDBNEim 已成功抓取全部所需数据。
[2026-04-18 16:58:50] [SUCCESS] bvid=BV1qUD4BwEGB 已成功抓取全部所需数据。
[2026-04-18 16:59:02] [SUCCESS] bvid=BV1qUQcBFEhK 已成功抓取全部所需数据。
[2026-04-18 16:59:07] [SUCCESS] bvid=BV1qUXrBLELc 已成功抓取全部所需数据。
[2026-04-18 16:59:13] [SUCCESS] bvid=BV1qUXrBLEzS 已成功抓取全部所需数据。
[2026-04-18 16:59:25] [SUCCESS] bvid=BV1qUXzBqEg6 已成功抓取全部所需数据。
[2026-04-18 16:59:37] [SUCCESS] bvid=BV1qUXzBqEwn 已成功抓取全部所需数据。
[2026-04-18 17:00:54] [SUCCESS] bvid=BV1qV9KBjELL 已成功抓取全部所需数据。
[2026-04-18 17:00:59] [SUCCESS] bvid=BV1qVDQBAEHE 已成功抓取全部所需数据。
[2026-04-18 17:01:05] [SUCCESS] bvid=BV1qVDkB3E6S 已成功抓取全部所需数据。
[2026-04-18 17:01:16] [SUCCESS] bvid=BV1qVSfBpESR 已成功抓取全部所需数据。
[2026-04-18 17:01:22] [SUCCESS] bvid=BV1qVXaBEEeX 已成功抓取全部所需数据。
[2026-04-18 17:01:27] [SUCCESS] bvid=BV1qVXaBEEn6 已成功抓取全部所需数据。
[2026-04-18 17:01:32] [SUCCESS] bvid=BV1qW9cBPEd7 已成功抓取全部所需数据。
[2026-04-18 17:01:45] [SUCCESS] bvid=BV1qW9cBPEri 已成功抓取全部所需数据。
[2026-04-18 17:01:57] [SUCCESS] bvid=BV1qWDWBQEFp 已成功抓取全部所需数据。
[2026-04-18 17:02:09] [SUCCESS] bvid=BV1qWDZBSEDG 已成功抓取全部所需数据。
[2026-04-18 17:02:14] [SUCCESS] bvid=BV1qWX4BKEc4 已成功抓取全部所需数据。
[2026-04-18 17:02:19] [SUCCESS] bvid=BV1qWXKB1E9V 已成功抓取全部所需数据。
[2026-04-18 17:02:24] [SUCCESS] bvid=BV1qWXKB1EqR 已成功抓取全部所需数据。
[2026-04-18 17:02:29] [SUCCESS] bvid=BV1qX9LB6EH2 已成功抓取全部所需数据。
[2026-04-18 17:02:36] [SUCCESS] bvid=BV1qXD7BBEV4 已成功抓取全部所需数据。
[2026-04-18 17:02:41] [SUCCESS] bvid=BV1qXQABKEqX 已成功抓取全部所需数据。
[2026-04-18 17:02:54] [SUCCESS] bvid=BV1qXQABNEWH 已成功抓取全部所需数据。
[2026-04-18 17:03:06] [SUCCESS] bvid=BV1qXQvBsEGs 已成功抓取全部所需数据。
[2026-04-18 17:03:23] [SUCCESS] bvid=BV1qXXCBnE66 已成功抓取全部所需数据。
[2026-04-18 17:03:29] [SUCCESS] bvid=BV1qXXCBnEPK 已成功抓取全部所需数据。
[2026-04-18 17:03:34] [SUCCESS] bvid=BV1qYDXBME6B 已成功抓取全部所需数据。
[2026-04-18 17:03:46] [SUCCESS] bvid=BV1qYDXBMEqw 已成功抓取全部所需数据。
[2026-04-18 17:03:52] [SUCCESS] bvid=BV1qYQsBtEBC 已成功抓取全部所需数据。
[2026-04-18 17:03:56] [SUCCESS] bvid=BV1qYQwBFENH 已成功抓取全部所需数据。
[2026-04-18 17:04:09] [SUCCESS] bvid=BV1qYQwBFEu9 已成功抓取全部所需数据。
[2026-04-18 17:04:14] [SUCCESS] bvid=BV1qYXMB7EwV 已成功抓取全部所需数据。
[2026-04-18 17:04:26] [SUCCESS] bvid=BV1qYXYBWE9d 已成功抓取全部所需数据。
[2026-04-18 17:04:33] [SUCCESS] bvid=BV1qYXYBWEGo 已成功抓取全部所需数据。
[2026-04-18 17:14:44] [SUCCESS] bvid=BV1qYXYBWEzm 已成功抓取全部所需数据。
[2026-04-18 17:14:49] [SUCCESS] bvid=BV1qYXkBLEsn 已成功抓取全部所需数据。
[2026-04-18 17:14:55] [SUCCESS] bvid=BV1qZDWB4EkE 已成功抓取全部所需数据。
[2026-04-18 17:15:07] [SUCCESS] bvid=BV1qZSSBhEmv 已成功抓取全部所需数据。
[2026-04-18 17:15:10] [ERROR] bvid=BV1qZX1BRES4 抓取失败：media: 接口返回错误代码：62012，信息：62012。
{'code': 62012, 'message': '62012', 'ttl': 1}
[2026-04-18 17:15:15] [SUCCESS] bvid=BV1qZX1BREqZ 已成功抓取全部所需数据。
[2026-04-18 17:16:25] [SUCCESS] bvid=BV1qZX1BREtU 已成功抓取全部所需数据。
[2026-04-18 17:16:28] [ERROR] bvid=BV1qZX1BdEK4 抓取失败：media: 接口返回错误代码：62002，信息：稿件不可见。
{'code': 62002, 'message': '稿件不可见', 'ttl': 1}
[2026-04-18 17:16:30] [ERROR] bvid=BV1qZX3BoEnM 抓取失败：media: 接口返回错误代码：62002，信息：稿件不可见。
{'code': 62002, 'message': '稿件不可见', 'ttl': 1}
[2026-04-18 17:16:36] [SUCCESS] bvid=BV1qZXVBvEaz 已成功抓取全部所需数据。
[2026-04-18 17:16:41] [SUCCESS] bvid=BV1qZXVBvEnG 已成功抓取全部所需数据。
[2026-04-18 17:16:47] [SUCCESS] bvid=BV1qa9NB5ELE 已成功抓取全部所需数据。
[2026-04-18 17:16:52] [SUCCESS] bvid=BV1qaDDBcEYm 已成功抓取全部所需数据。
[2026-04-18 17:16:57] [SUCCESS] bvid=BV1qaDDBcEjj 已成功抓取全部所需数据。
[2026-04-18 17:17:03] [SUCCESS] bvid=BV1qaDnBUEXk 已成功抓取全部所需数据。
[2026-04-18 17:17:08] [SUCCESS] bvid=BV1qaXgBdEnK 已成功抓取全部所需数据。
[2026-04-18 17:17:14] [SUCCESS] bvid=BV1qaXhBjE5d 已成功抓取全部所需数据。
[2026-04-18 17:17:18] [SUCCESS] bvid=BV1qbQoBnEDV 已成功抓取全部所需数据。
[2026-04-18 17:17:24] [SUCCESS] bvid=BV1qbQsBcErY 已成功抓取全部所需数据。
[2026-04-18 17:17:28] [SUCCESS] bvid=BV1qbX6BgEro 已成功抓取全部所需数据。
[2026-04-18 17:17:33] [SUCCESS] bvid=BV1qbXKBGEVk 已成功抓取全部所需数据。
[2026-04-18 17:17:45] [SUCCESS] bvid=BV1qbXbB6EA3 已成功抓取全部所需数据。
[2026-04-18 17:17:50] [SUCCESS] bvid=BV1qbXhBEEHq 已成功抓取全部所需数据。
[2026-04-18 17:17:54] [SUCCESS] bvid=BV1qcDVBoExF 已成功抓取全部所需数据。
[2026-04-18 17:18:00] [SUCCESS] bvid=BV1qcX5BYE6i 已成功抓取全部所需数据。
[2026-04-18 17:18:05] [SUCCESS] bvid=BV1qcX5BYEHW 已成功抓取全部所需数据。
[2026-04-18 17:18:11] [SUCCESS] bvid=BV1qcX5BYESt 已成功抓取全部所需数据。
[2026-04-18 17:18:22] [SUCCESS] bvid=BV1qcX5BYEeQ 已成功抓取全部所需数据。
[2026-04-18 17:18:33] [SUCCESS] bvid=BV1qcX5BYEh1 已成功抓取全部所需数据。
[2026-04-18 17:18:38] [SUCCESS] bvid=BV1qcX5BYEnd 已成功抓取全部所需数据。
[2026-04-18 17:18:43] [SUCCESS] bvid=BV1qcXUBhELk 已成功抓取全部所需数据。
[2026-04-18 17:18:56] [SUCCESS] bvid=BV1qcXUBhEMS 已成功抓取全部所需数据。
[2026-04-18 17:19:01] [SUCCESS] bvid=BV1qcXUBhEVN 已成功抓取全部所需数据。
[2026-04-18 17:19:12] [SUCCESS] bvid=BV1qcXjB3EQX 已成功抓取全部所需数据。
[2026-04-18 17:19:24] [SUCCESS] bvid=BV1qd97BjEAC 已成功抓取全部所需数据。
[2026-04-18 17:19:31] [SUCCESS] bvid=BV1qd97BjEZ3 已成功抓取全部所需数据。
[2026-04-18 17:19:36] [SUCCESS] bvid=BV1qd97BjErB 已成功抓取全部所需数据。
[2026-04-18 17:19:42] [SUCCESS] bvid=BV1qdDYBDEiN 已成功抓取全部所需数据。
[2026-04-18 17:19:53] [SUCCESS] bvid=BV1qdQjB6EY3 已成功抓取全部所需数据。
[2026-04-18 17:19:58] [SUCCESS] bvid=BV1qdSfBXE3S 已成功抓取全部所需数据。
[2026-04-18 17:20:09] [SUCCESS] bvid=BV1qdSfBXEQK 已成功抓取全部所需数据。
[2026-04-18 17:20:14] [SUCCESS] bvid=BV1qdXCBEEHB 已成功抓取全部所需数据。
[2026-04-18 17:20:25] [SUCCESS] bvid=BV1qe9jBkEjW 已成功抓取全部所需数据。
[2026-04-18 17:20:37] [SUCCESS] bvid=BV1qeQ4BvEJy 已成功抓取全部所需数据。
[2026-04-18 17:20:42] [SUCCESS] bvid=BV1qeQ4BvERc 已成功抓取全部所需数据。
[2026-04-18 17:21:02] [SUCCESS] bvid=BV1qeQiB4EF2 已成功抓取全部所需数据。
[2026-04-18 17:21:08] [SUCCESS] bvid=BV1qeQiB4EV2 已成功抓取全部所需数据。
[2026-04-18 17:21:13] [SUCCESS] bvid=BV1qeXYBXE3J 已成功抓取全部所需数据。
[2026-04-18 17:21:18] [SUCCESS] bvid=BV1qeXgBsEU9 已成功抓取全部所需数据。
[2026-04-18 17:21:23] [SUCCESS] bvid=BV1qf97B5Ew6 已成功抓取全部所需数据。
[2026-04-18 17:21:28] [SUCCESS] bvid=BV1qfDgBnEwK 已成功抓取全部所需数据。
[2026-04-18 17:21:36] [SUCCESS] bvid=BV1qfDyBEEQz 已成功抓取全部所需数据。
[2026-04-18 17:21:41] [SUCCESS] bvid=BV1qfDyBEEvb 已成功抓取全部所需数据。
[2026-04-18 17:21:46] [SUCCESS] bvid=BV1qfQTB2Et9 已成功抓取全部所需数据。
[2026-04-18 17:21:46] [WARN] 当前子任务已结束，但仍有未成功抓取的视频，已导出 remaining CSV 供继续执行。
[2026-04-18 17:21:46] [INFO] 已导出剔除成功条目后的剩余 CSV：outputs\video_data\manual_crawls\manual_crawl_media_mode_A_20260418_000648\remaining_bvids_part_85.csv
[2026-04-18 17:21:46] 子任务结束时间：2026-04-18T17:21:46.204813
[TIMESTAMP][END] 2026-04-18T17:21:46
