[TIMESTAMP][BEGIN] 2026-04-18T08:25:10
[2026-04-18 08:25:12] 开始执行 CSV 批量抓取子任务 part_46。
[2026-04-18 08:25:12] 子任务开始时间：2026-04-18T08:25:10.867571
[2026-04-18 08:25:12] 输入文件：batch_input_44.csv
[2026-04-18 08:25:12] 输入唯一 bvid 数量：100
[2026-04-18 08:25:23] [SUCCESS] bvid=BV1gXX5BZEi3 已成功抓取全部所需数据。
[2026-04-18 08:25:29] [SUCCESS] bvid=BV1gXXWBSE4i 已成功抓取全部所需数据。
[2026-04-18 08:25:39] [SUCCESS] bvid=BV1gXXZBmEUF 已成功抓取全部所需数据。
[2026-04-18 08:25:45] [SUCCESS] bvid=BV1gY9MB3E65 已成功抓取全部所需数据。
[2026-04-18 08:25:56] [SUCCESS] bvid=BV1gY9MB3E7z 已成功抓取全部所需数据。
[2026-04-18 08:26:01] [SUCCESS] bvid=BV1gY9MB3ED4 已成功抓取全部所需数据。
[2026-04-18 08:26:06] [SUCCESS] bvid=BV1gY9MB3EXU 已成功抓取全部所需数据。
[2026-04-18 08:26:18] [SUCCESS] bvid=BV1gYXVBXE29 已成功抓取全部所需数据。
[2026-04-18 08:26:24] [SUCCESS] bvid=BV1gYXVBXECF 已成功抓取全部所需数据。
[2026-04-18 08:26:28] [SUCCESS] bvid=BV1gYXVBXEPD 已成功抓取全部所需数据。
[2026-04-18 08:26:34] [SUCCESS] bvid=BV1gYXVBXEvN 已成功抓取全部所需数据。
[2026-04-18 08:26:39] [SUCCESS] bvid=BV1gYXeBVEFe 已成功抓取全部所需数据。
[2026-04-18 08:26:41] [ERROR] bvid=BV1gYXmBDESf 抓取失败：media: 接口返回错误代码：-404，信息：啥都木有。
{'code': -404, 'message': '啥都木有', 'ttl': 1}
[2026-04-18 08:26:52] [SUCCESS] bvid=BV1gYXoBkEtk 已成功抓取全部所需数据。
[2026-04-18 08:26:57] [SUCCESS] bvid=BV1gZ9nBkEuo 已成功抓取全部所需数据。
[2026-04-18 08:27:04] [SUCCESS] bvid=BV1gZQMBTEW4 已成功抓取全部所需数据。
[2026-04-18 08:27:09] [SUCCESS] bvid=BV1gZQkBKEH5 已成功抓取全部所需数据。
[2026-04-18 08:27:14] [SUCCESS] bvid=BV1gZX5BsEMR 已成功抓取全部所需数据。
[2026-04-18 08:27:26] [SUCCESS] bvid=BV1gZX5BsENM 已成功抓取全部所需数据。
[2026-04-18 08:27:42] [SUCCESS] bvid=BV1gZX5BsEP4 已成功抓取全部所需数据。
[2026-04-18 08:27:55] [SUCCESS] bvid=BV1gZX5BsEwU 已成功抓取全部所需数据。
[2026-04-18 08:28:08] [SUCCESS] bvid=BV1gZXABdEGF 已成功抓取全部所需数据。
[2026-04-18 08:28:16] [ERROR] bvid=BV1gZXNBeEGJ 抓取失败：media: 接口返回错误代码：62002，信息：稿件不可见。
{'code': 62002, 'message': '稿件不可见', 'ttl': 1}
[2026-04-18 08:28:26] [SUCCESS] bvid=BV1gZXUBpEiY 已成功抓取全部所需数据。
[2026-04-18 08:28:38] [SUCCESS] bvid=BV1gaQNBtEKX 已成功抓取全部所需数据。
[2026-04-18 08:28:43] [SUCCESS] bvid=BV1gaQtBdE3K 已成功抓取全部所需数据。
[2026-04-18 08:28:55] [SUCCESS] bvid=BV1gaSSBEEAH 已成功抓取全部所需数据。
[2026-04-18 08:29:00] [SUCCESS] bvid=BV1gaSfBgEYW 已成功抓取全部所需数据。
[2026-04-18 08:29:04] [SUCCESS] bvid=BV1gaXVBWEtk 已成功抓取全部所需数据。
[2026-04-18 08:29:17] [SUCCESS] bvid=BV1gb9KBKEGR 已成功抓取全部所需数据。
[2026-04-18 08:29:22] [SUCCESS] bvid=BV1gb9KBKER9 已成功抓取全部所需数据。
[2026-04-18 08:29:27] [SUCCESS] bvid=BV1gbDhBaEEf 已成功抓取全部所需数据。
[2026-04-18 08:29:32] [SUCCESS] bvid=BV1gbSoBeEpD 已成功抓取全部所需数据。
[2026-04-18 08:29:37] [SUCCESS] bvid=BV1gc9WBEEWU 已成功抓取全部所需数据。
[2026-04-18 08:29:41] [SUCCESS] bvid=BV1gcDTBYEDj 已成功抓取全部所需数据。
[2026-04-18 08:29:51] [SUCCESS] bvid=BV1gdDeB6E5A 已成功抓取全部所需数据。
[2026-04-18 08:29:56] [SUCCESS] bvid=BV1gdDeBrEAR 已成功抓取全部所需数据。
[2026-04-18 08:30:02] [SUCCESS] bvid=BV1gdQMBBEGF 已成功抓取全部所需数据。
[2026-04-18 08:30:07] [SUCCESS] bvid=BV1gdSDBQEu3 已成功抓取全部所需数据。
[2026-04-18 08:30:12] [SUCCESS] bvid=BV1gdX5BdEDe 已成功抓取全部所需数据。
[2026-04-18 08:30:23] [SUCCESS] bvid=BV1gdX5BdEYb 已成功抓取全部所需数据。
[2026-04-18 08:30:34] [SUCCESS] bvid=BV1gdX5BdEYm 已成功抓取全部所需数据。
[2026-04-18 08:30:45] [SUCCESS] bvid=BV1gdX5BdEbR 已成功抓取全部所需数据。
[2026-04-18 08:30:50] [SUCCESS] bvid=BV1gdX5BdEtc 已成功抓取全部所需数据。
[2026-04-18 08:30:58] [ERROR] bvid=BV1gdXUB9ETx 抓取失败：media: 接口返回错误代码：62002，信息：稿件不可见。
{'code': 62002, 'message': '稿件不可见', 'ttl': 1}
[2026-04-18 08:31:10] [SUCCESS] bvid=BV1gdXUB9EWa 已成功抓取全部所需数据。
[2026-04-18 08:31:15] [SUCCESS] bvid=BV1gdXUB9Ept 已成功抓取全部所需数据。
[2026-04-18 08:31:21] [SUCCESS] bvid=BV1geDvByEQ4 已成功抓取全部所需数据。
[2026-04-18 08:31:26] [SUCCESS] bvid=BV1geDyBiEs1 已成功抓取全部所需数据。
[2026-04-18 08:31:32] [SUCCESS] bvid=BV1geX1BGE5m 已成功抓取全部所需数据。
[2026-04-18 08:31:37] [SUCCESS] bvid=BV1geXPBcE1b 已成功抓取全部所需数据。
[2026-04-18 08:31:41] [SUCCESS] bvid=BV1geXPBcERj 已成功抓取全部所需数据。
[2026-04-18 08:31:46] [SUCCESS] bvid=BV1geXPBcEiY 已成功抓取全部所需数据。
[2026-04-18 08:31:52] [SUCCESS] bvid=BV1geXPBcEyu 已成功抓取全部所需数据。
[2026-04-18 08:32:03] [SUCCESS] bvid=BV1gf9FBHEHt 已成功抓取全部所需数据。
[2026-04-18 08:32:14] [SUCCESS] bvid=BV1gfDiBjEXu 已成功抓取全部所需数据。
[2026-04-18 08:32:18] [SUCCESS] bvid=BV1gfDiBjEqB 已成功抓取全部所需数据。
[2026-04-18 08:32:31] [SUCCESS] bvid=BV1gfQgB5EeE 已成功抓取全部所需数据。
[2026-04-18 08:32:36] [SUCCESS] bvid=BV1gfQgB5EnC 已成功抓取全部所需数据。
[2026-04-18 08:32:41] [SUCCESS] bvid=BV1gfXTBzEfd 已成功抓取全部所需数据。
[2026-04-18 08:32:46] [SUCCESS] bvid=BV1gfXUBQEGQ 已成功抓取全部所需数据。
[2026-04-18 08:32:52] [SUCCESS] bvid=BV1ggDCBAEGy 已成功抓取全部所需数据。
[2026-04-18 08:32:58] [SUCCESS] bvid=BV1ggDCBAEHk 已成功抓取全部所需数据。
[2026-04-18 08:33:09] [SUCCESS] bvid=BV1ggDCBAEWx 已成功抓取全部所需数据。
[2026-04-18 08:33:15] [SUCCESS] bvid=BV1ggDCBAEeM 已成功抓取全部所需数据。
[2026-04-18 08:33:20] [SUCCESS] bvid=BV1ggDuBNEJD 已成功抓取全部所需数据。
[2026-04-18 08:33:24] [SUCCESS] bvid=BV1ggQPB9EMT 已成功抓取全部所需数据。
[2026-04-18 08:33:29] [SUCCESS] bvid=BV1ggSUByEc2 已成功抓取全部所需数据。
[2026-04-18 08:33:34] [SUCCESS] bvid=BV1ggSZBiENx 已成功抓取全部所需数据。
[2026-04-18 08:33:39] [SUCCESS] bvid=BV1ggXYBgEWW 已成功抓取全部所需数据。
[2026-04-18 08:33:45] [SUCCESS] bvid=BV1ggXYBgEgB 已成功抓取全部所需数据。
[2026-04-18 08:33:50] [SUCCESS] bvid=BV1gh9MBkE71 已成功抓取全部所需数据。
[2026-04-18 08:34:01] [SUCCESS] bvid=BV1gh9MBkEGt 已成功抓取全部所需数据。
[2026-04-18 08:34:08] [SUCCESS] bvid=BV1gh9MBkEqr 已成功抓取全部所需数据。
[2026-04-18 08:34:19] [SUCCESS] bvid=BV1gh9MBkEtA 已成功抓取全部所需数据。
[2026-04-18 08:34:24] [SUCCESS] bvid=BV1ghD9BbEGA 已成功抓取全部所需数据。
[2026-04-18 08:34:29] [SUCCESS] bvid=BV1ghX3BjEc3 已成功抓取全部所需数据。
[2026-04-18 08:34:35] [SUCCESS] bvid=BV1giDZBrESX 已成功抓取全部所需数据。
[2026-04-18 08:34:40] [SUCCESS] bvid=BV1giQuB3Err 已成功抓取全部所需数据。
[2026-04-18 08:34:45] [SUCCESS] bvid=BV1giSSB1EKr 已成功抓取全部所需数据。
[2026-04-18 08:34:50] [SUCCESS] bvid=BV1giXLBbE8P 已成功抓取全部所需数据。
[2026-04-18 08:34:55] [SUCCESS] bvid=BV1giXPBfE9G 已成功抓取全部所需数据。
[2026-04-18 08:35:00] [SUCCESS] bvid=BV1giXPBfEUz 已成功抓取全部所需数据。
[2026-04-18 08:35:05] [SUCCESS] bvid=BV1gjDmByEZn 已成功抓取全部所需数据。
[2026-04-18 08:35:11] [SUCCESS] bvid=BV1gjDmByEtP 已成功抓取全部所需数据。
[2026-04-18 08:35:16] [SUCCESS] bvid=BV1gjQMBKEEq 已成功抓取全部所需数据。
[2026-04-18 08:35:21] [SUCCESS] bvid=BV1gjQhBeE5r 已成功抓取全部所需数据。
[2026-04-18 08:35:26] [SUCCESS] bvid=BV1gjSDBEEF5 已成功抓取全部所需数据。
[2026-04-18 08:35:32] [SUCCESS] bvid=BV1gjXUBHEV3 已成功抓取全部所需数据。
[2026-04-18 08:35:36] [SUCCESS] bvid=BV1gjXZBVEw3 已成功抓取全部所需数据。
[2026-04-18 08:35:47] [SUCCESS] bvid=BV1gk9WBnEEP 已成功抓取全部所需数据。
[2026-04-18 08:35:52] [SUCCESS] bvid=BV1gkDxB7EFs 已成功抓取全部所需数据。
[2026-04-18 08:35:57] [SUCCESS] bvid=BV1gkQFBLECT 已成功抓取全部所需数据。
[2026-04-18 08:36:02] [SUCCESS] bvid=BV1gkQFBLEQr 已成功抓取全部所需数据。
[2026-04-18 08:36:07] [SUCCESS] bvid=BV1gkX6BhEdw 已成功抓取全部所需数据。
[2026-04-18 08:36:11] [SUCCESS] bvid=BV1gkXKBYEKP 已成功抓取全部所需数据。
[2026-04-18 08:36:16] [SUCCESS] bvid=BV1gkXKBYEWx 已成功抓取全部所需数据。
[2026-04-18 08:36:20] [SUCCESS] bvid=BV1gkXMB3E5Z 已成功抓取全部所需数据。
[2026-04-18 08:36:25] [SUCCESS] bvid=BV1gkXMB3EL4 已成功抓取全部所需数据。
[2026-04-18 08:36:30] [SUCCESS] bvid=BV1gkXMB3ERa 已成功抓取全部所需数据。
[2026-04-18 08:36:30] [WARN] 当前子任务已结束，但仍有未成功抓取的视频，已导出 remaining CSV 供继续执行。
[2026-04-18 08:36:30] [INFO] 已导出剔除成功条目后的剩余 CSV：outputs\video_data\manual_crawls\manual_crawl_media_mode_A_20260418_000648\remaining_bvids_part_46.csv
[2026-04-18 08:36:30] 子任务结束时间：2026-04-18T08:36:30.685166
[TIMESTAMP][END] 2026-04-18T08:36:30
