[TIMESTAMP][BEGIN] 2026-04-18T18:07:46
[2026-04-18 18:07:49] 开始执行 CSV 批量抓取子任务 part_88。
[2026-04-18 18:07:49] 子任务开始时间：2026-04-18T18:07:46.614022
[2026-04-18 18:07:49] 输入文件：batch_input_85.csv
[2026-04-18 18:07:49] 输入唯一 bvid 数量：100
[2026-04-18 18:08:00] [SUCCESS] bvid=BV1r9XmBKErY 已成功抓取全部所需数据。
[2026-04-18 18:08:13] [SUCCESS] bvid=BV1rA97BXE2k 已成功抓取全部所需数据。
[2026-04-18 18:08:25] [SUCCESS] bvid=BV1rAQ2BtEEZ 已成功抓取全部所需数据。
[2026-04-18 18:08:38] [SUCCESS] bvid=BV1rAXCBREmN 已成功抓取全部所需数据。
[2026-04-18 18:08:48] [SUCCESS] bvid=BV1rBDLBgEhV 已成功抓取全部所需数据。
[2026-04-18 18:08:53] [SUCCESS] bvid=BV1rBQgBZELe 已成功抓取全部所需数据。
[2026-04-18 18:09:11] [SUCCESS] bvid=BV1rBXNBjEVt 已成功抓取全部所需数据。
[2026-04-18 18:09:16] [SUCCESS] bvid=BV1rBXNBjEiC 已成功抓取全部所需数据。
[2026-04-18 18:09:21] [SUCCESS] bvid=BV1rBXUBKEA8 已成功抓取全部所需数据。
[2026-04-18 18:09:33] [SUCCESS] bvid=BV1rBXzB5Ekw 已成功抓取全部所需数据。
[2026-04-18 18:09:38] [SUCCESS] bvid=BV1rC9LB2EdL 已成功抓取全部所需数据。
[2026-04-18 18:09:48] [SUCCESS] bvid=BV1rCSRBLEto 已成功抓取全部所需数据。
[2026-04-18 18:09:53] [SUCCESS] bvid=BV1rCXrBUEKw 已成功抓取全部所需数据。
[2026-04-18 18:09:59] [SUCCESS] bvid=BV1rCXrBUEPB 已成功抓取全部所需数据。
[2026-04-18 18:10:04] [SUCCESS] bvid=BV1rCXuBbEfy 已成功抓取全部所需数据。
[2026-04-18 18:10:09] [SUCCESS] bvid=BV1rD9MBfExc 已成功抓取全部所需数据。
[2026-04-18 18:10:20] [SUCCESS] bvid=BV1rDX1B8EGK 已成功抓取全部所需数据。
[2026-04-18 18:10:26] [SUCCESS] bvid=BV1rDXVB3Eq6 已成功抓取全部所需数据。
[2026-04-18 18:10:38] [SUCCESS] bvid=BV1rDXVBgE6A 已成功抓取全部所需数据。
[2026-04-18 18:10:43] [SUCCESS] bvid=BV1rDXVBgE6d 已成功抓取全部所需数据。
[2026-04-18 18:10:55] [SUCCESS] bvid=BV1rDXVBgEGD 已成功抓取全部所需数据。
[2026-04-18 18:11:00] [SUCCESS] bvid=BV1rDXVBgEJs 已成功抓取全部所需数据。
[2026-04-18 18:11:06] [SUCCESS] bvid=BV1rDXVBgEgx 已成功抓取全部所需数据。
[2026-04-18 18:11:12] [SUCCESS] bvid=BV1rDXVBgEn3 已成功抓取全部所需数据。
[2026-04-18 18:11:17] [SUCCESS] bvid=BV1rDXVBgEq4 已成功抓取全部所需数据。
[2026-04-18 18:11:29] [SUCCESS] bvid=BV1rDXmBMEdC 已成功抓取全部所需数据。
[2026-04-18 18:11:34] [SUCCESS] bvid=BV1rEXMBoE2C 已成功抓取全部所需数据。
[2026-04-18 18:11:40] [SUCCESS] bvid=BV1rEXMBoE6y 已成功抓取全部所需数据。
[2026-04-18 18:11:51] [SUCCESS] bvid=BV1rEXMBoECv 已成功抓取全部所需数据。
[2026-04-18 18:11:57] [SUCCESS] bvid=BV1rEXMBoEkC 已成功抓取全部所需数据。
[2026-04-18 18:12:02] [SUCCESS] bvid=BV1rF9wBzEA9 已成功抓取全部所需数据。
[2026-04-18 18:12:07] [SUCCESS] bvid=BV1rFDKB5E4U 已成功抓取全部所需数据。
[2026-04-18 18:12:12] [SUCCESS] bvid=BV1rFDKB5ENM 已成功抓取全部所需数据。
[2026-04-18 18:12:18] [SUCCESS] bvid=BV1rFDKB5EjB 已成功抓取全部所需数据。
[2026-04-18 18:12:20] [ERROR] bvid=BV1rFDLBKENR 抓取失败：media: 接口返回错误代码：62002，信息：稿件不可见。
{'code': 62002, 'message': '稿件不可见', 'ttl': 1}
[2026-04-18 18:12:32] [SUCCESS] bvid=BV1rFDLBKExJ 已成功抓取全部所需数据。
[2026-04-18 18:12:51] [SUCCESS] bvid=BV1rFXXBmEfa 已成功抓取全部所需数据。
[2026-04-18 18:12:56] [SUCCESS] bvid=BV1rG9JBsEeN 已成功抓取全部所需数据。
[2026-04-18 18:13:09] [SUCCESS] bvid=BV1rGD2BtE2K 已成功抓取全部所需数据。
[2026-04-18 18:13:14] [SUCCESS] bvid=BV1rGDWBFEas 已成功抓取全部所需数据。
[2026-04-18 18:13:26] [SUCCESS] bvid=BV1rGSSBwEvV 已成功抓取全部所需数据。
[2026-04-18 18:13:32] [SUCCESS] bvid=BV1rGX4BCE1g 已成功抓取全部所需数据。
[2026-04-18 18:13:38] [SUCCESS] bvid=BV1rGX4BCE2y 已成功抓取全部所需数据。
[2026-04-18 18:14:52] [SUCCESS] bvid=BV1rGX4BCEft 已成功抓取全部所需数据。
[2026-04-18 18:14:57] [SUCCESS] bvid=BV1rGX4BCEo8 已成功抓取全部所需数据。
[2026-04-18 18:15:10] [SUCCESS] bvid=BV1rGX4BCEtz 已成功抓取全部所需数据。
[2026-04-18 18:15:12] [ERROR] bvid=BV1rGXPBLE6E 抓取失败：media: 接口返回错误代码：62002，信息：稿件不可见。
{'code': 62002, 'message': '稿件不可见', 'ttl': 1}
[2026-04-18 18:15:18] [SUCCESS] bvid=BV1rGXPBLEBz 已成功抓取全部所需数据。
[2026-04-18 18:15:22] [SUCCESS] bvid=BV1rHDEBmE4z 已成功抓取全部所需数据。
[2026-04-18 18:15:34] [SUCCESS] bvid=BV1rHDEBmEfU 已成功抓取全部所需数据。
[2026-04-18 18:24:53] [SUCCESS] bvid=BV1rHQwBqEfn 已成功抓取全部所需数据。
[2026-04-18 18:24:59] [SUCCESS] bvid=BV1rHXkBXEf5 已成功抓取全部所需数据。
[2026-04-18 18:25:11] [SUCCESS] bvid=BV1rJDDBuELc 已成功抓取全部所需数据。
[2026-04-18 18:25:16] [SUCCESS] bvid=BV1rJDNBkEPm 已成功抓取全部所需数据。
[2026-04-18 18:25:28] [SUCCESS] bvid=BV1rJDjB3EFX 已成功抓取全部所需数据。
[2026-04-18 18:25:33] [SUCCESS] bvid=BV1rJDjB3Ecb 已成功抓取全部所需数据。
[2026-04-18 18:25:38] [SUCCESS] bvid=BV1rJQFBcEqN 已成功抓取全部所需数据。
[2026-04-18 18:25:43] [SUCCESS] bvid=BV1rJQoB4EvC 已成功抓取全部所需数据。
[2026-04-18 18:25:48] [SUCCESS] bvid=BV1rJXKBEE6r 已成功抓取全部所需数据。
[2026-04-18 18:25:53] [SUCCESS] bvid=BV1rJXKBEENf 已成功抓取全部所需数据。
[2026-04-18 18:25:58] [SUCCESS] bvid=BV1rJXKBEEP2 已成功抓取全部所需数据。
[2026-04-18 18:26:04] [SUCCESS] bvid=BV1rJXKBEEb7 已成功抓取全部所需数据。
[2026-04-18 18:26:09] [SUCCESS] bvid=BV1rJXKBEEhr 已成功抓取全部所需数据。
[2026-04-18 18:26:21] [SUCCESS] bvid=BV1rJXhBsEB6 已成功抓取全部所需数据。
[2026-04-18 18:26:26] [SUCCESS] bvid=BV1rJXhBsEDA 已成功抓取全部所需数据。
[2026-04-18 18:26:31] [SUCCESS] bvid=BV1rJXhBsEfj 已成功抓取全部所需数据。
[2026-04-18 18:26:36] [SUCCESS] bvid=BV1rK97BDErA 已成功抓取全部所需数据。
[2026-04-18 18:26:41] [SUCCESS] bvid=BV1rKD9B1EbK 已成功抓取全部所需数据。
[2026-04-18 18:26:46] [SUCCESS] bvid=BV1rKDgBdEWi 已成功抓取全部所需数据。
[2026-04-18 18:26:52] [SUCCESS] bvid=BV1rKDgBdEsi 已成功抓取全部所需数据。
[2026-04-18 18:27:03] [SUCCESS] bvid=BV1rKXCBXEJE 已成功抓取全部所需数据。
[2026-04-18 18:27:15] [SUCCESS] bvid=BV1rKXoBFEZR 已成功抓取全部所需数据。
[2026-04-18 18:27:17] [ERROR] bvid=BV1rL9cBzE4b 抓取失败：media: 接口返回错误代码：-404，信息：啥都木有。
{'code': -404, 'message': '啥都木有', 'ttl': 1}
[2026-04-18 18:27:23] [SUCCESS] bvid=BV1rL9cBzE8d 已成功抓取全部所需数据。
[2026-04-18 18:27:28] [SUCCESS] bvid=BV1rL9cBzEif 已成功抓取全部所需数据。
[2026-04-18 18:27:33] [SUCCESS] bvid=BV1rL9cBzEt4 已成功抓取全部所需数据。
[2026-04-18 18:27:44] [SUCCESS] bvid=BV1rL9cBzEys 已成功抓取全部所需数据。
[2026-04-18 18:27:55] [SUCCESS] bvid=BV1rLD5BKEnt 已成功抓取全部所需数据。
[2026-04-18 18:28:00] [SUCCESS] bvid=BV1rLX4BrEvv 已成功抓取全部所需数据。
[2026-04-18 18:28:05] [SUCCESS] bvid=BV1rLXBB3EFC 已成功抓取全部所需数据。
[2026-04-18 18:28:10] [SUCCESS] bvid=BV1rLXPBVEWr 已成功抓取全部所需数据。
[2026-04-18 18:28:15] [SUCCESS] bvid=BV1rLXPBVEcK 已成功抓取全部所需数据。
[2026-04-18 18:28:20] [SUCCESS] bvid=BV1rLXPBVEhc 已成功抓取全部所需数据。
[2026-04-18 18:28:26] [SUCCESS] bvid=BV1rMD9B5EVL 已成功抓取全部所需数据。
[2026-04-18 18:28:31] [SUCCESS] bvid=BV1rMDgBsER4 已成功抓取全部所需数据。
[2026-04-18 18:28:36] [SUCCESS] bvid=BV1rMDkByEPM 已成功抓取全部所需数据。
[2026-04-18 18:28:41] [SUCCESS] bvid=BV1rMXoBZEUM 已成功抓取全部所需数据。
[2026-04-18 18:28:47] [SUCCESS] bvid=BV1rND9BjECV 已成功抓取全部所需数据。
[2026-04-18 18:28:52] [SUCCESS] bvid=BV1rNDMBUEvC 已成功抓取全部所需数据。
[2026-04-18 18:28:58] [SUCCESS] bvid=BV1rNDQBBEGH 已成功抓取全部所需数据。
[2026-04-18 18:29:04] [SUCCESS] bvid=BV1rPDMBJEKV 已成功抓取全部所需数据。
[2026-04-18 18:29:09] [SUCCESS] bvid=BV1rPDMBJERi 已成功抓取全部所需数据。
[2026-04-18 18:29:14] [SUCCESS] bvid=BV1rPDQBuEB4 已成功抓取全部所需数据。
[2026-04-18 18:29:20] [SUCCESS] bvid=BV1rPDkB7E3H 已成功抓取全部所需数据。
[2026-04-18 18:29:25] [SUCCESS] bvid=BV1rPDkB7Eg3 已成功抓取全部所需数据。
[2026-04-18 18:29:31] [SUCCESS] bvid=BV1rPQxBTE5W 已成功抓取全部所需数据。
[2026-04-18 18:29:37] [SUCCESS] bvid=BV1rQDWBYEo2 已成功抓取全部所需数据。
[2026-04-18 18:29:42] [SUCCESS] bvid=BV1rQDYBWEGo 已成功抓取全部所需数据。
[2026-04-18 18:29:53] [SUCCESS] bvid=BV1rQDYBWEWF 已成功抓取全部所需数据。
[2026-04-18 18:29:58] [SUCCESS] bvid=BV1rQDYBWEyC 已成功抓取全部所需数据。
[2026-04-18 18:29:58] [WARN] 当前子任务已结束，但仍有未成功抓取的视频，已导出 remaining CSV 供继续执行。
[2026-04-18 18:29:58] [INFO] 已导出剔除成功条目后的剩余 CSV：outputs\video_data\manual_crawls\manual_crawl_media_mode_A_20260418_000648\remaining_bvids_part_88.csv
[2026-04-18 18:29:58] 子任务结束时间：2026-04-18T18:29:58.856022
[TIMESTAMP][END] 2026-04-18T18:29:58
