[TIMESTAMP][BEGIN] 2026-04-18T06:21:03
[2026-04-18 06:21:06] 开始执行 CSV 批量抓取子任务 part_34。
[2026-04-18 06:21:06] 子任务开始时间：2026-04-18T06:21:03.982587
[2026-04-18 06:21:06] 输入文件：batch_input_33.csv
[2026-04-18 06:21:06] 输入唯一 bvid 数量：100
[2026-04-18 06:21:12] [SUCCESS] bvid=BV1dyDVB4Emu 已成功抓取全部所需数据。
[2026-04-18 06:21:18] [SUCCESS] bvid=BV1dyDpBEE8S 已成功抓取全部所需数据。
[2026-04-18 06:21:22] [SUCCESS] bvid=BV1dyQhB5ECe 已成功抓取全部所需数据。
[2026-04-18 06:21:28] [SUCCESS] bvid=BV1dyXqBaEE5 已成功抓取全部所需数据。
[2026-04-18 06:21:34] [SUCCESS] bvid=BV1dzDCBGEZM 已成功抓取全部所需数据。
[2026-04-18 06:21:46] [SUCCESS] bvid=BV1dzDCBGEge 已成功抓取全部所需数据。
[2026-04-18 06:21:51] [SUCCESS] bvid=BV1dzDCBGEoH 已成功抓取全部所需数据。
[2026-04-18 06:21:56] [SUCCESS] bvid=BV1dzQ4BwE9b 已成功抓取全部所需数据。
[2026-04-18 06:22:01] [SUCCESS] bvid=BV1dzQ4BwELV 已成功抓取全部所需数据。
[2026-04-18 06:22:07] [SUCCESS] bvid=BV1dzXGBfEBG 已成功抓取全部所需数据。
[2026-04-18 06:22:13] [SUCCESS] bvid=BV1dzXGBfENw 已成功抓取全部所需数据。
[2026-04-18 06:22:23] [SUCCESS] bvid=BV1dzXdBmE4Y 已成功抓取全部所需数据。
[2026-04-18 06:22:28] [SUCCESS] bvid=BV1dzXdBmE6e 已成功抓取全部所需数据。
[2026-04-18 06:22:33] [SUCCESS] bvid=BV1dzwLzZEC6 已成功抓取全部所需数据。
[2026-04-18 06:22:38] [SUCCESS] bvid=BV1dzwLzZED6 已成功抓取全部所需数据。
[2026-04-18 06:22:43] [SUCCESS] bvid=BV1dzwLzZEDJ 已成功抓取全部所需数据。
[2026-04-18 06:22:48] [SUCCESS] bvid=BV1dzwLzZEMu 已成功抓取全部所需数据。
[2026-04-18 06:22:54] [SUCCESS] bvid=BV1dzwLzZEQb 已成功抓取全部所需数据。
[2026-04-18 06:22:59] [SUCCESS] bvid=BV1dzwLzZEaY 已成功抓取全部所需数据。
[2026-04-18 06:23:05] [SUCCESS] bvid=BV1dzwLzZEap 已成功抓取全部所需数据。
[2026-04-18 06:23:10] [SUCCESS] bvid=BV1dzwLzZEev 已成功抓取全部所需数据。
[2026-04-18 06:23:15] [SUCCESS] bvid=BV1dzwLzZEfW 已成功抓取全部所需数据。
[2026-04-18 06:23:19] [SUCCESS] bvid=BV1dzwLzZEgL 已成功抓取全部所需数据。
[2026-04-18 06:23:24] [SUCCESS] bvid=BV1dzwLzZEuV 已成功抓取全部所需数据。
[2026-04-18 06:23:36] [SUCCESS] bvid=BV1dzwLzZEvJ 已成功抓取全部所需数据。
[2026-04-18 06:23:41] [SUCCESS] bvid=BV1e19TBVE3s 已成功抓取全部所需数据。
[2026-04-18 06:23:45] [SUCCESS] bvid=BV1e19TBVE8n 已成功抓取全部所需数据。
[2026-04-18 06:23:49] [SUCCESS] bvid=BV1e19TBVEgn 已成功抓取全部所需数据。
[2026-04-18 06:23:54] [SUCCESS] bvid=BV1e19TBVEtj 已成功抓取全部所需数据。
[2026-04-18 06:24:05] [SUCCESS] bvid=BV1e19TBVEwR 已成功抓取全部所需数据。
[2026-04-18 06:24:10] [SUCCESS] bvid=BV1e1DCBuE5H 已成功抓取全部所需数据。
[2026-04-18 06:24:15] [SUCCESS] bvid=BV1e1DaBzEFB 已成功抓取全部所需数据。
[2026-04-18 06:24:20] [SUCCESS] bvid=BV1e1DeB7EoT 已成功抓取全部所需数据。
[2026-04-18 06:24:24] [SUCCESS] bvid=BV1e1SUBSE4F 已成功抓取全部所需数据。
[2026-04-18 06:24:29] [SUCCESS] bvid=BV1e1X5BYE6Z 已成功抓取全部所需数据。
[2026-04-18 06:24:34] [SUCCESS] bvid=BV1e1X5BYEST 已成功抓取全部所需数据。
[2026-04-18 06:24:38] [SUCCESS] bvid=BV1e1X5BYEhy 已成功抓取全部所需数据。
[2026-04-18 06:24:43] [SUCCESS] bvid=BV1e1XGBREcV 已成功抓取全部所需数据。
[2026-04-18 06:24:54] [SUCCESS] bvid=BV1e2QMByEfE 已成功抓取全部所需数据。
[2026-04-18 06:24:58] [SUCCESS] bvid=BV1e2XvBpE8f 已成功抓取全部所需数据。
[2026-04-18 06:25:09] [SUCCESS] bvid=BV1e39FBWELg 已成功抓取全部所需数据。
[2026-04-18 06:25:14] [SUCCESS] bvid=BV1e39sB8EZh 已成功抓取全部所需数据。
[2026-04-18 06:25:20] [SUCCESS] bvid=BV1e3DLBZEFr 已成功抓取全部所需数据。
[2026-04-18 06:25:25] [SUCCESS] bvid=BV1e3DLBZEL9 已成功抓取全部所需数据。
[2026-04-18 06:25:30] [SUCCESS] bvid=BV1e3DiBEETK 已成功抓取全部所需数据。
[2026-04-18 06:25:35] [SUCCESS] bvid=BV1e3QYB1Ekx 已成功抓取全部所需数据。
[2026-04-18 06:25:40] [SUCCESS] bvid=BV1e3QgBjEwh 已成功抓取全部所需数据。
[2026-04-18 06:25:51] [SUCCESS] bvid=BV1e3XjBeEHd 已成功抓取全部所需数据。
[2026-04-18 06:25:56] [SUCCESS] bvid=BV1e3XjBeELa 已成功抓取全部所需数据。
[2026-04-18 06:26:01] [SUCCESS] bvid=BV1e3XjBvEoR 已成功抓取全部所需数据。
[2026-04-18 06:26:12] [SUCCESS] bvid=BV1e4DWBSEFx 已成功抓取全部所需数据。
[2026-04-18 06:26:17] [SUCCESS] bvid=BV1e4DWBSEL7 已成功抓取全部所需数据。
[2026-04-18 06:26:22] [SUCCESS] bvid=BV1e4DWBSENx 已成功抓取全部所需数据。
[2026-04-18 06:26:26] [SUCCESS] bvid=BV1e4DWBSExY 已成功抓取全部所需数据。
[2026-04-18 06:26:31] [SUCCESS] bvid=BV1e4DZBmE22 已成功抓取全部所需数据。
[2026-04-18 06:26:36] [SUCCESS] bvid=BV1e4QEBMEfj 已成功抓取全部所需数据。
[2026-04-18 06:26:48] [SUCCESS] bvid=BV1e4XVBoE3U 已成功抓取全部所需数据。
[2026-04-18 06:26:52] [SUCCESS] bvid=BV1e4XVBoEMA 已成功抓取全部所需数据。
[2026-04-18 06:26:58] [SUCCESS] bvid=BV1e4XVBoEPC 已成功抓取全部所需数据。
[2026-04-18 06:27:03] [SUCCESS] bvid=BV1e4XVBoEUT 已成功抓取全部所需数据。
[2026-04-18 06:27:08] [SUCCESS] bvid=BV1e4XVBoEWv 已成功抓取全部所需数据。
[2026-04-18 06:27:13] [SUCCESS] bvid=BV1e4XVBoEb2 已成功抓取全部所需数据。
[2026-04-18 06:27:18] [SUCCESS] bvid=BV1e4XVBoEik 已成功抓取全部所需数据。
[2026-04-18 06:27:23] [SUCCESS] bvid=BV1e4XVBoEng 已成功抓取全部所需数据。
[2026-04-18 06:27:34] [SUCCESS] bvid=BV1e4XVBoEny 已成功抓取全部所需数据。
[2026-04-18 06:27:36] [ERROR] bvid=BV1e4XmBREgz 抓取失败：media: 接口返回错误代码：62002，信息：稿件不可见。
{'code': 62002, 'message': '稿件不可见', 'ttl': 1}
[2026-04-18 06:27:42] [SUCCESS] bvid=BV1e59sBtECC 已成功抓取全部所需数据。
[2026-04-18 06:27:47] [SUCCESS] bvid=BV1e59sBtEQW 已成功抓取全部所需数据。
[2026-04-18 06:27:51] [SUCCESS] bvid=BV1e5DQBaEXc 已成功抓取全部所需数据。
[2026-04-18 06:28:04] [SUCCESS] bvid=BV1e5XDB8Ecy 已成功抓取全部所需数据。
[2026-04-18 06:28:08] [SUCCESS] bvid=BV1e5XDB8EnS 已成功抓取全部所需数据。
[2026-04-18 06:28:20] [SUCCESS] bvid=BV1e5XXBMEBy 已成功抓取全部所需数据。
[2026-04-18 06:28:25] [SUCCESS] bvid=BV1e69jBBEBR 已成功抓取全部所需数据。
[2026-04-18 06:28:30] [SUCCESS] bvid=BV1e6DnBVEXR 已成功抓取全部所需数据。
[2026-04-18 06:28:41] [SUCCESS] bvid=BV1e6XYBUEHM 已成功抓取全部所需数据。
[2026-04-18 06:28:45] [SUCCESS] bvid=BV1e6XYBUEdM 已成功抓取全部所需数据。
[2026-04-18 06:28:50] [SUCCESS] bvid=BV1e6XYBUEu2 已成功抓取全部所需数据。
[2026-04-18 06:29:01] [SUCCESS] bvid=BV1e7DQB8Edn 已成功抓取全部所需数据。
[2026-04-18 06:29:13] [SUCCESS] bvid=BV1e7QcBHEL2 已成功抓取全部所需数据。
[2026-04-18 06:29:18] [SUCCESS] bvid=BV1e7XaB1EAW 已成功抓取全部所需数据。
[2026-04-18 06:29:22] [SUCCESS] bvid=BV1e7XrBqEGf 已成功抓取全部所需数据。
[2026-04-18 06:29:27] [SUCCESS] bvid=BV1e89cBFEzj 已成功抓取全部所需数据。
[2026-04-18 06:29:32] [SUCCESS] bvid=BV1e8XKBrEa7 已成功抓取全部所需数据。
[2026-04-18 06:29:37] [SUCCESS] bvid=BV1e8XSBhEuZ 已成功抓取全部所需数据。
[2026-04-18 06:29:56] [SUCCESS] bvid=BV1e8XfBHEuA 已成功抓取全部所需数据。
[2026-04-18 06:30:01] [SUCCESS] bvid=BV1e99VBwErY 已成功抓取全部所需数据。
[2026-04-18 06:30:09] [SUCCESS] bvid=BV1e9D4BZEoY 已成功抓取全部所需数据。
[2026-04-18 06:30:14] [SUCCESS] bvid=BV1e9DKBME9i 已成功抓取全部所需数据。
[2026-04-18 06:30:25] [SUCCESS] bvid=BV1e9DLBFEFk 已成功抓取全部所需数据。
[2026-04-18 06:30:30] [SUCCESS] bvid=BV1e9DPB8E2o 已成功抓取全部所需数据。
[2026-04-18 06:30:35] [SUCCESS] bvid=BV1e9QcBdE22 已成功抓取全部所需数据。
[2026-04-18 06:30:39] [SUCCESS] bvid=BV1e9QcBdEia 已成功抓取全部所需数据。
[2026-04-18 06:30:51] [SUCCESS] bvid=BV1e9QcBdEko 已成功抓取全部所需数据。
[2026-04-18 06:30:56] [SUCCESS] bvid=BV1e9QcBdEmF 已成功抓取全部所需数据。
[2026-04-18 06:31:07] [SUCCESS] bvid=BV1e9QcBdEr8 已成功抓取全部所需数据。
[2026-04-18 06:31:12] [SUCCESS] bvid=BV1e9XNBKEAS 已成功抓取全部所需数据。
[2026-04-18 06:31:17] [SUCCESS] bvid=BV1e9XNBKEAw 已成功抓取全部所需数据。
[2026-04-18 06:31:22] [SUCCESS] bvid=BV1eA9EBrEE9 已成功抓取全部所需数据。
[2026-04-18 06:31:33] [SUCCESS] bvid=BV1eAAGzSEzA 已成功抓取全部所需数据。
[2026-04-18 06:31:38] [SUCCESS] bvid=BV1eAQKBKEAP 已成功抓取全部所需数据。
[2026-04-18 06:31:38] [WARN] 当前子任务已结束，但仍有未成功抓取的视频，已导出 remaining CSV 供继续执行。
[2026-04-18 06:31:38] [INFO] 已导出剔除成功条目后的剩余 CSV：outputs\video_data\manual_crawls\manual_crawl_media_mode_A_20260418_000648\remaining_bvids_part_34.csv
[2026-04-18 06:31:38] 子任务结束时间：2026-04-18T06:31:38.416273
[TIMESTAMP][END] 2026-04-18T06:31:38
