[TIMESTAMP][BEGIN] 2026-04-18T07:39:35
[2026-04-18 07:39:37] 开始执行 CSV 批量抓取子任务 part_41。
[2026-04-18 07:39:37] 子任务开始时间：2026-04-18T07:39:35.660212
[2026-04-18 07:39:37] 输入文件：batch_input_40.csv
[2026-04-18 07:39:37] 输入唯一 bvid 数量：100
[2026-04-18 07:39:42] [SUCCESS] bvid=BV1fX97BEESx 已成功抓取全部所需数据。
[2026-04-18 07:39:53] [SUCCESS] bvid=BV1fX9MB4E6V 已成功抓取全部所需数据。
[2026-04-18 07:39:59] [SUCCESS] bvid=BV1fX9MB4EBE 已成功抓取全部所需数据。
[2026-04-18 07:40:01] [ERROR] bvid=BV1fX9MB4EBJ 抓取失败：media: 接口返回错误代码：-404，信息：啥都木有。
{'code': -404, 'message': '啥都木有', 'ttl': 1}
[2026-04-18 07:40:05] [ERROR] bvid=BV1fXAFzoEyH 抓取失败：media: No downloadable media stream found for this bvid.
[2026-04-18 07:40:10] [SUCCESS] bvid=BV1fXXCBnEGP 已成功抓取全部所需数据。
[2026-04-18 07:40:14] [SUCCESS] bvid=BV1fXXCBnEY5 已成功抓取全部所需数据。
[2026-04-18 07:40:26] [SUCCESS] bvid=BV1fXXeBbEu7 已成功抓取全部所需数据。
[2026-04-18 07:40:38] [SUCCESS] bvid=BV1fYQ4BKE9G 已成功抓取全部所需数据。
[2026-04-18 07:40:43] [SUCCESS] bvid=BV1fYQ7B5Efz 已成功抓取全部所需数据。
[2026-04-18 07:40:54] [SUCCESS] bvid=BV1fZDWBtEix 已成功抓取全部所需数据。
[2026-04-18 07:40:59] [SUCCESS] bvid=BV1fZSSB8E28 已成功抓取全部所需数据。
[2026-04-18 07:41:11] [SUCCESS] bvid=BV1fZXLBVE1X 已成功抓取全部所需数据。
[2026-04-18 07:41:16] [SUCCESS] bvid=BV1fZXPBCEKH 已成功抓取全部所需数据。
[2026-04-18 07:41:21] [SUCCESS] bvid=BV1fZXPBCEQ8 已成功抓取全部所需数据。
[2026-04-18 07:41:33] [SUCCESS] bvid=BV1fZXPBCEjD 已成功抓取全部所需数据。
[2026-04-18 07:41:36] [ERROR] bvid=BV1fZXPBCEqa 抓取失败：media: No downloadable media stream found for this bvid.
[2026-04-18 07:41:38] [ERROR] bvid=BV1fZXVBvEKK 抓取失败：media: 接口返回错误代码：62002，信息：稿件不可见。
{'code': 62002, 'message': '稿件不可见', 'ttl': 1}
[2026-04-18 07:41:50] [SUCCESS] bvid=BV1fZXVBvEUW 已成功抓取全部所需数据。
[2026-04-18 07:41:55] [SUCCESS] bvid=BV1faDRB2ECG 已成功抓取全部所需数据。
[2026-04-18 07:42:06] [SUCCESS] bvid=BV1faDRB2EfG 已成功抓取全部所需数据。
[2026-04-18 07:42:17] [SUCCESS] bvid=BV1faDrBuEKZ 已成功抓取全部所需数据。
[2026-04-18 07:42:22] [SUCCESS] bvid=BV1faDrBuEcg 已成功抓取全部所需数据。
[2026-04-18 07:42:33] [SUCCESS] bvid=BV1faXWBAEos 已成功抓取全部所需数据。
[2026-04-18 07:42:38] [SUCCESS] bvid=BV1fb9NBjEiz 已成功抓取全部所需数据。
[2026-04-18 07:42:51] [SUCCESS] bvid=BV1fb9NBjEkr 已成功抓取全部所需数据。
[2026-04-18 07:42:56] [SUCCESS] bvid=BV1fbDTBVESh 已成功抓取全部所需数据。
[2026-04-18 07:43:02] [SUCCESS] bvid=BV1fbQPB6E7f 已成功抓取全部所需数据。
[2026-04-18 07:43:09] [SUCCESS] bvid=BV1fbQsBcEfQ 已成功抓取全部所需数据。
[2026-04-18 07:43:13] [SUCCESS] bvid=BV1fbX9B2EUU 已成功抓取全部所需数据。
[2026-04-18 07:43:20] [SUCCESS] bvid=BV1fbXhBEEBw 已成功抓取全部所需数据。
[2026-04-18 07:43:25] [SUCCESS] bvid=BV1fc93BfEwN 已成功抓取全部所需数据。
[2026-04-18 07:43:30] [SUCCESS] bvid=BV1fcD4BPEZk 已成功抓取全部所需数据。
[2026-04-18 07:43:36] [SUCCESS] bvid=BV1fcDfBWETH 已成功抓取全部所需数据。
[2026-04-18 07:43:41] [SUCCESS] bvid=BV1fcDsB4E4z 已成功抓取全部所需数据。
[2026-04-18 07:43:46] [SUCCESS] bvid=BV1fcDsBxEwA 已成功抓取全部所需数据。
[2026-04-18 07:43:57] [SUCCESS] bvid=BV1fcSXBKEMX 已成功抓取全部所需数据。
[2026-04-18 07:44:03] [SUCCESS] bvid=BV1fcXDBuEQb 已成功抓取全部所需数据。
[2026-04-18 07:44:08] [SUCCESS] bvid=BV1fcXDBuEXc 已成功抓取全部所需数据。
[2026-04-18 07:44:13] [SUCCESS] bvid=BV1fcXNBrE8S 已成功抓取全部所需数据。
[2026-04-18 07:44:18] [SUCCESS] bvid=BV1fcXNBrEBH 已成功抓取全部所需数据。
[2026-04-18 07:44:30] [SUCCESS] bvid=BV1fcXNBrErz 已成功抓取全部所需数据。
[2026-04-18 07:44:35] [SUCCESS] bvid=BV1fcXTBJE2f 已成功抓取全部所需数据。
[2026-04-18 07:44:47] [SUCCESS] bvid=BV1fcXTBJEBQ 已成功抓取全部所需数据。
[2026-04-18 07:44:53] [SUCCESS] bvid=BV1fcXTBJEUZ 已成功抓取全部所需数据。
[2026-04-18 07:45:04] [SUCCESS] bvid=BV1fcXTBJEZn 已成功抓取全部所需数据。
[2026-04-18 07:45:09] [SUCCESS] bvid=BV1fd9MBsE1m 已成功抓取全部所需数据。
[2026-04-18 07:45:14] [SUCCESS] bvid=BV1fd9MBsEAU 已成功抓取全部所需数据。
[2026-04-18 07:45:19] [SUCCESS] bvid=BV1fd9MBsEMd 已成功抓取全部所需数据。
[2026-04-18 07:45:24] [SUCCESS] bvid=BV1fd9MBsEu9 已成功抓取全部所需数据。
[2026-04-18 07:45:29] [SUCCESS] bvid=BV1fdDWBfEHb 已成功抓取全部所需数据。
[2026-04-18 07:45:35] [SUCCESS] bvid=BV1fdSfBXEM8 已成功抓取全部所需数据。
[2026-04-18 07:45:40] [SUCCESS] bvid=BV1feD3BxEap 已成功抓取全部所需数据。
[2026-04-18 07:45:44] [SUCCESS] bvid=BV1feDuBmEAW 已成功抓取全部所需数据。
[2026-04-18 07:45:55] [SUCCESS] bvid=BV1feXGBAE4w 已成功抓取全部所需数据。
[2026-04-18 07:46:00] [SUCCESS] bvid=BV1feXZBfEPf 已成功抓取全部所需数据。
[2026-04-18 07:46:03] [ERROR] bvid=BV1feXZBfEfd 抓取失败：media: 接口返回错误代码：-404，信息：啥都木有。
{'code': -404, 'message': '啥都木有', 'ttl': 1}
[2026-04-18 07:46:08] [SUCCESS] bvid=BV1ff9gBcEBx 已成功抓取全部所需数据。
[2026-04-18 07:46:13] [SUCCESS] bvid=BV1ff9gBcEzU 已成功抓取全部所需数据。
[2026-04-18 07:46:27] [SUCCESS] bvid=BV1ffDWBoEXa 已成功抓取全部所需数据。
[2026-04-18 07:46:32] [SUCCESS] bvid=BV1ffDWBoEXj 已成功抓取全部所需数据。
[2026-04-18 07:46:46] [SUCCESS] bvid=BV1ffDWBoEZi 已成功抓取全部所需数据。
[2026-04-18 07:46:58] [SUCCESS] bvid=BV1ffDcBbE4z 已成功抓取全部所需数据。
[2026-04-18 07:47:03] [SUCCESS] bvid=BV1ffPkz2EPE 已成功抓取全部所需数据。
[2026-04-18 07:47:15] [SUCCESS] bvid=BV1ffPkz2Efy 已成功抓取全部所需数据。
[2026-04-18 07:47:20] [SUCCESS] bvid=BV1ffPkz2EjB 已成功抓取全部所需数据。
[2026-04-18 07:47:25] [SUCCESS] bvid=BV1ffXLBkEUW 已成功抓取全部所需数据。
[2026-04-18 07:47:37] [SUCCESS] bvid=BV1ffXSB6EXh 已成功抓取全部所需数据。
[2026-04-18 07:47:42] [SUCCESS] bvid=BV1ffXfB8E48 已成功抓取全部所需数据。
[2026-04-18 07:47:47] [SUCCESS] bvid=BV1fg9LBuEuv 已成功抓取全部所需数据。
[2026-04-18 07:47:52] [SUCCESS] bvid=BV1fgDhBCEAp 已成功抓取全部所需数据。
[2026-04-18 07:47:55] [ERROR] bvid=BV1fgDhBCEdy 抓取失败：media: 接口返回错误代码：62002，信息：稿件不可见。
{'code': 62002, 'message': '稿件不可见', 'ttl': 1}
[2026-04-18 07:48:00] [SUCCESS] bvid=BV1fgDhBCEfS 已成功抓取全部所需数据。
[2026-04-18 07:48:05] [SUCCESS] bvid=BV1fgDkBVEsu 已成功抓取全部所需数据。
[2026-04-18 07:48:10] [SUCCESS] bvid=BV1fgQNBrEr5 已成功抓取全部所需数据。
[2026-04-18 07:48:15] [SUCCESS] bvid=BV1fgSoB1E5E 已成功抓取全部所需数据。
[2026-04-18 07:48:20] [SUCCESS] bvid=BV1fgSoB1Eaz 已成功抓取全部所需数据。
[2026-04-18 07:48:26] [SUCCESS] bvid=BV1fgX3BfE5Z 已成功抓取全部所需数据。
[2026-04-18 07:48:31] [SUCCESS] bvid=BV1fgXaBnEdf 已成功抓取全部所需数据。
[2026-04-18 07:48:35] [SUCCESS] bvid=BV1fhAJzCEVQ 已成功抓取全部所需数据。
[2026-04-18 07:48:41] [SUCCESS] bvid=BV1fhX9BLEcX 已成功抓取全部所需数据。
[2026-04-18 07:48:46] [SUCCESS] bvid=BV1fiDCB5ETR 已成功抓取全部所需数据。
[2026-04-18 07:48:51] [SUCCESS] bvid=BV1fiDCB5Eu3 已成功抓取全部所需数据。
[2026-04-18 07:48:56] [SUCCESS] bvid=BV1fiQ7BGE5T 已成功抓取全部所需数据。
[2026-04-18 07:49:01] [SUCCESS] bvid=BV1fiSUBdEtM 已成功抓取全部所需数据。
[2026-04-18 07:49:06] [SUCCESS] bvid=BV1fiXWB8ELm 已成功抓取全部所需数据。
[2026-04-18 07:49:11] [SUCCESS] bvid=BV1fiXZBbEjX 已成功抓取全部所需数据。
[2026-04-18 07:49:16] [SUCCESS] bvid=BV1fj9JBDExo 已成功抓取全部所需数据。
[2026-04-18 07:49:21] [SUCCESS] bvid=BV1fjQTBLEDm 已成功抓取全部所需数据。
[2026-04-18 07:49:26] [SUCCESS] bvid=BV1fjQTBLEef 已成功抓取全部所需数据。
[2026-04-18 07:49:31] [SUCCESS] bvid=BV1fjXLB3EDC 已成功抓取全部所需数据。
[2026-04-18 07:49:35] [SUCCESS] bvid=BV1fjXLB3Erf 已成功抓取全部所需数据。
[2026-04-18 07:49:40] [SUCCESS] bvid=BV1fjXVBYE6S 已成功抓取全部所需数据。
[2026-04-18 07:49:44] [SUCCESS] bvid=BV1fjXVBYEao 已成功抓取全部所需数据。
[2026-04-18 07:49:49] [SUCCESS] bvid=BV1fjXVBYEr1 已成功抓取全部所需数据。
[2026-04-18 07:49:55] [SUCCESS] bvid=BV1fjXVBYEu7 已成功抓取全部所需数据。
[2026-04-18 07:49:59] [SUCCESS] bvid=BV1fjXVBYEzM 已成功抓取全部所需数据。
[2026-04-18 07:50:04] [SUCCESS] bvid=BV1fjezzCEpT 已成功抓取全部所需数据。
[2026-04-18 07:50:09] [SUCCESS] bvid=BV1fk9FBwEMM 已成功抓取全部所需数据。
[2026-04-18 07:50:14] [SUCCESS] bvid=BV1fk9FBwEnf 已成功抓取全部所需数据。
[2026-04-18 07:50:14] [WARN] 当前子任务已结束，但仍有未成功抓取的视频，已导出 remaining CSV 供继续执行。
[2026-04-18 07:50:14] [INFO] 已导出剔除成功条目后的剩余 CSV：outputs\video_data\manual_crawls\manual_crawl_media_mode_A_20260418_000648\remaining_bvids_part_41.csv
[2026-04-18 07:50:14] 子任务结束时间：2026-04-18T07:50:14.005998
[TIMESTAMP][END] 2026-04-18T07:50:14
