[TIMESTAMP][BEGIN] 2026-04-18T10:03:10
[2026-04-18 10:03:12] 开始执行 CSV 批量抓取子任务 part_54。
[2026-04-18 10:03:12] 子任务开始时间：2026-04-18T10:03:10.388944
[2026-04-18 10:03:12] 输入文件：remaining_bvids_part_53.csv
[2026-04-18 10:03:12] 输入唯一 bvid 数量：12
[2026-04-18 10:03:24] [SUCCESS] bvid=BV1i8DjBeEMv 已成功抓取全部所需数据。
[2026-04-18 10:03:26] [ERROR] bvid=BV1i9SoBjE5T 抓取失败：media: 接口返回错误代码：-404，信息：啥都木有。
{'code': -404, 'message': '啥都木有', 'ttl': 1}
[2026-04-18 10:03:35] [ERROR] bvid=BV1i9SoBjE6d 抓取失败：media: 接口返回错误代码：-404，信息：啥都木有。
{'code': -404, 'message': '啥都木有', 'ttl': 1}
[2026-04-18 10:03:37] [ERROR] bvid=BV1i9SoBjEff 抓取失败：media: 接口返回错误代码：-404，信息：啥都木有。
{'code': -404, 'message': '啥都木有', 'ttl': 1}
[2026-04-18 10:03:40] [ERROR] bvid=BV1i9SoBjEyf 抓取失败：media: 接口返回错误代码：-404，信息：啥都木有。
{'code': -404, 'message': '啥都木有', 'ttl': 1}
[2026-04-18 10:03:42] [ERROR] bvid=BV1iAAZz7Ep5 抓取失败：media: 接口返回错误代码：-404，信息：啥都木有。
{'code': -404, 'message': '啥都木有', 'ttl': 1}
[2026-04-18 10:03:45] [ERROR] bvid=BV1iBXgBQEjg 抓取失败：media: 接口返回错误代码：62002，信息：稿件不可见。
{'code': 62002, 'message': '稿件不可见', 'ttl': 1}
[2026-04-18 10:03:47] [ERROR] bvid=BV1iJDYBjESf 抓取失败：media: 接口返回错误代码：62002，信息：稿件不可见。
{'code': 62002, 'message': '稿件不可见', 'ttl': 1}
[2026-04-18 10:03:55] [ERROR] bvid=BV1iMDPBcE27 抓取失败：media: 接口返回错误代码：62002，信息：稿件不可见。
{'code': 62002, 'message': '稿件不可见', 'ttl': 1}
[2026-04-18 10:04:04] [ERROR] bvid=BV1iMXTB1EaK 抓取失败：media: No downloadable media stream found for this bvid.
[2026-04-18 10:04:06] [ERROR] bvid=BV1iNDPBAEZr 抓取失败：media: 接口返回错误代码：62002，信息：稿件不可见。
{'code': 62002, 'message': '稿件不可见', 'ttl': 1}
[2026-04-18 10:04:06] [STOP] 检测到连续 10 条视频抓取失败，已按阈值 10 暂停当前 CSV 批量抓取流程。
[2026-04-18 10:04:06] [INFO] 已导出剔除成功条目后的剩余 CSV：outputs\video_data\manual_crawls\manual_crawl_media_mode_A_20260418_000648\remaining_bvids_part_54.csv
[2026-04-18 10:04:06] 子任务结束时间：2026-04-18T10:04:06.727945
[TIMESTAMP][END] 2026-04-18T10:04:06
