[TIMESTAMP][BEGIN] 2026-04-18T00:48:20
[2026-04-18 00:48:22] 开始执行 CSV 批量抓取子任务 part_5。
[2026-04-18 00:48:22] 子任务开始时间：2026-04-18T00:48:20.655376
[2026-04-18 00:48:22] 输入文件：batch_input_5.csv
[2026-04-18 00:48:22] 输入唯一 bvid 数量：100
[2026-04-18 00:48:28] [SUCCESS] bvid=BV1ERQjB3Eip 已成功抓取全部所需数据。
[2026-04-18 00:48:38] [SUCCESS] bvid=BV1ESQvBtEqr 已成功抓取全部所需数据。
[2026-04-18 00:48:41] [ERROR] bvid=BV1ET9LBGEmR 抓取失败：media: 接口返回错误代码：-404，信息：啥都木有。
{'code': -404, 'message': '啥都木有', 'ttl': 1}
[2026-04-18 00:48:44] [ERROR] bvid=BV1EX9KBSEX7 抓取失败：media: 接口返回错误代码：62012，信息：62012。
{'code': 62012, 'message': '62012', 'ttl': 1}
[2026-04-18 00:48:49] [SUCCESS] bvid=BV1EXQjBkEQa 已成功抓取全部所需数据。
[2026-04-18 00:48:55] [SUCCESS] bvid=BV1EdQjB6Epi 已成功抓取全部所需数据。
[2026-04-18 00:48:58] [ERROR] bvid=BV1EhXyBsEsS 抓取失败：media: 接口返回错误代码：62002，信息：稿件不可见。
{'code': 62002, 'message': '稿件不可见', 'ttl': 1}
[2026-04-18 00:49:03] [SUCCESS] bvid=BV1EjDdB2E27 已成功抓取全部所需数据。
[2026-04-18 00:49:08] [SUCCESS] bvid=BV1EmQ5BMEdD 已成功抓取全部所需数据。
[2026-04-18 00:49:13] [SUCCESS] bvid=BV1EmQ5BMEdK 已成功抓取全部所需数据。
[2026-04-18 00:49:25] [SUCCESS] bvid=BV1EoQEBmEty 已成功抓取全部所需数据。
[2026-04-18 00:49:28] [ERROR] bvid=BV1EqQMBDEF2 抓取失败：media: 接口返回错误代码：62002，信息：稿件不可见。
{'code': 62002, 'message': '稿件不可见', 'ttl': 1}
[2026-04-18 00:49:33] [SUCCESS] bvid=BV1ErQgBdEzH 已成功抓取全部所需数据。
[2026-04-18 00:49:39] [SUCCESS] bvid=BV1EtQiBhEam 已成功抓取全部所需数据。
[2026-04-18 00:49:47] [SUCCESS] bvid=BV1EvQLBKE3h 已成功抓取全部所需数据。
[2026-04-18 00:49:52] [SUCCESS] bvid=BV1EyQGBaEdK 已成功抓取全部所需数据。
[2026-04-18 00:49:58] [SUCCESS] bvid=BV1EzQMBJEUP 已成功抓取全部所需数据。
[2026-04-18 00:50:00] [ERROR] bvid=BV1EzXUBvEAc 抓取失败：media: No downloadable media stream found for this bvid.
[2026-04-18 00:50:03] [ERROR] bvid=BV1EzXUBvEjc 抓取失败：media: 接口返回错误代码：62002，信息：稿件不可见。
{'code': 62002, 'message': '稿件不可见', 'ttl': 1}
[2026-04-18 00:50:09] [SUCCESS] bvid=BV1F3QjBrEY2 已成功抓取全部所需数据。
[2026-04-18 00:50:12] [ERROR] bvid=BV1FAXuBoE1J 抓取失败：media: No downloadable media stream found for this bvid.
[2026-04-18 00:50:18] [SUCCESS] bvid=BV1FFQgBRE4z 已成功抓取全部所需数据。
[2026-04-18 00:50:24] [SUCCESS] bvid=BV1FLQEB2EH6 已成功抓取全部所需数据。
[2026-04-18 00:50:26] [ERROR] bvid=BV1FLQuBRE19 抓取失败：media: 接口返回错误代码：62002，信息：稿件不可见。
{'code': 62002, 'message': '稿件不可见', 'ttl': 1}
[2026-04-18 00:50:29] [ERROR] bvid=BV1FLXVBNEha 抓取失败：media: 接口返回错误代码：62012，信息：62012。
{'code': 62012, 'message': '62012', 'ttl': 1}
[2026-04-18 00:50:32] [ERROR] bvid=BV1FQ9KBnEKR 抓取失败：media: 接口返回错误代码：62002，信息：稿件不可见。
{'code': 62002, 'message': '稿件不可见', 'ttl': 1}
[2026-04-18 00:50:37] [SUCCESS] bvid=BV1FSDJBEEXq 已成功抓取全部所需数据。
[2026-04-18 00:50:39] [ERROR] bvid=BV1FT9LBGEVy 抓取失败：media: 接口返回错误代码：62012，信息：62012。
{'code': 62012, 'message': '62012', 'ttl': 1}
[2026-04-18 00:50:45] [SUCCESS] bvid=BV1FVQjBgEGE 已成功抓取全部所需数据。
[2026-04-18 00:50:47] [ERROR] bvid=BV1FYXWBYES2 抓取失败：media: 接口返回错误代码：62012，信息：62012。
{'code': 62012, 'message': '62012', 'ttl': 1}
[2026-04-18 00:50:52] [SUCCESS] bvid=BV1FcQvBcESV 已成功抓取全部所需数据。
[2026-04-18 00:51:07] [SUCCESS] bvid=BV1FfQuBxECi 已成功抓取全部所需数据。
[2026-04-18 00:51:11] [SUCCESS] bvid=BV1FhQ7B2EfZ 已成功抓取全部所需数据。
[2026-04-18 00:51:17] [SUCCESS] bvid=BV1FkQvBAERh 已成功抓取全部所需数据。
[2026-04-18 00:51:23] [SUCCESS] bvid=BV1FnQ3BFEre 已成功抓取全部所需数据。
[2026-04-18 00:51:29] [SUCCESS] bvid=BV1FoQ8B7EAd 已成功抓取全部所需数据。
[2026-04-18 00:51:33] [SUCCESS] bvid=BV1FoQuBoE6A 已成功抓取全部所需数据。
[2026-04-18 00:51:36] [ERROR] bvid=BV1FoXPBLEhc 抓取失败：media: 接口返回错误代码：-404，信息：啥都木有。
{'code': -404, 'message': '啥都木有', 'ttl': 1}
[2026-04-18 00:51:38] [ERROR] bvid=BV1FpDzBBEwh 抓取失败：media: 接口返回错误代码：62002，信息：稿件不可见。
{'code': 62002, 'message': '稿件不可见', 'ttl': 1}
[2026-04-18 00:51:41] [ERROR] bvid=BV1FrDLBME9T 抓取失败：media: 接口返回错误代码：62002，信息：稿件不可见。
{'code': 62002, 'message': '稿件不可见', 'ttl': 1}
[2026-04-18 00:51:43] [ERROR] bvid=BV1FuDhBLEy2 抓取失败：media: 接口返回错误代码：62002，信息：稿件不可见。
{'code': 62002, 'message': '稿件不可见', 'ttl': 1}
[2026-04-18 00:51:48] [SUCCESS] bvid=BV1FwQGBwESV 已成功抓取全部所需数据。
[2026-04-18 00:51:56] [ERROR] bvid=BV1FwXTBSEdM 抓取失败：media: 接口返回错误代码：62012，信息：62012。
{'code': 62012, 'message': '62012', 'ttl': 1}
[2026-04-18 00:52:08] [SUCCESS] bvid=BV1FyDSBPEiK 已成功抓取全部所需数据。
[2026-04-18 00:52:17] [ERROR] bvid=BV1G1XGBREi7 抓取失败：media: No downloadable media stream found for this bvid.
[2026-04-18 00:52:22] [SUCCESS] bvid=BV1G4QtBFEVo 已成功抓取全部所需数据。
[2026-04-18 00:52:27] [SUCCESS] bvid=BV1G5QJBKEcr 已成功抓取全部所需数据。
[2026-04-18 00:52:33] [SUCCESS] bvid=BV1G6Q3BjEVw 已成功抓取全部所需数据。
[2026-04-18 00:52:38] [SUCCESS] bvid=BV1G8QEBTESh 已成功抓取全部所需数据。
[2026-04-18 00:52:41] [ERROR] bvid=BV1G8XLBYEDJ 抓取失败：media: 接口返回错误代码：62002，信息：稿件不可见。
{'code': 62002, 'message': '稿件不可见', 'ttl': 1}
[2026-04-18 00:52:52] [SUCCESS] bvid=BV1G9QgBmEzc 已成功抓取全部所需数据。
[2026-04-18 00:53:04] [SUCCESS] bvid=BV1GEQGBnEAJ 已成功抓取全部所需数据。
[2026-04-18 00:53:17] [SUCCESS] bvid=BV1GKQ4BREAo 已成功抓取全部所需数据。
[2026-04-18 00:53:22] [SUCCESS] bvid=BV1GLQhBNENi 已成功抓取全部所需数据。
[2026-04-18 00:53:27] [SUCCESS] bvid=BV1GMQ7BaEBt 已成功抓取全部所需数据。
[2026-04-18 00:53:32] [SUCCESS] bvid=BV1GNQ7BeEUg 已成功抓取全部所需数据。
[2026-04-18 00:53:34] [ERROR] bvid=BV1GPXHByEsR 抓取失败：media: 接口返回错误代码：-404，信息：啥都木有。
{'code': -404, 'message': '啥都木有', 'ttl': 1}
[2026-04-18 00:53:37] [ERROR] bvid=BV1GQX5BbEbe 抓取失败：media: No downloadable media stream found for this bvid.
[2026-04-18 00:53:39] [ERROR] bvid=BV1GQXUB4E1g 抓取失败：media: No downloadable media stream found for this bvid.
[2026-04-18 00:53:47] [ERROR] bvid=BV1GRXUBsEha 抓取失败：media: 接口返回错误代码：62002，信息：稿件不可见。
{'code': 62002, 'message': '稿件不可见', 'ttl': 1}
[2026-04-18 00:53:50] [ERROR] bvid=BV1GSXZBSE4Q 抓取失败：media: 接口返回错误代码：62012，信息：62012。
{'code': 62012, 'message': '62012', 'ttl': 1}
[2026-04-18 00:53:53] [ERROR] bvid=BV1GSXZBSEd9 抓取失败：media: No downloadable media stream found for this bvid.
[2026-04-18 00:54:01] [ERROR] bvid=BV1GTXGBQEWb 抓取失败：media: 接口返回错误代码：62002，信息：稿件不可见。
{'code': 62002, 'message': '稿件不可见', 'ttl': 1}
[2026-04-18 00:54:13] [SUCCESS] bvid=BV1GUQ7BNEYw 已成功抓取全部所需数据。
[2026-04-18 00:54:15] [ERROR] bvid=BV1GUXGBXEHW 抓取失败：media: 接口返回错误代码：62012，信息：62012。
{'code': 62012, 'message': '62012', 'ttl': 1}
[2026-04-18 00:54:18] [ERROR] bvid=BV1GXX5BZE75 抓取失败：media: 接口返回错误代码：62002，信息：稿件不可见。
{'code': 62002, 'message': '稿件不可见', 'ttl': 1}
[2026-04-18 00:54:20] [ERROR] bvid=BV1GXX5BZExF 抓取失败：media: 接口返回错误代码：62002，信息：稿件不可见。
{'code': 62002, 'message': '稿件不可见', 'ttl': 1}
[2026-04-18 00:54:26] [SUCCESS] bvid=BV1GYQuBVEsN 已成功抓取全部所需数据。
[2026-04-18 00:54:35] [SUCCESS] bvid=BV1GYQuBVExk 已成功抓取全部所需数据。
[2026-04-18 00:54:46] [SUCCESS] bvid=BV1GcQLBbExe 已成功抓取全部所需数据。
[2026-04-18 00:54:48] [ERROR] bvid=BV1GiQFBJEK3 抓取失败：media: 接口返回错误代码：62002，信息：稿件不可见。
{'code': 62002, 'message': '稿件不可见', 'ttl': 1}
[2026-04-18 00:54:54] [SUCCESS] bvid=BV1GiQuB3ENe 已成功抓取全部所需数据。
[2026-04-18 00:54:58] [SUCCESS] bvid=BV1GiQuB3EPj 已成功抓取全部所需数据。
[2026-04-18 00:55:01] [ERROR] bvid=BV1Gj9wBZE85 抓取失败：media: 接口返回错误代码：-404，信息：啥都木有。
{'code': -404, 'message': '啥都木有', 'ttl': 1}
[2026-04-18 00:55:06] [SUCCESS] bvid=BV1GnQvB7Eka 已成功抓取全部所需数据。
[2026-04-18 00:55:25] [SUCCESS] bvid=BV1GoQgB1ExG 已成功抓取全部所需数据。
[2026-04-18 00:55:30] [SUCCESS] bvid=BV1GsQtBhEf5 已成功抓取全部所需数据。
[2026-04-18 00:55:38] [SUCCESS] bvid=BV1GuQJBzEar 已成功抓取全部所需数据。
[2026-04-18 00:55:51] [SUCCESS] bvid=BV1GvXKBMEaz 已成功抓取全部所需数据。
[2026-04-18 00:55:54] [ERROR] bvid=BV1GyXgBUEzU 抓取失败：media: 接口返回错误代码：62002，信息：稿件不可见。
{'code': 62002, 'message': '稿件不可见', 'ttl': 1}
[2026-04-18 00:55:59] [SUCCESS] bvid=BV1H1Q5BzEhK 已成功抓取全部所需数据。
[2026-04-18 00:56:04] [SUCCESS] bvid=BV1H1Q5BzEhM 已成功抓取全部所需数据。
[2026-04-18 00:56:06] [ERROR] bvid=BV1H4XgBFEeh 抓取失败：media: 接口返回错误代码：62002，信息：稿件不可见。
{'code': 62002, 'message': '稿件不可见', 'ttl': 1}
[2026-04-18 00:56:12] [SUCCESS] bvid=BV1H5QaB9Ekq 已成功抓取全部所需数据。
[2026-04-18 00:56:14] [ERROR] bvid=BV1H5XLBCEiL 抓取失败：media: 接口返回错误代码：62002，信息：稿件不可见。
{'code': 62002, 'message': '稿件不可见', 'ttl': 1}
[2026-04-18 00:56:33] [SUCCESS] bvid=BV1H6QGBNENc 已成功抓取全部所需数据。
[2026-04-18 00:56:38] [SUCCESS] bvid=BV1HAD9BmEdC 已成功抓取全部所需数据。
[2026-04-18 00:56:49] [SUCCESS] bvid=BV1HAD9BmEpq 已成功抓取全部所需数据。
[2026-04-18 00:56:52] [ERROR] bvid=BV1HBDLBgEfj 抓取失败：media: 接口返回错误代码：62012，信息：62012。
{'code': 62012, 'message': '62012', 'ttl': 1}
[2026-04-18 00:57:03] [SUCCESS] bvid=BV1HCQGBAET7 已成功抓取全部所需数据。
[2026-04-18 00:57:16] [SUCCESS] bvid=BV1HDQtBCE7z 已成功抓取全部所需数据。
[2026-04-18 00:57:25] [ERROR] bvid=BV1HM9MBtEHg 抓取失败：media: 接口返回错误代码：62012，信息：62012。
{'code': 62012, 'message': '62012', 'ttl': 1}
[2026-04-18 00:57:37] [SUCCESS] bvid=BV1HQQjB5Es2 已成功抓取全部所需数据。
[2026-04-18 00:57:39] [ERROR] bvid=BV1HRXPB2Eev 抓取失败：media: 接口返回错误代码：-404，信息：啥都木有。
{'code': -404, 'message': '啥都木有', 'ttl': 1}
[2026-04-18 00:57:50] [SUCCESS] bvid=BV1HSQEBpE4F 已成功抓取全部所需数据。
[2026-04-18 00:57:55] [SUCCESS] bvid=BV1HSQEBpEXD 已成功抓取全部所需数据。
[2026-04-18 00:57:58] [ERROR] bvid=BV1HWXgBwEvW 抓取失败：media: No downloadable media stream found for this bvid.
[2026-04-18 00:58:03] [SUCCESS] bvid=BV1HXQEBnEmQ 已成功抓取全部所需数据。
[2026-04-18 00:58:09] [SUCCESS] bvid=BV1HYQhBXEre 已成功抓取全部所需数据。
[2026-04-18 00:58:17] [ERROR] bvid=BV1HZXSBGEe5 抓取失败：media: 接口返回错误代码：62002，信息：稿件不可见。
{'code': 62002, 'message': '稿件不可见', 'ttl': 1}
[2026-04-18 00:58:17] [WARN] 当前子任务已结束，但仍有未成功抓取的视频，已导出 remaining CSV 供继续执行。
[2026-04-18 00:58:17] [INFO] 已导出剔除成功条目后的剩余 CSV：outputs\video_data\manual_crawls\manual_crawl_media_mode_A_20260418_000648\remaining_bvids_part_5.csv
[2026-04-18 00:58:17] 子任务结束时间：2026-04-18T00:58:17.573279
[TIMESTAMP][END] 2026-04-18T00:58:17
