[TIMESTAMP][BEGIN] 2026-04-18T07:16:13
[2026-04-18 07:16:15] 开始执行 CSV 批量抓取子任务 part_39。
[2026-04-18 07:16:15] 子任务开始时间：2026-04-18T07:16:13.120393
[2026-04-18 07:16:15] 输入文件：batch_input_38.csv
[2026-04-18 07:16:15] 输入唯一 bvid 数量：100
[2026-04-18 07:16:20] [SUCCESS] bvid=BV1f1QYBHEeH 已成功抓取全部所需数据。
[2026-04-18 07:16:25] [SUCCESS] bvid=BV1f1QcBwEKf 已成功抓取全部所需数据。
[2026-04-18 07:16:31] [SUCCESS] bvid=BV1f1QcBwEiw 已成功抓取全部所需数据。
[2026-04-18 07:16:36] [SUCCESS] bvid=BV1f1QcBwEj7 已成功抓取全部所需数据。
[2026-04-18 07:16:41] [SUCCESS] bvid=BV1f1XDBuEtD 已成功抓取全部所需数据。
[2026-04-18 07:16:53] [SUCCESS] bvid=BV1f1XTBJEqm 已成功抓取全部所需数据。
[2026-04-18 07:16:59] [SUCCESS] bvid=BV1f1XrB7EY9 已成功抓取全部所需数据。
[2026-04-18 07:17:04] [SUCCESS] bvid=BV1f29wBTEcq 已成功抓取全部所需数据。
[2026-04-18 07:17:16] [SUCCESS] bvid=BV1f2D7BrE7q 已成功抓取全部所需数据。
[2026-04-18 07:17:28] [SUCCESS] bvid=BV1f2D7BrEfV 已成功抓取全部所需数据。
[2026-04-18 07:17:36] [ERROR] bvid=BV1f2XuB4E9h 抓取失败：media: 接口返回错误代码：62012，信息：62012。
{'code': 62012, 'message': '62012', 'ttl': 1}
[2026-04-18 07:17:41] [SUCCESS] bvid=BV1f397BjEFh 已成功抓取全部所需数据。
[2026-04-18 07:17:46] [SUCCESS] bvid=BV1f397BjER4 已成功抓取全部所需数据。
[2026-04-18 07:17:52] [SUCCESS] bvid=BV1f397BjEfY 已成功抓取全部所需数据。
[2026-04-18 07:17:56] [SUCCESS] bvid=BV1f3DYBDEsL 已成功抓取全部所需数据。
[2026-04-18 07:17:59] [ERROR] bvid=BV1f3DkBkESy 抓取失败：media: 接口返回错误代码：62002，信息：稿件不可见。
{'code': 62002, 'message': '稿件不可见', 'ttl': 1}
[2026-04-18 07:18:04] [SUCCESS] bvid=BV1f3QjB6EZk 已成功抓取全部所需数据。
[2026-04-18 07:18:17] [SUCCESS] bvid=BV1f3QjB6EqC 已成功抓取全部所需数据。
[2026-04-18 07:18:27] [SUCCESS] bvid=BV1f3SfBXETn 已成功抓取全部所需数据。
[2026-04-18 07:18:39] [SUCCESS] bvid=BV1f3X3BFE7Z 已成功抓取全部所需数据。
[2026-04-18 07:18:44] [SUCCESS] bvid=BV1f3XaBSEnT 已成功抓取全部所需数据。
[2026-04-18 07:18:56] [SUCCESS] bvid=BV1f4DTByEuz 已成功抓取全部所需数据。
[2026-04-18 07:19:01] [SUCCESS] bvid=BV1f4XQBgE79 已成功抓取全部所需数据。
[2026-04-18 07:19:07] [SUCCESS] bvid=BV1f4XQBgEtY 已成功抓取全部所需数据。
[2026-04-18 07:19:12] [SUCCESS] bvid=BV1f59MBWEHT 已成功抓取全部所需数据。
[2026-04-18 07:19:17] [SUCCESS] bvid=BV1f5DYBUEDe 已成功抓取全部所需数据。
[2026-04-18 07:19:22] [SUCCESS] bvid=BV1f5SfBDENm 已成功抓取全部所需数据。
[2026-04-18 07:19:27] [SUCCESS] bvid=BV1f5XeBxEeK 已成功抓取全部所需数据。
[2026-04-18 07:19:32] [SUCCESS] bvid=BV1f5XoB9EJH 已成功抓取全部所需数据。
[2026-04-18 07:19:37] [SUCCESS] bvid=BV1f5XsBeE5S 已成功抓取全部所需数据。
[2026-04-18 07:19:48] [SUCCESS] bvid=BV1f69FBYELB 已成功抓取全部所需数据。
[2026-04-18 07:19:53] [SUCCESS] bvid=BV1f6DsBfEkY 已成功抓取全部所需数据。
[2026-04-18 07:19:57] [SUCCESS] bvid=BV1f6XjByEuw 已成功抓取全部所需数据。
[2026-04-18 07:20:03] [SUCCESS] bvid=BV1f6XqBNEbP 已成功抓取全部所需数据。
[2026-04-18 07:20:08] [SUCCESS] bvid=BV1f6XxBvEHN 已成功抓取全部所需数据。
[2026-04-18 07:20:13] [SUCCESS] bvid=BV1f6XxBvENT 已成功抓取全部所需数据。
[2026-04-18 07:20:25] [SUCCESS] bvid=BV1f7A3znEp1 已成功抓取全部所需数据。
[2026-04-18 07:20:30] [SUCCESS] bvid=BV1f7DWBdEKX 已成功抓取全部所需数据。
[2026-04-18 07:20:41] [SUCCESS] bvid=BV1f7DcB4Etm 已成功抓取全部所需数据。
[2026-04-18 07:20:46] [SUCCESS] bvid=BV1f7DvBsEEk 已成功抓取全部所需数据。
[2026-04-18 07:20:58] [SUCCESS] bvid=BV1f7DvBsEJY 已成功抓取全部所需数据。
[2026-04-18 07:21:00] [ERROR] bvid=BV1f7DvBsEay 抓取失败：media: 接口返回错误代码：62002，信息：稿件不可见。
{'code': 62002, 'message': '稿件不可见', 'ttl': 1}
[2026-04-18 07:21:06] [SUCCESS] bvid=BV1f7DvBsEiP 已成功抓取全部所需数据。
[2026-04-18 07:21:10] [SUCCESS] bvid=BV1f7DvBsEpC 已成功抓取全部所需数据。
[2026-04-18 07:21:21] [SUCCESS] bvid=BV1f7DvBsEvt 已成功抓取全部所需数据。
[2026-04-18 07:21:27] [SUCCESS] bvid=BV1f7QEB5EkA 已成功抓取全部所需数据。
[2026-04-18 07:21:32] [SUCCESS] bvid=BV1f7XLB6E6E 已成功抓取全部所需数据。
[2026-04-18 07:21:37] [SUCCESS] bvid=BV1f7XLB6E6P 已成功抓取全部所需数据。
[2026-04-18 07:21:42] [SUCCESS] bvid=BV1f7XLB6E74 已成功抓取全部所需数据。
[2026-04-18 07:21:54] [SUCCESS] bvid=BV1f7XLB6EKk 已成功抓取全部所需数据。
[2026-04-18 07:22:00] [SUCCESS] bvid=BV1f7XfB8EFK 已成功抓取全部所需数据。
[2026-04-18 07:22:05] [SUCCESS] bvid=BV1f89NB1E8w 已成功抓取全部所需数据。
[2026-04-18 07:22:11] [SUCCESS] bvid=BV1f89NB1Efh 已成功抓取全部所需数据。
[2026-04-18 07:22:16] [SUCCESS] bvid=BV1f8DrB6ECm 已成功抓取全部所需数据。
[2026-04-18 07:22:20] [SUCCESS] bvid=BV1f8DrB6ELx 已成功抓取全部所需数据。
[2026-04-18 07:22:25] [SUCCESS] bvid=BV1f8DrB6Ezb 已成功抓取全部所需数据。
[2026-04-18 07:22:30] [SUCCESS] bvid=BV1f8XHBdE2r 已成功抓取全部所需数据。
[2026-04-18 07:22:48] [SUCCESS] bvid=BV1f8XYBxEQp 已成功抓取全部所需数据。
[2026-04-18 07:22:54] [SUCCESS] bvid=BV1f8XdB9EVD 已成功抓取全部所需数据。
[2026-04-18 07:22:58] [SUCCESS] bvid=BV1f8XdB9EkE 已成功抓取全部所需数据。
[2026-04-18 07:23:03] [SUCCESS] bvid=BV1f8wszdEQq 已成功抓取全部所需数据。
[2026-04-18 07:23:09] [SUCCESS] bvid=BV1f997BmET4 已成功抓取全部所需数据。
[2026-04-18 07:23:14] [SUCCESS] bvid=BV1f99MBdE8W 已成功抓取全部所需数据。
[2026-04-18 07:23:19] [SUCCESS] bvid=BV1f99MBdEHe 已成功抓取全部所需数据。
[2026-04-18 07:23:24] [SUCCESS] bvid=BV1f9DHBpEdT 已成功抓取全部所需数据。
[2026-04-18 07:23:29] [SUCCESS] bvid=BV1f9DHBpEv1 已成功抓取全部所需数据。
[2026-04-18 07:23:34] [SUCCESS] bvid=BV1f9QtB6E5K 已成功抓取全部所需数据。
[2026-04-18 07:23:39] [SUCCESS] bvid=BV1f9QtB6EJw 已成功抓取全部所需数据。
[2026-04-18 07:23:44] [SUCCESS] bvid=BV1f9QtB6Ehq 已成功抓取全部所需数据。
[2026-04-18 07:23:55] [SUCCESS] bvid=BV1f9X1BtE8f 已成功抓取全部所需数据。
[2026-04-18 07:24:00] [SUCCESS] bvid=BV1f9XeBZE9s 已成功抓取全部所需数据。
[2026-04-18 07:24:05] [SUCCESS] bvid=BV1fBDVBhEsk 已成功抓取全部所需数据。
[2026-04-18 07:24:14] [SUCCESS] bvid=BV1fBSDBAEfs 已成功抓取全部所需数据。
[2026-04-18 07:24:16] [ERROR] bvid=BV1fCDiB4EAt 抓取失败：media: 接口返回错误代码：62002，信息：稿件不可见。
{'code': 62002, 'message': '稿件不可见', 'ttl': 1}
[2026-04-18 07:24:21] [SUCCESS] bvid=BV1fCQgBsEmL 已成功抓取全部所需数据。
[2026-04-18 07:24:26] [SUCCESS] bvid=BV1fCXtB3E3y 已成功抓取全部所需数据。
[2026-04-18 07:24:38] [SUCCESS] bvid=BV1fD97BSEbd 已成功抓取全部所需数据。
[2026-04-18 07:24:48] [SUCCESS] bvid=BV1fDD6BMEM7 已成功抓取全部所需数据。
[2026-04-18 07:25:00] [SUCCESS] bvid=BV1fDD9ByETn 已成功抓取全部所需数据。
[2026-04-18 07:25:10] [SUCCESS] bvid=BV1fDDhBjEDH 已成功抓取全部所需数据。
[2026-04-18 07:25:15] [SUCCESS] bvid=BV1fDSoBEED9 已成功抓取全部所需数据。
[2026-04-18 07:25:26] [SUCCESS] bvid=BV1fDXCBQEN1 已成功抓取全部所需数据。
[2026-04-18 07:25:31] [SUCCESS] bvid=BV1fDXCBQEuB 已成功抓取全部所需数据。
[2026-04-18 07:25:34] [ERROR] bvid=BV1fE9gBbEbg 抓取失败：media: 接口返回错误代码：-404，信息：啥都木有。
{'code': -404, 'message': '啥都木有', 'ttl': 1}
[2026-04-18 07:25:45] [SUCCESS] bvid=BV1fEDGBxEzs 已成功抓取全部所需数据。
[2026-04-18 07:25:56] [SUCCESS] bvid=BV1fEDvB9EA7 已成功抓取全部所需数据。
[2026-04-18 07:26:00] [SUCCESS] bvid=BV1fEDvB9EbA 已成功抓取全部所需数据。
[2026-04-18 07:26:05] [SUCCESS] bvid=BV1fEQuBXEqx 已成功抓取全部所需数据。
[2026-04-18 07:26:16] [SUCCESS] bvid=BV1fEXmBFEVb 已成功抓取全部所需数据。
[2026-04-18 07:26:21] [SUCCESS] bvid=BV1fFXNBGE39 已成功抓取全部所需数据。
[2026-04-18 07:26:26] [SUCCESS] bvid=BV1fFXUBwEXb 已成功抓取全部所需数据。
[2026-04-18 07:26:31] [SUCCESS] bvid=BV1fFXUBwEqL 已成功抓取全部所需数据。
[2026-04-18 07:26:41] [SUCCESS] bvid=BV1fFXUBwEyS 已成功抓取全部所需数据。
[2026-04-18 07:26:54] [SUCCESS] bvid=BV1fGDgBQEpD 已成功抓取全部所需数据。
[2026-04-18 07:27:05] [SUCCESS] bvid=BV1fGDhBGE7o 已成功抓取全部所需数据。
[2026-04-18 07:27:17] [SUCCESS] bvid=BV1fGDhBGETD 已成功抓取全部所需数据。
[2026-04-18 07:27:22] [SUCCESS] bvid=BV1fGDhBGEba 已成功抓取全部所需数据。
[2026-04-18 07:27:28] [SUCCESS] bvid=BV1fGX1BxEb9 已成功抓取全部所需数据。
[2026-04-18 07:27:33] [SUCCESS] bvid=BV1fHDNBgEh7 已成功抓取全部所需数据。
[2026-04-18 07:27:45] [SUCCESS] bvid=BV1fHDUBFE4h 已成功抓取全部所需数据。
[2026-04-18 07:27:45] [WARN] 当前子任务已结束，但仍有未成功抓取的视频，已导出 remaining CSV 供继续执行。
[2026-04-18 07:27:45] [INFO] 已导出剔除成功条目后的剩余 CSV：outputs\video_data\manual_crawls\manual_crawl_media_mode_A_20260418_000648\remaining_bvids_part_39.csv
[2026-04-18 07:27:45] 子任务结束时间：2026-04-18T07:27:45.786209
[TIMESTAMP][END] 2026-04-18T07:27:45
