[TIMESTAMP][BEGIN] 2026-04-19T03:06:24
[2026-04-19 03:06:27] 开始执行 CSV 批量抓取子任务 part_124。
[2026-04-19 03:06:27] 子任务开始时间：2026-04-19T03:06:24.810544
[2026-04-19 03:06:27] 输入文件：batch_input_119.csv
[2026-04-19 03:06:27] 输入唯一 bvid 数量：100
[2026-04-19 03:06:31] [SUCCESS] bvid=BV1yzXCBFEY1 已成功抓取全部所需数据。
[2026-04-19 03:06:36] [SUCCESS] bvid=BV1yzXaBhE2t 已成功抓取全部所需数据。
[2026-04-19 03:06:41] [SUCCESS] bvid=BV1yzXuBwEDR 已成功抓取全部所需数据。
[2026-04-19 03:06:53] [SUCCESS] bvid=BV1yzXuBwEnt 已成功抓取全部所需数据。
[2026-04-19 03:07:04] [SUCCESS] bvid=BV1yzXuBwEpK 已成功抓取全部所需数据。
[2026-04-19 03:07:15] [SUCCESS] bvid=BV1z1D4BPELT 已成功抓取全部所需数据。
[2026-04-19 03:07:20] [SUCCESS] bvid=BV1z1DKBCEYC 已成功抓取全部所需数据。
[2026-04-19 03:07:38] [SUCCESS] bvid=BV1z1DLBvE3k 已成功抓取全部所需数据。
[2026-04-19 03:07:43] [SUCCESS] bvid=BV1z1QYBHEKh 已成功抓取全部所需数据。
[2026-04-19 03:08:01] [SUCCESS] bvid=BV1z1QYBpEcV 已成功抓取全部所需数据。
[2026-04-19 03:08:06] [SUCCESS] bvid=BV1z1QcBAEgL 已成功抓取全部所需数据。
[2026-04-19 03:08:10] [SUCCESS] bvid=BV1z1QcBwE5P 已成功抓取全部所需数据。
[2026-04-19 03:08:15] [SUCCESS] bvid=BV1z1QcBwEFL 已成功抓取全部所需数据。
[2026-04-19 03:08:19] [SUCCESS] bvid=BV1z1QcBwEFh 已成功抓取全部所需数据。
[2026-04-19 03:08:29] [SUCCESS] bvid=BV1z1QcBwEMK 已成功抓取全部所需数据。
[2026-04-19 03:08:34] [SUCCESS] bvid=BV1z1QcBwETJ 已成功抓取全部所需数据。
[2026-04-19 03:08:38] [SUCCESS] bvid=BV1z1XDBuEnW 已成功抓取全部所需数据。
[2026-04-19 03:08:50] [SUCCESS] bvid=BV1z1XDBuExH 已成功抓取全部所需数据。
[2026-04-19 03:08:55] [SUCCESS] bvid=BV1z1XTBJEHx 已成功抓取全部所需数据。
[2026-04-19 03:09:00] [SUCCESS] bvid=BV1z1XTBJEMQ 已成功抓取全部所需数据。
[2026-04-19 03:09:05] [SUCCESS] bvid=BV1z1XTBJEMs 已成功抓取全部所需数据。
[2026-04-19 03:09:09] [SUCCESS] bvid=BV1z1XTBJET6 已成功抓取全部所需数据。
[2026-04-19 03:09:14] [SUCCESS] bvid=BV1z1XTBJETk 已成功抓取全部所需数据。
[2026-04-19 03:09:25] [SUCCESS] bvid=BV1z1XTBJEhD 已成功抓取全部所需数据。
[2026-04-19 03:09:29] [SUCCESS] bvid=BV1z1XTBJEhW 已成功抓取全部所需数据。
[2026-04-19 03:09:34] [SUCCESS] bvid=BV1z1XTBJEqM 已成功抓取全部所需数据。
[2026-04-19 03:09:40] [SUCCESS] bvid=BV1z1XrB7EvJ 已成功抓取全部所需数据。
[2026-04-19 03:09:45] [SUCCESS] bvid=BV1z29LByE3D 已成功抓取全部所需数据。
[2026-04-19 03:09:56] [SUCCESS] bvid=BV1z2QvBbEg9 已成功抓取全部所需数据。
[2026-04-19 03:10:00] [SUCCESS] bvid=BV1z2SRBVEMo 已成功抓取全部所需数据。
[2026-04-19 03:10:05] [SUCCESS] bvid=BV1z2XrB2EW5 已成功抓取全部所需数据。
[2026-04-19 03:10:11] [SUCCESS] bvid=BV1z2XuB4ETE 已成功抓取全部所需数据。
[2026-04-19 03:10:15] [SUCCESS] bvid=BV1z2XuB4ExF 已成功抓取全部所需数据。
[2026-04-19 03:10:20] [SUCCESS] bvid=BV1z3XoBdEF4 已成功抓取全部所需数据。
[2026-04-19 03:10:22] [ERROR] bvid=BV1z3XoBdEwH 抓取失败：media: 接口返回错误代码：-404，信息：啥都木有。
{'code': -404, 'message': '啥都木有', 'ttl': 1}
[2026-04-19 03:10:27] [SUCCESS] bvid=BV1z3XoBdExm 已成功抓取全部所需数据。
[2026-04-19 03:10:32] [SUCCESS] bvid=BV1z3XoBdEzD 已成功抓取全部所需数据。
[2026-04-19 03:10:34] [ERROR] bvid=BV1z49NBmE4x 抓取失败：media: 接口返回错误代码：-404，信息：啥都木有。
{'code': -404, 'message': '啥都木有', 'ttl': 1}
[2026-04-19 03:10:46] [SUCCESS] bvid=BV1z4DDBeEn3 已成功抓取全部所需数据。
[2026-04-19 03:10:50] [SUCCESS] bvid=BV1z4DjBqEgJ 已成功抓取全部所需数据。
[2026-04-19 03:10:56] [SUCCESS] bvid=BV1z4DtBKEpK 已成功抓取全部所需数据。
[2026-04-19 03:11:01] [SUCCESS] bvid=BV1z4QsBaEhK 已成功抓取全部所需数据。
[2026-04-19 03:11:05] [SUCCESS] bvid=BV1z4QsBaEk1 已成功抓取全部所需数据。
[2026-04-19 03:11:10] [SUCCESS] bvid=BV1z4XMBHE5V 已成功抓取全部所需数据。
[2026-04-19 03:11:27] [SUCCESS] bvid=BV1z4XkBJEUj 已成功抓取全部所需数据。
[2026-04-19 03:11:32] [SUCCESS] bvid=BV1z4XkBJEzk 已成功抓取全部所需数据。
[2026-04-19 03:11:36] [SUCCESS] bvid=BV1z59MBWEsn 已成功抓取全部所需数据。
[2026-04-19 03:11:41] [SUCCESS] bvid=BV1z5D9BgEcK 已成功抓取全部所需数据。
[2026-04-19 03:11:47] [SUCCESS] bvid=BV1z5QEBjE9H 已成功抓取全部所需数据。
[2026-04-19 03:11:51] [SUCCESS] bvid=BV1z5QjBBEuV 已成功抓取全部所需数据。
[2026-04-19 03:11:57] [SUCCESS] bvid=BV1z5QtBMEHq 已成功抓取全部所需数据。
[2026-04-19 03:12:02] [SUCCESS] bvid=BV1z5XoB9ENr 已成功抓取全部所需数据。
[2026-04-19 03:12:07] [SUCCESS] bvid=BV1z5XoB9EVq 已成功抓取全部所需数据。
[2026-04-19 03:12:13] [SUCCESS] bvid=BV1z5XsBeE7Y 已成功抓取全部所需数据。
[2026-04-19 03:12:24] [SUCCESS] bvid=BV1z6DfBoEMN 已成功抓取全部所需数据。
[2026-04-19 03:12:35] [SUCCESS] bvid=BV1z6DfBoENm 已成功抓取全部所需数据。
[2026-04-19 03:12:40] [SUCCESS] bvid=BV1z6DfBoEze 已成功抓取全部所需数据。
[2026-04-19 03:12:45] [SUCCESS] bvid=BV1z6DsBfENN 已成功抓取全部所需数据。
[2026-04-19 03:12:50] [SUCCESS] bvid=BV1z6XjByEVt 已成功抓取全部所需数据。
[2026-04-19 03:12:54] [SUCCESS] bvid=BV1z6XjByEWu 已成功抓取全部所需数据。
[2026-04-19 03:12:59] [SUCCESS] bvid=BV1z6XjByEgb 已成功抓取全部所需数据。
[2026-04-19 03:13:04] [SUCCESS] bvid=BV1z6XqBNE5Y 已成功抓取全部所需数据。
[2026-04-19 03:13:08] [SUCCESS] bvid=BV1z6XqBNEaT 已成功抓取全部所需数据。
[2026-04-19 03:13:13] [SUCCESS] bvid=BV1z6XqBNEsX 已成功抓取全部所需数据。
[2026-04-19 03:13:17] [SUCCESS] bvid=BV1z7DZB9EHR 已成功抓取全部所需数据。
[2026-04-19 03:13:22] [SUCCESS] bvid=BV1z7SSBZE3e 已成功抓取全部所需数据。
[2026-04-19 03:13:34] [SUCCESS] bvid=BV1z7X4BgEJE 已成功抓取全部所需数据。
[2026-04-19 03:13:39] [SUCCESS] bvid=BV1z7XfB8E1q 已成功抓取全部所需数据。
[2026-04-19 03:13:43] [SUCCESS] bvid=BV1z7XfB8E2f 已成功抓取全部所需数据。
[2026-04-19 03:13:54] [SUCCESS] bvid=BV1z7XfB8EBK 已成功抓取全部所需数据。
[2026-04-19 03:13:59] [SUCCESS] bvid=BV1z7XfB8EQq 已成功抓取全部所需数据。
[2026-04-19 03:14:11] [SUCCESS] bvid=BV1z7XfB8Ekg 已成功抓取全部所需数据。
[2026-04-19 03:14:23] [SUCCESS] bvid=BV1z89NB1EaS 已成功抓取全部所需数据。
[2026-04-19 03:14:34] [SUCCESS] bvid=BV1z89NB1EhN 已成功抓取全部所需数据。
[2026-04-19 03:14:39] [SUCCESS] bvid=BV1z89NB2Egw 已成功抓取全部所需数据。
[2026-04-19 03:14:43] [SUCCESS] bvid=BV1z8DXBgEo2 已成功抓取全部所需数据。
[2026-04-19 03:14:54] [SUCCESS] bvid=BV1z8wszdEEq 已成功抓取全部所需数据。
[2026-04-19 03:14:58] [SUCCESS] bvid=BV1z8wszdEtG 已成功抓取全部所需数据。
[2026-04-19 03:15:03] [SUCCESS] bvid=BV1z9DyBQE4X 已成功抓取全部所需数据。
[2026-04-19 03:15:09] [SUCCESS] bvid=BV1z9QtBrENa 已成功抓取全部所需数据。
[2026-04-19 03:15:14] [SUCCESS] bvid=BV1z9XVBMEUu 已成功抓取全部所需数据。
[2026-04-19 03:15:19] [SUCCESS] bvid=BV1z9XVBMEdu 已成功抓取全部所需数据。
[2026-04-19 03:15:30] [SUCCESS] bvid=BV1z9XVBMEtz 已成功抓取全部所需数据。
[2026-04-19 03:15:34] [SUCCESS] bvid=BV1zADKBGE6V 已成功抓取全部所需数据。
[2026-04-19 03:15:45] [SUCCESS] bvid=BV1zAQyBSE4c 已成功抓取全部所需数据。
[2026-04-19 03:15:50] [SUCCESS] bvid=BV1zAX8B7EWN 已成功抓取全部所需数据。
[2026-04-19 03:15:52] [ERROR] bvid=BV1zAX8B7Ebo 抓取失败：media: 接口返回错误代码：62002，信息：稿件不可见。
{'code': 62002, 'message': '稿件不可见', 'ttl': 1}
[2026-04-19 03:15:57] [SUCCESS] bvid=BV1zBX5BMEfF 已成功抓取全部所需数据。
[2026-04-19 03:16:01] [SUCCESS] bvid=BV1zBX5BMEzo 已成功抓取全部所需数据。
[2026-04-19 03:16:07] [SUCCESS] bvid=BV1zBXNBjEd5 已成功抓取全部所需数据。
[2026-04-19 03:16:12] [SUCCESS] bvid=BV1zBXNBjEt3 已成功抓取全部所需数据。
[2026-04-19 03:16:16] [SUCCESS] bvid=BV1zC9wBgE1e 已成功抓取全部所需数据。
[2026-04-19 03:16:22] [SUCCESS] bvid=BV1zCQYBXEWf 已成功抓取全部所需数据。
[2026-04-19 03:16:28] [SUCCESS] bvid=BV1zCQYBXEfn 已成功抓取全部所需数据。
[2026-04-19 03:16:33] [SUCCESS] bvid=BV1zCQcBYEhi 已成功抓取全部所需数据。
[2026-04-19 03:16:38] [SUCCESS] bvid=BV1zCQcBYEoC 已成功抓取全部所需数据。
[2026-04-19 03:16:42] [SUCCESS] bvid=BV1zCQgBsEhG 已成功抓取全部所需数据。
[2026-04-19 03:16:47] [SUCCESS] bvid=BV1zCXDB6ESm 已成功抓取全部所需数据。
[2026-04-19 03:16:53] [SUCCESS] bvid=BV1zCXTBDEJV 已成功抓取全部所需数据。
[2026-04-19 03:16:57] [SUCCESS] bvid=BV1zCXjBkEpa 已成功抓取全部所需数据。
[2026-04-19 03:16:57] [WARN] 当前子任务已结束，但仍有未成功抓取的视频，已导出 remaining CSV 供继续执行。
[2026-04-19 03:16:57] [INFO] 已导出剔除成功条目后的剩余 CSV：outputs\video_data\manual_crawls\manual_crawl_media_mode_A_20260418_000648\remaining_bvids_part_124.csv
[2026-04-19 03:16:57] 子任务结束时间：2026-04-19T03:16:57.553938
[TIMESTAMP][END] 2026-04-19T03:16:57
