[TIMESTAMP][BEGIN] 2026-04-18T01:26:59
[2026-04-18 01:27:02] 开始执行 CSV 批量抓取子任务 part_10。
[2026-04-18 01:27:02] 子任务开始时间：2026-04-18T01:26:59.321076
[2026-04-18 01:27:02] 输入文件：batch_input_9.csv
[2026-04-18 01:27:02] 输入唯一 bvid 数量：100
[2026-04-18 01:27:06] [SUCCESS] bvid=BV1UdQ4BnE7c 已成功抓取全部所需数据。
[2026-04-18 01:27:11] [SUCCESS] bvid=BV1UkQuBKEuq 已成功抓取全部所需数据。
[2026-04-18 01:27:31] [SUCCESS] bvid=BV1UnQYBBEft 已成功抓取全部所需数据。
[2026-04-18 01:27:41] [SUCCESS] bvid=BV1UnQgBgEHo 已成功抓取全部所需数据。
[2026-04-18 01:27:49] [ERROR] bvid=BV1UnXjBtEa8 抓取失败：media: 接口返回错误代码：-404，信息：啥都木有。
{'code': -404, 'message': '啥都木有', 'ttl': 1}
[2026-04-18 01:27:54] [SUCCESS] bvid=BV1UpQYBTEjY 已成功抓取全部所需数据。
[2026-04-18 01:27:59] [SUCCESS] bvid=BV1UxQYBNEPc 已成功抓取全部所需数据。
[2026-04-18 01:28:11] [SUCCESS] bvid=BV1UxQYBNEjw 已成功抓取全部所需数据。
[2026-04-18 01:28:22] [SUCCESS] bvid=BV1V3QJBMEja 已成功抓取全部所需数据。
[2026-04-18 01:28:35] [SUCCESS] bvid=BV1V3QJBMEtj 已成功抓取全部所需数据。
[2026-04-18 01:28:43] [ERROR] bvid=BV1V7D7BaEHo 抓取失败：media: 接口返回错误代码：62002，信息：稿件不可见。
{'code': 62002, 'message': '稿件不可见', 'ttl': 1}
[2026-04-18 01:28:45] [ERROR] bvid=BV1V7DQB8En6 抓取失败：media: 接口返回错误代码：-404，信息：啥都木有。
{'code': -404, 'message': '啥都木有', 'ttl': 1}
[2026-04-18 01:28:51] [SUCCESS] bvid=BV1V8QuBLEhe 已成功抓取全部所需数据。
[2026-04-18 01:29:03] [SUCCESS] bvid=BV1VAQ4BoEGJ 已成功抓取全部所需数据。
[2026-04-18 01:29:05] [ERROR] bvid=BV1VBDTBMEUt 抓取失败：media: 接口返回错误代码：-404，信息：啥都木有。
{'code': -404, 'message': '啥都木有', 'ttl': 1}
[2026-04-18 01:29:08] [ERROR] bvid=BV1VDX5BFE6m 抓取失败：media: No downloadable media stream found for this bvid.
[2026-04-18 01:29:12] [SUCCESS] bvid=BV1VFQ4BfEMD 已成功抓取全部所需数据。
[2026-04-18 01:29:17] [SUCCESS] bvid=BV1VFQ4BfEvR 已成功抓取全部所需数据。
[2026-04-18 01:29:23] [SUCCESS] bvid=BV1VLQvBDEyY 已成功抓取全部所需数据。
[2026-04-18 01:29:34] [SUCCESS] bvid=BV1VMQJBgEkB 已成功抓取全部所需数据。
[2026-04-18 01:29:43] [ERROR] bvid=BV1VSXZBSEEf 抓取失败：media: No downloadable media stream found for this bvid.
[2026-04-18 01:29:46] [ERROR] bvid=BV1VSXZBSEND 抓取失败：media: No downloadable media stream found for this bvid.
[2026-04-18 01:29:48] [ERROR] bvid=BV1VSXZBSEtm 抓取失败：media: No downloadable media stream found for this bvid.
[2026-04-18 01:29:54] [SUCCESS] bvid=BV1VTQ7BAEWS 已成功抓取全部所需数据。
[2026-04-18 01:30:00] [SUCCESS] bvid=BV1VTQ7BAEi5 已成功抓取全部所需数据。
[2026-04-18 01:30:02] [ERROR] bvid=BV1VTX5BtEbm 抓取失败：media: 接口返回错误代码：62002，信息：稿件不可见。
{'code': 62002, 'message': '稿件不可见', 'ttl': 1}
[2026-04-18 01:30:08] [SUCCESS] bvid=BV1VVQYB5Eqd 已成功抓取全部所需数据。
[2026-04-18 01:30:13] [SUCCESS] bvid=BV1VXQgBEEXb 已成功抓取全部所需数据。
[2026-04-18 01:30:15] [ERROR] bvid=BV1VYDxBWEwk 抓取失败：media: No downloadable media stream found for this bvid.
[2026-04-18 01:30:18] [ERROR] bvid=BV1VbXPBeExa 抓取失败：media: 接口返回错误代码：62002，信息：稿件不可见。
{'code': 62002, 'message': '稿件不可见', 'ttl': 1}
[2026-04-18 01:30:29] [SUCCESS] bvid=BV1VuQJBzEDD 已成功抓取全部所需数据。
[2026-04-18 01:30:35] [SUCCESS] bvid=BV1VuQJBzEgh 已成功抓取全部所需数据。
[2026-04-18 01:30:47] [SUCCESS] bvid=BV1VvQ3BSEVr 已成功抓取全部所需数据。
[2026-04-18 01:31:05] [SUCCESS] bvid=BV1VyQ4BfEsr 已成功抓取全部所需数据。
[2026-04-18 01:31:08] [ERROR] bvid=BV1W3XKB9Euv 抓取失败：media: 接口返回错误代码：-404，信息：啥都木有。
{'code': -404, 'message': '啥都木有', 'ttl': 1}
[2026-04-18 01:31:20] [SUCCESS] bvid=BV1W7QiBMECn 已成功抓取全部所需数据。
[2026-04-18 01:31:22] [ERROR] bvid=BV1W8XUBrERM 抓取失败：media: 接口返回错误代码：-404，信息：啥都木有。
{'code': -404, 'message': '啥都木有', 'ttl': 1}
[2026-04-18 01:31:34] [SUCCESS] bvid=BV1WAD9BmE79 已成功抓取全部所需数据。
[2026-04-18 01:31:40] [SUCCESS] bvid=BV1WAQtB1EfC 已成功抓取全部所需数据。
[2026-04-18 01:31:51] [SUCCESS] bvid=BV1WBQ5B5EfE 已成功抓取全部所需数据。
[2026-04-18 01:31:54] [ERROR] bvid=BV1WKQtByEAN 抓取失败：media: 接口返回错误代码：62002，信息：稿件不可见。
{'code': 62002, 'message': '稿件不可见', 'ttl': 1}
[2026-04-18 01:32:12] [SUCCESS] bvid=BV1WNQtB5EJq 已成功抓取全部所需数据。
[2026-04-18 01:32:17] [SUCCESS] bvid=BV1WNQtB5EMU 已成功抓取全部所需数据。
[2026-04-18 01:32:22] [SUCCESS] bvid=BV1WPQ8BXE4m 已成功抓取全部所需数据。
[2026-04-18 01:32:34] [SUCCESS] bvid=BV1WSQEBpE6x 已成功抓取全部所需数据。
[2026-04-18 01:32:40] [SUCCESS] bvid=BV1WSQEBpEnE 已成功抓取全部所需数据。
[2026-04-18 01:32:42] [ERROR] bvid=BV1WTQTBpEMJ 抓取失败：media: 接口返回错误代码：62002，信息：稿件不可见。
{'code': 62002, 'message': '稿件不可见', 'ttl': 1}
[2026-04-18 01:32:50] [ERROR] bvid=BV1WTXLBEEdT 抓取失败：media: 接口返回错误代码：62002，信息：稿件不可见。
{'code': 62002, 'message': '稿件不可见', 'ttl': 1}
[2026-04-18 01:33:02] [SUCCESS] bvid=BV1WbQhBxE65 已成功抓取全部所需数据。
[2026-04-18 01:33:07] [SUCCESS] bvid=BV1WfDDBkEWH 已成功抓取全部所需数据。
[2026-04-18 01:33:13] [SUCCESS] bvid=BV1WhQgBYEjs 已成功抓取全部所需数据。
[2026-04-18 01:33:25] [SUCCESS] bvid=BV1WhQgBYEqP 已成功抓取全部所需数据。
[2026-04-18 01:33:35] [SUCCESS] bvid=BV1WhQgBYEsd 已成功抓取全部所需数据。
[2026-04-18 01:33:40] [SUCCESS] bvid=BV1WhQgBYExp 已成功抓取全部所需数据。
[2026-04-18 01:33:43] [ERROR] bvid=BV1WiXDBLEFo 抓取失败：media: 接口返回错误代码：-404，信息：啥都木有。
{'code': -404, 'message': '啥都木有', 'ttl': 1}
[2026-04-18 01:33:45] [ERROR] bvid=BV1WkSoBREsh 抓取失败：media: 接口返回错误代码：62002，信息：稿件不可见。
{'code': 62002, 'message': '稿件不可见', 'ttl': 1}
[2026-04-18 01:33:48] [ERROR] bvid=BV1WmXmB3EJN 抓取失败：media: 接口返回错误代码：62002，信息：稿件不可见。
{'code': 62002, 'message': '稿件不可见', 'ttl': 1}
[2026-04-18 01:33:52] [SUCCESS] bvid=BV1WnQiBKEs6 已成功抓取全部所需数据。
[2026-04-18 01:33:57] [SUCCESS] bvid=BV1WrQ5BGEEN 已成功抓取全部所需数据。
[2026-04-18 01:34:00] [ERROR] bvid=BV1WtXjBXEoK 抓取失败：media: 接口返回错误代码：62002，信息：稿件不可见。
{'code': 62002, 'message': '稿件不可见', 'ttl': 1}
[2026-04-18 01:34:11] [SUCCESS] bvid=BV1WvQGBBEZD 已成功抓取全部所需数据。
[2026-04-18 01:34:14] [ERROR] bvid=BV1WyDHB8EuV 抓取失败：media: No downloadable media stream found for this bvid.
[2026-04-18 01:34:19] [SUCCESS] bvid=BV1WzQ5BCEeh 已成功抓取全部所需数据。
[2026-04-18 01:34:24] [SUCCESS] bvid=BV1WzQ5BCEwB 已成功抓取全部所需数据。
[2026-04-18 01:34:27] [ERROR] bvid=BV1X2DCBqEmh 抓取失败：media: 接口返回错误代码：62002，信息：稿件不可见。
{'code': 62002, 'message': '稿件不可见', 'ttl': 1}
[2026-04-18 01:34:32] [SUCCESS] bvid=BV1X2Q7BvEoc 已成功抓取全部所需数据。
[2026-04-18 01:34:34] [ERROR] bvid=BV1X4XmB9EZT 抓取失败：media: 接口返回错误代码：62002，信息：稿件不可见。
{'code': 62002, 'message': '稿件不可见', 'ttl': 1}
[2026-04-18 01:34:37] [ERROR] bvid=BV1X4XpBmEME 抓取失败：media: No downloadable media stream found for this bvid.
[2026-04-18 01:34:49] [SUCCESS] bvid=BV1X5D4BsEee 已成功抓取全部所需数据。
[2026-04-18 01:34:51] [ERROR] bvid=BV1X5D4BsEh3 抓取失败：media: 接口返回错误代码：-404，信息：啥都木有。
{'code': -404, 'message': '啥都木有', 'ttl': 1}
[2026-04-18 01:34:57] [SUCCESS] bvid=BV1X7QvBEEpT 已成功抓取全部所需数据。
[2026-04-18 01:35:00] [ERROR] bvid=BV1X7XTBBEXa 抓取失败：media: 接口返回错误代码：62012，信息：62012。
{'code': 62012, 'message': '62012', 'ttl': 1}
[2026-04-18 01:35:05] [SUCCESS] bvid=BV1XADXBZEW9 已成功抓取全部所需数据。
[2026-04-18 01:35:08] [ERROR] bvid=BV1XD9FBdEko 抓取失败：media: No downloadable media stream found for this bvid.
[2026-04-18 01:35:13] [SUCCESS] bvid=BV1XEQvBmEwT 已成功抓取全部所需数据。
[2026-04-18 01:35:18] [SUCCESS] bvid=BV1XEQvBmEyy 已成功抓取全部所需数据。
[2026-04-18 01:35:29] [SUCCESS] bvid=BV1XGQhBKEkJ 已成功抓取全部所需数据。
[2026-04-18 01:35:34] [SUCCESS] bvid=BV1XLQgBCE5L 已成功抓取全部所需数据。
[2026-04-18 01:35:37] [ERROR] bvid=BV1XMDFByEyP 抓取失败：media: 接口返回错误代码：-404，信息：啥都木有。
{'code': -404, 'message': '啥都木有', 'ttl': 1}
[2026-04-18 01:35:39] [ERROR] bvid=BV1XN9TB6EFM 抓取失败：media: No downloadable media stream found for this bvid.
[2026-04-18 01:35:44] [SUCCESS] bvid=BV1XNQbBAEda 已成功抓取全部所需数据。
[2026-04-18 01:35:47] [ERROR] bvid=BV1XPSUBmEqq 抓取失败：media: 接口返回错误代码：-404，信息：啥都木有。
{'code': -404, 'message': '啥都木有', 'ttl': 1}
[2026-04-18 01:35:52] [SUCCESS] bvid=BV1XSQ7BeEpt 已成功抓取全部所需数据。
[2026-04-18 01:35:54] [ERROR] bvid=BV1XSXZBUEDu 抓取失败：media: No downloadable media stream found for this bvid.
[2026-04-18 01:35:57] [ERROR] bvid=BV1XSXZBUEgk 抓取失败：media: No downloadable media stream found for this bvid.
[2026-04-18 01:36:02] [SUCCESS] bvid=BV1XYQEBPEAk 已成功抓取全部所需数据。
[2026-04-18 01:36:07] [SUCCESS] bvid=BV1XYQuBGEAY 已成功抓取全部所需数据。
[2026-04-18 01:36:20] [SUCCESS] bvid=BV1XdDsBUENg 已成功抓取全部所需数据。
[2026-04-18 01:36:22] [ERROR] bvid=BV1XgXNBvER4 抓取失败：media: 接口返回错误代码：62002，信息：稿件不可见。
{'code': 62002, 'message': '稿件不可见', 'ttl': 1}
[2026-04-18 01:36:27] [SUCCESS] bvid=BV1XjQGBDEL6 已成功抓取全部所需数据。
[2026-04-18 01:36:33] [SUCCESS] bvid=BV1XnQvBjE7N 已成功抓取全部所需数据。
[2026-04-18 01:36:38] [SUCCESS] bvid=BV1XwQsBUEM6 已成功抓取全部所需数据。
[2026-04-18 01:36:43] [SUCCESS] bvid=BV1Y2QbBNE68 已成功抓取全部所需数据。
[2026-04-18 01:36:56] [SUCCESS] bvid=BV1Y5QgB5EST 已成功抓取全部所需数据。
[2026-04-18 01:37:02] [SUCCESS] bvid=BV1Y5QgB5EhR 已成功抓取全部所需数据。
[2026-04-18 01:37:04] [ERROR] bvid=BV1Y8DZB1EsP 抓取失败：media: 接口返回错误代码：62002，信息：稿件不可见。
{'code': 62002, 'message': '稿件不可见', 'ttl': 1}
[2026-04-18 01:37:09] [SUCCESS] bvid=BV1Y9QgBmEbY 已成功抓取全部所需数据。
[2026-04-18 01:37:15] [SUCCESS] bvid=BV1YAQ4BoE6k 已成功抓取全部所需数据。
[2026-04-18 01:37:19] [SUCCESS] bvid=BV1YCDXBhEvF 已成功抓取全部所需数据。
[2026-04-18 01:37:31] [SUCCESS] bvid=BV1YEQGBJEB3 已成功抓取全部所需数据。
[2026-04-18 01:37:31] [WARN] 当前子任务已结束，但仍有未成功抓取的视频，已导出 remaining CSV 供继续执行。
[2026-04-18 01:37:31] [INFO] 已导出剔除成功条目后的剩余 CSV：outputs\video_data\manual_crawls\manual_crawl_media_mode_A_20260418_000648\remaining_bvids_part_10.csv
[2026-04-18 01:37:31] 子任务结束时间：2026-04-18T01:37:31.061763
[TIMESTAMP][END] 2026-04-18T01:37:31
