[TIMESTAMP][BEGIN] 2026-04-18T02:58:58
[2026-04-18 02:59:00] 开始执行 CSV 批量抓取子任务 part_18。
[2026-04-18 02:59:00] 子任务开始时间：2026-04-18T02:58:58.703369
[2026-04-18 02:59:00] 输入文件：batch_input_17.csv
[2026-04-18 02:59:00] 输入唯一 bvid 数量：100
[2026-04-18 02:59:05] [SUCCESS] bvid=BV1aGQgB1EtN 已成功抓取全部所需数据。
[2026-04-18 02:59:09] [SUCCESS] bvid=BV1aHDKBFEwo 已成功抓取全部所需数据。
[2026-04-18 02:59:20] [SUCCESS] bvid=BV1aJDSBnEq7 已成功抓取全部所需数据。
[2026-04-18 02:59:25] [SUCCESS] bvid=BV1aJDSBnEtp 已成功抓取全部所需数据。
[2026-04-18 02:59:29] [SUCCESS] bvid=BV1aJXTBME7y 已成功抓取全部所需数据。
[2026-04-18 02:59:34] [SUCCESS] bvid=BV1aKDnBqEJe 已成功抓取全部所需数据。
[2026-04-18 02:59:38] [SUCCESS] bvid=BV1aKQPB4E4S 已成功抓取全部所需数据。
[2026-04-18 02:59:43] [SUCCESS] bvid=BV1aKQPB4Evd 已成功抓取全部所需数据。
[2026-04-18 02:59:48] [SUCCESS] bvid=BV1aKSZBMELE 已成功抓取全部所需数据。
[2026-04-18 02:59:52] [SUCCESS] bvid=BV1aKX2BJE2b 已成功抓取全部所需数据。
[2026-04-18 02:59:57] [SUCCESS] bvid=BV1aKXGBHExV 已成功抓取全部所需数据。
[2026-04-18 03:00:00] [ERROR] bvid=BV1aLDPBsErZ 抓取失败：media: 接口返回错误代码：62002，信息：稿件不可见。
{'code': 62002, 'message': '稿件不可见', 'ttl': 1}
[2026-04-18 03:00:04] [SUCCESS] bvid=BV1aLXDBfEjX 已成功抓取全部所需数据。
[2026-04-18 03:00:09] [SUCCESS] bvid=BV1aLXDBfEoM 已成功抓取全部所需数据。
[2026-04-18 03:00:14] [SUCCESS] bvid=BV1aM9TBzETC 已成功抓取全部所需数据。
[2026-04-18 03:00:19] [SUCCESS] bvid=BV1aMDCBeE5f 已成功抓取全部所需数据。
[2026-04-18 03:00:30] [SUCCESS] bvid=BV1aMDCBeEpP 已成功抓取全部所需数据。
[2026-04-18 03:00:34] [SUCCESS] bvid=BV1aMDCBeEx8 已成功抓取全部所需数据。
[2026-04-18 03:00:39] [SUCCESS] bvid=BV1aMDeBkE2t 已成功抓取全部所需数据。
[2026-04-18 03:00:44] [SUCCESS] bvid=BV1aMDeBkE7k 已成功抓取全部所需数据。
[2026-04-18 03:00:48] [SUCCESS] bvid=BV1aMDeBkEqF 已成功抓取全部所需数据。
[2026-04-18 03:00:53] [SUCCESS] bvid=BV1aMDeBkEvT 已成功抓取全部所需数据。
[2026-04-18 03:01:04] [SUCCESS] bvid=BV1aMX5BZE2L 已成功抓取全部所需数据。
[2026-04-18 03:01:15] [SUCCESS] bvid=BV1aMX5BZEm9 已成功抓取全部所需数据。
[2026-04-18 03:01:20] [SUCCESS] bvid=BV1aMX5BZEsv 已成功抓取全部所需数据。
[2026-04-18 03:01:24] [SUCCESS] bvid=BV1aMX5BZEy5 已成功抓取全部所需数据。
[2026-04-18 03:01:28] [SUCCESS] bvid=BV1aN9TBrEyU 已成功抓取全部所需数据。
[2026-04-18 03:01:34] [SUCCESS] bvid=BV1aN9jBYEEt 已成功抓取全部所需数据。
[2026-04-18 03:01:40] [SUCCESS] bvid=BV1aN9jBaEcQ 已成功抓取全部所需数据。
[2026-04-18 03:01:45] [SUCCESS] bvid=BV1aNDCBiEm2 已成功抓取全部所需数据。
[2026-04-18 03:01:50] [SUCCESS] bvid=BV1aNDFB2EtC 已成功抓取全部所需数据。
[2026-04-18 03:01:54] [SUCCESS] bvid=BV1aNDuBBE2H 已成功抓取全部所需数据。
[2026-04-18 03:01:59] [SUCCESS] bvid=BV1aNDuBBEDA 已成功抓取全部所需数据。
[2026-04-18 03:02:04] [SUCCESS] bvid=BV1aNXgB5E3q 已成功抓取全部所需数据。
[2026-04-18 03:02:09] [SUCCESS] bvid=BV1aNXgB5EnT 已成功抓取全部所需数据。
[2026-04-18 03:02:21] [SUCCESS] bvid=BV1aNXyBGEvB 已成功抓取全部所需数据。
[2026-04-18 03:02:25] [SUCCESS] bvid=BV1aP9NBeESo 已成功抓取全部所需数据。
[2026-04-18 03:02:30] [SUCCESS] bvid=BV1aP9jBAEHe 已成功抓取全部所需数据。
[2026-04-18 03:02:34] [SUCCESS] bvid=BV1aP9jBAEvR 已成功抓取全部所需数据。
[2026-04-18 03:02:39] [SUCCESS] bvid=BV1aPDaBqEos 已成功抓取全部所需数据。
[2026-04-18 03:02:43] [SUCCESS] bvid=BV1aPDrBbEhw 已成功抓取全部所需数据。
[2026-04-18 03:02:47] [SUCCESS] bvid=BV1aPQPBZEdb 已成功抓取全部所需数据。
[2026-04-18 03:02:52] [SUCCESS] bvid=BV1aPXGBXE2c 已成功抓取全部所需数据。
[2026-04-18 03:02:57] [SUCCESS] bvid=BV1aPXGBXEvN 已成功抓取全部所需数据。
[2026-04-18 03:03:01] [SUCCESS] bvid=BV1aPXGBXEy9 已成功抓取全部所需数据。
[2026-04-18 03:03:12] [SUCCESS] bvid=BV1aPXkBNEug 已成功抓取全部所需数据。
[2026-04-18 03:03:17] [SUCCESS] bvid=BV1aPXkBNEwJ 已成功抓取全部所需数据。
[2026-04-18 03:03:21] [SUCCESS] bvid=BV1aQDCBNEPz 已成功抓取全部所需数据。
[2026-04-18 03:03:26] [SUCCESS] bvid=BV1aQDeBVEjz 已成功抓取全部所需数据。
[2026-04-18 03:03:30] [SUCCESS] bvid=BV1aQDpBCE3C 已成功抓取全部所需数据。
[2026-04-18 03:03:35] [SUCCESS] bvid=BV1aQSDBWEV3 已成功抓取全部所需数据。
[2026-04-18 03:03:39] [SUCCESS] bvid=BV1aQX5BbEnV 已成功抓取全部所需数据。
[2026-04-18 03:03:44] [SUCCESS] bvid=BV1aQX5BbEpd 已成功抓取全部所需数据。
[2026-04-18 03:03:48] [SUCCESS] bvid=BV1aQX5BbExg 已成功抓取全部所需数据。
[2026-04-18 03:03:54] [SUCCESS] bvid=BV1aQXABfExe 已成功抓取全部所需数据。
[2026-04-18 03:03:58] [SUCCESS] bvid=BV1aRDfB7Eda 已成功抓取全部所需数据。
[2026-04-18 03:04:03] [SUCCESS] bvid=BV1aRQMBuEU7 已成功抓取全部所需数据。
[2026-04-18 03:04:07] [SUCCESS] bvid=BV1aRSXBFEV4 已成功抓取全部所需数据。
[2026-04-18 03:04:12] [SUCCESS] bvid=BV1aRX5B4EVa 已成功抓取全部所需数据。
[2026-04-18 03:04:17] [SUCCESS] bvid=BV1aRXNBvE3d 已成功抓取全部所需数据。
[2026-04-18 03:04:28] [SUCCESS] bvid=BV1aRXNBvE5Y 已成功抓取全部所需数据。
[2026-04-18 03:04:33] [SUCCESS] bvid=BV1aRXNBvE5o 已成功抓取全部所需数据。
[2026-04-18 03:04:38] [SUCCESS] bvid=BV1aRXNBvEFC 已成功抓取全部所需数据。
[2026-04-18 03:04:43] [SUCCESS] bvid=BV1aRXNBvEPv 已成功抓取全部所需数据。
[2026-04-18 03:04:53] [SUCCESS] bvid=BV1aRXNBvESh 已成功抓取全部所需数据。
[2026-04-18 03:04:58] [SUCCESS] bvid=BV1aRXNBvEcJ 已成功抓取全部所需数据。
[2026-04-18 03:05:01] [ERROR] bvid=BV1aRXNBvEwa 抓取失败：media: No downloadable media stream found for this bvid.
[2026-04-18 03:05:05] [SUCCESS] bvid=BV1aRXUBsEaK 已成功抓取全部所需数据。
[2026-04-18 03:05:10] [SUCCESS] bvid=BV1aRXjBNEhv 已成功抓取全部所需数据。
[2026-04-18 03:05:15] [SUCCESS] bvid=BV1aRXjBNErL 已成功抓取全部所需数据。
[2026-04-18 03:05:19] [SUCCESS] bvid=BV1aRXzBYEhc 已成功抓取全部所需数据。
[2026-04-18 03:05:24] [SUCCESS] bvid=BV1aS9TB6Eu8 已成功抓取全部所需数据。
[2026-04-18 03:05:34] [SUCCESS] bvid=BV1aSAgz6EwQ 已成功抓取全部所需数据。
[2026-04-18 03:05:44] [SUCCESS] bvid=BV1aSDeByEk8 已成功抓取全部所需数据。
[2026-04-18 03:05:48] [SUCCESS] bvid=BV1aSDeByEs4 已成功抓取全部所需数据。
[2026-04-18 03:05:59] [SUCCESS] bvid=BV1aTDCBNELh 已成功抓取全部所需数据。
[2026-04-18 03:06:04] [SUCCESS] bvid=BV1aTDFBLE6g 已成功抓取全部所需数据。
[2026-04-18 03:06:08] [SUCCESS] bvid=BV1aTDFBLEba 已成功抓取全部所需数据。
[2026-04-18 03:06:12] [SUCCESS] bvid=BV1aTDFBLEmc 已成功抓取全部所需数据。
[2026-04-18 03:06:17] [SUCCESS] bvid=BV1aTXGBDE6j 已成功抓取全部所需数据。
[2026-04-18 03:06:22] [SUCCESS] bvid=BV1aTXGBDEQP 已成功抓取全部所需数据。
[2026-04-18 03:06:26] [SUCCESS] bvid=BV1aTXGBDEYk 已成功抓取全部所需数据。
[2026-04-18 03:06:31] [SUCCESS] bvid=BV1aTXGBDEaJ 已成功抓取全部所需数据。
[2026-04-18 03:06:36] [SUCCESS] bvid=BV1aTXGBDEvN 已成功抓取全部所需数据。
[2026-04-18 03:06:41] [SUCCESS] bvid=BV1aU9TB3EYs 已成功抓取全部所需数据。
[2026-04-18 03:06:43] [ERROR] bvid=BV1aU9TB3EeS 抓取失败：media: 接口返回错误代码：62012，信息：62012。
{'code': 62012, 'message': '62012', 'ttl': 1}
[2026-04-18 03:06:48] [SUCCESS] bvid=BV1aUDCBTEvN 已成功抓取全部所需数据。
[2026-04-18 03:06:59] [SUCCESS] bvid=BV1aUDpB1Eiy 已成功抓取全部所需数据。
[2026-04-18 03:07:04] [SUCCESS] bvid=BV1aUDuBuEWf 已成功抓取全部所需数据。
[2026-04-18 03:07:14] [SUCCESS] bvid=BV1aUQKBvE7a 已成功抓取全部所需数据。
[2026-04-18 03:07:18] [SUCCESS] bvid=BV1aUSUBmE4E 已成功抓取全部所需数据。
[2026-04-18 03:07:23] [SUCCESS] bvid=BV1aUSUBmEUx 已成功抓取全部所需数据。
[2026-04-18 03:07:34] [SUCCESS] bvid=BV1aUXGBXEZN 已成功抓取全部所需数据。
[2026-04-18 03:07:38] [SUCCESS] bvid=BV1aUXGBXEaq 已成功抓取全部所需数据。
[2026-04-18 03:07:43] [SUCCESS] bvid=BV1aUXdBkEEx 已成功抓取全部所需数据。
[2026-04-18 03:07:48] [SUCCESS] bvid=BV1aV93BQEKt 已成功抓取全部所需数据。
[2026-04-18 03:07:52] [SUCCESS] bvid=BV1aVQMBTEJQ 已成功抓取全部所需数据。
[2026-04-18 03:08:03] [SUCCESS] bvid=BV1aVQMBTEpD 已成功抓取全部所需数据。
[2026-04-18 03:08:09] [SUCCESS] bvid=BV1aVX5BxENw 已成功抓取全部所需数据。
[2026-04-18 03:08:27] [SUCCESS] bvid=BV1aVXUBWEDf 已成功抓取全部所需数据。
[2026-04-18 03:08:27] [WARN] 当前子任务已结束，但仍有未成功抓取的视频，已导出 remaining CSV 供继续执行。
[2026-04-18 03:08:27] [INFO] 已导出剔除成功条目后的剩余 CSV：outputs\video_data\manual_crawls\manual_crawl_media_mode_A_20260418_000648\remaining_bvids_part_18.csv
[2026-04-18 03:08:27] 子任务结束时间：2026-04-18T03:08:27.371265
[TIMESTAMP][END] 2026-04-18T03:08:27
