[TIMESTAMP][BEGIN] 2026-04-18T04:49:27
[2026-04-18 04:49:29] 开始执行 CSV 批量抓取子任务 part_26。
[2026-04-18 04:49:29] 子任务开始时间：2026-04-18T04:49:27.293694
[2026-04-18 04:49:29] 输入文件：batch_input_25.csv
[2026-04-18 04:49:29] 输入唯一 bvid 数量：100
[2026-04-18 04:49:42] [SUCCESS] bvid=BV1c5XSBrErH 已成功抓取全部所需数据。
[2026-04-18 04:49:44] [ERROR] bvid=BV1c5XSBrEyP 抓取失败：media: 接口返回错误代码：62012，信息：62012。
{'code': 62012, 'message': '62012', 'ttl': 1}
[2026-04-18 04:49:55] [SUCCESS] bvid=BV1c69wBGE6g 已成功抓取全部所需数据。
[2026-04-18 04:50:00] [SUCCESS] bvid=BV1c69wBGEbr 已成功抓取全部所需数据。
[2026-04-18 04:50:05] [SUCCESS] bvid=BV1c6DfBZEcD 已成功抓取全部所需数据。
[2026-04-18 04:50:15] [SUCCESS] bvid=BV1c6XTB9E3q 已成功抓取全部所需数据。
[2026-04-18 04:50:20] [SUCCESS] bvid=BV1c6XTB9Eo2 已成功抓取全部所需数据。
[2026-04-18 04:50:31] [SUCCESS] bvid=BV1c6XrBQEka 已成功抓取全部所需数据。
[2026-04-18 04:50:35] [SUCCESS] bvid=BV1c79WBqEQp 已成功抓取全部所需数据。
[2026-04-18 04:50:47] [SUCCESS] bvid=BV1c7DABKEGQ 已成功抓取全部所需数据。
[2026-04-18 04:50:58] [SUCCESS] bvid=BV1c7QCBHEv7 已成功抓取全部所需数据。
[2026-04-18 04:51:10] [SUCCESS] bvid=BV1c7QFBYENR 已成功抓取全部所需数据。
[2026-04-18 04:51:14] [SUCCESS] bvid=BV1c7QuBWEK3 已成功抓取全部所需数据。
[2026-04-18 04:51:19] [SUCCESS] bvid=BV1c7X6BUE6w 已成功抓取全部所需数据。
[2026-04-18 04:51:28] [SUCCESS] bvid=BV1c7XKBUEhp 已成功抓取全部所需数据。
[2026-04-18 04:51:39] [SUCCESS] bvid=BV1c7XQB7ER5 已成功抓取全部所需数据。
[2026-04-18 04:51:43] [SUCCESS] bvid=BV1c89TBsE5x 已成功抓取全部所需数据。
[2026-04-18 04:51:54] [SUCCESS] bvid=BV1c8DCBJEBq 已成功抓取全部所需数据。
[2026-04-18 04:51:59] [SUCCESS] bvid=BV1c8Q4BuEjo 已成功抓取全部所需数据。
[2026-04-18 04:52:04] [SUCCESS] bvid=BV1c8Q7B7EBS 已成功抓取全部所需数据。
[2026-04-18 04:52:08] [SUCCESS] bvid=BV1c8Q7B7EDZ 已成功抓取全部所需数据。
[2026-04-18 04:52:13] [SUCCESS] bvid=BV1c8Q7B7EEh 已成功抓取全部所需数据。
[2026-04-18 04:52:24] [SUCCESS] bvid=BV1c8Q7B7EGU 已成功抓取全部所需数据。
[2026-04-18 04:52:35] [SUCCESS] bvid=BV1c8Q7B7EYD 已成功抓取全部所需数据。
[2026-04-18 04:52:39] [SUCCESS] bvid=BV1c8Q7B7EjQ 已成功抓取全部所需数据。
[2026-04-18 04:52:50] [SUCCESS] bvid=BV1c8Q7B7Epn 已成功抓取全部所需数据。
[2026-04-18 04:52:54] [SUCCESS] bvid=BV1c8XWBvErC 已成功抓取全部所需数据。
[2026-04-18 04:52:59] [SUCCESS] bvid=BV1c8XYB4ENU 已成功抓取全部所需数据。
[2026-04-18 04:53:04] [SUCCESS] bvid=BV1c99MBoEch 已成功抓取全部所需数据。
[2026-04-18 04:53:09] [SUCCESS] bvid=BV1c99gBvEmk 已成功抓取全部所需数据。
[2026-04-18 04:53:14] [SUCCESS] bvid=BV1c9DWBwE4h 已成功抓取全部所需数据。
[2026-04-18 04:53:16] [ERROR] bvid=BV1c9DWBwEB9 抓取失败：media: 接口返回错误代码：-404，信息：啥都木有。
{'code': -404, 'message': '啥都木有', 'ttl': 1}
[2026-04-18 04:53:27] [SUCCESS] bvid=BV1c9DWBwEHh 已成功抓取全部所需数据。
[2026-04-18 04:53:29] [ERROR] bvid=BV1c9DWBwEeA 抓取失败：media: 接口返回错误代码：62012，信息：62012。
{'code': 62012, 'message': '62012', 'ttl': 1}
[2026-04-18 04:53:32] [ERROR] bvid=BV1c9DWBwEz2 抓取失败：media: 接口返回错误代码：-404，信息：啥都木有。
{'code': -404, 'message': '啥都木有', 'ttl': 1}
[2026-04-18 04:53:36] [SUCCESS] bvid=BV1c9Q8BJEAQ 已成功抓取全部所需数据。
[2026-04-18 04:53:48] [SUCCESS] bvid=BV1c9SSBPEYc 已成功抓取全部所需数据。
[2026-04-18 04:53:52] [SUCCESS] bvid=BV1c9SSBPErd 已成功抓取全部所需数据。
[2026-04-18 04:53:57] [SUCCESS] bvid=BV1c9XPB7EUQ 已成功抓取全部所需数据。
[2026-04-18 04:54:02] [SUCCESS] bvid=BV1c9XPB7EdB 已成功抓取全部所需数据。
[2026-04-18 04:54:14] [SUCCESS] bvid=BV1c9XPB7Eeu 已成功抓取全部所需数据。
[2026-04-18 04:54:25] [SUCCESS] bvid=BV1c9XPB7Ehd 已成功抓取全部所需数据。
[2026-04-18 04:54:31] [SUCCESS] bvid=BV1c9XPB7Eje 已成功抓取全部所需数据。
[2026-04-18 04:54:36] [SUCCESS] bvid=BV1c9XVBuEro 已成功抓取全部所需数据。
[2026-04-18 04:54:47] [SUCCESS] bvid=BV1c9XVBuExf 已成功抓取全部所需数据。
[2026-04-18 04:54:52] [SUCCESS] bvid=BV1c9XmBTE3o 已成功抓取全部所需数据。
[2026-04-18 04:54:54] [ERROR] bvid=BV1cAQqBqE8h 抓取失败：media: 接口返回错误代码：62002，信息：稿件不可见。
{'code': 62002, 'message': '稿件不可见', 'ttl': 1}
[2026-04-18 04:55:06] [SUCCESS] bvid=BV1cAQqBqEWW 已成功抓取全部所需数据。
[2026-04-18 04:55:18] [SUCCESS] bvid=BV1cAXCBREQy 已成功抓取全部所需数据。
[2026-04-18 04:55:22] [SUCCESS] bvid=BV1cAXCBREwX 已成功抓取全部所需数据。
[2026-04-18 04:55:27] [SUCCESS] bvid=BV1cAXXB2E5j 已成功抓取全部所需数据。
[2026-04-18 04:55:32] [SUCCESS] bvid=BV1cAXXB2EaP 已成功抓取全部所需数据。
[2026-04-18 04:55:37] [SUCCESS] bvid=BV1cAXXB2EgV 已成功抓取全部所需数据。
[2026-04-18 04:55:48] [SUCCESS] bvid=BV1cAXuBoEa5 已成功抓取全部所需数据。
[2026-04-18 04:55:53] [SUCCESS] bvid=BV1cBDmB8E6a 已成功抓取全部所需数据。
[2026-04-18 04:55:57] [SUCCESS] bvid=BV1cBDsBwEMQ 已成功抓取全部所需数据。
[2026-04-18 04:56:02] [SUCCESS] bvid=BV1cBXUBTEpU 已成功抓取全部所需数据。
[2026-04-18 04:56:13] [SUCCESS] bvid=BV1cCQcBeEVx 已成功抓取全部所需数据。
[2026-04-18 04:56:24] [SUCCESS] bvid=BV1cCQvBaEA8 已成功抓取全部所需数据。
[2026-04-18 04:56:42] [SUCCESS] bvid=BV1cCSRBjEY7 已成功抓取全部所需数据。
[2026-04-18 04:56:47] [SUCCESS] bvid=BV1cCSRBjEfk 已成功抓取全部所需数据。
[2026-04-18 04:56:58] [SUCCESS] bvid=BV1cCXrBSE8h 已成功抓取全部所需数据。
[2026-04-18 04:57:02] [SUCCESS] bvid=BV1cCXrBSEyq 已成功抓取全部所需数据。
[2026-04-18 04:57:14] [SUCCESS] bvid=BV1cCXrBSEys 已成功抓取全部所需数据。
[2026-04-18 04:57:24] [SUCCESS] bvid=BV1cCXrBSEyw 已成功抓取全部所需数据。
[2026-04-18 04:57:35] [SUCCESS] bvid=BV1cD9MBfEQj 已成功抓取全部所需数据。
[2026-04-18 04:57:40] [SUCCESS] bvid=BV1cD9MBfEcM 已成功抓取全部所需数据。
[2026-04-18 04:57:46] [SUCCESS] bvid=BV1cD9MBfEsM 已成功抓取全部所需数据。
[2026-04-18 04:57:51] [SUCCESS] bvid=BV1cDDHBxE2R 已成功抓取全部所需数据。
[2026-04-18 04:57:57] [SUCCESS] bvid=BV1cDDHBxEgT 已成功抓取全部所需数据。
[2026-04-18 04:58:02] [SUCCESS] bvid=BV1cDDHBxEvR 已成功抓取全部所需数据。
[2026-04-18 04:58:06] [SUCCESS] bvid=BV1cDQtBCECv 已成功抓取全部所需数据。
[2026-04-18 04:58:18] [SUCCESS] bvid=BV1cDQtBCEyz 已成功抓取全部所需数据。
[2026-04-18 04:58:23] [SUCCESS] bvid=BV1cDXVB3EHw 已成功抓取全部所需数据。
[2026-04-18 04:58:29] [SUCCESS] bvid=BV1cDXVB3EQn 已成功抓取全部所需数据。
[2026-04-18 04:58:40] [SUCCESS] bvid=BV1cDXVB3Ee4 已成功抓取全部所需数据。
[2026-04-18 04:58:44] [SUCCESS] bvid=BV1cED5BNEhr 已成功抓取全部所需数据。
[2026-04-18 04:58:48] [SUCCESS] bvid=BV1cEDNBVES9 已成功抓取全部所需数据。
[2026-04-18 04:58:53] [SUCCESS] bvid=BV1cEDqBYEim 已成功抓取全部所需数据。
[2026-04-18 04:59:05] [SUCCESS] bvid=BV1cEDzB3E2B 已成功抓取全部所需数据。
[2026-04-18 04:59:18] [SUCCESS] bvid=BV1cEXMBZEZ5 已成功抓取全部所需数据。
[2026-04-18 04:59:23] [SUCCESS] bvid=BV1cEXQB2E1N 已成功抓取全部所需数据。
[2026-04-18 04:59:34] [SUCCESS] bvid=BV1cF9VBuECY 已成功抓取全部所需数据。
[2026-04-18 04:59:39] [SUCCESS] bvid=BV1cF9VBuErU 已成功抓取全部所需数据。
[2026-04-18 04:59:44] [SUCCESS] bvid=BV1cFDbBCE3K 已成功抓取全部所需数据。
[2026-04-18 04:59:49] [SUCCESS] bvid=BV1cFXXBUEse 已成功抓取全部所需数据。
[2026-04-18 04:59:54] [SUCCESS] bvid=BV1cFXuBfEQh 已成功抓取全部所需数据。
[2026-04-18 05:00:06] [SUCCESS] bvid=BV1cFXuBfEqp 已成功抓取全部所需数据。
[2026-04-18 05:00:18] [SUCCESS] bvid=BV1cG9JBsELG 已成功抓取全部所需数据。
[2026-04-18 05:00:23] [SUCCESS] bvid=BV1cGDvBfELk 已成功抓取全部所需数据。
[2026-04-18 05:00:30] [SUCCESS] bvid=BV1cGDvBfEbP 已成功抓取全部所需数据。
[2026-04-18 05:00:37] [SUCCESS] bvid=BV1cGXVBTEEE 已成功抓取全部所需数据。
[2026-04-18 05:00:42] [SUCCESS] bvid=BV1cGXVBTEfm 已成功抓取全部所需数据。
[2026-04-18 05:00:54] [SUCCESS] bvid=BV1cGXVBTEpP 已成功抓取全部所需数据。
[2026-04-18 05:00:59] [SUCCESS] bvid=BV1cHX9BpERb 已成功抓取全部所需数据。
[2026-04-18 05:01:04] [SUCCESS] bvid=BV1cHXQByEAC 已成功抓取全部所需数据。
[2026-04-18 05:01:09] [SUCCESS] bvid=BV1cHXQByEn1 已成功抓取全部所需数据。
[2026-04-18 05:01:15] [SUCCESS] bvid=BV1cJ9WBKEpL 已成功抓取全部所需数据。
[2026-04-18 05:01:20] [SUCCESS] bvid=BV1cJDNBkENv 已成功抓取全部所需数据。
[2026-04-18 05:01:25] [SUCCESS] bvid=BV1cJDzB6EAu 已成功抓取全部所需数据。
[2026-04-18 05:01:25] [WARN] 当前子任务已结束，但仍有未成功抓取的视频，已导出 remaining CSV 供继续执行。
[2026-04-18 05:01:25] [INFO] 已导出剔除成功条目后的剩余 CSV：outputs\video_data\manual_crawls\manual_crawl_media_mode_A_20260418_000648\remaining_bvids_part_26.csv
[2026-04-18 05:01:25] 子任务结束时间：2026-04-18T05:01:25.172313
[TIMESTAMP][END] 2026-04-18T05:01:25
