[TIMESTAMP][BEGIN] 2026-04-18T12:04:58
[2026-04-18 12:05:06] 开始执行 CSV 批量抓取子任务 part_65。
[2026-04-18 12:05:06] 子任务开始时间：2026-04-18T12:04:58.542755
[2026-04-18 12:05:06] 输入文件：batch_input_62.csv
[2026-04-18 12:05:06] 输入唯一 bvid 数量：100
[2026-04-18 12:05:11] [SUCCESS] bvid=BV1kiQYBtEpu 已成功抓取全部所需数据。
[2026-04-18 12:05:23] [SUCCESS] bvid=BV1kiQcBMEdZ 已成功抓取全部所需数据。
[2026-04-18 12:05:30] [SUCCESS] bvid=BV1kiQgBFEfD 已成功抓取全部所需数据。
[2026-04-18 12:05:36] [SUCCESS] bvid=BV1kiQgBFEkj 已成功抓取全部所需数据。
[2026-04-18 12:05:44] [ERROR] bvid=BV1kiXDBLEds 抓取失败：media: 接口返回错误代码：-404，信息：啥都木有。
{'code': -404, 'message': '啥都木有', 'ttl': 1}
[2026-04-18 12:05:50] [SUCCESS] bvid=BV1kiXNBUE4q 已成功抓取全部所需数据。
[2026-04-18 12:06:05] [SUCCESS] bvid=BV1kiXNBmE7J 已成功抓取全部所需数据。
[2026-04-18 12:06:08] [ERROR] bvid=BV1kiXNBmETk 抓取失败：media: 接口返回错误代码：62012，信息：62012。
{'code': 62012, 'message': '62012', 'ttl': 1}
[2026-04-18 12:06:19] [SUCCESS] bvid=BV1kiXTB4ESX 已成功抓取全部所需数据。
[2026-04-18 12:06:37] [SUCCESS] bvid=BV1kiXTBxEgG 已成功抓取全部所需数据。
[2026-04-18 12:06:40] [ERROR] bvid=BV1kiXTBxEgY 抓取失败：media: 接口返回错误代码：62002，信息：稿件不可见。
{'code': 62002, 'message': '稿件不可见', 'ttl': 1}
[2026-04-18 12:06:52] [SUCCESS] bvid=BV1kiXTBxEp2 已成功抓取全部所需数据。
[2026-04-18 12:06:58] [SUCCESS] bvid=BV1kiXjB7E2C 已成功抓取全部所需数据。
[2026-04-18 12:07:04] [SUCCESS] bvid=BV1kiXjB7ET3 已成功抓取全部所需数据。
[2026-04-18 12:07:15] [SUCCESS] bvid=BV1kiXjB7EUJ 已成功抓取全部所需数据。
[2026-04-18 12:07:20] [SUCCESS] bvid=BV1kiXrBWEZn 已成功抓取全部所需数据。
[2026-04-18 12:07:25] [SUCCESS] bvid=BV1kiXrBWEfx 已成功抓取全部所需数据。
[2026-04-18 12:07:30] [SUCCESS] bvid=BV1kjD5BvEP9 已成功抓取全部所需数据。
[2026-04-18 12:09:00] [SUCCESS] bvid=BV1kjQFBAEQK 已成功抓取全部所需数据。
[2026-04-18 12:09:05] [SUCCESS] bvid=BV1kjQoBbEqh 已成功抓取全部所需数据。
[2026-04-18 12:09:16] [SUCCESS] bvid=BV1kjXKBnEyw 已成功抓取全部所需数据。
[2026-04-18 12:09:21] [SUCCESS] bvid=BV1kk9LB7E3J 已成功抓取全部所需数据。
[2026-04-18 12:09:26] [SUCCESS] bvid=BV1kk9LB7ERX 已成功抓取全部所需数据。
[2026-04-18 12:09:30] [SUCCESS] bvid=BV1kk9LB7Efg 已成功抓取全部所需数据。
[2026-04-18 12:09:36] [SUCCESS] bvid=BV1kkQ5BrEBF 已成功抓取全部所需数据。
[2026-04-18 12:09:41] [SUCCESS] bvid=BV1kkQ5BrEKZ 已成功抓取全部所需数据。
[2026-04-18 12:09:58] [SUCCESS] bvid=BV1kkQ5BrENN 已成功抓取全部所需数据。
[2026-04-18 12:10:12] [SUCCESS] bvid=BV1kkQ5BrEgg 已成功抓取全部所需数据。
[2026-04-18 12:10:23] [SUCCESS] bvid=BV1kkSoB9Eo2 已成功抓取全部所需数据。
[2026-04-18 12:10:35] [SUCCESS] bvid=BV1kkXuBFECj 已成功抓取全部所需数据。
[2026-04-18 12:10:46] [SUCCESS] bvid=BV1kmDhBEEKP 已成功抓取全部所需数据。
[2026-04-18 12:10:58] [SUCCESS] bvid=BV1kmXVBGE2Z 已成功抓取全部所需数据。
[2026-04-18 12:11:03] [SUCCESS] bvid=BV1kmXVBGEQp 已成功抓取全部所需数据。
[2026-04-18 12:11:14] [SUCCESS] bvid=BV1kmXVBGEU5 已成功抓取全部所需数据。
[2026-04-18 12:11:25] [SUCCESS] bvid=BV1kmXVBGEbV 已成功抓取全部所需数据。
[2026-04-18 12:11:31] [SUCCESS] bvid=BV1kmXVBGEbt 已成功抓取全部所需数据。
[2026-04-18 12:11:36] [SUCCESS] bvid=BV1kmXVBGEv2 已成功抓取全部所需数据。
[2026-04-18 12:11:41] [SUCCESS] bvid=BV1kmXVBGEvT 已成功抓取全部所需数据。
[2026-04-18 12:11:53] [SUCCESS] bvid=BV1kmXpBPEC6 已成功抓取全部所需数据。
[2026-04-18 12:12:04] [SUCCESS] bvid=BV1kn9NBQEH4 已成功抓取全部所需数据。
[2026-04-18 12:12:08] [SUCCESS] bvid=BV1kn9NBQEQ7 已成功抓取全部所需数据。
[2026-04-18 12:12:14] [SUCCESS] bvid=BV1kn9NBQESu 已成功抓取全部所需数据。
[2026-04-18 12:12:26] [SUCCESS] bvid=BV1kn9jBHEDk 已成功抓取全部所需数据。
[2026-04-18 12:12:39] [SUCCESS] bvid=BV1knDDBBEkN 已成功抓取全部所需数据。
[2026-04-18 12:12:44] [SUCCESS] bvid=BV1knDEBEE71 已成功抓取全部所需数据。
[2026-04-18 12:12:55] [SUCCESS] bvid=BV1knQsBiEqs 已成功抓取全部所需数据。
[2026-04-18 12:13:00] [SUCCESS] bvid=BV1knXMBxEBd 已成功抓取全部所需数据。
[2026-04-18 12:13:05] [SUCCESS] bvid=BV1knXMBxEYR 已成功抓取全部所需数据。
[2026-04-18 12:13:10] [SUCCESS] bvid=BV1knXMBxEZx 已成功抓取全部所需数据。
[2026-04-18 12:13:23] [SUCCESS] bvid=BV1koD5BMEtS 已成功抓取全部所需数据。
[2026-04-18 12:13:27] [SUCCESS] bvid=BV1koDUBKEfH 已成功抓取全部所需数据。
[2026-04-18 12:13:30] [ERROR] bvid=BV1koQpBPECh 抓取失败：media: 接口返回错误代码：-404，信息：啥都木有。
{'code': -404, 'message': '啥都木有', 'ttl': 1}
[2026-04-18 12:13:35] [SUCCESS] bvid=BV1koXQBSEDn 已成功抓取全部所需数据。
[2026-04-18 12:13:40] [SUCCESS] bvid=BV1koXQBSEVX 已成功抓取全部所需数据。
[2026-04-18 12:13:51] [SUCCESS] bvid=BV1koXbBHExL 已成功抓取全部所需数据。
[2026-04-18 12:14:02] [SUCCESS] bvid=BV1kp9NBnEy4 已成功抓取全部所需数据。
[2026-04-18 12:14:07] [SUCCESS] bvid=BV1kpDrBjEtm 已成功抓取全部所需数据。
[2026-04-18 12:14:18] [SUCCESS] bvid=BV1kpQsBNEBP 已成功抓取全部所需数据。
[2026-04-18 12:14:23] [SUCCESS] bvid=BV1kpSZB4EYe 已成功抓取全部所需数据。
[2026-04-18 12:14:29] [SUCCESS] bvid=BV1kqQGBTEdY 已成功抓取全部所需数据。
[2026-04-18 12:14:35] [SUCCESS] bvid=BV1kqQYBoE7m 已成功抓取全部所需数据。
[2026-04-18 12:14:40] [SUCCESS] bvid=BV1kqQYBoEDZ 已成功抓取全部所需数据。
[2026-04-18 12:14:52] [SUCCESS] bvid=BV1kqQcBqEkF 已成功抓取全部所需数据。
[2026-04-18 12:14:56] [SUCCESS] bvid=BV1kqQgBbEhi 已成功抓取全部所需数据。
[2026-04-18 12:15:01] [SUCCESS] bvid=BV1kqXDByE58 已成功抓取全部所需数据。
[2026-04-18 12:15:03] [ERROR] bvid=BV1kqXDByEgB 抓取失败：media: 接口返回错误代码：-404，信息：啥都木有。
{'code': -404, 'message': '啥都木有', 'ttl': 1}
[2026-04-18 12:15:08] [SUCCESS] bvid=BV1kqXTBRED8 已成功抓取全部所需数据。
[2026-04-18 12:15:13] [SUCCESS] bvid=BV1kqXTBREFF 已成功抓取全部所需数据。
[2026-04-18 12:15:16] [ERROR] bvid=BV1kqXTBREQQ 抓取失败：media: 接口返回错误代码：62002，信息：稿件不可见。
{'code': 62002, 'message': '稿件不可见', 'ttl': 1}
[2026-04-18 12:15:21] [SUCCESS] bvid=BV1kqXTBRESZ 已成功抓取全部所需数据。
[2026-04-18 12:15:32] [SUCCESS] bvid=BV1kqXTBREZM 已成功抓取全部所需数据。
[2026-04-18 12:15:38] [SUCCESS] bvid=BV1kqXTBREkx 已成功抓取全部所需数据。
[2026-04-18 12:15:47] [SUCCESS] bvid=BV1kqXTBREoW 已成功抓取全部所需数据。
[2026-04-18 12:15:59] [SUCCESS] bvid=BV1kqXrBXEmC 已成功抓取全部所需数据。
[2026-04-18 12:16:04] [SUCCESS] bvid=BV1krDKBjE3P 已成功抓取全部所需数据。
[2026-04-18 12:16:07] [ERROR] bvid=BV1ks9TBoE6X 抓取失败：media: No downloadable media stream found for this bvid.
[2026-04-18 12:16:15] [SUCCESS] bvid=BV1ks9TBoEEQ 已成功抓取全部所需数据。
[2026-04-18 12:16:20] [SUCCESS] bvid=BV1ks9TBoEWe 已成功抓取全部所需数据。
[2026-04-18 12:16:32] [SUCCESS] bvid=BV1ksDnBWExo 已成功抓取全部所需数据。
[2026-04-18 12:16:38] [SUCCESS] bvid=BV1ksQ4BrENn 已成功抓取全部所需数据。
[2026-04-18 12:16:44] [SUCCESS] bvid=BV1ksQ4BrERA 已成功抓取全部所需数据。
[2026-04-18 12:16:56] [SUCCESS] bvid=BV1ksQPBVELa 已成功抓取全部所需数据。
[2026-04-18 12:17:02] [SUCCESS] bvid=BV1ksXGBuEyz 已成功抓取全部所需数据。
[2026-04-18 12:17:14] [SUCCESS] bvid=BV1ksXYBfEAU 已成功抓取全部所需数据。
[2026-04-18 12:17:19] [SUCCESS] bvid=BV1ksXYBfEoT 已成功抓取全部所需数据。
[2026-04-18 12:17:24] [SUCCESS] bvid=BV1ksXgBhEyA 已成功抓取全部所需数据。
[2026-04-18 12:17:29] [SUCCESS] bvid=BV1ksXyBbEuJ 已成功抓取全部所需数据。
[2026-04-18 12:17:34] [SUCCESS] bvid=BV1kt9TBREgY 已成功抓取全部所需数据。
[2026-04-18 12:17:40] [SUCCESS] bvid=BV1ktDRBJErS 已成功抓取全部所需数据。
[2026-04-18 12:17:45] [SUCCESS] bvid=BV1ktDpBFEQN 已成功抓取全部所需数据。
[2026-04-18 12:17:51] [SUCCESS] bvid=BV1ktDpBFEtS 已成功抓取全部所需数据。
[2026-04-18 12:18:00] [SUCCESS] bvid=BV1ktQbB7EGA 已成功抓取全部所需数据。
[2026-04-18 12:18:05] [SUCCESS] bvid=BV1ktQbB7Ei7 已成功抓取全部所需数据。
[2026-04-18 12:18:09] [SUCCESS] bvid=BV1ktXGBTEdd 已成功抓取全部所需数据。
[2026-04-18 12:18:14] [SUCCESS] bvid=BV1ktXvBvEco 已成功抓取全部所需数据。
[2026-04-18 12:18:20] [SUCCESS] bvid=BV1ku9JB4E4p 已成功抓取全部所需数据。
[2026-04-18 12:18:26] [SUCCESS] bvid=BV1kuDGBaE8o 已成功抓取全部所需数据。
[2026-04-18 12:18:32] [SUCCESS] bvid=BV1kuDGBaEmM 已成功抓取全部所需数据。
[2026-04-18 12:18:37] [SUCCESS] bvid=BV1kuDWBwEXy 已成功抓取全部所需数据。
[2026-04-18 12:18:42] [SUCCESS] bvid=BV1kuDyBQE5N 已成功抓取全部所需数据。
[2026-04-18 12:18:42] [WARN] 当前子任务已结束，但仍有未成功抓取的视频，已导出 remaining CSV 供继续执行。
[2026-04-18 12:18:42] [INFO] 已导出剔除成功条目后的剩余 CSV：outputs\video_data\manual_crawls\manual_crawl_media_mode_A_20260418_000648\remaining_bvids_part_65.csv
[2026-04-18 12:18:42] 子任务结束时间：2026-04-18T12:18:42.642989
[TIMESTAMP][END] 2026-04-18T12:18:42
