[TIMESTAMP][BEGIN] 2026-04-19T00:32:50
[2026-04-19 00:32:52] 开始执行 CSV 批量抓取子任务 part_111。
[2026-04-19 00:32:52] 子任务开始时间：2026-04-19T00:32:50.543573
[2026-04-19 00:32:52] 输入文件：batch_input_106.csv
[2026-04-19 00:32:52] 输入唯一 bvid 数量：100
[2026-04-19 00:32:58] [SUCCESS] bvid=BV1w3XSBCEf4 已成功抓取全部所需数据。
[2026-04-19 00:33:16] [SUCCESS] bvid=BV1w4Q4B3ESw 已成功抓取全部所需数据。
[2026-04-19 00:33:21] [SUCCESS] bvid=BV1w4Q4B3EWb 已成功抓取全部所需数据。
[2026-04-19 00:33:25] [SUCCESS] bvid=BV1w4XdBoEpf 已成功抓取全部所需数据。
[2026-04-19 00:33:30] [SUCCESS] bvid=BV1w4XgBcEPC 已成功抓取全部所需数据。
[2026-04-19 00:33:35] [SUCCESS] bvid=BV1w4XgBcEVh 已成功抓取全部所需数据。
[2026-04-19 00:33:47] [SUCCESS] bvid=BV1w4XgBcEaL 已成功抓取全部所需数据。
[2026-04-19 00:33:52] [SUCCESS] bvid=BV1w4XvBTEzu 已成功抓取全部所需数据。
[2026-04-19 00:33:58] [SUCCESS] bvid=BV1w59WBzEQh 已成功抓取全部所需数据。
[2026-04-19 00:34:03] [SUCCESS] bvid=BV1w59WBzEwB 已成功抓取全部所需数据。
[2026-04-19 00:34:08] [SUCCESS] bvid=BV1w5DZBoE5e 已成功抓取全部所需数据。
[2026-04-19 00:34:13] [SUCCESS] bvid=BV1w5DxBqEuJ 已成功抓取全部所需数据。
[2026-04-19 00:34:30] [SUCCESS] bvid=BV1w5QuBxEEB 已成功抓取全部所需数据。
[2026-04-19 00:34:42] [SUCCESS] bvid=BV1w5QuBxEaA 已成功抓取全部所需数据。
[2026-04-19 00:34:50] [ERROR] bvid=BV1w5XKBXEW2 抓取失败：media: 接口返回错误代码：62012，信息：62012。
{'code': 62012, 'message': '62012', 'ttl': 1}
[2026-04-19 00:34:55] [SUCCESS] bvid=BV1w5XLBCE31 已成功抓取全部所需数据。
[2026-04-19 00:35:00] [SUCCESS] bvid=BV1w5XLBCEAG 已成功抓取全部所需数据。
[2026-04-19 00:35:06] [SUCCESS] bvid=BV1w5XLBCEGd 已成功抓取全部所需数据。
[2026-04-19 00:35:11] [SUCCESS] bvid=BV1w5XLBCEHb 已成功抓取全部所需数据。
[2026-04-19 00:35:16] [SUCCESS] bvid=BV1w5XLBCEKA 已成功抓取全部所需数据。
[2026-04-19 00:35:21] [SUCCESS] bvid=BV1w5XLBCEKP 已成功抓取全部所需数据。
[2026-04-19 00:35:26] [SUCCESS] bvid=BV1w5XLBCEP5 已成功抓取全部所需数据。
[2026-04-19 00:35:35] [SUCCESS] bvid=BV1w5XLBCEVC 已成功抓取全部所需数据。
[2026-04-19 00:35:40] [SUCCESS] bvid=BV1w5XLBCEYJ 已成功抓取全部所需数据。
[2026-04-19 00:35:46] [SUCCESS] bvid=BV1w5XLBCEai 已成功抓取全部所需数据。
[2026-04-19 00:35:51] [SUCCESS] bvid=BV1w5XLBCEeK 已成功抓取全部所需数据。
[2026-04-19 00:35:56] [SUCCESS] bvid=BV1w5XLBCEgP 已成功抓取全部所需数据。
[2026-04-19 00:36:01] [SUCCESS] bvid=BV1w6D7B2EH9 已成功抓取全部所需数据。
[2026-04-19 00:36:06] [SUCCESS] bvid=BV1w6D7B2Ep4 已成功抓取全部所需数据。
[2026-04-19 00:36:11] [SUCCESS] bvid=BV1w6QcBiEX1 已成功抓取全部所需数据。
[2026-04-19 00:36:21] [SUCCESS] bvid=BV1w6QvBeEZg 已成功抓取全部所需数据。
[2026-04-19 00:36:26] [SUCCESS] bvid=BV1w79WBqEHa 已成功抓取全部所需数据。
[2026-04-19 00:36:31] [SUCCESS] bvid=BV1w79cBuEHe 已成功抓取全部所需数据。
[2026-04-19 00:36:36] [SUCCESS] bvid=BV1w7DDBrEoB 已成功抓取全部所需数据。
[2026-04-19 00:36:47] [SUCCESS] bvid=BV1w7DjBCEqo 已成功抓取全部所需数据。
[2026-04-19 00:36:52] [SUCCESS] bvid=BV1w7DqBPE7m 已成功抓取全部所需数据。
[2026-04-19 00:37:04] [SUCCESS] bvid=BV1w7DqBPEYF 已成功抓取全部所需数据。
[2026-04-19 00:37:09] [SUCCESS] bvid=BV1w7XKBDELz 已成功抓取全部所需数据。
[2026-04-19 00:37:13] [SUCCESS] bvid=BV1w7XQB7ENg 已成功抓取全部所需数据。
[2026-04-19 00:37:19] [SUCCESS] bvid=BV1w89uBAE4r 已成功抓取全部所需数据。
[2026-04-19 00:37:31] [SUCCESS] bvid=BV1w89uBAEyp 已成功抓取全部所需数据。
[2026-04-19 00:37:42] [SUCCESS] bvid=BV1w8DpBfEZy 已成功抓取全部所需数据。
[2026-04-19 00:37:53] [SUCCESS] bvid=BV1w8Q7B7Ejd 已成功抓取全部所需数据。
[2026-04-19 00:37:57] [SUCCESS] bvid=BV1w8X5ByEVA 已成功抓取全部所需数据。
[2026-04-19 00:38:09] [SUCCESS] bvid=BV1w8XWBvELz 已成功抓取全部所需数据。
[2026-04-19 00:38:13] [SUCCESS] bvid=BV1w8XZBYEoA 已成功抓取全部所需数据。
[2026-04-19 00:38:18] [SUCCESS] bvid=BV1w99gBvE1k 已成功抓取全部所需数据。
[2026-04-19 00:38:23] [SUCCESS] bvid=BV1w9DWBAEyB 已成功抓取全部所需数据。
[2026-04-19 00:38:28] [SUCCESS] bvid=BV1w9DWBwEKW 已成功抓取全部所需数据。
[2026-04-19 00:38:33] [SUCCESS] bvid=BV1w9XPB7ErG 已成功抓取全部所需数据。
[2026-04-19 00:38:45] [SUCCESS] bvid=BV1w9XPBEEux 已成功抓取全部所需数据。
[2026-04-19 00:38:56] [SUCCESS] bvid=BV1w9XmBTERw 已成功抓取全部所需数据。
[2026-04-19 00:39:07] [SUCCESS] bvid=BV1w9XmBTEs3 已成功抓取全部所需数据。
[2026-04-19 00:39:26] [SUCCESS] bvid=BV1wAX3BvE69 已成功抓取全部所需数据。
[2026-04-19 00:39:30] [SUCCESS] bvid=BV1wAX3BvE89 已成功抓取全部所需数据。
[2026-04-19 00:39:36] [SUCCESS] bvid=BV1wAX3BvErt 已成功抓取全部所需数据。
[2026-04-19 00:39:41] [SUCCESS] bvid=BV1wAXCBREYW 已成功抓取全部所需数据。
[2026-04-19 00:39:46] [SUCCESS] bvid=BV1wAXuBoE3G 已成功抓取全部所需数据。
[2026-04-19 00:39:51] [SUCCESS] bvid=BV1wBDLBgE4W 已成功抓取全部所需数据。
[2026-04-19 00:40:03] [SUCCESS] bvid=BV1wBDLBgE8x 已成功抓取全部所需数据。
[2026-04-19 00:40:08] [SUCCESS] bvid=BV1wBDLBgEDB 已成功抓取全部所需数据。
[2026-04-19 00:40:26] [SUCCESS] bvid=BV1wBDSBMEQH 已成功抓取全部所需数据。
[2026-04-19 00:40:32] [SUCCESS] bvid=BV1wBDSBuEXC 已成功抓取全部所需数据。
[2026-04-19 00:40:37] [SUCCESS] bvid=BV1wBXNB7EPU 已成功抓取全部所需数据。
[2026-04-19 00:40:43] [SUCCESS] bvid=BV1wBXzBLEXh 已成功抓取全部所需数据。
[2026-04-19 00:40:47] [SUCCESS] bvid=BV1wCDJBpEr1 已成功抓取全部所需数据。
[2026-04-19 00:41:00] [SUCCESS] bvid=BV1wCNgzaE9B 已成功抓取全部所需数据。
[2026-04-19 00:41:06] [SUCCESS] bvid=BV1wCXCBtECD 已成功抓取全部所需数据。
[2026-04-19 00:41:17] [SUCCESS] bvid=BV1wCXaBZEtw 已成功抓取全部所需数据。
[2026-04-19 00:41:29] [SUCCESS] bvid=BV1wCXaBoEXg 已成功抓取全部所需数据。
[2026-04-19 00:41:34] [SUCCESS] bvid=BV1wD9gBqER5 已成功抓取全部所需数据。
[2026-04-19 00:41:40] [SUCCESS] bvid=BV1wD9gBqEdM 已成功抓取全部所需数据。
[2026-04-19 00:41:52] [SUCCESS] bvid=BV1wDSSBKEAU 已成功抓取全部所需数据。
[2026-04-19 00:42:03] [SUCCESS] bvid=BV1wDSSBKEJf 已成功抓取全部所需数据。
[2026-04-19 00:42:14] [SUCCESS] bvid=BV1wDXVB3EAh 已成功抓取全部所需数据。
[2026-04-19 00:42:27] [SUCCESS] bvid=BV1wDXVB3EmC 已成功抓取全部所需数据。
[2026-04-19 00:42:39] [SUCCESS] bvid=BV1wDXVB3Ezp 已成功抓取全部所需数据。
[2026-04-19 00:42:44] [SUCCESS] bvid=BV1wEXMBZEJu 已成功抓取全部所需数据。
[2026-04-19 00:42:49] [SUCCESS] bvid=BV1wEXQB2ESz 已成功抓取全部所需数据。
[2026-04-19 00:43:01] [SUCCESS] bvid=BV1wFDbBCEw4 已成功抓取全部所需数据。
[2026-04-19 00:43:11] [SUCCESS] bvid=BV1wFQGBYEvR 已成功抓取全部所需数据。
[2026-04-19 00:43:22] [SUCCESS] bvid=BV1wFSoBWEZZ 已成功抓取全部所需数据。
[2026-04-19 00:43:27] [SUCCESS] bvid=BV1wFX8BnEd4 已成功抓取全部所需数据。
[2026-04-19 00:43:32] [SUCCESS] bvid=BV1wFX8BnEkq 已成功抓取全部所需数据。
[2026-04-19 00:43:44] [SUCCESS] bvid=BV1wFXCBoEXm 已成功抓取全部所需数据。
[2026-04-19 00:43:49] [SUCCESS] bvid=BV1wGD2BbEPS 已成功抓取全部所需数据。
[2026-04-19 00:44:01] [SUCCESS] bvid=BV1wGDGBhEE1 已成功抓取全部所需数据。
[2026-04-19 00:44:05] [SUCCESS] bvid=BV1wGDvBfEY7 已成功抓取全部所需数据。
[2026-04-19 00:44:10] [SUCCESS] bvid=BV1wGQuBoEAc 已成功抓取全部所需数据。
[2026-04-19 00:44:22] [SUCCESS] bvid=BV1wGQuBoEjC 已成功抓取全部所需数据。
[2026-04-19 00:44:28] [SUCCESS] bvid=BV1wGXPBjEJQ 已成功抓取全部所需数据。
[2026-04-19 00:44:33] [SUCCESS] bvid=BV1wH9jBQEdT 已成功抓取全部所需数据。
[2026-04-19 00:44:39] [SUCCESS] bvid=BV1wHX9BpEJN 已成功抓取全部所需数据。
[2026-04-19 00:44:43] [SUCCESS] bvid=BV1wHXMBdE5T 已成功抓取全部所需数据。
[2026-04-19 00:44:48] [SUCCESS] bvid=BV1wJA7z5ELu 已成功抓取全部所需数据。
[2026-04-19 00:44:53] [SUCCESS] bvid=BV1wJDNBkELd 已成功抓取全部所需数据。
[2026-04-19 00:44:58] [SUCCESS] bvid=BV1wJDjBGEmG 已成功抓取全部所需数据。
[2026-04-19 00:45:03] [SUCCESS] bvid=BV1wJDjBGEmN 已成功抓取全部所需数据。
[2026-04-19 00:45:08] [SUCCESS] bvid=BV1wJDzB6Ea3 已成功抓取全部所需数据。
[2026-04-19 00:45:12] [SUCCESS] bvid=BV1wJQFBwEGo 已成功抓取全部所需数据。
[2026-04-19 00:45:12] [WARN] 当前子任务已结束，但仍有未成功抓取的视频，已导出 remaining CSV 供继续执行。
[2026-04-19 00:45:12] [INFO] 已导出剔除成功条目后的剩余 CSV：outputs\video_data\manual_crawls\manual_crawl_media_mode_A_20260418_000648\remaining_bvids_part_111.csv
[2026-04-19 00:45:12] 子任务结束时间：2026-04-19T00:45:12.805388
[TIMESTAMP][END] 2026-04-19T00:45:12
