[TIMESTAMP][BEGIN] 2026-04-18T08:01:02
[2026-04-18 08:01:05] 开始执行 CSV 批量抓取子任务 part_43。
[2026-04-18 08:01:05] 子任务开始时间：2026-04-18T08:01:02.980376
[2026-04-18 08:01:05] 输入文件：remaining_bvids_part_42.csv
[2026-04-18 08:01:05] 输入唯一 bvid 数量：6
[2026-04-18 08:01:07] [ERROR] bvid=BV1fm9PB5EFK 抓取失败：media: 接口返回错误代码：62002，信息：稿件不可见。
{'code': 62002, 'message': '稿件不可见', 'ttl': 1}
[2026-04-18 08:01:10] [ERROR] bvid=BV1fnXSBiEMi 抓取失败：media: 接口返回错误代码：62002，信息：稿件不可见。
{'code': 62002, 'message': '稿件不可见', 'ttl': 1}
[2026-04-18 08:01:13] [ERROR] bvid=BV1fpXbByEPM 抓取失败：media: 接口返回错误代码：-404，信息：啥都木有。
{'code': -404, 'message': '啥都木有', 'ttl': 1}
[2026-04-18 08:01:15] [ERROR] bvid=BV1fuX3B8E8u 抓取失败：media: 接口返回错误代码：62002，信息：稿件不可见。
{'code': 62002, 'message': '稿件不可见', 'ttl': 1}
[2026-04-18 08:01:20] [SUCCESS] bvid=BV1fvD3BRE1v 已成功抓取全部所需数据。
[2026-04-18 08:01:23] [ERROR] bvid=BV1fyXNBGEwk 抓取失败：media: 接口返回错误代码：-404，信息：啥都木有。
{'code': -404, 'message': '啥都木有', 'ttl': 1}
[2026-04-18 08:01:23] [WARN] 当前子任务已结束，但仍有未成功抓取的视频，已导出 remaining CSV 供继续执行。
[2026-04-18 08:01:23] [INFO] 已导出剔除成功条目后的剩余 CSV：outputs\video_data\manual_crawls\manual_crawl_media_mode_A_20260418_000648\remaining_bvids_part_43.csv
[2026-04-18 08:01:23] 子任务结束时间：2026-04-18T08:01:23.248053
[TIMESTAMP][END] 2026-04-18T08:01:23
