[TIMESTAMP][BEGIN] 2026-04-18T10:38:18
[2026-04-18 10:38:20] 开始执行 CSV 批量抓取子任务 part_58。
[2026-04-18 10:38:20] 子任务开始时间：2026-04-18T10:38:18.126603
[2026-04-18 10:38:20] 输入文件：batch_input_55.csv
[2026-04-18 10:38:20] 输入唯一 bvid 数量：100
[2026-04-18 10:38:25] [SUCCESS] bvid=BV1j5DQBaETM 已成功抓取全部所需数据。
[2026-04-18 10:38:30] [SUCCESS] bvid=BV1j5DQBaETZ 已成功抓取全部所需数据。
[2026-04-18 10:38:35] [SUCCESS] bvid=BV1j5QxB8Eb3 已成功抓取全部所需数据。
[2026-04-18 10:38:40] [SUCCESS] bvid=BV1j5XXBuETi 已成功抓取全部所需数据。
[2026-04-18 10:38:45] [SUCCESS] bvid=BV1j5XaBmEq7 已成功抓取全部所需数据。
[2026-04-18 10:38:50] [SUCCESS] bvid=BV1j6DeBDEgL 已成功抓取全部所需数据。
[2026-04-18 10:38:55] [SUCCESS] bvid=BV1j6XZBdEZv 已成功抓取全部所需数据。
[2026-04-18 10:39:00] [SUCCESS] bvid=BV1j797BVE8x 已成功抓取全部所需数据。
[2026-04-18 10:39:06] [SUCCESS] bvid=BV1j79MBHE3F 已成功抓取全部所需数据。
[2026-04-18 10:39:11] [SUCCESS] bvid=BV1j79MBHE9v 已成功抓取全部所需数据。
[2026-04-18 10:39:16] [SUCCESS] bvid=BV1j7D9BMEGF 已成功抓取全部所需数据。
[2026-04-18 10:39:22] [SUCCESS] bvid=BV1j7QtBKEVQ 已成功抓取全部所需数据。
[2026-04-18 10:39:27] [SUCCESS] bvid=BV1j8DDBYEvs 已成功抓取全部所需数据。
[2026-04-18 10:39:41] [SUCCESS] bvid=BV1j8DtBPEtp 已成功抓取全部所需数据。
[2026-04-18 10:39:53] [SUCCESS] bvid=BV1j8QFBWELA 已成功抓取全部所需数据。
[2026-04-18 10:39:58] [SUCCESS] bvid=BV1j8QwBwEoe 已成功抓取全部所需数据。
[2026-04-18 10:40:13] [SUCCESS] bvid=BV1j8XMBJE8V 已成功抓取全部所需数据。
[2026-04-18 10:40:18] [SUCCESS] bvid=BV1j8XMBJEM7 已成功抓取全部所需数据。
[2026-04-18 10:40:24] [SUCCESS] bvid=BV1j8XMBJEMW 已成功抓取全部所需数据。
[2026-04-18 10:40:29] [SUCCESS] bvid=BV1j8XMBJEg6 已成功抓取全部所需数据。
[2026-04-18 10:40:35] [SUCCESS] bvid=BV1j8XMBJEk3 已成功抓取全部所需数据。
[2026-04-18 10:40:46] [SUCCESS] bvid=BV1j8XQBuEFv 已成功抓取全部所需数据。
[2026-04-18 10:40:56] [SUCCESS] bvid=BV1j9D6BKEJP 已成功抓取全部所需数据。
[2026-04-18 10:40:58] [ERROR] bvid=BV1j9D6BKEMB 抓取失败：media: No downloadable media stream found for this bvid.
[2026-04-18 10:41:04] [SUCCESS] bvid=BV1j9DJB1EdU 已成功抓取全部所需数据。
[2026-04-18 10:41:09] [SUCCESS] bvid=BV1j9QABYEzM 已成功抓取全部所需数据。
[2026-04-18 10:41:12] [ERROR] bvid=BV1j9SoB7Ezj 抓取失败：media: 接口返回错误代码：-404，信息：啥都木有。
{'code': -404, 'message': '啥都木有', 'ttl': 1}
[2026-04-18 10:41:17] [SUCCESS] bvid=BV1j9XRBJEDM 已成功抓取全部所需数据。
[2026-04-18 10:41:23] [SUCCESS] bvid=BV1j9XnBHEMJ 已成功抓取全部所需数据。
[2026-04-18 10:41:26] [ERROR] bvid=BV1jA9FBfEht 抓取失败：media: No downloadable media stream found for this bvid.
[2026-04-18 10:41:31] [SUCCESS] bvid=BV1jAD1B1EHn 已成功抓取全部所需数据。
[2026-04-18 10:41:36] [SUCCESS] bvid=BV1jBDRBCEHc 已成功抓取全部所需数据。
[2026-04-18 10:41:42] [SUCCESS] bvid=BV1jBSZBjEVX 已成功抓取全部所需数据。
[2026-04-18 10:41:48] [SUCCESS] bvid=BV1jBSZBjEsp 已成功抓取全部所需数据。
[2026-04-18 10:41:57] [SUCCESS] bvid=BV1jBXGB8E4j 已成功抓取全部所需数据。
[2026-04-18 10:42:09] [SUCCESS] bvid=BV1jBXGB8EW9 已成功抓取全部所需数据。
[2026-04-18 10:42:14] [SUCCESS] bvid=BV1jBXGB8Efw 已成功抓取全部所需数据。
[2026-04-18 10:42:21] [SUCCESS] bvid=BV1jBXGB8ExJ 已成功抓取全部所需数据。
[2026-04-18 10:42:26] [SUCCESS] bvid=BV1jBXdBJEBj 已成功抓取全部所需数据。
[2026-04-18 10:42:30] [ERROR] bvid=BV1jBXdBJExS 抓取失败：media: [tcp @ 0000026f10097340] Failed to resolve hostname cn-hbwh-cm-01-03.bilivideo.com: The name does not resolve for the supplied parameters
[in#0 @ 0000026f10090200] Error opening input: I/O error
Error opening input file https://cn-hbwh-cm-01-03.bilivideo.com/upgcxcode/85/33/37087743385/37087743385-1-30032.m4s?e=ig8euxZM2rNcNbdlhoNvNC8BqJIzNbfqXBvEqxTEto8BTrNvN0GvT90W5JZMkX_YN0MvXg8gNEV4NC8xNEV4N03eN0B5tZlqNxTEto8BTrNvNeZVuJ10Kj_g2UB02J0mN0B5tZlqNCNEto8BTrNvNC7MTX502C8f2jmMQJ6mqF2fka1mqx6gqj0eN0B599M=&platform=pc&gen=playurlv3&deadline=1776487348&uipk=5&trid=0000b2bc191d528440daa6fc0924b9d34bcu&os=bcache&og=hw&mid=0&oi=2029896770&nbs=1&upsig=7a1318353e4d8724f0d9ee2af1eeaa0d&uparams=e,platform,gen,deadline,uipk,trid,os,og,mid,oi,nbs&cdnid=10199&bvc=vod&nettype=0&bw=539579&lrs=29&f=u_0_0&qn_dyeid=c259c5cf557913f9000bbec769e2ef94&agrr=0&buvid=3BBBD54F-2E24-A0F2-64C0-4FEA8E69B84813321infoc&build=0&dl=0&orderid=0,3.
Error opening input files: I/O error
[2026-04-18 10:42:49] [SUCCESS] bvid=BV1jBXyBSE8w 已成功抓取全部所需数据。
[2026-04-18 10:42:54] [SUCCESS] bvid=BV1jBXyBSEEF 已成功抓取全部所需数据。
[2026-04-18 10:43:05] [SUCCESS] bvid=BV1jCDeBSEts 已成功抓取全部所需数据。
[2026-04-18 10:43:10] [SUCCESS] bvid=BV1jCDeBUEhZ 已成功抓取全部所需数据。
[2026-04-18 10:43:22] [SUCCESS] bvid=BV1jCQMB2Edt 已成功抓取全部所需数据。
[2026-04-18 10:43:27] [SUCCESS] bvid=BV1jCXjBkE19 已成功抓取全部所需数据。
[2026-04-18 10:43:39] [SUCCESS] bvid=BV1jDDKBgE1v 已成功抓取全部所需数据。
[2026-04-18 10:43:50] [SUCCESS] bvid=BV1jDDLBwEJR 已成功抓取全部所需数据。
[2026-04-18 10:44:02] [SUCCESS] bvid=BV1jDQgBDEg9 已成功抓取全部所需数据。
[2026-04-18 10:44:07] [SUCCESS] bvid=BV1jEQtBvEkz 已成功抓取全部所需数据。
[2026-04-18 10:44:12] [SUCCESS] bvid=BV1jEX1BpEcK 已成功抓取全部所需数据。
[2026-04-18 10:44:18] [SUCCESS] bvid=BV1jEX3BsEvQ 已成功抓取全部所需数据。
[2026-04-18 10:44:23] [SUCCESS] bvid=BV1jF9uBXEga 已成功抓取全部所需数据。
[2026-04-18 10:44:29] [SUCCESS] bvid=BV1jF9uBXEvj 已成功抓取全部所需数据。
[2026-04-18 10:44:34] [SUCCESS] bvid=BV1jFDVBtE2n 已成功抓取全部所需数据。
[2026-04-18 10:44:52] [SUCCESS] bvid=BV1jFSUBHEMA 已成功抓取全部所需数据。
[2026-04-18 10:44:58] [SUCCESS] bvid=BV1jFSUBHEbt 已成功抓取全部所需数据。
[2026-04-18 10:45:03] [SUCCESS] bvid=BV1jFX2BsEzR 已成功抓取全部所需数据。
[2026-04-18 10:45:14] [SUCCESS] bvid=BV1jFXvBRELx 已成功抓取全部所需数据。
[2026-04-18 10:45:26] [SUCCESS] bvid=BV1jGQGBsEx4 已成功抓取全部所需数据。
[2026-04-18 10:45:31] [SUCCESS] bvid=BV1jGXXB6ErS 已成功抓取全部所需数据。
[2026-04-18 10:45:43] [SUCCESS] bvid=BV1jH9MBUE5c 已成功抓取全部所需数据。
[2026-04-18 10:45:49] [SUCCESS] bvid=BV1jHDvBXEXd 已成功抓取全部所需数据。
[2026-04-18 10:46:06] [SUCCESS] bvid=BV1jHXPBuEm1 已成功抓取全部所需数据。
[2026-04-18 10:46:18] [SUCCESS] bvid=BV1jHXPBuEp2 已成功抓取全部所需数据。
[2026-04-18 10:46:29] [SUCCESS] bvid=BV1jHXiBbEdY 已成功抓取全部所需数据。
[2026-04-18 10:46:34] [SUCCESS] bvid=BV1jJDdByE1f 已成功抓取全部所需数据。
[2026-04-18 10:46:40] [SUCCESS] bvid=BV1jJSfBEEgb 已成功抓取全部所需数据。
[2026-04-18 10:46:52] [SUCCESS] bvid=BV1jJXVBaEYP 已成功抓取全部所需数据。
[2026-04-18 10:46:59] [SUCCESS] bvid=BV1jJXoBHEaT 已成功抓取全部所需数据。
[2026-04-18 10:47:11] [SUCCESS] bvid=BV1jK9wBvERW 已成功抓取全部所需数据。
[2026-04-18 10:47:17] [SUCCESS] bvid=BV1jKDLBwE1d 已成功抓取全部所需数据。
[2026-04-18 10:47:22] [SUCCESS] bvid=BV1jKDSBFErL 已成功抓取全部所需数据。
[2026-04-18 10:47:27] [SUCCESS] bvid=BV1jKXNBuErb 已成功抓取全部所需数据。
[2026-04-18 10:47:33] [SUCCESS] bvid=BV1jL97ByEAr 已成功抓取全部所需数据。
[2026-04-18 10:47:36] [ERROR] bvid=BV1jLD9BzENG 抓取失败：media: 接口返回错误代码：62002，信息：稿件不可见。
{'code': 62002, 'message': '稿件不可见', 'ttl': 1}
[2026-04-18 10:47:41] [SUCCESS] bvid=BV1jLD9BzErM 已成功抓取全部所需数据。
[2026-04-18 10:47:46] [SUCCESS] bvid=BV1jLD9BzEzo 已成功抓取全部所需数据。
[2026-04-18 10:47:51] [SUCCESS] bvid=BV1jLQxBfE5W 已成功抓取全部所需数据。
[2026-04-18 10:48:09] [SUCCESS] bvid=BV1jLXeBREW9 已成功抓取全部所需数据。
[2026-04-18 10:48:21] [SUCCESS] bvid=BV1jMDSBZEaH 已成功抓取全部所需数据。
[2026-04-18 10:48:26] [SUCCESS] bvid=BV1jMDSBZEdf 已成功抓取全部所需数据。
[2026-04-18 10:48:32] [SUCCESS] bvid=BV1jMQWBdEz5 已成功抓取全部所需数据。
[2026-04-18 10:48:37] [SUCCESS] bvid=BV1jMXDBvEJ3 已成功抓取全部所需数据。
[2026-04-18 10:48:42] [SUCCESS] bvid=BV1jMXTB1EDG 已成功抓取全部所需数据。
[2026-04-18 10:48:54] [SUCCESS] bvid=BV1jMXTB1EQv 已成功抓取全部所需数据。
[2026-04-18 10:49:00] [SUCCESS] bvid=BV1jNDsB9EtC 已成功抓取全部所需数据。
[2026-04-18 10:49:11] [SUCCESS] bvid=BV1jP93BZEQ5 已成功抓取全部所需数据。
[2026-04-18 10:49:17] [SUCCESS] bvid=BV1jP93BZEjB 已成功抓取全部所需数据。
[2026-04-18 10:49:22] [SUCCESS] bvid=BV1jP93BZExk 已成功抓取全部所需数据。
[2026-04-18 10:49:27] [SUCCESS] bvid=BV1jPDsBsEoY 已成功抓取全部所需数据。
[2026-04-18 10:49:32] [SUCCESS] bvid=BV1jPQhBkExu 已成功抓取全部所需数据。
[2026-04-18 10:49:37] [SUCCESS] bvid=BV1jPSDB4ENo 已成功抓取全部所需数据。
[2026-04-18 10:49:44] [SUCCESS] bvid=BV1jPX5BaET3 已成功抓取全部所需数据。
[2026-04-18 10:49:49] [SUCCESS] bvid=BV1jPXjBgEYu 已成功抓取全部所需数据。
[2026-04-18 10:49:54] [SUCCESS] bvid=BV1jQ9LBGEYG 已成功抓取全部所需数据。
[2026-04-18 10:50:06] [SUCCESS] bvid=BV1jQD7BuEJ2 已成功抓取全部所需数据。
[2026-04-18 10:50:12] [SUCCESS] bvid=BV1jQDKBzEVZ 已成功抓取全部所需数据。
[2026-04-18 10:50:17] [SUCCESS] bvid=BV1jR9PB6EJv 已成功抓取全部所需数据。
[2026-04-18 10:50:22] [SUCCESS] bvid=BV1jRD6BiEm1 已成功抓取全部所需数据。
[2026-04-18 10:50:22] [WARN] 当前子任务已结束，但仍有未成功抓取的视频，已导出 remaining CSV 供继续执行。
[2026-04-18 10:50:22] [INFO] 已导出剔除成功条目后的剩余 CSV：outputs\video_data\manual_crawls\manual_crawl_media_mode_A_20260418_000648\remaining_bvids_part_58.csv
[2026-04-18 10:50:22] 子任务结束时间：2026-04-18T10:50:22.441977
[TIMESTAMP][END] 2026-04-18T10:50:22
