[TIMESTAMP][BEGIN] 2026-04-18T10:50:22
[2026-04-18 10:50:25] 开始执行 CSV 批量抓取子任务 part_59。
[2026-04-18 10:50:25] 子任务开始时间：2026-04-18T10:50:22.625153
[2026-04-18 10:50:25] 输入文件：batch_input_56.csv
[2026-04-18 10:50:25] 输入唯一 bvid 数量：100
[2026-04-18 10:50:30] [SUCCESS] bvid=BV1jRD6BvEgv 已成功抓取全部所需数据。
[2026-04-18 10:50:39] [SUCCESS] bvid=BV1jRD6BvEpH 已成功抓取全部所需数据。
[2026-04-18 10:50:44] [SUCCESS] bvid=BV1jRDkBVEoS 已成功抓取全部所需数据。
[2026-04-18 10:50:50] [SUCCESS] bvid=BV1jSDPBAEU3 已成功抓取全部所需数据。
[2026-04-18 10:50:56] [SUCCESS] bvid=BV1jSXDBiE6H 已成功抓取全部所需数据。
[2026-04-18 10:51:01] [SUCCESS] bvid=BV1jSXjBzEt1 已成功抓取全部所需数据。
[2026-04-18 10:51:06] [SUCCESS] bvid=BV1jTDLBhEP1 已成功抓取全部所需数据。
[2026-04-18 10:51:17] [SUCCESS] bvid=BV1jTDLBhEZc 已成功抓取全部所需数据。
[2026-04-18 10:51:29] [SUCCESS] bvid=BV1jTDSBbESa 已成功抓取全部所需数据。
[2026-04-18 10:51:34] [SUCCESS] bvid=BV1jTDSBbEbt 已成功抓取全部所需数据。
[2026-04-18 10:51:39] [SUCCESS] bvid=BV1jTDsBpEFC 已成功抓取全部所需数据。
[2026-04-18 10:51:45] [SUCCESS] bvid=BV1jTQYBEEc1 已成功抓取全部所需数据。
[2026-04-18 10:51:50] [SUCCESS] bvid=BV1jTX8ByEWf 已成功抓取全部所需数据。
[2026-04-18 10:51:56] [SUCCESS] bvid=BV1jTX8ByEqZ 已成功抓取全部所需数据。
[2026-04-18 10:52:01] [SUCCESS] bvid=BV1jTX8ByErP 已成功抓取全部所需数据。
[2026-04-18 10:52:06] [SUCCESS] bvid=BV1jTXNBBEKc 已成功抓取全部所需数据。
[2026-04-18 10:52:12] [SUCCESS] bvid=BV1jTXNBBEPz 已成功抓取全部所需数据。
[2026-04-18 10:52:17] [SUCCESS] bvid=BV1jTXNBBEwG 已成功抓取全部所需数据。
[2026-04-18 10:52:22] [SUCCESS] bvid=BV1jTXTBjEa6 已成功抓取全部所需数据。
[2026-04-18 10:52:28] [SUCCESS] bvid=BV1jTXTBjEmV 已成功抓取全部所需数据。
[2026-04-18 10:52:33] [SUCCESS] bvid=BV1jTXjBME2e 已成功抓取全部所需数据。
[2026-04-18 10:52:37] [SUCCESS] bvid=BV1jUDLBYEyZ 已成功抓取全部所需数据。
[2026-04-18 10:52:42] [SUCCESS] bvid=BV1jUDfBpE2Q 已成功抓取全部所需数据。
[2026-04-18 10:52:47] [SUCCESS] bvid=BV1jUQYBnE4W 已成功抓取全部所需数据。
[2026-04-18 10:52:53] [SUCCESS] bvid=BV1jUXDBTENM 已成功抓取全部所需数据。
[2026-04-18 10:53:04] [SUCCESS] bvid=BV1jUXjBuE5x 已成功抓取全部所需数据。
[2026-04-18 10:53:09] [SUCCESS] bvid=BV1jUXjBuEYs 已成功抓取全部所需数据。
[2026-04-18 10:53:15] [SUCCESS] bvid=BV1jUXjBuEcx 已成功抓取全部所需数据。
[2026-04-18 10:53:26] [SUCCESS] bvid=BV1jVDQBAE9w 已成功抓取全部所需数据。
[2026-04-18 10:53:31] [SUCCESS] bvid=BV1jVDQBAEXC 已成功抓取全部所需数据。
[2026-04-18 10:53:43] [SUCCESS] bvid=BV1jVQxBcECM 已成功抓取全部所需数据。
[2026-04-18 10:53:55] [SUCCESS] bvid=BV1jWDABwECE 已成功抓取全部所需数据。
[2026-04-18 10:54:00] [SUCCESS] bvid=BV1jWDZBSEGx 已成功抓取全部所需数据。
[2026-04-18 10:54:12] [SUCCESS] bvid=BV1jWDZBSEo4 已成功抓取全部所需数据。
[2026-04-18 10:54:24] [SUCCESS] bvid=BV1jWDZBSEwx 已成功抓取全部所需数据。
[2026-04-18 10:54:30] [SUCCESS] bvid=BV1jWDxB8EsP 已成功抓取全部所需数据。
[2026-04-18 10:54:51] [SUCCESS] bvid=BV1jWQaBmEzR 已成功抓取全部所需数据。
[2026-04-18 10:54:56] [SUCCESS] bvid=BV1jWQrBzEPf 已成功抓取全部所需数据。
[2026-04-18 10:55:08] [SUCCESS] bvid=BV1jWQuBJEpi 已成功抓取全部所需数据。
[2026-04-18 10:55:13] [SUCCESS] bvid=BV1jWSQBaEZA 已成功抓取全部所需数据。
[2026-04-18 10:55:18] [SUCCESS] bvid=BV1jWXSBvEXE 已成功抓取全部所需数据。
[2026-04-18 10:55:23] [SUCCESS] bvid=BV1jWXmBoE34 已成功抓取全部所需数据。
[2026-04-18 10:55:28] [SUCCESS] bvid=BV1jWXmBoEKk 已成功抓取全部所需数据。
[2026-04-18 10:55:39] [SUCCESS] bvid=BV1jWXmBoEWu 已成功抓取全部所需数据。
[2026-04-18 10:55:45] [SUCCESS] bvid=BV1jXD7BBEQM 已成功抓取全部所需数据。
[2026-04-18 10:55:50] [SUCCESS] bvid=BV1jXDQBiEkn 已成功抓取全部所需数据。
[2026-04-18 10:55:55] [SUCCESS] bvid=BV1jXQcBtEAL 已成功抓取全部所需数据。
[2026-04-18 10:56:00] [SUCCESS] bvid=BV1jXSRBgEdz 已成功抓取全部所需数据。
[2026-04-18 10:56:05] [SUCCESS] bvid=BV1jY95BvExb 已成功抓取全部所需数据。
[2026-04-18 10:56:11] [SUCCESS] bvid=BV1jYDrBzE6g 已成功抓取全部所需数据。
[2026-04-18 10:56:16] [SUCCESS] bvid=BV1jYXMB7ECS 已成功抓取全部所需数据。
[2026-04-18 10:56:21] [SUCCESS] bvid=BV1jYXMB7EFi 已成功抓取全部所需数据。
[2026-04-18 10:56:26] [SUCCESS] bvid=BV1jYXMB7EMT 已成功抓取全部所需数据。
[2026-04-18 10:56:31] [SUCCESS] bvid=BV1jYXMB7Eki 已成功抓取全部所需数据。
[2026-04-18 10:56:36] [SUCCESS] bvid=BV1jZ9KBjE8z 已成功抓取全部所需数据。
[2026-04-18 10:56:41] [SUCCESS] bvid=BV1jZ9KBjEyK 已成功抓取全部所需数据。
[2026-04-18 10:56:52] [SUCCESS] bvid=BV1jZDkB3Era 已成功抓取全部所需数据。
[2026-04-18 10:56:58] [SUCCESS] bvid=BV1jZQxBcEWY 已成功抓取全部所需数据。
[2026-04-18 10:57:03] [SUCCESS] bvid=BV1jZX1BdE72 已成功抓取全部所需数据。
[2026-04-18 10:57:05] [ERROR] bvid=BV1jZX1BdEjN 抓取失败：media: 接口返回错误代码：62002，信息：稿件不可见。
{'code': 62002, 'message': '稿件不可见', 'ttl': 1}
[2026-04-18 10:57:15] [SUCCESS] bvid=BV1jZXoBsEms 已成功抓取全部所需数据。
[2026-04-18 10:57:20] [SUCCESS] bvid=BV1jaDzBaEwH 已成功抓取全部所需数据。
[2026-04-18 10:57:25] [SUCCESS] bvid=BV1jaX6BMEP6 已成功抓取全部所需数据。
[2026-04-18 10:57:37] [SUCCESS] bvid=BV1jaXbBzEP5 已成功抓取全部所需数据。
[2026-04-18 10:57:50] [SUCCESS] bvid=BV1jaXbBzEPC 已成功抓取全部所需数据。
[2026-04-18 10:57:55] [SUCCESS] bvid=BV1jaXbBzEPg 已成功抓取全部所需数据。
[2026-04-18 10:58:00] [SUCCESS] bvid=BV1jbDjBKE9A 已成功抓取全部所需数据。
[2026-04-18 10:58:05] [SUCCESS] bvid=BV1jbQ3B9EoB 已成功抓取全部所需数据。
[2026-04-18 10:58:10] [SUCCESS] bvid=BV1jbXKBGE5R 已成功抓取全部所需数据。
[2026-04-18 10:58:15] [SUCCESS] bvid=BV1jbXKBGE5g 已成功抓取全部所需数据。
[2026-04-18 10:58:20] [SUCCESS] bvid=BV1jbXKBGEF6 已成功抓取全部所需数据。
[2026-04-18 10:58:32] [SUCCESS] bvid=BV1jbXKBGEGY 已成功抓取全部所需数据。
[2026-04-18 10:58:43] [SUCCESS] bvid=BV1jbXKBGEWX 已成功抓取全部所需数据。
[2026-04-18 10:58:49] [SUCCESS] bvid=BV1jbXKBGEYF 已成功抓取全部所需数据。
[2026-04-18 10:58:54] [SUCCESS] bvid=BV1jbXKBGEah 已成功抓取全部所需数据。
[2026-04-18 10:58:59] [SUCCESS] bvid=BV1jbXKBGEge 已成功抓取全部所需数据。
[2026-04-18 10:59:10] [SUCCESS] bvid=BV1jbXKBGEhs 已成功抓取全部所需数据。
[2026-04-18 10:59:15] [SUCCESS] bvid=BV1jcDpBUEbA 已成功抓取全部所需数据。
[2026-04-18 10:59:20] [SUCCESS] bvid=BV1jcDpBUEig 已成功抓取全部所需数据。
[2026-04-18 10:59:26] [SUCCESS] bvid=BV1jcQ7BTE5n 已成功抓取全部所需数据。
[2026-04-18 10:59:32] [SUCCESS] bvid=BV1jcQ7BTETj 已成功抓取全部所需数据。
[2026-04-18 10:59:39] [SUCCESS] bvid=BV1jcQ7BTEqL 已成功抓取全部所需数据。
[2026-04-18 10:59:43] [SUCCESS] bvid=BV1jcX2B9EsF 已成功抓取全部所需数据。
[2026-04-18 10:59:49] [SUCCESS] bvid=BV1jcX5BeE8c 已成功抓取全部所需数据。
[2026-04-18 10:59:52] [ERROR] bvid=BV1jcXWBsEg1 抓取失败：media: 接口返回错误代码：62002，信息：稿件不可见。
{'code': 62002, 'message': '稿件不可见', 'ttl': 1}
[2026-04-18 10:59:56] [SUCCESS] bvid=BV1jcXZBpE3Y 已成功抓取全部所需数据。
[2026-04-18 11:00:01] [SUCCESS] bvid=BV1jcXZBpEqf 已成功抓取全部所需数据。
[2026-04-18 11:00:07] [SUCCESS] bvid=BV1jdDQBeEGu 已成功抓取全部所需数据。
[2026-04-18 11:00:12] [SUCCESS] bvid=BV1jdDkBkE7G 已成功抓取全部所需数据。
[2026-04-18 11:00:14] [ERROR] bvid=BV1jdQABPEzt 抓取失败：media: 接口返回错误代码：-404，信息：啥都木有。
{'code': -404, 'message': '啥都木有', 'ttl': 1}
[2026-04-18 11:00:26] [SUCCESS] bvid=BV1jdQxBaEEq 已成功抓取全部所需数据。
[2026-04-18 11:00:38] [SUCCESS] bvid=BV1je9jBkEs8 已成功抓取全部所需数据。
[2026-04-18 11:00:43] [SUCCESS] bvid=BV1jeD8BuE6T 已成功抓取全部所需数据。
[2026-04-18 11:00:49] [SUCCESS] bvid=BV1jeQiB4EUa 已成功抓取全部所需数据。
[2026-04-18 11:00:54] [SUCCESS] bvid=BV1jeQwBbEFa 已成功抓取全部所需数据。
[2026-04-18 11:01:08] [SUCCESS] bvid=BV1jeXMB2EcN 已成功抓取全部所需数据。
[2026-04-18 11:01:13] [SUCCESS] bvid=BV1jeXYB9E62 已成功抓取全部所需数据。
[2026-04-18 11:01:19] [SUCCESS] bvid=BV1jeXgBsEaM 已成功抓取全部所需数据。
[2026-04-18 11:01:30] [SUCCESS] bvid=BV1jeXgBsEav 已成功抓取全部所需数据。
[2026-04-18 11:01:41] [SUCCESS] bvid=BV1jeXgBsEby 已成功抓取全部所需数据。
[2026-04-18 11:01:41] [WARN] 当前子任务已结束，但仍有未成功抓取的视频，已导出 remaining CSV 供继续执行。
[2026-04-18 11:01:41] [INFO] 已导出剔除成功条目后的剩余 CSV：outputs\video_data\manual_crawls\manual_crawl_media_mode_A_20260418_000648\remaining_bvids_part_59.csv
[2026-04-18 11:01:41] 子任务结束时间：2026-04-18T11:01:41.914283
[TIMESTAMP][END] 2026-04-18T11:01:41
