[TIMESTAMP][BEGIN] 2026-04-18T15:57:43
[2026-04-18 15:57:45] 开始执行 CSV 批量抓取子任务 part_82。
[2026-04-18 15:57:45] 子任务开始时间：2026-04-18T15:57:43.102242
[2026-04-18 15:57:45] 输入文件：batch_input_79.csv
[2026-04-18 15:57:45] 输入唯一 bvid 数量：100
[2026-04-18 15:57:56] [SUCCESS] bvid=BV1pmDgBZEsZ 已成功抓取全部所需数据。
[2026-04-18 15:58:02] [SUCCESS] bvid=BV1pmDyBdEpZ 已成功抓取全部所需数据。
[2026-04-18 16:08:08] [SUCCESS] bvid=BV1pmQEB9Ezr 已成功抓取全部所需数据。
[2026-04-18 16:08:13] [SUCCESS] bvid=BV1pmSSBMEDE 已成功抓取全部所需数据。
[2026-04-18 16:08:18] [SUCCESS] bvid=BV1pmXVBVE7c 已成功抓取全部所需数据。
[2026-04-18 16:08:25] [SUCCESS] bvid=BV1pn9NBDE2a 已成功抓取全部所需数据。
[2026-04-18 16:08:30] [SUCCESS] bvid=BV1pn9NBXESE 已成功抓取全部所需数据。
[2026-04-18 16:08:35] [SUCCESS] bvid=BV1pn9jBHEfw 已成功抓取全部所需数据。
[2026-04-18 16:08:41] [SUCCESS] bvid=BV1pnDDBzEuj 已成功抓取全部所需数据。
[2026-04-18 16:08:46] [SUCCESS] bvid=BV1pnDrBmE51 已成功抓取全部所需数据。
[2026-04-18 16:08:51] [SUCCESS] bvid=BV1pnQwBMEQR 已成功抓取全部所需数据。
[2026-04-18 16:08:56] [SUCCESS] bvid=BV1pnQwBMEVe 已成功抓取全部所需数据。
[2026-04-18 16:09:02] [SUCCESS] bvid=BV1pnXMBxELa 已成功抓取全部所需数据。
[2026-04-18 16:09:10] [SUCCESS] bvid=BV1pnXMBxEjC 已成功抓取全部所需数据。
[2026-04-18 16:09:15] [SUCCESS] bvid=BV1po9cBrENk 已成功抓取全部所需数据。
[2026-04-18 16:09:20] [SUCCESS] bvid=BV1poDUBKEBV 已成功抓取全部所需数据。
[2026-04-18 16:09:25] [SUCCESS] bvid=BV1poDUBKEDe 已成功抓取全部所需数据。
[2026-04-18 16:09:30] [SUCCESS] bvid=BV1poDUBKEQY 已成功抓取全部所需数据。
[2026-04-18 16:09:47] [SUCCESS] bvid=BV1poDUBKER1 已成功抓取全部所需数据。
[2026-04-18 16:09:52] [SUCCESS] bvid=BV1poDUBKES9 已成功抓取全部所需数据。
[2026-04-18 16:09:57] [SUCCESS] bvid=BV1poQpBPEB3 已成功抓取全部所需数据。
[2026-04-18 16:10:03] [SUCCESS] bvid=BV1poXbBHE2F 已成功抓取全部所需数据。
[2026-04-18 16:10:08] [SUCCESS] bvid=BV1poXbBHECt 已成功抓取全部所需数据。
[2026-04-18 16:10:13] [SUCCESS] bvid=BV1poXbBHERD 已成功抓取全部所需数据。
[2026-04-18 16:10:19] [SUCCESS] bvid=BV1poXbBHEXj 已成功抓取全部所需数据。
[2026-04-18 16:10:24] [SUCCESS] bvid=BV1poXbBHEZe 已成功抓取全部所需数据。
[2026-04-18 16:10:28] [SUCCESS] bvid=BV1poXbBHEft 已成功抓取全部所需数据。
[2026-04-18 16:10:34] [SUCCESS] bvid=BV1poXbBHEgR 已成功抓取全部所需数据。
[2026-04-18 16:10:38] [SUCCESS] bvid=BV1poXbBHEoV 已成功抓取全部所需数据。
[2026-04-18 16:10:43] [SUCCESS] bvid=BV1ppQPByE2T 已成功抓取全部所需数据。
[2026-04-18 16:10:54] [SUCCESS] bvid=BV1ppQPByEhw 已成功抓取全部所需数据。
[2026-04-18 16:10:59] [SUCCESS] bvid=BV1ppSZB4E8C 已成功抓取全部所需数据。
[2026-04-18 16:11:04] [SUCCESS] bvid=BV1ppSZB4EWk 已成功抓取全部所需数据。
[2026-04-18 16:11:09] [SUCCESS] bvid=BV1ppSZB4EcP 已成功抓取全部所需数据。
[2026-04-18 16:11:14] [SUCCESS] bvid=BV1ppSZB4En7 已成功抓取全部所需数据。
[2026-04-18 16:11:18] [SUCCESS] bvid=BV1ppSZB4Eph 已成功抓取全部所需数据。
[2026-04-18 16:11:24] [SUCCESS] bvid=BV1ppSZB4Etx 已成功抓取全部所需数据。
[2026-04-18 16:11:28] [SUCCESS] bvid=BV1ppSZB4EuN 已成功抓取全部所需数据。
[2026-04-18 16:11:33] [SUCCESS] bvid=BV1ppSZBtEcP 已成功抓取全部所需数据。
[2026-04-18 16:11:41] [SUCCESS] bvid=BV1ppXGB6EQr 已成功抓取全部所需数据。
[2026-04-18 16:11:54] [SUCCESS] bvid=BV1pqDBBuEU9 已成功抓取全部所需数据。
[2026-04-18 16:12:02] [ERROR] bvid=BV1pqXDB1Eaa 抓取失败：media: 接口返回错误代码：62002，信息：稿件不可见。
{'code': 62002, 'message': '稿件不可见', 'ttl': 1}
[2026-04-18 16:12:08] [SUCCESS] bvid=BV1pqXDByE5Y 已成功抓取全部所需数据。
[2026-04-18 16:12:13] [SUCCESS] bvid=BV1pqXDByENn 已成功抓取全部所需数据。
[2026-04-18 16:12:15] [ERROR] bvid=BV1pqXDByEjn 抓取失败：media: 接口返回错误代码：-404，信息：啥都木有。
{'code': -404, 'message': '啥都木有', 'ttl': 1}
[2026-04-18 16:12:18] [ERROR] bvid=BV1pqXDByEsP 抓取失败：media: 接口返回错误代码：-404，信息：啥都木有。
{'code': -404, 'message': '啥都木有', 'ttl': 1}
[2026-04-18 16:12:23] [SUCCESS] bvid=BV1pqXTBdENr 已成功抓取全部所需数据。
[2026-04-18 16:12:27] [SUCCESS] bvid=BV1pqXjBmEww 已成功抓取全部所需数据。
[2026-04-18 16:12:40] [SUCCESS] bvid=BV1prDKBjEPa 已成功抓取全部所需数据。
[2026-04-18 16:12:45] [SUCCESS] bvid=BV1prXXBSEWL 已成功抓取全部所需数据。
[2026-04-18 16:12:56] [SUCCESS] bvid=BV1psDuBRE4R 已成功抓取全部所需数据。
[2026-04-18 16:13:07] [SUCCESS] bvid=BV1psDuBREQZ 已成功抓取全部所需数据。
[2026-04-18 16:13:12] [SUCCESS] bvid=BV1psQPBVEu6 已成功抓取全部所需数据。
[2026-04-18 16:13:17] [SUCCESS] bvid=BV1psXGBuE6R 已成功抓取全部所需数据。
[2026-04-18 16:13:22] [SUCCESS] bvid=BV1psXGBuEKZ 已成功抓取全部所需数据。
[2026-04-18 16:13:27] [SUCCESS] bvid=BV1psXGBuESA 已成功抓取全部所需数据。
[2026-04-18 16:13:32] [SUCCESS] bvid=BV1psXGBuEvB 已成功抓取全部所需数据。
[2026-04-18 16:13:36] [SUCCESS] bvid=BV1psXgBhELA 已成功抓取全部所需数据。
[2026-04-18 16:13:55] [SUCCESS] bvid=BV1pt9EBsEgp 已成功抓取全部所需数据。
[2026-04-18 16:14:00] [SUCCESS] bvid=BV1pt9nBAEQv 已成功抓取全部所需数据。
[2026-04-18 16:14:05] [SUCCESS] bvid=BV1ptDeBfEYU 已成功抓取全部所需数据。
[2026-04-18 16:14:17] [SUCCESS] bvid=BV1ptQMBoEU8 已成功抓取全部所需数据。
[2026-04-18 16:14:24] [SUCCESS] bvid=BV1ptQMBoEj2 已成功抓取全部所需数据。
[2026-04-18 16:14:28] [SUCCESS] bvid=BV1ptXGBTE4W 已成功抓取全部所需数据。
[2026-04-18 16:14:40] [SUCCESS] bvid=BV1ptXGBTEH5 已成功抓取全部所需数据。
[2026-04-18 16:14:50] [SUCCESS] bvid=BV1ptXGBTEME 已成功抓取全部所需数据。
[2026-04-18 16:14:55] [SUCCESS] bvid=BV1ptXGBTES3 已成功抓取全部所需数据。
[2026-04-18 16:15:00] [SUCCESS] bvid=BV1ptXGBTEa5 已成功抓取全部所需数据。
[2026-04-18 16:15:05] [SUCCESS] bvid=BV1ptXGBTEtD 已成功抓取全部所需数据。
[2026-04-18 16:15:10] [SUCCESS] bvid=BV1pu9gBvEji 已成功抓取全部所需数据。
[2026-04-18 16:15:21] [SUCCESS] bvid=BV1pu9gBvEvc 已成功抓取全部所需数据。
[2026-04-18 16:15:32] [SUCCESS] bvid=BV1puDGBYEnr 已成功抓取全部所需数据。
[2026-04-18 16:15:44] [SUCCESS] bvid=BV1puDWBwEgV 已成功抓取全部所需数据。
[2026-04-18 16:15:49] [SUCCESS] bvid=BV1puDZBFEd9 已成功抓取全部所需数据。
[2026-04-18 16:15:54] [SUCCESS] bvid=BV1puDdBHEgF 已成功抓取全部所需数据。
[2026-04-18 16:16:00] [SUCCESS] bvid=BV1puSSBPEtd 已成功抓取全部所需数据。
[2026-04-18 16:16:13] [SUCCESS] bvid=BV1puXPB7E2x 已成功抓取全部所需数据。
[2026-04-18 16:16:18] [SUCCESS] bvid=BV1puXPB7E5Y 已成功抓取全部所需数据。
[2026-04-18 16:16:30] [SUCCESS] bvid=BV1puXPB7EHK 已成功抓取全部所需数据。
[2026-04-18 16:16:35] [SUCCESS] bvid=BV1puXPB7ESh 已成功抓取全部所需数据。
[2026-04-18 16:16:46] [SUCCESS] bvid=BV1puXPB7Ez1 已成功抓取全部所需数据。
[2026-04-18 16:16:58] [SUCCESS] bvid=BV1puXVBuEib 已成功抓取全部所需数据。
[2026-04-18 16:17:08] [SUCCESS] bvid=BV1puXVBuEt3 已成功抓取全部所需数据。
[2026-04-18 16:17:20] [SUCCESS] bvid=BV1pvDLBGEu5 已成功抓取全部所需数据。
[2026-04-18 16:17:31] [SUCCESS] bvid=BV1pvDPBkEvn 已成功抓取全部所需数据。
[2026-04-18 16:17:36] [SUCCESS] bvid=BV1pvXNBJE6g 已成功抓取全部所需数据。
[2026-04-18 16:17:41] [SUCCESS] bvid=BV1pvXNBJEDo 已成功抓取全部所需数据。
[2026-04-18 16:17:47] [SUCCESS] bvid=BV1pvXzB7EM8 已成功抓取全部所需数据。
[2026-04-18 16:17:58] [SUCCESS] bvid=BV1pwD9BEEBm 已成功抓取全部所需数据。
[2026-04-18 16:18:03] [SUCCESS] bvid=BV1pwD9BEEYM 已成功抓取全部所需数据。
[2026-04-18 16:18:08] [SUCCESS] bvid=BV1pwD9BEEZp 已成功抓取全部所需数据。
[2026-04-18 16:18:22] [SUCCESS] bvid=BV1pwD9BEEax 已成功抓取全部所需数据。
[2026-04-18 16:18:28] [SUCCESS] bvid=BV1pwDMBQEDv 已成功抓取全部所需数据。
[2026-04-18 16:18:33] [SUCCESS] bvid=BV1pwQxBBEZr 已成功抓取全部所需数据。
[2026-04-18 16:18:45] [SUCCESS] bvid=BV1pwXaBdEFL 已成功抓取全部所需数据。
[2026-04-18 16:18:50] [SUCCESS] bvid=BV1pwXeBeEUS 已成功抓取全部所需数据。
[2026-04-18 16:18:55] [SUCCESS] bvid=BV1pwXeBeEmt 已成功抓取全部所需数据。
[2026-04-18 16:19:00] [SUCCESS] bvid=BV1px9EBdEZ3 已成功抓取全部所需数据。
[2026-04-18 16:19:05] [SUCCESS] bvid=BV1px9EBdEps 已成功抓取全部所需数据。
[2026-04-18 16:19:10] [SUCCESS] bvid=BV1pxDaBpE2g 已成功抓取全部所需数据。
[2026-04-18 16:19:10] [WARN] 当前子任务已结束，但仍有未成功抓取的视频，已导出 remaining CSV 供继续执行。
[2026-04-18 16:19:10] [INFO] 已导出剔除成功条目后的剩余 CSV：outputs\video_data\manual_crawls\manual_crawl_media_mode_A_20260418_000648\remaining_bvids_part_82.csv
[2026-04-18 16:19:10] 子任务结束时间：2026-04-18T16:19:10.772513
[TIMESTAMP][END] 2026-04-18T16:19:10
