[TIMESTAMP][BEGIN] 2026-04-18T18:55:01
[2026-04-18 18:55:04] 开始执行 CSV 批量抓取子任务 part_91。
[2026-04-18 18:55:04] 子任务开始时间：2026-04-18T18:55:01.735179
[2026-04-18 18:55:04] 输入文件：batch_input_88.csv
[2026-04-18 18:55:04] 输入唯一 bvid 数量：100
[2026-04-18 18:55:08] [SUCCESS] bvid=BV1roX4BCEoF 已成功抓取全部所需数据。
[2026-04-18 18:55:13] [SUCCESS] bvid=BV1roXPBLEGC 已成功抓取全部所需数据。
[2026-04-18 18:55:19] [SUCCESS] bvid=BV1roXbBHEoD 已成功抓取全部所需数据。
[2026-04-18 18:55:25] [SUCCESS] bvid=BV1rp9NBnEfj 已成功抓取全部所需数据。
[2026-04-18 18:55:30] [SUCCESS] bvid=BV1rpSdBUECk 已成功抓取全部所需数据。
[2026-04-18 18:55:35] [SUCCESS] bvid=BV1rpXhBpEfA 已成功抓取全部所需数据。
[2026-04-18 18:55:40] [SUCCESS] bvid=BV1rq93BNEt5 已成功抓取全部所需数据。
[2026-04-18 18:55:44] [SUCCESS] bvid=BV1rqDiBhEvF 已成功抓取全部所需数据。
[2026-04-18 18:55:58] [SUCCESS] bvid=BV1rqQYBoETz 已成功抓取全部所需数据。
[2026-04-18 18:56:02] [SUCCESS] bvid=BV1rqQcBqEmk 已成功抓取全部所需数据。
[2026-04-18 18:56:07] [SUCCESS] bvid=BV1rqQgBbEFo 已成功抓取全部所需数据。
[2026-04-18 18:56:10] [ERROR] bvid=BV1rqXDByErR 抓取失败：media: 接口返回错误代码：62002，信息：稿件不可见。
{'code': 62002, 'message': '稿件不可见', 'ttl': 1}
[2026-04-18 18:56:18] [ERROR] bvid=BV1rqXTBRErG 抓取失败：media: 接口返回错误代码：62002，信息：稿件不可见。
{'code': 62002, 'message': '稿件不可见', 'ttl': 1}
[2026-04-18 18:56:23] [SUCCESS] bvid=BV1rqXTBREy2 已成功抓取全部所需数据。
[2026-04-18 18:56:28] [SUCCESS] bvid=BV1rqXjB2Eeo 已成功抓取全部所需数据。
[2026-04-18 18:56:35] [SUCCESS] bvid=BV1rqXqBMEWp 已成功抓取全部所需数据。
[2026-04-18 18:56:46] [SUCCESS] bvid=BV1rr9VBgEWM 已成功抓取全部所需数据。
[2026-04-18 18:56:51] [SUCCESS] bvid=BV1rrSRB2ESD 已成功抓取全部所需数据。
[2026-04-18 18:56:56] [SUCCESS] bvid=BV1rs9jBUEJa 已成功抓取全部所需数据。
[2026-04-18 18:57:01] [SUCCESS] bvid=BV1rsDXBCEHN 已成功抓取全部所需数据。
[2026-04-18 18:57:06] [SUCCESS] bvid=BV1rsQ4BrEf7 已成功抓取全部所需数据。
[2026-04-18 18:57:10] [SUCCESS] bvid=BV1rsXgBhEK3 已成功抓取全部所需数据。
[2026-04-18 18:57:16] [SUCCESS] bvid=BV1rtDCBDEW7 已成功抓取全部所需数据。
[2026-04-18 18:57:18] [ERROR] bvid=BV1rtDCBDEjJ 抓取失败：media: 接口返回错误代码：-404，信息：啥都木有。
{'code': -404, 'message': '啥都木有', 'ttl': 1}
[2026-04-18 18:57:24] [SUCCESS] bvid=BV1rtDRBJE7s 已成功抓取全部所需数据。
[2026-04-18 18:57:29] [SUCCESS] bvid=BV1rtDXBrEK1 已成功抓取全部所需数据。
[2026-04-18 18:57:35] [SUCCESS] bvid=BV1rtDXBrEPY 已成功抓取全部所需数据。
[2026-04-18 18:57:38] [ERROR] bvid=BV1rtDnBHE1Y 抓取失败：media: 接口返回错误代码：62012，信息：62012。
{'code': 62012, 'message': '62012', 'ttl': 1}
[2026-04-18 18:57:43] [SUCCESS] bvid=BV1rtQ4BzEvR 已成功抓取全部所需数据。
[2026-04-18 18:57:48] [SUCCESS] bvid=BV1rtQPB3EVP 已成功抓取全部所需数据。
[2026-04-18 18:57:53] [SUCCESS] bvid=BV1rtQPB3EiN 已成功抓取全部所需数据。
[2026-04-18 18:58:05] [SUCCESS] bvid=BV1rtSUBwEG6 已成功抓取全部所需数据。
[2026-04-18 18:58:12] [SUCCESS] bvid=BV1rtXYBoEnX 已成功抓取全部所需数据。
[2026-04-18 18:58:15] [ERROR] bvid=BV1ru97BUETa 抓取失败：media: 接口返回错误代码：62002，信息：稿件不可见。
{'code': 62002, 'message': '稿件不可见', 'ttl': 1}
[2026-04-18 18:58:26] [SUCCESS] bvid=BV1ru9JB4EhU 已成功抓取全部所需数据。
[2026-04-18 18:58:36] [SUCCESS] bvid=BV1ru9JB4Esj 已成功抓取全部所需数据。
[2026-04-18 18:58:41] [SUCCESS] bvid=BV1ruDHBWEFD 已成功抓取全部所需数据。
[2026-04-18 18:58:45] [SUCCESS] bvid=BV1ruXeBfEWf 已成功抓取全部所需数据。
[2026-04-18 18:58:58] [SUCCESS] bvid=BV1rvDfBcEk6 已成功抓取全部所需数据。
[2026-04-18 18:59:12] [SUCCESS] bvid=BV1rvQhBnEd5 已成功抓取全部所需数据。
[2026-04-18 18:59:17] [SUCCESS] bvid=BV1rvSDBNEYF 已成功抓取全部所需数据。
[2026-04-18 18:59:35] [SUCCESS] bvid=BV1rvX5BgEwQ 已成功抓取全部所需数据。
[2026-04-18 18:59:39] [SUCCESS] bvid=BV1rvXNBEETL 已成功抓取全部所需数据。
[2026-04-18 18:59:51] [SUCCESS] bvid=BV1rvXNBEEi9 已成功抓取全部所需数据。
[2026-04-18 19:00:05] [SUCCESS] bvid=BV1rvXNBEEiV 已成功抓取全部所需数据。
[2026-04-18 19:00:16] [SUCCESS] bvid=BV1rvXNBEEnJ 已成功抓取全部所需数据。
[2026-04-18 19:00:21] [SUCCESS] bvid=BV1rvXNBEEsg 已成功抓取全部所需数据。
[2026-04-18 19:00:33] [SUCCESS] bvid=BV1rvXqBBESL 已成功抓取全部所需数据。
[2026-04-18 19:00:39] [SUCCESS] bvid=BV1rvXqBBEpe 已成功抓取全部所需数据。
[2026-04-18 19:00:44] [SUCCESS] bvid=BV1rvXzBjEZq 已成功抓取全部所需数据。
[2026-04-18 19:00:56] [SUCCESS] bvid=BV1rvXzBjEdg 已成功抓取全部所需数据。
[2026-04-18 19:01:01] [SUCCESS] bvid=BV1rwDQB6Eb5 已成功抓取全部所需数据。
[2026-04-18 19:01:06] [SUCCESS] bvid=BV1rwQGBcE7k 已成功抓取全部所需数据。
[2026-04-18 19:01:18] [SUCCESS] bvid=BV1rwQGBcEk1 已成功抓取全部所需数据。
[2026-04-18 19:01:24] [SUCCESS] bvid=BV1rwXXBjE1n 已成功抓取全部所需数据。
[2026-04-18 19:01:30] [SUCCESS] bvid=BV1rwXXBjEqV 已成功抓取全部所需数据。
[2026-04-18 19:01:42] [SUCCESS] bvid=BV1rwXaBdE5u 已成功抓取全部所需数据。
[2026-04-18 19:01:47] [SUCCESS] bvid=BV1rx9EBdEeH 已成功抓取全部所需数据。
[2026-04-18 19:02:04] [SUCCESS] bvid=BV1rxQPBkEUW 已成功抓取全部所需数据。
[2026-04-18 19:02:16] [SUCCESS] bvid=BV1rxSZBsErs 已成功抓取全部所需数据。
[2026-04-18 19:02:28] [SUCCESS] bvid=BV1ry97B9E4k 已成功抓取全部所需数据。
[2026-04-18 19:02:39] [SUCCESS] bvid=BV1ryD6BGEhh 已成功抓取全部所需数据。
[2026-04-18 19:02:50] [SUCCESS] bvid=BV1ryQ5BgE4o 已成功抓取全部所需数据。
[2026-04-18 19:02:58] [SUCCESS] bvid=BV1ryQ5BgERJ 已成功抓取全部所需数据。
[2026-04-18 19:03:03] [SUCCESS] bvid=BV1ryXCBdEsp 已成功抓取全部所需数据。
[2026-04-18 19:03:08] [SUCCESS] bvid=BV1ryXuBZEUV 已成功抓取全部所需数据。
[2026-04-18 19:03:13] [SUCCESS] bvid=BV1rzQYBxEUg 已成功抓取全部所需数据。
[2026-04-18 19:03:24] [SUCCESS] bvid=BV1rzQYBxEm6 已成功抓取全部所需数据。
[2026-04-18 19:03:30] [SUCCESS] bvid=BV1rzQvBPE9M 已成功抓取全部所需数据。
[2026-04-18 19:03:42] [SUCCESS] bvid=BV1rzSXBgEug 已成功抓取全部所需数据。
[2026-04-18 19:03:47] [SUCCESS] bvid=BV1rzXTBWEZh 已成功抓取全部所需数据。
[2026-04-18 19:03:58] [SUCCESS] bvid=BV1rzXTBWEg5 已成功抓取全部所需数据。
[2026-04-18 19:04:04] [SUCCESS] bvid=BV1rzXjBLEPw 已成功抓取全部所需数据。
[2026-04-18 19:04:08] [SUCCESS] bvid=BV1rzXjBLEh3 已成功抓取全部所需数据。
[2026-04-18 19:04:20] [SUCCESS] bvid=BV1rzXrBHEZi 已成功抓取全部所需数据。
[2026-04-18 19:04:25] [SUCCESS] bvid=BV1s1XPBXEJP 已成功抓取全部所需数据。
[2026-04-18 19:04:30] [SUCCESS] bvid=BV1s1XfBGEbk 已成功抓取全部所需数据。
[2026-04-18 19:04:35] [SUCCESS] bvid=BV1s1XmBkEhC 已成功抓取全部所需数据。
[2026-04-18 19:04:41] [SUCCESS] bvid=BV1s2QEBsEWH 已成功抓取全部所需数据。
[2026-04-18 19:04:46] [SUCCESS] bvid=BV1s2X4BnEoa 已成功抓取全部所需数据。
[2026-04-18 19:04:57] [SUCCESS] bvid=BV1s2XLBQEqU 已成功抓取全部所需数据。
[2026-04-18 19:05:09] [SUCCESS] bvid=BV1s3DqBMEgN 已成功抓取全部所需数据。
[2026-04-18 19:05:14] [SUCCESS] bvid=BV1s3DtBjEoU 已成功抓取全部所需数据。
[2026-04-18 19:05:26] [SUCCESS] bvid=BV1s3QFBiEDM 已成功抓取全部所需数据。
[2026-04-18 19:05:39] [SUCCESS] bvid=BV1s3QFBiENM 已成功抓取全部所需数据。
[2026-04-18 19:05:45] [SUCCESS] bvid=BV1s3QeBeEQW 已成功抓取全部所需数据。
[2026-04-18 19:05:49] [SUCCESS] bvid=BV1s3QeBeEej 已成功抓取全部所需数据。
[2026-04-18 19:05:55] [SUCCESS] bvid=BV1s3XKB9EEc 已成功抓取全部所需数据。
[2026-04-18 19:06:01] [SUCCESS] bvid=BV1s3XKB9EWR 已成功抓取全部所需数据。
[2026-04-18 19:06:07] [SUCCESS] bvid=BV1s3XKB9EWp 已成功抓取全部所需数据。
[2026-04-18 19:06:12] [SUCCESS] bvid=BV1s3XKB9EiG 已成功抓取全部所需数据。
[2026-04-18 19:06:17] [SUCCESS] bvid=BV1s3XKB9Eqp 已成功抓取全部所需数据。
[2026-04-18 19:06:26] [SUCCESS] bvid=BV1s3XKB9ExE 已成功抓取全部所需数据。
[2026-04-18 19:06:38] [SUCCESS] bvid=BV1s3XMBaEin 已成功抓取全部所需数据。
[2026-04-18 19:06:49] [SUCCESS] bvid=BV1s4DiBME1N 已成功抓取全部所需数据。
[2026-04-18 19:06:52] [ERROR] bvid=BV1s4DiBME3b 抓取失败：media: 接口返回错误代码：-404，信息：啥都木有。
{'code': -404, 'message': '啥都木有', 'ttl': 1}
[2026-04-18 19:06:57] [SUCCESS] bvid=BV1s4DsBzEiv 已成功抓取全部所需数据。
[2026-04-18 19:07:03] [SUCCESS] bvid=BV1s4QMBtEmX 已成功抓取全部所需数据。
[2026-04-18 19:07:09] [SUCCESS] bvid=BV1s4X5B1ESB 已成功抓取全部所需数据。
[2026-04-18 19:07:21] [SUCCESS] bvid=BV1s4X5B1EtD 已成功抓取全部所需数据。
[2026-04-18 19:07:21] [WARN] 当前子任务已结束，但仍有未成功抓取的视频，已导出 remaining CSV 供继续执行。
[2026-04-18 19:07:21] [INFO] 已导出剔除成功条目后的剩余 CSV：outputs\video_data\manual_crawls\manual_crawl_media_mode_A_20260418_000648\remaining_bvids_part_91.csv
[2026-04-18 19:07:21] 子任务结束时间：2026-04-18T19:07:21.517712
[TIMESTAMP][END] 2026-04-18T19:07:21
