[TIMESTAMP][BEGIN] 2026-04-18T00:58:17
[2026-04-18 00:58:25] 开始执行 CSV 批量抓取子任务 part_6。
[2026-04-18 00:58:25] 子任务开始时间：2026-04-18T00:58:17.687011
[2026-04-18 00:58:25] 输入文件：batch_input_6.csv
[2026-04-18 00:58:25] 输入唯一 bvid 数量：100
[2026-04-18 00:58:28] [ERROR] bvid=BV1HcXaB4EZB 抓取失败：media: 接口返回错误代码：62002，信息：稿件不可见。
{'code': 62002, 'message': '稿件不可见', 'ttl': 1}
[2026-04-18 00:58:40] [SUCCESS] bvid=BV1HdDZBZEvm 已成功抓取全部所需数据。
[2026-04-18 00:58:52] [SUCCESS] bvid=BV1HmQ5BMET9 已成功抓取全部所需数据。
[2026-04-18 00:59:04] [SUCCESS] bvid=BV1HmQtB1EtJ 已成功抓取全部所需数据。
[2026-04-18 00:59:07] [ERROR] bvid=BV1HnXMBxEcY 抓取失败：media: 接口返回错误代码：-404，信息：啥都木有。
{'code': -404, 'message': '啥都木有', 'ttl': 1}
[2026-04-18 00:59:12] [SUCCESS] bvid=BV1HoQuBoE7M 已成功抓取全部所需数据。
[2026-04-18 00:59:18] [SUCCESS] bvid=BV1HqQgBbEPk 已成功抓取全部所需数据。
[2026-04-18 00:59:21] [ERROR] bvid=BV1HqXDByEQ6 抓取失败：media: 接口返回错误代码：-404，信息：啥都木有。
{'code': -404, 'message': '啥都木有', 'ttl': 1}
[2026-04-18 00:59:23] [ERROR] bvid=BV1HqXDByERG 抓取失败：media: 接口返回错误代码：-404，信息：啥都木有。
{'code': -404, 'message': '啥都木有', 'ttl': 1}
[2026-04-18 00:59:29] [SUCCESS] bvid=BV1HrQGBeEEQ 已成功抓取全部所需数据。
[2026-04-18 00:59:41] [SUCCESS] bvid=BV1HrQGBeEfm 已成功抓取全部所需数据。
[2026-04-18 00:59:54] [SUCCESS] bvid=BV1HtQ4B6Etq 已成功抓取全部所需数据。
[2026-04-18 00:59:57] [ERROR] bvid=BV1HxXGBBESv 抓取失败：media: No downloadable media stream found for this bvid.
[2026-04-18 01:00:09] [SUCCESS] bvid=BV1HyQ5BgENR 已成功抓取全部所需数据。
[2026-04-18 01:00:15] [SUCCESS] bvid=BV1HyQ5BgEgo 已成功抓取全部所需数据。
[2026-04-18 01:00:20] [SUCCESS] bvid=BV1J3QjBrE9i 已成功抓取全部所需数据。
[2026-04-18 01:00:28] [ERROR] bvid=BV1J3XoBoEq5 抓取失败：media: 接口返回错误代码：-404，信息：啥都木有。
{'code': -404, 'message': '啥都木有', 'ttl': 1}
[2026-04-18 01:00:31] [ERROR] bvid=BV1J4XgBFEDQ 抓取失败：media: No downloadable media stream found for this bvid.
[2026-04-18 01:00:49] [SUCCESS] bvid=BV1J5QtBMEH5 已成功抓取全部所需数据。
[2026-04-18 01:00:52] [ERROR] bvid=BV1J5XLBCEQU 抓取失败：media: 接口返回错误代码：62002，信息：稿件不可见。
{'code': 62002, 'message': '稿件不可见', 'ttl': 1}
[2026-04-18 01:00:57] [SUCCESS] bvid=BV1J6QgB4EUD 已成功抓取全部所需数据。
[2026-04-18 01:01:00] [ERROR] bvid=BV1J7XKBSE2L 抓取失败：media: No downloadable media stream found for this bvid.
[2026-04-18 01:01:05] [SUCCESS] bvid=BV1J9QEBSEXm 已成功抓取全部所需数据。
[2026-04-18 01:01:11] [SUCCESS] bvid=BV1JBQgBZEju 已成功抓取全部所需数据。
[2026-04-18 01:01:14] [ERROR] bvid=BV1JBXUBKEG1 抓取失败：media: 接口返回错误代码：-404，信息：啥都木有。
{'code': -404, 'message': '啥都木有', 'ttl': 1}
[2026-04-18 01:01:19] [SUCCESS] bvid=BV1JCQGBAEz8 已成功抓取全部所需数据。
[2026-04-18 01:01:22] [ERROR] bvid=BV1JLDvBoEtk 抓取失败：media: 接口返回错误代码：-404，信息：啥都木有。
{'code': -404, 'message': '啥都木有', 'ttl': 1}
[2026-04-18 01:01:25] [ERROR] bvid=BV1JLXPBVERj 抓取失败：media: 接口返回错误代码：62012，信息：62012。
{'code': 62012, 'message': '62012', 'ttl': 1}
[2026-04-18 01:01:31] [SUCCESS] bvid=BV1JMD9B5Eo3 已成功抓取全部所需数据。
[2026-04-18 01:01:34] [ERROR] bvid=BV1JNXrB1ETF 抓取失败：media: 接口返回错误代码：62002，信息：稿件不可见。
{'code': 62002, 'message': '稿件不可见', 'ttl': 1}
[2026-04-18 01:01:36] [ERROR] bvid=BV1JPX8B2EJR 抓取失败：media: 接口返回错误代码：62002，信息：稿件不可见。
{'code': 62002, 'message': '稿件不可见', 'ttl': 1}
[2026-04-18 01:01:42] [SUCCESS] bvid=BV1JSQjByEb3 已成功抓取全部所需数据。
[2026-04-18 01:01:54] [SUCCESS] bvid=BV1JSQxBiE9a 已成功抓取全部所需数据。
[2026-04-18 01:02:00] [SUCCESS] bvid=BV1JSQxBiEGb 已成功抓取全部所需数据。
[2026-04-18 01:02:12] [SUCCESS] bvid=BV1JTDQBTECB 已成功抓取全部所需数据。
[2026-04-18 01:02:24] [SUCCESS] bvid=BV1JVQjBgESU 已成功抓取全部所需数据。
[2026-04-18 01:02:27] [ERROR] bvid=BV1JYDaBmEKx 抓取失败：media: 接口返回错误代码：62002，信息：稿件不可见。
{'code': 62002, 'message': '稿件不可见', 'ttl': 1}
[2026-04-18 01:02:32] [SUCCESS] bvid=BV1JiQ7BVEPM 已成功抓取全部所需数据。
[2026-04-18 01:02:35] [ERROR] bvid=BV1JiX5BzESQ 抓取失败：media: 接口返回错误代码：62002，信息：稿件不可见。
{'code': 62002, 'message': '稿件不可见', 'ttl': 1}
[2026-04-18 01:02:38] [ERROR] bvid=BV1JiXUBqEqC 抓取失败：media: No downloadable media stream found for this bvid.
[2026-04-18 01:02:43] [SUCCESS] bvid=BV1JmQ5BMECj 已成功抓取全部所需数据。
[2026-04-18 01:02:48] [SUCCESS] bvid=BV1JoQEBmEWo 已成功抓取全部所需数据。
[2026-04-18 01:02:52] [ERROR] bvid=BV1JpXKBjEHh 抓取失败：media: 接口返回错误代码：-404，信息：啥都木有。
{'code': -404, 'message': '啥都木有', 'ttl': 1}
[2026-04-18 01:02:54] [ERROR] bvid=BV1JuX3BhEbj 抓取失败：media: 接口返回错误代码：62002，信息：稿件不可见。
{'code': 62002, 'message': '稿件不可见', 'ttl': 1}
[2026-04-18 01:02:57] [ERROR] bvid=BV1JwXTBSEKy 抓取失败：media: 接口返回错误代码：62002，信息：稿件不可见。
{'code': 62002, 'message': '稿件不可见', 'ttl': 1}
[2026-04-18 01:03:00] [ERROR] bvid=BV1Jx95BgEvo 抓取失败：media: 接口返回错误代码：62002，信息：稿件不可见。
{'code': 62002, 'message': '稿件不可见', 'ttl': 1}
[2026-04-18 01:03:05] [SUCCESS] bvid=BV1JyQGBaE7a 已成功抓取全部所需数据。
[2026-04-18 01:03:08] [ERROR] bvid=BV1K29gBgEG1 抓取失败：media: 接口返回错误代码：62002，信息：稿件不可见。
{'code': 62002, 'message': '稿件不可见', 'ttl': 1}
[2026-04-18 01:03:14] [SUCCESS] bvid=BV1K2QuBeE4e 已成功抓取全部所需数据。
[2026-04-18 01:03:22] [ERROR] bvid=BV1K59jB4EEu 抓取失败：media: 接口返回错误代码：62002，信息：稿件不可见。
{'code': 62002, 'message': '稿件不可见', 'ttl': 1}
[2026-04-18 01:03:28] [SUCCESS] bvid=BV1K6D9BpEgp 已成功抓取全部所需数据。
[2026-04-18 01:03:33] [SUCCESS] bvid=BV1K7QLBmEEK 已成功抓取全部所需数据。
[2026-04-18 01:03:42] [ERROR] bvid=BV1K8QWBrEoP 抓取失败：media: 接口返回错误代码：62002，信息：稿件不可见。
{'code': 62002, 'message': '稿件不可见', 'ttl': 1}
[2026-04-18 01:03:47] [SUCCESS] bvid=BV1KBQtBQEb4 已成功抓取全部所需数据。
[2026-04-18 01:03:50] [ERROR] bvid=BV1KBX1BzEjy 抓取失败：media: 接口返回错误代码：62002，信息：稿件不可见。
{'code': 62002, 'message': '稿件不可见', 'ttl': 1}
[2026-04-18 01:03:52] [ERROR] bvid=BV1KMXKBoEtj 抓取失败：media: 接口返回错误代码：62012，信息：62012。
{'code': 62012, 'message': '62012', 'ttl': 1}
[2026-04-18 01:03:55] [ERROR] bvid=BV1KSXKBZE3J 抓取失败：media: 接口返回错误代码：62002，信息：稿件不可见。
{'code': 62002, 'message': '稿件不可见', 'ttl': 1}
[2026-04-18 01:03:58] [ERROR] bvid=BV1KSXKBZEs6 抓取失败：media: 接口返回错误代码：62002，信息：稿件不可见。
{'code': 62002, 'message': '稿件不可见', 'ttl': 1}
[2026-04-18 01:04:10] [SUCCESS] bvid=BV1KUQuBAEM8 已成功抓取全部所需数据。
[2026-04-18 01:04:13] [ERROR] bvid=BV1KUXKBbEKd 抓取失败：media: No downloadable media stream found for this bvid.
[2026-04-18 01:04:18] [SUCCESS] bvid=BV1KbX8B8Eqx 已成功抓取全部所需数据。
[2026-04-18 01:04:21] [ERROR] bvid=BV1KdXYBzEeJ 抓取失败：media: 接口返回错误代码：-404，信息：啥都木有。
{'code': -404, 'message': '啥都木有', 'ttl': 1}
[2026-04-18 01:04:27] [SUCCESS] bvid=BV1KeDQBUEeu 已成功抓取全部所需数据。
[2026-04-18 01:04:32] [SUCCESS] bvid=BV1KjQLBEEYy 已成功抓取全部所需数据。
[2026-04-18 01:04:41] [ERROR] bvid=BV1KmXKBFEed 抓取失败：media: 接口返回错误代码：62002，信息：稿件不可见。
{'code': 62002, 'message': '稿件不可见', 'ttl': 1}
[2026-04-18 01:04:44] [ERROR] bvid=BV1KmXKBFExZ 抓取失败：media: 接口返回错误代码：62002，信息：稿件不可见。
{'code': 62002, 'message': '稿件不可见', 'ttl': 1}
[2026-04-18 01:04:49] [SUCCESS] bvid=BV1KoDXBXEA8 已成功抓取全部所需数据。
[2026-04-18 01:05:01] [SUCCESS] bvid=BV1KoQPBHEwE 已成功抓取全部所需数据。
[2026-04-18 01:05:04] [ERROR] bvid=BV1L4XKBCEdE 抓取失败：media: 接口返回错误代码：62002，信息：稿件不可见。
{'code': 62002, 'message': '稿件不可见', 'ttl': 1}
[2026-04-18 01:05:10] [SUCCESS] bvid=BV1L5QxB8EiW 已成功抓取全部所需数据。
[2026-04-18 01:05:15] [SUCCESS] bvid=BV1L5QxB8Eum 已成功抓取全部所需数据。
[2026-04-18 01:05:18] [ERROR] bvid=BV1L7D9BMEpg 抓取失败：media: 接口返回错误代码：-404，信息：啥都木有。
{'code': -404, 'message': '啥都木有', 'ttl': 1}
[2026-04-18 01:05:30] [SUCCESS] bvid=BV1L7DQB8EMT 已成功抓取全部所需数据。
[2026-04-18 01:05:39] [ERROR] bvid=BV1LBXgBQEgK 抓取失败：media: 接口返回错误代码：62002，信息：稿件不可见。
{'code': 62002, 'message': '稿件不可见', 'ttl': 1}
[2026-04-18 01:05:50] [SUCCESS] bvid=BV1LHQtBYE8w 已成功抓取全部所需数据。
[2026-04-18 01:05:53] [ERROR] bvid=BV1LHXVBcEa8 抓取失败：media: 接口返回错误代码：-404，信息：啥都木有。
{'code': -404, 'message': '啥都木有', 'ttl': 1}
[2026-04-18 01:06:05] [SUCCESS] bvid=BV1LKQJBrExJ 已成功抓取全部所需数据。
[2026-04-18 01:06:10] [SUCCESS] bvid=BV1LMDSBZELY 已成功抓取全部所需数据。
[2026-04-18 01:06:13] [ERROR] bvid=BV1LMXjBqE8c 抓取失败：media: 接口返回错误代码：-404，信息：啥都木有。
{'code': -404, 'message': '啥都木有', 'ttl': 1}
[2026-04-18 01:06:25] [SUCCESS] bvid=BV1LRQ5BYEQw 已成功抓取全部所需数据。
[2026-04-18 01:06:31] [SUCCESS] bvid=BV1LRQ5BYEye 已成功抓取全部所需数据。
[2026-04-18 01:06:39] [ERROR] bvid=BV1LWDcBWEeK 抓取失败：media: 接口返回错误代码：62012，信息：62012。
{'code': 62012, 'message': '62012', 'ttl': 1}
[2026-04-18 01:06:48] [ERROR] bvid=BV1LYXMB7Ews 抓取失败：media: 接口返回错误代码：62002，信息：稿件不可见。
{'code': 62002, 'message': '稿件不可见', 'ttl': 1}
[2026-04-18 01:06:50] [ERROR] bvid=BV1LZXnBUEEU 抓取失败：media: 接口返回错误代码：62012，信息：62012。
{'code': 62012, 'message': '62012', 'ttl': 1}
[2026-04-18 01:06:53] [ERROR] bvid=BV1LbXKBGEbi 抓取失败：media: No downloadable media stream found for this bvid.
[2026-04-18 01:06:56] [ERROR] bvid=BV1LfDkB6EGX 抓取失败：media: 接口返回错误代码：62012，信息：62012。
{'code': 62012, 'message': '62012', 'ttl': 1}
[2026-04-18 01:06:59] [ERROR] bvid=BV1LgX8BkETY 抓取失败：media: 接口返回错误代码：62002，信息：稿件不可见。
{'code': 62002, 'message': '稿件不可见', 'ttl': 1}
[2026-04-18 01:07:07] [ERROR] bvid=BV1LhXMBUEmw 抓取失败：media: 接口返回错误代码：62002，信息：稿件不可见。
{'code': 62002, 'message': '稿件不可见', 'ttl': 1}
[2026-04-18 01:07:10] [ERROR] bvid=BV1LhXMBUEtW 抓取失败：media: 接口返回错误代码：62002，信息：稿件不可见。
{'code': 62002, 'message': '稿件不可见', 'ttl': 1}
[2026-04-18 01:07:13] [ERROR] bvid=BV1LkDeBJE6u 抓取失败：media: 接口返回错误代码：62012，信息：62012。
{'code': 62012, 'message': '62012', 'ttl': 1}
[2026-04-18 01:07:18] [SUCCESS] bvid=BV1LmQgBQEvG 已成功抓取全部所需数据。
[2026-04-18 01:07:30] [SUCCESS] bvid=BV1Ln9MBnErk 已成功抓取全部所需数据。
[2026-04-18 01:07:36] [SUCCESS] bvid=BV1Lo9PBuE89 已成功抓取全部所需数据。
[2026-04-18 01:07:39] [ERROR] bvid=BV1LqQwBtExf 抓取失败：media: No downloadable media stream found for this bvid.
[2026-04-18 01:07:44] [SUCCESS] bvid=BV1LwQ7BiExJ 已成功抓取全部所需数据。
[2026-04-18 01:07:47] [ERROR] bvid=BV1LxXLBKEwy 抓取失败：media: 接口返回错误代码：62002，信息：稿件不可见。
{'code': 62002, 'message': '稿件不可见', 'ttl': 1}
[2026-04-18 01:07:50] [ERROR] bvid=BV1LyXvBREAc 抓取失败：media: 接口返回错误代码：62012，信息：62012。
{'code': 62012, 'message': '62012', 'ttl': 1}
[2026-04-18 01:07:55] [SUCCESS] bvid=BV1M7Q7BxEwf 已成功抓取全部所需数据。
[2026-04-18 01:07:58] [ERROR] bvid=BV1M7XZBrEdN 抓取失败：media: 接口返回错误代码：62012，信息：62012。
{'code': 62012, 'message': '62012', 'ttl': 1}
[2026-04-18 01:08:07] [ERROR] bvid=BV1M9XGBJEmF 抓取失败：media: 接口返回错误代码：62012，信息：62012。
{'code': 62012, 'message': '62012', 'ttl': 1}
[2026-04-18 01:08:07] [WARN] 当前子任务已结束，但仍有未成功抓取的视频，已导出 remaining CSV 供继续执行。
[2026-04-18 01:08:07] [INFO] 已导出剔除成功条目后的剩余 CSV：outputs\video_data\manual_crawls\manual_crawl_media_mode_A_20260418_000648\remaining_bvids_part_6.csv
[2026-04-18 01:08:07] 子任务结束时间：2026-04-18T01:08:07.226799
[TIMESTAMP][END] 2026-04-18T01:08:07
