[TIMESTAMP][BEGIN] 2026-04-18T03:08:27
[2026-04-18 03:08:29] 开始执行 CSV 批量抓取子任务 part_19。
[2026-04-18 03:08:29] 子任务开始时间：2026-04-18T03:08:27.487405
[2026-04-18 03:08:29] 输入文件：batch_input_18.csv
[2026-04-18 03:08:29] 输入唯一 bvid 数量：100
[2026-04-18 03:08:37] [ERROR] bvid=BV1aVXUBpE9H 抓取失败：media: 接口返回错误代码：62002，信息：稿件不可见。
{'code': 62002, 'message': '稿件不可见', 'ttl': 1}
[2026-04-18 03:08:40] [ERROR] bvid=BV1aVXUBpEWp 抓取失败：media: No downloadable media stream found for this bvid.
[2026-04-18 03:08:51] [SUCCESS] bvid=BV1aVXjBAE1C 已成功抓取全部所需数据。
[2026-04-18 03:08:56] [SUCCESS] bvid=BV1aVXjBAEHd 已成功抓取全部所需数据。
[2026-04-18 03:09:07] [SUCCESS] bvid=BV1aVXjBAEJp 已成功抓取全部所需数据。
[2026-04-18 03:09:20] [SUCCESS] bvid=BV1aVXjBAES4 已成功抓取全部所需数据。
[2026-04-18 03:09:24] [SUCCESS] bvid=BV1aVXjBAEn8 已成功抓取全部所需数据。
[2026-04-18 03:09:29] [SUCCESS] bvid=BV1aWQ5B9EsJ 已成功抓取全部所需数据。
[2026-04-18 03:09:34] [SUCCESS] bvid=BV1aWQUBXE6U 已成功抓取全部所需数据。
[2026-04-18 03:09:39] [SUCCESS] bvid=BV1aWXCB3E7p 已成功抓取全部所需数据。
[2026-04-18 03:09:44] [SUCCESS] bvid=BV1aWXpBSEQq 已成功抓取全部所需数据。
[2026-04-18 03:09:48] [SUCCESS] bvid=BV1aXDfBUEin 已成功抓取全部所需数据。
[2026-04-18 03:09:52] [SUCCESS] bvid=BV1aXDsBDEn5 已成功抓取全部所需数据。
[2026-04-18 03:09:57] [SUCCESS] bvid=BV1aXQbBcEKR 已成功抓取全部所需数据。
[2026-04-18 03:10:01] [SUCCESS] bvid=BV1aXSDBXECP 已成功抓取全部所需数据。
[2026-04-18 03:10:13] [SUCCESS] bvid=BV1aXX5BZE62 已成功抓取全部所需数据。
[2026-04-18 03:10:18] [SUCCESS] bvid=BV1aXXUBdEgo 已成功抓取全部所需数据。
[2026-04-18 03:10:22] [SUCCESS] bvid=BV1aYDWB1EEb 已成功抓取全部所需数据。
[2026-04-18 03:10:34] [SUCCESS] bvid=BV1aYDvBLEpU 已成功抓取全部所需数据。
[2026-04-18 03:10:39] [SUCCESS] bvid=BV1aYQEBPEcd 已成功抓取全部所需数据。
[2026-04-18 03:10:43] [SUCCESS] bvid=BV1aYX4BFE7F 已成功抓取全部所需数据。
[2026-04-18 03:10:55] [SUCCESS] bvid=BV1aZ9VBbE2D 已成功抓取全部所需数据。
[2026-04-18 03:11:00] [SUCCESS] bvid=BV1aZ9VBbE77 已成功抓取全部所需数据。
[2026-04-18 03:11:05] [SUCCESS] bvid=BV1aZDfBLEja 已成功抓取全部所需数据。
[2026-04-18 03:11:10] [SUCCESS] bvid=BV1aZQYBVEdt 已成功抓取全部所需数据。
[2026-04-18 03:11:14] [SUCCESS] bvid=BV1aZXNBYE5v 已成功抓取全部所需数据。
[2026-04-18 03:11:19] [SUCCESS] bvid=BV1aZXNBYEP2 已成功抓取全部所需数据。
[2026-04-18 03:11:25] [SUCCESS] bvid=BV1aZXTB3E1V 已成功抓取全部所需数据。
[2026-04-18 03:11:42] [SUCCESS] bvid=BV1aZXTB3EG1 已成功抓取全部所需数据。
[2026-04-18 03:11:54] [SUCCESS] bvid=BV1aZXTB3EGB 已成功抓取全部所需数据。
[2026-04-18 03:12:02] [ERROR] bvid=BV1aZXTB3EHJ 抓取失败：media: 接口返回错误代码：62002，信息：稿件不可见。
{'code': 62002, 'message': '稿件不可见', 'ttl': 1}
[2026-04-18 03:12:07] [SUCCESS] bvid=BV1aZXTB3ELw 已成功抓取全部所需数据。
[2026-04-18 03:12:11] [SUCCESS] bvid=BV1aZXTB3EUf 已成功抓取全部所需数据。
[2026-04-18 03:12:22] [SUCCESS] bvid=BV1aZXTB3Eqr 已成功抓取全部所需数据。
[2026-04-18 03:12:33] [SUCCESS] bvid=BV1aZXTB3Eqs 已成功抓取全部所需数据。
[2026-04-18 03:12:44] [SUCCESS] bvid=BV1aZXTB3EzT 已成功抓取全部所需数据。
[2026-04-18 03:12:55] [SUCCESS] bvid=BV1aZXzBhEpz 已成功抓取全部所需数据。
[2026-04-18 03:12:59] [SUCCESS] bvid=BV1aaDWBjEx6 已成功抓取全部所需数据。
[2026-04-18 03:13:07] [ERROR] bvid=BV1aaXPBaEFb 抓取失败：media: 接口返回错误代码：-404，信息：啥都木有。
{'code': -404, 'message': '啥都木有', 'ttl': 1}
[2026-04-18 03:13:12] [SUCCESS] bvid=BV1abDGBUEez 已成功抓取全部所需数据。
[2026-04-18 03:13:16] [SUCCESS] bvid=BV1abSSBnESz 已成功抓取全部所需数据。
[2026-04-18 03:13:34] [SUCCESS] bvid=BV1abXVBxEqo 已成功抓取全部所需数据。
[2026-04-18 03:13:39] [SUCCESS] bvid=BV1abXiB9EiY 已成功抓取全部所需数据。
[2026-04-18 03:13:44] [SUCCESS] bvid=BV1abXmBWEyL 已成功抓取全部所需数据。
[2026-04-18 03:13:48] [SUCCESS] bvid=BV1abXoB5E46 已成功抓取全部所需数据。
[2026-04-18 03:13:59] [SUCCESS] bvid=BV1abXoB5E6L 已成功抓取全部所需数据。
[2026-04-18 03:14:05] [SUCCESS] bvid=BV1abXoB5Epk 已成功抓取全部所需数据。
[2026-04-18 03:14:09] [SUCCESS] bvid=BV1ac9NBiEiY 已成功抓取全部所需数据。
[2026-04-18 03:14:15] [SUCCESS] bvid=BV1ac9jBNEDD 已成功抓取全部所需数据。
[2026-04-18 03:14:24] [SUCCESS] bvid=BV1ac9jBNEjW 已成功抓取全部所需数据。
[2026-04-18 03:14:29] [SUCCESS] bvid=BV1acDzBXEgj 已成功抓取全部所需数据。
[2026-04-18 03:14:34] [SUCCESS] bvid=BV1acQPBfEEW 已成功抓取全部所需数据。
[2026-04-18 03:14:39] [SUCCESS] bvid=BV1acXMBuEUh 已成功抓取全部所需数据。
[2026-04-18 03:14:50] [SUCCESS] bvid=BV1acXMBuEbC 已成功抓取全部所需数据。
[2026-04-18 03:15:01] [SUCCESS] bvid=BV1acXMBuEnJ 已成功抓取全部所需数据。
[2026-04-18 03:15:13] [SUCCESS] bvid=BV1acXMBuEu6 已成功抓取全部所需数据。
[2026-04-18 03:15:24] [SUCCESS] bvid=BV1acXkBTELz 已成功抓取全部所需数据。
[2026-04-18 03:15:29] [SUCCESS] bvid=BV1adDLBZE6Y 已成功抓取全部所需数据。
[2026-04-18 03:15:34] [SUCCESS] bvid=BV1adDfB2EkN 已成功抓取全部所需数据。
[2026-04-18 03:15:39] [SUCCESS] bvid=BV1adDfB2Eoa 已成功抓取全部所需数据。
[2026-04-18 03:15:43] [SUCCESS] bvid=BV1adDsBUETK 已成功抓取全部所需数据。
[2026-04-18 03:15:55] [SUCCESS] bvid=BV1adDsBUEgC 已成功抓取全部所需数据。
[2026-04-18 03:16:13] [SUCCESS] bvid=BV1adDsBUEsh 已成功抓取全部所需数据。
[2026-04-18 03:16:22] [SUCCESS] bvid=BV1adQYByE96 已成功抓取全部所需数据。
[2026-04-18 03:16:34] [SUCCESS] bvid=BV1adQYByEFd 已成功抓取全部所需数据。
[2026-04-18 03:16:45] [SUCCESS] bvid=BV1aeX4BbEwE 已成功抓取全部所需数据。
[2026-04-18 03:16:50] [SUCCESS] bvid=BV1aeXPBcEHp 已成功抓取全部所需数据。
[2026-04-18 03:16:55] [SUCCESS] bvid=BV1aeXPBcESg 已成功抓取全部所需数据。
[2026-04-18 03:17:00] [SUCCESS] bvid=BV1aeXSBZEYS 已成功抓取全部所需数据。
[2026-04-18 03:17:12] [SUCCESS] bvid=BV1afQYBkELy 已成功抓取全部所需数据。
[2026-04-18 03:17:17] [SUCCESS] bvid=BV1afQcBpEJp 已成功抓取全部所需数据。
[2026-04-18 03:17:29] [SUCCESS] bvid=BV1afXTB6EAJ 已成功抓取全部所需数据。
[2026-04-18 03:17:41] [SUCCESS] bvid=BV1agDFBVEEr 已成功抓取全部所需数据。
[2026-04-18 03:17:45] [SUCCESS] bvid=BV1agDFBVEaz 已成功抓取全部所需数据。
[2026-04-18 03:17:49] [SUCCESS] bvid=BV1agDFBVEn3 已成功抓取全部所需数据。
[2026-04-18 03:17:54] [SUCCESS] bvid=BV1agDeB3Ed1 已成功抓取全部所需数据。
[2026-04-18 03:17:59] [SUCCESS] bvid=BV1agQMBuE48 已成功抓取全部所需数据。
[2026-04-18 03:18:11] [SUCCESS] bvid=BV1agQMBuE8H 已成功抓取全部所需数据。
[2026-04-18 03:18:16] [SUCCESS] bvid=BV1agQMBuE8X 已成功抓取全部所需数据。
[2026-04-18 03:18:27] [SUCCESS] bvid=BV1agX2B2ELm 已成功抓取全部所需数据。
[2026-04-18 03:18:37] [SUCCESS] bvid=BV1agX5B4EDX 已成功抓取全部所需数据。
[2026-04-18 03:18:42] [SUCCESS] bvid=BV1agX5B4EE8 已成功抓取全部所需数据。
[2026-04-18 03:18:54] [SUCCESS] bvid=BV1agX5B4EEM 已成功抓取全部所需数据。
[2026-04-18 03:18:59] [SUCCESS] bvid=BV1agX5B4EEw 已成功抓取全部所需数据。
[2026-04-18 03:19:03] [SUCCESS] bvid=BV1agX5B4EFu 已成功抓取全部所需数据。
[2026-04-18 03:19:08] [ERROR] bvid=BV1agX5B4EMp 抓取失败：media: [in#0 @ 00000174faa20240] Error opening input: Server returned 404 Not Found
Error opening input file https://xy113x207x85x132xy.mcdn.bilivideo.cn:8082/v1/resource/upgcxcode/22/81/37044358122/37044358122-1-30280.m4s?agrr=1&build=0&buvid=3BBBD54F-2E24-A0F2-64C0-4FEA8E69B84813321infoc&bvc=vod&bw=203774&deadline=1776460745&dl=0&e=ig8euxZM2rNcNbdlhoNvNC8BqJIzNbfqXBvEqxTEto8BTrNvN0GvT90W5JZMkX_YN0MvXg8gNEV4NC8xNEV4N03eN0B5tZlqNxTEto8BTrNvNeZVuJ10Kj_g2UB02J0mN0B5tZlqNCNEto8BTrNvNC7MTX502C8f2jmMQJ6mqF2fka1mqx6gqj0eN0B599M%3D&f=u_0_0&gen=playurlv3&mid=0&nbs=1&nettype=0&og=hw&oi=2029896770&orderid=0%2C3&os=08hbv&platform=pc&qn_dyeid=8d5381842f937600008b150369e287a9&sign=c7904c&traceid=trHdWLtovctqkK_0_e_N&uipk=5&uparams=e%2Cgen%2Cnbs%2Cplatform%2Ctrid%2Cos%2Cog%2Cmid%2Coi%2Cdeadline%2Cuipk&upsig=b16fa98d1b954da634117aeaa12aa0a5.
Error opening input files: Server returned 404 Not Found
[2026-04-18 03:19:12] [SUCCESS] bvid=BV1agX5B4ENd 已成功抓取全部所需数据。
[2026-04-18 03:19:17] [SUCCESS] bvid=BV1agX5B4EP6 已成功抓取全部所需数据。
[2026-04-18 03:19:23] [SUCCESS] bvid=BV1agX5B4EVj 已成功抓取全部所需数据。
[2026-04-18 03:19:27] [SUCCESS] bvid=BV1agX5B4EjV 已成功抓取全部所需数据。
[2026-04-18 03:19:30] [ERROR] bvid=BV1agXUBsEae 抓取失败：media: 接口返回错误代码：62002，信息：稿件不可见。
{'code': 62002, 'message': '稿件不可见', 'ttl': 1}
[2026-04-18 03:19:34] [SUCCESS] bvid=BV1agXUBsEro 已成功抓取全部所需数据。
[2026-04-18 03:19:39] [SUCCESS] bvid=BV1ahDGB7EEv 已成功抓取全部所需数据。
[2026-04-18 03:19:43] [SUCCESS] bvid=BV1ahDGB7EJa 已成功抓取全部所需数据。
[2026-04-18 03:19:48] [SUCCESS] bvid=BV1ahDdBTExH 已成功抓取全部所需数据。
[2026-04-18 03:19:52] [SUCCESS] bvid=BV1ahQEBvEmv 已成功抓取全部所需数据。
[2026-04-18 03:19:57] [SUCCESS] bvid=BV1aiD5BQEW2 已成功抓取全部所需数据。
[2026-04-18 03:20:08] [SUCCESS] bvid=BV1aiD5BQEjq 已成功抓取全部所需数据。
[2026-04-18 03:20:12] [SUCCESS] bvid=BV1aiDxBHEty 已成功抓取全部所需数据。
[2026-04-18 03:20:17] [SUCCESS] bvid=BV1aiQFBJEio 已成功抓取全部所需数据。
[2026-04-18 03:20:17] [WARN] 当前子任务已结束，但仍有未成功抓取的视频，已导出 remaining CSV 供继续执行。
[2026-04-18 03:20:17] [INFO] 已导出剔除成功条目后的剩余 CSV：outputs\video_data\manual_crawls\manual_crawl_media_mode_A_20260418_000648\remaining_bvids_part_19.csv
[2026-04-18 03:20:17] 子任务结束时间：2026-04-18T03:20:17.385098
[TIMESTAMP][END] 2026-04-18T03:20:17
