[TIMESTAMP][BEGIN] 2026-04-18T05:48:08
[2026-04-18 05:48:11] 开始执行 CSV 批量抓取子任务 part_31。
[2026-04-18 05:48:11] 子任务开始时间：2026-04-18T05:48:08.861250
[2026-04-18 05:48:11] 输入文件：batch_input_30.csv
[2026-04-18 05:48:11] 输入唯一 bvid 数量：100
[2026-04-18 05:48:15] [SUCCESS] bvid=BV1dFQbBiEkb 已成功抓取全部所需数据。
[2026-04-18 05:48:27] [SUCCESS] bvid=BV1dFQbBiEuR 已成功抓取全部所需数据。
[2026-04-18 05:48:31] [SUCCESS] bvid=BV1dFQbBiEx4 已成功抓取全部所需数据。
[2026-04-18 05:48:34] [ERROR] bvid=BV1dFX2BWEnw 抓取失败：media: 接口返回错误代码：62002，信息：稿件不可见。
{'code': 62002, 'message': '稿件不可见', 'ttl': 1}
[2026-04-18 05:48:39] [SUCCESS] bvid=BV1dG9sBfEcx 已成功抓取全部所需数据。
[2026-04-18 05:48:44] [SUCCESS] bvid=BV1dGDbBeEtZ 已成功抓取全部所需数据。
[2026-04-18 05:48:49] [SUCCESS] bvid=BV1dH9JB7EKi 已成功抓取全部所需数据。
[2026-04-18 05:48:54] [SUCCESS] bvid=BV1dHDGBWEGv 已成功抓取全部所需数据。
[2026-04-18 05:48:59] [SUCCESS] bvid=BV1dHDvBQEXv 已成功抓取全部所需数据。
[2026-04-18 05:49:04] [SUCCESS] bvid=BV1dHQEBrEy2 已成功抓取全部所需数据。
[2026-04-18 05:49:09] [SUCCESS] bvid=BV1dHXVBFE5k 已成功抓取全部所需数据。
[2026-04-18 05:49:14] [SUCCESS] bvid=BV1dHXVBFEcx 已成功抓取全部所需数据。
[2026-04-18 05:49:18] [SUCCESS] bvid=BV1dHXVBFEfc 已成功抓取全部所需数据。
[2026-04-18 05:49:23] [SUCCESS] bvid=BV1dHXfBoERU 已成功抓取全部所需数据。
[2026-04-18 05:49:35] [SUCCESS] bvid=BV1dHXsBfE7N 已成功抓取全部所需数据。
[2026-04-18 05:49:39] [SUCCESS] bvid=BV1dHXsBfEdt 已成功抓取全部所需数据。
[2026-04-18 05:49:42] [ERROR] bvid=BV1dJ9JBUE22 抓取失败：media: 接口返回错误代码：-404，信息：啥都木有。
{'code': -404, 'message': '啥都木有', 'ttl': 1}
[2026-04-18 05:49:47] [SUCCESS] bvid=BV1dJX1BDE9u 已成功抓取全部所需数据。
[2026-04-18 05:49:58] [SUCCESS] bvid=BV1dJX1BDEoB 已成功抓取全部所需数据。
[2026-04-18 05:50:09] [SUCCESS] bvid=BV1dJXVBhEYU 已成功抓取全部所需数据。
[2026-04-18 05:50:13] [SUCCESS] bvid=BV1dJXVBhEhe 已成功抓取全部所需数据。
[2026-04-18 05:50:17] [SUCCESS] bvid=BV1dJXVBhEsS 已成功抓取全部所需数据。
[2026-04-18 05:50:22] [SUCCESS] bvid=BV1dJXVBhEvV 已成功抓取全部所需数据。
[2026-04-18 05:50:24] [ERROR] bvid=BV1dJXoBnEsU 抓取失败：media: 接口返回错误代码：-404，信息：啥都木有。
{'code': -404, 'message': '啥都木有', 'ttl': 1}
[2026-04-18 05:50:29] [SUCCESS] bvid=BV1dK93BxE9H 已成功抓取全部所需数据。
[2026-04-18 05:50:33] [SUCCESS] bvid=BV1dK9FBoE8E 已成功抓取全部所需数据。
[2026-04-18 05:50:45] [SUCCESS] bvid=BV1dKDPBaE1g 已成功抓取全部所需数据。
[2026-04-18 05:50:51] [SUCCESS] bvid=BV1dKX5BFEGk 已成功抓取全部所需数据。
[2026-04-18 05:50:55] [SUCCESS] bvid=BV1dKXNBMEGe 已成功抓取全部所需数据。
[2026-04-18 05:51:01] [SUCCESS] bvid=BV1dKXNBMEL8 已成功抓取全部所需数据。
[2026-04-18 05:51:06] [SUCCESS] bvid=BV1dKXNBMEVk 已成功抓取全部所需数据。
[2026-04-18 05:51:11] [SUCCESS] bvid=BV1dKXNBMEcs 已成功抓取全部所需数据。
[2026-04-18 05:51:16] [SUCCESS] bvid=BV1dL97BCEPg 已成功抓取全部所需数据。
[2026-04-18 05:51:22] [SUCCESS] bvid=BV1dLDhBgESX 已成功抓取全部所需数据。
[2026-04-18 05:51:27] [SUCCESS] bvid=BV1dLQAB8E8b 已成功抓取全部所需数据。
[2026-04-18 05:51:32] [SUCCESS] bvid=BV1dLQAB8EbC 已成功抓取全部所需数据。
[2026-04-18 05:51:36] [SUCCESS] bvid=BV1dLSoBGEFa 已成功抓取全部所需数据。
[2026-04-18 05:51:42] [SUCCESS] bvid=BV1dLSoBVEGv 已成功抓取全部所需数据。
[2026-04-18 05:51:47] [SUCCESS] bvid=BV1dLX3BxERB 已成功抓取全部所需数据。
[2026-04-18 05:51:50] [ERROR] bvid=BV1dLX3BxEbA 抓取失败：media: No downloadable media stream found for this bvid.
[2026-04-18 05:52:02] [SUCCESS] bvid=BV1dMD4BbEdg 已成功抓取全部所需数据。
[2026-04-18 05:52:08] [SUCCESS] bvid=BV1dMD4BbEuu 已成功抓取全部所需数据。
[2026-04-18 05:52:12] [SUCCESS] bvid=BV1dMQgBEEpj 已成功抓取全部所需数据。
[2026-04-18 05:52:17] [SUCCESS] bvid=BV1dMXTByEA5 已成功抓取全部所需数据。
[2026-04-18 05:52:22] [SUCCESS] bvid=BV1dMXTByEeu 已成功抓取全部所需数据。
[2026-04-18 05:52:27] [SUCCESS] bvid=BV1dMXjBiEaa 已成功抓取全部所需数据。
[2026-04-18 05:52:31] [SUCCESS] bvid=BV1dMXrBkEDR 已成功抓取全部所需数据。
[2026-04-18 05:52:39] [SUCCESS] bvid=BV1dNDfBDEd1 已成功抓取全部所需数据。
[2026-04-18 05:52:41] [ERROR] bvid=BV1dNDfBDEnC 抓取失败：media: 接口返回错误代码：-404，信息：啥都木有。
{'code': -404, 'message': '啥都木有', 'ttl': 1}
[2026-04-18 05:52:46] [SUCCESS] bvid=BV1dNDsBXECr 已成功抓取全部所需数据。
[2026-04-18 05:52:58] [SUCCESS] bvid=BV1dNXUBZEZ1 已成功抓取全部所需数据。
[2026-04-18 05:53:03] [SUCCESS] bvid=BV1dNXjBBEbd 已成功抓取全部所需数据。
[2026-04-18 05:53:08] [SUCCESS] bvid=BV1dP93BoEB1 已成功抓取全部所需数据。
[2026-04-18 05:53:13] [SUCCESS] bvid=BV1dPDoBCE6E 已成功抓取全部所需数据。
[2026-04-18 05:53:16] [ERROR] bvid=BV1dPX5BhE4E 抓取失败：media: 接口返回错误代码：-404，信息：啥都木有。
{'code': -404, 'message': '啥都木有', 'ttl': 1}
[2026-04-18 05:53:21] [SUCCESS] bvid=BV1dPX5BhErA 已成功抓取全部所需数据。
[2026-04-18 05:53:25] [SUCCESS] bvid=BV1dPXNBzE6u 已成功抓取全部所需数据。
[2026-04-18 05:53:30] [SUCCESS] bvid=BV1dPXNBzEU7 已成功抓取全部所需数据。
[2026-04-18 05:53:35] [SUCCESS] bvid=BV1dPXNBzEVf 已成功抓取全部所需数据。
[2026-04-18 05:53:40] [SUCCESS] bvid=BV1dPXNBzEkH 已成功抓取全部所需数据。
[2026-04-18 05:53:44] [SUCCESS] bvid=BV1dPXNBzEsz 已成功抓取全部所需数据。
[2026-04-18 05:53:49] [SUCCESS] bvid=BV1dPXNBzEvc 已成功抓取全部所需数据。
[2026-04-18 05:53:54] [SUCCESS] bvid=BV1dPXUBbEAx 已成功抓取全部所需数据。
[2026-04-18 05:53:58] [SUCCESS] bvid=BV1dQ9PBrEdp 已成功抓取全部所需数据。
[2026-04-18 05:54:04] [SUCCESS] bvid=BV1dQDKBzEyA 已成功抓取全部所需数据。
[2026-04-18 05:54:10] [SUCCESS] bvid=BV1dQDLB8ET4 已成功抓取全部所需数据。
[2026-04-18 05:54:15] [SUCCESS] bvid=BV1dQDLB8Est 已成功抓取全部所需数据。
[2026-04-18 05:54:19] [SUCCESS] bvid=BV1dQDLBhEDd 已成功抓取全部所需数据。
[2026-04-18 05:54:25] [SUCCESS] bvid=BV1dQDSBtEcJ 已成功抓取全部所需数据。
[2026-04-18 05:54:36] [SUCCESS] bvid=BV1dQDfBJEcu 已成功抓取全部所需数据。
[2026-04-18 05:54:48] [SUCCESS] bvid=BV1dQQYB7EpB 已成功抓取全部所需数据。
[2026-04-18 05:54:53] [SUCCESS] bvid=BV1dQXTBLEND 已成功抓取全部所需数据。
[2026-04-18 05:54:57] [SUCCESS] bvid=BV1dRD6BvEfE 已成功抓取全部所需数据。
[2026-04-18 05:55:02] [SUCCESS] bvid=BV1dRD7BKEH6 已成功抓取全部所需数据。
[2026-04-18 05:55:07] [SUCCESS] bvid=BV1dRD7BKETX 已成功抓取全部所需数据。
[2026-04-18 05:55:18] [SUCCESS] bvid=BV1dRSoB1EXK 已成功抓取全部所需数据。
[2026-04-18 05:55:23] [SUCCESS] bvid=BV1dRXaBJEg9 已成功抓取全部所需数据。
[2026-04-18 05:55:28] [SUCCESS] bvid=BV1dRXrB3EkK 已成功抓取全部所需数据。
[2026-04-18 05:55:32] [SUCCESS] bvid=BV1dSQ9BuEWs 已成功抓取全部所需数据。
[2026-04-18 05:55:38] [SUCCESS] bvid=BV1dSXTB2E4q 已成功抓取全部所需数据。
[2026-04-18 05:55:42] [SUCCESS] bvid=BV1dSXjBBEzF 已成功抓取全部所需数据。
[2026-04-18 05:55:47] [SUCCESS] bvid=BV1dT93BRE3T 已成功抓取全部所需数据。
[2026-04-18 05:55:53] [SUCCESS] bvid=BV1dT9VBYEQz 已成功抓取全部所需数据。
[2026-04-18 05:55:59] [SUCCESS] bvid=BV1dTDfBJEZs 已成功抓取全部所需数据。
[2026-04-18 05:56:03] [SUCCESS] bvid=BV1dTDsBHENT 已成功抓取全部所需数据。
[2026-04-18 05:56:14] [SUCCESS] bvid=BV1dTDsBHExs 已成功抓取全部所需数据。
[2026-04-18 05:56:25] [SUCCESS] bvid=BV1dTXDBNEec 已成功抓取全部所需数据。
[2026-04-18 05:56:30] [SUCCESS] bvid=BV1dTXNBqE5j 已成功抓取全部所需数据。
[2026-04-18 05:56:35] [SUCCESS] bvid=BV1dTXNBqELk 已成功抓取全部所需数据。
[2026-04-18 05:56:39] [SUCCESS] bvid=BV1dTXNBqEod 已成功抓取全部所需数据。
[2026-04-18 05:56:48] [ERROR] bvid=BV1dTXTBLE1e 抓取失败：media: 接口返回错误代码：62002，信息：稿件不可见。
{'code': 62002, 'message': '稿件不可见', 'ttl': 1}
[2026-04-18 05:56:52] [SUCCESS] bvid=BV1dTXjBTE2g 已成功抓取全部所需数据。
[2026-04-18 05:56:57] [SUCCESS] bvid=BV1dTXjBTEFM 已成功抓取全部所需数据。
[2026-04-18 05:57:09] [SUCCESS] bvid=BV1dTXjBTEmW 已成功抓取全部所需数据。
[2026-04-18 05:57:19] [SUCCESS] bvid=BV1dUDLBaE35 已成功抓取全部所需数据。
[2026-04-18 05:57:24] [SUCCESS] bvid=BV1dUDLBaEvZ 已成功抓取全部所需数据。
[2026-04-18 05:57:36] [SUCCESS] bvid=BV1dUDSB8EeR 已成功抓取全部所需数据。
[2026-04-18 05:57:42] [SUCCESS] bvid=BV1dUDfBHEgM 已成功抓取全部所需数据。
[2026-04-18 05:57:47] [SUCCESS] bvid=BV1dUDfBHEu4 已成功抓取全部所需数据。
[2026-04-18 05:57:49] [ERROR] bvid=BV1dUXNBzEYE 抓取失败：media: 接口返回错误代码：-404，信息：啥都木有。
{'code': -404, 'message': '啥都木有', 'ttl': 1}
[2026-04-18 05:57:49] [WARN] 当前子任务已结束，但仍有未成功抓取的视频，已导出 remaining CSV 供继续执行。
[2026-04-18 05:57:49] [INFO] 已导出剔除成功条目后的剩余 CSV：outputs\video_data\manual_crawls\manual_crawl_media_mode_A_20260418_000648\remaining_bvids_part_31.csv
[2026-04-18 05:57:49] 子任务结束时间：2026-04-18T05:57:49.395961
[TIMESTAMP][END] 2026-04-18T05:57:49
