[TIMESTAMP][BEGIN] 2026-04-19T01:44:37
[2026-04-19 01:44:39] 开始执行 CSV 批量抓取子任务 part_117。
[2026-04-19 01:44:39] 子任务开始时间：2026-04-19T01:44:37.341290
[2026-04-19 01:44:39] 输入文件：batch_input_112.csv
[2026-04-19 01:44:39] 输入唯一 bvid 数量：100
[2026-04-19 01:44:44] [SUCCESS] bvid=BV1xPQ8BXEaA 已成功抓取全部所需数据。
[2026-04-19 01:44:49] [SUCCESS] bvid=BV1xPXPBDEaT 已成功抓取全部所需数据。
[2026-04-19 01:44:54] [SUCCESS] bvid=BV1xPXPBDEwJ 已成功抓取全部所需数据。
[2026-04-19 01:44:59] [SUCCESS] bvid=BV1xPXPBDEyY 已成功抓取全部所需数据。
[2026-04-19 01:45:12] [SUCCESS] bvid=BV1xPXfBgE88 已成功抓取全部所需数据。
[2026-04-19 01:45:17] [SUCCESS] bvid=BV1xQDDB7EuB 已成功抓取全部所需数据。
[2026-04-19 01:45:28] [SUCCESS] bvid=BV1xQDDBEEYz 已成功抓取全部所需数据。
[2026-04-19 01:45:39] [SUCCESS] bvid=BV1xQDjBJEDR 已成功抓取全部所需数据。
[2026-04-19 01:45:45] [SUCCESS] bvid=BV1xQQFBuEE3 已成功抓取全部所需数据。
[2026-04-19 01:45:58] [SUCCESS] bvid=BV1xQQpBqED1 已成功抓取全部所需数据。
[2026-04-19 01:46:03] [SUCCESS] bvid=BV1xQQpBqEjR 已成功抓取全部所需数据。
[2026-04-19 01:46:09] [SUCCESS] bvid=BV1xQXKB4EYQ 已成功抓取全部所需数据。
[2026-04-19 01:46:15] [SUCCESS] bvid=BV1xQXKB4Eic 已成功抓取全部所需数据。
[2026-04-19 01:46:20] [SUCCESS] bvid=BV1xQXSBjETF 已成功抓取全部所需数据。
[2026-04-19 01:46:31] [SUCCESS] bvid=BV1xQXbBRE2K 已成功抓取全部所需数据。
[2026-04-19 01:46:37] [SUCCESS] bvid=BV1xQXbBREsb 已成功抓取全部所需数据。
[2026-04-19 01:46:48] [SUCCESS] bvid=BV1xQXbBREwt 已成功抓取全部所需数据。
[2026-04-19 01:46:59] [SUCCESS] bvid=BV1xQXhBYEeC 已成功抓取全部所需数据。
[2026-04-19 01:47:05] [SUCCESS] bvid=BV1xRQeBNEcY 已成功抓取全部所需数据。
[2026-04-19 01:47:08] [ERROR] bvid=BV1xRQmBkE9d 抓取失败：media: 接口返回错误代码：-404，信息：啥都木有。
{'code': -404, 'message': '啥都木有', 'ttl': 1}
[2026-04-19 01:47:10] [ERROR] bvid=BV1xRQmBkETQ 抓取失败：media: 接口返回错误代码：-404，信息：啥都木有。
{'code': -404, 'message': '啥都木有', 'ttl': 1}
[2026-04-19 01:47:16] [SUCCESS] bvid=BV1xRQsBVE71 已成功抓取全部所需数据。
[2026-04-19 01:47:28] [SUCCESS] bvid=BV1xRQsBVEnG 已成功抓取全部所需数据。
[2026-04-19 01:47:34] [SUCCESS] bvid=BV1xRXhBhEfL 已成功抓取全部所需数据。
[2026-04-19 01:47:36] [ERROR] bvid=BV1xRXhBhEku 抓取失败：media: 接口返回错误代码：62002，信息：稿件不可见。
{'code': 62002, 'message': '稿件不可见', 'ttl': 1}
[2026-04-19 01:47:47] [SUCCESS] bvid=BV1xSQeBBER2 已成功抓取全部所需数据。
[2026-04-19 01:47:58] [SUCCESS] bvid=BV1xSXKBZE4A 已成功抓取全部所需数据。
[2026-04-19 01:48:10] [SUCCESS] bvid=BV1xSXKBZE4F 已成功抓取全部所需数据。
[2026-04-19 01:48:15] [SUCCESS] bvid=BV1xSXKBZE9h 已成功抓取全部所需数据。
[2026-04-19 01:48:20] [SUCCESS] bvid=BV1xSXKBZEQh 已成功抓取全部所需数据。
[2026-04-19 01:48:25] [SUCCESS] bvid=BV1xSXKBZEST 已成功抓取全部所需数据。
[2026-04-19 01:48:36] [SUCCESS] bvid=BV1xSXKBZEfr 已成功抓取全部所需数据。
[2026-04-19 01:48:48] [SUCCESS] bvid=BV1xTQFBuE2N 已成功抓取全部所需数据。
[2026-04-19 01:48:53] [SUCCESS] bvid=BV1xTQFBuE9w 已成功抓取全部所需数据。
[2026-04-19 01:48:58] [SUCCESS] bvid=BV1xTSQBVEkC 已成功抓取全部所需数据。
[2026-04-19 01:49:04] [SUCCESS] bvid=BV1xTXBB2ECX 已成功抓取全部所需数据。
[2026-04-19 01:49:08] [SUCCESS] bvid=BV1xTXBB2EJr 已成功抓取全部所需数据。
[2026-04-19 01:49:11] [ERROR] bvid=BV1xTXKB4EER 抓取失败：media: 接口返回错误代码：62002，信息：稿件不可见。
{'code': 62002, 'message': '稿件不可见', 'ttl': 1}
[2026-04-19 01:49:13] [ERROR] bvid=BV1xTXKB4EaF 抓取失败：media: 接口返回错误代码：62002，信息：稿件不可见。
{'code': 62002, 'message': '稿件不可见', 'ttl': 1}
[2026-04-19 01:49:18] [SUCCESS] bvid=BV1xTXKB4Ewd 已成功抓取全部所需数据。
[2026-04-19 01:49:23] [SUCCESS] bvid=BV1xTXLBEEV4 已成功抓取全部所需数据。
[2026-04-19 01:49:28] [SUCCESS] bvid=BV1xU9GB2Eub 已成功抓取全部所需数据。
[2026-04-19 01:49:40] [SUCCESS] bvid=BV1xUDxBVEnr 已成功抓取全部所需数据。
[2026-04-19 01:49:44] [SUCCESS] bvid=BV1xUQFB3EXr 已成功抓取全部所需数据。
[2026-04-19 01:49:47] [ERROR] bvid=BV1xUQFB3EjB 抓取失败：media: 接口返回错误代码：-404，信息：啥都木有。
{'code': -404, 'message': '啥都木有', 'ttl': 1}
[2026-04-19 01:49:50] [ERROR] bvid=BV1xUX6B4E6d 抓取失败：media: 接口返回错误代码：62002，信息：稿件不可见。
{'code': 62002, 'message': '稿件不可见', 'ttl': 1}
[2026-04-19 01:49:54] [SUCCESS] bvid=BV1xUXKBbEe4 已成功抓取全部所需数据。
[2026-04-19 01:50:00] [SUCCESS] bvid=BV1xUXLBnEGy 已成功抓取全部所需数据。
[2026-04-19 01:50:11] [SUCCESS] bvid=BV1xUXLBnEao 已成功抓取全部所需数据。
[2026-04-19 01:50:23] [SUCCESS] bvid=BV1xUXPBDEAF 已成功抓取全部所需数据。
[2026-04-19 01:50:28] [SUCCESS] bvid=BV1xUXbBoE21 已成功抓取全部所需数据。
[2026-04-19 01:50:39] [SUCCESS] bvid=BV1xUXbBoEGt 已成功抓取全部所需数据。
[2026-04-19 01:50:51] [SUCCESS] bvid=BV1xUXbBoEHK 已成功抓取全部所需数据。
[2026-04-19 01:50:57] [SUCCESS] bvid=BV1xUXbBoEHU 已成功抓取全部所需数据。
[2026-04-19 01:51:01] [SUCCESS] bvid=BV1xUXbBoEHY 已成功抓取全部所需数据。
[2026-04-19 01:51:06] [SUCCESS] bvid=BV1xUXbBoEJW 已成功抓取全部所需数据。
[2026-04-19 01:51:12] [SUCCESS] bvid=BV1xUXbBoEPF 已成功抓取全部所需数据。
[2026-04-19 01:51:16] [SUCCESS] bvid=BV1xUXbBoEUU 已成功抓取全部所需数据。
[2026-04-19 01:51:27] [SUCCESS] bvid=BV1xUXbBoEcR 已成功抓取全部所需数据。
[2026-04-19 01:51:32] [SUCCESS] bvid=BV1xUXbBoEh1 已成功抓取全部所需数据。
[2026-04-19 01:51:44] [SUCCESS] bvid=BV1xUXbBoEhR 已成功抓取全部所需数据。
[2026-04-19 01:51:49] [SUCCESS] bvid=BV1xUXbBoEjS 已成功抓取全部所需数据。
[2026-04-19 01:51:54] [SUCCESS] bvid=BV1xUXbBoEjZ 已成功抓取全部所需数据。
[2026-04-19 01:52:05] [SUCCESS] bvid=BV1xUXbBoEkJ 已成功抓取全部所需数据。
[2026-04-19 01:52:10] [SUCCESS] bvid=BV1xUXbBoEm8 已成功抓取全部所需数据。
[2026-04-19 01:52:16] [SUCCESS] bvid=BV1xUXbBoEmX 已成功抓取全部所需数据。
[2026-04-19 01:52:20] [SUCCESS] bvid=BV1xUXbBoEmq 已成功抓取全部所需数据。
[2026-04-19 01:52:32] [SUCCESS] bvid=BV1xUXbBoEmv 已成功抓取全部所需数据。
[2026-04-19 01:52:45] [SUCCESS] bvid=BV1xUXbBoEp4 已成功抓取全部所需数据。
[2026-04-19 01:52:50] [SUCCESS] bvid=BV1xUXbBoEtC 已成功抓取全部所需数据。
[2026-04-19 01:52:55] [SUCCESS] bvid=BV1xUXbBoEv4 已成功抓取全部所需数据。
[2026-04-19 01:53:00] [SUCCESS] bvid=BV1xUXbBoEvv 已成功抓取全部所需数据。
[2026-04-19 01:53:04] [SUCCESS] bvid=BV1xUXbBoEw6 已成功抓取全部所需数据。
[2026-04-19 01:53:09] [SUCCESS] bvid=BV1xV9NBtESS 已成功抓取全部所需数据。
[2026-04-19 01:53:21] [SUCCESS] bvid=BV1xVQPBDEfh 已成功抓取全部所需数据。
[2026-04-19 01:53:39] [SUCCESS] bvid=BV1xVSdBREvw 已成功抓取全部所需数据。
[2026-04-19 01:53:44] [SUCCESS] bvid=BV1xVXMBcEVF 已成功抓取全部所需数据。
[2026-04-19 01:53:55] [SUCCESS] bvid=BV1xVXMBcEXR 已成功抓取全部所需数据。
[2026-04-19 01:54:00] [SUCCESS] bvid=BV1xVXMBcEv8 已成功抓取全部所需数据。
[2026-04-19 01:54:05] [SUCCESS] bvid=BV1xVXMBcExW 已成功抓取全部所需数据。
[2026-04-19 01:54:09] [SUCCESS] bvid=BV1xVXMBcExb 已成功抓取全部所需数据。
[2026-04-19 01:54:14] [SUCCESS] bvid=BV1xWD3BPE5T 已成功抓取全部所需数据。
[2026-04-19 01:54:27] [SUCCESS] bvid=BV1xWDeBaE3h 已成功抓取全部所需数据。
[2026-04-19 01:54:33] [SUCCESS] bvid=BV1xWDsBrEQa 已成功抓取全部所需数据。
[2026-04-19 01:54:37] [SUCCESS] bvid=BV1xWX5BmEZq 已成功抓取全部所需数据。
[2026-04-19 01:54:42] [SUCCESS] bvid=BV1xWX5BmEz1 已成功抓取全部所需数据。
[2026-04-19 01:54:47] [SUCCESS] bvid=BV1xWXUB1EzM 已成功抓取全部所需数据。
[2026-04-19 01:54:50] [ERROR] bvid=BV1xX95BQEx8 抓取失败：media: No downloadable media stream found for this bvid.
[2026-04-19 01:54:55] [SUCCESS] bvid=BV1xXDDB2EcE 已成功抓取全部所需数据。
[2026-04-19 01:55:00] [SUCCESS] bvid=BV1xXDtBEETd 已成功抓取全部所需数据。
[2026-04-19 01:55:05] [SUCCESS] bvid=BV1xXQeBiE2q 已成功抓取全部所需数据。
[2026-04-19 01:55:10] [SUCCESS] bvid=BV1xXQwBjEiy 已成功抓取全部所需数据。
[2026-04-19 01:55:16] [SUCCESS] bvid=BV1xYD7BHEkn 已成功抓取全部所需数据。
[2026-04-19 01:55:21] [SUCCESS] bvid=BV1xYDKBQEdi 已成功抓取全部所需数据。
[2026-04-19 01:55:26] [SUCCESS] bvid=BV1xYQvBuEBv 已成功抓取全部所需数据。
[2026-04-19 01:55:36] [SUCCESS] bvid=BV1xZDrBnE3G 已成功抓取全部所需数据。
[2026-04-19 01:55:42] [SUCCESS] bvid=BV1xZSZBYEpa 已成功抓取全部所需数据。
[2026-04-19 01:55:47] [SUCCESS] bvid=BV1xZXGB2ESn 已成功抓取全部所需数据。
[2026-04-19 01:55:58] [SUCCESS] bvid=BV1xZXYBTEb2 已成功抓取全部所需数据。
[2026-04-19 01:56:04] [SUCCESS] bvid=BV1xaDSBGEUc 已成功抓取全部所需数据。
[2026-04-19 01:56:04] [WARN] 当前子任务已结束，但仍有未成功抓取的视频，已导出 remaining CSV 供继续执行。
[2026-04-19 01:56:04] [INFO] 已导出剔除成功条目后的剩余 CSV：outputs\video_data\manual_crawls\manual_crawl_media_mode_A_20260418_000648\remaining_bvids_part_117.csv
[2026-04-19 01:56:04] 子任务结束时间：2026-04-19T01:56:04.595364
[TIMESTAMP][END] 2026-04-19T01:56:04
