[TIMESTAMP][BEGIN] 2026-04-16T17:08:58
[2026-04-16 17:09:01] 开始执行 CSV 批量抓取子任务 part_8。
[2026-04-16 17:09:01] 子任务开始时间：2026-04-16T17:08:58.905217
[2026-04-16 17:09:01] 输入文件：batch_input_8.csv
[2026-04-16 17:09:01] 输入唯一 bvid 数量：100
[2026-04-16 17:09:07] [SUCCESS] bvid=BV1EKQvBoEnj 已成功抓取全部所需数据。
[2026-04-16 17:09:10] [ERROR] bvid=BV1EMDQBiE7m 抓取失败：media: 接口返回错误代码：62002，信息：稿件不可见。
{'code': 62002, 'message': '稿件不可见', 'ttl': 1}
[2026-04-16 17:09:16] [SUCCESS] bvid=BV1EMDQBiEQD 已成功抓取全部所需数据。
[2026-04-16 17:09:32] [SUCCESS] bvid=BV1EMDQBqEyC 已成功抓取全部所需数据。
[2026-04-16 17:09:38] [SUCCESS] bvid=BV1EMQxBeEPW 已成功抓取全部所需数据。
[2026-04-16 17:09:44] [SUCCESS] bvid=BV1EMQxBeEhS 已成功抓取全部所需数据。
[2026-04-16 17:09:56] [SUCCESS] bvid=BV1ENQvBtE9i 已成功抓取全部所需数据。
[2026-04-16 17:09:59] [ERROR] bvid=BV1EPXjBgE8s 抓取失败：media: No downloadable media stream found for this bvid.
[2026-04-16 17:10:20] [SUCCESS] bvid=BV1EQDkBLEZG 已成功抓取全部所需数据。
[2026-04-16 17:10:26] [SUCCESS] bvid=BV1EQQxBNEMd 已成功抓取全部所需数据。
[2026-04-16 17:10:39] [SUCCESS] bvid=BV1EQQxBNEyu 已成功抓取全部所需数据。
[2026-04-16 17:10:47] [SUCCESS] bvid=BV1ERDkBVEnu 已成功抓取全部所需数据。
[2026-04-16 17:11:03] [SUCCESS] bvid=BV1ERQjB3Eip 已成功抓取全部所需数据。
[2026-04-16 17:11:08] [SUCCESS] bvid=BV1ERQzB6EJX 已成功抓取全部所需数据。
[2026-04-16 17:11:15] [SUCCESS] bvid=BV1ESQvBtEqr 已成功抓取全部所需数据。
[2026-04-16 17:11:18] [ERROR] bvid=BV1ET9LBGEmR 抓取失败：media: 接口返回错误代码：-404，信息：啥都木有。
{'code': -404, 'message': '啥都木有', 'ttl': 1}
[2026-04-16 17:11:25] [SUCCESS] bvid=BV1EVDdBUEnh 已成功抓取全部所需数据。
[2026-04-16 17:11:29] [ERROR] bvid=BV1EX9KBSEX7 抓取失败：media: 接口返回错误代码：62012，信息：62012。
{'code': 62012, 'message': '62012', 'ttl': 1}
[2026-04-16 17:11:36] [SUCCESS] bvid=BV1EXDQBiEPn 已成功抓取全部所需数据。
[2026-04-16 17:11:44] [SUCCESS] bvid=BV1EXQjBkEQa 已成功抓取全部所需数据。
[2026-04-16 17:11:49] [SUCCESS] bvid=BV1EXQxBeEF7 已成功抓取全部所需数据。
[2026-04-16 17:11:57] [SUCCESS] bvid=BV1EXQxBeEec 已成功抓取全部所需数据。
[2026-04-16 17:12:03] [SUCCESS] bvid=BV1EYQKB1ERi 已成功抓取全部所需数据。
[2026-04-16 17:12:14] [SUCCESS] bvid=BV1EbDDBPEdE 已成功抓取全部所需数据。
[2026-04-16 17:12:21] [SUCCESS] bvid=BV1EdQjB6Epi 已成功抓取全部所需数据。
[2026-04-16 17:12:39] [SUCCESS] bvid=BV1EdQtBgENP 已成功抓取全部所需数据。
[2026-04-16 17:13:00] [SUCCESS] bvid=BV1EeQ4BiE8y 已成功抓取全部所需数据。
[2026-04-16 17:13:06] [SUCCESS] bvid=BV1EeQ4BiEBw 已成功抓取全部所需数据。
[2026-04-16 17:13:14] [SUCCESS] bvid=BV1EeQPBTELZ 已成功抓取全部所需数据。
[2026-04-16 17:13:20] [SUCCESS] bvid=BV1EgDQBKEQs 已成功抓取全部所需数据。
[2026-04-16 17:13:26] [SUCCESS] bvid=BV1EhQiBbE6f 已成功抓取全部所需数据。
[2026-04-16 17:13:28] [ERROR] bvid=BV1EhXyBsEsS 抓取失败：media: 接口返回错误代码：62002，信息：稿件不可见。
{'code': 62002, 'message': '稿件不可见', 'ttl': 1}
[2026-04-16 17:13:36] [SUCCESS] bvid=BV1EiDCBLEhJ 已成功抓取全部所需数据。
[2026-04-16 17:13:41] [SUCCESS] bvid=BV1EjDdB2E27 已成功抓取全部所需数据。
[2026-04-16 17:13:47] [SUCCESS] bvid=BV1EjDdB2Eaf 已成功抓取全部所需数据。
[2026-04-16 17:13:59] [SUCCESS] bvid=BV1EmDSBwEzp 已成功抓取全部所需数据。
[2026-04-16 17:14:06] [SUCCESS] bvid=BV1EmQ5BMEdD 已成功抓取全部所需数据。
[2026-04-16 17:14:12] [SUCCESS] bvid=BV1EmQ5BMEdK 已成功抓取全部所需数据。
[2026-04-16 17:14:27] [SUCCESS] bvid=BV1EoDyBSEny 已成功抓取全部所需数据。
[2026-04-16 17:14:35] [SUCCESS] bvid=BV1EoQEBmEty 已成功抓取全部所需数据。
[2026-04-16 17:14:44] [ERROR] bvid=BV1EqQMBDEF2 抓取失败：media: 接口返回错误代码：62002，信息：稿件不可见。
{'code': 62002, 'message': '稿件不可见', 'ttl': 1}
[2026-04-16 17:14:50] [SUCCESS] bvid=BV1ErQgBdEzH 已成功抓取全部所需数据。
[2026-04-16 17:15:09] [SUCCESS] bvid=BV1EsQFBoE5q 已成功抓取全部所需数据。
[2026-04-16 17:15:16] [SUCCESS] bvid=BV1EtQiBhEam 已成功抓取全部所需数据。
[2026-04-16 17:15:22] [SUCCESS] bvid=BV1EvQLBKE3h 已成功抓取全部所需数据。
[2026-04-16 17:15:28] [SUCCESS] bvid=BV1EyQGBaEdK 已成功抓取全部所需数据。
[2026-04-16 17:15:35] [SUCCESS] bvid=BV1EyQgB9ENV 已成功抓取全部所需数据。
[2026-04-16 17:15:42] [SUCCESS] bvid=BV1EzQMBJEUP 已成功抓取全部所需数据。
[2026-04-16 17:15:50] [ERROR] bvid=BV1EzXUBvEAc 抓取失败：media: No downloadable media stream found for this bvid.
[2026-04-16 17:15:53] [ERROR] bvid=BV1EzXUBvEjc 抓取失败：media: 接口返回错误代码：62002，信息：稿件不可见。
{'code': 62002, 'message': '稿件不可见', 'ttl': 1}
[2026-04-16 17:15:59] [SUCCESS] bvid=BV1F2DQB6EdZ 已成功抓取全部所需数据。
[2026-04-16 17:16:06] [SUCCESS] bvid=BV1F3QjBrEY2 已成功抓取全部所需数据。
[2026-04-16 17:16:20] [SUCCESS] bvid=BV1F8Q4BuE3s 已成功抓取全部所需数据。
[2026-04-16 17:16:25] [SUCCESS] bvid=BV1F9D9ByEEo 已成功抓取全部所需数据。
[2026-04-16 17:16:32] [SUCCESS] bvid=BV1FAQvBfERu 已成功抓取全部所需数据。
[2026-04-16 17:16:40] [ERROR] bvid=BV1FAXuBoE1J 抓取失败：media: No downloadable media stream found for this bvid.
[2026-04-16 17:17:00] [SUCCESS] bvid=BV1FBQhBJESd 已成功抓取全部所需数据。
[2026-04-16 17:17:05] [SUCCESS] bvid=BV1FCDQBkEkk 已成功抓取全部所需数据。
[2026-04-16 17:17:12] [SUCCESS] bvid=BV1FCQYB9EK2 已成功抓取全部所需数据。
[2026-04-16 17:17:17] [SUCCESS] bvid=BV1FFQgBRE4z 已成功抓取全部所需数据。
[2026-04-16 17:17:33] [SUCCESS] bvid=BV1FLQEB2EH6 已成功抓取全部所需数据。
[2026-04-16 17:17:35] [ERROR] bvid=BV1FLQuBRE19 抓取失败：media: 接口返回错误代码：62002，信息：稿件不可见。
{'code': 62002, 'message': '稿件不可见', 'ttl': 1}
[2026-04-16 17:17:43] [SUCCESS] bvid=BV1FLQuBRE6S 已成功抓取全部所需数据。
[2026-04-16 17:17:46] [ERROR] bvid=BV1FLXVBNEha 抓取失败：media: 接口返回错误代码：62012，信息：62012。
{'code': 62012, 'message': '62012', 'ttl': 1}
[2026-04-16 17:17:48] [ERROR] bvid=BV1FQ9KBnEKR 抓取失败：media: 接口返回错误代码：62002，信息：稿件不可见。
{'code': 62002, 'message': '稿件不可见', 'ttl': 1}
[2026-04-16 17:17:54] [SUCCESS] bvid=BV1FSDJBEEXq 已成功抓取全部所需数据。
[2026-04-16 17:17:56] [ERROR] bvid=BV1FT9LBGEVy 抓取失败：media: 接口返回错误代码：62012，信息：62012。
{'code': 62012, 'message': '62012', 'ttl': 1}
[2026-04-16 17:18:10] [SUCCESS] bvid=BV1FVQjBgEGE 已成功抓取全部所需数据。
[2026-04-16 17:18:28] [SUCCESS] bvid=BV1FWDDBqE7C 已成功抓取全部所需数据。
[2026-04-16 17:18:30] [ERROR] bvid=BV1FYXWBYES2 抓取失败：media: 接口返回错误代码：62012，信息：62012。
{'code': 62012, 'message': '62012', 'ttl': 1}
[2026-04-16 17:18:37] [SUCCESS] bvid=BV1FbQsBwEPJ 已成功抓取全部所需数据。
[2026-04-16 17:18:49] [SUCCESS] bvid=BV1FcQvBcESV 已成功抓取全部所需数据。
[2026-04-16 17:18:54] [SUCCESS] bvid=BV1FdQTBSEad 已成功抓取全部所需数据。
[2026-04-16 17:19:16] [SUCCESS] bvid=BV1FeQbB5Ec5 已成功抓取全部所需数据。
[2026-04-16 17:19:22] [SUCCESS] bvid=BV1FfQuBxECi 已成功抓取全部所需数据。
[2026-04-16 17:19:28] [SUCCESS] bvid=BV1FhQ7B2EfZ 已成功抓取全部所需数据。
[2026-04-16 17:19:34] [SUCCESS] bvid=BV1FkDSBvEnW 已成功抓取全部所需数据。
[2026-04-16 17:19:47] [SUCCESS] bvid=BV1FkQvBAERh 已成功抓取全部所需数据。
[2026-04-16 17:19:53] [SUCCESS] bvid=BV1FnDjBrErp 已成功抓取全部所需数据。
[2026-04-16 17:19:58] [SUCCESS] bvid=BV1FnQ3BFEre 已成功抓取全部所需数据。
[2026-04-16 17:20:05] [SUCCESS] bvid=BV1FnQFBhELG 已成功抓取全部所需数据。
[2026-04-16 17:20:11] [SUCCESS] bvid=BV1FoQ8B7EAd 已成功抓取全部所需数据。
[2026-04-16 17:20:17] [SUCCESS] bvid=BV1FoQuBoE6A 已成功抓取全部所需数据。
[2026-04-16 17:20:25] [ERROR] bvid=BV1FoXPBLEhc 抓取失败：media: 接口返回错误代码：-404，信息：啥都木有。
{'code': -404, 'message': '啥都木有', 'ttl': 1}
[2026-04-16 17:20:33] [ERROR] bvid=BV1FpDzBBEwh 抓取失败：media: 接口返回错误代码：62002，信息：稿件不可见。
{'code': 62002, 'message': '稿件不可见', 'ttl': 1}
[2026-04-16 17:20:36] [ERROR] bvid=BV1FrDLBME9T 抓取失败：media: 接口返回错误代码：62002，信息：稿件不可见。
{'code': 62002, 'message': '稿件不可见', 'ttl': 1}
[2026-04-16 17:20:39] [ERROR] bvid=BV1FuDhBLEy2 抓取失败：media: 接口返回错误代码：62002，信息：稿件不可见。
{'code': 62002, 'message': '稿件不可见', 'ttl': 1}
[2026-04-16 17:20:45] [SUCCESS] bvid=BV1FwQGBwESV 已成功抓取全部所需数据。
[2026-04-16 17:20:59] [SUCCESS] bvid=BV1FwQYBQE3X 已成功抓取全部所需数据。
[2026-04-16 17:21:07] [ERROR] bvid=BV1FwXTBSEdM 抓取失败：media: 接口返回错误代码：62012，信息：62012。
{'code': 62012, 'message': '62012', 'ttl': 1}
[2026-04-16 17:21:20] [SUCCESS] bvid=BV1FyDSBPEiK 已成功抓取全部所需数据。
[2026-04-16 17:21:23] [ERROR] bvid=BV1G1XGBREi7 抓取失败：media: No downloadable media stream found for this bvid.
[2026-04-16 17:21:39] [SUCCESS] bvid=BV1G2Q4BtE1S 已成功抓取全部所需数据。
[2026-04-16 17:21:46] [SUCCESS] bvid=BV1G4D9BwEhT 已成功抓取全部所需数据。
[2026-04-16 17:21:52] [SUCCESS] bvid=BV1G4D9BwEnQ 已成功抓取全部所需数据。
[2026-04-16 17:21:59] [SUCCESS] bvid=BV1G4D9BwEtQ 已成功抓取全部所需数据。
[2026-04-16 17:22:11] [SUCCESS] bvid=BV1G4QtBFEHA 已成功抓取全部所需数据。
[2026-04-16 17:22:18] [SUCCESS] bvid=BV1G4QtBFELs 已成功抓取全部所需数据。
[2026-04-16 17:22:29] [SUCCESS] bvid=BV1G4QtBFEVo 已成功抓取全部所需数据。
[2026-04-16 17:22:43] [SUCCESS] bvid=BV1G4QtBFEu1 已成功抓取全部所需数据。
[2026-04-16 17:22:43] [WARN] 当前子任务已结束，但仍有未成功抓取的视频，已导出 remaining CSV 供继续执行。
[2026-04-16 17:22:43] [INFO] 已导出剔除成功条目后的剩余 CSV：outputs\video_data\manual_crawls\manual_crawl_media_mode_A_20260416_150343\remaining_bvids_part_8.csv
[2026-04-16 17:22:43] 子任务结束时间：2026-04-16T17:22:43.004833
[TIMESTAMP][END] 2026-04-16T17:22:43
