[TIMESTAMP][BEGIN] 2026-04-16T15:29:49
[2026-04-16 15:29:51] 开始执行 CSV 批量抓取子任务 part_3。
[2026-04-16 15:29:51] 子任务开始时间：2026-04-16T15:29:49.366896
[2026-04-16 15:29:51] 输入文件：batch_input_3.csv
[2026-04-16 15:29:51] 输入唯一 bvid 数量：100
[2026-04-16 15:30:09] [SUCCESS] bvid=BV159QgBUEE8 已成功抓取全部所需数据。
[2026-04-16 15:30:12] [ERROR] bvid=BV15BDzBtEMe 抓取失败：media: 接口返回错误代码：62002，信息：稿件不可见。
{'code': 62002, 'message': '稿件不可见', 'ttl': 1}
[2026-04-16 15:30:18] [SUCCESS] bvid=BV15BQiB9Emd 已成功抓取全部所需数据。
[2026-04-16 15:30:24] [SUCCESS] bvid=BV15BQiB9EoJ 已成功抓取全部所需数据。
[2026-04-16 15:30:27] [ERROR] bvid=BV15BXyBSEio 抓取失败：media: 接口返回错误代码：62002，信息：稿件不可见。
{'code': 62002, 'message': '稿件不可见', 'ttl': 1}
[2026-04-16 15:30:45] [SUCCESS] bvid=BV15CQ4B8Ejv 已成功抓取全部所需数据。
[2026-04-16 15:30:51] [SUCCESS] bvid=BV15DQgBSEjF 已成功抓取全部所需数据。
[2026-04-16 15:31:08] [SUCCESS] bvid=BV15DQyBmES5 已成功抓取全部所需数据。
[2026-04-16 15:31:15] [SUCCESS] bvid=BV15DQyBmEik 已成功抓取全部所需数据。
[2026-04-16 15:31:21] [SUCCESS] bvid=BV15ED9BBEqB 已成功抓取全部所需数据。
[2026-04-16 15:31:26] [SUCCESS] bvid=BV15ED9BqESA 已成功抓取全部所需数据。
[2026-04-16 15:31:32] [SUCCESS] bvid=BV15FQLBFEkD 已成功抓取全部所需数据。
[2026-04-16 15:31:42] [SUCCESS] bvid=BV15HD9BvEq5 已成功抓取全部所需数据。
[2026-04-16 15:31:54] [SUCCESS] bvid=BV15KD1BCEUc 已成功抓取全部所需数据。
[2026-04-16 15:31:59] [SUCCESS] bvid=BV15KQJBrETM 已成功抓取全部所需数据。
[2026-04-16 15:32:06] [SUCCESS] bvid=BV15LQvBDEg3 已成功抓取全部所需数据。
[2026-04-16 15:32:11] [SUCCESS] bvid=BV15MQJBgE9J 已成功抓取全部所需数据。
[2026-04-16 15:32:17] [SUCCESS] bvid=BV15NQ7BeEAr 已成功抓取全部所需数据。
[2026-04-16 15:32:23] [SUCCESS] bvid=BV15NQJBGEjc 已成功抓取全部所需数据。
[2026-04-16 15:32:26] [ERROR] bvid=BV15PDeBjEQp 抓取失败：media: 接口返回错误代码：-404，信息：啥都木有。
{'code': -404, 'message': '啥都木有', 'ttl': 1}
[2026-04-16 15:32:31] [SUCCESS] bvid=BV15PQ7BNE7F 已成功抓取全部所需数据。
[2026-04-16 15:32:34] [ERROR] bvid=BV15RXjBKEE8 抓取失败：media: No downloadable media stream found for this bvid.
[2026-04-16 15:32:40] [SUCCESS] bvid=BV15SQMBkEES 已成功抓取全部所需数据。
[2026-04-16 15:32:43] [ERROR] bvid=BV15SXjBBExa 抓取失败：media: 接口返回错误代码：62002，信息：稿件不可见。
{'code': 62002, 'message': '稿件不可见', 'ttl': 1}
[2026-04-16 15:32:52] [SUCCESS] bvid=BV15WDyBVE7j 已成功抓取全部所需数据。
[2026-04-16 15:32:58] [SUCCESS] bvid=BV15XQgBEE6A 已成功抓取全部所需数据。
[2026-04-16 15:33:11] [SUCCESS] bvid=BV15XQgBJEmU 已成功抓取全部所需数据。
[2026-04-16 15:33:14] [ERROR] bvid=BV15YXMB7E2Y 抓取失败：media: 接口返回错误代码：62002，信息：稿件不可见。
{'code': 62002, 'message': '稿件不可见', 'ttl': 1}
[2026-04-16 15:33:21] [SUCCESS] bvid=BV15cQLBbEgh 已成功抓取全部所需数据。
[2026-04-16 15:33:24] [ERROR] bvid=BV15cX2B9E9y 抓取失败：media: 接口返回错误代码：62002，信息：稿件不可见。
{'code': 62002, 'message': '稿件不可见', 'ttl': 1}
[2026-04-16 15:33:45] [SUCCESS] bvid=BV15gQhBBEKs 已成功抓取全部所需数据。
[2026-04-16 15:33:58] [SUCCESS] bvid=BV15iDDBbEKx 已成功抓取全部所需数据。
[2026-04-16 15:34:01] [ERROR] bvid=BV15mXUBFEsu 抓取失败：media: 接口返回错误代码：62002，信息：稿件不可见。
{'code': 62002, 'message': '稿件不可见', 'ttl': 1}
[2026-04-16 15:34:12] [SUCCESS] bvid=BV15qQiBsEKH 已成功抓取全部所需数据。
[2026-04-16 15:34:17] [SUCCESS] bvid=BV15qQiBsEtn 已成功抓取全部所需数据。
[2026-04-16 15:34:24] [SUCCESS] bvid=BV15qQiBsEwE 已成功抓取全部所需数据。
[2026-04-16 15:34:30] [SUCCESS] bvid=BV15uQJBzEME 已成功抓取全部所需数据。
[2026-04-16 15:34:34] [SUCCESS] bvid=BV15uXNBTENz 已成功抓取全部所需数据。
[2026-04-16 15:34:42] [SUCCESS] bvid=BV15wQ7BiE5i 已成功抓取全部所需数据。
[2026-04-16 15:34:45] [ERROR] bvid=BV15xXPBiEJ7 抓取失败：media: 接口返回错误代码：62002，信息：稿件不可见。
{'code': 62002, 'message': '稿件不可见', 'ttl': 1}
[2026-04-16 15:34:54] [SUCCESS] bvid=BV161QvBFERw 已成功抓取全部所需数据。
[2026-04-16 15:35:02] [SUCCESS] bvid=BV163QjB6E5a 已成功抓取全部所需数据。
[2026-04-16 15:35:16] [SUCCESS] bvid=BV163QjB6EAQ 已成功抓取全部所需数据。
[2026-04-16 15:35:31] [SUCCESS] bvid=BV163QjB6EVF 已成功抓取全部所需数据。
[2026-04-16 15:35:38] [SUCCESS] bvid=BV163QjBrE2o 已成功抓取全部所需数据。
[2026-04-16 15:35:45] [SUCCESS] bvid=BV164QsBaEEL 已成功抓取全部所需数据。
[2026-04-16 15:35:48] [ERROR] bvid=BV165XwBKEgL 抓取失败：media: 接口返回错误代码：62002，信息：稿件不可见。
{'code': 62002, 'message': '稿件不可见', 'ttl': 1}
[2026-04-16 15:35:53] [SUCCESS] bvid=BV166QYBRETj 已成功抓取全部所需数据。
[2026-04-16 15:35:59] [SUCCESS] bvid=BV168Q4BMEUh 已成功抓取全部所需数据。
[2026-04-16 15:36:05] [SUCCESS] bvid=BV169QtBrEET 已成功抓取全部所需数据。
[2026-04-16 15:36:22] [SUCCESS] bvid=BV16BQhBEEJq 已成功抓取全部所需数据。
[2026-04-16 15:36:29] [SUCCESS] bvid=BV16BQhBEEuB 已成功抓取全部所需数据。
[2026-04-16 15:36:45] [SUCCESS] bvid=BV16CQvBhE5t 已成功抓取全部所需数据。
[2026-04-16 15:36:51] [SUCCESS] bvid=BV16CQvBhEGJ 已成功抓取全部所需数据。
[2026-04-16 15:37:08] [SUCCESS] bvid=BV16GQEBmE3Q 已成功抓取全部所需数据。
[2026-04-16 15:37:19] [SUCCESS] bvid=BV16MDkByEHp 已成功抓取全部所需数据。
[2026-04-16 15:37:25] [SUCCESS] bvid=BV16MQjBkEJf 已成功抓取全部所需数据。
[2026-04-16 15:37:31] [SUCCESS] bvid=BV16MQjBkEWS 已成功抓取全部所需数据。
[2026-04-16 15:37:39] [SUCCESS] bvid=BV16MQjBkEq1 已成功抓取全部所需数据。
[2026-04-16 15:37:45] [SUCCESS] bvid=BV16NQvBtEao 已成功抓取全部所需数据。
[2026-04-16 15:37:59] [SUCCESS] bvid=BV16PDQBuE7B 已成功抓取全部所需数据。
[2026-04-16 15:38:06] [SUCCESS] bvid=BV16QQjBVEYW 已成功抓取全部所需数据。
[2026-04-16 15:38:18] [SUCCESS] bvid=BV16UQ5BqEsA 已成功抓取全部所需数据。
[2026-04-16 15:38:21] [ERROR] bvid=BV16VXPByEeU 抓取失败：media: 接口返回错误代码：62002，信息：稿件不可见。
{'code': 62002, 'message': '稿件不可见', 'ttl': 1}
[2026-04-16 15:38:29] [ERROR] bvid=BV16VXPByEzB 抓取失败：media: 接口返回错误代码：62002，信息：稿件不可见。
{'code': 62002, 'message': '稿件不可见', 'ttl': 1}
[2026-04-16 15:38:36] [SUCCESS] bvid=BV16XQjBkEFq 已成功抓取全部所需数据。
[2026-04-16 15:38:39] [ERROR] bvid=BV16ZXLBVEA9 抓取失败：media: 接口返回错误代码：62012，信息：62012。
{'code': 62012, 'message': '62012', 'ttl': 1}
[2026-04-16 15:38:53] [SUCCESS] bvid=BV16bQPB6Eht 已成功抓取全部所需数据。
[2026-04-16 15:38:56] [ERROR] bvid=BV16cX8BUE56 抓取失败：media: 接口返回错误代码：62012，信息：62012。
{'code': 62012, 'message': '62012', 'ttl': 1}
[2026-04-16 15:39:03] [SUCCESS] bvid=BV16dQuB4EWX 已成功抓取全部所需数据。
[2026-04-16 15:39:09] [SUCCESS] bvid=BV16dQuB4Emi 已成功抓取全部所需数据。
[2026-04-16 15:39:22] [SUCCESS] bvid=BV16eDRBLEAd 已成功抓取全部所需数据。
[2026-04-16 15:39:28] [SUCCESS] bvid=BV16eQbBVE4H 已成功抓取全部所需数据。
[2026-04-16 15:39:34] [SUCCESS] bvid=BV16fQuBsEzU 已成功抓取全部所需数据。
[2026-04-16 15:39:41] [SUCCESS] bvid=BV16gQjB3EAW 已成功抓取全部所需数据。
[2026-04-16 15:39:47] [SUCCESS] bvid=BV16hQPBuE7s 已成功抓取全部所需数据。
[2026-04-16 15:39:50] [ERROR] bvid=BV16iXNBmE8B 抓取失败：media: 接口返回错误代码：62002，信息：稿件不可见。
{'code': 62002, 'message': '稿件不可见', 'ttl': 1}
[2026-04-16 15:39:53] [ERROR] bvid=BV16p9ABkEyf 抓取失败：media: No downloadable media stream found for this bvid.
[2026-04-16 15:40:00] [SUCCESS] bvid=BV16pDDBTEQy 已成功抓取全部所需数据。
[2026-04-16 15:40:13] [SUCCESS] bvid=BV16sQiBYEsH 已成功抓取全部所需数据。
[2026-04-16 15:40:17] [ERROR] bvid=BV16sXMBXEzV 抓取失败：media: 接口返回错误代码：62002，信息：稿件不可见。
{'code': 62002, 'message': '稿件不可见', 'ttl': 1}
[2026-04-16 15:40:24] [SUCCESS] bvid=BV16tQ4BzELE 已成功抓取全部所需数据。
[2026-04-16 15:40:30] [SUCCESS] bvid=BV16tQ4BzEgF 已成功抓取全部所需数据。
[2026-04-16 15:40:41] [SUCCESS] bvid=BV16tQ4BzEhB 已成功抓取全部所需数据。
[2026-04-16 15:40:47] [SUCCESS] bvid=BV16tQ4BzEu6 已成功抓取全部所需数据。
[2026-04-16 15:40:58] [SUCCESS] bvid=BV16tQ4BzEuJ 已成功抓取全部所需数据。
[2026-04-16 15:41:04] [SUCCESS] bvid=BV16vQKB5EgP 已成功抓取全部所需数据。
[2026-04-16 15:41:28] [SUCCESS] bvid=BV16wQGBcEZm 已成功抓取全部所需数据。
[2026-04-16 15:41:34] [SUCCESS] bvid=BV16yQGBaEq4 已成功抓取全部所需数据。
[2026-04-16 15:41:40] [SUCCESS] bvid=BV16zQYBxEbv 已成功抓取全部所需数据。
[2026-04-16 15:41:46] [SUCCESS] bvid=BV172QgBpEpx 已成功抓取全部所需数据。
[2026-04-16 15:41:49] [ERROR] bvid=BV172XjB6Eu1 抓取失败：media: 接口返回错误代码：62002，信息：稿件不可见。
{'code': 62002, 'message': '稿件不可见', 'ttl': 1}
[2026-04-16 15:41:54] [SUCCESS] bvid=BV173QxBaEtY 已成功抓取全部所需数据。
[2026-04-16 15:42:00] [SUCCESS] bvid=BV174QeBWEjw 已成功抓取全部所需数据。
[2026-04-16 15:42:06] [SUCCESS] bvid=BV17AQgBDEMx 已成功抓取全部所需数据。
[2026-04-16 15:42:12] [SUCCESS] bvid=BV17CQgBsEYH 已成功抓取全部所需数据。
[2026-04-16 15:42:18] [SUCCESS] bvid=BV17EQEByEzQ 已成功抓取全部所需数据。
[2026-04-16 15:42:25] [SUCCESS] bvid=BV17FD1BmEq2 已成功抓取全部所需数据。
[2026-04-16 15:42:31] [SUCCESS] bvid=BV17FQJB1Ert 已成功抓取全部所需数据。
[2026-04-16 15:42:39] [ERROR] bvid=BV17HXPBuEPd 抓取失败：media: 接口返回错误代码：62002，信息：稿件不可见。
{'code': 62002, 'message': '稿件不可见', 'ttl': 1}
[2026-04-16 15:42:39] [WARN] 当前子任务已结束，但仍有未成功抓取的视频，已导出 remaining CSV 供继续执行。
[2026-04-16 15:42:39] [INFO] 已导出剔除成功条目后的剩余 CSV：outputs\video_data\manual_crawls\manual_crawl_media_mode_A_20260416_150343\remaining_bvids_part_3.csv
[2026-04-16 15:42:39] 子任务结束时间：2026-04-16T15:42:39.835647
[TIMESTAMP][END] 2026-04-16T15:42:39
