[TIMESTAMP][BEGIN] 2026-04-16T16:21:45
[2026-04-16 16:21:47] 开始执行 CSV 批量抓取子任务 part_6。
[2026-04-16 16:21:47] 子任务开始时间：2026-04-16T16:21:45.127360
[2026-04-16 16:21:47] 输入文件：batch_input_6.csv
[2026-04-16 16:21:47] 输入唯一 bvid 数量：100
[2026-04-16 16:21:59] [SUCCESS] bvid=BV1B1DfBWE7E 已成功抓取全部所需数据。
[2026-04-16 16:22:05] [SUCCESS] bvid=BV1B1QYBHEKu 已成功抓取全部所需数据。
[2026-04-16 16:22:12] [SUCCESS] bvid=BV1B1QYBpEfu 已成功抓取全部所需数据。
[2026-04-16 16:22:18] [SUCCESS] bvid=BV1B2QYBDEbz 已成功抓取全部所需数据。
[2026-04-16 16:22:24] [SUCCESS] bvid=BV1B4DDBeExH 已成功抓取全部所需数据。
[2026-04-16 16:22:26] [ERROR] bvid=BV1B6XjByEkA 抓取失败：media: 接口返回错误代码：62002，信息：稿件不可见。
{'code': 62002, 'message': '稿件不可见', 'ttl': 1}
[2026-04-16 16:22:35] [SUCCESS] bvid=BV1B7QEB5Ec2 已成功抓取全部所需数据。
[2026-04-16 16:22:42] [SUCCESS] bvid=BV1B7QEB5Ecs 已成功抓取全部所需数据。
[2026-04-16 16:22:49] [SUCCESS] bvid=BV1B7QEB5ExZ 已成功抓取全部所需数据。
[2026-04-16 16:22:56] [SUCCESS] bvid=BV1B8QsB8E7j 已成功抓取全部所需数据。
[2026-04-16 16:23:04] [SUCCESS] bvid=BV1B9Q5BPEPy 已成功抓取全部所需数据。
[2026-04-16 16:23:10] [SUCCESS] bvid=BV1BAQgBQEZu 已成功抓取全部所需数据。
[2026-04-16 16:23:17] [SUCCESS] bvid=BV1BAQgBQEaQ 已成功抓取全部所需数据。
[2026-04-16 16:23:23] [SUCCESS] bvid=BV1BDQABiEi4 已成功抓取全部所需数据。
[2026-04-16 16:23:26] [ERROR] bvid=BV1BJXsBcEK8 抓取失败：media: No downloadable media stream found for this bvid.
[2026-04-16 16:23:33] [SUCCESS] bvid=BV1BNQgBnENL 已成功抓取全部所需数据。
[2026-04-16 16:23:36] [ERROR] bvid=BV1BPX8B2EDX 抓取失败：media: 接口返回错误代码：62002，信息：稿件不可见。
{'code': 62002, 'message': '稿件不可见', 'ttl': 1}
[2026-04-16 16:23:44] [ERROR] bvid=BV1BQDMB7EKV 抓取失败：media: 接口返回错误代码：-404，信息：啥都木有。
{'code': -404, 'message': '啥都木有', 'ttl': 1}
[2026-04-16 16:23:50] [SUCCESS] bvid=BV1BRDkBVEj8 已成功抓取全部所需数据。
[2026-04-16 16:23:53] [ERROR] bvid=BV1BS9LBkEBh 抓取失败：media: 接口返回错误代码：62002，信息：稿件不可见。
{'code': 62002, 'message': '稿件不可见', 'ttl': 1}
[2026-04-16 16:23:59] [SUCCESS] bvid=BV1BSQABTE2y 已成功抓取全部所需数据。
[2026-04-16 16:24:05] [SUCCESS] bvid=BV1BTQGBoEJ7 已成功抓取全部所需数据。
[2026-04-16 16:24:12] [SUCCESS] bvid=BV1BTQGBoEr5 已成功抓取全部所需数据。
[2026-04-16 16:24:19] [SUCCESS] bvid=BV1BVQjBuEnc 已成功抓取全部所需数据。
[2026-04-16 16:24:42] [SUCCESS] bvid=BV1BY9TBHEFh 已成功抓取全部所需数据。
[2026-04-16 16:24:51] [SUCCESS] bvid=BV1BYDXBMEao 已成功抓取全部所需数据。
[2026-04-16 16:24:57] [SUCCESS] bvid=BV1BYDXBMEhK 已成功抓取全部所需数据。
[2026-04-16 16:25:02] [SUCCESS] bvid=BV1BYDXBMEin 已成功抓取全部所需数据。
[2026-04-16 16:25:05] [ERROR] bvid=BV1BYDaBmE6y 抓取失败：media: 接口返回错误代码：-404，信息：啥都木有。
{'code': -404, 'message': '啥都木有', 'ttl': 1}
[2026-04-16 16:25:08] [ERROR] bvid=BV1BYDaBmELa 抓取失败：media: 接口返回错误代码：-404，信息：啥都木有。
{'code': -404, 'message': '啥都木有', 'ttl': 1}
[2026-04-16 16:25:19] [SUCCESS] bvid=BV1BYQ4BKEMo 已成功抓取全部所需数据。
[2026-04-16 16:25:24] [SUCCESS] bvid=BV1BYQ4BKEtF 已成功抓取全部所需数据。
[2026-04-16 16:25:30] [SUCCESS] bvid=BV1BbQsBcEj5 已成功抓取全部所需数据。
[2026-04-16 16:25:37] [SUCCESS] bvid=BV1BdQTBUE9R 已成功抓取全部所需数据。
[2026-04-16 16:25:50] [SUCCESS] bvid=BV1BdQjB6ERx 已成功抓取全部所需数据。
[2026-04-16 16:26:03] [SUCCESS] bvid=BV1BdQtBgEtH 已成功抓取全部所需数据。
[2026-04-16 16:26:06] [ERROR] bvid=BV1BeAJzkEug 抓取失败：media: No downloadable media stream found for this bvid.
[2026-04-16 16:26:13] [SUCCESS] bvid=BV1BeDXBqEN6 已成功抓取全部所需数据。
[2026-04-16 16:26:20] [SUCCESS] bvid=BV1BeQ4BvEkb 已成功抓取全部所需数据。
[2026-04-16 16:26:35] [SUCCESS] bvid=BV1BeQbBVE2y 已成功抓取全部所需数据。
[2026-04-16 16:26:41] [SUCCESS] bvid=BV1BfQTB2ECk 已成功抓取全部所需数据。
[2026-04-16 16:26:47] [SUCCESS] bvid=BV1BhDXBzEAr 已成功抓取全部所需数据。
[2026-04-16 16:26:52] [SUCCESS] bvid=BV1BhDXBzEpB 已成功抓取全部所需数据。
[2026-04-16 16:27:00] [SUCCESS] bvid=BV1BhQ4BqE2V 已成功抓取全部所需数据。
[2026-04-16 16:27:20] [SUCCESS] bvid=BV1BhQ4BqE5P 已成功抓取全部所需数据。
[2026-04-16 16:27:35] [SUCCESS] bvid=BV1BhQsBfEFX 已成功抓取全部所需数据。
[2026-04-16 16:27:40] [SUCCESS] bvid=BV1BmQvBZEwh 已成功抓取全部所需数据。
[2026-04-16 16:27:43] [ERROR] bvid=BV1BnXLBzESN 抓取失败：media: 接口返回错误代码：-404，信息：啥都木有。
{'code': -404, 'message': '啥都木有', 'ttl': 1}
[2026-04-16 16:27:51] [SUCCESS] bvid=BV1BqDCByEjy 已成功抓取全部所需数据。
[2026-04-16 16:27:56] [SUCCESS] bvid=BV1BqQbB3EBi 已成功抓取全部所需数据。
[2026-04-16 16:28:04] [SUCCESS] bvid=BV1BqQbBGEBV 已成功抓取全部所需数据。
[2026-04-16 16:28:10] [SUCCESS] bvid=BV1BrQhBjECS 已成功抓取全部所需数据。
[2026-04-16 16:28:16] [SUCCESS] bvid=BV1BrQhBjEXJ 已成功抓取全部所需数据。
[2026-04-16 16:28:22] [SUCCESS] bvid=BV1BtDXBrE9W 已成功抓取全部所需数据。
[2026-04-16 16:28:28] [SUCCESS] bvid=BV1BtQwBYEJ8 已成功抓取全部所需数据。
[2026-04-16 16:28:45] [SUCCESS] bvid=BV1BvQKB5EUG 已成功抓取全部所需数据。
[2026-04-16 16:29:02] [SUCCESS] bvid=BV1BvQbBkEP6 已成功抓取全部所需数据。
[2026-04-16 16:29:09] [SUCCESS] bvid=BV1BvQbBkEZk 已成功抓取全部所需数据。
[2026-04-16 16:29:15] [SUCCESS] bvid=BV1BwQgBpEW4 已成功抓取全部所需数据。
[2026-04-16 16:29:21] [SUCCESS] bvid=BV1BwQgBpEaw 已成功抓取全部所需数据。
[2026-04-16 16:29:23] [ERROR] bvid=BV1BzDeBHEvf 抓取失败：media: 接口返回错误代码：62002，信息：稿件不可见。
{'code': 62002, 'message': '稿件不可见', 'ttl': 1}
[2026-04-16 16:29:36] [SUCCESS] bvid=BV1BzQ7B3E6X 已成功抓取全部所需数据。
[2026-04-16 16:29:42] [SUCCESS] bvid=BV1BzQhBmEss 已成功抓取全部所需数据。
[2026-04-16 16:29:44] [ERROR] bvid=BV1C1XVBCEVu 抓取失败：media: 接口返回错误代码：62002，信息：稿件不可见。
{'code': 62002, 'message': '稿件不可见', 'ttl': 1}
[2026-04-16 16:29:50] [SUCCESS] bvid=BV1C2QjB2E5E 已成功抓取全部所需数据。
[2026-04-16 16:29:52] [ERROR] bvid=BV1C3SQB6EC8 抓取失败：media: 接口返回错误代码：62002，信息：稿件不可见。
{'code': 62002, 'message': '稿件不可见', 'ttl': 1}
[2026-04-16 16:29:55] [ERROR] bvid=BV1C6XCBbEhV 抓取失败：media: No downloadable media stream found for this bvid.
[2026-04-16 16:30:02] [SUCCESS] bvid=BV1C7DDB6EcG 已成功抓取全部所需数据。
[2026-04-16 16:30:07] [SUCCESS] bvid=BV1C7QsBBEa4 已成功抓取全部所需数据。
[2026-04-16 16:30:21] [SUCCESS] bvid=BV1C8QMBxEZj 已成功抓取全部所需数据。
[2026-04-16 16:30:26] [SUCCESS] bvid=BV1C9QuBZEJn 已成功抓取全部所需数据。
[2026-04-16 16:30:32] [SUCCESS] bvid=BV1C9QuBZEuQ 已成功抓取全部所需数据。
[2026-04-16 16:30:41] [SUCCESS] bvid=BV1CADyBdEBR 已成功抓取全部所需数据。
[2026-04-16 16:30:47] [SUCCESS] bvid=BV1CHDXB1EBs 已成功抓取全部所需数据。
[2026-04-16 16:30:53] [SUCCESS] bvid=BV1CHQ4BCEg8 已成功抓取全部所需数据。
[2026-04-16 16:31:00] [SUCCESS] bvid=BV1CHQ4BCEsm 已成功抓取全部所需数据。
[2026-04-16 16:31:06] [SUCCESS] bvid=BV1CHQiBvEFx 已成功抓取全部所需数据。
[2026-04-16 16:31:12] [SUCCESS] bvid=BV1CJQsBMEfV 已成功抓取全部所需数据。
[2026-04-16 16:31:18] [SUCCESS] bvid=BV1CKQEBQEEH 已成功抓取全部所需数据。
[2026-04-16 16:31:29] [SUCCESS] bvid=BV1CKQEBQEiS 已成功抓取全部所需数据。
[2026-04-16 16:31:35] [SUCCESS] bvid=BV1CKQEBQExg 已成功抓取全部所需数据。
[2026-04-16 16:32:00] [SUCCESS] bvid=BV1CMQEBnE6D 已成功抓取全部所需数据。
[2026-04-16 16:32:05] [SUCCESS] bvid=BV1CNQEBpEkQ 已成功抓取全部所需数据。
[2026-04-16 16:32:10] [SUCCESS] bvid=BV1CNQjByE8x 已成功抓取全部所需数据。
[2026-04-16 16:32:16] [SUCCESS] bvid=BV1CNQjByEbY 已成功抓取全部所需数据。
[2026-04-16 16:32:21] [SUCCESS] bvid=BV1CNQjByEuV 已成功抓取全部所需数据。
[2026-04-16 16:32:34] [SUCCESS] bvid=BV1CNQtB5Et1 已成功抓取全部所需数据。
[2026-04-16 16:32:48] [SUCCESS] bvid=BV1CQQuBFEuR 已成功抓取全部所需数据。
[2026-04-16 16:32:54] [SUCCESS] bvid=BV1CRDUBqEy9 已成功抓取全部所需数据。
[2026-04-16 16:33:10] [SUCCESS] bvid=BV1CSQEBpEbN 已成功抓取全部所需数据。
[2026-04-16 16:33:16] [SUCCESS] bvid=BV1CSQuBhEjg 已成功抓取全部所需数据。
[2026-04-16 16:33:18] [ERROR] bvid=BV1CSXLBUEHK 抓取失败：media: 接口返回错误代码：62002，信息：稿件不可见。
{'code': 62002, 'message': '稿件不可见', 'ttl': 1}
[2026-04-16 16:33:25] [SUCCESS] bvid=BV1CTDdBXEC7 已成功抓取全部所需数据。
[2026-04-16 16:33:27] [ERROR] bvid=BV1CUXVBrEbz 抓取失败：media: 接口返回错误代码：62002，信息：稿件不可见。
{'code': 62002, 'message': '稿件不可见', 'ttl': 1}
[2026-04-16 16:33:34] [SUCCESS] bvid=BV1CXQuBbE7y 已成功抓取全部所需数据。
[2026-04-16 16:33:39] [SUCCESS] bvid=BV1CYQgBwEYR 已成功抓取全部所需数据。
[2026-04-16 16:33:41] [ERROR] bvid=BV1CYXNBSE7N 抓取失败：media: 接口返回错误代码：62002，信息：稿件不可见。
{'code': 62002, 'message': '稿件不可见', 'ttl': 1}
[2026-04-16 16:33:49] [ERROR] bvid=BV1CaSDBTEKf 抓取失败：media: 接口返回错误代码：62002，信息：稿件不可见。
{'code': 62002, 'message': '稿件不可见', 'ttl': 1}
[2026-04-16 16:33:55] [SUCCESS] bvid=BV1CcQxBuEzj 已成功抓取全部所需数据。
[2026-04-16 16:33:58] [ERROR] bvid=BV1CgXLB5EeU 抓取失败：media: 接口返回错误代码：62002，信息：稿件不可见。
{'code': 62002, 'message': '稿件不可见', 'ttl': 1}
[2026-04-16 16:33:58] [WARN] 当前子任务已结束，但仍有未成功抓取的视频，已导出 remaining CSV 供继续执行。
[2026-04-16 16:33:58] [INFO] 已导出剔除成功条目后的剩余 CSV：outputs\video_data\manual_crawls\manual_crawl_media_mode_A_20260416_150343\remaining_bvids_part_6.csv
[2026-04-16 16:33:58] 子任务结束时间：2026-04-16T16:33:58.381637
[TIMESTAMP][END] 2026-04-16T16:33:58
