[TIMESTAMP][BEGIN] 2026-04-16T17:39:48
[2026-04-16 17:39:51] 开始执行 CSV 批量抓取子任务 part_11。
[2026-04-16 17:39:51] 子任务开始时间：2026-04-16T17:39:48.960838
[2026-04-16 17:39:51] 输入文件：batch_input_10.csv
[2026-04-16 17:39:51] 输入唯一 bvid 数量：100
[2026-04-16 17:39:54] [ERROR] bvid=BV1HcXaB4EZB 抓取失败：media: 接口返回错误代码：62002，信息：稿件不可见。
{'code': 62002, 'message': '稿件不可见', 'ttl': 1}
[2026-04-16 17:40:19] [SUCCESS] bvid=BV1HdDZBZEvm 已成功抓取全部所需数据。
[2026-04-16 17:40:32] [SUCCESS] bvid=BV1HgDdBDEWx 已成功抓取全部所需数据。
[2026-04-16 17:40:38] [SUCCESS] bvid=BV1HmQ5BMET9 已成功抓取全部所需数据。
[2026-04-16 17:41:01] [SUCCESS] bvid=BV1HmQtB1EtJ 已成功抓取全部所需数据。
[2026-04-16 17:41:03] [ERROR] bvid=BV1HnXMBxEcY 抓取失败：media: 接口返回错误代码：-404，信息：啥都木有。
{'code': -404, 'message': '啥都木有', 'ttl': 1}
[2026-04-16 17:41:16] [SUCCESS] bvid=BV1HoQuBoE7M 已成功抓取全部所需数据。
[2026-04-16 17:41:22] [SUCCESS] bvid=BV1HqQgBbEPk 已成功抓取全部所需数据。
[2026-04-16 17:41:25] [ERROR] bvid=BV1HqXDByEQ6 抓取失败：media: 接口返回错误代码：-404，信息：啥都木有。
{'code': -404, 'message': '啥都木有', 'ttl': 1}
[2026-04-16 17:41:33] [ERROR] bvid=BV1HqXDByERG 抓取失败：media: 接口返回错误代码：-404，信息：啥都木有。
{'code': -404, 'message': '啥都木有', 'ttl': 1}
[2026-04-16 17:41:46] [SUCCESS] bvid=BV1HrDSBKEpx 已成功抓取全部所需数据。
[2026-04-16 17:41:51] [SUCCESS] bvid=BV1HrQGBeEEQ 已成功抓取全部所需数据。
[2026-04-16 17:41:57] [SUCCESS] bvid=BV1HrQGBeEfm 已成功抓取全部所需数据。
[2026-04-16 17:42:11] [SUCCESS] bvid=BV1HsQPBVEfS 已成功抓取全部所需数据。
[2026-04-16 17:42:17] [SUCCESS] bvid=BV1HtQ4B6Etq 已成功抓取全部所需数据。
[2026-04-16 17:42:23] [SUCCESS] bvid=BV1HuQtBrEh4 已成功抓取全部所需数据。
[2026-04-16 17:42:38] [SUCCESS] bvid=BV1HuQtBrEu3 已成功抓取全部所需数据。
[2026-04-16 17:42:58] [SUCCESS] bvid=BV1HwQxBBE6K 已成功抓取全部所需数据。
[2026-04-16 17:43:05] [SUCCESS] bvid=BV1HwQxBBEHA 已成功抓取全部所需数据。
[2026-04-16 17:43:09] [ERROR] bvid=BV1HxXGBBESv 抓取失败：media: No downloadable media stream found for this bvid.
[2026-04-16 17:43:16] [SUCCESS] bvid=BV1HyQ5BgENR 已成功抓取全部所需数据。
[2026-04-16 17:43:40] [SUCCESS] bvid=BV1HyQ5BgEgo 已成功抓取全部所需数据。
[2026-04-16 17:43:45] [SUCCESS] bvid=BV1J3D9BGEY3 已成功抓取全部所需数据。
[2026-04-16 17:43:51] [SUCCESS] bvid=BV1J3QjBrE9i 已成功抓取全部所需数据。
[2026-04-16 17:44:16] [SUCCESS] bvid=BV1J3QtBgEcs 已成功抓取全部所需数据。
[2026-04-16 17:44:18] [ERROR] bvid=BV1J3XoBoEq5 抓取失败：media: 接口返回错误代码：-404，信息：啥都木有。
{'code': -404, 'message': '啥都木有', 'ttl': 1}
[2026-04-16 17:44:21] [ERROR] bvid=BV1J4XgBFEDQ 抓取失败：media: No downloadable media stream found for this bvid.
[2026-04-16 17:44:29] [SUCCESS] bvid=BV1J5QtBMEH5 已成功抓取全部所需数据。
[2026-04-16 17:44:31] [ERROR] bvid=BV1J5XLBCEQU 抓取失败：media: 接口返回错误代码：62002，信息：稿件不可见。
{'code': 62002, 'message': '稿件不可见', 'ttl': 1}
[2026-04-16 17:44:37] [SUCCESS] bvid=BV1J6QgB4EUD 已成功抓取全部所需数据。
[2026-04-16 17:44:41] [ERROR] bvid=BV1J7XKBSE2L 抓取失败：media: No downloadable media stream found for this bvid.
[2026-04-16 17:44:46] [SUCCESS] bvid=BV1J9QEBSEXm 已成功抓取全部所需数据。
[2026-04-16 17:44:53] [SUCCESS] bvid=BV1JBQgBZEju 已成功抓取全部所需数据。
[2026-04-16 17:45:01] [ERROR] bvid=BV1JBXUBKEG1 抓取失败：media: 接口返回错误代码：-404，信息：啥都木有。
{'code': -404, 'message': '啥都木有', 'ttl': 1}
[2026-04-16 17:45:07] [SUCCESS] bvid=BV1JCQGBAEz8 已成功抓取全部所需数据。
[2026-04-16 17:45:13] [SUCCESS] bvid=BV1JGQtBzEuF 已成功抓取全部所需数据。
[2026-04-16 17:45:25] [SUCCESS] bvid=BV1JJDZBpEgR 已成功抓取全部所需数据。
[2026-04-16 17:45:31] [SUCCESS] bvid=BV1JKD9B1EZ5 已成功抓取全部所需数据。
[2026-04-16 17:45:52] [SUCCESS] bvid=BV1JLDvBoEtk 已成功抓取全部所需数据。
[2026-04-16 17:45:55] [ERROR] bvid=BV1JLXPBVERj 抓取失败：media: 接口返回错误代码：62012，信息：62012。
{'code': 62012, 'message': '62012', 'ttl': 1}
[2026-04-16 17:46:03] [SUCCESS] bvid=BV1JMD9B5Eo3 已成功抓取全部所需数据。
[2026-04-16 17:46:10] [SUCCESS] bvid=BV1JMDQBiE4e 已成功抓取全部所需数据。
[2026-04-16 17:46:12] [ERROR] bvid=BV1JNXrB1ETF 抓取失败：media: 接口返回错误代码：62002，信息：稿件不可见。
{'code': 62002, 'message': '稿件不可见', 'ttl': 1}
[2026-04-16 17:46:15] [ERROR] bvid=BV1JPX8B2EJR 抓取失败：media: 接口返回错误代码：62002，信息：稿件不可见。
{'code': 62002, 'message': '稿件不可见', 'ttl': 1}
[2026-04-16 17:46:32] [SUCCESS] bvid=BV1JQDkBLEed 已成功抓取全部所需数据。
[2026-04-16 17:46:40] [SUCCESS] bvid=BV1JSQjByEb3 已成功抓取全部所需数据。
[2026-04-16 17:46:46] [SUCCESS] bvid=BV1JSQxBiE9a 已成功抓取全部所需数据。
[2026-04-16 17:46:52] [SUCCESS] bvid=BV1JSQxBiEGb 已成功抓取全部所需数据。
[2026-04-16 17:47:04] [SUCCESS] bvid=BV1JTDQBTECB 已成功抓取全部所需数据。
[2026-04-16 17:47:11] [SUCCESS] bvid=BV1JUQxBTE7U 已成功抓取全部所需数据。
[2026-04-16 17:47:18] [SUCCESS] bvid=BV1JVQjBgESU 已成功抓取全部所需数据。
[2026-04-16 17:47:25] [SUCCESS] bvid=BV1JWQeBxEDQ 已成功抓取全部所需数据。
[2026-04-16 17:47:32] [SUCCESS] bvid=BV1JWQwBKESF 已成功抓取全部所需数据。
[2026-04-16 17:47:39] [SUCCESS] bvid=BV1JXDkByEPa 已成功抓取全部所需数据。
[2026-04-16 17:47:49] [SUCCESS] bvid=BV1JYDCB7EKh 已成功抓取全部所需数据。
[2026-04-16 17:47:52] [ERROR] bvid=BV1JYDaBmEKx 抓取失败：media: 接口返回错误代码：62002，信息：稿件不可见。
{'code': 62002, 'message': '稿件不可见', 'ttl': 1}
[2026-04-16 17:48:00] [SUCCESS] bvid=BV1JYQ4BTEjn 已成功抓取全部所需数据。
[2026-04-16 17:48:06] [SUCCESS] bvid=BV1JbQsBwE8c 已成功抓取全部所需数据。
[2026-04-16 17:48:18] [SUCCESS] bvid=BV1JcDSBYEBN 已成功抓取全部所需数据。
[2026-04-16 17:48:39] [SUCCESS] bvid=BV1JcDSBYEvA 已成功抓取全部所需数据。
[2026-04-16 17:49:14] [SUCCESS] bvid=BV1JdDyBnEmV 已成功抓取全部所需数据。
[2026-04-16 17:49:20] [SUCCESS] bvid=BV1JdQtBgEPt 已成功抓取全部所需数据。
[2026-04-16 17:49:26] [SUCCESS] bvid=BV1JgQxBAE3j 已成功抓取全部所需数据。
[2026-04-16 17:49:32] [SUCCESS] bvid=BV1JiQ7BVEPM 已成功抓取全部所需数据。
[2026-04-16 17:49:34] [ERROR] bvid=BV1JiX5BzESQ 抓取失败：media: 接口返回错误代码：62002，信息：稿件不可见。
{'code': 62002, 'message': '稿件不可见', 'ttl': 1}
[2026-04-16 17:49:38] [ERROR] bvid=BV1JiXUBqEqC 抓取失败：media: No downloadable media stream found for this bvid.
[2026-04-16 17:59:50] [SUCCESS] bvid=BV1JiXZBbEzy 已成功抓取全部所需数据。
[2026-04-16 17:59:57] [SUCCESS] bvid=BV1JjDZBsE1n 已成功抓取全部所需数据。
[2026-04-16 18:00:14] [SUCCESS] bvid=BV1JjDZBsEU7 已成功抓取全部所需数据。
[2026-04-16 18:00:30] [SUCCESS] bvid=BV1JjDZBsEo7 已成功抓取全部所需数据。
[2026-04-16 18:00:37] [SUCCESS] bvid=BV1JjDZBsEqV 已成功抓取全部所需数据。
[2026-04-16 18:00:50] [SUCCESS] bvid=BV1JjQTBjELe 已成功抓取全部所需数据。
[2026-04-16 18:00:56] [SUCCESS] bvid=BV1JjXLBGERS 已成功抓取全部所需数据。
[2026-04-16 18:01:09] [SUCCESS] bvid=BV1JjXLBGEgp 已成功抓取全部所需数据。
[2026-04-16 18:01:15] [SUCCESS] bvid=BV1JjXVBeEgg 已成功抓取全部所需数据。
[2026-04-16 18:01:21] [SUCCESS] bvid=BV1JkXjBVEBA 已成功抓取全部所需数据。
[2026-04-16 18:01:37] [SUCCESS] bvid=BV1JkXjBVEcU 已成功抓取全部所需数据。
[2026-04-16 18:01:43] [SUCCESS] bvid=BV1JkXjBVEee 已成功抓取全部所需数据。
[2026-04-16 18:01:49] [SUCCESS] bvid=BV1JkXjBVEuL 已成功抓取全部所需数据。
[2026-04-16 18:02:03] [SUCCESS] bvid=BV1JmQ5BMECj 已成功抓取全部所需数据。
[2026-04-16 18:02:09] [SUCCESS] bvid=BV1Jn9cBTEYo 已成功抓取全部所需数据。
[2026-04-16 18:02:16] [SUCCESS] bvid=BV1Jn9cBTEss 已成功抓取全部所需数据。
[2026-04-16 18:02:22] [SUCCESS] bvid=BV1JnQFB8EEr 已成功抓取全部所需数据。
[2026-04-16 18:02:27] [SUCCESS] bvid=BV1JnQFB8EgF 已成功抓取全部所需数据。
[2026-04-16 18:02:33] [SUCCESS] bvid=BV1JnX6B1EdZ 已成功抓取全部所需数据。
[2026-04-16 18:02:40] [SUCCESS] bvid=BV1JnXKBmE6F 已成功抓取全部所需数据。
[2026-04-16 18:02:46] [SUCCESS] bvid=BV1JnXKBmENe 已成功抓取全部所需数据。
[2026-04-16 18:02:59] [SUCCESS] bvid=BV1JnXKBmEQA 已成功抓取全部所需数据。
[2026-04-16 18:03:05] [SUCCESS] bvid=BV1JnXKBmEX1 已成功抓取全部所需数据。
[2026-04-16 18:03:23] [SUCCESS] bvid=BV1JnXKBmEcb 已成功抓取全部所需数据。
[2026-04-16 18:03:29] [SUCCESS] bvid=BV1JnXKBmEqS 已成功抓取全部所需数据。
[2026-04-16 18:03:41] [SUCCESS] bvid=BV1JnXLBzEMZ 已成功抓取全部所需数据。
[2026-04-16 18:03:47] [SUCCESS] bvid=BV1JnXSBqE8w 已成功抓取全部所需数据。
[2026-04-16 18:04:00] [SUCCESS] bvid=BV1JnXSBqEKf 已成功抓取全部所需数据。
[2026-04-16 18:04:07] [SUCCESS] bvid=BV1JoDWBFEv6 已成功抓取全部所需数据。
[2026-04-16 18:04:14] [SUCCESS] bvid=BV1JoDWBFEyP 已成功抓取全部所需数据。
[2026-04-16 18:04:39] [SUCCESS] bvid=BV1JoDyBSETM 已成功抓取全部所需数据。
[2026-04-16 18:04:46] [SUCCESS] bvid=BV1JoQEBmEWo 已成功抓取全部所需数据。
[2026-04-16 18:04:53] [SUCCESS] bvid=BV1JoSSBwEHU 已成功抓取全部所需数据。
[2026-04-16 18:05:05] [SUCCESS] bvid=BV1JoXPBLEBK 已成功抓取全部所需数据。
[2026-04-16 18:05:05] [WARN] 当前子任务已结束，但仍有未成功抓取的视频，已导出 remaining CSV 供继续执行。
[2026-04-16 18:05:05] [INFO] 已导出剔除成功条目后的剩余 CSV：outputs\video_data\manual_crawls\manual_crawl_media_mode_A_20260416_150343\remaining_bvids_part_11.csv
[2026-04-16 18:05:05] 子任务结束时间：2026-04-16T18:05:05.215122
[TIMESTAMP][END] 2026-04-16T18:05:05
