[TIMESTAMP][BEGIN] 2026-04-16T17:39:13
[2026-04-16 17:39:15] 开始执行 CSV 批量抓取子任务 part_10。
[2026-04-16 17:39:15] 子任务开始时间：2026-04-16T17:39:13.081236
[2026-04-16 17:39:15] 输入文件：remaining_bvids_part_9.csv
[2026-04-16 17:39:15] 输入唯一 bvid 数量：23
[2026-04-16 17:39:23] [ERROR] bvid=BV1G8XLBYEDJ 抓取失败：media: 接口返回错误代码：62002，信息：稿件不可见。
{'code': 62002, 'message': '稿件不可见', 'ttl': 1}
[2026-04-16 17:39:26] [ERROR] bvid=BV1GPXHByEsR 抓取失败：media: 接口返回错误代码：-404，信息：啥都木有。
{'code': -404, 'message': '啥都木有', 'ttl': 1}
[2026-04-16 17:39:29] [ERROR] bvid=BV1GQX5BbEbe 抓取失败：media: No downloadable media stream found for this bvid.
[2026-04-16 17:39:32] [ERROR] bvid=BV1GQXUB4E1g 抓取失败：media: No downloadable media stream found for this bvid.
[2026-04-16 17:39:35] [ERROR] bvid=BV1GRXUBsEha 抓取失败：media: 接口返回错误代码：62002，信息：稿件不可见。
{'code': 62002, 'message': '稿件不可见', 'ttl': 1}
[2026-04-16 17:39:37] [ERROR] bvid=BV1GSXZBSE4Q 抓取失败：media: 接口返回错误代码：62012，信息：62012。
{'code': 62012, 'message': '62012', 'ttl': 1}
[2026-04-16 17:39:40] [ERROR] bvid=BV1GSXZBSEd9 抓取失败：media: No downloadable media stream found for this bvid.
[2026-04-16 17:39:43] [ERROR] bvid=BV1GTXGBQEWb 抓取失败：media: 接口返回错误代码：62002，信息：稿件不可见。
{'code': 62002, 'message': '稿件不可见', 'ttl': 1}
[2026-04-16 17:39:46] [ERROR] bvid=BV1GUXGBXEHW 抓取失败：media: 接口返回错误代码：62012，信息：62012。
{'code': 62012, 'message': '62012', 'ttl': 1}
[2026-04-16 17:39:48] [ERROR] bvid=BV1GXX5BZE75 抓取失败：media: 接口返回错误代码：62002，信息：稿件不可见。
{'code': 62002, 'message': '稿件不可见', 'ttl': 1}
[2026-04-16 17:39:48] [STOP] 检测到连续 10 条视频抓取失败，已按阈值 10 暂停当前 CSV 批量抓取流程。
[2026-04-16 17:39:48] [INFO] 已导出剔除成功条目后的剩余 CSV：outputs\video_data\manual_crawls\manual_crawl_media_mode_A_20260416_150343\remaining_bvids_part_10.csv
[2026-04-16 17:39:48] 子任务结束时间：2026-04-16T17:39:48.738792
[TIMESTAMP][END] 2026-04-16T17:39:48
