[TIMESTAMP][BEGIN] 2026-04-10T19:45:35
[2026-04-10 19:45:38] 开始执行 CSV 批量抓取子任务 part_24。
[2026-04-10 19:45:38] 子任务开始时间：2026-04-10T19:45:35.546076
[2026-04-10 19:45:38] 输入文件：batch_input_24.csv
[2026-04-10 19:45:38] 输入唯一 bvid 数量：100
[2026-04-10 19:45:38] 为严格按 CSV 顺序判断连续失败阈值，本次任务自动将并发度从 2 调整为 1。
[2026-04-10 19:45:47] [SUCCESS] bvid=BV1CaXUBgE59 已成功抓取全部所需数据。
[2026-04-10 19:46:10] [SUCCESS] bvid=BV1CaXUBgEK2 已成功抓取全部所需数据。
[2026-04-10 19:46:16] [SUCCESS] bvid=BV1CaXzBEE4q 已成功抓取全部所需数据。
[2026-04-10 19:46:23] [SUCCESS] bvid=BV1CaXzBEEDw 已成功抓取全部所需数据。
[2026-04-10 19:46:44] [SUCCESS] bvid=BV1CaXzBEEEx 已成功抓取全部所需数据。
[2026-04-10 19:46:50] [SUCCESS] bvid=BV1CaXzBEEra 已成功抓取全部所需数据。
[2026-04-10 19:47:01] [SUCCESS] bvid=BV1CbDpBbEPd 已成功抓取全部所需数据。
[2026-04-10 19:47:07] [SUCCESS] bvid=BV1CbDpBbEwa 已成功抓取全部所需数据。
[2026-04-10 19:47:14] [SUCCESS] bvid=BV1CbDsBTEm4 已成功抓取全部所需数据。
[2026-04-10 19:47:22] [SUCCESS] bvid=BV1CbSDBuEGe 已成功抓取全部所需数据。
[2026-04-10 19:47:32] [SUCCESS] bvid=BV1CbX2BeEpC 已成功抓取全部所需数据。
[2026-04-10 19:47:41] [SUCCESS] bvid=BV1CbX5B5E1P 已成功抓取全部所需数据。
[2026-04-10 19:47:46] [SUCCESS] bvid=BV1CbXNBpEXn 已成功抓取全部所需数据。
[2026-04-10 19:47:54] [SUCCESS] bvid=BV1CbXNBpEfX 已成功抓取全部所需数据。
[2026-04-10 19:48:00] [SUCCESS] bvid=BV1CbXNBpEoS 已成功抓取全部所需数据。
[2026-04-10 19:48:06] [SUCCESS] bvid=BV1CbXZBPECb 已成功抓取全部所需数据。
[2026-04-10 19:48:15] [SUCCESS] bvid=BV1CbXqBkELa 已成功抓取全部所需数据。
[2026-04-10 19:48:22] [SUCCESS] bvid=BV1Cc9KBsEBK 已成功抓取全部所需数据。
[2026-04-10 19:48:28] [SUCCESS] bvid=BV1Cc9LBjEwA 已成功抓取全部所需数据。
[2026-04-10 19:48:33] [SUCCESS] bvid=BV1CcDMBHEbm 已成功抓取全部所需数据。
[2026-04-10 19:48:40] [SUCCESS] bvid=BV1CcDkBJE3F 已成功抓取全部所需数据。
[2026-04-10 19:48:46] [SUCCESS] bvid=BV1CcXRBREC6 已成功抓取全部所需数据。
[2026-04-10 19:48:59] [ERROR] bvid=BV1Cd9WB6EUh 抓取失败：media: [tcp @ 0000023c55af74c0] Connection to tcp://xy223x106x73x93xy.mcdn.bilivideo.cn:8082 failed: Error number -138 occurred
[in#0 @ 0000023c55af0280] Error opening input: Error number -138 occurred
Error opening input file https://xy223x106x73x93xy.mcdn.bilivideo.cn:8082/v1/resource/upgcxcode/49/64/37165206449/37165206449-1-30280.m4s?agrr=0&build=0&buvid=F40382A2-84E1-71C5-82D2-C48C8470FD3372764infoc&bvc=vod&bw=185968&deadline=1775828929&dl=0&e=ig8euxZM2rNcNbdlhoNvNC8BqJIzNbfqXBvEqxTEto8BTrNvN0GvT90W5JZMkX_YN0MvXg8gNEV4NC8xNEV4N03eN0B5tZlqNxTEto8BTrNvNeZVuJ10Kj_g2UB02J0mN0B5tZlqNCNEto8BTrNvNC7MTX502C8f2jmMQJ6mqF2fka1mqx6gqj0eN0B599M%3D&f=u_0_0&gen=playurlv3&mcdnid=50053359&mid=346295557&nbs=1&nettype=0&og=cos&oi=2029896770&orderid=0%2C3&os=mcdn&platform=pc&prs=2&qn_dyeid=68602b45eb607e5a0079c22969d8e3a1&sign=1b4322&traceid=trjdsAlhJCReyI_0_e_N&uipk=5&uparams=e%2Cdeadline%2Cnbs%2Cuipk%2Cplatform%2Cog%2Ctrid%2Cmid%2Cgen%2Cos%2Coi&upsig=09bbdefe39dcc4750cf644b9dee4893f.
Error opening input files: Error number -138 occurred
[2026-04-10 19:49:05] [SUCCESS] bvid=BV1Cd9WBrERJ 已成功抓取全部所需数据。
[2026-04-10 19:49:11] [SUCCESS] bvid=BV1CdX6BQEHp 已成功抓取全部所需数据。
[2026-04-10 19:49:20] [SUCCESS] bvid=BV1CdXQBnENG 已成功抓取全部所需数据。
[2026-04-10 19:49:29] [SUCCESS] bvid=BV1CdXQBnENf 已成功抓取全部所需数据。
[2026-04-10 19:49:40] [SUCCESS] bvid=BV1CdXQBnEa4 已成功抓取全部所需数据。
[2026-04-10 19:49:47] [SUCCESS] bvid=BV1CdXQBnEjF 已成功抓取全部所需数据。
[2026-04-10 19:49:53] [SUCCESS] bvid=BV1CeSXBCEHv 已成功抓取全部所需数据。
[2026-04-10 19:50:02] [SUCCESS] bvid=BV1CeXTBZECD 已成功抓取全部所需数据。
[2026-04-10 19:50:12] [SUCCESS] bvid=BV1CeXTBoE7S 已成功抓取全部所需数据。
[2026-04-10 19:50:17] [SUCCESS] bvid=BV1CeXTBoEGu 已成功抓取全部所需数据。
[2026-04-10 19:50:26] [SUCCESS] bvid=BV1CeXTBoEHa 已成功抓取全部所需数据。
[2026-04-10 19:50:36] [SUCCESS] bvid=BV1CeXTBoEPT 已成功抓取全部所需数据。
[2026-04-10 19:50:51] [SUCCESS] bvid=BV1CeXTBoEag 已成功抓取全部所需数据。
[2026-04-10 19:51:09] [SUCCESS] bvid=BV1CeXTBoEhP 已成功抓取全部所需数据。
[2026-04-10 19:51:19] [SUCCESS] bvid=BV1CeXTBoEif 已成功抓取全部所需数据。
[2026-04-10 19:51:29] [SUCCESS] bvid=BV1CeXTBoEp2 已成功抓取全部所需数据。
[2026-04-10 19:51:39] [SUCCESS] bvid=BV1CeXTBoEqg 已成功抓取全部所需数据。
[2026-04-10 19:51:44] [SUCCESS] bvid=BV1CeXjBUE39 已成功抓取全部所需数据。
[2026-04-10 19:51:49] [SUCCESS] bvid=BV1CeXjBUE6d 已成功抓取全部所需数据。
[2026-04-10 19:51:55] [SUCCESS] bvid=BV1CeXjBUEA6 已成功抓取全部所需数据。
[2026-04-10 19:52:01] [SUCCESS] bvid=BV1CeXjBUEAn 已成功抓取全部所需数据。
[2026-04-10 19:52:08] [SUCCESS] bvid=BV1CeXjBUEBX 已成功抓取全部所需数据。
[2026-04-10 19:52:15] [SUCCESS] bvid=BV1CeXjBUEEx 已成功抓取全部所需数据。
[2026-04-10 19:52:22] [SUCCESS] bvid=BV1CeXjBUEV3 已成功抓取全部所需数据。
[2026-04-10 19:52:28] [SUCCESS] bvid=BV1CeXjBUEcW 已成功抓取全部所需数据。
[2026-04-10 19:52:33] [SUCCESS] bvid=BV1CeXjBUErL 已成功抓取全部所需数据。
[2026-04-10 19:52:40] [SUCCESS] bvid=BV1CeXjBUErW 已成功抓取全部所需数据。
[2026-04-10 19:52:46] [SUCCESS] bvid=BV1CeXjBUEz2 已成功抓取全部所需数据。
[2026-04-10 19:52:51] [SUCCESS] bvid=BV1CfDTBXEMS 已成功抓取全部所需数据。
[2026-04-10 19:52:58] [SUCCESS] bvid=BV1CfDTBXEpR 已成功抓取全部所需数据。
[2026-04-10 19:53:07] [SUCCESS] bvid=BV1CfDrBDEXe 已成功抓取全部所需数据。
[2026-04-10 19:53:12] [SUCCESS] bvid=BV1CfDrBDEm3 已成功抓取全部所需数据。
[2026-04-10 19:53:22] [SUCCESS] bvid=BV1CfXhBZEoa 已成功抓取全部所需数据。
[2026-04-10 19:53:41] [SUCCESS] bvid=BV1CgD5BzE5x 已成功抓取全部所需数据。
[2026-04-10 19:53:49] [SUCCESS] bvid=BV1CgXBByEx5 已成功抓取全部所需数据。
[2026-04-10 19:53:51] [ERROR] bvid=BV1CgXLB5EeU 抓取失败：media: 接口返回错误代码：62002，信息：稿件不可见。
{'code': 62002, 'message': '稿件不可见', 'ttl': 1}
[2026-04-10 19:53:54] [ERROR] bvid=BV1CgXLB5EyT 抓取失败：media: 接口返回错误代码：62002，信息：稿件不可见。
{'code': 62002, 'message': '稿件不可见', 'ttl': 1}
[2026-04-10 19:53:59] [SUCCESS] bvid=BV1CgXLBjED3 已成功抓取全部所需数据。
[2026-04-10 19:54:11] [SUCCESS] bvid=BV1CgXPB2E7e 已成功抓取全部所需数据。
[2026-04-10 19:54:17] [SUCCESS] bvid=BV1CgXfBNEL5 已成功抓取全部所需数据。
[2026-04-10 19:54:29] [SUCCESS] bvid=BV1Ch9uBaEHS 已成功抓取全部所需数据。
[2026-04-10 19:54:34] [SUCCESS] bvid=BV1ChD4BCESz 已成功抓取全部所需数据。
[2026-04-10 19:54:41] [SUCCESS] bvid=BV1ChPCzREZU 已成功抓取全部所需数据。
[2026-04-10 19:55:02] [SUCCESS] bvid=BV1ChXjBDE3f 已成功抓取全部所需数据。
[2026-04-10 19:55:12] [SUCCESS] bvid=BV1ChXjBDECn 已成功抓取全部所需数据。
[2026-04-10 19:55:19] [SUCCESS] bvid=BV1Ci9VBCEKr 已成功抓取全部所需数据。
[2026-04-10 19:55:22] [ERROR] bvid=BV1CiXDBLEpE 抓取失败：media: 接口返回错误代码：-404，信息：啥都木有。
{'code': -404, 'message': '啥都木有', 'ttl': 1}
[2026-04-10 19:55:25] [ERROR] bvid=BV1CiXDBLEui 抓取失败：media: 接口返回错误代码：-404，信息：啥都木有。
{'code': -404, 'message': '啥都木有', 'ttl': 1}
[2026-04-10 19:55:30] [SUCCESS] bvid=BV1CiXTBxEQM 已成功抓取全部所需数据。
[2026-04-10 19:55:32] [ERROR] bvid=BV1CiXTBxEZA 抓取失败：media: 接口返回错误代码：62002，信息：稿件不可见。
{'code': 62002, 'message': '稿件不可见', 'ttl': 1}
[2026-04-10 19:55:38] [SUCCESS] bvid=BV1CiXrBWEmZ 已成功抓取全部所需数据。
[2026-04-10 19:55:44] [SUCCESS] bvid=BV1CiXrBWExQ 已成功抓取全部所需数据。
[2026-04-10 19:55:52] [SUCCESS] bvid=BV1Cj95BjEtH 已成功抓取全部所需数据。
[2026-04-10 19:55:58] [SUCCESS] bvid=BV1CjDjBVE2G 已成功抓取全部所需数据。
[2026-04-10 19:56:06] [SUCCESS] bvid=BV1CjSdBXE22 已成功抓取全部所需数据。
[2026-04-10 19:56:11] [SUCCESS] bvid=BV1CjXKBnEKC 已成功抓取全部所需数据。
[2026-04-10 19:56:16] [SUCCESS] bvid=BV1CjXKBnEKR 已成功抓取全部所需数据。
[2026-04-10 19:56:24] [SUCCESS] bvid=BV1CjXhB4EX4 已成功抓取全部所需数据。
[2026-04-10 19:56:32] [SUCCESS] bvid=BV1Ck9LBEEe1 已成功抓取全部所需数据。
[2026-04-10 19:56:36] [SUCCESS] bvid=BV1CkSfBaELq 已成功抓取全部所需数据。
[2026-04-10 19:56:42] [SUCCESS] bvid=BV1CkXpBqECw 已成功抓取全部所需数据。
[2026-04-10 19:56:48] [SUCCESS] bvid=BV1CkXpBqEoA 已成功抓取全部所需数据。
[2026-04-10 19:57:00] [SUCCESS] bvid=BV1CmXVBGEBH 已成功抓取全部所需数据。
[2026-04-10 19:57:06] [SUCCESS] bvid=BV1CmXVBGEKR 已成功抓取全部所需数据。
[2026-04-10 19:57:12] [SUCCESS] bvid=BV1CmXVBGESF 已成功抓取全部所需数据。
[2026-04-10 19:57:17] [SUCCESS] bvid=BV1CmXVBGEXA 已成功抓取全部所需数据。
[2026-04-10 19:57:22] [SUCCESS] bvid=BV1CmXVBGEXx 已成功抓取全部所需数据。
[2026-04-10 19:57:28] [SUCCESS] bvid=BV1CmXVBGEiD 已成功抓取全部所需数据。
[2026-04-10 19:57:34] [SUCCESS] bvid=BV1CmXmBgE7q 已成功抓取全部所需数据。
[2026-04-10 19:57:46] [SUCCESS] bvid=BV1CmXmBgECN 已成功抓取全部所需数据。
[2026-04-10 19:57:53] [SUCCESS] bvid=BV1CmXmBgECg 已成功抓取全部所需数据。
[2026-04-10 19:58:03] [SUCCESS] bvid=BV1CmXmBgEDj 已成功抓取全部所需数据。
[2026-04-10 19:58:09] [SUCCESS] bvid=BV1CmXmBgEQ2 已成功抓取全部所需数据。
[2026-04-10 19:58:16] [SUCCESS] bvid=BV1CmXmBgERt 已成功抓取全部所需数据。
[2026-04-10 19:58:18] [ERROR] bvid=BV1CmXmBgEzf 抓取失败：media: 接口返回错误代码：62002，信息：稿件不可见。
{'code': 62002, 'message': '稿件不可见', 'ttl': 1}
[2026-04-10 19:58:24] [SUCCESS] bvid=BV1Cn9NBQEPT 已成功抓取全部所需数据。
[2026-04-10 19:58:33] [SUCCESS] bvid=BV1Cn9NBQEmw 已成功抓取全部所需数据。
[2026-04-10 19:58:33] [WARN] 当前子任务已结束，但仍有未成功抓取的视频，已导出 remaining CSV 供继续执行。
[2026-04-10 19:58:33] [INFO] 已导出剔除成功条目后的剩余 CSV：outputs\video_data\manual_crawls\manual_crawl_media_mode_A_20260410_133107\remaining_bvids_part_24.csv
[2026-04-10 19:58:33] 子任务结束时间：2026-04-10T19:58:33.062471
[TIMESTAMP][END] 2026-04-10T19:58:33
