[TIMESTAMP][BEGIN] 2026-04-10T15:03:34
[2026-04-10 15:03:36] 开始执行 CSV 批量抓取子任务 part_8。
[2026-04-10 15:03:36] 子任务开始时间：2026-04-10T15:03:34.262586
[2026-04-10 15:03:36] 输入文件：batch_input_8.csv
[2026-04-10 15:03:36] 输入唯一 bvid 数量：100
[2026-04-10 15:03:36] 为严格按 CSV 顺序判断连续失败阈值，本次任务自动将并发度从 2 调整为 1。
[2026-04-10 15:03:44] [SUCCESS] bvid=BV185DFB6EJa 已成功抓取全部所需数据。
[2026-04-10 15:03:49] [SUCCESS] bvid=BV185X5B9EGb 已成功抓取全部所需数据。
[2026-04-10 15:03:57] [SUCCESS] bvid=BV185X5B9EGh 已成功抓取全部所需数据。
[2026-04-10 15:04:03] [SUCCESS] bvid=BV185X5B9EKV 已成功抓取全部所需数据。
[2026-04-10 15:04:11] [SUCCESS] bvid=BV185X5BREKn 已成功抓取全部所需数据。
[2026-04-10 15:04:18] [SUCCESS] bvid=BV185XUBQECT 已成功抓取全部所需数据。
[2026-04-10 15:04:24] [SUCCESS] bvid=BV185XUBQEV9 已成功抓取全部所需数据。
[2026-04-10 15:04:27] [ERROR] bvid=BV185XUBQEVo 抓取失败：media: 接口返回错误代码：62002，信息：稿件不可见。
{'code': 62002, 'message': '稿件不可见', 'ttl': 1}
[2026-04-10 15:04:30] [ERROR] bvid=BV185XUBQEbx 抓取失败：media: 接口返回错误代码：62002，信息：稿件不可见。
{'code': 62002, 'message': '稿件不可见', 'ttl': 1}
[2026-04-10 15:04:39] [SUCCESS] bvid=BV185XUBQEkB 已成功抓取全部所需数据。
[2026-04-10 15:04:51] [SUCCESS] bvid=BV185XUBQEtT 已成功抓取全部所需数据。
[2026-04-10 15:05:00] [SUCCESS] bvid=BV185XUBQEzP 已成功抓取全部所需数据。
[2026-04-10 15:05:06] [SUCCESS] bvid=BV185XZBCEkG 已成功抓取全部所需数据。
[2026-04-10 15:05:15] [SUCCESS] bvid=BV185XZBCEsL 已成功抓取全部所需数据。
[2026-04-10 15:05:21] [SUCCESS] bvid=BV186XbBAE8p 已成功抓取全部所需数据。
[2026-04-10 15:05:27] [SUCCESS] bvid=BV186XbBAESj 已成功抓取全部所需数据。
[2026-04-10 15:05:33] [SUCCESS] bvid=BV186XbBAESp 已成功抓取全部所需数据。
[2026-04-10 15:05:40] [SUCCESS] bvid=BV186XbBAEm9 已成功抓取全部所需数据。
[2026-04-10 15:05:44] [SUCCESS] bvid=BV186XbBAEqW 已成功抓取全部所需数据。
[2026-04-10 15:05:50] [SUCCESS] bvid=BV186XbBAEzV 已成功抓取全部所需数据。
[2026-04-10 15:05:56] [SUCCESS] bvid=BV186XbBAEzo 已成功抓取全部所需数据。
[2026-04-10 15:06:07] [SUCCESS] bvid=BV187X5BQEKV 已成功抓取全部所需数据。
[2026-04-10 15:06:17] [SUCCESS] bvid=BV187X5BQETm 已成功抓取全部所需数据。
[2026-04-10 15:06:31] [SUCCESS] bvid=BV187XDBtE14 已成功抓取全部所需数据。
[2026-04-10 15:06:39] [SUCCESS] bvid=BV187XDBtE9Z 已成功抓取全部所需数据。
[2026-04-10 15:06:45] [SUCCESS] bvid=BV187XDBtEZQ 已成功抓取全部所需数据。
[2026-04-10 15:06:51] [SUCCESS] bvid=BV187XDBtEfk 已成功抓取全部所需数据。
[2026-04-10 15:06:56] [SUCCESS] bvid=BV187XUBSE5D 已成功抓取全部所需数据。
[2026-04-10 15:07:02] [SUCCESS] bvid=BV187XUBSEn5 已成功抓取全部所需数据。
[2026-04-10 15:07:11] [SUCCESS] bvid=BV187XjB8E7g 已成功抓取全部所需数据。
[2026-04-10 15:07:17] [SUCCESS] bvid=BV187XjB8Etq 已成功抓取全部所需数据。
[2026-04-10 15:07:25] [SUCCESS] bvid=BV18897BNEAV 已成功抓取全部所需数据。
[2026-04-10 15:07:31] [SUCCESS] bvid=BV188DMBaEHH 已成功抓取全部所需数据。
[2026-04-10 15:07:37] [SUCCESS] bvid=BV188XoBCE1j 已成功抓取全部所需数据。
[2026-04-10 15:07:43] [SUCCESS] bvid=BV188XpB1EGs 已成功抓取全部所需数据。
[2026-04-10 15:07:50] [SUCCESS] bvid=BV188XpB1EKe 已成功抓取全部所需数据。
[2026-04-10 15:07:56] [SUCCESS] bvid=BV188XpB1EMa 已成功抓取全部所需数据。
[2026-04-10 15:08:04] [SUCCESS] bvid=BV188XpB1EVk 已成功抓取全部所需数据。
[2026-04-10 15:08:10] [SUCCESS] bvid=BV1899EBqEEW 已成功抓取全部所需数据。
[2026-04-10 15:08:16] [SUCCESS] bvid=BV1899EBqEnL 已成功抓取全部所需数据。
[2026-04-10 15:08:18] [ERROR] bvid=BV189Q6BFEnf 抓取失败：media: 接口返回错误代码：-404，信息：啥都木有。
{'code': -404, 'message': '啥都木有', 'ttl': 1}
[2026-04-10 15:08:23] [SUCCESS] bvid=BV189XABtELK 已成功抓取全部所需数据。
[2026-04-10 15:08:27] [SUCCESS] bvid=BV189XABtEiH 已成功抓取全部所需数据。
[2026-04-10 15:08:32] [SUCCESS] bvid=BV189XABtEs2 已成功抓取全部所需数据。
[2026-04-10 15:08:41] [SUCCESS] bvid=BV189XABtEtm 已成功抓取全部所需数据。
[2026-04-10 15:08:47] [SUCCESS] bvid=BV189XGBJECY 已成功抓取全部所需数据。
[2026-04-10 15:08:55] [SUCCESS] bvid=BV189XdBuEva 已成功抓取全部所需数据。
[2026-04-10 15:09:01] [SUCCESS] bvid=BV189XvBmEvA 已成功抓取全部所需数据。
[2026-04-10 15:09:09] [SUCCESS] bvid=BV189wfzMEEm 已成功抓取全部所需数据。
[2026-04-10 15:09:15] [SUCCESS] bvid=BV18AXKBFETs 已成功抓取全部所需数据。
[2026-04-10 15:09:21] [SUCCESS] bvid=BV18B9gB1E2b 已成功抓取全部所需数据。
[2026-04-10 15:09:26] [SUCCESS] bvid=BV18BDWBGEcg 已成功抓取全部所需数据。
[2026-04-10 15:09:33] [SUCCESS] bvid=BV18BDWBGEj9 已成功抓取全部所需数据。
[2026-04-10 15:09:42] [SUCCESS] bvid=BV18BX4BdEqH 已成功抓取全部所需数据。
[2026-04-10 15:09:49] [SUCCESS] bvid=BV18BXPBtEV1 已成功抓取全部所需数据。
[2026-04-10 15:09:55] [SUCCESS] bvid=BV18BXPBtEmt 已成功抓取全部所需数据。
[2026-04-10 15:10:00] [SUCCESS] bvid=BV18BXmB7E5w 已成功抓取全部所需数据。
[2026-04-10 15:10:10] [SUCCESS] bvid=BV18CXMB6E2J 已成功抓取全部所需数据。
[2026-04-10 15:10:18] [SUCCESS] bvid=BV18CXMB6ESu 已成功抓取全部所需数据。
[2026-04-10 15:10:30] [SUCCESS] bvid=BV18CXMB6EVp 已成功抓取全部所需数据。
[2026-04-10 15:10:35] [SUCCESS] bvid=BV18CXMB6EYF 已成功抓取全部所需数据。
[2026-04-10 15:10:40] [SUCCESS] bvid=BV18CXMB6Ega 已成功抓取全部所需数据。
[2026-04-10 15:10:45] [SUCCESS] bvid=BV18CXMB6EjD 已成功抓取全部所需数据。
[2026-04-10 15:10:50] [SUCCESS] bvid=BV18CXbBcE3k 已成功抓取全部所需数据。
[2026-04-10 15:10:55] [SUCCESS] bvid=BV18CXbBcEbc 已成功抓取全部所需数据。
[2026-04-10 15:11:00] [SUCCESS] bvid=BV18CXbBcEnH 已成功抓取全部所需数据。
[2026-04-10 15:11:11] [SUCCESS] bvid=BV18DXGBHESP 已成功抓取全部所需数据。
[2026-04-10 15:11:18] [SUCCESS] bvid=BV18DXvBSEeD 已成功抓取全部所需数据。
[2026-04-10 15:11:27] [SUCCESS] bvid=BV18EDPBWEvG 已成功抓取全部所需数据。
[2026-04-10 15:11:33] [SUCCESS] bvid=BV18EDiBCE7r 已成功抓取全部所需数据。
[2026-04-10 15:11:41] [SUCCESS] bvid=BV18EXDBoEAe 已成功抓取全部所需数据。
[2026-04-10 15:11:46] [SUCCESS] bvid=BV18EXDBoEeQ 已成功抓取全部所需数据。
[2026-04-10 15:12:01] [SUCCESS] bvid=BV18EXDBoEgC 已成功抓取全部所需数据。
[2026-04-10 15:12:06] [SUCCESS] bvid=BV18EXjBfEfB 已成功抓取全部所需数据。
[2026-04-10 15:12:22] [SUCCESS] bvid=BV18FXKBwEKe 已成功抓取全部所需数据。
[2026-04-10 15:12:28] [SUCCESS] bvid=BV18FXKBwEQd 已成功抓取全部所需数据。
[2026-04-10 15:12:34] [SUCCESS] bvid=BV18G9EBvECj 已成功抓取全部所需数据。
[2026-04-10 15:12:42] [SUCCESS] bvid=BV18GXGB7EJd 已成功抓取全部所需数据。
[2026-04-10 15:12:48] [SUCCESS] bvid=BV18GXGB7EMC 已成功抓取全部所需数据。
[2026-04-10 15:12:55] [SUCCESS] bvid=BV18GXGB7EUe 已成功抓取全部所需数据。
[2026-04-10 15:13:02] [SUCCESS] bvid=BV18GXGB7EUm 已成功抓取全部所需数据。
[2026-04-10 15:13:12] [SUCCESS] bvid=BV18GXGB7EeS 已成功抓取全部所需数据。
[2026-04-10 15:13:18] [SUCCESS] bvid=BV18HD4BDEUW 已成功抓取全部所需数据。
[2026-04-10 15:13:25] [SUCCESS] bvid=BV18HQ2BLEoe 已成功抓取全部所需数据。
[2026-04-10 15:13:32] [SUCCESS] bvid=BV18HXDBREs3 已成功抓取全部所需数据。
[2026-04-10 15:13:45] [SUCCESS] bvid=BV18HXDBREtC 已成功抓取全部所需数据。
[2026-04-10 15:13:54] [SUCCESS] bvid=BV18JDPBXEKD 已成功抓取全部所需数据。
[2026-04-10 15:14:01] [SUCCESS] bvid=BV18JDPBXEZN 已成功抓取全部所需数据。
[2026-04-10 15:14:07] [SUCCESS] bvid=BV18JXNB8Evu 已成功抓取全部所需数据。
[2026-04-10 15:14:20] [SUCCESS] bvid=BV18KDTBFEUM 已成功抓取全部所需数据。
[2026-04-10 15:14:34] [SUCCESS] bvid=BV18KDTBFExo 已成功抓取全部所需数据。
[2026-04-10 15:14:48] [SUCCESS] bvid=BV18KSdB8EHD 已成功抓取全部所需数据。
[2026-04-10 15:15:03] [SUCCESS] bvid=BV18KSdB8ELk 已成功抓取全部所需数据。
[2026-04-10 15:15:11] [ERROR] bvid=BV18KSdB8EaN 抓取失败：media: 接口返回错误代码：62002，信息：稿件不可见。
{'code': 62002, 'message': '稿件不可见', 'ttl': 1}
[2026-04-10 15:15:24] [SUCCESS] bvid=BV18KXgByEyz 已成功抓取全部所需数据。
[2026-04-10 15:15:41] [SUCCESS] bvid=BV18L9nB3ETM 已成功抓取全部所需数据。
[2026-04-10 15:15:53] [SUCCESS] bvid=BV18L9uBkE2j 已成功抓取全部所需数据。
[2026-04-10 15:16:12] [SUCCESS] bvid=BV18L9uBkEyN 已成功抓取全部所需数据。
[2026-04-10 15:16:26] [SUCCESS] bvid=BV18M9jB8E27 已成功抓取全部所需数据。
[2026-04-10 15:16:40] [SUCCESS] bvid=BV18M9jB8EHv 已成功抓取全部所需数据。
[2026-04-10 15:16:40] [WARN] 当前子任务已结束，但仍有未成功抓取的视频，已导出 remaining CSV 供继续执行。
[2026-04-10 15:16:40] [INFO] 已导出剔除成功条目后的剩余 CSV：outputs\video_data\manual_crawls\manual_crawl_media_mode_A_20260410_133107\remaining_bvids_part_8.csv
[2026-04-10 15:16:40] 子任务结束时间：2026-04-10T15:16:40.556063
[TIMESTAMP][END] 2026-04-10T15:16:40
