[TIMESTAMP][BEGIN] 2026-04-10T16:07:13
[2026-04-10 16:07:16] 开始执行 CSV 批量抓取子任务 part_12。
[2026-04-10 16:07:16] 子任务开始时间：2026-04-10T16:07:13.972407
[2026-04-10 16:07:16] 输入文件：batch_input_12.csv
[2026-04-10 16:07:16] 输入唯一 bvid 数量：100
[2026-04-10 16:07:16] 为严格按 CSV 顺序判断连续失败阈值，本次任务自动将并发度从 2 调整为 1。
[2026-04-10 16:07:22] [SUCCESS] bvid=BV195XDB8ExU 已成功抓取全部所需数据。
[2026-04-10 16:07:30] [SUCCESS] bvid=BV195XTB6EFu 已成功抓取全部所需数据。
[2026-04-10 16:07:37] [SUCCESS] bvid=BV195XTB6ERj 已成功抓取全部所需数据。
[2026-04-10 16:07:45] [SUCCESS] bvid=BV195XTB6Ef8 已成功抓取全部所需数据。
[2026-04-10 16:07:50] [SUCCESS] bvid=BV195XTB6Etg 已成功抓取全部所需数据。
[2026-04-10 16:07:55] [SUCCESS] bvid=BV195XTB6Ezr 已成功抓取全部所需数据。
[2026-04-10 16:08:04] [SUCCESS] bvid=BV195XjBaEFy 已成功抓取全部所需数据。
[2026-04-10 16:08:13] [SUCCESS] bvid=BV1969jBBEwj 已成功抓取全部所需数据。
[2026-04-10 16:08:26] [SUCCESS] bvid=BV1979LBeEw8 已成功抓取全部所需数据。
[2026-04-10 16:08:34] [SUCCESS] bvid=BV197SRBAE7T 已成功抓取全部所需数据。
[2026-04-10 16:08:45] [SUCCESS] bvid=BV197SRBAEMD 已成功抓取全部所需数据。
[2026-04-10 16:08:50] [SUCCESS] bvid=BV197XrBiEpK 已成功抓取全部所需数据。
[2026-04-10 16:08:59] [SUCCESS] bvid=BV197XuBjEFh 已成功抓取全部所需数据。
[2026-04-10 16:09:10] [SUCCESS] bvid=BV1989WBtESN 已成功抓取全部所需数据。
[2026-04-10 16:09:17] [SUCCESS] bvid=BV198DWBmE3o 已成功抓取全部所需数据。
[2026-04-10 16:09:23] [SUCCESS] bvid=BV198DvBjEdC 已成功抓取全部所需数据。
[2026-04-10 16:09:31] [SUCCESS] bvid=BV198X4BwE6R 已成功抓取全部所需数据。
[2026-04-10 16:09:37] [SUCCESS] bvid=BV198XLBaEQX 已成功抓取全部所需数据。
[2026-04-10 16:09:46] [SUCCESS] bvid=BV198XLBaEam 已成功抓取全部所需数据。
[2026-04-10 16:09:53] [SUCCESS] bvid=BV198XLBaEf7 已成功抓取全部所需数据。
[2026-04-10 16:10:13] [SUCCESS] bvid=BV198XSB8EA7 已成功抓取全部所需数据。
[2026-04-10 16:10:22] [SUCCESS] bvid=BV198XSB8Eh9 已成功抓取全部所需数据。
[2026-04-10 16:10:33] [SUCCESS] bvid=BV198XfBHELG 已成功抓取全部所需数据。
[2026-04-10 16:10:39] [SUCCESS] bvid=BV199XNBKEYu 已成功抓取全部所需数据。
[2026-04-10 16:10:46] [SUCCESS] bvid=BV199XNBKEeG 已成功抓取全部所需数据。
[2026-04-10 16:10:52] [SUCCESS] bvid=BV19ADnBBEbA 已成功抓取全部所需数据。
[2026-04-10 16:11:03] [SUCCESS] bvid=BV19AX2BHEdY 已成功抓取全部所需数据。
[2026-04-10 16:11:11] [SUCCESS] bvid=BV19AX2BHEkY 已成功抓取全部所需数据。
[2026-04-10 16:11:17] [SUCCESS] bvid=BV19AXyBCEc1 已成功抓取全部所需数据。
[2026-04-10 16:11:23] [SUCCESS] bvid=BV19BDTBTE8V 已成功抓取全部所需数据。
[2026-04-10 16:11:30] [SUCCESS] bvid=BV19BDTBTEhx 已成功抓取全部所需数据。
[2026-04-10 16:11:35] [SUCCESS] bvid=BV19BDrBNERa 已成功抓取全部所需数据。
[2026-04-10 16:11:44] [SUCCESS] bvid=BV19BSdBBErA 已成功抓取全部所需数据。
[2026-04-10 16:11:52] [SUCCESS] bvid=BV19BXHBnEX8 已成功抓取全部所需数据。
[2026-04-10 16:12:26] [SUCCESS] bvid=BV19CQSBoEXt 已成功抓取全部所需数据。
[2026-04-10 16:12:40] [SUCCESS] bvid=BV19D9FBdELt 已成功抓取全部所需数据。
[2026-04-10 16:13:03] [SUCCESS] bvid=BV19D9FBdEoj 已成功抓取全部所需数据。
[2026-04-10 16:13:32] [SUCCESS] bvid=BV19DDVBpEX1 已成功抓取全部所需数据。
[2026-04-10 16:13:52] [SUCCESS] bvid=BV19DX5BFEDV 已成功抓取全部所需数据。
[2026-04-10 16:14:04] [SUCCESS] bvid=BV19DX5BFEah 已成功抓取全部所需数据。
[2026-04-10 16:14:31] [SUCCESS] bvid=BV19DX5BFEgH 已成功抓取全部所需数据。
[2026-04-10 16:14:46] [SUCCESS] bvid=BV19DX5BFEiC 已成功抓取全部所需数据。
[2026-04-10 16:15:30] [SUCCESS] bvid=BV19DX5BFEk5 已成功抓取全部所需数据。
[2026-04-10 16:15:44] [SUCCESS] bvid=BV19DX5BFEpy 已成功抓取全部所需数据。
[2026-04-10 16:16:03] [SUCCESS] bvid=BV19DX5BFEqQ 已成功抓取全部所需数据。
[2026-04-10 16:16:21] [SUCCESS] bvid=BV19DXNBMEQm 已成功抓取全部所需数据。
[2026-04-10 16:16:36] [SUCCESS] bvid=BV19DXNBMEn9 已成功抓取全部所需数据。
[2026-04-10 16:16:42] [SUCCESS] bvid=BV19DXNBMEpM 已成功抓取全部所需数据。
[2026-04-10 16:16:48] [SUCCESS] bvid=BV19DXNBMErV 已成功抓取全部所需数据。
[2026-04-10 16:16:55] [SUCCESS] bvid=BV19DXNBMEzW 已成功抓取全部所需数据。
[2026-04-10 16:17:01] [SUCCESS] bvid=BV19ESoBgELm 已成功抓取全部所需数据。
[2026-04-10 16:17:12] [SUCCESS] bvid=BV19F9NBKEMA 已成功抓取全部所需数据。
[2026-04-10 16:17:19] [SUCCESS] bvid=BV19F9NBKErW 已成功抓取全部所需数据。
[2026-04-10 16:17:24] [SUCCESS] bvid=BV19FXgBmE4J 已成功抓取全部所需数据。
[2026-04-10 16:17:30] [SUCCESS] bvid=BV19FXhBMEFF 已成功抓取全部所需数据。
[2026-04-10 16:17:37] [SUCCESS] bvid=BV19G93BHE3m 已成功抓取全部所需数据。
[2026-04-10 16:17:43] [SUCCESS] bvid=BV19GSXBZEGu 已成功抓取全部所需数据。
[2026-04-10 16:17:49] [SUCCESS] bvid=BV19GSXBZEYw 已成功抓取全部所需数据。
[2026-04-10 16:17:56] [SUCCESS] bvid=BV19GXNBPE4r 已成功抓取全部所需数据。
[2026-04-10 16:18:02] [SUCCESS] bvid=BV19GXNBPEK5 已成功抓取全部所需数据。
[2026-04-10 16:18:08] [SUCCESS] bvid=BV19GXNBPENn 已成功抓取全部所需数据。
[2026-04-10 16:18:13] [SUCCESS] bvid=BV19GXNBPETG 已成功抓取全部所需数据。
[2026-04-10 16:18:23] [SUCCESS] bvid=BV19GXNBPEWF 已成功抓取全部所需数据。
[2026-04-10 16:18:33] [SUCCESS] bvid=BV19GXNBPEbV 已成功抓取全部所需数据。
[2026-04-10 16:18:42] [SUCCESS] bvid=BV19GXzBwEc9 已成功抓取全部所需数据。
[2026-04-10 16:18:48] [SUCCESS] bvid=BV19H97BzE7A 已成功抓取全部所需数据。
[2026-04-10 16:18:55] [SUCCESS] bvid=BV19H97BzEKT 已成功抓取全部所需数据。
[2026-04-10 16:19:01] [SUCCESS] bvid=BV19HDhBKE2e 已成功抓取全部所需数据。
[2026-04-10 16:19:07] [SUCCESS] bvid=BV19HDhBKEB8 已成功抓取全部所需数据。
[2026-04-10 16:19:14] [SUCCESS] bvid=BV19HDhBKEFz 已成功抓取全部所需数据。
[2026-04-10 16:19:20] [SUCCESS] bvid=BV19HDhBKEQT 已成功抓取全部所需数据。
[2026-04-10 16:19:27] [SUCCESS] bvid=BV19HX1BJEBW 已成功抓取全部所需数据。
[2026-04-10 16:19:33] [SUCCESS] bvid=BV19HX1BJEXf 已成功抓取全部所需数据。
[2026-04-10 16:19:41] [SUCCESS] bvid=BV19HX1BJEdR 已成功抓取全部所需数据。
[2026-04-10 16:19:49] [SUCCESS] bvid=BV19HX1BJEoM 已成功抓取全部所需数据。
[2026-04-10 16:19:52] [ERROR] bvid=BV19HX1BJEqT 抓取失败：media: 接口返回错误代码：62002，信息：稿件不可见。
{'code': 62002, 'message': '稿件不可见', 'ttl': 1}
[2026-04-10 16:20:01] [SUCCESS] bvid=BV19HX1BJEv3 已成功抓取全部所需数据。
[2026-04-10 16:20:09] [SUCCESS] bvid=BV19HX1BJEvM 已成功抓取全部所需数据。
[2026-04-10 16:20:15] [SUCCESS] bvid=BV19HX3BHEVW 已成功抓取全部所需数据。
[2026-04-10 16:20:20] [SUCCESS] bvid=BV19HXCBkEng 已成功抓取全部所需数据。
[2026-04-10 16:20:27] [SUCCESS] bvid=BV19J9LBAERg 已成功抓取全部所需数据。
[2026-04-10 16:20:32] [SUCCESS] bvid=BV19JAuz3EoN 已成功抓取全部所需数据。
[2026-04-10 16:20:38] [SUCCESS] bvid=BV19JQqBRE2y 已成功抓取全部所需数据。
[2026-04-10 16:20:41] [ERROR] bvid=BV19JQqBRE5m 抓取失败：media: 接口返回错误代码：-404，信息：啥都木有。
{'code': -404, 'message': '啥都木有', 'ttl': 1}
[2026-04-10 16:21:00] [SUCCESS] bvid=BV19JSoBzEND 已成功抓取全部所需数据。
[2026-04-10 16:21:06] [SUCCESS] bvid=BV19JSoBzEkT 已成功抓取全部所需数据。
[2026-04-10 16:21:13] [SUCCESS] bvid=BV19JX3BXEfk 已成功抓取全部所需数据。
[2026-04-10 16:21:28] [SUCCESS] bvid=BV19JXnByE8x 已成功抓取全部所需数据。
[2026-04-10 16:21:36] [SUCCESS] bvid=BV19K9uBmEFF 已成功抓取全部所需数据。
[2026-04-10 16:21:44] [SUCCESS] bvid=BV19KDpB5Eyq 已成功抓取全部所需数据。
[2026-04-10 16:21:50] [SUCCESS] bvid=BV19KSUBjE39 已成功抓取全部所需数据。
[2026-04-10 16:21:57] [SUCCESS] bvid=BV19KX5BFE3F 已成功抓取全部所需数据。
[2026-04-10 16:22:03] [SUCCESS] bvid=BV19KX5BFEBW 已成功抓取全部所需数据。
[2026-04-10 16:22:11] [SUCCESS] bvid=BV19KX5BFEJx 已成功抓取全部所需数据。
[2026-04-10 16:22:20] [SUCCESS] bvid=BV19KX5BFEZ6 已成功抓取全部所需数据。
[2026-04-10 16:22:27] [SUCCESS] bvid=BV19KX5BFErP 已成功抓取全部所需数据。
[2026-04-10 16:22:32] [SUCCESS] bvid=BV19LD4B9EAr 已成功抓取全部所需数据。
[2026-04-10 16:22:40] [SUCCESS] bvid=BV19LD4BREGz 已成功抓取全部所需数据。
[2026-04-10 16:22:45] [SUCCESS] bvid=BV19LDKBPEyS 已成功抓取全部所需数据。
[2026-04-10 16:22:54] [SUCCESS] bvid=BV19LXuBmEBh 已成功抓取全部所需数据。
[2026-04-10 16:22:54] [WARN] 当前子任务已结束，但仍有未成功抓取的视频，已导出 remaining CSV 供继续执行。
[2026-04-10 16:22:54] [INFO] 已导出剔除成功条目后的剩余 CSV：outputs\video_data\manual_crawls\manual_crawl_media_mode_A_20260410_133107\remaining_bvids_part_12.csv
[2026-04-10 16:22:54] 子任务结束时间：2026-04-10T16:22:54.753240
[TIMESTAMP][END] 2026-04-10T16:22:54
