[TIMESTAMP][BEGIN] 2026-04-10T18:44:04
[2026-04-10 18:44:07] 开始执行 CSV 批量抓取子任务 part_21。
[2026-04-10 18:44:07] 子任务开始时间：2026-04-10T18:44:04.936665
[2026-04-10 18:44:07] 输入文件：batch_input_21.csv
[2026-04-10 18:44:07] 输入唯一 bvid 数量：100
[2026-04-10 18:44:07] 为严格按 CSV 顺序判断连续失败阈值，本次任务自动将并发度从 2 调整为 1。
[2026-04-10 18:44:10] [ERROR] bvid=BV1BnXLBzESN 抓取失败：media: 接口返回错误代码：-404，信息：啥都木有。
{'code': -404, 'message': '啥都木有', 'ttl': 1}
[2026-04-10 18:44:15] [SUCCESS] bvid=BV1BnXfBbEa7 已成功抓取全部所需数据。
[2026-04-10 18:44:26] [SUCCESS] bvid=BV1BnXfBtENX 已成功抓取全部所需数据。
[2026-04-10 18:44:33] [SUCCESS] bvid=BV1Bo9MBXE4z 已成功抓取全部所需数据。
[2026-04-10 18:44:39] [SUCCESS] bvid=BV1BoXmBPEDo 已成功抓取全部所需数据。
[2026-04-10 18:44:45] [SUCCESS] bvid=BV1BpD5BhEXX 已成功抓取全部所需数据。
[2026-04-10 18:44:54] [SUCCESS] bvid=BV1BpXLBME7E 已成功抓取全部所需数据。
[2026-04-10 18:45:03] [SUCCESS] bvid=BV1BpXLBMEGH 已成功抓取全部所需数据。
[2026-04-10 18:45:11] [SUCCESS] bvid=BV1BpXLBMExZ 已成功抓取全部所需数据。
[2026-04-10 18:45:18] [SUCCESS] bvid=BV1BpXPBBEjY 已成功抓取全部所需数据。
[2026-04-10 18:45:39] [SUCCESS] bvid=BV1BpXbByE9X 已成功抓取全部所需数据。
[2026-04-10 18:45:48] [SUCCESS] bvid=BV1BpXbByECX 已成功抓取全部所需数据。
[2026-04-10 18:45:55] [SUCCESS] bvid=BV1BpXbByELe 已成功抓取全部所需数据。
[2026-04-10 18:46:04] [SUCCESS] bvid=BV1BpXbByEZW 已成功抓取全部所需数据。
[2026-04-10 18:46:10] [SUCCESS] bvid=BV1BpXbByEZu 已成功抓取全部所需数据。
[2026-04-10 18:46:17] [SUCCESS] bvid=BV1BpXbByEbT 已成功抓取全部所需数据。
[2026-04-10 18:46:25] [SUCCESS] bvid=BV1BpXbByEeJ 已成功抓取全部所需数据。
[2026-04-10 18:46:31] [SUCCESS] bvid=BV1BpXbByEmi 已成功抓取全部所需数据。
[2026-04-10 18:46:38] [SUCCESS] bvid=BV1BpXbByErh 已成功抓取全部所需数据。
[2026-04-10 18:46:45] [SUCCESS] bvid=BV1BpXbByEym 已成功抓取全部所需数据。
[2026-04-10 18:46:51] [SUCCESS] bvid=BV1Bq9uB4EeJ 已成功抓取全部所需数据。
[2026-04-10 18:47:00] [SUCCESS] bvid=BV1Bq9uB4Ev7 已成功抓取全部所需数据。
[2026-04-10 18:47:17] [SUCCESS] bvid=BV1Bq9uB4Eyi 已成功抓取全部所需数据。
[2026-04-10 18:47:27] [SUCCESS] bvid=BV1Bq9uB4EzJ 已成功抓取全部所需数据。
[2026-04-10 18:47:33] [SUCCESS] bvid=BV1BqDeBXEKs 已成功抓取全部所需数据。
[2026-04-10 18:47:38] [SUCCESS] bvid=BV1BqXGBcE6h 已成功抓取全部所需数据。
[2026-04-10 18:47:44] [SUCCESS] bvid=BV1BqXqBTEZM 已成功抓取全部所需数据。
[2026-04-10 18:47:52] [SUCCESS] bvid=BV1BqXvBbEEA 已成功抓取全部所需数据。
[2026-04-10 18:48:00] [SUCCESS] bvid=BV1Br9nBWEws 已成功抓取全部所需数据。
[2026-04-10 18:48:05] [SUCCESS] bvid=BV1BrX5BKEUi 已成功抓取全部所需数据。
[2026-04-10 18:48:12] [SUCCESS] bvid=BV1BrX5BKEYt 已成功抓取全部所需数据。
[2026-04-10 18:48:20] [SUCCESS] bvid=BV1BrX5BKEuw 已成功抓取全部所需数据。
[2026-04-10 18:48:30] [SUCCESS] bvid=BV1BrXNB5Eni 已成功抓取全部所需数据。
[2026-04-10 18:48:37] [SUCCESS] bvid=BV1BrXNB5Eup 已成功抓取全部所需数据。
[2026-04-10 18:48:52] [SUCCESS] bvid=BV1BsD5BFEHN 已成功抓取全部所需数据。
[2026-04-10 18:48:58] [SUCCESS] bvid=BV1BsXMBXE6V 已成功抓取全部所需数据。
[2026-04-10 18:49:04] [SUCCESS] bvid=BV1BsXbB5E8h 已成功抓取全部所需数据。
[2026-04-10 18:49:10] [SUCCESS] bvid=BV1BsXbBVE7t 已成功抓取全部所需数据。
[2026-04-10 18:49:20] [SUCCESS] bvid=BV1BsXbBVEAU 已成功抓取全部所需数据。
[2026-04-10 18:49:27] [SUCCESS] bvid=BV1BsXbBVEQG 已成功抓取全部所需数据。
[2026-04-10 18:49:34] [SUCCESS] bvid=BV1BsXbBVEjV 已成功抓取全部所需数据。
[2026-04-10 18:49:45] [SUCCESS] bvid=BV1BsXbBVEm8 已成功抓取全部所需数据。
[2026-04-10 18:49:53] [SUCCESS] bvid=BV1BtXMBDE67 已成功抓取全部所需数据。
[2026-04-10 18:49:59] [SUCCESS] bvid=BV1BtXMBDE9Q 已成功抓取全部所需数据。
[2026-04-10 18:50:05] [SUCCESS] bvid=BV1BtXMBDEf5 已成功抓取全部所需数据。
[2026-04-10 18:50:11] [SUCCESS] bvid=BV1BtXbB3EAb 已成功抓取全部所需数据。
[2026-04-10 18:50:19] [SUCCESS] bvid=BV1BtXbB3EKL 已成功抓取全部所需数据。
[2026-04-10 18:50:25] [SUCCESS] bvid=BV1BtXbB3ELh 已成功抓取全部所需数据。
[2026-04-10 18:50:32] [SUCCESS] bvid=BV1BtXbBGEPk 已成功抓取全部所需数据。
[2026-04-10 18:50:45] [SUCCESS] bvid=BV1BuD6BKESv 已成功抓取全部所需数据。
[2026-04-10 18:50:50] [SUCCESS] bvid=BV1BuD6BKEYU 已成功抓取全部所需数据。
[2026-04-10 18:50:58] [SUCCESS] bvid=BV1BuDKBMEJE 已成功抓取全部所需数据。
[2026-04-10 18:51:04] [SUCCESS] bvid=BV1BuXXBrEEt 已成功抓取全部所需数据。
[2026-04-10 18:51:12] [SUCCESS] bvid=BV1BvDnB2EBg 已成功抓取全部所需数据。
[2026-04-10 18:51:20] [SUCCESS] bvid=BV1BvDpBsEQh 已成功抓取全部所需数据。
[2026-04-10 18:51:26] [SUCCESS] bvid=BV1BvSUB4E44 已成功抓取全部所需数据。
[2026-04-10 18:51:32] [SUCCESS] bvid=BV1BvSUB4Epp 已成功抓取全部所需数据。
[2026-04-10 18:51:38] [SUCCESS] bvid=BV1BvSUB4ExV 已成功抓取全部所需数据。
[2026-04-10 18:51:45] [SUCCESS] bvid=BV1Bw9FB8EEb 已成功抓取全部所需数据。
[2026-04-10 18:51:52] [SUCCESS] bvid=BV1Bw9FB8EQb 已成功抓取全部所需数据。
[2026-04-10 18:51:58] [SUCCESS] bvid=BV1Bw9FB8EeY 已成功抓取全部所需数据。
[2026-04-10 18:52:05] [SUCCESS] bvid=BV1Bw9FB8Esc 已成功抓取全部所需数据。
[2026-04-10 18:52:12] [SUCCESS] bvid=BV1BwDPBNEJg 已成功抓取全部所需数据。
[2026-04-10 18:52:19] [SUCCESS] bvid=BV1BwDPBNEk8 已成功抓取全部所需数据。
[2026-04-10 18:52:24] [SUCCESS] bvid=BV1BwDiBsEFm 已成功抓取全部所需数据。
[2026-04-10 18:52:30] [SUCCESS] bvid=BV1BwXDBBEpe 已成功抓取全部所需数据。
[2026-04-10 18:52:39] [SUCCESS] bvid=BV1BwXjB6EXs 已成功抓取全部所需数据。
[2026-04-10 18:52:50] [SUCCESS] bvid=BV1Bx9AB6ErT 已成功抓取全部所需数据。
[2026-04-10 18:53:07] [SUCCESS] bvid=BV1BxDjBTEiC 已成功抓取全部所需数据。
[2026-04-10 18:53:13] [SUCCESS] bvid=BV1BxDjBTEwH 已成功抓取全部所需数据。
[2026-04-10 18:53:23] [SUCCESS] bvid=BV1BxDjBTExK 已成功抓取全部所需数据。
[2026-04-10 18:53:30] [SUCCESS] bvid=BV1BxQoBpEyk 已成功抓取全部所需数据。
[2026-04-10 18:53:36] [SUCCESS] bvid=BV1BxXKB5E3k 已成功抓取全部所需数据。
[2026-04-10 18:53:42] [SUCCESS] bvid=BV1BxXKB5ENM 已成功抓取全部所需数据。
[2026-04-10 18:53:48] [SUCCESS] bvid=BV1BxXKB5EmZ 已成功抓取全部所需数据。
[2026-04-10 18:53:55] [SUCCESS] bvid=BV1BxXbBkE6y 已成功抓取全部所需数据。
[2026-04-10 18:54:01] [SUCCESS] bvid=BV1BxXbBkEBs 已成功抓取全部所需数据。
[2026-04-10 18:54:10] [SUCCESS] bvid=BV1BxXbBkEEi 已成功抓取全部所需数据。
[2026-04-10 18:54:15] [SUCCESS] bvid=BV1BxXbBkEHS 已成功抓取全部所需数据。
[2026-04-10 18:54:21] [SUCCESS] bvid=BV1BxXbBkEJM 已成功抓取全部所需数据。
[2026-04-10 18:54:28] [SUCCESS] bvid=BV1BxXbBkETf 已成功抓取全部所需数据。
[2026-04-10 18:54:35] [SUCCESS] bvid=BV1BxXbBkEUU 已成功抓取全部所需数据。
[2026-04-10 18:54:47] [SUCCESS] bvid=BV1BxXhBnEo1 已成功抓取全部所需数据。
[2026-04-10 18:54:56] [SUCCESS] bvid=BV1By9VBMEfq 已成功抓取全部所需数据。
[2026-04-10 18:55:11] [SUCCESS] bvid=BV1ByDBBeEZA 已成功抓取全部所需数据。
[2026-04-10 19:05:18] [SUCCESS] bvid=BV1ByXNBGEAV 已成功抓取全部所需数据。
[2026-04-10 19:05:24] [SUCCESS] bvid=BV1ByXNBGEAq 已成功抓取全部所需数据。
[2026-04-10 19:05:33] [SUCCESS] bvid=BV1ByXNBGEAu 已成功抓取全部所需数据。
[2026-04-10 19:05:38] [SUCCESS] bvid=BV1ByXNBGEa8 已成功抓取全部所需数据。
[2026-04-10 19:05:47] [SUCCESS] bvid=BV1ByXNBGEjH 已成功抓取全部所需数据。
[2026-04-10 19:05:56] [SUCCESS] bvid=BV1ByXNBGEkq 已成功抓取全部所需数据。
[2026-04-10 19:06:03] [SUCCESS] bvid=BV1ByXNBGEys 已成功抓取全部所需数据。
[2026-04-10 19:06:09] [SUCCESS] bvid=BV1ByXUBwEGo 已成功抓取全部所需数据。
[2026-04-10 19:06:12] [ERROR] bvid=BV1BzDeBHEvf 抓取失败：media: 接口返回错误代码：62002，信息：稿件不可见。
{'code': 62002, 'message': '稿件不可见', 'ttl': 1}
[2026-04-10 19:06:17] [SUCCESS] bvid=BV1BzPrzrEHn 已成功抓取全部所需数据。
[2026-04-10 19:06:24] [SUCCESS] bvid=BV1BzX5BqESA 已成功抓取全部所需数据。
[2026-04-10 19:06:30] [SUCCESS] bvid=BV1BzX5BqEzQ 已成功抓取全部所需数据。
[2026-04-10 19:06:40] [SUCCESS] bvid=BV1BzXNB1EDy 已成功抓取全部所需数据。
[2026-04-10 19:06:49] [SUCCESS] bvid=BV1BzXNB1Edy 已成功抓取全部所需数据。
[2026-04-10 19:06:56] [SUCCESS] bvid=BV1BzXNB1Ekq 已成功抓取全部所需数据。
[2026-04-10 19:06:56] [WARN] 当前子任务已结束，但仍有未成功抓取的视频，已导出 remaining CSV 供继续执行。
[2026-04-10 19:06:56] [INFO] 已导出剔除成功条目后的剩余 CSV：outputs\video_data\manual_crawls\manual_crawl_media_mode_A_20260410_133107\remaining_bvids_part_21.csv
[2026-04-10 19:06:56] 子任务结束时间：2026-04-10T19:06:56.235357
[TIMESTAMP][END] 2026-04-10T19:06:56
