[TIMESTAMP][BEGIN] 2026-04-10T16:38:04
[2026-04-10 16:38:07] 开始执行 CSV 批量抓取子任务 part_14。
[2026-04-10 16:38:07] 子任务开始时间：2026-04-10T16:38:04.709485
[2026-04-10 16:38:07] 输入文件：batch_input_14.csv
[2026-04-10 16:38:07] 输入唯一 bvid 数量：100
[2026-04-10 16:38:07] 为严格按 CSV 顺序判断连续失败阈值，本次任务自动将并发度从 2 调整为 1。
[2026-04-10 16:38:13] [SUCCESS] bvid=BV19aDABREFm 已成功抓取全部所需数据。
[2026-04-10 16:38:21] [SUCCESS] bvid=BV19aDNBYE8K 已成功抓取全部所需数据。
[2026-04-10 16:38:29] [SUCCESS] bvid=BV19aDqBXEV2 已成功抓取全部所需数据。
[2026-04-10 16:38:39] [SUCCESS] bvid=BV19aXKBgEkG 已成功抓取全部所需数据。
[2026-04-10 16:38:47] [SUCCESS] bvid=BV19aXLBcEAf 已成功抓取全部所需数据。
[2026-04-10 16:38:59] [SUCCESS] bvid=BV19aXLBcEHY 已成功抓取全部所需数据。
[2026-04-10 16:39:04] [SUCCESS] bvid=BV19aXbBBEZW 已成功抓取全部所需数据。
[2026-04-10 16:39:20] [SUCCESS] bvid=BV19aXbBBEor 已成功抓取全部所需数据。
[2026-04-10 16:39:30] [SUCCESS] bvid=BV19b9HBnEAQ 已成功抓取全部所需数据。
[2026-04-10 16:39:33] [ERROR] bvid=BV19bXLBAE3R 抓取失败：media: 接口返回错误代码：62002，信息：稿件不可见。
{'code': 62002, 'message': '稿件不可见', 'ttl': 1}
[2026-04-10 16:39:39] [SUCCESS] bvid=BV19bXLBAE6h 已成功抓取全部所需数据。
[2026-04-10 16:39:46] [SUCCESS] bvid=BV19bXVBsEPi 已成功抓取全部所需数据。
[2026-04-10 16:39:52] [SUCCESS] bvid=BV19bXmBWEau 已成功抓取全部所需数据。
[2026-04-10 16:39:55] [ERROR] bvid=BV19bXmBpE32 抓取失败：media: 接口返回错误代码：62002，信息：稿件不可见。
{'code': 62002, 'message': '稿件不可见', 'ttl': 1}
[2026-04-10 16:40:03] [SUCCESS] bvid=BV19bXmBpEha 已成功抓取全部所需数据。
[2026-04-10 16:40:15] [SUCCESS] bvid=BV19bXmBpEyn 已成功抓取全部所需数据。
[2026-04-10 16:40:27] [SUCCESS] bvid=BV19c9TBVEN9 已成功抓取全部所需数据。
[2026-04-10 16:40:39] [SUCCESS] bvid=BV19cDEBwEwR 已成功抓取全部所需数据。
[2026-04-10 16:40:47] [SUCCESS] bvid=BV19cSZBrEWP 已成功抓取全部所需数据。
[2026-04-10 16:40:53] [SUCCESS] bvid=BV19cSZBrEdx 已成功抓取全部所需数据。
[2026-04-10 16:41:00] [SUCCESS] bvid=BV19d9wBcEhb 已成功抓取全部所需数据。
[2026-04-10 16:41:06] [SUCCESS] bvid=BV19d9wBcEkq 已成功抓取全部所需数据。
[2026-04-10 16:41:18] [SUCCESS] bvid=BV19dD7BvEB1 已成功抓取全部所需数据。
[2026-04-10 16:41:28] [SUCCESS] bvid=BV19dD7BvEr1 已成功抓取全部所需数据。
[2026-04-10 16:41:33] [SUCCESS] bvid=BV19dDLBoE3r 已成功抓取全部所需数据。
[2026-04-10 16:41:41] [SUCCESS] bvid=BV19dSXBbE5a 已成功抓取全部所需数据。
[2026-04-10 16:41:47] [SUCCESS] bvid=BV19dXrB6EzN 已成功抓取全部所需数据。
[2026-04-10 16:41:54] [SUCCESS] bvid=BV19eXSBoEwF 已成功抓取全部所需数据。
[2026-04-10 16:41:57] [ERROR] bvid=BV19eXbBTE5m 抓取失败：media: 接口返回错误代码：-404，信息：啥都木有。
{'code': -404, 'message': '啥都木有', 'ttl': 1}
[2026-04-10 16:42:04] [SUCCESS] bvid=BV19eXbBTEWr 已成功抓取全部所需数据。
[2026-04-10 16:42:10] [SUCCESS] bvid=BV19eXbBTEfL 已成功抓取全部所需数据。
[2026-04-10 16:42:16] [SUCCESS] bvid=BV19fD7BYEv8 已成功抓取全部所需数据。
[2026-04-10 16:42:23] [SUCCESS] bvid=BV19fD7BYExE 已成功抓取全部所需数据。
[2026-04-10 16:42:29] [SUCCESS] bvid=BV19fXuBEEJe 已成功抓取全部所需数据。
[2026-04-10 16:42:38] [SUCCESS] bvid=BV19gDsBJEit 已成功抓取全部所需数据。
[2026-04-10 16:42:47] [SUCCESS] bvid=BV19gSDBHEM3 已成功抓取全部所需数据。
[2026-04-10 16:43:14] [SUCCESS] bvid=BV19gSDBHEMq 已成功抓取全部所需数据。
[2026-04-10 16:43:49] [SUCCESS] bvid=BV19gX5B4Eu3 已成功抓取全部所需数据。
[2026-04-10 16:43:58] [SUCCESS] bvid=BV19gXNBvEDa 已成功抓取全部所需数据。
[2026-04-10 16:44:17] [SUCCESS] bvid=BV19gXNBvEK3 已成功抓取全部所需数据。
[2026-04-10 16:44:24] [SUCCESS] bvid=BV19gXNBvENx 已成功抓取全部所需数据。
[2026-04-10 16:44:31] [SUCCESS] bvid=BV19gXjBNE5r 已成功抓取全部所需数据。
[2026-04-10 16:44:38] [SUCCESS] bvid=BV19gXjBNEAH 已成功抓取全部所需数据。
[2026-04-10 16:44:52] [SUCCESS] bvid=BV19gXjBNEjy 已成功抓取全部所需数据。
[2026-04-10 16:45:14] [SUCCESS] bvid=BV19hDABxER6 已成功抓取全部所需数据。
[2026-04-10 16:45:42] [SUCCESS] bvid=BV19hDqBWE6w 已成功抓取全部所需数据。
[2026-04-10 16:46:31] [SUCCESS] bvid=BV19hXSBfEqA 已成功抓取全部所需数据。
[2026-04-10 16:46:51] [SUCCESS] bvid=BV19hXfBDEgu 已成功抓取全部所需数据。
[2026-04-10 16:46:54] [ERROR] bvid=BV19iDzBZE93 抓取失败：media: 接口返回错误代码：62002，信息：稿件不可见。
{'code': 62002, 'message': '稿件不可见', 'ttl': 1}
[2026-04-10 16:47:06] [SUCCESS] bvid=BV19iXKBqE5R 已成功抓取全部所需数据。
[2026-04-10 16:47:21] [SUCCESS] bvid=BV19iXMBLExL 已成功抓取全部所需数据。
[2026-04-10 16:47:41] [SUCCESS] bvid=BV19iXQBNELR 已成功抓取全部所需数据。
[2026-04-10 16:47:56] [SUCCESS] bvid=BV19j9VB4EuG 已成功抓取全部所需数据。
[2026-04-10 16:48:17] [SUCCESS] bvid=BV19jQ2BUEHa 已成功抓取全部所需数据。
[2026-04-10 16:48:25] [SUCCESS] bvid=BV19jXTBuEMS 已成功抓取全部所需数据。
[2026-04-10 16:48:32] [SUCCESS] bvid=BV19jXTBuEj5 已成功抓取全部所需数据。
[2026-04-10 16:48:42] [SUCCESS] bvid=BV19jXrBTE5J 已成功抓取全部所需数据。
[2026-04-10 16:48:49] [SUCCESS] bvid=BV19jXrBTENi 已成功抓取全部所需数据。
[2026-04-10 16:48:59] [SUCCESS] bvid=BV19jXrBTEe1 已成功抓取全部所需数据。
[2026-04-10 16:49:04] [SUCCESS] bvid=BV19jXrBTEw2 已成功抓取全部所需数据。
[2026-04-10 16:49:10] [SUCCESS] bvid=BV19kQSBtEG3 已成功抓取全部所需数据。
[2026-04-10 16:49:16] [SUCCESS] bvid=BV19kQSBtETf 已成功抓取全部所需数据。
[2026-04-10 16:49:21] [SUCCESS] bvid=BV19kQSBtEzo 已成功抓取全部所需数据。
[2026-04-10 16:49:28] [SUCCESS] bvid=BV19m9FBZEvy 已成功抓取全部所需数据。
[2026-04-10 16:49:34] [SUCCESS] bvid=BV19mNPzeEZa 已成功抓取全部所需数据。
[2026-04-10 16:49:42] [SUCCESS] bvid=BV19mNPzeEtH 已成功抓取全部所需数据。
[2026-04-10 16:49:48] [SUCCESS] bvid=BV19mXvBQEsr 已成功抓取全部所需数据。
[2026-04-10 16:50:02] [SUCCESS] bvid=BV19n97BgEUa 已成功抓取全部所需数据。
[2026-04-10 16:50:11] [SUCCESS] bvid=BV19n9LBaEFC 已成功抓取全部所需数据。
[2026-04-10 16:50:20] [SUCCESS] bvid=BV19nXuB5ETt 已成功抓取全部所需数据。
[2026-04-10 16:50:32] [SUCCESS] bvid=BV19o9PBME2k 已成功抓取全部所需数据。
[2026-04-10 16:50:38] [SUCCESS] bvid=BV19pX1BUE4E 已成功抓取全部所需数据。
[2026-04-10 16:50:49] [SUCCESS] bvid=BV19pX3BDEh1 已成功抓取全部所需数据。
[2026-04-10 16:50:55] [SUCCESS] bvid=BV19pXVBbEDR 已成功抓取全部所需数据。
[2026-04-10 16:51:00] [SUCCESS] bvid=BV19pXVBbEoU 已成功抓取全部所需数据。
[2026-04-10 16:51:05] [SUCCESS] bvid=BV19pXoBEE4m 已成功抓取全部所需数据。
[2026-04-10 16:51:11] [SUCCESS] bvid=BV19qDNBFE8H 已成功抓取全部所需数据。
[2026-04-10 16:51:17] [SUCCESS] bvid=BV19qDjBfE3o 已成功抓取全部所需数据。
[2026-04-10 16:51:26] [SUCCESS] bvid=BV19qDjBfEJ2 已成功抓取全部所需数据。
[2026-04-10 16:51:36] [SUCCESS] bvid=BV19r9NBMEkk 已成功抓取全部所需数据。
[2026-04-10 16:51:44] [SUCCESS] bvid=BV19rDTBNEJb 已成功抓取全部所需数据。
[2026-04-10 16:52:05] [SUCCESS] bvid=BV19rDTBNENw 已成功抓取全部所需数据。
[2026-04-10 16:52:16] [SUCCESS] bvid=BV19rX9BBELd 已成功抓取全部所需数据。
[2026-04-10 16:52:24] [SUCCESS] bvid=BV19rXdBjEHg 已成功抓取全部所需数据。
[2026-04-10 16:52:29] [SUCCESS] bvid=BV19rXgBSEo6 已成功抓取全部所需数据。
[2026-04-10 16:52:35] [SUCCESS] bvid=BV19s97BqEFS 已成功抓取全部所需数据。
[2026-04-10 16:52:41] [SUCCESS] bvid=BV19s9JBLE7f 已成功抓取全部所需数据。
[2026-04-10 16:52:48] [SUCCESS] bvid=BV19s9JBLEns 已成功抓取全部所需数据。
[2026-04-10 16:53:00] [SUCCESS] bvid=BV19sX1B7Eqd 已成功抓取全部所需数据。
[2026-04-10 16:53:07] [SUCCESS] bvid=BV19sX1BEEu6 已成功抓取全部所需数据。
[2026-04-10 16:53:13] [SUCCESS] bvid=BV19tDcBSE4E 已成功抓取全部所需数据。
[2026-04-10 16:53:19] [SUCCESS] bvid=BV19tDvBmEHp 已成功抓取全部所需数据。
[2026-04-10 16:53:25] [SUCCESS] bvid=BV19uDPB8ECV 已成功抓取全部所需数据。
[2026-04-10 16:53:43] [SUCCESS] bvid=BV19uXNBKEEs 已成功抓取全部所需数据。
[2026-04-10 16:53:49] [SUCCESS] bvid=BV19uXNBKEJm 已成功抓取全部所需数据。
[2026-04-10 16:53:54] [SUCCESS] bvid=BV19uXNBKEKM 已成功抓取全部所需数据。
[2026-04-10 17:03:54] [ERROR] bvid=BV19vDjBcEh7 抓取失败：media: Timeout of 600.0s exceeded, last exception: HTTPSConnectionPool(host='bigquery.googleapis.com', port=443): Max retries exceeded with url: /bigquery/v2/projects/bilibili-m2s2vp-research/datasets?prettyPrint=false (Caused by ProxyError('Unable to connect to proxy', RemoteDisconnected('Remote end closed connection without response')))
[2026-04-10 17:04:01] [SUCCESS] bvid=BV19vXKBMEuK 已成功抓取全部所需数据。
[2026-04-10 17:04:13] [SUCCESS] bvid=BV19vXbBiErt 已成功抓取全部所需数据。
[2026-04-10 17:04:20] [SUCCESS] bvid=BV19vXhB5EZy 已成功抓取全部所需数据。
[2026-04-10 17:04:20] [WARN] 当前子任务已结束，但仍有未成功抓取的视频，已导出 remaining CSV 供继续执行。
[2026-04-10 17:04:20] [INFO] 已导出剔除成功条目后的剩余 CSV：outputs\video_data\manual_crawls\manual_crawl_media_mode_A_20260410_133107\remaining_bvids_part_14.csv
[2026-04-10 17:04:20] 子任务结束时间：2026-04-10T17:04:20.649847
[TIMESTAMP][END] 2026-04-10T17:04:20
