[TIMESTAMP][BEGIN] 2026-04-10T19:06:56
[2026-04-10 19:06:58] 开始执行 CSV 批量抓取子任务 part_22。
[2026-04-10 19:06:58] 子任务开始时间：2026-04-10T19:06:56.437068
[2026-04-10 19:06:58] 输入文件：batch_input_22.csv
[2026-04-10 19:06:58] 输入唯一 bvid 数量：100
[2026-04-10 19:06:58] 为严格按 CSV 顺序判断连续失败阈值，本次任务自动将并发度从 2 调整为 1。
[2026-04-10 19:07:07] [SUCCESS] bvid=BV1BzXUBvEkf 已成功抓取全部所需数据。
[2026-04-10 19:07:12] [SUCCESS] bvid=BV1BzXZB4E28 已成功抓取全部所需数据。
[2026-04-10 19:07:25] [SUCCESS] bvid=BV1C19KBsE77 已成功抓取全部所需数据。
[2026-04-10 19:07:37] [SUCCESS] bvid=BV1C1DYBtEPT 已成功抓取全部所需数据。
[2026-04-10 19:07:46] [SUCCESS] bvid=BV1C1DYBtEaq 已成功抓取全部所需数据。
[2026-04-10 19:07:53] [SUCCESS] bvid=BV1C1XVBCELv 已成功抓取全部所需数据。
[2026-04-10 19:07:58] [SUCCESS] bvid=BV1C1XVBCEPa 已成功抓取全部所需数据。
[2026-04-10 19:08:09] [SUCCESS] bvid=BV1C1XVBCEPm 已成功抓取全部所需数据。
[2026-04-10 19:08:12] [ERROR] bvid=BV1C1XVBCEVu 抓取失败：media: 接口返回错误代码：62002，信息：稿件不可见。
{'code': 62002, 'message': '稿件不可见', 'ttl': 1}
[2026-04-10 19:08:17] [SUCCESS] bvid=BV1C1XVBCEjh 已成功抓取全部所需数据。
[2026-04-10 19:08:25] [SUCCESS] bvid=BV1C1XmBrE9Y 已成功抓取全部所需数据。
[2026-04-10 19:08:30] [SUCCESS] bvid=BV1C1XoBYEK7 已成功抓取全部所需数据。
[2026-04-10 19:08:37] [SUCCESS] bvid=BV1C2DYBoE1w 已成功抓取全部所需数据。
[2026-04-10 19:08:44] [SUCCESS] bvid=BV1C2DYBoEGd 已成功抓取全部所需数据。
[2026-04-10 19:08:51] [SUCCESS] bvid=BV1C2X1BAEHs 已成功抓取全部所需数据。
[2026-04-10 19:08:58] [SUCCESS] bvid=BV1C2XeBeESt 已成功抓取全部所需数据。
[2026-04-10 19:09:09] [SUCCESS] bvid=BV1C39cBGEs3 已成功抓取全部所需数据。
[2026-04-10 19:09:17] [SUCCESS] bvid=BV1C39gBPEei 已成功抓取全部所需数据。
[2026-04-10 19:09:23] [SUCCESS] bvid=BV1C3DvB8EYi 已成功抓取全部所需数据。
[2026-04-10 19:09:31] [SUCCESS] bvid=BV1C3SQB6E2G 已成功抓取全部所需数据。
[2026-04-10 19:09:33] [ERROR] bvid=BV1C3SQB6EC8 抓取失败：media: 接口返回错误代码：62002，信息：稿件不可见。
{'code': 62002, 'message': '稿件不可见', 'ttl': 1}
[2026-04-10 19:09:40] [SUCCESS] bvid=BV1C3XKB9EB6 已成功抓取全部所需数据。
[2026-04-10 19:09:51] [SUCCESS] bvid=BV1C3XKB9ED1 已成功抓取全部所需数据。
[2026-04-10 19:09:58] [SUCCESS] bvid=BV1C3XKB9EQT 已成功抓取全部所需数据。
[2026-04-10 19:10:09] [SUCCESS] bvid=BV1C3XKB9Ezn 已成功抓取全部所需数据。
[2026-04-10 19:10:20] [SUCCESS] bvid=BV1C3XfBeEAi 已成功抓取全部所需数据。
[2026-04-10 19:11:39] [SUCCESS] bvid=BV1C3XfBeEPy 已成功抓取全部所需数据。
[2026-04-10 19:11:45] [SUCCESS] bvid=BV1C49uBPEUu 已成功抓取全部所需数据。
[2026-04-10 19:11:51] [SUCCESS] bvid=BV1C49uBPEWS 已成功抓取全部所需数据。
[2026-04-10 19:12:04] [SUCCESS] bvid=BV1C49uBPEWa 已成功抓取全部所需数据。
[2026-04-10 19:12:10] [SUCCESS] bvid=BV1C4DeB8Ehu 已成功抓取全部所需数据。
[2026-04-10 19:12:19] [SUCCESS] bvid=BV1C4X5B1Epk 已成功抓取全部所需数据。
[2026-04-10 19:12:26] [SUCCESS] bvid=BV1C4X5B1Eqe 已成功抓取全部所需数据。
[2026-04-10 19:12:32] [SUCCESS] bvid=BV1C4X5B1EtD 已成功抓取全部所需数据。
[2026-04-10 19:12:37] [SUCCESS] bvid=BV1C4X5B1Ete 已成功抓取全部所需数据。
[2026-04-10 19:12:45] [SUCCESS] bvid=BV1C4XZBYEBX 已成功抓取全部所需数据。
[2026-04-10 19:12:52] [SUCCESS] bvid=BV1C59cBgExW 已成功抓取全部所需数据。
[2026-04-10 19:12:58] [SUCCESS] bvid=BV1C5DjByENj 已成功抓取全部所需数据。
[2026-04-10 19:13:03] [SUCCESS] bvid=BV1C5XKBQEV7 已成功抓取全部所需数据。
[2026-04-10 19:13:13] [SUCCESS] bvid=BV1C5XKBQEat 已成功抓取全部所需数据。
[2026-04-10 19:13:22] [SUCCESS] bvid=BV1C5XKBQEr4 已成功抓取全部所需数据。
[2026-04-10 19:13:28] [SUCCESS] bvid=BV1C5XKBQErL 已成功抓取全部所需数据。
[2026-04-10 19:13:34] [SUCCESS] bvid=BV1C5XMB8ERN 已成功抓取全部所需数据。
[2026-04-10 19:13:54] [SUCCESS] bvid=BV1C5XhBZEop 已成功抓取全部所需数据。
[2026-04-10 19:13:59] [SUCCESS] bvid=BV1C69LBUEa6 已成功抓取全部所需数据。
[2026-04-10 19:14:02] [ERROR] bvid=BV1C6XCBbEhV 抓取失败：media: No downloadable media stream found for this bvid.
[2026-04-10 19:14:17] [SUCCESS] bvid=BV1C6XCBbEpF 已成功抓取全部所需数据。
[2026-04-10 19:14:22] [SUCCESS] bvid=BV1C6XuBhEjk 已成功抓取全部所需数据。
[2026-04-10 19:14:34] [SUCCESS] bvid=BV1C79NB9ECM 已成功抓取全部所需数据。
[2026-04-10 19:14:40] [SUCCESS] bvid=BV1C79NB9EyK 已成功抓取全部所需数据。
[2026-04-10 19:14:55] [SUCCESS] bvid=BV1C7DEBnEyj 已成功抓取全部所需数据。
[2026-04-10 19:15:03] [SUCCESS] bvid=BV1C7DTBQEsk 已成功抓取全部所需数据。
[2026-04-10 19:15:14] [SUCCESS] bvid=BV1C7XMBtECL 已成功抓取全部所需数据。
[2026-04-10 19:15:20] [SUCCESS] bvid=BV1C89uBwETt 已成功抓取全部所需数据。
[2026-04-10 19:15:29] [SUCCESS] bvid=BV1C8X5BCE5K 已成功抓取全部所需数据。
[2026-04-10 19:15:40] [SUCCESS] bvid=BV1C8X5BCE88 已成功抓取全部所需数据。
[2026-04-10 19:15:47] [SUCCESS] bvid=BV1C8XNBQE5b 已成功抓取全部所需数据。
[2026-04-10 19:15:56] [SUCCESS] bvid=BV1C8XUBrEfu 已成功抓取全部所需数据。
[2026-04-10 19:16:02] [SUCCESS] bvid=BV1C8XjBHErq 已成功抓取全部所需数据。
[2026-04-10 19:16:07] [SUCCESS] bvid=BV1C99cBCEhA 已成功抓取全部所需数据。
[2026-04-10 19:16:12] [SUCCESS] bvid=BV1C9DAB6EVW 已成功抓取全部所需数据。
[2026-04-10 19:16:18] [SUCCESS] bvid=BV1CA97BXEnU 已成功抓取全部所需数据。
[2026-04-10 19:16:33] [SUCCESS] bvid=BV1CADgBZEWm 已成功抓取全部所需数据。
[2026-04-10 19:16:39] [SUCCESS] bvid=BV1CADgBZEqs 已成功抓取全部所需数据。
[2026-04-10 19:16:47] [SUCCESS] bvid=BV1CAX1BYEMa 已成功抓取全部所需数据。
[2026-04-10 19:17:03] [SUCCESS] bvid=BV1CBDBBBEMb 已成功抓取全部所需数据。
[2026-04-10 19:17:09] [SUCCESS] bvid=BV1CBSRBUE7m 已成功抓取全部所需数据。
[2026-04-10 19:17:14] [SUCCESS] bvid=BV1CBSRBUEzg 已成功抓取全部所需数据。
[2026-04-10 19:17:21] [SUCCESS] bvid=BV1CBSoB4Eoq 已成功抓取全部所需数据。
[2026-04-10 19:17:28] [SUCCESS] bvid=BV1CC97BsE4P 已成功抓取全部所需数据。
[2026-04-10 19:17:38] [SUCCESS] bvid=BV1CCXaBZEKK 已成功抓取全部所需数据。
[2026-04-10 19:17:42] [SUCCESS] bvid=BV1CDDABkExG 已成功抓取全部所需数据。
[2026-04-10 19:17:49] [SUCCESS] bvid=BV1CDXVBgEFi 已成功抓取全部所需数据。
[2026-04-10 19:17:58] [SUCCESS] bvid=BV1CDXVBgEcK 已成功抓取全部所需数据。
[2026-04-10 19:18:03] [SUCCESS] bvid=BV1CDXmBMEQP 已成功抓取全部所需数据。
[2026-04-10 19:18:09] [SUCCESS] bvid=BV1CDXmBMEUr 已成功抓取全部所需数据。
[2026-04-10 19:18:15] [SUCCESS] bvid=BV1CDXmBMEjs 已成功抓取全部所需数据。
[2026-04-10 19:18:21] [SUCCESS] bvid=BV1CDXmBMEk2 已成功抓取全部所需数据。
[2026-04-10 19:18:29] [SUCCESS] bvid=BV1CEXMBoE8R 已成功抓取全部所需数据。
[2026-04-10 19:18:34] [SUCCESS] bvid=BV1CEXMBoEVf 已成功抓取全部所需数据。
[2026-04-10 19:18:41] [SUCCESS] bvid=BV1CGD5BMENB 已成功抓取全部所需数据。
[2026-04-10 19:18:47] [SUCCESS] bvid=BV1CGD5BMEat 已成功抓取全部所需数据。
[2026-04-10 19:18:56] [SUCCESS] bvid=BV1CGD5BMEdE 已成功抓取全部所需数据。
[2026-04-10 19:19:05] [SUCCESS] bvid=BV1CH9TBfEDq 已成功抓取全部所需数据。
[2026-04-10 19:19:11] [SUCCESS] bvid=BV1CJ9NBpEA8 已成功抓取全部所需数据。
[2026-04-10 19:19:19] [SUCCESS] bvid=BV1CJ9NBpExq 已成功抓取全部所需数据。
[2026-04-10 19:19:26] [SUCCESS] bvid=BV1CJXhBsEUf 已成功抓取全部所需数据。
[2026-04-10 19:19:34] [SUCCESS] bvid=BV1CKDGBeEUL 已成功抓取全部所需数据。
[2026-04-10 19:19:39] [SUCCESS] bvid=BV1CKSSBKE7u 已成功抓取全部所需数据。
[2026-04-10 19:19:47] [SUCCESS] bvid=BV1CKXoBFEk6 已成功抓取全部所需数据。
[2026-04-10 19:19:57] [SUCCESS] bvid=BV1CLXMBfEPq 已成功抓取全部所需数据。
[2026-04-10 19:20:05] [SUCCESS] bvid=BV1CLXMBfEsi 已成功抓取全部所需数据。
[2026-04-10 19:20:11] [SUCCESS] bvid=BV1CMDGBAEL6 已成功抓取全部所需数据。
[2026-04-10 19:20:17] [SUCCESS] bvid=BV1CN9MB8E3r 已成功抓取全部所需数据。
[2026-04-10 19:20:23] [SUCCESS] bvid=BV1CNDgB4ECj 已成功抓取全部所需数据。
[2026-04-10 19:20:30] [SUCCESS] bvid=BV1CNDgB4Eg6 已成功抓取全部所需数据。
[2026-04-10 19:20:42] [SUCCESS] bvid=BV1CNXeBaEe8 已成功抓取全部所需数据。
[2026-04-10 19:20:48] [SUCCESS] bvid=BV1CNXeBaEyr 已成功抓取全部所需数据。
[2026-04-10 19:20:55] [SUCCESS] bvid=BV1CPXeBAEiU 已成功抓取全部所需数据。
[2026-04-10 19:21:01] [SUCCESS] bvid=BV1CPXoBhEfV 已成功抓取全部所需数据。
[2026-04-10 19:21:01] [WARN] 当前子任务已结束，但仍有未成功抓取的视频，已导出 remaining CSV 供继续执行。
[2026-04-10 19:21:01] [INFO] 已导出剔除成功条目后的剩余 CSV：outputs\video_data\manual_crawls\manual_crawl_media_mode_A_20260410_133107\remaining_bvids_part_22.csv
[2026-04-10 19:21:01] 子任务结束时间：2026-04-10T19:21:01.754920
[TIMESTAMP][END] 2026-04-10T19:21:01
