[TIMESTAMP][BEGIN] 2026-04-10T16:22:54
[2026-04-10 16:22:57] 开始执行 CSV 批量抓取子任务 part_13。
[2026-04-10 16:22:57] 子任务开始时间：2026-04-10T16:22:54.937969
[2026-04-10 16:22:57] 输入文件：batch_input_13.csv
[2026-04-10 16:22:57] 输入唯一 bvid 数量：100
[2026-04-10 16:22:57] 为严格按 CSV 顺序判断连续失败阈值，本次任务自动将并发度从 2 调整为 1。
[2026-04-10 16:23:05] [SUCCESS] bvid=BV19M9uBjE7r 已成功抓取全部所需数据。
[2026-04-10 16:23:18] [SUCCESS] bvid=BV19MDeBkEna 已成功抓取全部所需数据。
[2026-04-10 16:23:24] [SUCCESS] bvid=BV19MDeBkEpH 已成功抓取全部所需数据。
[2026-04-10 16:23:32] [SUCCESS] bvid=BV19MX5BZE3X 已成功抓取全部所需数据。
[2026-04-10 16:23:40] [SUCCESS] bvid=BV19MX5BZE5R 已成功抓取全部所需数据。
[2026-04-10 16:23:45] [SUCCESS] bvid=BV19MX5BZELq 已成功抓取全部所需数据。
[2026-04-10 16:23:52] [SUCCESS] bvid=BV19MX5BZEdp 已成功抓取全部所需数据。
[2026-04-10 16:24:00] [SUCCESS] bvid=BV19MX5BZEx2 已成功抓取全部所需数据。
[2026-04-10 16:24:06] [SUCCESS] bvid=BV19MX5BZEy2 已成功抓取全部所需数据。
[2026-04-10 16:24:22] [SUCCESS] bvid=BV19MXUBdEEc 已成功抓取全部所需数据。
[2026-04-10 16:24:29] [SUCCESS] bvid=BV19MXjBiEyA 已成功抓取全部所需数据。
[2026-04-10 16:24:36] [SUCCESS] bvid=BV19N9TB6EM7 已成功抓取全部所需数据。
[2026-04-10 16:24:43] [SUCCESS] bvid=BV19N9uBEEmY 已成功抓取全部所需数据。
[2026-04-10 16:24:56] [SUCCESS] bvid=BV19NDFB2ECj 已成功抓取全部所需数据。
[2026-04-10 16:25:04] [SUCCESS] bvid=BV19NDFB2Ei2 已成功抓取全部所需数据。
[2026-04-10 16:25:11] [SUCCESS] bvid=BV19NDnBTEcS 已成功抓取全部所需数据。
[2026-04-10 16:25:18] [SUCCESS] bvid=BV19P9TB3E7y 已成功抓取全部所需数据。
[2026-04-10 16:25:30] [SUCCESS] bvid=BV19P9TB3EQH 已成功抓取全部所需数据。
[2026-04-10 16:25:37] [SUCCESS] bvid=BV19PDpB1EHy 已成功抓取全部所需数据。
[2026-04-10 16:25:44] [SUCCESS] bvid=BV19PSUBmE8a 已成功抓取全部所需数据。
[2026-04-10 16:25:50] [SUCCESS] bvid=BV19PX2BDEtw 已成功抓取全部所需数据。
[2026-04-10 16:25:59] [SUCCESS] bvid=BV19PXGBXE5Q 已成功抓取全部所需数据。
[2026-04-10 16:26:06] [SUCCESS] bvid=BV19PXGBXErh 已成功抓取全部所需数据。
[2026-04-10 16:26:11] [SUCCESS] bvid=BV19QDLB8E1K 已成功抓取全部所需数据。
[2026-04-10 16:26:16] [SUCCESS] bvid=BV19QDLB8ESs 已成功抓取全部所需数据。
[2026-04-10 16:26:22] [SUCCESS] bvid=BV19QDLB8EUH 已成功抓取全部所需数据。
[2026-04-10 16:26:32] [SUCCESS] bvid=BV19QDLB8Eoj 已成功抓取全部所需数据。
[2026-04-10 16:26:38] [SUCCESS] bvid=BV19QX5BbEEA 已成功抓取全部所需数据。
[2026-04-10 16:26:45] [SUCCESS] bvid=BV19QX5BbENC 已成功抓取全部所需数据。
[2026-04-10 16:26:51] [SUCCESS] bvid=BV19QXNBqET3 已成功抓取全部所需数据。
[2026-04-10 16:26:59] [SUCCESS] bvid=BV19QXjBTE4e 已成功抓取全部所需数据。
[2026-04-10 16:27:15] [SUCCESS] bvid=BV19RX8BrEsP 已成功抓取全部所需数据。
[2026-04-10 16:27:25] [SUCCESS] bvid=BV19RXTBVEe1 已成功抓取全部所需数据。
[2026-04-10 16:27:31] [SUCCESS] bvid=BV19RXjBNEzg 已成功抓取全部所需数据。
[2026-04-10 16:27:42] [SUCCESS] bvid=BV19S9FB4EEp 已成功抓取全部所需数据。
[2026-04-10 16:27:51] [SUCCESS] bvid=BV19SNPzAE15 已成功抓取全部所需数据。
[2026-04-10 16:27:57] [SUCCESS] bvid=BV19SNPzAEUa 已成功抓取全部所需数据。
[2026-04-10 16:28:04] [SUCCESS] bvid=BV19SSDBREmo 已成功抓取全部所需数据。
[2026-04-10 16:28:14] [SUCCESS] bvid=BV19SXxBbEXJ 已成功抓取全部所需数据。
[2026-04-10 16:28:27] [SUCCESS] bvid=BV19T93BREZB 已成功抓取全部所需数据。
[2026-04-10 16:28:33] [SUCCESS] bvid=BV19T93BREt9 已成功抓取全部所需数据。
[2026-04-10 16:28:39] [SUCCESS] bvid=BV19TDeBVEXB 已成功抓取全部所需数据。
[2026-04-10 16:28:48] [SUCCESS] bvid=BV19TDpBCEVB 已成功抓取全部所需数据。
[2026-04-10 16:28:55] [SUCCESS] bvid=BV19TDsBHEJV 已成功抓取全部所需数据。
[2026-04-10 16:29:04] [SUCCESS] bvid=BV19TDsBHEJb 已成功抓取全部所需数据。
[2026-04-10 16:29:11] [SUCCESS] bvid=BV19TSDBWExx 已成功抓取全部所需数据。
[2026-04-10 16:29:17] [SUCCESS] bvid=BV19TX5BbE94 已成功抓取全部所需数据。
[2026-04-10 16:29:27] [SUCCESS] bvid=BV19TX5BbEZS 已成功抓取全部所需数据。
[2026-04-10 16:29:33] [SUCCESS] bvid=BV19TX5BbEfD 已成功抓取全部所需数据。
[2026-04-10 16:29:43] [SUCCESS] bvid=BV19TX5BbEuW 已成功抓取全部所需数据。
[2026-04-10 16:29:48] [SUCCESS] bvid=BV19TXNBqEfT 已成功抓取全部所需数据。
[2026-04-10 16:29:51] [ERROR] bvid=BV19TXUB4E8c 抓取失败：media: 接口返回错误代码：-404，信息：啥都木有。
{'code': -404, 'message': '啥都木有', 'ttl': 1}
[2026-04-10 16:30:01] [SUCCESS] bvid=BV19TXUB4ED8 已成功抓取全部所需数据。
[2026-04-10 16:30:07] [SUCCESS] bvid=BV19TXUB4EiB 已成功抓取全部所需数据。
[2026-04-10 16:30:21] [SUCCESS] bvid=BV19TXUB4EiE 已成功抓取全部所需数据。
[2026-04-10 16:30:40] [SUCCESS] bvid=BV19TXUB4EvR 已成功抓取全部所需数据。
[2026-04-10 16:30:57] [SUCCESS] bvid=BV19UX5BhEVY 已成功抓取全部所需数据。
[2026-04-10 16:31:19] [SUCCESS] bvid=BV19UXNBzEQ1 已成功抓取全部所需数据。
[2026-04-10 16:31:31] [SUCCESS] bvid=BV19UXUBbEhK 已成功抓取全部所需数据。
[2026-04-10 16:31:42] [SUCCESS] bvid=BV19UXZBJEDw 已成功抓取全部所需数据。
[2026-04-10 16:32:01] [SUCCESS] bvid=BV19UXxBFEj7 已成功抓取全部所需数据。
[2026-04-10 16:32:17] [SUCCESS] bvid=BV19V9VBbEJp 已成功抓取全部所需数据。
[2026-04-10 16:32:41] [SUCCESS] bvid=BV19V9VBbEiK 已成功抓取全部所需数据。
[2026-04-10 16:33:05] [SUCCESS] bvid=BV19V9VBbEnY 已成功抓取全部所需数据。
[2026-04-10 16:33:17] [SUCCESS] bvid=BV19VXDBcECn 已成功抓取全部所需数据。
[2026-04-10 16:33:27] [SUCCESS] bvid=BV19VXNBYEw8 已成功抓取全部所需数据。
[2026-04-10 16:33:44] [SUCCESS] bvid=BV19VXTB3EAr 已成功抓取全部所需数据。
[2026-04-10 16:34:10] [SUCCESS] bvid=BV19VXjBAELs 已成功抓取全部所需数据。
[2026-04-10 16:34:19] [SUCCESS] bvid=BV19VXjBAEyq 已成功抓取全部所需数据。
[2026-04-10 16:34:26] [SUCCESS] bvid=BV19W97BMErC 已成功抓取全部所需数据。
[2026-04-10 16:34:35] [SUCCESS] bvid=BV19WA3zjEJa 已成功抓取全部所需数据。
[2026-04-10 16:34:41] [SUCCESS] bvid=BV19WDYBkEoN 已成功抓取全部所需数据。
[2026-04-10 16:34:48] [SUCCESS] bvid=BV19WDcBpESV 已成功抓取全部所需数据。
[2026-04-10 16:34:54] [SUCCESS] bvid=BV19WDgB5EHS 已成功抓取全部所需数据。
[2026-04-10 16:35:04] [SUCCESS] bvid=BV19WXVBZEXz 已成功抓取全部所需数据。
[2026-04-10 16:35:09] [SUCCESS] bvid=BV19WXVBZEm1 已成功抓取全部所需数据。
[2026-04-10 16:35:16] [SUCCESS] bvid=BV19WXVBZEuA 已成功抓取全部所需数据。
[2026-04-10 16:35:24] [SUCCESS] bvid=BV19WXVBZEvJ 已成功抓取全部所需数据。
[2026-04-10 16:35:33] [SUCCESS] bvid=BV19WXVBZExP 已成功抓取全部所需数据。
[2026-04-10 16:35:39] [SUCCESS] bvid=BV19WXVBZEzp 已成功抓取全部所需数据。
[2026-04-10 16:35:47] [SUCCESS] bvid=BV19X9FBsEKN 已成功抓取全部所需数据。
[2026-04-10 16:35:55] [SUCCESS] bvid=BV19X9FBsETq 已成功抓取全部所需数据。
[2026-04-10 16:36:02] [SUCCESS] bvid=BV19X9FBsEpv 已成功抓取全部所需数据。
[2026-04-10 16:36:09] [SUCCESS] bvid=BV19X9FBsEuh 已成功抓取全部所需数据。
[2026-04-10 16:36:16] [SUCCESS] bvid=BV19X9pB9EC7 已成功抓取全部所需数据。
[2026-04-10 16:36:28] [SUCCESS] bvid=BV19XDLBfE4T 已成功抓取全部所需数据。
[2026-04-10 16:36:34] [SUCCESS] bvid=BV19XDLBfEBo 已成功抓取全部所需数据。
[2026-04-10 16:36:39] [SUCCESS] bvid=BV19XDLBfEwm 已成功抓取全部所需数据。
[2026-04-10 16:36:42] [ERROR] bvid=BV19XDsBDEHP 抓取失败：media: 接口返回错误代码：62012，信息：62012。
{'code': 62012, 'message': '62012', 'ttl': 1}
[2026-04-10 16:36:52] [SUCCESS] bvid=BV19XXjBiEKR 已成功抓取全部所需数据。
[2026-04-10 16:37:00] [SUCCESS] bvid=BV19YQCBgE8Y 已成功抓取全部所需数据。
[2026-04-10 16:37:03] [ERROR] bvid=BV19YXKBzEJb 抓取失败：media: No downloadable media stream found for this bvid.
[2026-04-10 16:37:13] [SUCCESS] bvid=BV19Z9PBqEtG 已成功抓取全部所需数据。
[2026-04-10 16:37:25] [SUCCESS] bvid=BV19Z9VBbEW7 已成功抓取全部所需数据。
[2026-04-10 16:37:31] [SUCCESS] bvid=BV19ZD7BPECW 已成功抓取全部所需数据。
[2026-04-10 16:37:40] [SUCCESS] bvid=BV19ZD7BPEfa 已成功抓取全部所需数据。
[2026-04-10 16:37:48] [SUCCESS] bvid=BV19ZDKBvE7V 已成功抓取全部所需数据。
[2026-04-10 16:37:54] [SUCCESS] bvid=BV19ZSoBCEfd 已成功抓取全部所需数据。
[2026-04-10 16:38:01] [SUCCESS] bvid=BV19ZXTB3EWt 已成功抓取全部所需数据。
[2026-04-10 16:38:04] [ERROR] bvid=BV19ZXTB3Er6 抓取失败：media: 接口返回错误代码：-404，信息：啥都木有。
{'code': -404, 'message': '啥都木有', 'ttl': 1}
[2026-04-10 16:38:04] [WARN] 当前子任务已结束，但仍有未成功抓取的视频，已导出 remaining CSV 供继续执行。
[2026-04-10 16:38:04] [INFO] 已导出剔除成功条目后的剩余 CSV：outputs\video_data\manual_crawls\manual_crawl_media_mode_A_20260410_133107\remaining_bvids_part_13.csv
[2026-04-10 16:38:04] 子任务结束时间：2026-04-10T16:38:04.505547
[TIMESTAMP][END] 2026-04-10T16:38:04
