[TIMESTAMP][BEGIN] 2026-04-10T14:36:33
[2026-04-10 14:36:36] 开始执行 CSV 批量抓取子任务 part_6。
[2026-04-10 14:36:36] 子任务开始时间：2026-04-10T14:36:33.991544
[2026-04-10 14:36:36] 输入文件：batch_input_6.csv
[2026-04-10 14:36:36] 输入唯一 bvid 数量：100
[2026-04-10 14:36:36] 为严格按 CSV 顺序判断连续失败阈值，本次任务自动将并发度从 2 调整为 1。
[2026-04-10 14:36:40] [SUCCESS] bvid=BV17SXTBmEsX 已成功抓取全部所需数据。
[2026-04-10 14:36:51] [SUCCESS] bvid=BV17T9VBeEcp 已成功抓取全部所需数据。
[2026-04-10 14:36:59] [SUCCESS] bvid=BV17TX8ByECV 已成功抓取全部所需数据。
[2026-04-10 14:37:05] [SUCCESS] bvid=BV17TX8ByEX6 已成功抓取全部所需数据。
[2026-04-10 14:37:10] [SUCCESS] bvid=BV17TX8ByEyV 已成功抓取全部所需数据。
[2026-04-10 14:37:15] [SUCCESS] bvid=BV17UD7B3EVt 已成功抓取全部所需数据。
[2026-04-10 14:37:21] [SUCCESS] bvid=BV17UDKBrEMk 已成功抓取全部所需数据。
[2026-04-10 14:37:28] [SUCCESS] bvid=BV17UDKBrEp6 已成功抓取全部所需数据。
[2026-04-10 14:37:33] [SUCCESS] bvid=BV17UDKBrEuw 已成功抓取全部所需数据。
[2026-04-10 14:37:41] [SUCCESS] bvid=BV17UXDBTENV 已成功抓取全部所需数据。
[2026-04-10 14:37:57] [SUCCESS] bvid=BV17V9KBjEB4 已成功抓取全部所需数据。
[2026-04-10 14:38:03] [SUCCESS] bvid=BV17VSoByE5M 已成功抓取全部所需数据。
[2026-04-10 14:38:11] [SUCCESS] bvid=BV17VXaBJEbn 已成功抓取全部所需数据。
[2026-04-10 14:38:20] [SUCCESS] bvid=BV17VXpBtEtM 已成功抓取全部所需数据。
[2026-04-10 14:38:27] [SUCCESS] bvid=BV17W9cBAEDd 已成功抓取全部所需数据。
[2026-04-10 14:38:38] [SUCCESS] bvid=BV17W9cBNE6o 已成功抓取全部所需数据。
[2026-04-10 14:38:49] [SUCCESS] bvid=BV17WXKB1E6W 已成功抓取全部所需数据。
[2026-04-10 14:38:54] [SUCCESS] bvid=BV17WXKB1EBC 已成功抓取全部所需数据。
[2026-04-10 14:39:02] [SUCCESS] bvid=BV17WXKB1ENN 已成功抓取全部所需数据。
[2026-04-10 14:39:09] [SUCCESS] bvid=BV17WXKB1EcH 已成功抓取全部所需数据。
[2026-04-10 14:39:17] [SUCCESS] bvid=BV17WXKB1Egr 已成功抓取全部所需数据。
[2026-04-10 14:39:25] [SUCCESS] bvid=BV17WXKB1Et8 已成功抓取全部所需数据。
[2026-04-10 14:39:30] [SUCCESS] bvid=BV17WXKB2E8Q 已成功抓取全部所需数据。
[2026-04-10 14:39:36] [SUCCESS] bvid=BV17WXLBqEHT 已成功抓取全部所需数据。
[2026-04-10 14:39:41] [SUCCESS] bvid=BV17WXSBvEXh 已成功抓取全部所需数据。
[2026-04-10 14:39:48] [SUCCESS] bvid=BV17Y9jBVEAi 已成功抓取全部所需数据。
[2026-04-10 14:39:52] [SUCCESS] bvid=BV17YDTBrEAz 已成功抓取全部所需数据。
[2026-04-10 14:39:59] [SUCCESS] bvid=BV17YDaBmEdH 已成功抓取全部所需数据。
[2026-04-10 14:40:09] [SUCCESS] bvid=BV17YSZBSEnL 已成功抓取全部所需数据。
[2026-04-10 14:40:14] [SUCCESS] bvid=BV17Z9KBjEgD 已成功抓取全部所需数据。
[2026-04-10 14:40:23] [SUCCESS] bvid=BV17ZXVBiEeh 已成功抓取全部所需数据。
[2026-04-10 14:40:30] [SUCCESS] bvid=BV17ZXpB4E5A 已成功抓取全部所需数据。
[2026-04-10 14:40:40] [SUCCESS] bvid=BV17aSZBnEDj 已成功抓取全部所需数据。
[2026-04-10 14:40:46] [SUCCESS] bvid=BV17aSZBnErC 已成功抓取全部所需数据。
[2026-04-10 14:40:57] [SUCCESS] bvid=BV17aX9B1EYs 已成功抓取全部所需数据。
[2026-04-10 14:41:03] [SUCCESS] bvid=BV17aX9B1Efv 已成功抓取全部所需数据。
[2026-04-10 14:41:10] [SUCCESS] bvid=BV17aX9B1Ekw 已成功抓取全部所需数据。
[2026-04-10 14:41:16] [SUCCESS] bvid=BV17aXgBdE7J 已成功抓取全部所需数据。
[2026-04-10 14:41:22] [SUCCESS] bvid=BV17aXgBdE7U 已成功抓取全部所需数据。
[2026-04-10 14:41:28] [SUCCESS] bvid=BV17aXgBdEKF 已成功抓取全部所需数据。
[2026-04-10 14:41:35] [SUCCESS] bvid=BV17aXgBdEQU 已成功抓取全部所需数据。
[2026-04-10 14:41:43] [SUCCESS] bvid=BV17bDTB5E9e 已成功抓取全部所需数据。
[2026-04-10 14:41:49] [SUCCESS] bvid=BV17bDTB5ERd 已成功抓取全部所需数据。
[2026-04-10 14:41:57] [SUCCESS] bvid=BV17bDTB5EWE 已成功抓取全部所需数据。
[2026-04-10 14:42:02] [SUCCESS] bvid=BV17bX6BgEsK 已成功抓取全部所需数据。
[2026-04-10 14:42:11] [SUCCESS] bvid=BV17bXKBVEEW 已成功抓取全部所需数据。
[2026-04-10 14:42:17] [SUCCESS] bvid=BV17bXhBJE87 已成功抓取全部所需数据。
[2026-04-10 14:42:31] [SUCCESS] bvid=BV17c9FBcE2V 已成功抓取全部所需数据。
[2026-04-10 14:42:37] [SUCCESS] bvid=BV17cSDBbEGd 已成功抓取全部所需数据。
[2026-04-10 14:42:45] [SUCCESS] bvid=BV17cXNBkE6J 已成功抓取全部所需数据。
[2026-04-10 14:42:56] [SUCCESS] bvid=BV17cXxBAEkd 已成功抓取全部所需数据。
[2026-04-10 14:43:03] [SUCCESS] bvid=BV17d9KBmEAN 已成功抓取全部所需数据。
[2026-04-10 14:43:14] [SUCCESS] bvid=BV17e9TBQEj7 已成功抓取全部所需数据。
[2026-04-10 14:43:24] [SUCCESS] bvid=BV17e9jBCE4a 已成功抓取全部所需数据。
[2026-04-10 14:43:30] [SUCCESS] bvid=BV17e9jBkEMs 已成功抓取全部所需数据。
[2026-04-10 14:43:38] [SUCCESS] bvid=BV17eXgBsE6Q 已成功抓取全部所需数据。
[2026-04-10 14:43:44] [SUCCESS] bvid=BV17eXgBsEZV 已成功抓取全部所需数据。
[2026-04-10 14:43:52] [SUCCESS] bvid=BV17f9MBWE3q 已成功抓取全部所需数据。
[2026-04-10 14:43:57] [SUCCESS] bvid=BV17gX8BkENU 已成功抓取全部所需数据。
[2026-04-10 14:44:05] [SUCCESS] bvid=BV17gX8BkETP 已成功抓取全部所需数据。
[2026-04-10 14:44:12] [SUCCESS] bvid=BV17gXaBnEh7 已成功抓取全部所需数据。
[2026-04-10 14:44:18] [SUCCESS] bvid=BV17h9jByED7 已成功抓取全部所需数据。
[2026-04-10 14:44:24] [SUCCESS] bvid=BV17hXMBUE7s 已成功抓取全部所需数据。
[2026-04-10 14:44:30] [SUCCESS] bvid=BV17hXMBUEP7 已成功抓取全部所需数据。
[2026-04-10 14:44:36] [SUCCESS] bvid=BV17hXMBUETn 已成功抓取全部所需数据。
[2026-04-10 14:44:54] [SUCCESS] bvid=BV17hXMBUEsJ 已成功抓取全部所需数据。
[2026-04-10 14:45:06] [SUCCESS] bvid=BV17hXgB4E2K 已成功抓取全部所需数据。
[2026-04-10 14:45:20] [SUCCESS] bvid=BV17hXgB4EZL 已成功抓取全部所需数据。
[2026-04-10 14:45:32] [SUCCESS] bvid=BV17hXkB2Ei2 已成功抓取全部所需数据。
[2026-04-10 14:45:49] [SUCCESS] bvid=BV17iDuB7EPB 已成功抓取全部所需数据。
[2026-04-10 14:46:03] [SUCCESS] bvid=BV17iDuB7Erm 已成功抓取全部所需数据。
[2026-04-10 14:46:16] [SUCCESS] bvid=BV17iSZBmEnb 已成功抓取全部所需数据。
[2026-04-10 14:46:28] [SUCCESS] bvid=BV17iSZBmEwm 已成功抓取全部所需数据。
[2026-04-10 14:46:41] [SUCCESS] bvid=BV17iX2BfEkf 已成功抓取全部所需数据。
[2026-04-10 14:46:54] [SUCCESS] bvid=BV17j9JBQE6f 已成功抓取全部所需数据。
[2026-04-10 14:47:11] [SUCCESS] bvid=BV17jXVBeE3K 已成功抓取全部所需数据。
[2026-04-10 14:47:25] [SUCCESS] bvid=BV17jwxzsEUc 已成功抓取全部所需数据。
[2026-04-10 14:47:42] [SUCCESS] bvid=BV17k9FBAE4P 已成功抓取全部所需数据。
[2026-04-10 14:47:55] [SUCCESS] bvid=BV17k9FBAE9h 已成功抓取全部所需数据。
[2026-04-10 14:48:09] [SUCCESS] bvid=BV17kX5BvE53 已成功抓取全部所需数据。
[2026-04-10 14:48:26] [SUCCESS] bvid=BV17kX5BvEBQ 已成功抓取全部所需数据。
[2026-04-10 14:48:39] [SUCCESS] bvid=BV17kX5BvEb5 已成功抓取全部所需数据。
[2026-04-10 14:48:54] [SUCCESS] bvid=BV17kXNByEY2 已成功抓取全部所需数据。
[2026-04-10 14:49:00] [SUCCESS] bvid=BV17kXUBYEQ5 已成功抓取全部所需数据。
[2026-04-10 14:49:06] [SUCCESS] bvid=BV17kXUBYEZq 已成功抓取全部所需数据。
[2026-04-10 14:49:15] [SUCCESS] bvid=BV17kXZBsE3L 已成功抓取全部所需数据。
[2026-04-10 14:49:23] [SUCCESS] bvid=BV17kXZBsEw8 已成功抓取全部所需数据。
[2026-04-10 14:49:29] [SUCCESS] bvid=BV17kXjBVE1k 已成功抓取全部所需数据。
[2026-04-10 14:49:35] [SUCCESS] bvid=BV17kXjBVEZ2 已成功抓取全部所需数据。
[2026-04-10 14:49:42] [SUCCESS] bvid=BV17kXjBVEtv 已成功抓取全部所需数据。
[2026-04-10 14:49:48] [SUCCESS] bvid=BV17kXjBVEtx 已成功抓取全部所需数据。
[2026-04-10 14:50:01] [SUCCESS] bvid=BV17kw7zvEmf 已成功抓取全部所需数据。
[2026-04-10 14:50:23] [SUCCESS] bvid=BV17mDKBGELa 已成功抓取全部所需数据。
[2026-04-10 14:50:29] [SUCCESS] bvid=BV17mDKBGEkd 已成功抓取全部所需数据。
[2026-04-10 14:50:36] [SUCCESS] bvid=BV17mDLBPEP3 已成功抓取全部所需数据。
[2026-04-10 14:50:46] [SUCCESS] bvid=BV17nDWB9EB9 已成功抓取全部所需数据。
[2026-04-10 14:50:56] [SUCCESS] bvid=BV17nDWB9EUr 已成功抓取全部所需数据。
[2026-04-10 14:51:02] [SUCCESS] bvid=BV17nDvBWEzw 已成功抓取全部所需数据。
[2026-04-10 14:51:09] [SUCCESS] bvid=BV17nXLBzEnR 已成功抓取全部所需数据。
[2026-04-10 14:51:14] [SUCCESS] bvid=BV17nXiBFEGK 已成功抓取全部所需数据。
[2026-04-10 14:51:14] [INFO] 当前 batch_crawl 已完成，所有视频均已成功抓取。
[2026-04-10 14:51:14] 子任务结束时间：2026-04-10T14:51:14.035989
[TIMESTAMP][END] 2026-04-10T14:51:14
