[TIMESTAMP][BEGIN] 2026-04-17T01:13:23.812955
Bilibili Video Data Crawler Batch Crawl Summary
session_dir: outputs\video_data\manual_crawls\manual_crawl_media_mode_A_20260417_011323
session_started_at: 2026-04-17T01:13:23.812955
session_completed_at: 2026-04-17T04:06:21.859837
original_csv_name: batch_input_1.csv
task_mode: media_only
original_bvid_count: 100
part_count: 10
interruption_count: 0
completed_all: True

part_1:
  started_at: 2026-04-17T01:13:23.812955
  finished_at: 2026-04-17T01:26:21.223179
  source_csv_name: batch_input_1.csv
  task_mode: media_only
  input_bvid_count: 100
  processed_count: 100
  success_count: 63
  failed_count: 37
  remaining_count: 37
  consecutive_failure_limit: 10
  stopped_due_to_consecutive_failures: False
  stop_reason: 当前子任务已结束，但仍有未成功抓取的视频，已导出 remaining CSV 供继续执行。
  log_file: logs/batch_crawl_part_1_20260417_012621.log
  remaining_file: remaining_bvids_part_1.csv

part_2:
  started_at: 2026-04-17T01:26:21.996742
  finished_at: 2026-04-17T01:39:10.731403
  source_csv_name: batch_input_2.csv
  task_mode: media_only
  input_bvid_count: 100
  processed_count: 100
  success_count: 72
  failed_count: 28
  remaining_count: 28
  consecutive_failure_limit: 10
  stopped_due_to_consecutive_failures: False
  stop_reason: 当前子任务已结束，但仍有未成功抓取的视频，已导出 remaining CSV 供继续执行。
  log_file: logs/batch_crawl_part_2_20260417_013910.log
  remaining_file: remaining_bvids_part_2.csv

part_3:
  started_at: 2026-04-17T01:39:10.935522
  finished_at: 2026-04-17T01:53:05.459972
  source_csv_name: batch_input_3.csv
  task_mode: media_only
  input_bvid_count: 100
  processed_count: 100
  success_count: 65
  failed_count: 35
  remaining_count: 35
  consecutive_failure_limit: 10
  stopped_due_to_consecutive_failures: False
  stop_reason: 当前子任务已结束，但仍有未成功抓取的视频，已导出 remaining CSV 供继续执行。
  log_file: logs/batch_crawl_part_3_20260417_015305.log
  remaining_file: remaining_bvids_part_3.csv

part_4:
  started_at: 2026-04-17T01:53:05.643832
  finished_at: 2026-04-17T02:16:39.458713
  source_csv_name: batch_input_4.csv
  task_mode: media_only
  input_bvid_count: 100
  processed_count: 100
  success_count: 60
  failed_count: 40
  remaining_count: 40
  consecutive_failure_limit: 10
  stopped_due_to_consecutive_failures: False
  stop_reason: 当前子任务已结束，但仍有未成功抓取的视频，已导出 remaining CSV 供继续执行。
  log_file: logs/batch_crawl_part_4_20260417_021639.log
  remaining_file: remaining_bvids_part_4.csv

part_5:
  started_at: 2026-04-17T02:16:39.633798
  finished_at: 2026-04-17T02:44:05.120275
  source_csv_name: batch_input_5.csv
  task_mode: media_only
  input_bvid_count: 100
  processed_count: 100
  success_count: 62
  failed_count: 38
  remaining_count: 38
  consecutive_failure_limit: 10
  stopped_due_to_consecutive_failures: False
  stop_reason: 当前子任务已结束，但仍有未成功抓取的视频，已导出 remaining CSV 供继续执行。
  log_file: logs/batch_crawl_part_5_20260417_024405.log
  remaining_file: remaining_bvids_part_5.csv

part_6:
  started_at: 2026-04-17T02:44:05.689250
  finished_at: 2026-04-17T03:11:11.078394
  source_csv_name: batch_input_6.csv
  task_mode: media_only
  input_bvid_count: 100
  processed_count: 100
  success_count: 77
  failed_count: 23
  remaining_count: 23
  consecutive_failure_limit: 10
  stopped_due_to_consecutive_failures: False
  stop_reason: 当前子任务已结束，但仍有未成功抓取的视频，已导出 remaining CSV 供继续执行。
  log_file: logs/batch_crawl_part_6_20260417_031111.log
  remaining_file: remaining_bvids_part_6.csv

part_7:
  started_at: 2026-04-17T03:11:11.607912
  finished_at: 2026-04-17T03:24:53.516576
  source_csv_name: batch_input_7.csv
  task_mode: media_only
  input_bvid_count: 100
  processed_count: 100
  success_count: 99
  failed_count: 1
  remaining_count: 1
  consecutive_failure_limit: 10
  stopped_due_to_consecutive_failures: False
  stop_reason: 当前子任务已结束，但仍有未成功抓取的视频，已导出 remaining CSV 供继续执行。
  log_file: logs/batch_crawl_part_7_20260417_032453.log
  remaining_file: remaining_bvids_part_7.csv

part_8:
  started_at: 2026-04-17T03:24:53.686441
  finished_at: 2026-04-17T03:39:30.301602
  source_csv_name: batch_input_8.csv
  task_mode: media_only
  input_bvid_count: 100
  processed_count: 100
  success_count: 96
  failed_count: 4
  remaining_count: 4
  consecutive_failure_limit: 10
  stopped_due_to_consecutive_failures: False
  stop_reason: 当前子任务已结束，但仍有未成功抓取的视频，已导出 remaining CSV 供继续执行。
  log_file: logs/batch_crawl_part_8_20260417_033930.log
  remaining_file: remaining_bvids_part_8.csv

part_9:
  started_at: 2026-04-17T03:39:30.476365
  finished_at: 2026-04-17T03:51:38.160726
  source_csv_name: batch_input_9.csv
  task_mode: media_only
  input_bvid_count: 100
  processed_count: 100
  success_count: 97
  failed_count: 3
  remaining_count: 3
  consecutive_failure_limit: 10
  stopped_due_to_consecutive_failures: False
  stop_reason: 当前子任务已结束，但仍有未成功抓取的视频，已导出 remaining CSV 供继续执行。
  log_file: logs/batch_crawl_part_9_20260417_035138.log
  remaining_file: remaining_bvids_part_9.csv

part_10:
  started_at: 2026-04-17T03:51:38.334290
  finished_at: 2026-04-17T04:06:21.859837
  source_csv_name: batch_input_10.csv
  task_mode: media_only
  input_bvid_count: 100
  processed_count: 100
  success_count: 100
  failed_count: 0
  remaining_count: 0
  consecutive_failure_limit: 10
  stopped_due_to_consecutive_failures: False
  stop_reason: 当前 batch_crawl 已完成，所有视频均已成功抓取。
  log_file: logs/batch_crawl_part_10_20260417_040621.log
  remaining_file:
[TIMESTAMP][END] 2026-04-17T04:06:21
