[TIMESTAMP][BEGIN] 2026-04-14T21:42:29.600959
Bilibili Video Data Crawler Batch Crawl Summary
session_dir: D:\Schoolworks\Thesis\Bilibili-Datahub\outputs\video_data\manual_crawls\manual_crawl_stat_comment_20260414_214213
session_started_at: 2026-04-14T21:42:29.600959
session_completed_at: 2026-04-15T09:26:09.620630
original_csv_name: batch_input_1.csv
task_mode: realtime_only
original_bvid_count: 100
part_count: 54
interruption_count: 0
completed_all: True

part_1:
  started_at: 2026-04-14T21:42:29.600959
  finished_at: 2026-04-14T21:53:48.813881
  source_csv_name: batch_input_1.csv
  task_mode: realtime_only
  input_bvid_count: 100
  processed_count: 100
  success_count: 98
  failed_count: 2
  remaining_count: 2
  consecutive_failure_limit: 10
  stopped_due_to_consecutive_failures: False
  stop_reason: 当前子任务已结束，但仍有未成功抓取的视频，已导出 remaining CSV 供继续执行。
  log_file: logs/batch_crawl_part_1_20260414_215348.log
  remaining_file: remaining_bvids_part_1.csv

part_2:
  started_at: 2026-04-14T21:53:49.126220
  finished_at: 2026-04-14T22:07:22.847640
  source_csv_name: batch_input_2.csv
  task_mode: realtime_only
  input_bvid_count: 100
  processed_count: 100
  success_count: 100
  failed_count: 0
  remaining_count: 0
  consecutive_failure_limit: 10
  stopped_due_to_consecutive_failures: False
  stop_reason: 当前 batch_crawl 已完成，所有视频均已成功抓取。
  log_file: logs/batch_crawl_part_2_20260414_220722.log
  remaining_file: 

part_3:
  started_at: 2026-04-14T22:07:23.038681
  finished_at: 2026-04-14T22:19:43.255457
  source_csv_name: batch_input_3.csv
  task_mode: realtime_only
  input_bvid_count: 100
  processed_count: 100
  success_count: 100
  failed_count: 0
  remaining_count: 0
  consecutive_failure_limit: 10
  stopped_due_to_consecutive_failures: False
  stop_reason: 当前 batch_crawl 已完成，所有视频均已成功抓取。
  log_file: logs/batch_crawl_part_3_20260414_221943.log
  remaining_file: 

part_4:
  started_at: 2026-04-14T22:19:43.441679
  finished_at: 2026-04-14T22:34:08.812837
  source_csv_name: batch_input_4.csv
  task_mode: realtime_only
  input_bvid_count: 100
  processed_count: 100
  success_count: 99
  failed_count: 1
  remaining_count: 1
  consecutive_failure_limit: 10
  stopped_due_to_consecutive_failures: False
  stop_reason: 当前子任务已结束，但仍有未成功抓取的视频，已导出 remaining CSV 供继续执行。
  log_file: logs/batch_crawl_part_4_20260414_223408.log
  remaining_file: remaining_bvids_part_4.csv

part_5:
  started_at: 2026-04-14T22:34:09.385895
  finished_at: 2026-04-14T22:46:42.329417
  source_csv_name: batch_input_5.csv
  task_mode: realtime_only
  input_bvid_count: 100
  processed_count: 100
  success_count: 100
  failed_count: 0
  remaining_count: 0
  consecutive_failure_limit: 10
  stopped_due_to_consecutive_failures: False
  stop_reason: 当前 batch_crawl 已完成，所有视频均已成功抓取。
  log_file: logs/batch_crawl_part_5_20260414_224642.log
  remaining_file: 

part_6:
  started_at: 2026-04-14T22:46:42.515100
  finished_at: 2026-04-14T23:00:12.512685
  source_csv_name: batch_input_6.csv
  task_mode: realtime_only
  input_bvid_count: 100
  processed_count: 100
  success_count: 99
  failed_count: 1
  remaining_count: 1
  consecutive_failure_limit: 10
  stopped_due_to_consecutive_failures: False
  stop_reason: 当前子任务已结束，但仍有未成功抓取的视频，已导出 remaining CSV 供继续执行。
  log_file: logs/batch_crawl_part_6_20260414_230012.log
  remaining_file: remaining_bvids_part_6.csv

part_7:
  started_at: 2026-04-14T23:00:13.096234
  finished_at: 2026-04-14T23:13:52.821698
  source_csv_name: batch_input_7.csv
  task_mode: realtime_only
  input_bvid_count: 100
  processed_count: 100
  success_count: 100
  failed_count: 0
  remaining_count: 0
  consecutive_failure_limit: 10
  stopped_due_to_consecutive_failures: False
  stop_reason: 当前 batch_crawl 已完成，所有视频均已成功抓取。
  log_file: logs/batch_crawl_part_7_20260414_231352.log
  remaining_file: 

part_8:
  started_at: 2026-04-14T23:13:53.429312
  finished_at: 2026-04-14T23:26:02.094202
  source_csv_name: batch_input_8.csv
  task_mode: realtime_only
  input_bvid_count: 100
  processed_count: 100
  success_count: 98
  failed_count: 2
  remaining_count: 2
  consecutive_failure_limit: 10
  stopped_due_to_consecutive_failures: False
  stop_reason: 当前子任务已结束，但仍有未成功抓取的视频，已导出 remaining CSV 供继续执行。
  log_file: logs/batch_crawl_part_8_20260414_232602.log
  remaining_file: remaining_bvids_part_8.csv

part_9:
  started_at: 2026-04-14T23:26:02.319326
  finished_at: 2026-04-14T23:38:26.321899
  source_csv_name: batch_input_9.csv
  task_mode: realtime_only
  input_bvid_count: 100
  processed_count: 100
  success_count: 100
  failed_count: 0
  remaining_count: 0
  consecutive_failure_limit: 10
  stopped_due_to_consecutive_failures: False
  stop_reason: 当前 batch_crawl 已完成，所有视频均已成功抓取。
  log_file: logs/batch_crawl_part_9_20260414_233826.log
  remaining_file: 

part_10:
  started_at: 2026-04-14T23:38:26.504852
  finished_at: 2026-04-14T23:51:11.264223
  source_csv_name: batch_input_10.csv
  task_mode: realtime_only
  input_bvid_count: 100
  processed_count: 100
  success_count: 100
  failed_count: 0
  remaining_count: 0
  consecutive_failure_limit: 10
  stopped_due_to_consecutive_failures: False
  stop_reason: 当前 batch_crawl 已完成，所有视频均已成功抓取。
  log_file: logs/batch_crawl_part_10_20260414_235111.log
  remaining_file: 

part_11:
  started_at: 2026-04-14T23:51:11.445776
  finished_at: 2026-04-15T00:03:55.716907
  source_csv_name: batch_input_11.csv
  task_mode: realtime_only
  input_bvid_count: 100
  processed_count: 100
  success_count: 99
  failed_count: 1
  remaining_count: 1
  consecutive_failure_limit: 10
  stopped_due_to_consecutive_failures: False
  stop_reason: 当前子任务已结束，但仍有未成功抓取的视频，已导出 remaining CSV 供继续执行。
  log_file: logs/batch_crawl_part_11_20260415_000355.log
  remaining_file: remaining_bvids_part_11.csv

part_12:
  started_at: 2026-04-15T00:03:55.889492
  finished_at: 2026-04-15T00:14:59.406117
  source_csv_name: batch_input_12.csv
  task_mode: realtime_only
  input_bvid_count: 100
  processed_count: 100
  success_count: 98
  failed_count: 2
  remaining_count: 2
  consecutive_failure_limit: 10
  stopped_due_to_consecutive_failures: False
  stop_reason: 当前子任务已结束，但仍有未成功抓取的视频，已导出 remaining CSV 供继续执行。
  log_file: logs/batch_crawl_part_12_20260415_001459.log
  remaining_file: remaining_bvids_part_12.csv

part_13:
  started_at: 2026-04-15T00:14:59.576921
  finished_at: 2026-04-15T00:27:03.419356
  source_csv_name: batch_input_13.csv
  task_mode: realtime_only
  input_bvid_count: 100
  processed_count: 100
  success_count: 100
  failed_count: 0
  remaining_count: 0
  consecutive_failure_limit: 10
  stopped_due_to_consecutive_failures: False
  stop_reason: 当前 batch_crawl 已完成，所有视频均已成功抓取。
  log_file: logs/batch_crawl_part_13_20260415_002703.log
  remaining_file: 

part_14:
  started_at: 2026-04-15T00:27:03.605251
  finished_at: 2026-04-15T00:48:38.779531
  source_csv_name: batch_input_14.csv
  task_mode: realtime_only
  input_bvid_count: 100
  processed_count: 100
  success_count: 98
  failed_count: 2
  remaining_count: 2
  consecutive_failure_limit: 10
  stopped_due_to_consecutive_failures: False
  stop_reason: 当前子任务已结束，但仍有未成功抓取的视频，已导出 remaining CSV 供继续执行。
  log_file: logs/batch_crawl_part_14_20260415_004838.log
  remaining_file: remaining_bvids_part_14.csv

part_15:
  started_at: 2026-04-15T00:48:38.952810
  finished_at: 2026-04-15T00:59:23.602696
  source_csv_name: batch_input_15.csv
  task_mode: realtime_only
  input_bvid_count: 100
  processed_count: 100
  success_count: 99
  failed_count: 1
  remaining_count: 1
  consecutive_failure_limit: 10
  stopped_due_to_consecutive_failures: False
  stop_reason: 当前子任务已结束，但仍有未成功抓取的视频，已导出 remaining CSV 供继续执行。
  log_file: logs/batch_crawl_part_15_20260415_005923.log
  remaining_file: remaining_bvids_part_15.csv

part_16:
  started_at: 2026-04-15T00:59:23.775016
  finished_at: 2026-04-15T01:12:13.724920
  source_csv_name: batch_input_16.csv
  task_mode: realtime_only
  input_bvid_count: 100
  processed_count: 100
  success_count: 100
  failed_count: 0
  remaining_count: 0
  consecutive_failure_limit: 10
  stopped_due_to_consecutive_failures: False
  stop_reason: 当前 batch_crawl 已完成，所有视频均已成功抓取。
  log_file: logs/batch_crawl_part_16_20260415_011213.log
  remaining_file: 

part_17:
  started_at: 2026-04-15T01:12:13.918163
  finished_at: 2026-04-15T01:28:40.932299
  source_csv_name: batch_input_17.csv
  task_mode: realtime_only
  input_bvid_count: 100
  processed_count: 100
  success_count: 100
  failed_count: 0
  remaining_count: 0
  consecutive_failure_limit: 10
  stopped_due_to_consecutive_failures: False
  stop_reason: 当前 batch_crawl 已完成，所有视频均已成功抓取。
  log_file: logs/batch_crawl_part_17_20260415_012840.log
  remaining_file: 

part_18:
  started_at: 2026-04-15T01:28:41.119613
  finished_at: 2026-04-15T01:39:39.396856
  source_csv_name: batch_input_18.csv
  task_mode: realtime_only
  input_bvid_count: 100
  processed_count: 100
  success_count: 100
  failed_count: 0
  remaining_count: 0
  consecutive_failure_limit: 10
  stopped_due_to_consecutive_failures: False
  stop_reason: 当前 batch_crawl 已完成，所有视频均已成功抓取。
  log_file: logs/batch_crawl_part_18_20260415_013939.log
  remaining_file: 

part_19:
  started_at: 2026-04-15T01:39:39.594134
  finished_at: 2026-04-15T01:52:13.656141
  source_csv_name: batch_input_19.csv
  task_mode: realtime_only
  input_bvid_count: 100
  processed_count: 100
  success_count: 100
  failed_count: 0
  remaining_count: 0
  consecutive_failure_limit: 10
  stopped_due_to_consecutive_failures: False
  stop_reason: 当前 batch_crawl 已完成，所有视频均已成功抓取。
  log_file: logs/batch_crawl_part_19_20260415_015213.log
  remaining_file: 

part_20:
  started_at: 2026-04-15T01:52:13.808764
  finished_at: 2026-04-15T02:04:47.510953
  source_csv_name: batch_input_20.csv
  task_mode: realtime_only
  input_bvid_count: 100
  processed_count: 100
  success_count: 99
  failed_count: 1
  remaining_count: 1
  consecutive_failure_limit: 10
  stopped_due_to_consecutive_failures: False
  stop_reason: 当前子任务已结束，但仍有未成功抓取的视频，已导出 remaining CSV 供继续执行。
  log_file: logs/batch_crawl_part_20_20260415_020447.log
  remaining_file: remaining_bvids_part_20.csv

part_21:
  started_at: 2026-04-15T02:04:47.690900
  finished_at: 2026-04-15T02:18:09.288056
  source_csv_name: batch_input_21.csv
  task_mode: realtime_only
  input_bvid_count: 100
  processed_count: 100
  success_count: 100
  failed_count: 0
  remaining_count: 0
  consecutive_failure_limit: 10
  stopped_due_to_consecutive_failures: False
  stop_reason: 当前 batch_crawl 已完成，所有视频均已成功抓取。
  log_file: logs/batch_crawl_part_21_20260415_021809.log
  remaining_file: 

part_22:
  started_at: 2026-04-15T02:18:09.846265
  finished_at: 2026-04-15T02:29:35.707810
  source_csv_name: batch_input_22.csv
  task_mode: realtime_only
  input_bvid_count: 100
  processed_count: 100
  success_count: 100
  failed_count: 0
  remaining_count: 0
  consecutive_failure_limit: 10
  stopped_due_to_consecutive_failures: False
  stop_reason: 当前 batch_crawl 已完成，所有视频均已成功抓取。
  log_file: logs/batch_crawl_part_22_20260415_022935.log
  remaining_file: 

part_23:
  started_at: 2026-04-15T02:29:35.891218
  finished_at: 2026-04-15T02:39:25.253341
  source_csv_name: batch_input_23.csv
  task_mode: realtime_only
  input_bvid_count: 100
  processed_count: 100
  success_count: 99
  failed_count: 1
  remaining_count: 1
  consecutive_failure_limit: 10
  stopped_due_to_consecutive_failures: False
  stop_reason: 当前子任务已结束，但仍有未成功抓取的视频，已导出 remaining CSV 供继续执行。
  log_file: logs/batch_crawl_part_23_20260415_023925.log
  remaining_file: remaining_bvids_part_23.csv

part_24:
  started_at: 2026-04-15T02:39:25.402190
  finished_at: 2026-04-15T02:50:21.732768
  source_csv_name: batch_input_24.csv
  task_mode: realtime_only
  input_bvid_count: 100
  processed_count: 100
  success_count: 96
  failed_count: 4
  remaining_count: 4
  consecutive_failure_limit: 10
  stopped_due_to_consecutive_failures: False
  stop_reason: 当前子任务已结束，但仍有未成功抓取的视频，已导出 remaining CSV 供继续执行。
  log_file: logs/batch_crawl_part_24_20260415_025021.log
  remaining_file: remaining_bvids_part_24.csv

part_25:
  started_at: 2026-04-15T02:50:21.879649
  finished_at: 2026-04-15T03:02:18.886090
  source_csv_name: batch_input_25.csv
  task_mode: realtime_only
  input_bvid_count: 100
  processed_count: 100
  success_count: 99
  failed_count: 1
  remaining_count: 1
  consecutive_failure_limit: 10
  stopped_due_to_consecutive_failures: False
  stop_reason: 当前子任务已结束，但仍有未成功抓取的视频，已导出 remaining CSV 供继续执行。
  log_file: logs/batch_crawl_part_25_20260415_030218.log
  remaining_file: remaining_bvids_part_25.csv

part_26:
  started_at: 2026-04-15T03:02:19.079291
  finished_at: 2026-04-15T03:14:31.731791
  source_csv_name: batch_input_26.csv
  task_mode: realtime_only
  input_bvid_count: 100
  processed_count: 100
  success_count: 99
  failed_count: 1
  remaining_count: 1
  consecutive_failure_limit: 10
  stopped_due_to_consecutive_failures: False
  stop_reason: 当前子任务已结束，但仍有未成功抓取的视频，已导出 remaining CSV 供继续执行。
  log_file: logs/batch_crawl_part_26_20260415_031431.log
  remaining_file: remaining_bvids_part_26.csv

part_27:
  started_at: 2026-04-15T03:14:31.905042
  finished_at: 2026-04-15T03:27:34.954860
  source_csv_name: batch_input_27.csv
  task_mode: realtime_only
  input_bvid_count: 100
  processed_count: 100
  success_count: 97
  failed_count: 3
  remaining_count: 3
  consecutive_failure_limit: 10
  stopped_due_to_consecutive_failures: False
  stop_reason: 当前子任务已结束，但仍有未成功抓取的视频，已导出 remaining CSV 供继续执行。
  log_file: logs/batch_crawl_part_27_20260415_032734.log
  remaining_file: remaining_bvids_part_27.csv

part_28:
  started_at: 2026-04-15T03:27:35.125540
  finished_at: 2026-04-15T03:47:53.709734
  source_csv_name: batch_input_28.csv
  task_mode: realtime_only
  input_bvid_count: 100
  processed_count: 100
  success_count: 98
  failed_count: 2
  remaining_count: 2
  consecutive_failure_limit: 10
  stopped_due_to_consecutive_failures: False
  stop_reason: 当前子任务已结束，但仍有未成功抓取的视频，已导出 remaining CSV 供继续执行。
  log_file: logs/batch_crawl_part_28_20260415_034753.log
  remaining_file: remaining_bvids_part_28.csv

part_29:
  started_at: 2026-04-15T03:47:53.893676
  finished_at: 2026-04-15T04:17:48.728185
  source_csv_name: batch_input_29.csv
  task_mode: realtime_only
  input_bvid_count: 100
  processed_count: 100
  success_count: 98
  failed_count: 2
  remaining_count: 2
  consecutive_failure_limit: 10
  stopped_due_to_consecutive_failures: False
  stop_reason: 当前子任务已结束，但仍有未成功抓取的视频，已导出 remaining CSV 供继续执行。
  log_file: logs/batch_crawl_part_29_20260415_041748.log
  remaining_file: remaining_bvids_part_29.csv

part_30:
  started_at: 2026-04-15T04:17:48.999623
  finished_at: 2026-04-15T04:29:07.058007
  source_csv_name: batch_input_30.csv
  task_mode: realtime_only
  input_bvid_count: 100
  processed_count: 100
  success_count: 99
  failed_count: 1
  remaining_count: 1
  consecutive_failure_limit: 10
  stopped_due_to_consecutive_failures: False
  stop_reason: 当前子任务已结束，但仍有未成功抓取的视频，已导出 remaining CSV 供继续执行。
  log_file: logs/batch_crawl_part_30_20260415_042907.log
  remaining_file: remaining_bvids_part_30.csv

part_31:
  started_at: 2026-04-15T04:29:07.611520
  finished_at: 2026-04-15T04:40:25.296041
  source_csv_name: batch_input_31.csv
  task_mode: realtime_only
  input_bvid_count: 100
  processed_count: 100
  success_count: 99
  failed_count: 1
  remaining_count: 1
  consecutive_failure_limit: 10
  stopped_due_to_consecutive_failures: False
  stop_reason: 当前子任务已结束，但仍有未成功抓取的视频，已导出 remaining CSV 供继续执行。
  log_file: logs/batch_crawl_part_31_20260415_044025.log
  remaining_file: remaining_bvids_part_31.csv

part_32:
  started_at: 2026-04-15T04:40:25.476267
  finished_at: 2026-04-15T04:50:29.012204
  source_csv_name: batch_input_32.csv
  task_mode: realtime_only
  input_bvid_count: 100
  processed_count: 100
  success_count: 100
  failed_count: 0
  remaining_count: 0
  consecutive_failure_limit: 10
  stopped_due_to_consecutive_failures: False
  stop_reason: 当前 batch_crawl 已完成，所有视频均已成功抓取。
  log_file: logs/batch_crawl_part_32_20260415_045029.log
  remaining_file: 

part_33:
  started_at: 2026-04-15T04:50:29.168106
  finished_at: 2026-04-15T05:03:23.080817
  source_csv_name: batch_input_33.csv
  task_mode: realtime_only
  input_bvid_count: 100
  processed_count: 100
  success_count: 98
  failed_count: 2
  remaining_count: 2
  consecutive_failure_limit: 10
  stopped_due_to_consecutive_failures: False
  stop_reason: 当前子任务已结束，但仍有未成功抓取的视频，已导出 remaining CSV 供继续执行。
  log_file: logs/batch_crawl_part_33_20260415_050323.log
  remaining_file: remaining_bvids_part_33.csv

part_34:
  started_at: 2026-04-15T05:03:23.263450
  finished_at: 2026-04-15T05:16:26.908715
  source_csv_name: batch_input_34.csv
  task_mode: realtime_only
  input_bvid_count: 100
  processed_count: 100
  success_count: 100
  failed_count: 0
  remaining_count: 0
  consecutive_failure_limit: 10
  stopped_due_to_consecutive_failures: False
  stop_reason: 当前 batch_crawl 已完成，所有视频均已成功抓取。
  log_file: logs/batch_crawl_part_34_20260415_051626.log
  remaining_file: 

part_35:
  started_at: 2026-04-15T05:16:27.091829
  finished_at: 2026-04-15T05:28:12.836878
  source_csv_name: batch_input_35.csv
  task_mode: realtime_only
  input_bvid_count: 100
  processed_count: 100
  success_count: 99
  failed_count: 1
  remaining_count: 1
  consecutive_failure_limit: 10
  stopped_due_to_consecutive_failures: False
  stop_reason: 当前子任务已结束，但仍有未成功抓取的视频，已导出 remaining CSV 供继续执行。
  log_file: logs/batch_crawl_part_35_20260415_052812.log
  remaining_file: remaining_bvids_part_35.csv

part_36:
  started_at: 2026-04-15T05:28:13.016645
  finished_at: 2026-04-15T05:39:42.203247
  source_csv_name: batch_input_36.csv
  task_mode: realtime_only
  input_bvid_count: 100
  processed_count: 100
  success_count: 99
  failed_count: 1
  remaining_count: 1
  consecutive_failure_limit: 10
  stopped_due_to_consecutive_failures: False
  stop_reason: 当前子任务已结束，但仍有未成功抓取的视频，已导出 remaining CSV 供继续执行。
  log_file: logs/batch_crawl_part_36_20260415_053942.log
  remaining_file: remaining_bvids_part_36.csv

part_37:
  started_at: 2026-04-15T05:39:42.380453
  finished_at: 2026-04-15T05:49:44.513537
  source_csv_name: batch_input_37.csv
  task_mode: realtime_only
  input_bvid_count: 100
  processed_count: 100
  success_count: 98
  failed_count: 2
  remaining_count: 2
  consecutive_failure_limit: 10
  stopped_due_to_consecutive_failures: False
  stop_reason: 当前子任务已结束，但仍有未成功抓取的视频，已导出 remaining CSV 供继续执行。
  log_file: logs/batch_crawl_part_37_20260415_054944.log
  remaining_file: remaining_bvids_part_37.csv

part_38:
  started_at: 2026-04-15T05:49:44.673352
  finished_at: 2026-04-15T06:00:45.397514
  source_csv_name: batch_input_38.csv
  task_mode: realtime_only
  input_bvid_count: 100
  processed_count: 100
  success_count: 99
  failed_count: 1
  remaining_count: 1
  consecutive_failure_limit: 10
  stopped_due_to_consecutive_failures: False
  stop_reason: 当前子任务已结束，但仍有未成功抓取的视频，已导出 remaining CSV 供继续执行。
  log_file: logs/batch_crawl_part_38_20260415_060045.log
  remaining_file: remaining_bvids_part_38.csv

part_39:
  started_at: 2026-04-15T06:00:45.574270
  finished_at: 2026-04-15T06:11:53.641785
  source_csv_name: batch_input_39.csv
  task_mode: realtime_only
  input_bvid_count: 100
  processed_count: 100
  success_count: 99
  failed_count: 1
  remaining_count: 1
  consecutive_failure_limit: 10
  stopped_due_to_consecutive_failures: False
  stop_reason: 当前子任务已结束，但仍有未成功抓取的视频，已导出 remaining CSV 供继续执行。
  log_file: logs/batch_crawl_part_39_20260415_061153.log
  remaining_file: remaining_bvids_part_39.csv

part_40:
  started_at: 2026-04-15T06:11:53.832656
  finished_at: 2026-04-15T06:23:49.504890
  source_csv_name: batch_input_40.csv
  task_mode: realtime_only
  input_bvid_count: 100
  processed_count: 100
  success_count: 99
  failed_count: 1
  remaining_count: 1
  consecutive_failure_limit: 10
  stopped_due_to_consecutive_failures: False
  stop_reason: 当前子任务已结束，但仍有未成功抓取的视频，已导出 remaining CSV 供继续执行。
  log_file: logs/batch_crawl_part_40_20260415_062349.log
  remaining_file: remaining_bvids_part_40.csv

part_41:
  started_at: 2026-04-15T06:23:49.664778
  finished_at: 2026-04-15T06:34:12.267335
  source_csv_name: batch_input_41.csv
  task_mode: realtime_only
  input_bvid_count: 100
  processed_count: 100
  success_count: 97
  failed_count: 3
  remaining_count: 3
  consecutive_failure_limit: 10
  stopped_due_to_consecutive_failures: False
  stop_reason: 当前子任务已结束，但仍有未成功抓取的视频，已导出 remaining CSV 供继续执行。
  log_file: logs/batch_crawl_part_41_20260415_063412.log
  remaining_file: remaining_bvids_part_41.csv

part_42:
  started_at: 2026-04-15T06:34:12.417036
  finished_at: 2026-04-15T06:46:46.562704
  source_csv_name: batch_input_42.csv
  task_mode: realtime_only
  input_bvid_count: 100
  processed_count: 100
  success_count: 99
  failed_count: 1
  remaining_count: 1
  consecutive_failure_limit: 10
  stopped_due_to_consecutive_failures: False
  stop_reason: 当前子任务已结束，但仍有未成功抓取的视频，已导出 remaining CSV 供继续执行。
  log_file: logs/batch_crawl_part_42_20260415_064646.log
  remaining_file: remaining_bvids_part_42.csv

part_43:
  started_at: 2026-04-15T06:46:46.713604
  finished_at: 2026-04-15T06:59:43.010362
  source_csv_name: batch_input_43.csv
  task_mode: realtime_only
  input_bvid_count: 100
  processed_count: 100
  success_count: 98
  failed_count: 2
  remaining_count: 2
  consecutive_failure_limit: 10
  stopped_due_to_consecutive_failures: False
  stop_reason: 当前子任务已结束，但仍有未成功抓取的视频，已导出 remaining CSV 供继续执行。
  log_file: logs/batch_crawl_part_43_20260415_065943.log
  remaining_file: remaining_bvids_part_43.csv

part_44:
  started_at: 2026-04-15T06:59:43.517102
  finished_at: 2026-04-15T07:10:40.923101
  source_csv_name: batch_input_44.csv
  task_mode: realtime_only
  input_bvid_count: 100
  processed_count: 100
  success_count: 97
  failed_count: 3
  remaining_count: 3
  consecutive_failure_limit: 10
  stopped_due_to_consecutive_failures: False
  stop_reason: 当前子任务已结束，但仍有未成功抓取的视频，已导出 remaining CSV 供继续执行。
  log_file: logs/batch_crawl_part_44_20260415_071040.log
  remaining_file: remaining_bvids_part_44.csv

part_45:
  started_at: 2026-04-15T07:10:41.088123
  finished_at: 2026-04-15T07:22:13.936423
  source_csv_name: batch_input_45.csv
  task_mode: realtime_only
  input_bvid_count: 100
  processed_count: 100
  success_count: 100
  failed_count: 0
  remaining_count: 0
  consecutive_failure_limit: 10
  stopped_due_to_consecutive_failures: False
  stop_reason: 当前 batch_crawl 已完成，所有视频均已成功抓取。
  log_file: logs/batch_crawl_part_45_20260415_072213.log
  remaining_file: 

part_46:
  started_at: 2026-04-15T07:22:14.103526
  finished_at: 2026-04-15T07:33:10.303211
  source_csv_name: batch_input_46.csv
  task_mode: realtime_only
  input_bvid_count: 100
  processed_count: 100
  success_count: 100
  failed_count: 0
  remaining_count: 0
  consecutive_failure_limit: 10
  stopped_due_to_consecutive_failures: False
  stop_reason: 当前 batch_crawl 已完成，所有视频均已成功抓取。
  log_file: logs/batch_crawl_part_46_20260415_073310.log
  remaining_file: 

part_47:
  started_at: 2026-04-15T07:33:10.475221
  finished_at: 2026-04-15T07:45:32.681320
  source_csv_name: batch_input_47.csv
  task_mode: realtime_only
  input_bvid_count: 100
  processed_count: 100
  success_count: 96
  failed_count: 4
  remaining_count: 4
  consecutive_failure_limit: 10
  stopped_due_to_consecutive_failures: False
  stop_reason: 当前子任务已结束，但仍有未成功抓取的视频，已导出 remaining CSV 供继续执行。
  log_file: logs/batch_crawl_part_47_20260415_074532.log
  remaining_file: remaining_bvids_part_47.csv

part_48:
  started_at: 2026-04-15T07:45:32.855089
  finished_at: 2026-04-15T07:56:09.253766
  source_csv_name: batch_input_48.csv
  task_mode: realtime_only
  input_bvid_count: 100
  processed_count: 100
  success_count: 97
  failed_count: 3
  remaining_count: 3
  consecutive_failure_limit: 10
  stopped_due_to_consecutive_failures: False
  stop_reason: 当前子任务已结束，但仍有未成功抓取的视频，已导出 remaining CSV 供继续执行。
  log_file: logs/batch_crawl_part_48_20260415_075609.log
  remaining_file: remaining_bvids_part_48.csv

part_49:
  started_at: 2026-04-15T07:56:09.452440
  finished_at: 2026-04-15T08:09:10.483221
  source_csv_name: batch_input_49.csv
  task_mode: realtime_only
  input_bvid_count: 100
  processed_count: 100
  success_count: 98
  failed_count: 2
  remaining_count: 2
  consecutive_failure_limit: 10
  stopped_due_to_consecutive_failures: False
  stop_reason: 当前子任务已结束，但仍有未成功抓取的视频，已导出 remaining CSV 供继续执行。
  log_file: logs/batch_crawl_part_49_20260415_080910.log
  remaining_file: remaining_bvids_part_49.csv

part_50:
  started_at: 2026-04-15T08:09:10.666777
  finished_at: 2026-04-15T08:19:05.135917
  source_csv_name: batch_input_50.csv
  task_mode: realtime_only
  input_bvid_count: 100
  processed_count: 100
  success_count: 100
  failed_count: 0
  remaining_count: 0
  consecutive_failure_limit: 10
  stopped_due_to_consecutive_failures: False
  stop_reason: 当前 batch_crawl 已完成，所有视频均已成功抓取。
  log_file: logs/batch_crawl_part_50_20260415_081905.log
  remaining_file: 

part_51:
  started_at: 2026-04-15T08:19:05.316277
  finished_at: 2026-04-15T08:40:14.660737
  source_csv_name: batch_input_51.csv
  task_mode: realtime_only
  input_bvid_count: 100
  processed_count: 100
  success_count: 99
  failed_count: 1
  remaining_count: 1
  consecutive_failure_limit: 10
  stopped_due_to_consecutive_failures: False
  stop_reason: 当前子任务已结束，但仍有未成功抓取的视频，已导出 remaining CSV 供继续执行。
  log_file: logs/batch_crawl_part_51_20260415_084014.log
  remaining_file: remaining_bvids_part_51.csv

part_52:
  started_at: 2026-04-15T08:40:14.850390
  finished_at: 2026-04-15T09:01:36.351742
  source_csv_name: batch_input_52.csv
  task_mode: realtime_only
  input_bvid_count: 100
  processed_count: 100
  success_count: 98
  failed_count: 2
  remaining_count: 2
  consecutive_failure_limit: 10
  stopped_due_to_consecutive_failures: False
  stop_reason: 当前子任务已结束，但仍有未成功抓取的视频，已导出 remaining CSV 供继续执行。
  log_file: logs/batch_crawl_part_52_20260415_090136.log
  remaining_file: remaining_bvids_part_52.csv

part_53:
  started_at: 2026-04-15T09:01:36.546855
  finished_at: 2026-04-15T09:14:15.351832
  source_csv_name: batch_input_53.csv
  task_mode: realtime_only
  input_bvid_count: 100
  processed_count: 100
  success_count: 100
  failed_count: 0
  remaining_count: 0
  consecutive_failure_limit: 10
  stopped_due_to_consecutive_failures: False
  stop_reason: 当前 batch_crawl 已完成，所有视频均已成功抓取。
  log_file: logs/batch_crawl_part_53_20260415_091415.log
  remaining_file: 

part_54:
  started_at: 2026-04-15T09:14:15.534263
  finished_at: 2026-04-15T09:26:09.620630
  source_csv_name: batch_input_54.csv
  task_mode: realtime_only
  input_bvid_count: 100
  processed_count: 100
  success_count: 100
  failed_count: 0
  remaining_count: 0
  consecutive_failure_limit: 10
  stopped_due_to_consecutive_failures: False
  stop_reason: 当前 batch_crawl 已完成，所有视频均已成功抓取。
  log_file: logs/batch_crawl_part_54_20260415_092609.log
  remaining_file:
[TIMESTAMP][END] 2026-04-15T09:26:09
