[TIMESTAMP][BEGIN] 2026-04-16T05:01:28
[2026-04-16 05:01:30] 开始执行 CSV 批量抓取子任务 part_36。
[2026-04-16 05:01:30] 子任务开始时间：2026-04-16T05:01:28.118587
[2026-04-16 05:01:30] 输入文件：batch_input_36.csv
[2026-04-16 05:01:30] 输入唯一 bvid 数量：100
[2026-04-16 05:01:30] 为严格按 CSV 顺序判断连续失败阈值，本次任务自动将并发度从 2 调整为 1。
[2026-04-16 05:01:42] [SUCCESS] bvid=BV1i9SoBjE6d 已成功抓取全部所需数据。
[2026-04-16 05:01:47] [SUCCESS] bvid=BV1i9SoBjEff 已成功抓取全部所需数据。
[2026-04-16 05:01:52] [SUCCESS] bvid=BV1pWQKBQEhF 已成功抓取全部所需数据。
[2026-04-16 05:01:57] [SUCCESS] bvid=BV1PTQTBpExZ 已成功抓取全部所需数据。
[2026-04-16 05:02:03] [SUCCESS] bvid=BV1JLQuBREYL 已成功抓取全部所需数据。
[2026-04-16 05:02:08] [SUCCESS] bvid=BV1RSDfBDEMz 已成功抓取全部所需数据。
[2026-04-16 05:02:13] [SUCCESS] bvid=BV14hQcBkEkF 已成功抓取全部所需数据。
[2026-04-16 05:02:19] [SUCCESS] bvid=BV1bKQwBmEGz 已成功抓取全部所需数据。
[2026-04-16 05:02:24] [SUCCESS] bvid=BV1wQDWBYEKW 已成功抓取全部所需数据。
[2026-04-16 05:02:29] [SUCCESS] bvid=BV1aKQPB4Evd 已成功抓取全部所需数据。
[2026-04-16 05:02:34] [SUCCESS] bvid=BV1pyQABrEFC 已成功抓取全部所需数据。
[2026-04-16 05:02:39] [SUCCESS] bvid=BV1fQQNBCEbX 已成功抓取全部所需数据。
[2026-04-16 05:02:44] [SUCCESS] bvid=BV1nqDiBhEzb 已成功抓取全部所需数据。
[2026-04-16 05:02:57] [SUCCESS] bvid=BV1YAQPBtELc 已成功抓取全部所需数据。
[2026-04-16 05:03:02] [SUCCESS] bvid=BV1dLQAB8E8b 已成功抓取全部所需数据。
[2026-04-16 05:03:14] [SUCCESS] bvid=BV1yVQFBNEPn 已成功抓取全部所需数据。
[2026-04-16 05:03:25] [SUCCESS] bvid=BV1MDD8BtEKo 已成功抓取全部所需数据。
[2026-04-16 05:03:36] [SUCCESS] bvid=BV1byQwBQE6E 已成功抓取全部所需数据。
[2026-04-16 05:03:41] [SUCCESS] bvid=BV1ACQABGEGq 已成功抓取全部所需数据。
[2026-04-16 05:03:47] [SUCCESS] bvid=BV1wPSfBbEit 已成功抓取全部所需数据。
[2026-04-16 05:03:52] [SUCCESS] bvid=BV15YQFBHEFS 已成功抓取全部所需数据。
[2026-04-16 05:03:57] [SUCCESS] bvid=BV1zSQABTE6U 已成功抓取全部所需数据。
[2026-04-16 05:04:03] [SUCCESS] bvid=BV1eAQKBKEAP 已成功抓取全部所需数据。
[2026-04-16 05:04:09] [SUCCESS] bvid=BV1AMQTBQEWi 已成功抓取全部所需数据。
[2026-04-16 05:04:14] [SUCCESS] bvid=BV1GbDWBEE91 已成功抓取全部所需数据。
[2026-04-16 05:04:19] [SUCCESS] bvid=BV1eFQPB8Ed5 已成功抓取全部所需数据。
[2026-04-16 05:04:24] [SUCCESS] bvid=BV17NDfBQEL8 已成功抓取全部所需数据。
[2026-04-16 05:04:30] [SUCCESS] bvid=BV113QFBiEMq 已成功抓取全部所需数据。
[2026-04-16 05:04:35] [SUCCESS] bvid=BV1REQABtE7z 已成功抓取全部所需数据。
[2026-04-16 05:04:47] [SUCCESS] bvid=BV18BDZBgEGy 已成功抓取全部所需数据。
[2026-04-16 05:04:52] [SUCCESS] bvid=BV1TcQTB4E78 已成功抓取全部所需数据。
[2026-04-16 05:05:04] [SUCCESS] bvid=BV1JvQKB5E6a 已成功抓取全部所需数据。
[2026-04-16 05:05:09] [SUCCESS] bvid=BV1yuQuBfEuQ 已成功抓取全部所需数据。
[2026-04-16 05:05:14] [SUCCESS] bvid=BV1wuQuBfEox 已成功抓取全部所需数据。
[2026-04-16 05:05:19] [SUCCESS] bvid=BV1xNQuBaEJt 已成功抓取全部所需数据。
[2026-04-16 05:05:25] [SUCCESS] bvid=BV1KNQuBaEqA 已成功抓取全部所需数据。
[2026-04-16 05:05:30] [SUCCESS] bvid=BV1KTQuBcEG7 已成功抓取全部所需数据。
[2026-04-16 05:05:36] [SUCCESS] bvid=BV1NTQuBcEsX 已成功抓取全部所需数据。
[2026-04-16 05:05:41] [SUCCESS] bvid=BV1w5QuBxEaA 已成功抓取全部所需数据。
[2026-04-16 05:05:41] [ERROR] bvid=BV1FLQuBRE19 抓取失败：stat: 接口返回错误代码：62002，信息：稿件不可见。
{'code': 62002, 'message': '稿件不可见', 'ttl': 1} | comment: 接口返回错误代码：62002，信息：稿件不可见。
{'code': 62002, 'message': '稿件不可见', 'ttl': 1}
[2026-04-16 05:05:53] [SUCCESS] bvid=BV1HxQKBnEyK 已成功抓取全部所需数据。
[2026-04-16 05:05:59] [SUCCESS] bvid=BV1soQwBCE6V 已成功抓取全部所需数据。
[2026-04-16 05:06:04] [SUCCESS] bvid=BV1w5QuBxEEB 已成功抓取全部所需数据。
[2026-04-16 05:06:09] [SUCCESS] bvid=BV1FLQuBRE6S 已成功抓取全部所需数据。
[2026-04-16 05:06:27] [SUCCESS] bvid=BV1wGQuBoEjC 已成功抓取全部所需数据。
[2026-04-16 05:06:32] [SUCCESS] bvid=BV1A3QuBtETi 已成功抓取全部所需数据。
[2026-04-16 05:06:38] [SUCCESS] bvid=BV1AGQuBoEhD 已成功抓取全部所需数据。
[2026-04-16 05:06:43] [SUCCESS] bvid=BV1KdQwB5EF5 已成功抓取全部所需数据。
[2026-04-16 05:06:56] [SUCCESS] bvid=BV1pGQuBoEkk 已成功抓取全部所需数据。
[2026-04-16 05:07:01] [SUCCESS] bvid=BV1AGQuBoE5u 已成功抓取全部所需数据。
[2026-04-16 05:07:18] [SUCCESS] bvid=BV1wGQuBoEAc 已成功抓取全部所需数据。
[2026-04-16 05:07:35] [SUCCESS] bvid=BV1HbQKBEEKU 已成功抓取全部所需数据。
[2026-04-16 05:07:52] [SUCCESS] bvid=BV1pbQKBEEHu 已成功抓取全部所需数据。
[2026-04-16 05:08:04] [SUCCESS] bvid=BV1nbQKBEEZm 已成功抓取全部所需数据。
[2026-04-16 05:08:15] [SUCCESS] bvid=BV1kbQKBEE8e 已成功抓取全部所需数据。
[2026-04-16 05:08:20] [SUCCESS] bvid=BV1HbQKBEEM6 已成功抓取全部所需数据。
[2026-04-16 05:08:25] [SUCCESS] bvid=BV1veQwBbEJV 已成功抓取全部所需数据。
[2026-04-16 05:08:31] [SUCCESS] bvid=BV1BRQNBrEcB 已成功抓取全部所需数据。
[2026-04-16 05:08:36] [SUCCESS] bvid=BV14cQTB4E9o 已成功抓取全部所需数据。
[2026-04-16 05:08:41] [SUCCESS] bvid=BV1NeQcB6ECF 已成功抓取全部所需数据。
[2026-04-16 05:08:46] [SUCCESS] bvid=BV1n8QKBmEPQ 已成功抓取全部所需数据。
[2026-04-16 05:08:58] [SUCCESS] bvid=BV1bgQPBXEST 已成功抓取全部所需数据。
[2026-04-16 05:09:04] [SUCCESS] bvid=BV1gDQKBPE7x 已成功抓取全部所需数据。
[2026-04-16 05:09:09] [SUCCESS] bvid=BV1C6QABVEU1 已成功抓取全部所需数据。
[2026-04-16 05:09:27] [SUCCESS] bvid=BV1BRQNBrEqB 已成功抓取全部所需数据。
[2026-04-16 05:09:38] [SUCCESS] bvid=BV1i3QABPEZa 已成功抓取全部所需数据。
[2026-04-16 05:09:50] [SUCCESS] bvid=BV13xQNBaESU 已成功抓取全部所需数据。
[2026-04-16 05:09:55] [SUCCESS] bvid=BV18NQwBEEY3 已成功抓取全部所需数据。
[2026-04-16 05:10:07] [SUCCESS] bvid=BV1SgQPBXEKP 已成功抓取全部所需数据。
[2026-04-16 05:10:19] [SUCCESS] bvid=BV1DsQABWEWY 已成功抓取全部所需数据。
[2026-04-16 05:10:24] [SUCCESS] bvid=BV13zDxBJEwt 已成功抓取全部所需数据。
[2026-04-16 05:10:29] [SUCCESS] bvid=BV1j9QABYEzM 已成功抓取全部所需数据。
[2026-04-16 05:10:40] [SUCCESS] bvid=BV168QKBmEZ9 已成功抓取全部所需数据。
[2026-04-16 05:10:46] [SUCCESS] bvid=BV1n8QKBmEx4 已成功抓取全部所需数据。
[2026-04-16 05:10:51] [SUCCESS] bvid=BV1N1QTB4Exn 已成功抓取全部所需数据。
[2026-04-16 05:11:02] [SUCCESS] bvid=BV1cNQABMEri 已成功抓取全部所需数据。
[2026-04-16 05:11:13] [SUCCESS] bvid=BV1sxQKBnEFy 已成功抓取全部所需数据。
[2026-04-16 05:11:18] [SUCCESS] bvid=BV13DQKBPEAb 已成功抓取全部所需数据。
[2026-04-16 05:11:23] [SUCCESS] bvid=BV1p4QKBSEXh 已成功抓取全部所需数据。
[2026-04-16 05:11:28] [SUCCESS] bvid=BV1BvQKB5EUG 已成功抓取全部所需数据。
[2026-04-16 05:11:33] [SUCCESS] bvid=BV1N6QAB5EwC 已成功抓取全部所需数据。
[2026-04-16 05:11:45] [SUCCESS] bvid=BV17iQKBCEiU 已成功抓取全部所需数据。
[2026-04-16 05:11:50] [SUCCESS] bvid=BV16vQKB5EgP 已成功抓取全部所需数据。
[2026-04-16 05:12:01] [SUCCESS] bvid=BV1EiQKBCEPG 已成功抓取全部所需数据。
[2026-04-16 05:12:06] [SUCCESS] bvid=BV1naQKBjECs 已成功抓取全部所需数据。
[2026-04-16 05:12:11] [SUCCESS] bvid=BV1vZQNBzEr7 已成功抓取全部所需数据。
[2026-04-16 05:12:24] [SUCCESS] bvid=BV17iQKBCEvD 已成功抓取全部所需数据。
[2026-04-16 05:12:29] [SUCCESS] bvid=BV1naQKBjEpQ 已成功抓取全部所需数据。
[2026-04-16 05:12:33] [SUCCESS] bvid=BV1raQKBjEuU 已成功抓取全部所需数据。
[2026-04-16 05:12:38] [SUCCESS] bvid=BV1JaQKBjEs8 已成功抓取全部所需数据。
[2026-04-16 05:12:49] [SUCCESS] bvid=BV1JaQKBjEU7 已成功抓取全部所需数据。
[2026-04-16 05:13:07] [SUCCESS] bvid=BV1hcQFBVEGu 已成功抓取全部所需数据。
[2026-04-16 05:13:12] [SUCCESS] bvid=BV1F6DfBZEyi 已成功抓取全部所需数据。
[2026-04-16 05:13:17] [SUCCESS] bvid=BV19pQNBYEw3 已成功抓取全部所需数据。
[2026-04-16 05:13:22] [SUCCESS] bvid=BV1W3QFBiEbw 已成功抓取全部所需数据。
[2026-04-16 05:13:27] [SUCCESS] bvid=BV142QFBkEiV 已成功抓取全部所需数据。
[2026-04-16 05:13:33] [SUCCESS] bvid=BV1hrQwB9Efg 已成功抓取全部所需数据。
[2026-04-16 05:13:38] [SUCCESS] bvid=BV1wfDtB5ErV 已成功抓取全部所需数据。
[2026-04-16 05:13:50] [SUCCESS] bvid=BV1vcQKBqEEf 已成功抓取全部所需数据。
[2026-04-16 05:14:02] [SUCCESS] bvid=BV1tMQwBjEwo 已成功抓取全部所需数据。
[2026-04-16 05:14:02] [WARN] 当前子任务已结束，但仍有未成功抓取的视频，已导出 remaining CSV 供继续执行。
[2026-04-16 05:14:02] [INFO] 已导出剔除成功条目后的剩余 CSV：D:\Schoolworks\Thesis\Bilibili-Datahub\outputs\video_data\manual_crawls\manual_crawl_stat_comment_20260415_211913\remaining_bvids_part_36.csv
[2026-04-16 05:14:02] 子任务结束时间：2026-04-16T05:14:02.620757
[TIMESTAMP][END] 2026-04-16T05:14:02
