[TIMESTAMP][BEGIN] 2026-04-16T07:26:57
[2026-04-16 07:27:00] 开始执行 CSV 批量抓取子任务 part_49。
[2026-04-16 07:27:00] 子任务开始时间：2026-04-16T07:26:57.790123
[2026-04-16 07:27:00] 输入文件：batch_input_49.csv
[2026-04-16 07:27:00] 输入唯一 bvid 数量：100
[2026-04-16 07:27:00] 为严格按 CSV 顺序判断连续失败阈值，本次任务自动将并发度从 2 调整为 1。
[2026-04-16 07:27:12] [SUCCESS] bvid=BV1NUDWBvE38 已成功抓取全部所需数据。
[2026-04-16 07:27:23] [SUCCESS] bvid=BV1gCDtBsEU4 已成功抓取全部所需数据。
[2026-04-16 07:27:34] [SUCCESS] bvid=BV1MkDxB7EkY 已成功抓取全部所需数据。
[2026-04-16 07:27:41] [SUCCESS] bvid=BV1ZZDHBSEve 已成功抓取全部所需数据。
[2026-04-16 07:27:47] [SUCCESS] bvid=BV1mLDnB8Ehq 已成功抓取全部所需数据。
[2026-04-16 07:27:52] [SUCCESS] bvid=BV12CDcBzEg3 已成功抓取全部所需数据。
[2026-04-16 07:28:04] [SUCCESS] bvid=BV1LxDWBnEhH 已成功抓取全部所需数据。
[2026-04-16 07:28:22] [SUCCESS] bvid=BV16MDkByEda 已成功抓取全部所需数据。
[2026-04-16 07:28:28] [SUCCESS] bvid=BV1YYDxBWEne 已成功抓取全部所需数据。
[2026-04-16 07:28:34] [SUCCESS] bvid=BV1BzDpBQEP8 已成功抓取全部所需数据。
[2026-04-16 07:28:40] [SUCCESS] bvid=BV1JWDtBME4o 已成功抓取全部所需数据。
[2026-04-16 07:28:53] [SUCCESS] bvid=BV1wFDbBCEw4 已成功抓取全部所需数据。
[2026-04-16 07:29:04] [SUCCESS] bvid=BV1MxDLBEE1v 已成功抓取全部所需数据。
[2026-04-16 07:29:17] [SUCCESS] bvid=BV1L8DxBxEnc 已成功抓取全部所需数据。
[2026-04-16 07:29:30] [SUCCESS] bvid=BV1yTDxB3EmS 已成功抓取全部所需数据。
[2026-04-16 07:29:35] [SUCCESS] bvid=BV1NcDkBnEnJ 已成功抓取全部所需数据。
[2026-04-16 07:29:41] [SUCCESS] bvid=BV19gDfB7Ejx 已成功抓取全部所需数据。
[2026-04-16 07:29:46] [SUCCESS] bvid=BV153DfBmEau 已成功抓取全部所需数据。
[2026-04-16 07:29:51] [SUCCESS] bvid=BV1R3DfBmEJY 已成功抓取全部所需数据。
[2026-04-16 07:30:03] [SUCCESS] bvid=BV1V3DfBmEhq 已成功抓取全部所需数据。
[2026-04-16 07:30:08] [SUCCESS] bvid=BV1wRDZBbExJ 已成功抓取全部所需数据。
[2026-04-16 07:30:14] [SUCCESS] bvid=BV1X3DfB2EDB 已成功抓取全部所需数据。
[2026-04-16 07:30:19] [SUCCESS] bvid=BV1ndDZBZEkD 已成功抓取全部所需数据。
[2026-04-16 07:30:24] [SUCCESS] bvid=BV1pQDZBhE18 已成功抓取全部所需数据。
[2026-04-16 07:30:29] [SUCCESS] bvid=BV1cdDZBZEN8 已成功抓取全部所需数据。
[2026-04-16 07:30:41] [SUCCESS] bvid=BV1FdDZBZESA 已成功抓取全部所需数据。
[2026-04-16 07:30:47] [SUCCESS] bvid=BV1cdDZBZE77 已成功抓取全部所需数据。
[2026-04-16 07:30:48] [ERROR] bvid=BV1PQDZBhExG 抓取失败：stat: 接口返回错误代码：62002，信息：稿件不可见。
{'code': 62002, 'message': '稿件不可见', 'ttl': 1} | comment: 接口返回错误代码：62002，信息：稿件不可见。
{'code': 62002, 'message': '稿件不可见', 'ttl': 1}
[2026-04-16 07:31:00] [SUCCESS] bvid=BV1A9DZBFE6v 已成功抓取全部所需数据。
[2026-04-16 07:31:05] [SUCCESS] bvid=BV1A9DZBFET8 已成功抓取全部所需数据。
[2026-04-16 07:31:11] [SUCCESS] bvid=BV1ZcDfBWEUJ 已成功抓取全部所需数据。
[2026-04-16 07:31:28] [SUCCESS] bvid=BV1ZwDfBXENL 已成功抓取全部所需数据。
[2026-04-16 07:31:34] [SUCCESS] bvid=BV1fcDfBWETH 已成功抓取全部所需数据。
[2026-04-16 07:31:39] [SUCCESS] bvid=BV16qDfBfEEq 已成功抓取全部所需数据。
[2026-04-16 07:31:44] [SUCCESS] bvid=BV1qoDJBCEvu 已成功抓取全部所需数据。
[2026-04-16 07:31:50] [SUCCESS] bvid=BV1cZDZB4EW6 已成功抓取全部所需数据。
[2026-04-16 07:32:02] [SUCCESS] bvid=BV1cZDZB4EYr 已成功抓取全部所需数据。
[2026-04-16 07:32:08] [SUCCESS] bvid=BV1yaDfBAE3Z 已成功抓取全部所需数据。
[2026-04-16 07:32:19] [SUCCESS] bvid=BV1PaDfBPE4d 已成功抓取全部所需数据。
[2026-04-16 07:32:25] [SUCCESS] bvid=BV1NaDfBPEcU 已成功抓取全部所需数据。
[2026-04-16 07:32:43] [SUCCESS] bvid=BV1UFDZBKEaB 已成功抓取全部所需数据。
[2026-04-16 07:32:49] [SUCCESS] bvid=BV1xuDtBmErk 已成功抓取全部所需数据。
[2026-04-16 07:32:55] [SUCCESS] bvid=BV11bDfBNEFh 已成功抓取全部所需数据。
[2026-04-16 07:33:00] [SUCCESS] bvid=BV11bDfBNE3z 已成功抓取全部所需数据。
[2026-04-16 07:33:05] [SUCCESS] bvid=BV17JDWBsE6T 已成功抓取全部所需数据。
[2026-04-16 07:33:10] [SUCCESS] bvid=BV1rvDfBcEk6 已成功抓取全部所需数据。
[2026-04-16 07:33:16] [SUCCESS] bvid=BV16kD4BKEYd 已成功抓取全部所需数据。
[2026-04-16 07:33:21] [SUCCESS] bvid=BV1hVDsBEE9b 已成功抓取全部所需数据。
[2026-04-16 07:33:33] [SUCCESS] bvid=BV1fcD4BPEZk 已成功抓取全部所需数据。
[2026-04-16 07:33:38] [SUCCESS] bvid=BV1r9DdBHE4B 已成功抓取全部所需数据。
[2026-04-16 07:33:43] [SUCCESS] bvid=BV1P3DqBMEFn 已成功抓取全部所需数据。
[2026-04-16 07:33:55] [SUCCESS] bvid=BV16zDfBtEMY 已成功抓取全部所需数据。
[2026-04-16 07:34:00] [SUCCESS] bvid=BV16zDfBtEfH 已成功抓取全部所需数据。
[2026-04-16 07:34:05] [SUCCESS] bvid=BV1SJDfB3EdK 已成功抓取全部所需数据。
[2026-04-16 07:34:15] [SUCCESS] bvid=BV1DJDfB3EJH 已成功抓取全部所需数据。
[2026-04-16 07:34:27] [SUCCESS] bvid=BV13jDfB5EKg 已成功抓取全部所需数据。
[2026-04-16 07:34:38] [SUCCESS] bvid=BV1SnDfB6E9p 已成功抓取全部所需数据。
[2026-04-16 07:34:44] [SUCCESS] bvid=BV137DfBCE86 已成功抓取全部所需数据。
[2026-04-16 07:34:49] [SUCCESS] bvid=BV1AMDvBaEEh 已成功抓取全部所需数据。
[2026-04-16 07:35:07] [SUCCESS] bvid=BV1BCD4BvEyE 已成功抓取全部所需数据。
[2026-04-16 07:35:18] [SUCCESS] bvid=BV1TxDfBMEkp 已成功抓取全部所需数据。
[2026-04-16 07:35:23] [SUCCESS] bvid=BV124DfBiEtZ 已成功抓取全部所需数据。
[2026-04-16 07:35:29] [SUCCESS] bvid=BV124DfBiE8p 已成功抓取全部所需数据。
[2026-04-16 07:35:34] [SUCCESS] bvid=BV1UpDfBuEUZ 已成功抓取全部所需数据。
[2026-04-16 07:35:40] [SUCCESS] bvid=BV1UpDfBuE6Z 已成功抓取全部所需数据。
[2026-04-16 07:35:45] [SUCCESS] bvid=BV1UWDfBBE8i 已成功抓取全部所需数据。
[2026-04-16 07:35:50] [SUCCESS] bvid=BV1UWDfBBETV 已成功抓取全部所需数据。
[2026-04-16 07:36:08] [SUCCESS] bvid=BV1MqDdBAEx5 已成功抓取全部所需数据。
[2026-04-16 07:36:13] [SUCCESS] bvid=BV18qDdBAEGW 已成功抓取全部所需数据。
[2026-04-16 07:36:25] [SUCCESS] bvid=BV1ZZDHBSE1q 已成功抓取全部所需数据。
[2026-04-16 07:36:37] [SUCCESS] bvid=BV1xMDxB6EW6 已成功抓取全部所需数据。
[2026-04-16 07:36:42] [SUCCESS] bvid=BV1isDxBfErf 已成功抓取全部所需数据。
[2026-04-16 07:36:47] [SUCCESS] bvid=BV1iSD4BhEyN 已成功抓取全部所需数据。
[2026-04-16 07:36:52] [SUCCESS] bvid=BV1bzDcBVEK3 已成功抓取全部所需数据。
[2026-04-16 07:36:57] [SUCCESS] bvid=BV1pjDxBNENV 已成功抓取全部所需数据。
[2026-04-16 07:37:08] [SUCCESS] bvid=BV1uBDdBaEcZ 已成功抓取全部所需数据。
[2026-04-16 07:37:13] [SUCCESS] bvid=BV1TBDdBaE73 已成功抓取全部所需数据。
[2026-04-16 07:37:18] [SUCCESS] bvid=BV1P1DdBoEhD 已成功抓取全部所需数据。
[2026-04-16 07:37:30] [SUCCESS] bvid=BV1A1DdBoE2h 已成功抓取全部所需数据。
[2026-04-16 07:37:49] [SUCCESS] bvid=BV1NkDdBfE13 已成功抓取全部所需数据。
[2026-04-16 07:38:00] [SUCCESS] bvid=BV1xkDdBfERk 已成功抓取全部所需数据。
[2026-04-16 07:38:11] [SUCCESS] bvid=BV1gCDtBsEFq 已成功抓取全部所需数据。
[2026-04-16 07:38:17] [SUCCESS] bvid=BV1VtDdBuEB6 已成功抓取全部所需数据。
[2026-04-16 07:38:22] [SUCCESS] bvid=BV1z4DtBKEpK 已成功抓取全部所需数据。
[2026-04-16 07:38:27] [SUCCESS] bvid=BV1MvDdBeEDC 已成功抓取全部所需数据。
[2026-04-16 07:38:32] [SUCCESS] bvid=BV18hDdBTE94 已成功抓取全部所需数据。
[2026-04-16 07:38:37] [SUCCESS] bvid=BV1ahDdBTExH 已成功抓取全部所需数据。
[2026-04-16 07:38:54] [SUCCESS] bvid=BV1QaDdBiEk3 已成功抓取全部所需数据。
[2026-04-16 07:39:05] [SUCCESS] bvid=BV1dPDoBCE6E 已成功抓取全部所需数据。
[2026-04-16 07:39:11] [SUCCESS] bvid=BV1BzDoBSEXY 已成功抓取全部所需数据。
[2026-04-16 07:39:23] [SUCCESS] bvid=BV1emDoB5Eub 已成功抓取全部所需数据。
[2026-04-16 07:39:28] [SUCCESS] bvid=BV1e9D4BZEoY 已成功抓取全部所需数据。
[2026-04-16 07:39:33] [SUCCESS] bvid=BV1z1D4BPELT 已成功抓取全部所需数据。
[2026-04-16 07:39:39] [SUCCESS] bvid=BV16kD4BKECA 已成功抓取全部所需数据。
[2026-04-16 07:39:44] [SUCCESS] bvid=BV1bADtBQEBX 已成功抓取全部所需数据。
[2026-04-16 07:39:49] [SUCCESS] bvid=BV1tKDtBSEpZ 已成功抓取全部所需数据。
[2026-04-16 07:39:55] [SUCCESS] bvid=BV14uDtBmEB6 已成功抓取全部所需数据。
[2026-04-16 07:40:00] [SUCCESS] bvid=BV1s3DtBjEoU 已成功抓取全部所需数据。
[2026-04-16 07:40:05] [SUCCESS] bvid=BV1G6DtB4EYX 已成功抓取全部所需数据。
[2026-04-16 07:40:17] [SUCCESS] bvid=BV1G6DtB4EnL 已成功抓取全部所需数据。
[2026-04-16 07:40:17] [WARN] 当前子任务已结束，但仍有未成功抓取的视频，已导出 remaining CSV 供继续执行。
[2026-04-16 07:40:17] [INFO] 已导出剔除成功条目后的剩余 CSV：D:\Schoolworks\Thesis\Bilibili-Datahub\outputs\video_data\manual_crawls\manual_crawl_stat_comment_20260415_211913\remaining_bvids_part_49.csv
[2026-04-16 07:40:17] 子任务结束时间：2026-04-16T07:40:17.537517
[TIMESTAMP][END] 2026-04-16T07:40:17
