[TIMESTAMP][BEGIN] 2026-04-16T07:05:29
[2026-04-16 07:05:31] 开始执行 CSV 批量抓取子任务 part_47。
[2026-04-16 07:05:31] 子任务开始时间：2026-04-16T07:05:29.309850
[2026-04-16 07:05:31] 输入文件：batch_input_47.csv
[2026-04-16 07:05:31] 输入唯一 bvid 数量：100
[2026-04-16 07:05:31] 为严格按 CSV 顺序判断连续失败阈值，本次任务自动将并发度从 2 调整为 1。
[2026-04-16 07:05:50] [SUCCESS] bvid=BV1cwQcBaEWK 已成功抓取全部所需数据。
[2026-04-16 07:05:55] [SUCCESS] bvid=BV165DZBdENX 已成功抓取全部所需数据。
[2026-04-16 07:06:00] [SUCCESS] bvid=BV1E7DZB9ETf 已成功抓取全部所需数据。
[2026-04-16 07:06:12] [SUCCESS] bvid=BV167DZB9EtL 已成功抓取全部所需数据。
[2026-04-16 07:06:17] [SUCCESS] bvid=BV1JJDZBpEuz 已成功抓取全部所需数据。
[2026-04-16 07:06:28] [SUCCESS] bvid=BV1EJDZBpEHN 已成功抓取全部所需数据。
[2026-04-16 07:06:34] [SUCCESS] bvid=BV1JJDZBpEgR 已成功抓取全部所需数据。
[2026-04-16 07:06:39] [SUCCESS] bvid=BV1zJDZBpEqV 已成功抓取全部所需数据。
[2026-04-16 07:06:44] [SUCCESS] bvid=BV1n5DZBdEpD 已成功抓取全部所需数据。
[2026-04-16 07:06:50] [SUCCESS] bvid=BV1H5DZBdEsw 已成功抓取全部所需数据。
[2026-04-16 07:07:01] [SUCCESS] bvid=BV1H5DZBdENd 已成功抓取全部所需数据。
[2026-04-16 07:07:06] [SUCCESS] bvid=BV1H5DZBdEUK 已成功抓取全部所需数据。
[2026-04-16 07:07:12] [SUCCESS] bvid=BV12KDZBwEsB 已成功抓取全部所需数据。
[2026-04-16 07:07:18] [SUCCESS] bvid=BV1H5DZBdEj4 已成功抓取全部所需数据。
[2026-04-16 07:07:30] [SUCCESS] bvid=BV1LxDZBEEu6 已成功抓取全部所需数据。
[2026-04-16 07:07:35] [SUCCESS] bvid=BV1cjDZBxEnp 已成功抓取全部所需数据。
[2026-04-16 07:07:40] [SUCCESS] bvid=BV1k5DZBdEFp 已成功抓取全部所需数据。
[2026-04-16 07:07:46] [SUCCESS] bvid=BV1w5DZBoE5e 已成功抓取全部所需数据。
[2026-04-16 07:08:04] [SUCCESS] bvid=BV1JjDZBsEqV 已成功抓取全部所需数据。
[2026-04-16 07:08:09] [SUCCESS] bvid=BV1JjDZBsE1n 已成功抓取全部所需数据。
[2026-04-16 07:08:20] [SUCCESS] bvid=BV1cjDZBxEtY 已成功抓取全部所需数据。
[2026-04-16 07:08:25] [SUCCESS] bvid=BV1JjDZBsEU7 已成功抓取全部所需数据。
[2026-04-16 07:08:31] [SUCCESS] bvid=BV1cjDZBxEuL 已成功抓取全部所需数据。
[2026-04-16 07:08:36] [SUCCESS] bvid=BV1jnDZBQEyC 已成功抓取全部所需数据。
[2026-04-16 07:08:42] [SUCCESS] bvid=BV1jWDZBSEGx 已成功抓取全部所需数据。
[2026-04-16 07:08:47] [SUCCESS] bvid=BV1jWDZBSEo4 已成功抓取全部所需数据。
[2026-04-16 07:08:52] [SUCCESS] bvid=BV1qWDZBSEDG 已成功抓取全部所需数据。
[2026-04-16 07:08:58] [SUCCESS] bvid=BV1X7D4BpE5h 已成功抓取全部所需数据。
[2026-04-16 07:09:10] [SUCCESS] bvid=BV1ixDZBEEJX 已成功抓取全部所需数据。
[2026-04-16 07:09:15] [SUCCESS] bvid=BV1oxDZBEEix 已成功抓取全部所需数据。
[2026-04-16 07:09:20] [SUCCESS] bvid=BV1EnDZBXEDc 已成功抓取全部所需数据。
[2026-04-16 07:09:26] [SUCCESS] bvid=BV17nDZBQEaF 已成功抓取全部所需数据。
[2026-04-16 07:09:31] [SUCCESS] bvid=BV1BnDZBQET8 已成功抓取全部所需数据。
[2026-04-16 07:09:37] [SUCCESS] bvid=BV1EnDZBQEGf 已成功抓取全部所需数据。
[2026-04-16 07:09:42] [SUCCESS] bvid=BV1H3DZBZEmg 已成功抓取全部所需数据。
[2026-04-16 07:09:48] [SUCCESS] bvid=BV17nDZBQEe8 已成功抓取全部所需数据。
[2026-04-16 07:09:54] [SUCCESS] bvid=BV1BpDZBnEL4 已成功抓取全部所需数据。
[2026-04-16 07:09:59] [SUCCESS] bvid=BV1j8DtBPEtp 已成功抓取全部所需数据。
[2026-04-16 07:10:04] [SUCCESS] bvid=BV17pDZBnE6s 已成功抓取全部所需数据。
[2026-04-16 07:10:09] [SUCCESS] bvid=BV1jpDZBnEb6 已成功抓取全部所需数据。
[2026-04-16 07:10:15] [SUCCESS] bvid=BV19GD4BdEGp 已成功抓取全部所需数据。
[2026-04-16 07:10:27] [SUCCESS] bvid=BV1k3DZBZEaX 已成功抓取全部所需数据。
[2026-04-16 07:10:33] [SUCCESS] bvid=BV1VaDZB5E8M 已成功抓取全部所需数据。
[2026-04-16 07:10:38] [SUCCESS] bvid=BV1MJDsB5EBo 已成功抓取全部所需数据。
[2026-04-16 07:10:43] [SUCCESS] bvid=BV1wXDxB6ESH 已成功抓取全部所需数据。
[2026-04-16 07:10:50] [SUCCESS] bvid=BV1j4DxBtEAo 已成功抓取全部所需数据。
[2026-04-16 07:11:02] [SUCCESS] bvid=BV1YQDoBrEae 已成功抓取全部所需数据。
[2026-04-16 07:11:07] [SUCCESS] bvid=BV1yTDZBhEs1 已成功抓取全部所需数据。
[2026-04-16 07:11:12] [SUCCESS] bvid=BV1KPDZBeEKt 已成功抓取全部所需数据。
[2026-04-16 07:11:18] [SUCCESS] bvid=BV11TDZBhEbi 已成功抓取全部所需数据。
[2026-04-16 07:11:29] [SUCCESS] bvid=BV1NTDZBaEDq 已成功抓取全部所需数据。
[2026-04-16 07:11:41] [SUCCESS] bvid=BV1MADZBNEbw 已成功抓取全部所需数据。
[2026-04-16 07:11:46] [SUCCESS] bvid=BV1xADZBPE1V 已成功抓取全部所需数据。
[2026-04-16 07:11:51] [SUCCESS] bvid=BV1LiDrBqE4Y 已成功抓取全部所需数据。
[2026-04-16 07:11:56] [SUCCESS] bvid=BV1RBDrBNELn 已成功抓取全部所需数据。
[2026-04-16 07:12:07] [SUCCESS] bvid=BV1zgDkBVET1 已成功抓取全部所需数据。
[2026-04-16 07:12:12] [SUCCESS] bvid=BV1MrDZBMEbK 已成功抓取全部所需数据。
[2026-04-16 07:12:24] [SUCCESS] bvid=BV1ZPDfBHEbc 已成功抓取全部所需数据。
[2026-04-16 07:12:30] [SUCCESS] bvid=BV1iTDfBnEd2 已成功抓取全部所需数据。
[2026-04-16 07:12:36] [SUCCESS] bvid=BV1gBDWBGEVG 已成功抓取全部所需数据。
[2026-04-16 07:12:41] [SUCCESS] bvid=BV1dRD7BKETX 已成功抓取全部所需数据。
[2026-04-16 07:12:47] [SUCCESS] bvid=BV1EPDfBpEM4 已成功抓取全部所需数据。
[2026-04-16 07:12:59] [SUCCESS] bvid=BV1PaDfBPEwM 已成功抓取全部所需数据。
[2026-04-16 07:13:04] [SUCCESS] bvid=BV1AoDtB1EXU 已成功抓取全部所需数据。
[2026-04-16 07:13:10] [SUCCESS] bvid=BV1MNDqBGEJL 已成功抓取全部所需数据。
[2026-04-16 07:13:15] [SUCCESS] bvid=BV18fDsB2EiL 已成功抓取全部所需数据。
[2026-04-16 07:13:28] [SUCCESS] bvid=BV1sUDZBYEPZ 已成功抓取全部所需数据。
[2026-04-16 07:13:33] [SUCCESS] bvid=BV1vDDLBwEwD 已成功抓取全部所需数据。
[2026-04-16 07:13:46] [SUCCESS] bvid=BV1nnDtBgEsW 已成功抓取全部所需数据。
[2026-04-16 07:13:58] [SUCCESS] bvid=BV12CDcBzEan 已成功抓取全部所需数据。
[2026-04-16 07:14:03] [SUCCESS] bvid=BV1KMDtBJEeB 已成功抓取全部所需数据。
[2026-04-16 07:14:09] [SUCCESS] bvid=BV1bzDWBrEoK 已成功抓取全部所需数据。
[2026-04-16 07:14:15] [SUCCESS] bvid=BV1DwDtBpEtB 已成功抓取全部所需数据。
[2026-04-16 07:14:21] [SUCCESS] bvid=BV166D4BqE7e 已成功抓取全部所需数据。
[2026-04-16 07:14:32] [SUCCESS] bvid=BV1PbDsBMEQC 已成功抓取全部所需数据。
[2026-04-16 07:14:38] [SUCCESS] bvid=BV15ADpB7Eb5 已成功抓取全部所需数据。
[2026-04-16 07:14:43] [SUCCESS] bvid=BV14uDtBmEGf 已成功抓取全部所需数据。
[2026-04-16 07:14:49] [SUCCESS] bvid=BV1q1DsBxE7b 已成功抓取全部所需数据。
[2026-04-16 07:14:55] [SUCCESS] bvid=BV1jnDYB1E1g 已成功抓取全部所需数据。
[2026-04-16 07:15:01] [SUCCESS] bvid=BV1Y9D4BZEBi 已成功抓取全部所需数据。
[2026-04-16 07:15:12] [SUCCESS] bvid=BV1v5D7BeEUZ 已成功抓取全部所需数据。
[2026-04-16 07:15:18] [SUCCESS] bvid=BV1KkDZBqE68 已成功抓取全部所需数据。
[2026-04-16 07:15:23] [SUCCESS] bvid=BV1MpDsBGEQW 已成功抓取全部所需数据。
[2026-04-16 07:15:28] [SUCCESS] bvid=BV1PyDdBtESA 已成功抓取全部所需数据。
[2026-04-16 07:15:34] [SUCCESS] bvid=BV1uBDZBgELn 已成功抓取全部所需数据。
[2026-04-16 07:15:39] [SUCCESS] bvid=BV1tADZBPELQ 已成功抓取全部所需数据。
[2026-04-16 07:15:44] [SUCCESS] bvid=BV1mPDZBYEFm 已成功抓取全部所需数据。
[2026-04-16 07:15:57] [SUCCESS] bvid=BV14PDZBeEd3 已成功抓取全部所需数据。
[2026-04-16 07:16:02] [SUCCESS] bvid=BV1v4DZBmEg1 已成功抓取全部所需数据。
[2026-04-16 07:16:07] [SUCCESS] bvid=BV14PDZBYEEn 已成功抓取全部所需数据。
[2026-04-16 07:16:12] [SUCCESS] bvid=BV1p3DZBZEja 已成功抓取全部所需数据。
[2026-04-16 07:16:24] [SUCCESS] bvid=BV1W3DZBZEPw 已成功抓取全部所需数据。
[2026-04-16 07:16:36] [SUCCESS] bvid=BV1HVDZB4ES3 已成功抓取全部所需数据。
[2026-04-16 07:16:48] [SUCCESS] bvid=BV1nVDZB4EUS 已成功抓取全部所需数据。
[2026-04-16 07:16:54] [SUCCESS] bvid=BV1pVDZB4EMv 已成功抓取全部所需数据。
[2026-04-16 07:16:59] [SUCCESS] bvid=BV1rVDZB4EkA 已成功抓取全部所需数据。
[2026-04-16 07:17:04] [SUCCESS] bvid=BV1AVDZBtEnW 已成功抓取全部所需数据。
[2026-04-16 07:17:10] [SUCCESS] bvid=BV1suDZBFE3o 已成功抓取全部所需数据。
[2026-04-16 07:17:15] [SUCCESS] bvid=BV1yuDZBFEZ6 已成功抓取全部所需数据。
[2026-04-16 07:17:20] [SUCCESS] bvid=BV1suDZBFETe 已成功抓取全部所需数据。
[2026-04-16 07:17:20] [INFO] 当前 batch_crawl 已完成，所有视频均已成功抓取。
[2026-04-16 07:17:20] 子任务结束时间：2026-04-16T07:17:20.906054
[TIMESTAMP][END] 2026-04-16T07:17:20
