[TIMESTAMP][BEGIN] 2026-04-16T08:56:23
[2026-04-16 08:56:25] 开始执行 CSV 批量抓取子任务 part_56。
[2026-04-16 08:56:25] 子任务开始时间：2026-04-16T08:56:23.200801
[2026-04-16 08:56:25] 输入文件：batch_input_56.csv
[2026-04-16 08:56:25] 输入唯一 bvid 数量：100
[2026-04-16 08:56:25] 为严格按 CSV 顺序判断连续失败阈值，本次任务自动将并发度从 2 调整为 1。
[2026-04-16 08:56:31] [SUCCESS] bvid=BV1wUDHBoEy2 已成功抓取全部所需数据。
[2026-04-16 08:56:36] [SUCCESS] bvid=BV12HDpBNEjc 已成功抓取全部所需数据。
[2026-04-16 08:56:41] [SUCCESS] bvid=BV11HDpBPE2Y 已成功抓取全部所需数据。
[2026-04-16 08:56:46] [SUCCESS] bvid=BV12HDpBPEfC 已成功抓取全部所需数据。
[2026-04-16 08:56:51] [SUCCESS] bvid=BV1KpDpBeEH3 已成功抓取全部所需数据。
[2026-04-16 08:57:03] [SUCCESS] bvid=BV12EDpBKE2J 已成功抓取全部所需数据。
[2026-04-16 08:57:08] [SUCCESS] bvid=BV1UEDpBKE3e 已成功抓取全部所需数据。
[2026-04-16 08:57:13] [SUCCESS] bvid=BV1TEDpBTEXe 已成功抓取全部所需数据。
[2026-04-16 08:57:24] [SUCCESS] bvid=BV1UEDpBKEae 已成功抓取全部所需数据。
[2026-04-16 08:57:36] [SUCCESS] bvid=BV1tEDpBTEKM 已成功抓取全部所需数据。
[2026-04-16 08:57:42] [SUCCESS] bvid=BV12JDpBvEYQ 已成功抓取全部所需数据。
[2026-04-16 08:57:47] [SUCCESS] bvid=BV1ktDpBFEtS 已成功抓取全部所需数据。
[2026-04-16 08:57:52] [SUCCESS] bvid=BV1mJDpBvEbh 已成功抓取全部所需数据。
[2026-04-16 08:58:04] [SUCCESS] bvid=BV1ktDpBFEQN 已成功抓取全部所需数据。
[2026-04-16 08:58:09] [SUCCESS] bvid=BV1CtDpBFEE4 已成功抓取全部所需数据。
[2026-04-16 08:58:14] [SUCCESS] bvid=BV1CbDpBbEPd 已成功抓取全部所需数据。
[2026-04-16 08:58:26] [SUCCESS] bvid=BV1ESD7B6EWz 已成功抓取全部所需数据。
[2026-04-16 08:58:31] [SUCCESS] bvid=BV1CtDpBFEoR 已成功抓取全部所需数据。
[2026-04-16 08:58:37] [SUCCESS] bvid=BV1AbDpB8Er8 已成功抓取全部所需数据。
[2026-04-16 08:58:48] [SUCCESS] bvid=BV1CbDpBbEwa 已成功抓取全部所需数据。
[2026-04-16 08:58:53] [SUCCESS] bvid=BV1AbDpB8E6n 已成功抓取全部所需数据。
[2026-04-16 08:58:59] [SUCCESS] bvid=BV1CbDpBbEFB 已成功抓取全部所需数据。
[2026-04-16 08:59:05] [SUCCESS] bvid=BV1PsDpBAEtw 已成功抓取全部所需数据。
[2026-04-16 08:59:10] [SUCCESS] bvid=BV1CsDpBwE4M 已成功抓取全部所需数据。
[2026-04-16 08:59:15] [SUCCESS] bvid=BV1rbDpBbEny 已成功抓取全部所需数据。
[2026-04-16 08:59:26] [SUCCESS] bvid=BV1xsDpBAEHr 已成功抓取全部所需数据。
[2026-04-16 08:59:33] [SUCCESS] bvid=BV1CsDpBwEbB 已成功抓取全部所需数据。
[2026-04-16 08:59:38] [SUCCESS] bvid=BV1BGDJBCEG1 已成功抓取全部所需数据。
[2026-04-16 08:59:44] [SUCCESS] bvid=BV1NxDpBaEL8 已成功抓取全部所需数据。
[2026-04-16 08:59:55] [SUCCESS] bvid=BV1kxDpBhECo 已成功抓取全部所需数据。
[2026-04-16 09:00:07] [SUCCESS] bvid=BV1yxDpBhEDT 已成功抓取全部所需数据。
[2026-04-16 09:00:12] [SUCCESS] bvid=BV1QgDpBrEvJ 已成功抓取全部所需数据。
[2026-04-16 09:00:18] [SUCCESS] bvid=BV1DgDpBrE6s 已成功抓取全部所需数据。
[2026-04-16 09:00:30] [SUCCESS] bvid=BV1DgDpBrEHc 已成功抓取全部所需数据。
[2026-04-16 09:00:36] [SUCCESS] bvid=BV1XKDpB5E91 已成功抓取全部所需数据。
[2026-04-16 09:00:48] [SUCCESS] bvid=BV19KDpB5Eyq 已成功抓取全部所需数据。
[2026-04-16 09:00:54] [SUCCESS] bvid=BV1XKDpB5Eho 已成功抓取全部所需数据。
[2026-04-16 09:01:06] [SUCCESS] bvid=BV1GTDpByE6K 已成功抓取全部所需数据。
[2026-04-16 09:01:19] [SUCCESS] bvid=BV1yEDnBtESe 已成功抓取全部所需数据。
[2026-04-16 09:01:24] [SUCCESS] bvid=BV17vDrBMEb1 已成功抓取全部所需数据。
[2026-04-16 09:01:36] [SUCCESS] bvid=BV1PrDJB9Eux 已成功抓取全部所需数据。
[2026-04-16 09:01:54] [SUCCESS] bvid=BV1YKDpBLESU 已成功抓取全部所需数据。
[2026-04-16 09:02:06] [SUCCESS] bvid=BV13TDpByEDg 已成功抓取全部所需数据。
[2026-04-16 09:02:11] [SUCCESS] bvid=BV1XTDpBCEj6 已成功抓取全部所需数据。
[2026-04-16 09:02:18] [SUCCESS] bvid=BV19TDpBCEVB 已成功抓取全部所需数据。
[2026-04-16 09:02:30] [SUCCESS] bvid=BV1XTDpBCE7g 已成功抓取全部所需数据。
[2026-04-16 09:02:36] [SUCCESS] bvid=BV1VTDpByEqQ 已成功抓取全部所需数据。
[2026-04-16 09:02:42] [SUCCESS] bvid=BV19ZD7BPEfa 已成功抓取全部所需数据。
[2026-04-16 09:02:53] [SUCCESS] bvid=BV1KeD7BDEcd 已成功抓取全部所需数据。
[2026-04-16 09:02:58] [SUCCESS] bvid=BV1YpDHByEzp 已成功抓取全部所需数据。
[2026-04-16 09:03:16] [SUCCESS] bvid=BV1mnSDByE9M 已成功抓取全部所需数据。
[2026-04-16 09:03:22] [SUCCESS] bvid=BV1rXDcBYEPD 已成功抓取全部所需数据。
[2026-04-16 09:03:33] [SUCCESS] bvid=BV1NyDYBFEfS 已成功抓取全部所需数据。
[2026-04-16 09:03:40] [SUCCESS] bvid=BV1HkD6BCEdd 已成功抓取全部所需数据。
[2026-04-16 09:03:54] [SUCCESS] bvid=BV1qBDpBpE4g 已成功抓取全部所需数据。
[2026-04-16 09:04:00] [SUCCESS] bvid=BV1qSD7B6EsC 已成功抓取全部所需数据。
[2026-04-16 09:04:06] [SUCCESS] bvid=BV1TWDLBSECy 已成功抓取全部所需数据。
[2026-04-16 09:04:11] [SUCCESS] bvid=BV1nMDJBjEvD 已成功抓取全部所需数据。
[2026-04-16 09:04:23] [SUCCESS] bvid=BV1bDDEBZEp8 已成功抓取全部所需数据。
[2026-04-16 09:04:36] [SUCCESS] bvid=BV11EDnBtEW5 已成功抓取全部所需数据。
[2026-04-16 09:04:42] [SUCCESS] bvid=BV1j3D7BiEUn 已成功抓取全部所需数据。
[2026-04-16 09:04:48] [SUCCESS] bvid=BV19TDpBCEqP 已成功抓取全部所需数据。
[2026-04-16 09:04:53] [SUCCESS] bvid=BV1SLDpBMESP 已成功抓取全部所需数据。
[2026-04-16 09:04:59] [SUCCESS] bvid=BV1ULDpBMEzs 已成功抓取全部所需数据。
[2026-04-16 09:05:10] [SUCCESS] bvid=BV1ULDpBMEEp 已成功抓取全部所需数据。
[2026-04-16 09:05:16] [SUCCESS] bvid=BV1mjDpBqEZS 已成功抓取全部所需数据。
[2026-04-16 09:05:28] [SUCCESS] bvid=BV19ZD6BYE8v 已成功抓取全部所需数据。
[2026-04-16 09:05:41] [SUCCESS] bvid=BV19cDEBwEwR 已成功抓取全部所需数据。
[2026-04-16 09:05:46] [SUCCESS] bvid=BV1mjDpBqEbZ 已成功抓取全部所需数据。
[2026-04-16 09:05:51] [SUCCESS] bvid=BV18RDpBrE1h 已成功抓取全部所需数据。
[2026-04-16 09:15:59] [SUCCESS] bvid=BV1DGDpBuEDS 已成功抓取全部所需数据。
[2026-04-16 09:16:04] [SUCCESS] bvid=BV1QGDpBgEPA 已成功抓取全部所需数据。
[2026-04-16 09:16:10] [SUCCESS] bvid=BV1SVDpBzEws 已成功抓取全部所需数据。
[2026-04-16 09:16:15] [SUCCESS] bvid=BV1uVDpB6EiE 已成功抓取全部所需数据。
[2026-04-16 09:16:20] [SUCCESS] bvid=BV1sADHBtEiw 已成功抓取全部所需数据。
[2026-04-16 09:16:32] [SUCCESS] bvid=BV1DVDpBzEyN 已成功抓取全部所需数据。
[2026-04-16 09:16:43] [SUCCESS] bvid=BV1v1DpBmEPj 已成功抓取全部所需数据。
[2026-04-16 09:16:55] [SUCCESS] bvid=BV1v1DpBmEv6 已成功抓取全部所需数据。
[2026-04-16 09:17:00] [SUCCESS] bvid=BV1R1DpBmEgs 已成功抓取全部所需数据。
[2026-04-16 09:17:06] [SUCCESS] bvid=BV1v1DpBmEuj 已成功抓取全部所需数据。
[2026-04-16 09:17:11] [SUCCESS] bvid=BV1XmDpBjE1L 已成功抓取全部所需数据。
[2026-04-16 09:17:16] [SUCCESS] bvid=BV19mDpBjEDV 已成功抓取全部所需数据。
[2026-04-16 09:17:21] [SUCCESS] bvid=BV1emDpBjEsx 已成功抓取全部所需数据。
[2026-04-16 09:17:26] [SUCCESS] bvid=BV1XmDpBjEfx 已成功抓取全部所需数据。
[2026-04-16 09:17:32] [SUCCESS] bvid=BV1emDpBjEnV 已成功抓取全部所需数据。
[2026-04-16 09:17:37] [SUCCESS] bvid=BV1emDpBjE4o 已成功抓取全部所需数据。
[2026-04-16 09:17:49] [SUCCESS] bvid=BV139DpBVEPz 已成功抓取全部所需数据。
[2026-04-16 09:17:56] [SUCCESS] bvid=BV1AvDLBGEhv 已成功抓取全部所需数据。
[2026-04-16 09:18:07] [SUCCESS] bvid=BV1RmDpBjEKJ 已成功抓取全部所需数据。
[2026-04-16 09:18:19] [SUCCESS] bvid=BV189DpBGExA 已成功抓取全部所需数据。
[2026-04-16 09:18:24] [SUCCESS] bvid=BV1dyDpBEE8S 已成功抓取全部所需数据。
[2026-04-16 09:18:29] [SUCCESS] bvid=BV1vkDpBSErD 已成功抓取全部所需数据。
[2026-04-16 09:18:47] [SUCCESS] bvid=BV1jkDpBDE9t 已成功抓取全部所需数据。
[2026-04-16 09:18:53] [SUCCESS] bvid=BV1j9DJB1EdU 已成功抓取全部所需数据。
[2026-04-16 09:19:06] [SUCCESS] bvid=BV1pJDjBGExQ 已成功抓取全部所需数据。
[2026-04-16 09:19:12] [SUCCESS] bvid=BV1jQD7BuEJ2 已成功抓取全部所需数据。
[2026-04-16 09:19:24] [SUCCESS] bvid=BV1aUDpB1Eiy 已成功抓取全部所需数据。
[2026-04-16 09:19:29] [SUCCESS] bvid=BV1oXD7BqEJ4 已成功抓取全部所需数据。
[2026-04-16 09:19:42] [SUCCESS] bvid=BV1xm9cBmEPv 已成功抓取全部所需数据。
[2026-04-16 09:19:54] [SUCCESS] bvid=BV1rTDHBREUA 已成功抓取全部所需数据。
[2026-04-16 09:19:54] [INFO] 当前 batch_crawl 已完成，所有视频均已成功抓取。
[2026-04-16 09:19:54] 子任务结束时间：2026-04-16T09:19:54.216341
[TIMESTAMP][END] 2026-04-16T09:19:54
