[TIMESTAMP][BEGIN] 2026-04-16T06:33:47
[2026-04-16 06:33:49] 开始执行 CSV 批量抓取子任务 part_44。
[2026-04-16 06:33:49] 子任务开始时间：2026-04-16T06:33:47.661492
[2026-04-16 06:33:49] 输入文件：batch_input_44.csv
[2026-04-16 06:33:49] 输入唯一 bvid 数量：100
[2026-04-16 06:33:49] 为严格按 CSV 顺序判断连续失败阈值，本次任务自动将并发度从 2 调整为 1。
[2026-04-16 06:33:55] [SUCCESS] bvid=BV1QCQwBpE8v 已成功抓取全部所需数据。
[2026-04-16 06:34:00] [SUCCESS] bvid=BV1YrQwB9EEX 已成功抓取全部所需数据。
[2026-04-16 06:34:05] [SUCCESS] bvid=BV1hrQwB9EBt 已成功抓取全部所需数据。
[2026-04-16 06:34:11] [SUCCESS] bvid=BV13CQwBpEm6 已成功抓取全部所需数据。
[2026-04-16 06:34:17] [SUCCESS] bvid=BV1gCQwBpE6J 已成功抓取全部所需数据。
[2026-04-16 06:34:22] [SUCCESS] bvid=BV1aCQwBpEvD 已成功抓取全部所需数据。
[2026-04-16 06:34:28] [SUCCESS] bvid=BV1WVQFBNEEq 已成功抓取全部所需数据。
[2026-04-16 06:34:34] [SUCCESS] bvid=BV1gzQFB7Ekg 已成功抓取全部所需数据。
[2026-04-16 06:34:39] [SUCCESS] bvid=BV1hqQFBUE9B 已成功抓取全部所需数据。
[2026-04-16 06:34:45] [SUCCESS] bvid=BV1HjQFBAEWL 已成功抓取全部所需数据。
[2026-04-16 06:34:51] [SUCCESS] bvid=BV1PGDqBqEQ1 已成功抓取全部所需数据。
[2026-04-16 06:34:56] [SUCCESS] bvid=BV1smDZBPEUq 已成功抓取全部所需数据。
[2026-04-16 06:35:01] [SUCCESS] bvid=BV1xQQFBuEE3 已成功抓取全部所需数据。
[2026-04-16 06:35:06] [SUCCESS] bvid=BV1Z5DYBUEWC 已成功抓取全部所需数据。
[2026-04-16 06:35:12] [SUCCESS] bvid=BV17nDZBQE2A 已成功抓取全部所需数据。
[2026-04-16 06:35:18] [SUCCESS] bvid=BV1DED4BQExz 已成功抓取全部所需数据。
[2026-04-16 06:35:24] [SUCCESS] bvid=BV19RDfB7EPw 已成功抓取全部所需数据。
[2026-04-16 06:35:29] [SUCCESS] bvid=BV1YBQwBdETE 已成功抓取全部所需数据。
[2026-04-16 06:35:34] [SUCCESS] bvid=BV1YBQwBdEeR 已成功抓取全部所需数据。
[2026-04-16 06:35:39] [SUCCESS] bvid=BV1ZMQcB4EtS 已成功抓取全部所需数据。
[2026-04-16 06:35:45] [SUCCESS] bvid=BV1gzQFB7EPu 已成功抓取全部所需数据。
[2026-04-16 06:35:50] [SUCCESS] bvid=BV1eBQwBdE7J 已成功抓取全部所需数据。
[2026-04-16 06:35:55] [SUCCESS] bvid=BV1GBQwBdE9V 已成功抓取全部所需数据。
[2026-04-16 06:36:01] [SUCCESS] bvid=BV1YBQwBdEQj 已成功抓取全部所需数据。
[2026-04-16 06:36:06] [SUCCESS] bvid=BV196QwBsEgB 已成功抓取全部所需数据。
[2026-04-16 06:36:11] [SUCCESS] bvid=BV1V6QwBsEhx 已成功抓取全部所需数据。
[2026-04-16 06:36:17] [SUCCESS] bvid=BV1G6QwBsEDu 已成功抓取全部所需数据。
[2026-04-16 06:36:22] [SUCCESS] bvid=BV1V6QwBsEjn 已成功抓取全部所需数据。
[2026-04-16 06:36:27] [SUCCESS] bvid=BV1Y6QwBsEb8 已成功抓取全部所需数据。
[2026-04-16 06:36:33] [SUCCESS] bvid=BV15XDfBSEsF 已成功抓取全部所需数据。
[2026-04-16 06:36:38] [SUCCESS] bvid=BV1qnXfBtEg1 已成功抓取全部所需数据。
[2026-04-16 06:36:43] [SUCCESS] bvid=BV1hZDfBLE3p 已成功抓取全部所需数据。
[2026-04-16 06:36:49] [SUCCESS] bvid=BV1nnQFB8E9b 已成功抓取全部所需数据。
[2026-04-16 06:36:54] [SUCCESS] bvid=BV1vxDWBnE88 已成功抓取全部所需数据。
[2026-04-16 06:36:59] [SUCCESS] bvid=BV1uHD4BDEaG 已成功抓取全部所需数据。
[2026-04-16 06:37:12] [SUCCESS] bvid=BV1BkDfBxEbr 已成功抓取全部所需数据。
[2026-04-16 06:37:18] [SUCCESS] bvid=BV1G6QwBsEBZ 已成功抓取全部所需数据。
[2026-04-16 06:37:23] [SUCCESS] bvid=BV1G6QwBsEqE 已成功抓取全部所需数据。
[2026-04-16 06:37:28] [SUCCESS] bvid=BV1QZDfBLEqM 已成功抓取全部所需数据。
[2026-04-16 06:37:39] [SUCCESS] bvid=BV1hdDfB2EmQ 已成功抓取全部所需数据。
[2026-04-16 06:37:45] [SUCCESS] bvid=BV1GdDfBmEW1 已成功抓取全部所需数据。
[2026-04-16 06:37:51] [SUCCESS] bvid=BV1SZDfBLER9 已成功抓取全部所需数据。
[2026-04-16 06:38:02] [SUCCESS] bvid=BV1QZDfBLEUN 已成功抓取全部所需数据。
[2026-04-16 06:38:07] [SUCCESS] bvid=BV1adDfB2EkN 已成功抓取全部所需数据。
[2026-04-16 06:38:13] [SUCCESS] bvid=BV19XDfBUESW 已成功抓取全部所需数据。
[2026-04-16 06:38:18] [SUCCESS] bvid=BV1vQDfBJEx5 已成功抓取全部所需数据。
[2026-04-16 06:38:24] [SUCCESS] bvid=BV1adDfB2Eoa 已成功抓取全部所需数据。
[2026-04-16 06:38:29] [SUCCESS] bvid=BV1YRDfB7Eyq 已成功抓取全部所需数据。
[2026-04-16 06:38:40] [SUCCESS] bvid=BV1DZDfBLE49 已成功抓取全部所需数据。
[2026-04-16 06:38:46] [SUCCESS] bvid=BV1YdDfB2Esq 已成功抓取全部所需数据。
[2026-04-16 06:38:51] [SUCCESS] bvid=BV1hZDfBLEAH 已成功抓取全部所需数据。
[2026-04-16 06:38:57] [SUCCESS] bvid=BV1aZDfBLEja 已成功抓取全部所需数据。
[2026-04-16 06:39:02] [SUCCESS] bvid=BV1XZDfBLEuB 已成功抓取全部所需数据。
[2026-04-16 06:39:07] [SUCCESS] bvid=BV17pDZBnEEV 已成功抓取全部所需数据。
[2026-04-16 06:39:13] [SUCCESS] bvid=BV1QZDfBLEbK 已成功抓取全部所需数据。
[2026-04-16 06:39:18] [SUCCESS] bvid=BV1RXDfBUEjN 已成功抓取全部所需数据。
[2026-04-16 06:39:27] [SUCCESS] bvid=BV1QZDfBLEL9 已成功抓取全部所需数据。
[2026-04-16 06:39:27] [ERROR] bvid=BV1eSDfBDEzc 抓取失败：stat: 接口返回错误代码：-404，信息：啥都木有。
{'code': -404, 'message': '啥都木有', 'ttl': 1} | comment: 接口返回错误代码：-404，信息：啥都木有。
{'code': -404, 'message': '啥都木有', 'ttl': 1}
[2026-04-16 06:39:32] [SUCCESS] bvid=BV1YXDfBUEuA 已成功抓取全部所需数据。
[2026-04-16 06:39:37] [SUCCESS] bvid=BV1YXDfBUEPC 已成功抓取全部所需数据。
[2026-04-16 06:39:43] [SUCCESS] bvid=BV1tPQFB3E9U 已成功抓取全部所需数据。
[2026-04-16 06:39:55] [SUCCESS] bvid=BV1eXDfBUE6Q 已成功抓取全部所需数据。
[2026-04-16 06:40:00] [SUCCESS] bvid=BV1G8DZB1ERv 已成功抓取全部所需数据。
[2026-04-16 06:40:06] [SUCCESS] bvid=BV1EGXFBfEtL 已成功抓取全部所需数据。
[2026-04-16 06:40:11] [SUCCESS] bvid=BV1d3QcBsERr 已成功抓取全部所需数据。
[2026-04-16 06:40:17] [SUCCESS] bvid=BV1uwQFBCEfV 已成功抓取全部所需数据。
[2026-04-16 06:40:22] [SUCCESS] bvid=BV1aRDfB7Eda 已成功抓取全部所需数据。
[2026-04-16 06:40:28] [SUCCESS] bvid=BV1UPQFB3EMB 已成功抓取全部所需数据。
[2026-04-16 06:40:33] [SUCCESS] bvid=BV1YRDfB7EG4 已成功抓取全部所需数据。
[2026-04-16 06:40:39] [SUCCESS] bvid=BV1YRDfB7EdZ 已成功抓取全部所需数据。
[2026-04-16 06:40:44] [SUCCESS] bvid=BV174QFBxECY 已成功抓取全部所需数据。
[2026-04-16 06:40:50] [SUCCESS] bvid=BV18cQFBVEN4 已成功抓取全部所需数据。
[2026-04-16 06:40:56] [SUCCESS] bvid=BV19RDfB7EN2 已成功抓取全部所需数据。
[2026-04-16 06:41:14] [SUCCESS] bvid=BV1H7QFBaERe 已成功抓取全部所需数据。
[2026-04-16 06:41:19] [SUCCESS] bvid=BV1GaDZB5EL5 已成功抓取全部所需数据。
[2026-04-16 06:41:24] [SUCCESS] bvid=BV1gxSoBiEti 已成功抓取全部所需数据。
[2026-04-16 06:41:29] [SUCCESS] bvid=BV1VGQcBRE1b 已成功抓取全部所需数据。
[2026-04-16 06:41:35] [SUCCESS] bvid=BV1MvDdBeEjA 已成功抓取全部所需数据。
[2026-04-16 06:41:46] [SUCCESS] bvid=BV1ZfDZBRE2g 已成功抓取全部所需数据。
[2026-04-16 06:41:51] [SUCCESS] bvid=BV12PXPBDE4a 已成功抓取全部所需数据。
[2026-04-16 06:41:56] [SUCCESS] bvid=BV1V3DfBmE11 已成功抓取全部所需数据。
[2026-04-16 06:42:02] [SUCCESS] bvid=BV1NUDZBYEbc 已成功抓取全部所需数据。
[2026-04-16 06:42:07] [SUCCESS] bvid=BV1ikDsBtEUu 已成功抓取全部所需数据。
[2026-04-16 06:42:12] [SUCCESS] bvid=BV1RMDfBUEyv 已成功抓取全部所需数据。
[2026-04-16 06:42:25] [SUCCESS] bvid=BV1bFDZBKEDQ 已成功抓取全部所需数据。
[2026-04-16 06:42:31] [SUCCESS] bvid=BV1bZDoBqEne 已成功抓取全部所需数据。
[2026-04-16 06:42:37] [SUCCESS] bvid=BV1T2QFBkEaF 已成功抓取全部所需数据。
[2026-04-16 06:42:42] [SUCCESS] bvid=BV158QFBWEQU 已成功抓取全部所需数据。
[2026-04-16 06:42:55] [SUCCESS] bvid=BV1emDoB5EvD 已成功抓取全部所需数据。
[2026-04-16 06:43:01] [SUCCESS] bvid=BV1HADbBrEMm 已成功抓取全部所需数据。
[2026-04-16 06:43:06] [SUCCESS] bvid=BV1itQFBREqf 已成功抓取全部所需数据。
[2026-04-16 06:43:12] [SUCCESS] bvid=BV1W3QFBiEwq 已成功抓取全部所需数据。
[2026-04-16 06:43:18] [SUCCESS] bvid=BV1h89MBVE2C 已成功抓取全部所需数据。
[2026-04-16 06:43:23] [SUCCESS] bvid=BV1sUDWBvEGy 已成功抓取全部所需数据。
[2026-04-16 06:43:28] [SUCCESS] bvid=BV1DeDvBCEnR 已成功抓取全部所需数据。
[2026-04-16 06:43:34] [SUCCESS] bvid=BV1twDxByE2C 已成功抓取全部所需数据。
[2026-04-16 06:43:40] [SUCCESS] bvid=BV1MsD7BoEhE 已成功抓取全部所需数据。
[2026-04-16 06:43:51] [SUCCESS] bvid=BV1PYDLBCEzg 已成功抓取全部所需数据。
[2026-04-16 06:43:57] [SUCCESS] bvid=BV1rQDWBYEo2 已成功抓取全部所需数据。
[2026-04-16 06:44:02] [SUCCESS] bvid=BV1t1QFBVEar 已成功抓取全部所需数据。
[2026-04-16 06:44:02] [WARN] 当前子任务已结束，但仍有未成功抓取的视频，已导出 remaining CSV 供继续执行。
[2026-04-16 06:44:02] [INFO] 已导出剔除成功条目后的剩余 CSV：D:\Schoolworks\Thesis\Bilibili-Datahub\outputs\video_data\manual_crawls\manual_crawl_stat_comment_20260415_211913\remaining_bvids_part_44.csv
[2026-04-16 06:44:02] 子任务结束时间：2026-04-16T06:44:02.220054
[TIMESTAMP][END] 2026-04-16T06:44:02
