[TIMESTAMP][BEGIN] 2026-04-16T07:40:17
[2026-04-16 07:40:20] 开始执行 CSV 批量抓取子任务 part_50。
[2026-04-16 07:40:20] 子任务开始时间：2026-04-16T07:40:17.739062
[2026-04-16 07:40:20] 输入文件：batch_input_50.csv
[2026-04-16 07:40:20] 输入唯一 bvid 数量：100
[2026-04-16 07:40:20] 为严格按 CSV 顺序判断连续失败阈值，本次任务自动将并发度从 2 调整为 1。
[2026-04-16 07:40:25] [SUCCESS] bvid=BV13rDtBdEy7 已成功抓取全部所需数据。
[2026-04-16 07:40:31] [SUCCESS] bvid=BV18rDtBdE2x 已成功抓取全部所需数据。
[2026-04-16 07:40:36] [SUCCESS] bvid=BV1gCDtBsEy6 已成功抓取全部所需数据。
[2026-04-16 07:40:47] [SUCCESS] bvid=BV1DyDtB9ENG 已成功抓取全部所需数据。
[2026-04-16 07:40:53] [SUCCESS] bvid=BV1vhDtBYERj 已成功抓取全部所需数据。
[2026-04-16 07:40:58] [SUCCESS] bvid=BV1LYDtBwEmf 已成功抓取全部所需数据。
[2026-04-16 07:41:03] [SUCCESS] bvid=BV1fNDbBuEhV 已成功抓取全部所需数据。
[2026-04-16 07:41:08] [SUCCESS] bvid=BV1FKDbBzEcE 已成功抓取全部所需数据。
[2026-04-16 07:41:13] [SUCCESS] bvid=BV1nADbBrEhg 已成功抓取全部所需数据。
[2026-04-16 07:41:24] [SUCCESS] bvid=BV1KTDxBGEoB 已成功抓取全部所需数据。
[2026-04-16 07:41:30] [SUCCESS] bvid=BV1dFDpBEE9r 已成功抓取全部所需数据。
[2026-04-16 07:41:35] [SUCCESS] bvid=BV1XrSdBiEfp 已成功抓取全部所需数据。
[2026-04-16 07:41:40] [SUCCESS] bvid=BV1o3DbBNEzs 已成功抓取全部所需数据。
[2026-04-16 07:41:45] [SUCCESS] bvid=BV1dGDbBeEtZ 已成功抓取全部所需数据。
[2026-04-16 07:41:50] [SUCCESS] bvid=BV1oGDbBeEKM 已成功抓取全部所需数据。
[2026-04-16 07:42:02] [SUCCESS] bvid=BV1ZMDbBTENt 已成功抓取全部所需数据。
[2026-04-16 07:42:13] [SUCCESS] bvid=BV1P9DtBmEeh 已成功抓取全部所需数据。
[2026-04-16 07:42:18] [SUCCESS] bvid=BV1xXDtBEETd 已成功抓取全部所需数据。
[2026-04-16 07:42:24] [SUCCESS] bvid=BV1KDDtBSELb 已成功抓取全部所需数据。
[2026-04-16 07:42:35] [SUCCESS] bvid=BV1xDDtBSEeD 已成功抓取全部所需数据。
[2026-04-16 07:42:41] [SUCCESS] bvid=BV12SDtBnEoq 已成功抓取全部所需数据。
[2026-04-16 07:42:47] [SUCCESS] bvid=BV1AfDtB5Egc 已成功抓取全部所需数据。
[2026-04-16 07:43:05] [SUCCESS] bvid=BV1pFDbBCEJc 已成功抓取全部所需数据。
[2026-04-16 07:43:17] [SUCCESS] bvid=BV1WdDtBjExb 已成功抓取全部所需数据。
[2026-04-16 07:43:29] [SUCCESS] bvid=BV1NdDtBjEci 已成功抓取全部所需数据。
[2026-04-16 07:43:40] [SUCCESS] bvid=BV1CVDxBTESC 已成功抓取全部所需数据。
[2026-04-16 07:43:52] [SUCCESS] bvid=BV1WVDxBTE6i 已成功抓取全部所需数据。
[2026-04-16 07:44:12] [SUCCESS] bvid=BV1w5DxBqEuJ 已成功抓取全部所需数据。
[2026-04-16 07:44:23] [SUCCESS] bvid=BV1RNDsBXESU 已成功抓取全部所需数据。
[2026-04-16 07:44:36] [SUCCESS] bvid=BV1p5DxBiExp 已成功抓取全部所需数据。
[2026-04-16 07:44:42] [SUCCESS] bvid=BV1n5DxBiEys 已成功抓取全部所需数据。
[2026-04-16 07:44:54] [SUCCESS] bvid=BV1BnDxBaEou 已成功抓取全部所需数据。
[2026-04-16 07:45:00] [SUCCESS] bvid=BV1JJDxBAE5A 已成功抓取全部所需数据。
[2026-04-16 07:45:06] [SUCCESS] bvid=BV1W3DxBBERw 已成功抓取全部所需数据。
[2026-04-16 07:45:18] [SUCCESS] bvid=BV16JDxBAEn4 已成功抓取全部所需数据。
[2026-04-16 07:45:30] [SUCCESS] bvid=BV16JDxBAEHq 已成功抓取全部所需数据。
[2026-04-16 07:45:35] [SUCCESS] bvid=BV16nDxBaEFU 已成功抓取全部所需数据。
[2026-04-16 07:45:41] [SUCCESS] bvid=BV1JJDxBAE5s 已成功抓取全部所需数据。
[2026-04-16 07:45:47] [SUCCESS] bvid=BV1njDxBNEvY 已成功抓取全部所需数据。
[2026-04-16 07:45:52] [SUCCESS] bvid=BV1HjDxBKEmF 已成功抓取全部所需数据。
[2026-04-16 07:45:58] [SUCCESS] bvid=BV1bwDxByEeE 已成功抓取全部所需数据。
[2026-04-16 07:46:03] [SUCCESS] bvid=BV18cDxBLExj 已成功抓取全部所需数据。
[2026-04-16 07:46:09] [SUCCESS] bvid=BV1hZDsB7EHe 已成功抓取全部所需数据。
[2026-04-16 07:46:14] [SUCCESS] bvid=BV1UwDxByE7u 已成功抓取全部所需数据。
[2026-04-16 07:46:20] [SUCCESS] bvid=BV18ZDsB7Ehc 已成功抓取全部所需数据。
[2026-04-16 07:46:25] [SUCCESS] bvid=BV18fDsB2Err 已成功抓取全部所需数据。
[2026-04-16 07:46:30] [SUCCESS] bvid=BV18fDsB2Ekb 已成功抓取全部所需数据。
[2026-04-16 07:46:42] [SUCCESS] bvid=BV11TDxB3Eec 已成功抓取全部所需数据。
[2026-04-16 07:46:47] [SUCCESS] bvid=BV1xMDxB6EDp 已成功抓取全部所需数据。
[2026-04-16 07:46:58] [SUCCESS] bvid=BV1mPDxBVEKM 已成功抓取全部所需数据。
[2026-04-16 07:46:58] [ERROR] bvid=BV1xNDxBkEXt 抓取失败：stat: 接口返回错误代码：-404，信息：啥都木有。
{'code': -404, 'message': '啥都木有', 'ttl': 1} | comment: 接口返回错误代码：-404，信息：啥都木有。
{'code': -404, 'message': '啥都木有', 'ttl': 1}
[2026-04-16 07:47:11] [SUCCESS] bvid=BV14NDxBkER1 已成功抓取全部所需数据。
[2026-04-16 07:47:23] [SUCCESS] bvid=BV1RPDsBWEmz 已成功抓取全部所需数据。
[2026-04-16 07:47:29] [SUCCESS] bvid=BV12WSDBkEnR 已成功抓取全部所需数据。
[2026-04-16 07:47:41] [SUCCESS] bvid=BV14NDxBkEUu 已成功抓取全部所需数据。
[2026-04-16 07:47:46] [SUCCESS] bvid=BV1xNDxBkERp 已成功抓取全部所需数据。
[2026-04-16 07:47:52] [SUCCESS] bvid=BV13qDxBDEUm 已成功抓取全部所需数据。
[2026-04-16 07:47:58] [SUCCESS] bvid=BV13qDxBDE75 已成功抓取全部所需数据。
[2026-04-16 07:48:10] [SUCCESS] bvid=BV1DzDxBJET2 已成功抓取全部所需数据。
[2026-04-16 07:48:16] [SUCCESS] bvid=BV1gzDxBJEY3 已成功抓取全部所需数据。
[2026-04-16 07:48:28] [SUCCESS] bvid=BV1gzDxBJEc7 已成功抓取全部所需数据。
[2026-04-16 07:48:33] [SUCCESS] bvid=BV1gzDxBJEon 已成功抓取全部所需数据。
[2026-04-16 07:48:39] [SUCCESS] bvid=BV1hzDxBJE5d 已成功抓取全部所需数据。
[2026-04-16 07:48:51] [SUCCESS] bvid=BV1YeDxBXEZz 已成功抓取全部所需数据。
[2026-04-16 07:48:57] [SUCCESS] bvid=BV13eDxBXExT 已成功抓取全部所需数据。
[2026-04-16 07:49:03] [SUCCESS] bvid=BV1GiDxBHEiz 已成功抓取全部所需数据。
[2026-04-16 07:49:08] [SUCCESS] bvid=BV1aiDxBHEty 已成功抓取全部所需数据。
[2026-04-16 07:49:20] [SUCCESS] bvid=BV1GiDxBHEiZ 已成功抓取全部所需数据。
[2026-04-16 07:49:32] [SUCCESS] bvid=BV1u6DxBUESG 已成功抓取全部所需数据。
[2026-04-16 07:49:37] [SUCCESS] bvid=BV1T1DxBLEEe 已成功抓取全部所需数据。
[2026-04-16 07:49:49] [SUCCESS] bvid=BV1t1DxBLEvF 已成功抓取全部所需数据。
[2026-04-16 07:49:55] [SUCCESS] bvid=BV1vkDpBSEzF 已成功抓取全部所需数据。
[2026-04-16 07:50:01] [SUCCESS] bvid=BV1caDpBtEKe 已成功抓取全部所需数据。
[2026-04-16 07:50:08] [SUCCESS] bvid=BV1g6DxBUEpT 已成功抓取全部所需数据。
[2026-04-16 07:50:12] [SUCCESS] bvid=BV1gkDxB7EFs 已成功抓取全部所需数据。
[2026-04-16 07:50:18] [SUCCESS] bvid=BV1BsDxBfELs 已成功抓取全部所需数据。
[2026-04-16 07:50:23] [SUCCESS] bvid=BV1NPXfBgEoU 已成功抓取全部所需数据。
[2026-04-16 07:50:34] [SUCCESS] bvid=BV1jsDxBfEaQ 已成功抓取全部所需数据。
[2026-04-16 07:50:39] [SUCCESS] bvid=BV1i4DxBtEPc 已成功抓取全部所需数据。
[2026-04-16 07:50:44] [SUCCESS] bvid=BV1ruDHBWEFD 已成功抓取全部所需数据。
[2026-04-16 07:50:50] [SUCCESS] bvid=BV1L4DxBtEie 已成功抓取全部所需数据。
[2026-04-16 07:51:08] [SUCCESS] bvid=BV1R4DxBtEZf 已成功抓取全部所需数据。
[2026-04-16 07:51:14] [SUCCESS] bvid=BV1BWDxB8Ee7 已成功抓取全部所需数据。
[2026-04-16 07:51:25] [SUCCESS] bvid=BV1BpDxBcEsz 已成功抓取全部所需数据。
[2026-04-16 07:51:30] [SUCCESS] bvid=BV1BWDxB8Emm 已成功抓取全部所需数据。
[2026-04-16 07:51:35] [SUCCESS] bvid=BV1BWDxB8EoS 已成功抓取全部所需数据。
[2026-04-16 07:51:40] [SUCCESS] bvid=BV1EWDxB8Eby 已成功抓取全部所需数据。
[2026-04-16 07:51:45] [SUCCESS] bvid=BV1jWDxB8EsP 已成功抓取全部所需数据。
[2026-04-16 07:51:57] [SUCCESS] bvid=BV1zWDxB8ETZ 已成功抓取全部所需数据。
[2026-04-16 07:52:09] [SUCCESS] bvid=BV1EWDxB8EBR 已成功抓取全部所需数据。
[2026-04-16 07:52:14] [SUCCESS] bvid=BV15hDxBRECx 已成功抓取全部所需数据。
[2026-04-16 07:52:19] [SUCCESS] bvid=BV15hDxBREii 已成功抓取全部所需数据。
[2026-04-16 07:52:30] [SUCCESS] bvid=BV1VhDxBREsb 已成功抓取全部所需数据。
[2026-04-16 07:52:36] [SUCCESS] bvid=BV1vhDxBRE3C 已成功抓取全部所需数据。
[2026-04-16 07:52:41] [SUCCESS] bvid=BV1VYDxBWEwk 已成功抓取全部所需数据。
[2026-04-16 07:52:53] [SUCCESS] bvid=BV1FRDWBhEDq 已成功抓取全部所需数据。
[2026-04-16 07:52:58] [SUCCESS] bvid=BV1dQDLBhEDd 已成功抓取全部所需数据。
[2026-04-16 07:53:03] [SUCCESS] bvid=BV1eYDxBWEYE 已成功抓取全部所需数据。
[2026-04-16 07:53:16] [SUCCESS] bvid=BV15tDxBoES7 已成功抓取全部所需数据。
[2026-04-16 07:53:29] [SUCCESS] bvid=BV1L8DxBxEju 已成功抓取全部所需数据。
[2026-04-16 07:53:29] [WARN] 当前子任务已结束，但仍有未成功抓取的视频，已导出 remaining CSV 供继续执行。
[2026-04-16 07:53:29] [INFO] 已导出剔除成功条目后的剩余 CSV：D:\Schoolworks\Thesis\Bilibili-Datahub\outputs\video_data\manual_crawls\manual_crawl_stat_comment_20260415_211913\remaining_bvids_part_50.csv
[2026-04-16 07:53:29] 子任务结束时间：2026-04-16T07:53:29.870905
[TIMESTAMP][END] 2026-04-16T07:53:29
