[TIMESTAMP][BEGIN] 2026-04-16T06:44:02
[2026-04-16 06:44:05] 开始执行 CSV 批量抓取子任务 part_45。
[2026-04-16 06:44:05] 子任务开始时间：2026-04-16T06:44:02.403499
[2026-04-16 06:44:05] 输入文件：batch_input_45.csv
[2026-04-16 06:44:05] 输入唯一 bvid 数量：100
[2026-04-16 06:44:05] 为严格按 CSV 顺序判断连续失败阈值，本次任务自动将并发度从 2 调整为 1。
[2026-04-16 06:44:11] [SUCCESS] bvid=BV1DaDYBTEZp 已成功抓取全部所需数据。
[2026-04-16 06:44:16] [SUCCESS] bvid=BV1SwQFBkEhe 已成功抓取全部所需数据。
[2026-04-16 06:44:27] [SUCCESS] bvid=BV1bwQFBkEiQ 已成功抓取全部所需数据。
[2026-04-16 06:44:33] [SUCCESS] bvid=BV1UwQFBkEyg 已成功抓取全部所需数据。
[2026-04-16 06:44:45] [SUCCESS] bvid=BV1bPQFB3EnT 已成功抓取全部所需数据。
[2026-04-16 06:44:51] [SUCCESS] bvid=BV1UPQFB3E1h 已成功抓取全部所需数据。
[2026-04-16 06:44:56] [SUCCESS] bvid=BV1bPQFB3EmH 已成功抓取全部所需数据。
[2026-04-16 06:45:02] [SUCCESS] bvid=BV1r5DZBdEm3 已成功抓取全部所需数据。
[2026-04-16 06:45:07] [SUCCESS] bvid=BV1hfDfByE8o 已成功抓取全部所需数据。
[2026-04-16 06:45:13] [SUCCESS] bvid=BV1hfDfByESW 已成功抓取全部所需数据。
[2026-04-16 06:45:18] [SUCCESS] bvid=BV18cQFBVE9a 已成功抓取全部所需数据。
[2026-04-16 06:45:29] [SUCCESS] bvid=BV1hcQFBVENf 已成功抓取全部所需数据。
[2026-04-16 06:45:35] [SUCCESS] bvid=BV1bcQFBVEba 已成功抓取全部所需数据。
[2026-04-16 06:45:41] [SUCCESS] bvid=BV1n6DfBZE5o 已成功抓取全部所需数据。
[2026-04-16 06:45:46] [SUCCESS] bvid=BV1VYQFBHE11 已成功抓取全部所需数据。
[2026-04-16 06:45:58] [SUCCESS] bvid=BV1B1DfBWE7E 已成功抓取全部所需数据。
[2026-04-16 06:46:04] [SUCCESS] bvid=BV1mWD4BEEXL 已成功抓取全部所需数据。
[2026-04-16 06:46:10] [SUCCESS] bvid=BV1iCDfBREdj 已成功抓取全部所需数据。
[2026-04-16 06:46:15] [SUCCESS] bvid=BV1ScQFBVES7 已成功抓取全部所需数据。
[2026-04-16 06:46:21] [SUCCESS] bvid=BV1BCDfBREqa 已成功抓取全部所需数据。
[2026-04-16 06:46:26] [SUCCESS] bvid=BV1Z1DfBWEe1 已成功抓取全部所需数据。
[2026-04-16 06:46:31] [SUCCESS] bvid=BV1q1DfBWED1 已成功抓取全部所需数据。
[2026-04-16 06:46:37] [SUCCESS] bvid=BV1ARDxBuEc4 已成功抓取全部所需数据。
[2026-04-16 06:46:42] [SUCCESS] bvid=BV1i1DfBWE5z 已成功抓取全部所需数据。
[2026-04-16 06:46:48] [SUCCESS] bvid=BV1i1DfBWEDp 已成功抓取全部所需数据。
[2026-04-16 06:46:54] [SUCCESS] bvid=BV1z6DfBoENm 已成功抓取全部所需数据。
[2026-04-16 06:46:59] [SUCCESS] bvid=BV166DfBoENc 已成功抓取全部所需数据。
[2026-04-16 06:47:05] [SUCCESS] bvid=BV1F6DfBZEpu 已成功抓取全部所需数据。
[2026-04-16 06:47:11] [SUCCESS] bvid=BV1MmDtBQEZg 已成功抓取全部所需数据。
[2026-04-16 06:47:17] [SUCCESS] bvid=BV1i2DiBsEp5 已成功抓取全部所需数据。
[2026-04-16 06:47:22] [SUCCESS] bvid=BV11KDZBwEVj 已成功抓取全部所需数据。
[2026-04-16 06:47:35] [SUCCESS] bvid=BV1GzQFBEELo 已成功抓取全部所需数据。
[2026-04-16 06:47:40] [SUCCESS] bvid=BV1e7QcBHEL2 已成功抓取全部所需数据。
[2026-04-16 06:47:46] [SUCCESS] bvid=BV15rDaBGEYR 已成功抓取全部所需数据。
[2026-04-16 06:47:51] [SUCCESS] bvid=BV142QFBkEFg 已成功抓取全部所需数据。
[2026-04-16 06:48:03] [SUCCESS] bvid=BV1BkDfBxE8B 已成功抓取全部所需数据。
[2026-04-16 06:48:08] [SUCCESS] bvid=BV1zkDfBxEsx 已成功抓取全部所需数据。
[2026-04-16 06:48:14] [SUCCESS] bvid=BV1cFDbBCE3K 已成功抓取全部所需数据。
[2026-04-16 06:48:25] [SUCCESS] bvid=BV1vSDfBDEeL 已成功抓取全部所需数据。
[2026-04-16 06:48:30] [SUCCESS] bvid=BV1vQDfBJEHe 已成功抓取全部所需数据。
[2026-04-16 06:48:36] [SUCCESS] bvid=BV19QDfBJE59 已成功抓取全部所需数据。
[2026-04-16 06:48:47] [SUCCESS] bvid=BV1eQDfBJEuM 已成功抓取全部所需数据。
[2026-04-16 06:48:58] [SUCCESS] bvid=BV1YQDfBJE7S 已成功抓取全部所需数据。
[2026-04-16 06:49:04] [SUCCESS] bvid=BV15QDfBnEgS 已成功抓取全部所需数据。
[2026-04-16 06:49:10] [SUCCESS] bvid=BV19QDfBJEqY 已成功抓取全部所需数据。
[2026-04-16 06:49:14] [SUCCESS] bvid=BV19QDfBJEWH 已成功抓取全部所需数据。
[2026-04-16 06:49:20] [SUCCESS] bvid=BV1eQDfBJEpK 已成功抓取全部所需数据。
[2026-04-16 06:49:24] [SUCCESS] bvid=BV1YQDfBJERh 已成功抓取全部所需数据。
[2026-04-16 06:49:29] [SUCCESS] bvid=BV1LQDfBnEHf 已成功抓取全部所需数据。
[2026-04-16 06:49:34] [SUCCESS] bvid=BV1i2DfBXEG9 已成功抓取全部所需数据。
[2026-04-16 06:49:40] [SUCCESS] bvid=BV172DfB9EbL 已成功抓取全部所需数据。
[2026-04-16 06:49:45] [SUCCESS] bvid=BV1N1DZBvECK 已成功抓取全部所需数据。
[2026-04-16 06:49:50] [SUCCESS] bvid=BV1i2DfBXEmg 已成功抓取全部所需数据。
[2026-04-16 06:50:02] [SUCCESS] bvid=BV1jUDfBpE2Q 已成功抓取全部所需数据。
[2026-04-16 06:50:08] [SUCCESS] bvid=BV1vUDfBpEzz 已成功抓取全部所需数据。
[2026-04-16 06:50:13] [SUCCESS] bvid=BV1LUDfBpEgv 已成功抓取全部所需数据。
[2026-04-16 06:50:18] [SUCCESS] bvid=BV1vUDfBHEpp 已成功抓取全部所需数据。
[2026-04-16 06:50:23] [SUCCESS] bvid=BV1vUDfBHES5 已成功抓取全部所需数据。
[2026-04-16 06:50:28] [SUCCESS] bvid=BV1dUDfBHEu4 已成功抓取全部所需数据。
[2026-04-16 06:50:33] [SUCCESS] bvid=BV1dUDfBHEgM 已成功抓取全部所需数据。
[2026-04-16 06:50:38] [SUCCESS] bvid=BV1vUDfBHE7W 已成功抓取全部所需数据。
[2026-04-16 06:50:43] [SUCCESS] bvid=BV1vUDfBHE7K 已成功抓取全部所需数据。
[2026-04-16 06:50:55] [SUCCESS] bvid=BV1vUDfBHESM 已成功抓取全部所需数据。
[2026-04-16 06:50:59] [SUCCESS] bvid=BV1vUDfBHESp 已成功抓取全部所需数据。
[2026-04-16 06:51:11] [SUCCESS] bvid=BV1vUDfBHEhY 已成功抓取全部所需数据。
[2026-04-16 06:51:15] [SUCCESS] bvid=BV1vUDfBHEaD 已成功抓取全部所需数据。
[2026-04-16 06:51:21] [SUCCESS] bvid=BV1LUDfBpEHz 已成功抓取全部所需数据。
[2026-04-16 06:51:26] [SUCCESS] bvid=BV1vUDfBHE5R 已成功抓取全部所需数据。
[2026-04-16 06:51:31] [SUCCESS] bvid=BV1JpQFBFEdM 已成功抓取全部所需数据。
[2026-04-16 06:51:43] [SUCCESS] bvid=BV1JHQFBfEDW 已成功抓取全部所需数据。
[2026-04-16 06:51:48] [SUCCESS] bvid=BV1EnQFB8ECc 已成功抓取全部所需数据。
[2026-04-16 06:52:00] [SUCCESS] bvid=BV1RTDfBJEiA 已成功抓取全部所需数据。
[2026-04-16 06:52:06] [SUCCESS] bvid=BV1KQQFBuELh 已成功抓取全部所需数据。
[2026-04-16 06:52:11] [SUCCESS] bvid=BV1nHQFBfEPu 已成功抓取全部所需数据。
[2026-04-16 06:52:16] [SUCCESS] bvid=BV16HQFBfEF6 已成功抓取全部所需数据。
[2026-04-16 06:52:22] [SUCCESS] bvid=BV1p7QFBaEnk 已成功抓取全部所需数据。
[2026-04-16 06:52:27] [SUCCESS] bvid=BV1WNDYBdEUz 已成功抓取全部所需数据。
[2026-04-16 06:52:32] [SUCCESS] bvid=BV1uQDaBvEeq 已成功抓取全部所需数据。
[2026-04-16 06:52:44] [SUCCESS] bvid=BV1E7DZB9Eqn 已成功抓取全部所需数据。
[2026-04-16 06:52:49] [SUCCESS] bvid=BV1uCQFByE4G 已成功抓取全部所需数据。
[2026-04-16 06:52:54] [SUCCESS] bvid=BV1tcDZBvEdy 已成功抓取全部所需数据。
[2026-04-16 06:53:00] [SUCCESS] bvid=BV1R3QcBsExn 已成功抓取全部所需数据。
[2026-04-16 06:53:05] [SUCCESS] bvid=BV1H7QFBaEmE 已成功抓取全部所需数据。
[2026-04-16 06:53:11] [SUCCESS] bvid=BV1k7QFBaE6c 已成功抓取全部所需数据。
[2026-04-16 06:53:16] [SUCCESS] bvid=BV1rJQFBcEqN 已成功抓取全部所需数据。
[2026-04-16 06:53:22] [SUCCESS] bvid=BV1nJQFBcEG9 已成功抓取全部所需数据。
[2026-04-16 06:53:27] [SUCCESS] bvid=BV16JQFBcEWM 已成功抓取全部所需数据。
[2026-04-16 06:53:32] [SUCCESS] bvid=BV16JQFBcEhx 已成功抓取全部所需数据。
[2026-04-16 06:53:44] [SUCCESS] bvid=BV1wJQFBwEGo 已成功抓取全部所需数据。
[2026-04-16 06:53:50] [SUCCESS] bvid=BV174QFBxEi6 已成功抓取全部所需数据。
[2026-04-16 06:53:55] [SUCCESS] bvid=BV174QFBxEX5 已成功抓取全部所需数据。
[2026-04-16 06:54:00] [SUCCESS] bvid=BV17sQFBoE7a 已成功抓取全部所需数据。
[2026-04-16 06:54:05] [SUCCESS] bvid=BV1qtQFBRE8X 已成功抓取全部所需数据。
[2026-04-16 06:54:11] [SUCCESS] bvid=BV1LtQFBREvH 已成功抓取全部所需数据。
[2026-04-16 06:54:16] [SUCCESS] bvid=BV1EWQFBtEdH 已成功抓取全部所需数据。
[2026-04-16 06:54:21] [SUCCESS] bvid=BV12MQFBBEsb 已成功抓取全部所需数据。
[2026-04-16 06:54:26] [SUCCESS] bvid=BV1KSQFB6EHF 已成功抓取全部所需数据。
[2026-04-16 06:54:32] [SUCCESS] bvid=BV1xMQFBBEjB 已成功抓取全部所需数据。
[2026-04-16 06:54:37] [SUCCESS] bvid=BV14MQFBBE6B 已成功抓取全部所需数据。
[2026-04-16 06:54:43] [SUCCESS] bvid=BV1KmDZBPEGM 已成功抓取全部所需数据。
[2026-04-16 06:54:43] [INFO] 当前 batch_crawl 已完成，所有视频均已成功抓取。
[2026-04-16 06:54:43] 子任务结束时间：2026-04-16T06:54:43.676448
[TIMESTAMP][END] 2026-04-16T06:54:43
