[TIMESTAMP][BEGIN] 2026-04-16T00:32:21
[2026-04-16 00:32:24] 开始执行 CSV 批量抓取子任务 part_15。
[2026-04-16 00:32:24] 子任务开始时间：2026-04-16T00:32:21.554034
[2026-04-16 00:32:24] 输入文件：batch_input_15.csv
[2026-04-16 00:32:24] 输入唯一 bvid 数量：100
[2026-04-16 00:32:24] 为严格按 CSV 顺序判断连续失败阈值，本次任务自动将并发度从 2 调整为 1。
[2026-04-16 00:32:30] [SUCCESS] bvid=BV1DMQ4BpErN 已成功抓取全部所需数据。
[2026-04-16 00:32:42] [SUCCESS] bvid=BV1xPQ8BXE5x 已成功抓取全部所需数据。
[2026-04-16 00:32:48] [SUCCESS] bvid=BV1eCQbBTEZw 已成功抓取全部所需数据。
[2026-04-16 00:32:54] [SUCCESS] bvid=BV1yPQ8BXE4t 已成功抓取全部所需数据。
[2026-04-16 00:33:06] [SUCCESS] bvid=BV1xPQ8BXEaA 已成功抓取全部所需数据。
[2026-04-16 00:33:17] [SUCCESS] bvid=BV11PQ8BXE5T 已成功抓取全部所需数据。
[2026-04-16 00:33:23] [SUCCESS] bvid=BV1sKQ8BHE9e 已成功抓取全部所需数据。
[2026-04-16 00:33:41] [SUCCESS] bvid=BV1yKQ8BHE83 已成功抓取全部所需数据。
[2026-04-16 00:33:54] [SUCCESS] bvid=BV1AKQ8BnEjs 已成功抓取全部所需数据。
[2026-04-16 00:34:00] [SUCCESS] bvid=BV1tcQ8BREAo 已成功抓取全部所需数据。
[2026-04-16 00:34:06] [SUCCESS] bvid=BV12cQ8BRED4 已成功抓取全部所需数据。
[2026-04-16 00:34:11] [SUCCESS] bvid=BV11cQ8BREUN 已成功抓取全部所需数据。
[2026-04-16 00:34:17] [SUCCESS] bvid=BV1tcQ8BRENe 已成功抓取全部所需数据。
[2026-04-16 00:34:30] [SUCCESS] bvid=BV1sAQ8BWEMu 已成功抓取全部所需数据。
[2026-04-16 00:34:36] [SUCCESS] bvid=BV192QbBNEqj 已成功抓取全部所需数据。
[2026-04-16 00:34:48] [SUCCESS] bvid=BV1v2QbBNEKm 已成功抓取全部所需数据。
[2026-04-16 00:35:07] [SUCCESS] bvid=BV1Y2QbBNE68 已成功抓取全部所需数据。
[2026-04-16 00:35:19] [SUCCESS] bvid=BV1amQbBeER4 已成功抓取全部所需数据。
[2026-04-16 00:35:31] [SUCCESS] bvid=BV1mfQ4BEEF9 已成功抓取全部所需数据。
[2026-04-16 00:35:37] [SUCCESS] bvid=BV1ewQ4BtEgP 已成功抓取全部所需数据。
[2026-04-16 00:35:43] [SUCCESS] bvid=BV1dCQbBTE6w 已成功抓取全部所需数据。
[2026-04-16 00:35:49] [SUCCESS] bvid=BV1U5Q4BEEHT 已成功抓取全部所需数据。
[2026-04-16 00:36:00] [SUCCESS] bvid=BV1emQbBeE5C 已成功抓取全部所需数据。
[2026-04-16 00:36:07] [SUCCESS] bvid=BV1vCQbBTEVv 已成功抓取全部所需数据。
[2026-04-16 00:36:13] [SUCCESS] bvid=BV1emQbBeEj5 已成功抓取全部所需数据。
[2026-04-16 00:36:26] [SUCCESS] bvid=BV1xFQtBmE6R 已成功抓取全部所需数据。
[2026-04-16 00:36:32] [SUCCESS] bvid=BV1jqDXBiEtY 已成功抓取全部所需数据。
[2026-04-16 00:36:38] [SUCCESS] bvid=BV15DQyBmES5 已成功抓取全部所需数据。
[2026-04-16 00:36:44] [SUCCESS] bvid=BV15DQyBmEik 已成功抓取全部所需数据。
[2026-04-16 00:36:50] [SUCCESS] bvid=BV11ZQsB3EGk 已成功抓取全部所需数据。
[2026-04-16 00:36:56] [SUCCESS] bvid=BV1v8DjBeEJo 已成功抓取全部所需数据。
[2026-04-16 00:37:03] [SUCCESS] bvid=BV1KoDXBXEA8 已成功抓取全部所需数据。
[2026-04-16 00:37:09] [SUCCESS] bvid=BV1vyQbBqEbb 已成功抓取全部所需数据。
[2026-04-16 00:37:21] [SUCCESS] bvid=BV19CQbBTEfp 已成功抓取全部所需数据。
[2026-04-16 00:37:27] [SUCCESS] bvid=BV1oCQbBTE3n 已成功抓取全部所需数据。
[2026-04-16 00:37:33] [SUCCESS] bvid=BV1hSQbBAEBy 已成功抓取全部所需数据。
[2026-04-16 00:37:39] [SUCCESS] bvid=BV1vCQbBTEMP 已成功抓取全部所需数据。
[2026-04-16 00:37:44] [SUCCESS] bvid=BV1vCQbBTEUR 已成功抓取全部所需数据。
[2026-04-16 00:37:57] [SUCCESS] bvid=BV1eyQbBiEB7 已成功抓取全部所需数据。
[2026-04-16 00:38:02] [SUCCESS] bvid=BV18XQbBcErm 已成功抓取全部所需数据。
[2026-04-16 00:38:14] [SUCCESS] bvid=BV18XQbBcEd7 已成功抓取全部所需数据。
[2026-04-16 00:38:20] [SUCCESS] bvid=BV13XQbBwESM 已成功抓取全部所需数据。
[2026-04-16 00:38:26] [SUCCESS] bvid=BV1DXQbBcEZq 已成功抓取全部所需数据。
[2026-04-16 00:38:33] [SUCCESS] bvid=BV18XQbBcE1w 已成功抓取全部所需数据。
[2026-04-16 00:38:45] [SUCCESS] bvid=BV1hXQbBcE9N 已成功抓取全部所需数据。
[2026-04-16 00:38:50] [SUCCESS] bvid=BV1aXQbBcEKR 已成功抓取全部所需数据。
[2026-04-16 00:39:03] [SUCCESS] bvid=BV1h9QbB8Erq 已成功抓取全部所需数据。
[2026-04-16 00:39:08] [SUCCESS] bvid=BV189QbB8E3m 已成功抓取全部所需数据。
[2026-04-16 00:39:14] [SUCCESS] bvid=BV1C7QsBBEa4 已成功抓取全部所需数据。
[2026-04-16 00:39:20] [SUCCESS] bvid=BV19kDCBgEZp 已成功抓取全部所需数据。
[2026-04-16 00:39:31] [SUCCESS] bvid=BV1h9QbB8EVr 已成功抓取全部所需数据。
[2026-04-16 00:39:44] [SUCCESS] bvid=BV1h9QbB8EVJ 已成功抓取全部所需数据。
[2026-04-16 00:39:49] [SUCCESS] bvid=BV1YSQbBAEUD 已成功抓取全部所需数据。
[2026-04-16 00:40:02] [SUCCESS] bvid=BV1XSQbBAEwD 已成功抓取全部所需数据。
[2026-04-16 00:40:14] [SUCCESS] bvid=BV19SQbBAEcg 已成功抓取全部所需数据。
[2026-04-16 00:40:20] [SUCCESS] bvid=BV1XSQbBAEXp 已成功抓取全部所需数据。
[2026-04-16 00:40:28] [SUCCESS] bvid=BV1GDQbBYEai 已成功抓取全部所需数据。
[2026-04-16 00:40:46] [SUCCESS] bvid=BV1aDQbBaEek 已成功抓取全部所需数据。
[2026-04-16 00:40:47] [ERROR] bvid=BV1aDQbBaExX 抓取失败：stat: 接口返回错误代码：62002，信息：稿件不可见。
{'code': 62002, 'message': '稿件不可见', 'ttl': 1} | comment: 接口返回错误代码：62002，信息：稿件不可见。
{'code': 62002, 'message': '稿件不可见', 'ttl': 1}
[2026-04-16 00:40:52] [SUCCESS] bvid=BV1hDQbBaEUx 已成功抓取全部所需数据。
[2026-04-16 00:40:59] [SUCCESS] bvid=BV1hDQbBaES9 已成功抓取全部所需数据。
[2026-04-16 00:41:11] [SUCCESS] bvid=BV18DQbBaEdJ 已成功抓取全部所需数据。
[2026-04-16 00:41:17] [SUCCESS] bvid=BV1dZQxBFEmL 已成功抓取全部所需数据。
[2026-04-16 00:41:30] [SUCCESS] bvid=BV1DKQ4B9EEV 已成功抓取全部所需数据。
[2026-04-16 00:41:36] [SUCCESS] bvid=BV1DKQ4B9Enc 已成功抓取全部所需数据。
[2026-04-16 00:41:42] [SUCCESS] bvid=BV1gMQ4BWE77 已成功抓取全部所需数据。
[2026-04-16 00:41:48] [SUCCESS] bvid=BV1DKQ4B9EYL 已成功抓取全部所需数据。
[2026-04-16 00:42:00] [SUCCESS] bvid=BV1gsQxBXEyH 已成功抓取全部所需数据。
[2026-04-16 00:42:06] [SUCCESS] bvid=BV1YwQ4BtE8j 已成功抓取全部所需数据。
[2026-04-16 00:42:12] [SUCCESS] bvid=BV1RCQ4BbEV1 已成功抓取全部所需数据。
[2026-04-16 00:42:18] [SUCCESS] bvid=BV1pRDUBqE5J 已成功抓取全部所需数据。
[2026-04-16 00:42:24] [SUCCESS] bvid=BV1F9D9ByEEo 已成功抓取全部所需数据。
[2026-04-16 00:42:31] [SUCCESS] bvid=BV1GKQ4BREAo 已成功抓取全部所需数据。
[2026-04-16 00:42:49] [SUCCESS] bvid=BV13KQ4BREc1 已成功抓取全部所需数据。
[2026-04-16 00:43:00] [SUCCESS] bvid=BV1DKQ4B9EUT 已成功抓取全部所需数据。
[2026-04-16 00:43:18] [SUCCESS] bvid=BV18MQ4BWEXf 已成功抓取全部所需数据。
[2026-04-16 00:43:37] [SUCCESS] bvid=BV1DMQ4BpECV 已成功抓取全部所需数据。
[2026-04-16 00:43:51] [SUCCESS] bvid=BV19AQ4BdEpf 已成功抓取全部所需数据。
[2026-04-16 00:44:03] [SUCCESS] bvid=BV1FnDjBrErp 已成功抓取全部所需数据。
[2026-04-16 00:44:16] [SUCCESS] bvid=BV1oVDQBAESu 已成功抓取全部所需数据。
[2026-04-16 00:44:28] [SUCCESS] bvid=BV1vqDXBvEEg 已成功抓取全部所需数据。
[2026-04-16 00:44:40] [SUCCESS] bvid=BV1KmDZBPE78 已成功抓取全部所需数据。
[2026-04-16 00:44:46] [SUCCESS] bvid=BV1nuQtBrEmp 已成功抓取全部所需数据。
[2026-04-16 00:44:59] [SUCCESS] bvid=BV1X2Q4B4EK5 已成功抓取全部所需数据。
[2026-04-16 00:45:05] [SUCCESS] bvid=BV11RQsBVEcZ 已成功抓取全部所需数据。
[2026-04-16 00:45:11] [SUCCESS] bvid=BV1q2DfBXErF 已成功抓取全部所需数据。
[2026-04-16 00:45:23] [SUCCESS] bvid=BV1hmQ4BdEQf 已成功抓取全部所需数据。
[2026-04-16 00:45:30] [SUCCESS] bvid=BV1puDdBHEgF 已成功抓取全部所需数据。
[2026-04-16 00:45:42] [SUCCESS] bvid=BV1w4Q4B3ESw 已成功抓取全部所需数据。
[2026-04-16 00:45:48] [SUCCESS] bvid=BV11EQ4B1ENQ 已成功抓取全部所需数据。
[2026-04-16 00:45:54] [SUCCESS] bvid=BV14dQ4BnE8g 已成功抓取全部所需数据。
[2026-04-16 00:45:59] [SUCCESS] bvid=BV173QxBaEtY 已成功抓取全部所需数据。
[2026-04-16 00:46:12] [SUCCESS] bvid=BV1mLQ4BmE74 已成功抓取全部所需数据。
[2026-04-16 00:46:24] [SUCCESS] bvid=BV1WAQtB1EfC 已成功抓取全部所需数据。
[2026-04-16 00:46:31] [SUCCESS] bvid=BV12fQ4BEEKo 已成功抓取全部所需数据。
[2026-04-16 00:46:37] [SUCCESS] bvid=BV1HNQtB5EdB 已成功抓取全部所需数据。
[2026-04-16 00:46:49] [SUCCESS] bvid=BV1gMQ4BWEtE 已成功抓取全部所需数据。
[2026-04-16 00:46:55] [SUCCESS] bvid=BV1QAQ4BdEdy 已成功抓取全部所需数据。
[2026-04-16 00:47:02] [SUCCESS] bvid=BV1XAQ4BdEDB 已成功抓取全部所需数据。
[2026-04-16 00:47:08] [SUCCESS] bvid=BV1VAQ4BoEGJ 已成功抓取全部所需数据。
[2026-04-16 00:47:08] [WARN] 当前子任务已结束，但仍有未成功抓取的视频，已导出 remaining CSV 供继续执行。
[2026-04-16 00:47:08] [INFO] 已导出剔除成功条目后的剩余 CSV：D:\Schoolworks\Thesis\Bilibili-Datahub\outputs\video_data\manual_crawls\manual_crawl_stat_comment_20260415_211913\remaining_bvids_part_15.csv
[2026-04-16 00:47:08] 子任务结束时间：2026-04-16T00:47:08.549867
[TIMESTAMP][END] 2026-04-16T00:47:08
