[TIMESTAMP][BEGIN] 2026-04-15T21:30:31
[2026-04-15 21:30:34] 开始执行 CSV 批量抓取子任务 part_2。
[2026-04-15 21:30:34] 子任务开始时间：2026-04-15T21:30:31.736161
[2026-04-15 21:30:34] 输入文件：batch_input_2.csv
[2026-04-15 21:30:34] 输入唯一 bvid 数量：100
[2026-04-15 21:30:34] 为严格按 CSV 顺序判断连续失败阈值，本次任务自动将并发度从 2 调整为 1。
[2026-04-15 21:30:46] [SUCCESS] bvid=BV1t6QEBbEPy 已成功抓取全部所需数据。
[2026-04-15 21:30:59] [SUCCESS] bvid=BV1q7QjBiEyN 已成功抓取全部所需数据。
[2026-04-15 21:31:05] [SUCCESS] bvid=BV1pmQEB9Ezr 已成功抓取全部所需数据。
[2026-04-15 21:31:11] [SUCCESS] bvid=BV1PmQEBREZ9 已成功抓取全部所需数据。
[2026-04-15 21:31:18] [SUCCESS] bvid=BV1HSQEBpEXD 已成功抓取全部所需数据。
[2026-04-15 21:31:30] [SUCCESS] bvid=BV1WSQEBpEnE 已成功抓取全部所需数据。
[2026-04-15 21:31:36] [SUCCESS] bvid=BV1CSQEBpEbN 已成功抓取全部所需数据。
[2026-04-15 21:31:42] [SUCCESS] bvid=BV1hYQEBPEpv 已成功抓取全部所需数据。
[2026-04-15 21:31:48] [SUCCESS] bvid=BV1HSQEBpE4F 已成功抓取全部所需数据。
[2026-04-15 21:31:54] [SUCCESS] bvid=BV1JVQjBgESU 已成功抓取全部所需数据。
[2026-04-15 21:31:59] [SUCCESS] bvid=BV1WSQEBpE6x 已成功抓取全部所需数据。
[2026-04-15 21:32:11] [SUCCESS] bvid=BV1aYQEBPEcd 已成功抓取全部所需数据。
[2026-04-15 21:32:23] [SUCCESS] bvid=BV1XYQEBPEAk 已成功抓取全部所需数据。
[2026-04-15 21:32:35] [SUCCESS] bvid=BV1hYQEBPEBa 已成功抓取全部所需数据。
[2026-04-15 21:32:47] [SUCCESS] bvid=BV1G8QEBTESh 已成功抓取全部所需数据。
[2026-04-15 21:32:53] [SUCCESS] bvid=BV1hhQEBvEeW 已成功抓取全部所需数据。
[2026-04-15 21:32:59] [SUCCESS] bvid=BV1Q8QEBKE5q 已成功抓取全部所需数据。
[2026-04-15 21:33:04] [SUCCESS] bvid=BV1a8QEBKEqA 已成功抓取全部所需数据。
[2026-04-15 21:33:10] [SUCCESS] bvid=BV1ahQEBvEmv 已成功抓取全部所需数据。
[2026-04-15 21:33:16] [SUCCESS] bvid=BV163QjB6EAQ 已成功抓取全部所需数据。
[2026-04-15 21:33:21] [SUCCESS] bvid=BV1YhQEBvEPC 已成功抓取全部所需数据。
[2026-04-15 21:33:27] [SUCCESS] bvid=BV1ryQ5BgERJ 已成功抓取全部所需数据。
[2026-04-15 21:33:32] [SUCCESS] bvid=BV1hhQEBvEPf 已成功抓取全部所需数据。
[2026-04-15 21:33:38] [SUCCESS] bvid=BV1X5D4BsEee 已成功抓取全部所需数据。
[2026-04-15 21:33:44] [SUCCESS] bvid=BV1dfQjBBE9H 已成功抓取全部所需数据。
[2026-04-15 21:33:49] [SUCCESS] bvid=BV1pHQVBTE6F 已成功抓取全部所需数据。
[2026-04-15 21:33:55] [SUCCESS] bvid=BV135QJBKE5E 已成功抓取全部所需数据。
[2026-04-15 21:34:00] [SUCCESS] bvid=BV1nXQjBkELy 已成功抓取全部所需数据。
[2026-04-15 21:34:06] [SUCCESS] bvid=BV1kkQ5BrEgg 已成功抓取全部所需数据。
[2026-04-15 21:34:19] [SUCCESS] bvid=BV1xqQjBXEdu 已成功抓取全部所需数据。
[2026-04-15 21:34:25] [SUCCESS] bvid=BV1fVQjBuEPY 已成功抓取全部所需数据。
[2026-04-15 21:34:37] [SUCCESS] bvid=BV15MQJBgE9J 已成功抓取全部所需数据。
[2026-04-15 21:34:50] [SUCCESS] bvid=BV1UWQgBMEfu 已成功抓取全部所需数据。
[2026-04-15 21:34:56] [SUCCESS] bvid=BV193QJBMEWR 已成功抓取全部所需数据。
[2026-04-15 21:35:03] [SUCCESS] bvid=BV1D7DfBkERP 已成功抓取全部所需数据。
[2026-04-15 21:35:09] [SUCCESS] bvid=BV1iNQJBGExy 已成功抓取全部所需数据。
[2026-04-15 21:35:21] [SUCCESS] bvid=BV18iQEBwExQ 已成功抓取全部所需数据。
[2026-04-15 21:35:27] [SUCCESS] bvid=BV18iQEBwE16 已成功抓取全部所需数据。
[2026-04-15 21:35:39] [SUCCESS] bvid=BV1bqQEBhE4Q 已成功抓取全部所需数据。
[2026-04-15 21:35:50] [SUCCESS] bvid=BV1tqQEBhEZN 已成功抓取全部所需数据。
[2026-04-15 21:36:03] [SUCCESS] bvid=BV1SqQEBhExx 已成功抓取全部所需数据。
[2026-04-15 21:36:15] [SUCCESS] bvid=BV1bqQEBhEdS 已成功抓取全部所需数据。
[2026-04-15 21:36:20] [SUCCESS] bvid=BV1GuQJBzEar 已成功抓取全部所需数据。
[2026-04-15 21:36:26] [SUCCESS] bvid=BV15uQJBzEME 已成功抓取全部所需数据。
[2026-04-15 21:36:32] [SUCCESS] bvid=BV1VuQJBzEgh 已成功抓取全部所需数据。
[2026-04-15 21:36:38] [SUCCESS] bvid=BV1VuQJBzEDD 已成功抓取全部所需数据。
[2026-04-15 21:36:50] [SUCCESS] bvid=BV1a3QJBMEqH 已成功抓取全部所需数据。
[2026-04-15 21:36:55] [SUCCESS] bvid=BV1V3QJBMEja 已成功抓取全部所需数据。
[2026-04-15 21:37:01] [SUCCESS] bvid=BV1V3QJBMEtj 已成功抓取全部所需数据。
[2026-04-15 21:37:13] [SUCCESS] bvid=BV15KQJBrETM 已成功抓取全部所需数据。
[2026-04-15 21:37:19] [SUCCESS] bvid=BV1vKQJBrEUB 已成功抓取全部所需数据。
[2026-04-15 21:37:31] [SUCCESS] bvid=BV1LKQJBrExJ 已成功抓取全部所需数据。
[2026-04-15 21:37:36] [SUCCESS] bvid=BV19MQJBMErC 已成功抓取全部所需数据。
[2026-04-15 21:37:48] [SUCCESS] bvid=BV1eMQJBgEZQ 已成功抓取全部所需数据。
[2026-04-15 21:37:54] [SUCCESS] bvid=BV1VMQJBgEkB 已成功抓取全部所需数据。
[2026-04-15 21:37:59] [SUCCESS] bvid=BV13LQJBvEc2 已成功抓取全部所需数据。
[2026-04-15 21:38:04] [SUCCESS] bvid=BV1eMQJBgEix 已成功抓取全部所需数据。
[2026-04-15 21:38:11] [SUCCESS] bvid=BV1b7QJBPEx2 已成功抓取全部所需数据。
[2026-04-15 21:38:16] [SUCCESS] bvid=BV187QJBPEj4 已成功抓取全部所需数据。
[2026-04-15 21:38:22] [SUCCESS] bvid=BV1u7QJBPEux 已成功抓取全部所需数据。
[2026-04-15 21:38:34] [SUCCESS] bvid=BV1Q5QJBKEv9 已成功抓取全部所需数据。
[2026-04-15 21:38:47] [SUCCESS] bvid=BV1h5QJBKEZL 已成功抓取全部所需数据。
[2026-04-15 21:38:52] [SUCCESS] bvid=BV185QJBKEZK 已成功抓取全部所需数据。
[2026-04-15 21:38:58] [SUCCESS] bvid=BV1Q5QJBKE5n 已成功抓取全部所需数据。
[2026-04-15 21:39:12] [SUCCESS] bvid=BV1G5QJBKEcr 已成功抓取全部所需数据。
[2026-04-15 21:39:24] [SUCCESS] bvid=BV1EoQEBmEty 已成功抓取全部所需数据。
[2026-04-15 21:39:30] [SUCCESS] bvid=BV1JoQEBmEWo 已成功抓取全部所需数据。
[2026-04-15 21:39:35] [SUCCESS] bvid=BV18xQ5BpE9Y 已成功抓取全部所需数据。
[2026-04-15 21:39:42] [SUCCESS] bvid=BV1J9QEBSEXm 已成功抓取全部所需数据。
[2026-04-15 21:39:48] [SUCCESS] bvid=BV1ZjQjBTEod 已成功抓取全部所需数据。
[2026-04-15 21:39:59] [SUCCESS] bvid=BV1iwQJB5E11 已成功抓取全部所需数据。
[2026-04-15 21:40:05] [SUCCESS] bvid=BV1peQgBhE79 已成功抓取全部所需数据。
[2026-04-15 21:40:17] [SUCCESS] bvid=BV1jMDSBZEdf 已成功抓取全部所需数据。
[2026-04-15 21:40:22] [SUCCESS] bvid=BV1ndQEBEEWo 已成功抓取全部所需数据。
[2026-04-15 21:40:29] [SUCCESS] bvid=BV1qAQJBCEJs 已成功抓取全部所需数据。
[2026-04-15 21:40:46] [SUCCESS] bvid=BV15NQJBGEjc 已成功抓取全部所需数据。
[2026-04-15 21:40:52] [SUCCESS] bvid=BV17FQJB1Ert 已成功抓取全部所需数据。
[2026-04-15 21:41:04] [SUCCESS] bvid=BV17wQJB5Eex 已成功抓取全部所需数据。
[2026-04-15 21:41:15] [SUCCESS] bvid=BV1ZwQJB5Ekb 已成功抓取全部所需数据。
[2026-04-15 21:41:27] [SUCCESS] bvid=BV1i7QjBiEHB 已成功抓取全部所需数据。
[2026-04-15 21:41:33] [SUCCESS] bvid=BV1vJQjBNEkA 已成功抓取全部所需数据。
[2026-04-15 21:41:38] [SUCCESS] bvid=BV1ZxQ3BREj3 已成功抓取全部所需数据。
[2026-04-15 21:41:43] [SUCCESS] bvid=BV1iJQjBNE6v 已成功抓取全部所需数据。
[2026-04-15 21:41:49] [SUCCESS] bvid=BV1q5QjBBEQb 已成功抓取全部所需数据。
[2026-04-15 21:41:54] [SUCCESS] bvid=BV1z5QjBBEuV 已成功抓取全部所需数据。
[2026-04-15 21:42:06] [SUCCESS] bvid=BV1E5QjBzEfN 已成功抓取全部所需数据。
[2026-04-15 21:42:18] [SUCCESS] bvid=BV1Z5QjBBEWC 已成功抓取全部所需数据。
[2026-04-15 21:42:24] [SUCCESS] bvid=BV1ZjQjBTEox 已成功抓取全部所需数据。
[2026-04-15 21:42:35] [SUCCESS] bvid=BV1YWQjBaEYV 已成功抓取全部所需数据。
[2026-04-15 21:42:41] [SUCCESS] bvid=BV1eWQjBaEx4 已成功抓取全部所需数据。
[2026-04-15 21:42:47] [SUCCESS] bvid=BV1YxQjBcEzN 已成功抓取全部所需数据。
[2026-04-15 21:42:52] [SUCCESS] bvid=BV1axQjBcEDp 已成功抓取全部所需数据。
[2026-04-15 21:43:05] [SUCCESS] bvid=BV1epQjBAExA 已成功抓取全部所需数据。
[2026-04-15 21:43:12] [SUCCESS] bvid=BV11vQ5BjEfg 已成功抓取全部所需数据。
[2026-04-15 21:43:17] [SUCCESS] bvid=BV1CNQjByEuV 已成功抓取全部所需数据。
[2026-04-15 21:43:29] [SUCCESS] bvid=BV1CNQjByEbY 已成功抓取全部所需数据。
[2026-04-15 21:43:35] [SUCCESS] bvid=BV1CNQjByE8x 已成功抓取全部所需数据。
[2026-04-15 21:43:40] [SUCCESS] bvid=BV1cNQjB1E2E 已成功抓取全部所需数据。
[2026-04-15 21:43:51] [SUCCESS] bvid=BV1ANQjB1ExA 已成功抓取全部所需数据。
[2026-04-15 21:43:57] [SUCCESS] bvid=BV12qQjBXEox 已成功抓取全部所需数据。
[2026-04-15 21:43:57] [INFO] 当前 batch_crawl 已完成，所有视频均已成功抓取。
[2026-04-15 21:43:57] 子任务结束时间：2026-04-15T21:43:57.254618
[TIMESTAMP][END] 2026-04-15T21:43:57
