[TIMESTAMP][BEGIN] 2026-04-16T02:08:26
[2026-04-16 02:08:28] 开始执行 CSV 批量抓取子任务 part_22。
[2026-04-16 02:08:28] 子任务开始时间：2026-04-16T02:08:26.013037
[2026-04-16 02:08:28] 输入文件：batch_input_22.csv
[2026-04-16 02:08:28] 输入唯一 bvid 数量：100
[2026-04-16 02:08:28] 为严格按 CSV 顺序判断连续失败阈值，本次任务自动将并发度从 2 调整为 1。
[2026-04-16 02:08:33] [SUCCESS] bvid=BV1mdDXBpEn3 已成功抓取全部所需数据。
[2026-04-16 02:08:39] [SUCCESS] bvid=BV18DDXBdEjQ 已成功抓取全部所需数据。
[2026-04-16 02:08:44] [SUCCESS] bvid=BV1bXDXBsEAb 已成功抓取全部所需数据。
[2026-04-16 02:08:49] [SUCCESS] bvid=BV1uDDXBoEdD 已成功抓取全部所需数据。
[2026-04-16 02:08:55] [SUCCESS] bvid=BV1tXDXBsEXp 已成功抓取全部所需数据。
[2026-04-16 02:09:00] [SUCCESS] bvid=BV1cMD9BLERx 已成功抓取全部所需数据。
[2026-04-16 02:09:06] [SUCCESS] bvid=BV1bXDXBxEha 已成功抓取全部所需数据。
[2026-04-16 02:09:11] [SUCCESS] bvid=BV1tXDXBsEt9 已成功抓取全部所需数据。
[2026-04-16 02:09:17] [SUCCESS] bvid=BV1iqDXBvE6T 已成功抓取全部所需数据。
[2026-04-16 02:09:22] [SUCCESS] bvid=BV1tXDXBsEkk 已成功抓取全部所需数据。
[2026-04-16 02:09:28] [SUCCESS] bvid=BV1BYDXBMEao 已成功抓取全部所需数据。
[2026-04-16 02:09:33] [SUCCESS] bvid=BV1vqDXBvEsr 已成功抓取全部所需数据。
[2026-04-16 02:09:39] [SUCCESS] bvid=BV1qYDXBMEqw 已成功抓取全部所需数据。
[2026-04-16 02:09:44] [SUCCESS] bvid=BV1vqDXBvExv 已成功抓取全部所需数据。
[2026-04-16 02:09:50] [SUCCESS] bvid=BV1BYDXBMEin 已成功抓取全部所需数据。
[2026-04-16 02:10:01] [SUCCESS] bvid=BV1eiDDBtEKf 已成功抓取全部所需数据。
[2026-04-16 02:10:07] [SUCCESS] bvid=BV1aDDpB5EaV 已成功抓取全部所需数据。
[2026-04-16 02:10:12] [SUCCESS] bvid=BV17oDyBSEZM 已成功抓取全部所需数据。
[2026-04-16 02:10:19] [SUCCESS] bvid=BV1BYDXBMEhK 已成功抓取全部所需数据。
[2026-04-16 02:10:24] [SUCCESS] bvid=BV1BeDXBqEN6 已成功抓取全部所需数据。
[2026-04-16 02:10:30] [SUCCESS] bvid=BV1ekDXBwEPy 已成功抓取全部所需数据。
[2026-04-16 02:10:35] [SUCCESS] bvid=BV1akDXBwEZC 已成功抓取全部所需数据。
[2026-04-16 02:10:47] [SUCCESS] bvid=BV1aCDXBhEqK 已成功抓取全部所需数据。
[2026-04-16 02:10:58] [SUCCESS] bvid=BV19CDXBhEs6 已成功抓取全部所需数据。
[2026-04-16 02:11:04] [SUCCESS] bvid=BV19CDXBhEsQ 已成功抓取全部所需数据。
[2026-04-16 02:11:33] [SUCCESS] bvid=BV1EGD9BrEp1 已成功抓取全部所需数据。
[2026-04-16 02:11:39] [SUCCESS] bvid=BV1z5D9BgEcK 已成功抓取全部所需数据。
[2026-04-16 02:11:44] [SUCCESS] bvid=BV1EGD9BrESd 已成功抓取全部所需数据。
[2026-04-16 02:11:50] [SUCCESS] bvid=BV1nuD9BCECb 已成功抓取全部所需数据。
[2026-04-16 02:11:55] [SUCCESS] bvid=BV16uD9BCEQS 已成功抓取全部所需数据。
[2026-04-16 02:12:13] [SUCCESS] bvid=BV1fuD9BCE9n 已成功抓取全部所需数据。
[2026-04-16 02:12:25] [SUCCESS] bvid=BV1JuD9BCELR 已成功抓取全部所需数据。
[2026-04-16 02:12:30] [SUCCESS] bvid=BV1nuD9BCEy3 已成功抓取全部所需数据。
[2026-04-16 02:12:36] [SUCCESS] bvid=BV173D9BGEUN 已成功抓取全部所需数据。
[2026-04-16 02:12:41] [SUCCESS] bvid=BV1J3D9BGEY3 已成功抓取全部所需数据。
[2026-04-16 02:12:46] [SUCCESS] bvid=BV15ED9BBEqB 已成功抓取全部所需数据。
[2026-04-16 02:12:58] [SUCCESS] bvid=BV1LED9BqEcn 已成功抓取全部所需数据。
[2026-04-16 02:13:15] [SUCCESS] bvid=BV1jLD9BzEzo 已成功抓取全部所需数据。
[2026-04-16 02:13:20] [SUCCESS] bvid=BV1jLD9BzErM 已成功抓取全部所需数据。
[2026-04-16 02:13:20] [ERROR] bvid=BV1jLD9BzENG 抓取失败：stat: 接口返回错误代码：-404，信息：啥都木有。
{'code': -404, 'message': '啥都木有', 'ttl': 1} | comment: 接口返回错误代码：-404，信息：啥都木有。
{'code': -404, 'message': '啥都木有', 'ttl': 1}
[2026-04-16 02:13:25] [SUCCESS] bvid=BV1L7D9BMEYP 已成功抓取全部所需数据。
[2026-04-16 02:13:31] [SUCCESS] bvid=BV1LnD9BKEVf 已成功抓取全部所需数据。
[2026-04-16 02:13:42] [SUCCESS] bvid=BV157D9BMEQk 已成功抓取全部所需数据。
[2026-04-16 02:13:47] [SUCCESS] bvid=BV15nD9BKELh 已成功抓取全部所需数据。
[2026-04-16 02:13:47] [ERROR] bvid=BV1L7D9BMEpg 抓取失败：stat: 接口返回错误代码：-404，信息：啥都木有。
{'code': -404, 'message': '啥都木有', 'ttl': 1} | comment: 接口返回错误代码：-404，信息：啥都木有。
{'code': -404, 'message': '啥都木有', 'ttl': 1}
[2026-04-16 02:13:52] [SUCCESS] bvid=BV17LD9BzEzt 已成功抓取全部所需数据。
[2026-04-16 02:13:57] [SUCCESS] bvid=BV17LD9BzE7p 已成功抓取全部所需数据。
[2026-04-16 02:14:02] [SUCCESS] bvid=BV1pwD9BEEax 已成功抓取全部所需数据。
[2026-04-16 02:14:07] [SUCCESS] bvid=BV1d7D9BMEtG 已成功抓取全部所需数据。
[2026-04-16 02:14:13] [SUCCESS] bvid=BV17LD9BzEpG 已成功抓取全部所需数据。
[2026-04-16 02:14:24] [SUCCESS] bvid=BV1pFD9BSE2D 已成功抓取全部所需数据。
[2026-04-16 02:14:29] [SUCCESS] bvid=BV1sFD9BSEiu 已成功抓取全部所需数据。
[2026-04-16 02:14:34] [SUCCESS] bvid=BV11oDXBQE8e 已成功抓取全部所需数据。
[2026-04-16 02:14:39] [SUCCESS] bvid=BV1j7D9BMEGF 已成功抓取全部所需数据。
[2026-04-16 02:14:50] [SUCCESS] bvid=BV1WFD9BSEBJ 已成功抓取全部所需数据。
[2026-04-16 02:14:55] [SUCCESS] bvid=BV177D9BMEFK 已成功抓取全部所需数据。
[2026-04-16 02:15:01] [SUCCESS] bvid=BV1WFD9BSECg 已成功抓取全部所需数据。
[2026-04-16 02:15:12] [SUCCESS] bvid=BV1xFD9BDExz 已成功抓取全部所需数据。
[2026-04-16 02:15:18] [SUCCESS] bvid=BV1sFD9BDEwj 已成功抓取全部所需数据。
[2026-04-16 02:15:23] [SUCCESS] bvid=BV1pwD9BEEZp 已成功抓取全部所需数据。
[2026-04-16 02:15:27] [SUCCESS] bvid=BV1WwD9BEEM4 已成功抓取全部所需数据。
[2026-04-16 02:15:39] [SUCCESS] bvid=BV1WFD9BSE5H 已成功抓取全部所需数据。
[2026-04-16 02:15:44] [SUCCESS] bvid=BV1yFD9BSEUK 已成功抓取全部所需数据。
[2026-04-16 02:15:49] [SUCCESS] bvid=BV1pwD9BEEYM 已成功抓取全部所需数据。
[2026-04-16 02:15:54] [SUCCESS] bvid=BV1xoDXBQETr 已成功抓取全部所需数据。
[2026-04-16 02:16:05] [SUCCESS] bvid=BV1xoDXBQEMs 已成功抓取全部所需数据。
[2026-04-16 02:16:10] [SUCCESS] bvid=BV1zTDQBTEFD 已成功抓取全部所需数据。
[2026-04-16 02:16:22] [SUCCESS] bvid=BV1PTDZBaE1D 已成功抓取全部所需数据。
[2026-04-16 02:16:28] [SUCCESS] bvid=BV1thDJBhEXU 已成功抓取全部所需数据。
[2026-04-16 02:16:33] [SUCCESS] bvid=BV1EKDSBFEvY 已成功抓取全部所需数据。
[2026-04-16 02:16:38] [SUCCESS] bvid=BV1sqDQB2Euk 已成功抓取全部所需数据。
[2026-04-16 02:16:43] [SUCCESS] bvid=BV1xoDXBQEE7 已成功抓取全部所需数据。
[2026-04-16 02:16:49] [SUCCESS] bvid=BV1nMD9B5EtS 已成功抓取全部所需数据。
[2026-04-16 02:16:54] [SUCCESS] bvid=BV1soDXBQEm8 已成功抓取全部所需数据。
[2026-04-16 02:16:59] [SUCCESS] bvid=BV1WwD9BEEQZ 已成功抓取全部所需数据。
[2026-04-16 02:17:05] [SUCCESS] bvid=BV1WwD9BJEMX 已成功抓取全部所需数据。
[2026-04-16 02:17:16] [SUCCESS] bvid=BV1WwD9BEEZ1 已成功抓取全部所需数据。
[2026-04-16 02:17:22] [SUCCESS] bvid=BV1sfDXBnEKG 已成功抓取全部所需数据。
[2026-04-16 02:17:28] [SUCCESS] bvid=BV1pwD9BEEBm 已成功抓取全部所需数据。
[2026-04-16 02:17:39] [SUCCESS] bvid=BV1xoDXBQER3 已成功抓取全部所需数据。
[2026-04-16 02:17:44] [SUCCESS] bvid=BV1xoDXBQEMZ 已成功抓取全部所需数据。
[2026-04-16 02:17:49] [SUCCESS] bvid=BV1xoDXBQEEE 已成功抓取全部所需数据。
[2026-04-16 02:17:54] [SUCCESS] bvid=BV1rKD9B1EbK 已成功抓取全部所需数据。
[2026-04-16 02:17:59] [SUCCESS] bvid=BV16hDCBUEX7 已成功抓取全部所需数据。
[2026-04-16 02:18:04] [SUCCESS] bvid=BV1JKD9B1EZ5 已成功抓取全部所需数据。
[2026-04-16 02:18:09] [SUCCESS] bvid=BV1pKD9B1EMb 已成功抓取全部所需数据。
[2026-04-16 02:18:15] [SUCCESS] bvid=BV1rMD9B5EVL 已成功抓取全部所需数据。
[2026-04-16 02:18:20] [SUCCESS] bvid=BV1HAD9BmEdC 已成功抓取全部所需数据。
[2026-04-16 02:18:25] [SUCCESS] bvid=BV1HKD9B1Eo1 已成功抓取全部所需数据。
[2026-04-16 02:18:30] [SUCCESS] bvid=BV1JMD9B5Eo3 已成功抓取全部所需数据。
[2026-04-16 02:18:35] [SUCCESS] bvid=BV1pAD9BmEje 已成功抓取全部所需数据。
[2026-04-16 02:18:40] [SUCCESS] bvid=BV1HMD9B5E5Z 已成功抓取全部所需数据。
[2026-04-16 02:18:45] [SUCCESS] bvid=BV1HAD9BmEpq 已成功抓取全部所需数据。
[2026-04-16 02:18:50] [SUCCESS] bvid=BV1WAD9BmEKa 已成功抓取全部所需数据。
[2026-04-16 02:19:01] [SUCCESS] bvid=BV1kAD9BmEty 已成功抓取全部所需数据。
[2026-04-16 02:19:06] [SUCCESS] bvid=BV1pAD9BmE6p 已成功抓取全部所需数据。
[2026-04-16 02:19:11] [SUCCESS] bvid=BV1WAD9BmE79 已成功抓取全部所需数据。
[2026-04-16 02:19:17] [SUCCESS] bvid=BV1WAD9BmE7Z 已成功抓取全部所需数据。
[2026-04-16 02:19:22] [SUCCESS] bvid=BV1NqD9BsEfz 已成功抓取全部所需数据。
[2026-04-16 02:19:34] [SUCCESS] bvid=BV1rND9BjECV 已成功抓取全部所需数据。
[2026-04-16 02:19:34] [WARN] 当前子任务已结束，但仍有未成功抓取的视频，已导出 remaining CSV 供继续执行。
[2026-04-16 02:19:34] [INFO] 已导出剔除成功条目后的剩余 CSV：D:\Schoolworks\Thesis\Bilibili-Datahub\outputs\video_data\manual_crawls\manual_crawl_stat_comment_20260415_211913\remaining_bvids_part_22.csv
[2026-04-16 02:19:34] 子任务结束时间：2026-04-16T02:19:34.256076
[TIMESTAMP][END] 2026-04-16T02:19:34
