[TIMESTAMP][BEGIN] 2026-04-16T06:14:03
[2026-04-16 06:14:05] 开始执行 CSV 批量抓取子任务 part_42。
[2026-04-16 06:14:05] 子任务开始时间：2026-04-16T06:14:03.054542
[2026-04-16 06:14:05] 输入文件：batch_input_42.csv
[2026-04-16 06:14:05] 输入唯一 bvid 数量：100
[2026-04-16 06:14:05] 为严格按 CSV 顺序判断连续失败阈值，本次任务自动将并发度从 2 调整为 1。
[2026-04-16 06:14:10] [SUCCESS] bvid=BV14GQwBCEEL 已成功抓取全部所需数据。
[2026-04-16 06:14:14] [SUCCESS] bvid=BV1xGQwBCEdr 已成功抓取全部所需数据。
[2026-04-16 06:14:19] [SUCCESS] bvid=BV1xGQwBCEPw 已成功抓取全部所需数据。
[2026-04-16 06:14:31] [SUCCESS] bvid=BV14MQwBjE4J 已成功抓取全部所需数据。
[2026-04-16 06:14:36] [SUCCESS] bvid=BV1xGQwBCEn8 已成功抓取全部所需数据。
[2026-04-16 06:14:41] [SUCCESS] bvid=BV1tMQwBjEZP 已成功抓取全部所需数据。
[2026-04-16 06:14:47] [SUCCESS] bvid=BV1MMQwB7EGq 已成功抓取全部所需数据。
[2026-04-16 06:14:52] [SUCCESS] bvid=BV1bMQwBjE3A 已成功抓取全部所需数据。
[2026-04-16 06:15:03] [SUCCESS] bvid=BV1uMQwB7Eec 已成功抓取全部所需数据。
[2026-04-16 06:15:08] [SUCCESS] bvid=BV1tMQwBjE8F 已成功抓取全部所需数据。
[2026-04-16 06:15:13] [SUCCESS] bvid=BV14uQwB1EVy 已成功抓取全部所需数据。
[2026-04-16 06:15:18] [SUCCESS] bvid=BV1p7QwBgEa2 已成功抓取全部所需数据。
[2026-04-16 06:15:23] [SUCCESS] bvid=BV14uQwB1EgW 已成功抓取全部所需数据。
[2026-04-16 06:15:34] [SUCCESS] bvid=BV14MQwBjEs9 已成功抓取全部所需数据。
[2026-04-16 06:15:39] [SUCCESS] bvid=BV1mMQwBjE43 已成功抓取全部所需数据。
[2026-04-16 06:15:50] [SUCCESS] bvid=BV1xuQwB1Ey3 已成功抓取全部所需数据。
[2026-04-16 06:16:01] [SUCCESS] bvid=BV1tMQwBjEHK 已成功抓取全部所需数据。
[2026-04-16 06:16:13] [SUCCESS] bvid=BV14MQwBjE4h 已成功抓取全部所需数据。
[2026-04-16 06:16:18] [SUCCESS] bvid=BV1MMQwB7EdD 已成功抓取全部所需数据。
[2026-04-16 06:16:23] [SUCCESS] bvid=BV1tMQwBjEy9 已成功抓取全部所需数据。
[2026-04-16 06:16:28] [SUCCESS] bvid=BV14uQwB1EMn 已成功抓取全部所需数据。
[2026-04-16 06:16:39] [SUCCESS] bvid=BV1UuQwB1EPY 已成功抓取全部所需数据。
[2026-04-16 06:16:50] [SUCCESS] bvid=BV1p7QwBgEfD 已成功抓取全部所需数据。
[2026-04-16 06:16:56] [SUCCESS] bvid=BV1C7QwBgEbm 已成功抓取全部所需数据。
[2026-04-16 06:17:01] [SUCCESS] bvid=BV1PEQwB6EPo 已成功抓取全部所需数据。
[2026-04-16 06:17:05] [SUCCESS] bvid=BV1W7QwB3EFV 已成功抓取全部所需数据。
[2026-04-16 06:17:10] [SUCCESS] bvid=BV1C7QwBgE8o 已成功抓取全部所需数据。
[2026-04-16 06:17:15] [SUCCESS] bvid=BV1W7QwBgEgy 已成功抓取全部所需数据。
[2026-04-16 06:17:20] [SUCCESS] bvid=BV1F9DHBWEvK 已成功抓取全部所需数据。
[2026-04-16 06:17:25] [SUCCESS] bvid=BV1AfDrBQEDe 已成功抓取全部所需数据。
[2026-04-16 06:17:30] [SUCCESS] bvid=BV1yfDrBQEj4 已成功抓取全部所需数据。
[2026-04-16 06:17:36] [SUCCESS] bvid=BV1yfDrBDE74 已成功抓取全部所需数据。
[2026-04-16 06:17:41] [SUCCESS] bvid=BV1K5QwBVEGR 已成功抓取全部所需数据。
[2026-04-16 06:17:46] [SUCCESS] bvid=BV1pEQwBzEkm 已成功抓取全部所需数据。
[2026-04-16 06:17:51] [SUCCESS] bvid=BV1kEQwBzE8T 已成功抓取全部所需数据。
[2026-04-16 06:17:55] [SUCCESS] bvid=BV1CEQwBzEdo 已成功抓取全部所需数据。
[2026-04-16 06:18:01] [SUCCESS] bvid=BV1PEQwB6EWx 已成功抓取全部所需数据。
[2026-04-16 06:18:06] [SUCCESS] bvid=BV1HEQwBzERN 已成功抓取全部所需数据。
[2026-04-16 06:18:11] [SUCCESS] bvid=BV1yfDrBDE4A 已成功抓取全部所需数据。
[2026-04-16 06:18:16] [SUCCESS] bvid=BV1WEQwBzE7R 已成功抓取全部所需数据。
[2026-04-16 06:18:21] [SUCCESS] bvid=BV1s5QwBGEur 已成功抓取全部所需数据。
[2026-04-16 06:18:26] [SUCCESS] bvid=BV1yfDrBDEVu 已成功抓取全部所需数据。
[2026-04-16 06:18:31] [SUCCESS] bvid=BV1x5QwBGEyk 已成功抓取全部所需数据。
[2026-04-16 06:18:37] [SUCCESS] bvid=BV1s5QwBGEnb 已成功抓取全部所需数据。
[2026-04-16 06:18:42] [SUCCESS] bvid=BV1yfDrBDELy 已成功抓取全部所需数据。
[2026-04-16 06:18:48] [SUCCESS] bvid=BV1x5QwBGE4L 已成功抓取全部所需数据。
[2026-04-16 06:18:53] [SUCCESS] bvid=BV1s5QwBGEjv 已成功抓取全部所需数据。
[2026-04-16 06:18:58] [SUCCESS] bvid=BV1WfDrBQEEv 已成功抓取全部所需数据。
[2026-04-16 06:19:03] [SUCCESS] bvid=BV1x5QwBGECG 已成功抓取全部所需数据。
[2026-04-16 06:19:09] [SUCCESS] bvid=BV125QwBGEVU 已成功抓取全部所需数据。
[2026-04-16 06:19:14] [SUCCESS] bvid=BV1P5QwBVEYF 已成功抓取全部所需数据。
[2026-04-16 06:19:19] [SUCCESS] bvid=BV1yfDrBQEvG 已成功抓取全部所需数据。
[2026-04-16 06:19:24] [SUCCESS] bvid=BV18yQwBQEtd 已成功抓取全部所需数据。
[2026-04-16 06:19:30] [SUCCESS] bvid=BV1EHQFBfEDt 已成功抓取全部所需数据。
[2026-04-16 06:19:35] [SUCCESS] bvid=BV1CfDrBDEZ9 已成功抓取全部所需数据。
[2026-04-16 06:19:40] [SUCCESS] bvid=BV1x5QwBVERf 已成功抓取全部所需数据。
[2026-04-16 06:19:45] [SUCCESS] bvid=BV1CLQwBrEjZ 已成功抓取全部所需数据。
[2026-04-16 06:19:50] [SUCCESS] bvid=BV1CLQwBrERe 已成功抓取全部所需数据。
[2026-04-16 06:19:55] [SUCCESS] bvid=BV12XQwBjEXp 已成功抓取全部所需数据。
[2026-04-16 06:20:00] [SUCCESS] bvid=BV1PfDrBQEHr 已成功抓取全部所需数据。
[2026-04-16 06:20:06] [SUCCESS] bvid=BV1fKDbBBEKC 已成功抓取全部所需数据。
[2026-04-16 06:20:11] [SUCCESS] bvid=BV1znQFB8EUh 已成功抓取全部所需数据。
[2026-04-16 06:20:17] [SUCCESS] bvid=BV1rjDxBNEWd 已成功抓取全部所需数据。
[2026-04-16 06:20:22] [SUCCESS] bvid=BV1tkDZBqERM 已成功抓取全部所需数据。
[2026-04-16 06:20:27] [SUCCESS] bvid=BV1oPDfBHEHq 已成功抓取全部所需数据。
[2026-04-16 06:20:32] [SUCCESS] bvid=BV1d8DjBeEpB 已成功抓取全部所需数据。
[2026-04-16 06:20:37] [SUCCESS] bvid=BV15YQFBHEQL 已成功抓取全部所需数据。
[2026-04-16 06:20:42] [SUCCESS] bvid=BV1WLQwBrEpE 已成功抓取全部所需数据。
[2026-04-16 06:20:47] [SUCCESS] bvid=BV1CLQwBrEdG 已成功抓取全部所需数据。
[2026-04-16 06:20:53] [SUCCESS] bvid=BV1pLQwBrEQH 已成功抓取全部所需数据。
[2026-04-16 06:20:58] [SUCCESS] bvid=BV1tmQwBSEV1 已成功抓取全部所需数据。
[2026-04-16 06:21:03] [SUCCESS] bvid=BV1bmQwBSEwS 已成功抓取全部所需数据。
[2026-04-16 06:21:09] [SUCCESS] bvid=BV1xLQwBrEPY 已成功抓取全部所需数据。
[2026-04-16 06:21:14] [SUCCESS] bvid=BV1tDQwBmEzK 已成功抓取全部所需数据。
[2026-04-16 06:21:19] [SUCCESS] bvid=BV18mQwBSEs4 已成功抓取全部所需数据。
[2026-04-16 06:21:24] [SUCCESS] bvid=BV1MmQwBSEaq 已成功抓取全部所需数据。
[2026-04-16 06:21:29] [SUCCESS] bvid=BV1TyDZBKE2i 已成功抓取全部所需数据。
[2026-04-16 06:21:34] [SUCCESS] bvid=BV1umQwBSE85 已成功抓取全部所需数据。
[2026-04-16 06:21:39] [SUCCESS] bvid=BV1uSQwBEE5G 已成功抓取全部所需数据。
[2026-04-16 06:21:44] [SUCCESS] bvid=BV1TSQwBEE8e 已成功抓取全部所需数据。
[2026-04-16 06:21:49] [SUCCESS] bvid=BV1HJQFBcEGk 已成功抓取全部所需数据。
[2026-04-16 06:21:54] [SUCCESS] bvid=BV1MSQwBEERb 已成功抓取全部所需数据。
[2026-04-16 06:22:00] [SUCCESS] bvid=BV1MSQwBEEkD 已成功抓取全部所需数据。
[2026-04-16 06:22:05] [SUCCESS] bvid=BV1ZND4BhEYC 已成功抓取全部所需数据。
[2026-04-16 06:22:10] [SUCCESS] bvid=BV1ncQcBAEMK 已成功抓取全部所需数据。
[2026-04-16 06:22:15] [SUCCESS] bvid=BV1N9QwB1EZN 已成功抓取全部所需数据。
[2026-04-16 06:22:20] [SUCCESS] bvid=BV1QyQwBQEVu 已成功抓取全部所需数据。
[2026-04-16 06:22:25] [SUCCESS] bvid=BV1aiQFBJEy5 已成功抓取全部所需数据。
[2026-04-16 06:22:37] [SUCCESS] bvid=BV1MCQFByEWc 已成功抓取全部所需数据。
[2026-04-16 06:22:48] [SUCCESS] bvid=BV1D2QwBnEts 已成功抓取全部所需数据。
[2026-04-16 06:22:54] [SUCCESS] bvid=BV1M2QwBnEfh 已成功抓取全部所需数据。
[2026-04-16 06:22:59] [SUCCESS] bvid=BV13yQwBQEKz 已成功抓取全部所需数据。
[2026-04-16 06:23:04] [SUCCESS] bvid=BV1M2QwBnEXv 已成功抓取全部所需数据。
[2026-04-16 06:23:09] [SUCCESS] bvid=BV1u2QwBnEhK 已成功抓取全部所需数据。
[2026-04-16 06:23:15] [SUCCESS] bvid=BV1D2QwBnEge 已成功抓取全部所需数据。
[2026-04-16 06:23:20] [SUCCESS] bvid=BV1g2QwBnEGg 已成功抓取全部所需数据。
[2026-04-16 06:23:26] [SUCCESS] bvid=BV1u2QwBnENk 已成功抓取全部所需数据。
[2026-04-16 06:23:31] [SUCCESS] bvid=BV1EyDLBKECE 已成功抓取全部所需数据。
[2026-04-16 06:23:36] [SUCCESS] bvid=BV113DtBjEKz 已成功抓取全部所需数据。
[2026-04-16 06:23:41] [SUCCESS] bvid=BV1KXQwBjEQi 已成功抓取全部所需数据。
[2026-04-16 06:23:41] [INFO] 当前 batch_crawl 已完成，所有视频均已成功抓取。
[2026-04-16 06:23:41] 子任务结束时间：2026-04-16T06:23:41.822328
[TIMESTAMP][END] 2026-04-16T06:23:41
