[TIMESTAMP][BEGIN] 2026-04-15T22:59:11
[2026-04-15 22:59:14] 开始执行 CSV 批量抓取子任务 part_8。
[2026-04-15 22:59:14] 子任务开始时间：2026-04-15T22:59:11.316028
[2026-04-15 22:59:14] 输入文件：batch_input_8.csv
[2026-04-15 22:59:14] 输入唯一 bvid 数量：100
[2026-04-15 22:59:14] 为严格按 CSV 顺序判断连续失败阈值，本次任务自动将并发度从 2 调整为 1。
[2026-04-15 22:59:20] [SUCCESS] bvid=BV1z1QYBHEKh 已成功抓取全部所需数据。
[2026-04-15 22:59:28] [SUCCESS] bvid=BV1o2QgBnEjX 已成功抓取全部所需数据。
[2026-04-15 22:59:34] [SUCCESS] bvid=BV1HsQPBVEfS 已成功抓取全部所需数据。
[2026-04-15 22:59:46] [SUCCESS] bvid=BV1nsQiBYExu 已成功抓取全部所需数据。
[2026-04-15 22:59:58] [SUCCESS] bvid=BV1z5QtBMEHq 已成功抓取全部所需数据。
[2026-04-15 23:00:06] [SUCCESS] bvid=BV1cfQaB9EG1 已成功抓取全部所需数据。
[2026-04-15 23:00:19] [SUCCESS] bvid=BV117Q4BjEEK 已成功抓取全部所需数据。
[2026-04-15 23:00:32] [SUCCESS] bvid=BV1CzQvBPEzC 已成功抓取全部所需数据。
[2026-04-15 23:00:46] [SUCCESS] bvid=BV1FSDJBEEXq 已成功抓取全部所需数据。
[2026-04-15 23:00:52] [SUCCESS] bvid=BV1zkQYBWEFo 已成功抓取全部所需数据。
[2026-04-15 23:01:05] [SUCCESS] bvid=BV1ivQiBdES6 已成功抓取全部所需数据。
[2026-04-15 23:01:11] [SUCCESS] bvid=BV1xLQiBzEkP 已成功抓取全部所需数据。
[2026-04-15 23:01:30] [SUCCESS] bvid=BV1vXQgBEEPX 已成功抓取全部所需数据。
[2026-04-15 23:01:37] [SUCCESS] bvid=BV1B1QYBHEKu 已成功抓取全部所需数据。
[2026-04-15 23:01:48] [SUCCESS] bvid=BV1idQvBpEwJ 已成功抓取全部所需数据。
[2026-04-15 23:01:55] [SUCCESS] bvid=BV1btQvBkECo 已成功抓取全部所需数据。
[2026-04-15 23:02:02] [SUCCESS] bvid=BV1nsQiBYELm 已成功抓取全部所需数据。
[2026-04-15 23:02:08] [SUCCESS] bvid=BV1rqQYBoETz 已成功抓取全部所需数据。
[2026-04-15 23:02:15] [SUCCESS] bvid=BV1EKQvBoEnj 已成功抓取全部所需数据。
[2026-04-15 23:02:22] [SUCCESS] bvid=BV1XEQvBmEyy 已成功抓取全部所需数据。
[2026-04-15 23:02:28] [SUCCESS] bvid=BV1XdDsBUENg 已成功抓取全部所需数据。
[2026-04-15 23:02:35] [SUCCESS] bvid=BV18FQ3BCEKi 已成功抓取全部所需数据。
[2026-04-15 23:02:41] [SUCCESS] bvid=BV1gfQgB5EnC 已成功抓取全部所需数据。
[2026-04-15 23:02:47] [SUCCESS] bvid=BV13fQgB5Eim 已成功抓取全部所需数据。
[2026-04-15 23:02:53] [SUCCESS] bvid=BV13fQgB5EV4 已成功抓取全部所需数据。
[2026-04-15 23:02:59] [SUCCESS] bvid=BV1gfQgB5EeE 已成功抓取全部所需数据。
[2026-04-15 23:03:05] [SUCCESS] bvid=BV18fQgB5EoJ 已成功抓取全部所需数据。
[2026-04-15 23:03:11] [SUCCESS] bvid=BV1GfQgB5Euv 已成功抓取全部所需数据。
[2026-04-15 23:03:18] [SUCCESS] bvid=BV13oQgB1EWK 已成功抓取全部所需数据。
[2026-04-15 23:03:29] [SUCCESS] bvid=BV1UPQFB3E2P 已成功抓取全部所需数据。
[2026-04-15 23:03:36] [SUCCESS] bvid=BV1bPQFB3E6p 已成功抓取全部所需数据。
[2026-04-15 23:03:49] [SUCCESS] bvid=BV1YdQgBjEuo 已成功抓取全部所需数据。
[2026-04-15 23:03:55] [SUCCESS] bvid=BV1XoQgB1Eh5 已成功抓取全部所需数据。
[2026-04-15 23:04:02] [SUCCESS] bvid=BV1bNQ3BgE7y 已成功抓取全部所需数据。
[2026-04-15 23:04:08] [SUCCESS] bvid=BV1GoQgB1EHX 已成功抓取全部所需数据。
[2026-04-15 23:04:14] [SUCCESS] bvid=BV13oQgB1ETZ 已成功抓取全部所需数据。
[2026-04-15 23:04:26] [SUCCESS] bvid=BV1aoQgB1EG8 已成功抓取全部所需数据。
[2026-04-15 23:04:33] [SUCCESS] bvid=BV1BmQvBZEwh 已成功抓取全部所需数据。
[2026-04-15 23:04:39] [SUCCESS] bvid=BV1tNQ3BgET1 已成功抓取全部所需数据。
[2026-04-15 23:04:52] [SUCCESS] bvid=BV1uwQ3BGEAt 已成功抓取全部所需数据。
[2026-04-15 23:05:04] [SUCCESS] bvid=BV1mKQ3BzEPW 已成功抓取全部所需数据。
[2026-04-15 23:05:11] [SUCCESS] bvid=BV18wQ3BGEmx 已成功抓取全部所需数据。
[2026-04-15 23:05:18] [SUCCESS] bvid=BV18wQ3BGEUT 已成功抓取全部所需数据。
[2026-04-15 23:05:24] [SUCCESS] bvid=BV1gwQ3BGEC4 已成功抓取全部所需数据。
[2026-04-15 23:05:31] [SUCCESS] bvid=BV1LmQgBQEvG 已成功抓取全部所需数据。
[2026-04-15 23:05:37] [SUCCESS] bvid=BV1UxQYBNEjw 已成功抓取全部所需数据。
[2026-04-15 23:05:43] [SUCCESS] bvid=BV1tTQeBTESo 已成功抓取全部所需数据。
[2026-04-15 23:05:55] [SUCCESS] bvid=BV1mhQvB6ErX 已成功抓取全部所需数据。
[2026-04-15 23:06:09] [SUCCESS] bvid=BV18NQiBjEKf 已成功抓取全部所需数据。
[2026-04-15 23:06:15] [SUCCESS] bvid=BV1UxQYBNEPc 已成功抓取全部所需数据。
[2026-04-15 23:06:23] [SUCCESS] bvid=BV1mtXrBfEDJ 已成功抓取全部所需数据。
[2026-04-15 23:06:29] [SUCCESS] bvid=BV1wZQeBAEXT 已成功抓取全部所需数据。
[2026-04-15 23:06:36] [SUCCESS] bvid=BV18AQ3BrEPM 已成功抓取全部所需数据。
[2026-04-15 23:06:42] [SUCCESS] bvid=BV1MAQ3BrEEw 已成功抓取全部所需数据。
[2026-04-15 23:06:54] [SUCCESS] bvid=BV1j2QgBpEgK 已成功抓取全部所需数据。
[2026-04-15 23:07:01] [SUCCESS] bvid=BV1L2QgBpEzG 已成功抓取全部所需数据。
[2026-04-15 23:07:07] [SUCCESS] bvid=BV172QgBpEpx 已成功抓取全部所需数据。
[2026-04-15 23:07:13] [SUCCESS] bvid=BV1Z2QgBpEkr 已成功抓取全部所需数据。
[2026-04-15 23:07:25] [SUCCESS] bvid=BV1j2QgBpEqu 已成功抓取全部所需数据。
[2026-04-15 23:07:36] [SUCCESS] bvid=BV1q2QgBpEdL 已成功抓取全部所需数据。
[2026-04-15 23:07:48] [SUCCESS] bvid=BV1jmQgBQESv 已成功抓取全部所需数据。
[2026-04-15 23:08:07] [SUCCESS] bvid=BV1hAQiBmE7Q 已成功抓取全部所需数据。
[2026-04-15 23:08:13] [SUCCESS] bvid=BV1imQgBQEJa 已成功抓取全部所需数据。
[2026-04-15 23:08:26] [SUCCESS] bvid=BV17mQgBQETr 已成功抓取全部所需数据。
[2026-04-15 23:08:38] [SUCCESS] bvid=BV1jmQgBQEQx 已成功抓取全部所需数据。
[2026-04-15 23:08:45] [SUCCESS] bvid=BV1fSQvB4ENC 已成功抓取全部所需数据。
[2026-04-15 23:08:52] [SUCCESS] bvid=BV114QhBdEvi 已成功抓取全部所需数据。
[2026-04-15 23:09:04] [SUCCESS] bvid=BV17CQgBsEYH 已成功抓取全部所需数据。
[2026-04-15 23:09:10] [SUCCESS] bvid=BV1dmQgBQE69 已成功抓取全部所需数据。
[2026-04-15 23:09:23] [SUCCESS] bvid=BV1LmQgBQEXF 已成功抓取全部所需数据。
[2026-04-15 23:09:29] [SUCCESS] bvid=BV17mQgBXEJ5 已成功抓取全部所需数据。
[2026-04-15 23:09:35] [SUCCESS] bvid=BV1ECQgBsEFh 已成功抓取全部所需数据。
[2026-04-15 23:09:41] [SUCCESS] bvid=BV1fCQgBsEmL 已成功抓取全部所需数据。
[2026-04-15 23:09:48] [SUCCESS] bvid=BV1zCQgBsEhG 已成功抓取全部所需数据。
[2026-04-15 23:09:54] [SUCCESS] bvid=BV1EyQgB9ENV 已成功抓取全部所需数据。
[2026-04-15 23:10:00] [SUCCESS] bvid=BV15XQgBEE6A 已成功抓取全部所需数据。
[2026-04-15 23:10:12] [SUCCESS] bvid=BV17yQgB9E5c 已成功抓取全部所需数据。
[2026-04-15 23:10:19] [SUCCESS] bvid=BV17yQgB9EzX 已成功抓取全部所需数据。
[2026-04-15 23:10:39] [SUCCESS] bvid=BV1VXQgBEEXb 已成功抓取全部所需数据。
[2026-04-15 23:10:44] [SUCCESS] bvid=BV1eXQgBEES6 已成功抓取全部所需数据。
[2026-04-15 23:10:51] [SUCCESS] bvid=BV1N8QYBYEgA 已成功抓取全部所需数据。
[2026-04-15 23:10:57] [SUCCESS] bvid=BV1usQvByEJS 已成功抓取全部所需数据。
[2026-04-15 23:11:04] [SUCCESS] bvid=BV159QgBUEE8 已成功抓取全部所需数据。
[2026-04-15 23:11:10] [SUCCESS] bvid=BV1G9QgBmEzc 已成功抓取全部所需数据。
[2026-04-15 23:11:17] [SUCCESS] bvid=BV1jDQgBDEg9 已成功抓取全部所需数据。
[2026-04-15 23:11:30] [SUCCESS] bvid=BV1RLQvBSEY2 已成功抓取全部所需数据。
[2026-04-15 23:11:37] [SUCCESS] bvid=BV1gsQvByEtB 已成功抓取全部所需数据。
[2026-04-15 23:11:44] [SUCCESS] bvid=BV1hMDFByE2U 已成功抓取全部所需数据。
[2026-04-15 23:11:51] [SUCCESS] bvid=BV1ieQiB4EYH 已成功抓取全部所需数据。
[2026-04-15 23:12:04] [SUCCESS] bvid=BV1fKQvBdE4X 已成功抓取全部所需数据。
[2026-04-15 23:12:10] [SUCCESS] bvid=BV1UVQbBoEMu 已成功抓取全部所需数据。
[2026-04-15 23:12:17] [SUCCESS] bvid=BV1cSQtB5Ebh 已成功抓取全部所需数据。
[2026-04-15 23:12:23] [SUCCESS] bvid=BV1MWQYBqEWz 已成功抓取全部所需数据。
[2026-04-15 23:12:36] [SUCCESS] bvid=BV1HDQtBCE7z 已成功抓取全部所需数据。
[2026-04-15 23:12:43] [SUCCESS] bvid=BV17LQtBqE1z 已成功抓取全部所需数据。
[2026-04-15 23:12:50] [SUCCESS] bvid=BV13AQiBUENW 已成功抓取全部所需数据。
[2026-04-15 23:12:56] [SUCCESS] bvid=BV1jeQiB4EUa 已成功抓取全部所需数据。
[2026-04-15 23:13:02] [SUCCESS] bvid=BV1vSQgBnEYo 已成功抓取全部所需数据。
[2026-04-15 23:13:08] [SUCCESS] bvid=BV1oSQgBnEwf 已成功抓取全部所需数据。
[2026-04-15 23:13:21] [SUCCESS] bvid=BV19DQgBSEtN 已成功抓取全部所需数据。
[2026-04-15 23:13:21] [INFO] 当前 batch_crawl 已完成，所有视频均已成功抓取。
[2026-04-15 23:13:21] 子任务结束时间：2026-04-15T23:13:21.033375
[TIMESTAMP][END] 2026-04-15T23:13:21
