[TIMESTAMP][BEGIN] 2026-04-15T22:45:35
[2026-04-15 22:45:37] 开始执行 CSV 批量抓取子任务 part_7。
[2026-04-15 22:45:37] 子任务开始时间：2026-04-15T22:45:35.265571
[2026-04-15 22:45:37] 输入文件：batch_input_7.csv
[2026-04-15 22:45:37] 输入唯一 bvid 数量：100
[2026-04-15 22:45:37] 为严格按 CSV 顺序判断连续失败阈值，本次任务自动将并发度从 2 调整为 1。
[2026-04-15 22:45:49] [SUCCESS] bvid=BV1nfQuBxEkq 已成功抓取全部所需数据。
[2026-04-15 22:46:01] [SUCCESS] bvid=BV1FfQuBxECi 已成功抓取全部所需数据。
[2026-04-15 22:46:13] [SUCCESS] bvid=BV1r9QuBZEU8 已成功抓取全部所需数据。
[2026-04-15 22:46:26] [SUCCESS] bvid=BV1k9QuBZEFw 已成功抓取全部所需数据。
[2026-04-15 22:46:32] [SUCCESS] bvid=BV1nqQgBbEFt 已成功抓取全部所需数据。
[2026-04-15 22:46:39] [SUCCESS] bvid=BV16dQuB4EWX 已成功抓取全部所需数据。
[2026-04-15 22:46:45] [SUCCESS] bvid=BV1C9QuBZEJn 已成功抓取全部所需数据。
[2026-04-15 22:46:52] [SUCCESS] bvid=BV1bwQ3BGEFK 已成功抓取全部所需数据。
[2026-04-15 22:46:58] [SUCCESS] bvid=BV1kdQuB4Egp 已成功抓取全部所需数据。
[2026-04-15 22:47:05] [SUCCESS] bvid=BV1rdQuB4Eu3 已成功抓取全部所需数据。
[2026-04-15 22:47:12] [SUCCESS] bvid=BV1BAQgBQEZu 已成功抓取全部所需数据。
[2026-04-15 22:47:19] [SUCCESS] bvid=BV1qNQgBnEUH 已成功抓取全部所需数据。
[2026-04-15 22:47:25] [SUCCESS] bvid=BV1BAQgBQEaQ 已成功抓取全部所需数据。
[2026-04-15 22:47:31] [SUCCESS] bvid=BV17AQgBDEMx 已成功抓取全部所需数据。
[2026-04-15 22:47:38] [SUCCESS] bvid=BV1BNQgBnENL 已成功抓取全部所需数据。
[2026-04-15 22:47:44] [SUCCESS] bvid=BV1zFQgB9ERb 已成功抓取全部所需数据。
[2026-04-15 22:47:50] [SUCCESS] bvid=BV17NQgBHEZA 已成功抓取全部所需数据。
[2026-04-15 22:47:56] [SUCCESS] bvid=BV1qNQgBnEyZ 已成功抓取全部所需数据。
[2026-04-15 22:48:02] [SUCCESS] bvid=BV1ZNQgBnEt1 已成功抓取全部所需数据。
[2026-04-15 22:48:09] [SUCCESS] bvid=BV1oNQgBnEiX 已成功抓取全部所需数据。
[2026-04-15 22:48:15] [SUCCESS] bvid=BV1oNQgBnEsi 已成功抓取全部所需数据。
[2026-04-15 22:48:23] [SUCCESS] bvid=BV1FFQgBRE4z 已成功抓取全部所需数据。
[2026-04-15 22:48:30] [SUCCESS] bvid=BV1fwQgBpEzU 已成功抓取全部所需数据。
[2026-04-15 22:48:36] [SUCCESS] bvid=BV18FQ3BCEZk 已成功抓取全部所需数据。
[2026-04-15 22:48:42] [SUCCESS] bvid=BV1BwQgBpEaw 已成功抓取全部所需数据。
[2026-04-15 22:48:55] [SUCCESS] bvid=BV1keQgBhEsJ 已成功抓取全部所需数据。
[2026-04-15 22:49:01] [SUCCESS] bvid=BV1DcQeB3EV4 已成功抓取全部所需数据。
[2026-04-15 22:49:07] [SUCCESS] bvid=BV1Y9QgBmEbY 已成功抓取全部所需数据。
[2026-04-15 22:49:20] [SUCCESS] bvid=BV1kiQgBFEfD 已成功抓取全部所需数据。
[2026-04-15 22:49:26] [SUCCESS] bvid=BV1WhQgBYEsd 已成功抓取全部所需数据。
[2026-04-15 22:49:39] [SUCCESS] bvid=BV1kiQgBFEkj 已成功抓取全部所需数据。
[2026-04-15 22:49:45] [SUCCESS] bvid=BV1WhQgBYEjs 已成功抓取全部所需数据。
[2026-04-15 22:49:52] [SUCCESS] bvid=BV1wiQgBcEvS 已成功抓取全部所需数据。
[2026-04-15 22:49:58] [SUCCESS] bvid=BV1vvPZzJEuc 已成功抓取全部所需数据。
[2026-04-15 22:50:10] [SUCCESS] bvid=BV1JSQxBiE9a 已成功抓取全部所需数据。
[2026-04-15 22:50:16] [SUCCESS] bvid=BV1adQYByE96 已成功抓取全部所需数据。
[2026-04-15 22:50:23] [SUCCESS] bvid=BV1ReQiB4EZu 已成功抓取全部所需数据。
[2026-04-15 22:50:36] [SUCCESS] bvid=BV1WhQgBYEqP 已成功抓取全部所需数据。
[2026-04-15 22:50:43] [SUCCESS] bvid=BV1WhQgBYExp 已成功抓取全部所需数据。
[2026-04-15 22:50:49] [SUCCESS] bvid=BV1shQgBYEdb 已成功抓取全部所需数据。
[2026-04-15 22:50:57] [SUCCESS] bvid=BV11hQgBYEKr 已成功抓取全部所需数据。
[2026-04-15 22:51:04] [SUCCESS] bvid=BV1CYQgBwEYR 已成功抓取全部所需数据。
[2026-04-15 22:51:17] [SUCCESS] bvid=BV1NYQgBAEgA 已成功抓取全部所需数据。
[2026-04-15 22:51:24] [SUCCESS] bvid=BV1XEQvBmEwT 已成功抓取全部所需数据。
[2026-04-15 22:51:31] [SUCCESS] bvid=BV1J6QgB4EUD 已成功抓取全部所需数据。
[2026-04-15 22:51:37] [SUCCESS] bvid=BV1rBQgBZELe 已成功抓取全部所需数据。
[2026-04-15 22:51:44] [SUCCESS] bvid=BV1ErQgBdEzH 已成功抓取全部所需数据。
[2026-04-15 22:52:02] [SUCCESS] bvid=BV1nqQgBbEYZ 已成功抓取全部所需数据。
[2026-04-15 22:52:09] [SUCCESS] bvid=BV1nBQgBZE3G 已成功抓取全部所需数据。
[2026-04-15 22:52:15] [SUCCESS] bvid=BV1rqQgBbEFo 已成功抓取全部所需数据。
[2026-04-15 22:52:22] [SUCCESS] bvid=BV1kqQgBbEhi 已成功抓取全部所需数据。
[2026-04-15 22:52:29] [SUCCESS] bvid=BV1nBQgBZEJQ 已成功抓取全部所需数据。
[2026-04-15 22:52:41] [SUCCESS] bvid=BV1nBQgBZEAJ 已成功抓取全部所需数据。
[2026-04-15 22:52:53] [SUCCESS] bvid=BV1bHQgBzEbY 已成功抓取全部所需数据。
[2026-04-15 22:53:00] [SUCCESS] bvid=BV1tHQgBzE3e 已成功抓取全部所需数据。
[2026-04-15 22:53:07] [SUCCESS] bvid=BV1xvA8zQEKe 已成功抓取全部所需数据。
[2026-04-15 22:53:13] [SUCCESS] bvid=BV1sqA8znEAa 已成功抓取全部所需数据。
[2026-04-15 22:53:19] [SUCCESS] bvid=BV1MWQgBuE9X 已成功抓取全部所需数据。
[2026-04-15 22:53:26] [SUCCESS] bvid=BV1r6QvBYEyR 已成功抓取全部所需数据。
[2026-04-15 22:53:32] [SUCCESS] bvid=BV128QvBgEog 已成功抓取全部所需数据。
[2026-04-15 22:53:38] [SUCCESS] bvid=BV1ECQgBsEBs 已成功抓取全部所需数据。
[2026-04-15 22:53:52] [SUCCESS] bvid=BV1FkQvBAERh 已成功抓取全部所需数据。
[2026-04-15 22:54:05] [SUCCESS] bvid=BV1CzQvBPEZs 已成功抓取全部所需数据。
[2026-04-15 22:54:17] [SUCCESS] bvid=BV1bWQgBMEu9 已成功抓取全部所需数据。
[2026-04-15 22:54:23] [SUCCESS] bvid=BV1tWQgBMEnV 已成功抓取全部所需数据。
[2026-04-15 22:54:29] [SUCCESS] bvid=BV14WQgBMExj 已成功抓取全部所需数据。
[2026-04-15 22:54:36] [SUCCESS] bvid=BV1hEQgBrEj3 已成功抓取全部所需数据。
[2026-04-15 22:54:47] [SUCCESS] bvid=BV1DEQgBrE16 已成功抓取全部所需数据。
[2026-04-15 22:54:54] [SUCCESS] bvid=BV1DnQgBgEWF 已成功抓取全部所需数据。
[2026-04-15 22:55:00] [SUCCESS] bvid=BV1xtQgBvEic 已成功抓取全部所需数据。
[2026-04-15 22:55:06] [SUCCESS] bvid=BV1uFQ3BCEUu 已成功抓取全部所需数据。
[2026-04-15 22:55:12] [SUCCESS] bvid=BV13fQgB5E4H 已成功抓取全部所需数据。
[2026-04-15 22:55:24] [SUCCESS] bvid=BV1T4QYBvEBH 已成功抓取全部所需数据。
[2026-04-15 22:55:30] [SUCCESS] bvid=BV1cQDWBYEae 已成功抓取全部所需数据。
[2026-04-15 22:55:38] [SUCCESS] bvid=BV1fKQvBdESY 已成功抓取全部所需数据。
[2026-04-15 22:55:49] [SUCCESS] bvid=BV1UnQgBgEHo 已成功抓取全部所需数据。
[2026-04-15 22:56:01] [SUCCESS] bvid=BV1DnQgBgEs1 已成功抓取全部所需数据。
[2026-04-15 22:56:08] [SUCCESS] bvid=BV1bwQeB6EzH 已成功抓取全部所需数据。
[2026-04-15 22:56:14] [SUCCESS] bvid=BV1bnQgBgES4 已成功抓取全部所需数据。
[2026-04-15 22:56:21] [SUCCESS] bvid=BV1xtQgBvEeE 已成功抓取全部所需数据。
[2026-04-15 22:56:35] [SUCCESS] bvid=BV1stQgBvE1V 已成功抓取全部所需数据。
[2026-04-15 22:56:47] [SUCCESS] bvid=BV14tQgBvETz 已成功抓取全部所需数据。
[2026-04-15 22:56:54] [SUCCESS] bvid=BV11tQgBvEUD 已成功抓取全部所需数据。
[2026-04-15 22:57:00] [SUCCESS] bvid=BV12tQgBvEaL 已成功抓取全部所需数据。
[2026-04-15 22:57:13] [SUCCESS] bvid=BV1TKQ3BzEZ2 已成功抓取全部所需数据。
[2026-04-15 22:57:19] [SUCCESS] bvid=BV1x8QgBPEGz 已成功抓取全部所需数据。
[2026-04-15 22:57:31] [SUCCESS] bvid=BV118QgBPERE 已成功抓取全部所需数据。
[2026-04-15 22:57:37] [SUCCESS] bvid=BV128QgBPEjR 已成功抓取全部所需数据。
[2026-04-15 22:57:49] [SUCCESS] bvid=BV1tsQgBqERy 已成功抓取全部所需数据。
[2026-04-15 22:57:56] [SUCCESS] bvid=BV14sQgBqEUv 已成功抓取全部所需数据。
[2026-04-15 22:58:02] [SUCCESS] bvid=BV1ckQvBAEaZ 已成功抓取全部所需数据。
[2026-04-15 22:58:08] [SUCCESS] bvid=BV1x4QgBKE9e 已成功抓取全部所需数据。
[2026-04-15 22:58:14] [SUCCESS] bvid=BV1t4QgBTEVZ 已成功抓取全部所需数据。
[2026-04-15 22:58:21] [SUCCESS] bvid=BV1T4QgBTECS 已成功抓取全部所需数据。
[2026-04-15 22:58:27] [SUCCESS] bvid=BV1m4QgBKEYw 已成功抓取全部所需数据。
[2026-04-15 22:58:33] [SUCCESS] bvid=BV1faDRB2ECG 已成功抓取全部所需数据。
[2026-04-15 22:58:39] [SUCCESS] bvid=BV1t4QgBKEN7 已成功抓取全部所需数据。
[2026-04-15 22:58:45] [SUCCESS] bvid=BV1RXQgBEEUH 已成功抓取全部所需数据。
[2026-04-15 22:58:58] [SUCCESS] bvid=BV13fQgB5Eo2 已成功抓取全部所需数据。
[2026-04-15 22:59:11] [SUCCESS] bvid=BV1ysQbBJEpc 已成功抓取全部所需数据。
[2026-04-15 22:59:11] [INFO] 当前 batch_crawl 已完成，所有视频均已成功抓取。
[2026-04-15 22:59:11] 子任务结束时间：2026-04-15T22:59:11.093840
[TIMESTAMP][END] 2026-04-15T22:59:11
