[TIMESTAMP][BEGIN] 2026-04-15T21:43:57
[2026-04-15 21:44:00] 开始执行 CSV 批量抓取子任务 part_3。
[2026-04-15 21:44:00] 子任务开始时间：2026-04-15T21:43:57.461247
[2026-04-15 21:44:00] 输入文件：batch_input_3.csv
[2026-04-15 21:44:00] 输入唯一 bvid 数量：100
[2026-04-15 21:44:00] 为严格按 CSV 顺序判断连续失败阈值，本次任务自动将并发度从 2 调整为 1。
[2026-04-15 21:44:05] [SUCCESS] bvid=BV1GoQgB1ExG 已成功抓取全部所需数据。
[2026-04-15 21:44:11] [SUCCESS] bvid=BV1kTQjBVEHU 已成功抓取全部所需数据。
[2026-04-15 21:44:23] [SUCCESS] bvid=BV1rTQjBVEip 已成功抓取全部所需数据。
[2026-04-15 21:44:34] [SUCCESS] bvid=BV1wTQjB5EnT 已成功抓取全部所需数据。
[2026-04-15 21:44:40] [SUCCESS] bvid=BV1PwQjBmEft 已成功抓取全部所需数据。
[2026-04-15 21:44:52] [SUCCESS] bvid=BV1ywQjB2ELR 已成功抓取全部所需数据。
[2026-04-15 21:45:04] [SUCCESS] bvid=BV1yPQjBjEBw 已成功抓取全部所需数据。
[2026-04-15 21:45:10] [SUCCESS] bvid=BV1APQjBjEsm 已成功抓取全部所需数据。
[2026-04-15 21:45:16] [SUCCESS] bvid=BV1F3QjBrEY2 已成功抓取全部所需数据。
[2026-04-15 21:45:22] [SUCCESS] bvid=BV1E3QjBrEQB 已成功抓取全部所需数据。
[2026-04-15 21:45:34] [SUCCESS] bvid=BV163QjB6EVF 已成功抓取全部所需数据。
[2026-04-15 21:45:39] [SUCCESS] bvid=BV1J3QjBrE9i 已成功抓取全部所需数据。
[2026-04-15 21:45:46] [SUCCESS] bvid=BV1f3QjB6EZk 已成功抓取全部所需数据。
[2026-04-15 21:45:53] [SUCCESS] bvid=BV163QjB6E5a 已成功抓取全部所需数据。
[2026-04-15 21:45:59] [SUCCESS] bvid=BV1BVQjBuEnc 已成功抓取全部所需数据。
[2026-04-15 21:46:05] [SUCCESS] bvid=BV163QjBrE2o 已成功抓取全部所需数据。
[2026-04-15 21:46:10] [SUCCESS] bvid=BV1fVQjBuEGR 已成功抓取全部所需数据。
[2026-04-15 21:46:16] [SUCCESS] bvid=BV1zVQjBuEhd 已成功抓取全部所需数据。
[2026-04-15 21:46:22] [SUCCESS] bvid=BV16MQjBkEq1 已成功抓取全部所需数据。
[2026-04-15 21:46:28] [SUCCESS] bvid=BV16MQjBkEJf 已成功抓取全部所需数据。
[2026-04-15 21:46:39] [SUCCESS] bvid=BV16MQjBkEWS 已成功抓取全部所需数据。
[2026-04-15 21:46:46] [SUCCESS] bvid=BV1rgQjB3EAL 已成功抓取全部所需数据。
[2026-04-15 21:46:51] [SUCCESS] bvid=BV19BQVBsEXH 已成功抓取全部所需数据。
[2026-04-15 21:46:57] [SUCCESS] bvid=BV16gQjB3EAW 已成功抓取全部所需数据。
[2026-04-15 21:47:03] [SUCCESS] bvid=BV11kQjBJEsG 已成功抓取全部所需数据。
[2026-04-15 21:47:15] [SUCCESS] bvid=BV1skQjBJEfh 已成功抓取全部所需数据。
[2026-04-15 21:47:21] [SUCCESS] bvid=BV1xzQjBHEZ9 已成功抓取全部所需数据。
[2026-04-15 21:47:33] [SUCCESS] bvid=BV14zQjBHEE4 已成功抓取全部所需数据。
[2026-04-15 21:47:45] [SUCCESS] bvid=BV1x6QjBDEPv 已成功抓取全部所需数据。
[2026-04-15 21:47:51] [SUCCESS] bvid=BV1kUQjBLEpS 已成功抓取全部所需数据。
[2026-04-15 21:47:56] [SUCCESS] bvid=BV1pUQjBLEHZ 已成功抓取全部所需数据。
[2026-04-15 21:48:09] [SUCCESS] bvid=BV1nSQjByEGL 已成功抓取全部所需数据。
[2026-04-15 21:48:16] [SUCCESS] bvid=BV1JSQjByEb3 已成功抓取全部所需数据。
[2026-04-15 21:48:22] [SUCCESS] bvid=BV1maQ5BEEVL 已成功抓取全部所需数据。
[2026-04-15 21:48:34] [SUCCESS] bvid=BV1h8QjBtETK 已成功抓取全部所需数据。
[2026-04-15 21:48:40] [SUCCESS] bvid=BV1ENQvBtE9i 已成功抓取全部所需数据。
[2026-04-15 21:48:46] [SUCCESS] bvid=BV15KD1BCEUc 已成功抓取全部所需数据。
[2026-04-15 21:48:52] [SUCCESS] bvid=BV1C2QjB2E5E 已成功抓取全部所需数据。
[2026-04-15 21:48:57] [SUCCESS] bvid=BV1hhQjBoEcE 已成功抓取全部所需数据。
[2026-04-15 21:49:09] [SUCCESS] bvid=BV1xqQjBXEBs 已成功抓取全部所需数据。
[2026-04-15 21:49:15] [SUCCESS] bvid=BV1atQjBfEFd 已成功抓取全部所需数据。
[2026-04-15 21:49:21] [SUCCESS] bvid=BV1QtQjBfED8 已成功抓取全部所需数据。
[2026-04-15 21:49:33] [SUCCESS] bvid=BV1miQjBWE9e 已成功抓取全部所需数据。
[2026-04-15 21:49:51] [SUCCESS] bvid=BV14qQjBXEDu 已成功抓取全部所需数据。
[2026-04-15 21:49:56] [SUCCESS] bvid=BV1VTQ7BAEi5 已成功抓取全部所需数据。
[2026-04-15 21:50:02] [SUCCESS] bvid=BV1beQjBRE8e 已成功抓取全部所需数据。
[2026-04-15 21:50:14] [SUCCESS] bvid=BV1VTQ7BAEWS 已成功抓取全部所需数据。
[2026-04-15 21:50:20] [SUCCESS] bvid=BV1GMQ7BaEBt 已成功抓取全部所需数据。
[2026-04-15 21:50:26] [SUCCESS] bvid=BV1YMQ7BaEch 已成功抓取全部所需数据。
[2026-04-15 21:50:31] [SUCCESS] bvid=BV1YMQ7BaEhC 已成功抓取全部所需数据。
[2026-04-15 21:50:44] [SUCCESS] bvid=BV15PQ7BNE7F 已成功抓取全部所需数据。
[2026-04-15 21:50:50] [SUCCESS] bvid=BV1eNQ7BeEie 已成功抓取全部所需数据。
[2026-04-15 21:51:01] [SUCCESS] bvid=BV1GNQ7BeEUg 已成功抓取全部所需数据。
[2026-04-15 21:51:07] [SUCCESS] bvid=BV1xEQ7BREXm 已成功抓取全部所需数据。
[2026-04-15 21:51:13] [SUCCESS] bvid=BV15NQ7BeEAr 已成功抓取全部所需数据。
[2026-04-15 21:51:18] [SUCCESS] bvid=BV133Q7B8Ejs 已成功抓取全部所需数据。
[2026-04-15 21:51:24] [SUCCESS] bvid=BV1u5Q7BtEtz 已成功抓取全部所需数据。
[2026-04-15 21:51:35] [SUCCESS] bvid=BV1U5Q7BtEDx 已成功抓取全部所需数据。
[2026-04-15 21:51:41] [SUCCESS] bvid=BV1b5Q7BtE1s 已成功抓取全部所需数据。
[2026-04-15 21:51:46] [SUCCESS] bvid=BV17RQjB3E1V 已成功抓取全部所需数据。
[2026-04-15 21:51:59] [SUCCESS] bvid=BV1fRQjBuETm 已成功抓取全部所需数据。
[2026-04-15 21:52:10] [SUCCESS] bvid=BV1ERQjB3Eip 已成功抓取全部所需数据。
[2026-04-15 21:52:16] [SUCCESS] bvid=BV1zdQjB6ELG 已成功抓取全部所需数据。
[2026-04-15 21:52:22] [SUCCESS] bvid=BV1EdQjB6Epi 已成功抓取全部所需数据。
[2026-04-15 21:52:28] [SUCCESS] bvid=BV1qdQjB6EY3 已成功抓取全部所需数据。
[2026-04-15 21:52:33] [SUCCESS] bvid=BV1zdQjB6EEs 已成功抓取全部所需数据。
[2026-04-15 21:52:39] [SUCCESS] bvid=BV1BdQjB6ERx 已成功抓取全部所需数据。
[2026-04-15 21:52:44] [SUCCESS] bvid=BV16XQjBkEFq 已成功抓取全部所需数据。
[2026-04-15 21:52:50] [SUCCESS] bvid=BV1HQQjB5Es2 已成功抓取全部所需数据。
[2026-04-15 21:52:56] [SUCCESS] bvid=BV1nXQjBkEPQ 已成功抓取全部所需数据。
[2026-04-15 21:53:08] [SUCCESS] bvid=BV16QQjBVEYW 已成功抓取全部所需数据。
[2026-04-15 21:53:14] [SUCCESS] bvid=BV1EXQjBkEQa 已成功抓取全部所需数据。
[2026-04-15 21:53:19] [SUCCESS] bvid=BV1jcQ7BTE5n 已成功抓取全部所需数据。
[2026-04-15 21:53:26] [SUCCESS] bvid=BV15wQ7BiE5i 已成功抓取全部所需数据。
[2026-04-15 21:53:32] [SUCCESS] bvid=BV1icQ7BTEWz 已成功抓取全部所需数据。
[2026-04-15 21:53:38] [SUCCESS] bvid=BV1FwQGBwESV 已成功抓取全部所需数据。
[2026-04-15 21:53:44] [SUCCESS] bvid=BV18bQ5BnEJy 已成功抓取全部所需数据。
[2026-04-15 21:53:50] [SUCCESS] bvid=BV1jcQ7BTEqL 已成功抓取全部所需数据。
[2026-04-15 21:54:02] [SUCCESS] bvid=BV1jcQ7BTETj 已成功抓取全部所需数据。
[2026-04-15 21:54:07] [SUCCESS] bvid=BV1n1Q5BzEzX 已成功抓取全部所需数据。
[2026-04-15 21:54:19] [SUCCESS] bvid=BV1LwQ7BiExJ 已成功抓取全部所需数据。
[2026-04-15 21:54:25] [SUCCESS] bvid=BV1WzQ5BCEwB 已成功抓取全部所需数据。
[2026-04-15 21:54:37] [SUCCESS] bvid=BV1whQ7B2EN9 已成功抓取全部所需数据。
[2026-04-15 21:54:43] [SUCCESS] bvid=BV1PsQ7BDEQu 已成功抓取全部所需数据。
[2026-04-15 21:54:49] [SUCCESS] bvid=BV1jfQjBBEDq 已成功抓取全部所需数据。
[2026-04-15 21:54:55] [SUCCESS] bvid=BV1chQ7B2EXJ 已成功抓取全部所需数据。
[2026-04-15 21:55:07] [SUCCESS] bvid=BV1rhQ7B2E1G 已成功抓取全部所需数据。
[2026-04-15 21:55:14] [SUCCESS] bvid=BV1chQ7B2En6 已成功抓取全部所需数据。
[2026-04-15 21:55:25] [SUCCESS] bvid=BV1FhQ7B2EfZ 已成功抓取全部所需数据。
[2026-04-15 21:55:32] [SUCCESS] bvid=BV1fYQ7B5Efz 已成功抓取全部所需数据。
[2026-04-15 21:55:44] [SUCCESS] bvid=BV1cYQ7BLEAz 已成功抓取全部所需数据。
[2026-04-15 21:55:50] [SUCCESS] bvid=BV1ZQQ5BvEYE 已成功抓取全部所需数据。
[2026-04-15 21:56:09] [SUCCESS] bvid=BV1cYQ7BLEsR 已成功抓取全部所需数据。
[2026-04-15 21:56:21] [SUCCESS] bvid=BV1nYQ7BLEpg 已成功抓取全部所需数据。
[2026-04-15 21:56:27] [SUCCESS] bvid=BV1w8Q7B7Ejd 已成功抓取全部所需数据。
[2026-04-15 21:56:39] [SUCCESS] bvid=BV1AtQ7BUEv8 已成功抓取全部所需数据。
[2026-04-15 21:56:45] [SUCCESS] bvid=BV1HqQgBbEPk 已成功抓取全部所需数据。
[2026-04-15 21:56:51] [SUCCESS] bvid=BV1HyQ5BgEgo 已成功抓取全部所需数据。
[2026-04-15 21:56:57] [SUCCESS] bvid=BV1NnQ7BWENT 已成功抓取全部所需数据。
[2026-04-15 21:57:03] [SUCCESS] bvid=BV15DQgBSEjF 已成功抓取全部所需数据。
[2026-04-15 21:57:03] [INFO] 当前 batch_crawl 已完成，所有视频均已成功抓取。
[2026-04-15 21:57:03] 子任务结束时间：2026-04-15T21:57:03.653983
[TIMESTAMP][END] 2026-04-15T21:57:03
