[TIMESTAMP][BEGIN] 2026-04-16T02:54:04
[2026-04-16 02:54:06] 开始执行 CSV 批量抓取子任务 part_26。
[2026-04-16 02:54:06] 子任务开始时间：2026-04-16T02:54:04.399401
[2026-04-16 02:54:06] 输入文件：batch_input_26.csv
[2026-04-16 02:54:06] 输入唯一 bvid 数量：100
[2026-04-16 02:54:06] 为严格按 CSV 顺序判断连续失败阈值，本次任务自动将并发度从 2 调整为 1。
[2026-04-16 02:54:11] [SUCCESS] bvid=BV1SKDXBdEbC 已成功抓取全部所需数据。
[2026-04-16 02:54:39] [SUCCESS] bvid=BV1XwDXBbETh 已成功抓取全部所需数据。
[2026-04-16 02:54:45] [SUCCESS] bvid=BV1oXDQBvEgm 已成功抓取全部所需数据。
[2026-04-16 02:54:50] [SUCCESS] bvid=BV1DADXBZEfT 已成功抓取全部所需数据。
[2026-04-16 02:54:55] [SUCCESS] bvid=BV1XADXBZEi1 已成功抓取全部所需数据。
[2026-04-16 02:55:00] [SUCCESS] bvid=BV1c2DQB6EKF 已成功抓取全部所需数据。
[2026-04-16 02:55:05] [SUCCESS] bvid=BV1F2DQB6EdZ 已成功抓取全部所需数据。
[2026-04-16 02:55:11] [SUCCESS] bvid=BV1FUDQBuEPP 已成功抓取全部所需数据。
[2026-04-16 02:55:16] [SUCCESS] bvid=BV1fUDQBMEsX 已成功抓取全部所需数据。
[2026-04-16 02:55:21] [SUCCESS] bvid=BV1FCDQBkEkk 已成功抓取全部所需数据。
[2026-04-16 02:55:27] [SUCCESS] bvid=BV1fKDSBFEXK 已成功抓取全部所需数据。
[2026-04-16 02:55:33] [SUCCESS] bvid=BV1sQDUBzE3s 已成功抓取全部所需数据。
[2026-04-16 02:55:38] [SUCCESS] bvid=BV1oXDQBvEJG 已成功抓取全部所需数据。
[2026-04-16 02:55:43] [SUCCESS] bvid=BV1kzDSBqEqG 已成功抓取全部所需数据。
[2026-04-16 02:55:49] [SUCCESS] bvid=BV1w1DQB3EP5 已成功抓取全部所需数据。
[2026-04-16 02:55:54] [SUCCESS] bvid=BV1LWDZBSECm 已成功抓取全部所需数据。
[2026-04-16 02:55:59] [SUCCESS] bvid=BV1pLQwBrESm 已成功抓取全部所需数据。
[2026-04-16 02:56:05] [SUCCESS] bvid=BV1jXDQBiEkn 已成功抓取全部所需数据。
[2026-04-16 02:56:10] [SUCCESS] bvid=BV12aDSBGEG6 已成功抓取全部所需数据。
[2026-04-16 02:56:15] [SUCCESS] bvid=BV1RRDQBPErF 已成功抓取全部所需数据。
[2026-04-16 02:56:20] [SUCCESS] bvid=BV1jTDSBbESa 已成功抓取全部所需数据。
[2026-04-16 02:56:32] [SUCCESS] bvid=BV1qQDQBTEk8 已成功抓取全部所需数据。
[2026-04-16 02:56:37] [SUCCESS] bvid=BV1jTDSBbEbt 已成功抓取全部所需数据。
[2026-04-16 02:56:42] [SUCCESS] bvid=BV1LMDSBZELY 已成功抓取全部所需数据。
[2026-04-16 02:56:53] [SUCCESS] bvid=BV1qMDSBZEaz 已成功抓取全部所需数据。
[2026-04-16 02:57:04] [SUCCESS] bvid=BV15VDSBsExc 已成功抓取全部所需数据。
[2026-04-16 02:57:10] [SUCCESS] bvid=BV1jMDSBZEaH 已成功抓取全部所需数据。
[2026-04-16 02:57:15] [SUCCESS] bvid=BV1JPDSBhEqh 已成功抓取全部所需数据。
[2026-04-16 02:57:20] [SUCCESS] bvid=BV1JeQMBXEtV 已成功抓取全部所需数据。
[2026-04-16 02:57:26] [SUCCESS] bvid=BV1fKDSBFE4Y 已成功抓取全部所需数据。
[2026-04-16 02:57:31] [SUCCESS] bvid=BV17KDSBFEK2 已成功抓取全部所需数据。
[2026-04-16 02:57:43] [SUCCESS] bvid=BV1jKDSBFErL 已成功抓取全部所需数据。
[2026-04-16 02:57:48] [SUCCESS] bvid=BV1vVDSBsEpp 已成功抓取全部所需数据。
[2026-04-16 02:58:00] [SUCCESS] bvid=BV1L3DSBdETX 已成功抓取全部所需数据。
[2026-04-16 02:58:13] [SUCCESS] bvid=BV1Y5DSB9EU5 已成功抓取全部所需数据。
[2026-04-16 02:58:26] [SUCCESS] bvid=BV1DGDpBgEQn 已成功抓取全部所需数据。
[2026-04-16 02:58:39] [SUCCESS] bvid=BV1GKD1BCECL 已成功抓取全部所需数据。
[2026-04-16 02:58:50] [SUCCESS] bvid=BV15VDSBsEDG 已成功抓取全部所需数据。
[2026-04-16 02:58:56] [SUCCESS] bvid=BV1V5DSB9EzF 已成功抓取全部所需数据。
[2026-04-16 02:59:01] [SUCCESS] bvid=BV1Y5DSB9E2g 已成功抓取全部所需数据。
[2026-04-16 02:59:12] [SUCCESS] bvid=BV1Y5DSB9EXf 已成功抓取全部所需数据。
[2026-04-16 02:59:18] [SUCCESS] bvid=BV1V5DSBREBv 已成功抓取全部所需数据。
[2026-04-16 02:59:29] [SUCCESS] bvid=BV195DSB9E5G 已成功抓取全部所需数据。
[2026-04-16 02:59:35] [SUCCESS] bvid=BV1LgDSB4E4r 已成功抓取全部所需数据。
[2026-04-16 02:59:40] [SUCCESS] bvid=BV153DSBdE7g 已成功抓取全部所需数据。
[2026-04-16 02:59:51] [SUCCESS] bvid=BV1CRDUBqEy9 已成功抓取全部所需数据。
[2026-04-16 02:59:57] [SUCCESS] bvid=BV1wRDUBBEzJ 已成功抓取全部所需数据。
[2026-04-16 03:00:02] [SUCCESS] bvid=BV1WRDUBqEL8 已成功抓取全部所需数据。
[2026-04-16 03:00:08] [SUCCESS] bvid=BV1poDUBKEBV 已成功抓取全部所需数据。
[2026-04-16 03:00:14] [SUCCESS] bvid=BV1poDUBKEQY 已成功抓取全部所需数据。
[2026-04-16 03:00:19] [SUCCESS] bvid=BV1koDUBKEfH 已成功抓取全部所需数据。
[2026-04-16 03:00:25] [SUCCESS] bvid=BV1CoDUBKE7s 已成功抓取全部所需数据。
[2026-04-16 03:00:30] [SUCCESS] bvid=BV1poDUBKES9 已成功抓取全部所需数据。
[2026-04-16 03:00:36] [SUCCESS] bvid=BV1CoDUBKEkM 已成功抓取全部所需数据。
[2026-04-16 03:00:41] [SUCCESS] bvid=BV1poDUBKEDe 已成功抓取全部所需数据。
[2026-04-16 03:00:47] [SUCCESS] bvid=BV11QDUBzEMD 已成功抓取全部所需数据。
[2026-04-16 03:00:58] [SUCCESS] bvid=BV1sQDUBzEUx 已成功抓取全部所需数据。
[2026-04-16 03:01:03] [SUCCESS] bvid=BV1sQDUBzEFX 已成功抓取全部所需数据。
[2026-04-16 03:01:15] [SUCCESS] bvid=BV1MbDSB5EKF 已成功抓取全部所需数据。
[2026-04-16 03:01:21] [SUCCESS] bvid=BV1j3D7BiEUC 已成功抓取全部所需数据。
[2026-04-16 03:01:32] [SUCCESS] bvid=BV1cQQTBpEhu 已成功抓取全部所需数据。
[2026-04-16 03:01:44] [SUCCESS] bvid=BV1UQDCBPERy 已成功抓取全部所需数据。
[2026-04-16 03:01:50] [SUCCESS] bvid=BV1s9DUBMETb 已成功抓取全部所需数据。
[2026-04-16 03:01:56] [SUCCESS] bvid=BV1ncDSBYEK4 已成功抓取全部所需数据。
[2026-04-16 03:02:08] [SUCCESS] bvid=BV16cDSBYEUi 已成功抓取全部所需数据。
[2026-04-16 03:02:14] [SUCCESS] bvid=BV1JcDSBYEvA 已成功抓取全部所需数据。
[2026-04-16 03:02:19] [SUCCESS] bvid=BV1ncDSBYEgH 已成功抓取全部所需数据。
[2026-04-16 03:02:25] [SUCCESS] bvid=BV1JcDSBYEBN 已成功抓取全部所需数据。
[2026-04-16 03:02:36] [SUCCESS] bvid=BV1EADSBwETY 已成功抓取全部所需数据。
[2026-04-16 03:02:41] [SUCCESS] bvid=BV1JADSBwE4p 已成功抓取全部所需数据。
[2026-04-16 03:02:46] [SUCCESS] bvid=BV1nZDUBvEyE 已成功抓取全部所需数据。
[2026-04-16 03:02:58] [SUCCESS] bvid=BV1nFDSBPEbM 已成功抓取全部所需数据。
[2026-04-16 03:03:15] [SUCCESS] bvid=BV11aDSBGEkp 已成功抓取全部所需数据。
[2026-04-16 03:03:27] [SUCCESS] bvid=BV1xbDSB5ERX 已成功抓取全部所需数据。
[2026-04-16 03:03:39] [SUCCESS] bvid=BV1WYDSBrEUG 已成功抓取全部所需数据。
[2026-04-16 03:03:50] [SUCCESS] bvid=BV1NYDSBrErp 已成功抓取全部所需数据。
[2026-04-16 03:03:56] [SUCCESS] bvid=BV1x8DSBCEav 已成功抓取全部所需数据。
[2026-04-16 03:04:01] [SUCCESS] bvid=BV1ABDSBME7j 已成功抓取全部所需数据。
[2026-04-16 03:04:14] [SUCCESS] bvid=BV1ABDSBME4q 已成功抓取全部所需数据。
[2026-04-16 03:04:19] [SUCCESS] bvid=BV1piDSBzEWH 已成功抓取全部所需数据。
[2026-04-16 03:04:24] [SUCCESS] bvid=BV1pzDSBqET4 已成功抓取全部所需数据。
[2026-04-16 03:04:30] [SUCCESS] bvid=BV1svDSBgEnY 已成功抓取全部所需数据。
[2026-04-16 03:04:35] [SUCCESS] bvid=BV1PiDSBzEY2 已成功抓取全部所需数据。
[2026-04-16 03:04:47] [SUCCESS] bvid=BV1aJDSBnEtp 已成功抓取全部所需数据。
[2026-04-16 03:04:59] [SUCCESS] bvid=BV1aJDSBnEq7 已成功抓取全部所需数据。
[2026-04-16 03:05:11] [SUCCESS] bvid=BV13JDSBHEVF 已成功抓取全部所需数据。
[2026-04-16 03:05:17] [SUCCESS] bvid=BV13JDSBnEFR 已成功抓取全部所需数据。
[2026-04-16 03:05:28] [SUCCESS] bvid=BV13nDSBSE4P 已成功抓取全部所需数据。
[2026-04-16 03:05:33] [SUCCESS] bvid=BV18xDSBjEcA 已成功抓取全部所需数据。
[2026-04-16 03:05:46] [SUCCESS] bvid=BV1uxDSBjEVF 已成功抓取全部所需数据。
[2026-04-16 03:05:51] [SUCCESS] bvid=BV1TxDSBjEo5 已成功抓取全部所需数据。
[2026-04-16 03:05:56] [SUCCESS] bvid=BV1T4DSB1E9d 已成功抓取全部所需数据。
[2026-04-16 03:06:08] [SUCCESS] bvid=BV1upDSBEE7s 已成功抓取全部所需数据。
[2026-04-16 03:06:27] [SUCCESS] bvid=BV1b4DSB1EMd 已成功抓取全部所需数据。
[2026-04-16 03:06:33] [SUCCESS] bvid=BV1T4DSB1ErZ 已成功抓取全部所需数据。
[2026-04-16 03:06:44] [SUCCESS] bvid=BV18pDSBEEur 已成功抓取全部所需数据。
[2026-04-16 03:06:49] [SUCCESS] bvid=BV1hpDSBEEgd 已成功抓取全部所需数据。
[2026-04-16 03:06:55] [SUCCESS] bvid=BV1uWDSBmEe3 已成功抓取全部所需数据。
[2026-04-16 03:07:06] [SUCCESS] bvid=BV1uWDSBmEvU 已成功抓取全部所需数据。
[2026-04-16 03:07:11] [SUCCESS] bvid=BV1XdDSBREs9 已成功抓取全部所需数据。
[2026-04-16 03:07:11] [INFO] 当前 batch_crawl 已完成，所有视频均已成功抓取。
[2026-04-16 03:07:11] 子任务结束时间：2026-04-16T03:07:11.199657
[TIMESTAMP][END] 2026-04-16T03:07:11
