[TIMESTAMP][BEGIN] 2026-04-16T08:45:12
[2026-04-16 08:45:15] 开始执行 CSV 批量抓取子任务 part_55。
[2026-04-16 08:45:15] 子任务开始时间：2026-04-16T08:45:12.918705
[2026-04-16 08:45:15] 输入文件：batch_input_55.csv
[2026-04-16 08:45:15] 输入唯一 bvid 数量：100
[2026-04-16 08:45:15] 为严格按 CSV 顺序判断连续失败阈值，本次任务自动将并发度从 2 调整为 1。
[2026-04-16 08:45:20] [SUCCESS] bvid=BV19gDsBJEit 已成功抓取全部所需数据。
[2026-04-16 08:45:32] [SUCCESS] bvid=BV1g7DsB1EYr 已成功抓取全部所需数据。
[2026-04-16 08:45:37] [SUCCESS] bvid=BV1S7DsByEfi 已成功抓取全部所需数据。
[2026-04-16 08:45:43] [SUCCESS] bvid=BV1UJDsBVE9n 已成功抓取全部所需数据。
[2026-04-16 08:45:49] [SUCCESS] bvid=BV1uJDsB5E2g 已成功抓取全部所需数据。
[2026-04-16 08:45:54] [SUCCESS] bvid=BV1UJDsBVEa7 已成功抓取全部所需数据。
[2026-04-16 08:46:00] [SUCCESS] bvid=BV1UJDsBVEdE 已成功抓取全部所需数据。
[2026-04-16 08:46:24] [SUCCESS] bvid=BV1D5DsB2EL1 已成功抓取全部所需数据。
[2026-04-16 08:46:30] [SUCCESS] bvid=BV1Q5DsB2EBb 已成功抓取全部所需数据。
[2026-04-16 08:46:42] [SUCCESS] bvid=BV1vSDsBXEMV 已成功抓取全部所需数据。
[2026-04-16 08:46:42] [ERROR] bvid=BV1hjDsBjE9s 抓取失败：stat: 接口返回错误代码：62002，信息：稿件不可见。
{'code': 62002, 'message': '稿件不可见', 'ttl': 1} | comment: 接口返回错误代码：62002，信息：稿件不可见。
{'code': 62002, 'message': '稿件不可见', 'ttl': 1}
[2026-04-16 08:46:48] [SUCCESS] bvid=BV1iUDsBWEuX 已成功抓取全部所需数据。
[2026-04-16 08:46:53] [SUCCESS] bvid=BV1SjDsBLEf5 已成功抓取全部所需数据。
[2026-04-16 08:46:58] [SUCCESS] bvid=BV1eUDsBWE2k 已成功抓取全部所需数据。
[2026-04-16 08:47:04] [SUCCESS] bvid=BV1YUDsBWEoT 已成功抓取全部所需数据。
[2026-04-16 08:47:09] [SUCCESS] bvid=BV1URDpBrEqL 已成功抓取全部所需数据。
[2026-04-16 08:47:14] [SUCCESS] bvid=BV1BvDpBsEQh 已成功抓取全部所需数据。
[2026-04-16 08:47:19] [SUCCESS] bvid=BV1YSDsBXErQ 已成功抓取全部所需数据。
[2026-04-16 08:47:32] [SUCCESS] bvid=BV19SDsBXEf1 已成功抓取全部所需数据。
[2026-04-16 08:47:37] [SUCCESS] bvid=BV1AyDJBQELV 已成功抓取全部所需数据。
[2026-04-16 08:47:43] [SUCCESS] bvid=BV1kwDkBUE4r 已成功抓取全部所需数据。
[2026-04-16 08:47:55] [SUCCESS] bvid=BV1kxDnBXELZ 已成功抓取全部所需数据。
[2026-04-16 08:48:02] [SUCCESS] bvid=BV1ECDsBZE7P 已成功抓取全部所需数据。
[2026-04-16 08:48:02] [ERROR] bvid=BV1i2DsBREbj 抓取失败：stat: 接口返回错误代码：62002，信息：稿件不可见。
{'code': 62002, 'message': '稿件不可见', 'ttl': 1} | comment: 接口返回错误代码：62002，信息：稿件不可见。
{'code': 62002, 'message': '稿件不可见', 'ttl': 1}
[2026-04-16 08:48:08] [SUCCESS] bvid=BV1i2DsBdED9 已成功抓取全部所需数据。
[2026-04-16 08:48:14] [SUCCESS] bvid=BV1v2DsBREZF 已成功抓取全部所需数据。
[2026-04-16 08:48:25] [SUCCESS] bvid=BV1i2DsBREFS 已成功抓取全部所需数据。
[2026-04-16 08:48:37] [SUCCESS] bvid=BV1aXDsBDEn5 已成功抓取全部所需数据。
[2026-04-16 08:48:49] [SUCCESS] bvid=BV1QRDsBJE96 已成功抓取全部所需数据。
[2026-04-16 08:48:54] [SUCCESS] bvid=BV1hdDsBUENo 已成功抓取全部所需数据。
[2026-04-16 08:49:05] [SUCCESS] bvid=BV1XRDsBJEn5 已成功抓取全部所需数据。
[2026-04-16 08:49:17] [SUCCESS] bvid=BV1adDsBUETK 已成功抓取全部所需数据。
[2026-04-16 08:49:22] [SUCCESS] bvid=BV1adDsBUEsh 已成功抓取全部所需数据。
[2026-04-16 08:49:27] [SUCCESS] bvid=BV1adDsBUEgC 已成功抓取全部所需数据。
[2026-04-16 08:49:32] [SUCCESS] bvid=BV18dDsBUERG 已成功抓取全部所需数据。
[2026-04-16 08:49:38] [SUCCESS] bvid=BV1hdDsBUErD 已成功抓取全部所需数据。
[2026-04-16 08:49:44] [SUCCESS] bvid=BV1YQDsBHEKV 已成功抓取全部所需数据。
[2026-04-16 08:49:56] [SUCCESS] bvid=BV1YQDsBHExi 已成功抓取全部所需数据。
[2026-04-16 08:50:01] [SUCCESS] bvid=BV1eQDsBHEng 已成功抓取全部所需数据。
[2026-04-16 08:50:07] [SUCCESS] bvid=BV1eQDsBHEvH 已成功抓取全部所需数据。
[2026-04-16 08:50:17] [SUCCESS] bvid=BV1YXDsBDEqU 已成功抓取全部所需数据。
[2026-04-16 08:50:18] [ERROR] bvid=BV19XDsBDEHP 抓取失败：stat: 接口返回错误代码：62012，信息：62012。
{'code': 62012, 'message': '62012', 'ttl': 1} | comment: 接口返回错误代码：62012，信息：62012。
{'code': 62012, 'message': '62012', 'ttl': 1}
[2026-04-16 08:50:29] [SUCCESS] bvid=BV1FiDsBYEuk 已成功抓取全部所需数据。
[2026-04-16 08:50:40] [SUCCESS] bvid=BV1YXDsBDEMp 已成功抓取全部所需数据。
[2026-04-16 08:50:46] [SUCCESS] bvid=BV1rYDsBeE9a 已成功抓取全部所需数据。
[2026-04-16 08:50:51] [SUCCESS] bvid=BV1cBDsBwEMQ 已成功抓取全部所需数据。
[2026-04-16 08:50:56] [SUCCESS] bvid=BV1kYDsBeEUX 已成功抓取全部所需数据。
[2026-04-16 08:51:01] [SUCCESS] bvid=BV1rYDsBeErG 已成功抓取全部所需数据。
[2026-04-16 08:51:06] [SUCCESS] bvid=BV1rYDsBeErr 已成功抓取全部所需数据。
[2026-04-16 08:51:18] [SUCCESS] bvid=BV1wYDsBvEoe 已成功抓取全部所需数据。
[2026-04-16 08:51:30] [SUCCESS] bvid=BV1wYDsBvEoP 已成功抓取全部所需数据。
[2026-04-16 08:51:41] [SUCCESS] bvid=BV1cvDsBPEY7 已成功抓取全部所需数据。
[2026-04-16 08:51:47] [SUCCESS] bvid=BV1wvDsBPEvv 已成功抓取全部所需数据。
[2026-04-16 08:51:52] [SUCCESS] bvid=BV1wvDsBPErv 已成功抓取全部所需数据。
[2026-04-16 08:51:57] [SUCCESS] bvid=BV1BkDsBtEbs 已成功抓取全部所需数据。
[2026-04-16 08:52:02] [SUCCESS] bvid=BV1fkDsBtEhe 已成功抓取全部所需数据。
[2026-04-16 08:52:08] [SUCCESS] bvid=BV1zzDsB8Efd 已成功抓取全部所需数据。
[2026-04-16 08:52:19] [SUCCESS] bvid=BV1zzDsB8EnC 已成功抓取全部所需数据。
[2026-04-16 08:52:24] [SUCCESS] bvid=BV16zDsB8EFi 已成功抓取全部所需数据。
[2026-04-16 08:52:29] [SUCCESS] bvid=BV1zzDsB8EdB 已成功抓取全部所需数据。
[2026-04-16 08:52:35] [SUCCESS] bvid=BV1zzDsB8E3b 已成功抓取全部所需数据。
[2026-04-16 08:52:40] [SUCCESS] bvid=BV1xADWBKEEz 已成功抓取全部所需数据。
[2026-04-16 08:52:45] [SUCCESS] bvid=BV1zzDsB8EMk 已成功抓取全部所需数据。
[2026-04-16 08:52:51] [SUCCESS] bvid=BV1f6DsBfEkY 已成功抓取全部所需数据。
[2026-04-16 08:52:56] [SUCCESS] bvid=BV1z6DsBfENN 已成功抓取全部所需数据。
[2026-04-16 08:53:02] [SUCCESS] bvid=BV1UJSDBLE8p 已成功抓取全部所需数据。
[2026-04-16 08:53:08] [SUCCESS] bvid=BV1aCDEBYEMR 已成功抓取全部所需数据。
[2026-04-16 08:53:13] [SUCCESS] bvid=BV1oZDHBSE5v 已成功抓取全部所需数据。
[2026-04-16 08:53:18] [SUCCESS] bvid=BV1n9DHBWEgd 已成功抓取全部所需数据。
[2026-04-16 08:53:24] [SUCCESS] bvid=BV1f9DHBpEv1 已成功抓取全部所需数据。
[2026-04-16 08:53:29] [SUCCESS] bvid=BV1RPDpB1EYz 已成功抓取全部所需数据。
[2026-04-16 08:53:35] [SUCCESS] bvid=BV1RADpBjESJ 已成功抓取全部所需数据。
[2026-04-16 08:53:40] [SUCCESS] bvid=BV1RADpBjEmV 已成功抓取全部所需数据。
[2026-04-16 08:53:45] [SUCCESS] bvid=BV1iADpB7E3R 已成功抓取全部所需数据。
[2026-04-16 08:53:50] [SUCCESS] bvid=BV19PDpB1EWu 已成功抓取全部所需数据。
[2026-04-16 08:54:01] [SUCCESS] bvid=BV1dADpBjEij 已成功抓取全部所需数据。
[2026-04-16 08:54:12] [SUCCESS] bvid=BV19PDpB1EDQ 已成功抓取全部所需数据。
[2026-04-16 08:54:17] [SUCCESS] bvid=BV1RPDpB1EHJ 已成功抓取全部所需数据。
[2026-04-16 08:54:23] [SUCCESS] bvid=BV1oFDpBEEUe 已成功抓取全部所需数据。
[2026-04-16 08:54:28] [SUCCESS] bvid=BV1LcDpBUEit 已成功抓取全部所需数据。
[2026-04-16 08:54:34] [SUCCESS] bvid=BV1WyDHB8EuV 已成功抓取全部所需数据。
[2026-04-16 08:54:39] [SUCCESS] bvid=BV1dcDpBmEE4 已成功抓取全部所需数据。
[2026-04-16 08:54:44] [SUCCESS] bvid=BV1jcDpBUEbA 已成功抓取全部所需数据。
[2026-04-16 08:54:50] [SUCCESS] bvid=BV1ocDpBmEbn 已成功抓取全部所需数据。
[2026-04-16 08:54:55] [SUCCESS] bvid=BV1p1DHBfEUN 已成功抓取全部所需数据。
[2026-04-16 08:55:01] [SUCCESS] bvid=BV1P1DHBfENs 已成功抓取全部所需数据。
[2026-04-16 08:55:06] [SUCCESS] bvid=BV1cDDHBxEvR 已成功抓取全部所需数据。
[2026-04-16 08:55:11] [SUCCESS] bvid=BV1KrDHBaELa 已成功抓取全部所需数据。
[2026-04-16 08:55:17] [SUCCESS] bvid=BV1NCDHBcETi 已成功抓取全部所需数据。
[2026-04-16 08:55:22] [SUCCESS] bvid=BV1xCDHBcEYn 已成功抓取全部所需数据。
[2026-04-16 08:55:28] [SUCCESS] bvid=BV1PCDHBcEzT 已成功抓取全部所需数据。
[2026-04-16 08:55:32] [SUCCESS] bvid=BV1xCDHBcEjQ 已成功抓取全部所需数据。
[2026-04-16 08:55:39] [SUCCESS] bvid=BV1cDDHBxE2R 已成功抓取全部所需数据。
[2026-04-16 08:55:44] [SUCCESS] bvid=BV1cDDHBxEgT 已成功抓取全部所需数据。
[2026-04-16 08:55:49] [SUCCESS] bvid=BV1puDWBwEgV 已成功抓取全部所需数据。
[2026-04-16 08:55:54] [SUCCESS] bvid=BV1nQDHBREyd 已成功抓取全部所需数据。
[2026-04-16 08:56:06] [SUCCESS] bvid=BV1iDDLBwEmF 已成功抓取全部所需数据。
[2026-04-16 08:56:12] [SUCCESS] bvid=BV1FQDHBREth 已成功抓取全部所需数据。
[2026-04-16 08:56:18] [SUCCESS] bvid=BV1AmDHBbEQE 已成功抓取全部所需数据。
[2026-04-16 08:56:23] [SUCCESS] bvid=BV1AUDHBoEGH 已成功抓取全部所需数据。
[2026-04-16 08:56:23] [WARN] 当前子任务已结束，但仍有未成功抓取的视频，已导出 remaining CSV 供继续执行。
[2026-04-16 08:56:23] [INFO] 已导出剔除成功条目后的剩余 CSV：D:\Schoolworks\Thesis\Bilibili-Datahub\outputs\video_data\manual_crawls\manual_crawl_stat_comment_20260415_211913\remaining_bvids_part_55.csv
[2026-04-16 08:56:23] 子任务结束时间：2026-04-16T08:56:23.012948
[TIMESTAMP][END] 2026-04-16T08:56:23
