[TIMESTAMP][BEGIN] 2026-04-16T04:39:09
[2026-04-16 04:39:11] 开始执行 CSV 批量抓取子任务 part_34。
[2026-04-16 04:39:11] 子任务开始时间：2026-04-16T04:39:09.747459
[2026-04-16 04:39:11] 输入文件：batch_input_34.csv
[2026-04-16 04:39:11] 输入唯一 bvid 数量：100
[2026-04-16 04:39:11] 为严格按 CSV 顺序判断连续失败阈值，本次任务自动将并发度从 2 调整为 1。
[2026-04-16 04:39:17] [SUCCESS] bvid=BV191DCBMEnA 已成功抓取全部所需数据。
[2026-04-16 04:39:29] [SUCCESS] bvid=BV1G2DCBBEJP 已成功抓取全部所需数据。
[2026-04-16 04:39:34] [SUCCESS] bvid=BV1X2DCBqEDy 已成功抓取全部所需数据。
[2026-04-16 04:39:39] [SUCCESS] bvid=BV1uRDCBAEkh 已成功抓取全部所需数据。
[2026-04-16 04:39:45] [SUCCESS] bvid=BV1SRDCBwEp7 已成功抓取全部所需数据。
[2026-04-16 04:39:50] [SUCCESS] bvid=BV1URDCBwEVy 已成功抓取全部所需数据。
[2026-04-16 04:39:56] [SUCCESS] bvid=BV1jWDZBSEwx 已成功抓取全部所需数据。
[2026-04-16 04:40:02] [SUCCESS] bvid=BV1UdDCBaEy8 已成功抓取全部所需数据。
[2026-04-16 04:40:07] [SUCCESS] bvid=BV1mdDCBhEE1 已成功抓取全部所需数据。
[2026-04-16 04:40:13] [SUCCESS] bvid=BV1eCDCB6Ewn 已成功抓取全部所需数据。
[2026-04-16 04:40:25] [SUCCESS] bvid=BV1aQDCBNEPz 已成功抓取全部所需数据。
[2026-04-16 04:40:30] [SUCCESS] bvid=BV1DQDCBPEe7 已成功抓取全部所需数据。
[2026-04-16 04:40:36] [SUCCESS] bvid=BV1uQDCBNEpZ 已成功抓取全部所需数据。
[2026-04-16 04:40:41] [SUCCESS] bvid=BV1gQDCBNEkP 已成功抓取全部所需数据。
[2026-04-16 04:40:46] [SUCCESS] bvid=BV1UQDCBPE9L 已成功抓取全部所需数据。
[2026-04-16 04:40:51] [SUCCESS] bvid=BV18QDCBNE2A 已成功抓取全部所需数据。
[2026-04-16 04:40:56] [SUCCESS] bvid=BV1fiDCB5ETR 已成功抓取全部所需数据。
[2026-04-16 04:41:01] [SUCCESS] bvid=BV1qXQABKEqX 已成功抓取全部所需数据。
[2026-04-16 04:41:06] [SUCCESS] bvid=BV1DXDCBYEwU 已成功抓取全部所需数据。
[2026-04-16 04:41:11] [SUCCESS] bvid=BV1EiDCBLEhJ 已成功抓取全部所需数据。
[2026-04-16 04:41:23] [SUCCESS] bvid=BV1ZiDCB5ED7 已成功抓取全部所需数据。
[2026-04-16 04:41:35] [SUCCESS] bvid=BV1gXDCBeE1M 已成功抓取全部所需数据。
[2026-04-16 04:41:48] [SUCCESS] bvid=BV1dqDCBCEDx 已成功抓取全部所需数据。
[2026-04-16 04:42:00] [SUCCESS] bvid=BV1fiDCB5Eu3 已成功抓取全部所需数据。
[2026-04-16 04:42:04] [SUCCESS] bvid=BV1ZiDCB5EWV 已成功抓取全部所需数据。
[2026-04-16 04:42:09] [SUCCESS] bvid=BV1ZqDCBCEYi 已成功抓取全部所需数据。
[2026-04-16 04:42:22] [SUCCESS] bvid=BV1jqDCByEtA 已成功抓取全部所需数据。
[2026-04-16 04:42:28] [SUCCESS] bvid=BV1gdQMBBEGF 已成功抓取全部所需数据。
[2026-04-16 04:42:33] [SUCCESS] bvid=BV1BqDCByEjy 已成功抓取全部所需数据。
[2026-04-16 04:42:38] [SUCCESS] bvid=BV1FYDCB7E3D 已成功抓取全部所需数据。
[2026-04-16 04:42:43] [SUCCESS] bvid=BV1JYDCB7EKh 已成功抓取全部所需数据。
[2026-04-16 04:42:49] [SUCCESS] bvid=BV1LkDCB3E4i 已成功抓取全部所需数据。
[2026-04-16 04:42:54] [SUCCESS] bvid=BV1LkDCB3Eib 已成功抓取全部所需数据。
[2026-04-16 04:42:59] [SUCCESS] bvid=BV1R6DCBrEyX 已成功抓取全部所需数据。
[2026-04-16 04:43:04] [SUCCESS] bvid=BV1LkDCB3EVS 已成功抓取全部所需数据。
[2026-04-16 04:43:09] [SUCCESS] bvid=BV18RQKBhEtz 已成功抓取全部所需数据。
[2026-04-16 04:43:14] [SUCCESS] bvid=BV1VCDCB6EYx 已成功抓取全部所需数据。
[2026-04-16 04:43:26] [SUCCESS] bvid=BV1dzDCBGEoH 已成功抓取全部所需数据。
[2026-04-16 04:43:31] [SUCCESS] bvid=BV1vTQMB3EYh 已成功抓取全部所需数据。
[2026-04-16 04:43:36] [SUCCESS] bvid=BV1jzDCBVEFm 已成功抓取全部所需数据。
[2026-04-16 04:43:41] [SUCCESS] bvid=BV1d6DCBrExZ 已成功抓取全部所需数据。
[2026-04-16 04:43:46] [SUCCESS] bvid=BV1o6DCBrEcT 已成功抓取全部所需数据。
[2026-04-16 04:43:51] [SUCCESS] bvid=BV1R6DCBrEeD 已成功抓取全部所需数据。
[2026-04-16 04:43:56] [SUCCESS] bvid=BV1wgDvBcERX 已成功抓取全部所需数据。
[2026-04-16 04:44:01] [SUCCESS] bvid=BV1HiDiBwEdZ 已成功抓取全部所需数据。
[2026-04-16 04:44:06] [SUCCESS] bvid=BV1jWQuBJEpi 已成功抓取全部所需数据。
[2026-04-16 04:44:11] [SUCCESS] bvid=BV1uZQMBTEas 已成功抓取全部所需数据。
[2026-04-16 04:44:16] [SUCCESS] bvid=BV1gQDaBvExt 已成功抓取全部所需数据。
[2026-04-16 04:44:22] [SUCCESS] bvid=BV1hZDsB7E6n 已成功抓取全部所需数据。
[2026-04-16 04:44:27] [SUCCESS] bvid=BV1N4QMBbENs 已成功抓取全部所需数据。
[2026-04-16 04:44:32] [SUCCESS] bvid=BV1pEQwBzE47 已成功抓取全部所需数据。
[2026-04-16 04:44:37] [SUCCESS] bvid=BV1YMQMB6EC6 已成功抓取全部所需数据。
[2026-04-16 04:44:42] [SUCCESS] bvid=BV1eMQMB6E3b 已成功抓取全部所需数据。
[2026-04-16 04:44:47] [SUCCESS] bvid=BV1XMQMB6ERB 已成功抓取全部所需数据。
[2026-04-16 04:44:52] [SUCCESS] bvid=BV1tSQwBEEaa 已成功抓取全部所需数据。
[2026-04-16 04:44:57] [SUCCESS] bvid=BV1X3QMBBER5 已成功抓取全部所需数据。
[2026-04-16 04:45:09] [SUCCESS] bvid=BV185QMBiEzZ 已成功抓取全部所需数据。
[2026-04-16 04:45:13] [SUCCESS] bvid=BV1aVQMBTEpD 已成功抓取全部所需数据。
[2026-04-16 04:45:19] [SUCCESS] bvid=BV1hVQMBTEc7 已成功抓取全部所需数据。
[2026-04-16 04:45:24] [SUCCESS] bvid=BV1aVQMBTEJQ 已成功抓取全部所需数据。
[2026-04-16 04:45:30] [SUCCESS] bvid=BV1hVQMBTExw 已成功抓取全部所需数据。
[2026-04-16 04:45:35] [SUCCESS] bvid=BV1agQMBuE8X 已成功抓取全部所需数据。
[2026-04-16 04:45:40] [SUCCESS] bvid=BV1agQMBuE48 已成功抓取全部所需数据。
[2026-04-16 04:45:46] [SUCCESS] bvid=BV1agQMBuE8H 已成功抓取全部所需数据。
[2026-04-16 04:45:51] [SUCCESS] bvid=BV1hgQMBuEdo 已成功抓取全部所需数据。
[2026-04-16 04:45:56] [SUCCESS] bvid=BV1a3QMBBEtU 已成功抓取全部所需数据。
[2026-04-16 04:46:01] [SUCCESS] bvid=BV1h3QMBzEBD 已成功抓取全部所需数据。
[2026-04-16 04:46:06] [SUCCESS] bvid=BV1X3QMBBEQ7 已成功抓取全部所需数据。
[2026-04-16 04:46:11] [SUCCESS] bvid=BV1Q3QMBBE8T 已成功抓取全部所需数据。
[2026-04-16 04:46:17] [SUCCESS] bvid=BV1zRQTBJEo4 已成功抓取全部所需数据。
[2026-04-16 04:46:22] [SUCCESS] bvid=BV16RQTBJEyR 已成功抓取全部所需数据。
[2026-04-16 04:46:34] [SUCCESS] bvid=BV1rRQTBJEun 已成功抓取全部所需数据。
[2026-04-16 04:46:39] [SUCCESS] bvid=BV1BdQTBUERT 已成功抓取全部所需数据。
[2026-04-16 04:46:44] [SUCCESS] bvid=BV1zdQTBUEjF 已成功抓取全部所需数据。
[2026-04-16 04:46:49] [SUCCESS] bvid=BV16dQTBUE7t 已成功抓取全部所需数据。
[2026-04-16 04:46:54] [SUCCESS] bvid=BV1BdQTBUE9R 已成功抓取全部所需数据。
[2026-04-16 04:46:59] [SUCCESS] bvid=BV1FdQTBSEad 已成功抓取全部所需数据。
[2026-04-16 04:47:05] [SUCCESS] bvid=BV1ndQTBSEsE 已成功抓取全部所需数据。
[2026-04-16 04:47:10] [SUCCESS] bvid=BV1FdQTBSE2U 已成功抓取全部所需数据。
[2026-04-16 04:47:21] [SUCCESS] bvid=BV1rQQTBHEiY 已成功抓取全部所需数据。
[2026-04-16 04:47:21] [ERROR] bvid=BV1pQQTBpEs8 抓取失败：stat: 接口返回错误代码：62002，信息：稿件不可见。
{'code': 62002, 'message': '稿件不可见', 'ttl': 1} | comment: 接口返回错误代码：62002，信息：稿件不可见。
{'code': 62002, 'message': '稿件不可见', 'ttl': 1}
[2026-04-16 04:47:26] [SUCCESS] bvid=BV1rQQTBHEgn 已成功抓取全部所需数据。
[2026-04-16 04:47:38] [SUCCESS] bvid=BV1ZwQMByEgW 已成功抓取全部所需数据。
[2026-04-16 04:47:43] [SUCCESS] bvid=BV1iwQMByEJM 已成功抓取全部所需数据。
[2026-04-16 04:47:48] [SUCCESS] bvid=BV1dwQMByEy1 已成功抓取全部所需数据。
[2026-04-16 04:47:59] [SUCCESS] bvid=BV1ZCDfBREbR 已成功抓取全部所需数据。
[2026-04-16 04:48:04] [SUCCESS] bvid=BV1qwQMByEvM 已成功抓取全部所需数据。
[2026-04-16 04:48:15] [SUCCESS] bvid=BV1ZwQMByENM 已成功抓取全部所需数据。
[2026-04-16 04:48:20] [SUCCESS] bvid=BV1iwQMByED4 已成功抓取全部所需数据。
[2026-04-16 04:48:26] [SUCCESS] bvid=BV1qfQTB2EtT 已成功抓取全部所需数据。
[2026-04-16 04:48:31] [SUCCESS] bvid=BV114QMBtE53 已成功抓取全部所需数据。
[2026-04-16 04:48:37] [SUCCESS] bvid=BV19mQKBKEb8 已成功抓取全部所需数据。
[2026-04-16 04:48:43] [SUCCESS] bvid=BV1gaQNBtEKX 已成功抓取全部所需数据。
[2026-04-16 04:48:48] [SUCCESS] bvid=BV1H3DZBZEUi 已成功抓取全部所需数据。
[2026-04-16 04:48:53] [SUCCESS] bvid=BV1qfQTB2Et9 已成功抓取全部所需数据。
[2026-04-16 04:49:06] [SUCCESS] bvid=BV1W8QMBxELg 已成功抓取全部所需数据。
[2026-04-16 04:49:11] [SUCCESS] bvid=BV1BfQTB2ECk 已成功抓取全部所需数据。
[2026-04-16 04:49:16] [SUCCESS] bvid=BV1BfQTB2ELq 已成功抓取全部所需数据。
[2026-04-16 04:49:22] [SUCCESS] bvid=BV1whQMBdE4F 已成功抓取全部所需数据。
[2026-04-16 04:49:27] [SUCCESS] bvid=BV1HYQMBWE9x 已成功抓取全部所需数据。
[2026-04-16 04:49:27] [WARN] 当前子任务已结束，但仍有未成功抓取的视频，已导出 remaining CSV 供继续执行。
[2026-04-16 04:49:27] [INFO] 已导出剔除成功条目后的剩余 CSV：D:\Schoolworks\Thesis\Bilibili-Datahub\outputs\video_data\manual_crawls\manual_crawl_stat_comment_20260415_211913\remaining_bvids_part_34.csv
[2026-04-16 04:49:27] 子任务结束时间：2026-04-16T04:49:27.201032
[TIMESTAMP][END] 2026-04-16T04:49:27
