[TIMESTAMP][BEGIN] 2026-04-16T08:05:29
[2026-04-16 08:05:31] 开始执行 CSV 批量抓取子任务 part_52。
[2026-04-16 08:05:31] 子任务开始时间：2026-04-16T08:05:29.198542
[2026-04-16 08:05:31] 输入文件：batch_input_52.csv
[2026-04-16 08:05:31] 输入唯一 bvid 数量：100
[2026-04-16 08:05:31] 为严格按 CSV 顺序判断连续失败阈值，本次任务自动将并发度从 2 调整为 1。
[2026-04-16 08:05:37] [SUCCESS] bvid=BV1R3D4B4EG9 已成功抓取全部所需数据。
[2026-04-16 08:05:42] [SUCCESS] bvid=BV1RHDhBKEJi 已成功抓取全部所需数据。
[2026-04-16 08:05:48] [SUCCESS] bvid=BV1drDpBnEz6 已成功抓取全部所需数据。
[2026-04-16 08:05:53] [SUCCESS] bvid=BV1XTDpBCEVp 已成功抓取全部所需数据。
[2026-04-16 08:06:12] [SUCCESS] bvid=BV1EJDWBsEgW 已成功抓取全部所需数据。
[2026-04-16 08:06:17] [SUCCESS] bvid=BV115DEBpENi 已成功抓取全部所需数据。
[2026-04-16 08:06:30] [SUCCESS] bvid=BV1ZmDLBAELM 已成功抓取全部所需数据。
[2026-04-16 08:06:35] [SUCCESS] bvid=BV1iCDsBoEKR 已成功抓取全部所需数据。
[2026-04-16 08:06:41] [SUCCESS] bvid=BV1F4DrBCEwd 已成功抓取全部所需数据。
[2026-04-16 08:06:54] [SUCCESS] bvid=BV1XDDpB5E7K 已成功抓取全部所需数据。
[2026-04-16 08:07:06] [SUCCESS] bvid=BV1BoDHBJEzP 已成功抓取全部所需数据。
[2026-04-16 08:07:12] [SUCCESS] bvid=BV1XLD4B9EaA 已成功抓取全部所需数据。
[2026-04-16 08:07:17] [SUCCESS] bvid=BV154DWBSECN 已成功抓取全部所需数据。
[2026-04-16 08:07:23] [SUCCESS] bvid=BV13aDWBjE4Q 已成功抓取全部所需数据。
[2026-04-16 08:07:34] [SUCCESS] bvid=BV1o1DsBxEuT 已成功抓取全部所需数据。
[2026-04-16 08:07:39] [SUCCESS] bvid=BV1XLD4B9Eem 已成功抓取全部所需数据。
[2026-04-16 08:07:52] [SUCCESS] bvid=BV1L3D4BtE8F 已成功抓取全部所需数据。
[2026-04-16 08:08:10] [SUCCESS] bvid=BV1R3D4B4ErW 已成功抓取全部所需数据。
[2026-04-16 08:08:15] [SUCCESS] bvid=BV1R3D4B4EXg 已成功抓取全部所需数据。
[2026-04-16 08:08:27] [SUCCESS] bvid=BV1d3D4B4EwK 已成功抓取全部所需数据。
[2026-04-16 08:08:33] [SUCCESS] bvid=BV1RGD4BdEKV 已成功抓取全部所需数据。
[2026-04-16 08:08:33] [ERROR] bvid=BV1eGD4BoELM 抓取失败：stat: 接口返回错误代码：62002，信息：稿件不可见。
{'code': 62002, 'message': '稿件不可见', 'ttl': 1} | comment: 接口返回错误代码：62002，信息：稿件不可见。
{'code': 62002, 'message': '稿件不可见', 'ttl': 1}
[2026-04-16 08:08:45] [SUCCESS] bvid=BV1RGD4BdE6u 已成功抓取全部所需数据。
[2026-04-16 08:08:51] [SUCCESS] bvid=BV1Q5SXB4E82 已成功抓取全部所需数据。
[2026-04-16 08:08:57] [SUCCESS] bvid=BV1UHD4BSEuR 已成功抓取全部所需数据。
[2026-04-16 08:09:03] [SUCCESS] bvid=BV1SnD4BnE4j 已成功抓取全部所需数据。
[2026-04-16 08:09:08] [SUCCESS] bvid=BV1UHD4BSEB6 已成功抓取全部所需数据。
[2026-04-16 08:09:13] [SUCCESS] bvid=BV13nD4BHEat 已成功抓取全部所需数据。
[2026-04-16 08:09:19] [SUCCESS] bvid=BV1DnD4BnERY 已成功抓取全部所需数据。
[2026-04-16 08:09:30] [SUCCESS] bvid=BV1DHD4BSEGN 已成功抓取全部所需数据。
[2026-04-16 08:09:35] [SUCCESS] bvid=BV1QnD4BnEKx 已成功抓取全部所需数据。
[2026-04-16 08:09:54] [SUCCESS] bvid=BV1DHD4BSEcJ 已成功抓取全部所需数据。
[2026-04-16 08:10:05] [SUCCESS] bvid=BV18nD4BHEEC 已成功抓取全部所需数据。
[2026-04-16 08:10:20] [SUCCESS] bvid=BV1GED4BXEj7 已成功抓取全部所需数据。
[2026-04-16 08:10:26] [SUCCESS] bvid=BV1UHD4BSEy4 已成功抓取全部所需数据。
[2026-04-16 08:10:37] [SUCCESS] bvid=BV1DHD4BSE3b 已成功抓取全部所需数据。
[2026-04-16 08:10:42] [SUCCESS] bvid=BV18HD4BDEUW 已成功抓取全部所需数据。
[2026-04-16 08:10:48] [SUCCESS] bvid=BV1D7D4BpEXZ 已成功抓取全部所需数据。
[2026-04-16 08:10:53] [SUCCESS] bvid=BV1DED4BQEK4 已成功抓取全部所需数据。
[2026-04-16 08:10:58] [SUCCESS] bvid=BV1UHD4BSEkr 已成功抓取全部所需数据。
[2026-04-16 08:11:04] [SUCCESS] bvid=BV1X7D4BpEKs 已成功抓取全部所需数据。
[2026-04-16 08:11:15] [SUCCESS] bvid=BV1sHDpBNEDd 已成功抓取全部所需数据。
[2026-04-16 08:11:20] [SUCCESS] bvid=BV137D4BWEhx 已成功抓取全部所需数据。
[2026-04-16 08:11:31] [SUCCESS] bvid=BV1Q7D4BpEUR 已成功抓取全部所需数据。
[2026-04-16 08:11:36] [SUCCESS] bvid=BV1gvDWB5EbN 已成功抓取全部所需数据。
[2026-04-16 08:11:42] [SUCCESS] bvid=BV1Y7D4BWEb7 已成功抓取全部所需数据。
[2026-04-16 08:11:47] [SUCCESS] bvid=BV1gED4BXEeE 已成功抓取全部所需数据。
[2026-04-16 08:11:52] [SUCCESS] bvid=BV1QED4BQE7f 已成功抓取全部所需数据。
[2026-04-16 08:11:57] [SUCCESS] bvid=BV1DED4BQE9V 已成功抓取全部所需数据。
[2026-04-16 08:12:09] [SUCCESS] bvid=BV1GED4BXEMH 已成功抓取全部所需数据。
[2026-04-16 08:12:14] [SUCCESS] bvid=BV1DED4BQE4y 已成功抓取全部所需数据。
[2026-04-16 08:12:25] [SUCCESS] bvid=BV1QED4BQEz1 已成功抓取全部所需数据。
[2026-04-16 08:12:31] [SUCCESS] bvid=BV1DED4BQE4t 已成功抓取全部所需数据。
[2026-04-16 08:12:43] [SUCCESS] bvid=BV1ytDpBFEjc 已成功抓取全部所需数据。
[2026-04-16 08:12:54] [SUCCESS] bvid=BV1GHDhBTEqZ 已成功抓取全部所需数据。
[2026-04-16 08:13:06] [SUCCESS] bvid=BV1UnDsBkEaa 已成功抓取全部所需数据。
[2026-04-16 08:13:12] [SUCCESS] bvid=BV1LPDsBsE1Q 已成功抓取全部所需数据。
[2026-04-16 08:13:12] [ERROR] bvid=BV1YuDpBVEmU 抓取失败：stat: 接口返回错误代码：62002，信息：稿件不可见。
{'code': 62002, 'message': '稿件不可见', 'ttl': 1} | comment: 接口返回错误代码：62002，信息：稿件不可见。
{'code': 62002, 'message': '稿件不可见', 'ttl': 1}
[2026-04-16 08:13:17] [SUCCESS] bvid=BV13vDWB5EtR 已成功抓取全部所需数据。
[2026-04-16 08:13:23] [SUCCESS] bvid=BV1DvDWB5EVJ 已成功抓取全部所需数据。
[2026-04-16 08:13:35] [SUCCESS] bvid=BV1uiDWBCE4E 已成功抓取全部所需数据。
[2026-04-16 08:13:46] [SUCCESS] bvid=BV1avDWB5EF6 已成功抓取全部所需数据。
[2026-04-16 08:13:52] [SUCCESS] bvid=BV1DiDWBCEJ4 已成功抓取全部所需数据。
[2026-04-16 08:13:58] [SUCCESS] bvid=BV1DiDWBCE1g 已成功抓取全部所需数据。
[2026-04-16 08:14:03] [SUCCESS] bvid=BV14rDWBgEZP 已成功抓取全部所需数据。
[2026-04-16 08:14:08] [SUCCESS] bvid=BV13aDWB7ERb 已成功抓取全部所需数据。
[2026-04-16 08:14:14] [SUCCESS] bvid=BV1TkDWBzEKy 已成功抓取全部所需数据。
[2026-04-16 08:14:25] [SUCCESS] bvid=BV1aaDWBjEx6 已成功抓取全部所需数据。
[2026-04-16 08:14:38] [SUCCESS] bvid=BV1XaDWBjEhV 已成功抓取全部所需数据。
[2026-04-16 08:14:43] [SUCCESS] bvid=BV1VaDWBjEKg 已成功抓取全部所需数据。
[2026-04-16 08:14:48] [SUCCESS] bvid=BV13aDWBjE8E 已成功抓取全部所需数据。
[2026-04-16 08:14:53] [SUCCESS] bvid=BV1XaDWBjEdP 已成功抓取全部所需数据。
[2026-04-16 08:14:58] [SUCCESS] bvid=BV13YDWB1E3E 已成功抓取全部所需数据。
[2026-04-16 08:14:59] [ERROR] bvid=BV1hYDWB1ErP 抓取失败：stat: 接口返回错误代码：62002，信息：稿件不可见。
{'code': 62002, 'message': '稿件不可见', 'ttl': 1} | comment: 接口返回错误代码：62002，信息：稿件不可见。
{'code': 62002, 'message': '稿件不可见', 'ttl': 1}
[2026-04-16 08:15:10] [SUCCESS] bvid=BV1wUDHBoENz 已成功抓取全部所需数据。
[2026-04-16 08:15:16] [SUCCESS] bvid=BV1aYDWB1EEb 已成功抓取全部所需数据。
[2026-04-16 08:15:21] [SUCCESS] bvid=BV1GYDWB2ELn 已成功抓取全部所需数据。
[2026-04-16 08:15:26] [SUCCESS] bvid=BV1GYDWB2EpE 已成功抓取全部所需数据。
[2026-04-16 08:15:32] [SUCCESS] bvid=BV1MrDWBgEya 已成功抓取全部所需数据。
[2026-04-16 08:15:37] [SUCCESS] bvid=BV1TrDWBgEcp 已成功抓取全部所需数据。
[2026-04-16 08:15:43] [SUCCESS] bvid=BV1trDWBgEXf 已成功抓取全部所需数据。
[2026-04-16 08:15:49] [SUCCESS] bvid=BV1trDWBgERc 已成功抓取全部所需数据。
[2026-04-16 08:15:54] [SUCCESS] bvid=BV1TkDWBzEJs 已成功抓取全部所需数据。
[2026-04-16 08:15:59] [SUCCESS] bvid=BV15bDWBEEYL 已成功抓取全部所需数据。
[2026-04-16 08:16:11] [SUCCESS] bvid=BV1v4DWBSExP 已成功抓取全部所需数据。
[2026-04-16 08:16:24] [SUCCESS] bvid=BV1tkDWBzEFf 已成功抓取全部所需数据。
[2026-04-16 08:16:36] [SUCCESS] bvid=BV1uzDWBrEGt 已成功抓取全部所需数据。
[2026-04-16 08:16:41] [SUCCESS] bvid=BV1KkDWBzE4D 已成功抓取全部所需数据。
[2026-04-16 08:16:53] [SUCCESS] bvid=BV18BDWBGEj9 已成功抓取全部所需数据。
[2026-04-16 08:16:58] [SUCCESS] bvid=BV1xkDWBzEUJ 已成功抓取全部所需数据。
[2026-04-16 08:17:11] [SUCCESS] bvid=BV1uBDWBGEkR 已成功抓取全部所需数据。
[2026-04-16 08:17:23] [SUCCESS] bvid=BV1uBDWBGEbi 已成功抓取全部所需数据。
[2026-04-16 08:17:35] [SUCCESS] bvid=BV1HGDWBFEEc 已成功抓取全部所需数据。
[2026-04-16 08:17:46] [SUCCESS] bvid=BV1XTDpBCExA 已成功抓取全部所需数据。
[2026-04-16 08:17:52] [SUCCESS] bvid=BV1gBDWBGEGF 已成功抓取全部所需数据。
[2026-04-16 08:18:04] [SUCCESS] bvid=BV1bBDWBGE1b 已成功抓取全部所需数据。
[2026-04-16 08:18:10] [SUCCESS] bvid=BV1bBDWBGE13 已成功抓取全部所需数据。
[2026-04-16 08:18:15] [SUCCESS] bvid=BV1SBDWBGE2s 已成功抓取全部所需数据。
[2026-04-16 08:18:26] [SUCCESS] bvid=BV18BDWBGEcg 已成功抓取全部所需数据。
[2026-04-16 08:18:38] [SUCCESS] bvid=BV1tBDWBGEoG 已成功抓取全部所需数据。
[2026-04-16 08:18:38] [WARN] 当前子任务已结束，但仍有未成功抓取的视频，已导出 remaining CSV 供继续执行。
[2026-04-16 08:18:38] [INFO] 已导出剔除成功条目后的剩余 CSV：D:\Schoolworks\Thesis\Bilibili-Datahub\outputs\video_data\manual_crawls\manual_crawl_stat_comment_20260415_211913\remaining_bvids_part_52.csv
[2026-04-16 08:18:38] 子任务结束时间：2026-04-16T08:18:38.700399
[TIMESTAMP][END] 2026-04-16T08:18:38
