[TIMESTAMP][BEGIN] 2026-04-16T00:47:08
[2026-04-16 00:47:11] 开始执行 CSV 批量抓取子任务 part_16。
[2026-04-16 00:47:11] 子任务开始时间：2026-04-16T00:47:08.738187
[2026-04-16 00:47:11] 输入文件：batch_input_16.csv
[2026-04-16 00:47:11] 输入唯一 bvid 数量：100
[2026-04-16 00:47:11] 为严格按 CSV 顺序判断连续失败阈值，本次任务自动将并发度从 2 调整为 1。
[2026-04-16 00:47:24] [SUCCESS] bvid=BV1GAQ4BoE7o 已成功抓取全部所需数据。
[2026-04-16 00:47:30] [SUCCESS] bvid=BV13AQ4BoEr5 已成功抓取全部所需数据。
[2026-04-16 00:47:36] [SUCCESS] bvid=BV1bPQFB3E6g 已成功抓取全部所需数据。
[2026-04-16 00:47:42] [SUCCESS] bvid=BV1SuQ4BQEiR 已成功抓取全部所需数据。
[2026-04-16 00:47:54] [SUCCESS] bvid=BV1QNQ4BsEAk 已成功抓取全部所需数据。
[2026-04-16 00:47:59] [SUCCESS] bvid=BV1UPQFB3ERZ 已成功抓取全部所需数据。
[2026-04-16 00:48:05] [SUCCESS] bvid=BV1M5Q4BJEC1 已成功抓取全部所需数据。
[2026-04-16 00:48:11] [SUCCESS] bvid=BV12GQ4BSEDz 已成功抓取全部所需数据。
[2026-04-16 00:48:17] [SUCCESS] bvid=BV1mGQ4BSE4h 已成功抓取全部所需数据。
[2026-04-16 00:48:23] [SUCCESS] bvid=BV1U5Q4BEE3F 已成功抓取全部所需数据。
[2026-04-16 00:48:28] [SUCCESS] bvid=BV1m5Q4BEE6X 已成功抓取全部所需数据。
[2026-04-16 00:48:34] [SUCCESS] bvid=BV125Q4BEErc 已成功抓取全部所需数据。
[2026-04-16 00:48:40] [SUCCESS] bvid=BV1m5Q4BEE4S 已成功抓取全部所需数据。
[2026-04-16 00:48:53] [SUCCESS] bvid=BV1uuQ4BXEnp 已成功抓取全部所需数据。
[2026-04-16 00:49:00] [SUCCESS] bvid=BV1qYDXBME6B 已成功抓取全部所需数据。
[2026-04-16 00:49:05] [SUCCESS] bvid=BV1oRQxBwEhf 已成功抓取全部所需数据。
[2026-04-16 00:49:11] [SUCCESS] bvid=BV1DuQ4BQEFe 已成功抓取全部所需数据。
[2026-04-16 00:49:23] [SUCCESS] bvid=BV1m3Q4BnEi5 已成功抓取全部所需数据。
[2026-04-16 00:49:28] [SUCCESS] bvid=BV1m3Q4BnEeN 已成功抓取全部所需数据。
[2026-04-16 00:49:35] [SUCCESS] bvid=BV1SuQ4BQEBt 已成功抓取全部所需数据。
[2026-04-16 00:49:41] [SUCCESS] bvid=BV1S3Q4BnE4T 已成功抓取全部所需数据。
[2026-04-16 00:49:47] [SUCCESS] bvid=BV1u3Q4BHETm 已成功抓取全部所需数据。
[2026-04-16 00:49:52] [SUCCESS] bvid=BV1M3Q4BHEix 已成功抓取全部所需数据。
[2026-04-16 00:49:58] [SUCCESS] bvid=BV1U3Q4BnEXu 已成功抓取全部所需数据。
[2026-04-16 00:50:04] [SUCCESS] bvid=BV14fQ4BEEWd 已成功抓取全部所需数据。
[2026-04-16 00:50:11] [SUCCESS] bvid=BV1S3Q4BnEEH 已成功抓取全部所需数据。
[2026-04-16 00:50:17] [SUCCESS] bvid=BV1ZRQxBwE5Y 已成功抓取全部所需数据。
[2026-04-16 00:50:23] [SUCCESS] bvid=BV1ZQQxBPESs 已成功抓取全部所需数据。
[2026-04-16 00:50:29] [SUCCESS] bvid=BV1qRQxBAEpR 已成功抓取全部所需数据。
[2026-04-16 00:50:41] [SUCCESS] bvid=BV17RQxBAEQf 已成功抓取全部所需数据。
[2026-04-16 00:50:47] [SUCCESS] bvid=BV1swQtBjEVc 已成功抓取全部所需数据。
[2026-04-16 00:51:00] [SUCCESS] bvid=BV1xaDSBGEUc 已成功抓取全部所需数据。
[2026-04-16 00:51:06] [SUCCESS] bvid=BV1RwQ4BtEpw 已成功抓取全部所需数据。
[2026-04-16 00:51:13] [SUCCESS] bvid=BV1SXQ4BpEhw 已成功抓取全部所需数据。
[2026-04-16 00:51:18] [SUCCESS] bvid=BV1F8Q4BuE3s 已成功抓取全部所需数据。
[2026-04-16 00:51:24] [SUCCESS] bvid=BV1NFQtBUEJG 已成功抓取全部所需数据。
[2026-04-16 00:51:31] [SUCCESS] bvid=BV1PJQsBMEwh 已成功抓取全部所需数据。
[2026-04-16 00:51:38] [SUCCESS] bvid=BV17RQxBAE6A 已成功抓取全部所需数据。
[2026-04-16 00:51:43] [SUCCESS] bvid=BV1ZRQxBwEAH 已成功抓取全部所需数据。
[2026-04-16 00:51:49] [SUCCESS] bvid=BV16tQ4BzELE 已成功抓取全部所需数据。
[2026-04-16 00:51:54] [SUCCESS] bvid=BV1odQxBaECp 已成功抓取全部所需数据。
[2026-04-16 00:52:00] [SUCCESS] bvid=BV1ZXQxBYECV 已成功抓取全部所需数据。
[2026-04-16 00:52:06] [SUCCESS] bvid=BV1odQxBhEoz 已成功抓取全部所需数据。
[2026-04-16 00:52:12] [SUCCESS] bvid=BV1jdQxBaEEq 已成功抓取全部所需数据。
[2026-04-16 00:52:18] [SUCCESS] bvid=BV1odQxBhE4j 已成功抓取全部所需数据。
[2026-04-16 00:52:24] [SUCCESS] bvid=BV1PnQ4BLEUU 已成功抓取全部所需数据。
[2026-04-16 00:52:30] [SUCCESS] bvid=BV1odQxBhEkK 已成功抓取全部所需数据。
[2026-04-16 00:52:36] [SUCCESS] bvid=BV1fQQxBPEzg 已成功抓取全部所需数据。
[2026-04-16 00:52:41] [SUCCESS] bvid=BV1RdQxBhEUq 已成功抓取全部所需数据。
[2026-04-16 00:52:47] [SUCCESS] bvid=BV1ZQQxBPExP 已成功抓取全部所需数据。
[2026-04-16 00:52:53] [SUCCESS] bvid=BV1zQQxBNEpC 已成功抓取全部所需数据。
[2026-04-16 00:52:59] [SUCCESS] bvid=BV1VFQ4BfEMD 已成功抓取全部所需数据。
[2026-04-16 00:53:10] [SUCCESS] bvid=BV1EQQxBNEMd 已成功抓取全部所需数据。
[2026-04-16 00:53:15] [SUCCESS] bvid=BV17QQxBNEW6 已成功抓取全部所需数据。
[2026-04-16 00:53:21] [SUCCESS] bvid=BV1fQQxBPE17 已成功抓取全部所需数据。
[2026-04-16 00:53:32] [SUCCESS] bvid=BV1fQQxBPEVZ 已成功抓取全部所需数据。
[2026-04-16 00:53:38] [SUCCESS] bvid=BV1RFQ4BfEe5 已成功抓取全部所需数据。
[2026-04-16 00:53:44] [SUCCESS] bvid=BV1z6DfBoEze 已成功抓取全部所需数据。
[2026-04-16 00:53:50] [SUCCESS] bvid=BV1BhQ4BqE2V 已成功抓取全部所需数据。
[2026-04-16 00:53:56] [SUCCESS] bvid=BV1EQQxBNEyu 已成功抓取全部所需数据。
[2026-04-16 00:54:01] [SUCCESS] bvid=BV1wQDWBYEgT 已成功抓取全部所需数据。
[2026-04-16 00:54:08] [SUCCESS] bvid=BV1RFQ4BZEg5 已成功抓取全部所需数据。
[2026-04-16 00:54:14] [SUCCESS] bvid=BV1EXQxBeEF7 已成功抓取全部所需数据。
[2026-04-16 00:54:20] [SUCCESS] bvid=BV1vFQ4BfEpT 已成功抓取全部所需数据。
[2026-04-16 00:54:26] [SUCCESS] bvid=BV1EXQxBeEec 已成功抓取全部所需数据。
[2026-04-16 00:54:37] [SUCCESS] bvid=BV1xfQ4BEEBv 已成功抓取全部所需数据。
[2026-04-16 00:54:44] [SUCCESS] bvid=BV19wQ4B4Ers 已成功抓取全部所需数据。
[2026-04-16 00:54:50] [SUCCESS] bvid=BV1dZQxBFEmF 已成功抓取全部所需数据。
[2026-04-16 00:55:02] [SUCCESS] bvid=BV1RZQxBFEh4 已成功抓取全部所需数据。
[2026-04-16 00:55:07] [SUCCESS] bvid=BV1GnQxBxEXE 已成功抓取全部所需数据。
[2026-04-16 00:55:19] [SUCCESS] bvid=BV1YHQxBRESp 已成功抓取全部所需数据。
[2026-04-16 00:55:25] [SUCCESS] bvid=BV1RfQxB8EVK 已成功抓取全部所需数据。
[2026-04-16 00:55:31] [SUCCESS] bvid=BV1RfQxBbEDa 已成功抓取全部所需数据。
[2026-04-16 00:55:37] [SUCCESS] bvid=BV1BYQ4BKEMo 已成功抓取全部所需数据。
[2026-04-16 00:55:43] [SUCCESS] bvid=BV1jZQxBcEWY 已成功抓取全部所需数据。
[2026-04-16 00:55:48] [SUCCESS] bvid=BV16tQ4BzEgF 已成功抓取全部所需数据。
[2026-04-16 00:55:54] [SUCCESS] bvid=BV1LfQxB8Ebh 已成功抓取全部所需数据。
[2026-04-16 00:55:59] [SUCCESS] bvid=BV19fQxBbEmu 已成功抓取全部所需数据。
[2026-04-16 00:56:05] [SUCCESS] bvid=BV1LfQxB8EJf 已成功抓取全部所需数据。
[2026-04-16 00:56:10] [SUCCESS] bvid=BV1dfQxBbEFa 已成功抓取全部所需数据。
[2026-04-16 00:56:17] [SUCCESS] bvid=BV1bPDDBnEm4 已成功抓取全部所需数据。
[2026-04-16 00:56:22] [SUCCESS] bvid=BV1YHDQBoEuS 已成功抓取全部所需数据。
[2026-04-16 00:56:28] [SUCCESS] bvid=BV1QVDsB7Emt 已成功抓取全部所需数据。
[2026-04-16 00:56:47] [SUCCESS] bvid=BV1pcQxBuE9r 已成功抓取全部所需数据。
[2026-04-16 00:56:59] [SUCCESS] bvid=BV1G2Q4BtE1S 已成功抓取全部所需数据。
[2026-04-16 00:57:06] [SUCCESS] bvid=BV1LnQtBPEGh 已成功抓取全部所需数据。
[2026-04-16 00:57:18] [SUCCESS] bvid=BV1eSDfBDEd6 已成功抓取全部所需数据。
[2026-04-16 00:57:30] [SUCCESS] bvid=BV1hSQ4BsEj2 已成功抓取全部所需数据。
[2026-04-16 00:57:43] [SUCCESS] bvid=BV1rnQsBiEd5 已成功抓取全部所需数据。
[2026-04-16 00:57:49] [SUCCESS] bvid=BV1xfQ4BEE3r 已成功抓取全部所需数据。
[2026-04-16 00:57:55] [SUCCESS] bvid=BV19CQ4BbE6D 已成功抓取全部所需数据。
[2026-04-16 00:58:07] [SUCCESS] bvid=BV1ehQFBXEfh 已成功抓取全部所需数据。
[2026-04-16 00:58:19] [SUCCESS] bvid=BV1fbQsBcEfQ 已成功抓取全部所需数据。
[2026-04-16 00:58:32] [SUCCESS] bvid=BV1htQtBbEyx 已成功抓取全部所需数据。
[2026-04-16 00:58:43] [SUCCESS] bvid=BV1nhQ4BBEAH 已成功抓取全部所需数据。
[2026-04-16 00:58:49] [SUCCESS] bvid=BV1rtQ4BzEvR 已成功抓取全部所需数据。
[2026-04-16 00:58:55] [SUCCESS] bvid=BV1BhQ4BqE5P 已成功抓取全部所需数据。
[2026-04-16 00:59:07] [SUCCESS] bvid=BV1zYQ4BKEqB 已成功抓取全部所需数据。
[2026-04-16 00:59:13] [SUCCESS] bvid=BV1zYQ4BTE8o 已成功抓取全部所需数据。
[2026-04-16 00:59:24] [SUCCESS] bvid=BV1fYQ4BKE9G 已成功抓取全部所需数据。
[2026-04-16 00:59:24] [INFO] 当前 batch_crawl 已完成，所有视频均已成功抓取。
[2026-04-16 00:59:24] 子任务结束时间：2026-04-16T00:59:24.886377
[TIMESTAMP][END] 2026-04-16T00:59:24
