[TIMESTAMP][BEGIN] 2026-04-16T03:19:56
[2026-04-16 03:19:58] 开始执行 CSV 批量抓取子任务 part_28。
[2026-04-16 03:19:58] 子任务开始时间：2026-04-16T03:19:56.356001
[2026-04-16 03:19:58] 输入文件：batch_input_28.csv
[2026-04-16 03:19:58] 输入唯一 bvid 数量：100
[2026-04-16 03:19:58] 为严格按 CSV 顺序判断连续失败阈值，本次任务自动将并发度从 2 调整为 1。
[2026-04-16 03:20:10] [SUCCESS] bvid=BV1xgQFBTEh5 已成功抓取全部所需数据。
[2026-04-16 03:20:16] [SUCCESS] bvid=BV1AbD1BZEco 已成功抓取全部所需数据。
[2026-04-16 03:20:21] [SUCCESS] bvid=BV18eDyBvEKd 已成功抓取全部所需数据。
[2026-04-16 03:20:27] [SUCCESS] bvid=BV14MDDBmEr9 已成功抓取全部所需数据。
[2026-04-16 03:20:34] [SUCCESS] bvid=BV1RXQcB4Eed 已成功抓取全部所需数据。
[2026-04-16 03:20:39] [SUCCESS] bvid=BV1qLDyBmExY 已成功抓取全部所需数据。
[2026-04-16 03:20:45] [SUCCESS] bvid=BV12kDyBFEiu 已成功抓取全部所需数据。
[2026-04-16 03:20:51] [SUCCESS] bvid=BV1HcQcBAEed 已成功抓取全部所需数据。
[2026-04-16 03:20:57] [SUCCESS] bvid=BV1pmDyBdEpZ 已成功抓取全部所需数据。
[2026-04-16 03:21:03] [SUCCESS] bvid=BV19jQABfEhk 已成功抓取全部所需数据。
[2026-04-16 03:21:15] [SUCCESS] bvid=BV1noD2BtE8m 已成功抓取全部所需数据。
[2026-04-16 03:21:20] [SUCCESS] bvid=BV1yGDUBKErS 已成功抓取全部所需数据。
[2026-04-16 03:21:32] [SUCCESS] bvid=BV1ZbDDBAE6P 已成功抓取全部所需数据。
[2026-04-16 03:21:38] [SUCCESS] bvid=BV1zWDDBiEbk 已成功抓取全部所需数据。
[2026-04-16 03:21:45] [SUCCESS] bvid=BV16WDDBiETG 已成功抓取全部所需数据。
[2026-04-16 03:21:50] [SUCCESS] bvid=BV1rWDDBiEjj 已成功抓取全部所需数据。
[2026-04-16 03:22:02] [SUCCESS] bvid=BV16xDDBNEWn 已成功抓取全部所需数据。
[2026-04-16 03:22:07] [SUCCESS] bvid=BV1MMDDBmEiV 已成功抓取全部所需数据。
[2026-04-16 03:22:13] [SUCCESS] bvid=BV1MNDDBSETv 已成功抓取全部所需数据。
[2026-04-16 03:22:24] [SUCCESS] bvid=BV1AbD1BZEQk 已成功抓取全部所需数据。
[2026-04-16 03:22:30] [SUCCESS] bvid=BV1tgDDBjE7y 已成功抓取全部所需数据。
[2026-04-16 03:22:42] [SUCCESS] bvid=BV1UNDDBSEBT 已成功抓取全部所需数据。
[2026-04-16 03:22:48] [SUCCESS] bvid=BV1gNDDBSEJ4 已成功抓取全部所需数据。
[2026-04-16 03:22:53] [SUCCESS] bvid=BV1SNDDBUEQM 已成功抓取全部所需数据。
[2026-04-16 03:22:59] [SUCCESS] bvid=BV1SNDDBUEsa 已成功抓取全部所需数据。
[2026-04-16 03:23:04] [SUCCESS] bvid=BV1uNDDBSEd6 已成功抓取全部所需数据。
[2026-04-16 03:23:09] [SUCCESS] bvid=BV1mTDDB7E48 已成功抓取全部所需数据。
[2026-04-16 03:23:15] [SUCCESS] bvid=BV1x5DDBCEN2 已成功抓取全部所需数据。
[2026-04-16 03:23:20] [SUCCESS] bvid=BV1NxDmBBEfb 已成功抓取全部所需数据。
[2026-04-16 03:23:32] [SUCCESS] bvid=BV1hFQwBQEdw 已成功抓取全部所需数据。
[2026-04-16 03:23:38] [SUCCESS] bvid=BV1Z6D1BJEbT 已成功抓取全部所需数据。
[2026-04-16 03:23:51] [SUCCESS] bvid=BV1yjDDB3EQn 已成功抓取全部所需数据。
[2026-04-16 03:23:57] [SUCCESS] bvid=BV1WjDDBGE3p 已成功抓取全部所需数据。
[2026-04-16 03:24:08] [SUCCESS] bvid=BV1yjDDB3EDN 已成功抓取全部所需数据。
[2026-04-16 03:24:14] [SUCCESS] bvid=BV1VVDmB2EcK 已成功抓取全部所需数据。
[2026-04-16 03:24:19] [SUCCESS] bvid=BV1yjDDB3E8V 已成功抓取全部所需数据。
[2026-04-16 03:24:26] [SUCCESS] bvid=BV1x3DDB1E8L 已成功抓取全部所需数据。
[2026-04-16 03:24:31] [SUCCESS] bvid=BV123DDByEqF 已成功抓取全部所需数据。
[2026-04-16 03:24:42] [SUCCESS] bvid=BV1T3DDB1E8E 已成功抓取全部所需数据。
[2026-04-16 03:24:48] [SUCCESS] bvid=BV1NVDDB5EWL 已成功抓取全部所需数据。
[2026-04-16 03:24:54] [SUCCESS] bvid=BV1yVDDBVEPM 已成功抓取全部所需数据。
[2026-04-16 03:24:59] [SUCCESS] bvid=BV1KVDDB5EPC 已成功抓取全部所需数据。
[2026-04-16 03:25:05] [SUCCESS] bvid=BV1KxDmBBEGw 已成功抓取全部所需数据。
[2026-04-16 03:25:23] [SUCCESS] bvid=BV1PbDmBiEpB 已成功抓取全部所需数据。
[2026-04-16 03:25:35] [SUCCESS] bvid=BV1NbDmBiEUX 已成功抓取全部所需数据。
[2026-04-16 03:25:41] [SUCCESS] bvid=BV1PhDmBNEk3 已成功抓取全部所需数据。
[2026-04-16 03:25:52] [SUCCESS] bvid=BV1AhDmBNEUC 已成功抓取全部所需数据。
[2026-04-16 03:25:58] [SUCCESS] bvid=BV1TxDmBBEYL 已成功抓取全部所需数据。
[2026-04-16 03:26:04] [SUCCESS] bvid=BV14yDZBKE51 已成功抓取全部所需数据。
[2026-04-16 03:26:15] [SUCCESS] bvid=BV1rGD2BtE2K 已成功抓取全部所需数据。
[2026-04-16 03:26:27] [SUCCESS] bvid=BV1sxDmBBESk 已成功抓取全部所需数据。
[2026-04-16 03:26:38] [SUCCESS] bvid=BV1xtDmBTEdL 已成功抓取全部所需数据。
[2026-04-16 03:26:44] [SUCCESS] bvid=BV1uFDUBLEXK 已成功抓取全部所需数据。
[2026-04-16 03:26:49] [SUCCESS] bvid=BV1uFDUBLE2B 已成功抓取全部所需数据。
[2026-04-16 03:27:01] [SUCCESS] bvid=BV1fZSSB8E28 已成功抓取全部所需数据。
[2026-04-16 03:27:06] [SUCCESS] bvid=BV1fnQuBnE2D 已成功抓取全部所需数据。
[2026-04-16 03:27:11] [SUCCESS] bvid=BV1iVD7BNEpi 已成功抓取全部所需数据。
[2026-04-16 03:27:23] [SUCCESS] bvid=BV1QWDkBeE9m 已成功抓取全部所需数据。
[2026-04-16 03:27:34] [SUCCESS] bvid=BV1YbD2B2E18 已成功抓取全部所需数据。
[2026-04-16 03:27:40] [SUCCESS] bvid=BV14nQMBaEta 已成功抓取全部所需数据。
[2026-04-16 03:27:45] [SUCCESS] bvid=BV1y7DEBnEFQ 已成功抓取全部所需数据。
[2026-04-16 03:27:57] [SUCCESS] bvid=BV1tCD2BTEkJ 已成功抓取全部所需数据。
[2026-04-16 03:28:08] [SUCCESS] bvid=BV1wvDmBaEKx 已成功抓取全部所需数据。
[2026-04-16 03:28:20] [SUCCESS] bvid=BV1HqDmBcEuc 已成功抓取全部所需数据。
[2026-04-16 03:28:25] [SUCCESS] bvid=BV1nqDmBcE1X 已成功抓取全部所需数据。
[2026-04-16 03:28:31] [SUCCESS] bvid=BV1ZpD2BDENz 已成功抓取全部所需数据。
[2026-04-16 03:28:43] [SUCCESS] bvid=BV1AeDmBAEvZ 已成功抓取全部所需数据。
[2026-04-16 03:29:00] [SUCCESS] bvid=BV1WeDmBAEgN 已成功抓取全部所需数据。
[2026-04-16 03:29:06] [SUCCESS] bvid=BV1gjDmByEZn 已成功抓取全部所需数据。
[2026-04-16 03:29:24] [SUCCESS] bvid=BV1hjDmByE42 已成功抓取全部所需数据。
[2026-04-16 03:29:36] [SUCCESS] bvid=BV1gEDmBVEjZ 已成功抓取全部所需数据。
[2026-04-16 03:29:48] [SUCCESS] bvid=BV1GVDmB2EwY 已成功抓取全部所需数据。
[2026-04-16 03:30:07] [SUCCESS] bvid=BV17ADmBWErD 已成功抓取全部所需数据。
[2026-04-16 03:30:12] [SUCCESS] bvid=BV1uJDmBkENn 已成功抓取全部所需数据。
[2026-04-16 03:30:18] [SUCCESS] bvid=BV13LDmBLE4M 已成功抓取全部所需数据。
[2026-04-16 03:30:23] [SUCCESS] bvid=BV1bpDmB6EJn 已成功抓取全部所需数据。
[2026-04-16 03:30:36] [SUCCESS] bvid=BV1MsDmBgE3S 已成功抓取全部所需数据。
[2026-04-16 03:30:54] [SUCCESS] bvid=BV14pDmB6ES3 已成功抓取全部所需数据。
[2026-04-16 03:31:06] [SUCCESS] bvid=BV1TsDmBuEmH 已成功抓取全部所需数据。
[2026-04-16 03:31:18] [SUCCESS] bvid=BV1gJDmBkEM7 已成功抓取全部所需数据。
[2026-04-16 03:31:30] [SUCCESS] bvid=BV18JDmBkEeA 已成功抓取全部所需数据。
[2026-04-16 03:31:35] [SUCCESS] bvid=BV1X9DmBEECP 已成功抓取全部所需数据。
[2026-04-16 03:31:47] [SUCCESS] bvid=BV1sKDZBwEyT 已成功抓取全部所需数据。
[2026-04-16 03:31:53] [SUCCESS] bvid=BV1aXDfBUEin 已成功抓取全部所需数据。
[2026-04-16 03:32:05] [SUCCESS] bvid=BV19DDmBnEhm 已成功抓取全部所需数据。
[2026-04-16 03:32:11] [SUCCESS] bvid=BV19aD2ByEwg 已成功抓取全部所需数据。
[2026-04-16 03:32:17] [SUCCESS] bvid=BV1QiDUBSExs 已成功抓取全部所需数据。
[2026-04-16 03:32:23] [SUCCESS] bvid=BV1DFDUB5Eii 已成功抓取全部所需数据。
[2026-04-16 03:32:40] [SUCCESS] bvid=BV1DFDUB5E8Z 已成功抓取全部所需数据。
[2026-04-16 03:32:46] [SUCCESS] bvid=BV13ZDmB2ExM 已成功抓取全部所需数据。
[2026-04-16 03:32:58] [SUCCESS] bvid=BV1ToQKBFEQk 已成功抓取全部所需数据。
[2026-04-16 03:33:03] [SUCCESS] bvid=BV1JdDyBnEdT 已成功抓取全部所需数据。
[2026-04-16 03:33:15] [SUCCESS] bvid=BV1ZkDmBoEWD 已成功抓取全部所需数据。
[2026-04-16 03:33:20] [SUCCESS] bvid=BV1cBDmB8E6a 已成功抓取全部所需数据。
[2026-04-16 03:33:32] [SUCCESS] bvid=BV1omDmBpEFe 已成功抓取全部所需数据。
[2026-04-16 03:33:37] [SUCCESS] bvid=BV1qtQFBREnC 已成功抓取全部所需数据。
[2026-04-16 03:33:49] [SUCCESS] bvid=BV1iUDmBXEsK 已成功抓取全部所需数据。
[2026-04-16 03:33:55] [SUCCESS] bvid=BV1WTDZBhEre 已成功抓取全部所需数据。
[2026-04-16 03:34:01] [SUCCESS] bvid=BV1o1DmB9EN2 已成功抓取全部所需数据。
[2026-04-16 03:34:12] [SUCCESS] bvid=BV1d1DmB9EY6 已成功抓取全部所需数据。
[2026-04-16 03:34:12] [INFO] 当前 batch_crawl 已完成，所有视频均已成功抓取。
[2026-04-16 03:34:12] 子任务结束时间：2026-04-16T03:34:12.740215
[TIMESTAMP][END] 2026-04-16T03:34:12
