[TIMESTAMP][BEGIN] 2026-04-16T07:17:21
[2026-04-16 07:17:23] 开始执行 CSV 批量抓取子任务 part_48。
[2026-04-16 07:17:23] 子任务开始时间：2026-04-16T07:17:21.067737
[2026-04-16 07:17:23] 输入文件：batch_input_48.csv
[2026-04-16 07:17:23] 输入唯一 bvid 数量：100
[2026-04-16 07:17:23] 为严格按 CSV 顺序判断连续失败阈值，本次任务自动将并发度从 2 调整为 1。
[2026-04-16 07:17:28] [SUCCESS] bvid=BV1WuDZBFEVy 已成功抓取全部所需数据。
[2026-04-16 07:17:33] [SUCCESS] bvid=BV1yuDZBFEDs 已成功抓取全部所需数据。
[2026-04-16 07:17:38] [SUCCESS] bvid=BV1puDZBFEd9 已成功抓取全部所需数据。
[2026-04-16 07:17:44] [SUCCESS] bvid=BV1WuDZBFEsc 已成功抓取全部所需数据。
[2026-04-16 07:17:50] [SUCCESS] bvid=BV1WgDZBbE4c 已成功抓取全部所需数据。
[2026-04-16 07:17:55] [SUCCESS] bvid=BV1AgDZB8E87 已成功抓取全部所需数据。
[2026-04-16 07:18:00] [SUCCESS] bvid=BV1kgDZBbEf1 已成功抓取全部所需数据。
[2026-04-16 07:18:06] [SUCCESS] bvid=BV1mkDZBqEXS 已成功抓取全部所需数据。
[2026-04-16 07:18:11] [SUCCESS] bvid=BV1CqD4BzEuf 已成功抓取全部所需数据。
[2026-04-16 07:18:16] [SUCCESS] bvid=BV1bkDZBqEcy 已成功抓取全部所需数据。
[2026-04-16 07:18:22] [SUCCESS] bvid=BV1TkDZBqEiK 已成功抓取全部所需数据。
[2026-04-16 07:18:33] [SUCCESS] bvid=BV1DzDZBzEKy 已成功抓取全部所需数据。
[2026-04-16 07:18:38] [SUCCESS] bvid=BV1KyDZBKEfR 已成功抓取全部所需数据。
[2026-04-16 07:18:44] [SUCCESS] bvid=BV1TyDZBKEtG 已成功抓取全部所需数据。
[2026-04-16 07:18:49] [SUCCESS] bvid=BV1cdDZBZEw4 已成功抓取全部所需数据。
[2026-04-16 07:18:54] [SUCCESS] bvid=BV1NXS9BnEhA 已成功抓取全部所需数据。
[2026-04-16 07:19:00] [SUCCESS] bvid=BV1B1D4BPE6s 已成功抓取全部所需数据。
[2026-04-16 07:19:05] [SUCCESS] bvid=BV1tyDZBKELL 已成功抓取全部所需数据。
[2026-04-16 07:19:10] [SUCCESS] bvid=BV1TyDZBKEfV 已成功抓取全部所需数据。
[2026-04-16 07:19:15] [SUCCESS] bvid=BV12yDZBPEd8 已成功抓取全部所需数据。
[2026-04-16 07:19:20] [SUCCESS] bvid=BV1TyDZBKECu 已成功抓取全部所需数据。
[2026-04-16 07:19:25] [SUCCESS] bvid=BV1uzDZBzEZc 已成功抓取全部所需数据。
[2026-04-16 07:19:30] [SUCCESS] bvid=BV1SzDZBzEeQ 已成功抓取全部所需数据。
[2026-04-16 07:19:36] [SUCCESS] bvid=BV1bzDZBzEX6 已成功抓取全部所需数据。
[2026-04-16 07:19:41] [SUCCESS] bvid=BV1UzDZBzEXY 已成功抓取全部所需数据。
[2026-04-16 07:19:45] [SUCCESS] bvid=BV1MzDZBzEQy 已成功抓取全部所需数据。
[2026-04-16 07:19:51] [SUCCESS] bvid=BV178DtBPEJP 已成功抓取全部所需数据。
[2026-04-16 07:19:56] [SUCCESS] bvid=BV1trDZBME9r 已成功抓取全部所需数据。
[2026-04-16 07:20:01] [SUCCESS] bvid=BV1uzDZBzEsn 已成功抓取全部所需数据。
[2026-04-16 07:20:06] [SUCCESS] bvid=BV1MrDZBMEQW 已成功抓取全部所需数据。
[2026-04-16 07:20:11] [SUCCESS] bvid=BV1urDZBMELh 已成功抓取全部所需数据。
[2026-04-16 07:20:16] [SUCCESS] bvid=BV1yUDZBYEqS 已成功抓取全部所需数据。
[2026-04-16 07:20:21] [SUCCESS] bvid=BV1GeDxBXELL 已成功抓取全部所需数据。
[2026-04-16 07:20:26] [SUCCESS] bvid=BV1CDDZBwEd3 已成功抓取全部所需数据。
[2026-04-16 07:20:31] [SUCCESS] bvid=BV11UDZBYEi8 已成功抓取全部所需数据。
[2026-04-16 07:20:36] [SUCCESS] bvid=BV1bmDtBQEVq 已成功抓取全部所需数据。
[2026-04-16 07:20:41] [SUCCESS] bvid=BV13vDZBGEci 已成功抓取全部所需数据。
[2026-04-16 07:20:46] [SUCCESS] bvid=BV1NDDZBwELZ 已成功抓取全部所需数据。
[2026-04-16 07:20:51] [SUCCESS] bvid=BV1sDDZBwEnK 已成功抓取全部所需数据。
[2026-04-16 07:20:57] [SUCCESS] bvid=BV1KDDtBSEay 已成功抓取全部所需数据。
[2026-04-16 07:21:02] [SUCCESS] bvid=BV1T1DZBvE5p 已成功抓取全部所需数据。
[2026-04-16 07:21:07] [SUCCESS] bvid=BV141DZBvEnn 已成功抓取全部所需数据。
[2026-04-16 07:21:08] [ERROR] bvid=BV1x1DZBvEMD 抓取失败：stat: 接口返回错误代码：62002，信息：稿件不可见。
{'code': 62002, 'message': '稿件不可见', 'ttl': 1} | comment: 接口返回错误代码：62002，信息：稿件不可见。
{'code': 62002, 'message': '稿件不可见', 'ttl': 1}
[2026-04-16 07:21:13] [SUCCESS] bvid=BV1wQDZBhEU7 已成功抓取全部所需数据。
[2026-04-16 07:21:18] [SUCCESS] bvid=BV154DZBmEss 已成功抓取全部所需数据。
[2026-04-16 07:21:23] [SUCCESS] bvid=BV1G8DZB1EZf 已成功抓取全部所需数据。
[2026-04-16 07:21:29] [SUCCESS] bvid=BV158DZB1ETZ 已成功抓取全部所需数据。
[2026-04-16 07:21:34] [SUCCESS] bvid=BV158DZB1EvT 已成功抓取全部所需数据。
[2026-04-16 07:21:40] [SUCCESS] bvid=BV158DZB1EjU 已成功抓取全部所需数据。
[2026-04-16 07:21:40] [ERROR] bvid=BV1Y8DZB1EsP 抓取失败：stat: 接口返回错误代码：62002，信息：稿件不可见。
{'code': 62002, 'message': '稿件不可见', 'ttl': 1} | comment: 接口返回错误代码：62002，信息：稿件不可见。
{'code': 62002, 'message': '稿件不可见', 'ttl': 1}
[2026-04-16 07:21:46] [SUCCESS] bvid=BV1zvDpBsEPE 已成功抓取全部所需数据。
[2026-04-16 07:21:51] [SUCCESS] bvid=BV1JvDpBxEV9 已成功抓取全部所需数据。
[2026-04-16 07:21:57] [SUCCESS] bvid=BV1BvDpBsExg 已成功抓取全部所需数据。
[2026-04-16 07:22:02] [SUCCESS] bvid=BV1BvDpBsE4S 已成功抓取全部所需数据。
[2026-04-16 07:22:14] [SUCCESS] bvid=BV1zvDpBsEVP 已成功抓取全部所需数据。
[2026-04-16 07:22:19] [SUCCESS] bvid=BV1QDDpB5ELf 已成功抓取全部所需数据。
[2026-04-16 07:22:25] [SUCCESS] bvid=BV1hDDpB5EQ4 已成功抓取全部所需数据。
[2026-04-16 07:22:30] [SUCCESS] bvid=BV1msD4BmEG4 已成功抓取全部所需数据。
[2026-04-16 07:22:35] [SUCCESS] bvid=BV1uJDsB5Eph 已成功抓取全部所需数据。
[2026-04-16 07:22:40] [SUCCESS] bvid=BV1RGDbBeExU 已成功抓取全部所需数据。
[2026-04-16 07:22:46] [SUCCESS] bvid=BV1PRDxBuET9 已成功抓取全部所需数据。
[2026-04-16 07:22:51] [SUCCESS] bvid=BV1ZbDzBYEzL 已成功抓取全部所需数据。
[2026-04-16 07:22:56] [SUCCESS] bvid=BV1isDxBfEy2 已成功抓取全部所需数据。
[2026-04-16 07:23:01] [SUCCESS] bvid=BV1CQDWBYEu1 已成功抓取全部所需数据。
[2026-04-16 07:23:07] [SUCCESS] bvid=BV1T1DxBLE5e 已成功抓取全部所需数据。
[2026-04-16 07:23:13] [SUCCESS] bvid=BV16dDZBZE1k 已成功抓取全部所需数据。
[2026-04-16 07:23:19] [SUCCESS] bvid=BV12TDxB3Ez9 已成功抓取全部所需数据。
[2026-04-16 07:23:24] [SUCCESS] bvid=BV1j4DxBtEyi 已成功抓取全部所需数据。
[2026-04-16 07:23:30] [SUCCESS] bvid=BV1Y8DZB1Ens 已成功抓取全部所需数据。
[2026-04-16 07:23:35] [SUCCESS] bvid=BV1e4DZBmE22 已成功抓取全部所需数据。
[2026-04-16 07:23:40] [SUCCESS] bvid=BV1i4DZBmEhw 已成功抓取全部所需数据。
[2026-04-16 07:23:46] [SUCCESS] bvid=BV1giDZBrESX 已成功抓取全部所需数据。
[2026-04-16 07:23:58] [SUCCESS] bvid=BV13iDZBrEiH 已成功抓取全部所需数据。
[2026-04-16 07:24:03] [SUCCESS] bvid=BV1hiDZBrEJe 已成功抓取全部所需数据。
[2026-04-16 07:24:08] [SUCCESS] bvid=BV1hBDZBgEur 已成功抓取全部所需数据。
[2026-04-16 07:24:14] [SUCCESS] bvid=BV1GYDZBCEbL 已成功抓取全部所需数据。
[2026-04-16 07:24:19] [SUCCESS] bvid=BV1qUD4BwEGB 已成功抓取全部所需数据。
[2026-04-16 07:24:25] [SUCCESS] bvid=BV1EcDfBsETa 已成功抓取全部所需数据。
[2026-04-16 07:24:30] [SUCCESS] bvid=BV1HFDbBCEyq 已成功抓取全部所需数据。
[2026-04-16 07:24:35] [SUCCESS] bvid=BV1wRDxBuErM 已成功抓取全部所需数据。
[2026-04-16 07:24:48] [SUCCESS] bvid=BV1dMD4BbEuu 已成功抓取全部所需数据。
[2026-04-16 07:24:54] [SUCCESS] bvid=BV1avDZBGEjB 已成功抓取全部所需数据。
[2026-04-16 07:24:59] [SUCCESS] bvid=BV1dTDfBJEZs 已成功抓取全部所需数据。
[2026-04-16 07:25:10] [SUCCESS] bvid=BV1SmDtBQETY 已成功抓取全部所需数据。
[2026-04-16 07:25:22] [SUCCESS] bvid=BV19MDfBUEXM 已成功抓取全部所需数据。
[2026-04-16 07:25:28] [SUCCESS] bvid=BV1ZPDfBHEq9 已成功抓取全部所需数据。
[2026-04-16 07:25:33] [SUCCESS] bvid=BV1eMDfBSEXd 已成功抓取全部所需数据。
[2026-04-16 07:25:39] [SUCCESS] bvid=BV1BPDfBpEmz 已成功抓取全部所需数据。
[2026-04-16 07:25:44] [SUCCESS] bvid=BV1oNDfBDEq1 已成功抓取全部所需数据。
[2026-04-16 07:25:49] [SUCCESS] bvid=BV17NDfBQEPS 已成功抓取全部所需数据。
[2026-04-16 07:25:54] [SUCCESS] bvid=BV19VDfBLE8U 已成功抓取全部所需数据。
[2026-04-16 07:26:01] [SUCCESS] bvid=BV1XVDfBLEAk 已成功抓取全部所需数据。
[2026-04-16 07:26:07] [SUCCESS] bvid=BV1ZwDfBXENx 已成功抓取全部所需数据。
[2026-04-16 07:26:12] [SUCCESS] bvid=BV1Q5DfByEnd 已成功抓取全部所需数据。
[2026-04-16 07:26:18] [SUCCESS] bvid=BV1RgDfB7ERY 已成功抓取全部所需数据。
[2026-04-16 07:26:23] [SUCCESS] bvid=BV19gDfB7EY3 已成功抓取全部所需数据。
[2026-04-16 07:26:28] [SUCCESS] bvid=BV1FnDjBrEi3 已成功抓取全部所需数据。
[2026-04-16 07:26:40] [SUCCESS] bvid=BV1MzDvB3EDz 已成功抓取全部所需数据。
[2026-04-16 07:26:52] [SUCCESS] bvid=BV1Kv9KBAEyb 已成功抓取全部所需数据。
[2026-04-16 07:26:57] [SUCCESS] bvid=BV1Kv9KBwERg 已成功抓取全部所需数据。
[2026-04-16 07:26:57] [WARN] 当前子任务已结束，但仍有未成功抓取的视频，已导出 remaining CSV 供继续执行。
[2026-04-16 07:26:57] [INFO] 已导出剔除成功条目后的剩余 CSV：D:\Schoolworks\Thesis\Bilibili-Datahub\outputs\video_data\manual_crawls\manual_crawl_stat_comment_20260415_211913\remaining_bvids_part_48.csv
[2026-04-16 07:26:57] 子任务结束时间：2026-04-16T07:26:57.608614
[TIMESTAMP][END] 2026-04-16T07:26:57
