[TIMESTAMP][BEGIN] 2026-04-15T22:17:32
[2026-04-15 22:17:34] 开始执行 CSV 批量抓取子任务 part_5。
[2026-04-15 22:17:34] 子任务开始时间：2026-04-15T22:17:32.139010
[2026-04-15 22:17:34] 输入文件：batch_input_5.csv
[2026-04-15 22:17:34] 输入唯一 bvid 数量：100
[2026-04-15 22:17:34] 为严格按 CSV 顺序判断连续失败阈值，本次任务自动将并发度从 2 调整为 1。
[2026-04-15 22:17:40] [SUCCESS] bvid=BV1pBQGBiEFh 已成功抓取全部所需数据。
[2026-04-15 22:17:46] [SUCCESS] bvid=BV18KQiB1E2A 已成功抓取全部所需数据。
[2026-04-15 22:17:53] [SUCCESS] bvid=BV1pSDyBsEau 已成功抓取全部所需数据。
[2026-04-15 22:17:59] [SUCCESS] bvid=BV1otQ3BWEYt 已成功抓取全部所需数据。
[2026-04-15 22:18:05] [SUCCESS] bvid=BV18qQuB6Emd 已成功抓取全部所需数据。
[2026-04-15 22:18:17] [SUCCESS] bvid=BV1t8Q5BSE7k 已成功抓取全部所需数据。
[2026-04-15 22:18:23] [SUCCESS] bvid=BV1taQ5BEETi 已成功抓取全部所需数据。
[2026-04-15 22:18:30] [SUCCESS] bvid=BV16CQvBhEGJ 已成功抓取全部所需数据。
[2026-04-15 22:18:42] [SUCCESS] bvid=BV1UaQ5BEEni 已成功抓取全部所需数据。
[2026-04-15 22:18:49] [SUCCESS] bvid=BV1YPQLB4ELX 已成功抓取全部所需数据。
[2026-04-15 22:19:01] [SUCCESS] bvid=BV15cQLBbEgh 已成功抓取全部所需数据。
[2026-04-15 22:19:07] [SUCCESS] bvid=BV1GcQLBbExe 已成功抓取全部所需数据。
[2026-04-15 22:19:14] [SUCCESS] bvid=BV1tgQLBpEiX 已成功抓取全部所需数据。
[2026-04-15 22:19:20] [SUCCESS] bvid=BV1u3QLBQEzo 已成功抓取全部所需数据。
[2026-04-15 22:19:27] [SUCCESS] bvid=BV1DMQLB9EpE 已成功抓取全部所需数据。
[2026-04-15 22:19:34] [SUCCESS] bvid=BV1B9Q5BPEPy 已成功抓取全部所需数据。
[2026-04-15 22:19:40] [SUCCESS] bvid=BV16UQ5BqEsA 已成功抓取全部所需数据。
[2026-04-15 22:19:54] [SUCCESS] bvid=BV19FQLBFEus 已成功抓取全部所需数据。
[2026-04-15 22:20:00] [SUCCESS] bvid=BV1jbQ3B9EoB 已成功抓取全部所需数据。
[2026-04-15 22:20:13] [SUCCESS] bvid=BV18HQGB7E6Z 已成功抓取全部所需数据。
[2026-04-15 22:20:26] [SUCCESS] bvid=BV1tSQsB2EeX 已成功抓取全部所需数据。
[2026-04-15 22:20:40] [SUCCESS] bvid=BV1TNQ3BgEaJ 已成功抓取全部所需数据。
[2026-04-15 22:20:46] [SUCCESS] bvid=BV15FQLBFEkD 已成功抓取全部所需数据。
[2026-04-15 22:20:53] [SUCCESS] bvid=BV1LRQ5BYEye 已成功抓取全部所需数据。
[2026-04-15 22:21:06] [SUCCESS] bvid=BV1LRQ5BYEQw 已成功抓取全部所需数据。
[2026-04-15 22:21:13] [SUCCESS] bvid=BV1cbQLBgEvc 已成功抓取全部所需数据。
[2026-04-15 22:21:25] [SUCCESS] bvid=BV1cxQLBGEUQ 已成功抓取全部所需数据。
[2026-04-15 22:21:32] [SUCCESS] bvid=BV1EvQLBKE3h 已成功抓取全部所需数据。
[2026-04-15 22:21:45] [SUCCESS] bvid=BV1ksQ4BrENn 已成功抓取全部所需数据。
[2026-04-15 22:21:52] [SUCCESS] bvid=BV1rwQGBcE7k 已成功抓取全部所需数据。
[2026-04-15 22:22:04] [SUCCESS] bvid=BV1TjQLBEE7M 已成功抓取全部所需数据。
[2026-04-15 22:22:11] [SUCCESS] bvid=BV1KjQLBEEYy 已成功抓取全部所需数据。
[2026-04-15 22:22:29] [SUCCESS] bvid=BV1K7QLBmEEK 已成功抓取全部所需数据。
[2026-04-15 22:22:42] [SUCCESS] bvid=BV1yRQVBCEEZ 已成功抓取全部所需数据。
[2026-04-15 22:22:48] [SUCCESS] bvid=BV1MVQLBnEyV 已成功抓取全部所需数据。
[2026-04-15 22:23:01] [SUCCESS] bvid=BV1TVQLBnE7Q 已成功抓取全部所需数据。
[2026-04-15 22:23:14] [SUCCESS] bvid=BV1MVQLBnELY 已成功抓取全部所需数据。
[2026-04-15 22:23:21] [SUCCESS] bvid=BV1gMQiBLEKf 已成功抓取全部所需数据。
[2026-04-15 22:23:35] [SUCCESS] bvid=BV1kiQYBtEpu 已成功抓取全部所需数据。
[2026-04-15 22:23:41] [SUCCESS] bvid=BV1pSDyBsEg4 已成功抓取全部所需数据。
[2026-04-15 22:23:48] [SUCCESS] bvid=BV1PoQVBVEBp 已成功抓取全部所需数据。
[2026-04-15 22:23:56] [SUCCESS] bvid=BV1PpQLB5Ee4 已成功抓取全部所需数据。
[2026-04-15 22:24:02] [SUCCESS] bvid=BV1AWQLBCEVr 已成功抓取全部所需数据。
[2026-04-15 22:24:09] [SUCCESS] bvid=BV112QuBYEyz 已成功抓取全部所需数据。
[2026-04-15 22:24:17] [SUCCESS] bvid=BV1Q1QLBtEu8 已成功抓取全部所需数据。
[2026-04-15 22:24:25] [SUCCESS] bvid=BV1Q1QLBtEag 已成功抓取全部所需数据。
[2026-04-15 22:24:31] [SUCCESS] bvid=BV1gKQVB7EgA 已成功抓取全部所需数据。
[2026-04-15 22:24:38] [SUCCESS] bvid=BV1cpQVBiEbb 已成功抓取全部所需数据。
[2026-04-15 22:24:45] [SUCCESS] bvid=BV1iaQVB8ESF 已成功抓取全部所需数据。
[2026-04-15 22:24:52] [SUCCESS] bvid=BV1AcQ5B6EkG 已成功抓取全部所需数据。
[2026-04-15 22:24:58] [SUCCESS] bvid=BV1FnQ3BFEre 已成功抓取全部所需数据。
[2026-04-15 22:25:06] [SUCCESS] bvid=BV1cnQ3BFEkc 已成功抓取全部所需数据。
[2026-04-15 22:25:12] [SUCCESS] bvid=BV11eQGBuEdy 已成功抓取全部所需数据。
[2026-04-15 22:25:19] [SUCCESS] bvid=BV1VvQ3BSEVr 已成功抓取全部所需数据。
[2026-04-15 22:25:25] [SUCCESS] bvid=BV19eQ3BJErs 已成功抓取全部所需数据。
[2026-04-15 22:25:32] [SUCCESS] bvid=BV1RaQ3BQE95 已成功抓取全部所需数据。
[2026-04-15 22:25:38] [SUCCESS] bvid=BV1ReQ3BJEMt 已成功抓取全部所需数据。
[2026-04-15 22:25:44] [SUCCESS] bvid=BV1m1QuBPEGt 已成功抓取全部所需数据。
[2026-04-15 22:25:50] [SUCCESS] bvid=BV155QvBHE9g 已成功抓取全部所需数据。
[2026-04-15 22:25:57] [SUCCESS] bvid=BV1ppQPByEhw 已成功抓取全部所需数据。
[2026-04-15 22:26:02] [SUCCESS] bvid=BV1a6Q3BjE6Q 已成功抓取全部所需数据。
[2026-04-15 22:26:10] [SUCCESS] bvid=BV1jGQGBsEx4 已成功抓取全部所需数据。
[2026-04-15 22:26:17] [SUCCESS] bvid=BV1G6Q3BjEVw 已成功抓取全部所需数据。
[2026-04-15 22:26:23] [SUCCESS] bvid=BV1eVQGBXEeS 已成功抓取全部所需数据。
[2026-04-15 22:26:29] [SUCCESS] bvid=BV1iGQGBWEbK 已成功抓取全部所需数据。
[2026-04-15 22:26:36] [SUCCESS] bvid=BV1quQGBxER3 已成功抓取全部所需数据。
[2026-04-15 22:26:42] [SUCCESS] bvid=BV1igQGBREdw 已成功抓取全部所需数据。
[2026-04-15 22:26:49] [SUCCESS] bvid=BV1GEQGBnEAJ 已成功抓取全部所需数据。
[2026-04-15 22:26:55] [SUCCESS] bvid=BV1aEQGBJEX5 已成功抓取全部所需数据。
[2026-04-15 22:27:01] [SUCCESS] bvid=BV1YEQGBJEB3 已成功抓取全部所需数据。
[2026-04-15 22:27:08] [SUCCESS] bvid=BV1hJQGBUEtp 已成功抓取全部所需数据。
[2026-04-15 22:27:15] [SUCCESS] bvid=BV1vLQGBHE3R 已成功抓取全部所需数据。
[2026-04-15 22:27:22] [SUCCESS] bvid=BV1eLQGBHE7G 已成功抓取全部所需数据。
[2026-04-15 22:27:28] [SUCCESS] bvid=BV1eLQGBHEza 已成功抓取全部所需数据。
[2026-04-15 22:27:33] [SUCCESS] bvid=BV19jQGBDEqr 已成功抓取全部所需数据。
[2026-04-15 22:27:40] [SUCCESS] bvid=BV1XjQGBDEL6 已成功抓取全部所需数据。
[2026-04-15 22:27:46] [SUCCESS] bvid=BV1wFQGBYEvR 已成功抓取全部所需数据。
[2026-04-15 22:27:53] [SUCCESS] bvid=BV16wQGBcEZm 已成功抓取全部所需数据。
[2026-04-15 22:28:00] [SUCCESS] bvid=BV1rwQGBcEk1 已成功抓取全部所需数据。
[2026-04-15 22:28:06] [SUCCESS] bvid=BV1BwQgBpEW4 已成功抓取全部所需数据。
[2026-04-15 22:28:12] [SUCCESS] bvid=BV1pfQ3BPEiV 已成功抓取全部所需数据。
[2026-04-15 22:28:18] [SUCCESS] bvid=BV1pfQ3BPEdC 已成功抓取全部所需数据。
[2026-04-15 22:28:24] [SUCCESS] bvid=BV1fKQGBtEhi 已成功抓取全部所需数据。
[2026-04-15 22:28:37] [SUCCESS] bvid=BV1oTQGBoErY 已成功抓取全部所需数据。
[2026-04-15 22:28:43] [SUCCESS] bvid=BV1BTQGBoEJ7 已成功抓取全部所需数据。
[2026-04-15 22:28:50] [SUCCESS] bvid=BV1nAQGBhERa 已成功抓取全部所需数据。
[2026-04-15 22:29:03] [SUCCESS] bvid=BV1BTQGBoEr5 已成功抓取全部所需数据。
[2026-04-15 22:29:21] [SUCCESS] bvid=BV1fPQGBfEAz 已成功抓取全部所需数据。
[2026-04-15 22:29:28] [SUCCESS] bvid=BV1CqQGBTEPU 已成功抓取全部所需数据。
[2026-04-15 22:29:34] [SUCCESS] bvid=BV1CvQGBBEqD 已成功抓取全部所需数据。
[2026-04-15 22:29:40] [SUCCESS] bvid=BV1NeQGBgE3Q 已成功抓取全部所需数据。
[2026-04-15 22:29:52] [SUCCESS] bvid=BV1seQGBuE9R 已成功抓取全部所需数据。
[2026-04-15 22:30:05] [SUCCESS] bvid=BV1xeQGBuE4U 已成功抓取全部所需数据。
[2026-04-15 22:30:18] [SUCCESS] bvid=BV11vQGBBEgf 已成功抓取全部所需数据。
[2026-04-15 22:30:26] [SUCCESS] bvid=BV1svQGBBEud 已成功抓取全部所需数据。
[2026-04-15 22:30:38] [SUCCESS] bvid=BV1WvQGBBEZD 已成功抓取全部所需数据。
[2026-04-15 22:30:45] [SUCCESS] bvid=BV1HCQGBAET7 已成功抓取全部所需数据。
[2026-04-15 22:30:57] [SUCCESS] bvid=BV1JyQGBaE7a 已成功抓取全部所需数据。
[2026-04-15 22:31:04] [SUCCESS] bvid=BV1EyQGBaEdK 已成功抓取全部所需数据。
[2026-04-15 22:31:10] [SUCCESS] bvid=BV1H6QGBNENc 已成功抓取全部所需数据。
[2026-04-15 22:31:10] [INFO] 当前 batch_crawl 已完成，所有视频均已成功抓取。
[2026-04-15 22:31:10] 子任务结束时间：2026-04-15T22:31:10.568088
[TIMESTAMP][END] 2026-04-15T22:31:10
