[TIMESTAMP][BEGIN] 2026-04-16T02:19:34
[2026-04-16 02:19:36] 开始执行 CSV 批量抓取子任务 part_23。
[2026-04-16 02:19:36] 子任务开始时间：2026-04-16T02:19:34.438490
[2026-04-16 02:19:36] 输入文件：batch_input_23.csv
[2026-04-16 02:19:36] 输入唯一 bvid 数量：100
[2026-04-16 02:19:36] 为严格按 CSV 顺序判断连续失败阈值，本次任务自动将并发度从 2 调整为 1。
[2026-04-16 02:19:41] [SUCCESS] bvid=BV1KqD9BsEnj 已成功抓取全部所需数据。
[2026-04-16 02:19:47] [SUCCESS] bvid=BV1KqD9BsE4C 已成功抓取全部所需数据。
[2026-04-16 02:19:52] [SUCCESS] bvid=BV1usDQBRE7i 已成功抓取全部所需数据。
[2026-04-16 02:19:59] [SUCCESS] bvid=BV1fxDDBNEeF 已成功抓取全部所需数据。
[2026-04-16 02:20:04] [SUCCESS] bvid=BV1LgDSB4EHi 已成功抓取全部所需数据。
[2026-04-16 02:20:09] [SUCCESS] bvid=BV1EzQMBJEUP 已成功抓取全部所需数据。
[2026-04-16 02:20:15] [SUCCESS] bvid=BV19wDXBbEMu 已成功抓取全部所需数据。
[2026-04-16 02:20:20] [SUCCESS] bvid=BV11qD9BsEe7 已成功抓取全部所需数据。
[2026-04-16 02:20:25] [SUCCESS] bvid=BV14qD9BsE9G 已成功抓取全部所需数据。
[2026-04-16 02:20:37] [SUCCESS] bvid=BV1KBD9B9Eyd 已成功抓取全部所需数据。
[2026-04-16 02:20:42] [SUCCESS] bvid=BV14qD9BsEf5 已成功抓取全部所需数据。
[2026-04-16 02:20:47] [SUCCESS] bvid=BV1KBD9B9E6a 已成功抓取全部所需数据。
[2026-04-16 02:20:53] [SUCCESS] bvid=BV1KBD9B9Ezq 已成功抓取全部所需数据。
[2026-04-16 02:20:58] [SUCCESS] bvid=BV1sBD9B9EUt 已成功抓取全部所需数据。
[2026-04-16 02:21:04] [SUCCESS] bvid=BV1MeD9B4E8k 已成功抓取全部所需数据。
[2026-04-16 02:21:09] [SUCCESS] bvid=BV1G4D9BwEtQ 已成功抓取全部所需数据。
[2026-04-16 02:21:21] [SUCCESS] bvid=BV1PyD9BSE3r 已成功抓取全部所需数据。
[2026-04-16 02:21:26] [SUCCESS] bvid=BV1NrD9BQEEw 已成功抓取全部所需数据。
[2026-04-16 02:21:38] [SUCCESS] bvid=BV1PyD9BSEFe 已成功抓取全部所需数据。
[2026-04-16 02:21:43] [SUCCESS] bvid=BV1wyD9BSEF6 已成功抓取全部所需数据。
[2026-04-16 02:21:48] [SUCCESS] bvid=BV1P6D9BpEX7 已成功抓取全部所需数据。
[2026-04-16 02:21:53] [SUCCESS] bvid=BV1N6D9BpEzz 已成功抓取全部所需数据。
[2026-04-16 02:21:58] [SUCCESS] bvid=BV1PrD9BQE55 已成功抓取全部所需数据。
[2026-04-16 02:22:03] [SUCCESS] bvid=BV1K6D9BpEgp 已成功抓取全部所需数据。
[2026-04-16 02:22:08] [SUCCESS] bvid=BV1YUDpB1EBL 已成功抓取全部所需数据。
[2026-04-16 02:22:19] [SUCCESS] bvid=BV1EMDQBqEyC 已成功抓取全部所需数据。
[2026-04-16 02:22:25] [SUCCESS] bvid=BV1EoDyBSEny 已成功抓取全部所需数据。
[2026-04-16 02:22:30] [SUCCESS] bvid=BV1pfDDBkETX 已成功抓取全部所需数据。
[2026-04-16 02:22:41] [SUCCESS] bvid=BV1PrD9BQEwJ 已成功抓取全部所需数据。
[2026-04-16 02:22:46] [SUCCESS] bvid=BV1GsD9BYEub 已成功抓取全部所需数据。
[2026-04-16 02:22:51] [SUCCESS] bvid=BV1VsD9BYEwG 已成功抓取全部所需数据。
[2026-04-16 02:22:56] [SUCCESS] bvid=BV1YsD9BYE7b 已成功抓取全部所需数据。
[2026-04-16 02:23:08] [SUCCESS] bvid=BV1a4D9BwEoj 已成功抓取全部所需数据。
[2026-04-16 02:23:14] [SUCCESS] bvid=BV134D9BwEJr 已成功抓取全部所需数据。
[2026-04-16 02:23:19] [SUCCESS] bvid=BV1RHD9BvE4k 已成功抓取全部所需数据。
[2026-04-16 02:23:25] [SUCCESS] bvid=BV1G4D9BwEhT 已成功抓取全部所需数据。
[2026-04-16 02:23:31] [SUCCESS] bvid=BV1G4D9BwEnQ 已成功抓取全部所需数据。
[2026-04-16 02:23:36] [SUCCESS] bvid=BV1thD9BbE9d 已成功抓取全部所需数据。
[2026-04-16 02:23:42] [SUCCESS] bvid=BV15HD9BvEec 已成功抓取全部所需数据。
[2026-04-16 02:23:47] [SUCCESS] bvid=BV15HD9BvEq5 已成功抓取全部所需数据。
[2026-04-16 02:23:58] [SUCCESS] bvid=BV15HD9BvEj9 已成功抓取全部所需数据。
[2026-04-16 02:24:04] [SUCCESS] bvid=BV1VWD9BPEKz 已成功抓取全部所需数据。
[2026-04-16 02:24:09] [SUCCESS] bvid=BV1LVDQBAEUY 已成功抓取全部所需数据。
[2026-04-16 02:24:15] [SUCCESS] bvid=BV1VWD9BPEZs 已成功抓取全部所需数据。
[2026-04-16 02:24:20] [SUCCESS] bvid=BV1uhD9BbEwD 已成功抓取全部所需数据。
[2026-04-16 02:24:26] [SUCCESS] bvid=BV1DhD9BbEiz 已成功抓取全部所需数据。
[2026-04-16 02:24:31] [SUCCESS] bvid=BV1ghD9BbEGA 已成功抓取全部所需数据。
[2026-04-16 02:24:37] [SUCCESS] bvid=BV1baD9BZE9T 已成功抓取全部所需数据。
[2026-04-16 02:24:42] [SUCCESS] bvid=BV1atD9BhENK 已成功抓取全部所需数据。
[2026-04-16 02:24:48] [SUCCESS] bvid=BV1veDDBfEnK 已成功抓取全部所需数据。
[2026-04-16 02:24:53] [SUCCESS] bvid=BV1DtD9BhEtA 已成功抓取全部所需数据。
[2026-04-16 02:25:04] [SUCCESS] bvid=BV1VEDQBfEQN 已成功抓取全部所需数据。
[2026-04-16 02:25:09] [SUCCESS] bvid=BV1h8D9BFEnk 已成功抓取全部所需数据。
[2026-04-16 02:25:14] [SUCCESS] bvid=BV1h8D9BFEtb 已成功抓取全部所需数据。
[2026-04-16 02:25:19] [SUCCESS] bvid=BV1t2DDBDEL9 已成功抓取全部所需数据。
[2026-04-16 02:25:25] [SUCCESS] bvid=BV1b2DDBDEqu 已成功抓取全部所需数据。
[2026-04-16 02:25:30] [SUCCESS] bvid=BV1q8DDBaERC 已成功抓取全部所需数据。
[2026-04-16 02:25:35] [SUCCESS] bvid=BV1hkDDBWE1t 已成功抓取全部所需数据。
[2026-04-16 02:25:41] [SUCCESS] bvid=BV1hkDDBWENs 已成功抓取全部所需数据。
[2026-04-16 02:25:54] [SUCCESS] bvid=BV1hkDDBWE3u 已成功抓取全部所需数据。
[2026-04-16 02:25:59] [SUCCESS] bvid=BV1wsDCBXEqU 已成功抓取全部所需数据。
[2026-04-16 02:26:04] [SUCCESS] bvid=BV14QDDB7EG1 已成功抓取全部所需数据。
[2026-04-16 02:26:09] [SUCCESS] bvid=BV1gCDDB9Eoi 已成功抓取全部所需数据。
[2026-04-16 02:26:14] [SUCCESS] bvid=BV1BqQMBDEoH 已成功抓取全部所需数据。
[2026-04-16 02:26:20] [SUCCESS] bvid=BV1eeDDBfEi9 已成功抓取全部所需数据。
[2026-04-16 02:26:25] [SUCCESS] bvid=BV1hCDDBXEVd 已成功抓取全部所需数据。
[2026-04-16 02:26:43] [SUCCESS] bvid=BV18CDDBXEz2 已成功抓取全部所需数据。
[2026-04-16 02:26:48] [SUCCESS] bvid=BV1xQDDBEEYz 已成功抓取全部所需数据。
[2026-04-16 02:26:53] [SUCCESS] bvid=BV1KQDDBEESu 已成功抓取全部所需数据。
[2026-04-16 02:27:04] [SUCCESS] bvid=BV14QDDB7Es2 已成功抓取全部所需数据。
[2026-04-16 02:27:15] [SUCCESS] bvid=BV1tQDDB7EAn 已成功抓取全部所需数据。
[2026-04-16 02:27:20] [SUCCESS] bvid=BV1tUDDBJEFw 已成功抓取全部所需数据。
[2026-04-16 02:27:25] [SUCCESS] bvid=BV1bUDDBJEsP 已成功抓取全部所需数据。
[2026-04-16 02:27:31] [SUCCESS] bvid=BV1tQDDB7En4 已成功抓取全部所需数据。
[2026-04-16 02:27:36] [SUCCESS] bvid=BV1mQDDB7EYs 已成功抓取全部所需数据。
[2026-04-16 02:27:40] [SUCCESS] bvid=BV14QDDB7EUn 已成功抓取全部所需数据。
[2026-04-16 02:27:53] [SUCCESS] bvid=BV1xQDDB7EuB 已成功抓取全部所需数据。
[2026-04-16 02:27:58] [SUCCESS] bvid=BV12gDDBLELS 已成功抓取全部所需数据。
[2026-04-16 02:28:03] [SUCCESS] bvid=BV1TbDSB5E37 已成功抓取全部所需数据。
[2026-04-16 02:28:08] [SUCCESS] bvid=BV1fHDUBFE4h 已成功抓取全部所需数据。
[2026-04-16 02:28:14] [SUCCESS] bvid=BV1dwXvBpEF4 已成功抓取全部所需数据。
[2026-04-16 02:28:19] [SUCCESS] bvid=BV1xqDkBREgh 已成功抓取全部所需数据。
[2026-04-16 02:28:24] [SUCCESS] bvid=BV14XDDB2Exi 已成功抓取全部所需数据。
[2026-04-16 02:28:30] [SUCCESS] bvid=BV14XDDB2EVT 已成功抓取全部所需数据。
[2026-04-16 02:28:35] [SUCCESS] bvid=BV12XDDB2E2f 已成功抓取全部所需数据。
[2026-04-16 02:28:41] [SUCCESS] bvid=BV1xXDDB2EcE 已成功抓取全部所需数据。
[2026-04-16 02:28:46] [SUCCESS] bvid=BV14XDDB2ELY 已成功抓取全部所需数据。
[2026-04-16 02:28:58] [SUCCESS] bvid=BV1KXDDBmEXB 已成功抓取全部所需数据。
[2026-04-16 02:29:04] [SUCCESS] bvid=BV14XDDB2Ebq 已成功抓取全部所需数据。
[2026-04-16 02:29:10] [SUCCESS] bvid=BV11XDDB2Eyc 已成功抓取全部所需数据。
[2026-04-16 02:29:15] [SUCCESS] bvid=BV1mSDDBUEXV 已成功抓取全部所需数据。
[2026-04-16 02:29:27] [SUCCESS] bvid=BV1vYDDB8ELt 已成功抓取全部所需数据。
[2026-04-16 02:29:32] [SUCCESS] bvid=BV12SDDBUEJ4 已成功抓取全部所需数据。
[2026-04-16 02:29:38] [SUCCESS] bvid=BV12SDDBUEQ8 已成功抓取全部所需数据。
[2026-04-16 02:29:42] [SUCCESS] bvid=BV14SDDBUE41 已成功抓取全部所需数据。
[2026-04-16 02:29:48] [SUCCESS] bvid=BV1iaDDBcEVY 已成功抓取全部所需数据。
[2026-04-16 02:29:59] [SUCCESS] bvid=BV15vDDBFESX 已成功抓取全部所需数据。
[2026-04-16 02:30:05] [SUCCESS] bvid=BV1eeDDBfEbG 已成功抓取全部所需数据。
[2026-04-16 02:30:10] [SUCCESS] bvid=BV1eeDDBfEdV 已成功抓取全部所需数据。
[2026-04-16 02:30:21] [SUCCESS] bvid=BV1eeDDBfEc8 已成功抓取全部所需数据。
[2026-04-16 02:30:21] [INFO] 当前 batch_crawl 已完成，所有视频均已成功抓取。
[2026-04-16 02:30:21] 子任务结束时间：2026-04-16T02:30:21.656988
[TIMESTAMP][END] 2026-04-16T02:30:21
