[TIMESTAMP][BEGIN] 2026-04-16T03:34:13
[2026-04-16 03:34:20] 开始执行 CSV 批量抓取子任务 part_29。
[2026-04-16 03:34:20] 子任务开始时间：2026-04-16T03:34:13.057533
[2026-04-16 03:34:20] 输入文件：batch_input_29.csv
[2026-04-16 03:34:20] 输入唯一 bvid 数量：100
[2026-04-16 03:34:20] 为严格按 CSV 顺序判断连续失败阈值，本次任务自动将并发度从 2 调整为 1。
[2026-04-16 03:34:26] [SUCCESS] bvid=BV18FDtB9E2W 已成功抓取全部所需数据。
[2026-04-16 03:34:39] [SUCCESS] bvid=BV1FnQuBHEKk 已成功抓取全部所需数据。
[2026-04-16 03:34:44] [SUCCESS] bvid=BV1iVD7BNEB1 已成功抓取全部所需数据。
[2026-04-16 03:34:55] [SUCCESS] bvid=BV1eTQMB3E5H 已成功抓取全部所需数据。
[2026-04-16 03:35:07] [SUCCESS] bvid=BV1WsDCBXEpt 已成功抓取全部所需数据。
[2026-04-16 03:35:13] [SUCCESS] bvid=BV1geDyBiEs1 已成功抓取全部所需数据。
[2026-04-16 03:35:25] [SUCCESS] bvid=BV1cuDyBXErq 已成功抓取全部所需数据。
[2026-04-16 03:35:31] [SUCCESS] bvid=BV1wGD2BbEPS 已成功抓取全部所需数据。
[2026-04-16 03:35:44] [SUCCESS] bvid=BV1obDjBNEp7 已成功抓取全部所需数据。
[2026-04-16 03:35:55] [SUCCESS] bvid=BV1wjDUBeEZY 已成功抓取全部所需数据。
[2026-04-16 03:36:07] [SUCCESS] bvid=BV1zWQFBtEih 已成功抓取全部所需数据。
[2026-04-16 03:36:13] [SUCCESS] bvid=BV1zHDUBFE2k 已成功抓取全部所需数据。
[2026-04-16 03:36:19] [SUCCESS] bvid=BV1mTDUBzE38 已成功抓取全部所需数据。
[2026-04-16 03:36:24] [SUCCESS] bvid=BV1SqD2B3Eeq 已成功抓取全部所需数据。
[2026-04-16 03:36:30] [SUCCESS] bvid=BV1bkDUB1Efi 已成功抓取全部所需数据。
[2026-04-16 03:36:42] [SUCCESS] bvid=BV1yDDUBgERg 已成功抓取全部所需数据。
[2026-04-16 03:36:54] [SUCCESS] bvid=BV19SD1BVEDs 已成功抓取全部所需数据。
[2026-04-16 03:37:00] [SUCCESS] bvid=BV1DdD1BuEYf 已成功抓取全部所需数据。
[2026-04-16 03:37:06] [SUCCESS] bvid=BV1ZrD1BUEFB 已成功抓取全部所需数据。
[2026-04-16 03:37:12] [SUCCESS] bvid=BV1FLD2B4EEy 已成功抓取全部所需数据。
[2026-04-16 03:37:17] [SUCCESS] bvid=BV11ND2BAEgX 已成功抓取全部所需数据。
[2026-04-16 03:37:36] [SUCCESS] bvid=BV12CD2BTEQR 已成功抓取全部所需数据。
[2026-04-16 03:37:43] [SUCCESS] bvid=BV1YeD2BVEcJ 已成功抓取全部所需数据。
[2026-04-16 03:37:55] [SUCCESS] bvid=BV1egDmBUERt 已成功抓取全部所需数据。
[2026-04-16 03:38:01] [SUCCESS] bvid=BV1LKDmBHEtm 已成功抓取全部所需数据。
[2026-04-16 03:38:07] [SUCCESS] bvid=BV13GDmB7EU5 已成功抓取全部所需数据。
[2026-04-16 03:38:13] [SUCCESS] bvid=BV1JFDmBxE76 已成功抓取全部所需数据。
[2026-04-16 03:38:19] [SUCCESS] bvid=BV17FDmBxEve 已成功抓取全部所需数据。
[2026-04-16 03:38:25] [SUCCESS] bvid=BV1pdD2BFEcZ 已成功抓取全部所需数据。
[2026-04-16 03:38:36] [SUCCESS] bvid=BV1noD2BtE17 已成功抓取全部所需数据。
[2026-04-16 03:38:41] [SUCCESS] bvid=BV16oD2BtEMp 已成功抓取全部所需数据。
[2026-04-16 03:38:53] [SUCCESS] bvid=BV16GDyBSE1N 已成功抓取全部所需数据。
[2026-04-16 03:38:58] [SUCCESS] bvid=BV1kuDyBQE5N 已成功抓取全部所需数据。
[2026-04-16 03:39:05] [SUCCESS] bvid=BV1H3DyBHEPm 已成功抓取全部所需数据。
[2026-04-16 03:39:17] [SUCCESS] bvid=BV1H3DyBHE7f 已成功抓取全部所需数据。
[2026-04-16 03:39:23] [SUCCESS] bvid=BV1qEDyB1E2L 已成功抓取全部所需数据。
[2026-04-16 03:39:36] [SUCCESS] bvid=BV1inDyB5EUt 已成功抓取全部所需数据。
[2026-04-16 03:39:50] [SUCCESS] bvid=BV12FDyBZEbK 已成功抓取全部所需数据。
[2026-04-16 03:40:01] [SUCCESS] bvid=BV1mZDCBFErQ 已成功抓取全部所需数据。
[2026-04-16 03:40:07] [SUCCESS] bvid=BV1yADyBdExg 已成功抓取全部所需数据。
[2026-04-16 03:40:13] [SUCCESS] bvid=BV1pKDyBRE3V 已成功抓取全部所需数据。
[2026-04-16 03:40:20] [SUCCESS] bvid=BV1kMDyBpEjk 已成功抓取全部所需数据。
[2026-04-16 03:40:32] [SUCCESS] bvid=BV1pMDyBWESW 已成功抓取全部所需数据。
[2026-04-16 03:40:38] [SUCCESS] bvid=BV11ADyBdELh 已成功抓取全部所需数据。
[2026-04-16 03:40:44] [SUCCESS] bvid=BV14qDyBYEDT 已成功抓取全部所需数据。
[2026-04-16 03:40:56] [SUCCESS] bvid=BV11ADyBdEA5 已成功抓取全部所需数据。
[2026-04-16 03:41:08] [SUCCESS] bvid=BV1NADyBoEnP 已成功抓取全部所需数据。
[2026-04-16 03:41:15] [SUCCESS] bvid=BV1CADyBdEBR 已成功抓取全部所需数据。
[2026-04-16 03:41:28] [SUCCESS] bvid=BV1UqDyBYEnH 已成功抓取全部所需数据。
[2026-04-16 03:41:40] [SUCCESS] bvid=BV1RMD1BGEgL 已成功抓取全部所需数据。
[2026-04-16 03:41:46] [SUCCESS] bvid=BV1k8QMBxEb9 已成功抓取全部所需数据。
[2026-04-16 03:41:51] [SUCCESS] bvid=BV1xZDrBnE3G 已成功抓取全部所需数据。
[2026-04-16 03:41:57] [SUCCESS] bvid=BV1UzDyBwEnD 已成功抓取全部所需数据。
[2026-04-16 03:42:09] [SUCCESS] bvid=BV14qDyBYE9X 已成功抓取全部所需数据。
[2026-04-16 03:42:15] [SUCCESS] bvid=BV12zDyBwE6T 已成功抓取全部所需数据。
[2026-04-16 03:42:27] [SUCCESS] bvid=BV1teDyBvE2A 已成功抓取全部所需数据。
[2026-04-16 03:42:39] [SUCCESS] bvid=BV18eDyBvEKh 已成功抓取全部所需数据。
[2026-04-16 03:42:50] [SUCCESS] bvid=BV1heDyBvEcV 已成功抓取全部所需数据。
[2026-04-16 03:42:57] [SUCCESS] bvid=BV1SeDyBvEPn 已成功抓取全部所需数据。
[2026-04-16 03:43:02] [SUCCESS] bvid=BV1biDyBPEqx 已成功抓取全部所需数据。
[2026-04-16 03:43:08] [SUCCESS] bvid=BV1sCDyBbEFz 已成功抓取全部所需数据。
[2026-04-16 03:43:14] [SUCCESS] bvid=BV1m6DyBhEJQ 已成功抓取全部所需数据。
[2026-04-16 03:43:20] [SUCCESS] bvid=BV146DyBhEmL 已成功抓取全部所需数据。
[2026-04-16 03:43:32] [SUCCESS] bvid=BV14kDyBFE5u 已成功抓取全部所需数据。
[2026-04-16 03:43:38] [SUCCESS] bvid=BV1eQDsBHE7r 已成功抓取全部所需数据。
[2026-04-16 03:43:44] [SUCCESS] bvid=BV1vHDyBCEFM 已成功抓取全部所需数据。
[2026-04-16 03:43:56] [SUCCESS] bvid=BV1Y4DyB3Evj 已成功抓取全部所需数据。
[2026-04-16 03:44:09] [SUCCESS] bvid=BV1X4DyBgEB4 已成功抓取全部所需数据。
[2026-04-16 03:44:28] [SUCCESS] bvid=BV1vHDyBCEDW 已成功抓取全部所需数据。
[2026-04-16 03:44:40] [SUCCESS] bvid=BV15WDyBVE7j 已成功抓取全部所需数据。
[2026-04-16 03:44:46] [SUCCESS] bvid=BV1hYDyBKEyv 已成功抓取全部所需数据。
[2026-04-16 03:44:52] [SUCCESS] bvid=BV1pCDkBDEUG 已成功抓取全部所需数据。
[2026-04-16 03:44:59] [SUCCESS] bvid=BV1hYDyBKELY 已成功抓取全部所需数据。
[2026-04-16 03:45:05] [SUCCESS] bvid=BV1XtDyBzEzD 已成功抓取全部所需数据。
[2026-04-16 03:45:11] [SUCCESS] bvid=BV1GtDyB6EhG 已成功抓取全部所需数据。
[2026-04-16 03:45:23] [SUCCESS] bvid=BV1X8DyBMEJE 已成功抓取全部所需数据。
[2026-04-16 03:45:35] [SUCCESS] bvid=BV13uD1BrEQr 已成功抓取全部所需数据。
[2026-04-16 03:45:47] [SUCCESS] bvid=BV1h8DyBMExq 已成功抓取全部所需数据。
[2026-04-16 03:45:52] [SUCCESS] bvid=BV1qfDyBEEvb 已成功抓取全部所需数据。
[2026-04-16 03:45:58] [SUCCESS] bvid=BV1D8DyBMEtY 已成功抓取全部所需数据。
[2026-04-16 03:46:10] [SUCCESS] bvid=BV1LwD1BjE7m 已成功抓取全部所需数据。
[2026-04-16 03:46:22] [SUCCESS] bvid=BV1LAD1B1EZt 已成功抓取全部所需数据。
[2026-04-16 03:46:28] [SUCCESS] bvid=BV17wD1B7EFa 已成功抓取全部所需数据。
[2026-04-16 03:46:33] [SUCCESS] bvid=BV1jAD1B1EHn 已成功抓取全部所需数据。
[2026-04-16 03:46:39] [SUCCESS] bvid=BV1LAD1B1E95 已成功抓取全部所需数据。
[2026-04-16 03:46:51] [SUCCESS] bvid=BV17fDyBEEvE 已成功抓取全部所需数据。
[2026-04-16 03:47:04] [SUCCESS] bvid=BV1qfDyBEEQz 已成功抓取全部所需数据。
[2026-04-16 03:47:10] [SUCCESS] bvid=BV17FD1BmEq2 已成功抓取全部所需数据。
[2026-04-16 03:47:16] [SUCCESS] bvid=BV1ZFD1BmEBs 已成功抓取全部所需数据。
[2026-04-16 03:47:22] [SUCCESS] bvid=BV1VMD1BGER9 已成功抓取全部所需数据。
[2026-04-16 03:47:33] [SUCCESS] bvid=BV1LND1B5EqR 已成功抓取全部所需数据。
[2026-04-16 03:47:40] [SUCCESS] bvid=BV1pSDyBsEjL 已成功抓取全部所需数据。
[2026-04-16 03:47:52] [SUCCESS] bvid=BV1RKD1BCE3N 已成功抓取全部所需数据。
[2026-04-16 03:47:57] [SUCCESS] bvid=BV15KD1BCEVe 已成功抓取全部所需数据。
[2026-04-16 03:48:10] [SUCCESS] bvid=BV1HSDyBsEGr 已成功抓取全部所需数据。
[2026-04-16 03:48:16] [SUCCESS] bvid=BV1VKD1BCEfY 已成功抓取全部所需数据。
[2026-04-16 03:48:27] [SUCCESS] bvid=BV15KD1BCEcT 已成功抓取全部所需数据。
[2026-04-16 03:48:39] [SUCCESS] bvid=BV1VKD1BCE8m 已成功抓取全部所需数据。
[2026-04-16 03:48:45] [SUCCESS] bvid=BV1HmDyBdEXm 已成功抓取全部所需数据。
[2026-04-16 03:48:51] [SUCCESS] bvid=BV1p2DyB4EPo 已成功抓取全部所需数据。
[2026-04-16 03:48:51] [INFO] 当前 batch_crawl 已完成，所有视频均已成功抓取。
[2026-04-16 03:48:51] 子任务结束时间：2026-04-16T03:48:51.339040
[TIMESTAMP][END] 2026-04-16T03:48:51
