[TIMESTAMP][BEGIN] 2026-04-16T01:45:28
[2026-04-16 01:45:30] 开始执行 CSV 批量抓取子任务 part_21。
[2026-04-16 01:45:30] 子任务开始时间：2026-04-16T01:45:28.637252
[2026-04-16 01:45:30] 输入文件：batch_input_21.csv
[2026-04-16 01:45:30] 输入唯一 bvid 数量：100
[2026-04-16 01:45:30] 为严格按 CSV 顺序判断连续失败阈值，本次任务自动将并发度从 2 调整为 1。
[2026-04-16 01:45:36] [SUCCESS] bvid=BV1MxQWB5Ey8 已成功抓取全部所需数据。
[2026-04-16 01:45:42] [SUCCESS] bvid=BV1K8QWBrEtN 已成功抓取全部所需数据。
[2026-04-16 01:45:48] [SUCCESS] bvid=BV1K8QWBrEoP 已成功抓取全部所需数据。
[2026-04-16 01:45:55] [SUCCESS] bvid=BV1K8QWBrEd2 已成功抓取全部所需数据。
[2026-04-16 01:46:00] [SUCCESS] bvid=BV1tgQsB5E5m 已成功抓取全部所需数据。
[2026-04-16 01:46:05] [SUCCESS] bvid=BV1mgQsBVExC 已成功抓取全部所需数据。
[2026-04-16 01:46:11] [SUCCESS] bvid=BV1K3QsBCEvP 已成功抓取全部所需数据。
[2026-04-16 01:46:16] [SUCCESS] bvid=BV1STQsBLE7d 已成功抓取全部所需数据。
[2026-04-16 01:46:22] [SUCCESS] bvid=BV1SMQsByE5q 已成功抓取全部所需数据。
[2026-04-16 01:46:27] [SUCCESS] bvid=BV19dQWBXEDe 已成功抓取全部所需数据。
[2026-04-16 01:46:33] [SUCCESS] bvid=BV1dwDRBTEFv 已成功抓取全部所需数据。
[2026-04-16 01:46:45] [SUCCESS] bvid=BV1qBDRBkEQn 已成功抓取全部所需数据。
[2026-04-16 01:46:50] [SUCCESS] bvid=BV1fDD9ByETn 已成功抓取全部所需数据。
[2026-04-16 01:46:57] [SUCCESS] bvid=BV1cmD9BmE4Q 已成功抓取全部所需数据。
[2026-04-16 01:47:10] [SUCCESS] bvid=BV1rtDRBJE7s 已成功抓取全部所需数据。
[2026-04-16 01:47:16] [SUCCESS] bvid=BV1mLDRBtE91 已成功抓取全部所需数据。
[2026-04-16 01:47:22] [SUCCESS] bvid=BV1faDRB2EfG 已成功抓取全部所需数据。
[2026-04-16 01:47:34] [SUCCESS] bvid=BV1S3DRBcErr 已成功抓取全部所需数据。
[2026-04-16 01:47:46] [SUCCESS] bvid=BV1gGDRBhEjc 已成功抓取全部所需数据。
[2026-04-16 01:47:51] [SUCCESS] bvid=BV1SGDRB8Ee6 已成功抓取全部所需数据。
[2026-04-16 01:48:04] [SUCCESS] bvid=BV1UoDRB8EpW 已成功抓取全部所需数据。
[2026-04-16 01:48:16] [SUCCESS] bvid=BV14ZDRBfETD 已成功抓取全部所需数据。
[2026-04-16 01:48:21] [SUCCESS] bvid=BV1jBDRBCEHc 已成功抓取全部所需数据。
[2026-04-16 01:48:27] [SUCCESS] bvid=BV1iBDRBkEx2 已成功抓取全部所需数据。
[2026-04-16 01:48:38] [SUCCESS] bvid=BV1i6DRB3EcA 已成功抓取全部所需数据。
[2026-04-16 01:48:44] [SUCCESS] bvid=BV1o6DRB3Eay 已成功抓取全部所需数据。
[2026-04-16 01:48:50] [SUCCESS] bvid=BV1qvDRByEDy 已成功抓取全部所需数据。
[2026-04-16 01:49:01] [SUCCESS] bvid=BV1YyDRBBEQB 已成功抓取全部所需数据。
[2026-04-16 01:49:07] [SUCCESS] bvid=BV1Y2DRBTEhD 已成功抓取全部所需数据。
[2026-04-16 01:49:12] [SUCCESS] bvid=BV1RCDRBuEGQ 已成功抓取全部所需数据。
[2026-04-16 01:49:17] [SUCCESS] bvid=BV11cDdBoEJj 已成功抓取全部所需数据。
[2026-04-16 01:49:25] [SUCCESS] bvid=BV1EjDdB2Eaf 已成功抓取全部所需数据。
[2026-04-16 01:49:30] [SUCCESS] bvid=BV1EjDdB2E27 已成功抓取全部所需数据。
[2026-04-16 01:49:36] [SUCCESS] bvid=BV1vpDdBkEe6 已成功抓取全部所需数据。
[2026-04-16 01:49:42] [SUCCESS] bvid=BV1oEDdBLEYS 已成功抓取全部所需数据。
[2026-04-16 01:49:47] [SUCCESS] bvid=BV1jJDdByE1f 已成功抓取全部所需数据。
[2026-04-16 01:49:53] [SUCCESS] bvid=BV1sPDdBREJu 已成功抓取全部所需数据。
[2026-04-16 01:49:58] [SUCCESS] bvid=BV1xcDdBoEM6 已成功抓取全部所需数据。
[2026-04-16 01:50:10] [SUCCESS] bvid=BV1HgDdBDEWx 已成功抓取全部所需数据。
[2026-04-16 01:50:21] [SUCCESS] bvid=BV1WKDdBWEmJ 已成功抓取全部所需数据。
[2026-04-16 01:50:33] [SUCCESS] bvid=BV1uuDXBREX9 已成功抓取全部所需数据。
[2026-04-16 01:50:39] [SUCCESS] bvid=BV1WKDdBWEx3 已成功抓取全部所需数据。
[2026-04-16 01:50:52] [SUCCESS] bvid=BV1yKDdBWE3c 已成功抓取全部所需数据。
[2026-04-16 01:50:58] [SUCCESS] bvid=BV1rfDDBkEfv 已成功抓取全部所需数据。
[2026-04-16 01:51:03] [SUCCESS] bvid=BV1XDDpB5EWC 已成功抓取全部所需数据。
[2026-04-16 01:51:09] [SUCCESS] bvid=BV1y5QwBGEez 已成功抓取全部所需数据。
[2026-04-16 01:51:28] [SUCCESS] bvid=BV1wWDXBLEYf 已成功抓取全部所需数据。
[2026-04-16 01:51:40] [SUCCESS] bvid=BV1pTDdBXEfS 已成功抓取全部所需数据。
[2026-04-16 01:51:52] [SUCCESS] bvid=BV1rWDXB5ES4 已成功抓取全部所需数据。
[2026-04-16 01:52:10] [SUCCESS] bvid=BV1ynDXBjEEc 已成功抓取全部所需数据。
[2026-04-16 01:52:22] [SUCCESS] bvid=BV1CHDXB1EBs 已成功抓取全部所需数据。
[2026-04-16 01:52:40] [SUCCESS] bvid=BV1z8DXBgEo2 已成功抓取全部所需数据。
[2026-04-16 01:52:45] [SUCCESS] bvid=BV1BhDXBzEAr 已成功抓取全部所需数据。
[2026-04-16 01:52:57] [SUCCESS] bvid=BV1BtDXBrE9W 已成功抓取全部所需数据。
[2026-04-16 01:53:03] [SUCCESS] bvid=BV1rtDXBrEPY 已成功抓取全部所需数据。
[2026-04-16 01:53:10] [SUCCESS] bvid=BV1JtDXBkE4H 已成功抓取全部所需数据。
[2026-04-16 01:53:22] [SUCCESS] bvid=BV1JtDXBkEWQ 已成功抓取全部所需数据。
[2026-04-16 01:53:39] [SUCCESS] bvid=BV1rtDXBrEK1 已成功抓取全部所需数据。
[2026-04-16 01:53:45] [SUCCESS] bvid=BV1ztDXBrEhX 已成功抓取全部所需数据。
[2026-04-16 01:53:56] [SUCCESS] bvid=BV1mGDXBQEo7 已成功抓取全部所需数据。
[2026-04-16 01:54:08] [SUCCESS] bvid=BV12GDXBQEZt 已成功抓取全部所需数据。
[2026-04-16 01:54:21] [SUCCESS] bvid=BV1U3DXBpEqP 已成功抓取全部所需数据。
[2026-04-16 02:04:33] [SUCCESS] bvid=BV1TGDXBXE4W 已成功抓取全部所需数据。
[2026-04-16 02:04:45] [SUCCESS] bvid=BV1DMDXBsETY 已成功抓取全部所需数据。
[2026-04-16 02:04:51] [SUCCESS] bvid=BV1mGDXBQEuD 已成功抓取全部所需数据。
[2026-04-16 02:04:56] [SUCCESS] bvid=BV1MGDXBXE4d 已成功抓取全部所需数据。
[2026-04-16 02:05:08] [SUCCESS] bvid=BV1mGDXBQESw 已成功抓取全部所需数据。
[2026-04-16 02:05:14] [SUCCESS] bvid=BV1SMDXBsEXZ 已成功抓取全部所需数据。
[2026-04-16 02:05:20] [SUCCESS] bvid=BV1sEDXBUE6t 已成功抓取全部所需数据。
[2026-04-16 02:05:26] [SUCCESS] bvid=BV127DXBEEN2 已成功抓取全部所需数据。
[2026-04-16 02:05:32] [SUCCESS] bvid=BV1SuDXB9E7z 已成功抓取全部所需数据。
[2026-04-16 02:05:43] [SUCCESS] bvid=BV1UuDXB9EWi 已成功抓取全部所需数据。
[2026-04-16 02:05:49] [SUCCESS] bvid=BV1SuDXB9E74 已成功抓取全部所需数据。
[2026-04-16 02:05:55] [SUCCESS] bvid=BV1tuDXBREfP 已成功抓取全部所需数据。
[2026-04-16 02:06:01] [SUCCESS] bvid=BV125DXBnEjA 已成功抓取全部所需数据。
[2026-04-16 02:06:06] [SUCCESS] bvid=BV1TLDXBDEF7 已成功抓取全部所需数据。
[2026-04-16 02:06:18] [SUCCESS] bvid=BV1bDDXBdEiM 已成功抓取全部所需数据。
[2026-04-16 02:06:24] [SUCCESS] bvid=BV1QzDDBxEf3 已成功抓取全部所需数据。
[2026-04-16 02:06:29] [SUCCESS] bvid=BV1nMD9B5Ebe 已成功抓取全部所需数据。
[2026-04-16 02:06:35] [SUCCESS] bvid=BV1m5DXBnEjs 已成功抓取全部所需数据。
[2026-04-16 02:06:40] [SUCCESS] bvid=BV12LDXBSEkJ 已成功抓取全部所需数据。
[2026-04-16 02:06:47] [SUCCESS] bvid=BV11EDXBmEwU 已成功抓取全部所需数据。
[2026-04-16 02:06:52] [SUCCESS] bvid=BV1m5DXBnEat 已成功抓取全部所需数据。
[2026-04-16 02:06:57] [SUCCESS] bvid=BV11LDXBSEKD 已成功抓取全部所需数据。
[2026-04-16 02:07:03] [SUCCESS] bvid=BV1bSDXB4Ee7 已成功抓取全部所需数据。
[2026-04-16 02:07:08] [SUCCESS] bvid=BV1bSDXB4EjT 已成功抓取全部所需数据。
[2026-04-16 02:07:14] [SUCCESS] bvid=BV1UXDXBsEkh 已成功抓取全部所需数据。
[2026-04-16 02:07:19] [SUCCESS] bvid=BV1gSDXBtEth 已成功抓取全部所需数据。
[2026-04-16 02:07:25] [SUCCESS] bvid=BV18SDXB4En3 已成功抓取全部所需数据。
[2026-04-16 02:07:29] [SUCCESS] bvid=BV1Y1DXBFEu1 已成功抓取全部所需数据。
[2026-04-16 02:07:35] [SUCCESS] bvid=BV1bSDXB4Eq7 已成功抓取全部所需数据。
[2026-04-16 02:07:40] [SUCCESS] bvid=BV1D1DXBFEts 已成功抓取全部所需数据。
[2026-04-16 02:07:46] [SUCCESS] bvid=BV1h2DXBbEfe 已成功抓取全部所需数据。
[2026-04-16 02:07:52] [SUCCESS] bvid=BV1h1DXBFE1B 已成功抓取全部所需数据。
[2026-04-16 02:07:57] [SUCCESS] bvid=BV1Q1DXBFEF6 已成功抓取全部所需数据。
[2026-04-16 02:08:02] [SUCCESS] bvid=BV1Q2DXBbEBV 已成功抓取全部所需数据。
[2026-04-16 02:08:08] [SUCCESS] bvid=BV1a2DXBbENh 已成功抓取全部所需数据。
[2026-04-16 02:08:14] [SUCCESS] bvid=BV182DXBbE91 已成功抓取全部所需数据。
[2026-04-16 02:08:20] [SUCCESS] bvid=BV1xdDXBpEWL 已成功抓取全部所需数据。
[2026-04-16 02:08:25] [SUCCESS] bvid=BV1bDDXBdEpe 已成功抓取全部所需数据。
[2026-04-16 02:08:25] [INFO] 当前 batch_crawl 已完成，所有视频均已成功抓取。
[2026-04-16 02:08:25] 子任务结束时间：2026-04-16T02:08:25.827862
[TIMESTAMP][END] 2026-04-16T02:08:25
