[TIMESTAMP][BEGIN] 2026-04-15T21:57:03
[2026-04-15 21:57:06] 开始执行 CSV 批量抓取子任务 part_4。
[2026-04-15 21:57:06] 子任务开始时间：2026-04-15T21:57:03.835952
[2026-04-15 21:57:06] 输入文件：batch_input_4.csv
[2026-04-15 21:57:06] 输入唯一 bvid 数量：100
[2026-04-15 21:57:06] 为严格按 CSV 顺序判断连续失败阈值，本次任务自动将并发度从 2 调整为 1。
[2026-04-15 21:57:12] [SUCCESS] bvid=BV1Q6Q3BLE4U 已成功抓取全部所需数据。
[2026-04-15 21:57:19] [SUCCESS] bvid=BV1eFQLBFE4Q 已成功抓取全部所需数据。
[2026-04-15 21:57:32] [SUCCESS] bvid=BV1tsQGBLE6Y 已成功抓取全部所需数据。
[2026-04-15 21:57:38] [SUCCESS] bvid=BV1AfQ3BPENB 已成功抓取全部所需数据。
[2026-04-15 21:57:49] [SUCCESS] bvid=BV1kSDyBsEpj 已成功抓取全部所需数据。
[2026-04-15 21:57:55] [SUCCESS] bvid=BV13NQLBdEAs 已成功抓取全部所需数据。
[2026-04-15 21:58:07] [SUCCESS] bvid=BV1DCQ3BVEgX 已成功抓取全部所需数据。
[2026-04-15 21:58:20] [SUCCESS] bvid=BV1WrQ5BGEEN 已成功抓取全部所需数据。
[2026-04-15 21:58:38] [SUCCESS] bvid=BV1SHQGB7EBV 已成功抓取全部所需数据。
[2026-04-15 21:58:44] [SUCCESS] bvid=BV1c8Q7B7EGU 已成功抓取全部所需数据。
[2026-04-15 21:59:01] [SUCCESS] bvid=BV1c8Q7B7EjQ 已成功抓取全部所需数据。
[2026-04-15 21:59:07] [SUCCESS] bvid=BV1c8Q7B7EEh 已成功抓取全部所需数据。
[2026-04-15 21:59:23] [SUCCESS] bvid=BV1c8Q7B7Epn 已成功抓取全部所需数据。
[2026-04-15 21:59:29] [SUCCESS] bvid=BV1c8Q7B7EYD 已成功抓取全部所需数据。
[2026-04-15 21:59:47] [SUCCESS] bvid=BV1c8Q7B7EDZ 已成功抓取全部所需数据。
[2026-04-15 21:59:53] [SUCCESS] bvid=BV1n8Q7B7ESt 已成功抓取全部所需数据。
[2026-04-15 22:00:04] [SUCCESS] bvid=BV1c8Q7B7EBS 已成功抓取全部所需数据。
[2026-04-15 22:00:11] [SUCCESS] bvid=BV1oqQ7BrEku 已成功抓取全部所需数据。
[2026-04-15 22:00:18] [SUCCESS] bvid=BV1oqQ7BrERf 已成功抓取全部所需数据。
[2026-04-15 22:00:36] [SUCCESS] bvid=BV1ZqQ7BkEAf 已成功抓取全部所需数据。
[2026-04-15 22:00:48] [SUCCESS] bvid=BV1oqQ7BrECV 已成功抓取全部所需数据。
[2026-04-15 22:00:55] [SUCCESS] bvid=BV17qQ7BkEMq 已成功抓取全部所需数据。
[2026-04-15 22:01:01] [SUCCESS] bvid=BV1oqQ7BrEoG 已成功抓取全部所需数据。
[2026-04-15 22:01:07] [SUCCESS] bvid=BV1sHQ7BXE1X 已成功抓取全部所需数据。
[2026-04-15 22:01:19] [SUCCESS] bvid=BV1BzQ7B3E6X 已成功抓取全部所需数据。
[2026-04-15 22:01:25] [SUCCESS] bvid=BV1neQ7ByEFD 已成功抓取全部所需数据。
[2026-04-15 22:01:32] [SUCCESS] bvid=BV1JiQ7BVEPM 已成功抓取全部所需数据。
[2026-04-15 22:01:38] [SUCCESS] bvid=BV1fiQ7BGE5T 已成功抓取全部所需数据。
[2026-04-15 22:01:50] [SUCCESS] bvid=BV1MLQ7BoEEg 已成功抓取全部所需数据。
[2026-04-15 22:01:55] [SUCCESS] bvid=BV1xnQ7BWEQr 已成功抓取全部所需数据。
[2026-04-15 22:02:01] [SUCCESS] bvid=BV1NnQ7BWEBp 已成功抓取全部所需数据。
[2026-04-15 22:02:07] [SUCCESS] bvid=BV1JCQGBAEz8 已成功抓取全部所需数据。
[2026-04-15 22:02:13] [SUCCESS] bvid=BV11nDCBxE8X 已成功抓取全部所需数据。
[2026-04-15 22:02:26] [SUCCESS] bvid=BV1PYQgBAED2 已成功抓取全部所需数据。
[2026-04-15 22:02:39] [SUCCESS] bvid=BV1UWQgBMEBm 已成功抓取全部所需数据。
[2026-04-15 22:02:44] [SUCCESS] bvid=BV1k4Q7BJE6R 已成功抓取全部所需数据。
[2026-04-15 22:02:50] [SUCCESS] bvid=BV1uLQ7BoEAk 已成功抓取全部所需数据。
[2026-04-15 22:02:56] [SUCCESS] bvid=BV1uLQ7BZE4L 已成功抓取全部所需数据。
[2026-04-15 22:03:01] [SUCCESS] bvid=BV1t7Q7BxEyK 已成功抓取全部所需数据。
[2026-04-15 22:03:07] [SUCCESS] bvid=BV1bLQ7BoE8X 已成功抓取全部所需数据。
[2026-04-15 22:03:14] [SUCCESS] bvid=BV1b7Q7BxEGq 已成功抓取全部所需数据。
[2026-04-15 22:03:20] [SUCCESS] bvid=BV1M7Q7BxEwf 已成功抓取全部所需数据。
[2026-04-15 22:03:25] [SUCCESS] bvid=BV1T7Q7BxEeZ 已成功抓取全部所需数据。
[2026-04-15 22:03:32] [SUCCESS] bvid=BV147Q7BxEcw 已成功抓取全部所需数据。
[2026-04-15 22:03:43] [SUCCESS] bvid=BV1ssQ7BDEgd 已成功抓取全部所需数据。
[2026-04-15 22:03:50] [SUCCESS] bvid=BV1P4Q7BJEsK 已成功抓取全部所需数据。
[2026-04-15 22:03:56] [SUCCESS] bvid=BV1nmQ5BMEvo 已成功抓取全部所需数据。
[2026-04-15 22:04:03] [SUCCESS] bvid=BV1wkQ5BkEdd 已成功抓取全部所需数据。
[2026-04-15 22:04:09] [SUCCESS] bvid=BV11HQ7BXEXn 已成功抓取全部所需数据。
[2026-04-15 22:04:22] [SUCCESS] bvid=BV1PWQ7BHEtm 已成功抓取全部所需数据。
[2026-04-15 22:04:29] [SUCCESS] bvid=BV1PWQ7BHEgV 已成功抓取全部所需数据。
[2026-04-15 22:04:35] [SUCCESS] bvid=BV1uMQLB9Esc 已成功抓取全部所需数据。
[2026-04-15 22:04:41] [SUCCESS] bvid=BV19hQuBCErh 已成功抓取全部所需数据。
[2026-04-15 22:04:54] [SUCCESS] bvid=BV1szQ5BCE66 已成功抓取全部所需数据。
[2026-04-15 22:05:05] [SUCCESS] bvid=BV1NWQ7BHEGx 已成功抓取全部所需数据。
[2026-04-15 22:05:24] [SUCCESS] bvid=BV1szQ5BCEa7 已成功抓取全部所需数据。
[2026-04-15 22:05:30] [SUCCESS] bvid=BV1pzQ5BCE8y 已成功抓取全部所需数据。
[2026-04-15 22:05:36] [SUCCESS] bvid=BV1yzQ5BCEPV 已成功抓取全部所需数据。
[2026-04-15 22:05:42] [SUCCESS] bvid=BV1WzQ5BCEeh 已成功抓取全部所需数据。
[2026-04-15 22:05:48] [SUCCESS] bvid=BV1Q6QsBXERR 已成功抓取全部所需数据。
[2026-04-15 22:06:00] [SUCCESS] bvid=BV1tbQGBkE5J 已成功抓取全部所需数据。
[2026-04-15 22:12:04] [SUCCESS] bvid=BV1woQ3BvEq6 已成功抓取全部所需数据。
[2026-04-15 22:12:10] [SUCCESS] bvid=BV1yrQ5BGExf 已成功抓取全部所需数据。
[2026-04-15 22:12:17] [SUCCESS] bvid=BV1yrQ5BGEgK 已成功抓取全部所需数据。
[2026-04-15 22:12:24] [SUCCESS] bvid=BV1yrQ5BGEcp 已成功抓取全部所需数据。
[2026-04-15 22:12:37] [SUCCESS] bvid=BV1NiQ5B2ED6 已成功抓取全部所需数据。
[2026-04-15 22:12:43] [SUCCESS] bvid=BV1QxQ5BpEGj 已成功抓取全部所需数据。
[2026-04-15 22:12:56] [SUCCESS] bvid=BV1PBQ5BLECc 已成功抓取全部所需数据。
[2026-04-15 22:13:02] [SUCCESS] bvid=BV1xBQ5B5ELp 已成功抓取全部所需数据。
[2026-04-15 22:13:09] [SUCCESS] bvid=BV1WBQ5B5EfE 已成功抓取全部所需数据。
[2026-04-15 22:13:16] [SUCCESS] bvid=BV1JmQ5BMECj 已成功抓取全部所需数据。
[2026-04-15 22:13:23] [SUCCESS] bvid=BV1sBQ5B5EfD 已成功抓取全部所需数据。
[2026-04-15 22:13:30] [SUCCESS] bvid=BV1H1Q5BzEhK 已成功抓取全部所需数据。
[2026-04-15 22:13:37] [SUCCESS] bvid=BV1n1Q5BzE9S 已成功抓取全部所需数据。
[2026-04-15 22:13:49] [SUCCESS] bvid=BV1H1Q5BzEhM 已成功抓取全部所需数据。
[2026-04-15 22:13:55] [SUCCESS] bvid=BV1nmQ5BMEeS 已成功抓取全部所需数据。
[2026-04-15 22:14:08] [SUCCESS] bvid=BV1EmQ5BMEdK 已成功抓取全部所需数据。
[2026-04-15 22:14:15] [SUCCESS] bvid=BV1HmQ5BMET9 已成功抓取全部所需数据。
[2026-04-15 22:14:21] [SUCCESS] bvid=BV1wkQ5BkEqG 已成功抓取全部所需数据。
[2026-04-15 22:14:27] [SUCCESS] bvid=BV1kkQ5BrENN 已成功抓取全部所需数据。
[2026-04-15 22:14:34] [SUCCESS] bvid=BV1kkQ5BrEBF 已成功抓取全部所需数据。
[2026-04-15 22:14:40] [SUCCESS] bvid=BV1kkQ5BrEKZ 已成功抓取全部所需数据。
[2026-04-15 22:14:46] [SUCCESS] bvid=BV1CkQ5BrEVM 已成功抓取全部所需数据。
[2026-04-15 22:14:52] [SUCCESS] bvid=BV1HyQ5BgENR 已成功抓取全部所需数据。
[2026-04-15 22:15:00] [SUCCESS] bvid=BV1NJQLBjEhX 已成功抓取全部所需数据。
[2026-04-15 22:15:13] [SUCCESS] bvid=BV19jQ5BbE12 已成功抓取全部所需数据。
[2026-04-15 22:15:20] [SUCCESS] bvid=BV1r6QGBNEcF 已成功抓取全部所需数据。
[2026-04-15 22:15:33] [SUCCESS] bvid=BV1oKQgBSENh 已成功抓取全部所需数据。
[2026-04-15 22:15:40] [SUCCESS] bvid=BV184Q5BQE1o 已成功抓取全部所需数据。
[2026-04-15 22:15:52] [SUCCESS] bvid=BV1g4Q5BXEQ2 已成功抓取全部所需数据。
[2026-04-15 22:16:10] [SUCCESS] bvid=BV1D4Q5BQEt7 已成功抓取全部所需数据。
[2026-04-15 22:16:17] [SUCCESS] bvid=BV1aWQ5B9EsJ 已成功抓取全部所需数据。
[2026-04-15 22:16:23] [SUCCESS] bvid=BV1YWQ5BREg5 已成功抓取全部所需数据。
[2026-04-15 22:16:30] [SUCCESS] bvid=BV13WQ5BREMB 已成功抓取全部所需数据。
[2026-04-15 22:16:47] [SUCCESS] bvid=BV1axQ5BpEgJ 已成功抓取全部所需数据。
[2026-04-15 22:16:54] [SUCCESS] bvid=BV1tYQ5BmEuF 已成功抓取全部所需数据。
[2026-04-15 22:17:06] [SUCCESS] bvid=BV1xgQeBNEnD 已成功抓取全部所需数据。
[2026-04-15 22:17:12] [SUCCESS] bvid=BV1MgQLBpEuL 已成功抓取全部所需数据。
[2026-04-15 22:17:25] [SUCCESS] bvid=BV14vQ5BjEx2 已成功抓取全部所需数据。
[2026-04-15 22:17:31] [SUCCESS] bvid=BV1kqQGBTEdY 已成功抓取全部所需数据。
[2026-04-15 22:17:31] [INFO] 当前 batch_crawl 已完成，所有视频均已成功抓取。
[2026-04-15 22:17:31] 子任务结束时间：2026-04-15T22:17:31.907674
[TIMESTAMP][END] 2026-04-15T22:17:31
