[TIMESTAMP][BEGIN] 2026-04-16T06:23:42
[2026-04-16 06:23:44] 开始执行 CSV 批量抓取子任务 part_43。
[2026-04-16 06:23:44] 子任务开始时间：2026-04-16T06:23:42.005425
[2026-04-16 06:23:44] 输入文件：batch_input_43.csv
[2026-04-16 06:23:44] 输入唯一 bvid 数量：100
[2026-04-16 06:23:44] 为严格按 CSV 顺序判断连续失败阈值，本次任务自动将并发度从 2 调整为 1。
[2026-04-16 06:23:49] [SUCCESS] bvid=BV1N9QwB1EWF 已成功抓取全部所需数据。
[2026-04-16 06:23:54] [SUCCESS] bvid=BV1HgDWBhEZh 已成功抓取全部所需数据。
[2026-04-16 06:23:59] [SUCCESS] bvid=BV1N9QwB1EJM 已成功抓取全部所需数据。
[2026-04-16 06:24:04] [SUCCESS] bvid=BV1HgDWBhExB 已成功抓取全部所需数据。
[2026-04-16 06:24:09] [SUCCESS] bvid=BV1qBDpBpEQr 已成功抓取全部所需数据。
[2026-04-16 06:24:14] [SUCCESS] bvid=BV1HgDWBhEUD 已成功抓取全部所需数据。
[2026-04-16 06:24:20] [SUCCESS] bvid=BV1UDQwBmETu 已成功抓取全部所需数据。
[2026-04-16 06:24:25] [SUCCESS] bvid=BV1qBDpBpEeE 已成功抓取全部所需数据。
[2026-04-16 06:24:30] [SUCCESS] bvid=BV1N9QwB1EE1 已成功抓取全部所需数据。
[2026-04-16 06:24:35] [SUCCESS] bvid=BV1xdQwB5E8i 已成功抓取全部所需数据。
[2026-04-16 06:24:41] [SUCCESS] bvid=BV1N9QwB1EnQ 已成功抓取全部所需数据。
[2026-04-16 06:24:46] [SUCCESS] bvid=BV149QwB1Ewq 已成功抓取全部所需数据。
[2026-04-16 06:24:52] [SUCCESS] bvid=BV1x9QwB1EGd 已成功抓取全部所需数据。
[2026-04-16 06:24:57] [SUCCESS] bvid=BV1sdQwB5Ehv 已成功抓取全部所需数据。
[2026-04-16 06:25:02] [SUCCESS] bvid=BV1NdQwB5ERt 已成功抓取全部所需数据。
[2026-04-16 06:25:07] [SUCCESS] bvid=BV1E7DZB9EZZ 已成功抓取全部所需数据。
[2026-04-16 06:25:12] [SUCCESS] bvid=BV1xUDxBVEnr 已成功抓取全部所需数据。
[2026-04-16 06:25:18] [SUCCESS] bvid=BV1H7QFBaERp 已成功抓取全部所需数据。
[2026-04-16 06:25:29] [SUCCESS] bvid=BV1N9QwB1EhM 已成功抓取全部所需数据。
[2026-04-16 06:25:34] [SUCCESS] bvid=BV1N9QwB1Ezn 已成功抓取全部所需数据。
[2026-04-16 06:25:39] [SUCCESS] bvid=BV1NdQwB5EVy 已成功抓取全部所需数据。
[2026-04-16 06:25:45] [SUCCESS] bvid=BV1TXQwBjEP9 已成功抓取全部所需数据。
[2026-04-16 06:25:50] [SUCCESS] bvid=BV1NdQwB5E9U 已成功抓取全部所需数据。
[2026-04-16 06:25:55] [SUCCESS] bvid=BV1UDQwBmEbc 已成功抓取全部所需数据。
[2026-04-16 06:26:00] [SUCCESS] bvid=BV1NdQwB5Ekx 已成功抓取全部所需数据。
[2026-04-16 06:26:06] [SUCCESS] bvid=BV17YQwBcEv1 已成功抓取全部所需数据。
[2026-04-16 06:26:12] [SUCCESS] bvid=BV15qQwB4EtX 已成功抓取全部所需数据。
[2026-04-16 06:26:17] [SUCCESS] bvid=BV1SVDpBzETq 已成功抓取全部所需数据。
[2026-04-16 06:26:23] [SUCCESS] bvid=BV17cDsB4Evc 已成功抓取全部所需数据。
[2026-04-16 06:26:28] [SUCCESS] bvid=BV1qZDWB4EkE 已成功抓取全部所需数据。
[2026-04-16 06:26:34] [SUCCESS] bvid=BV1dZD6BYE5w 已成功抓取全部所需数据。
[2026-04-16 06:26:40] [SUCCESS] bvid=BV1xyDWBMEco 已成功抓取全部所需数据。
[2026-04-16 06:26:45] [SUCCESS] bvid=BV1GqQFBUEU1 已成功抓取全部所需数据。
[2026-04-16 06:26:49] [SUCCESS] bvid=BV1VeQFBDEaA 已成功抓取全部所需数据。
[2026-04-16 06:26:55] [SUCCESS] bvid=BV1pDDWBPEUi 已成功抓取全部所需数据。
[2026-04-16 06:27:07] [SUCCESS] bvid=BV14NQFB6EWu 已成功抓取全部所需数据。
[2026-04-16 06:27:12] [SUCCESS] bvid=BV1RWDYBkEaD 已成功抓取全部所需数据。
[2026-04-16 06:27:18] [SUCCESS] bvid=BV1PXQFBBE4L 已成功抓取全部所需数据。
[2026-04-16 06:27:23] [SUCCESS] bvid=BV1tWDsBrETB 已成功抓取全部所需数据。
[2026-04-16 06:27:29] [SUCCESS] bvid=BV1HdDZBZEvm 已成功抓取全部所需数据。
[2026-04-16 06:27:34] [SUCCESS] bvid=BV1TMQFBzETH 已成功抓取全部所需数据。
[2026-04-16 06:27:39] [SUCCESS] bvid=BV1LhDxBREAn 已成功抓取全部所需数据。
[2026-04-16 06:27:45] [SUCCESS] bvid=BV1dTDsBHExs 已成功抓取全部所需数据。
[2026-04-16 06:28:03] [SUCCESS] bvid=BV1i2DfBXEhq 已成功抓取全部所需数据。
[2026-04-16 06:28:08] [SUCCESS] bvid=BV1W3QFBiEeo 已成功抓取全部所需数据。
[2026-04-16 06:28:14] [SUCCESS] bvid=BV19GQcB9ECJ 已成功抓取全部所需数据。
[2026-04-16 06:28:19] [SUCCESS] bvid=BV1AYDsBvEYZ 已成功抓取全部所需数据。
[2026-04-16 06:28:24] [SUCCESS] bvid=BV1RMDfBUE1Z 已成功抓取全部所需数据。
[2026-04-16 06:28:29] [SUCCESS] bvid=BV1FkDfB4EG1 已成功抓取全部所需数据。
[2026-04-16 06:28:35] [SUCCESS] bvid=BV1HJQFBcEtj 已成功抓取全部所需数据。
[2026-04-16 06:28:47] [SUCCESS] bvid=BV1bcDxBLEKn 已成功抓取全部所需数据。
[2026-04-16 06:28:52] [SUCCESS] bvid=BV1k5QFBeEXV 已成功抓取全部所需数据。
[2026-04-16 06:28:58] [SUCCESS] bvid=BV15eQwBbEqZ 已成功抓取全部所需数据。
[2026-04-16 06:29:03] [SUCCESS] bvid=BV1fPQcBFEQo 已成功抓取全部所需数据。
[2026-04-16 06:29:09] [SUCCESS] bvid=BV15GQcBREHj 已成功抓取全部所需数据。
[2026-04-16 06:29:14] [SUCCESS] bvid=BV1J7DZB9EkT 已成功抓取全部所需数据。
[2026-04-16 06:29:26] [SUCCESS] bvid=BV1JjDZBsEo7 已成功抓取全部所需数据。
[2026-04-16 06:29:31] [SUCCESS] bvid=BV1TzDWBrEQy 已成功抓取全部所需数据。
[2026-04-16 06:29:36] [SUCCESS] bvid=BV1xTQFBuE9w 已成功抓取全部所需数据。
[2026-04-16 06:29:42] [SUCCESS] bvid=BV15UDfBnEB4 已成功抓取全部所需数据。
[2026-04-16 06:29:47] [SUCCESS] bvid=BV1xyDWBMEVq 已成功抓取全部所需数据。
[2026-04-16 06:29:53] [SUCCESS] bvid=BV1mADZBPEPo 已成功抓取全部所需数据。
[2026-04-16 06:29:58] [SUCCESS] bvid=BV1GPDEBcEKV 已成功抓取全部所需数据。
[2026-04-16 06:30:03] [SUCCESS] bvid=BV1x4DLBmEmv 已成功抓取全部所需数据。
[2026-04-16 06:30:09] [SUCCESS] bvid=BV1EWQFBtEPU 已成功抓取全部所需数据。
[2026-04-16 06:30:14] [SUCCESS] bvid=BV1RA9uBSEL1 已成功抓取全部所需数据。
[2026-04-16 06:30:19] [SUCCESS] bvid=BV195QcBpE7s 已成功抓取全部所需数据。
[2026-04-16 06:30:25] [SUCCESS] bvid=BV1MYDJBFEed 已成功抓取全部所需数据。
[2026-04-16 06:30:31] [SUCCESS] bvid=BV1yUDZBYEv1 已成功抓取全部所需数据。
[2026-04-16 06:30:36] [SUCCESS] bvid=BV158DZB1EuV 已成功抓取全部所需数据。
[2026-04-16 06:30:41] [SUCCESS] bvid=BV15bDZBjED9 已成功抓取全部所需数据。
[2026-04-16 06:30:47] [SUCCESS] bvid=BV1MDQwBmEKu 已成功抓取全部所需数据。
[2026-04-16 06:30:58] [SUCCESS] bvid=BV1KXQwBjEVA 已成功抓取全部所需数据。
[2026-04-16 06:31:03] [SUCCESS] bvid=BV1KXQwBjEwP 已成功抓取全部所需数据。
[2026-04-16 06:31:08] [SUCCESS] bvid=BV1TDQwBmEii 已成功抓取全部所需数据。
[2026-04-16 06:31:14] [SUCCESS] bvid=BV12XQwBjEEx 已成功抓取全部所需数据。
[2026-04-16 06:31:19] [SUCCESS] bvid=BV1TDQwBmENB 已成功抓取全部所需数据。
[2026-04-16 06:31:24] [SUCCESS] bvid=BV1TUQFB3EqM 已成功抓取全部所需数据。
[2026-04-16 06:31:29] [SUCCESS] bvid=BV166DfBoEN3 已成功抓取全部所需数据。
[2026-04-16 06:31:29] [ERROR] bvid=BV14XQwBjEHM 抓取失败：stat: 接口返回错误代码：62012，信息：62012。
{'code': 62012, 'message': '62012', 'ttl': 1} | comment: 接口返回错误代码：62012，信息：62012。
{'code': 62012, 'message': '62012', 'ttl': 1}
[2026-04-16 06:31:34] [SUCCESS] bvid=BV1TXQwBjEb6 已成功抓取全部所需数据。
[2026-04-16 06:31:39] [SUCCESS] bvid=BV1xXQwBjEiy 已成功抓取全部所需数据。
[2026-04-16 06:31:45] [SUCCESS] bvid=BV1qYQwBFENH 已成功抓取全部所需数据。
[2026-04-16 06:31:56] [SUCCESS] bvid=BV1KXQwBjEVu 已成功抓取全部所需数据。
[2026-04-16 06:32:01] [SUCCESS] bvid=BV1vqQwB4EJM 已成功抓取全部所需数据。
[2026-04-16 06:32:07] [SUCCESS] bvid=BV1VqQwB4EpC 已成功抓取全部所需数据。
[2026-04-16 06:32:12] [SUCCESS] bvid=BV1eqQwB4EPX 已成功抓取全部所需数据。
[2026-04-16 06:32:23] [SUCCESS] bvid=BV166DfBZESr 已成功抓取全部所需数据。
[2026-04-16 06:32:28] [SUCCESS] bvid=BV1vqQwB4Etx 已成功抓取全部所需数据。
[2026-04-16 06:32:40] [SUCCESS] bvid=BV1qYQwBFEu9 已成功抓取全部所需数据。
[2026-04-16 06:32:45] [SUCCESS] bvid=BV1aCQwBpEK3 已成功抓取全部所需数据。
[2026-04-16 06:32:50] [SUCCESS] bvid=BV1deQwB4E7R 已成功抓取全部所需数据。
[2026-04-16 06:33:01] [SUCCESS] bvid=BV1LeQwBbEbs 已成功抓取全部所需数据。
[2026-04-16 06:33:13] [SUCCESS] bvid=BV1uCQwBpEdg 已成功抓取全部所需数据。
[2026-04-16 06:33:18] [SUCCESS] bvid=BV1ieQwBbE45 已成功抓取全部所需数据。
[2026-04-16 06:33:24] [SUCCESS] bvid=BV1LeQwBbE72 已成功抓取全部所需数据。
[2026-04-16 06:33:29] [SUCCESS] bvid=BV1veQwBbE5d 已成功抓取全部所需数据。
[2026-04-16 06:33:35] [SUCCESS] bvid=BV1LeQwBbEFH 已成功抓取全部所需数据。
[2026-04-16 06:33:41] [SUCCESS] bvid=BV1LeQwBbE1w 已成功抓取全部所需数据。
[2026-04-16 06:33:47] [SUCCESS] bvid=BV15BQwBdE7L 已成功抓取全部所需数据。
[2026-04-16 06:33:47] [WARN] 当前子任务已结束，但仍有未成功抓取的视频，已导出 remaining CSV 供继续执行。
[2026-04-16 06:33:47] [INFO] 已导出剔除成功条目后的剩余 CSV：D:\Schoolworks\Thesis\Bilibili-Datahub\outputs\video_data\manual_crawls\manual_crawl_stat_comment_20260415_211913\remaining_bvids_part_43.csv
[2026-04-16 06:33:47] 子任务结束时间：2026-04-16T06:33:47.519256
[TIMESTAMP][END] 2026-04-16T06:33:47
