[TIMESTAMP][BEGIN] 2026-04-16T00:18:50
[2026-04-16 00:18:53] 开始执行 CSV 批量抓取子任务 part_14。
[2026-04-16 00:18:53] 子任务开始时间：2026-04-16T00:18:50.540021
[2026-04-16 00:18:53] 输入文件：batch_input_14.csv
[2026-04-16 00:18:53] 输入唯一 bvid 数量：100
[2026-04-16 00:18:53] 为严格按 CSV 顺序判断连续失败阈值，本次任务自动将并发度从 2 调整为 1。
[2026-04-16 00:19:04] [SUCCESS] bvid=BV1dFQbBiEkb 已成功抓取全部所需数据。
[2026-04-16 00:19:16] [SUCCESS] bvid=BV1dFQbBiEuR 已成功抓取全部所需数据。
[2026-04-16 00:19:28] [SUCCESS] bvid=BV19wQbBNEQb 已成功抓取全部所需数据。
[2026-04-16 00:19:34] [SUCCESS] bvid=BV1LFQbBqEoz 已成功抓取全部所需数据。
[2026-04-16 00:19:46] [SUCCESS] bvid=BV1RwQbBNE4j 已成功抓取全部所需数据。
[2026-04-16 00:19:58] [SUCCESS] bvid=BV1RwQbBNEtY 已成功抓取全部所需数据。
[2026-04-16 00:20:11] [SUCCESS] bvid=BV1RwQbBNEWS 已成功抓取全部所需数据。
[2026-04-16 00:20:17] [SUCCESS] bvid=BV1FeQbB5Ec5 已成功抓取全部所需数据。
[2026-04-16 00:20:34] [SUCCESS] bvid=BV1RwQbBNE85 已成功抓取全部所需数据。
[2026-04-16 00:20:45] [SUCCESS] bvid=BV1LwQbBKEs9 已成功抓取全部所需数据。
[2026-04-16 00:20:56] [SUCCESS] bvid=BV1RwQbBNExS 已成功抓取全部所需数据。
[2026-04-16 00:21:02] [SUCCESS] bvid=BV1dwQbBNEGo 已成功抓取全部所需数据。
[2026-04-16 00:21:07] [SUCCESS] bvid=BV1RwQbBNExx 已成功抓取全部所需数据。
[2026-04-16 00:21:20] [SUCCESS] bvid=BV1dwQbBNEfE 已成功抓取全部所需数据。
[2026-04-16 00:21:26] [SUCCESS] bvid=BV1fvQbBkEbV 已成功抓取全部所需数据。
[2026-04-16 00:21:38] [SUCCESS] bvid=BV19wQbBNERE 已成功抓取全部所需数据。
[2026-04-16 00:21:50] [SUCCESS] bvid=BV1dwQbBNEU4 已成功抓取全部所需数据。
[2026-04-16 00:22:02] [SUCCESS] bvid=BV1BeQbBVE2y 已成功抓取全部所需数据。
[2026-04-16 00:22:08] [SUCCESS] bvid=BV1zeQbBVEQ8 已成功抓取全部所需数据。
[2026-04-16 00:22:26] [SUCCESS] bvid=BV1zeQbBVEpv 已成功抓取全部所需数据。
[2026-04-16 00:22:37] [SUCCESS] bvid=BV16eQbBVE4H 已成功抓取全部所需数据。
[2026-04-16 00:22:50] [SUCCESS] bvid=BV1whQbBjEdA 已成功抓取全部所需数据。
[2026-04-16 00:22:56] [SUCCESS] bvid=BV1BvQbBkEP6 已成功抓取全部所需数据。
[2026-04-16 00:23:02] [SUCCESS] bvid=BV1BvQbBkEZk 已成功抓取全部所需数据。
[2026-04-16 00:23:20] [SUCCESS] bvid=BV1zvQbBkESo 已成功抓取全部所需数据。
[2026-04-16 00:23:27] [SUCCESS] bvid=BV1fvQbBkEgF 已成功抓取全部所需数据。
[2026-04-16 00:23:33] [SUCCESS] bvid=BV1NsQbBnE6n 已成功抓取全部所需数据。
[2026-04-16 00:23:39] [SUCCESS] bvid=BV1khQbBjEcP 已成功抓取全部所需数据。
[2026-04-16 00:23:52] [SUCCESS] bvid=BV1caQbB1ESe 已成功抓取全部所需数据。
[2026-04-16 00:23:58] [SUCCESS] bvid=BV1raQbByEpc 已成功抓取全部所需数据。
[2026-04-16 00:24:16] [SUCCESS] bvid=BV14dQ4BnEJV 已成功抓取全部所需数据。
[2026-04-16 00:24:23] [SUCCESS] bvid=BV1QSQbBAEex 已成功抓取全部所需数据。
[2026-04-16 00:24:29] [SUCCESS] bvid=BV1d6QbBuE9g 已成功抓取全部所需数据。
[2026-04-16 00:24:36] [SUCCESS] bvid=BV1qrQbBBE5E 已成功抓取全部所需数据。
[2026-04-16 00:24:41] [SUCCESS] bvid=BV18KQ4BRECj 已成功抓取全部所需数据。
[2026-04-16 00:24:53] [SUCCESS] bvid=BV1y7QsBBEqX 已成功抓取全部所需数据。
[2026-04-16 00:24:58] [SUCCESS] bvid=BV1xmDZBPECi 已成功抓取全部所需数据。
[2026-04-16 00:25:04] [SUCCESS] bvid=BV1WwQtBjE2B 已成功抓取全部所需数据。
[2026-04-16 00:25:16] [SUCCESS] bvid=BV1YAQ4BoE6k 已成功抓取全部所需数据。
[2026-04-16 00:25:27] [SUCCESS] bvid=BV1z4QsBaEk1 已成功抓取全部所需数据。
[2026-04-16 00:25:33] [SUCCESS] bvid=BV1CnQwBMEV3 已成功抓取全部所需数据。
[2026-04-16 00:25:39] [SUCCESS] bvid=BV168Q4BMEUh 已成功抓取全部所需数据。
[2026-04-16 00:25:45] [SUCCESS] bvid=BV1DMQ4BpE79 已成功抓取全部所需数据。
[2026-04-16 00:25:51] [SUCCESS] bvid=BV1BqQbB3EBi 已成功抓取全部所需数据。
[2026-04-16 00:25:57] [SUCCESS] bvid=BV1irQbBBEEG 已成功抓取全部所需数据。
[2026-04-16 00:26:02] [SUCCESS] bvid=BV1fqQbB3EHv 已成功抓取全部所需数据。
[2026-04-16 00:26:08] [SUCCESS] bvid=BV1zqQbB3EA4 已成功抓取全部所需数据。
[2026-04-16 00:26:15] [SUCCESS] bvid=BV1ypQbBDEnE 已成功抓取全部所需数据。
[2026-04-16 00:26:21] [SUCCESS] bvid=BV1qBQbB6EbR 已成功抓取全部所需数据。
[2026-04-16 00:26:27] [SUCCESS] bvid=BV12HQbBHEKn 已成功抓取全部所需数据。
[2026-04-16 00:26:33] [SUCCESS] bvid=BV1spQbBSEY1 已成功抓取全部所需数据。
[2026-04-16 00:26:39] [SUCCESS] bvid=BV11pQbBDE9Y 已成功抓取全部所需数据。
[2026-04-16 00:26:45] [SUCCESS] bvid=BV11JQbBXEkG 已成功抓取全部所需数据。
[2026-04-16 00:26:51] [SUCCESS] bvid=BV12EQbBWEvM 已成功抓取全部所需数据。
[2026-04-16 00:26:57] [SUCCESS] bvid=BV1PpQbBQEZP 已成功抓取全部所需数据。
[2026-04-16 00:27:03] [SUCCESS] bvid=BV1TEQbBsEPX 已成功抓取全部所需数据。
[2026-04-16 00:27:10] [SUCCESS] bvid=BV1MEQbBsEJH 已成功抓取全部所需数据。
[2026-04-16 00:27:16] [SUCCESS] bvid=BV1TEQbBsEsX 已成功抓取全部所需数据。
[2026-04-16 00:27:22] [SUCCESS] bvid=BV1MEQbBsErN 已成功抓取全部所需数据。
[2026-04-16 00:27:28] [SUCCESS] bvid=BV1ktQbB7EGA 已成功抓取全部所需数据。
[2026-04-16 00:27:34] [SUCCESS] bvid=BV1ktQbB7Ei7 已成功抓取全部所需数据。
[2026-04-16 00:27:45] [SUCCESS] bvid=BV1rbQbB2EtC 已成功抓取全部所需数据。
[2026-04-16 00:27:51] [SUCCESS] bvid=BV1S9QbB8EUa 已成功抓取全部所需数据。
[2026-04-16 00:27:58] [SUCCESS] bvid=BV1CtQbB7E1j 已成功抓取全部所需数据。
[2026-04-16 00:28:03] [SUCCESS] bvid=BV1cbQbBmEfF 已成功抓取全部所需数据。
[2026-04-16 00:28:09] [SUCCESS] bvid=BV1wbQbBmEVZ 已成功抓取全部所需数据。
[2026-04-16 00:28:15] [SUCCESS] bvid=BV1zaDRB2Eum 已成功抓取全部所需数据。
[2026-04-16 00:28:21] [SUCCESS] bvid=BV1CtQbB7Ey2 已成功抓取全部所需数据。
[2026-04-16 00:28:32] [SUCCESS] bvid=BV1kbQbB2EwC 已成功抓取全部所需数据。
[2026-04-16 00:28:44] [SUCCESS] bvid=BV1rbQbB2EeF 已成功抓取全部所需数据。
[2026-04-16 00:28:51] [SUCCESS] bvid=BV1cbQbBmEbg 已成功抓取全部所需数据。
[2026-04-16 00:28:57] [SUCCESS] bvid=BV1AbQbBmEjK 已成功抓取全部所需数据。
[2026-04-16 00:29:03] [SUCCESS] bvid=BV1ysQbBJEqF 已成功抓取全部所需数据。
[2026-04-16 00:29:09] [SUCCESS] bvid=BV1CxQbBUE6M 已成功抓取全部所需数据。
[2026-04-16 00:29:15] [SUCCESS] bvid=BV1ysQbBJEcz 已成功抓取全部所需数据。
[2026-04-16 00:29:21] [SUCCESS] bvid=BV1CsQbBJE1E 已成功抓取全部所需数据。
[2026-04-16 00:29:27] [SUCCESS] bvid=BV1PxQbBSERM 已成功抓取全部所需数据。
[2026-04-16 00:29:33] [SUCCESS] bvid=BV1tZQbBoEuw 已成功抓取全部所需数据。
[2026-04-16 00:29:38] [SUCCESS] bvid=BV1tZQbBoEg5 已成功抓取全部所需数据。
[2026-04-16 00:29:44] [SUCCESS] bvid=BV1XwQ4B4EHz 已成功抓取全部所需数据。
[2026-04-16 00:29:49] [SUCCESS] bvid=BV1xPQ8BXEJv 已成功抓取全部所需数据。
[2026-04-16 00:30:01] [SUCCESS] bvid=BV1r9DWBwExw 已成功抓取全部所需数据。
[2026-04-16 00:30:12] [SUCCESS] bvid=BV111DWBqEVq 已成功抓取全部所需数据。
[2026-04-16 00:30:18] [SUCCESS] bvid=BV1P1DWBqEHX 已成功抓取全部所需数据。
[2026-04-16 00:30:30] [SUCCESS] bvid=BV1P1DWBqExv 已成功抓取全部所需数据。
[2026-04-16 00:30:36] [SUCCESS] bvid=BV1N1DWBqEcR 已成功抓取全部所需数据。
[2026-04-16 00:30:54] [SUCCESS] bvid=BV1c9DWBwEB9 已成功抓取全部所需数据。
[2026-04-16 00:30:59] [SUCCESS] bvid=BV1c9DWBwEz2 已成功抓取全部所需数据。
[2026-04-16 00:31:05] [SUCCESS] bvid=BV14FQ8BxENC 已成功抓取全部所需数据。
[2026-04-16 00:31:11] [SUCCESS] bvid=BV1bRQbBfELd 已成功抓取全部所需数据。
[2026-04-16 00:31:17] [SUCCESS] bvid=BV1SoQbBtEwg 已成功抓取全部所需数据。
[2026-04-16 00:31:28] [SUCCESS] bvid=BV1P1DWBqEo1 已成功抓取全部所需数据。
[2026-04-16 00:31:34] [SUCCESS] bvid=BV11KQ8BHEsn 已成功抓取全部所需数据。
[2026-04-16 00:31:40] [SUCCESS] bvid=BV1toQbBtEYK 已成功抓取全部所需数据。
[2026-04-16 00:31:46] [SUCCESS] bvid=BV1goQbBbEPS 已成功抓取全部所需数据。
[2026-04-16 00:31:58] [SUCCESS] bvid=BV1fQQxBPEfc 已成功抓取全部所需数据。
[2026-04-16 00:32:03] [SUCCESS] bvid=BV1z6DfBoEMN 已成功抓取全部所需数据。
[2026-04-16 00:32:09] [SUCCESS] bvid=BV1gWQxBWESY 已成功抓取全部所需数据。
[2026-04-16 00:32:14] [SUCCESS] bvid=BV1DXQbBcE71 已成功抓取全部所需数据。
[2026-04-16 00:32:21] [SUCCESS] bvid=BV17YQ4BTEfZ 已成功抓取全部所需数据。
[2026-04-16 00:32:21] [INFO] 当前 batch_crawl 已完成，所有视频均已成功抓取。
[2026-04-16 00:32:21] 子任务结束时间：2026-04-16T00:32:21.343642
[TIMESTAMP][END] 2026-04-16T00:32:21
