[TIMESTAMP][BEGIN] 2026-04-16T01:21:51
[2026-04-16 01:21:53] 开始执行 CSV 批量抓取子任务 part_19。
[2026-04-16 01:21:53] 子任务开始时间：2026-04-16T01:21:51.421318
[2026-04-16 01:21:53] 输入文件：batch_input_19.csv
[2026-04-16 01:21:53] 输入唯一 bvid 数量：100
[2026-04-16 01:21:53] 为严格按 CSV 顺序判断连续失败阈值，本次任务自动将并发度从 2 调整为 1。
[2026-04-16 01:21:58] [SUCCESS] bvid=BV14RQsBVEnk 已成功抓取全部所需数据。
[2026-04-16 01:22:04] [SUCCESS] bvid=BV14XQsByEcn 已成功抓取全部所需数据。
[2026-04-16 01:22:09] [SUCCESS] bvid=BV14XQsByERV 已成功抓取全部所需数据。
[2026-04-16 01:22:15] [SUCCESS] bvid=BV1tSQsB2Eje 已成功抓取全部所需数据。
[2026-04-16 01:22:21] [SUCCESS] bvid=BV1vZXaBEEtB 已成功抓取全部所需数据。
[2026-04-16 01:22:32] [SUCCESS] bvid=BV1xRQsBVEnG 已成功抓取全部所需数据。
[2026-04-16 01:22:38] [SUCCESS] bvid=BV12RQsBVE8L 已成功抓取全部所需数据。
[2026-04-16 01:22:44] [SUCCESS] bvid=BV11RQsBVE1T 已成功抓取全部所需数据。
[2026-04-16 01:22:56] [SUCCESS] bvid=BV1xRQsBVE71 已成功抓取全部所需数据。
[2026-04-16 01:23:08] [SUCCESS] bvid=BV1bSQsB2EnL 已成功抓取全部所需数据。
[2026-04-16 01:23:14] [SUCCESS] bvid=BV12RQsBVEE7 已成功抓取全部所需数据。
[2026-04-16 01:23:26] [SUCCESS] bvid=BV1tSQsB2EhW 已成功抓取全部所需数据。
[2026-04-16 01:23:31] [SUCCESS] bvid=BV1MSQsBmENk 已成功抓取全部所需数据。
[2026-04-16 01:23:37] [SUCCESS] bvid=BV1tQQsBLEQE 已成功抓取全部所需数据。
[2026-04-16 01:23:42] [SUCCESS] bvid=BV1yfQsB6EaG 已成功抓取全部所需数据。
[2026-04-16 01:23:48] [SUCCESS] bvid=BV12QQsBLExN 已成功抓取全部所需数据。
[2026-04-16 01:23:53] [SUCCESS] bvid=BV1wBDSBuEXC 已成功抓取全部所需数据。
[2026-04-16 01:23:59] [SUCCESS] bvid=BV1TqD9BsE7K 已成功抓取全部所需数据。
[2026-04-16 01:24:04] [SUCCESS] bvid=BV1UQQsBLEnd 已成功抓取全部所需数据。
[2026-04-16 01:24:16] [SUCCESS] bvid=BV1sfQsB6EFq 已成功抓取全部所需数据。
[2026-04-16 01:24:22] [SUCCESS] bvid=BV1PcQxBgEhW 已成功抓取全部所需数据。
[2026-04-16 01:24:27] [SUCCESS] bvid=BV1sfQsB6EGt 已成功抓取全部所需数据。
[2026-04-16 01:24:33] [SUCCESS] bvid=BV1MhQxBUENm 已成功抓取全部所需数据。
[2026-04-16 01:24:38] [SUCCESS] bvid=BV1XcQsBJExN 已成功抓取全部所需数据。
[2026-04-16 01:24:44] [SUCCESS] bvid=BV1pcQxBuE6f 已成功抓取全部所需数据。
[2026-04-16 01:24:49] [SUCCESS] bvid=BV1CcQxBuEzj 已成功抓取全部所需数据。
[2026-04-16 01:24:55] [SUCCESS] bvid=BV1WcQxBuEt4 已成功抓取全部所需数据。
[2026-04-16 01:25:06] [SUCCESS] bvid=BV1ycQxBuE33 已成功抓取全部所需数据。
[2026-04-16 01:25:12] [SUCCESS] bvid=BV1HcQxBuEBp 已成功抓取全部所需数据。
[2026-04-16 01:25:24] [SUCCESS] bvid=BV1kiQcBMEdZ 已成功抓取全部所需数据。
[2026-04-16 01:25:30] [SUCCESS] bvid=BV1LLQxBfEk1 已成功抓取全部所需数据。
[2026-04-16 01:25:35] [SUCCESS] bvid=BV1fvDRByEDe 已成功抓取全部所需数据。
[2026-04-16 01:25:40] [SUCCESS] bvid=BV1zvDRByEtQ 已成功抓取全部所需数据。
[2026-04-16 01:25:52] [SUCCESS] bvid=BV1RqQsBRE62 已成功抓取全部所需数据。
[2026-04-16 01:25:58] [SUCCESS] bvid=BV1wkDQBVEJ1 已成功抓取全部所需数据。
[2026-04-16 01:26:04] [SUCCESS] bvid=BV1n7DxBeEBE 已成功抓取全部所需数据。
[2026-04-16 01:26:10] [SUCCESS] bvid=BV17VQxBcEgU 已成功抓取全部所需数据。
[2026-04-16 01:26:17] [SUCCESS] bvid=BV1bXDRBAED6 已成功抓取全部所需数据。
[2026-04-16 01:26:23] [SUCCESS] bvid=BV11QDzBmExG 已成功抓取全部所需数据。
[2026-04-16 01:26:29] [SUCCESS] bvid=BV1pVQFBNE1d 已成功抓取全部所需数据。
[2026-04-16 01:26:35] [SUCCESS] bvid=BV11dQsBkEFy 已成功抓取全部所需数据。
[2026-04-16 01:26:47] [SUCCESS] bvid=BV1xdQsBkE7b 已成功抓取全部所需数据。
[2026-04-16 01:26:59] [SUCCESS] bvid=BV1KdQsBCEmS 已成功抓取全部所需数据。
[2026-04-16 01:27:05] [SUCCESS] bvid=BV1WZQsB3E6a 已成功抓取全部所需数据。
[2026-04-16 01:27:10] [SUCCESS] bvid=BV1WdQsBkEUr 已成功抓取全部所需数据。
[2026-04-16 01:27:16] [SUCCESS] bvid=BV1yZQsB3EiN 已成功抓取全部所需数据。
[2026-04-16 01:27:27] [SUCCESS] bvid=BV1sZQsB3EmW 已成功抓取全部所需数据。
[2026-04-16 01:27:34] [SUCCESS] bvid=BV196QsBXEJD 已成功抓取全部所需数据。
[2026-04-16 01:27:40] [SUCCESS] bvid=BV1G6QsB9Erf 已成功抓取全部所需数据。
[2026-04-16 01:27:45] [SUCCESS] bvid=BV1a6QsBXES3 已成功抓取全部所需数据。
[2026-04-16 01:27:50] [SUCCESS] bvid=BV1akQsBHEAB 已成功抓取全部所需数据。
[2026-04-16 01:27:56] [SUCCESS] bvid=BV1qiDXBKEgM 已成功抓取全部所需数据。
[2026-04-16 01:28:02] [SUCCESS] bvid=BV19qQsBREJG 已成功抓取全部所需数据。
[2026-04-16 01:28:19] [SUCCESS] bvid=BV1vqQsBREvQ 已成功抓取全部所需数据。
[2026-04-16 01:28:31] [SUCCESS] bvid=BV1vqQsBREMW 已成功抓取全部所需数据。
[2026-04-16 01:28:37] [SUCCESS] bvid=BV1RqQsBREpX 已成功抓取全部所需数据。
[2026-04-16 01:28:55] [SUCCESS] bvid=BV1D2QsBUEV2 已成功抓取全部所需数据。
[2026-04-16 01:29:07] [SUCCESS] bvid=BV1RqQsBREyt 已成功抓取全部所需数据。
[2026-04-16 01:29:25] [SUCCESS] bvid=BV1XzQsBWEqx 已成功抓取全部所需数据。
[2026-04-16 01:29:31] [SUCCESS] bvid=BV1ezQsBWEHi 已成功抓取全部所需数据。
[2026-04-16 01:29:36] [SUCCESS] bvid=BV182QsBUEM8 已成功抓取全部所需数据。
[2026-04-16 01:29:49] [SUCCESS] bvid=BV1g2QsBSEme 已成功抓取全部所需数据。
[2026-04-16 01:29:54] [SUCCESS] bvid=BV1u2QsBSEwH 已成功抓取全部所需数据。
[2026-04-16 01:30:00] [SUCCESS] bvid=BV1UMQsByEZ1 已成功抓取全部所需数据。
[2026-04-16 01:30:06] [SUCCESS] bvid=BV1qBDRBkEHR 已成功抓取全部所需数据。
[2026-04-16 01:30:11] [SUCCESS] bvid=BV11m9cBmEaw 已成功抓取全部所需数据。
[2026-04-16 01:30:25] [SUCCESS] bvid=BV1HcDQBGEQ8 已成功抓取全部所需数据。
[2026-04-16 01:30:37] [SUCCESS] bvid=BV1aCQsBDE7i 已成功抓取全部所需数据。
[2026-04-16 01:30:43] [SUCCESS] bvid=BV1hCQsBDEe2 已成功抓取全部所需数据。
[2026-04-16 01:30:49] [SUCCESS] bvid=BV1DCQsBDEzr 已成功抓取全部所需数据。
[2026-04-16 01:30:54] [SUCCESS] bvid=BV1h1QsBJEEo 已成功抓取全部所需数据。
[2026-04-16 01:31:00] [SUCCESS] bvid=BV1S1QsBJEyM 已成功抓取全部所需数据。
[2026-04-16 01:31:06] [SUCCESS] bvid=BV1hCQsBDEqv 已成功抓取全部所需数据。
[2026-04-16 01:31:12] [SUCCESS] bvid=BV1a1QsBJEcM 已成功抓取全部所需数据。
[2026-04-16 01:31:18] [SUCCESS] bvid=BV1KBD9B9EYc 已成功抓取全部所需数据。
[2026-04-16 01:31:30] [SUCCESS] bvid=BV157QxBtE5M 已成功抓取全部所需数据。
[2026-04-16 01:31:35] [SUCCESS] bvid=BV157QxBtEU8 已成功抓取全部所需数据。
[2026-04-16 01:31:41] [SUCCESS] bvid=BV1anQxBxE19 已成功抓取全部所需数据。
[2026-04-16 01:31:46] [SUCCESS] bvid=BV1nMQxBeEN8 已成功抓取全部所需数据。
[2026-04-16 01:31:53] [SUCCESS] bvid=BV1YEQxBoEhK 已成功抓取全部所需数据。
[2026-04-16 01:31:58] [SUCCESS] bvid=BV1L5QxB8EiW 已成功抓取全部所需数据。
[2026-04-16 01:32:04] [SUCCESS] bvid=BV1vEQxBoEso 已成功抓取全部所需数据。
[2026-04-16 01:32:10] [SUCCESS] bvid=BV1L5QxB8Eum 已成功抓取全部所需数据。
[2026-04-16 01:32:15] [SUCCESS] bvid=BV1L5QxB8Ery 已成功抓取全部所需数据。
[2026-04-16 01:32:21] [SUCCESS] bvid=BV1j5QxB8Eb3 已成功抓取全部所需数据。
[2026-04-16 01:32:26] [SUCCESS] bvid=BV1o5QxB8E9U 已成功抓取全部所需数据。
[2026-04-16 01:32:32] [SUCCESS] bvid=BV1EMQxBeEPW 已成功抓取全部所需数据。
[2026-04-16 01:32:38] [SUCCESS] bvid=BV1bXDRBAERf 已成功抓取全部所需数据。
[2026-04-16 01:32:44] [SUCCESS] bvid=BV1LLQxBfEGG 已成功抓取全部所需数据。
[2026-04-16 01:32:50] [SUCCESS] bvid=BV1gWQxBWEDN 已成功抓取全部所需数据。
[2026-04-16 01:32:56] [SUCCESS] bvid=BV1jLQxBfE5W 已成功抓取全部所需数据。
[2026-04-16 01:33:01] [SUCCESS] bvid=BV17HQuBDEGz 已成功抓取全部所需数据。
[2026-04-16 01:33:08] [SUCCESS] bvid=BV1ZHQuBSEPs 已成功抓取全部所需数据。
[2026-04-16 01:33:19] [SUCCESS] bvid=BV1w2D9BEEmc 已成功抓取全部所需数据。
[2026-04-16 01:33:31] [SUCCESS] bvid=BV1YCDXBhEvF 已成功抓取全部所需数据。
[2026-04-16 01:33:38] [SUCCESS] bvid=BV1qiDXBKEMh 已成功抓取全部所需数据。
[2026-04-16 01:33:43] [SUCCESS] bvid=BV1HNQxBiEph 已成功抓取全部所需数据。
[2026-04-16 01:33:49] [SUCCESS] bvid=BV1YWQxBWE5g 已成功抓取全部所需数据。
[2026-04-16 01:33:55] [SUCCESS] bvid=BV1VWQxBsEGy 已成功抓取全部所需数据。
[2026-04-16 01:34:01] [SUCCESS] bvid=BV1QsQxBXEd5 已成功抓取全部所需数据。
[2026-04-16 01:34:01] [INFO] 当前 batch_crawl 已完成，所有视频均已成功抓取。
[2026-04-16 01:34:01] 子任务结束时间：2026-04-16T01:34:01.242666
[TIMESTAMP][END] 2026-04-16T01:34:01
