[TIMESTAMP][BEGIN] 2026-04-16T09:19:54
[2026-04-16 09:20:02] 开始执行 CSV 批量抓取子任务 part_57。
[2026-04-16 09:20:02] 子任务开始时间：2026-04-16T09:19:54.405214
[2026-04-16 09:20:02] 输入文件：batch_input_57.csv
[2026-04-16 09:20:02] 输入唯一 bvid 数量：100
[2026-04-16 09:20:02] 为严格按 CSV 顺序判断连续失败阈值，本次任务自动将并发度从 2 调整为 1。
[2026-04-16 09:20:15] [SUCCESS] bvid=BV1vkDpBSEb4 已成功抓取全部所需数据。
[2026-04-16 09:20:21] [SUCCESS] bvid=BV1hQDpBCEAn 已成功抓取全部所需数据。
[2026-04-16 09:20:27] [SUCCESS] bvid=BV1vyDpBEESx 已成功抓取全部所需数据。
[2026-04-16 09:20:40] [SUCCESS] bvid=BV1aQDpBCE3C 已成功抓取全部所需数据。
[2026-04-16 09:20:46] [SUCCESS] bvid=BV1QQDpBCEmM 已成功抓取全部所需数据。
[2026-04-16 09:20:58] [SUCCESS] bvid=BV1h9DpBGEaW 已成功抓取全部所需数据。
[2026-04-16 09:21:04] [SUCCESS] bvid=BV1Q9DpBGEg7 已成功抓取全部所需数据。
[2026-04-16 09:21:10] [SUCCESS] bvid=BV1DHD7BfEHS 已成功抓取全部所需数据。
[2026-04-16 09:21:15] [SUCCESS] bvid=BV1XDDpB5EYH 已成功抓取全部所需数据。
[2026-04-16 09:21:20] [SUCCESS] bvid=BV19wDnBuEmW 已成功抓取全部所需数据。
[2026-04-16 09:21:26] [SUCCESS] bvid=BV1ziDpB9Exq 已成功抓取全部所需数据。
[2026-04-16 09:21:32] [SUCCESS] bvid=BV1XDDpB5E8i 已成功抓取全部所需数据。
[2026-04-16 09:21:37] [SUCCESS] bvid=BV1hDDpB5E9T 已成功抓取全部所需数据。
[2026-04-16 09:21:43] [SUCCESS] bvid=BV1zYDpBdECR 已成功抓取全部所需数据。
[2026-04-16 09:21:48] [SUCCESS] bvid=BV1FYDpBoEos 已成功抓取全部所需数据。
[2026-04-16 09:21:54] [SUCCESS] bvid=BV1cYDpBoEWa 已成功抓取全部所需数据。
[2026-04-16 09:22:00] [SUCCESS] bvid=BV1ksDnBWExo 已成功抓取全部所需数据。
[2026-04-16 09:22:05] [SUCCESS] bvid=BV1P6DJBsEnb 已成功抓取全部所需数据。
[2026-04-16 09:22:11] [SUCCESS] bvid=BV1zvDpBsECB 已成功抓取全部所需数据。
[2026-04-16 09:22:17] [SUCCESS] bvid=BV1ANDYBdEcR 已成功抓取全部所需数据。
[2026-04-16 09:22:23] [SUCCESS] bvid=BV1WaDLB5EXs 已成功抓取全部所需数据。
[2026-04-16 09:22:29] [SUCCESS] bvid=BV1P5DjB1EMx 已成功抓取全部所需数据。
[2026-04-16 09:22:35] [SUCCESS] bvid=BV1ikDFBHEaE 已成功抓取全部所需数据。
[2026-04-16 09:22:41] [SUCCESS] bvid=BV1XdDLBoEr2 已成功抓取全部所需数据。
[2026-04-16 09:22:46] [SUCCESS] bvid=BV1Z1DLBvEdV 已成功抓取全部所需数据。
[2026-04-16 09:22:52] [SUCCESS] bvid=BV1rVDWBbEt8 已成功抓取全部所需数据。
[2026-04-16 09:23:11] [SUCCESS] bvid=BV1LpDHByET6 已成功抓取全部所需数据。
[2026-04-16 09:23:31] [SUCCESS] bvid=BV1BKD6BMEZW 已成功抓取全部所需数据。
[2026-04-16 09:23:43] [SUCCESS] bvid=BV1L1XZBpExb 已成功抓取全部所需数据。
[2026-04-16 09:23:55] [SUCCESS] bvid=BV1w8DpBfEZy 已成功抓取全部所需数据。
[2026-04-16 09:24:06] [SUCCESS] bvid=BV1k8DpBZEmd 已成功抓取全部所需数据。
[2026-04-16 09:24:12] [SUCCESS] bvid=BV1r8DpBZEuW 已成功抓取全部所需数据。
[2026-04-16 09:24:17] [SUCCESS] bvid=BV1raDpB4Edv 已成功抓取全部所需数据。
[2026-04-16 09:24:30] [SUCCESS] bvid=BV16aDpB4Ekk 已成功抓取全部所需数据。
[2026-04-16 09:24:47] [SUCCESS] bvid=BV1qzDpBQE2v 已成功抓取全部所需数据。
[2026-04-16 09:24:53] [SUCCESS] bvid=BV1doDJBkErK 已成功抓取全部所需数据。
[2026-04-16 09:25:04] [SUCCESS] bvid=BV1izDpBQESU 已成功抓取全部所需数据。
[2026-04-16 09:25:11] [SUCCESS] bvid=BV1qrDpBnE1F 已成功抓取全部所需数据。
[2026-04-16 09:25:30] [SUCCESS] bvid=BV1vrDpBnEes 已成功抓取全部所需数据。
[2026-04-16 09:25:36] [SUCCESS] bvid=BV1qiDpB9Er6 已成功抓取全部所需数据。
[2026-04-16 09:25:42] [SUCCESS] bvid=BV1oBDpBpEtB 已成功抓取全部所需数据。
[2026-04-16 09:25:47] [SUCCESS] bvid=BV1rgDWBhESU 已成功抓取全部所需数据。
[2026-04-16 09:25:53] [SUCCESS] bvid=BV1oBDpBpEfM 已成功抓取全部所需数据。
[2026-04-16 09:25:59] [SUCCESS] bvid=BV1BBDpBpEeF 已成功抓取全部所需数据。
[2026-04-16 09:26:05] [SUCCESS] bvid=BV1CgDWBhE3f 已成功抓取全部所需数据。
[2026-04-16 09:26:10] [SUCCESS] bvid=BV1HgDWBhEhf 已成功抓取全部所需数据。
[2026-04-16 09:26:16] [SUCCESS] bvid=BV1rGDWBFEas 已成功抓取全部所需数据。
[2026-04-16 09:26:28] [SUCCESS] bvid=BV1vrDnBkEhV 已成功抓取全部所需数据。
[2026-04-16 09:26:41] [SUCCESS] bvid=BV1ACDJBpEBN 已成功抓取全部所需数据。
[2026-04-16 09:26:47] [SUCCESS] bvid=BV19dD7BvEr1 已成功抓取全部所需数据。
[2026-04-16 09:26:53] [SUCCESS] bvid=BV1nGDWBFEZw 已成功抓取全部所需数据。
[2026-04-16 09:26:59] [SUCCESS] bvid=BV1CTDWBYEBn 已成功抓取全部所需数据。
[2026-04-16 09:27:05] [SUCCESS] bvid=BV1yTDWBYEr8 已成功抓取全部所需数据。
[2026-04-16 09:27:18] [SUCCESS] bvid=BV1kuDWBwEXy 已成功抓取全部所需数据。
[2026-04-16 09:27:24] [SUCCESS] bvid=BV1CuDWBwESr 已成功抓取全部所需数据。
[2026-04-16 09:27:30] [SUCCESS] bvid=BV16VDWBbE4A 已成功抓取全部所需数据。
[2026-04-16 09:27:41] [SUCCESS] bvid=BV1f7DWBdEKX 已成功抓取全部所需数据。
[2026-04-16 09:27:47] [SUCCESS] bvid=BV1E7DWBdEzk 已成功抓取全部所需数据。
[2026-04-16 09:27:59] [SUCCESS] bvid=BV1J7DWBdEK9 已成功抓取全部所需数据。
[2026-04-16 09:28:04] [SUCCESS] bvid=BV1HVDWBbEM8 已成功抓取全部所需数据。
[2026-04-16 09:28:10] [SUCCESS] bvid=BV1n5DWBZEQL 已成功抓取全部所需数据。
[2026-04-16 09:28:22] [SUCCESS] bvid=BV1wpDnBdErL 已成功抓取全部所需数据。
[2026-04-16 09:28:27] [SUCCESS] bvid=BV1n5DWBZEas 已成功抓取全部所需数据。
[2026-04-16 09:28:39] [SUCCESS] bvid=BV1SZDpBzEAT 已成功抓取全部所需数据。
[2026-04-16 09:28:51] [SUCCESS] bvid=BV1tqDvB6E1f 已成功抓取全部所需数据。
[2026-04-16 09:28:57] [SUCCESS] bvid=BV1gwDjB9EDS 已成功抓取全部所需数据。
[2026-04-16 09:29:03] [SUCCESS] bvid=BV1wsDuBREDP 已成功抓取全部所需数据。
[2026-04-16 09:29:10] [SUCCESS] bvid=BV19wDnBuEPe 已成功抓取全部所需数据。
[2026-04-16 09:29:16] [SUCCESS] bvid=BV17zDeBHENi 已成功抓取全部所需数据。
[2026-04-16 09:29:22] [SUCCESS] bvid=BV1AvDLBGEyX 已成功抓取全部所需数据。
[2026-04-16 09:29:34] [SUCCESS] bvid=BV1LdD7BiEbS 已成功抓取全部所需数据。
[2026-04-16 09:29:47] [SUCCESS] bvid=BV1RXDLBfEao 已成功抓取全部所需数据。
[2026-04-16 09:29:58] [SUCCESS] bvid=BV1bZDpBzE4u 已成功抓取全部所需数据。
[2026-04-16 09:30:12] [SUCCESS] bvid=BV1tZDpBzExB 已成功抓取全部所需数据。
[2026-04-16 09:30:12] [ERROR] bvid=BV1tFDWBMESo 抓取失败：stat: 接口返回错误代码：62002，信息：稿件不可见。
{'code': 62002, 'message': '稿件不可见', 'ttl': 1} | comment: 接口返回错误代码：62002，信息：稿件不可见。
{'code': 62002, 'message': '稿件不可见', 'ttl': 1}
[2026-04-16 09:30:31] [SUCCESS] bvid=BV14FDWBMEfS 已成功抓取全部所需数据。
[2026-04-16 09:30:31] [ERROR] bvid=BV18RDpBrEvd 抓取失败：stat: 接口返回错误代码：62002，信息：稿件不可见。
{'code': 62002, 'message': '稿件不可见', 'ttl': 1} | comment: 接口返回错误代码：62002，信息：稿件不可见。
{'code': 62002, 'message': '稿件不可见', 'ttl': 1}
[2026-04-16 09:30:38] [SUCCESS] bvid=BV1DRDpBrEVz 已成功抓取全部所需数据。
[2026-04-16 09:30:49] [SUCCESS] bvid=BV13RDpBkELF 已成功抓取全部所需数据。
[2026-04-16 09:31:06] [SUCCESS] bvid=BV1xPDWBvE7t 已成功抓取全部所需数据。
[2026-04-16 09:31:12] [SUCCESS] bvid=BV18RDpBrEZq 已成功抓取全部所需数据。
[2026-04-16 09:31:24] [SUCCESS] bvid=BV1SoDpBgEep 已成功抓取全部所需数据。
[2026-04-16 09:31:42] [SUCCESS] bvid=BV1xPDWBvEY3 已成功抓取全部所需数据。
[2026-04-16 09:31:55] [SUCCESS] bvid=BV1sKDWBPEg6 已成功抓取全部所需数据。
[2026-04-16 09:32:06] [SUCCESS] bvid=BV1xcDWBqEDm 已成功抓取全部所需数据。
[2026-04-16 09:32:07] [ERROR] bvid=BV14cDWBqEKc 抓取失败：stat: 接口返回错误代码：62002，信息：稿件不可见。
{'code': 62002, 'message': '稿件不可见', 'ttl': 1} | comment: 接口返回错误代码：62002，信息：稿件不可见。
{'code': 62002, 'message': '稿件不可见', 'ttl': 1}
[2026-04-16 09:32:13] [SUCCESS] bvid=BV1joDJBCEua 已成功抓取全部所需数据。
[2026-04-16 09:32:19] [SUCCESS] bvid=BV12EDnBtENh 已成功抓取全部所需数据。
[2026-04-16 09:32:25] [SUCCESS] bvid=BV1yEDnBtEUj 已成功抓取全部所需数据。
[2026-04-16 09:32:31] [SUCCESS] bvid=BV11EDnBtEVJ 已成功抓取全部所需数据。
[2026-04-16 09:32:37] [SUCCESS] bvid=BV11JDnBoEuP 已成功抓取全部所需数据。
[2026-04-16 09:32:43] [SUCCESS] bvid=BV1TLDnBhEnT 已成功抓取全部所需数据。
[2026-04-16 09:32:49] [SUCCESS] bvid=BV1AHDnB4EXo 已成功抓取全部所需数据。
[2026-04-16 09:33:02] [SUCCESS] bvid=BV1kxDnBXErW 已成功抓取全部所需数据。
[2026-04-16 09:33:08] [SUCCESS] bvid=BV1erDnBkE8A 已成功抓取全部所需数据。
[2026-04-16 09:33:14] [SUCCESS] bvid=BV1NHDnB4E7Y 已成功抓取全部所需数据。
[2026-04-16 09:33:26] [SUCCESS] bvid=BV1FX9MBtE4f 已成功抓取全部所需数据。
[2026-04-16 09:33:38] [SUCCESS] bvid=BV1fX9MB4EBJ 已成功抓取全部所需数据。
[2026-04-16 09:33:51] [SUCCESS] bvid=BV1g8DJBwEMj 已成功抓取全部所需数据。
[2026-04-16 09:33:58] [SUCCESS] bvid=BV11XDjBUEMF 已成功抓取全部所需数据。
[2026-04-16 09:33:58] [WARN] 当前子任务已结束，但仍有未成功抓取的视频，已导出 remaining CSV 供继续执行。
[2026-04-16 09:33:58] [INFO] 已导出剔除成功条目后的剩余 CSV：D:\Schoolworks\Thesis\Bilibili-Datahub\outputs\video_data\manual_crawls\manual_crawl_stat_comment_20260415_211913\remaining_bvids_part_57.csv
[2026-04-16 09:33:58] 子任务结束时间：2026-04-16T09:33:58.448476
[TIMESTAMP][END] 2026-04-16T09:33:58
