[TIMESTAMP][BEGIN] 2026-04-16T03:07:11
[2026-04-16 03:07:13] 开始执行 CSV 批量抓取子任务 part_27。
[2026-04-16 03:07:13] 子任务开始时间：2026-04-16T03:07:11.409086
[2026-04-16 03:07:13] 输入文件：batch_input_27.csv
[2026-04-16 03:07:13] 输入唯一 bvid 数量：100
[2026-04-16 03:07:13] 为严格按 CSV 顺序判断连续失败阈值，本次任务自动将并发度从 2 调整为 1。
[2026-04-16 03:07:19] [SUCCESS] bvid=BV19dDSBREXu 已成功抓取全部所需数据。
[2026-04-16 03:07:24] [SUCCESS] bvid=BV19dDSBREmh 已成功抓取全部所需数据。
[2026-04-16 03:07:29] [SUCCESS] bvid=BV15dDSBdEhZ 已成功抓取全部所需数据。
[2026-04-16 03:07:35] [SUCCESS] bvid=BV1XZDSBWEmr 已成功抓取全部所需数据。
[2026-04-16 03:07:46] [SUCCESS] bvid=BV19ZDSBWEJ4 已成功抓取全部所需数据。
[2026-04-16 03:07:58] [SUCCESS] bvid=BV1RXDSBoEbm 已成功抓取全部所需数据。
[2026-04-16 03:08:09] [SUCCESS] bvid=BV1LXDSBZE6V 已成功抓取全部所需数据。
[2026-04-16 03:08:14] [SUCCESS] bvid=BV1RXDSBoEhn 已成功抓取全部所需数据。
[2026-04-16 03:08:25] [SUCCESS] bvid=BV1RRDSBxEoT 已成功抓取全部所需数据。
[2026-04-16 03:08:30] [SUCCESS] bvid=BV1eRDSB4EiK 已成功抓取全部所需数据。
[2026-04-16 03:08:35] [SUCCESS] bvid=BV1QwDDBDE7T 已成功抓取全部所需数据。
[2026-04-16 03:08:41] [SUCCESS] bvid=BV1hwDDBQEUe 已成功抓取全部所需数据。
[2026-04-16 03:08:46] [SUCCESS] bvid=BV1DwDDBDE3H 已成功抓取全部所需数据。
[2026-04-16 03:08:58] [SUCCESS] bvid=BV1QwDDBDEAA 已成功抓取全部所需数据。
[2026-04-16 03:09:03] [SUCCESS] bvid=BV1gPDDBnERa 已成功抓取全部所需数据。
[2026-04-16 03:09:08] [SUCCESS] bvid=BV1DPDDBJEu2 已成功抓取全部所需数据。
[2026-04-16 03:09:19] [SUCCESS] bvid=BV1uPDDBnE6T 已成功抓取全部所需数据。
[2026-04-16 03:09:31] [SUCCESS] bvid=BV1eWDyBGE2C 已成功抓取全部所需数据。
[2026-04-16 03:09:36] [SUCCESS] bvid=BV1HQDWBYEUW 已成功抓取全部所需数据。
[2026-04-16 03:09:41] [SUCCESS] bvid=BV1vXQcB4EPA 已成功抓取全部所需数据。
[2026-04-16 03:09:46] [SUCCESS] bvid=BV18hDyBqErD 已成功抓取全部所需数据。
[2026-04-16 03:09:57] [SUCCESS] bvid=BV18YDyBKEAD 已成功抓取全部所需数据。
[2026-04-16 03:10:03] [SUCCESS] bvid=BV1kjQFBAEQK 已成功抓取全部所需数据。
[2026-04-16 03:10:08] [SUCCESS] bvid=BV1atDyBzEtE 已成功抓取全部所需数据。
[2026-04-16 03:10:14] [SUCCESS] bvid=BV1GcDDBpE33 已成功抓取全部所需数据。
[2026-04-16 03:10:26] [SUCCESS] bvid=BV1XcDDBHEce 已成功抓取全部所需数据。
[2026-04-16 03:10:31] [SUCCESS] bvid=BV15AD1B1E3i 已成功抓取全部所需数据。
[2026-04-16 03:10:36] [SUCCESS] bvid=BV1bcQFBVEvM 已成功抓取全部所需数据。
[2026-04-16 03:10:41] [SUCCESS] bvid=BV1JWDDBqEaj 已成功抓取全部所需数据。
[2026-04-16 03:10:47] [SUCCESS] bvid=BV1kDD2BaEHy 已成功抓取全部所需数据。
[2026-04-16 03:10:52] [SUCCESS] bvid=BV1veQwBbEfC 已成功抓取全部所需数据。
[2026-04-16 03:10:58] [SUCCESS] bvid=BV1SfD1BTEVR 已成功抓取全部所需数据。
[2026-04-16 03:11:15] [SUCCESS] bvid=BV1J5DyBJEDQ 已成功抓取全部所需数据。
[2026-04-16 03:11:27] [SUCCESS] bvid=BV1nXDyBpE9w 已成功抓取全部所需数据。
[2026-04-16 03:11:32] [SUCCESS] bvid=BV1bBD2B6Eb3 已成功抓取全部所需数据。
[2026-04-16 03:11:44] [SUCCESS] bvid=BV1pDDyB9EN6 已成功抓取全部所需数据。
[2026-04-16 03:11:49] [SUCCESS] bvid=BV1MFD2BqEcv 已成功抓取全部所需数据。
[2026-04-16 03:11:56] [SUCCESS] bvid=BV1m6DyBhENn 已成功抓取全部所需数据。
[2026-04-16 03:12:01] [SUCCESS] bvid=BV1d1DmB9ERF 已成功抓取全部所需数据。
[2026-04-16 03:12:14] [SUCCESS] bvid=BV1XHQABxEL6 已成功抓取全部所需数据。
[2026-04-16 03:12:19] [SUCCESS] bvid=BV1gMDCBeE86 已成功抓取全部所需数据。
[2026-04-16 03:12:24] [SUCCESS] bvid=BV1Zo9MBREm7 已成功抓取全部所需数据。
[2026-04-16 03:12:30] [SUCCESS] bvid=BV1EbDDBPEdE 已成功抓取全部所需数据。
[2026-04-16 03:12:35] [SUCCESS] bvid=BV1GVDmB2ER2 已成功抓取全部所需数据。
[2026-04-16 03:12:40] [SUCCESS] bvid=BV1pSDyBsETi 已成功抓取全部所需数据。
[2026-04-16 03:12:46] [SUCCESS] bvid=BV16yDSBPEVB 已成功抓取全部所需数据。
[2026-04-16 03:12:52] [SUCCESS] bvid=BV1fyDSBAEuE 已成功抓取全部所需数据。
[2026-04-16 03:13:04] [SUCCESS] bvid=BV1FyDSBPEiK 已成功抓取全部所需数据。
[2026-04-16 03:13:10] [SUCCESS] bvid=BV1FyDSBPEzh 已成功抓取全部所需数据。
[2026-04-16 03:13:15] [SUCCESS] bvid=BV16yDSBPEda 已成功抓取全部所需数据。
[2026-04-16 03:13:27] [SUCCESS] bvid=BV1HrDSBKEpx 已成功抓取全部所需数据。
[2026-04-16 03:13:32] [SUCCESS] bvid=BV1J1DSBYEhL 已成功抓取全部所需数据。
[2026-04-16 03:13:38] [SUCCESS] bvid=BV1crDSBKEr7 已成功抓取全部所需数据。
[2026-04-16 03:13:43] [SUCCESS] bvid=BV1E1DSBYEvV 已成功抓取全部所需数据。
[2026-04-16 03:13:49] [SUCCESS] bvid=BV1KoQPBHEwE 已成功抓取全部所需数据。
[2026-04-16 03:14:06] [SUCCESS] bvid=BV1crDSBKENT 已成功抓取全部所需数据。
[2026-04-16 03:14:17] [SUCCESS] bvid=BV1sgDUBBEmi 已成功抓取全部所需数据。
[2026-04-16 03:14:23] [SUCCESS] bvid=BV18QDCBNEJX 已成功抓取全部所需数据。
[2026-04-16 03:14:34] [SUCCESS] bvid=BV1FkDSBvEnW 已成功抓取全部所需数据。
[2026-04-16 03:14:40] [SUCCESS] bvid=BV1nkDSBvEqd 已成功抓取全部所需数据。
[2026-04-16 03:14:45] [SUCCESS] bvid=BV1omDSBcE1Z 已成功抓取全部所需数据。
[2026-04-16 03:14:51] [SUCCESS] bvid=BV1kJDDBuE8W 已成功抓取全部所需数据。
[2026-04-16 03:15:02] [SUCCESS] bvid=BV1oSDSBfE1w 已成功抓取全部所需数据。
[2026-04-16 03:15:14] [SUCCESS] bvid=BV1oSDSBfEWY 已成功抓取全部所需数据。
[2026-04-16 03:15:19] [SUCCESS] bvid=BV1LQDSBbECg 已成功抓取全部所需数据。
[2026-04-16 03:15:24] [SUCCESS] bvid=BV1oQDSBtEFV 已成功抓取全部所需数据。
[2026-04-16 03:15:30] [SUCCESS] bvid=BV1EmDSBwEzp 已成功抓取全部所需数据。
[2026-04-16 03:15:42] [SUCCESS] bvid=BV1eMQMB6EYY 已成功抓取全部所需数据。
[2026-04-16 03:15:55] [SUCCESS] bvid=BV1ZqD1BHE9V 已成功抓取全部所需数据。
[2026-04-16 03:16:06] [SUCCESS] bvid=BV19mD1ByEf3 已成功抓取全部所需数据。
[2026-04-16 03:16:12] [SUCCESS] bvid=BV1xm9cBmEP5 已成功抓取全部所需数据。
[2026-04-16 03:16:17] [SUCCESS] bvid=BV1omDSBcEJB 已成功抓取全部所需数据。
[2026-04-16 03:16:23] [SUCCESS] bvid=BV17mDSBwEnt 已成功抓取全部所需数据。
[2026-04-16 03:16:35] [SUCCESS] bvid=BV1dUDSB8EeR 已成功抓取全部所需数据。
[2026-04-16 03:16:41] [SUCCESS] bvid=BV1ykDyBFEzS 已成功抓取全部所需数据。
[2026-04-16 03:16:46] [SUCCESS] bvid=BV1knDDBBEkN 已成功抓取全部所需数据。
[2026-04-16 03:16:52] [SUCCESS] bvid=BV1FWDDBqE7C 已成功抓取全部所需数据。
[2026-04-16 03:16:58] [SUCCESS] bvid=BV1cnDDBzEXw 已成功抓取全部所需数据。
[2026-04-16 03:17:03] [SUCCESS] bvid=BV1cnDDBzEYt 已成功抓取全部所需数据。
[2026-04-16 03:17:09] [SUCCESS] bvid=BV1pnDDBzEuj 已成功抓取全部所需数据。
[2026-04-16 03:17:14] [SUCCESS] bvid=BV1FpDDBMESi 已成功抓取全部所需数据。
[2026-04-16 03:17:19] [SUCCESS] bvid=BV1DLDmBLEJk 已成功抓取全部所需数据。
[2026-04-16 03:17:30] [SUCCESS] bvid=BV1A7DDBrEMm 已成功抓取全部所需数据。
[2026-04-16 03:17:35] [SUCCESS] bvid=BV1C7DDB6EcG 已成功抓取全部所需数据。
[2026-04-16 03:17:41] [SUCCESS] bvid=BV1k7DDB6E1b 已成功抓取全部所需数据。
[2026-04-16 03:17:46] [SUCCESS] bvid=BV16pDDBTEQy 已成功抓取全部所需数据。
[2026-04-16 03:17:51] [SUCCESS] bvid=BV1P7DDBrELG 已成功抓取全部所需数据。
[2026-04-16 03:18:10] [SUCCESS] bvid=BV1w7DDBrEoB 已成功抓取全部所需数据。
[2026-04-16 03:18:27] [SUCCESS] bvid=BV1kJDDBuE9L 已成功抓取全部所需数据。
[2026-04-16 03:18:33] [SUCCESS] bvid=BV1wuDyBXE4x 已成功抓取全部所需数据。
[2026-04-16 03:18:38] [SUCCESS] bvid=BV1rJDDBuELc 已成功抓取全部所需数据。
[2026-04-16 03:18:44] [SUCCESS] bvid=BV1z4DDBeEn3 已成功抓取全部所需数据。
[2026-04-16 03:18:50] [SUCCESS] bvid=BV1kJDDBuEaZ 已成功抓取全部所需数据。
[2026-04-16 03:19:03] [SUCCESS] bvid=BV1B4DDBeExH 已成功抓取全部所需数据。
[2026-04-16 03:19:14] [SUCCESS] bvid=BV1iWDZBSEaR 已成功抓取全部所需数据。
[2026-04-16 03:19:20] [SUCCESS] bvid=BV1fLDvBdE1X 已成功抓取全部所需数据。
[2026-04-16 03:19:26] [SUCCESS] bvid=BV1xUQFB3EjB 已成功抓取全部所需数据。
[2026-04-16 03:19:31] [SUCCESS] bvid=BV1xUQFB3EXr 已成功抓取全部所需数据。
[2026-04-16 03:19:37] [SUCCESS] bvid=BV115DDBkEvD 已成功抓取全部所需数据。
[2026-04-16 03:19:56] [SUCCESS] bvid=BV1K9QwB1EmK 已成功抓取全部所需数据。
[2026-04-16 03:19:56] [INFO] 当前 batch_crawl 已完成，所有视频均已成功抓取。
[2026-04-16 03:19:56] 子任务结束时间：2026-04-16T03:19:56.188739
[TIMESTAMP][END] 2026-04-16T03:19:56
