[TIMESTAMP][BEGIN] 2026-04-15T23:54:43
[2026-04-15 23:54:45] 开始执行 CSV 批量抓取子任务 part_12。
[2026-04-15 23:54:45] 子任务开始时间：2026-04-15T23:54:43.251602
[2026-04-15 23:54:45] 输入文件：batch_input_12.csv
[2026-04-15 23:54:45] 输入唯一 bvid 数量：100
[2026-04-15 23:54:45] 为严格按 CSV 顺序判断连续失败阈值，本次任务自动将并发度从 2 调整为 1。
[2026-04-15 23:54:52] [SUCCESS] bvid=BV1eUDeBLEeg 已成功抓取全部所需数据。
[2026-04-15 23:54:58] [SUCCESS] bvid=BV17RQxBAENV 已成功抓取全部所需数据。
[2026-04-15 23:55:04] [SUCCESS] bvid=BV1H5QaB9Ekq 已成功抓取全部所需数据。
[2026-04-15 23:55:11] [SUCCESS] bvid=BV1nnQeBtETn 已成功抓取全部所需数据。
[2026-04-15 23:55:17] [SUCCESS] bvid=BV1wnQeBbEWU 已成功抓取全部所需数据。
[2026-04-15 23:55:24] [SUCCESS] bvid=BV1xXQeBiE2q 已成功抓取全部所需数据。
[2026-04-15 23:55:30] [SUCCESS] bvid=BV1xSQeBBER2 已成功抓取全部所需数据。
[2026-04-15 23:55:37] [SUCCESS] bvid=BV1wZQaBsEAs 已成功抓取全部所需数据。
[2026-04-15 23:55:43] [SUCCESS] bvid=BV1KSQeBBEEx 已成功抓取全部所需数据。
[2026-04-15 23:55:49] [SUCCESS] bvid=BV1tSQeBBEYf 已成功抓取全部所需数据。
[2026-04-15 23:55:56] [SUCCESS] bvid=BV1KQQeBTEfw 已成功抓取全部所需数据。
[2026-04-15 23:56:07] [SUCCESS] bvid=BV1AfQeBaEiE 已成功抓取全部所需数据。
[2026-04-15 23:56:13] [SUCCESS] bvid=BV1FcQvBcESV 已成功抓取全部所需数据。
[2026-04-15 23:56:19] [SUCCESS] bvid=BV1ccQvBcEyj 已成功抓取全部所需数据。
[2026-04-15 23:56:26] [SUCCESS] bvid=BV1tXQ4BpEZ9 已成功抓取全部所需数据。
[2026-04-15 23:56:32] [SUCCESS] bvid=BV1WbQhBxE65 已成功抓取全部所需数据。
[2026-04-15 23:56:38] [SUCCESS] bvid=BV1e3QYB1Ekx 已成功抓取全部所需数据。
[2026-04-15 23:56:43] [SUCCESS] bvid=BV19qQeB2EE5 已成功抓取全部所需数据。
[2026-04-15 23:56:49] [SUCCESS] bvid=BV1GzQeBLEyQ 已成功抓取全部所需数据。
[2026-04-15 23:57:01] [SUCCESS] bvid=BV1M2QeB6EYs 已成功抓取全部所需数据。
[2026-04-15 23:57:07] [SUCCESS] bvid=BV1u2QeB6EhM 已成功抓取全部所需数据。
[2026-04-15 23:57:14] [SUCCESS] bvid=BV1y7QsBBEx4 已成功抓取全部所需数据。
[2026-04-15 23:57:26] [SUCCESS] bvid=BV1vyQbBiEh6 已成功抓取全部所需数据。
[2026-04-15 23:57:33] [SUCCESS] bvid=BV1q2DfBXELT 已成功抓取全部所需数据。
[2026-04-15 23:57:44] [SUCCESS] bvid=BV16hQPBuE7s 已成功抓取全部所需数据。
[2026-04-15 23:57:50] [SUCCESS] bvid=BV1M1QeB3EXs 已成功抓取全部所需数据。
[2026-04-15 23:57:56] [SUCCESS] bvid=BV1sMQaBZES4 已成功抓取全部所需数据。
[2026-04-15 23:58:02] [SUCCESS] bvid=BV11MQaBZEbi 已成功抓取全部所需数据。
[2026-04-15 23:58:15] [SUCCESS] bvid=BV11KQaBFE3B 已成功抓取全部所需数据。
[2026-04-15 23:58:27] [SUCCESS] bvid=BV1XMQbBcEUS 已成功抓取全部所需数据。
[2026-04-15 23:58:33] [SUCCESS] bvid=BV1eDQhBgE6e 已成功抓取全部所需数据。
[2026-04-15 23:58:39] [SUCCESS] bvid=BV1cYQhBXEQj 已成功抓取全部所需数据。
[2026-04-15 23:58:45] [SUCCESS] bvid=BV1nHQFBfEP3 已成功抓取全部所需数据。
[2026-04-15 23:58:51] [SUCCESS] bvid=BV1iqQ4BYEGQ 已成功抓取全部所需数据。
[2026-04-15 23:58:57] [SUCCESS] bvid=BV1jTQYBEEc1 已成功抓取全部所需数据。
[2026-04-15 23:59:02] [SUCCESS] bvid=BV1p3QaBdE4w 已成功抓取全部所需数据。
[2026-04-15 23:59:08] [SUCCESS] bvid=BV1VVQYB5Eqd 已成功抓取全部所需数据。
[2026-04-15 23:59:14] [SUCCESS] bvid=BV1FwQYBQE3X 已成功抓取全部所需数据。
[2026-04-15 23:59:21] [SUCCESS] bvid=BV1c9Q8BJEAQ 已成功抓取全部所需数据。
[2026-04-15 23:59:27] [SUCCESS] bvid=BV1PmQ8BWEXK 已成功抓取全部所需数据。
[2026-04-15 23:59:33] [SUCCESS] bvid=BV1tzQ8BfEbL 已成功抓取全部所需数据。
[2026-04-15 23:59:39] [SUCCESS] bvid=BV1XGQhBKEkJ 已成功抓取全部所需数据。
[2026-04-15 23:59:46] [SUCCESS] bvid=BV13VQhBiEPo 已成功抓取全部所需数据。
[2026-04-15 23:59:52] [SUCCESS] bvid=BV1gjQhBeE5r 已成功抓取全部所需数据。
[2026-04-15 23:59:58] [SUCCESS] bvid=BV1tJQhBaEfR 已成功抓取全部所需数据。
[2026-04-16 00:00:04] [SUCCESS] bvid=BV1DjQhBYEnk 已成功抓取全部所需数据。
[2026-04-16 00:00:11] [SUCCESS] bvid=BV1ZFQhB5EWK 已成功抓取全部所需数据。
[2026-04-16 00:00:17] [SUCCESS] bvid=BV1EFQhBLED1 已成功抓取全部所需数据。
[2026-04-16 00:00:23] [SUCCESS] bvid=BV1ocQhBCExS 已成功抓取全部所需数据。
[2026-04-16 00:00:35] [SUCCESS] bvid=BV1K6QtBnEZq 已成功抓取全部所需数据。
[2026-04-16 00:00:40] [SUCCESS] bvid=BV1ZcQhBCEBu 已成功抓取全部所需数据。
[2026-04-16 00:00:47] [SUCCESS] bvid=BV1ZZQ8B1EdG 已成功抓取全部所需数据。
[2026-04-16 00:00:53] [SUCCESS] bvid=BV1RTQhBzErd 已成功抓取全部所需数据。
[2026-04-16 00:00:59] [SUCCESS] bvid=BV1SuQ4BQEG3 已成功抓取全部所需数据。
[2026-04-16 00:01:05] [SUCCESS] bvid=BV1xmDZBPEh5 已成功抓取全部所需数据。
[2026-04-16 00:01:10] [SUCCESS] bvid=BV1oPQhBrEEE 已成功抓取全部所需数据。
[2026-04-16 00:01:16] [SUCCESS] bvid=BV1dAQhBGEvS 已成功抓取全部所需数据。
[2026-04-16 00:01:23] [SUCCESS] bvid=BV1dAQhBGEoH 已成功抓取全部所需数据。
[2026-04-16 00:01:28] [SUCCESS] bvid=BV1RPQhBrEQs 已成功抓取全部所需数据。
[2026-04-16 00:01:42] [SUCCESS] bvid=BV1jPQhBkExu 已成功抓取全部所需数据。
[2026-04-16 00:01:48] [SUCCESS] bvid=BV1riQhBSEvq 已成功抓取全部所需数据。
[2026-04-16 00:01:54] [SUCCESS] bvid=BV1ciQhBDE6S 已成功抓取全部所需数据。
[2026-04-16 00:02:00] [SUCCESS] bvid=BV1ciQhBDER3 已成功抓取全部所需数据。
[2026-04-16 00:02:05] [SUCCESS] bvid=BV1FBQhBJESd 已成功抓取全部所需数据。
[2026-04-16 00:02:11] [SUCCESS] bvid=BV16BQhBEEuB 已成功抓取全部所需数据。
[2026-04-16 00:02:23] [SUCCESS] bvid=BV16BQhBEEJq 已成功抓取全部所需数据。
[2026-04-16 00:02:28] [SUCCESS] bvid=BV1HYQhBXEre 已成功抓取全部所需数据。
[2026-04-16 00:02:35] [SUCCESS] bvid=BV1rvQhBnEd5 已成功抓取全部所需数据。
[2026-04-16 00:02:41] [SUCCESS] bvid=BV1dyQhB5ECe 已成功抓取全部所需数据。
[2026-04-16 00:02:47] [SUCCESS] bvid=BV1zzQhBmE3i 已成功抓取全部所需数据。
[2026-04-16 00:02:53] [SUCCESS] bvid=BV1BrQhBjECS 已成功抓取全部所需数据。
[2026-04-16 00:02:59] [SUCCESS] bvid=BV1BrQhBjEXJ 已成功抓取全部所需数据。
[2026-04-16 00:03:10] [SUCCESS] bvid=BV1zrQhBjEx3 已成功抓取全部所需数据。
[2026-04-16 00:03:22] [SUCCESS] bvid=BV1mWQhBZEEk 已成功抓取全部所需数据。
[2026-04-16 00:03:28] [SUCCESS] bvid=BV11WQhBZEB9 已成功抓取全部所需数据。
[2026-04-16 00:03:35] [SUCCESS] bvid=BV1KxQhBtEu6 已成功抓取全部所需数据。
[2026-04-16 00:03:42] [SUCCESS] bvid=BV1THQhBcEtA 已成功抓取全部所需数据。
[2026-04-16 00:03:48] [SUCCESS] bvid=BV1RwQbBNE6R 已成功抓取全部所需数据。
[2026-04-16 00:03:54] [SUCCESS] bvid=BV1TpQhB8EVp 已成功抓取全部所需数据。
[2026-04-16 00:04:00] [SUCCESS] bvid=BV1MpQhB8EpT 已成功抓取全部所需数据。
[2026-04-16 00:04:05] [SUCCESS] bvid=BV1y8QhB9EFb 已成功抓取全部所需数据。
[2026-04-16 00:04:11] [SUCCESS] bvid=BV1waQhBWE1e 已成功抓取全部所需数据。
[2026-04-16 00:04:24] [SUCCESS] bvid=BV1N4QhBoExG 已成功抓取全部所需数据。
[2026-04-16 00:04:30] [SUCCESS] bvid=BV1PbQhBxEbG 已成功抓取全部所需数据。
[2026-04-16 00:04:36] [SUCCESS] bvid=BV11bQhBsEgw 已成功抓取全部所需数据。
[2026-04-16 00:04:43] [SUCCESS] bvid=BV1WyQtBmEAB 已成功抓取全部所需数据。
[2026-04-16 00:04:48] [SUCCESS] bvid=BV1NbQhBxEJm 已成功抓取全部所需数据。
[2026-04-16 00:04:55] [SUCCESS] bvid=BV1PyQtBmEE6 已成功抓取全部所需数据。
[2026-04-16 00:05:00] [SUCCESS] bvid=BV1A2QtBjEU2 已成功抓取全部所需数据。
[2026-04-16 00:05:08] [SUCCESS] bvid=BV1NrQtBSEZr 已成功抓取全部所需数据。
[2026-04-16 00:05:13] [SUCCESS] bvid=BV1xrQtBSEiH 已成功抓取全部所需数据。
[2026-04-16 00:05:19] [SUCCESS] bvid=BV1KrQtBSEws 已成功抓取全部所需数据。
[2026-04-16 00:05:26] [SUCCESS] bvid=BV1uaQtBdEsZ 已成功抓取全部所需数据。
[2026-04-16 00:05:32] [SUCCESS] bvid=BV1sCQtBEEcR 已成功抓取全部所需数据。
[2026-04-16 00:05:39] [SUCCESS] bvid=BV1NCQtBEE3V 已成功抓取全部所需数据。
[2026-04-16 00:05:44] [SUCCESS] bvid=BV1sCQtBEE9B 已成功抓取全部所需数据。
[2026-04-16 00:05:50] [SUCCESS] bvid=BV1cDQtBCEyz 已成功抓取全部所需数据。
[2026-04-16 00:05:56] [SUCCESS] bvid=BV1cDQtBCECv 已成功抓取全部所需数据。
[2026-04-16 00:06:03] [SUCCESS] bvid=BV1cXQtBGEcg 已成功抓取全部所需数据。
[2026-04-16 00:06:10] [SUCCESS] bvid=BV1nXQtBGEDQ 已成功抓取全部所需数据。
[2026-04-16 00:06:10] [INFO] 当前 batch_crawl 已完成，所有视频均已成功抓取。
[2026-04-16 00:06:10] 子任务结束时间：2026-04-16T00:06:10.118068
[TIMESTAMP][END] 2026-04-16T00:06:10
