[TIMESTAMP][BEGIN] 2026-04-15T21:19:31.549192
Bilibili Video Data Crawler Batch Crawl Summary
session_dir: D:\Schoolworks\Thesis\Bilibili-Datahub\outputs\video_data\manual_crawls\manual_crawl_stat_comment_20260415_211913
session_started_at: 2026-04-15T21:19:31.549192
session_completed_at: 2026-04-16T01:34:01.242666
original_csv_name: batch_input_1.csv
task_mode: realtime_only
original_bvid_count: 100
part_count: 19
interruption_count: 0
completed_all: True

part_1:
  started_at: 2026-04-15T21:19:31.549192
  finished_at: 2026-04-15T21:30:31.329986
  source_csv_name: batch_input_1.csv
  task_mode: realtime_only
  input_bvid_count: 100
  processed_count: 100
  success_count: 99
  failed_count: 1
  remaining_count: 1
  consecutive_failure_limit: 10
  stopped_due_to_consecutive_failures: False
  stop_reason: 当前子任务已结束，但仍有未成功抓取的视频，已导出 remaining CSV 供继续执行。
  log_file: logs/batch_crawl_part_1_20260415_213031.log
  remaining_file: remaining_bvids_part_1.csv

part_2:
  started_at: 2026-04-15T21:30:31.736161
  finished_at: 2026-04-15T21:43:57.254618
  source_csv_name: batch_input_2.csv
  task_mode: realtime_only
  input_bvid_count: 100
  processed_count: 100
  success_count: 100
  failed_count: 0
  remaining_count: 0
  consecutive_failure_limit: 10
  stopped_due_to_consecutive_failures: False
  stop_reason: 当前 batch_crawl 已完成，所有视频均已成功抓取。
  log_file: logs/batch_crawl_part_2_20260415_214357.log
  remaining_file: 

part_3:
  started_at: 2026-04-15T21:43:57.461247
  finished_at: 2026-04-15T21:57:03.653983
  source_csv_name: batch_input_3.csv
  task_mode: realtime_only
  input_bvid_count: 100
  processed_count: 100
  success_count: 100
  failed_count: 0
  remaining_count: 0
  consecutive_failure_limit: 10
  stopped_due_to_consecutive_failures: False
  stop_reason: 当前 batch_crawl 已完成，所有视频均已成功抓取。
  log_file: logs/batch_crawl_part_3_20260415_215703.log
  remaining_file: 

part_4:
  started_at: 2026-04-15T21:57:03.835952
  finished_at: 2026-04-15T22:17:31.907674
  source_csv_name: batch_input_4.csv
  task_mode: realtime_only
  input_bvid_count: 100
  processed_count: 100
  success_count: 100
  failed_count: 0
  remaining_count: 0
  consecutive_failure_limit: 10
  stopped_due_to_consecutive_failures: False
  stop_reason: 当前 batch_crawl 已完成，所有视频均已成功抓取。
  log_file: logs/batch_crawl_part_4_20260415_221731.log
  remaining_file: 

part_5:
  started_at: 2026-04-15T22:17:32.139010
  finished_at: 2026-04-15T22:31:10.568088
  source_csv_name: batch_input_5.csv
  task_mode: realtime_only
  input_bvid_count: 100
  processed_count: 100
  success_count: 100
  failed_count: 0
  remaining_count: 0
  consecutive_failure_limit: 10
  stopped_due_to_consecutive_failures: False
  stop_reason: 当前 batch_crawl 已完成，所有视频均已成功抓取。
  log_file: logs/batch_crawl_part_5_20260415_223110.log
  remaining_file: 

part_6:
  started_at: 2026-04-15T22:31:10.782769
  finished_at: 2026-04-15T22:45:35.064659
  source_csv_name: batch_input_6.csv
  task_mode: realtime_only
  input_bvid_count: 100
  processed_count: 100
  success_count: 100
  failed_count: 0
  remaining_count: 0
  consecutive_failure_limit: 10
  stopped_due_to_consecutive_failures: False
  stop_reason: 当前 batch_crawl 已完成，所有视频均已成功抓取。
  log_file: logs/batch_crawl_part_6_20260415_224535.log
  remaining_file: 

part_7:
  started_at: 2026-04-15T22:45:35.265571
  finished_at: 2026-04-15T22:59:11.093840
  source_csv_name: batch_input_7.csv
  task_mode: realtime_only
  input_bvid_count: 100
  processed_count: 100
  success_count: 100
  failed_count: 0
  remaining_count: 0
  consecutive_failure_limit: 10
  stopped_due_to_consecutive_failures: False
  stop_reason: 当前 batch_crawl 已完成，所有视频均已成功抓取。
  log_file: logs/batch_crawl_part_7_20260415_225911.log
  remaining_file: 

part_8:
  started_at: 2026-04-15T22:59:11.316028
  finished_at: 2026-04-15T23:13:21.033375
  source_csv_name: batch_input_8.csv
  task_mode: realtime_only
  input_bvid_count: 100
  processed_count: 100
  success_count: 100
  failed_count: 0
  remaining_count: 0
  consecutive_failure_limit: 10
  stopped_due_to_consecutive_failures: False
  stop_reason: 当前 batch_crawl 已完成，所有视频均已成功抓取。
  log_file: logs/batch_crawl_part_8_20260415_231321.log
  remaining_file: 

part_9:
  started_at: 2026-04-15T23:13:21.216219
  finished_at: 2026-04-15T23:27:41.629873
  source_csv_name: batch_input_9.csv
  task_mode: realtime_only
  input_bvid_count: 100
  processed_count: 100
  success_count: 99
  failed_count: 1
  remaining_count: 1
  consecutive_failure_limit: 10
  stopped_due_to_consecutive_failures: False
  stop_reason: 当前子任务已结束，但仍有未成功抓取的视频，已导出 remaining CSV 供继续执行。
  log_file: logs/batch_crawl_part_9_20260415_232741.log
  remaining_file: remaining_bvids_part_9.csv

part_10:
  started_at: 2026-04-15T23:27:41.822591
  finished_at: 2026-04-15T23:41:46.530461
  source_csv_name: batch_input_10.csv
  task_mode: realtime_only
  input_bvid_count: 100
  processed_count: 100
  success_count: 100
  failed_count: 0
  remaining_count: 0
  consecutive_failure_limit: 10
  stopped_due_to_consecutive_failures: False
  stop_reason: 当前 batch_crawl 已完成，所有视频均已成功抓取。
  log_file: logs/batch_crawl_part_10_20260415_234146.log
  remaining_file: 

part_11:
  started_at: 2026-04-15T23:41:46.760281
  finished_at: 2026-04-15T23:54:43.009325
  source_csv_name: batch_input_11.csv
  task_mode: realtime_only
  input_bvid_count: 100
  processed_count: 100
  success_count: 99
  failed_count: 1
  remaining_count: 1
  consecutive_failure_limit: 10
  stopped_due_to_consecutive_failures: False
  stop_reason: 当前子任务已结束，但仍有未成功抓取的视频，已导出 remaining CSV 供继续执行。
  log_file: logs/batch_crawl_part_11_20260415_235443.log
  remaining_file: remaining_bvids_part_11.csv

part_12:
  started_at: 2026-04-15T23:54:43.251602
  finished_at: 2026-04-16T00:06:10.118068
  source_csv_name: batch_input_12.csv
  task_mode: realtime_only
  input_bvid_count: 100
  processed_count: 100
  success_count: 100
  failed_count: 0
  remaining_count: 0
  consecutive_failure_limit: 10
  stopped_due_to_consecutive_failures: False
  stop_reason: 当前 batch_crawl 已完成，所有视频均已成功抓取。
  log_file: logs/batch_crawl_part_12_20260416_000610.log
  remaining_file: 

part_13:
  started_at: 2026-04-16T00:06:10.300800
  finished_at: 2026-04-16T00:18:50.353910
  source_csv_name: batch_input_13.csv
  task_mode: realtime_only
  input_bvid_count: 100
  processed_count: 100
  success_count: 99
  failed_count: 1
  remaining_count: 1
  consecutive_failure_limit: 10
  stopped_due_to_consecutive_failures: False
  stop_reason: 当前子任务已结束，但仍有未成功抓取的视频，已导出 remaining CSV 供继续执行。
  log_file: logs/batch_crawl_part_13_20260416_001850.log
  remaining_file: remaining_bvids_part_13.csv

part_14:
  started_at: 2026-04-16T00:18:50.540021
  finished_at: 2026-04-16T00:32:21.343642
  source_csv_name: batch_input_14.csv
  task_mode: realtime_only
  input_bvid_count: 100
  processed_count: 100
  success_count: 100
  failed_count: 0
  remaining_count: 0
  consecutive_failure_limit: 10
  stopped_due_to_consecutive_failures: False
  stop_reason: 当前 batch_crawl 已完成，所有视频均已成功抓取。
  log_file: logs/batch_crawl_part_14_20260416_003221.log
  remaining_file: 

part_15:
  started_at: 2026-04-16T00:32:21.554034
  finished_at: 2026-04-16T00:47:08.549867
  source_csv_name: batch_input_15.csv
  task_mode: realtime_only
  input_bvid_count: 100
  processed_count: 100
  success_count: 99
  failed_count: 1
  remaining_count: 1
  consecutive_failure_limit: 10
  stopped_due_to_consecutive_failures: False
  stop_reason: 当前子任务已结束，但仍有未成功抓取的视频，已导出 remaining CSV 供继续执行。
  log_file: logs/batch_crawl_part_15_20260416_004708.log
  remaining_file: remaining_bvids_part_15.csv

part_16:
  started_at: 2026-04-16T00:47:08.738187
  finished_at: 2026-04-16T00:59:24.886377
  source_csv_name: batch_input_16.csv
  task_mode: realtime_only
  input_bvid_count: 100
  processed_count: 100
  success_count: 100
  failed_count: 0
  remaining_count: 0
  consecutive_failure_limit: 10
  stopped_due_to_consecutive_failures: False
  stop_reason: 当前 batch_crawl 已完成，所有视频均已成功抓取。
  log_file: logs/batch_crawl_part_16_20260416_005924.log
  remaining_file: 

part_17:
  started_at: 2026-04-16T00:59:25.067032
  finished_at: 2026-04-16T01:11:19.149156
  source_csv_name: batch_input_17.csv
  task_mode: realtime_only
  input_bvid_count: 100
  processed_count: 100
  success_count: 99
  failed_count: 1
  remaining_count: 1
  consecutive_failure_limit: 10
  stopped_due_to_consecutive_failures: False
  stop_reason: 当前子任务已结束，但仍有未成功抓取的视频，已导出 remaining CSV 供继续执行。
  log_file: logs/batch_crawl_part_17_20260416_011119.log
  remaining_file: remaining_bvids_part_17.csv

part_18:
  started_at: 2026-04-16T01:11:19.396966
  finished_at: 2026-04-16T01:21:51.236391
  source_csv_name: batch_input_18.csv
  task_mode: realtime_only
  input_bvid_count: 100
  processed_count: 100
  success_count: 97
  failed_count: 3
  remaining_count: 3
  consecutive_failure_limit: 10
  stopped_due_to_consecutive_failures: False
  stop_reason: 当前子任务已结束，但仍有未成功抓取的视频，已导出 remaining CSV 供继续执行。
  log_file: logs/batch_crawl_part_18_20260416_012151.log
  remaining_file: remaining_bvids_part_18.csv

part_19:
  started_at: 2026-04-16T01:21:51.421318
  finished_at: 2026-04-16T01:34:01.242666
  source_csv_name: batch_input_19.csv
  task_mode: realtime_only
  input_bvid_count: 100
  processed_count: 100
  success_count: 100
  failed_count: 0
  remaining_count: 0
  consecutive_failure_limit: 10
  stopped_due_to_consecutive_failures: False
  stop_reason: 当前 batch_crawl 已完成，所有视频均已成功抓取。
  log_file: logs/batch_crawl_part_19_20260416_013401.log
  remaining_file:
[TIMESTAMP][END] 2026-04-16T01:34:01
