[TIMESTAMP][BEGIN] 2026-04-15T21:19:31.549192
Bilibili Video Data Crawler Batch Crawl Summary
session_dir: D:\Schoolworks\Thesis\Bilibili-Datahub\outputs\video_data\manual_crawls\manual_crawl_stat_comment_20260415_211913
session_started_at: 2026-04-15T21:19:31.549192
session_completed_at: 2026-04-16T07:17:20.906054
original_csv_name: batch_input_1.csv
task_mode: realtime_only
original_bvid_count: 100
part_count: 47
interruption_count: 0
completed_all: True

part_1:
  started_at: 2026-04-15T21:19:31.549192
  finished_at: 2026-04-15T21:30:31.329986
  source_csv_name: batch_input_1.csv
  task_mode: realtime_only
  input_bvid_count: 100
  processed_count: 100
  success_count: 99
  failed_count: 1
  remaining_count: 1
  consecutive_failure_limit: 10
  stopped_due_to_consecutive_failures: False
  stop_reason: 当前子任务已结束，但仍有未成功抓取的视频，已导出 remaining CSV 供继续执行。
  log_file: logs/batch_crawl_part_1_20260415_213031.log
  remaining_file: remaining_bvids_part_1.csv

part_2:
  started_at: 2026-04-15T21:30:31.736161
  finished_at: 2026-04-15T21:43:57.254618
  source_csv_name: batch_input_2.csv
  task_mode: realtime_only
  input_bvid_count: 100
  processed_count: 100
  success_count: 100
  failed_count: 0
  remaining_count: 0
  consecutive_failure_limit: 10
  stopped_due_to_consecutive_failures: False
  stop_reason: 当前 batch_crawl 已完成，所有视频均已成功抓取。
  log_file: logs/batch_crawl_part_2_20260415_214357.log
  remaining_file: 

part_3:
  started_at: 2026-04-15T21:43:57.461247
  finished_at: 2026-04-15T21:57:03.653983
  source_csv_name: batch_input_3.csv
  task_mode: realtime_only
  input_bvid_count: 100
  processed_count: 100
  success_count: 100
  failed_count: 0
  remaining_count: 0
  consecutive_failure_limit: 10
  stopped_due_to_consecutive_failures: False
  stop_reason: 当前 batch_crawl 已完成，所有视频均已成功抓取。
  log_file: logs/batch_crawl_part_3_20260415_215703.log
  remaining_file: 

part_4:
  started_at: 2026-04-15T21:57:03.835952
  finished_at: 2026-04-15T22:17:31.907674
  source_csv_name: batch_input_4.csv
  task_mode: realtime_only
  input_bvid_count: 100
  processed_count: 100
  success_count: 100
  failed_count: 0
  remaining_count: 0
  consecutive_failure_limit: 10
  stopped_due_to_consecutive_failures: False
  stop_reason: 当前 batch_crawl 已完成，所有视频均已成功抓取。
  log_file: logs/batch_crawl_part_4_20260415_221731.log
  remaining_file: 

part_5:
  started_at: 2026-04-15T22:17:32.139010
  finished_at: 2026-04-15T22:31:10.568088
  source_csv_name: batch_input_5.csv
  task_mode: realtime_only
  input_bvid_count: 100
  processed_count: 100
  success_count: 100
  failed_count: 0
  remaining_count: 0
  consecutive_failure_limit: 10
  stopped_due_to_consecutive_failures: False
  stop_reason: 当前 batch_crawl 已完成，所有视频均已成功抓取。
  log_file: logs/batch_crawl_part_5_20260415_223110.log
  remaining_file: 

part_6:
  started_at: 2026-04-15T22:31:10.782769
  finished_at: 2026-04-15T22:45:35.064659
  source_csv_name: batch_input_6.csv
  task_mode: realtime_only
  input_bvid_count: 100
  processed_count: 100
  success_count: 100
  failed_count: 0
  remaining_count: 0
  consecutive_failure_limit: 10
  stopped_due_to_consecutive_failures: False
  stop_reason: 当前 batch_crawl 已完成，所有视频均已成功抓取。
  log_file: logs/batch_crawl_part_6_20260415_224535.log
  remaining_file: 

part_7:
  started_at: 2026-04-15T22:45:35.265571
  finished_at: 2026-04-15T22:59:11.093840
  source_csv_name: batch_input_7.csv
  task_mode: realtime_only
  input_bvid_count: 100
  processed_count: 100
  success_count: 100
  failed_count: 0
  remaining_count: 0
  consecutive_failure_limit: 10
  stopped_due_to_consecutive_failures: False
  stop_reason: 当前 batch_crawl 已完成，所有视频均已成功抓取。
  log_file: logs/batch_crawl_part_7_20260415_225911.log
  remaining_file: 

part_8:
  started_at: 2026-04-15T22:59:11.316028
  finished_at: 2026-04-15T23:13:21.033375
  source_csv_name: batch_input_8.csv
  task_mode: realtime_only
  input_bvid_count: 100
  processed_count: 100
  success_count: 100
  failed_count: 0
  remaining_count: 0
  consecutive_failure_limit: 10
  stopped_due_to_consecutive_failures: False
  stop_reason: 当前 batch_crawl 已完成，所有视频均已成功抓取。
  log_file: logs/batch_crawl_part_8_20260415_231321.log
  remaining_file: 

part_9:
  started_at: 2026-04-15T23:13:21.216219
  finished_at: 2026-04-15T23:27:41.629873
  source_csv_name: batch_input_9.csv
  task_mode: realtime_only
  input_bvid_count: 100
  processed_count: 100
  success_count: 99
  failed_count: 1
  remaining_count: 1
  consecutive_failure_limit: 10
  stopped_due_to_consecutive_failures: False
  stop_reason: 当前子任务已结束，但仍有未成功抓取的视频，已导出 remaining CSV 供继续执行。
  log_file: logs/batch_crawl_part_9_20260415_232741.log
  remaining_file: remaining_bvids_part_9.csv

part_10:
  started_at: 2026-04-15T23:27:41.822591
  finished_at: 2026-04-15T23:41:46.530461
  source_csv_name: batch_input_10.csv
  task_mode: realtime_only
  input_bvid_count: 100
  processed_count: 100
  success_count: 100
  failed_count: 0
  remaining_count: 0
  consecutive_failure_limit: 10
  stopped_due_to_consecutive_failures: False
  stop_reason: 当前 batch_crawl 已完成，所有视频均已成功抓取。
  log_file: logs/batch_crawl_part_10_20260415_234146.log
  remaining_file: 

part_11:
  started_at: 2026-04-15T23:41:46.760281
  finished_at: 2026-04-15T23:54:43.009325
  source_csv_name: batch_input_11.csv
  task_mode: realtime_only
  input_bvid_count: 100
  processed_count: 100
  success_count: 99
  failed_count: 1
  remaining_count: 1
  consecutive_failure_limit: 10
  stopped_due_to_consecutive_failures: False
  stop_reason: 当前子任务已结束，但仍有未成功抓取的视频，已导出 remaining CSV 供继续执行。
  log_file: logs/batch_crawl_part_11_20260415_235443.log
  remaining_file: remaining_bvids_part_11.csv

part_12:
  started_at: 2026-04-15T23:54:43.251602
  finished_at: 2026-04-16T00:06:10.118068
  source_csv_name: batch_input_12.csv
  task_mode: realtime_only
  input_bvid_count: 100
  processed_count: 100
  success_count: 100
  failed_count: 0
  remaining_count: 0
  consecutive_failure_limit: 10
  stopped_due_to_consecutive_failures: False
  stop_reason: 当前 batch_crawl 已完成，所有视频均已成功抓取。
  log_file: logs/batch_crawl_part_12_20260416_000610.log
  remaining_file: 

part_13:
  started_at: 2026-04-16T00:06:10.300800
  finished_at: 2026-04-16T00:18:50.353910
  source_csv_name: batch_input_13.csv
  task_mode: realtime_only
  input_bvid_count: 100
  processed_count: 100
  success_count: 99
  failed_count: 1
  remaining_count: 1
  consecutive_failure_limit: 10
  stopped_due_to_consecutive_failures: False
  stop_reason: 当前子任务已结束，但仍有未成功抓取的视频，已导出 remaining CSV 供继续执行。
  log_file: logs/batch_crawl_part_13_20260416_001850.log
  remaining_file: remaining_bvids_part_13.csv

part_14:
  started_at: 2026-04-16T00:18:50.540021
  finished_at: 2026-04-16T00:32:21.343642
  source_csv_name: batch_input_14.csv
  task_mode: realtime_only
  input_bvid_count: 100
  processed_count: 100
  success_count: 100
  failed_count: 0
  remaining_count: 0
  consecutive_failure_limit: 10
  stopped_due_to_consecutive_failures: False
  stop_reason: 当前 batch_crawl 已完成，所有视频均已成功抓取。
  log_file: logs/batch_crawl_part_14_20260416_003221.log
  remaining_file: 

part_15:
  started_at: 2026-04-16T00:32:21.554034
  finished_at: 2026-04-16T00:47:08.549867
  source_csv_name: batch_input_15.csv
  task_mode: realtime_only
  input_bvid_count: 100
  processed_count: 100
  success_count: 99
  failed_count: 1
  remaining_count: 1
  consecutive_failure_limit: 10
  stopped_due_to_consecutive_failures: False
  stop_reason: 当前子任务已结束，但仍有未成功抓取的视频，已导出 remaining CSV 供继续执行。
  log_file: logs/batch_crawl_part_15_20260416_004708.log
  remaining_file: remaining_bvids_part_15.csv

part_16:
  started_at: 2026-04-16T00:47:08.738187
  finished_at: 2026-04-16T00:59:24.886377
  source_csv_name: batch_input_16.csv
  task_mode: realtime_only
  input_bvid_count: 100
  processed_count: 100
  success_count: 100
  failed_count: 0
  remaining_count: 0
  consecutive_failure_limit: 10
  stopped_due_to_consecutive_failures: False
  stop_reason: 当前 batch_crawl 已完成，所有视频均已成功抓取。
  log_file: logs/batch_crawl_part_16_20260416_005924.log
  remaining_file: 

part_17:
  started_at: 2026-04-16T00:59:25.067032
  finished_at: 2026-04-16T01:11:19.149156
  source_csv_name: batch_input_17.csv
  task_mode: realtime_only
  input_bvid_count: 100
  processed_count: 100
  success_count: 99
  failed_count: 1
  remaining_count: 1
  consecutive_failure_limit: 10
  stopped_due_to_consecutive_failures: False
  stop_reason: 当前子任务已结束，但仍有未成功抓取的视频，已导出 remaining CSV 供继续执行。
  log_file: logs/batch_crawl_part_17_20260416_011119.log
  remaining_file: remaining_bvids_part_17.csv

part_18:
  started_at: 2026-04-16T01:11:19.396966
  finished_at: 2026-04-16T01:21:51.236391
  source_csv_name: batch_input_18.csv
  task_mode: realtime_only
  input_bvid_count: 100
  processed_count: 100
  success_count: 97
  failed_count: 3
  remaining_count: 3
  consecutive_failure_limit: 10
  stopped_due_to_consecutive_failures: False
  stop_reason: 当前子任务已结束，但仍有未成功抓取的视频，已导出 remaining CSV 供继续执行。
  log_file: logs/batch_crawl_part_18_20260416_012151.log
  remaining_file: remaining_bvids_part_18.csv

part_19:
  started_at: 2026-04-16T01:21:51.421318
  finished_at: 2026-04-16T01:34:01.242666
  source_csv_name: batch_input_19.csv
  task_mode: realtime_only
  input_bvid_count: 100
  processed_count: 100
  success_count: 100
  failed_count: 0
  remaining_count: 0
  consecutive_failure_limit: 10
  stopped_due_to_consecutive_failures: False
  stop_reason: 当前 batch_crawl 已完成，所有视频均已成功抓取。
  log_file: logs/batch_crawl_part_19_20260416_013401.log
  remaining_file: 

part_20:
  started_at: 2026-04-16T01:34:01.438686
  finished_at: 2026-04-16T01:45:28.426866
  source_csv_name: batch_input_20.csv
  task_mode: realtime_only
  input_bvid_count: 100
  processed_count: 100
  success_count: 99
  failed_count: 1
  remaining_count: 1
  consecutive_failure_limit: 10
  stopped_due_to_consecutive_failures: False
  stop_reason: 当前子任务已结束，但仍有未成功抓取的视频，已导出 remaining CSV 供继续执行。
  log_file: logs/batch_crawl_part_20_20260416_014528.log
  remaining_file: remaining_bvids_part_20.csv

part_21:
  started_at: 2026-04-16T01:45:28.637252
  finished_at: 2026-04-16T02:08:25.827862
  source_csv_name: batch_input_21.csv
  task_mode: realtime_only
  input_bvid_count: 100
  processed_count: 100
  success_count: 100
  failed_count: 0
  remaining_count: 0
  consecutive_failure_limit: 10
  stopped_due_to_consecutive_failures: False
  stop_reason: 当前 batch_crawl 已完成，所有视频均已成功抓取。
  log_file: logs/batch_crawl_part_21_20260416_020825.log
  remaining_file: 

part_22:
  started_at: 2026-04-16T02:08:26.013037
  finished_at: 2026-04-16T02:19:34.256076
  source_csv_name: batch_input_22.csv
  task_mode: realtime_only
  input_bvid_count: 100
  processed_count: 100
  success_count: 98
  failed_count: 2
  remaining_count: 2
  consecutive_failure_limit: 10
  stopped_due_to_consecutive_failures: False
  stop_reason: 当前子任务已结束，但仍有未成功抓取的视频，已导出 remaining CSV 供继续执行。
  log_file: logs/batch_crawl_part_22_20260416_021934.log
  remaining_file: remaining_bvids_part_22.csv

part_23:
  started_at: 2026-04-16T02:19:34.438490
  finished_at: 2026-04-16T02:30:21.656988
  source_csv_name: batch_input_23.csv
  task_mode: realtime_only
  input_bvid_count: 100
  processed_count: 100
  success_count: 100
  failed_count: 0
  remaining_count: 0
  consecutive_failure_limit: 10
  stopped_due_to_consecutive_failures: False
  stop_reason: 当前 batch_crawl 已完成，所有视频均已成功抓取。
  log_file: logs/batch_crawl_part_23_20260416_023021.log
  remaining_file: 

part_24:
  started_at: 2026-04-16T02:30:21.835154
  finished_at: 2026-04-16T02:44:03.427099
  source_csv_name: batch_input_24.csv
  task_mode: realtime_only
  input_bvid_count: 100
  processed_count: 100
  success_count: 99
  failed_count: 1
  remaining_count: 1
  consecutive_failure_limit: 10
  stopped_due_to_consecutive_failures: False
  stop_reason: 当前子任务已结束，但仍有未成功抓取的视频，已导出 remaining CSV 供继续执行。
  log_file: logs/batch_crawl_part_24_20260416_024403.log
  remaining_file: remaining_bvids_part_24.csv

part_25:
  started_at: 2026-04-16T02:44:03.577716
  finished_at: 2026-04-16T02:54:04.209420
  source_csv_name: batch_input_25.csv
  task_mode: realtime_only
  input_bvid_count: 100
  processed_count: 100
  success_count: 98
  failed_count: 2
  remaining_count: 2
  consecutive_failure_limit: 10
  stopped_due_to_consecutive_failures: False
  stop_reason: 当前子任务已结束，但仍有未成功抓取的视频，已导出 remaining CSV 供继续执行。
  log_file: logs/batch_crawl_part_25_20260416_025404.log
  remaining_file: remaining_bvids_part_25.csv

part_26:
  started_at: 2026-04-16T02:54:04.399401
  finished_at: 2026-04-16T03:07:11.199657
  source_csv_name: batch_input_26.csv
  task_mode: realtime_only
  input_bvid_count: 100
  processed_count: 100
  success_count: 100
  failed_count: 0
  remaining_count: 0
  consecutive_failure_limit: 10
  stopped_due_to_consecutive_failures: False
  stop_reason: 当前 batch_crawl 已完成，所有视频均已成功抓取。
  log_file: logs/batch_crawl_part_26_20260416_030711.log
  remaining_file: 

part_27:
  started_at: 2026-04-16T03:07:11.409086
  finished_at: 2026-04-16T03:19:56.188739
  source_csv_name: batch_input_27.csv
  task_mode: realtime_only
  input_bvid_count: 100
  processed_count: 100
  success_count: 100
  failed_count: 0
  remaining_count: 0
  consecutive_failure_limit: 10
  stopped_due_to_consecutive_failures: False
  stop_reason: 当前 batch_crawl 已完成，所有视频均已成功抓取。
  log_file: logs/batch_crawl_part_27_20260416_031956.log
  remaining_file: 

part_28:
  started_at: 2026-04-16T03:19:56.356001
  finished_at: 2026-04-16T03:34:12.740215
  source_csv_name: batch_input_28.csv
  task_mode: realtime_only
  input_bvid_count: 100
  processed_count: 100
  success_count: 100
  failed_count: 0
  remaining_count: 0
  consecutive_failure_limit: 10
  stopped_due_to_consecutive_failures: False
  stop_reason: 当前 batch_crawl 已完成，所有视频均已成功抓取。
  log_file: logs/batch_crawl_part_28_20260416_033412.log
  remaining_file: 

part_29:
  started_at: 2026-04-16T03:34:13.057533
  finished_at: 2026-04-16T03:48:51.339040
  source_csv_name: batch_input_29.csv
  task_mode: realtime_only
  input_bvid_count: 100
  processed_count: 100
  success_count: 100
  failed_count: 0
  remaining_count: 0
  consecutive_failure_limit: 10
  stopped_due_to_consecutive_failures: False
  stop_reason: 当前 batch_crawl 已完成，所有视频均已成功抓取。
  log_file: logs/batch_crawl_part_29_20260416_034851.log
  remaining_file: 

part_30:
  started_at: 2026-04-16T03:48:51.911794
  finished_at: 2026-04-16T04:00:42.358126
  source_csv_name: batch_input_30.csv
  task_mode: realtime_only
  input_bvid_count: 100
  processed_count: 100
  success_count: 99
  failed_count: 1
  remaining_count: 1
  consecutive_failure_limit: 10
  stopped_due_to_consecutive_failures: False
  stop_reason: 当前子任务已结束，但仍有未成功抓取的视频，已导出 remaining CSV 供继续执行。
  log_file: logs/batch_crawl_part_30_20260416_040042.log
  remaining_file: remaining_bvids_part_30.csv

part_31:
  started_at: 2026-04-16T04:00:42.528064
  finished_at: 2026-04-16T04:15:12.593564
  source_csv_name: batch_input_31.csv
  task_mode: realtime_only
  input_bvid_count: 100
  processed_count: 100
  success_count: 99
  failed_count: 1
  remaining_count: 1
  consecutive_failure_limit: 10
  stopped_due_to_consecutive_failures: False
  stop_reason: 当前子任务已结束，但仍有未成功抓取的视频，已导出 remaining CSV 供继续执行。
  log_file: logs/batch_crawl_part_31_20260416_041512.log
  remaining_file: remaining_bvids_part_31.csv

part_32:
  started_at: 2026-04-16T04:15:12.742062
  finished_at: 2026-04-16T04:27:21.467449
  source_csv_name: batch_input_32.csv
  task_mode: realtime_only
  input_bvid_count: 100
  processed_count: 100
  success_count: 100
  failed_count: 0
  remaining_count: 0
  consecutive_failure_limit: 10
  stopped_due_to_consecutive_failures: False
  stop_reason: 当前 batch_crawl 已完成，所有视频均已成功抓取。
  log_file: logs/batch_crawl_part_32_20260416_042721.log
  remaining_file: 

part_33:
  started_at: 2026-04-16T04:27:21.646553
  finished_at: 2026-04-16T04:39:09.585955
  source_csv_name: batch_input_33.csv
  task_mode: realtime_only
  input_bvid_count: 100
  processed_count: 100
  success_count: 99
  failed_count: 1
  remaining_count: 1
  consecutive_failure_limit: 10
  stopped_due_to_consecutive_failures: False
  stop_reason: 当前子任务已结束，但仍有未成功抓取的视频，已导出 remaining CSV 供继续执行。
  log_file: logs/batch_crawl_part_33_20260416_043909.log
  remaining_file: remaining_bvids_part_33.csv

part_34:
  started_at: 2026-04-16T04:39:09.747459
  finished_at: 2026-04-16T04:49:27.201032
  source_csv_name: batch_input_34.csv
  task_mode: realtime_only
  input_bvid_count: 100
  processed_count: 100
  success_count: 99
  failed_count: 1
  remaining_count: 1
  consecutive_failure_limit: 10
  stopped_due_to_consecutive_failures: False
  stop_reason: 当前子任务已结束，但仍有未成功抓取的视频，已导出 remaining CSV 供继续执行。
  log_file: logs/batch_crawl_part_34_20260416_044927.log
  remaining_file: remaining_bvids_part_34.csv

part_35:
  started_at: 2026-04-16T04:49:27.370959
  finished_at: 2026-04-16T05:01:27.934989
  source_csv_name: batch_input_35.csv
  task_mode: realtime_only
  input_bvid_count: 100
  processed_count: 100
  success_count: 97
  failed_count: 3
  remaining_count: 3
  consecutive_failure_limit: 10
  stopped_due_to_consecutive_failures: False
  stop_reason: 当前子任务已结束，但仍有未成功抓取的视频，已导出 remaining CSV 供继续执行。
  log_file: logs/batch_crawl_part_35_20260416_050127.log
  remaining_file: remaining_bvids_part_35.csv

part_36:
  started_at: 2026-04-16T05:01:28.118587
  finished_at: 2026-04-16T05:14:02.620757
  source_csv_name: batch_input_36.csv
  task_mode: realtime_only
  input_bvid_count: 100
  processed_count: 100
  success_count: 99
  failed_count: 1
  remaining_count: 1
  consecutive_failure_limit: 10
  stopped_due_to_consecutive_failures: False
  stop_reason: 当前子任务已结束，但仍有未成功抓取的视频，已导出 remaining CSV 供继续执行。
  log_file: logs/batch_crawl_part_36_20260416_051402.log
  remaining_file: remaining_bvids_part_36.csv

part_37:
  started_at: 2026-04-16T05:14:02.805460
  finished_at: 2026-04-16T05:25:54.225148
  source_csv_name: batch_input_37.csv
  task_mode: realtime_only
  input_bvid_count: 100
  processed_count: 100
  success_count: 99
  failed_count: 1
  remaining_count: 1
  consecutive_failure_limit: 10
  stopped_due_to_consecutive_failures: False
  stop_reason: 当前子任务已结束，但仍有未成功抓取的视频，已导出 remaining CSV 供继续执行。
  log_file: logs/batch_crawl_part_37_20260416_052554.log
  remaining_file: remaining_bvids_part_37.csv

part_38:
  started_at: 2026-04-16T05:25:54.762721
  finished_at: 2026-04-16T05:35:57.230910
  source_csv_name: batch_input_38.csv
  task_mode: realtime_only
  input_bvid_count: 100
  processed_count: 100
  success_count: 97
  failed_count: 3
  remaining_count: 3
  consecutive_failure_limit: 10
  stopped_due_to_consecutive_failures: False
  stop_reason: 当前子任务已结束，但仍有未成功抓取的视频，已导出 remaining CSV 供继续执行。
  log_file: logs/batch_crawl_part_38_20260416_053557.log
  remaining_file: remaining_bvids_part_38.csv

part_39:
  started_at: 2026-04-16T05:35:57.405975
  finished_at: 2026-04-16T05:47:13.894689
  source_csv_name: batch_input_39.csv
  task_mode: realtime_only
  input_bvid_count: 100
  processed_count: 100
  success_count: 98
  failed_count: 2
  remaining_count: 2
  consecutive_failure_limit: 10
  stopped_due_to_consecutive_failures: False
  stop_reason: 当前子任务已结束，但仍有未成功抓取的视频，已导出 remaining CSV 供继续执行。
  log_file: logs/batch_crawl_part_39_20260416_054713.log
  remaining_file: remaining_bvids_part_39.csv

part_40:
  started_at: 2026-04-16T05:47:14.057328
  finished_at: 2026-04-16T05:59:45.495456
  source_csv_name: batch_input_40.csv
  task_mode: realtime_only
  input_bvid_count: 100
  processed_count: 100
  success_count: 99
  failed_count: 1
  remaining_count: 1
  consecutive_failure_limit: 10
  stopped_due_to_consecutive_failures: False
  stop_reason: 当前子任务已结束，但仍有未成功抓取的视频，已导出 remaining CSV 供继续执行。
  log_file: logs/batch_crawl_part_40_20260416_055945.log
  remaining_file: remaining_bvids_part_40.csv

part_41:
  started_at: 2026-04-16T05:59:45.676411
  finished_at: 2026-04-16T06:14:02.478987
  source_csv_name: batch_input_41.csv
  task_mode: realtime_only
  input_bvid_count: 100
  processed_count: 100
  success_count: 98
  failed_count: 2
  remaining_count: 2
  consecutive_failure_limit: 10
  stopped_due_to_consecutive_failures: False
  stop_reason: 当前子任务已结束，但仍有未成功抓取的视频，已导出 remaining CSV 供继续执行。
  log_file: logs/batch_crawl_part_41_20260416_061402.log
  remaining_file: remaining_bvids_part_41.csv

part_42:
  started_at: 2026-04-16T06:14:03.054542
  finished_at: 2026-04-16T06:23:41.822328
  source_csv_name: batch_input_42.csv
  task_mode: realtime_only
  input_bvid_count: 100
  processed_count: 100
  success_count: 100
  failed_count: 0
  remaining_count: 0
  consecutive_failure_limit: 10
  stopped_due_to_consecutive_failures: False
  stop_reason: 当前 batch_crawl 已完成，所有视频均已成功抓取。
  log_file: logs/batch_crawl_part_42_20260416_062341.log
  remaining_file: 

part_43:
  started_at: 2026-04-16T06:23:42.005425
  finished_at: 2026-04-16T06:33:47.519256
  source_csv_name: batch_input_43.csv
  task_mode: realtime_only
  input_bvid_count: 100
  processed_count: 100
  success_count: 99
  failed_count: 1
  remaining_count: 1
  consecutive_failure_limit: 10
  stopped_due_to_consecutive_failures: False
  stop_reason: 当前子任务已结束，但仍有未成功抓取的视频，已导出 remaining CSV 供继续执行。
  log_file: logs/batch_crawl_part_43_20260416_063347.log
  remaining_file: remaining_bvids_part_43.csv

part_44:
  started_at: 2026-04-16T06:33:47.661492
  finished_at: 2026-04-16T06:44:02.220054
  source_csv_name: batch_input_44.csv
  task_mode: realtime_only
  input_bvid_count: 100
  processed_count: 100
  success_count: 99
  failed_count: 1
  remaining_count: 1
  consecutive_failure_limit: 10
  stopped_due_to_consecutive_failures: False
  stop_reason: 当前子任务已结束，但仍有未成功抓取的视频，已导出 remaining CSV 供继续执行。
  log_file: logs/batch_crawl_part_44_20260416_064402.log
  remaining_file: remaining_bvids_part_44.csv

part_45:
  started_at: 2026-04-16T06:44:02.403499
  finished_at: 2026-04-16T06:54:43.676448
  source_csv_name: batch_input_45.csv
  task_mode: realtime_only
  input_bvid_count: 100
  processed_count: 100
  success_count: 100
  failed_count: 0
  remaining_count: 0
  consecutive_failure_limit: 10
  stopped_due_to_consecutive_failures: False
  stop_reason: 当前 batch_crawl 已完成，所有视频均已成功抓取。
  log_file: logs/batch_crawl_part_45_20260416_065443.log
  remaining_file: 

part_46:
  started_at: 2026-04-16T06:54:43.887802
  finished_at: 2026-04-16T07:05:29.131051
  source_csv_name: batch_input_46.csv
  task_mode: realtime_only
  input_bvid_count: 100
  processed_count: 100
  success_count: 98
  failed_count: 2
  remaining_count: 2
  consecutive_failure_limit: 10
  stopped_due_to_consecutive_failures: False
  stop_reason: 当前子任务已结束，但仍有未成功抓取的视频，已导出 remaining CSV 供继续执行。
  log_file: logs/batch_crawl_part_46_20260416_070529.log
  remaining_file: remaining_bvids_part_46.csv

part_47:
  started_at: 2026-04-16T07:05:29.309850
  finished_at: 2026-04-16T07:17:20.906054
  source_csv_name: batch_input_47.csv
  task_mode: realtime_only
  input_bvid_count: 100
  processed_count: 100
  success_count: 100
  failed_count: 0
  remaining_count: 0
  consecutive_failure_limit: 10
  stopped_due_to_consecutive_failures: False
  stop_reason: 当前 batch_crawl 已完成，所有视频均已成功抓取。
  log_file: logs/batch_crawl_part_47_20260416_071720.log
  remaining_file:
[TIMESTAMP][END] 2026-04-16T07:17:20
