[TIMESTAMP][BEGIN] 2026-04-08T09:02:20
[2026-04-08 09:02:22] 开始执行 CSV 批量抓取子任务 part_48。
[2026-04-08 09:02:22] 子任务开始时间：2026-04-08T09:02:20.011368
[2026-04-08 09:02:22] 输入文件：batch_input_48.csv
[2026-04-08 09:02:22] 输入唯一 bvid 数量：100
[2026-04-08 09:02:22] 为严格按 CSV 顺序判断连续失败阈值，本次任务自动将并发度从 2 调整为 1。
[2026-04-08 09:02:29] [SUCCESS] bvid=BV1J397B7EYM 已成功抓取全部所需数据。
[2026-04-08 09:02:35] [SUCCESS] bvid=BV1CzXCBFE8P 已成功抓取全部所需数据。
[2026-04-08 09:02:42] [SUCCESS] bvid=BV1sXX6B9ESb 已成功抓取全部所需数据。
[2026-04-08 09:02:48] [SUCCESS] bvid=BV1hv9GBxEfC 已成功抓取全部所需数据。
[2026-04-08 09:02:55] [SUCCESS] bvid=BV1iX9LB6Eyb 已成功抓取全部所需数据。
[2026-04-08 09:03:01] [SUCCESS] bvid=BV1iX9LB6EtK 已成功抓取全部所需数据。
[2026-04-08 09:03:07] [SUCCESS] bvid=BV1PC97BxE3Y 已成功抓取全部所需数据。
[2026-04-08 09:03:14] [SUCCESS] bvid=BV1gnXzBoEUc 已成功抓取全部所需数据。
[2026-04-08 09:03:27] [SUCCESS] bvid=BV1Ko9jBoE3Z 已成功抓取全部所需数据。
[2026-04-08 09:03:44] [SUCCESS] bvid=BV1Ko9jBoEhB 已成功抓取全部所需数据。
[2026-04-08 09:04:03] [SUCCESS] bvid=BV1yo9jBoEzn 已成功抓取全部所需数据。
[2026-04-08 09:04:21] [SUCCESS] bvid=BV1ez9jBuEJF 已成功抓取全部所需数据。
[2026-04-08 09:04:39] [SUCCESS] bvid=BV1xo9jBoEr1 已成功抓取全部所需数据。
[2026-04-08 09:04:51] [SUCCESS] bvid=BV1Ko9jBoEoj 已成功抓取全部所需数据。
[2026-04-08 09:04:56] [SUCCESS] bvid=BV1Ko9jBoEB6 已成功抓取全部所需数据。
[2026-04-08 09:05:02] [SUCCESS] bvid=BV1Nf9jBxELz 已成功抓取全部所需数据。
[2026-04-08 09:05:08] [SUCCESS] bvid=BV1Kf9jBxEcz 已成功抓取全部所需数据。
[2026-04-08 09:05:13] [SUCCESS] bvid=BV1Kf9jBxEAj 已成功抓取全部所需数据。
[2026-04-08 09:05:13] [ERROR] bvid=BV1Nf9jBxE2P 抓取失败：stat: 接口返回错误代码：-404，信息：啥都木有。
{'code': -404, 'message': '啥都木有', 'ttl': 1} | comment: 接口返回错误代码：-404，信息：啥都木有。
{'code': -404, 'message': '啥都木有', 'ttl': 1}
[2026-04-08 09:05:19] [SUCCESS] bvid=BV1Td9jBtE3o 已成功抓取全部所需数据。
[2026-04-08 09:05:24] [SUCCESS] bvid=BV1Nd9jBtEZJ 已成功抓取全部所需数据。
[2026-04-08 09:05:29] [SUCCESS] bvid=BV1Kd9jBtERd 已成功抓取全部所需数据。
[2026-04-08 09:05:35] [SUCCESS] bvid=BV14d9jBtEBu 已成功抓取全部所需数据。
[2026-04-08 09:05:40] [SUCCESS] bvid=BV1Td9jBtEHe 已成功抓取全部所需数据。
[2026-04-08 09:05:46] [SUCCESS] bvid=BV1X69jBBEvN 已成功抓取全部所需数据。
[2026-04-08 09:05:51] [SUCCESS] bvid=BV1Vz9jBuESC 已成功抓取全部所需数据。
[2026-04-08 09:05:57] [SUCCESS] bvid=BV1ez9jBuEkz 已成功抓取全部所需数据。
[2026-04-08 09:06:02] [SUCCESS] bvid=BV1Lz9jBuEWa 已成功抓取全部所需数据。
[2026-04-08 09:06:08] [SUCCESS] bvid=BV1Lz9jBuEpk 已成功抓取全部所需数据。
[2026-04-08 09:06:13] [SUCCESS] bvid=BV1h19jBNEDS 已成功抓取全部所需数据。
[2026-04-08 09:06:19] [SUCCESS] bvid=BV1v69jBBEFe 已成功抓取全部所需数据。
[2026-04-08 09:06:24] [SUCCESS] bvid=BV1e69jBBEBR 已成功抓取全部所需数据。
[2026-04-08 09:06:29] [SUCCESS] bvid=BV1569jBBEpC 已成功抓取全部所需数据。
[2026-04-08 09:06:34] [SUCCESS] bvid=BV1ji9jB3E87 已成功抓取全部所需数据。
[2026-04-08 09:16:40] [SUCCESS] bvid=BV1ii9jB3E2f 已成功抓取全部所需数据。
[2026-04-08 09:16:46] [SUCCESS] bvid=BV17L97ByEBd 已成功抓取全部所需数据。
[2026-04-08 09:16:51] [SUCCESS] bvid=BV1Li9jB3EHc 已成功抓取全部所需数据。
[2026-04-08 09:16:57] [SUCCESS] bvid=BV1ji9jB3E7t 已成功抓取全部所需数据。
[2026-04-08 09:17:02] [SUCCESS] bvid=BV1rtXYBoEnX 已成功抓取全部所需数据。
[2026-04-08 09:17:08] [SUCCESS] bvid=BV1RZXrBuEcy 已成功抓取全部所需数据。
[2026-04-08 09:17:13] [SUCCESS] bvid=BV1t195B4Edg 已成功抓取全部所需数据。
[2026-04-08 09:17:19] [SUCCESS] bvid=BV1mgXkBcEbP 已成功抓取全部所需数据。
[2026-04-08 09:17:24] [SUCCESS] bvid=BV1K697BtEKe 已成功抓取全部所需数据。
[2026-04-08 09:17:29] [SUCCESS] bvid=BV1Ay97BREV5 已成功抓取全部所需数据。
[2026-04-08 09:17:35] [SUCCESS] bvid=BV15q9jB6E2a 已成功抓取全部所需数据。
[2026-04-08 09:17:40] [SUCCESS] bvid=BV1319jBNELD 已成功抓取全部所需数据。
[2026-04-08 09:17:46] [SUCCESS] bvid=BV15q9jB6EdQ 已成功抓取全部所需数据。
[2026-04-08 09:17:51] [SUCCESS] bvid=BV1vq9jB6EMg 已成功抓取全部所需数据。
[2026-04-08 09:17:57] [SUCCESS] bvid=BV15q9jB6Eei 已成功抓取全部所需数据。
[2026-04-08 09:18:03] [SUCCESS] bvid=BV1vq9jB6Exm 已成功抓取全部所需数据。
[2026-04-08 09:18:08] [SUCCESS] bvid=BV15q9jB6Eon 已成功抓取全部所需数据。
[2026-04-08 09:18:13] [SUCCESS] bvid=BV15q9jB6Erp 已成功抓取全部所需数据。
[2026-04-08 09:18:19] [SUCCESS] bvid=BV1dq9jB6Edq 已成功抓取全部所需数据。
[2026-04-08 09:18:24] [SUCCESS] bvid=BV1hw95BdE5p 已成功抓取全部所需数据。
[2026-04-08 09:18:30] [SUCCESS] bvid=BV1oAXUBFETd 已成功抓取全部所需数据。
[2026-04-08 09:18:36] [SUCCESS] bvid=BV1559LBqEDx 已成功抓取全部所需数据。
[2026-04-08 09:18:41] [SUCCESS] bvid=BV1h29jBeEXz 已成功抓取全部所需数据。
[2026-04-08 09:18:46] [SUCCESS] bvid=BV1329jBeEqs 已成功抓取全部所需数据。
[2026-04-08 09:18:52] [SUCCESS] bvid=BV13C9jBiEkz 已成功抓取全部所需数据。
[2026-04-08 09:18:58] [SUCCESS] bvid=BV1829jBeErD 已成功抓取全部所需数据。
[2026-04-08 09:19:03] [SUCCESS] bvid=BV1g29jBeEHy 已成功抓取全部所需数据。
[2026-04-08 09:19:08] [SUCCESS] bvid=BV1a29jBeE7h 已成功抓取全部所需数据。
[2026-04-08 09:19:14] [SUCCESS] bvid=BV1g29jBeEiG 已成功抓取全部所需数据。
[2026-04-08 09:19:19] [SUCCESS] bvid=BV1QC9jBiE9L 已成功抓取全部所需数据。
[2026-04-08 09:19:25] [SUCCESS] bvid=BV1Vk9jBKEuX 已成功抓取全部所需数据。
[2026-04-08 09:19:30] [SUCCESS] bvid=BV1ek9jBTEYo 已成功抓取全部所需数据。
[2026-04-08 09:19:35] [SUCCESS] bvid=BV1Xk9jBTEbJ 已成功抓取全部所需数据。
[2026-04-08 09:19:41] [SUCCESS] bvid=BV15k9jBMENx 已成功抓取全部所需数据。
[2026-04-08 09:19:46] [SUCCESS] bvid=BV1Vk9jBTEzU 已成功抓取全部所需数据。
[2026-04-08 09:19:52] [SUCCESS] bvid=BV1jL97ByEAr 已成功抓取全部所需数据。
[2026-04-08 09:19:57] [SUCCESS] bvid=BV1GC9jBiExQ 已成功抓取全部所需数据。
[2026-04-08 09:20:02] [SUCCESS] bvid=BV1YC9jBiEbK 已成功抓取全部所需数据。
[2026-04-08 09:20:07] [SUCCESS] bvid=BV1aC9jBiEtc 已成功抓取全部所需数据。
[2026-04-08 09:20:13] [SUCCESS] bvid=BV1bS95B9Ew9 已成功抓取全部所需数据。
[2026-04-08 09:20:18] [SUCCESS] bvid=BV13C9jBiE6F 已成功抓取全部所需数据。
[2026-04-08 09:20:23] [SUCCESS] bvid=BV1oL97BCEUh 已成功抓取全部所需数据。
[2026-04-08 09:20:29] [SUCCESS] bvid=BV1ZL97BCETV 已成功抓取全部所需数据。
[2026-04-08 09:20:34] [SUCCESS] bvid=BV1VC9jBiELM 已成功抓取全部所需数据。
[2026-04-08 09:20:39] [SUCCESS] bvid=BV1oL97ByEwD 已成功抓取全部所需数据。
[2026-04-08 09:20:45] [SUCCESS] bvid=BV1dL97BCEPg 已成功抓取全部所需数据。
[2026-04-08 09:20:50] [SUCCESS] bvid=BV1R797BGEmD 已成功抓取全部所需数据。
[2026-04-08 09:20:55] [SUCCESS] bvid=BV1BU9LBVE2d 已成功抓取全部所需数据。
[2026-04-08 09:21:01] [SUCCESS] bvid=BV1619LBLEsM 已成功抓取全部所需数据。
[2026-04-08 09:21:07] [SUCCESS] bvid=BV1Ac9LBjE3W 已成功抓取全部所需数据。
[2026-04-08 09:21:12] [SUCCESS] bvid=BV1ZL97BCE7f 已成功抓取全部所需数据。
[2026-04-08 09:21:17] [SUCCESS] bvid=BV1j797BVE8x 已成功抓取全部所需数据。
[2026-04-08 09:21:22] [SUCCESS] bvid=BV1o797BGEch 已成功抓取全部所需数据。
[2026-04-08 09:21:28] [SUCCESS] bvid=BV1L797BVErH 已成功抓取全部所需数据。
[2026-04-08 09:21:33] [SUCCESS] bvid=BV1AzQZBYEw6 已成功抓取全部所需数据。
[2026-04-08 09:21:39] [SUCCESS] bvid=BV1d797BGEzC 已成功抓取全部所需数据。
[2026-04-08 09:21:44] [SUCCESS] bvid=BV1o797BGExN 已成功抓取全部所需数据。
[2026-04-08 09:21:49] [SUCCESS] bvid=BV13k95BbE5L 已成功抓取全部所需数据。
[2026-04-08 09:21:55] [SUCCESS] bvid=BV1jHXiBbEdY 已成功抓取全部所需数据。
[2026-04-08 09:22:01] [SUCCESS] bvid=BV1f8XYBxEQp 已成功抓取全部所需数据。
[2026-04-08 09:22:06] [SUCCESS] bvid=BV16uXeBfEoL 已成功抓取全部所需数据。
[2026-04-08 09:22:11] [SUCCESS] bvid=BV1PF97BREV5 已成功抓取全部所需数据。
[2026-04-08 09:22:17] [SUCCESS] bvid=BV1hh97BeEAB 已成功抓取全部所需数据。
[2026-04-08 09:22:23] [SUCCESS] bvid=BV1PwX1BPEWa 已成功抓取全部所需数据。
[2026-04-08 09:22:28] [SUCCESS] bvid=BV1PQXBB2Emr 已成功抓取全部所需数据。
[2026-04-08 09:22:33] [SUCCESS] bvid=BV1R797BGEfv 已成功抓取全部所需数据。
[2026-04-08 09:22:33] [WARN] 当前子任务已结束，但仍有未成功抓取的视频，已导出 remaining CSV 供继续执行。
[2026-04-08 09:22:33] [INFO] 已导出剔除成功条目后的剩余 CSV：D:\Schoolworks\Thesis\Bilibili-Datahub\outputs\video_data\manual_crawls\manual_crawl_stat_comment_20260407_223150\remaining_bvids_part_48.csv
[2026-04-08 09:22:33] 子任务结束时间：2026-04-08T09:22:33.407000
[TIMESTAMP][END] 2026-04-08T09:22:33
