[TIMESTAMP][BEGIN] 2026-04-07T23:00:50
[2026-04-07 23:00:53] 开始执行 CSV 批量抓取子任务 part_3。
[2026-04-07 23:00:53] 子任务开始时间：2026-04-07T23:00:50.622482
[2026-04-07 23:00:53] 输入文件：batch_input_3.csv
[2026-04-07 23:00:53] 输入唯一 bvid 数量：100
[2026-04-07 23:00:53] 为严格按 CSV 顺序判断连续失败阈值，本次任务自动将并发度从 2 调整为 1。
[2026-04-07 23:01:00] [SUCCESS] bvid=BV1NyDYBFEK9 已成功抓取全部所需数据。
[2026-04-07 23:01:07] [SUCCESS] bvid=BV1wUDYB4EfP 已成功抓取全部所需数据。
[2026-04-07 23:01:13] [SUCCESS] bvid=BV11CDYBfEp1 已成功抓取全部所需数据。
[2026-04-07 23:01:20] [SUCCESS] bvid=BV1N1DYBbEud 已成功抓取全部所需数据。
[2026-04-07 23:01:27] [SUCCESS] bvid=BV1zXDYBXE91 已成功抓取全部所需数据。
[2026-04-07 23:01:34] [SUCCESS] bvid=BV1C1DYBtEaq 已成功抓取全部所需数据。
[2026-04-07 23:01:40] [SUCCESS] bvid=BV1ngSfBsEPb 已成功抓取全部所需数据。
[2026-04-07 23:01:47] [SUCCESS] bvid=BV16RDYBpEaB 已成功抓取全部所需数据。
[2026-04-07 23:01:54] [SUCCESS] bvid=BV1FRDYBpESp 已成功抓取全部所需数据。
[2026-04-07 23:02:01] [SUCCESS] bvid=BV1StDhBwEfF 已成功抓取全部所需数据。
[2026-04-07 23:02:07] [SUCCESS] bvid=BV1BRDYBHEdq 已成功抓取全部所需数据。
[2026-04-07 23:02:14] [SUCCESS] bvid=BV1kSDYBRE8q 已成功抓取全部所需数据。
[2026-04-07 23:02:20] [SUCCESS] bvid=BV1wSDYBdEVe 已成功抓取全部所需数据。
[2026-04-07 23:02:27] [SUCCESS] bvid=BV11BDhBsEXV 已成功抓取全部所需数据。
[2026-04-07 23:02:34] [SUCCESS] bvid=BV1nxSZBsEMp 已成功抓取全部所需数据。
[2026-04-07 23:02:41] [SUCCESS] bvid=BV1zXSfBREXY 已成功抓取全部所需数据。
[2026-04-07 23:02:48] [SUCCESS] bvid=BV1yrSfBAEYk 已成功抓取全部所需数据。
[2026-04-07 23:02:54] [SUCCESS] bvid=BV1GSDFB2ErU 已成功抓取全部所需数据。
[2026-04-07 23:03:01] [SUCCESS] bvid=BV1V6D8BNEUb 已成功抓取全部所需数据。
[2026-04-07 23:03:08] [SUCCESS] bvid=BV1FZDcBcEPN 已成功抓取全部所需数据。
[2026-04-07 23:03:14] [SUCCESS] bvid=BV1ASDYBdEg7 已成功抓取全部所需数据。
[2026-04-07 23:03:21] [SUCCESS] bvid=BV1Hd9gBPEnZ 已成功抓取全部所需数据。
[2026-04-07 23:03:28] [SUCCESS] bvid=BV12vDhB4Etg 已成功抓取全部所需数据。
[2026-04-07 23:03:34] [SUCCESS] bvid=BV1y4SDB6ERa 已成功抓取全部所需数据。
[2026-04-07 23:03:41] [SUCCESS] bvid=BV1spDFBNEs1 已成功抓取全部所需数据。
[2026-04-07 23:03:48] [SUCCESS] bvid=BV19HDhBKE2e 已成功抓取全部所需数据。
[2026-04-07 23:03:55] [SUCCESS] bvid=BV1rSDYBRE1Z 已成功抓取全部所需数据。
[2026-04-07 23:04:01] [SUCCESS] bvid=BV1rQDYBWEGo 已成功抓取全部所需数据。
[2026-04-07 23:04:07] [SUCCESS] bvid=BV1yiDhBdERn 已成功抓取全部所需数据。
[2026-04-07 23:04:13] [SUCCESS] bvid=BV1rQDYBWEWF 已成功抓取全部所需数据。
[2026-04-07 23:04:18] [SUCCESS] bvid=BV1FTDhB2EuG 已成功抓取全部所需数据。
[2026-04-07 23:04:24] [SUCCESS] bvid=BV1cTDhB2Esq 已成功抓取全部所需数据。
[2026-04-07 23:04:30] [SUCCESS] bvid=BV1cTDhB2ExH 已成功抓取全部所需数据。
[2026-04-07 23:04:35] [SUCCESS] bvid=BV1FuDhBLEy2 已成功抓取全部所需数据。
[2026-04-07 23:04:41] [SUCCESS] bvid=BV1pPDhBUEHE 已成功抓取全部所需数据。
[2026-04-07 23:04:46] [SUCCESS] bvid=BV1HPDhBUEpH 已成功抓取全部所需数据。
[2026-04-07 23:04:52] [SUCCESS] bvid=BV1pPDhBUE5T 已成功抓取全部所需数据。
[2026-04-07 23:04:57] [SUCCESS] bvid=BV1awD8BcEmu 已成功抓取全部所需数据。
[2026-04-07 23:05:03] [SUCCESS] bvid=BV1wKDhB7E8w 已成功抓取全部所需数据。
[2026-04-07 23:05:09] [SUCCESS] bvid=BV1cKDhB7EUx 已成功抓取全部所需数据。
[2026-04-07 23:05:15] [SUCCESS] bvid=BV1cKDhB7EDn 已成功抓取全部所需数据。
[2026-04-07 23:05:20] [SUCCESS] bvid=BV1cKDhB7ED5 已成功抓取全部所需数据。
[2026-04-07 23:05:26] [SUCCESS] bvid=BV1BVDhBkErH 已成功抓取全部所需数据。
[2026-04-07 23:05:32] [SUCCESS] bvid=BV1oVDhBrELQ 已成功抓取全部所需数据。
[2026-04-07 23:05:37] [SUCCESS] bvid=BV1ZVDhBrEt5 已成功抓取全部所需数据。
[2026-04-07 23:15:44] [SUCCESS] bvid=BV12oD8BWEPq 已成功抓取全部所需数据。
[2026-04-07 23:15:50] [SUCCESS] bvid=BV17LDhB3EHZ 已成功抓取全部所需数据。
[2026-04-07 23:15:56] [SUCCESS] bvid=BV1pN9MBhEHz 已成功抓取全部所需数据。
[2026-04-07 23:16:02] [SUCCESS] bvid=BV1XpSoBqEJA 已成功抓取全部所需数据。
[2026-04-07 23:16:07] [SUCCESS] bvid=BV13XDFByEVc 已成功抓取全部所需数据。
[2026-04-07 23:16:13] [SUCCESS] bvid=BV1SbSoBYEyx 已成功抓取全部所需数据。
[2026-04-07 23:16:19] [SUCCESS] bvid=BV1QYDcBjEJV 已成功抓取全部所需数据。
[2026-04-07 23:16:24] [SUCCESS] bvid=BV1fgDhBCEdy 已成功抓取全部所需数据。
[2026-04-07 23:16:30] [SUCCESS] bvid=BV1fgDhBCEfS 已成功抓取全部所需数据。
[2026-04-07 23:16:35] [SUCCESS] bvid=BV1fGDhBGE7o 已成功抓取全部所需数据。
[2026-04-07 23:16:41] [SUCCESS] bvid=BV1fGDhBGEba 已成功抓取全部所需数据。
[2026-04-07 23:16:46] [SUCCESS] bvid=BV1tRD8BREw6 已成功抓取全部所需数据。
[2026-04-07 23:16:52] [SUCCESS] bvid=BV1KRD8BREXc 已成功抓取全部所需数据。
[2026-04-07 23:16:57] [SUCCESS] bvid=BV14oD8BWEuj 已成功抓取全部所需数据。
[2026-04-07 23:17:02] [SUCCESS] bvid=BV1TQD8BoE5d 已成功抓取全部所需数据。
[2026-04-07 23:17:08] [SUCCESS] bvid=BV1t9D8BxEY5 已成功抓取全部所需数据。
[2026-04-07 23:17:14] [SUCCESS] bvid=BV1t9D8BxE3v 已成功抓取全部所需数据。
[2026-04-07 23:17:19] [SUCCESS] bvid=BV1pcDhBDExk 已成功抓取全部所需数据。
[2026-04-07 23:17:24] [SUCCESS] bvid=BV1ioDhBGEM3 已成功抓取全部所需数据。
[2026-04-07 23:17:30] [SUCCESS] bvid=BV1m6DcBrE4W 已成功抓取全部所需数据。
[2026-04-07 23:17:35] [SUCCESS] bvid=BV1wNXeBYEyV 已成功抓取全部所需数据。
[2026-04-07 23:17:41] [SUCCESS] bvid=BV1feXZBfEPf 已成功抓取全部所需数据。
[2026-04-07 23:17:47] [SUCCESS] bvid=BV1feXZBfEfd 已成功抓取全部所需数据。
[2026-04-07 23:17:52] [SUCCESS] bvid=BV1VrSZB5EpA 已成功抓取全部所需数据。
[2026-04-07 23:17:58] [SUCCESS] bvid=BV1AZD8BXEQe 已成功抓取全部所需数据。
[2026-04-07 23:18:04] [SUCCESS] bvid=BV1ATDcBNEzL 已成功抓取全部所需数据。
[2026-04-07 23:18:10] [SUCCESS] bvid=BV1vZDhBrEoc 已成功抓取全部所需数据。
[2026-04-07 23:18:19] [SUCCESS] bvid=BV1NZD8BXE3B 已成功抓取全部所需数据。
[2026-04-07 23:18:26] [SUCCESS] bvid=BV1WZD8BXEfd 已成功抓取全部所需数据。
[2026-04-07 23:18:32] [SUCCESS] bvid=BV1gRDFBVE6e 已成功抓取全部所需数据。
[2026-04-07 23:18:38] [SUCCESS] bvid=BV1PFDhBHEVs 已成功抓取全部所需数据。
[2026-04-07 23:18:43] [SUCCESS] bvid=BV1maDhBbETa 已成功抓取全部所需数据。
[2026-04-07 23:18:49] [SUCCESS] bvid=BV1baDhB8EDS 已成功抓取全部所需数据。
[2026-04-07 23:18:55] [SUCCESS] bvid=BV1UYDhBZEPo 已成功抓取全部所需数据。
[2026-04-07 23:19:01] [SUCCESS] bvid=BV1mYDhBZEVe 已成功抓取全部所需数据。
[2026-04-07 23:19:06] [SUCCESS] bvid=BV1ubDhBaE4u 已成功抓取全部所需数据。
[2026-04-07 23:19:11] [SUCCESS] bvid=BV1QbDhBaEge 已成功抓取全部所需数据。
[2026-04-07 23:19:17] [SUCCESS] bvid=BV13bDhBaE5z 已成功抓取全部所需数据。
[2026-04-07 23:19:23] [SUCCESS] bvid=BV1SbDhBhEN7 已成功抓取全部所需数据。
[2026-04-07 23:19:28] [SUCCESS] bvid=BV1SbDhBhEDy 已成功抓取全部所需数据。
[2026-04-07 23:19:34] [SUCCESS] bvid=BV1gbDhBaEEf 已成功抓取全部所需数据。
[2026-04-07 23:19:39] [SUCCESS] bvid=BV1UhDhBFEes 已成功抓取全部所需数据。
[2026-04-07 23:19:45] [SUCCESS] bvid=BV11BDhBsEKK 已成功抓取全部所需数据。
[2026-04-07 23:19:50] [SUCCESS] bvid=BV1349KBqEYy 已成功抓取全部所需数据。
[2026-04-07 23:19:56] [SUCCESS] bvid=BV1yBDhBsEZu 已成功抓取全部所需数据。
[2026-04-07 23:20:01] [SUCCESS] bvid=BV11zDhB9E3o 已成功抓取全部所需数据。
[2026-04-07 23:20:07] [SUCCESS] bvid=BV1PzDhBREQL 已成功抓取全部所需数据。
[2026-04-07 23:20:13] [SUCCESS] bvid=BV1c3DcBaE9j 已成功抓取全部所需数据。
[2026-04-07 23:20:18] [SUCCESS] bvid=BV1yiDhBdE9n 已成功抓取全部所需数据。
[2026-04-07 23:20:23] [SUCCESS] bvid=BV15JDhBBEZr 已成功抓取全部所需数据。
[2026-04-07 23:20:29] [SUCCESS] bvid=BV1RJDhBqEQj 已成功抓取全部所需数据。
[2026-04-07 23:20:34] [SUCCESS] bvid=BV19HDhBKEQT 已成功抓取全部所需数据。
[2026-04-07 23:20:40] [SUCCESS] bvid=BV19HDhBKEFz 已成功抓取全部所需数据。
[2026-04-07 23:20:45] [SUCCESS] bvid=BV1RHDhBKEMj 已成功抓取全部所需数据。
[2026-04-07 23:20:51] [SUCCESS] bvid=BV1VHDhBTEwv 已成功抓取全部所需数据。
[2026-04-07 23:20:51] [INFO] 当前 batch_crawl 已完成，所有视频均已成功抓取。
[2026-04-07 23:20:51] 子任务结束时间：2026-04-07T23:20:51.212684
[TIMESTAMP][END] 2026-04-07T23:20:51
