[TIMESTAMP][BEGIN] 2026-04-08T02:51:10
[2026-04-08 02:51:12] 开始执行 CSV 批量抓取子任务 part_17。
[2026-04-08 02:51:12] 子任务开始时间：2026-04-08T02:51:10.749594
[2026-04-08 02:51:12] 输入文件：batch_input_17.csv
[2026-04-08 02:51:12] 输入唯一 bvid 数量：100
[2026-04-08 02:51:12] 为严格按 CSV 顺序判断连续失败阈值，本次任务自动将并发度从 2 调整为 1。
[2026-04-08 02:51:17] [SUCCESS] bvid=BV12ADGBiEVn 已成功抓取全部所需数据。
[2026-04-08 02:51:23] [SUCCESS] bvid=BV12fD3BuEdg 已成功抓取全部所需数据。
[2026-04-08 02:51:28] [SUCCESS] bvid=BV1TfD3BgEqK 已成功抓取全部所需数据。
[2026-04-08 02:51:33] [SUCCESS] bvid=BV1haDGB2EvZ 已成功抓取全部所需数据。
[2026-04-08 02:51:38] [SUCCESS] bvid=BV1QaDGB2EtY 已成功抓取全部所需数据。
[2026-04-08 02:51:43] [SUCCESS] bvid=BV1c4DuBWE6E 已成功抓取全部所需数据。
[2026-04-08 02:51:48] [SUCCESS] bvid=BV15wD3BEEqG 已成功抓取全部所需数据。
[2026-04-08 02:51:54] [SUCCESS] bvid=BV1FaD3BZEnx 已成功抓取全部所需数据。
[2026-04-08 02:51:59] [SUCCESS] bvid=BV1aGDVBJEJS 已成功抓取全部所需数据。
[2026-04-08 02:52:04] [SUCCESS] bvid=BV13hDGBEEZ8 已成功抓取全部所需数据。
[2026-04-08 02:52:09] [SUCCESS] bvid=BV1ahDGB7EEv 已成功抓取全部所需数据。
[2026-04-08 02:52:15] [SUCCESS] bvid=BV1Tb9PBtErz 已成功抓取全部所需数据。
[2026-04-08 02:52:20] [SUCCESS] bvid=BV18qDGBVE5n 已成功抓取全部所需数据。
[2026-04-08 02:52:25] [SUCCESS] bvid=BV1EJDGBdEiv 已成功抓取全部所需数据。
[2026-04-08 02:52:31] [SUCCESS] bvid=BV1iJDGBRE9e 已成功抓取全部所需数据。
[2026-04-08 02:52:36] [SUCCESS] bvid=BV1QDD3ByEXn 已成功抓取全部所需数据。
[2026-04-08 02:52:42] [SUCCESS] bvid=BV1FeD3B4EcD 已成功抓取全部所需数据。
[2026-04-08 02:52:47] [SUCCESS] bvid=BV1tiDgBKEJr 已成功抓取全部所需数据。
[2026-04-08 02:52:53] [SUCCESS] bvid=BV1fd9MBsEAU 已成功抓取全部所需数据。
[2026-04-08 02:52:58] [SUCCESS] bvid=BV1AZDNB2E1Z 已成功抓取全部所需数据。
[2026-04-08 02:53:03] [SUCCESS] bvid=BV1xqDMBoEK3 已成功抓取全部所需数据。
[2026-04-08 02:53:08] [SUCCESS] bvid=BV1Rc9TBVEMq 已成功抓取全部所需数据。
[2026-04-08 02:53:13] [SUCCESS] bvid=BV1krDKBjE3P 已成功抓取全部所需数据。
[2026-04-08 02:53:18] [SUCCESS] bvid=BV1tL9EBYE1C 已成功抓取全部所需数据。
[2026-04-08 02:53:23] [SUCCESS] bvid=BV1VAD3BmEpz 已成功抓取全部所需数据。
[2026-04-08 02:53:29] [SUCCESS] bvid=BV1TDDTBFEnj 已成功抓取全部所需数据。
[2026-04-08 02:53:34] [SUCCESS] bvid=BV1NGQoBAEVv 已成功抓取全部所需数据。
[2026-04-08 02:53:39] [SUCCESS] bvid=BV1A6DMBdEi5 已成功抓取全部所需数据。
[2026-04-08 02:53:45] [SUCCESS] bvid=BV1AsD3BYECX 已成功抓取全部所需数据。
[2026-04-08 02:53:50] [SUCCESS] bvid=BV1BjDGBoEkp 已成功抓取全部所需数据。
[2026-04-08 02:53:55] [SUCCESS] bvid=BV1zjDGBoEr3 已成功抓取全部所需数据。
[2026-04-08 02:54:00] [SUCCESS] bvid=BV1fEDGBxEzs 已成功抓取全部所需数据。
[2026-04-08 02:54:05] [SUCCESS] bvid=BV1qEDGBxEyk 已成功抓取全部所需数据。
[2026-04-08 02:54:10] [SUCCESS] bvid=BV1YxDGBDEvk 已成功抓取全部所需数据。
[2026-04-08 02:54:15] [SUCCESS] bvid=BV1H9DGBaEUC 已成功抓取全部所需数据。
[2026-04-08 02:54:20] [SUCCESS] bvid=BV1LPDVBRE4X 已成功抓取全部所需数据。
[2026-04-08 02:54:25] [SUCCESS] bvid=BV1qcDVBoExF 已成功抓取全部所需数据。
[2026-04-08 02:54:30] [SUCCESS] bvid=BV1jFDVBtE2n 已成功抓取全部所需数据。
[2026-04-08 02:54:35] [SUCCESS] bvid=BV112DGBTE5m 已成功抓取全部所需数据。
[2026-04-08 02:54:40] [SUCCESS] bvid=BV112DGBTE92 已成功抓取全部所需数据。
[2026-04-08 02:54:45] [SUCCESS] bvid=BV1xrDGB6E9Q 已成功抓取全部所需数据。
[2026-04-08 02:54:51] [SUCCESS] bvid=BV1xCDGBuEhj 已成功抓取全部所需数据。
[2026-04-08 02:54:56] [SUCCESS] bvid=BV1CXDGBAEPC 已成功抓取全部所需数据。
[2026-04-08 02:55:01] [SUCCESS] bvid=BV1WmDGBiEwA 已成功抓取全部所需数据。
[2026-04-08 02:55:06] [SUCCESS] bvid=BV1smDGBiEe5 已成功抓取全部所需数据。
[2026-04-08 02:55:11] [SUCCESS] bvid=BV1CSDGBNEnK 已成功抓取全部所需数据。
[2026-04-08 02:55:17] [SUCCESS] bvid=BV1xtDVBuEAX 已成功抓取全部所需数据。
[2026-04-08 02:55:22] [SUCCESS] bvid=BV1AbDVBBEak 已成功抓取全部所需数据。
[2026-04-08 02:55:28] [SUCCESS] bvid=BV1LKDVBWEBX 已成功抓取全部所需数据。
[2026-04-08 02:55:33] [SUCCESS] bvid=BV1gLDVB7E3k 已成功抓取全部所需数据。
[2026-04-08 02:55:38] [SUCCESS] bvid=BV1hjDVB2EFW 已成功抓取全部所需数据。
[2026-04-08 02:55:44] [SUCCESS] bvid=BV1GGDVBJENf 已成功抓取全部所需数据。
[2026-04-08 02:55:49] [SUCCESS] bvid=BV1esDgBCEJR 已成功抓取全部所需数据。
[2026-04-08 02:55:54] [SUCCESS] bvid=BV19WDgB5EHS 已成功抓取全部所需数据。
[2026-04-08 02:56:00] [SUCCESS] bvid=BV1szDgBPEUE 已成功抓取全部所需数据。
[2026-04-08 02:56:05] [SUCCESS] bvid=BV1p2DgBbE26 已成功抓取全部所需数据。
[2026-04-08 02:56:10] [SUCCESS] bvid=BV1AsD3BYEjR 已成功抓取全部所需数据。
[2026-04-08 02:56:16] [SUCCESS] bvid=BV1PsD3BYEi5 已成功抓取全部所需数据。
[2026-04-08 02:56:21] [SUCCESS] bvid=BV1VMD3B5Exr 已成功抓取全部所需数据。
[2026-04-08 02:56:26] [SUCCESS] bvid=BV1YMD3B5Eyz 已成功抓取全部所需数据。
[2026-04-08 02:56:31] [SUCCESS] bvid=BV1u5D3BgEG3 已成功抓取全部所需数据。
[2026-04-08 02:56:37] [SUCCESS] bvid=BV1b5D3BgEYU 已成功抓取全部所需数据。
[2026-04-08 02:56:42] [SUCCESS] bvid=BV1U5D3BgERQ 已成功抓取全部所需数据。
[2026-04-08 02:56:47] [SUCCESS] bvid=BV1dCD3BJEev 已成功抓取全部所需数据。
[2026-04-08 02:56:52] [SUCCESS] bvid=BV1XSD3BLEni 已成功抓取全部所需数据。
[2026-04-08 02:56:57] [SUCCESS] bvid=BV192D3B7EFr 已成功抓取全部所需数据。
[2026-04-08 02:57:02] [SUCCESS] bvid=BV1XmD3B2EUG 已成功抓取全部所需数据。
[2026-04-08 02:57:08] [SUCCESS] bvid=BV1whD3BbEnF 已成功抓取全部所需数据。
[2026-04-08 02:57:13] [SUCCESS] bvid=BV1feD3BxEap 已成功抓取全部所需数据。
[2026-04-08 02:57:18] [SUCCESS] bvid=BV1JvD3BdE2J 已成功抓取全部所需数据。
[2026-04-08 02:57:18] [ERROR] bvid=BV1neD3B4Ec4 抓取失败：stat: 接口返回错误代码：62012，信息：62012。
{'code': 62012, 'message': '62012', 'ttl': 1} | comment: 接口返回错误代码：62012，信息：62012。
{'code': 62012, 'message': '62012', 'ttl': 1}
[2026-04-08 02:57:23] [SUCCESS] bvid=BV1JeD3B4EJ5 已成功抓取全部所需数据。
[2026-04-08 02:57:29] [SUCCESS] bvid=BV1fvD3BRE1v 已成功抓取全部所需数据。
[2026-04-08 02:57:34] [SUCCESS] bvid=BV1BQDMB7EKV 已成功抓取全部所需数据。
[2026-04-08 02:57:39] [SUCCESS] bvid=BV1fQDMB7Eco 已成功抓取全部所需数据。
[2026-04-08 02:57:44] [SUCCESS] bvid=BV1zQDMB7E73 已成功抓取全部所需数据。
[2026-04-08 02:57:49] [SUCCESS] bvid=BV1JUDMBJEQo 已成功抓取全部所需数据。
[2026-04-08 02:57:54] [SUCCESS] bvid=BV1JSDMBUEpm 已成功抓取全部所需数据。
[2026-04-08 02:57:59] [SUCCESS] bvid=BV1JSDMBUEeo 已成功抓取全部所需数据。
[2026-04-08 02:58:05] [SUCCESS] bvid=BV1JSDMBUEvA 已成功抓取全部所需数据。
[2026-04-08 02:58:10] [SUCCESS] bvid=BV1LfDMBkEPa 已成功抓取全部所需数据。
[2026-04-08 02:58:15] [SUCCESS] bvid=BV1WzDMBxERf 已成功抓取全部所需数据。
[2026-04-08 02:58:20] [SUCCESS] bvid=BV1szDMBxE1h 已成功抓取全部所需数据。
[2026-04-08 02:58:25] [SUCCESS] bvid=BV1s6DMBREEn 已成功抓取全部所需数据。
[2026-04-08 02:58:30] [SUCCESS] bvid=BV11qDMBoEQr 已成功抓取全部所需数据。
[2026-04-08 02:58:36] [SUCCESS] bvid=BV1siDMBtEU6 已成功抓取全部所需数据。
[2026-04-08 02:58:41] [SUCCESS] bvid=BV1QkDTBeE5B 已成功抓取全部所需数据。
[2026-04-08 02:58:46] [SUCCESS] bvid=BV1NzXCBcEDa 已成功抓取全部所需数据。
[2026-04-08 02:58:51] [SUCCESS] bvid=BV1oaDTB3EcX 已成功抓取全部所需数据。
[2026-04-08 02:58:57] [SUCCESS] bvid=BV1nv9uBfEVX 已成功抓取全部所需数据。
[2026-04-08 02:59:02] [SUCCESS] bvid=BV12iDMBtEBx 已成功抓取全部所需数据。
[2026-04-08 02:59:07] [SUCCESS] bvid=BV1H2DMBDEcw 已成功抓取全部所需数据。
[2026-04-08 02:59:12] [SUCCESS] bvid=BV1H2DMBDETM 已成功抓取全部所需数据。
[2026-04-08 02:59:17] [SUCCESS] bvid=BV1pCDMBXERk 已成功抓取全部所需数据。
[2026-04-08 02:59:23] [SUCCESS] bvid=BV1HCDMBXEtX 已成功抓取全部所需数据。
[2026-04-08 02:59:28] [SUCCESS] bvid=BV1N7DuB8EJG 已成功抓取全部所需数据。
[2026-04-08 02:59:33] [SUCCESS] bvid=BV1MVDuBAEX3 已成功抓取全部所需数据。
[2026-04-08 02:59:38] [SUCCESS] bvid=BV1WWDuBxEcB 已成功抓取全部所需数据。
[2026-04-08 02:59:43] [SUCCESS] bvid=BV1pWDuBxEUy 已成功抓取全部所需数据。
[2026-04-08 02:59:48] [SUCCESS] bvid=BV1WWDuBxEjp 已成功抓取全部所需数据。
[2026-04-08 02:59:48] [WARN] 当前子任务已结束，但仍有未成功抓取的视频，已导出 remaining CSV 供继续执行。
[2026-04-08 02:59:48] [INFO] 已导出剔除成功条目后的剩余 CSV：D:\Schoolworks\Thesis\Bilibili-Datahub\outputs\video_data\manual_crawls\manual_crawl_stat_comment_20260407_223150\remaining_bvids_part_17.csv
[2026-04-08 02:59:48] 子任务结束时间：2026-04-08T02:59:48.667234
[TIMESTAMP][END] 2026-04-08T02:59:48
