[TIMESTAMP][BEGIN] 2026-04-08T07:58:29
[2026-04-08 07:58:31] 开始执行 CSV 批量抓取子任务 part_42。
[2026-04-08 07:58:31] 子任务开始时间：2026-04-08T07:58:29.245447
[2026-04-08 07:58:31] 输入文件：batch_input_42.csv
[2026-04-08 07:58:31] 输入唯一 bvid 数量：100
[2026-04-08 07:58:31] 为严格按 CSV 顺序判断连续失败阈值，本次任务自动将并发度从 2 调整为 1。
[2026-04-08 07:58:36] [SUCCESS] bvid=BV19X9pB9EC7 已成功抓取全部所需数据。
[2026-04-08 07:58:41] [SUCCESS] bvid=BV1eX9pB9ET1 已成功抓取全部所需数据。
[2026-04-08 07:58:46] [SUCCESS] bvid=BV1GR9pBWEHJ 已成功抓取全部所需数据。
[2026-04-08 07:58:51] [SUCCESS] bvid=BV1GR9pBpE7K 已成功抓取全部所需数据。
[2026-04-08 07:58:56] [SUCCESS] bvid=BV1eS9pBdEUJ 已成功抓取全部所需数据。
[2026-04-08 07:59:01] [SUCCESS] bvid=BV1LS9pBdEJo 已成功抓取全部所需数据。
[2026-04-08 07:59:06] [SUCCESS] bvid=BV1LS9pBdEvp 已成功抓取全部所需数据。
[2026-04-08 07:59:11] [SUCCESS] bvid=BV1VQ9pBsEqi 已成功抓取全部所需数据。
[2026-04-08 07:59:16] [SUCCESS] bvid=BV1vQ9pBsETW 已成功抓取全部所需数据。
[2026-04-08 07:59:21] [SUCCESS] bvid=BV1vQ9pBsEuF 已成功抓取全部所需数据。
[2026-04-08 07:59:26] [SUCCESS] bvid=BV1kD9HBKEhy 已成功抓取全部所需数据。
[2026-04-08 07:59:31] [SUCCESS] bvid=BV1fW9WBaELt 已成功抓取全部所需数据。
[2026-04-08 07:59:36] [SUCCESS] bvid=BV1Zx9WBcEzH 已成功抓取全部所需数据。
[2026-04-08 07:59:42] [SUCCESS] bvid=BV1ox9WBcEYy 已成功抓取全部所需数据。
[2026-04-08 07:59:47] [SUCCESS] bvid=BV1Zx9WBcERB 已成功抓取全部所需数据。
[2026-04-08 07:59:52] [SUCCESS] bvid=BV1v89WBbE9n 已成功抓取全部所需数据。
[2026-04-08 07:59:57] [SUCCESS] bvid=BV1Fn9WBvEmm 已成功抓取全部所需数据。
[2026-04-08 08:00:03] [SUCCESS] bvid=BV1Fn9WBvEXp 已成功抓取全部所需数据。
[2026-04-08 08:00:08] [SUCCESS] bvid=BV1Fn9WBvExQ 已成功抓取全部所需数据。
[2026-04-08 08:00:13] [SUCCESS] bvid=BV1fp9WBAEE8 已成功抓取全部所需数据。
[2026-04-08 08:00:18] [SUCCESS] bvid=BV1R89WBtEdT 已成功抓取全部所需数据。
[2026-04-08 08:00:23] [SUCCESS] bvid=BV1d89WBtE6g 已成功抓取全部所需数据。
[2026-04-08 08:00:28] [SUCCESS] bvid=BV1fp9WBAEjE 已成功抓取全部所需数据。
[2026-04-08 08:00:47] [SUCCESS] bvid=BV1Fp9WBPEKj 已成功抓取全部所需数据。
[2026-04-08 08:01:04] [SUCCESS] bvid=BV1Jp9WBPESX 已成功抓取全部所需数据。
[2026-04-08 08:01:22] [SUCCESS] bvid=BV1d89WBtEpN 已成功抓取全部所需数据。
[2026-04-08 08:01:40] [SUCCESS] bvid=BV1989WBtESN 已成功抓取全部所需数据。
[2026-04-08 08:01:58] [SUCCESS] bvid=BV1hn9sBWE3i 已成功抓取全部所需数据。
[2026-04-08 08:02:16] [SUCCESS] bvid=BV1o49WB8EJq 已成功抓取全部所需数据。
[2026-04-08 08:02:17] [ERROR] bvid=BV1o49WB8E3e 抓取失败：stat: 接口返回错误代码：-404，信息：啥都木有。
{'code': -404, 'message': '啥都木有', 'ttl': 1} | comment: 接口返回错误代码：-404，信息：啥都木有。
{'code': -404, 'message': '啥都木有', 'ttl': 1}
[2026-04-08 08:02:35] [SUCCESS] bvid=BV1o49WB8Eu8 已成功抓取全部所需数据。
[2026-04-08 08:02:40] [SUCCESS] bvid=BV1pt9nBAEQv 已成功抓取全部所需数据。
[2026-04-08 08:02:45] [SUCCESS] bvid=BV1dt9WBfENn 已成功抓取全部所需数据。
[2026-04-08 08:02:50] [SUCCESS] bvid=BV1d49WB8EXP 已成功抓取全部所需数据。
[2026-04-08 08:02:56] [SUCCESS] bvid=BV1749WBhEdR 已成功抓取全部所需数据。
[2026-04-08 08:03:01] [SUCCESS] bvid=BV1uk9WBnEBf 已成功抓取全部所需数据。
[2026-04-08 08:03:06] [SUCCESS] bvid=BV1wj9WBMEgG 已成功抓取全部所需数据。
[2026-04-08 08:03:11] [SUCCESS] bvid=BV1DTXkBAEVi 已成功抓取全部所需数据。
[2026-04-08 08:03:16] [SUCCESS] bvid=BV11p9nBiEQu 已成功抓取全部所需数据。
[2026-04-08 08:03:22] [SUCCESS] bvid=BV1D897BPEgF 已成功抓取全部所需数据。
[2026-04-08 08:03:27] [SUCCESS] bvid=BV1TC9WBSED8 已成功抓取全部所需数据。
[2026-04-08 08:03:32] [SUCCESS] bvid=BV14Q95BpEHq 已成功抓取全部所需数据。
[2026-04-08 08:03:37] [SUCCESS] bvid=BV1FsXbB5EcF 已成功抓取全部所需数据。
[2026-04-08 08:03:42] [SUCCESS] bvid=BV1ni9nBoE3L 已成功抓取全部所需数据。
[2026-04-08 08:03:48] [SUCCESS] bvid=BV1g7XzBfE1b 已成功抓取全部所需数据。
[2026-04-08 08:03:53] [SUCCESS] bvid=BV1H4XWBqEJw 已成功抓取全部所需数据。
[2026-04-08 08:03:58] [SUCCESS] bvid=BV11U9WBLEVn 已成功抓取全部所需数据。
[2026-04-08 08:04:03] [SUCCESS] bvid=BV1G19jBNEhx 已成功抓取全部所需数据。
[2026-04-08 08:04:09] [SUCCESS] bvid=BV1fD97BSEbd 已成功抓取全部所需数据。
[2026-04-08 08:04:15] [SUCCESS] bvid=BV1bS9jBaEes 已成功抓取全部所需数据。
[2026-04-08 08:04:20] [SUCCESS] bvid=BV1gZ9nBkEuo 已成功抓取全部所需数据。
[2026-04-08 08:04:25] [SUCCESS] bvid=BV18o9nBVEUq 已成功抓取全部所需数据。
[2026-04-08 08:04:30] [SUCCESS] bvid=BV1sQX6BsErW 已成功抓取全部所需数据。
[2026-04-08 08:04:36] [SUCCESS] bvid=BV1go9nBVEeW 已成功抓取全部所需数据。
[2026-04-08 08:04:41] [SUCCESS] bvid=BV1NA9JBhE9C 已成功抓取全部所需数据。
[2026-04-08 08:04:46] [SUCCESS] bvid=BV1Z49WB8EMD 已成功抓取全部所需数据。
[2026-04-08 08:04:51] [SUCCESS] bvid=BV1dt9WBfEqD 已成功抓取全部所需数据。
[2026-04-08 08:04:57] [SUCCESS] bvid=BV1Z49WBhESF 已成功抓取全部所需数据。
[2026-04-08 08:05:02] [SUCCESS] bvid=BV1dt9WBfEKM 已成功抓取全部所需数据。
[2026-04-08 08:05:08] [SUCCESS] bvid=BV1ot9WBfETQ 已成功抓取全部所需数据。
[2026-04-08 08:05:12] [SUCCESS] bvid=BV1ot9WBfEzG 已成功抓取全部所需数据。
[2026-04-08 08:05:17] [SUCCESS] bvid=BV1N39WBrE8e 已成功抓取全部所需数据。
[2026-04-08 08:05:23] [SUCCESS] bvid=BV1P39WBrEh7 已成功抓取全部所需数据。
[2026-04-08 08:05:28] [SUCCESS] bvid=BV1N39WBrEJn 已成功抓取全部所需数据。
[2026-04-08 08:05:34] [SUCCESS] bvid=BV1N39WBrEEr 已成功抓取全部所需数据。
[2026-04-08 08:05:39] [SUCCESS] bvid=BV1LiXkBVE57 已成功抓取全部所需数据。
[2026-04-08 08:05:44] [SUCCESS] bvid=BV1Dz9WBHEqc 已成功抓取全部所需数据。
[2026-04-08 08:05:50] [SUCCESS] bvid=BV1qQ9LB3E9v 已成功抓取全部所需数据。
[2026-04-08 08:05:55] [SUCCESS] bvid=BV14M9WBCEVU 已成功抓取全部所需数据。
[2026-04-08 08:06:00] [SUCCESS] bvid=BV1xg9WBGEb8 已成功抓取全部所需数据。
[2026-04-08 08:06:05] [SUCCESS] bvid=BV1xg9WBGEW1 已成功抓取全部所需数据。
[2026-04-08 08:06:10] [SUCCESS] bvid=BV1Pg9WBGEqK 已成功抓取全部所需数据。
[2026-04-08 08:06:15] [SUCCESS] bvid=BV1Kg9WBGEWi 已成功抓取全部所需数据。
[2026-04-08 08:06:20] [SUCCESS] bvid=BV1c79WBqEQp 已成功抓取全部所需数据。
[2026-04-08 08:06:26] [SUCCESS] bvid=BV1cJ9WBKEpL 已成功抓取全部所需数据。
[2026-04-08 08:06:31] [SUCCESS] bvid=BV1HJ9WBKE5H 已成功抓取全部所需数据。
[2026-04-08 08:06:36] [SUCCESS] bvid=BV1Fh9EBWEdA 已成功抓取全部所需数据。
[2026-04-08 08:16:40] [SUCCESS] bvid=BV1v39sB8EV1 已成功抓取全部所需数据。
[2026-04-08 08:16:46] [SUCCESS] bvid=BV1wN97BHExw 已成功抓取全部所需数据。
[2026-04-08 08:16:51] [SUCCESS] bvid=BV191AWzSEow 已成功抓取全部所需数据。
[2026-04-08 08:16:56] [SUCCESS] bvid=BV1Qi9WBWE1K 已成功抓取全部所需数据。
[2026-04-08 08:17:02] [SUCCESS] bvid=BV1P59WBzENJ 已成功抓取全部所需数据。
[2026-04-08 08:17:07] [SUCCESS] bvid=BV1w59WBzEQh 已成功抓取全部所需数据。
[2026-04-08 08:17:12] [SUCCESS] bvid=BV1Mc9HB6EgC 已成功抓取全部所需数据。
[2026-04-08 08:17:18] [SUCCESS] bvid=BV1A59WBzEeZ 已成功抓取全部所需数据。
[2026-04-08 08:17:23] [SUCCESS] bvid=BV1cj9WBMEUs 已成功抓取全部所需数据。
[2026-04-08 08:17:28] [SUCCESS] bvid=BV1LVXrBgEXv 已成功抓取全部所需数据。
[2026-04-08 08:17:33] [SUCCESS] bvid=BV1U19WB7EbY 已成功抓取全部所需数据。
[2026-04-08 08:17:38] [SUCCESS] bvid=BV1Yy9EBCEzv 已成功抓取全部所需数据。
[2026-04-08 08:17:43] [SUCCESS] bvid=BV1KU9WBjE5W 已成功抓取全部所需数据。
[2026-04-08 08:17:48] [SUCCESS] bvid=BV11S9WByEJ6 已成功抓取全部所需数据。
[2026-04-08 08:17:53] [SUCCESS] bvid=BV12S9WByELc 已成功抓取全部所需数据。
[2026-04-08 08:17:58] [SUCCESS] bvid=BV11S9WByExo 已成功抓取全部所需数据。
[2026-04-08 08:18:03] [SUCCESS] bvid=BV12S9WByEiq 已成功抓取全部所需数据。
[2026-04-08 08:18:08] [SUCCESS] bvid=BV1M19WBEE69 已成功抓取全部所需数据。
[2026-04-08 08:18:13] [SUCCESS] bvid=BV1229WB2EaC 已成功抓取全部所需数据。
[2026-04-08 08:18:18] [SUCCESS] bvid=BV1229WB2E1V 已成功抓取全部所需数据。
[2026-04-08 08:18:23] [SUCCESS] bvid=BV1YL9sBoEKr 已成功抓取全部所需数据。
[2026-04-08 08:18:29] [SUCCESS] bvid=BV1PR9WBGEQD 已成功抓取全部所需数据。
[2026-04-08 08:18:34] [SUCCESS] bvid=BV1m29WB2Ejv 已成功抓取全部所需数据。
[2026-04-08 08:18:34] [WARN] 当前子任务已结束，但仍有未成功抓取的视频，已导出 remaining CSV 供继续执行。
[2026-04-08 08:18:34] [INFO] 已导出剔除成功条目后的剩余 CSV：D:\Schoolworks\Thesis\Bilibili-Datahub\outputs\video_data\manual_crawls\manual_crawl_stat_comment_20260407_223150\remaining_bvids_part_42.csv
[2026-04-08 08:18:34] 子任务结束时间：2026-04-08T08:18:34.416783
[TIMESTAMP][END] 2026-04-08T08:18:34
