[TIMESTAMP][BEGIN] 2026-04-08T03:36:39
[2026-04-08 03:36:41] 开始执行 CSV 批量抓取子任务 part_21。
[2026-04-08 03:36:41] 子任务开始时间：2026-04-08T03:36:39.577821
[2026-04-08 03:36:41] 输入文件：batch_input_21.csv
[2026-04-08 03:36:41] 输入唯一 bvid 数量：100
[2026-04-08 03:36:41] 为严格按 CSV 顺序判断连续失败阈值，本次任务自动将并发度从 2 调整为 1。
[2026-04-08 03:36:46] [SUCCESS] bvid=BV1B3DMByEDP 已成功抓取全部所需数据。
[2026-04-08 03:36:51] [SUCCESS] bvid=BV1dw9uBnEMM 已成功抓取全部所需数据。
[2026-04-08 03:36:57] [SUCCESS] bvid=BV1fHDNBgEh7 已成功抓取全部所需数据。
[2026-04-08 03:37:02] [SUCCESS] bvid=BV1xxXZBKEN8 已成功抓取全部所需数据。
[2026-04-08 03:37:07] [SUCCESS] bvid=BV1Z8DTBkEr8 已成功抓取全部所需数据。
[2026-04-08 03:37:12] [SUCCESS] bvid=BV1pwDMBQEDv 已成功抓取全部所需数据。
[2026-04-08 03:37:17] [SUCCESS] bvid=BV1o8DTBkEkf 已成功抓取全部所需数据。
[2026-04-08 03:37:22] [SUCCESS] bvid=BV1kwDMBDE2d 已成功抓取全部所需数据。
[2026-04-08 03:37:27] [SUCCESS] bvid=BV1Y3DwBnEWP 已成功抓取全部所需数据。
[2026-04-08 03:37:32] [SUCCESS] bvid=BV18t9LBZEKM 已成功抓取全部所需数据。
[2026-04-08 03:37:37] [SUCCESS] bvid=BV1CwDMBDEE2 已成功抓取全部所需数据。
[2026-04-08 03:37:42] [SUCCESS] bvid=BV1rPDMBJEKV 已成功抓取全部所需数据。
[2026-04-08 03:37:47] [SUCCESS] bvid=BV1wPDMBnEhw 已成功抓取全部所需数据。
[2026-04-08 03:37:52] [SUCCESS] bvid=BV1wPDMBnE6X 已成功抓取全部所需数据。
[2026-04-08 03:37:57] [SUCCESS] bvid=BV1rPDMBJERi 已成功抓取全部所需数据。
[2026-04-08 03:38:02] [SUCCESS] bvid=BV1wPDMBnEYW 已成功抓取全部所需数据。
[2026-04-08 03:38:08] [SUCCESS] bvid=BV1QeDABWE7w 已成功抓取全部所需数据。
[2026-04-08 03:38:13] [SUCCESS] bvid=BV1yfDTBXEp8 已成功抓取全部所需数据。
[2026-04-08 03:38:18] [SUCCESS] bvid=BV1yfDTBXEL7 已成功抓取全部所需数据。
[2026-04-08 03:38:23] [SUCCESS] bvid=BV1kfDTBXEht 已成功抓取全部所需数据。
[2026-04-08 03:38:28] [SUCCESS] bvid=BV1kfDTBXEfu 已成功抓取全部所需数据。
[2026-04-08 03:38:33] [SUCCESS] bvid=BV1CfDTBXEpR 已成功抓取全部所需数据。
[2026-04-08 03:38:38] [SUCCESS] bvid=BV1kcDMBHE6b 已成功抓取全部所需数据。
[2026-04-08 03:38:43] [SUCCESS] bvid=BV1QgX5B4Ee8 已成功抓取全部所需数据。
[2026-04-08 03:38:48] [SUCCESS] bvid=BV1AcDMBpESG 已成功抓取全部所需数据。
[2026-04-08 03:38:53] [SUCCESS] bvid=BV1CcDMBHEbm 已成功抓取全部所需数据。
[2026-04-08 03:38:58] [SUCCESS] bvid=BV1389MBVEhH 已成功抓取全部所需数据。
[2026-04-08 03:39:03] [SUCCESS] bvid=BV16MDMB2Ejx 已成功抓取全部所需数据。
[2026-04-08 03:39:08] [SUCCESS] bvid=BV1FMDMBmE9o 已成功抓取全部所需数据。
[2026-04-08 03:39:13] [SUCCESS] bvid=BV1nMDMBmEwF 已成功抓取全部所需数据。
[2026-04-08 03:39:18] [SUCCESS] bvid=BV1zgDMBLEJ4 已成功抓取全部所需数据。
[2026-04-08 03:39:23] [SUCCESS] bvid=BV1ZgDMBLExF 已成功抓取全部所需数据。
[2026-04-08 03:39:28] [SUCCESS] bvid=BV1zgDMBLEef 已成功抓取全部所需数据。
[2026-04-08 03:39:33] [SUCCESS] bvid=BV1ZgDMBLE25 已成功抓取全部所需数据。
[2026-04-08 03:39:38] [SUCCESS] bvid=BV1YjDKBYERt 已成功抓取全部所需数据。
[2026-04-08 03:39:44] [SUCCESS] bvid=BV1cY9uBcEYg 已成功抓取全部所需数据。
[2026-04-08 03:39:49] [SUCCESS] bvid=BV1gpDKB8E5x 已成功抓取全部所需数据。
[2026-04-08 03:40:01] [SUCCESS] bvid=BV1Xg93BXEa3 已成功抓取全部所需数据。
[2026-04-08 03:40:06] [SUCCESS] bvid=BV1rNDMBUEvC 已成功抓取全部所需数据。
[2026-04-08 03:40:18] [SUCCESS] bvid=BV1cNDMBSEAD 已成功抓取全部所需数据。
[2026-04-08 03:40:24] [SUCCESS] bvid=BV1rTDMB7EKU 已成功抓取全部所需数据。
[2026-04-08 03:40:30] [SUCCESS] bvid=BV1zTDMB7ESa 已成功抓取全部所需数据。
[2026-04-08 03:40:35] [SUCCESS] bvid=BV1zTDMB7EtM 已成功抓取全部所需数据。
[2026-04-08 03:40:41] [SUCCESS] bvid=BV1FTDMBEE8M 已成功抓取全部所需数据。
[2026-04-08 03:40:46] [SUCCESS] bvid=BV1mSDTBfE9C 已成功抓取全部所需数据。
[2026-04-08 03:40:52] [SUCCESS] bvid=BV1JTDMBEErL 已成功抓取全部所需数据。
[2026-04-08 03:40:59] [SUCCESS] bvid=BV1mSDTBfEeR 已成功抓取全部所需数据。
[2026-04-08 03:41:11] [SUCCESS] bvid=BV1USDTBfEXn 已成功抓取全部所需数据。
[2026-04-08 03:41:17] [SUCCESS] bvid=BV12QDTBtEur 已成功抓取全部所需数据。
[2026-04-08 03:41:22] [SUCCESS] bvid=BV11mDAByEp7 已成功抓取全部所需数据。
[2026-04-08 03:41:27] [SUCCESS] bvid=BV18B9gB1E2b 已成功抓取全部所需数据。
[2026-04-08 03:41:32] [SUCCESS] bvid=BV1t19WBEEbp 已成功抓取全部所需数据。
[2026-04-08 03:41:38] [SUCCESS] bvid=BV1mSDTBfEtt 已成功抓取全部所需数据。
[2026-04-08 03:41:43] [SUCCESS] bvid=BV1KQDTBbEvn 已成功抓取全部所需数据。
[2026-04-08 03:41:48] [SUCCESS] bvid=BV17R9KBEEyQ 已成功抓取全部所需数据。
[2026-04-08 03:41:53] [SUCCESS] bvid=BV1z7XfB8E2f 已成功抓取全部所需数据。
[2026-04-08 03:41:58] [SUCCESS] bvid=BV1NZDTBsEzN 已成功抓取全部所需数据。
[2026-04-08 03:42:03] [SUCCESS] bvid=BV1umDTBwEGs 已成功抓取全部所需数据。
[2026-04-08 03:42:09] [SUCCESS] bvid=BV1SmDTBcEv3 已成功抓取全部所需数据。
[2026-04-08 03:42:14] [SUCCESS] bvid=BV1SUDTB8EWD 已成功抓取全部所需数据。
[2026-04-08 03:42:20] [SUCCESS] bvid=BV1uUDTBhERZ 已成功抓取全部所需数据。
[2026-04-08 03:42:25] [SUCCESS] bvid=BV1MUDTBhEwB 已成功抓取全部所需数据。
[2026-04-08 03:42:31] [SUCCESS] bvid=BV1gUDTBhEVz 已成功抓取全部所需数据。
[2026-04-08 03:42:36] [SUCCESS] bvid=BV1MUDTBhE8X 已成功抓取全部所需数据。
[2026-04-08 03:42:42] [SUCCESS] bvid=BV1UUDTB8EJZ 已成功抓取全部所需数据。
[2026-04-08 03:42:47] [SUCCESS] bvid=BV1UUDTB8Ezx 已成功抓取全部所需数据。
[2026-04-08 03:42:52] [SUCCESS] bvid=BV1saDKBpE4R 已成功抓取全部所需数据。
[2026-04-08 03:42:57] [SUCCESS] bvid=BV1UL9uBrEW4 已成功抓取全部所需数据。
[2026-04-08 03:43:03] [SUCCESS] bvid=BV1ydDTBRECG 已成功抓取全部所需数据。
[2026-04-08 03:43:08] [SUCCESS] bvid=BV11dDTBREDK 已成功抓取全部所需数据。
[2026-04-08 03:43:13] [SUCCESS] bvid=BV1KdDTBdEKD 已成功抓取全部所需数据。
[2026-04-08 03:43:19] [SUCCESS] bvid=BV11dDTBRE6p 已成功抓取全部所需数据。
[2026-04-08 03:43:24] [SUCCESS] bvid=BV1WdDTB9EzG 已成功抓取全部所需数据。
[2026-04-08 03:43:29] [SUCCESS] bvid=BV1NdDTBdEEt 已成功抓取全部所需数据。
[2026-04-08 03:43:34] [SUCCESS] bvid=BV11ZDTBWEcs 已成功抓取全部所需数据。
[2026-04-08 03:43:39] [SUCCESS] bvid=BV12RDTBxEs8 已成功抓取全部所需数据。
[2026-04-08 03:43:44] [SUCCESS] bvid=BV1z7XfB8EBK 已成功抓取全部所需数据。
[2026-04-08 03:43:50] [SUCCESS] bvid=BV1b4DKBdEMj 已成功抓取全部所需数据。
[2026-04-08 03:43:55] [SUCCESS] bvid=BV1y9DNBEEVy 已成功抓取全部所需数据。
[2026-04-08 03:44:00] [SUCCESS] bvid=BV17UDKBrEp6 已成功抓取全部所需数据。
[2026-04-08 03:44:05] [SUCCESS] bvid=BV1bJ9pBjECF 已成功抓取全部所需数据。
[2026-04-08 03:44:10] [SUCCESS] bvid=BV1RE97BrE8p 已成功抓取全部所需数据。
[2026-04-08 03:44:16] [SUCCESS] bvid=BV1qCDwBbEQA 已成功抓取全部所需数据。
[2026-04-08 03:44:21] [SUCCESS] bvid=BV1LhDNBNEuX 已成功抓取全部所需数据。
[2026-04-08 03:44:26] [SUCCESS] bvid=BV1Lo9PBuEAw 已成功抓取全部所需数据。
[2026-04-08 03:44:32] [SUCCESS] bvid=BV1siDKBSEKe 已成功抓取全部所需数据。
[2026-04-08 03:44:37] [SUCCESS] bvid=BV1HkDKB1Eqi 已成功抓取全部所需数据。
[2026-04-08 03:44:42] [SUCCESS] bvid=BV1zq9uB4Eui 已成功抓取全部所需数据。
[2026-04-08 03:44:48] [SUCCESS] bvid=BV1vaDNBeEaY 已成功抓取全部所需数据。
[2026-04-08 03:44:53] [SUCCESS] bvid=BV1ZTDKBzEnp 已成功抓取全部所需数据。
[2026-04-08 03:44:58] [SUCCESS] bvid=BV1kFDKB5ExH 已成功抓取全部所需数据。
[2026-04-08 03:45:03] [SUCCESS] bvid=BV1CZDTBWEke 已成功抓取全部所需数据。
[2026-04-08 03:45:08] [SUCCESS] bvid=BV12XDTBoERU 已成功抓取全部所需数据。
[2026-04-08 03:45:13] [SUCCESS] bvid=BV12XDTBoE4u 已成功抓取全部所需数据。
[2026-04-08 03:45:20] [SUCCESS] bvid=BV1QpDMBTEk6 已成功抓取全部所需数据。
[2026-04-08 03:45:26] [SUCCESS] bvid=BV1MXDTBZEKZ 已成功抓取全部所需数据。
[2026-04-08 03:45:33] [SUCCESS] bvid=BV11RDTBxEyP 已成功抓取全部所需数据。
[2026-04-08 03:45:39] [SUCCESS] bvid=BV12RDTBxE1N 已成功抓取全部所需数据。
[2026-04-08 03:45:44] [SUCCESS] bvid=BV12RDTBxEq3 已成功抓取全部所需数据。
[2026-04-08 03:45:51] [SUCCESS] bvid=BV18bDMBAE2p 已成功抓取全部所需数据。
[2026-04-08 03:45:51] [INFO] 当前 batch_crawl 已完成，所有视频均已成功抓取。
[2026-04-08 03:45:51] 子任务结束时间：2026-04-08T03:45:51.028501
[TIMESTAMP][END] 2026-04-08T03:45:51
