[TIMESTAMP][BEGIN] 2026-04-08T03:45:51
[2026-04-08 03:45:53] 开始执行 CSV 批量抓取子任务 part_22。
[2026-04-08 03:45:53] 子任务开始时间：2026-04-08T03:45:51.144303
[2026-04-08 03:45:53] 输入文件：batch_input_22.csv
[2026-04-08 03:45:53] 输入唯一 bvid 数量：100
[2026-04-08 03:45:53] 为严格按 CSV 顺序判断连续失败阈值，本次任务自动将并发度从 2 调整为 1。
[2026-04-08 03:46:00] [SUCCESS] bvid=BV1tbDMBAEQf 已成功抓取全部所需数据。
[2026-04-08 03:46:06] [SUCCESS] bvid=BV18bDMBAExt 已成功抓取全部所需数据。
[2026-04-08 03:46:12] [SUCCESS] bvid=BV1QxDMBNEY4 已成功抓取全部所需数据。
[2026-04-08 03:46:19] [SUCCESS] bvid=BV1DWDMBiEZZ 已成功抓取全部所需数据。
[2026-04-08 03:46:25] [SUCCESS] bvid=BV1vhDNBNECr 已成功抓取全部所需数据。
[2026-04-08 03:46:31] [SUCCESS] bvid=BV1DxDMBNEq7 已成功抓取全部所需数据。
[2026-04-08 03:46:37] [SUCCESS] bvid=BV1axDMBNEhf 已成功抓取全部所需数据。
[2026-04-08 03:46:44] [SUCCESS] bvid=BV14YDMB8E5H 已成功抓取全部所需数据。
[2026-04-08 03:46:50] [SUCCESS] bvid=BV1axDMBNEYP 已成功抓取全部所需数据。
[2026-04-08 03:46:56] [SUCCESS] bvid=BV1hxDMBNEKn 已成功抓取全部所需数据。
[2026-04-08 03:47:02] [SUCCESS] bvid=BV1y9DNBJEHd 已成功抓取全部所需数据。
[2026-04-08 03:47:08] [SUCCESS] bvid=BV1teDMBfE3u 已成功抓取全部所需数据。
[2026-04-08 03:47:15] [SUCCESS] bvid=BV14eDMBfEEc 已成功抓取全部所需数据。
[2026-04-08 03:47:21] [SUCCESS] bvid=BV1SaDMBcETW 已成功抓取全部所需数据。
[2026-04-08 03:47:27] [SUCCESS] bvid=BV12aDMBcEde 已成功抓取全部所需数据。
[2026-04-08 03:47:33] [SUCCESS] bvid=BV1taDMBcEaj 已成功抓取全部所需数据。
[2026-04-08 03:47:39] [SUCCESS] bvid=BV1maDMBcEXa 已成功抓取全部所需数据。
[2026-04-08 03:47:45] [SUCCESS] bvid=BV1taDMBcEat 已成功抓取全部所需数据。
[2026-04-08 03:47:51] [SUCCESS] bvid=BV1UaDMBcEkN 已成功抓取全部所需数据。
[2026-04-08 03:47:57] [SUCCESS] bvid=BV1i5DMBkEPC 已成功抓取全部所需数据。
[2026-04-08 03:48:04] [SUCCESS] bvid=BV1d5DMBkEBx 已成功抓取全部所需数据。
[2026-04-08 03:48:10] [SUCCESS] bvid=BV1vjDMB3EVj 已成功抓取全部所需数据。
[2026-04-08 03:48:16] [SUCCESS] bvid=BV1vjDMB3E6c 已成功抓取全部所需数据。
[2026-04-08 03:48:23] [SUCCESS] bvid=BV1djDMB3ERf 已成功抓取全部所需数据。
[2026-04-08 03:48:29] [SUCCESS] bvid=BV1RA9uBSEg8 已成功抓取全部所需数据。
[2026-04-08 03:48:35] [SUCCESS] bvid=BV1q3DMByE7L 已成功抓取全部所需数据。
[2026-04-08 03:48:42] [SUCCESS] bvid=BV1bpDKBbEmD 已成功抓取全部所需数据。
[2026-04-08 03:48:48] [SUCCESS] bvid=BV1zxXhBnE5i 已成功抓取全部所需数据。
[2026-04-08 03:48:54] [SUCCESS] bvid=BV134XCBuEo3 已成功抓取全部所需数据。
[2026-04-08 03:49:00] [SUCCESS] bvid=BV1uL9uBkErC 已成功抓取全部所需数据。
[2026-04-08 03:49:06] [SUCCESS] bvid=BV1wU9MBcE7e 已成功抓取全部所需数据。
[2026-04-08 03:49:12] [SUCCESS] bvid=BV1bKX9BYEhC 已成功抓取全部所需数据。
[2026-04-08 03:49:17] [SUCCESS] bvid=BV1enDMBBEjk 已成功抓取全部所需数据。
[2026-04-08 03:49:21] [SUCCESS] bvid=BV1YpDMBTELw 已成功抓取全部所需数据。
[2026-04-08 03:49:22] [ERROR] bvid=BV19pDMBTELo 抓取失败：stat: 接口返回错误代码：62012，信息：62012。
{'code': 62012, 'message': '62012', 'ttl': 1} | comment: 接口返回错误代码：62012，信息：62012。
{'code': 62012, 'message': '62012', 'ttl': 1}
[2026-04-08 03:49:27] [SUCCESS] bvid=BV1YpDMBTEsd 已成功抓取全部所需数据。
[2026-04-08 03:49:32] [SUCCESS] bvid=BV1GpDMBKEeU 已成功抓取全部所需数据。
[2026-04-08 03:49:37] [SUCCESS] bvid=BV1QpDMBTE2M 已成功抓取全部所需数据。
[2026-04-08 03:49:42] [SUCCESS] bvid=BV1apDMBTEvX 已成功抓取全部所需数据。
[2026-04-08 03:49:47] [SUCCESS] bvid=BV1eJDMBuEFS 已成功抓取全部所需数据。
[2026-04-08 03:49:53] [SUCCESS] bvid=BV157DMBzEhg 已成功抓取全部所需数据。
[2026-04-08 03:49:58] [SUCCESS] bvid=BV1RJDMBuE1R 已成功抓取全部所需数据。
[2026-04-08 03:50:03] [SUCCESS] bvid=BV1XvDNBhEiH 已成功抓取全部所需数据。
[2026-04-08 03:50:15] [SUCCESS] bvid=BV19qDNBFE8H 已成功抓取全部所需数据。
[2026-04-08 03:50:33] [SUCCESS] bvid=BV1XqDNBFEue 已成功抓取全部所需数据。
[2026-04-08 03:50:51] [SUCCESS] bvid=BV1VqDNBcEqE 已成功抓取全部所需数据。
[2026-04-08 03:51:09] [SUCCESS] bvid=BV1YqDNBcEH9 已成功抓取全部所需数据。
[2026-04-08 03:51:27] [SUCCESS] bvid=BV1gq9gBjEao 已成功抓取全部所需数据。
[2026-04-08 03:51:44] [SUCCESS] bvid=BV19aDNBYE8K 已成功抓取全部所需数据。
[2026-04-08 03:51:56] [SUCCESS] bvid=BV1RaDNBYETP 已成功抓取全部所需数据。
[2026-04-08 03:52:01] [SUCCESS] bvid=BV1XeDNBwE2w 已成功抓取全部所需数据。
[2026-04-08 03:52:06] [SUCCESS] bvid=BV1SrDNB4EqN 已成功抓取全部所需数据。
[2026-04-08 03:52:11] [SUCCESS] bvid=BV1ReDNBwErN 已成功抓取全部所需数据。
[2026-04-08 03:52:16] [SUCCESS] bvid=BV1ukDNBoEHK 已成功抓取全部所需数据。
[2026-04-08 03:52:21] [SUCCESS] bvid=BV1QBDNBbEsX 已成功抓取全部所需数据。
[2026-04-08 03:52:27] [SUCCESS] bvid=BV1GBDNB8EXZ 已成功抓取全部所需数据。
[2026-04-08 03:52:32] [SUCCESS] bvid=BV1QzDNBZE43 已成功抓取全部所需数据。
[2026-04-08 03:52:37] [SUCCESS] bvid=BV1VBDNB8EjH 已成功抓取全部所需数据。
[2026-04-08 03:52:42] [SUCCESS] bvid=BV1DBDNBbEv6 已成功抓取全部所需数据。
[2026-04-08 03:52:47] [SUCCESS] bvid=BV1VBDNB8ETf 已成功抓取全部所需数据。
[2026-04-08 03:52:52] [SUCCESS] bvid=BV1YBDNB8ELk 已成功抓取全部所需数据。
[2026-04-08 03:52:57] [SUCCESS] bvid=BV1QzDNBZERh 已成功抓取全部所需数据。
[2026-04-08 03:53:02] [SUCCESS] bvid=BV1QzDNBZEd7 已成功抓取全部所需数据。
[2026-04-08 03:53:07] [SUCCESS] bvid=BV1cJDNBkENv 已成功抓取全部所需数据。
[2026-04-08 03:53:12] [SUCCESS] bvid=BV1kn9NBQEH4 已成功抓取全部所需数据。
[2026-04-08 03:53:17] [SUCCESS] bvid=BV1ks9TBoE6X 已成功抓取全部所需数据。
[2026-04-08 03:53:22] [SUCCESS] bvid=BV1FpDNB6EQm 已成功抓取全部所需数据。
[2026-04-08 03:53:27] [SUCCESS] bvid=BV17sDNBuEaF 已成功抓取全部所需数据。
[2026-04-08 03:53:32] [SUCCESS] bvid=BV1m2DABLEVQ 已成功抓取全部所需数据。
[2026-04-08 03:53:37] [SUCCESS] bvid=BV1XjDKBYEqU 已成功抓取全部所需数据。
[2026-04-08 03:53:43] [SUCCESS] bvid=BV1fsDNBMETL 已成功抓取全部所需数据。
[2026-04-08 03:53:48] [SUCCESS] bvid=BV1rJDNBkEPm 已成功抓取全部所需数据。
[2026-04-08 03:53:53] [SUCCESS] bvid=BV1wJDNBkELd 已成功抓取全部所需数据。
[2026-04-08 03:53:58] [SUCCESS] bvid=BV1apDKBbEF3 已成功抓取全部所需数据。
[2026-04-08 03:54:03] [SUCCESS] bvid=BV1RhDNBPEBu 已成功抓取全部所需数据。
[2026-04-08 03:54:08] [SUCCESS] bvid=BV1tbDKBsEsQ 已成功抓取全部所需数据。
[2026-04-08 03:54:13] [SUCCESS] bvid=BV1ExDNBBEBg 已成功抓取全部所需数据。
[2026-04-08 03:54:18] [SUCCESS] bvid=BV1jxDNBBEUi 已成功抓取全部所需数据。
[2026-04-08 03:54:23] [SUCCESS] bvid=BV1rFDKB5EjB 已成功抓取全部所需数据。
[2026-04-08 03:54:29] [SUCCESS] bvid=BV1kZDNB1Eou 已成功抓取全部所需数据。
[2026-04-08 03:54:34] [SUCCESS] bvid=BV1qKDKBgErz 已成功抓取全部所需数据。
[2026-04-08 03:54:38] [SUCCESS] bvid=BV1wZDNB2EYT 已成功抓取全部所需数据。
[2026-04-08 03:54:39] [ERROR] bvid=BV1EKDKB3EbE 抓取失败：stat: 接口返回错误代码：62002，信息：稿件不可见。
{'code': 62002, 'message': '稿件不可见', 'ttl': 1} | comment: 接口返回错误代码：62002，信息：稿件不可见。
{'code': 62002, 'message': '稿件不可见', 'ttl': 1}
[2026-04-08 03:54:44] [SUCCESS] bvid=BV1fTDKBzENQ 已成功抓取全部所需数据。
[2026-04-08 03:54:49] [SUCCESS] bvid=BV1qTDKBzEi8 已成功抓取全部所需数据。
[2026-04-08 03:54:54] [SUCCESS] bvid=BV1FADKBVEQH 已成功抓取全部所需数据。
[2026-04-08 03:54:59] [SUCCESS] bvid=BV1Kr9gBCE67 已成功抓取全部所需数据。
[2026-04-08 03:55:04] [SUCCESS] bvid=BV1zADKBGE6V 已成功抓取全部所需数据。
[2026-04-08 03:55:09] [SUCCESS] bvid=BV16ADKBGE4V 已成功抓取全部所需数据。
[2026-04-08 03:55:14] [SUCCESS] bvid=BV1zPDKBkEjb 已成功抓取全部所需数据。
[2026-04-08 03:55:18] [SUCCESS] bvid=BV1hP9NBeEC1 已成功抓取全部所需数据。
[2026-04-08 03:55:23] [SUCCESS] bvid=BV13tXCBBE3D 已成功抓取全部所需数据。
[2026-04-08 03:55:29] [SUCCESS] bvid=BV1myDAB2Es5 已成功抓取全部所需数据。
[2026-04-08 03:55:35] [SUCCESS] bvid=BV1JPDKBkEuf 已成功抓取全部所需数据。
[2026-04-08 03:55:41] [SUCCESS] bvid=BV1zPDKBrEcJ 已成功抓取全部所需数据。
[2026-04-08 03:55:46] [SUCCESS] bvid=BV1fPDKBrEHB 已成功抓取全部所需数据。
[2026-04-08 03:55:52] [SUCCESS] bvid=BV1mmDNBpEmG 已成功抓取全部所需数据。
[2026-04-08 03:55:57] [SUCCESS] bvid=BV12mDNBpEQK 已成功抓取全部所需数据。
[2026-04-08 03:56:02] [SUCCESS] bvid=BV1mmDNBpEpY 已成功抓取全部所需数据。
[2026-04-08 03:56:07] [SUCCESS] bvid=BV12UDNBXE1z 已成功抓取全部所需数据。
[2026-04-08 03:56:07] [WARN] 当前子任务已结束，但仍有未成功抓取的视频，已导出 remaining CSV 供继续执行。
[2026-04-08 03:56:07] [INFO] 已导出剔除成功条目后的剩余 CSV：D:\Schoolworks\Thesis\Bilibili-Datahub\outputs\video_data\manual_crawls\manual_crawl_stat_comment_20260407_223150\remaining_bvids_part_22.csv
[2026-04-08 03:56:07] 子任务结束时间：2026-04-08T03:56:07.420318
[TIMESTAMP][END] 2026-04-08T03:56:07
