[TIMESTAMP][BEGIN] 2026-04-07T23:42:01
[2026-04-07 23:42:03] 开始执行 CSV 批量抓取子任务 part_6。
[2026-04-07 23:42:03] 子任务开始时间：2026-04-07T23:42:01.164021
[2026-04-07 23:42:03] 输入文件：batch_input_6.csv
[2026-04-07 23:42:03] 输入唯一 bvid 数量：100
[2026-04-07 23:42:03] 为严格按 CSV 顺序判断连续失败阈值，本次任务自动将并发度从 2 调整为 1。
[2026-04-07 23:42:08] [SUCCESS] bvid=BV1t5DFB6EkS 已成功抓取全部所需数据。
[2026-04-07 23:42:14] [SUCCESS] bvid=BV1spDFBNEP5 已成功抓取全部所需数据。
[2026-04-07 23:42:19] [SUCCESS] bvid=BV1ypDFBNEbS 已成功抓取全部所需数据。
[2026-04-07 23:42:25] [SUCCESS] bvid=BV11pDFBNESx 已成功抓取全部所需数据。
[2026-04-07 23:42:30] [SUCCESS] bvid=BV11pDFBNEQM 已成功抓取全部所需数据。
[2026-04-07 23:42:35] [SUCCESS] bvid=BV1ePDFB7E8W 已成功抓取全部所需数据。
[2026-04-07 23:42:41] [SUCCESS] bvid=BV1WWDFBeEBZ 已成功抓取全部所需数据。
[2026-04-07 23:42:46] [SUCCESS] bvid=BV1GPSZB6ELw 已成功抓取全部所需数据。
[2026-04-07 23:42:51] [SUCCESS] bvid=BV1WWDFBeEeP 已成功抓取全部所需数据。
[2026-04-07 23:42:57] [SUCCESS] bvid=BV12JDFBTE1W 已成功抓取全部所需数据。
[2026-04-07 23:43:02] [SUCCESS] bvid=BV1xJDFBTEeH 已成功抓取全部所需数据。
[2026-04-07 23:43:07] [SUCCESS] bvid=BV1xJDFBTE4L 已成功抓取全部所需数据。
[2026-04-07 23:43:12] [SUCCESS] bvid=BV1tJDFBTEVR 已成功抓取全部所需数据。
[2026-04-07 23:43:18] [SUCCESS] bvid=BV11nDFBiEzf 已成功抓取全部所需数据。
[2026-04-07 23:43:23] [SUCCESS] bvid=BV11nDFBiEbf 已成功抓取全部所需数据。
[2026-04-07 23:43:29] [SUCCESS] bvid=BV1NnDFBqEym 已成功抓取全部所需数据。
[2026-04-07 23:43:34] [SUCCESS] bvid=BV1CVSQBuEca 已成功抓取全部所需数据。
[2026-04-07 23:43:40] [SUCCESS] bvid=BV1xnDFBiEn3 已成功抓取全部所需数据。
[2026-04-07 23:43:45] [SUCCESS] bvid=BV1Tv9KBwE3Z 已成功抓取全部所需数据。
[2026-04-07 23:43:51] [SUCCESS] bvid=BV1mv9KBwEF6 已成功抓取全部所需数据。
[2026-04-07 23:43:56] [SUCCESS] bvid=BV19NDFB2ECj 已成功抓取全部所需数据。
[2026-04-07 23:44:01] [SUCCESS] bvid=BV1Tv9KBwEpT 已成功抓取全部所需数据。
[2026-04-07 23:44:06] [SUCCESS] bvid=BV14v9KBwEkA 已成功抓取全部所需数据。
[2026-04-07 23:44:12] [SUCCESS] bvid=BV19NDFB2Ei2 已成功抓取全部所需数据。
[2026-04-07 23:44:17] [SUCCESS] bvid=BV12v9KBFEgq 已成功抓取全部所需数据。
[2026-04-07 23:44:23] [SUCCESS] bvid=BV1aTDFBLE6g 已成功抓取全部所需数据。
[2026-04-07 23:44:29] [SUCCESS] bvid=BV1aNDFB2EtC 已成功抓取全部所需数据。
[2026-04-07 23:44:34] [SUCCESS] bvid=BV14v9KBwEpx 已成功抓取全部所需数据。
[2026-04-07 23:44:40] [SUCCESS] bvid=BV1Kv9KBwE1w 已成功抓取全部所需数据。
[2026-04-07 23:44:45] [SUCCESS] bvid=BV1Kv9KBwEyz 已成功抓取全部所需数据。
[2026-04-07 23:44:50] [SUCCESS] bvid=BV1Tv9KBwEJu 已成功抓取全部所需数据。
[2026-04-07 23:44:55] [SUCCESS] bvid=BV1icDFBJEUX 已成功抓取全部所需数据。
[2026-04-07 23:45:00] [SUCCESS] bvid=BV1Kv9KBwEDg 已成功抓取全部所需数据。
[2026-04-07 23:45:06] [SUCCESS] bvid=BV1xv9KBwE2h 已成功抓取全部所需数据。
[2026-04-07 23:45:11] [SUCCESS] bvid=BV1Zo9MB9EK1 已成功抓取全部所需数据。
[2026-04-07 23:45:16] [SUCCESS] bvid=BV14v9KBwESj 已成功抓取全部所需数据。
[2026-04-07 23:45:22] [SUCCESS] bvid=BV1RwDFBUEdF 已成功抓取全部所需数据。
[2026-04-07 23:45:27] [SUCCESS] bvid=BV12v9KBFEMQ 已成功抓取全部所需数据。
[2026-04-07 23:45:33] [SUCCESS] bvid=BV1vwDFBUEdx 已成功抓取全部所需数据。
[2026-04-07 23:45:38] [SUCCESS] bvid=BV1dwDFBUEAC 已成功抓取全部所需数据。
[2026-04-07 23:45:43] [SUCCESS] bvid=BV1Kv9KBwESp 已成功抓取全部所需数据。
[2026-04-07 23:45:48] [SUCCESS] bvid=BV14v9KBwES3 已成功抓取全部所需数据。
[2026-04-07 23:45:54] [SUCCESS] bvid=BV1agDFBVEEr 已成功抓取全部所需数据。
[2026-04-07 23:46:00] [SUCCESS] bvid=BV1WXSQBkELr 已成功抓取全部所需数据。
[2026-04-07 23:46:06] [SUCCESS] bvid=BV1Kv9KBwEkU 已成功抓取全部所需数据。
[2026-04-07 23:46:13] [SUCCESS] bvid=BV1dJ9JBUE22 已成功抓取全部所需数据。
[2026-04-07 23:56:19] [SUCCESS] bvid=BV1oJ9JBUEF8 已成功抓取全部所需数据。
[2026-04-07 23:56:25] [SUCCESS] bvid=BV1XN9TB6EFM 已成功抓取全部所需数据。
[2026-04-08 00:06:34] [SUCCESS] bvid=BV1K2SQB2E33 已成功抓取全部所需数据。
[2026-04-08 00:16:43] [SUCCESS] bvid=BV1ThSoBAER9 已成功抓取全部所需数据。
[2026-04-08 00:16:49] [SUCCESS] bvid=BV1JbSZBpEZF 已成功抓取全部所需数据。
[2026-04-08 00:16:56] [SUCCESS] bvid=BV1jiSZBmEff 已成功抓取全部所需数据。
[2026-04-08 00:17:03] [SUCCESS] bvid=BV1Bw9FB8EEb 已成功抓取全部所需数据。
[2026-04-08 00:17:10] [SUCCESS] bvid=BV1MfXZBCE9U 已成功抓取全部所需数据。
[2026-04-08 00:17:16] [SUCCESS] bvid=BV12eSoBFETE 已成功抓取全部所需数据。
[2026-04-08 00:17:23] [SUCCESS] bvid=BV1hqS9BhEib 已成功抓取全部所需数据。
[2026-04-08 00:17:29] [SUCCESS] bvid=BV1T1SQB7E1u 已成功抓取全部所需数据。
[2026-04-08 00:17:36] [SUCCESS] bvid=BV14jSZBhEKe 已成功抓取全部所需数据。
[2026-04-08 00:17:42] [SUCCESS] bvid=BV1oo9MB9E8W 已成功抓取全部所需数据。
[2026-04-08 00:17:49] [SUCCESS] bvid=BV1P2SQB2ED7 已成功抓取全部所需数据。
[2026-04-08 00:17:55] [SUCCESS] bvid=BV1HUSSBqEqo 已成功抓取全部所需数据。
[2026-04-08 00:18:02] [SUCCESS] bvid=BV1RjSoBrEnh 已成功抓取全部所需数据。
[2026-04-08 00:18:09] [SUCCESS] bvid=BV18KSdB8EHD 已成功抓取全部所需数据。
[2026-04-08 00:18:15] [SUCCESS] bvid=BV1GgDFB5EPu 已成功抓取全部所需数据。
[2026-04-08 00:18:21] [SUCCESS] bvid=BV1VESoB3EzL 已成功抓取全部所需数据。
[2026-04-08 00:18:28] [SUCCESS] bvid=BV1GgDFB5Eut 已成功抓取全部所需数据。
[2026-04-08 00:18:34] [SUCCESS] bvid=BV1agDFBVEn3 已成功抓取全部所需数据。
[2026-04-08 00:18:41] [SUCCESS] bvid=BV1hgDFBVEiz 已成功抓取全部所需数据。
[2026-04-08 00:18:47] [SUCCESS] bvid=BV1h3DFBkEsX 已成功抓取全部所需数据。
[2026-04-08 00:18:54] [SUCCESS] bvid=BV1QMDFByETe 已成功抓取全部所需数据。
[2026-04-08 00:19:00] [SUCCESS] bvid=BV1XTDFBLEb1 已成功抓取全部所需数据。
[2026-04-08 00:19:07] [SUCCESS] bvid=BV1h3DFBkEje 已成功抓取全部所需数据。
[2026-04-08 00:19:13] [SUCCESS] bvid=BV1VTDFBjEvJ 已成功抓取全部所需数据。
[2026-04-08 00:19:20] [SUCCESS] bvid=BV1jvSZBEE9Q 已成功抓取全部所需数据。
[2026-04-08 00:19:26] [SUCCESS] bvid=BV1kh9uBaEDv 已成功抓取全部所需数据。
[2026-04-08 00:19:33] [SUCCESS] bvid=BV1bfXZBCEHt 已成功抓取全部所需数据。
[2026-04-08 00:19:40] [SUCCESS] bvid=BV1C3XfBeEPy 已成功抓取全部所需数据。
[2026-04-08 00:19:46] [SUCCESS] bvid=BV1YTDFBLEqv 已成功抓取全部所需数据。
[2026-04-08 00:19:53] [SUCCESS] bvid=BV1DsSoBKE4Z 已成功抓取全部所需数据。
[2026-04-08 00:20:00] [SUCCESS] bvid=BV1aTDFBLEmc 已成功抓取全部所需数据。
[2026-04-08 00:20:06] [SUCCESS] bvid=BV1hMDFByEbo 已成功抓取全部所需数据。
[2026-04-08 00:20:13] [SUCCESS] bvid=BV1QsSoBKECd 已成功抓取全部所需数据。
[2026-04-08 00:20:19] [SUCCESS] bvid=BV185X5B9EGh 已成功抓取全部所需数据。
[2026-04-08 00:20:26] [SUCCESS] bvid=BV1SsSoBKESo 已成功抓取全部所需数据。
[2026-04-08 00:20:32] [SUCCESS] bvid=BV1DsSoBKEnL 已成功抓取全部所需数据。
[2026-04-08 00:20:39] [SUCCESS] bvid=BV1QxSoBvEGa 已成功抓取全部所需数据。
[2026-04-08 00:20:45] [SUCCESS] bvid=BV13xSoBiEEQ 已成功抓取全部所需数据。
[2026-04-08 00:20:52] [SUCCESS] bvid=BV1XHSoBMEZj 已成功抓取全部所需数据。
[2026-04-08 00:20:58] [SUCCESS] bvid=BV1GpSoBBEFP 已成功抓取全部所需数据。
[2026-04-08 00:21:04] [SUCCESS] bvid=BV1UbSoBYEfE 已成功抓取全部所需数据。
[2026-04-08 00:21:11] [SUCCESS] bvid=BV1b7D3BMEv4 已成功抓取全部所需数据。
[2026-04-08 00:21:17] [SUCCESS] bvid=BV15zSZB1EMK 已成功抓取全部所需数据。
[2026-04-08 00:21:23] [SUCCESS] bvid=BV1SL9uBrEpV 已成功抓取全部所需数据。
[2026-04-08 00:21:30] [SUCCESS] bvid=BV1QpSoBqEwL 已成功抓取全部所需数据。
[2026-04-08 00:21:36] [SUCCESS] bvid=BV1TaSoBaEY9 已成功抓取全部所需数据。
[2026-04-08 00:21:43] [SUCCESS] bvid=BV1maSoBhEJE 已成功抓取全部所需数据。
[2026-04-08 00:21:50] [SUCCESS] bvid=BV1UaSoBhE3A 已成功抓取全部所需数据。
[2026-04-08 00:21:56] [SUCCESS] bvid=BV1StSoBPE5o 已成功抓取全部所需数据。
[2026-04-08 00:22:02] [SUCCESS] bvid=BV1PMSQBCErh 已成功抓取全部所需数据。
[2026-04-08 00:22:07] [SUCCESS] bvid=BV1DtSoBPEVd 已成功抓取全部所需数据。
[2026-04-08 00:22:07] [INFO] 当前 batch_crawl 已完成，所有视频均已成功抓取。
[2026-04-08 00:22:07] 子任务结束时间：2026-04-08T00:22:07.713098
[TIMESTAMP][END] 2026-04-08T00:22:07
