[TIMESTAMP][BEGIN] 2026-04-08T00:31:37
[2026-04-08 00:31:40] 开始执行 CSV 批量抓取子任务 part_8。
[2026-04-08 00:31:40] 子任务开始时间：2026-04-08T00:31:37.677315
[2026-04-08 00:31:40] 输入文件：batch_input_8.csv
[2026-04-08 00:31:40] 输入唯一 bvid 数量：100
[2026-04-08 00:31:40] 为严格按 CSV 顺序判断连续失败阈值，本次任务自动将并发度从 2 调整为 1。
[2026-04-08 00:31:45] [SUCCESS] bvid=BV1vrSZB5EJi 已成功抓取全部所需数据。
[2026-04-08 00:31:51] [SUCCESS] bvid=BV1vrSZB5E6Y 已成功抓取全部所需数据。
[2026-04-08 00:31:56] [SUCCESS] bvid=BV1i9SRBBE4J 已成功抓取全部所需数据。
[2026-04-08 00:32:02] [SUCCESS] bvid=BV1erSZB5EFA 已成功抓取全部所需数据。
[2026-04-08 00:32:07] [SUCCESS] bvid=BV1LrSZB5Ewu 已成功抓取全部所需数据。
[2026-04-08 00:32:13] [SUCCESS] bvid=BV15kSZBCEtY 已成功抓取全部所需数据。
[2026-04-08 00:32:18] [SUCCESS] bvid=BV1ekSZBCEbJ 已成功抓取全部所需数据。
[2026-04-08 00:32:24] [SUCCESS] bvid=BV1YkSZBCE5K 已成功抓取全部所需数据。
[2026-04-08 00:32:29] [SUCCESS] bvid=BV1nxSZBsEQH 已成功抓取全部所需数据。
[2026-04-08 00:32:35] [SUCCESS] bvid=BV1HxSZBxEb8 已成功抓取全部所需数据。
[2026-04-08 00:32:40] [SUCCESS] bvid=BV1nxSZBsE6N 已成功抓取全部所需数据。
[2026-04-08 00:32:45] [SUCCESS] bvid=BV1cxSZBxEq4 已成功抓取全部所需数据。
[2026-04-08 00:32:50] [SUCCESS] bvid=BV1nxSZBsEfj 已成功抓取全部所需数据。
[2026-04-08 00:32:56] [SUCCESS] bvid=BV1nxSZBsEi6 已成功抓取全部所需数据。
[2026-04-08 00:33:01] [SUCCESS] bvid=BV1nxSZBsEvm 已成功抓取全部所需数据。
[2026-04-08 00:33:06] [SUCCESS] bvid=BV1rxSZBsErs 已成功抓取全部所需数据。
[2026-04-08 00:33:11] [SUCCESS] bvid=BV1ppSZB4EWk 已成功抓取全部所需数据。
[2026-04-08 00:33:17] [SUCCESS] bvid=BV1n4SZB9Eue 已成功抓取全部所需数据。
[2026-04-08 00:33:21] [SUCCESS] bvid=BV1F4SZBREfB 已成功抓取全部所需数据。
[2026-04-08 00:33:26] [SUCCESS] bvid=BV1J4SZB9EWk 已成功抓取全部所需数据。
[2026-04-08 00:33:32] [SUCCESS] bvid=BV164SZB9ESs 已成功抓取全部所需数据。
[2026-04-08 00:33:37] [SUCCESS] bvid=BV1n4SZB9Egm 已成功抓取全部所需数据。
[2026-04-08 00:33:43] [SUCCESS] bvid=BV1J4SZB9ExP 已成功抓取全部所需数据。
[2026-04-08 00:33:48] [SUCCESS] bvid=BV1n4SZB9EGS 已成功抓取全部所需数据。
[2026-04-08 00:33:53] [SUCCESS] bvid=BV1ppSZB4Eph 已成功抓取全部所需数据。
[2026-04-08 00:33:59] [SUCCESS] bvid=BV1ppSZB4Etx 已成功抓取全部所需数据。
[2026-04-08 00:34:04] [SUCCESS] bvid=BV1ppSZB4EuN 已成功抓取全部所需数据。
[2026-04-08 00:34:10] [SUCCESS] bvid=BV1ppSZBtEcP 已成功抓取全部所需数据。
[2026-04-08 00:34:15] [SUCCESS] bvid=BV1ppSZB4EcP 已成功抓取全部所需数据。
[2026-04-08 00:34:20] [SUCCESS] bvid=BV1ppSZB4En7 已成功抓取全部所需数据。
[2026-04-08 00:34:26] [SUCCESS] bvid=BV1CpSZB4ETm 已成功抓取全部所需数据。
[2026-04-08 00:34:31] [SUCCESS] bvid=BV1ppSZB4E8C 已成功抓取全部所需数据。
[2026-04-08 00:34:36] [SUCCESS] bvid=BV1HWSZBdEvh 已成功抓取全部所需数据。
[2026-04-08 00:34:41] [SUCCESS] bvid=BV1nWSZBdEUy 已成功抓取全部所需数据。
[2026-04-08 00:34:46] [SUCCESS] bvid=BV1HWSZBdErM 已成功抓取全部所需数据。
[2026-04-08 00:34:51] [SUCCESS] bvid=BV1pWSZBdEq8 已成功抓取全部所需数据。
[2026-04-08 00:34:56] [SUCCESS] bvid=BV1HWSZBdE7D 已成功抓取全部所需数据。
[2026-04-08 00:35:01] [SUCCESS] bvid=BV1HWSZBdEke 已成功抓取全部所需数据。
[2026-04-08 00:35:06] [SUCCESS] bvid=BV1cWSZBRE2R 已成功抓取全部所需数据。
[2026-04-08 00:35:11] [SUCCESS] bvid=BV17aSZBnErC 已成功抓取全部所需数据。
[2026-04-08 00:35:16] [SUCCESS] bvid=BV1B2SRBVEQ4 已成功抓取全部所需数据。
[2026-04-08 00:35:22] [SUCCESS] bvid=BV1fmSRBkEzL 已成功抓取全部所需数据。
[2026-04-08 00:35:27] [SUCCESS] bvid=BV1cCSRBjEY7 已成功抓取全部所需数据。
[2026-04-08 00:35:32] [SUCCESS] bvid=BV1rCSRBLEto 已成功抓取全部所需数据。
[2026-04-08 00:35:38] [SUCCESS] bvid=BV1cCSRBjEfk 已成功抓取全部所需数据。
[2026-04-08 00:35:43] [SUCCESS] bvid=BV1mnSDByECV 已成功抓取全部所需数据。
[2026-04-08 00:35:48] [SUCCESS] bvid=BV1dXSRBuEGv 已成功抓取全部所需数据。
[2026-04-08 00:35:53] [SUCCESS] bvid=BV16ySRByEA2 已成功抓取全部所需数据。
[2026-04-08 00:35:59] [SUCCESS] bvid=BV1cySRB1ENq 已成功抓取全部所需数据。
[2026-04-08 00:36:04] [SUCCESS] bvid=BV1jXSRBgEdz 已成功抓取全部所需数据。
[2026-04-08 00:36:10] [SUCCESS] bvid=BV1BSSRB3EV7 已成功抓取全部所需数据。
[2026-04-08 00:36:15] [SUCCESS] bvid=BV159SRBzEkL 已成功抓取全部所需数据。
[2026-04-08 00:36:20] [SUCCESS] bvid=BV1iDSRB6EYU 已成功抓取全部所需数据。
[2026-04-08 00:36:26] [SUCCESS] bvid=BV1qDSRB6Epn 已成功抓取全部所需数据。
[2026-04-08 00:36:31] [SUCCESS] bvid=BV1seSRBpEbj 已成功抓取全部所需数据。
[2026-04-08 00:36:36] [SUCCESS] bvid=BV1PvSRBQE5P 已成功抓取全部所需数据。
[2026-04-08 00:36:42] [SUCCESS] bvid=BV12aSRBXEKA 已成功抓取全部所需数据。
[2026-04-08 00:36:47] [SUCCESS] bvid=BV1yvSRBDEae 已成功抓取全部所需数据。
[2026-04-08 00:36:52] [SUCCESS] bvid=BV1CvSRBDEbC 已成功抓取全部所需数据。
[2026-04-08 00:37:04] [SUCCESS] bvid=BV1yvSRBDEoV 已成功抓取全部所需数据。
[2026-04-08 00:37:10] [SUCCESS] bvid=BV11hSRBWESF 已成功抓取全部所需数据。
[2026-04-08 00:37:16] [SUCCESS] bvid=BV1jhSdBVEhf 已成功抓取全部所需数据。
[2026-04-08 00:37:21] [SUCCESS] bvid=BV12hSRBWEhu 已成功抓取全部所需数据。
[2026-04-08 00:37:27] [SUCCESS] bvid=BV12aSRBXEws 已成功抓取全部所需数据。
[2026-04-08 00:37:33] [SUCCESS] bvid=BV1KaSRB9EKA 已成功抓取全部所需数据。
[2026-04-08 00:37:38] [SUCCESS] bvid=BV1r6SRB7Eio 已成功抓取全部所需数据。
[2026-04-08 00:37:44] [SUCCESS] bvid=BV1rrSRB2ESD 已成功抓取全部所需数据。
[2026-04-08 00:37:49] [SUCCESS] bvid=BV1YoSRBiE4J 已成功抓取全部所需数据。
[2026-04-08 00:37:54] [SUCCESS] bvid=BV1CBSRBUE7m 已成功抓取全部所需数据。
[2026-04-08 00:37:59] [SUCCESS] bvid=BV1zpDNB6EE6 已成功抓取全部所需数据。
[2026-04-08 00:38:04] [SUCCESS] bvid=BV1kBSRBUEJw 已成功抓取全部所需数据。
[2026-04-08 00:38:10] [SUCCESS] bvid=BV1ABSRBSEWK 已成功抓取全部所需数据。
[2026-04-08 00:38:15] [SUCCESS] bvid=BV1kBSRBUEba 已成功抓取全部所需数据。
[2026-04-08 00:38:21] [SUCCESS] bvid=BV1WBSRBSEVi 已成功抓取全部所需数据。
[2026-04-08 00:38:26] [SUCCESS] bvid=BV1KgSdBZELv 已成功抓取全部所需数据。
[2026-04-08 00:38:32] [SUCCESS] bvid=BV1tgSdBoEnZ 已成功抓取全部所需数据。
[2026-04-08 00:38:37] [SUCCESS] bvid=BV1CBSRBUEzg 已成功抓取全部所需数据。
[2026-04-08 00:38:43] [SUCCESS] bvid=BV1tgSdBoE8Z 已成功抓取全部所需数据。
[2026-04-08 00:38:48] [SUCCESS] bvid=BV1xgSdBoEmK 已成功抓取全部所需数据。
[2026-04-08 00:38:53] [SUCCESS] bvid=BV1CN9MB8E3r 已成功抓取全部所需数据。
[2026-04-08 00:38:59] [SUCCESS] bvid=BV1QG9uBCEcx 已成功抓取全部所需数据。
[2026-04-08 00:39:04] [SUCCESS] bvid=BV1gG9uByEkT 已成功抓取全部所需数据。
[2026-04-08 00:39:09] [SUCCESS] bvid=BV1X3SDBDEiK 已成功抓取全部所需数据。
[2026-04-08 00:39:14] [SUCCESS] bvid=BV1GCSdBNExB 已成功抓取全部所需数据。
[2026-04-08 00:39:20] [SUCCESS] bvid=BV1JSDMBUErh 已成功抓取全部所需数据。
[2026-04-08 00:39:25] [SUCCESS] bvid=BV1qA9FBfEiY 已成功抓取全部所需数据。
[2026-04-08 00:39:31] [SUCCESS] bvid=BV1ZZSSB8EdX 已成功抓取全部所需数据。
[2026-04-08 00:39:36] [SUCCESS] bvid=BV1xwXfBrErL 已成功抓取全部所需数据。
[2026-04-08 00:39:41] [SUCCESS] bvid=BV1QnSRBcEUu 已成功抓取全部所需数据。
[2026-04-08 00:39:47] [SUCCESS] bvid=BV1QM9TBBEe3 已成功抓取全部所需数据。
[2026-04-08 00:39:52] [SUCCESS] bvid=BV1bBSSB5ERF 已成功抓取全部所需数据。
[2026-04-08 00:39:58] [SUCCESS] bvid=BV15tSQBfEY5 已成功抓取全部所需数据。
[2026-04-08 00:40:03] [SUCCESS] bvid=BV1Zd9MBsEz1 已成功抓取全部所需数据。
[2026-04-08 00:40:09] [SUCCESS] bvid=BV1bTSdBfEvN 已成功抓取全部所需数据。
[2026-04-08 00:40:15] [SUCCESS] bvid=BV1xGSdBxEWL 已成功抓取全部所需数据。
[2026-04-08 00:40:27] [SUCCESS] bvid=BV14GSdBxE7N 已成功抓取全部所需数据。
[2026-04-08 00:40:33] [SUCCESS] bvid=BV11jSdBXEM3 已成功抓取全部所需数据。
[2026-04-08 00:40:38] [SUCCESS] bvid=BV1buSdBtENY 已成功抓取全部所需数据。
[2026-04-08 00:40:43] [SUCCESS] bvid=BV1tuSdBtEdS 已成功抓取全部所需数据。
[2026-04-08 00:40:49] [SUCCESS] bvid=BV1muSdBtEF5 已成功抓取全部所需数据。
[2026-04-08 00:40:49] [INFO] 当前 batch_crawl 已完成，所有视频均已成功抓取。
[2026-04-08 00:40:49] 子任务结束时间：2026-04-08T00:40:49.082236
[TIMESTAMP][END] 2026-04-08T00:40:49
