[TIMESTAMP][BEGIN] 2026-04-08T04:23:22
[2026-04-08 04:23:24] 开始执行 CSV 批量抓取子任务 part_25。
[2026-04-08 04:23:24] 子任务开始时间：2026-04-08T04:23:22.804300
[2026-04-08 04:23:24] 输入文件：batch_input_25.csv
[2026-04-08 04:23:24] 输入唯一 bvid 数量：100
[2026-04-08 04:23:24] 为严格按 CSV 顺序判断连续失败阈值，本次任务自动将并发度从 2 调整为 1。
[2026-04-08 04:23:30] [SUCCESS] bvid=BV1K2DABjETz 已成功抓取全部所需数据。
[2026-04-08 04:23:35] [SUCCESS] bvid=BV1JE9gBbEEX 已成功抓取全部所需数据。
[2026-04-08 04:23:40] [SUCCESS] bvid=BV1RGDPBtEKt 已成功抓取全部所需数据。
[2026-04-08 04:23:45] [SUCCESS] bvid=BV1mrDABUERn 已成功抓取全部所需数据。
[2026-04-08 04:23:50] [SUCCESS] bvid=BV1brDABSEBs 已成功抓取全部所需数据。
[2026-04-08 04:23:55] [SUCCESS] bvid=BV1brDABSEPF 已成功抓取全部所需数据。
[2026-04-08 04:24:00] [SUCCESS] bvid=BV1mrDABUEUN 已成功抓取全部所需数据。
[2026-04-08 04:24:05] [SUCCESS] bvid=BV1SrDABUETG 已成功抓取全部所需数据。
[2026-04-08 04:24:10] [SUCCESS] bvid=BV1mCDAB7EfG 已成功抓取全部所需数据。
[2026-04-08 04:24:15] [SUCCESS] bvid=BV1mCDAB7EVM 已成功抓取全部所需数据。
[2026-04-08 04:24:20] [SUCCESS] bvid=BV1AXDABGERW 已成功抓取全部所需数据。
[2026-04-08 04:24:25] [SUCCESS] bvid=BV1yDDABkEMk 已成功抓取全部所需数据。
[2026-04-08 04:24:30] [SUCCESS] bvid=BV1PDDABCE68 已成功抓取全部所需数据。
[2026-04-08 04:24:36] [SUCCESS] bvid=BV1hd9uB5Ej4 已成功抓取全部所需数据。
[2026-04-08 04:24:41] [SUCCESS] bvid=BV1fL9JBHEKL 已成功抓取全部所需数据。
[2026-04-08 04:24:46] [SUCCESS] bvid=BV1ZL9JBHEos 已成功抓取全部所需数据。
[2026-04-08 04:24:51] [SUCCESS] bvid=BV1Ru93BWExG 已成功抓取全部所需数据。
[2026-04-08 04:24:57] [SUCCESS] bvid=BV1aM9TBzETC 已成功抓取全部所需数据。
[2026-04-08 04:25:02] [SUCCESS] bvid=BV1YcXkBTEH5 已成功抓取全部所需数据。
[2026-04-08 04:25:06] [SUCCESS] bvid=BV1Kh9wBEEnS 已成功抓取全部所需数据。
[2026-04-08 04:25:12] [SUCCESS] bvid=BV1XP9TB3Eoe 已成功抓取全部所需数据。
[2026-04-08 04:25:17] [SUCCESS] bvid=BV16G9MBRESr 已成功抓取全部所需数据。
[2026-04-08 04:25:22] [SUCCESS] bvid=BV1Ln9MBnErk 已成功抓取全部所需数据。
[2026-04-08 04:25:27] [SUCCESS] bvid=BV1XWXCBgEYF 已成功抓取全部所需数据。
[2026-04-08 04:25:32] [SUCCESS] bvid=BV1neDwBvE7p 已成功抓取全部所需数据。
[2026-04-08 04:25:37] [SUCCESS] bvid=BV149XhBwEko 已成功抓取全部所需数据。
[2026-04-08 04:25:42] [SUCCESS] bvid=BV1pM9MBtEHZ 已成功抓取全部所需数据。
[2026-04-08 04:25:48] [SUCCESS] bvid=BV1jWDABwECE 已成功抓取全部所需数据。
[2026-04-08 04:25:53] [SUCCESS] bvid=BV1XM9uBjE5N 已成功抓取全部所需数据。
[2026-04-08 04:25:58] [SUCCESS] bvid=BV19N9TB6EM7 已成功抓取全部所需数据。
[2026-04-08 04:26:03] [SUCCESS] bvid=BV1PSDAB5EeN 已成功抓取全部所需数据。
[2026-04-08 04:26:03] [ERROR] bvid=BV1PSDAB5EQY 抓取失败：stat: 接口返回错误代码：-404，信息：啥都木有。
{'code': -404, 'message': '啥都木有', 'ttl': 1} | comment: 接口返回错误代码：-404，信息：啥都木有。
{'code': -404, 'message': '啥都木有', 'ttl': 1}
[2026-04-08 04:26:08] [SUCCESS] bvid=BV1SpDPBDEEN 已成功抓取全部所需数据。
[2026-04-08 04:26:13] [SUCCESS] bvid=BV1bpDPBDE8d 已成功抓取全部所需数据。
[2026-04-08 04:26:19] [SUCCESS] bvid=BV1bpDPBDEhg 已成功抓取全部所需数据。
[2026-04-08 04:26:24] [SUCCESS] bvid=BV1bpDPBDEbC 已成功抓取全部所需数据。
[2026-04-08 04:26:29] [SUCCESS] bvid=BV1SpDPBDEG8 已成功抓取全部所需数据。
[2026-04-08 04:26:34] [SUCCESS] bvid=BV1aEDPBWEMo 已成功抓取全部所需数据。
[2026-04-08 04:26:39] [SUCCESS] bvid=BV18EDPBWEvG 已成功抓取全部所需数据。
[2026-04-08 04:26:44] [SUCCESS] bvid=BV1UJDPBXErG 已成功抓取全部所需数据。
[2026-04-08 04:26:49] [SUCCESS] bvid=BV18JDPBXEKD 已成功抓取全部所需数据。
[2026-04-08 04:26:54] [SUCCESS] bvid=BV18JDPBXEZN 已成功抓取全部所需数据。
[2026-04-08 04:26:59] [SUCCESS] bvid=BV1LeXMB2Ep3 已成功抓取全部所需数据。
[2026-04-08 04:27:04] [SUCCESS] bvid=BV11bDPB2EGt 已成功抓取全部所需数据。
[2026-04-08 04:27:09] [SUCCESS] bvid=BV12sDPBJEYs 已成功抓取全部所需数据。
[2026-04-08 04:27:15] [SUCCESS] bvid=BV13RDPBfE62 已成功抓取全部所需数据。
[2026-04-08 04:27:20] [SUCCESS] bvid=BV1xxDPBUEme 已成功抓取全部所需数据。
[2026-04-08 04:27:25] [SUCCESS] bvid=BV1u69gB5EGY 已成功抓取全部所需数据。
[2026-04-08 04:27:30] [SUCCESS] bvid=BV19uDPB8ECV 已成功抓取全部所需数据。
[2026-04-08 04:27:36] [SUCCESS] bvid=BV1duDPB8EYJ 已成功抓取全部所需数据。
[2026-04-08 04:27:41] [SUCCESS] bvid=BV1dKDPBaE1g 已成功抓取全部所需数据。
[2026-04-08 04:27:41] [ERROR] bvid=BV17KDPBYECU 抓取失败：stat: 接口返回错误代码：62002，信息：稿件不可见。
{'code': 62002, 'message': '稿件不可见', 'ttl': 1} | comment: 接口返回错误代码：62002，信息：稿件不可见。
{'code': 62002, 'message': '稿件不可见', 'ttl': 1}
[2026-04-08 04:27:46] [SUCCESS] bvid=BV1aLDPBsErZ 已成功抓取全部所需数据。
[2026-04-08 04:27:46] [ERROR] bvid=BV1iMDPBcE27 抓取失败：stat: 接口返回错误代码：62002，信息：稿件不可见。
{'code': 62002, 'message': '稿件不可见', 'ttl': 1} | comment: 接口返回错误代码：62002，信息：稿件不可见。
{'code': 62002, 'message': '稿件不可见', 'ttl': 1}
[2026-04-08 04:27:52] [SUCCESS] bvid=BV1YLDPBxELu 已成功抓取全部所需数据。
[2026-04-08 04:27:57] [SUCCESS] bvid=BV1hjDPBREZ1 已成功抓取全部所需数据。
[2026-04-08 04:28:02] [SUCCESS] bvid=BV1nW9NBUEgf 已成功抓取全部所需数据。
[2026-04-08 04:28:07] [SUCCESS] bvid=BV1uRXZBjEUh 已成功抓取全部所需数据。
[2026-04-08 04:28:13] [SUCCESS] bvid=BV1ALDNBLELW 已成功抓取全部所需数据。
[2026-04-08 04:28:18] [SUCCESS] bvid=BV1qEXfBfEmi 已成功抓取全部所需数据。
[2026-04-08 04:28:23] [SUCCESS] bvid=BV1snXWBrELA 已成功抓取全部所需数据。
[2026-04-08 04:28:28] [SUCCESS] bvid=BV1iADwBdESW 已成功抓取全部所需数据。
[2026-04-08 04:28:33] [SUCCESS] bvid=BV1wD9gBqEdM 已成功抓取全部所需数据。
[2026-04-08 04:28:38] [SUCCESS] bvid=BV1kY9uBFEAd 已成功抓取全部所需数据。
[2026-04-08 04:28:43] [SUCCESS] bvid=BV1eMDwBpED2 已成功抓取全部所需数据。
[2026-04-08 04:28:48] [SUCCESS] bvid=BV1CX9gBKETq 已成功抓取全部所需数据。
[2026-04-08 04:28:53] [SUCCESS] bvid=BV13h9MBkEvK 已成功抓取全部所需数据。
[2026-04-08 04:28:58] [SUCCESS] bvid=BV1eVDPBoEF6 已成功抓取全部所需数据。
[2026-04-08 04:29:03] [SUCCESS] bvid=BV1eGDPBtEad 已成功抓取全部所需数据。
[2026-04-08 04:29:08] [SUCCESS] bvid=BV1RXDPBcEsW 已成功抓取全部所需数据。
[2026-04-08 04:29:13] [SUCCESS] bvid=BV1B2DPBNEpc 已成功抓取全部所需数据。
[2026-04-08 04:29:18] [SUCCESS] bvid=BV1j2DPBNE41 已成功抓取全部所需数据。
[2026-04-08 04:29:23] [SUCCESS] bvid=BV1B2DPBNEax 已成功抓取全部所需数据。
[2026-04-08 04:29:27] [SUCCESS] bvid=BV1qyDPBiEmP 已成功抓取全部所需数据。
[2026-04-08 04:29:32] [SUCCESS] bvid=BV1Hu9MBoEEY 已成功抓取全部所需数据。
[2026-04-08 04:29:37] [SUCCESS] bvid=BV15XDPBcEgR 已成功抓取全部所需数据。
[2026-04-08 04:29:42] [SUCCESS] bvid=BV1NNDAB5EWa 已成功抓取全部所需数据。
[2026-04-08 04:29:47] [SUCCESS] bvid=BV15XDPBcES4 已成功抓取全部所需数据。
[2026-04-08 04:29:52] [SUCCESS] bvid=BV1PGDNB7EnN 已成功抓取全部所需数据。
[2026-04-08 04:29:57] [SUCCESS] bvid=BV1e9DPB8E2o 已成功抓取全部所需数据。
[2026-04-08 04:30:02] [SUCCESS] bvid=BV1Y9DPB8ECc 已成功抓取全部所需数据。
[2026-04-08 04:30:07] [SUCCESS] bvid=BV159DPB8ETf 已成功抓取全部所需数据。
[2026-04-08 04:30:12] [SUCCESS] bvid=BV1jSDPBAEU3 已成功抓取全部所需数据。
[2026-04-08 04:30:17] [SUCCESS] bvid=BV1seDPBVEFu 已成功抓取全部所需数据。
[2026-04-08 04:30:22] [SUCCESS] bvid=BV1pvDPBkEvn 已成功抓取全部所需数据。
[2026-04-08 04:30:27] [SUCCESS] bvid=BV1shDPBLEF5 已成功抓取全部所需数据。
[2026-04-08 04:30:32] [SUCCESS] bvid=BV1qa9NB5ELE 已成功抓取全部所需数据。
[2026-04-08 04:30:37] [SUCCESS] bvid=BV1MYXeBVEXz 已成功抓取全部所需数据。
[2026-04-08 04:30:42] [SUCCESS] bvid=BV1Lf9KB1EiB 已成功抓取全部所需数据。
[2026-04-08 04:30:47] [SUCCESS] bvid=BV1499NBFEV8 已成功抓取全部所需数据。
[2026-04-08 04:30:52] [SUCCESS] bvid=BV1QsXCBzEDn 已成功抓取全部所需数据。
[2026-04-08 04:30:57] [SUCCESS] bvid=BV1PS9gBME1H 已成功抓取全部所需数据。
[2026-04-08 04:31:02] [SUCCESS] bvid=BV1P3DABgEHJ 已成功抓取全部所需数据。
[2026-04-08 04:31:07] [SUCCESS] bvid=BV1Cp9NBnEKz 已成功抓取全部所需数据。
[2026-04-08 04:31:13] [SUCCESS] bvid=BV1AC9KBdEbk 已成功抓取全部所需数据。
[2026-04-08 04:31:18] [SUCCESS] bvid=BV1JrDPBBEcD 已成功抓取全部所需数据。
[2026-04-08 04:31:23] [SUCCESS] bvid=BV1PgDNBUEeK 已成功抓取全部所需数据。
[2026-04-08 04:31:28] [SUCCESS] bvid=BV1xGDNB7EtW 已成功抓取全部所需数据。
[2026-04-08 04:31:33] [SUCCESS] bvid=BV1KTDNBDE2s 已成功抓取全部所需数据。
[2026-04-08 04:31:38] [SUCCESS] bvid=BV1cEDNBVES9 已成功抓取全部所需数据。
[2026-04-08 04:31:38] [WARN] 当前子任务已结束，但仍有未成功抓取的视频，已导出 remaining CSV 供继续执行。
[2026-04-08 04:31:38] [INFO] 已导出剔除成功条目后的剩余 CSV：D:\Schoolworks\Thesis\Bilibili-Datahub\outputs\video_data\manual_crawls\manual_crawl_stat_comment_20260407_223150\remaining_bvids_part_25.csv
[2026-04-08 04:31:38] 子任务结束时间：2026-04-08T04:31:38.714427
[TIMESTAMP][END] 2026-04-08T04:31:38
