[TIMESTAMP][BEGIN] 2026-04-08T00:49:27
[2026-04-08 00:49:29] 开始执行 CSV 批量抓取子任务 part_10。
[2026-04-08 00:49:29] 子任务开始时间：2026-04-08T00:49:27.338728
[2026-04-08 00:49:29] 输入文件：batch_input_10.csv
[2026-04-08 00:49:29] 输入唯一 bvid 数量：100
[2026-04-08 00:49:29] 为严格按 CSV 顺序判断连续失败阈值，本次任务自动将并发度从 2 调整为 1。
[2026-04-08 00:49:34] [SUCCESS] bvid=BV1sMSQBkEJw 已成功抓取全部所需数据。
[2026-04-08 00:49:40] [SUCCESS] bvid=BV1RgSXBFEoo 已成功抓取全部所需数据。
[2026-04-08 00:49:45] [SUCCESS] bvid=BV1T9SdBtETn 已成功抓取全部所需数据。
[2026-04-08 00:49:50] [SUCCESS] bvid=BV129SdBtEkp 已成功抓取全部所需数据。
[2026-04-08 00:49:56] [SUCCESS] bvid=BV149SdBtE5F 已成功抓取全部所需数据。
[2026-04-08 00:50:01] [SUCCESS] bvid=BV1MDSdB8EXk 已成功抓取全部所需数据。
[2026-04-08 00:50:06] [SUCCESS] bvid=BV1c4DuBWEKs 已成功抓取全部所需数据。
[2026-04-08 00:50:12] [SUCCESS] bvid=BV1xMS9BnEJ1 已成功抓取全部所需数据。
[2026-04-08 00:50:17] [SUCCESS] bvid=BV1WLS9B1EpY 已成功抓取全部所需数据。
[2026-04-08 00:50:23] [SUCCESS] bvid=BV1QoSXBZEf5 已成功抓取全部所需数据。
[2026-04-08 00:50:28] [SUCCESS] bvid=BV1RUDVB9EJv 已成功抓取全部所需数据。
[2026-04-08 00:50:34] [SUCCESS] bvid=BV14iDMBtEuc 已成功抓取全部所需数据。
[2026-04-08 00:50:39] [SUCCESS] bvid=BV1eRDKBqE3B 已成功抓取全部所需数据。
[2026-04-08 00:50:44] [SUCCESS] bvid=BV1V39FBWEYR 已成功抓取全部所需数据。
[2026-04-08 00:50:50] [SUCCESS] bvid=BV1b6SQBDECB 已成功抓取全部所需数据。
[2026-04-08 00:50:55] [SUCCESS] bvid=BV1aoSXBZEaB 已成功抓取全部所需数据。
[2026-04-08 00:51:00] [SUCCESS] bvid=BV1eXSXBhEj3 已成功抓取全部所需数据。
[2026-04-08 00:51:05] [SUCCESS] bvid=BV1bwS9BsEg9 已成功抓取全部所需数据。
[2026-04-08 00:51:11] [SUCCESS] bvid=BV15hS9BvEmG 已成功抓取全部所需数据。
[2026-04-08 00:51:16] [SUCCESS] bvid=BV1gzS9BFEX9 已成功抓取全部所需数据。
[2026-04-08 00:51:21] [SUCCESS] bvid=BV136S9BbEpz 已成功抓取全部所需数据。
[2026-04-08 00:51:27] [SUCCESS] bvid=BV1VqS9BhEJm 已成功抓取全部所需数据。
[2026-04-08 00:51:32] [SUCCESS] bvid=BV1JHS9BrESn 已成功抓取全部所需数据。
[2026-04-08 00:51:38] [SUCCESS] bvid=BV1QHSRB8EMN 已成功抓取全部所需数据。
[2026-04-08 00:51:44] [SUCCESS] bvid=BV158SQBtEWy 已成功抓取全部所需数据。
[2026-04-08 00:51:49] [SUCCESS] bvid=BV1uqSQBXER9 已成功抓取全部所需数据。
[2026-04-08 00:51:54] [SUCCESS] bvid=BV1HdSQB6EnZ 已成功抓取全部所需数据。
[2026-04-08 00:52:00] [SUCCESS] bvid=BV1CYSXB5EUK 已成功抓取全部所需数据。
[2026-04-08 00:52:05] [SUCCESS] bvid=BV1CYSXB5EeR 已成功抓取全部所需数据。
[2026-04-08 00:52:10] [SUCCESS] bvid=BV1yYSXB5EKC 已成功抓取全部所需数据。
[2026-04-08 00:52:15] [SUCCESS] bvid=BV1CYSXB5EZN 已成功抓取全部所需数据。
[2026-04-08 00:52:21] [SUCCESS] bvid=BV1CYSXB5EU7 已成功抓取全部所需数据。
[2026-04-08 00:52:26] [SUCCESS] bvid=BV1PYSXBLE7M 已成功抓取全部所需数据。
[2026-04-08 00:52:31] [SUCCESS] bvid=BV1MCSQBUEVY 已成功抓取全部所需数据。
[2026-04-08 00:52:36] [SUCCESS] bvid=BV1CYSXB5EZV 已成功抓取全部所需数据。
[2026-04-08 00:52:41] [SUCCESS] bvid=BV1PYSXBLEZZ 已成功抓取全部所需数据。
[2026-04-08 00:52:46] [SUCCESS] bvid=BV1CYSXB5EZ3 已成功抓取全部所需数据。
[2026-04-08 00:52:51] [SUCCESS] bvid=BV1yYSXB5ETG 已成功抓取全部所需数据。
[2026-04-08 00:52:57] [SUCCESS] bvid=BV1DESXB9Eqn 已成功抓取全部所需数据。
[2026-04-08 00:53:02] [SUCCESS] bvid=BV12sSXBSE4e 已成功抓取全部所需数据。
[2026-04-08 00:53:07] [SUCCESS] bvid=BV19GSXBZEGu 已成功抓取全部所需数据。
[2026-04-08 00:53:13] [SUCCESS] bvid=BV1X5SXB4EwT 已成功抓取全部所需数据。
[2026-04-08 00:53:18] [SUCCESS] bvid=BV1R3SXBbEeE 已成功抓取全部所需数据。
[2026-04-08 00:53:23] [SUCCESS] bvid=BV166SXBzEjV 已成功抓取全部所需数据。
[2026-04-08 00:53:28] [SUCCESS] bvid=BV1vSSXBYE4j 已成功抓取全部所需数据。
[2026-04-08 00:53:33] [SUCCESS] bvid=BV1vQSXBwEWe 已成功抓取全部所需数据。
[2026-04-08 00:53:38] [SUCCESS] bvid=BV1vUSXBPE6S 已成功抓取全部所需数据。
[2026-04-08 00:53:44] [SUCCESS] bvid=BV16jD5BvEsY 已成功抓取全部所需数据。
[2026-04-08 00:53:49] [SUCCESS] bvid=BV1Ee9EBnECD 已成功抓取全部所需数据。
[2026-04-08 00:53:54] [SUCCESS] bvid=BV1yASSBMEo7 已成功抓取全部所需数据。
[2026-04-08 00:53:59] [SUCCESS] bvid=BV12tSXBmEFj 已成功抓取全部所需数据。
[2026-04-08 00:54:04] [SUCCESS] bvid=BV16zSXBgEb6 已成功抓取全部所需数据。
[2026-04-08 00:54:09] [SUCCESS] bvid=BV16zSXBgEbA 已成功抓取全部所需数据。
[2026-04-08 00:54:14] [SUCCESS] bvid=BV1rzSXBgEug 已成功抓取全部所需数据。
[2026-04-08 00:54:19] [SUCCESS] bvid=BV1weSXByE6B 已成功抓取全部所需数据。
[2026-04-08 00:54:25] [SUCCESS] bvid=BV1ciSXBVEEf 已成功抓取全部所需数据。
[2026-04-08 00:54:30] [SUCCESS] bvid=BV1CeSXBCEHv 已成功抓取全部所需数据。
[2026-04-08 00:54:35] [SUCCESS] bvid=BV1n9SSBPEfP 已成功抓取全部所需数据。
[2026-04-08 00:54:40] [SUCCESS] bvid=BV1c9SSBPErd 已成功抓取全部所需数据。
[2026-04-08 00:54:45] [SUCCESS] bvid=BV1c9SSBPEYc 已成功抓取全部所需数据。
[2026-04-08 00:54:51] [SUCCESS] bvid=BV1PUSSBqEAc 已成功抓取全部所需数据。
[2026-04-08 00:54:56] [SUCCESS] bvid=BV1wDSSBKEAU 已成功抓取全部所需数据。
[2026-04-08 00:55:01] [SUCCESS] bvid=BV1wDSSBKEJf 已成功抓取全部所需数据。
[2026-04-08 00:55:07] [SUCCESS] bvid=BV1ADSSBKEMB 已成功抓取全部所需数据。
[2026-04-08 00:55:12] [SUCCESS] bvid=BV1qFSDBFER4 已成功抓取全部所需数据。
[2026-04-08 00:55:17] [SUCCESS] bvid=BV1ofSSBfEyM 已成功抓取全部所需数据。
[2026-04-08 00:55:22] [SUCCESS] bvid=BV1ZfSSBfEcd 已成功抓取全部所需数据。
[2026-04-08 00:55:27] [SUCCESS] bvid=BV17FSDBFEMm 已成功抓取全部所需数据。
[2026-04-08 00:55:33] [SUCCESS] bvid=BV1FRSSBYEYK 已成功抓取全部所需数据。
[2026-04-08 00:55:38] [SUCCESS] bvid=BV1FRSSBYE2R 已成功抓取全部所需数据。
[2026-04-08 00:55:43] [SUCCESS] bvid=BV1FRSSBYEZs 已成功抓取全部所需数据。
[2026-04-08 00:55:48] [SUCCESS] bvid=BV1fRSSBaE2x 已成功抓取全部所需数据。
[2026-04-08 00:55:53] [SUCCESS] bvid=BV1QgSDBHEeY 已成功抓取全部所需数据。
[2026-04-08 00:55:58] [SUCCESS] bvid=BV1h5SDBSEm9 已成功抓取全部所需数据。
[2026-04-08 00:56:03] [SUCCESS] bvid=BV1JoSSBwEHU 已成功抓取全部所需数据。
[2026-04-08 00:56:09] [SUCCESS] bvid=BV1mzSSBCECw 已成功抓取全部所需数据。
[2026-04-08 00:56:14] [SUCCESS] bvid=BV14rSSBGEZx 已成功抓取全部所需数据。
[2026-04-08 00:56:19] [SUCCESS] bvid=BV1KrSSBGEHN 已成功抓取全部所需数据。
[2026-04-08 00:56:25] [SUCCESS] bvid=BV12rSSBGE5z 已成功抓取全部所需数据。
[2026-04-08 00:56:30] [SUCCESS] bvid=BV1giSSB1EKr 已成功抓取全部所需数据。
[2026-04-08 00:56:36] [SUCCESS] bvid=BV1biSSB1E9v 已成功抓取全部所需数据。
[2026-04-08 00:56:41] [SUCCESS] bvid=BV1MBSSB5E67 已成功抓取全部所需数据。
[2026-04-08 00:56:46] [SUCCESS] bvid=BV1TBSSB5ESL 已成功抓取全部所需数据。
[2026-04-08 00:56:51] [SUCCESS] bvid=BV1NkSSBrE9f 已成功抓取全部所需数据。
[2026-04-08 00:56:56] [SUCCESS] bvid=BV1smSSBMExL 已成功抓取全部所需数据。
[2026-04-08 00:57:02] [SUCCESS] bvid=BV1pmSSBMEDE 已成功抓取全部所需数据。
[2026-04-08 00:57:07] [SUCCESS] bvid=BV1wmSSBMEX6 已成功抓取全部所需数据。
[2026-04-08 00:57:12] [SUCCESS] bvid=BV1KkSSBrEJE 已成功抓取全部所需数据。
[2026-04-08 00:57:17] [SUCCESS] bvid=BV1KkSSBrEUS 已成功抓取全部所需数据。
[2026-04-08 00:57:23] [SUCCESS] bvid=BV1UjSDB7Ezb 已成功抓取全部所需数据。
[2026-04-08 00:57:28] [SUCCESS] bvid=BV1sySSBgEsr 已成功抓取全部所需数据。
[2026-04-08 00:57:34] [SUCCESS] bvid=BV1DjSDB7ELB 已成功抓取全部所需数据。
[2026-04-08 00:57:39] [SUCCESS] bvid=BV1PySSBgEo4 已成功抓取全部所需数据。
[2026-04-08 00:57:44] [SUCCESS] bvid=BV1yySSBMEtF 已成功抓取全部所需数据。
[2026-04-08 00:57:49] [SUCCESS] bvid=BV1gjSDBEEF5 已成功抓取全部所需数据。
[2026-04-08 00:57:54] [SUCCESS] bvid=BV1U7SDB2Ecs 已成功抓取全部所需数据。
[2026-04-08 00:57:59] [SUCCESS] bvid=BV1gVSDBnECb 已成功抓取全部所需数据。
[2026-04-08 00:58:04] [SUCCESS] bvid=BV1u5SDBSE99 已成功抓取全部所需数据。
[2026-04-08 00:58:10] [SUCCESS] bvid=BV1S7SDB2Eey 已成功抓取全部所需数据。
[2026-04-08 00:58:15] [SUCCESS] bvid=BV1U7SDB2EmE 已成功抓取全部所需数据。
[2026-04-08 00:58:15] [INFO] 当前 batch_crawl 已完成，所有视频均已成功抓取。
[2026-04-08 00:58:15] 子任务结束时间：2026-04-08T00:58:15.253559
[TIMESTAMP][END] 2026-04-08T00:58:15
