[TIMESTAMP][BEGIN] 2026-04-08T00:40:49
[2026-04-08 00:40:51] 开始执行 CSV 批量抓取子任务 part_9。
[2026-04-08 00:40:51] 子任务开始时间：2026-04-08T00:40:49.232547
[2026-04-08 00:40:51] 输入文件：batch_input_9.csv
[2026-04-08 00:40:51] 输入唯一 bvid 数量：100
[2026-04-08 00:40:51] 为严格按 CSV 顺序判断连续失败阈值，本次任务自动将并发度从 2 调整为 1。
[2026-04-08 00:40:57] [SUCCESS] bvid=BV1KWSDBCEmB 已成功抓取全部所需数据。
[2026-04-08 00:41:02] [SUCCESS] bvid=BV1CjSdBXE22 已成功抓取全部所需数据。
[2026-04-08 00:41:07] [SUCCESS] bvid=BV1sjSdBXEFS 已成功抓取全部所需数据。
[2026-04-08 00:41:13] [SUCCESS] bvid=BV1pESdBHEm5 已成功抓取全部所需数据。
[2026-04-08 00:41:18] [SUCCESS] bvid=BV1WESdBHEFZ 已成功抓取全部所需数据。
[2026-04-08 00:41:24] [SUCCESS] bvid=BV1AESdBpE3K 已成功抓取全部所需数据。
[2026-04-08 00:41:29] [SUCCESS] bvid=BV12VSdBRE4a 已成功抓取全部所需数据。
[2026-04-08 00:41:34] [SUCCESS] bvid=BV1sLSdBWESE 已成功抓取全部所需数据。
[2026-04-08 00:41:40] [SUCCESS] bvid=BV1WLSdBWEoR 已成功抓取全部所需数据。
[2026-04-08 00:41:45] [SUCCESS] bvid=BV15tSQBfENa 已成功抓取全部所需数据。
[2026-04-08 00:41:50] [SUCCESS] bvid=BV19GSXBZEYw 已成功抓取全部所需数据。
[2026-04-08 00:41:56] [SUCCESS] bvid=BV1VfSRBKEEV 已成功抓取全部所需数据。
[2026-04-08 00:42:01] [SUCCESS] bvid=BV1XfSRBNESu 已成功抓取全部所需数据。
[2026-04-08 00:42:06] [SUCCESS] bvid=BV1XfSRBNETB 已成功抓取全部所需数据。
[2026-04-08 00:42:12] [SUCCESS] bvid=BV1aFSdBeEQU 已成功抓取全部所需数据。
[2026-04-08 00:42:17] [SUCCESS] bvid=BV1GFSdBvEQ4 已成功抓取全部所需数据。
[2026-04-08 00:42:23] [SUCCESS] bvid=BV1vdSRBTEcH 已成功抓取全部所需数据。
[2026-04-08 00:42:29] [SUCCESS] bvid=BV1VoSRBqELt 已成功抓取全部所需数据。
[2026-04-08 00:42:34] [SUCCESS] bvid=BV13NSdBwEG7 已成功抓取全部所需数据。
[2026-04-08 00:42:40] [SUCCESS] bvid=BV1Fd9MBxEF9 已成功抓取全部所需数据。
[2026-04-08 00:42:40] [ERROR] bvid=BV1hNSdBcEwE 抓取失败：stat: 接口返回错误代码：62002，信息：稿件不可见。
{'code': 62002, 'message': '稿件不可见', 'ttl': 1} | comment: 接口返回错误代码：62002，信息：稿件不可见。
{'code': 62002, 'message': '稿件不可见', 'ttl': 1}
[2026-04-08 00:42:45] [SUCCESS] bvid=BV1SNSdBcEbX 已成功抓取全部所需数据。
[2026-04-08 00:42:50] [SUCCESS] bvid=BV1DNSdBcEtm 已成功抓取全部所需数据。
[2026-04-08 00:42:56] [SUCCESS] bvid=BV1bKSdB8EVF 已成功抓取全部所需数据。
[2026-04-08 00:42:56] [ERROR] bvid=BV18KSdB8EaN 抓取失败：stat: 接口返回错误代码：62002，信息：稿件不可见。
{'code': 62002, 'message': '稿件不可见', 'ttl': 1} | comment: 接口返回错误代码：62002，信息：稿件不可见。
{'code': 62002, 'message': '稿件不可见', 'ttl': 1}
[2026-04-08 00:43:01] [SUCCESS] bvid=BV1ViS9BwEd2 已成功抓取全部所需数据。
[2026-04-08 00:43:07] [SUCCESS] bvid=BV18KSdB8ELk 已成功抓取全部所需数据。
[2026-04-08 00:43:12] [SUCCESS] bvid=BV1hwSdBAEL9 已成功抓取全部所需数据。
[2026-04-08 00:43:17] [SUCCESS] bvid=BV1GMSDB9E1q 已成功抓取全部所需数据。
[2026-04-08 00:43:22] [SUCCESS] bvid=BV1XMSDBXE9M 已成功抓取全部所需数据。
[2026-04-08 00:43:28] [SUCCESS] bvid=BV1orSDBcE3Z 已成功抓取全部所需数据。
[2026-04-08 00:43:33] [SUCCESS] bvid=BV1irSDBcECc 已成功抓取全部所需数据。
[2026-04-08 00:43:38] [SUCCESS] bvid=BV1TY9LBsEQb 已成功抓取全部所需数据。
[2026-04-08 00:43:44] [SUCCESS] bvid=BV1KASSBuExm 已成功抓取全部所需数据。
[2026-04-08 00:43:49] [SUCCESS] bvid=BV1zv9uBZEpR 已成功抓取全部所需数据。
[2026-04-08 00:43:54] [SUCCESS] bvid=BV1kYSDBiE5t 已成功抓取全部所需数据。
[2026-04-08 00:44:00] [SUCCESS] bvid=BV1kKDgBdEfZ 已成功抓取全部所需数据。
[2026-04-08 00:44:05] [SUCCESS] bvid=BV1s5AMzdEQz 已成功抓取全部所需数据。
[2026-04-08 00:44:11] [SUCCESS] bvid=BV1awSdBAEtD 已成功抓取全部所需数据。
[2026-04-08 00:44:16] [SUCCESS] bvid=BV1uASdBYEXy 已成功抓取全部所需数据。
[2026-04-08 00:44:22] [SUCCESS] bvid=BV1vqSdBuEWM 已成功抓取全部所需数据。
[2026-04-08 00:44:27] [SUCCESS] bvid=BV1RvSdB6EB3 已成功抓取全部所需数据。
[2026-04-08 00:44:33] [SUCCESS] bvid=BV1LqSdBuEEZ 已成功抓取全部所需数据。
[2026-04-08 00:44:39] [SUCCESS] bvid=BV1veSdB3EqU 已成功抓取全部所需数据。
[2026-04-08 00:44:45] [SUCCESS] bvid=BV13CSdBNEUV 已成功抓取全部所需数据。
[2026-04-08 00:44:50] [SUCCESS] bvid=BV1GCSdBNExy 已成功抓取全部所需数据。
[2026-04-08 00:44:56] [SUCCESS] bvid=BV13rSdBiER7 已成功抓取全部所需数据。
[2026-04-08 00:45:02] [SUCCESS] bvid=BV1aCSdBNEF7 已成功抓取全部所需数据。
[2026-04-08 00:45:02] [ERROR] bvid=BV13CSdBNEFg 抓取失败：stat: 接口返回错误代码：62002，信息：稿件不可见。
{'code': 62002, 'message': '稿件不可见', 'ttl': 1} | comment: 接口返回错误代码：62002，信息：稿件不可见。
{'code': 62002, 'message': '稿件不可见', 'ttl': 1}
[2026-04-08 00:45:07] [SUCCESS] bvid=BV1H6XrBQEJr 已成功抓取全部所需数据。
[2026-04-08 00:45:13] [SUCCESS] bvid=BV13CSdBNEdY 已成功抓取全部所需数据。
[2026-04-08 00:45:18] [SUCCESS] bvid=BV19BSdBBErA 已成功抓取全部所需数据。
[2026-04-08 00:45:24] [SUCCESS] bvid=BV1VBSdBBE4Y 已成功抓取全部所需数据。
[2026-04-08 00:45:29] [SUCCESS] bvid=BV1eQSXBwEG3 已成功抓取全部所需数据。
[2026-04-08 00:45:35] [SUCCESS] bvid=BV1zbSdByEWw 已成功抓取全部所需数据。
[2026-04-08 00:45:35] [ERROR] bvid=BV1npSdBUEn1 抓取失败：stat: 接口返回错误代码：62002，信息：稿件不可见。
{'code': 62002, 'message': '稿件不可见', 'ttl': 1} | comment: 接口返回错误代码：62002，信息：稿件不可见。
{'code': 62002, 'message': '稿件不可见', 'ttl': 1}
[2026-04-08 00:45:40] [SUCCESS] bvid=BV1nsSdB7ErM 已成功抓取全部所需数据。
[2026-04-08 00:45:46] [SUCCESS] bvid=BV1kJSdBDEp9 已成功抓取全部所需数据。
[2026-04-08 00:45:46] [ERROR] bvid=BV1HJSdBDESz 抓取失败：stat: 接口返回错误代码：62002，信息：稿件不可见。
{'code': 62002, 'message': '稿件不可见', 'ttl': 1} | comment: 接口返回错误代码：62002，信息：稿件不可见。
{'code': 62002, 'message': '稿件不可见', 'ttl': 1}
[2026-04-08 00:45:51] [SUCCESS] bvid=BV1HJSdBDEex 已成功抓取全部所需数据。
[2026-04-08 00:45:57] [SUCCESS] bvid=BV1nHSdBJE14 已成功抓取全部所需数据。
[2026-04-08 00:46:02] [SUCCESS] bvid=BV1HHSdBJEQh 已成功抓取全部所需数据。
[2026-04-08 00:46:07] [SUCCESS] bvid=BV1HHSdBJEQz 已成功抓取全部所需数据。
[2026-04-08 00:46:13] [SUCCESS] bvid=BV1pHSdBJEPZ 已成功抓取全部所需数据。
[2026-04-08 00:46:19] [SUCCESS] bvid=BV1ET9LBGEmR 已成功抓取全部所需数据。
[2026-04-08 00:46:25] [SUCCESS] bvid=BV1ADSSBKEjN 已成功抓取全部所需数据。
[2026-04-08 00:46:30] [SUCCESS] bvid=BV1RUDVB9Eru 已成功抓取全部所需数据。
[2026-04-08 00:46:36] [SUCCESS] bvid=BV1fwSXBvEWX 已成功抓取全部所需数据。
[2026-04-08 00:46:42] [SUCCESS] bvid=BV1XESRBaEhU 已成功抓取全部所需数据。
[2026-04-08 00:46:47] [SUCCESS] bvid=BV197SRBAEMD 已成功抓取全部所需数据。
[2026-04-08 00:46:53] [SUCCESS] bvid=BV17A9FBfEzR 已成功抓取全部所需数据。
[2026-04-08 00:46:58] [SUCCESS] bvid=BV16zSXBgEhT 已成功抓取全部所需数据。
[2026-04-08 00:47:04] [SUCCESS] bvid=BV1SjSDB7ERY 已成功抓取全部所需数据。
[2026-04-08 00:47:10] [SUCCESS] bvid=BV124SXBEE5k 已成功抓取全部所需数据。
[2026-04-08 00:47:15] [SUCCESS] bvid=BV1Sv9gBmEZT 已成功抓取全部所需数据。
[2026-04-08 00:47:21] [SUCCESS] bvid=BV1SjSDB7EE6 已成功抓取全部所需数据。
[2026-04-08 00:47:26] [SUCCESS] bvid=BV1zq9uB4EHQ 已成功抓取全部所需数据。
[2026-04-08 00:47:31] [SUCCESS] bvid=BV1CX9WBkEzi 已成功抓取全部所需数据。
[2026-04-08 00:47:37] [SUCCESS] bvid=BV197SRBAE7T 已成功抓取全部所需数据。
[2026-04-08 00:47:42] [SUCCESS] bvid=BV1jhSdBVE15 已成功抓取全部所需数据。
[2026-04-08 00:47:47] [SUCCESS] bvid=BV1EhSdB5EMP 已成功抓取全部所需数据。
[2026-04-08 00:47:52] [SUCCESS] bvid=BV1JxSdB2EZR 已成功抓取全部所需数据。
[2026-04-08 00:47:57] [SUCCESS] bvid=BV1ExSdB2E1D 已成功抓取全部所需数据。
[2026-04-08 00:48:03] [SUCCESS] bvid=BV1AFSoBWE5U 已成功抓取全部所需数据。
[2026-04-08 00:48:08] [SUCCESS] bvid=BV1wFSoBWEZZ 已成功抓取全部所需数据。
[2026-04-08 00:48:13] [SUCCESS] bvid=BV1NoSdBxEEJ 已成功抓取全部所需数据。
[2026-04-08 00:48:19] [SUCCESS] bvid=BV1soSdBxEes 已成功抓取全部所需数据。
[2026-04-08 00:48:24] [SUCCESS] bvid=BV1PZSdBREuq 已成功抓取全部所需数据。
[2026-04-08 00:48:29] [SUCCESS] bvid=BV1ETSoBUESa 已成功抓取全部所需数据。
[2026-04-08 00:48:34] [SUCCESS] bvid=BV1ZcSXBKEW2 已成功抓取全部所需数据。
[2026-04-08 00:48:40] [SUCCESS] bvid=BV1pASoBHEqu 已成功抓取全部所需数据。
[2026-04-08 00:48:45] [SUCCESS] bvid=BV1uSSdBcE7f 已成功抓取全部所需数据。
[2026-04-08 00:48:50] [SUCCESS] bvid=BV1ZX9KBUEsS 已成功抓取全部所需数据。
[2026-04-08 00:48:55] [SUCCESS] bvid=BV1EoSSBwEmB 已成功抓取全部所需数据。
[2026-04-08 00:49:00] [SUCCESS] bvid=BV13ySdBeE5M 已成功抓取全部所需数据。
[2026-04-08 00:49:05] [SUCCESS] bvid=BV13ySdBeEv6 已成功抓取全部所需数据。
[2026-04-08 00:49:11] [SUCCESS] bvid=BV1ZEXfBfEGE 已成功抓取全部所需数据。
[2026-04-08 00:49:16] [SUCCESS] bvid=BV1BEXfBfEK5 已成功抓取全部所需数据。
[2026-04-08 00:49:21] [SUCCESS] bvid=BV1JJSQBNEba 已成功抓取全部所需数据。
[2026-04-08 00:49:27] [SUCCESS] bvid=BV1L4SQB8EdX 已成功抓取全部所需数据。
[2026-04-08 00:49:27] [WARN] 当前子任务已结束，但仍有未成功抓取的视频，已导出 remaining CSV 供继续执行。
[2026-04-08 00:49:27] [INFO] 已导出剔除成功条目后的剩余 CSV：D:\Schoolworks\Thesis\Bilibili-Datahub\outputs\video_data\manual_crawls\manual_crawl_stat_comment_20260407_223150\remaining_bvids_part_9.csv
[2026-04-08 00:49:27] 子任务结束时间：2026-04-08T00:49:27.224234
[TIMESTAMP][END] 2026-04-08T00:49:27
