[TIMESTAMP][BEGIN] 2026-04-08T08:18:34
[2026-04-08 08:18:36] 开始执行 CSV 批量抓取子任务 part_43。
[2026-04-08 08:18:36] 子任务开始时间：2026-04-08T08:18:34.609044
[2026-04-08 08:18:36] 输入文件：batch_input_43.csv
[2026-04-08 08:18:36] 输入唯一 bvid 数量：100
[2026-04-08 08:18:36] 为严格按 CSV 顺序判断连续失败阈值，本次任务自动将并发度从 2 调整为 1。
[2026-04-08 08:18:42] [SUCCESS] bvid=BV1CR9WB3EFH 已成功抓取全部所需数据。
[2026-04-08 08:18:47] [SUCCESS] bvid=BV1PR9WBGE8d 已成功抓取全部所需数据。
[2026-04-08 08:18:52] [SUCCESS] bvid=BV1kR9WB3EUP 已成功抓取全部所需数据。
[2026-04-08 08:18:57] [SUCCESS] bvid=BV1kNXeBaEwf 已成功抓取全部所需数据。
[2026-04-08 08:19:03] [SUCCESS] bvid=BV1yB97BZEdb 已成功抓取全部所需数据。
[2026-04-08 08:19:08] [SUCCESS] bvid=BV1Pd95BSEN8 已成功抓取全部所需数据。
[2026-04-08 08:19:13] [SUCCESS] bvid=BV15r9EB1E7D 已成功抓取全部所需数据。
[2026-04-08 08:19:18] [SUCCESS] bvid=BV1CR9WB3EB1 已成功抓取全部所需数据。
[2026-04-08 08:19:23] [SUCCESS] bvid=BV1Cd9WB6EUh 已成功抓取全部所需数据。
[2026-04-08 08:19:28] [SUCCESS] bvid=BV1wd9WBrEYR 已成功抓取全部所需数据。
[2026-04-08 08:19:34] [SUCCESS] bvid=BV1Cd9WBrERJ 已成功抓取全部所需数据。
[2026-04-08 08:19:39] [SUCCESS] bvid=BV1Pd9WBrE3y 已成功抓取全部所需数据。
[2026-04-08 08:19:44] [SUCCESS] bvid=BV1Ad9WBrEPb 已成功抓取全部所需数据。
[2026-04-08 08:19:49] [SUCCESS] bvid=BV1Mc9HB6E7M 已成功抓取全部所需数据。
[2026-04-08 08:19:53] [SUCCESS] bvid=BV1Vi9WBsEEH 已成功抓取全部所需数据。
[2026-04-08 08:19:54] [ERROR] bvid=BV1d69EBjEWB 抓取失败：stat: 接口返回错误代码：-404，信息：啥都木有。
{'code': -404, 'message': '啥都木有', 'ttl': 1} | comment: 接口返回错误代码：-404，信息：啥都木有。
{'code': -404, 'message': '啥都木有', 'ttl': 1}
[2026-04-08 08:19:58] [SUCCESS] bvid=BV1hq9WB9Efx 已成功抓取全部所需数据。
[2026-04-08 08:20:04] [SUCCESS] bvid=BV15Y9WB4EsV 已成功抓取全部所需数据。
[2026-04-08 08:20:09] [SUCCESS] bvid=BV1Sk9WBJE23 已成功抓取全部所需数据。
[2026-04-08 08:20:14] [SUCCESS] bvid=BV1vY9WB4EGv 已成功抓取全部所需数据。
[2026-04-08 08:20:19] [SUCCESS] bvid=BV1ee9WBdE8F 已成功抓取全部所需数据。
[2026-04-08 08:20:24] [SUCCESS] bvid=BV1XY9WBxEX8 已成功抓取全部所需数据。
[2026-04-08 08:20:29] [SUCCESS] bvid=BV1eY9WB4Ecq 已成功抓取全部所需数据。
[2026-04-08 08:20:34] [SUCCESS] bvid=BV1hz9WBpEH7 已成功抓取全部所需数据。
[2026-04-08 08:20:39] [SUCCESS] bvid=BV1Sk9WBJEZd 已成功抓取全部所需数据。
[2026-04-08 08:20:44] [SUCCESS] bvid=BV1Xz9WBpEFC 已成功抓取全部所需数据。
[2026-04-08 08:20:49] [SUCCESS] bvid=BV1Dk9WBJEwV 已成功抓取全部所需数据。
[2026-04-08 08:20:54] [SUCCESS] bvid=BV1Qz9WBHE3z 已成功抓取全部所需数据。
[2026-04-08 08:20:59] [SUCCESS] bvid=BV1uC9WBSE2W 已成功抓取全部所需数据。
[2026-04-08 08:21:04] [SUCCESS] bvid=BV1Qz9WBHEyh 已成功抓取全部所需数据。
[2026-04-08 08:21:09] [SUCCESS] bvid=BV1Dz9WBHEQ9 已成功抓取全部所需数据。
[2026-04-08 08:21:15] [SUCCESS] bvid=BV1369WBQEbk 已成功抓取全部所需数据。
[2026-04-08 08:21:20] [SUCCESS] bvid=BV1dG9sBfEcx 已成功抓取全部所需数据。
[2026-04-08 08:21:25] [SUCCESS] bvid=BV1vG9sBfEW6 已成功抓取全部所需数据。
[2026-04-08 08:21:30] [SUCCESS] bvid=BV16Z9WBuERq 已成功抓取全部所需数据。
[2026-04-08 08:21:35] [SUCCESS] bvid=BV14H9nBTECu 已成功抓取全部所需数据。
[2026-04-08 08:21:40] [SUCCESS] bvid=BV1e59sBtEQW 已成功抓取全部所需数据。
[2026-04-08 08:21:44] [SUCCESS] bvid=BV1e59sBtECC 已成功抓取全部所需数据。
[2026-04-08 08:21:49] [SUCCESS] bvid=BV1Y59sBtEXR 已成功抓取全部所需数据。
[2026-04-08 08:21:55] [SUCCESS] bvid=BV1ig9sBcEA9 已成功抓取全部所需数据。
[2026-04-08 08:21:59] [SUCCESS] bvid=BV1Sj9nB6EJG 已成功抓取全部所需数据。
[2026-04-08 08:22:05] [SUCCESS] bvid=BV1jy9nBHEtu 已成功抓取全部所需数据。
[2026-04-08 08:22:10] [SUCCESS] bvid=BV1dq9jB6EoG 已成功抓取全部所需数据。
[2026-04-08 08:22:15] [SUCCESS] bvid=BV1pbXWBKEE6 已成功抓取全部所需数据。
[2026-04-08 08:22:20] [SUCCESS] bvid=BV1XwXkBiEMM 已成功抓取全部所需数据。
[2026-04-08 08:22:25] [SUCCESS] bvid=BV1tG9EBvEac 已成功抓取全部所需数据。
[2026-04-08 08:22:31] [SUCCESS] bvid=BV1qq9EBEEJa 已成功抓取全部所需数据。
[2026-04-08 08:22:36] [SUCCESS] bvid=BV1pW9jBJEe9 已成功抓取全部所需数据。
[2026-04-08 08:22:41] [SUCCESS] bvid=BV1Fg9JBdEyR 已成功抓取全部所需数据。
[2026-04-08 08:22:46] [SUCCESS] bvid=BV18j9nB6Ews 已成功抓取全部所需数据。
[2026-04-08 08:22:51] [SUCCESS] bvid=BV1hE9sBRExZ 已成功抓取全部所需数据。
[2026-04-08 08:22:56] [SUCCESS] bvid=BV1YE9sBRENq 已成功抓取全部所需数据。
[2026-04-08 08:23:01] [SUCCESS] bvid=BV1Sj9nB6EHU 已成功抓取全部所需数据。
[2026-04-08 08:23:06] [SUCCESS] bvid=BV1hn9sBWE6H 已成功抓取全部所需数据。
[2026-04-08 08:23:11] [SUCCESS] bvid=BV1bE9nBuE7B 已成功抓取全部所需数据。
[2026-04-08 08:23:16] [SUCCESS] bvid=BV11x9nBeE37 已成功抓取全部所需数据。
[2026-04-08 08:23:21] [SUCCESS] bvid=BV1a79sBxE6H 已成功抓取全部所需数据。
[2026-04-08 08:23:26] [SUCCESS] bvid=BV1h79sBxEiG 已成功抓取全部所需数据。
[2026-04-08 08:23:31] [SUCCESS] bvid=BV1st9nBAEhE 已成功抓取全部所需数据。
[2026-04-08 08:23:36] [SUCCESS] bvid=BV1yt9nBAEbD 已成功抓取全部所需数据。
[2026-04-08 08:23:41] [SUCCESS] bvid=BV1v19nBDEDx 已成功抓取全部所需数据。
[2026-04-08 08:23:46] [SUCCESS] bvid=BV1kZ9WBuEmn 已成功抓取全部所需数据。
[2026-04-08 08:23:51] [SUCCESS] bvid=BV1AZ9WBgEbK 已成功抓取全部所需数据。
[2026-04-08 08:23:56] [SUCCESS] bvid=BV1st9nBAEgP 已成功抓取全部所需数据。
[2026-04-08 08:24:01] [SUCCESS] bvid=BV1rZ9WBuEXT 已成功抓取全部所需数据。
[2026-04-08 08:24:06] [SUCCESS] bvid=BV1rf9WBBEfv 已成功抓取全部所需数据。
[2026-04-08 08:24:12] [SUCCESS] bvid=BV1xp9nBiEZf 已成功抓取全部所需数据。
[2026-04-08 08:24:17] [SUCCESS] bvid=BV1xs9nBNE2S 已成功抓取全部所需数据。
[2026-04-08 08:24:22] [SUCCESS] bvid=BV1iM9sBaEzG 已成功抓取全部所需数据。
[2026-04-08 08:24:27] [SUCCESS] bvid=BV1FP9sBKEkd 已成功抓取全部所需数据。
[2026-04-08 08:24:32] [SUCCESS] bvid=BV1iM9sBaE6y 已成功抓取全部所需数据。
[2026-04-08 08:24:37] [SUCCESS] bvid=BV1go9nBVEJa 已成功抓取全部所需数据。
[2026-04-08 08:24:42] [SUCCESS] bvid=BV1Wt9nBAEpN 已成功抓取全部所需数据。
[2026-04-08 08:24:47] [SUCCESS] bvid=BV1BP9sBNEU9 已成功抓取全部所需数据。
[2026-04-08 08:24:53] [SUCCESS] bvid=BV1Ys97BBEW3 已成功抓取全部所需数据。
[2026-04-08 08:24:58] [SUCCESS] bvid=BV1uZ9nBkEt8 已成功抓取全部所需数据。
[2026-04-08 08:25:03] [SUCCESS] bvid=BV1iXXrBCE5d 已成功抓取全部所需数据。
[2026-04-08 08:25:08] [SUCCESS] bvid=BV1BN9sBeEQn 已成功抓取全部所需数据。
[2026-04-08 08:25:13] [SUCCESS] bvid=BV1Zn9HBdEUS 已成功抓取全部所需数据。
[2026-04-08 08:25:19] [SUCCESS] bvid=BV1Z5XoB9EKE 已成功抓取全部所需数据。
[2026-04-08 08:25:24] [SUCCESS] bvid=BV1Z5XoB9ErL 已成功抓取全部所需数据。
[2026-04-08 08:25:30] [SUCCESS] bvid=BV1De9JBuEBa 已成功抓取全部所需数据。
[2026-04-08 08:25:35] [SUCCESS] bvid=BV1GD9nB7EHo 已成功抓取全部所需数据。
[2026-04-08 08:25:40] [SUCCESS] bvid=BV1uF9HB3Esp 已成功抓取全部所需数据。
[2026-04-08 08:25:46] [SUCCESS] bvid=BV1nB9pBPE2F 已成功抓取全部所需数据。
[2026-04-08 08:25:51] [SUCCESS] bvid=BV1Rp9JBmEpb 已成功抓取全部所需数据。
[2026-04-08 08:25:56] [SUCCESS] bvid=BV1op9HBsEND 已成功抓取全部所需数据。
[2026-04-08 08:26:01] [SUCCESS] bvid=BV1J79HBfEvs 已成功抓取全部所需数据。
[2026-04-08 08:26:06] [SUCCESS] bvid=BV1d49HBQEar 已成功抓取全部所需数据。
[2026-04-08 08:26:11] [SUCCESS] bvid=BV19b9HBnEAQ 已成功抓取全部所需数据。
[2026-04-08 08:26:16] [SUCCESS] bvid=BV1dW9HBREmr 已成功抓取全部所需数据。
[2026-04-08 08:26:22] [SUCCESS] bvid=BV1Ca9VBjEoe 已成功抓取全部所需数据。
[2026-04-08 08:26:27] [SUCCESS] bvid=BV1hu9EBqE1z 已成功抓取全部所需数据。
[2026-04-08 08:26:31] [SUCCESS] bvid=BV1Pu9HBNEfQ 已成功抓取全部所需数据。
[2026-04-08 08:26:37] [SUCCESS] bvid=BV1Ag9HBeECZ 已成功抓取全部所需数据。
[2026-04-08 08:26:42] [SUCCESS] bvid=BV1KK9HBTEMm 已成功抓取全部所需数据。
[2026-04-08 08:26:48] [SUCCESS] bvid=BV1ayXdBLE24 已成功抓取全部所需数据。
[2026-04-08 08:26:53] [SUCCESS] bvid=BV1GyXdBLEmd 已成功抓取全部所需数据。
[2026-04-08 08:26:58] [SUCCESS] bvid=BV1QyXdB5ERy 已成功抓取全部所需数据。
[2026-04-08 08:27:03] [SUCCESS] bvid=BV1QyXdB5EZG 已成功抓取全部所需数据。
[2026-04-08 08:27:03] [WARN] 当前子任务已结束，但仍有未成功抓取的视频，已导出 remaining CSV 供继续执行。
[2026-04-08 08:27:03] [INFO] 已导出剔除成功条目后的剩余 CSV：D:\Schoolworks\Thesis\Bilibili-Datahub\outputs\video_data\manual_crawls\manual_crawl_stat_comment_20260407_223150\remaining_bvids_part_43.csv
[2026-04-08 08:27:03] 子任务结束时间：2026-04-08T08:27:03.344461
[TIMESTAMP][END] 2026-04-08T08:27:03
