[TIMESTAMP][BEGIN] 2026-04-08T05:02:16
[2026-04-08 05:02:18] 开始执行 CSV 批量抓取子任务 part_28。
[2026-04-08 05:02:18] 子任务开始时间：2026-04-08T05:02:16.210414
[2026-04-08 05:02:18] 输入文件：batch_input_28.csv
[2026-04-08 05:02:18] 输入唯一 bvid 数量：100
[2026-04-08 05:02:18] 为严格按 CSV 顺序判断连续失败阈值，本次任务自动将并发度从 2 调整为 1。
[2026-04-08 05:02:23] [SUCCESS] bvid=BV1F29KB9Eft 已成功抓取全部所需数据。
[2026-04-08 05:02:28] [SUCCESS] bvid=BV1o29wBTESE 已成功抓取全部所需数据。
[2026-04-08 05:02:33] [SUCCESS] bvid=BV16h9TB9ER2 已成功抓取全部所需数据。
[2026-04-08 05:02:38] [SUCCESS] bvid=BV1KT9WB5Ehz 已成功抓取全部所需数据。
[2026-04-08 05:02:43] [SUCCESS] bvid=BV1A29MBaESz 已成功抓取全部所需数据。
[2026-04-08 05:03:04] [SUCCESS] bvid=BV1A29MBaEut 已成功抓取全部所需数据。
[2026-04-08 05:03:09] [SUCCESS] bvid=BV1HU9MBcE2k 已成功抓取全部所需数据。
[2026-04-08 05:03:15] [SUCCESS] bvid=BV1wU9MBcEpG 已成功抓取全部所需数据。
[2026-04-08 05:03:19] [SUCCESS] bvid=BV1CU9MBcEKw 已成功抓取全部所需数据。
[2026-04-08 05:03:25] [SUCCESS] bvid=BV1wU9MBcE6i 已成功抓取全部所需数据。
[2026-04-08 05:03:30] [SUCCESS] bvid=BV11C9MBeEr6 已成功抓取全部所需数据。
[2026-04-08 05:03:35] [SUCCESS] bvid=BV1NC9MBeE97 已成功抓取全部所需数据。
[2026-04-08 05:03:40] [SUCCESS] bvid=BV1p19MBAErd 已成功抓取全部所需数据。
[2026-04-08 05:03:45] [SUCCESS] bvid=BV1P19MBAEuX 已成功抓取全部所需数据。
[2026-04-08 05:03:50] [SUCCESS] bvid=BV1Gt9MByEN5 已成功抓取全部所需数据。
[2026-04-08 05:03:55] [SUCCESS] bvid=BV1G89MBVEi1 已成功抓取全部所需数据。
[2026-04-08 05:04:01] [SUCCESS] bvid=BV12o9jBoEJX 已成功抓取全部所需数据。
[2026-04-08 05:04:06] [SUCCESS] bvid=BV1a89MBVEGj 已成功抓取全部所需数据。
[2026-04-08 05:04:11] [SUCCESS] bvid=BV1G89MBVEzP 已成功抓取全部所需数据。
[2026-04-08 05:04:17] [SUCCESS] bvid=BV1389MBVEGB 已成功抓取全部所需数据。
[2026-04-08 05:04:22] [SUCCESS] bvid=BV1Rs9MB2E3j 已成功抓取全部所需数据。
[2026-04-08 05:04:27] [SUCCESS] bvid=BV1es9MB2Eew 已成功抓取全部所需数据。
[2026-04-08 05:04:32] [SUCCESS] bvid=BV1Gs9MB2Eii 已成功抓取全部所需数据。
[2026-04-08 05:04:37] [SUCCESS] bvid=BV1be9MB6Eh4 已成功抓取全部所需数据。
[2026-04-08 05:04:42] [SUCCESS] bvid=BV18e9MB6EZ1 已成功抓取全部所需数据。
[2026-04-08 05:04:47] [SUCCESS] bvid=BV1V49MBLEvy 已成功抓取全部所需数据。
[2026-04-08 05:04:52] [SUCCESS] bvid=BV1Df9FBnE1u 已成功抓取全部所需数据。
[2026-04-08 05:04:57] [SUCCESS] bvid=BV1jR9PB6EJv 已成功抓取全部所需数据。
[2026-04-08 05:05:02] [SUCCESS] bvid=BV1X49MBLE14 已成功抓取全部所需数据。
[2026-04-08 05:05:07] [SUCCESS] bvid=BV1De9MB6ETH 已成功抓取全部所需数据。
[2026-04-08 05:05:12] [SUCCESS] bvid=BV18e9MB6E7k 已成功抓取全部所需数据。
[2026-04-08 05:05:17] [SUCCESS] bvid=BV1ue9MB6E3F 已成功抓取全部所需数据。
[2026-04-08 05:05:22] [SUCCESS] bvid=BV1ui9MBuE8c 已成功抓取全部所需数据。
[2026-04-08 05:05:27] [SUCCESS] bvid=BV1Ui9MBuE2k 已成功抓取全部所需数据。
[2026-04-08 05:05:32] [SUCCESS] bvid=BV1te9MB6E1X 已成功抓取全部所需数据。
[2026-04-08 05:05:37] [SUCCESS] bvid=BV18h9MBkECz 已成功抓取全部所需数据。
[2026-04-08 05:15:43] [SUCCESS] bvid=BV1Me9MB6EUS 已成功抓取全部所需数据。
[2026-04-08 05:15:48] [SUCCESS] bvid=BV18i9MBuEVN 已成功抓取全部所需数据。
[2026-04-08 05:15:53] [SUCCESS] bvid=BV1be9MB6EYT 已成功抓取全部所需数据。
[2026-04-08 05:15:58] [SUCCESS] bvid=BV1gY9MB3E65 已成功抓取全部所需数据。
[2026-04-08 05:16:03] [SUCCESS] bvid=BV1Mi9MBuEqD 已成功抓取全部所需数据。
[2026-04-08 05:16:08] [SUCCESS] bvid=BV1gh9MBkEGt 已成功抓取全部所需数据。
[2026-04-08 05:16:13] [SUCCESS] bvid=BV1hh9MBkECQ 已成功抓取全部所需数据。
[2026-04-08 05:16:18] [SUCCESS] bvid=BV1hY9MB3E3q 已成功抓取全部所需数据。
[2026-04-08 05:16:23] [SUCCESS] bvid=BV1gh9MBkEqr 已成功抓取全部所需数据。
[2026-04-08 05:16:29] [SUCCESS] bvid=BV13h9MBkEcU 已成功抓取全部所需数据。
[2026-04-08 05:16:34] [SUCCESS] bvid=BV1gY9MB3E7z 已成功抓取全部所需数据。
[2026-04-08 05:16:40] [SUCCESS] bvid=BV13h9MBkEmJ 已成功抓取全部所需数据。
[2026-04-08 05:16:44] [SUCCESS] bvid=BV1uY9MB3EvQ 已成功抓取全部所需数据。
[2026-04-08 05:16:49] [SUCCESS] bvid=BV1gY9MB3EXU 已成功抓取全部所需数据。
[2026-04-08 05:16:54] [SUCCESS] bvid=BV1uY9MB3EyK 已成功抓取全部所需数据。
[2026-04-08 05:16:59] [SUCCESS] bvid=BV1gY9MB3ED4 已成功抓取全部所需数据。
[2026-04-08 05:17:04] [SUCCESS] bvid=BV1RN9uBEEZu 已成功抓取全部所需数据。
[2026-04-08 05:17:10] [SUCCESS] bvid=BV1s5XkBtEdR 已成功抓取全部所需数据。
[2026-04-08 05:17:15] [SUCCESS] bvid=BV1HU9KBpENq 已成功抓取全部所需数据。
[2026-04-08 05:17:19] [SUCCESS] bvid=BV1VN9uBJEZ3 已成功抓取全部所需数据。
[2026-04-08 05:17:25] [SUCCESS] bvid=BV1eK9uBUEBi 已成功抓取全部所需数据。
[2026-04-08 05:17:30] [SUCCESS] bvid=BV19N9uBEEmY 已成功抓取全部所需数据。
[2026-04-08 05:17:35] [SUCCESS] bvid=BV1Q39uB5ES7 已成功抓取全部所需数据。
[2026-04-08 05:17:40] [SUCCESS] bvid=BV19K9uBmEFF 已成功抓取全部所需数据。
[2026-04-08 05:17:44] [SUCCESS] bvid=BV1vN9uBJEqo 已成功抓取全部所需数据。
[2026-04-08 05:17:49] [SUCCESS] bvid=BV1RK9uBmEHy 已成功抓取全部所需数据。
[2026-04-08 05:17:54] [SUCCESS] bvid=BV1YK9uBUE63 已成功抓取全部所需数据。
[2026-04-08 05:17:59] [SUCCESS] bvid=BV1RK9uBUEpk 已成功抓取全部所需数据。
[2026-04-08 05:18:04] [SUCCESS] bvid=BV1J49NBUEEw 已成功抓取全部所需数据。
[2026-04-08 05:18:09] [SUCCESS] bvid=BV1ZqXZBoEgJ 已成功抓取全部所需数据。
[2026-04-08 05:18:14] [SUCCESS] bvid=BV1YK9uBUERL 已成功抓取全部所需数据。
[2026-04-08 05:18:19] [SUCCESS] bvid=BV1XK9uBmEkt 已成功抓取全部所需数据。
[2026-04-08 05:18:24] [SUCCESS] bvid=BV1Rw9uBnEQQ 已成功抓取全部所需数据。
[2026-04-08 05:18:29] [SUCCESS] bvid=BV1jw9uBHECY 已成功抓取全部所需数据。
[2026-04-08 05:18:34] [SUCCESS] bvid=BV1U39TBiEBU 已成功抓取全部所需数据。
[2026-04-08 05:18:39] [SUCCESS] bvid=BV1SL9uBrErU 已成功抓取全部所需数据。
[2026-04-08 05:18:44] [SUCCESS] bvid=BV1iw9uBHEV3 已成功抓取全部所需数据。
[2026-04-08 05:18:49] [SUCCESS] bvid=BV18Q9TBuEXo 已成功抓取全部所需数据。
[2026-04-08 05:18:54] [SUCCESS] bvid=BV13x9KBuEqP 已成功抓取全部所需数据。
[2026-04-08 05:18:59] [SUCCESS] bvid=BV1BU9PByEjo 已成功抓取全部所需数据。
[2026-04-08 05:19:03] [SUCCESS] bvid=BV1Ki9KBhEnA 已成功抓取全部所需数据。
[2026-04-08 05:19:09] [SUCCESS] bvid=BV1m79TBaEpd 已成功抓取全部所需数据。
[2026-04-08 05:19:14] [SUCCESS] bvid=BV1CH9TBfEDq 已成功抓取全部所需数据。
[2026-04-08 05:19:19] [SUCCESS] bvid=BV1349KBqEMB 已成功抓取全部所需数据。
[2026-04-08 05:19:25] [SUCCESS] bvid=BV1u5XZBCEoT 已成功抓取全部所需数据。
[2026-04-08 05:19:30] [SUCCESS] bvid=BV15w9TBCEQB 已成功抓取全部所需数据。
[2026-04-08 05:19:35] [SUCCESS] bvid=BV1j6XZBdEZv 已成功抓取全部所需数据。
[2026-04-08 05:19:40] [SUCCESS] bvid=BV11J9TBcEct 已成功抓取全部所需数据。
[2026-04-08 05:19:46] [SUCCESS] bvid=BV1m59TBvEAu 已成功抓取全部所需数据。
[2026-04-08 05:19:51] [SUCCESS] bvid=BV1D49KBvEr2 已成功抓取全部所需数据。
[2026-04-08 05:19:56] [SUCCESS] bvid=BV1ub9KBKEk7 已成功抓取全部所需数据。
[2026-04-08 05:20:01] [SUCCESS] bvid=BV1ZC9FBhEiQ 已成功抓取全部所需数据。
[2026-04-08 05:20:06] [SUCCESS] bvid=BV1Lw9uBHEne 已成功抓取全部所需数据。
[2026-04-08 05:20:11] [SUCCESS] bvid=BV1dw9uBnEWC 已成功抓取全部所需数据。
[2026-04-08 05:20:17] [SUCCESS] bvid=BV1LA9uBDEDH 已成功抓取全部所需数据。
[2026-04-08 05:20:22] [SUCCESS] bvid=BV1D39uB5EBk 已成功抓取全部所需数据。
[2026-04-08 05:20:27] [SUCCESS] bvid=BV19M9uBjE7r 已成功抓取全部所需数据。
[2026-04-08 05:20:32] [SUCCESS] bvid=BV1iA9uBDEp2 已成功抓取全部所需数据。
[2026-04-08 05:20:37] [SUCCESS] bvid=BV1dA9uBSEEB 已成功抓取全部所需数据。
[2026-04-08 05:20:42] [SUCCESS] bvid=BV1LA9uBDEu6 已成功抓取全部所需数据。
[2026-04-08 05:20:47] [SUCCESS] bvid=BV1RA9uBSE5L 已成功抓取全部所需数据。
[2026-04-08 05:20:52] [SUCCESS] bvid=BV1cS9MB8Ez9 已成功抓取全部所需数据。
[2026-04-08 05:20:58] [SUCCESS] bvid=BV1uU95BsETh 已成功抓取全部所需数据。
[2026-04-08 05:21:03] [SUCCESS] bvid=BV1X39uB5E5g 已成功抓取全部所需数据。
[2026-04-08 05:21:03] [INFO] 当前 batch_crawl 已完成，所有视频均已成功抓取。
[2026-04-08 05:21:03] 子任务结束时间：2026-04-08T05:21:03.221998
[TIMESTAMP][END] 2026-04-08T05:21:03
