[TIMESTAMP][BEGIN] 2026-04-08T01:46:07
[2026-04-08 01:46:09] 开始执行 CSV 批量抓取子任务 part_13。
[2026-04-08 01:46:09] 子任务开始时间：2026-04-08T01:46:07.796689
[2026-04-08 01:46:09] 输入文件：batch_input_13.csv
[2026-04-08 01:46:09] 输入唯一 bvid 数量：100
[2026-04-08 01:46:09] 为严格按 CSV 顺序判断连续失败阈值，本次任务自动将并发度从 2 调整为 1。
[2026-04-08 01:46:21] [SUCCESS] bvid=BV1AWDuBxEQ9 已成功抓取全部所需数据。
[2026-04-08 01:46:26] [SUCCESS] bvid=BV1ze9uBbECb 已成功抓取全部所需数据。
[2026-04-08 01:46:32] [SUCCESS] bvid=BV1Jd9MBxE9k 已成功抓取全部所需数据。
[2026-04-08 01:46:37] [SUCCESS] bvid=BV1SuSUB5ED6 已成功抓取全部所需数据。
[2026-04-08 01:46:42] [SUCCESS] bvid=BV1QuSUBLETk 已成功抓取全部所需数据。
[2026-04-08 01:46:48] [SUCCESS] bvid=BV1VPSUBUEGo 已成功抓取全部所需数据。
[2026-04-08 01:46:53] [SUCCESS] bvid=BV1XPSUBmECT 已成功抓取全部所需数据。
[2026-04-08 01:46:58] [SUCCESS] bvid=BV1GKSUB7EeB 已成功抓取全部所需数据。
[2026-04-08 01:47:04] [SUCCESS] bvid=BV1QKSUBjE2t 已成功抓取全部所需数据。
[2026-04-08 01:47:09] [SUCCESS] bvid=BV1XPSUBmEqq 已成功抓取全部所需数据。
[2026-04-08 01:47:14] [SUCCESS] bvid=BV19KSUBjE39 已成功抓取全部所需数据。
[2026-04-08 01:47:19] [SUCCESS] bvid=BV1VKSUB7EbA 已成功抓取全部所需数据。
[2026-04-08 01:47:25] [SUCCESS] bvid=BV1GKSUB7Ez1 已成功抓取全部所需数据。
[2026-04-08 01:47:30] [SUCCESS] bvid=BV1qBSUBsEFq 已成功抓取全部所需数据。
[2026-04-08 01:47:35] [SUCCESS] bvid=BV1UfXZBkE56 已成功抓取全部所需数据。
[2026-04-08 01:47:40] [SUCCESS] bvid=BV1iBSUBsEqC 已成功抓取全部所需数据。
[2026-04-08 01:47:46] [SUCCESS] bvid=BV1oBSUBsEhG 已成功抓取全部所需数据。
[2026-04-08 01:47:51] [SUCCESS] bvid=BV1oBSUBsEZz 已成功抓取全部所需数据。
[2026-04-08 01:47:56] [SUCCESS] bvid=BV1vzSUB9E4N 已成功抓取全部所需数据。
[2026-04-08 01:48:02] [SUCCESS] bvid=BV17zSUBRENB 已成功抓取全部所需数据。
[2026-04-08 01:48:07] [SUCCESS] bvid=BV13gX5BtEzf 已成功抓取全部所需数据。
[2026-04-08 01:48:12] [SUCCESS] bvid=BV1ozSUB9ELo 已成功抓取全部所需数据。
[2026-04-08 01:48:17] [SUCCESS] bvid=BV1vySUBnEPX 已成功抓取全部所需数据。
[2026-04-08 01:48:23] [SUCCESS] bvid=BV1qzSUB9Ekd 已成功抓取全部所需数据。
[2026-04-08 01:48:28] [SUCCESS] bvid=BV1fvSUB4Egm 已成功抓取全部所需数据。
[2026-04-08 01:48:33] [SUCCESS] bvid=BV1qiSUBdEmp 已成功抓取全部所需数据。
[2026-04-08 01:48:38] [SUCCESS] bvid=BV1FvSUBtEFx 已成功抓取全部所需数据。
[2026-04-08 01:48:43] [SUCCESS] bvid=BV1heDGBLE9K 已成功抓取全部所需数据。
[2026-04-08 01:48:49] [SUCCESS] bvid=BV1BvSUB4E44 已成功抓取全部所需数据。
[2026-04-08 01:48:54] [SUCCESS] bvid=BV1BvSUB4Epp 已成功抓取全部所需数据。
[2026-04-08 01:48:59] [SUCCESS] bvid=BV1BvSUB4ExV 已成功抓取全部所需数据。
[2026-04-08 01:49:05] [SUCCESS] bvid=BV1BiSUBdEgf 已成功抓取全部所需数据。
[2026-04-08 01:49:10] [SUCCESS] bvid=BV1ZiSUBdEdy 已成功抓取全部所需数据。
[2026-04-08 01:49:15] [SUCCESS] bvid=BV1qiSUBdEhS 已成功抓取全部所需数据。
[2026-04-08 01:49:21] [SUCCESS] bvid=BV1BiSUBdEGr 已成功抓取全部所需数据。
[2026-04-08 01:49:26] [SUCCESS] bvid=BV1fiSUBdEtM 已成功抓取全部所需数据。
[2026-04-08 01:49:31] [SUCCESS] bvid=BV13YSSBmEHr 已成功抓取全部所需数据。
[2026-04-08 01:49:37] [SUCCESS] bvid=BV1zLSSBFEhz 已成功抓取全部所需数据。
[2026-04-08 01:49:43] [SUCCESS] bvid=BV1FvDVBeEGZ 已成功抓取全部所需数据。
[2026-04-08 01:49:48] [SUCCESS] bvid=BV1f99MBdEHe 已成功抓取全部所需数据。
[2026-04-08 01:49:54] [SUCCESS] bvid=BV1vySUBnE55 已成功抓取全部所需数据。
[2026-04-08 01:49:59] [SUCCESS] bvid=BV1Y1SUBSEMA 已成功抓取全部所需数据。
[2026-04-08 01:50:04] [SUCCESS] bvid=BV1rbSUBhExV 已成功抓取全部所需数据。
[2026-04-08 01:50:09] [SUCCESS] bvid=BV1e1SUBSE4F 已成功抓取全部所需数据。
[2026-04-08 01:50:14] [SUCCESS] bvid=BV1DDSUBjEZv 已成功抓取全部所需数据。
[2026-04-08 01:50:20] [SUCCESS] bvid=BV1rtSUBwEG6 已成功抓取全部所需数据。
[2026-04-08 01:50:25] [SUCCESS] bvid=BV1a1SUBSEqS 已成功抓取全部所需数据。
[2026-04-08 01:50:31] [SUCCESS] bvid=BV1ikSUBQEjG 已成功抓取全部所需数据。
[2026-04-08 01:50:36] [SUCCESS] bvid=BV1vrSUBpEHc 已成功抓取全部所需数据。
[2026-04-08 01:50:41] [SUCCESS] bvid=BV1CxSUBYEG2 已成功抓取全部所需数据。
[2026-04-08 01:50:46] [SUCCESS] bvid=BV1ZjSSBbEq4 已成功抓取全部所需数据。
[2026-04-08 01:50:52] [SUCCESS] bvid=BV1CxSUBYEUu 已成功抓取全部所需数据。
[2026-04-08 01:50:57] [SUCCESS] bvid=BV1yxSUBYE3c 已成功抓取全部所需数据。
[2026-04-08 01:51:02] [SUCCESS] bvid=BV1AtSUBAEsd 已成功抓取全部所需数据。
[2026-04-08 01:51:07] [SUCCESS] bvid=BV1CtSUBwEcv 已成功抓取全部所需数据。
[2026-04-08 01:51:12] [SUCCESS] bvid=BV1AtSUBAEyn 已成功抓取全部所需数据。
[2026-04-08 01:51:17] [SUCCESS] bvid=BV1AtSUBAELx 已成功抓取全部所需数据。
[2026-04-08 01:51:22] [SUCCESS] bvid=BV1NpSUBiEB5 已成功抓取全部所需数据。
[2026-04-08 01:51:27] [SUCCESS] bvid=BV1CpSUBvEoj 已成功抓取全部所需数据。
[2026-04-08 01:51:32] [SUCCESS] bvid=BV11pSUBvEva 已成功抓取全部所需数据。
[2026-04-08 01:51:38] [SUCCESS] bvid=BV1ypSUBvE9r 已成功抓取全部所需数据。
[2026-04-08 01:51:44] [SUCCESS] bvid=BV1CsSUBPEoW 已成功抓取全部所需数据。
[2026-04-08 01:51:49] [SUCCESS] bvid=BV19ZDKBvE7V 已成功抓取全部所需数据。
[2026-04-08 01:51:54] [SUCCESS] bvid=BV16aSUBbEoJ 已成功抓取全部所需数据。
[2026-04-08 01:52:00] [SUCCESS] bvid=BV1yTD5BrEMy 已成功抓取全部所需数据。
[2026-04-08 01:52:05] [SUCCESS] bvid=BV11PSSBqEKd 已成功抓取全部所需数据。
[2026-04-08 01:52:11] [SUCCESS] bvid=BV1ZR9KB7Ew6 已成功抓取全部所需数据。
[2026-04-08 01:52:16] [SUCCESS] bvid=BV17bDTB5EWE 已成功抓取全部所需数据。
[2026-04-08 01:52:21] [SUCCESS] bvid=BV1eaDNBaEEk 已成功抓取全部所需数据。
[2026-04-08 02:02:27] [SUCCESS] bvid=BV1UoSUBGEYR 已成功抓取全部所需数据。
[2026-04-08 02:02:32] [SUCCESS] bvid=BV1GJDKBaEPo 已成功抓取全部所需数据。
[2026-04-08 02:02:38] [SUCCESS] bvid=BV1exDGBDEJM 已成功抓取全部所需数据。
[2026-04-08 02:02:43] [SUCCESS] bvid=BV1EADLBPEZc 已成功抓取全部所需数据。
[2026-04-08 02:02:49] [SUCCESS] bvid=BV177SSBZE4r 已成功抓取全部所需数据。
[2026-04-08 02:02:54] [SUCCESS] bvid=BV11uD5BgE3S 已成功抓取全部所需数据。
[2026-04-08 02:03:00] [SUCCESS] bvid=BV1caSUB8Ewy 已成功抓取全部所需数据。
[2026-04-08 02:03:05] [SUCCESS] bvid=BV16aSUBbEeo 已成功抓取全部所需数据。
[2026-04-08 02:03:10] [SUCCESS] bvid=BV1BYSUBZEQJ 已成功抓取全部所需数据。
[2026-04-08 02:03:15] [SUCCESS] bvid=BV1zYSUBZEMq 已成功抓取全部所需数据。
[2026-04-08 02:03:21] [SUCCESS] bvid=BV16hSUBcEV3 已成功抓取全部所需数据。
[2026-04-08 02:03:26] [SUCCESS] bvid=BV1rbSUBhEL5 已成功抓取全部所需数据。
[2026-04-08 02:03:31] [SUCCESS] bvid=BV1rbSUBhESh 已成功抓取全部所需数据。
[2026-04-08 02:03:36] [SUCCESS] bvid=BV1pbSUBaErR 已成功抓取全部所需数据。
[2026-04-08 02:03:41] [SUCCESS] bvid=BV1khSUBcEAR 已成功抓取全部所需数据。
[2026-04-08 02:03:46] [SUCCESS] bvid=BV1PPSSBBE4h 已成功抓取全部所需数据。
[2026-04-08 02:03:51] [SUCCESS] bvid=BV12ASSBMEGh 已成功抓取全部所需数据。
[2026-04-08 02:03:56] [SUCCESS] bvid=BV1sASSBMEVz 已成功抓取全部所需数据。
[2026-04-08 02:04:02] [SUCCESS] bvid=BV1xASSBME5s 已成功抓取全部所需数据。
[2026-04-08 02:04:07] [SUCCESS] bvid=BV11ASSBMEbe 已成功抓取全部所需数据。
[2026-04-08 02:04:12] [SUCCESS] bvid=BV1mFSSBgEsk 已成功抓取全部所需数据。
[2026-04-08 02:04:17] [SUCCESS] bvid=BV1WxXZBKEpG 已成功抓取全部所需数据。
[2026-04-08 02:04:22] [SUCCESS] bvid=BV1tFSSBgEA5 已成功抓取全部所需数据。
[2026-04-08 02:04:27] [SUCCESS] bvid=BV12FSSBgEb5 已成功抓取全部所需数据。
[2026-04-08 02:04:33] [SUCCESS] bvid=BV14cSSBzE79 已成功抓取全部所需数据。
[2026-04-08 02:04:38] [SUCCESS] bvid=BV11cSSBzE1T 已成功抓取全部所需数据。
[2026-04-08 02:04:42] [SUCCESS] bvid=BV11cSSBzEHp 已成功抓取全部所需数据。
[2026-04-08 02:04:47] [SUCCESS] bvid=BV12cSSBzEz4 已成功抓取全部所需数据。
[2026-04-08 02:04:52] [SUCCESS] bvid=BV1scSSBzERj 已成功抓取全部所需数据。
[2026-04-08 02:04:58] [SUCCESS] bvid=BV1ycSSBzEdG 已成功抓取全部所需数据。
[2026-04-08 02:05:03] [SUCCESS] bvid=BV1kuSSBPEAW 已成功抓取全部所需数据。
[2026-04-08 02:05:03] [INFO] 当前 batch_crawl 已完成，所有视频均已成功抓取。
[2026-04-08 02:05:03] 子任务结束时间：2026-04-08T02:05:03.359756
[TIMESTAMP][END] 2026-04-08T02:05:03
