[TIMESTAMP][BEGIN] 2026-04-08T05:29:29
[2026-04-08 05:29:31] 开始执行 CSV 批量抓取子任务 part_30。
[2026-04-08 05:29:31] 子任务开始时间：2026-04-08T05:29:29.539388
[2026-04-08 05:29:31] 输入文件：batch_input_30.csv
[2026-04-08 05:29:31] 输入唯一 bvid 数量：100
[2026-04-08 05:29:31] 为严格按 CSV 顺序判断连续失败阈值，本次任务自动将并发度从 2 调整为 1。
[2026-04-08 05:29:36] [SUCCESS] bvid=BV1w19KBsEfD 已成功抓取全部所需数据。
[2026-04-08 05:29:41] [SUCCESS] bvid=BV16x9NB7ER5 已成功抓取全部所需数据。
[2026-04-08 05:29:47] [SUCCESS] bvid=BV1Yf9LBiEqk 已成功抓取全部所需数据。
[2026-04-08 05:29:52] [SUCCESS] bvid=BV1od9KB2E7A 已成功抓取全部所需数据。
[2026-04-08 05:29:57] [SUCCESS] bvid=BV1ys9uBvEih 已成功抓取全部所需数据。
[2026-04-08 05:30:02] [SUCCESS] bvid=BV13J9wBdExC 已成功抓取全部所需数据。
[2026-04-08 05:30:07] [SUCCESS] bvid=BV18N9jBaEQV 已成功抓取全部所需数据。
[2026-04-08 05:30:12] [SUCCESS] bvid=BV1159NBdECv 已成功抓取全部所需数据。
[2026-04-08 05:30:17] [SUCCESS] bvid=BV1tV9NBtEn3 已成功抓取全部所需数据。
[2026-04-08 05:30:22] [SUCCESS] bvid=BV1gb9KBKEGR 已成功抓取全部所需数据。
[2026-04-08 05:30:27] [SUCCESS] bvid=BV1mUXhBvEBq 已成功抓取全部所需数据。
[2026-04-08 05:30:32] [SUCCESS] bvid=BV1179TBaE6f 已成功抓取全部所需数据。
[2026-04-08 05:30:38] [SUCCESS] bvid=BV1ub9KBKEyG 已成功抓取全部所需数据。
[2026-04-08 05:30:43] [SUCCESS] bvid=BV1sB9KBFEXF 已成功抓取全部所需数据。
[2026-04-08 05:30:48] [SUCCESS] bvid=BV1SL9uBrEkj 已成功抓取全部所需数据。
[2026-04-08 05:30:53] [SUCCESS] bvid=BV1sUXmB6Egg 已成功抓取全部所需数据。
[2026-04-08 05:30:59] [SUCCESS] bvid=BV1w29KB9E1h 已成功抓取全部所需数据。
[2026-04-08 05:31:04] [SUCCESS] bvid=BV1c29KB9Ewx 已成功抓取全部所需数据。
[2026-04-08 05:31:09] [SUCCESS] bvid=BV1nt9TBdEdn 已成功抓取全部所需数据。
[2026-04-08 05:31:14] [SUCCESS] bvid=BV1UnXzBdERG 已成功抓取全部所需数据。
[2026-04-08 05:31:18] [SUCCESS] bvid=BV17W9cBNE6o 已成功抓取全部所需数据。
[2026-04-08 05:31:23] [SUCCESS] bvid=BV1QA9NBPEu4 已成功抓取全部所需数据。
[2026-04-08 05:31:28] [SUCCESS] bvid=BV1A3XfBvEGQ 已成功抓取全部所需数据。
[2026-04-08 05:31:33] [SUCCESS] bvid=BV118XzBSEu9 已成功抓取全部所需数据。
[2026-04-08 05:31:38] [SUCCESS] bvid=BV1ba9KBPEjf 已成功抓取全部所需数据。
[2026-04-08 05:31:38] [ERROR] bvid=BV13W9KBzES2 抓取失败：stat: 接口返回错误代码：62002，信息：稿件不可见。
{'code': 62002, 'message': '稿件不可见', 'ttl': 1} | comment: 接口返回错误代码：62002，信息：稿件不可见。
{'code': 62002, 'message': '稿件不可见', 'ttl': 1}
[2026-04-08 05:31:43] [SUCCESS] bvid=BV1GP9TBGEX1 已成功抓取全部所需数据。
[2026-04-08 05:31:48] [SUCCESS] bvid=BV1gb9KBKER9 已成功抓取全部所需数据。
[2026-04-08 05:31:53] [SUCCESS] bvid=BV1ng9JBdEnG 已成功抓取全部所需数据。
[2026-04-08 05:31:58] [SUCCESS] bvid=BV1PX9WBCEjR 已成功抓取全部所需数据。
[2026-04-08 05:32:02] [SUCCESS] bvid=BV1k89uBwEAq 已成功抓取全部所需数据。
[2026-04-08 05:32:07] [SUCCESS] bvid=BV1DP9NBYEuB 已成功抓取全部所需数据。
[2026-04-08 05:32:12] [SUCCESS] bvid=BV1kh9uBhEnZ 已成功抓取全部所需数据。
[2026-04-08 05:32:17] [SUCCESS] bvid=BV1Ct9uBYEwq 已成功抓取全部所需数据。
[2026-04-08 05:32:22] [SUCCESS] bvid=BV1rh9uBhE5r 已成功抓取全部所需数据。
[2026-04-08 05:32:27] [SUCCESS] bvid=BV1wh9uBaEC2 已成功抓取全部所需数据。
[2026-04-08 05:32:32] [SUCCESS] bvid=BV1Ah9uBaEwz 已成功抓取全部所需数据。
[2026-04-08 05:32:37] [SUCCESS] bvid=BV1y49uBPETK 已成功抓取全部所需数据。
[2026-04-08 05:32:42] [SUCCESS] bvid=BV1Ct9uBYE3X 已成功抓取全部所需数据。
[2026-04-08 05:32:47] [SUCCESS] bvid=BV1y49uBPEBz 已成功抓取全部所需数据。
[2026-04-08 05:32:52] [SUCCESS] bvid=BV1y49uBPEYY 已成功抓取全部所需数据。
[2026-04-08 05:32:57] [SUCCESS] bvid=BV1C49uBPEUu 已成功抓取全部所需数据。
[2026-04-08 05:33:01] [SUCCESS] bvid=BV1A49uBNE9T 已成功抓取全部所需数据。
[2026-04-08 05:33:06] [SUCCESS] bvid=BV1y49uBNEq4 已成功抓取全部所需数据。
[2026-04-08 05:33:11] [SUCCESS] bvid=BV1Wt9uBeEuZ 已成功抓取全部所需数据。
[2026-04-08 05:33:16] [SUCCESS] bvid=BV1At9uBeEgN 已成功抓取全部所需数据。
[2026-04-08 05:33:21] [SUCCESS] bvid=BV1Pt9uBeErf 已成功抓取全部所需数据。
[2026-04-08 05:33:26] [SUCCESS] bvid=BV1Vw9TBCEXJ 已成功抓取全部所需数据。
[2026-04-08 05:33:31] [SUCCESS] bvid=BV1619PB2ERi 已成功抓取全部所需数据。
[2026-04-08 05:33:36] [SUCCESS] bvid=BV1g49KBqEbE 已成功抓取全部所需数据。
[2026-04-08 05:33:40] [SUCCESS] bvid=BV1cv9uBfENQ 已成功抓取全部所需数据。
[2026-04-08 05:33:46] [SUCCESS] bvid=BV1nv9uBfE4J 已成功抓取全部所需数据。
[2026-04-08 05:33:51] [SUCCESS] bvid=BV1Bq9uB4EzJ 已成功抓取全部所需数据。
[2026-04-08 05:33:56] [SUCCESS] bvid=BV1Bq9uB4EeJ 已成功抓取全部所需数据。
[2026-04-08 05:34:01] [SUCCESS] bvid=BV16q9uBtE4M 已成功抓取全部所需数据。
[2026-04-08 05:34:06] [SUCCESS] bvid=BV1uX9EBME99 已成功抓取全部所需数据。
[2026-04-08 05:34:11] [SUCCESS] bvid=BV1Bq9uB4Ev7 已成功抓取全部所需数据。
[2026-04-08 05:34:16] [SUCCESS] bvid=BV1zq9uB4EMV 已成功抓取全部所需数据。
[2026-04-08 05:34:21] [SUCCESS] bvid=BV16Y9uBFEsr 已成功抓取全部所需数据。
[2026-04-08 05:34:26] [SUCCESS] bvid=BV1Eq9uBtEy5 已成功抓取全部所需数据。
[2026-04-08 05:34:31] [SUCCESS] bvid=BV1Fq9uBtENx 已成功抓取全部所需数据。
[2026-04-08 05:34:36] [SUCCESS] bvid=BV1Bq9uB4Eyi 已成功抓取全部所需数据。
[2026-04-08 05:34:41] [SUCCESS] bvid=BV1HY9uBcESx 已成功抓取全部所需数据。
[2026-04-08 05:34:46] [SUCCESS] bvid=BV1rY9uBFEz7 已成功抓取全部所需数据。
[2026-04-08 05:34:51] [SUCCESS] bvid=BV1Fq9uBtEYh 已成功抓取全部所需数据。
[2026-04-08 05:34:56] [SUCCESS] bvid=BV16Y9uBFEhK 已成功抓取全部所需数据。
[2026-04-08 05:35:01] [SUCCESS] bvid=BV16e9uBbEd1 已成功抓取全部所需数据。
[2026-04-08 05:35:06] [SUCCESS] bvid=BV1kY9uBFEwG 已成功抓取全部所需数据。
[2026-04-08 05:35:11] [SUCCESS] bvid=BV1ME9FBUE13 已成功抓取全部所需数据。
[2026-04-08 05:35:16] [SUCCESS] bvid=BV16e9uBbEuu 已成功抓取全部所需数据。
[2026-04-08 05:35:21] [SUCCESS] bvid=BV1UE9uBzE55 已成功抓取全部所需数据。
[2026-04-08 05:35:26] [SUCCESS] bvid=BV1ze9uBbE5a 已成功抓取全部所需数据。
[2026-04-08 05:35:31] [SUCCESS] bvid=BV1ze9uBbELZ 已成功抓取全部所需数据。
[2026-04-08 05:35:36] [SUCCESS] bvid=BV1Gp9KBgEhc 已成功抓取全部所需数据。
[2026-04-08 05:35:41] [SUCCESS] bvid=BV1vc9TB5EEY 已成功抓取全部所需数据。
[2026-04-08 05:35:46] [SUCCESS] bvid=BV1CW9TBtEvR 已成功抓取全部所需数据。
[2026-04-08 05:35:51] [SUCCESS] bvid=BV19o9PBME2k 已成功抓取全部所需数据。
[2026-04-08 05:35:56] [SUCCESS] bvid=BV1Bh9TBXE1J 已成功抓取全部所需数据。
[2026-04-08 05:36:01] [SUCCESS] bvid=BV1WQXfBTETH 已成功抓取全部所需数据。
[2026-04-08 05:36:06] [SUCCESS] bvid=BV11Z9NB4EUV 已成功抓取全部所需数据。
[2026-04-08 05:36:12] [SUCCESS] bvid=BV1k49TBxE2N 已成功抓取全部所需数据。
[2026-04-08 05:36:17] [SUCCESS] bvid=BV17e9TBQEj7 已成功抓取全部所需数据。
[2026-04-08 05:36:22] [SUCCESS] bvid=BV1Yc9NBiEk6 已成功抓取全部所需数据。
[2026-04-08 05:36:27] [SUCCESS] bvid=BV1tY9KBYEHA 已成功抓取全部所需数据。
[2026-04-08 05:36:32] [SUCCESS] bvid=BV18L9uBkE2j 已成功抓取全部所需数据。
[2026-04-08 05:36:37] [SUCCESS] bvid=BV1qq9TBUEhm 已成功抓取全部所需数据。
[2026-04-08 05:36:42] [SUCCESS] bvid=BV1SD9NBwE7N 已成功抓取全部所需数据。
[2026-04-08 05:36:47] [SUCCESS] bvid=BV1bY9KBYEEC 已成功抓取全部所需数据。
[2026-04-08 05:36:52] [SUCCESS] bvid=BV16e9uBbEg9 已成功抓取全部所需数据。
[2026-04-08 05:36:57] [SUCCESS] bvid=BV1ze9uBbE9r 已成功抓取全部所需数据。
[2026-04-08 05:37:02] [SUCCESS] bvid=BV1b79uB3Est 已成功抓取全部所需数据。
[2026-04-08 05:37:07] [SUCCESS] bvid=BV1b79uB3Esg 已成功抓取全部所需数据。
[2026-04-08 05:37:13] [SUCCESS] bvid=BV1m79uBgEk1 已成功抓取全部所需数据。
[2026-04-08 05:37:18] [SUCCESS] bvid=BV1D59uBGEE7 已成功抓取全部所需数据。
[2026-04-08 05:37:23] [SUCCESS] bvid=BV1w19KBsEHs 已成功抓取全部所需数据。
[2026-04-08 05:37:28] [SUCCESS] bvid=BV1mE9uBzE8o 已成功抓取全部所需数据。
[2026-04-08 05:37:33] [SUCCESS] bvid=BV1Ns9uBiEHo 已成功抓取全部所需数据。
[2026-04-08 05:37:38] [SUCCESS] bvid=BV1UE9uBzE5n 已成功抓取全部所需数据。
[2026-04-08 05:37:43] [SUCCESS] bvid=BV1TE9uB6ESV 已成功抓取全部所需数据。
[2026-04-08 05:37:48] [SUCCESS] bvid=BV1ME9uB6E1R 已成功抓取全部所需数据。
[2026-04-08 05:37:48] [WARN] 当前子任务已结束，但仍有未成功抓取的视频，已导出 remaining CSV 供继续执行。
[2026-04-08 05:37:48] [INFO] 已导出剔除成功条目后的剩余 CSV：D:\Schoolworks\Thesis\Bilibili-Datahub\outputs\video_data\manual_crawls\manual_crawl_stat_comment_20260407_223150\remaining_bvids_part_30.csv
[2026-04-08 05:37:48] 子任务结束时间：2026-04-08T05:37:48.387693
[TIMESTAMP][END] 2026-04-08T05:37:48
