[TIMESTAMP][BEGIN] 2026-04-08T07:23:33
[2026-04-08 07:23:36] 开始执行 CSV 批量抓取子任务 part_38。
[2026-04-08 07:23:36] 子任务开始时间：2026-04-08T07:23:33.958182
[2026-04-08 07:23:36] 输入文件：batch_input_38.csv
[2026-04-08 07:23:36] 输入唯一 bvid 数量：100
[2026-04-08 07:23:36] 为严格按 CSV 顺序判断连续失败阈值，本次任务自动将并发度从 2 调整为 1。
[2026-04-08 07:23:41] [SUCCESS] bvid=BV1ok9FBwEbv 已成功抓取全部所需数据。
[2026-04-08 07:23:46] [SUCCESS] bvid=BV1Zk9FBwEwj 已成功抓取全部所需数据。
[2026-04-08 07:23:51] [SUCCESS] bvid=BV1oC9FBhELE 已成功抓取全部所需数据。
[2026-04-08 07:23:56] [SUCCESS] bvid=BV1BC9FBaE2e 已成功抓取全部所需数据。
[2026-04-08 07:24:01] [SUCCESS] bvid=BV1ZC9FBhE7S 已成功抓取全部所需数据。
[2026-04-08 07:24:06] [SUCCESS] bvid=BV17C9FBaEnt 已成功抓取全部所需数据。
[2026-04-08 07:24:11] [SUCCESS] bvid=BV1oC9FBhEDd 已成功抓取全部所需数据。
[2026-04-08 07:24:16] [SUCCESS] bvid=BV1Fz9FBNEvF 已成功抓取全部所需数据。
[2026-04-08 07:24:21] [SUCCESS] bvid=BV1nz9FBNEst 已成功抓取全部所需数据。
[2026-04-08 07:24:26] [SUCCESS] bvid=BV1Rm9FBZEu7 已成功抓取全部所需数据。
[2026-04-08 07:24:32] [SUCCESS] bvid=BV1669FBeEH7 已成功抓取全部所需数据。
[2026-04-08 07:24:37] [SUCCESS] bvid=BV1E69FBeEG5 已成功抓取全部所需数据。
[2026-04-08 07:24:42] [SUCCESS] bvid=BV1f69FBYELB 已成功抓取全部所需数据。
[2026-04-08 07:24:46] [SUCCESS] bvid=BV1Rm9FBZEKJ 已成功抓取全部所需数据。
[2026-04-08 07:24:51] [SUCCESS] bvid=BV1im9FBfEpC 已成功抓取全部所需数据。
[2026-04-08 07:24:56] [SUCCESS] bvid=BV19m9FBZEvy 已成功抓取全部所需数据。
[2026-04-08 07:25:01] [SUCCESS] bvid=BV1Rm9FBZEku 已成功抓取全部所需数据。
[2026-04-08 07:25:06] [SUCCESS] bvid=BV1HPQZBtEBA 已成功抓取全部所需数据。
[2026-04-08 07:25:12] [SUCCESS] bvid=BV19S9FB4EEp 已成功抓取全部所需数据。
[2026-04-08 07:25:17] [SUCCESS] bvid=BV1yUXfBuEZL 已成功抓取全部所需数据。
[2026-04-08 07:25:22] [SUCCESS] bvid=BV15S9FBtEWR 已成功抓取全部所需数据。
[2026-04-08 07:25:28] [SUCCESS] bvid=BV1RS9FB4Edf 已成功抓取全部所需数据。
[2026-04-08 07:25:33] [SUCCESS] bvid=BV1RS9FB4Edv 已成功抓取全部所需数据。
[2026-04-08 07:25:38] [SUCCESS] bvid=BV1RS9FB4Emk 已成功抓取全部所需数据。
[2026-04-08 07:25:43] [SUCCESS] bvid=BV1j29FB8EtY 已成功抓取全部所需数据。
[2026-04-08 07:25:48] [SUCCESS] bvid=BV1j19FBcELa 已成功抓取全部所需数据。
[2026-04-08 07:25:53] [SUCCESS] bvid=BV1j19FBcEHP 已成功抓取全部所需数据。
[2026-04-08 07:25:58] [SUCCESS] bvid=BV1j19FBcEPU 已成功抓取全部所需数据。
[2026-04-08 07:26:03] [SUCCESS] bvid=BV1j19FBcENj 已成功抓取全部所需数据。
[2026-04-08 07:26:08] [SUCCESS] bvid=BV1o29FBbEPm 已成功抓取全部所需数据。
[2026-04-08 07:26:13] [SUCCESS] bvid=BV1JE9cBBErE 已成功抓取全部所需数据。
[2026-04-08 07:26:18] [SUCCESS] bvid=BV1Jn9cBTEss 已成功抓取全部所需数据。
[2026-04-08 07:26:23] [SUCCESS] bvid=BV1zn9cBKEcE 已成功抓取全部所需数据。
[2026-04-08 07:26:28] [SUCCESS] bvid=BV1Jn9cBTEYo 已成功抓取全部所需数据。
[2026-04-08 07:26:33] [SUCCESS] bvid=BV1cn9cBTENz 已成功抓取全部所需数据。
[2026-04-08 07:26:38] [SUCCESS] bvid=BV1Fn9cBTEYo 已成功抓取全部所需数据。
[2026-04-08 07:26:43] [SUCCESS] bvid=BV1zn9cBKEEm 已成功抓取全部所需数据。
[2026-04-08 07:26:48] [SUCCESS] bvid=BV1cn9cBTE5E 已成功抓取全部所需数据。
[2026-04-08 07:26:53] [SUCCESS] bvid=BV1AL9cB6EwD 已成功抓取全部所需数据。
[2026-04-08 07:26:58] [SUCCESS] bvid=BV1rL9cBzEys 已成功抓取全部所需数据。
[2026-04-08 07:27:04] [SUCCESS] bvid=BV1rL9cBzE8d 已成功抓取全部所需数据。
[2026-04-08 07:27:09] [SUCCESS] bvid=BV1kL9cBzEtJ 已成功抓取全部所需数据。
[2026-04-08 07:27:14] [SUCCESS] bvid=BV1FJ9WBKEEQ 已成功抓取全部所需数据。
[2026-04-08 07:27:19] [SUCCESS] bvid=BV1BnXfBtENX 已成功抓取全部所需数据。
[2026-04-08 07:27:24] [SUCCESS] bvid=BV1kL9cBzEtc 已成功抓取全部所需数据。
[2026-04-08 07:27:29] [SUCCESS] bvid=BV1r79cBMESF 已成功抓取全部所需数据。
[2026-04-08 07:27:35] [SUCCESS] bvid=BV1w79cBuEHe 已成功抓取全部所需数据。
[2026-04-08 07:27:40] [SUCCESS] bvid=BV1EH9cBiEz9 已成功抓取全部所需数据。
[2026-04-08 07:27:45] [SUCCESS] bvid=BV1kTXoBbEkB 已成功抓取全部所需数据。
[2026-04-08 07:27:50] [SUCCESS] bvid=BV1uVXZB5Eqw 已成功抓取全部所需数据。
[2026-04-08 07:27:55] [SUCCESS] bvid=BV1uc9WBEEYQ 已成功抓取全部所需数据。
[2026-04-08 07:28:00] [SUCCESS] bvid=BV1UC9WBUEVQ 已成功抓取全部所需数据。
[2026-04-08 07:28:05] [SUCCESS] bvid=BV13QXZBEE4G 已成功抓取全部所需数据。
[2026-04-08 07:28:10] [SUCCESS] bvid=BV1ZyXzBgEJY 已成功抓取全部所需数据。
[2026-04-08 07:28:15] [SUCCESS] bvid=BV1v4XfBWEuD 已成功抓取全部所需数据。
[2026-04-08 07:28:20] [SUCCESS] bvid=BV1PG9cBkE2B 已成功抓取全部所需数据。
[2026-04-08 07:28:25] [SUCCESS] bvid=BV1cm97BXEen 已成功抓取全部所需数据。
[2026-04-08 07:28:30] [SUCCESS] bvid=BV1fiXZBbEjX 已成功抓取全部所需数据。
[2026-04-08 07:28:35] [SUCCESS] bvid=BV1qs9cBYEqU 已成功抓取全部所需数据。
[2026-04-08 07:28:40] [SUCCESS] bvid=BV1is9cBYEoJ 已成功抓取全部所需数据。
[2026-04-08 07:28:46] [SUCCESS] bvid=BV1i49cBwEyj 已成功抓取全部所需数据。
[2026-04-08 07:28:51] [SUCCESS] bvid=BV1zH9cBvEJQ 已成功抓取全部所需数据。
[2026-04-08 07:28:56] [SUCCESS] bvid=BV11K9cB1Eec 已成功抓取全部所需数据。
[2026-04-08 07:29:02] [SUCCESS] bvid=BV1VSXZBSEND 已成功抓取全部所需数据。
[2026-04-08 07:29:07] [SUCCESS] bvid=BV1XSXZBUEDu 已成功抓取全部所需数据。
[2026-04-08 07:29:12] [SUCCESS] bvid=BV1VSXZBSEtm 已成功抓取全部所需数据。
[2026-04-08 07:29:17] [SUCCESS] bvid=BV1GSXZBSEd9 已成功抓取全部所需数据。
[2026-04-08 07:29:22] [SUCCESS] bvid=BV1VSXZBSEEf 已成功抓取全部所需数据。
[2026-04-08 07:29:28] [SUCCESS] bvid=BV1a3XZB1EMC 已成功抓取全部所需数据。
[2026-04-08 07:29:33] [SUCCESS] bvid=BV1h3XZB1EiD 已成功抓取全部所需数据。
[2026-04-08 07:29:38] [SUCCESS] bvid=BV133XZB1EvW 已成功抓取全部所需数据。
[2026-04-08 07:29:43] [SUCCESS] bvid=BV133XZB1EHu 已成功抓取全部所需数据。
[2026-04-08 07:29:48] [SUCCESS] bvid=BV1EW9cBNERE 已成功抓取全部所需数据。
[2026-04-08 07:29:54] [SUCCESS] bvid=BV1qW9cBPEri 已成功抓取全部所需数据。
[2026-04-08 07:29:59] [SUCCESS] bvid=BV1zW9cBPEg2 已成功抓取全部所需数据。
[2026-04-08 07:30:04] [SUCCESS] bvid=BV17W9cBAEDd 已成功抓取全部所需数据。
[2026-04-08 07:30:10] [SUCCESS] bvid=BV1MA9cBUEmx 已成功抓取全部所需数据。
[2026-04-08 07:30:15] [SUCCESS] bvid=BV11K9cB1EBA 已成功抓取全部所需数据。
[2026-04-08 07:30:21] [SUCCESS] bvid=BV16TXpBhErX 已成功抓取全部所需数据。
[2026-04-08 07:30:26] [SUCCESS] bvid=BV1NM9cBLEYn 已成功抓取全部所需数据。
[2026-04-08 07:30:32] [SUCCESS] bvid=BV11M9cB5ENR 已成功抓取全部所需数据。
[2026-04-08 07:30:37] [SUCCESS] bvid=BV1yM9cB5E7v 已成功抓取全部所需数据。
[2026-04-08 07:30:43] [SUCCESS] bvid=BV1Fp9WBPEJJ 已成功抓取全部所需数据。
[2026-04-08 07:30:48] [SUCCESS] bvid=BV1R1XZBHEMA 已成功抓取全部所需数据。
[2026-04-08 07:30:53] [SUCCESS] bvid=BV1UA9cBmEqk 已成功抓取全部所需数据。
[2026-04-08 07:30:59] [SUCCESS] bvid=BV12A9cBmExK 已成功抓取全部所需数据。
[2026-04-08 07:31:04] [SUCCESS] bvid=BV17j9JBQE6f 已成功抓取全部所需数据。
[2026-04-08 07:31:10] [SUCCESS] bvid=BV12N9cBjE72 已成功抓取全部所需数据。
[2026-04-08 07:31:15] [SUCCESS] bvid=BV1TN9cB7E9r 已成功抓取全部所需数据。
[2026-04-08 07:31:21] [SUCCESS] bvid=BV1dkXZBWEcd 已成功抓取全部所需数据。
[2026-04-08 07:31:26] [SUCCESS] bvid=BV1mN9cBjEqt 已成功抓取全部所需数据。
[2026-04-08 07:31:31] [SUCCESS] bvid=BV1mZXZBVEmb 已成功抓取全部所需数据。
[2026-04-08 07:31:36] [SUCCESS] bvid=BV1kG9cBrEvE 已成功抓取全部所需数据。
[2026-04-08 07:31:41] [SUCCESS] bvid=BV1PG9cBkEEC 已成功抓取全部所需数据。
[2026-04-08 07:31:46] [SUCCESS] bvid=BV13CXMB6EjD 已成功抓取全部所需数据。
[2026-04-08 07:31:51] [SUCCESS] bvid=BV1TN9WB1EBk 已成功抓取全部所需数据。
[2026-04-08 07:31:57] [SUCCESS] bvid=BV1W4XZBvE93 已成功抓取全部所需数据。
[2026-04-08 07:32:02] [SUCCESS] bvid=BV1A59cB3Emj 已成功抓取全部所需数据。
[2026-04-08 07:32:07] [SUCCESS] bvid=BV12kXfBVE8y 已成功抓取全部所需数据。
[2026-04-08 07:32:12] [SUCCESS] bvid=BV1A59cB3EB6 已成功抓取全部所需数据。
[2026-04-08 07:32:12] [INFO] 当前 batch_crawl 已完成，所有视频均已成功抓取。
[2026-04-08 07:32:12] 子任务结束时间：2026-04-08T07:32:12.631261
[TIMESTAMP][END] 2026-04-08T07:32:12
