[TIMESTAMP][BEGIN] 2026-04-08T03:18:18
[2026-04-08 03:18:20] 开始执行 CSV 批量抓取子任务 part_19。
[2026-04-08 03:18:20] 子任务开始时间：2026-04-08T03:18:18.242237
[2026-04-08 03:18:20] 输入文件：batch_input_19.csv
[2026-04-08 03:18:20] 输入唯一 bvid 数量：100
[2026-04-08 03:18:20] 为严格按 CSV 顺序判断连续失败阈值，本次任务自动将并发度从 2 调整为 1。
[2026-04-08 03:18:25] [SUCCESS] bvid=BV1hSDuBBE6W 已成功抓取全部所需数据。
[2026-04-08 03:18:30] [SUCCESS] bvid=BV13SDuBBEFm 已成功抓取全部所需数据。
[2026-04-08 03:18:35] [SUCCESS] bvid=BV1USDuBqEQg 已成功抓取全部所需数据。
[2026-04-08 03:18:40] [SUCCESS] bvid=BV1UQDuBKEot 已成功抓取全部所需数据。
[2026-04-08 03:18:45] [SUCCESS] bvid=BV1uQDuBTErM 已成功抓取全部所需数据。
[2026-04-08 03:18:50] [SUCCESS] bvid=BV1NcDgBcE2h 已成功抓取全部所需数据。
[2026-04-08 03:18:55] [SUCCESS] bvid=BV1tgDTB4ECX 已成功抓取全部所需数据。
[2026-04-08 03:19:00] [SUCCESS] bvid=BV1P29MBaEEp 已成功抓取全部所需数据。
[2026-04-08 03:19:05] [SUCCESS] bvid=BV1P69KBZERv 已成功抓取全部所需数据。
[2026-04-08 03:19:10] [SUCCESS] bvid=BV1uPDTBhEHX 已成功抓取全部所需数据。
[2026-04-08 03:19:15] [SUCCESS] bvid=BV1NfDuBaEeA 已成功抓取全部所需数据。
[2026-04-08 03:19:20] [SUCCESS] bvid=BV1yfDuBhE8W 已成功抓取全部所需数据。
[2026-04-08 03:19:25] [SUCCESS] bvid=BV14fDuBaEcn 已成功抓取全部所需数据。
[2026-04-08 03:19:30] [SUCCESS] bvid=BV12ZDuBwEY7 已成功抓取全部所需数据。
[2026-04-08 03:19:35] [SUCCESS] bvid=BV12fDuBhEG4 已成功抓取全部所需数据。
[2026-04-08 03:19:40] [SUCCESS] bvid=BV1NcDgBcEHM 已成功抓取全部所需数据。
[2026-04-08 03:19:45] [SUCCESS] bvid=BV1mpDPBDEye 已成功抓取全部所需数据。
[2026-04-08 03:19:50] [SUCCESS] bvid=BV1mdDuBYEFS 已成功抓取全部所需数据。
[2026-04-08 03:19:55] [SUCCESS] bvid=BV12dDuBYEUt 已成功抓取全部所需数据。
[2026-04-08 03:20:00] [SUCCESS] bvid=BV11dDuBYEZ6 已成功抓取全部所需数据。
[2026-04-08 03:20:05] [SUCCESS] bvid=BV11ZDuBwEUs 已成功抓取全部所需数据。
[2026-04-08 03:20:10] [SUCCESS] bvid=BV1mZDuBwExE 已成功抓取全部所需数据。
[2026-04-08 03:20:15] [SUCCESS] bvid=BV1EmDKBGEH9 已成功抓取全部所需数据。
[2026-04-08 03:20:21] [SUCCESS] bvid=BV1rFDKB5E4U 已成功抓取全部所需数据。
[2026-04-08 03:20:33] [SUCCESS] bvid=BV1KZDuBAEa7 已成功抓取全部所需数据。
[2026-04-08 03:20:38] [SUCCESS] bvid=BV1KVDTBsETH 已成功抓取全部所需数据。
[2026-04-08 03:20:43] [SUCCESS] bvid=BV1NVDTBsEZx 已成功抓取全部所需数据。
[2026-04-08 03:20:48] [SUCCESS] bvid=BV14VDTBsEeS 已成功抓取全部所需数据。
[2026-04-08 03:20:53] [SUCCESS] bvid=BV1KVDTBsEq4 已成功抓取全部所需数据。
[2026-04-08 03:20:58] [SUCCESS] bvid=BV1f4DTByEuz 已成功抓取全部所需数据。
[2026-04-08 03:21:03] [SUCCESS] bvid=BV1x5DTB9EBz 已成功抓取全部所需数据。
[2026-04-08 03:21:08] [SUCCESS] bvid=BV1KVDTBsEWe 已成功抓取全部所需数据。
[2026-04-08 03:21:13] [SUCCESS] bvid=BV1NVDTBsEoc 已成功抓取全部所需数据。
[2026-04-08 03:21:18] [SUCCESS] bvid=BV1x5DTB9Ev3 已成功抓取全部所需数据。
[2026-04-08 03:21:23] [SUCCESS] bvid=BV1MgDTB4Eav 已成功抓取全部所需数据。
[2026-04-08 03:21:28] [SUCCESS] bvid=BV1fbDTBVESh 已成功抓取全部所需数据。
[2026-04-08 03:21:33] [SUCCESS] bvid=BV1K5DTB9E77 已成功抓取全部所需数据。
[2026-04-08 03:21:38] [SUCCESS] bvid=BV1Ki9KBhEFY 已成功抓取全部所需数据。
[2026-04-08 03:21:43] [SUCCESS] bvid=BV1z49NBmE4x 已成功抓取全部所需数据。
[2026-04-08 03:21:48] [SUCCESS] bvid=BV1cwDMBQEY2 已成功抓取全部所需数据。
[2026-04-08 03:21:53] [SUCCESS] bvid=BV1HnDTBSEsF 已成功抓取全部所需数据。
[2026-04-08 03:21:58] [SUCCESS] bvid=BV1bL9uBkE1T 已成功抓取全部所需数据。
[2026-04-08 03:22:03] [SUCCESS] bvid=BV1NzXCBcE5m 已成功抓取全部所需数据。
[2026-04-08 03:22:08] [SUCCESS] bvid=BV1Qv9gBmEWu 已成功抓取全部所需数据。
[2026-04-08 03:22:13] [SUCCESS] bvid=BV1tgDTB4EYb 已成功抓取全部所需数据。
[2026-04-08 03:22:18] [SUCCESS] bvid=BV1T3DTBdEAd 已成功抓取全部所需数据。
[2026-04-08 03:22:23] [SUCCESS] bvid=BV143DTBdEY2 已成功抓取全部所需数据。
[2026-04-08 03:22:28] [SUCCESS] bvid=BV1T3DTBdE8v 已成功抓取全部所需数据。
[2026-04-08 03:22:33] [SUCCESS] bvid=BV1m3DTBdEDh 已成功抓取全部所需数据。
[2026-04-08 03:22:38] [SUCCESS] bvid=BV1C7DTBQEsk 已成功抓取全部所需数据。
[2026-04-08 03:22:43] [SUCCESS] bvid=BV1T3DTBdEBS 已成功抓取全部所需数据。
[2026-04-08 03:22:48] [SUCCESS] bvid=BV1PJDTBnEsb 已成功抓取全部所需数据。
[2026-04-08 03:22:53] [SUCCESS] bvid=BV1uDDTBFEFg 已成功抓取全部所需数据。
[2026-04-08 03:22:59] [SUCCESS] bvid=BV1YcDTBYEbQ 已成功抓取全部所需数据。
[2026-04-08 03:23:03] [SUCCESS] bvid=BV1wnDTBSEmx 已成功抓取全部所需数据。
[2026-04-08 03:23:08] [SUCCESS] bvid=BV1WjDTBpEKw 已成功抓取全部所需数据。
[2026-04-08 03:23:14] [SUCCESS] bvid=BV1GFDTBPEbN 已成功抓取全部所需数据。
[2026-04-08 03:23:19] [SUCCESS] bvid=BV1BMDMB2EfP 已成功抓取全部所需数据。
[2026-04-08 03:23:24] [SUCCESS] bvid=BV1gADTBwEev 已成功抓取全部所需数据。
[2026-04-08 03:23:29] [SUCCESS] bvid=BV1PjDTBpELw 已成功抓取全部所需数据。
[2026-04-08 03:23:35] [SUCCESS] bvid=BV1W7DTBQEdp 已成功抓取全部所需数据。
[2026-04-08 03:23:41] [SUCCESS] bvid=BV1p7DTBQEoD 已成功抓取全部所需数据。
[2026-04-08 03:23:48] [SUCCESS] bvid=BV1GcDTBYEtU 已成功抓取全部所需数据。
[2026-04-08 03:23:54] [SUCCESS] bvid=BV1gcDTBYEDj 已成功抓取全部所需数据。
[2026-04-08 03:24:01] [SUCCESS] bvid=BV13cDTBYEi3 已成功抓取全部所需数据。
[2026-04-08 03:24:07] [SUCCESS] bvid=BV1GcDTBYEBm 已成功抓取全部所需数据。
[2026-04-08 03:24:13] [SUCCESS] bvid=BV13cDTBYER6 已成功抓取全部所需数据。
[2026-04-08 03:24:19] [SUCCESS] bvid=BV1MQDTBbET5 已成功抓取全部所需数据。
[2026-04-08 03:24:26] [SUCCESS] bvid=BV13cDTBYEpx 已成功抓取全部所需数据。
[2026-04-08 03:24:32] [SUCCESS] bvid=BV1gADTBwEea 已成功抓取全部所需数据。
[2026-04-08 03:24:38] [SUCCESS] bvid=BV1GADTBwEud 已成功抓取全部所需数据。
[2026-04-08 03:24:44] [SUCCESS] bvid=BV1hADTBwEuP 已成功抓取全部所需数据。
[2026-04-08 03:24:51] [SUCCESS] bvid=BV17CDwBbEut 已成功抓取全部所需数据。
[2026-04-08 03:24:57] [SUCCESS] bvid=BV1CfDTBXEMS 已成功抓取全部所需数据。
[2026-04-08 03:25:03] [SUCCESS] bvid=BV1kcDMBHEJx 已成功抓取全部所需数据。
[2026-04-08 03:25:10] [SUCCESS] bvid=BV1LvDTBgEvG 已成功抓取全部所需数据。
[2026-04-08 03:25:16] [SUCCESS] bvid=BV1YZDKBvEHH 已成功抓取全部所需数据。
[2026-04-08 03:25:23] [SUCCESS] bvid=BV13ADTBwEoq 已成功抓取全部所需数据。
[2026-04-08 03:25:29] [SUCCESS] bvid=BV1uTDTBbEmP 已成功抓取全部所需数据。
[2026-04-08 03:25:36] [SUCCESS] bvid=BV1GFDTBPEHv 已成功抓取全部所需数据。
[2026-04-08 03:25:42] [SUCCESS] bvid=BV1GADTBAEqQ 已成功抓取全部所需数据。
[2026-04-08 03:25:48] [SUCCESS] bvid=BV1YZDKBvEu9 已成功抓取全部所需数据。
[2026-04-08 03:25:55] [SUCCESS] bvid=BV1VZDKBvEo7 已成功抓取全部所需数据。
[2026-04-08 03:26:01] [SUCCESS] bvid=BV1YFDTBPEat 已成功抓取全部所需数据。
[2026-04-08 03:26:08] [SUCCESS] bvid=BV1VFDTBPEAx 已成功抓取全部所需数据。
[2026-04-08 03:26:14] [SUCCESS] bvid=BV1GFDTBPETd 已成功抓取全部所需数据。
[2026-04-08 03:26:21] [SUCCESS] bvid=BV1aFDTBPE2E 已成功抓取全部所需数据。
[2026-04-08 03:26:28] [SUCCESS] bvid=BV1GFDTBPEcM 已成功抓取全部所需数据。
[2026-04-08 03:26:34] [SUCCESS] bvid=BV1aFDTBPEXx 已成功抓取全部所需数据。
[2026-04-08 03:26:40] [SUCCESS] bvid=BV1GFDTBPEgv 已成功抓取全部所需数据。
[2026-04-08 03:26:47] [SUCCESS] bvid=BV1tTDTBbE9E 已成功抓取全部所需数据。
[2026-04-08 03:26:53] [SUCCESS] bvid=BV1bTDTBbELp 已成功抓取全部所需数据。
[2026-04-08 03:26:59] [SUCCESS] bvid=BV1tTDTBbEZh 已成功抓取全部所需数据。
[2026-04-08 03:27:05] [SUCCESS] bvid=BV1uTDTBbE8u 已成功抓取全部所需数据。
[2026-04-08 03:27:11] [SUCCESS] bvid=BV1uTDTBbEq1 已成功抓取全部所需数据。
[2026-04-08 03:27:17] [SUCCESS] bvid=BV1tTDTBbEtc 已成功抓取全部所需数据。
[2026-04-08 03:27:24] [SUCCESS] bvid=BV1uMDTBZEsH 已成功抓取全部所需数据。
[2026-04-08 03:27:30] [SUCCESS] bvid=BV1MMDTBZEyZ 已成功抓取全部所需数据。
[2026-04-08 03:27:36] [SUCCESS] bvid=BV1YRXzBeENN 已成功抓取全部所需数据。
[2026-04-08 03:27:43] [SUCCESS] bvid=BV1SPDTBhEEX 已成功抓取全部所需数据。
[2026-04-08 03:27:43] [INFO] 当前 batch_crawl 已完成，所有视频均已成功抓取。
[2026-04-08 03:27:43] 子任务结束时间：2026-04-08T03:27:43.123028
[TIMESTAMP][END] 2026-04-08T03:27:43
