[TIMESTAMP][BEGIN] 2026-04-08T05:21:03
[2026-04-08 05:21:05] 开始执行 CSV 批量抓取子任务 part_29。
[2026-04-08 05:21:05] 子任务开始时间：2026-04-08T05:21:03.399499
[2026-04-08 05:21:05] 输入文件：batch_input_29.csv
[2026-04-08 05:21:05] 输入唯一 bvid 数量：100
[2026-04-08 05:21:05] 为严格按 CSV 顺序判断连续失败阈值，本次任务自动将并发度从 2 调整为 1。
[2026-04-08 05:21:13] [SUCCESS] bvid=BV1339uBLESQ 已成功抓取全部所需数据。
[2026-04-08 05:21:18] [SUCCESS] bvid=BV13x9KBMEWw 已成功抓取全部所需数据。
[2026-04-08 05:21:23] [SUCCESS] bvid=BV1DG9uBCE53 已成功抓取全部所需数据。
[2026-04-08 05:21:28] [SUCCESS] bvid=BV1DG9uBCEMK 已成功抓取全部所需数据。
[2026-04-08 05:21:33] [SUCCESS] bvid=BV1SG9uBCESh 已成功抓取全部所需数据。
[2026-04-08 05:21:38] [SUCCESS] bvid=BV1hG9uByEiE 已成功抓取全部所需数据。
[2026-04-08 05:21:43] [SUCCESS] bvid=BV13G9uByEhq 已成功抓取全部所需数据。
[2026-04-08 05:21:48] [SUCCESS] bvid=BV1DG9uBCEsP 已成功抓取全部所需数据。
[2026-04-08 05:21:53] [SUCCESS] bvid=BV1cx9NBJE2Y 已成功抓取全部所需数据。
[2026-04-08 05:21:58] [SUCCESS] bvid=BV13u9uB2E69 已成功抓取全部所需数据。
[2026-04-08 05:22:04] [SUCCESS] bvid=BV1JX9MBtECc 已成功抓取全部所需数据。
[2026-04-08 05:22:09] [SUCCESS] bvid=BV1mb9wBSEsT 已成功抓取全部所需数据。
[2026-04-08 05:22:13] [SUCCESS] bvid=BV13b9KBKEAB 已成功抓取全部所需数据。
[2026-04-08 05:22:19] [SUCCESS] bvid=BV1EX9KBSErc 已成功抓取全部所需数据。
[2026-04-08 05:22:24] [SUCCESS] bvid=BV1Qu9uB1Eps 已成功抓取全部所需数据。
[2026-04-08 05:22:29] [SUCCESS] bvid=BV1Gu9uB2EKM 已成功抓取全部所需数据。
[2026-04-08 05:22:34] [SUCCESS] bvid=BV1c99MBoEch 已成功抓取全部所需数据。
[2026-04-08 05:22:38] [SUCCESS] bvid=BV1of9MBpEhB 已成功抓取全部所需数据。
[2026-04-08 05:22:43] [SUCCESS] bvid=BV1FX9MBtE43 已成功抓取全部所需数据。
[2026-04-08 05:22:48] [SUCCESS] bvid=BV1FX9MBtETt 已成功抓取全部所需数据。
[2026-04-08 05:22:53] [SUCCESS] bvid=BV1cX9MBbEsB 已成功抓取全部所需数据。
[2026-04-08 05:22:58] [SUCCESS] bvid=BV1rD9MBfExc 已成功抓取全部所需数据。
[2026-04-08 05:23:02] [SUCCESS] bvid=BV1F99MBoEU5 已成功抓取全部所需数据。
[2026-04-08 05:23:07] [SUCCESS] bvid=BV1E99MBoEox 已成功抓取全部所需数据。
[2026-04-08 05:23:12] [SUCCESS] bvid=BV1699MBoEfd 已成功抓取全部所需数据。
[2026-04-08 05:23:17] [SUCCESS] bvid=BV1gV9TBKEc8 已成功抓取全部所需数据。
[2026-04-08 05:23:22] [SUCCESS] bvid=BV1u49KBqE9i 已成功抓取全部所需数据。
[2026-04-08 05:23:27] [SUCCESS] bvid=BV1Zd9KB2EKx 已成功抓取全部所需数据。
[2026-04-08 05:23:32] [SUCCESS] bvid=BV1An9NBXEyu 已成功抓取全部所需数据。
[2026-04-08 05:23:37] [SUCCESS] bvid=BV18L9uBkEyN 已成功抓取全部所需数据。
[2026-04-08 05:23:42] [SUCCESS] bvid=BV1F99MBoEcu 已成功抓取全部所需数据。
[2026-04-08 05:23:46] [SUCCESS] bvid=BV1n99MBoEHL 已成功抓取全部所需数据。
[2026-04-08 05:23:52] [SUCCESS] bvid=BV1of9MBpEpb 已成功抓取全部所需数据。
[2026-04-08 05:23:57] [SUCCESS] bvid=BV1cS9MB8EhL 已成功抓取全部所需数据。
[2026-04-08 05:24:02] [SUCCESS] bvid=BV1cD9MBfEsM 已成功抓取全部所需数据。
[2026-04-08 05:24:07] [SUCCESS] bvid=BV1c19PB2Eun 已成功抓取全部所需数据。
[2026-04-08 05:24:12] [SUCCESS] bvid=BV1KB9KBFEX1 已成功抓取全部所需数据。
[2026-04-08 05:24:17] [SUCCESS] bvid=BV1FD9MBfEn5 已成功抓取全部所需数据。
[2026-04-08 05:24:22] [SUCCESS] bvid=BV1FD9MBfEZA 已成功抓取全部所需数据。
[2026-04-08 05:24:27] [SUCCESS] bvid=BV1nD9MBfExT 已成功抓取全部所需数据。
[2026-04-08 05:24:32] [SUCCESS] bvid=BV1jF9uBXEga 已成功抓取全部所需数据。
[2026-04-08 05:24:37] [SUCCESS] bvid=BV1cD9MBfEQj 已成功抓取全部所需数据。
[2026-04-08 05:24:42] [SUCCESS] bvid=BV1of9MBpEiM 已成功抓取全部所需数据。
[2026-04-08 05:24:47] [SUCCESS] bvid=BV1FD9MBfEdo 已成功抓取全部所需数据。
[2026-04-08 05:24:53] [SUCCESS] bvid=BV1cD9MBfEcM 已成功抓取全部所需数据。
[2026-04-08 05:24:58] [SUCCESS] bvid=BV1SP9ABREvt 已成功抓取全部所需数据。
[2026-04-08 05:25:03] [SUCCESS] bvid=BV1Zf9MBpEvD 已成功抓取全部所需数据。
[2026-04-08 05:25:08] [SUCCESS] bvid=BV1Ef9MBWEFh 已成功抓取全部所需数据。
[2026-04-08 05:25:13] [SUCCESS] bvid=BV17f9MBWE3q 已成功抓取全部所需数据。
[2026-04-08 05:25:18] [SUCCESS] bvid=BV17F9uBXELn 已成功抓取全部所需数据。
[2026-04-08 05:25:23] [SUCCESS] bvid=BV1jF9uBXEvj 已成功抓取全部所需数据。
[2026-04-08 05:25:27] [SUCCESS] bvid=BV1oF9uBQE9m 已成功抓取全部所需数据。
[2026-04-08 05:25:32] [SUCCESS] bvid=BV1SM9TBBEZG 已成功抓取全部所需数据。
[2026-04-08 05:25:37] [SUCCESS] bvid=BV14B9KBFEGr 已成功抓取全部所需数据。
[2026-04-08 05:25:42] [SUCCESS] bvid=BV1r49TBxEpd 已成功抓取全部所需数据。
[2026-04-08 05:25:48] [SUCCESS] bvid=BV1ZF9uBQEND 已成功抓取全部所需数据。
[2026-04-08 05:25:53] [SUCCESS] bvid=BV17F9uBXE53 已成功抓取全部所需数据。
[2026-04-08 05:25:58] [SUCCESS] bvid=BV1dF9uBQEUy 已成功抓取全部所需数据。
[2026-04-08 05:26:03] [SUCCESS] bvid=BV1dF9uBQEYV 已成功抓取全部所需数据。
[2026-04-08 05:26:08] [SUCCESS] bvid=BV1fd9MBsEu9 已成功抓取全部所需数据。
[2026-04-08 05:26:13] [SUCCESS] bvid=BV1Bd9MBxEmj 已成功抓取全部所需数据。
[2026-04-08 05:26:18] [SUCCESS] bvid=BV1Ed9MBxEBS 已成功抓取全部所需数据。
[2026-04-08 05:26:23] [SUCCESS] bvid=BV1C49uBPEWa 已成功抓取全部所需数据。
[2026-04-08 05:26:28] [SUCCESS] bvid=BV1Fd9MBxEju 已成功抓取全部所需数据。
[2026-04-08 05:26:33] [SUCCESS] bvid=BV1fd9MBsE1m 已成功抓取全部所需数据。
[2026-04-08 05:26:38] [SUCCESS] bvid=BV1fd9MBsEMd 已成功抓取全部所需数据。
[2026-04-08 05:26:43] [SUCCESS] bvid=BV1wh9uBaEtq 已成功抓取全部所需数据。
[2026-04-08 05:26:48] [SUCCESS] bvid=BV1Bo9MBXE4z 已成功抓取全部所需数据。
[2026-04-08 05:26:53] [SUCCESS] bvid=BV1C49uBPEWS 已成功抓取全部所需数据。
[2026-04-08 05:26:58] [SUCCESS] bvid=BV1vw9TBCEws 已成功抓取全部所需数据。
[2026-04-08 05:27:03] [SUCCESS] bvid=BV1wXXfBqE8F 已成功抓取全部所需数据。
[2026-04-08 05:27:08] [SUCCESS] bvid=BV1CJ9NBpEA8 已成功抓取全部所需数据。
[2026-04-08 05:27:13] [SUCCESS] bvid=BV1A39cBVEdN 已成功抓取全部所需数据。
[2026-04-08 05:27:18] [SUCCESS] bvid=BV1mZXZBVEyR 已成功抓取全部所需数据。
[2026-04-08 05:27:23] [SUCCESS] bvid=BV1kh9uBhEss 已成功抓取全部所需数据。
[2026-04-08 05:27:28] [SUCCESS] bvid=BV1C89uBwETt 已成功抓取全部所需数据。
[2026-04-08 05:27:33] [SUCCESS] bvid=BV1p89uBAE9C 已成功抓取全部所需数据。
[2026-04-08 05:27:38] [SUCCESS] bvid=BV1k89uBwECt 已成功抓取全部所需数据。
[2026-04-08 05:27:43] [SUCCESS] bvid=BV1p89uBcEcc 已成功抓取全部所需数据。
[2026-04-08 05:27:48] [SUCCESS] bvid=BV1g39TBqEVT 已成功抓取全部所需数据。
[2026-04-08 05:27:53] [SUCCESS] bvid=BV1p89uBAEkS 已成功抓取全部所需数据。
[2026-04-08 05:27:58] [SUCCESS] bvid=BV1k89uBwEVe 已成功抓取全部所需数据。
[2026-04-08 05:28:03] [SUCCESS] bvid=BV1k89uBwEhA 已成功抓取全部所需数据。
[2026-04-08 05:28:08] [SUCCESS] bvid=BV1A89uBAEfQ 已成功抓取全部所需数据。
[2026-04-08 05:28:13] [SUCCESS] bvid=BV1w89uBAE4r 已成功抓取全部所需数据。
[2026-04-08 05:28:18] [SUCCESS] bvid=BV1k89uBwEna 已成功抓取全部所需数据。
[2026-04-08 05:28:23] [SUCCESS] bvid=BV1wh9uBaE9j 已成功抓取全部所需数据。
[2026-04-08 05:28:28] [SUCCESS] bvid=BV1PTXfBMEWi 已成功抓取全部所需数据。
[2026-04-08 05:28:33] [SUCCESS] bvid=BV1rk9LB7EtB 已成功抓取全部所需数据。
[2026-04-08 05:28:38] [SUCCESS] bvid=BV1KpXZBuEAS 已成功抓取全部所需数据。
[2026-04-08 05:28:43] [SUCCESS] bvid=BV13W9KBzE7N 已成功抓取全部所需数据。
[2026-04-08 05:28:48] [SUCCESS] bvid=BV1W59WBzErf 已成功抓取全部所需数据。
[2026-04-08 05:28:53] [SUCCESS] bvid=BV1dZ9KBLEWo 已成功抓取全部所需数据。
[2026-04-08 05:28:59] [SUCCESS] bvid=BV16p9ABkEyf 已成功抓取全部所需数据。
[2026-04-08 05:29:04] [SUCCESS] bvid=BV1ZhX9BLEfP 已成功抓取全部所需数据。
[2026-04-08 05:29:09] [SUCCESS] bvid=BV1bg9NB8E79 已成功抓取全部所需数据。
[2026-04-08 05:29:14] [SUCCESS] bvid=BV1EX9KBSEX7 已成功抓取全部所需数据。
[2026-04-08 05:29:19] [SUCCESS] bvid=BV1Cn9NBQEoR 已成功抓取全部所需数据。
[2026-04-08 05:29:24] [SUCCESS] bvid=BV1f1XDBuEtD 已成功抓取全部所需数据。
[2026-04-08 05:29:29] [SUCCESS] bvid=BV1hd9pBQEXd 已成功抓取全部所需数据。
[2026-04-08 05:29:29] [INFO] 当前 batch_crawl 已完成，所有视频均已成功抓取。
[2026-04-08 05:29:29] 子任务结束时间：2026-04-08T05:29:29.426963
[TIMESTAMP][END] 2026-04-08T05:29:29
