[TIMESTAMP][BEGIN] 2026-04-08T07:41:15
[2026-04-08 07:41:17] 开始执行 CSV 批量抓取子任务 part_40。
[2026-04-08 07:41:17] 子任务开始时间：2026-04-08T07:41:15.708942
[2026-04-08 07:41:17] 输入文件：batch_input_40.csv
[2026-04-08 07:41:17] 输入唯一 bvid 数量：100
[2026-04-08 07:41:17] 为严格按 CSV 顺序判断连续失败阈值，本次任务自动将并发度从 2 调整为 1。
[2026-04-08 07:41:23] [SUCCESS] bvid=BV1TnXZBzEsS 已成功抓取全部所需数据。
[2026-04-08 07:41:28] [SUCCESS] bvid=BV1NnXZBzEvK 已成功抓取全部所需数据。
[2026-04-08 07:41:33] [SUCCESS] bvid=BV1KnXZBzEwL 已成功抓取全部所需数据。
[2026-04-08 07:41:38] [SUCCESS] bvid=BV1xnXZBzE6t 已成功抓取全部所需数据。
[2026-04-08 07:41:43] [SUCCESS] bvid=BV1mnXZBzEnB 已成功抓取全部所需数据。
[2026-04-08 07:41:49] [SUCCESS] bvid=BV14pXZBMEFw 已成功抓取全部所需数据。
[2026-04-08 07:41:54] [SUCCESS] bvid=BV1u7XZBrEGp 已成功抓取全部所需数据。
[2026-04-08 07:41:59] [SUCCESS] bvid=BV1T7XZBrE9d 已成功抓取全部所需数据。
[2026-04-08 07:42:04] [SUCCESS] bvid=BV11U9WBLE69 已成功抓取全部所需数据。
[2026-04-08 07:42:07] [ERROR] bvid=BV1z7XfB8Ekg 抓取失败：comment: 接口返回错误代码：12061，信息：UP主已关闭评论区。
{'code': 12061, 'message': 'UP主已关闭评论区', 'ttl': 1}
[2026-04-08 07:42:07] [ERROR] bvid=BV1M7XZBrEdN 抓取失败：stat: 接口返回错误代码：62012，信息：62012。
{'code': 62012, 'message': '62012', 'ttl': 1} | comment: 接口返回错误代码：62012，信息：62012。
{'code': 62012, 'message': '62012', 'ttl': 1}
[2026-04-08 07:42:12] [SUCCESS] bvid=BV1T7XZBrEYD 已成功抓取全部所需数据。
[2026-04-08 07:42:17] [SUCCESS] bvid=BV1tJXZBgEdG 已成功抓取全部所需数据。
[2026-04-08 07:42:22] [SUCCESS] bvid=BV14JXZBgEJV 已成功抓取全部所需数据。
[2026-04-08 07:42:28] [SUCCESS] bvid=BV1tJXZBgE8a 已成功抓取全部所需数据。
[2026-04-08 07:42:33] [SUCCESS] bvid=BV1KJXZBgE5t 已成功抓取全部所需数据。
[2026-04-08 07:42:38] [SUCCESS] bvid=BV1kzQZBYE6Q 已成功抓取全部所需数据。
[2026-04-08 07:42:43] [SUCCESS] bvid=BV1tJXZBgE79 已成功抓取全部所需数据。
[2026-04-08 07:42:48] [SUCCESS] bvid=BV1R2XZBQEio 已成功抓取全部所需数据。
[2026-04-08 07:42:53] [SUCCESS] bvid=BV12cXfBGEZy 已成功抓取全部所需数据。
[2026-04-08 07:42:58] [SUCCESS] bvid=BV165XfBaErz 已成功抓取全部所需数据。
[2026-04-08 07:43:03] [SUCCESS] bvid=BV19H97BzEKT 已成功抓取全部所需数据。
[2026-04-08 07:43:08] [SUCCESS] bvid=BV1Vr9EB1EXg 已成功抓取全部所需数据。
[2026-04-08 07:43:13] [SUCCESS] bvid=BV1A3XfBvEW9 已成功抓取全部所需数据。
[2026-04-08 07:43:19] [SUCCESS] bvid=BV1vsXfBREJb 已成功抓取全部所需数据。
[2026-04-08 07:43:24] [SUCCESS] bvid=BV1gk9WBnEEP 已成功抓取全部所需数据。
[2026-04-08 07:43:29] [SUCCESS] bvid=BV1tP9WBjEnB 已成功抓取全部所需数据。
[2026-04-08 07:43:34] [SUCCESS] bvid=BV1QUXZBJEqD 已成功抓取全部所需数据。
[2026-04-08 07:43:40] [SUCCESS] bvid=BV1tkXfBVE5a 已成功抓取全部所需数据。
[2026-04-08 07:43:45] [SUCCESS] bvid=BV1XQXZBEETH 已成功抓取全部所需数据。
[2026-04-08 07:43:50] [SUCCESS] bvid=BV1QXXZB2ETv 已成功抓取全部所需数据。
[2026-04-08 07:43:55] [SUCCESS] bvid=BV1GQXZBEEbo 已成功抓取全部所需数据。
[2026-04-08 07:44:00] [SUCCESS] bvid=BV1A3XfBvEjw 已成功抓取全部所需数据。
[2026-04-08 07:44:06] [SUCCESS] bvid=BV1QQXZB7EyC 已成功抓取全部所需数据。
[2026-04-08 07:44:11] [SUCCESS] bvid=BV1URXZBLECN 已成功抓取全部所需数据。
[2026-04-08 07:44:16] [SUCCESS] bvid=BV1sV9WBgEsU 已成功抓取全部所需数据。
[2026-04-08 07:44:21] [SUCCESS] bvid=BV1gXXZBmEUF 已成功抓取全部所需数据。
[2026-04-08 07:44:26] [SUCCESS] bvid=BV1YUXZBnEJU 已成功抓取全部所需数据。
[2026-04-08 07:44:31] [SUCCESS] bvid=BV19UXZBJEDw 已成功抓取全部所需数据。
[2026-04-08 07:44:36] [SUCCESS] bvid=BV1XSXZBSETr 已成功抓取全部所需数据。
[2026-04-08 07:44:41] [SUCCESS] bvid=BV1YSXZBSEdU 已成功抓取全部所需数据。
[2026-04-08 07:44:47] [SUCCESS] bvid=BV1ZN9sBeEiR 已成功抓取全部所需数据。
[2026-04-08 07:44:52] [SUCCESS] bvid=BV1QYXfBJEHt 已成功抓取全部所需数据。
[2026-04-08 07:44:52] [ERROR] bvid=BV1GSXZBSE4Q 抓取失败：stat: 接口返回错误代码：62012，信息：62012。
{'code': 62012, 'message': '62012', 'ttl': 1} | comment: 接口返回错误代码：62012，信息：62012。
{'code': 62012, 'message': '62012', 'ttl': 1}
[2026-04-08 07:44:57] [SUCCESS] bvid=BV1UZXZBVEGT 已成功抓取全部所需数据。
[2026-04-08 07:44:58] [ERROR] bvid=BV1uZXZB5ENh 抓取失败：stat: 接口返回错误代码：62012，信息：62012。
{'code': 62012, 'message': '62012', 'ttl': 1} | comment: 接口返回错误代码：62012，信息：62012。
{'code': 62012, 'message': '62012', 'ttl': 1}
[2026-04-08 07:45:03] [SUCCESS] bvid=BV1SdXZByEUr 已成功抓取全部所需数据。
[2026-04-08 07:45:08] [SUCCESS] bvid=BV1SZXZBVEu7 已成功抓取全部所需数据。
[2026-04-08 07:45:13] [SUCCESS] bvid=BV1UZXZBVEPV 已成功抓取全部所需数据。
[2026-04-08 07:45:19] [SUCCESS] bvid=BV1mZXZBVE2e 已成功抓取全部所需数据。
[2026-04-08 07:45:26] [SUCCESS] bvid=BV1MZXZB5EeS 已成功抓取全部所需数据。
[2026-04-08 07:45:31] [SUCCESS] bvid=BV1UZXZBVEq8 已成功抓取全部所需数据。
[2026-04-08 07:45:36] [SUCCESS] bvid=BV1UZXZBVE5J 已成功抓取全部所需数据。
[2026-04-08 07:45:42] [SUCCESS] bvid=BV13R9pBpEoG 已成功抓取全部所需数据。
[2026-04-08 07:45:47] [SUCCESS] bvid=BV1uZXZB5Ez1 已成功抓取全部所需数据。
[2026-04-08 07:45:52] [SUCCESS] bvid=BV1UfXZBkEaJ 已成功抓取全部所需数据。
[2026-04-08 07:45:57] [SUCCESS] bvid=BV1o6XZBREZr 已成功抓取全部所需数据。
[2026-04-08 07:46:02] [SUCCESS] bvid=BV1SRXZBLEjK 已成功抓取全部所需数据。
[2026-04-08 07:46:07] [SUCCESS] bvid=BV1DRXZBLE8U 已成功抓取全部所需数据。
[2026-04-08 07:46:12] [SUCCESS] bvid=BV18RXZBjEbK 已成功抓取全部所需数据。
[2026-04-08 07:46:17] [SUCCESS] bvid=BV1DRXZBLEvY 已成功抓取全部所需数据。
[2026-04-08 07:46:22] [SUCCESS] bvid=BV1DRXZBLE7k 已成功抓取全部所需数据。
[2026-04-08 07:46:28] [SUCCESS] bvid=BV1ZzXZBxErs 已成功抓取全部所需数据。
[2026-04-08 07:46:33] [SUCCESS] bvid=BV1GtXeB2E3v 已成功抓取全部所需数据。
[2026-04-08 07:46:38] [SUCCESS] bvid=BV15XXTB1E3f 已成功抓取全部所需数据。
[2026-04-08 07:46:43] [SUCCESS] bvid=BV1kVXfBAEnT 已成功抓取全部所需数据。
[2026-04-08 07:46:49] [SUCCESS] bvid=BV1Rn97BgErU 已成功抓取全部所需数据。
[2026-04-08 07:46:53] [SUCCESS] bvid=BV1bdXZB1ESC 已成功抓取全部所需数据。
[2026-04-08 07:46:58] [SUCCESS] bvid=BV1udXZB1EUh 已成功抓取全部所需数据。
[2026-04-08 07:47:03] [SUCCESS] bvid=BV1ZzXZBxEUa 已成功抓取全部所需数据。
[2026-04-08 07:47:08] [SUCCESS] bvid=BV1BzXZB4E28 已成功抓取全部所需数据。
[2026-04-08 07:47:13] [SUCCESS] bvid=BV1ZzXZBxEtp 已成功抓取全部所需数据。
[2026-04-08 07:47:18] [SUCCESS] bvid=BV1o6XZBRERN 已成功抓取全部所需数据。
[2026-04-08 07:47:23] [SUCCESS] bvid=BV1EiXZBbE7T 已成功抓取全部所需数据。
[2026-04-08 07:47:28] [SUCCESS] bvid=BV1L6XZBdECz 已成功抓取全部所需数据。
[2026-04-08 07:47:34] [SUCCESS] bvid=BV1JiXZBbE6p 已成功抓取全部所需数据。
[2026-04-08 07:47:39] [SUCCESS] bvid=BV1JiXZBbERH 已成功抓取全部所需数据。
[2026-04-08 07:47:44] [SUCCESS] bvid=BV1KwXfBrEGf 已成功抓取全部所需数据。
[2026-04-08 07:47:49] [SUCCESS] bvid=BV1R1XZBHEkj 已成功抓取全部所需数据。
[2026-04-08 07:47:54] [SUCCESS] bvid=BV1R1XZBHEQ4 已成功抓取全部所需数据。
[2026-04-08 07:48:00] [SUCCESS] bvid=BV191XZBHE8a 已成功抓取全部所需数据。
[2026-04-08 07:48:05] [SUCCESS] bvid=BV11S9WByEF7 已成功抓取全部所需数据。
[2026-04-08 07:48:10] [SUCCESS] bvid=BV1FjXfBwEkF 已成功抓取全部所需数据。
[2026-04-08 07:48:15] [SUCCESS] bvid=BV1X2XZBDE2X 已成功抓取全部所需数据。
[2026-04-08 07:48:20] [SUCCESS] bvid=BV1X2XZBDEpb 已成功抓取全部所需数据。
[2026-04-08 07:48:25] [SUCCESS] bvid=BV1dkXZBWELT 已成功抓取全部所需数据。
[2026-04-08 07:48:30] [SUCCESS] bvid=BV192XZBDExj 已成功抓取全部所需数据。
[2026-04-08 07:48:35] [SUCCESS] bvid=BV1VXXDBeE7w 已成功抓取全部所需数据。
[2026-04-08 07:48:40] [SUCCESS] bvid=BV1F4XMBpEGu 已成功抓取全部所需数据。
[2026-04-08 07:48:45] [SUCCESS] bvid=BV1naXWBPEqS 已成功抓取全部所需数据。
[2026-04-08 07:48:50] [SUCCESS] bvid=BV1v39sB8Ejk 已成功抓取全部所需数据。
[2026-04-08 07:48:55] [SUCCESS] bvid=BV12cXfB3EhE 已成功抓取全部所需数据。
[2026-04-08 07:49:17] [SUCCESS] bvid=BV17kXZBsE3L 已成功抓取全部所需数据。
[2026-04-08 07:49:22] [SUCCESS] bvid=BV1dkXZBWEvR 已成功抓取全部所需数据。
[2026-04-08 07:49:27] [SUCCESS] bvid=BV1dCXZBXExu 已成功抓取全部所需数据。
[2026-04-08 07:49:32] [SUCCESS] bvid=BV1LCXZB9E9S 已成功抓取全部所需数据。
[2026-04-08 07:49:38] [SUCCESS] bvid=BV1dCXZBXEzg 已成功抓取全部所需数据。
[2026-04-08 07:49:43] [SUCCESS] bvid=BV1LCXZB9Evh 已成功抓取全部所需数据。
[2026-04-08 07:49:48] [SUCCESS] bvid=BV1RCXZBXE54 已成功抓取全部所需数据。
[2026-04-08 07:49:53] [SUCCESS] bvid=BV1z7XfB8EQq 已成功抓取全部所需数据。
[2026-04-08 07:49:53] [WARN] 当前子任务已结束，但仍有未成功抓取的视频，已导出 remaining CSV 供继续执行。
[2026-04-08 07:49:53] [INFO] 已导出剔除成功条目后的剩余 CSV：D:\Schoolworks\Thesis\Bilibili-Datahub\outputs\video_data\manual_crawls\manual_crawl_stat_comment_20260407_223150\remaining_bvids_part_40.csv
[2026-04-08 07:49:53] 子任务结束时间：2026-04-08T07:49:53.799132
[TIMESTAMP][END] 2026-04-08T07:49:53
