[TIMESTAMP][BEGIN] 2026-04-08T02:59:48
[2026-04-08 02:59:51] 开始执行 CSV 批量抓取子任务 part_18。
[2026-04-08 02:59:51] 子任务开始时间：2026-04-08T02:59:48.836953
[2026-04-08 02:59:51] 输入文件：batch_input_18.csv
[2026-04-08 02:59:51] 输入唯一 bvid 数量：100
[2026-04-08 02:59:51] 为严格按 CSV 顺序判断连续失败阈值，本次任务自动将并发度从 2 调整为 1。
[2026-04-08 02:59:56] [SUCCESS] bvid=BV1AWDuBxECr 已成功抓取全部所需数据。
[2026-04-08 03:00:01] [SUCCESS] bvid=BV1NEDuBfE4g 已成功抓取全部所需数据。
[2026-04-08 03:00:06] [SUCCESS] bvid=BV1snDuBtE4K 已成功抓取全部所需数据。
[2026-04-08 03:00:11] [SUCCESS] bvid=BV1NnDuBtEhM 已成功抓取全部所需数据。
[2026-04-08 03:00:16] [SUCCESS] bvid=BV1NnDuBtEaY 已成功抓取全部所需数据。
[2026-04-08 03:00:21] [SUCCESS] bvid=BV1NnDuBtEuQ 已成功抓取全部所需数据。
[2026-04-08 03:00:26] [SUCCESS] bvid=BV1ynDuBtEG2 已成功抓取全部所需数据。
[2026-04-08 03:00:30] [SUCCESS] bvid=BV1PnDuBtEYr 已成功抓取全部所需数据。
[2026-04-08 03:00:35] [SUCCESS] bvid=BV1kNDgB4E4D 已成功抓取全部所需数据。
[2026-04-08 03:00:41] [SUCCESS] bvid=BV1aNDuBBE2H 已成功抓取全部所需数据。
[2026-04-08 03:00:46] [SUCCESS] bvid=BV1aNDuBBEDA 已成功抓取全部所需数据。
[2026-04-08 03:00:51] [SUCCESS] bvid=BV1YcDuB3Emd 已成功抓取全部所需数据。
[2026-04-08 03:00:56] [SUCCESS] bvid=BV1sVDTBsEaa 已成功抓取全部所需数据。
[2026-04-08 03:01:01] [SUCCESS] bvid=BV1ggDuBNEJD 已成功抓取全部所需数据。
[2026-04-08 03:01:06] [SUCCESS] bvid=BV1M3DuBeEDm 已成功抓取全部所需数据。
[2026-04-08 03:01:11] [SUCCESS] bvid=BV1b3DuBeEoN 已成功抓取全部所需数据。
[2026-04-08 03:01:16] [SUCCESS] bvid=BV1S3DuBeEhZ 已成功抓取全部所需数据。
[2026-04-08 03:01:21] [SUCCESS] bvid=BV1hMDuBiE4G 已成功抓取全部所需数据。
[2026-04-08 03:01:26] [SUCCESS] bvid=BV15kDuBVEU9 已成功抓取全部所需数据。
[2026-04-08 03:01:31] [SUCCESS] bvid=BV1R6DuBCEBR 已成功抓取全部所需数据。
[2026-04-08 03:01:36] [SUCCESS] bvid=BV1R6DuBCEoE 已成功抓取全部所需数据。
[2026-04-08 03:01:41] [SUCCESS] bvid=BV1dqDuB1E7r 已成功抓取全部所需数据。
[2026-04-08 03:01:46] [SUCCESS] bvid=BV1dqDuB1Eq5 已成功抓取全部所需数据。
[2026-04-08 03:01:51] [SUCCESS] bvid=BV1oqDuB1EPb 已成功抓取全部所需数据。
[2026-04-08 03:01:55] [SUCCESS] bvid=BV1G2DuB6Etw 已成功抓取全部所需数据。
[2026-04-08 03:02:00] [SUCCESS] bvid=BV1Q2DuBzEcY 已成功抓取全部所需数据。
[2026-04-08 03:02:05] [SUCCESS] bvid=BV1G2DuB6Ej5 已成功抓取全部所需数据。
[2026-04-08 03:02:10] [SUCCESS] bvid=BV132DuB6Ezt 已成功抓取全部所需数据。
[2026-04-08 03:02:16] [SUCCESS] bvid=BV1X2DuBzEJe 已成功抓取全部所需数据。
[2026-04-08 03:02:21] [SUCCESS] bvid=BV1gUDuBuEwM 已成功抓取全部所需数据。
[2026-04-08 03:02:26] [SUCCESS] bvid=BV1aUDuBuEWf 已成功抓取全部所需数据。
[2026-04-08 03:02:31] [SUCCESS] bvid=BV1wKDgBoEwi 已成功抓取全部所需数据。
[2026-04-08 03:02:36] [SUCCESS] bvid=BV11zXCBFELq 已成功抓取全部所需数据。
[2026-04-08 03:02:41] [SUCCESS] bvid=BV1SSDuBqE6S 已成功抓取全部所需数据。
[2026-04-08 03:02:46] [SUCCESS] bvid=BV1a1DuB3E4o 已成功抓取全部所需数据。
[2026-04-08 03:02:51] [SUCCESS] bvid=BV191DuBgEck 已成功抓取全部所需数据。
[2026-04-08 03:02:56] [SUCCESS] bvid=BV191DuBgEcg 已成功抓取全部所需数据。
[2026-04-08 03:03:03] [SUCCESS] bvid=BV1ctDuBXE6D 已成功抓取全部所需数据。
[2026-04-08 03:03:08] [SUCCESS] bvid=BV1FtDuBXEJB 已成功抓取全部所需数据。
[2026-04-08 03:03:13] [SUCCESS] bvid=BV1n8DuBHEHz 已成功抓取全部所需数据。
[2026-04-08 03:03:18] [SUCCESS] bvid=BV1FtDuBXEdx 已成功抓取全部所需数据。
[2026-04-08 03:03:24] [SUCCESS] bvid=BV1ctDuBXEG5 已成功抓取全部所需数据。
[2026-04-08 03:03:29] [SUCCESS] bvid=BV1wtDuBXETj 已成功抓取全部所需数据。
[2026-04-08 03:03:34] [SUCCESS] bvid=BV1wtDuBXEKx 已成功抓取全部所需数据。
[2026-04-08 03:03:39] [SUCCESS] bvid=BV1FtDuBXEfF 已成功抓取全部所需数据。
[2026-04-08 03:03:45] [SUCCESS] bvid=BV1F8DuBHEPM 已成功抓取全部所需数据。
[2026-04-08 03:03:50] [SUCCESS] bvid=BV1n8DuBHEgp 已成功抓取全部所需数据。
[2026-04-08 03:03:55] [SUCCESS] bvid=BV1HsDuBREiR 已成功抓取全部所需数据。
[2026-04-08 03:04:00] [SUCCESS] bvid=BV1wsDuBREGG 已成功抓取全部所需数据。
[2026-04-08 03:04:05] [SUCCESS] bvid=BV1AsDuBREaH 已成功抓取全部所需数据。
[2026-04-08 03:04:10] [SUCCESS] bvid=BV1AsDuBREFY 已成功抓取全部所需数据。
[2026-04-08 03:04:15] [SUCCESS] bvid=BV1psDuBRE4R 已成功抓取全部所需数据。
[2026-04-08 03:04:21] [SUCCESS] bvid=BV1csDuBRE2x 已成功抓取全部所需数据。
[2026-04-08 03:04:25] [SUCCESS] bvid=BV1AsDuBRE5Y 已成功抓取全部所需数据。
[2026-04-08 03:04:30] [SUCCESS] bvid=BV1psDuBREQZ 已成功抓取全部所需数据。
[2026-04-08 03:04:35] [SUCCESS] bvid=BV1oeDuBmE8X 已成功抓取全部所需数据。
[2026-04-08 03:04:41] [SUCCESS] bvid=BV1p4DuBWETz 已成功抓取全部所需数据。
[2026-04-08 03:04:46] [SUCCESS] bvid=BV1BeDuBUEVr 已成功抓取全部所需数据。
[2026-04-08 03:04:51] [SUCCESS] bvid=BV1ZeDuBmE7u 已成功抓取全部所需数据。
[2026-04-08 03:04:56] [SUCCESS] bvid=BV1oeDuBmE4z 已成功抓取全部所需数据。
[2026-04-08 03:05:01] [SUCCESS] bvid=BV1ZeDuBmEY7 已成功抓取全部所需数据。
[2026-04-08 03:05:07] [SUCCESS] bvid=BV17iDuB7EPB 已成功抓取全部所需数据。
[2026-04-08 03:05:12] [SUCCESS] bvid=BV1jiDuB7E5v 已成功抓取全部所需数据。
[2026-04-08 03:05:17] [SUCCESS] bvid=BV1dgDKBqEyV 已成功抓取全部所需数据。
[2026-04-08 03:05:22] [SUCCESS] bvid=BV1EhDuBDE4p 已成功抓取全部所需数据。
[2026-04-08 03:05:27] [SUCCESS] bvid=BV1FhDuBQEdW 已成功抓取全部所需数据。
[2026-04-08 03:05:33] [SUCCESS] bvid=BV1FGDgBXEEz 已成功抓取全部所需数据。
[2026-04-08 03:05:38] [SUCCESS] bvid=BV1CNDgB4ECj 已成功抓取全部所需数据。
[2026-04-08 03:15:41] [ERROR] bvid=BV1nKDgBoEQp 抓取失败：stat: Timeout of 600.0s exceeded, last exception: HTTPSConnectionPool(host='bigquery.googleapis.com', port=443): Max retries exceeded with url: /bigquery/v2/projects/bilibili-m2s2vp-research/datasets/bili_video_stream_data_test_2?prettyPrint=false (Caused by ProxyError('Unable to connect to proxy', RemoteDisconnected('Remote end closed connection without response')))
[2026-04-08 03:15:47] [SUCCESS] bvid=BV1rKDgBdEsi 已成功抓取全部所需数据。
[2026-04-08 03:15:52] [SUCCESS] bvid=BV1rKDgBdEWi 已成功抓取全部所需数据。
[2026-04-08 03:15:57] [SUCCESS] bvid=BV1CwDgBbEDL 已成功抓取全部所需数据。
[2026-04-08 03:16:02] [SUCCESS] bvid=BV1ywDgBbEM6 已成功抓取全部所需数据。
[2026-04-08 03:16:08] [SUCCESS] bvid=BV1CADgBZEqs 已成功抓取全部所需数据。
[2026-04-08 03:16:13] [SUCCESS] bvid=BV1CADgBZEWm 已成功抓取全部所需数据。
[2026-04-08 03:16:24] [SUCCESS] bvid=BV1zGDgBQEao 已成功抓取全部所需数据。
[2026-04-08 03:16:30] [SUCCESS] bvid=BV1Ge9gBEEg6 已成功抓取全部所需数据。
[2026-04-08 03:16:35] [SUCCESS] bvid=BV1wY9uBcELJ 已成功抓取全部所需数据。
[2026-04-08 03:16:39] [SUCCESS] bvid=BV1qgDKBqE1g 已成功抓取全部所需数据。
[2026-04-08 03:16:40] [ERROR] bvid=BV12dDuBYE9w 抓取失败：stat: 接口返回错误代码：62002，信息：稿件不可见。
{'code': 62002, 'message': '稿件不可见', 'ttl': 1} | comment: 接口返回错误代码：62002，信息：稿件不可见。
{'code': 62002, 'message': '稿件不可见', 'ttl': 1}
[2026-04-08 03:16:45] [SUCCESS] bvid=BV1FGDgBXEjB 已成功抓取全部所需数据。
[2026-04-08 03:16:50] [SUCCESS] bvid=BV1FGDgBXE7y 已成功抓取全部所需数据。
[2026-04-08 03:16:55] [SUCCESS] bvid=BV1nuDgBREJE 已成功抓取全部所需数据。
[2026-04-08 03:17:00] [SUCCESS] bvid=BV16uDgB9Ef3 已成功抓取全部所需数据。
[2026-04-08 03:17:03] [ERROR] bvid=BV1rMDgBsER4 抓取失败：comment: 接口返回错误代码：12061，信息：UP主已关闭评论区。
{'code': 12061, 'message': 'UP主已关闭评论区', 'ttl': 1}
[2026-04-08 03:17:08] [SUCCESS] bvid=BV11ZDuBwE3Q 已成功抓取全部所需数据。
[2026-04-08 03:17:13] [SUCCESS] bvid=BV1nuDgBREpt 已成功抓取全部所需数据。
[2026-04-08 03:17:18] [SUCCESS] bvid=BV16uDgB9EAW 已成功抓取全部所需数据。
[2026-04-08 03:17:23] [SUCCESS] bvid=BV1hSDuBBEBG 已成功抓取全部所需数据。
[2026-04-08 03:17:28] [SUCCESS] bvid=BV1MXDuBiEiX 已成功抓取全部所需数据。
[2026-04-08 03:17:33] [SUCCESS] bvid=BV1hgX5B4E2N 已成功抓取全部所需数据。
[2026-04-08 03:17:38] [SUCCESS] bvid=BV1bXDuBiERN 已成功抓取全部所需数据。
[2026-04-08 03:17:43] [SUCCESS] bvid=BV1URDuBPEEN 已成功抓取全部所需数据。
[2026-04-08 03:17:48] [SUCCESS] bvid=BV1bRDuBNEDZ 已成功抓取全部所需数据。
[2026-04-08 03:17:52] [SUCCESS] bvid=BV1bRDuBNErv 已成功抓取全部所需数据。
[2026-04-08 03:17:57] [SUCCESS] bvid=BV1DSDuBqEJT 已成功抓取全部所需数据。
[2026-04-08 03:18:02] [SUCCESS] bvid=BV1DSDuBqEXa 已成功抓取全部所需数据。
[2026-04-08 03:18:08] [SUCCESS] bvid=BV1DSDuBqEqT 已成功抓取全部所需数据。
[2026-04-08 03:18:13] [SUCCESS] bvid=BV1gQDuBTEBb 已成功抓取全部所需数据。
[2026-04-08 03:18:18] [SUCCESS] bvid=BV1DSDuBqEXN 已成功抓取全部所需数据。
[2026-04-08 03:18:18] [WARN] 当前子任务已结束，但仍有未成功抓取的视频，已导出 remaining CSV 供继续执行。
[2026-04-08 03:18:18] [INFO] 已导出剔除成功条目后的剩余 CSV：D:\Schoolworks\Thesis\Bilibili-Datahub\outputs\video_data\manual_crawls\manual_crawl_stat_comment_20260407_223150\remaining_bvids_part_18.csv
[2026-04-08 03:18:18] 子任务结束时间：2026-04-08T03:18:18.067850
[TIMESTAMP][END] 2026-04-08T03:18:18
