[TIMESTAMP][BEGIN] 2026-04-08T00:58:15
[2026-04-08 00:58:17] 开始执行 CSV 批量抓取子任务 part_11。
[2026-04-08 00:58:17] 子任务开始时间：2026-04-08T00:58:15.380564
[2026-04-08 00:58:17] 输入文件：batch_input_11.csv
[2026-04-08 00:58:17] 输入唯一 bvid 数量：100
[2026-04-08 00:58:17] 为严格按 CSV 顺序判断连续失败阈值，本次任务自动将并发度从 2 调整为 1。
[2026-04-08 00:58:22] [SUCCESS] bvid=BV1u7SDBmEPP 已成功抓取全部所需数据。
[2026-04-08 00:58:28] [SUCCESS] bvid=BV1gVSDBnEiD 已成功抓取全部所需数据。
[2026-04-08 00:58:33] [SUCCESS] bvid=BV1U5SDBUEZj 已成功抓取全部所需数据。
[2026-04-08 00:58:39] [SUCCESS] bvid=BV1hVSDBnEti 已成功抓取全部所需数据。
[2026-04-08 00:58:44] [SUCCESS] bvid=BV13VSDBnERk 已成功抓取全部所需数据。
[2026-04-08 00:58:44] [ERROR] bvid=BV11pSDBVEUA 抓取失败：stat: 接口返回错误代码：-404，信息：啥都木有。
{'code': -404, 'message': '啥都木有', 'ttl': 1} | comment: 接口返回错误代码：-404，信息：啥都木有。
{'code': -404, 'message': '啥都木有', 'ttl': 1}
[2026-04-08 00:58:49] [SUCCESS] bvid=BV12pSDBVEGF 已成功抓取全部所需数据。
[2026-04-08 00:58:55] [SUCCESS] bvid=BV1Q5SDBUE3W 已成功抓取全部所需数据。
[2026-04-08 00:59:00] [SUCCESS] bvid=BV11WSDBkEYK 已成功抓取全部所需数据。
[2026-04-08 00:59:05] [SUCCESS] bvid=BV1eTSDBsE7j 已成功抓取全部所需数据。
[2026-04-08 00:59:10] [SUCCESS] bvid=BV1na9EBQEKU 已成功抓取全部所需数据。
[2026-04-08 00:59:15] [SUCCESS] bvid=BV1bdSDBDEaC 已成功抓取全部所需数据。
[2026-04-08 00:59:20] [SUCCESS] bvid=BV1mJSDBLEs6 已成功抓取全部所需数据。
[2026-04-08 00:59:25] [SUCCESS] bvid=BV1bJSDBjEPS 已成功抓取全部所需数据。
[2026-04-08 00:59:31] [SUCCESS] bvid=BV1bnSDB1EG8 已成功抓取全部所需数据。
[2026-04-08 00:59:36] [SUCCESS] bvid=BV1mnSDByEDr 已成功抓取全部所需数据。
[2026-04-08 00:59:41] [SUCCESS] bvid=BV1jPSDB4ENo 已成功抓取全部所需数据。
[2026-04-08 00:59:46] [SUCCESS] bvid=BV1mnSDByEcE 已成功抓取全部所需数据。
[2026-04-08 00:59:51] [SUCCESS] bvid=BV1RPSDBxEbi 已成功抓取全部所需数据。
[2026-04-08 00:59:57] [SUCCESS] bvid=BV1RPSDBxEDX 已成功抓取全部所需数据。
[2026-04-08 01:00:02] [SUCCESS] bvid=BV1oPSDBxEwH 已成功抓取全部所需数据。
[2026-04-08 01:00:07] [SUCCESS] bvid=BV1iPSDB4Emg 已成功抓取全部所需数据。
[2026-04-08 01:00:13] [SUCCESS] bvid=BV1dcSDBtEpZ 已成功抓取全部所需数据。
[2026-04-08 01:00:18] [SUCCESS] bvid=BV1ocSDBtEcn 已成功抓取全部所需数据。
[2026-04-08 01:00:24] [SUCCESS] bvid=BV17cSDBbEGd 已成功抓取全部所需数据。
[2026-04-08 01:00:29] [SUCCESS] bvid=BV1ZcSDBtETj 已成功抓取全部所需数据。
[2026-04-08 01:00:35] [SUCCESS] bvid=BV19gSDBHEM3 已成功抓取全部所需数据。
[2026-04-08 01:00:40] [SUCCESS] bvid=BV19gSDBHEMq 已成功抓取全部所需数据。
[2026-04-08 01:00:45] [SUCCESS] bvid=BV1xTSQBVEkC 已成功抓取全部所需数据。
[2026-04-08 01:00:51] [SUCCESS] bvid=BV1X3SDBDE4R 已成功抓取全部所需数据。
[2026-04-08 01:00:56] [SUCCESS] bvid=BV1G3SDBQEdD 已成功抓取全部所需数据。
[2026-04-08 01:01:01] [SUCCESS] bvid=BV1G3SDBQEsm 已成功抓取全部所需数据。
[2026-04-08 01:01:07] [SUCCESS] bvid=BV1ikSDB8ERg 已成功抓取全部所需数据。
[2026-04-08 01:01:12] [SUCCESS] bvid=BV1VMSDB9Ee1 已成功抓取全部所需数据。
[2026-04-08 01:01:17] [SUCCESS] bvid=BV15MSDB9EcY 已成功抓取全部所需数据。
[2026-04-08 01:01:23] [SUCCESS] bvid=BV1XMSDBXEpV 已成功抓取全部所需数据。
[2026-04-08 01:01:28] [SUCCESS] bvid=BV1VMSDB9EgK 已成功抓取全部所需数据。
[2026-04-08 01:01:33] [SUCCESS] bvid=BV1orSDBcESP 已成功抓取全部所需数据。
[2026-04-08 01:01:39] [SUCCESS] bvid=BV1qrSDBcEGM 已成功抓取全部所需数据。
[2026-04-08 01:01:44] [SUCCESS] bvid=BV1frSDBcEM9 已成功抓取全部所需数据。
[2026-04-08 01:01:49] [SUCCESS] bvid=BV1ZkSDB8ECY 已成功抓取全部所需数据。
[2026-04-08 01:01:55] [SUCCESS] bvid=BV1qrSDBcESh 已成功抓取全部所需数据。
[2026-04-08 01:02:00] [SUCCESS] bvid=BV1fBSDBAEfs 已成功抓取全部所需数据。
[2026-04-08 01:02:06] [SUCCESS] bvid=BV1fzSDBaEx2 已成功抓取全部所需数据。
[2026-04-08 01:02:11] [SUCCESS] bvid=BV1waSDBMEHE 已成功抓取全部所需数据。
[2026-04-08 01:02:17] [SUCCESS] bvid=BV1sKSSBKEK8 已成功抓取全部所需数据。
[2026-04-08 01:02:22] [SUCCESS] bvid=BV1v1SDBtEEB 已成功抓取全部所需数据。
[2026-04-08 01:02:28] [SUCCESS] bvid=BV18QXYB3EEx 已成功抓取全部所需数据。
[2026-04-08 01:02:33] [SUCCESS] bvid=BV1R2SDBoEKj 已成功抓取全部所需数据。
[2026-04-08 01:02:38] [SUCCESS] bvid=BV1R2SDBoEqz 已成功抓取全部所需数据。
[2026-04-08 01:02:44] [SUCCESS] bvid=BV192SDBoEHr 已成功抓取全部所需数据。
[2026-04-08 01:02:49] [SUCCESS] bvid=BV1eUSDBxE3b 已成功抓取全部所需数据。
[2026-04-08 01:02:54] [SUCCESS] bvid=BV1eUSDBxEPW 已成功抓取全部所需数据。
[2026-04-08 01:02:59] [SUCCESS] bvid=BV18Q9TBuEr6 已成功抓取全部所需数据。
[2026-04-08 01:03:04] [SUCCESS] bvid=BV15USDB4EQU 已成功抓取全部所需数据。
[2026-04-08 01:03:10] [SUCCESS] bvid=BV1qCSDBfEAe 已成功抓取全部所需数据。
[2026-04-08 01:03:15] [SUCCESS] bvid=BV1oCSDBfE4t 已成功抓取全部所需数据。
[2026-04-08 01:13:19] [ERROR] bvid=BV11xSDB3Ekc 抓取失败：stat: Timeout of 600.0s exceeded, last exception: HTTPSConnectionPool(host='bigquery.googleapis.com', port=443): Max retries exceeded with url: /bigquery/v2/projects/bilibili-m2s2vp-research/datasets?prettyPrint=false (Caused by ProxyError('Unable to connect to proxy', RemoteDisconnected('Remote end closed connection without response')))
[2026-04-08 01:13:25] [SUCCESS] bvid=BV1U5X5B9ERD 已成功抓取全部所需数据。
[2026-04-08 01:13:30] [SUCCESS] bvid=BV1L1SDBbEtv 已成功抓取全部所需数据。
[2026-04-08 01:13:35] [SUCCESS] bvid=BV1L1SDBbEEe 已成功抓取全部所需数据。
[2026-04-08 01:13:40] [SUCCESS] bvid=BV1CbSDBuEGe 已成功抓取全部所需数据。
[2026-04-08 01:13:45] [SUCCESS] bvid=BV1AbSDBgEse 已成功抓取全部所需数据。
[2026-04-08 01:13:51] [SUCCESS] bvid=BV12xSDB3EuT 已成功抓取全部所需数据。
[2026-04-08 01:13:56] [SUCCESS] bvid=BV1yxSDB3EaW 已成功抓取全部所需数据。
[2026-04-08 01:14:02] [SUCCESS] bvid=BV11xSDB3EBf 已成功抓取全部所需数据。
[2026-04-08 01:14:07] [SUCCESS] bvid=BV1NxSDBGEGL 已成功抓取全部所需数据。
[2026-04-08 01:14:12] [SUCCESS] bvid=BV11xSDB3EUG 已成功抓取全部所需数据。
[2026-04-08 01:14:18] [SUCCESS] bvid=BV19SSDBREmo 已成功抓取全部所需数据。
[2026-04-08 01:14:23] [SUCCESS] bvid=BV1N4SDBrEVM 已成功抓取全部所需数据。
[2026-04-08 01:14:28] [SUCCESS] bvid=BV16vSDBNEhq 已成功抓取全部所需数据。
[2026-04-08 01:14:34] [SUCCESS] bvid=BV1rvSDBNEYF 已成功抓取全部所需数据。
[2026-04-08 01:14:39] [SUCCESS] bvid=BV1pVSQBuEnn 已成功抓取全部所需数据。
[2026-04-08 01:14:44] [SUCCESS] bvid=BV1BiSDBeEd7 已成功抓取全部所需数据。
[2026-04-08 01:14:50] [SUCCESS] bvid=BV1waSDBMEm1 已成功抓取全部所需数据。
[2026-04-08 01:14:55] [SUCCESS] bvid=BV1waSDBMExD 已成功抓取全部所需数据。
[2026-04-08 01:15:00] [SUCCESS] bvid=BV1CaSDBTEKf 已成功抓取全部所需数据。
[2026-04-08 01:15:05] [SUCCESS] bvid=BV1rYSDBiESp 已成功抓取全部所需数据。
[2026-04-08 01:15:11] [SUCCESS] bvid=BV16YSDBiEnb 已成功抓取全部所需数据。
[2026-04-08 01:15:16] [SUCCESS] bvid=BV1kYSDBiE34 已成功抓取全部所需数据。
[2026-04-08 01:15:21] [SUCCESS] bvid=BV14NSQByEAj 已成功抓取全部所需数据。
[2026-04-08 01:15:26] [SUCCESS] bvid=BV12NSQByE5p 已成功抓取全部所需数据。
[2026-04-08 01:15:32] [SUCCESS] bvid=BV1xNSQByEap 已成功抓取全部所需数据。
[2026-04-08 01:15:37] [SUCCESS] bvid=BV1NTSQBGEJH 已成功抓取全部所需数据。
[2026-04-08 01:35:43] [ERROR] bvid=BV1k3SQB6Ets 抓取失败：stat: Timeout of 600.0s exceeded, last exception: HTTPSConnectionPool(host='bigquery.googleapis.com', port=443): Max retries exceeded with url: /bigquery/v2/projects/bilibili-m2s2vp-research/datasets/bili_video_stream_data_test_2/tables?prettyPrint=false (Caused by SSLError(SSLEOFError(8, 'EOF occurred in violation of protocol (_ssl.c:1017)')))
[2026-04-08 01:35:48] [SUCCESS] bvid=BV1CDDABkExG 已成功抓取全部所需数据。
[2026-04-08 01:35:54] [SUCCESS] bvid=BV13TDuBTEQH 已成功抓取全部所需数据。
[2026-04-08 01:35:59] [SUCCESS] bvid=BV1b59EBPEan 已成功抓取全部所需数据。
[2026-04-08 01:36:05] [SUCCESS] bvid=BV17kXZBsEw8 已成功抓取全部所需数据。
[2026-04-08 01:36:11] [SUCCESS] bvid=BV1xqDMBoEJL 已成功抓取全部所需数据。
[2026-04-08 01:36:18] [SUCCESS] bvid=BV1KPSQBjE2P 已成功抓取全部所需数据。
[2026-04-08 01:36:24] [SUCCESS] bvid=BV1C3SQB6E2G 已成功抓取全部所需数据。
[2026-04-08 01:36:29] [SUCCESS] bvid=BV14PSQBLEyH 已成功抓取全部所需数据。
[2026-04-08 01:36:35] [SUCCESS] bvid=BV1kVSQBuERT 已成功抓取全部所需数据。
[2026-04-08 01:36:41] [SUCCESS] bvid=BV1V1SUBDEP2 已成功抓取全部所需数据。
[2026-04-08 01:36:47] [SUCCESS] bvid=BV1sMSQBkECB 已成功抓取全部所需数据。
[2026-04-08 01:36:52] [SUCCESS] bvid=BV1ygSQB3E16 已成功抓取全部所需数据。
[2026-04-08 01:36:58] [SUCCESS] bvid=BV1kgSQB3Ev3 已成功抓取全部所需数据。
[2026-04-08 01:37:04] [SUCCESS] bvid=BV1ygSQB3Epy 已成功抓取全部所需数据。
[2026-04-08 01:37:09] [SUCCESS] bvid=BV1aXSDBXECP 已成功抓取全部所需数据。
[2026-04-08 01:37:09] [WARN] 当前子任务已结束，但仍有未成功抓取的视频，已导出 remaining CSV 供继续执行。
[2026-04-08 01:37:09] [INFO] 已导出剔除成功条目后的剩余 CSV：D:\Schoolworks\Thesis\Bilibili-Datahub\outputs\video_data\manual_crawls\manual_crawl_stat_comment_20260407_223150\remaining_bvids_part_11.csv
[2026-04-08 01:37:09] 子任务结束时间：2026-04-08T01:37:09.758329
[TIMESTAMP][END] 2026-04-08T01:37:09
