[TIMESTAMP][BEGIN] 2026-04-08T08:44:17
[2026-04-08 08:44:19] 开始执行 CSV 批量抓取子任务 part_46。
[2026-04-08 08:44:19] 子任务开始时间：2026-04-08T08:44:17.519525
[2026-04-08 08:44:19] 输入文件：batch_input_46.csv
[2026-04-08 08:44:19] 输入唯一 bvid 数量：100
[2026-04-08 08:44:19] 为严格按 CSV 顺序判断连续失败阈值，本次任务自动将并发度从 2 调整为 1。
[2026-04-08 08:44:24] [SUCCESS] bvid=BV15s9JBjEZK 已成功抓取全部所需数据。
[2026-04-08 08:44:30] [SUCCESS] bvid=BV15s9JBjE2t 已成功抓取全部所需数据。
[2026-04-08 08:44:35] [SUCCESS] bvid=BV19s9JBLE7f 已成功抓取全部所需数据。
[2026-04-08 08:44:40] [SUCCESS] bvid=BV1vs9JBjE2r 已成功抓取全部所需数据。
[2026-04-08 08:44:45] [SUCCESS] bvid=BV1Rs9JBLENK 已成功抓取全部所需数据。
[2026-04-08 08:44:50] [SUCCESS] bvid=BV15x9JB1EwF 已成功抓取全部所需数据。
[2026-04-08 08:44:55] [SUCCESS] bvid=BV19x9JByErS 已成功抓取全部所需数据。
[2026-04-08 08:45:00] [SUCCESS] bvid=BV1Xx9JByEqf 已成功抓取全部所需数据。
[2026-04-08 08:45:06] [SUCCESS] bvid=BV1Xx9JByEoa 已成功抓取全部所需数据。
[2026-04-08 08:45:11] [SUCCESS] bvid=BV19x9JB1ENp 已成功抓取全部所需数据。
[2026-04-08 08:45:16] [SUCCESS] bvid=BV1oH9JB7E5q 已成功抓取全部所需数据。
[2026-04-08 08:45:21] [SUCCESS] bvid=BV19x9JByEXu 已成功抓取全部所需数据。
[2026-04-08 08:45:26] [SUCCESS] bvid=BV1LH9JBEEeV 已成功抓取全部所需数据。
[2026-04-08 08:45:31] [SUCCESS] bvid=BV1dH9JB7EKi 已成功抓取全部所需数据。
[2026-04-08 08:45:37] [SUCCESS] bvid=BV1Cr97BdE1c 已成功抓取全部所需数据。
[2026-04-08 08:45:42] [SUCCESS] bvid=BV1RH9JB7EGU 已成功抓取全部所需数据。
[2026-04-08 08:45:47] [SUCCESS] bvid=BV1LH9JBEEVP 已成功抓取全部所需数据。
[2026-04-08 08:45:52] [SUCCESS] bvid=BV1Rp9JB2EY2 已成功抓取全部所需数据。
[2026-04-08 08:45:57] [SUCCESS] bvid=BV1HN97BHETL 已成功抓取全部所需数据。
[2026-04-08 08:46:03] [SUCCESS] bvid=BV1yiXrBsEbB 已成功抓取全部所需数据。
[2026-04-08 08:46:08] [SUCCESS] bvid=BV1LV9LBMEF8 已成功抓取全部所需数据。
[2026-04-08 08:46:13] [SUCCESS] bvid=BV1Pd95BSEwN 已成功抓取全部所需数据。
[2026-04-08 08:46:19] [SUCCESS] bvid=BV1UY97BwEZu 已成功抓取全部所需数据。
[2026-04-08 08:46:24] [SUCCESS] bvid=BV1nu9JB4ER8 已成功抓取全部所需数据。
[2026-04-08 08:46:30] [SUCCESS] bvid=BV1UcXBBDExV 已成功抓取全部所需数据。
[2026-04-08 08:46:35] [SUCCESS] bvid=BV1ky97B9Ewp 已成功抓取全部所需数据。
[2026-04-08 08:46:40] [SUCCESS] bvid=BV1dp9JBmEir 已成功抓取全部所需数据。
[2026-04-08 08:46:45] [SUCCESS] bvid=BV1PK9JBbEKb 已成功抓取全部所需数据。
[2026-04-08 08:46:51] [SUCCESS] bvid=BV1PN9JBFEFU 已成功抓取全部所需数据。
[2026-04-08 08:46:56] [SUCCESS] bvid=BV1AK9JBbErv 已成功抓取全部所需数据。
[2026-04-08 08:47:01] [SUCCESS] bvid=BV1WK9JBbEra 已成功抓取全部所需数据。
[2026-04-08 08:47:07] [SUCCESS] bvid=BV1PK9JBbEuT 已成功抓取全部所需数据。
[2026-04-08 08:47:12] [SUCCESS] bvid=BV1AT9JBZEXa 已成功抓取全部所需数据。
[2026-04-08 08:47:17] [SUCCESS] bvid=BV1AT9JBZEC6 已成功抓取全部所需数据。
[2026-04-08 08:47:23] [SUCCESS] bvid=BV1WT9JBZEcu 已成功抓取全部所需数据。
[2026-04-08 08:47:28] [SUCCESS] bvid=BV1pT9JBZErd 已成功抓取全部所需数据。
[2026-04-08 08:47:33] [SUCCESS] bvid=BV1HT9JBZEdK 已成功抓取全部所需数据。
[2026-04-08 08:47:38] [SUCCESS] bvid=BV1pT9JBZEdc 已成功抓取全部所需数据。
[2026-04-08 08:47:43] [SUCCESS] bvid=BV1AA9JBhEmq 已成功抓取全部所需数据。
[2026-04-08 08:47:48] [SUCCESS] bvid=BV1NA9JBhEXB 已成功抓取全部所需数据。
[2026-04-08 08:47:53] [SUCCESS] bvid=BV1sA9JBhETq 已成功抓取全部所需数据。
[2026-04-08 08:47:58] [SUCCESS] bvid=BV1NA9JBhEHH 已成功抓取全部所需数据。
[2026-04-08 08:48:04] [SUCCESS] bvid=BV1PN9JBFEDB 已成功抓取全部所需数据。
[2026-04-08 08:48:09] [SUCCESS] bvid=BV1NN9JBFE72 已成功抓取全部所需数据。
[2026-04-08 08:48:14] [SUCCESS] bvid=BV1PN9JBFERK 已成功抓取全部所需数据。
[2026-04-08 08:48:19] [SUCCESS] bvid=BV1NN9JBFEwM 已成功抓取全部所需数据。
[2026-04-08 08:48:24] [SUCCESS] bvid=BV1WN9JBFEzf 已成功抓取全部所需数据。
[2026-04-08 08:48:29] [SUCCESS] bvid=BV1cG9JBsELG 已成功抓取全部所需数据。
[2026-04-08 08:48:34] [SUCCESS] bvid=BV1PN9JBFEUw 已成功抓取全部所需数据。
[2026-04-08 08:48:40] [SUCCESS] bvid=BV1WN9JBFE9p 已成功抓取全部所需数据。
[2026-04-08 08:48:46] [SUCCESS] bvid=BV1FG9JBsENm 已成功抓取全部所需数据。
[2026-04-08 08:48:51] [SUCCESS] bvid=BV19H97BzE7A 已成功抓取全部所需数据。
[2026-04-08 08:48:56] [SUCCESS] bvid=BV1FG9JBsEsr 已成功抓取全部所需数据。
[2026-04-08 08:49:01] [SUCCESS] bvid=BV1FG9JBsEMC 已成功抓取全部所需数据。
[2026-04-08 08:49:06] [SUCCESS] bvid=BV1nG9JBsEj9 已成功抓取全部所需数据。
[2026-04-08 08:49:11] [SUCCESS] bvid=BV1rG9JBsEeN 已成功抓取全部所需数据。
[2026-04-08 08:49:16] [SUCCESS] bvid=BV1Zg9LBuE92 已成功抓取全部所需数据。
[2026-04-08 08:49:21] [SUCCESS] bvid=BV1FV9JBRE1U 已成功抓取全部所需数据。
[2026-04-08 08:49:26] [SUCCESS] bvid=BV1ku9JB4E4p 已成功抓取全部所需数据。
[2026-04-08 08:49:32] [SUCCESS] bvid=BV1ru9JB4Esj 已成功抓取全部所需数据。
[2026-04-08 08:49:37] [SUCCESS] bvid=BV1wu9JB4EF1 已成功抓取全部所需数据。
[2026-04-08 08:49:42] [SUCCESS] bvid=BV1cu9JB4Emi 已成功抓取全部所需数据。
[2026-04-08 08:49:47] [SUCCESS] bvid=BV15n97B3E4a 已成功抓取全部所需数据。
[2026-04-08 08:49:52] [SUCCESS] bvid=BV1fs9jB2EDP 已成功抓取全部所需数据。
[2026-04-08 08:49:57] [SUCCESS] bvid=BV1wu9JB4E1b 已成功抓取全部所需数据。
[2026-04-08 08:50:02] [SUCCESS] bvid=BV1ru9JB4EhU 已成功抓取全部所需数据。
[2026-04-08 08:50:08] [SUCCESS] bvid=BV1wu9JB4ELn 已成功抓取全部所需数据。
[2026-04-08 08:50:13] [SUCCESS] bvid=BV1ng9JBdEyV 已成功抓取全部所需数据。
[2026-04-08 08:50:18] [SUCCESS] bvid=BV1cg9JBdEfc 已成功抓取全部所需数据。
[2026-04-08 08:50:23] [SUCCESS] bvid=BV1n49jB7Ep5 已成功抓取全部所需数据。
[2026-04-08 08:50:28] [SUCCESS] bvid=BV1cg9JBdEwB 已成功抓取全部所需数据。
[2026-04-08 08:50:33] [SUCCESS] bvid=BV1cg9JBdEJ3 已成功抓取全部所需数据。
[2026-04-08 08:50:38] [SUCCESS] bvid=BV1n49jB7Emu 已成功抓取全部所需数据。
[2026-04-08 08:50:44] [SUCCESS] bvid=BV1Hg9JBdEtc 已成功抓取全部所需数据。
[2026-04-08 08:50:49] [SUCCESS] bvid=BV1n49jB7EC5 已成功抓取全部所需数据。
[2026-04-08 08:50:54] [SUCCESS] bvid=BV1Et9jB2EJ5 已成功抓取全部所需数据。
[2026-04-08 08:51:00] [SUCCESS] bvid=BV1649jB7EbQ 已成功抓取全部所需数据。
[2026-04-08 08:51:05] [SUCCESS] bvid=BV1F49jBEEPB 已成功抓取全部所需数据。
[2026-04-08 08:51:10] [SUCCESS] bvid=BV1kW9jBJE9o 已成功抓取全部所需数据。
[2026-04-08 08:51:15] [SUCCESS] bvid=BV1n49jB7EMr 已成功抓取全部所需数据。
[2026-04-08 08:51:20] [SUCCESS] bvid=BV1otXQBzEaK 已成功抓取全部所需数据。
[2026-04-08 08:51:25] [SUCCESS] bvid=BV1ws9jBSE5r 已成功抓取全部所需数据。
[2026-04-08 08:51:31] [SUCCESS] bvid=BV1nt9jB2EcX 已成功抓取全部所需数据。
[2026-04-08 08:51:36] [SUCCESS] bvid=BV1Gk9jBTEJz 已成功抓取全部所需数据。
[2026-04-08 08:51:41] [SUCCESS] bvid=BV12G9jBoEeM 已成功抓取全部所需数据。
[2026-04-08 08:51:46] [SUCCESS] bvid=BV1wW9jBnEAU 已成功抓取全部所需数据。
[2026-04-08 08:51:52] [SUCCESS] bvid=BV1HW9jBJEYL 已成功抓取全部所需数据。
[2026-04-08 08:51:57] [SUCCESS] bvid=BV1ns9jBUErS 已成功抓取全部所需数据。
[2026-04-08 08:52:02] [SUCCESS] bvid=BV1AW9jBnEME 已成功抓取全部所需数据。
[2026-04-08 08:52:07] [SUCCESS] bvid=BV1CW9jBJENV 已成功抓取全部所需数据。
[2026-04-08 08:52:13] [SUCCESS] bvid=BV1pW9jBJEvh 已成功抓取全部所需数据。
[2026-04-08 08:52:17] [SUCCESS] bvid=BV1Hs9jBUEhq 已成功抓取全部所需数据。
[2026-04-08 08:52:23] [SUCCESS] bvid=BV1rs9jBUEJa 已成功抓取全部所需数据。
[2026-04-08 08:52:28] [SUCCESS] bvid=BV1Hs9jBUEDx 已成功抓取全部所需数据。
[2026-04-08 08:52:34] [SUCCESS] bvid=BV1BY9jBVEYe 已成功抓取全部所需数据。
[2026-04-08 08:52:39] [SUCCESS] bvid=BV1EY9jBVEPx 已成功抓取全部所需数据。
[2026-04-08 08:52:44] [SUCCESS] bvid=BV1z29LByE3D 已成功抓取全部所需数据。
[2026-04-08 08:52:49] [SUCCESS] bvid=BV17Y9jBVEAi 已成功抓取全部所需数据。
[2026-04-08 08:52:55] [SUCCESS] bvid=BV17e9jBkEMs 已成功抓取全部所需数据。
[2026-04-08 08:53:00] [SUCCESS] bvid=BV1D49LBtEcn 已成功抓取全部所需数据。
[2026-04-08 08:53:00] [INFO] 当前 batch_crawl 已完成，所有视频均已成功抓取。
[2026-04-08 08:53:00] 子任务结束时间：2026-04-08T08:53:00.755239
[TIMESTAMP][END] 2026-04-08T08:53:00
