[TIMESTAMP][BEGIN] 2026-04-08T05:37:48
[2026-04-08 05:37:50] 开始执行 CSV 批量抓取子任务 part_31。
[2026-04-08 05:37:50] 子任务开始时间：2026-04-08T05:37:48.553985
[2026-04-08 05:37:50] 输入文件：batch_input_31.csv
[2026-04-08 05:37:50] 输入唯一 bvid 数量：100
[2026-04-08 05:37:50] 为严格按 CSV 顺序判断连续失败阈值，本次任务自动将并发度从 2 调整为 1。
[2026-04-08 05:37:55] [SUCCESS] bvid=BV1ME9uB6ESe 已成功抓取全部所需数据。
[2026-04-08 05:38:00] [SUCCESS] bvid=BV1UE9uBzETs 已成功抓取全部所需数据。
[2026-04-08 05:38:05] [SUCCESS] bvid=BV1D59uBGEuH 已成功抓取全部所需数据。
[2026-04-08 05:38:10] [SUCCESS] bvid=BV1UE9uBzEuW 已成功抓取全部所需数据。
[2026-04-08 05:38:15] [SUCCESS] bvid=BV1F7XfBhELo 已成功抓取全部所需数据。
[2026-04-08 05:38:20] [SUCCESS] bvid=BV1SM9TBBEb1 已成功抓取全部所需数据。
[2026-04-08 05:38:25] [SUCCESS] bvid=BV1fU9PBCEM7 已成功抓取全部所需数据。
[2026-04-08 05:38:30] [SUCCESS] bvid=BV18Q9TBuEFq 已成功抓取全部所需数据。
[2026-04-08 05:38:35] [SUCCESS] bvid=BV1jZ9KBjE8z 已成功抓取全部所需数据。
[2026-04-08 05:38:40] [SUCCESS] bvid=BV12cXfB3Erz 已成功抓取全部所需数据。
[2026-04-08 05:38:44] [SUCCESS] bvid=BV1Qo9FBQEhs 已成功抓取全部所需数据。
[2026-04-08 05:38:50] [SUCCESS] bvid=BV1n19PB2EPj 已成功抓取全部所需数据。
[2026-04-08 05:38:55] [SUCCESS] bvid=BV1UE9uBzEuc 已成功抓取全部所需数据。
[2026-04-08 05:38:59] [SUCCESS] bvid=BV1359uBVEKU 已成功抓取全部所需数据。
[2026-04-08 05:39:04] [SUCCESS] bvid=BV1D59uBVEyH 已成功抓取全部所需数据。
[2026-04-08 05:39:08] [SUCCESS] bvid=BV1SL9uBrEqz 已成功抓取全部所需数据。
[2026-04-08 05:39:13] [SUCCESS] bvid=BV1D59uBGE7S 已成功抓取全部所需数据。
[2026-04-08 05:39:18] [SUCCESS] bvid=BV1SL9uBrErG 已成功抓取全部所需数据。
[2026-04-08 05:39:24] [SUCCESS] bvid=BV1yW9uBKEjX 已成功抓取全部所需数据。
[2026-04-08 05:39:30] [SUCCESS] bvid=BV1SL9uBrEqY 已成功抓取全部所需数据。
[2026-04-08 05:39:36] [SUCCESS] bvid=BV1FU9KBpECm 已成功抓取全部所需数据。
[2026-04-08 05:39:42] [SUCCESS] bvid=BV1nU9KBpEpg 已成功抓取全部所需数据。
[2026-04-08 05:39:48] [SUCCESS] bvid=BV1xs9uBiEeE 已成功抓取全部所需数据。
[2026-04-08 05:39:54] [SUCCESS] bvid=BV1Ns9uBiEQT 已成功抓取全部所需数据。
[2026-04-08 05:40:00] [SUCCESS] bvid=BV1KW9uBTEBb 已成功抓取全部所需数据。
[2026-04-08 05:40:06] [SUCCESS] bvid=BV1P79NBREhH 已成功抓取全部所需数据。
[2026-04-08 05:40:12] [SUCCESS] bvid=BV1Ps9uBiEo2 已成功抓取全部所需数据。
[2026-04-08 05:40:18] [SUCCESS] bvid=BV1Kn9uBuEoL 已成功抓取全部所需数据。
[2026-04-08 05:40:25] [SUCCESS] bvid=BV1Nn9TBhEYR 已成功抓取全部所需数据。
[2026-04-08 05:40:30] [SUCCESS] bvid=BV1Tn9uBuEQV 已成功抓取全部所需数据。
[2026-04-08 05:40:35] [SUCCESS] bvid=BV1mn9uBMEvS 已成功抓取全部所需数据。
[2026-04-08 05:40:39] [SUCCESS] bvid=BV1Qx9KBMEP2 已成功抓取全部所需数据。
[2026-04-08 05:40:44] [SUCCESS] bvid=BV1C19KBsE77 已成功抓取全部所需数据。
[2026-04-08 05:40:49] [SUCCESS] bvid=BV12n9uBMEqd 已成功抓取全部所需数据。
[2026-04-08 05:40:54] [SUCCESS] bvid=BV1Be9TBDEgF 已成功抓取全部所需数据。
[2026-04-08 05:40:59] [SUCCESS] bvid=BV1b89KBvEQ9 已成功抓取全部所需数据。
[2026-04-08 05:41:04] [SUCCESS] bvid=BV11V9NB4EZJ 已成功抓取全部所需数据。
[2026-04-08 05:41:09] [SUCCESS] bvid=BV1F7XfBhEng 已成功抓取全部所需数据。
[2026-04-08 05:41:14] [SUCCESS] bvid=BV1kt9TBREgY 已成功抓取全部所需数据。
[2026-04-08 05:41:19] [SUCCESS] bvid=BV1Fy9wBzENY 已成功抓取全部所需数据。
[2026-04-08 05:41:24] [SUCCESS] bvid=BV1zh9jByE5V 已成功抓取全部所需数据。
[2026-04-08 05:41:29] [SUCCESS] bvid=BV1mg9NBbEQi 已成功抓取全部所需数据。
[2026-04-08 05:41:34] [SUCCESS] bvid=BV1QA9NBPEdF 已成功抓取全部所需数据。
[2026-04-08 05:41:39] [SUCCESS] bvid=BV1KXX6B9E5b 已成功抓取全部所需数据。
[2026-04-08 05:41:45] [SUCCESS] bvid=BV1iq9TBUEvT 已成功抓取全部所需数据。
[2026-04-08 05:41:50] [SUCCESS] bvid=BV1vq9TBUEXT 已成功抓取全部所需数据。
[2026-04-08 05:41:55] [SUCCESS] bvid=BV15F9NBTEa5 已成功抓取全部所需数据。
[2026-04-08 05:42:01] [SUCCESS] bvid=BV1MJXZBgEwH 已成功抓取全部所需数据。
[2026-04-08 05:42:06] [SUCCESS] bvid=BV1CR9ABDEdk 已成功抓取全部所需数据。
[2026-04-08 05:42:11] [SUCCESS] bvid=BV1wn9jBnEie 已成功抓取全部所需数据。
[2026-04-08 05:42:16] [SUCCESS] bvid=BV1MY9KBYEY8 已成功抓取全部所需数据。
[2026-04-08 05:42:22] [SUCCESS] bvid=BV1nr9wBrE2J 已成功抓取全部所需数据。
[2026-04-08 05:42:27] [SUCCESS] bvid=BV1239NBZEw9 已成功抓取全部所需数据。
[2026-04-08 05:42:32] [SUCCESS] bvid=BV1MV9TBKEXk 已成功抓取全部所需数据。
[2026-04-08 05:42:38] [SUCCESS] bvid=BV1Ma9KBPEmT 已成功抓取全部所需数据。
[2026-04-08 05:42:43] [SUCCESS] bvid=BV1Y9XzBPEid 已成功抓取全部所需数据。
[2026-04-08 05:42:48] [SUCCESS] bvid=BV1c59cB3E9W 已成功抓取全部所需数据。
[2026-04-08 05:42:53] [SUCCESS] bvid=BV1pzQZBYE24 已成功抓取全部所需数据。
[2026-04-08 05:42:59] [SUCCESS] bvid=BV1KH9uBBE1c 已成功抓取全部所需数据。
[2026-04-08 05:43:04] [SUCCESS] bvid=BV1Yc9NBiEoM 已成功抓取全部所需数据。
[2026-04-08 05:43:09] [SUCCESS] bvid=BV1KH9uBBEK3 已成功抓取全部所需数据。
[2026-04-08 05:43:14] [SUCCESS] bvid=BV1KH9uBBEwJ 已成功抓取全部所需数据。
[2026-04-08 05:43:19] [SUCCESS] bvid=BV1xz9KBbEMW 已成功抓取全部所需数据。
[2026-04-08 05:43:24] [SUCCESS] bvid=BV14B9KBFE3f 已成功抓取全部所需数据。
[2026-04-08 05:43:29] [SUCCESS] bvid=BV1KB9KBFEBk 已成功抓取全部所需数据。
[2026-04-08 05:43:34] [SUCCESS] bvid=BV1ks9TBoEEQ 已成功抓取全部所需数据。
[2026-04-08 05:43:39] [SUCCESS] bvid=BV1Nz9KBbEZT 已成功抓取全部所需数据。
[2026-04-08 05:43:44] [SUCCESS] bvid=BV1xi9KBhEUK 已成功抓取全部所需数据。
[2026-04-08 05:43:49] [SUCCESS] bvid=BV1Nz9KBbES2 已成功抓取全部所需数据。
[2026-04-08 05:43:54] [SUCCESS] bvid=BV1Tv9KBwEJJ 已成功抓取全部所需数据。
[2026-04-08 05:43:59] [SUCCESS] bvid=BV1Tv9KBwEn4 已成功抓取全部所需数据。
[2026-04-08 05:44:04] [SUCCESS] bvid=BV1AC9KBdEzT 已成功抓取全部所需数据。
[2026-04-08 05:44:09] [SUCCESS] bvid=BV14v9KBwEsu 已成功抓取全部所需数据。
[2026-04-08 05:44:14] [SUCCESS] bvid=BV1pC9KBdEAW 已成功抓取全部所需数据。
[2026-04-08 05:44:19] [SUCCESS] bvid=BV1Wk9KB4EFj 已成功抓取全部所需数据。
[2026-04-08 05:44:24] [SUCCESS] bvid=BV1AC9KBdEh8 已成功抓取全部所需数据。
[2026-04-08 05:44:29] [SUCCESS] bvid=BV1AC9KBdErd 已成功抓取全部所需数据。
[2026-04-08 05:44:34] [SUCCESS] bvid=BV1A19KBsE7f 已成功抓取全部所需数据。
[2026-04-08 05:44:39] [SUCCESS] bvid=BV1WC9KBdEcX 已成功抓取全部所需数据。
[2026-04-08 05:44:44] [SUCCESS] bvid=BV1w19KBsE2P 已成功抓取全部所需数据。
[2026-04-08 05:44:50] [SUCCESS] bvid=BV1P69KBZEC8 已成功抓取全部所需数据。
[2026-04-08 05:44:55] [SUCCESS] bvid=BV1A19KBsEu5 已成功抓取全部所需数据。
[2026-04-08 05:45:00] [SUCCESS] bvid=BV1A19KBsEJX 已成功抓取全部所需数据。
[2026-04-08 05:45:05] [SUCCESS] bvid=BV1o4XSBaEg6 已成功抓取全部所需数据。
[2026-04-08 05:45:10] [SUCCESS] bvid=BV1FQ9KBnEgb 已成功抓取全部所需数据。
[2026-04-08 05:45:15] [SUCCESS] bvid=BV1QP9TB3Ezc 已成功抓取全部所需数据。
[2026-04-08 05:45:20] [SUCCESS] bvid=BV1P69KBZEFb 已成功抓取全部所需数据。
[2026-04-08 05:45:25] [SUCCESS] bvid=BV1P69KBZEtP 已成功抓取全部所需数据。
[2026-04-08 05:45:30] [SUCCESS] bvid=BV1P69KBZErF 已成功抓取全部所需数据。
[2026-04-08 05:45:35] [SUCCESS] bvid=BV1P69KBZEno 已成功抓取全部所需数据。
[2026-04-08 05:45:40] [SUCCESS] bvid=BV1N69KBZEbR 已成功抓取全部所需数据。
[2026-04-08 05:45:45] [SUCCESS] bvid=BV1W69KBZEtB 已成功抓取全部所需数据。
[2026-04-08 05:45:51] [SUCCESS] bvid=BV1Ak9KB4E8R 已成功抓取全部所需数据。
[2026-04-08 05:45:56] [SUCCESS] bvid=BV13W9KBzEXv 已成功抓取全部所需数据。
[2026-04-08 05:46:01] [SUCCESS] bvid=BV13x9KBMENB 已成功抓取全部所需数据。
[2026-04-08 05:46:06] [SUCCESS] bvid=BV13x9KBMEuy 已成功抓取全部所需数据。
[2026-04-08 05:46:11] [SUCCESS] bvid=BV1a49KBqEPw 已成功抓取全部所需数据。
[2026-04-08 05:46:16] [SUCCESS] bvid=BV1xV9NBtESS 已成功抓取全部所需数据。
[2026-04-08 05:46:21] [SUCCESS] bvid=BV1YW9KBzET9 已成功抓取全部所需数据。
[2026-04-08 05:46:26] [SUCCESS] bvid=BV1ua9KBPEBQ 已成功抓取全部所需数据。
[2026-04-08 05:46:26] [INFO] 当前 batch_crawl 已完成，所有视频均已成功抓取。
[2026-04-08 05:46:26] 子任务结束时间：2026-04-08T05:46:26.324256
[TIMESTAMP][END] 2026-04-08T05:46:26
