[TIMESTAMP][BEGIN] 2026-04-08T06:38:14
[2026-04-08 06:38:16] 开始执行 CSV 批量抓取子任务 part_34。
[2026-04-08 06:38:16] 子任务开始时间：2026-04-08T06:38:14.384860
[2026-04-08 06:38:16] 输入文件：batch_input_34.csv
[2026-04-08 06:38:16] 输入唯一 bvid 数量：100
[2026-04-08 06:38:16] 为严格按 CSV 顺序判断连续失败阈值，本次任务自动将并发度从 2 调整为 1。
[2026-04-08 06:38:21] [SUCCESS] bvid=BV1JU9PByEAP 已成功抓取全部所需数据。
[2026-04-08 06:38:26] [SUCCESS] bvid=BV1JU9PByEAX 已成功抓取全部所需数据。
[2026-04-08 06:38:31] [SUCCESS] bvid=BV1Fy9PB7Exr 已成功抓取全部所需数据。
[2026-04-08 06:38:36] [SUCCESS] bvid=BV1cy9PB7E7S 已成功抓取全部所需数据。
[2026-04-08 06:38:40] [SUCCESS] bvid=BV1ny9PB7EH3 已成功抓取全部所需数据。
[2026-04-08 06:38:45] [SUCCESS] bvid=BV1n19PB2EQA 已成功抓取全部所需数据。
[2026-04-08 06:38:50] [SUCCESS] bvid=BV1oi9NBrEM3 已成功抓取全部所需数据。
[2026-04-08 06:38:55] [SUCCESS] bvid=BV1Tn9FB7Ee7 已成功抓取全部所需数据。
[2026-04-08 06:39:00] [SUCCESS] bvid=BV1N99GBVEND 已成功抓取全部所需数据。
[2026-04-08 06:39:05] [SUCCESS] bvid=BV1qw9FB8EC4 已成功抓取全部所需数据。
[2026-04-08 06:39:10] [SUCCESS] bvid=BV1WbXZBPE7S 已成功抓取全部所需数据。
[2026-04-08 06:39:15] [SUCCESS] bvid=BV1o99PBgE3w 已成功抓取全部所需数据。
[2026-04-08 06:39:20] [SUCCESS] bvid=BV1c19PB2Ehe 已成功抓取全部所需数据。
[2026-04-08 06:39:25] [SUCCESS] bvid=BV1o99PBgEtN 已成功抓取全部所需数据。
[2026-04-08 06:39:30] [SUCCESS] bvid=BV1799PB3EwC 已成功抓取全部所需数据。
[2026-04-08 06:39:35] [SUCCESS] bvid=BV1d99PBgEBw 已成功抓取全部所需数据。
[2026-04-08 06:39:40] [SUCCESS] bvid=BV1LR9PB6EHu 已成功抓取全部所需数据。
[2026-04-08 06:39:45] [SUCCESS] bvid=BV1qD9PBVEAy 已成功抓取全部所需数据。
[2026-04-08 06:39:50] [SUCCESS] bvid=BV1RR9PBzEF2 已成功抓取全部所需数据。
[2026-04-08 06:39:55] [SUCCESS] bvid=BV1ZD9PBGEoi 已成功抓取全部所需数据。
[2026-04-08 06:40:01] [SUCCESS] bvid=BV1wq9wB5EbH 已成功抓取全部所需数据。
[2026-04-08 06:40:06] [SUCCESS] bvid=BV1HYXUBzEQU 已成功抓取全部所需数据。
[2026-04-08 06:40:12] [SUCCESS] bvid=BV1ZD9PBGE6t 已成功抓取全部所需数据。
[2026-04-08 06:40:17] [SUCCESS] bvid=BV1oD9PBGEd5 已成功抓取全部所需数据。
[2026-04-08 06:40:22] [SUCCESS] bvid=BV11j9NBsEiT 已成功抓取全部所需数据。
[2026-04-08 06:40:27] [SUCCESS] bvid=BV1ZQ9PBrE7o 已成功抓取全部所需数据。
[2026-04-08 06:40:32] [SUCCESS] bvid=BV1oQ9PBrEwb 已成功抓取全部所需数据。
[2026-04-08 06:40:37] [SUCCESS] bvid=BV16W9NBSEEs 已成功抓取全部所需数据。
[2026-04-08 06:40:42] [SUCCESS] bvid=BV1pn9NBDE2a 已成功抓取全部所需数据。
[2026-04-08 06:40:48] [SUCCESS] bvid=BV1cW9NBDEXp 已成功抓取全部所需数据。
[2026-04-08 06:40:52] [SUCCESS] bvid=BV16x9NBEExe 已成功抓取全部所需数据。
[2026-04-08 06:40:58] [SUCCESS] bvid=BV1rZXfBAEFc 已成功抓取全部所需数据。
[2026-04-08 06:41:03] [SUCCESS] bvid=BV1Cn9NBQEPT 已成功抓取全部所需数据。
[2026-04-08 06:41:08] [SUCCESS] bvid=BV16x9NBEEV5 已成功抓取全部所需数据。
[2026-04-08 06:41:13] [SUCCESS] bvid=BV1819NBvEmG 已成功抓取全部所需数据。
[2026-04-08 06:41:18] [SUCCESS] bvid=BV1m29WB2EtQ 已成功抓取全部所需数据。
[2026-04-08 06:41:23] [SUCCESS] bvid=BV1Cn9NBQEmw 已成功抓取全部所需数据。
[2026-04-08 06:41:28] [SUCCESS] bvid=BV1kn9NBQESu 已成功抓取全部所需数据。
[2026-04-08 06:41:33] [SUCCESS] bvid=BV1pNXeBYEVu 已成功抓取全部所需数据。
[2026-04-08 06:41:38] [SUCCESS] bvid=BV1rwXaBdE5u 已成功抓取全部所需数据。
[2026-04-08 06:41:43] [SUCCESS] bvid=BV1HwXaBdEPc 已成功抓取全部所需数据。
[2026-04-08 06:41:48] [SUCCESS] bvid=BV1XSXZBUEgk 已成功抓取全部所需数据。
[2026-04-08 06:41:53] [SUCCESS] bvid=BV1qs9cBYEsX 已成功抓取全部所需数据。
[2026-04-08 06:41:58] [SUCCESS] bvid=BV1k297BpEik 已成功抓取全部所需数据。
[2026-04-08 06:42:03] [SUCCESS] bvid=BV12S9cBjETP 已成功抓取全部所需数据。
[2026-04-08 06:42:08] [SUCCESS] bvid=BV12FXoBPEKE 已成功抓取全部所需数据。
[2026-04-08 06:42:13] [SUCCESS] bvid=BV1okXZBWEvB 已成功抓取全部所需数据。
[2026-04-08 06:42:18] [SUCCESS] bvid=BV1PbXZBNExC 已成功抓取全部所需数据。
[2026-04-08 06:42:24] [SUCCESS] bvid=BV12kXfBVEQd 已成功抓取全部所需数据。
[2026-04-08 06:42:29] [SUCCESS] bvid=BV1Dc9ABoEZy 已成功抓取全部所需数据。
[2026-04-08 06:42:34] [SUCCESS] bvid=BV1fy9wBBEnD 已成功抓取全部所需数据。
[2026-04-08 06:42:39] [SUCCESS] bvid=BV1Aq9wB5EDR 已成功抓取全部所需数据。
[2026-04-08 06:42:44] [SUCCESS] bvid=BV1Bx9AB6ErT 已成功抓取全部所需数据。
[2026-04-08 06:42:49] [SUCCESS] bvid=BV1fk9FBwEnf 已成功抓取全部所需数据。
[2026-04-08 06:42:54] [SUCCESS] bvid=BV1AY9FBuEqR 已成功抓取全部所需数据。
[2026-04-08 06:42:59] [SUCCESS] bvid=BV1RtXfBXENx 已成功抓取全部所需数据。
[2026-04-08 06:43:04] [SUCCESS] bvid=BV1Gp9PBaEKE 已成功抓取全部所需数据。
[2026-04-08 06:43:09] [SUCCESS] bvid=BV1Cp9NBnEKv 已成功抓取全部所需数据。
[2026-04-08 06:43:14] [SUCCESS] bvid=BV1rp9NBnEfj 已成功抓取全部所需数据。
[2026-04-08 06:43:19] [SUCCESS] bvid=BV1kp9NBnEy4 已成功抓取全部所需数据。
[2026-04-08 06:43:24] [SUCCESS] bvid=BV1z89NB2Egw 已成功抓取全部所需数据。
[2026-04-08 06:43:29] [SUCCESS] bvid=BV1z89NB1EhN 已成功抓取全部所需数据。
[2026-04-08 06:43:34] [SUCCESS] bvid=BV1f89NB1Efh 已成功抓取全部所需数据。
[2026-04-08 06:43:39] [SUCCESS] bvid=BV1ia9NB5EkS 已成功抓取全部所需数据。
[2026-04-08 06:43:44] [SUCCESS] bvid=BV1f89NB1E8w 已成功抓取全部所需数据。
[2026-04-08 06:43:49] [SUCCESS] bvid=BV1z89NB1EaS 已成功抓取全部所需数据。
[2026-04-08 06:43:54] [SUCCESS] bvid=BV1Ba9NB5E5M 已成功抓取全部所需数据。
[2026-04-08 06:43:59] [SUCCESS] bvid=BV1zb9NBjEyA 已成功抓取全部所需数据。
[2026-04-08 06:44:04] [SUCCESS] bvid=BV1E49NBUEXy 已成功抓取全部所需数据。
[2026-04-08 06:44:09] [SUCCESS] bvid=BV1fb9NBjEkr 已成功抓取全部所需数据。
[2026-04-08 06:44:15] [SUCCESS] bvid=BV16b9NBjEVH 已成功抓取全部所需数据。
[2026-04-08 06:44:19] [SUCCESS] bvid=BV1239NBZEPq 已成功抓取全部所需数据。
[2026-04-08 06:44:24] [SUCCESS] bvid=BV1m39NBZESm 已成功抓取全部所需数据。
[2026-04-08 06:44:25] [ERROR] bvid=BV1239NBZEN3 抓取失败：stat: 接口返回错误代码：62002，信息：稿件不可见。
{'code': 62002, 'message': '稿件不可见', 'ttl': 1} | comment: 接口返回错误代码：62002，信息：稿件不可见。
{'code': 62002, 'message': '稿件不可见', 'ttl': 1}
[2026-04-08 06:44:30] [SUCCESS] bvid=BV12V9NB4E5U 已成功抓取全部所需数据。
[2026-04-08 06:44:35] [SUCCESS] bvid=BV1mV9NB4Ep2 已成功抓取全部所需数据。
[2026-04-08 06:44:40] [SUCCESS] bvid=BV1uu9NBcEAK 已成功抓取全部所需数据。
[2026-04-08 06:44:45] [SUCCESS] bvid=BV11V9NB4EXo 已成功抓取全部所需数据。
[2026-04-08 06:44:50] [SUCCESS] bvid=BV1EfXfBaEgr 已成功抓取全部所需数据。
[2026-04-08 06:44:55] [SUCCESS] bvid=BV1Uu9NBFE7T 已成功抓取全部所需数据。
[2026-04-08 06:45:00] [SUCCESS] bvid=BV18u9NBcEpX 已成功抓取全部所需数据。
[2026-04-08 06:45:05] [SUCCESS] bvid=BV1mg9NBbEi5 已成功抓取全部所需数据。
[2026-04-08 06:45:10] [SUCCESS] bvid=BV1mg9NBbEaH 已成功抓取全部所需数据。
[2026-04-08 06:45:15] [SUCCESS] bvid=BV1Ug9NBbEeK 已成功抓取全部所需数据。
[2026-04-08 06:45:20] [SUCCESS] bvid=BV1Ug9NBbEtT 已成功抓取全部所需数据。
[2026-04-08 06:45:25] [SUCCESS] bvid=BV1P79NBREeN 已成功抓取全部所需数据。
[2026-04-08 06:45:30] [SUCCESS] bvid=BV1C79NB9EyK 已成功抓取全部所需数据。
[2026-04-08 06:45:34] [SUCCESS] bvid=BV1P79NBREyV 已成功抓取全部所需数据。
[2026-04-08 06:45:39] [SUCCESS] bvid=BV1H69wBGEWu 已成功抓取全部所需数据。
[2026-04-08 06:45:44] [SUCCESS] bvid=BV1159NBdEaf 已成功抓取全部所需数据。
[2026-04-08 06:45:49] [SUCCESS] bvid=BV1uU9NBeEE3 已成功抓取全部所需数据。
[2026-04-08 06:45:54] [SUCCESS] bvid=BV1159NBdEPr 已成功抓取全部所需数据。
[2026-04-08 06:45:59] [SUCCESS] bvid=BV1259NBdEEu 已成功抓取全部所需数据。
[2026-04-08 06:46:04] [SUCCESS] bvid=BV1CJ9NBpExq 已成功抓取全部所需数据。
[2026-04-08 06:46:09] [SUCCESS] bvid=BV1K59NBoE2y 已成功抓取全部所需数据。
[2026-04-08 06:46:14] [SUCCESS] bvid=BV1N59NBoEM1 已成功抓取全部所需数据。
[2026-04-08 06:46:19] [SUCCESS] bvid=BV1Nd9NBfEQN 已成功抓取全部所需数据。
[2026-04-08 06:46:24] [SUCCESS] bvid=BV1bD9NBwE1C 已成功抓取全部所需数据。
[2026-04-08 06:46:29] [SUCCESS] bvid=BV1ft9jB2ESe 已成功抓取全部所需数据。
[2026-04-08 06:46:34] [SUCCESS] bvid=BV1NX95BQE46 已成功抓取全部所需数据。
[2026-04-08 06:46:34] [WARN] 当前子任务已结束，但仍有未成功抓取的视频，已导出 remaining CSV 供继续执行。
[2026-04-08 06:46:34] [INFO] 已导出剔除成功条目后的剩余 CSV：D:\Schoolworks\Thesis\Bilibili-Datahub\outputs\video_data\manual_crawls\manual_crawl_stat_comment_20260407_223150\remaining_bvids_part_34.csv
[2026-04-08 06:46:34] 子任务结束时间：2026-04-08T06:46:34.990289
[TIMESTAMP][END] 2026-04-08T06:46:34
