[TIMESTAMP][BEGIN] 2026-04-08T09:49:34
[2026-04-08 09:49:36] 开始执行 CSV 批量抓取子任务 part_52。
[2026-04-08 09:49:36] 子任务开始时间：2026-04-08T09:49:34.084967
[2026-04-08 09:49:36] 输入文件：batch_input_52.csv
[2026-04-08 09:49:36] 输入唯一 bvid 数量：100
[2026-04-08 09:49:36] 为严格按 CSV 顺序判断连续失败阈值，本次任务自动将并发度从 2 调整为 1。
[2026-04-08 09:49:41] [SUCCESS] bvid=BV1m89LBxEbi 已成功抓取全部所需数据。
[2026-04-08 09:49:47] [SUCCESS] bvid=BV1ifXCBjEFd 已成功抓取全部所需数据。
[2026-04-08 09:49:53] [SUCCESS] bvid=BV1ew9jBvEPm 已成功抓取全部所需数据。
[2026-04-08 09:49:58] [SUCCESS] bvid=BV1Yw9jBeE5d 已成功抓取全部所需数据。
[2026-04-08 09:50:04] [SUCCESS] bvid=BV1aP9jBAEHe 已成功抓取全部所需数据。
[2026-04-08 09:50:10] [SUCCESS] bvid=BV1Bm9VBKEjo 已成功抓取全部所需数据。
[2026-04-08 09:50:15] [SUCCESS] bvid=BV1hP9jBAER9 已成功抓取全部所需数据。
[2026-04-08 09:50:21] [SUCCESS] bvid=BV1hP9jBAEmA 已成功抓取全部所需数据。
[2026-04-08 09:50:26] [SUCCESS] bvid=BV1ef9LBiE6H 已成功抓取全部所需数据。
[2026-04-08 09:50:32] [SUCCESS] bvid=BV1ef9LBiEkK 已成功抓取全部所需数据。
[2026-04-08 09:50:37] [SUCCESS] bvid=BV1Vf9LBqEhp 已成功抓取全部所需数据。
[2026-04-08 09:50:43] [SUCCESS] bvid=BV1ac9jBNEDD 已成功抓取全部所需数据。
[2026-04-08 09:50:48] [SUCCESS] bvid=BV1ac9jBNEjW 已成功抓取全部所需数据。
[2026-04-08 09:50:54] [SUCCESS] bvid=BV1Xc9jBNEYZ 已成功抓取全部所需数据。
[2026-04-08 09:51:00] [SUCCESS] bvid=BV1ST9jBcEpM 已成功抓取全部所需数据。
[2026-04-08 09:51:05] [SUCCESS] bvid=BV1meXCBYEpg 已成功抓取全部所需数据。
[2026-04-08 09:51:11] [SUCCESS] bvid=BV1ec9jBNEhP 已成功抓取全部所需数据。
[2026-04-08 09:51:16] [SUCCESS] bvid=BV1bM9jB8Eo9 已成功抓取全部所需数据。
[2026-04-08 09:51:22] [SUCCESS] bvid=BV1bM9jB8EVE 已成功抓取全部所需数据。
[2026-04-08 09:51:27] [SUCCESS] bvid=BV18M9jB8EHv 已成功抓取全部所需数据。
[2026-04-08 09:51:33] [SUCCESS] bvid=BV18M9jB8Et1 已成功抓取全部所需数据。
[2026-04-08 09:51:38] [SUCCESS] bvid=BV1Ho9GB3E49 已成功抓取全部所需数据。
[2026-04-08 09:51:44] [SUCCESS] bvid=BV1VqXkBkEDY 已成功抓取全部所需数据。
[2026-04-08 09:51:50] [SUCCESS] bvid=BV18M9jB8E27 已成功抓取全部所需数据。
[2026-04-08 09:51:55] [SUCCESS] bvid=BV1mu9jBfExb 已成功抓取全部所需数据。
[2026-04-08 09:52:01] [SUCCESS] bvid=BV18u9jBfEwD 已成功抓取全部所需数据。
[2026-04-08 09:52:06] [SUCCESS] bvid=BV1Su9jBfEha 已成功抓取全部所需数据。
[2026-04-08 09:52:12] [SUCCESS] bvid=BV1bu9jBfEh9 已成功抓取全部所需数据。
[2026-04-08 09:52:17] [SUCCESS] bvid=BV18N9jBaEDQ 已成功抓取全部所需数据。
[2026-04-08 09:52:22] [SUCCESS] bvid=BV1gN9jBYEZU 已成功抓取全部所需数据。
[2026-04-08 09:52:28] [SUCCESS] bvid=BV14gXkBcEUP 已成功抓取全部所需数据。
[2026-04-08 09:52:33] [SUCCESS] bvid=BV1REXCBCEHB 已成功抓取全部所需数据。
[2026-04-08 09:52:39] [SUCCESS] bvid=BV1gp9VBWE8o 已成功抓取全部所需数据。
[2026-04-08 09:52:44] [SUCCESS] bvid=BV1YcXkBTEcM 已成功抓取全部所需数据。
[2026-04-08 09:52:50] [SUCCESS] bvid=BV1uNX9BPEkL 已成功抓取全部所需数据。
[2026-04-08 09:52:55] [SUCCESS] bvid=BV1DN9jBaEBE 已成功抓取全部所需数据。
[2026-04-08 09:53:00] [SUCCESS] bvid=BV1aN9jBaEcQ 已成功抓取全部所需数据。
[2026-04-08 09:53:06] [SUCCESS] bvid=BV1QN9jBaETX 已成功抓取全部所需数据。
[2026-04-08 09:53:12] [SUCCESS] bvid=BV1iQ9LB3EqT 已成功抓取全部所需数据。
[2026-04-08 09:53:17] [SUCCESS] bvid=BV1DN9jBaELw 已成功抓取全部所需数据。
[2026-04-08 09:53:23] [SUCCESS] bvid=BV1hT9jBcEx3 已成功抓取全部所需数据。
[2026-04-08 09:53:28] [SUCCESS] bvid=BV18T9jBcEcL 已成功抓取全部所需数据。
[2026-04-08 09:53:34] [SUCCESS] bvid=BV1hT9jBcEui 已成功抓取全部所需数据。
[2026-04-08 09:53:39] [SUCCESS] bvid=BV1hT9jBcEMy 已成功抓取全部所需数据。
[2026-04-08 09:53:45] [SUCCESS] bvid=BV1bT9jBcERf 已成功抓取全部所需数据。
[2026-04-08 09:53:51] [SUCCESS] bvid=BV1zS9LBkEnM 已成功抓取全部所需数据。
[2026-04-08 09:53:56] [SUCCESS] bvid=BV1zS9LBkEJm 已成功抓取全部所需数据。
[2026-04-08 09:54:02] [SUCCESS] bvid=BV1ZS9LBkEBx 已成功抓取全部所需数据。
[2026-04-08 09:54:07] [SUCCESS] bvid=BV1BS9LBkEMo 已成功抓取全部所需数据。
[2026-04-08 09:54:12] [SUCCESS] bvid=BV1jQ9LBGEYG 已成功抓取全部所需数据。
[2026-04-08 09:54:18] [SUCCESS] bvid=BV1EQ9LBGEAy 已成功抓取全部所需数据。
[2026-04-08 09:54:23] [SUCCESS] bvid=BV1iQ9LB3EqE 已成功抓取全部所需数据。
[2026-04-08 09:54:28] [SUCCESS] bvid=BV1629LByEYp 已成功抓取全部所需数据。
[2026-04-08 09:54:34] [SUCCESS] bvid=BV1F29LB1E9T 已成功抓取全部所需数据。
[2026-04-08 09:54:39] [SUCCESS] bvid=BV1629LByEip 已成功抓取全部所需数据。
[2026-04-08 09:54:44] [SUCCESS] bvid=BV1fU9LBVEYA 已成功抓取全部所需数据。
[2026-04-08 09:54:50] [SUCCESS] bvid=BV1zU9LBVEQ3 已成功抓取全部所需数据。
[2026-04-08 09:54:55] [SUCCESS] bvid=BV1LG9VBcEDV 已成功抓取全部所需数据。
[2026-04-08 09:55:00] [SUCCESS] bvid=BV1id9LBBEPX 已成功抓取全部所需数据。
[2026-04-08 09:55:06] [SUCCESS] bvid=BV1Rd9LBBEQY 已成功抓取全部所需数据。
[2026-04-08 09:55:11] [SUCCESS] bvid=BV1id9LBBEMo 已成功抓取全部所需数据。
[2026-04-08 09:55:17] [SUCCESS] bvid=BV1Rd9LBBEpz 已成功抓取全部所需数据。
[2026-04-08 09:55:22] [SUCCESS] bvid=BV1K4XzBXEYc 已成功抓取全部所需数据。
[2026-04-08 09:55:28] [SUCCESS] bvid=BV1sG9GB3Egh 已成功抓取全部所需数据。
[2026-04-08 09:55:34] [SUCCESS] bvid=BV1KLXkBZENH 已成功抓取全部所需数据。
[2026-04-08 09:55:39] [SUCCESS] bvid=BV1k6XrBDE7U 已成功抓取全部所需数据。
[2026-04-08 09:55:45] [SUCCESS] bvid=BV1eZ9LBTEUA 已成功抓取全部所需数据。
[2026-04-08 09:55:50] [SUCCESS] bvid=BV1qX9LB6EH2 已成功抓取全部所需数据。
[2026-04-08 09:55:56] [SUCCESS] bvid=BV1ZX9LB6EpK 已成功抓取全部所需数据。
[2026-04-08 09:56:01] [SUCCESS] bvid=BV1LR9LBgECn 已成功抓取全部所需数据。
[2026-04-08 09:56:07] [SUCCESS] bvid=BV1dg9VBhEXf 已成功抓取全部所需数据。
[2026-04-08 09:56:12] [SUCCESS] bvid=BV1LG9VBcE8W 已成功抓取全部所需数据。
[2026-04-08 09:56:18] [SUCCESS] bvid=BV1RG9VBFEKY 已成功抓取全部所需数据。
[2026-04-08 09:56:23] [SUCCESS] bvid=BV1rjXBB6ETM 已成功抓取全部所需数据。
[2026-04-08 09:56:29] [SUCCESS] bvid=BV1bx9VBHEsy 已成功抓取全部所需数据。
[2026-04-08 09:56:35] [SUCCESS] bvid=BV1dT9VBYEQz 已成功抓取全部所需数据。
[2026-04-08 09:56:40] [SUCCESS] bvid=BV1VnXCBVE8F 已成功抓取全部所需数据。
[2026-04-08 09:56:46] [SUCCESS] bvid=BV1ZT9VBYEJ4 已成功抓取全部所需数据。
[2026-04-08 09:56:51] [SUCCESS] bvid=BV1oT9VBYEoU 已成功抓取全部所需数据。
[2026-04-08 09:56:57] [SUCCESS] bvid=BV1ZT9VBYEjw 已成功抓取全部所需数据。
[2026-04-08 09:57:03] [SUCCESS] bvid=BV17T9VBeEcp 已成功抓取全部所需数据。
[2026-04-08 09:57:08] [SUCCESS] bvid=BV1Fc9VBBEGo 已成功抓取全部所需数据。
[2026-04-08 09:57:14] [SUCCESS] bvid=BV1ju9VBAEZH 已成功抓取全部所需数据。
[2026-04-08 09:57:20] [SUCCESS] bvid=BV1ou9VBwEci 已成功抓取全部所需数据。
[2026-04-08 09:57:25] [SUCCESS] bvid=BV12xXzBpExQ 已成功抓取全部所需数据。
[2026-04-08 09:57:31] [SUCCESS] bvid=BV1c2XCBxEcs 已成功抓取全部所需数据。
[2026-04-08 09:57:36] [SUCCESS] bvid=BV1wCXCBtECD 已成功抓取全部所需数据。
[2026-04-08 09:57:41] [SUCCESS] bvid=BV164XkBJECX 已成功抓取全部所需数据。
[2026-04-08 09:57:47] [SUCCESS] bvid=BV1CyQUBMENq 已成功抓取全部所需数据。
[2026-04-08 09:57:52] [SUCCESS] bvid=BV1GkXkBuEFK 已成功抓取全部所需数据。
[2026-04-08 09:57:58] [SUCCESS] bvid=BV1C6XCBbEpF 已成功抓取全部所需数据。
[2026-04-08 09:58:04] [SUCCESS] bvid=BV1c6XrBQEka 已成功抓取全部所需数据。
[2026-04-08 09:58:09] [SUCCESS] bvid=BV1ViX6BvEmo 已成功抓取全部所需数据。
[2026-04-08 10:00:16] [SUCCESS] bvid=BV1eU93BoEQU 已成功抓取全部所需数据。
[2026-04-08 10:00:22] [SUCCESS] bvid=BV1Hj9GBBEBL 已成功抓取全部所需数据。
[2026-04-08 10:00:28] [SUCCESS] bvid=BV1BDXCBQE5w 已成功抓取全部所需数据。
[2026-04-08 10:00:33] [SUCCESS] bvid=BV1PXX6B9Ewn 已成功抓取全部所需数据。
[2026-04-08 10:00:39] [SUCCESS] bvid=BV1pZX6BnExp 已成功抓取全部所需数据。
[2026-04-08 10:00:44] [SUCCESS] bvid=BV1rvXqBBESL 已成功抓取全部所需数据。
[2026-04-08 10:00:50] [SUCCESS] bvid=BV19j9VB4EuG 已成功抓取全部所需数据。
[2026-04-08 10:00:50] [INFO] 当前 batch_crawl 已完成，所有视频均已成功抓取。
[2026-04-08 10:00:50] 子任务结束时间：2026-04-08T10:00:50.424338
[TIMESTAMP][END] 2026-04-08T10:00:50
