[TIMESTAMP][BEGIN] 2026-04-08T07:32:12
[2026-04-08 07:32:15] 开始执行 CSV 批量抓取子任务 part_39。
[2026-04-08 07:32:15] 子任务开始时间：2026-04-08T07:32:12.796745
[2026-04-08 07:32:15] 输入文件：batch_input_39.csv
[2026-04-08 07:32:15] 输入唯一 bvid 数量：100
[2026-04-08 07:32:15] 为严格按 CSV 顺序判断连续失败阈值，本次任务自动将并发度从 2 调整为 1。
[2026-04-08 07:32:20] [SUCCESS] bvid=BV1w79WBqEHa 已成功抓取全部所需数据。
[2026-04-08 07:32:25] [SUCCESS] bvid=BV1er9EB1EmK 已成功抓取全部所需数据。
[2026-04-08 07:32:30] [SUCCESS] bvid=BV1su9cByE7L 已成功抓取全部所需数据。
[2026-04-08 07:32:36] [SUCCESS] bvid=BV1xu9cByEGW 已成功抓取全部所需数据。
[2026-04-08 07:32:41] [SUCCESS] bvid=BV1C39cBGEs3 已成功抓取全部所需数据。
[2026-04-08 07:32:46] [SUCCESS] bvid=BV1iAAZz7Ep5 已成功抓取全部所需数据。
[2026-04-08 07:32:51] [SUCCESS] bvid=BV15r9EB1E2p 已成功抓取全部所需数据。
[2026-04-08 07:32:57] [SUCCESS] bvid=BV14JXZBgEDu 已成功抓取全部所需数据。
[2026-04-08 07:33:02] [SUCCESS] bvid=BV1P4XZBvEYe 已成功抓取全部所需数据。
[2026-04-08 07:33:07] [SUCCESS] bvid=BV1C4XZBYEBX 已成功抓取全部所需数据。
[2026-04-08 07:33:13] [SUCCESS] bvid=BV1CbXZBPECb 已成功抓取全部所需数据。
[2026-04-08 07:33:18] [SUCCESS] bvid=BV1s4XZBvEwh 已成功抓取全部所需数据。
[2026-04-08 07:33:23] [SUCCESS] bvid=BV1k4XZBYE8h 已成功抓取全部所需数据。
[2026-04-08 07:33:28] [SUCCESS] bvid=BV1y4XZBvEDZ 已成功抓取全部所需数据。
[2026-04-08 07:33:34] [SUCCESS] bvid=BV1P4XZBvE8v 已成功抓取全部所需数据。
[2026-04-08 07:33:38] [SUCCESS] bvid=BV1s4XZBvEFp 已成功抓取全部所需数据。
[2026-04-08 07:33:43] [SUCCESS] bvid=BV1P4XZBvE1Q 已成功抓取全部所需数据。
[2026-04-08 07:33:48] [SUCCESS] bvid=BV1AbXZBPESY 已成功抓取全部所需数据。
[2026-04-08 07:33:53] [SUCCESS] bvid=BV1s4XZBvEcs 已成功抓取全部所需数据。
[2026-04-08 07:33:58] [SUCCESS] bvid=BV15r9EB1Etz 已成功抓取全部所需数据。
[2026-04-08 07:34:04] [SUCCESS] bvid=BV13SXZBSEnR 已成功抓取全部所需数据。
[2026-04-08 07:34:09] [SUCCESS] bvid=BV1w59WBzEwB 已成功抓取全部所需数据。
[2026-04-08 07:34:14] [SUCCESS] bvid=BV1WZXhB8EdV 已成功抓取全部所需数据。
[2026-04-08 07:34:19] [SUCCESS] bvid=BV1R1XZBHEJK 已成功抓取全部所需数据。
[2026-04-08 07:34:24] [SUCCESS] bvid=BV1TfXZBCEhf 已成功抓取全部所需数据。
[2026-04-08 07:34:29] [SUCCESS] bvid=BV1AbXZBPEbL 已成功抓取全部所需数据。
[2026-04-08 07:34:34] [SUCCESS] bvid=BV1NWXZBqEDh 已成功抓取全部所需数据。
[2026-04-08 07:34:39] [SUCCESS] bvid=BV1HNXeBaEYT 已成功抓取全部所需数据。
[2026-04-08 07:34:44] [SUCCESS] bvid=BV1uVXZB5EzH 已成功抓取全部所需数据。
[2026-04-08 07:34:50] [SUCCESS] bvid=BV1Q7XzBZE4F 已成功抓取全部所需数据。
[2026-04-08 07:34:55] [SUCCESS] bvid=BV1g3XZB1EzY 已成功抓取全部所需数据。
[2026-04-08 07:35:00] [SUCCESS] bvid=BV1sE9jBXEEY 已成功抓取全部所需数据。
[2026-04-08 07:35:05] [SUCCESS] bvid=BV1KN9WB1Emp 已成功抓取全部所需数据。
[2026-04-08 07:35:10] [SUCCESS] bvid=BV1qhXMBUE5y 已成功抓取全部所需数据。
[2026-04-08 07:35:16] [SUCCESS] bvid=BV1rVXfBAEZH 已成功抓取全部所需数据。
[2026-04-08 07:35:22] [SUCCESS] bvid=BV1VtXfB9EZ9 已成功抓取全部所需数据。
[2026-04-08 07:35:27] [SUCCESS] bvid=BV1pt9EBsEgp 已成功抓取全部所需数据。
[2026-04-08 07:35:32] [SUCCESS] bvid=BV1QSXZBUEse 已成功抓取全部所需数据。
[2026-04-08 07:35:38] [SUCCESS] bvid=BV1DJ9VBsE8E 已成功抓取全部所需数据。
[2026-04-08 07:35:43] [SUCCESS] bvid=BV1NxXZBKEEp 已成功抓取全部所需数据。
[2026-04-08 07:35:48] [SUCCESS] bvid=BV1FV9JB9E7x 已成功抓取全部所需数据。
[2026-04-08 07:35:53] [SUCCESS] bvid=BV1t4XzBXEVL 已成功抓取全部所需数据。
[2026-04-08 07:35:58] [SUCCESS] bvid=BV1Qb9JBkEJv 已成功抓取全部所需数据。
[2026-04-08 07:36:04] [SUCCESS] bvid=BV1Kf9EBPECd 已成功抓取全部所需数据。
[2026-04-08 07:36:09] [SUCCESS] bvid=BV1ZqXZBoEvL 已成功抓取全部所需数据。
[2026-04-08 07:36:14] [SUCCESS] bvid=BV1WUXfBuEuh 已成功抓取全部所需数据。
[2026-04-08 07:36:19] [SUCCESS] bvid=BV1KWXZBqEFe 已成功抓取全部所需数据。
[2026-04-08 07:36:24] [SUCCESS] bvid=BV11WXZBqEpL 已成功抓取全部所需数据。
[2026-04-08 07:36:29] [SUCCESS] bvid=BV1sWXZBqEuz 已成功抓取全部所需数据。
[2026-04-08 07:36:34] [SUCCESS] bvid=BV1PxXZBKE6x 已成功抓取全部所需数据。
[2026-04-08 07:36:40] [SUCCESS] bvid=BV1AxXZBKEfn 已成功抓取全部所需数据。
[2026-04-08 07:36:45] [SUCCESS] bvid=BV1PxXZBKEFK 已成功抓取全部所需数据。
[2026-04-08 07:36:50] [SUCCESS] bvid=BV1NxXZBKEB4 已成功抓取全部所需数据。
[2026-04-08 07:36:56] [SUCCESS] bvid=BV1sxXZBKEzF 已成功抓取全部所需数据。
[2026-04-08 07:37:01] [SUCCESS] bvid=BV1PxXZBKE5K 已成功抓取全部所需数据。
[2026-04-08 07:37:07] [SUCCESS] bvid=BV1EvXZBFEap 已成功抓取全部所需数据。
[2026-04-08 07:37:12] [SUCCESS] bvid=BV1cYXZBhE4U 已成功抓取全部所需数据。
[2026-04-08 07:37:17] [SUCCESS] bvid=BV1nYXZBhEZE 已成功抓取全部所需数据。
[2026-04-08 07:37:23] [SUCCESS] bvid=BV1wYXZBhEFV 已成功抓取全部所需数据。
[2026-04-08 07:37:28] [SUCCESS] bvid=BV1nYXZBhEes 已成功抓取全部所需数据。
[2026-04-08 07:37:34] [SUCCESS] bvid=BV1FYXZBhExH 已成功抓取全部所需数据。
[2026-04-08 07:37:39] [SUCCESS] bvid=BV1hVXZB5EW2 已成功抓取全部所需数据。
[2026-04-08 07:37:44] [SUCCESS] bvid=BV1f7XfB8EFK 已成功抓取全部所需数据。
[2026-04-08 07:37:49] [SUCCESS] bvid=BV1EJXfBFEcv 已成功抓取全部所需数据。
[2026-04-08 07:37:54] [SUCCESS] bvid=BV1A8XZBYETJ 已成功抓取全部所需数据。
[2026-04-08 07:38:00] [SUCCESS] bvid=BV14S95B9E5T 已成功抓取全部所需数据。
[2026-04-08 07:38:05] [SUCCESS] bvid=BV1p8XZBYE58 已成功抓取全部所需数据。
[2026-04-08 07:38:10] [SUCCESS] bvid=BV16jXfBcE2q 已成功抓取全部所需数据。
[2026-04-08 07:38:15] [SUCCESS] bvid=BV1w8XZBYEoA 已成功抓取全部所需数据。
[2026-04-08 07:38:20] [SUCCESS] bvid=BV1A8XZBYEgJ 已成功抓取全部所需数据。
[2026-04-08 07:38:25] [SUCCESS] bvid=BV185XZBCEsL 已成功抓取全部所需数据。
[2026-04-08 07:38:30] [SUCCESS] bvid=BV1waXZBwEgw 已成功抓取全部所需数据。
[2026-04-08 07:38:35] [SUCCESS] bvid=BV1caXZBwEvk 已成功抓取全部所需数据。
[2026-04-08 07:38:40] [SUCCESS] bvid=BV141XfB3E7W 已成功抓取全部所需数据。
[2026-04-08 07:38:46] [SUCCESS] bvid=BV1g5XZBCE5Y 已成功抓取全部所需数据。
[2026-04-08 07:38:51] [SUCCESS] bvid=BV1h5XZBCETN 已成功抓取全部所需数据。
[2026-04-08 07:38:56] [SUCCESS] bvid=BV1u5XZBCE5s 已成功抓取全部所需数据。
[2026-04-08 07:39:00] [SUCCESS] bvid=BV185XZBCEkG 已成功抓取全部所需数据。
[2026-04-08 07:39:05] [SUCCESS] bvid=BV1g5XZBCE5T 已成功抓取全部所需数据。
[2026-04-08 07:39:10] [SUCCESS] bvid=BV1WgXBByEzK 已成功抓取全部所需数据。
[2026-04-08 07:39:15] [SUCCESS] bvid=BV1Qh9JB3EmQ 已成功抓取全部所需数据。
[2026-04-08 07:39:20] [SUCCESS] bvid=BV1x1XfB3Ekb 已成功抓取全部所需数据。
[2026-04-08 07:39:26] [SUCCESS] bvid=BV1AdXQBHEC7 已成功抓取全部所需数据。
[2026-04-08 07:39:31] [SUCCESS] bvid=BV1VSXZBSE4F 已成功抓取全部所需数据。
[2026-04-08 07:39:36] [SUCCESS] bvid=BV1Se9JBuEjP 已成功抓取全部所需数据。
[2026-04-08 07:39:41] [SUCCESS] bvid=BV1gjXZBVEw3 已成功抓取全部所需数据。
[2026-04-08 07:39:51] [SUCCESS] bvid=BV18jXZBGEpT 已成功抓取全部所需数据。
[2026-04-08 07:39:56] [SUCCESS] bvid=BV1ujXZBGEsv 已成功抓取全部所需数据。
[2026-04-08 07:40:01] [SUCCESS] bvid=BV1D3XZB1EqS 已成功抓取全部所需数据。
[2026-04-08 07:40:06] [SUCCESS] bvid=BV1g3XZB1E63 已成功抓取全部所需数据。
[2026-04-08 07:40:11] [SUCCESS] bvid=BV1g3XZB1E7Z 已成功抓取全部所需数据。
[2026-04-08 07:40:17] [SUCCESS] bvid=BV1g3XZB1EzG 已成功抓取全部所需数据。
[2026-04-08 07:40:22] [SUCCESS] bvid=BV1uVXZB5EXW 已成功抓取全部所需数据。
[2026-04-08 07:40:27] [SUCCESS] bvid=BV18VXZB5EW3 已成功抓取全部所需数据。
[2026-04-08 07:40:33] [SUCCESS] bvid=BV14nXZBzE1A 已成功抓取全部所需数据。
[2026-04-08 07:40:38] [SUCCESS] bvid=BV1yTXfBTEzR 已成功抓取全部所需数据。
[2026-04-08 07:40:43] [SUCCESS] bvid=BV1YN9EBgEwA 已成功抓取全部所需数据。
[2026-04-08 07:40:48] [SUCCESS] bvid=BV1hVXZB5Eab 已成功抓取全部所需数据。
[2026-04-08 07:40:54] [SUCCESS] bvid=BV1SVXZB5Eei 已成功抓取全部所需数据。
[2026-04-08 07:41:15] [SUCCESS] bvid=BV1mnXZBzErX 已成功抓取全部所需数据。
[2026-04-08 07:41:15] [INFO] 当前 batch_crawl 已完成，所有视频均已成功抓取。
[2026-04-08 07:41:15] 子任务结束时间：2026-04-08T07:41:15.592809
[TIMESTAMP][END] 2026-04-08T07:41:15
