[TIMESTAMP][BEGIN] 2026-04-08T07:49:53
[2026-04-08 07:49:56] 开始执行 CSV 批量抓取子任务 part_41。
[2026-04-08 07:49:56] 子任务开始时间：2026-04-08T07:49:53.923596
[2026-04-08 07:49:56] 输入文件：batch_input_41.csv
[2026-04-08 07:49:56] 输入唯一 bvid 数量：100
[2026-04-08 07:49:56] 为严格按 CSV 顺序判断连续失败阈值，本次任务自动将并发度从 2 调整为 1。
[2026-04-08 07:50:01] [SUCCESS] bvid=BV1BjXfBcEkJ 已成功抓取全部所需数据。
[2026-04-08 07:50:07] [SUCCESS] bvid=BV1E7XfBhE1s 已成功抓取全部所需数据。
[2026-04-08 07:50:12] [SUCCESS] bvid=BV1B7XfB8EF1 已成功抓取全部所需数据。
[2026-04-08 07:50:17] [SUCCESS] bvid=BV1z7XfB8E1q 已成功抓取全部所需数据。
[2026-04-08 07:50:22] [SUCCESS] bvid=BV167XfB8EGy 已成功抓取全部所需数据。
[2026-04-08 07:50:27] [SUCCESS] bvid=BV1B7XfB8EdG 已成功抓取全部所需数据。
[2026-04-08 07:50:33] [SUCCESS] bvid=BV1fjezzCEpT 已成功抓取全部所需数据。
[2026-04-08 07:50:38] [SUCCESS] bvid=BV1wVXfBPEU8 已成功抓取全部所需数据。
[2026-04-08 07:50:43] [SUCCESS] bvid=BV1rVXfBAEZf 已成功抓取全部所需数据。
[2026-04-08 07:50:48] [SUCCESS] bvid=BV1cVXfBPEV2 已成功抓取全部所需数据。
[2026-04-08 07:50:53] [SUCCESS] bvid=BV1r5XfBaEBp 已成功抓取全部所需数据。
[2026-04-08 07:50:58] [SUCCESS] bvid=BV1qnXfBtEsk 已成功抓取全部所需数据。
[2026-04-08 07:51:03] [SUCCESS] bvid=BV1qHXfBoEai 已成功抓取全部所需数据。
[2026-04-08 07:51:08] [SUCCESS] bvid=BV1dHXfBoERU 已成功抓取全部所需数据。
[2026-04-08 07:51:13] [SUCCESS] bvid=BV1iHXfBoEHz 已成功抓取全部所需数据。
[2026-04-08 07:51:18] [SUCCESS] bvid=BV1GtXeB2Egz 已成功抓取全部所需数据。
[2026-04-08 07:51:23] [SUCCESS] bvid=BV1iWXfBxEsB 已成功抓取全部所需数据。
[2026-04-08 07:51:28] [SUCCESS] bvid=BV1BnXfBbEa7 已成功抓取全部所需数据。
[2026-04-08 07:51:33] [SUCCESS] bvid=BV11PXfBuEc6 已成功抓取全部所需数据。
[2026-04-08 07:51:38] [SUCCESS] bvid=BV12PXfBgEdC 已成功抓取全部所需数据。
[2026-04-08 07:51:43] [SUCCESS] bvid=BV11NXfBBEt2 已成功抓取全部所需数据。
[2026-04-08 07:51:48] [SUCCESS] bvid=BV1AgXfBKEX7 已成功抓取全部所需数据。
[2026-04-08 07:51:54] [SUCCESS] bvid=BV1NPXfBgE1D 已成功抓取全部所需数据。
[2026-04-08 07:51:59] [SUCCESS] bvid=BV11NXfBBEY6 已成功抓取全部所需数据。
[2026-04-08 07:52:04] [SUCCESS] bvid=BV11NXfBBEvt 已成功抓取全部所需数据。
[2026-04-08 07:52:09] [SUCCESS] bvid=BV1yNXfBBEh2 已成功抓取全部所需数据。
[2026-04-08 07:52:14] [SUCCESS] bvid=BV1UcXfB3EAx 已成功抓取全部所需数据。
[2026-04-08 07:52:20] [SUCCESS] bvid=BV12cXfB3Enw 已成功抓取全部所需数据。
[2026-04-08 07:52:25] [SUCCESS] bvid=BV1tcXfBGEX6 已成功抓取全部所需数据。
[2026-04-08 07:52:30] [SUCCESS] bvid=BV1mcXfB3Emy 已成功抓取全部所需数据。
[2026-04-08 07:52:35] [SUCCESS] bvid=BV1mcXfB3Egb 已成功抓取全部所需数据。
[2026-04-08 07:52:40] [SUCCESS] bvid=BV1kd9WB6EC2 已成功抓取全部所需数据。
[2026-04-08 07:52:46] [SUCCESS] bvid=BV12wXfB6ENm 已成功抓取全部所需数据。
[2026-04-08 07:52:51] [SUCCESS] bvid=BV14wXfBrEZC 已成功抓取全部所需数据。
[2026-04-08 07:52:56] [SUCCESS] bvid=BV1etXfBXEqL 已成功抓取全部所需数据。
[2026-04-08 07:53:01] [SUCCESS] bvid=BV1CgXfBNEL5 已成功抓取全部所需数据。
[2026-04-08 07:53:06] [SUCCESS] bvid=BV1r3XfBeEyz 已成功抓取全部所需数据。
[2026-04-08 07:53:11] [SUCCESS] bvid=BV1C3XfBeEAi 已成功抓取全部所需数据。
[2026-04-08 07:53:16] [SUCCESS] bvid=BV1yTXfBTEyK 已成功抓取全部所需数据。
[2026-04-08 07:53:21] [SUCCESS] bvid=BV1b6XfByEKM 已成功抓取全部所需数据。
[2026-04-08 07:53:26] [SUCCESS] bvid=BV1bzXfBLErC 已成功抓取全部所需数据。
[2026-04-08 07:53:31] [SUCCESS] bvid=BV18qXfB2ExW 已成功抓取全部所需数据。
[2026-04-08 07:53:36] [SUCCESS] bvid=BV1tzXfBLEtr 已成功抓取全部所需数据。
[2026-04-08 07:53:41] [SUCCESS] bvid=BV1uzXfBjEo1 已成功抓取全部所需数据。
[2026-04-08 07:53:46] [SUCCESS] bvid=BV1tzXfBLEb2 已成功抓取全部所需数据。
[2026-04-08 07:53:51] [SUCCESS] bvid=BV1SzXfBLEB8 已成功抓取全部所需数据。
[2026-04-08 07:53:56] [SUCCESS] bvid=BV1e8XfBHEuA 已成功抓取全部所需数据。
[2026-04-08 07:54:01] [SUCCESS] bvid=BV14CXfBkEff 已成功抓取全部所需数据。
[2026-04-08 07:54:07] [SUCCESS] bvid=BV1mCXfBkE7e 已成功抓取全部所需数据。
[2026-04-08 07:54:12] [SUCCESS] bvid=BV1xCXfBkEQS 已成功抓取全部所需数据。
[2026-04-08 07:54:17] [SUCCESS] bvid=BV1TCXfBCE6p 已成功抓取全部所需数据。
[2026-04-08 07:54:22] [SUCCESS] bvid=BV1x1XfB3ErU 已成功抓取全部所需数据。
[2026-04-08 07:54:27] [SUCCESS] bvid=BV1x1XfB3EKM 已成功抓取全部所需数据。
[2026-04-08 07:54:33] [SUCCESS] bvid=BV1s1XfBGEbk 已成功抓取全部所需数据。
[2026-04-08 07:54:37] [SUCCESS] bvid=BV1YtXfBXEer 已成功抓取全部所需数据。
[2026-04-08 07:54:42] [SUCCESS] bvid=BV1RtXfBXEqE 已成功抓取全部所需数据。
[2026-04-08 07:54:47] [SUCCESS] bvid=BV1TM9WBCEM1 已成功抓取全部所需数据。
[2026-04-08 07:54:53] [SUCCESS] bvid=BV1eG9sBfEhC 已成功抓取全部所需数据。
[2026-04-08 07:54:58] [SUCCESS] bvid=BV1Y8XfBHEww 已成功抓取全部所需数据。
[2026-04-08 07:55:03] [SUCCESS] bvid=BV198XfBHELG 已成功抓取全部所需数据。
[2026-04-08 07:55:08] [SUCCESS] bvid=BV1Y8XfBHEE1 已成功抓取全部所需数据。
[2026-04-08 07:55:13] [SUCCESS] bvid=BV1G8XfBpEVr 已成功抓取全部所需数据。
[2026-04-08 07:55:18] [SUCCESS] bvid=BV1a8XfBHEXW 已成功抓取全部所需数据。
[2026-04-08 07:55:30] [SUCCESS] bvid=BV1vsXfBRET5 已成功抓取全部所需数据。
[2026-04-08 07:55:35] [SUCCESS] bvid=BV1ei95BYEA4 已成功抓取全部所需数据。
[2026-04-08 07:55:40] [SUCCESS] bvid=BV1E4XMBHEd5 已成功抓取全部所需数据。
[2026-04-08 07:55:45] [SUCCESS] bvid=BV1HFX8BJEro 已成功抓取全部所需数据。
[2026-04-08 07:55:51] [SUCCESS] bvid=BV1nK97BDEn8 已成功抓取全部所需数据。
[2026-04-08 07:55:56] [SUCCESS] bvid=BV1v4XfBWEvW 已成功抓取全部所需数据。
[2026-04-08 07:55:56] [ERROR] bvid=BV1QeXfBUEzj 抓取失败：stat: 接口返回错误代码：62002，信息：稿件不可见。
{'code': 62002, 'message': '稿件不可见', 'ttl': 1} | comment: 接口返回错误代码：62002，信息：稿件不可见。
{'code': 62002, 'message': '稿件不可见', 'ttl': 1}
[2026-04-08 07:56:01] [SUCCESS] bvid=BV1SiXfB7EQo 已成功抓取全部所需数据。
[2026-04-08 07:56:06] [SUCCESS] bvid=BV19hXfBDEgu 已成功抓取全部所需数据。
[2026-04-08 07:56:11] [SUCCESS] bvid=BV1QhXfBDE8R 已成功抓取全部所需数据。
[2026-04-08 07:56:16] [SUCCESS] bvid=BV1YhXfBDEg7 已成功抓取全部所需数据。
[2026-04-08 07:56:21] [SUCCESS] bvid=BV1YhXfBDEWc 已成功抓取全部所需数据。
[2026-04-08 07:56:27] [SUCCESS] bvid=BV1QhXfBDEts 已成功抓取全部所需数据。
[2026-04-08 07:56:31] [SUCCESS] bvid=BV1uc9WBEEjE 已成功抓取全部所需数据。
[2026-04-08 07:56:37] [SUCCESS] bvid=BV1uc9WBEELm 已成功抓取全部所需数据。
[2026-04-08 07:56:42] [SUCCESS] bvid=BV1gc9WBEEWU 已成功抓取全部所需数据。
[2026-04-08 07:56:47] [SUCCESS] bvid=BV13d9pBQEaq 已成功抓取全部所需数据。
[2026-04-08 07:56:52] [SUCCESS] bvid=BV14T9WB5E3e 已成功抓取全部所需数据。
[2026-04-08 07:56:57] [SUCCESS] bvid=BV1MN9WB1EPU 已成功抓取全部所需数据。
[2026-04-08 07:57:02] [SUCCESS] bvid=BV1KT9WB5EXf 已成功抓取全部所需数据。
[2026-04-08 07:57:07] [SUCCESS] bvid=BV1UP9WBjEXe 已成功抓取全部所需数据。
[2026-04-08 07:57:12] [SUCCESS] bvid=BV1KT9WB5E9Z 已成功抓取全部所需数据。
[2026-04-08 07:57:17] [SUCCESS] bvid=BV1q997BmETc 已成功抓取全部所需数据。
[2026-04-08 07:57:23] [SUCCESS] bvid=BV1Mw9WBmEix 已成功抓取全部所需数据。
[2026-04-08 07:57:28] [SUCCESS] bvid=BV1uw9WBmEbr 已成功抓取全部所需数据。
[2026-04-08 07:57:33] [SUCCESS] bvid=BV1e39sB8EZh 已成功抓取全部所需数据。
[2026-04-08 07:57:38] [SUCCESS] bvid=BV14P9WBjEYi 已成功抓取全部所需数据。
[2026-04-08 07:57:43] [SUCCESS] bvid=BV1j29pBZEws 已成功抓取全部所需数据。
[2026-04-08 07:57:48] [SUCCESS] bvid=BV1L29pBZEmv 已成功抓取全部所需数据。
[2026-04-08 07:57:53] [SUCCESS] bvid=BV1Ee9EBnE8N 已成功抓取全部所需数据。
[2026-04-08 07:57:58] [SUCCESS] bvid=BV1j29pBZEXh 已成功抓取全部所需数据。
[2026-04-08 07:58:03] [SUCCESS] bvid=BV1iU9pB4E4g 已成功抓取全部所需数据。
[2026-04-08 07:58:08] [SUCCESS] bvid=BV15U9pB4E14 已成功抓取全部所需数据。
[2026-04-08 07:58:13] [SUCCESS] bvid=BV15U9pB4E12 已成功抓取全部所需数据。
[2026-04-08 07:58:18] [SUCCESS] bvid=BV1Ey9pBFEvS 已成功抓取全部所需数据。
[2026-04-08 07:58:24] [SUCCESS] bvid=BV1j19pBbE3w 已成功抓取全部所需数据。
[2026-04-08 07:58:29] [SUCCESS] bvid=BV1VX9pB9EXx 已成功抓取全部所需数据。
[2026-04-08 07:58:29] [WARN] 当前子任务已结束，但仍有未成功抓取的视频，已导出 remaining CSV 供继续执行。
[2026-04-08 07:58:29] [INFO] 已导出剔除成功条目后的剩余 CSV：D:\Schoolworks\Thesis\Bilibili-Datahub\outputs\video_data\manual_crawls\manual_crawl_stat_comment_20260407_223150\remaining_bvids_part_41.csv
[2026-04-08 07:58:29] 子任务结束时间：2026-04-08T07:58:29.054137
[TIMESTAMP][END] 2026-04-08T07:58:29
