[TIMESTAMP][BEGIN] 2026-04-08T09:31:32
[2026-04-08 09:31:34] 开始执行 CSV 批量抓取子任务 part_50。
[2026-04-08 09:31:34] 子任务开始时间：2026-04-08T09:31:32.332488
[2026-04-08 09:31:34] 输入文件：batch_input_50.csv
[2026-04-08 09:31:34] 输入唯一 bvid 数量：100
[2026-04-08 09:31:34] 为严格按 CSV 顺序判断连续失败阈值，本次任务自动将并发度从 2 调整为 1。
[2026-04-08 09:31:40] [SUCCESS] bvid=BV1MU95BsEPX 已成功抓取全部所需数据。
[2026-04-08 09:31:45] [SUCCESS] bvid=BV1tS95B9Eij 已成功抓取全部所需数据。
[2026-04-08 09:31:51] [SUCCESS] bvid=BV14S95B9EVJ 已成功抓取全部所需数据。
[2026-04-08 09:31:56] [SUCCESS] bvid=BV1MU95BsEUW 已成功抓取全部所需数据。
[2026-04-08 09:32:02] [SUCCESS] bvid=BV14U95BsEah 已成功抓取全部所需数据。
[2026-04-08 09:32:07] [SUCCESS] bvid=BV1uU95BsEjn 已成功抓取全部所需数据。
[2026-04-08 09:32:13] [SUCCESS] bvid=BV1MS95B9EKQ 已成功抓取全部所需数据。
[2026-04-08 09:32:19] [SUCCESS] bvid=BV1tS95B9Et5 已成功抓取全部所需数据。
[2026-04-08 09:32:24] [SUCCESS] bvid=BV1Ds9LBfEfX 已成功抓取全部所需数据。
[2026-04-08 09:32:30] [SUCCESS] bvid=BV1g195B4ETr 已成功抓取全部所需数据。
[2026-04-08 09:32:36] [SUCCESS] bvid=BV1g195B4EYn 已成功抓取全部所需数据。
[2026-04-08 09:32:42] [SUCCESS] bvid=BV12S95B9E1B 已成功抓取全部所需数据。
[2026-04-08 09:32:48] [SUCCESS] bvid=BV1tS95B9En8 已成功抓取全部所需数据。
[2026-04-08 09:32:53] [SUCCESS] bvid=BV1b195B4EX3 已成功抓取全部所需数据。
[2026-04-08 09:32:59] [SUCCESS] bvid=BV1g195B4Erp 已成功抓取全部所需数据。
[2026-04-08 09:33:04] [SUCCESS] bvid=BV1u295BdEde 已成功抓取全部所需数据。
[2026-04-08 09:33:09] [SUCCESS] bvid=BV1M295BdEJP 已成功抓取全部所需数据。
[2026-04-08 09:33:15] [SUCCESS] bvid=BV1u295BdErA 已成功抓取全部所需数据。
[2026-04-08 09:33:20] [SUCCESS] bvid=BV1u295BdEaK 已成功抓取全部所需数据。
[2026-04-08 09:33:25] [SUCCESS] bvid=BV1NR95BnE3o 已成功抓取全部所需数据。
[2026-04-08 09:33:31] [SUCCESS] bvid=BV1Nd95BSEuq 已成功抓取全部所需数据。
[2026-04-08 09:33:36] [SUCCESS] bvid=BV1KQ95BpEbH 已成功抓取全部所需数据。
[2026-04-08 09:33:41] [SUCCESS] bvid=BV1KQ95BpE6Z 已成功抓取全部所需数据。
[2026-04-08 09:33:47] [SUCCESS] bvid=BV1tQ95BpEEd 已成功抓取全部所需数据。
[2026-04-08 09:33:53] [SUCCESS] bvid=BV1xX95BQEx8 已成功抓取全部所需数据。
[2026-04-08 09:33:58] [SUCCESS] bvid=BV1ei95BYE9B 已成功抓取全部所需数据。
[2026-04-08 09:34:04] [SUCCESS] bvid=BV1NX95BQE2Q 已成功抓取全部所需数据。
[2026-04-08 09:34:09] [SUCCESS] bvid=BV1NX95BQEsR 已成功抓取全部所需数据。
[2026-04-08 09:34:15] [SUCCESS] bvid=BV1KX95BQEzJ 已成功抓取全部所需数据。
[2026-04-08 09:34:20] [SUCCESS] bvid=BV1ei95BYEZP 已成功抓取全部所需数据。
[2026-04-08 09:34:26] [SUCCESS] bvid=BV15i95BYEv5 已成功抓取全部所需数据。
[2026-04-08 09:34:32] [SUCCESS] bvid=BV1XB95BwE2L 已成功抓取全部所需数据。
[2026-04-08 09:34:37] [SUCCESS] bvid=BV1Vi95BYEvT 已成功抓取全部所需数据。
[2026-04-08 09:34:43] [SUCCESS] bvid=BV15Y95BvE3X 已成功抓取全部所需数据。
[2026-04-08 09:34:49] [SUCCESS] bvid=BV1vY95BvEMA 已成功抓取全部所需数据。
[2026-04-08 09:34:55] [SUCCESS] bvid=BV1D79VBdEZS 已成功抓取全部所需数据。
[2026-04-08 09:35:00] [SUCCESS] bvid=BV1aN9jBYEEt 已成功抓取全部所需数据。
[2026-04-08 09:35:06] [SUCCESS] bvid=BV1LY95BvEfc 已成功抓取全部所需数据。
[2026-04-08 09:35:12] [SUCCESS] bvid=BV1jY95BvExb 已成功抓取全部所需数据。
[2026-04-08 09:35:17] [SUCCESS] bvid=BV1gC95BZEDc 已成功抓取全部所需数据。
[2026-04-08 09:35:23] [SUCCESS] bvid=BV1wiXzB2E3F 已成功抓取全部所需数据。
[2026-04-08 09:35:28] [SUCCESS] bvid=BV1ZqXWBfE6e 已成功抓取全部所需数据。
[2026-04-08 09:35:34] [SUCCESS] bvid=BV1SgXYBuEVk 已成功抓取全部所需数据。
[2026-04-08 09:35:39] [SUCCESS] bvid=BV1Gk95BbETK 已成功抓取全部所需数据。
[2026-04-08 09:35:44] [SUCCESS] bvid=BV13k95BbEor 已成功抓取全部所需数据。
[2026-04-08 09:35:50] [SUCCESS] bvid=BV1uC95BZEoq 已成功抓取全部所需数据。
[2026-04-08 09:35:55] [SUCCESS] bvid=BV1Vz95BhEYn 已成功抓取全部所需数据。
[2026-04-08 09:36:00] [SUCCESS] bvid=BV1Yz95BhEbh 已成功抓取全部所需数据。
[2026-04-08 09:36:06] [SUCCESS] bvid=BV1Gr95BFEjd 已成功抓取全部所需数据。
[2026-04-08 09:36:11] [SUCCESS] bvid=BV1Gr95BFEeK 已成功抓取全部所需数据。
[2026-04-08 09:36:17] [SUCCESS] bvid=BV1j39LBzE51 已成功抓取全部所需数据。
[2026-04-08 09:36:22] [SUCCESS] bvid=BV1d59LBiEed 已成功抓取全部所需数据。
[2026-04-08 09:36:28] [SUCCESS] bvid=BV1d59LBiE6e 已成功抓取全部所需数据。
[2026-04-08 09:36:33] [SUCCESS] bvid=BV1fg9LBuEuv 已成功抓取全部所需数据。
[2026-04-08 09:36:38] [SUCCESS] bvid=BV1Zg9LBuE5s 已成功抓取全部所需数据。
[2026-04-08 09:36:44] [SUCCESS] bvid=BV1Eg9LBgEnC 已成功抓取全部所需数据。
[2026-04-08 09:36:50] [SUCCESS] bvid=BV1Z39LBBEJR 已成功抓取全部所需数据。
[2026-04-08 09:36:55] [SUCCESS] bvid=BV1j39LBzEhg 已成功抓取全部所需数据。
[2026-04-08 09:37:00] [SUCCESS] bvid=BV1Vn9LBYE7n 已成功抓取全部所需数据。
[2026-04-08 09:37:05] [SUCCESS] bvid=BV1QJ9LBAErs 已成功抓取全部所需数据。
[2026-04-08 09:37:11] [SUCCESS] bvid=BV19J9LBAERg 已成功抓取全部所需数据。
[2026-04-08 09:37:17] [SUCCESS] bvid=BV19n9LBaEFC 已成功抓取全部所需数据。
[2026-04-08 09:37:22] [SUCCESS] bvid=BV1fwXDBBECa 已成功抓取全部所需数据。
[2026-04-08 09:37:28] [SUCCESS] bvid=BV1Gn9LBYEE8 已成功抓取全部所需数据。
[2026-04-08 09:37:33] [SUCCESS] bvid=BV15j9LBKENB 已成功抓取全部所需数据。
[2026-04-08 09:37:38] [SUCCESS] bvid=BV1R79LBeEKB 已成功抓取全部所需数据。
[2026-04-08 09:37:44] [SUCCESS] bvid=BV1dj9LBNEJy 已成功抓取全部所需数据。
[2026-04-08 09:37:50] [SUCCESS] bvid=BV1dj9LBNEcq 已成功抓取全部所需数据。
[2026-04-08 09:37:55] [SUCCESS] bvid=BV1V79LBvER7 已成功抓取全部所需数据。
[2026-04-08 09:38:01] [SUCCESS] bvid=BV1Hw9LB1Eyi 已成功抓取全部所需数据。
[2026-04-08 09:38:07] [SUCCESS] bvid=BV1979LBeEw8 已成功抓取全部所需数据。
[2026-04-08 09:38:12] [SUCCESS] bvid=BV1cc9LBjEyz 已成功抓取全部所需数据。
[2026-04-08 09:38:18] [SUCCESS] bvid=BV1Ac9LBjEun 已成功抓取全部所需数据。
[2026-04-08 09:38:23] [SUCCESS] bvid=BV1PZ95BEEFi 已成功抓取全部所需数据。
[2026-04-08 09:38:28] [SUCCESS] bvid=BV19V9VBbEiK 已成功抓取全部所需数据。
[2026-04-08 09:38:34] [SUCCESS] bvid=BV1ww9LB1EJm 已成功抓取全部所需数据。
[2026-04-08 09:38:39] [SUCCESS] bvid=BV1Cc9LBjEwA 已成功抓取全部所需数据。
[2026-04-08 09:38:45] [SUCCESS] bvid=BV1ww9LB1EtL 已成功抓取全部所需数据。
[2026-04-08 09:38:50] [SUCCESS] bvid=BV1Hw9LB1EHB 已成功抓取全部所需数据。
[2026-04-08 09:38:56] [SUCCESS] bvid=BV1ec9jBNEPc 已成功抓取全部所需数据。
[2026-04-08 09:39:01] [SUCCESS] bvid=BV1AZ95BEEYb 已成功抓取全部所需数据。
[2026-04-08 09:39:06] [SUCCESS] bvid=BV1yZ95BEEFh 已成功抓取全部所需数据。
[2026-04-08 09:39:12] [SUCCESS] bvid=BV1zT9LBGEgd 已成功抓取全部所需数据。
[2026-04-08 09:39:17] [SUCCESS] bvid=BV1fT9LB3E5Q 已成功抓取全部所需数据。
[2026-04-08 09:39:23] [SUCCESS] bvid=BV1ND9GBLEi4 已成功抓取全部所需数据。
[2026-04-08 09:39:28] [SUCCESS] bvid=BV1fT9LB3EAW 已成功抓取全部所需数据。
[2026-04-08 09:39:33] [SUCCESS] bvid=BV1JM9LBrENn 已成功抓取全部所需数据。
[2026-04-08 09:39:39] [SUCCESS] bvid=BV1ZM9LB6EBD 已成功抓取全部所需数据。
[2026-04-08 09:39:44] [SUCCESS] bvid=BV1FP9LB5EH7 已成功抓取全部所需数据。
[2026-04-08 09:39:50] [SUCCESS] bvid=BV1FP9LB5Et3 已成功抓取全部所需数据。
[2026-04-08 09:39:55] [SUCCESS] bvid=BV1fN9LBkEMA 已成功抓取全部所需数据。
[2026-04-08 09:40:01] [SUCCESS] bvid=BV1cN9LBCEns 已成功抓取全部所需数据。
[2026-04-08 09:40:06] [SUCCESS] bvid=BV1Pq9LBQEn9 已成功抓取全部所需数据。
[2026-04-08 09:40:12] [SUCCESS] bvid=BV1yq9LBDENq 已成功抓取全部所需数据。
[2026-04-08 09:40:17] [SUCCESS] bvid=BV11q9LBDE5z 已成功抓取全部所需数据。
[2026-04-08 09:40:22] [SUCCESS] bvid=BV11e9LBXEST 已成功抓取全部所需数据。
[2026-04-08 09:40:28] [SUCCESS] bvid=BV1r19LBLErC 已成功抓取全部所需数据。
[2026-04-08 09:40:33] [SUCCESS] bvid=BV1yz9LBJEpz 已成功抓取全部所需数据。
[2026-04-08 09:40:39] [SUCCESS] bvid=BV12e9LBXErd 已成功抓取全部所需数据。
[2026-04-08 09:40:44] [SUCCESS] bvid=BV1kz9LBJEJF 已成功抓取全部所需数据。
[2026-04-08 09:40:44] [INFO] 当前 batch_crawl 已完成，所有视频均已成功抓取。
[2026-04-08 09:40:44] 子任务结束时间：2026-04-08T09:40:44.679598
[TIMESTAMP][END] 2026-04-08T09:40:44
