[TIMESTAMP][BEGIN] 2026-04-08T08:53:00
[2026-04-08 08:53:02] 开始执行 CSV 批量抓取子任务 part_47。
[2026-04-08 08:53:02] 子任务开始时间：2026-04-08T08:53:00.869305
[2026-04-08 08:53:02] 输入文件：batch_input_47.csv
[2026-04-08 08:53:02] 输入唯一 bvid 数量：100
[2026-04-08 08:53:02] 为严格按 CSV 顺序判断连续失败阈值，本次任务自动将并发度从 2 调整为 1。
[2026-04-08 08:53:08] [SUCCESS] bvid=BV1L797BVEsy 已成功抓取全部所需数据。
[2026-04-08 08:53:13] [SUCCESS] bvid=BV1Ac9LBjEgA 已成功抓取全部所需数据。
[2026-04-08 08:53:18] [SUCCESS] bvid=BV1ap9LBwELE 已成功抓取全部所需数据。
[2026-04-08 08:53:24] [SUCCESS] bvid=BV1B1Q2BfERE 已成功抓取全部所需数据。
[2026-04-08 08:53:29] [SUCCESS] bvid=BV1D897BPEEj 已成功抓取全部所需数据。
[2026-04-08 08:53:34] [SUCCESS] bvid=BV1RE97BrEhk 已成功抓取全部所需数据。
[2026-04-08 08:53:39] [SUCCESS] bvid=BV1sn9jBHEw3 已成功抓取全部所需数据。
[2026-04-08 08:53:45] [SUCCESS] bvid=BV1zqXqBTEEW 已成功抓取全部所需数据。
[2026-04-08 08:53:50] [SUCCESS] bvid=BV1NPXVBkEWx 已成功抓取全部所需数据。
[2026-04-08 08:53:56] [SUCCESS] bvid=BV1Fu97BUEL7 已成功抓取全部所需数据。
[2026-04-08 08:54:01] [SUCCESS] bvid=BV1kaXqB6EoG 已成功抓取全部所需数据。
[2026-04-08 08:54:06] [SUCCESS] bvid=BV17e9jBCE4a 已成功抓取全部所需数据。
[2026-04-08 08:54:11] [SUCCESS] bvid=BV1je9jBkEs8 已成功抓取全部所需数据。
[2026-04-08 08:54:17] [SUCCESS] bvid=BV1qe9jBkEjW 已成功抓取全部所需数据。
[2026-04-08 08:54:17] [ERROR] bvid=BV1K59jB4EEu 抓取失败：stat: 接口返回错误代码：62002，信息：稿件不可见。
{'code': 62002, 'message': '稿件不可见', 'ttl': 1} | comment: 接口返回错误代码：62002，信息：稿件不可见。
{'code': 62002, 'message': '稿件不可见', 'ttl': 1}
[2026-04-08 08:54:22] [SUCCESS] bvid=BV1689jBLEFi 已成功抓取全部所需数据。
[2026-04-08 08:54:27] [SUCCESS] bvid=BV1Zh9jByEE2 已成功抓取全部所需数据。
[2026-04-08 08:54:32] [SUCCESS] bvid=BV1zh9jByE3y 已成功抓取全部所需数据。
[2026-04-08 08:54:38] [SUCCESS] bvid=BV1Eh9jBCEFD 已成功抓取全部所需数据。
[2026-04-08 08:54:43] [SUCCESS] bvid=BV17h9jByED7 已成功抓取全部所需数据。
[2026-04-08 08:54:53] [SUCCESS] bvid=BV1459jBxEiS 已成功抓取全部所需数据。
[2026-04-08 08:54:59] [SUCCESS] bvid=BV1459jBxEDJ 已成功抓取全部所需数据。
[2026-04-08 08:55:04] [SUCCESS] bvid=BV1459jBxEt3 已成功抓取全部所需数据。
[2026-04-08 08:55:04] [ERROR] bvid=BV1sL9jBRES3 抓取失败：stat: 接口返回错误代码：62002，信息：稿件不可见。
{'code': 62002, 'message': '稿件不可见', 'ttl': 1} | comment: 接口返回错误代码：62002，信息：稿件不可见。
{'code': 62002, 'message': '稿件不可见', 'ttl': 1}
[2026-04-08 08:55:09] [SUCCESS] bvid=BV1kH9jBDEJP 已成功抓取全部所需数据。
[2026-04-08 08:55:14] [SUCCESS] bvid=BV1459jBxEH7 已成功抓取全部所需数据。
[2026-04-08 08:55:19] [SUCCESS] bvid=BV11L9jBREKt 已成功抓取全部所需数据。
[2026-04-08 08:55:24] [SUCCESS] bvid=BV1b39jBtENk 已成功抓取全部所需数据。
[2026-04-08 08:55:30] [SUCCESS] bvid=BV1u39jBbE5F 已成功抓取全部所需数据。
[2026-04-08 08:55:35] [SUCCESS] bvid=BV1b39jBtEcd 已成功抓取全部所需数据。
[2026-04-08 08:55:40] [SUCCESS] bvid=BV1tG9jBoELe 已成功抓取全部所需数据。
[2026-04-08 08:55:45] [SUCCESS] bvid=BV1tG9jBoExs 已成功抓取全部所需数据。
[2026-04-08 08:55:50] [SUCCESS] bvid=BV1Cn9jBHEbL 已成功抓取全部所需数据。
[2026-04-08 08:55:56] [SUCCESS] bvid=BV1kn9jBHEDk 已成功抓取全部所需数据。
[2026-04-08 08:56:01] [SUCCESS] bvid=BV1yn9jBHEbo 已成功抓取全部所需数据。
[2026-04-08 08:56:06] [SUCCESS] bvid=BV1mG9jBoERd 已成功抓取全部所需数据。
[2026-04-08 08:56:12] [SUCCESS] bvid=BV1pn9jBHEfw 已成功抓取全部所需数据。
[2026-04-08 08:56:17] [SUCCESS] bvid=BV1Hn9jBHEfc 已成功抓取全部所需数据。
[2026-04-08 08:56:23] [SUCCESS] bvid=BV1pH9jBDEKk 已成功抓取全部所需数据。
[2026-04-08 08:56:28] [SUCCESS] bvid=BV1Pn9jBpEmU 已成功抓取全部所需数据。
[2026-04-08 08:56:33] [SUCCESS] bvid=BV19V9VBbEnY 已成功抓取全部所需数据。
[2026-04-08 08:56:38] [SUCCESS] bvid=BV1wH9jBQEdT 已成功抓取全部所需数据。
[2026-04-08 08:56:44] [SUCCESS] bvid=BV1pH9jBDECb 已成功抓取全部所需数据。
[2026-04-08 08:56:49] [SUCCESS] bvid=BV1Wn9jBHEkX 已成功抓取全部所需数据。
[2026-04-08 08:56:54] [SUCCESS] bvid=BV1pH9jBDEMW 已成功抓取全部所需数据。
[2026-04-08 08:56:59] [SUCCESS] bvid=BV1pH9jBDEuT 已成功抓取全部所需数据。
[2026-04-08 08:57:04] [SUCCESS] bvid=BV1ed9LBBEsK 已成功抓取全部所需数据。
[2026-04-08 08:57:10] [SUCCESS] bvid=BV1W79jBWEnU 已成功抓取全部所需数据。
[2026-04-08 08:57:15] [SUCCESS] bvid=BV1W79jBWEDM 已成功抓取全部所需数据。
[2026-04-08 08:57:20] [SUCCESS] bvid=BV1299jBfEzU 已成功抓取全部所需数据。
[2026-04-08 08:57:26] [SUCCESS] bvid=BV1ZdXeB4ENv 已成功抓取全部所需数据。
[2026-04-08 08:57:31] [SUCCESS] bvid=BV11E9jBXEcD 已成功抓取全部所需数据。
[2026-04-08 08:57:36] [SUCCESS] bvid=BV1NE9jB9E7o 已成功抓取全部所需数据。
[2026-04-08 08:57:42] [SUCCESS] bvid=BV1PE9jB9Edt 已成功抓取全部所需数据。
[2026-04-08 08:57:47] [SUCCESS] bvid=BV1sE9jBXEhq 已成功抓取全部所需数据。
[2026-04-08 08:57:52] [SUCCESS] bvid=BV1QW97BMEby 已成功抓取全部所需数据。
[2026-04-08 08:57:57] [SUCCESS] bvid=BV1WE9jBXE1U 已成功抓取全部所需数据。
[2026-04-08 08:58:03] [SUCCESS] bvid=BV1uQ9jBcEt5 已成功抓取全部所需数据。
[2026-04-08 08:58:08] [SUCCESS] bvid=BV1uQ9jBcEpy 已成功抓取全部所需数据。
[2026-04-08 08:58:13] [SUCCESS] bvid=BV1WE9jBXEVG 已成功抓取全部所需数据。
[2026-04-08 08:58:19] [SUCCESS] bvid=BV1tX9jB8Eq3 已成功抓取全部所需数据。
[2026-04-08 08:58:24] [SUCCESS] bvid=BV1uQ9jBcEzq 已成功抓取全部所需数据。
[2026-04-08 08:58:29] [SUCCESS] bvid=BV1UX9jB8Eka 已成功抓取全部所需数据。
[2026-04-08 08:58:34] [SUCCESS] bvid=BV1tX9jB8EVH 已成功抓取全部所需数据。
[2026-04-08 08:58:39] [SUCCESS] bvid=BV1MX9jB8E93 已成功抓取全部所需数据。
[2026-04-08 08:58:44] [SUCCESS] bvid=BV14X9jB8EnW 已成功抓取全部所需数据。
[2026-04-08 08:58:49] [SUCCESS] bvid=BV1gU9jBAECR 已成功抓取全部所需数据。
[2026-04-08 08:58:55] [SUCCESS] bvid=BV1Vk9jBTEo8 已成功抓取全部所需数据。
[2026-04-08 08:59:00] [SUCCESS] bvid=BV1SX9jB8EwP 已成功抓取全部所需数据。
[2026-04-08 08:59:05] [SUCCESS] bvid=BV1E397B7E3z 已成功抓取全部所需数据。
[2026-04-08 08:59:11] [SUCCESS] bvid=BV1Cy97B9EJv 已成功抓取全部所需数据。
[2026-04-08 08:59:16] [SUCCESS] bvid=BV1MX9jB8Eug 已成功抓取全部所需数据。
[2026-04-08 08:59:21] [SUCCESS] bvid=BV1MX9jB8E2c 已成功抓取全部所需数据。
[2026-04-08 08:59:26] [SUCCESS] bvid=BV1UX9jB8Eik 已成功抓取全部所需数据。
[2026-04-08 08:59:31] [SUCCESS] bvid=BV1iR9LBuEcx 已成功抓取全部所需数据。
[2026-04-08 08:59:37] [SUCCESS] bvid=BV1QwXkBiEjV 已成功抓取全部所需数据。
[2026-04-08 08:59:42] [SUCCESS] bvid=BV1qi9jB3EFx 已成功抓取全部所需数据。
[2026-04-08 08:59:47] [SUCCESS] bvid=BV1uU9jBAEaa 已成功抓取全部所需数据。
[2026-04-08 08:59:53] [SUCCESS] bvid=BV1MS9jBaEUi 已成功抓取全部所需数据。
[2026-04-08 08:59:58] [SUCCESS] bvid=BV1gS9jBaE8z 已成功抓取全部所需数据。
[2026-04-08 09:00:03] [SUCCESS] bvid=BV1Rn97BgEUi 已成功抓取全部所需数据。
[2026-04-08 09:00:09] [SUCCESS] bvid=BV1xo9jBoEti 已成功抓取全部所需数据。
[2026-04-08 09:00:14] [SUCCESS] bvid=BV1bU9jBAEfb 已成功抓取全部所需数据。
[2026-04-08 09:00:21] [SUCCESS] bvid=BV1uS9jBaEmP 已成功抓取全部所需数据。
[2026-04-08 09:00:28] [SUCCESS] bvid=BV1MS9jBaESh 已成功抓取全部所需数据。
[2026-04-08 09:00:34] [SUCCESS] bvid=BV1uY97BAEDn 已成功抓取全部所需数据。
[2026-04-08 09:00:40] [SUCCESS] bvid=BV1idXCBEEMA 已成功抓取全部所需数据。
[2026-04-08 09:00:47] [SUCCESS] bvid=BV1xo6FB1ES5 已成功抓取全部所需数据。
[2026-04-08 09:00:53] [SUCCESS] bvid=BV1aoXzBwET8 已成功抓取全部所需数据。
[2026-04-08 09:00:59] [SUCCESS] bvid=BV1Vn97B3EfP 已成功抓取全部所需数据。
[2026-04-08 09:01:05] [SUCCESS] bvid=BV12q97BbEkr 已成功抓取全部所需数据。
[2026-04-08 09:01:12] [SUCCESS] bvid=BV1ky97B9Efn 已成功抓取全部所需数据。
[2026-04-08 09:01:18] [SUCCESS] bvid=BV1dyXqBaEE5 已成功抓取全部所需数据。
[2026-04-08 09:01:25] [SUCCESS] bvid=BV1ZqXWBfEKN 已成功抓取全部所需数据。
[2026-04-08 09:01:31] [SUCCESS] bvid=BV1WNA3z8EoP 已成功抓取全部所需数据。
[2026-04-08 09:01:37] [SUCCESS] bvid=BV1tU95BsEuu 已成功抓取全部所需数据。
[2026-04-08 09:01:44] [SUCCESS] bvid=BV1Fu97BUEV7 已成功抓取全部所需数据。
[2026-04-08 09:01:50] [SUCCESS] bvid=BV1BSXrByEY5 已成功抓取全部所需数据。
[2026-04-08 09:01:57] [SUCCESS] bvid=BV1FP9LB5Eig 已成功抓取全部所需数据。
[2026-04-08 09:02:19] [SUCCESS] bvid=BV1h2XkBiEP2 已成功抓取全部所需数据。
[2026-04-08 09:02:19] [WARN] 当前子任务已结束，但仍有未成功抓取的视频，已导出 remaining CSV 供继续执行。
[2026-04-08 09:02:19] [INFO] 已导出剔除成功条目后的剩余 CSV：D:\Schoolworks\Thesis\Bilibili-Datahub\outputs\video_data\manual_crawls\manual_crawl_stat_comment_20260407_223150\remaining_bvids_part_47.csv
[2026-04-08 09:02:19] 子任务结束时间：2026-04-08T09:02:19.802320
[TIMESTAMP][END] 2026-04-08T09:02:19
