[TIMESTAMP][BEGIN] 2026-04-07T23:20:51
[2026-04-07 23:20:53] 开始执行 CSV 批量抓取子任务 part_4。
[2026-04-07 23:20:53] 子任务开始时间：2026-04-07T23:20:51.386364
[2026-04-07 23:20:53] 输入文件：batch_input_4.csv
[2026-04-07 23:20:53] 输入唯一 bvid 数量：100
[2026-04-07 23:20:53] 为严格按 CSV 顺序判断连续失败阈值，本次任务自动将并发度从 2 调整为 1。
[2026-04-07 23:20:59] [SUCCESS] bvid=BV19HDhBKEB8 已成功抓取全部所需数据。
[2026-04-07 23:21:06] [SUCCESS] bvid=BV1ecDaBzE8p 已成功抓取全部所需数据。
[2026-04-07 23:21:13] [SUCCESS] bvid=BV1buDaBPEDe 已成功抓取全部所需数据。
[2026-04-07 23:21:20] [SUCCESS] bvid=BV1djDhBzEvz 已成功抓取全部所需数据。
[2026-04-07 23:21:26] [SUCCESS] bvid=BV1ojDhBzEFr 已成功抓取全部所需数据。
[2026-04-07 23:21:32] [SUCCESS] bvid=BV1ojDhBzE4S 已成功抓取全部所需数据。
[2026-04-07 23:21:38] [SUCCESS] bvid=BV1jjDhB6ExY 已成功抓取全部所需数据。
[2026-04-07 23:21:44] [SUCCESS] bvid=BV1ojDhBzENV 已成功抓取全部所需数据。
[2026-04-07 23:21:50] [SUCCESS] bvid=BV1gRDFBVEhT 已成功抓取全部所需数据。
[2026-04-07 23:21:55] [SUCCESS] bvid=BV1jBSZBjEsp 已成功抓取全部所需数据。
[2026-04-07 23:22:00] [SUCCESS] bvid=BV1Hd9gBPEWH 已成功抓取全部所需数据。
[2026-04-07 23:22:06] [SUCCESS] bvid=BV1QRSDBHEiY 已成功抓取全部所需数据。
[2026-04-07 23:22:11] [SUCCESS] bvid=BV13xDhBeEH7 已成功抓取全部所需数据。
[2026-04-07 23:22:17] [SUCCESS] bvid=BV1QtDhBwEwr 已成功抓取全部所需数据。
[2026-04-07 23:22:22] [SUCCESS] bvid=BV1QtDhBwEAY 已成功抓取全部所需数据。
[2026-04-07 23:22:27] [SUCCESS] bvid=BV1XsDhBPEuQ 已成功抓取全部所需数据。
[2026-04-07 23:22:33] [SUCCESS] bvid=BV1QsDhBPEYo 已成功抓取全部所需数据。
[2026-04-07 23:22:38] [SUCCESS] bvid=BV1BRDhBCE5Q 已成功抓取全部所需数据。
[2026-04-07 23:22:44] [SUCCESS] bvid=BV1iZDhBrEsi 已成功抓取全部所需数据。
[2026-04-07 23:22:49] [SUCCESS] bvid=BV1Z9DhB5EEY 已成功抓取全部所需数据。
[2026-04-07 23:22:54] [SUCCESS] bvid=BV1qRDhBCEKK 已成功抓取全部所需数据。
[2026-04-07 23:23:00] [SUCCESS] bvid=BV1YPDaBqESz 已成功抓取全部所需数据。
[2026-04-07 23:23:05] [SUCCESS] bvid=BV1YPDaBqE69 已成功抓取全部所需数据。
[2026-04-07 23:23:11] [SUCCESS] bvid=BV1ecDaBzE8H 已成功抓取全部所需数据。
[2026-04-07 23:23:17] [SUCCESS] bvid=BV161DhBSEBU 已成功抓取全部所需数据。
[2026-04-07 23:23:23] [SUCCESS] bvid=BV1fX9MB4EBE 已成功抓取全部所需数据。
[2026-04-07 23:23:29] [SUCCESS] bvid=BV1PwDcBBEQL 已成功抓取全部所需数据。
[2026-04-07 23:23:34] [SUCCESS] bvid=BV1kyDhBnELW 已成功抓取全部所需数据。
[2026-04-07 23:23:40] [SUCCESS] bvid=BV1JX9MBtEQx 已成功抓取全部所需数据。
[2026-04-07 23:23:45] [SUCCESS] bvid=BV1FX9MBtEW4 已成功抓取全部所需数据。
[2026-04-07 23:23:51] [SUCCESS] bvid=BV1jeD8BuE6T 已成功抓取全部所需数据。
[2026-04-07 23:23:56] [SUCCESS] bvid=BV1dWDcBpEka 已成功抓取全部所需数据。
[2026-04-07 23:24:02] [SUCCESS] bvid=BV1FXSfBdERQ 已成功抓取全部所需数据。
[2026-04-07 23:24:08] [SUCCESS] bvid=BV1yrDhBpExK 已成功抓取全部所需数据。
[2026-04-07 23:24:14] [SUCCESS] bvid=BV1rUDhBmEPH 已成功抓取全部所需数据。
[2026-04-07 23:24:19] [SUCCESS] bvid=BV1rUDhBmEHT 已成功抓取全部所需数据。
[2026-04-07 23:24:25] [SUCCESS] bvid=BV1cUDhBUEhX 已成功抓取全部所需数据。
[2026-04-07 23:24:30] [SUCCESS] bvid=BV1xnDaBdEgD 已成功抓取全部所需数据。
[2026-04-07 23:24:36] [SUCCESS] bvid=BV1x7DaBZEFg 已成功抓取全部所需数据。
[2026-04-07 23:24:41] [SUCCESS] bvid=BV147DaBZEjp 已成功抓取全部所需数据。
[2026-04-07 23:24:47] [SUCCESS] bvid=BV147DaBZEV8 已成功抓取全部所需数据。
[2026-04-07 23:24:52] [SUCCESS] bvid=BV1HbDaBnEkq 已成功抓取全部所需数据。
[2026-04-07 23:25:04] [SUCCESS] bvid=BV1WWDaB9EbK 已成功抓取全部所需数据。
[2026-04-07 23:25:10] [SUCCESS] bvid=BV1jBSZBjEVX 已成功抓取全部所需数据。
[2026-04-07 23:25:16] [SUCCESS] bvid=BV1PASfBFEdL 已成功抓取全部所需数据。
[2026-04-07 23:25:21] [SUCCESS] bvid=BV17EDcBoEEJ 已成功抓取全部所需数据。
[2026-04-07 23:25:26] [SUCCESS] bvid=BV1gRDVBDEQ4 已成功抓取全部所需数据。
[2026-04-07 23:25:32] [SUCCESS] bvid=BV1co9gBYEG1 已成功抓取全部所需数据。
[2026-04-07 23:25:44] [SUCCESS] bvid=BV1pxDaBpE2g 已成功抓取全部所需数据。
[2026-04-07 23:25:49] [SUCCESS] bvid=BV1mhDbBHERV 已成功抓取全部所需数据。
[2026-04-07 23:25:55] [SUCCESS] bvid=BV1RWDcBpE7L 已成功抓取全部所需数据。
[2026-04-07 23:26:00] [SUCCESS] bvid=BV1d5DbBAEFN 已成功抓取全部所需数据。
[2026-04-07 23:26:05] [SUCCESS] bvid=BV1vdDbBNE9A 已成功抓取全部所需数据。
[2026-04-07 23:26:11] [SUCCESS] bvid=BV1u2D8BcEqg 已成功抓取全部所需数据。
[2026-04-07 23:26:16] [SUCCESS] bvid=BV17qDFBREGu 已成功抓取全部所需数据。
[2026-04-07 23:26:22] [SUCCESS] bvid=BV1n8DFB8EsN 已成功抓取全部所需数据。
[2026-04-07 23:26:28] [SUCCESS] bvid=BV1ziDFBxEth 已成功抓取全部所需数据。
[2026-04-07 23:26:33] [SUCCESS] bvid=BV1uXDFByEy3 已成功抓取全部所需数据。
[2026-04-07 23:26:39] [SUCCESS] bvid=BV1VtDcBDErU 已成功抓取全部所需数据。
[2026-04-07 23:26:44] [SUCCESS] bvid=BV1ofSfBDECq 已成功抓取全部所需数据。
[2026-04-07 23:26:50] [SUCCESS] bvid=BV1zUSoBSEsH 已成功抓取全部所需数据。
[2026-04-07 23:26:56] [SUCCESS] bvid=BV1n19PB2Ei9 已成功抓取全部所需数据。
[2026-04-07 23:27:01] [SUCCESS] bvid=BV1f7DcB4Etm 已成功抓取全部所需数据。
[2026-04-07 23:27:06] [SUCCESS] bvid=BV1BEDcBoEQh 已成功抓取全部所需数据。
[2026-04-07 23:27:12] [SUCCESS] bvid=BV1F5DcB8Ezx 已成功抓取全部所需数据。
[2026-04-07 23:27:17] [SUCCESS] bvid=BV17HDcBREA1 已成功抓取全部所需数据。
[2026-04-07 23:27:23] [SUCCESS] bvid=BV1RHDcBREfz 已成功抓取全部所需数据。
[2026-04-07 23:27:28] [SUCCESS] bvid=BV1rRDcBwEn6 已成功抓取全部所需数据。
[2026-04-07 23:27:34] [SUCCESS] bvid=BV1pXDcBeEP2 已成功抓取全部所需数据。
[2026-04-07 23:27:39] [SUCCESS] bvid=BV1qFDwBZEAm 已成功抓取全部所需数据。
[2026-04-07 23:27:45] [SUCCESS] bvid=BV1qwDwB4Eu6 已成功抓取全部所需数据。
[2026-04-07 23:27:51] [SUCCESS] bvid=BV16ZDcBFEPS 已成功抓取全部所需数据。
[2026-04-07 23:27:56] [SUCCESS] bvid=BV1zZDcBFED2 已成功抓取全部所需数据。
[2026-04-07 23:28:02] [SUCCESS] bvid=BV18gDFBVEmR 已成功抓取全部所需数据。
[2026-04-07 23:28:07] [SUCCESS] bvid=BV1EZDcBcED2 已成功抓取全部所需数据。
[2026-04-07 23:28:12] [SUCCESS] bvid=BV1ffDcBbE4z 已成功抓取全部所需数据。
[2026-04-07 23:28:18] [SUCCESS] bvid=BV1KCDcB6E2B 已成功抓取全部所需数据。
[2026-04-07 23:28:24] [SUCCESS] bvid=BV12CDcBzEkn 已成功抓取全部所需数据。
[2026-04-07 23:28:29] [SUCCESS] bvid=BV1UzDcBGEk6 已成功抓取全部所需数据。
[2026-04-07 23:28:35] [SUCCESS] bvid=BV1UzDcBGEbv 已成功抓取全部所需数据。
[2026-04-07 23:28:41] [SUCCESS] bvid=BV1wPSfBbEU4 已成功抓取全部所需数据。
[2026-04-07 23:28:46] [SUCCESS] bvid=BV1M6DcBkEv9 已成功抓取全部所需数据。
[2026-04-07 23:28:52] [SUCCESS] bvid=BV1PUDcBTETL 已成功抓取全部所需数据。
[2026-04-07 23:28:58] [SUCCESS] bvid=BV1kSDcBvEXC 已成功抓取全部所需数据。
[2026-04-07 23:29:03] [SUCCESS] bvid=BV1kSDcBvEtf 已成功抓取全部所需数据。
[2026-04-07 23:29:08] [SUCCESS] bvid=BV1kSDcBvEY5 已成功抓取全部所需数据。
[2026-04-07 23:29:14] [SUCCESS] bvid=BV1AASfBFEBp 已成功抓取全部所需数据。
[2026-04-07 23:29:19] [SUCCESS] bvid=BV1AASfBFEJP 已成功抓取全部所需数据。
[2026-04-07 23:29:25] [SUCCESS] bvid=BV1kPSfBbEyd 已成功抓取全部所需数据。
[2026-04-07 23:29:30] [SUCCESS] bvid=BV1APSfBbE9W 已成功抓取全部所需数据。
[2026-04-07 23:29:35] [SUCCESS] bvid=BV1KFSfBwEMy 已成功抓取全部所需数据。
[2026-04-07 23:29:41] [SUCCESS] bvid=BV17w9FB8Es9 已成功抓取全部所需数据。
[2026-04-07 23:29:47] [SUCCESS] bvid=BV1HMSfBdECo 已成功抓取全部所需数据。
[2026-04-07 23:29:52] [SUCCESS] bvid=BV1FgSfBsEiP 已成功抓取全部所需数据。
[2026-04-07 23:29:57] [SUCCESS] bvid=BV1ngSfBsE7v 已成功抓取全部所需数据。
[2026-04-07 23:30:02] [SUCCESS] bvid=BV1wNSfBZEoD 已成功抓取全部所需数据。
[2026-04-07 23:30:08] [SUCCESS] bvid=BV1gDSZBMEaa 已成功抓取全部所需数据。
[2026-04-07 23:30:13] [SUCCESS] bvid=BV1gDSZBMEQe 已成功抓取全部所需数据。
[2026-04-07 23:30:19] [SUCCESS] bvid=BV1uQSZBqE3c 已成功抓取全部所需数据。
[2026-04-07 23:30:24] [SUCCESS] bvid=BV1GmSZB3Eu9 已成功抓取全部所需数据。
[2026-04-07 23:30:24] [INFO] 当前 batch_crawl 已完成，所有视频均已成功抓取。
[2026-04-07 23:30:24] 子任务结束时间：2026-04-07T23:30:24.622660
[TIMESTAMP][END] 2026-04-07T23:30:24
