[TIMESTAMP][BEGIN] 2026-04-08T03:56:07
[2026-04-08 03:56:09] 开始执行 CSV 批量抓取子任务 part_23。
[2026-04-08 03:56:09] 子任务开始时间：2026-04-08T03:56:07.590575
[2026-04-08 03:56:09] 输入文件：batch_input_23.csv
[2026-04-08 03:56:09] 输入唯一 bvid 数量：100
[2026-04-08 03:56:09] 为严格按 CSV 顺序判断连续失败阈值，本次任务自动将并发度从 2 调整为 1。
[2026-04-08 03:56:14] [SUCCESS] bvid=BV1uyDNBxEZK 已成功抓取全部所需数据。
[2026-04-08 03:56:20] [SUCCESS] bvid=BV1UyDNBsEts 已成功抓取全部所需数据。
[2026-04-08 03:56:25] [SUCCESS] bvid=BV1gyDNBxEF9 已成功抓取全部所需数据。
[2026-04-08 03:56:30] [SUCCESS] bvid=BV1SyDNBsELT 已成功抓取全部所需数据。
[2026-04-08 03:56:35] [SUCCESS] bvid=BV1u1DNBREcm 已成功抓取全部所需数据。
[2026-04-08 03:56:40] [SUCCESS] bvid=BV1b4DKBdEUx 已成功抓取全部所需数据。
[2026-04-08 03:56:45] [SUCCESS] bvid=BV1y9DNBEEhj 已成功抓取全部所需数据。
[2026-04-08 03:56:50] [SUCCESS] bvid=BV1WRDNBUEsT 已成功抓取全部所需数据。
[2026-04-08 03:56:55] [SUCCESS] bvid=BV1CRDNBmE4B 已成功抓取全部所需数据。
[2026-04-08 03:57:01] [SUCCESS] bvid=BV18WDKBZEY8 已成功抓取全部所需数据。
[2026-04-08 03:57:06] [SUCCESS] bvid=BV1bWDKBZEzP 已成功抓取全部所需数据。
[2026-04-08 03:57:11] [SUCCESS] bvid=BV1DWDKBZEPP 已成功抓取全部所需数据。
[2026-04-08 03:57:16] [SUCCESS] bvid=BV1mxDKB4Emh 已成功抓取全部所需数据。
[2026-04-08 03:57:22] [SUCCESS] bvid=BV1txDKB4EEm 已成功抓取全部所需数据。
[2026-04-08 03:57:27] [SUCCESS] bvid=BV18xDKB4EMv 已成功抓取全部所需数据。
[2026-04-08 03:57:32] [SUCCESS] bvid=BV18xDKB4E5Q 已成功抓取全部所需数据。
[2026-04-08 03:57:37] [SUCCESS] bvid=BV17QDKBzEnZ 已成功抓取全部所需数据。
[2026-04-08 03:57:42] [SUCCESS] bvid=BV1hpDKBbESX 已成功抓取全部所需数据。
[2026-04-08 03:57:47] [SUCCESS] bvid=BV1XHDKBFEGG 已成功抓取全部所需数据。
[2026-04-08 03:57:47] [ERROR] bvid=BV1x8DKB9EC7 抓取失败：stat: 接口返回错误代码：-404，信息：啥都木有。
{'code': -404, 'message': '啥都木有', 'ttl': 1} | comment: 接口返回错误代码：-404，信息：啥都木有。
{'code': -404, 'message': '啥都木有', 'ttl': 1}
[2026-04-08 03:57:52] [SUCCESS] bvid=BV1hpDKBbEbT 已成功抓取全部所需数据。
[2026-04-08 03:57:57] [SUCCESS] bvid=BV1x8DKB9ECm 已成功抓取全部所需数据。
[2026-04-08 03:58:03] [SUCCESS] bvid=BV1m8DKB9E8J 已成功抓取全部所需数据。
[2026-04-08 03:58:08] [SUCCESS] bvid=BV148DKB9ECZ 已成功抓取全部所需数据。
[2026-04-08 03:58:13] [SUCCESS] bvid=BV1t4DKBdETS 已成功抓取全部所需数据。
[2026-04-08 03:58:18] [SUCCESS] bvid=BV14aDKBpEpN 已成功抓取全部所需数据。
[2026-04-08 03:58:23] [SUCCESS] bvid=BV1H99gBvEGz 已成功抓取全部所需数据。
[2026-04-08 03:58:29] [SUCCESS] bvid=BV1z1DKBCEYC 已成功抓取全部所需数据。
[2026-04-08 03:58:34] [SUCCESS] bvid=BV1saDKBpEtV 已成功抓取全部所需数据。
[2026-04-08 03:58:39] [SUCCESS] bvid=BV14bDKBsExQ 已成功抓取全部所需数据。
[2026-04-08 03:58:43] [SUCCESS] bvid=BV1bbDKBsETo 已成功抓取全部所需数据。
[2026-04-08 03:58:48] [SUCCESS] bvid=BV1YSDwBsEPF 已成功抓取全部所需数据。
[2026-04-08 03:58:53] [SUCCESS] bvid=BV1oGDKBKEnU 已成功抓取全部所需数据。
[2026-04-08 03:58:59] [SUCCESS] bvid=BV1LVDKBiEKN 已成功抓取全部所需数据。
[2026-04-08 03:59:04] [SUCCESS] bvid=BV1XjDKBYEo6 已成功抓取全部所需数据。
[2026-04-08 03:59:09] [SUCCESS] bvid=BV1BuDKBMEJE 已成功抓取全部所需数据。
[2026-04-08 03:59:14] [SUCCESS] bvid=BV1ZuDKBMEYd 已成功抓取全部所需数据。
[2026-04-08 03:59:14] [ERROR] bvid=BV1igDKBqEcB 抓取失败：stat: 接口返回错误代码：62002，信息：稿件不可见。
{'code': 62002, 'message': '稿件不可见', 'ttl': 1} | comment: 接口返回错误代码：62002，信息：稿件不可见。
{'code': 62002, 'message': '稿件不可见', 'ttl': 1}
[2026-04-08 03:59:19] [SUCCESS] bvid=BV1iuDKBME5C 已成功抓取全部所需数据。
[2026-04-08 03:59:24] [SUCCESS] bvid=BV1hJDKBhEon 已成功抓取全部所需数据。
[2026-04-08 03:59:29] [SUCCESS] bvid=BV1vgDKBqEYd 已成功抓取全部所需数据。
[2026-04-08 03:59:34] [SUCCESS] bvid=BV1igDKBqEUM 已成功抓取全部所需数据。
[2026-04-08 03:59:39] [SUCCESS] bvid=BV1qgDKBqEvj 已成功抓取全部所需数据。
[2026-04-08 03:59:44] [SUCCESS] bvid=BV1igDKBqEDD 已成功抓取全部所需数据。
[2026-04-08 03:59:49] [SUCCESS] bvid=BV1YEDKBwEzH 已成功抓取全部所需数据。
[2026-04-08 03:59:54] [SUCCESS] bvid=BV1aEDKBwEWK 已成功抓取全部所需数据。
[2026-04-08 03:59:59] [SUCCESS] bvid=BV1XJDKBhEiN 已成功抓取全部所需数据。
[2026-04-08 04:00:04] [SUCCESS] bvid=BV1QJDKBhEtc 已成功抓取全部所需数据。
[2026-04-08 04:00:09] [SUCCESS] bvid=BV1WX9gBKEnC 已成功抓取全部所需数据。
[2026-04-08 04:00:15] [SUCCESS] bvid=BV1DJDKBhEku 已成功抓取全部所需数据。
[2026-04-08 04:00:20] [SUCCESS] bvid=BV19LDKBPEyS 已成功抓取全部所需数据。
[2026-04-08 04:00:25] [SUCCESS] bvid=BV1ejDKBYEDA 已成功抓取全部所需数据。
[2026-04-08 04:00:30] [SUCCESS] bvid=BV1YjDKBYEyQ 已成功抓取全部所需数据。
[2026-04-08 04:00:35] [SUCCESS] bvid=BV1NDDABCEFz 已成功抓取全部所需数据。
[2026-04-08 04:00:40] [SUCCESS] bvid=BV17UDKBrEMk 已成功抓取全部所需数据。
[2026-04-08 04:00:45] [SUCCESS] bvid=BV17UDKBrEuw 已成功抓取全部所需数据。
[2026-04-08 04:00:51] [SUCCESS] bvid=BV1n1DKBCEG7 已成功抓取全部所需数据。
[2026-04-08 04:00:56] [SUCCESS] bvid=BV1jDDKBgE1v 已成功抓取全部所需数据。
[2026-04-08 04:01:01] [SUCCESS] bvid=BV1E1DKBCEyx 已成功抓取全部所需数据。
[2026-04-08 04:01:07] [SUCCESS] bvid=BV1LDDKBgEXw 已成功抓取全部所需数据。
[2026-04-08 04:01:12] [SUCCESS] bvid=BV171DKBCEf5 已成功抓取全部所需数据。
[2026-04-08 04:01:17] [SUCCESS] bvid=BV17mDKBGELa 已成功抓取全部所需数据。
[2026-04-08 04:01:22] [SUCCESS] bvid=BV1A4XZBvEum 已成功抓取全部所需数据。
[2026-04-08 04:01:28] [SUCCESS] bvid=BV1UV9TBNE5e 已成功抓取全部所需数据。
[2026-04-08 04:01:33] [SUCCESS] bvid=BV1J1DKBCEa6 已成功抓取全部所需数据。
[2026-04-08 04:01:38] [SUCCESS] bvid=BV1EmDKBGEKw 已成功抓取全部所需数据。
[2026-04-08 04:01:43] [SUCCESS] bvid=BV17mDKBGEkd 已成功抓取全部所需数据。
[2026-04-08 04:01:49] [SUCCESS] bvid=BV1HK9MBfEoi 已成功抓取全部所需数据。
[2026-04-08 04:01:54] [SUCCESS] bvid=BV18e9MB6Eer 已成功抓取全部所需数据。
[2026-04-08 04:01:59] [SUCCESS] bvid=BV1n59gBwEAC 已成功抓取全部所需数据。
[2026-04-08 04:02:05] [SUCCESS] bvid=BV1xi9KBhEXt 已成功抓取全部所需数据。
[2026-04-08 04:02:09] [SUCCESS] bvid=BV1QEDPBWENg 已成功抓取全部所需数据。
[2026-04-08 04:02:15] [SUCCESS] bvid=BV1QWXCBgEZj 已成功抓取全部所需数据。
[2026-04-08 04:02:20] [SUCCESS] bvid=BV1Yb9gBQECz 已成功抓取全部所需数据。
[2026-04-08 04:02:25] [SUCCESS] bvid=BV1saDPByEkF 已成功抓取全部所需数据。
[2026-04-08 04:02:30] [SUCCESS] bvid=BV1c7DABKEGQ 已成功抓取全部所需数据。
[2026-04-08 04:02:35] [SUCCESS] bvid=BV1TwXfBrEtg 已成功抓取全部所需数据。
[2026-04-08 04:02:40] [SUCCESS] bvid=BV1stDPB7Ezs 已成功抓取全部所需数据。
[2026-04-08 04:02:45] [SUCCESS] bvid=BV1fX9MB4E6V 已成功抓取全部所需数据。
[2026-04-08 04:02:50] [SUCCESS] bvid=BV1EzDwBwEsD 已成功抓取全部所需数据。
[2026-04-08 04:02:55] [SUCCESS] bvid=BV1h59uBVEbX 已成功抓取全部所需数据。
[2026-04-08 04:03:00] [SUCCESS] bvid=BV1SL9uBrEWC 已成功抓取全部所需数据。
[2026-04-08 04:03:05] [SUCCESS] bvid=BV1cX9MBtEvf 已成功抓取全部所需数据。
[2026-04-08 04:03:10] [SUCCESS] bvid=BV1mV9TBNE1D 已成功抓取全部所需数据。
[2026-04-08 04:03:15] [SUCCESS] bvid=BV1GM9uB7Eeb 已成功抓取全部所需数据。
[2026-04-08 04:03:20] [SUCCESS] bvid=BV1voDKBKE38 已成功抓取全部所需数据。
[2026-04-08 04:03:25] [SUCCESS] bvid=BV1bi9MBuE9t 已成功抓取全部所需数据。
[2026-04-08 04:03:30] [SUCCESS] bvid=BV1tpDPBDEXT 已成功抓取全部所需数据。
[2026-04-08 04:03:35] [SUCCESS] bvid=BV1YoDKBKEso 已成功抓取全部所需数据。
[2026-04-08 04:03:40] [SUCCESS] bvid=BV15hDAB4EaS 已成功抓取全部所需数据。
[2026-04-08 04:03:45] [SUCCESS] bvid=BV1iQDKBzEar 已成功抓取全部所需数据。
[2026-04-08 04:03:51] [SUCCESS] bvid=BV17QDKBzEcj 已成功抓取全部所需数据。
[2026-04-08 04:03:56] [SUCCESS] bvid=BV17QDKBzEAT 已成功抓取全部所需数据。
[2026-04-08 04:04:00] [SUCCESS] bvid=BV1jQDKBzEVZ 已成功抓取全部所需数据。
[2026-04-08 04:04:06] [SUCCESS] bvid=BV159DKBMEZB 已成功抓取全部所需数据。
[2026-04-08 04:04:11] [SUCCESS] bvid=BV1dQDKBzEyA 已成功抓取全部所需数据。
[2026-04-08 04:04:16] [SUCCESS] bvid=BV1QN9TB6Ep8 已成功抓取全部所需数据。
[2026-04-08 04:04:21] [SUCCESS] bvid=BV1AuDABrEmf 已成功抓取全部所需数据。
[2026-04-08 04:04:26] [SUCCESS] bvid=BV1LQDKBzEuk 已成功抓取全部所需数据。
[2026-04-08 04:04:31] [SUCCESS] bvid=BV1L9DKBMEgP 已成功抓取全部所需数据。
[2026-04-08 04:04:31] [WARN] 当前子任务已结束，但仍有未成功抓取的视频，已导出 remaining CSV 供继续执行。
[2026-04-08 04:04:31] [INFO] 已导出剔除成功条目后的剩余 CSV：D:\Schoolworks\Thesis\Bilibili-Datahub\outputs\video_data\manual_crawls\manual_crawl_stat_comment_20260407_223150\remaining_bvids_part_23.csv
[2026-04-08 04:04:31] 子任务结束时间：2026-04-08T04:04:31.622599
[TIMESTAMP][END] 2026-04-08T04:04:31
