[TIMESTAMP][BEGIN] 2026-04-08T01:37:09
[2026-04-08 01:37:12] 开始执行 CSV 批量抓取子任务 part_12。
[2026-04-08 01:37:12] 子任务开始时间：2026-04-08T01:37:09.968540
[2026-04-08 01:37:12] 输入文件：batch_input_12.csv
[2026-04-08 01:37:12] 输入唯一 bvid 数量：100
[2026-04-08 01:37:12] 为严格按 CSV 顺序判断连续失败阈值，本次任务自动将并发度从 2 调整为 1。
[2026-04-08 01:37:18] [SUCCESS] bvid=BV1WgSQB3Es3 已成功抓取全部所需数据。
[2026-04-08 01:37:23] [SUCCESS] bvid=BV1hRSDBHE3K 已成功抓取全部所需数据。
[2026-04-08 01:37:28] [SUCCESS] bvid=BV1UVSUBrEJb 已成功抓取全部所需数据。
[2026-04-08 01:37:33] [SUCCESS] bvid=BV1orDVBbEHh 已成功抓取全部所需数据。
[2026-04-08 01:37:39] [SUCCESS] bvid=BV1YQSDBsEXn 已成功抓取全部所需数据。
[2026-04-08 01:37:44] [SUCCESS] bvid=BV1SRSDBHEC1 已成功抓取全部所需数据。
[2026-04-08 01:37:49] [SUCCESS] bvid=BV13XSDBQE9y 已成功抓取全部所需数据。
[2026-04-08 01:37:54] [SUCCESS] bvid=BV1QXSDBXEsN 已成功抓取全部所需数据。
[2026-04-08 01:38:00] [SUCCESS] bvid=BV1hRSDBHEgL 已成功抓取全部所需数据。
[2026-04-08 01:38:06] [SUCCESS] bvid=BV1hRSDBHEP3 已成功抓取全部所需数据。
[2026-04-08 01:38:11] [SUCCESS] bvid=BV1DRSDBHEER 已成功抓取全部所需数据。
[2026-04-08 01:38:17] [SUCCESS] bvid=BV18RSDBHE9R 已成功抓取全部所需数据。
[2026-04-08 01:38:23] [SUCCESS] bvid=BV1eSSDBREgj 已成功抓取全部所需数据。
[2026-04-08 01:38:29] [SUCCESS] bvid=BV1YSSDBRE7Q 已成功抓取全部所需数据。
[2026-04-08 01:38:34] [SUCCESS] bvid=BV1QSSDBRE9g 已成功抓取全部所需数据。
[2026-04-08 01:38:40] [SUCCESS] bvid=BV1YQSDBWEvs 已成功抓取全部所需数据。
[2026-04-08 01:38:45] [SUCCESS] bvid=BV19jXrBTENi 已成功抓取全部所需数据。
[2026-04-08 01:38:50] [SUCCESS] bvid=BV1tfSDBUEXC 已成功抓取全部所需数据。
[2026-04-08 01:38:56] [SUCCESS] bvid=BV1bfSDBUEqn 已成功抓取全部所需数据。
[2026-04-08 01:39:01] [SUCCESS] bvid=BV1UfSDBUEGH 已成功抓取全部所需数据。
[2026-04-08 01:39:06] [SUCCESS] bvid=BV1MfSDBSEot 已成功抓取全部所需数据。
[2026-04-08 01:39:11] [SUCCESS] bvid=BV1uVXZB5EXx 已成功抓取全部所需数据。
[2026-04-08 01:39:17] [SUCCESS] bvid=BV1mcSQB7EHu 已成功抓取全部所需数据。
[2026-04-08 01:39:22] [SUCCESS] bvid=BV1tcSQB7EbR 已成功抓取全部所需数据。
[2026-04-08 01:39:27] [SUCCESS] bvid=BV1TcSQBEEdJ 已成功抓取全部所需数据。
[2026-04-08 01:39:32] [SUCCESS] bvid=BV18dSDBDEts 已成功抓取全部所需数据。
[2026-04-08 01:39:38] [SUCCESS] bvid=BV1hQSUB1Eib 已成功抓取全部所需数据。
[2026-04-08 01:39:43] [SUCCESS] bvid=BV1SdSDBDEvv 已成功抓取全部所需数据。
[2026-04-08 01:39:49] [SUCCESS] bvid=BV1gdSDBQEu3 已成功抓取全部所需数据。
[2026-04-08 01:39:54] [SUCCESS] bvid=BV1hdSDBDEt5 已成功抓取全部所需数据。
[2026-04-08 01:39:59] [SUCCESS] bvid=BV1nZD5BqEGy 已成功抓取全部所需数据。
[2026-04-08 01:40:05] [SUCCESS] bvid=BV1CKSSBKE7u 已成功抓取全部所需数据。
[2026-04-08 01:40:10] [SUCCESS] bvid=BV1spSUBiEz7 已成功抓取全部所需数据。
[2026-04-08 01:40:15] [SUCCESS] bvid=BV1bZSDBJER9 已成功抓取全部所需数据。
[2026-04-08 01:40:20] [SUCCESS] bvid=BV1gVSUBkEnz 已成功抓取全部所需数据。
[2026-04-08 01:40:25] [SUCCESS] bvid=BV1SVSUBrECn 已成功抓取全部所需数据。
[2026-04-08 01:40:31] [SUCCESS] bvid=BV1mVSUBrEz5 已成功抓取全部所需数据。
[2026-04-08 01:40:36] [SUCCESS] bvid=BV1NHSUBTEPv 已成功抓取全部所需数据。
[2026-04-08 01:40:41] [SUCCESS] bvid=BV1tLSUB3Ehs 已成功抓取全部所需数据。
[2026-04-08 01:40:46] [SUCCESS] bvid=BV1DgSUByE74 已成功抓取全部所需数据。
[2026-04-08 01:40:52] [SUCCESS] bvid=BV1hgSUByEnf 已成功抓取全部所需数据。
[2026-04-08 01:40:57] [SUCCESS] bvid=BV1SgSUBCE14 已成功抓取全部所需数据。
[2026-04-08 01:41:02] [SUCCESS] bvid=BV1ggSUByEc2 已成功抓取全部所需数据。
[2026-04-08 01:41:07] [SUCCESS] bvid=BV13gSUByEqU 已成功抓取全部所需数据。
[2026-04-08 01:41:12] [SUCCESS] bvid=BV1DgSUBCEfm 已成功抓取全部所需数据。
[2026-04-08 01:41:21] [SUCCESS] bvid=BV1DGSUBGEvY 已成功抓取全部所需数据。
[2026-04-08 01:41:26] [SUCCESS] bvid=BV1UGSUBGEdc 已成功抓取全部所需数据。
[2026-04-08 01:41:31] [SUCCESS] bvid=BV11JSUBqEQq 已成功抓取全部所需数据。
[2026-04-08 01:41:36] [SUCCESS] bvid=BV1yHSUBKES2 已成功抓取全部所需数据。
[2026-04-08 01:41:42] [SUCCESS] bvid=BV11JSUBqE4s 已成功抓取全部所需数据。
[2026-04-08 01:41:47] [SUCCESS] bvid=BV1MFSSB3EMm 已成功抓取全部所需数据。
[2026-04-08 01:41:52] [SUCCESS] bvid=BV11HSUBKEQF 已成功抓取全部所需数据。
[2026-04-08 01:41:58] [SUCCESS] bvid=BV1UjSUBzEw8 已成功抓取全部所需数据。
[2026-04-08 01:42:03] [SUCCESS] bvid=BV1mjSUBzEFh 已成功抓取全部所需数据。
[2026-04-08 01:42:09] [SUCCESS] bvid=BV11HSUBKEm8 已成功抓取全部所需数据。
[2026-04-08 01:42:14] [SUCCESS] bvid=BV1mjSUBzE8f 已成功抓取全部所需数据。
[2026-04-08 01:42:19] [SUCCESS] bvid=BV1RzDuB5EdA 已成功抓取全部所需数据。
[2026-04-08 01:42:25] [SUCCESS] bvid=BV1moSUBGE9u 已成功抓取全部所需数据。
[2026-04-08 01:42:30] [SUCCESS] bvid=BV191SUBSEnf 已成功抓取全部所需数据。
[2026-04-08 01:42:35] [SUCCESS] bvid=BV1mjSUBzEaZ 已成功抓取全部所需数据。
[2026-04-08 01:42:41] [SUCCESS] bvid=BV1UjSUBzEw7 已成功抓取全部所需数据。
[2026-04-08 01:42:46] [SUCCESS] bvid=BV1KESUBuEt4 已成功抓取全部所需数据。
[2026-04-08 01:42:51] [SUCCESS] bvid=BV1mESUBMEWN 已成功抓取全部所需数据。
[2026-04-08 01:42:57] [SUCCESS] bvid=BV1dcSUBSEtf 已成功抓取全部所需数据。
[2026-04-08 01:43:02] [SUCCESS] bvid=BV1xFSSBgEiG 已成功抓取全部所需数据。
[2026-04-08 01:43:07] [SUCCESS] bvid=BV1aUSUBmE4E 已成功抓取全部所需数据。
[2026-04-08 01:43:12] [SUCCESS] bvid=BV1dZSmBQECg 已成功抓取全部所需数据。
[2026-04-08 01:43:17] [SUCCESS] bvid=BV1QJXrBNEzu 已成功抓取全部所需数据。
[2026-04-08 01:43:22] [SUCCESS] bvid=BV1oZSmBQEM6 已成功抓取全部所需数据。
[2026-04-08 01:43:27] [SUCCESS] bvid=BV1jFSUBHEMA 已成功抓取全部所需数据。
[2026-04-08 01:43:33] [SUCCESS] bvid=BV1vFSUBHErR 已成功抓取全部所需数据。
[2026-04-08 01:43:39] [SUCCESS] bvid=BV1QuSUB5EXR 已成功抓取全部所需数据。
[2026-04-08 01:43:45] [SUCCESS] bvid=BV1iFSUBHEg2 已成功抓取全部所需数据。
[2026-04-08 01:43:50] [SUCCESS] bvid=BV1RFSUBnERz 已成功抓取全部所需数据。
[2026-04-08 01:43:56] [SUCCESS] bvid=BV1jFSUBHEbt 已成功抓取全部所需数据。
[2026-04-08 01:44:01] [SUCCESS] bvid=BV1XTSUB1ExD 已成功抓取全部所需数据。
[2026-04-08 01:44:06] [SUCCESS] bvid=BV1XTSUB1ECU 已成功抓取全部所需数据。
[2026-04-08 01:44:12] [SUCCESS] bvid=BV1XDDVBpEdt 已成功抓取全部所需数据。
[2026-04-08 01:44:17] [SUCCESS] bvid=BV1DTSUB1Evb 已成功抓取全部所需数据。
[2026-04-08 01:44:22] [SUCCESS] bvid=BV1QTSUB1ESS 已成功抓取全部所需数据。
[2026-04-08 01:44:28] [SUCCESS] bvid=BV1ZvSUB4E6X 已成功抓取全部所需数据。
[2026-04-08 01:44:33] [SUCCESS] bvid=BV1GuSUBLETB 已成功抓取全部所需数据。
[2026-04-08 01:44:38] [SUCCESS] bvid=BV1DuSUB5EXi 已成功抓取全部所需数据。
[2026-04-08 01:44:43] [SUCCESS] bvid=BV1QuSUB5EBe 已成功抓取全部所需数据。
[2026-04-08 01:44:48] [SUCCESS] bvid=BV1DuSUB5Ej7 已成功抓取全部所需数据。
[2026-04-08 01:44:53] [SUCCESS] bvid=BV1DuSUB5E7h 已成功抓取全部所需数据。
[2026-04-08 01:44:59] [SUCCESS] bvid=BV1mgcjzCENA 已成功抓取全部所需数据。
[2026-04-08 01:45:04] [SUCCESS] bvid=BV1QuSUB5EpJ 已成功抓取全部所需数据。
[2026-04-08 01:45:09] [SUCCESS] bvid=BV1mgcjzCELA 已成功抓取全部所需数据。
[2026-04-08 01:45:14] [SUCCESS] bvid=BV1HNXeBaEKG 已成功抓取全部所需数据。
[2026-04-08 01:45:20] [SUCCESS] bvid=BV1puSSBPEtd 已成功抓取全部所需数据。
[2026-04-08 01:45:25] [SUCCESS] bvid=BV1wWDuBxE6G 已成功抓取全部所需数据。
[2026-04-08 01:45:30] [SUCCESS] bvid=BV1j4D5BfEXw 已成功抓取全部所需数据。
[2026-04-08 01:45:35] [SUCCESS] bvid=BV1y6DMBREjP 已成功抓取全部所需数据。
[2026-04-08 01:45:40] [SUCCESS] bvid=BV1HZD5BqEaz 已成功抓取全部所需数据。
[2026-04-08 01:45:46] [SUCCESS] bvid=BV1P9D5B3EUT 已成功抓取全部所需数据。
[2026-04-08 01:45:51] [SUCCESS] bvid=BV1859EBPEFo 已成功抓取全部所需数据。
[2026-04-08 01:45:56] [SUCCESS] bvid=BV1MfXZBCECh 已成功抓取全部所需数据。
[2026-04-08 01:46:02] [SUCCESS] bvid=BV1uQDuBTEJZ 已成功抓取全部所需数据。
[2026-04-08 01:46:07] [SUCCESS] bvid=BV1tkD5BmETq 已成功抓取全部所需数据。
[2026-04-08 01:46:07] [INFO] 当前 batch_crawl 已完成，所有视频均已成功抓取。
[2026-04-08 01:46:07] 子任务结束时间：2026-04-08T01:46:07.676602
[TIMESTAMP][END] 2026-04-08T01:46:07
