[TIMESTAMP][BEGIN] 2026-04-08T02:05:03
[2026-04-08 02:05:05] 开始执行 CSV 批量抓取子任务 part_14。
[2026-04-08 02:05:05] 子任务开始时间：2026-04-08T02:05:03.523370
[2026-04-08 02:05:05] 输入文件：batch_input_14.csv
[2026-04-08 02:05:05] 输入唯一 bvid 数量：100
[2026-04-08 02:05:05] 为严格按 CSV 顺序判断连续失败阈值，本次任务自动将并发度从 2 调整为 1。
[2026-04-08 02:05:11] [SUCCESS] bvid=BV1CuSSBPEKR 已成功抓取全部所需数据。
[2026-04-08 02:05:16] [SUCCESS] bvid=BV1HuSSBPEvM 已成功抓取全部所需数据。
[2026-04-08 02:05:21] [SUCCESS] bvid=BV1rgSSBYE8t 已成功抓取全部所需数据。
[2026-04-08 02:05:26] [SUCCESS] bvid=BV1pgSSBYE7m 已成功抓取全部所需数据。
[2026-04-08 02:05:32] [SUCCESS] bvid=BV18QSUB1E7J 已成功抓取全部所需数据。
[2026-04-08 02:05:37] [SUCCESS] bvid=BV1pgSSBYEwr 已成功抓取全部所需数据。
[2026-04-08 02:15:42] [SUCCESS] bvid=BV1sKSSBKEEg 已成功抓取全部所需数据。
[2026-04-08 02:15:47] [SUCCESS] bvid=BV1sKSSBKEwz 已成功抓取全部所需数据。
[2026-04-08 02:15:53] [SUCCESS] bvid=BV1kTSSBvEdK 已成功抓取全部所需数据。
[2026-04-08 02:15:58] [SUCCESS] bvid=BV1CTSSBvEJ8 已成功抓取全部所需数据。
[2026-04-08 02:16:03] [SUCCESS] bvid=BV18QSUB1EUL 已成功抓取全部所需数据。
[2026-04-08 02:16:08] [SUCCESS] bvid=BV1aDSUB7EZx 已成功抓取全部所需数据。
[2026-04-08 02:16:13] [SUCCESS] bvid=BV1DDSUBjE8x 已成功抓取全部所需数据。
[2026-04-08 02:16:18] [SUCCESS] bvid=BV1gxDMBKECA 已成功抓取全部所需数据。
[2026-04-08 02:16:24] [SUCCESS] bvid=BV1CNDgB4Eg6 已成功抓取全部所需数据。
[2026-04-08 02:16:29] [SUCCESS] bvid=BV1YmSUBEEM6 已成功抓取全部所需数据。
[2026-04-08 02:16:34] [SUCCESS] bvid=BV1YmSUBEEp4 已成功抓取全部所需数据。
[2026-04-08 02:16:39] [SUCCESS] bvid=BV1amSUBEEs3 已成功抓取全部所需数据。
[2026-04-08 02:16:44] [SUCCESS] bvid=BV1YmSUBEEy4 已成功抓取全部所需数据。
[2026-04-08 02:16:50] [SUCCESS] bvid=BV1FBDVBaEbk 已成功抓取全部所需数据。
[2026-04-08 02:16:55] [SUCCESS] bvid=BV1boSUBGELK 已成功抓取全部所需数据。
[2026-04-08 02:17:00] [SUCCESS] bvid=BV1XbSSBEEHf 已成功抓取全部所需数据。
[2026-04-08 02:17:05] [SUCCESS] bvid=BV1tZSUBrEM8 已成功抓取全部所需数据。
[2026-04-08 02:17:10] [SUCCESS] bvid=BV1tRSUBCELf 已成功抓取全部所需数据。
[2026-04-08 02:17:16] [SUCCESS] bvid=BV18RSUBCEHK 已成功抓取全部所需数据。
[2026-04-08 02:17:21] [SUCCESS] bvid=BV1HeDVBNE1Y 已成功抓取全部所需数据。
[2026-04-08 02:17:26] [SUCCESS] bvid=BV1VbSSBnErL 已成功抓取全部所需数据。
[2026-04-08 02:17:31] [SUCCESS] bvid=BV1VbSSBnEgg 已成功抓取全部所需数据。
[2026-04-08 02:17:37] [SUCCESS] bvid=BV1eWSSB9E9S 已成功抓取全部所需数据。
[2026-04-08 02:17:42] [SUCCESS] bvid=BV1abSSBnESz 已成功抓取全部所需数据。
[2026-04-08 02:17:47] [SUCCESS] bvid=BV1LWSSB9ESR 已成功抓取全部所需数据。
[2026-04-08 02:17:52] [SUCCESS] bvid=BV1VWSSB9EBw 已成功抓取全部所需数据。
[2026-04-08 02:17:57] [SUCCESS] bvid=BV1VxSSBpEfZ 已成功抓取全部所需数据。
[2026-04-08 02:18:03] [SUCCESS] bvid=BV15xSSBpEsq 已成功抓取全部所需数据。
[2026-04-08 02:18:08] [SUCCESS] bvid=BV18YSSBmEsC 已成功抓取全部所需数据。
[2026-04-08 02:18:13] [SUCCESS] bvid=BV1gvSSBjEEs 已成功抓取全部所需数据。
[2026-04-08 02:18:19] [SUCCESS] bvid=BV1bvSSBjEQ6 已成功抓取全部所需数据。
[2026-04-08 02:18:24] [SUCCESS] bvid=BV1SvSSBjErK 已成功抓取全部所需数据。
[2026-04-08 02:18:30] [SUCCESS] bvid=BV1dQ9PBrEdp 已成功抓取全部所需数据。
[2026-04-08 02:18:35] [SUCCESS] bvid=BV1gaSSBEEAH 已成功抓取全部所需数据。
[2026-04-08 02:18:40] [SUCCESS] bvid=BV15mDVBxEsh 已成功抓取全部所需数据。
[2026-04-08 02:18:46] [SUCCESS] bvid=BV16LDGBtE8z 已成功抓取全部所需数据。
[2026-04-08 02:18:51] [SUCCESS] bvid=BV1NTD5BkEjk 已成功抓取全部所需数据。
[2026-04-08 02:18:56] [SUCCESS] bvid=BV1x59NBoE95 已成功抓取全部所需数据。
[2026-04-08 02:19:02] [SUCCESS] bvid=BV1EjSSBbEoQ 已成功抓取全部所需数据。
[2026-04-08 02:19:07] [SUCCESS] bvid=BV1EjSSBbE7K 已成功抓取全部所需数据。
[2026-04-08 02:19:12] [SUCCESS] bvid=BV1nGSSBwE6R 已成功抓取全部所需数据。
[2026-04-08 02:19:17] [SUCCESS] bvid=BV1JGSSBwEsK 已成功抓取全部所需数据。
[2026-04-08 02:19:22] [SUCCESS] bvid=BV1nGSSBwEEB 已成功抓取全部所需数据。
[2026-04-08 02:19:27] [SUCCESS] bvid=BV1rGSSBwEvV 已成功抓取全部所需数据。
[2026-04-08 02:19:33] [SUCCESS] bvid=BV1nGSSBwEos 已成功抓取全部所需数据。
[2026-04-08 02:19:38] [SUCCESS] bvid=BV1vpSSBsEJw 已成功抓取全部所需数据。
[2026-04-08 02:19:43] [SUCCESS] bvid=BV1ipSSBsEMq 已成功抓取全部所需数据。
[2026-04-08 02:19:49] [SUCCESS] bvid=BV1jpSSBsEiK 已成功抓取全部所需数据。
[2026-04-08 02:19:54] [SUCCESS] bvid=BV1z7SSBZE3e 已成功抓取全部所需数据。
[2026-04-08 02:19:59] [SUCCESS] bvid=BV1j1DVBoE4W 已成功抓取全部所需数据。
[2026-04-08 02:20:04] [SUCCESS] bvid=BV1j1DVBoEd1 已成功抓取全部所需数据。
[2026-04-08 02:20:09] [SUCCESS] bvid=BV1dmDVBsEWr 已成功抓取全部所需数据。
[2026-04-08 02:20:14] [SUCCESS] bvid=BV1jmDVBxEGT 已成功抓取全部所需数据。
[2026-04-08 02:20:19] [SUCCESS] bvid=BV1okDVBZEhH 已成功抓取全部所需数据。
[2026-04-08 02:20:24] [SUCCESS] bvid=BV1oyDVB4EFM 已成功抓取全部所需数据。
[2026-04-08 02:20:29] [SUCCESS] bvid=BV1dyDVB4Emu 已成功抓取全部所需数据。
[2026-04-08 02:20:35] [SUCCESS] bvid=BV1jyDVBtE8J 已成功抓取全部所需数据。
[2026-04-08 02:20:40] [SUCCESS] bvid=BV1YQDVBXEK1 已成功抓取全部所需数据。
[2026-04-08 02:20:45] [SUCCESS] bvid=BV1eQDVBXEHH 已成功抓取全部所需数据。
[2026-04-08 02:20:50] [SUCCESS] bvid=BV1XQDVBQETG 已成功抓取全部所需数据。
[2026-04-08 02:20:55] [SUCCESS] bvid=BV1At9uBeE5c 已成功抓取全部所需数据。
[2026-04-08 02:21:00] [SUCCESS] bvid=BV1S59EBPET1 已成功抓取全部所需数据。
[2026-04-08 02:21:05] [SUCCESS] bvid=BV15SDPBAEew 已成功抓取全部所需数据。
[2026-04-08 02:21:10] [SUCCESS] bvid=BV1tYDMB8EUG 已成功抓取全部所需数据。
[2026-04-08 02:21:15] [SUCCESS] bvid=BV1LUDVBREEH 已成功抓取全部所需数据。
[2026-04-08 02:21:20] [SUCCESS] bvid=BV1XDDVBpEYC 已成功抓取全部所需数据。
[2026-04-08 02:21:26] [SUCCESS] bvid=BV19DDVBpEX1 已成功抓取全部所需数据。
[2026-04-08 02:21:31] [SUCCESS] bvid=BV1ceDVBNEhq 已成功抓取全部所需数据。
[2026-04-08 02:21:36] [SUCCESS] bvid=BV1AhDVBTE3P 已成功抓取全部所需数据。
[2026-04-08 02:21:41] [SUCCESS] bvid=BV1phDVBTEB5 已成功抓取全部所需数据。
[2026-04-08 02:21:46] [SUCCESS] bvid=BV1phDVBTEmn 已成功抓取全部所需数据。
[2026-04-08 02:21:51] [SUCCESS] bvid=BV1WhDVBTEUf 已成功抓取全部所需数据。
[2026-04-08 02:21:57] [SUCCESS] bvid=BV1Z6DVBFEhZ 已成功抓取全部所需数据。
[2026-04-08 02:22:02] [SUCCESS] bvid=BV1WaDVBiELw 已成功抓取全部所需数据。
[2026-04-08 02:22:07] [SUCCESS] bvid=BV1jrDVB8E9M 已成功抓取全部所需数据。
[2026-04-08 02:22:12] [SUCCESS] bvid=BV1frDVBbEEs 已成功抓取全部所需数据。
[2026-04-08 02:22:17] [SUCCESS] bvid=BV1fBDVBhEsk 已成功抓取全部所需数据。
[2026-04-08 02:22:22] [SUCCESS] bvid=BV1JBDVBaEng 已成功抓取全部所需数据。
[2026-04-08 02:22:27] [SUCCESS] bvid=BV1AgD5B6ESz 已成功抓取全部所需数据。
[2026-04-08 02:22:32] [SUCCESS] bvid=BV1kGD5BMEXx 已成功抓取全部所需数据。
[2026-04-08 02:22:38] [SUCCESS] bvid=BV1CGD5BMENB 已成功抓取全部所需数据。
[2026-04-08 02:22:43] [SUCCESS] bvid=BV1AGD5BuEcX 已成功抓取全部所需数据。
[2026-04-08 02:22:48] [SUCCESS] bvid=BV1CGD5BMEat 已成功抓取全部所需数据。
[2026-04-08 02:22:54] [SUCCESS] bvid=BV1AGD5BuEL4 已成功抓取全部所需数据。
[2026-04-08 02:22:59] [SUCCESS] bvid=BV1KTD5BkE7s 已成功抓取全部所需数据。
[2026-04-08 02:23:04] [SUCCESS] bvid=BV1CuD5BgE47 已成功抓取全部所需数据。
[2026-04-08 02:23:09] [SUCCESS] bvid=BV1rjD5BvEq8 已成功抓取全部所需数据。
[2026-04-08 02:23:15] [SUCCESS] bvid=BV11uD5BgEqj 已成功抓取全部所需数据。
[2026-04-08 02:23:20] [SUCCESS] bvid=BV1kjD5BvEP9 已成功抓取全部所需数据。
[2026-04-08 02:23:25] [SUCCESS] bvid=BV16jD5BvEtr 已成功抓取全部所需数据。
[2026-04-08 02:23:31] [SUCCESS] bvid=BV1FED5BNE8K 已成功抓取全部所需数据。
[2026-04-08 02:23:36] [SUCCESS] bvid=BV16ED5BPEB9 已成功抓取全部所需数据。
[2026-04-08 02:23:42] [SUCCESS] bvid=BV1cED5BNEhr 已成功抓取全部所需数据。
[2026-04-08 02:23:47] [SUCCESS] bvid=BV1kVD5BqEgB 已成功抓取全部所需数据。
[2026-04-08 02:23:47] [INFO] 当前 batch_crawl 已完成，所有视频均已成功抓取。
[2026-04-08 02:23:47] 子任务结束时间：2026-04-08T02:23:47.468202
[TIMESTAMP][END] 2026-04-08T02:23:47
