[TIMESTAMP][BEGIN] 2026-04-08T00:22:07
[2026-04-08 00:22:10] 开始执行 CSV 批量抓取子任务 part_7。
[2026-04-08 00:22:10] 子任务开始时间：2026-04-08T00:22:07.904684
[2026-04-08 00:22:10] 输入文件：batch_input_7.csv
[2026-04-08 00:22:10] 输入唯一 bvid 数量：100
[2026-04-08 00:22:10] 为严格按 CSV 顺序判断连续失败阈值，本次任务自动将并发度从 2 调整为 1。
[2026-04-08 00:22:15] [SUCCESS] bvid=BV13tSoBNETv 已成功抓取全部所需数据。
[2026-04-08 00:22:20] [SUCCESS] bvid=BV1ZGSoB5Ebq 已成功抓取全部所需数据。
[2026-04-08 00:22:25] [SUCCESS] bvid=BV1UbSoBYEm2 已成功抓取全部所需数据。
[2026-04-08 00:22:31] [SUCCESS] bvid=BV1oGSoB5EGS 已成功抓取全部所需数据。
[2026-04-08 00:22:36] [SUCCESS] bvid=BV1oGSoB5EuM 已成功抓取全部所需数据。
[2026-04-08 00:22:41] [SUCCESS] bvid=BV17VSoByE5M 已成功抓取全部所需数据。
[2026-04-08 00:22:46] [SUCCESS] bvid=BV1dVSoBCEbi 已成功抓取全部所需数据。
[2026-04-08 00:22:52] [SUCCESS] bvid=BV17YSZBSEnL 已成功抓取全部所需数据。
[2026-04-08 00:22:57] [SUCCESS] bvid=BV1KvSoB8ELN 已成功抓取全部所需数据。
[2026-04-08 00:23:02] [SUCCESS] bvid=BV1z59MBWEsn 已成功抓取全部所需数据。
[2026-04-08 00:23:07] [SUCCESS] bvid=BV1r1SoBQEkY 已成功抓取全部所需数据。
[2026-04-08 00:23:13] [SUCCESS] bvid=BV1LESoB3EAf 已成功抓取全部所需数据。
[2026-04-08 00:23:18] [SUCCESS] bvid=BV1ZgSoB1EQ7 已成功抓取全部所需数据。
[2026-04-08 00:23:23] [SUCCESS] bvid=BV1fgSoB1E5E 已成功抓取全部所需数据。
[2026-04-08 00:23:28] [SUCCESS] bvid=BV1fgSoB1Eaz 已成功抓取全部所需数据。
[2026-04-08 00:23:33] [SUCCESS] bvid=BV1RESoBgEYC 已成功抓取全部所需数据。
[2026-04-08 00:23:38] [SUCCESS] bvid=BV19ESoBgELm 已成功抓取全部所需数据。
[2026-04-08 00:23:43] [SUCCESS] bvid=BV1RESoBgESp 已成功抓取全部所需数据。
[2026-04-08 00:23:49] [SUCCESS] bvid=BV1dLSoBVEGv 已成功抓取全部所需数据。
[2026-04-08 00:23:54] [SUCCESS] bvid=BV19JSoBzEND 已成功抓取全部所需数据。
[2026-04-08 00:23:59] [SUCCESS] bvid=BV19JSoBzEkT 已成功抓取全部所需数据。
[2026-04-08 00:24:04] [SUCCESS] bvid=BV1dLSoBGEFa 已成功抓取全部所需数据。
[2026-04-08 00:24:10] [SUCCESS] bvid=BV1LLSoBVEoL 已成功抓取全部所需数据。
[2026-04-08 00:24:15] [SUCCESS] bvid=BV1LjSoBkExn 已成功抓取全部所需数据。
[2026-04-08 00:24:21] [SUCCESS] bvid=BV1ijSoBkEjL 已成功抓取全部所需数据。
[2026-04-08 00:24:26] [SUCCESS] bvid=BV1zUSoBSEBQ 已成功抓取全部所需数据。
[2026-04-08 00:24:32] [SUCCESS] bvid=BV1fUSoBSE7S 已成功抓取全部所需数据。
[2026-04-08 00:24:37] [SUCCESS] bvid=BV1BDSoBEErS 已成功抓取全部所需数据。
[2026-04-08 00:24:43] [SUCCESS] bvid=BV1FUSoBDEqd 已成功抓取全部所需数据。
[2026-04-08 00:24:48] [SUCCESS] bvid=BV1zDSoBEE44 已成功抓取全部所需数据。
[2026-04-08 00:24:54] [SUCCESS] bvid=BV1dTXDBNEec 已成功抓取全部所需数据。
[2026-04-08 00:24:59] [SUCCESS] bvid=BV1qDSoBEEqu 已成功抓取全部所需数据。
[2026-04-08 00:25:04] [SUCCESS] bvid=BV1qDSoBEEqM 已成功抓取全部所需数据。
[2026-04-08 00:25:09] [SUCCESS] bvid=BV1qDSoBEEBt 已成功抓取全部所需数据。
[2026-04-08 00:25:14] [SUCCESS] bvid=BV1zDSoBEECY 已成功抓取全部所需数据。
[2026-04-08 00:25:20] [SUCCESS] bvid=BV1zmSoBnESL 已成功抓取全部所需数据。
[2026-04-08 00:25:25] [SUCCESS] bvid=BV1qRSoB1ECF 已成功抓取全部所需数据。
[2026-04-08 00:25:31] [SUCCESS] bvid=BV1dRSoB1EXK 已成功抓取全部所需数据。
[2026-04-08 00:25:37] [SUCCESS] bvid=BV1g1DTBYEZz 已成功抓取全部所需数据。
[2026-04-08 00:25:42] [SUCCESS] bvid=BV1bD9NBwEWt 已成功抓取全部所需数据。
[2026-04-08 00:25:47] [SUCCESS] bvid=BV1KiSoBfExw 已成功抓取全部所需数据。
[2026-04-08 00:25:52] [SUCCESS] bvid=BV1yiSoBZENL 已成功抓取全部所需数据。
[2026-04-08 00:25:57] [SUCCESS] bvid=BV17w9FB8Eb7 已成功抓取全部所需数据。
[2026-04-08 00:26:03] [SUCCESS] bvid=BV14X9jB8EJN 已成功抓取全部所需数据。
[2026-04-08 00:26:08] [SUCCESS] bvid=BV1Xu9uB1EmT 已成功抓取全部所需数据。
[2026-04-08 00:26:14] [SUCCESS] bvid=BV1aHDKBFEwo 已成功抓取全部所需数据。
[2026-04-08 00:26:19] [SUCCESS] bvid=BV1yBSoB4EGh 已成功抓取全部所需数据。
[2026-04-08 00:26:24] [SUCCESS] bvid=BV1CBSoB4Eoq 已成功抓取全部所需数据。
[2026-04-08 00:26:30] [SUCCESS] bvid=BV12eSoBFEsK 已成功抓取全部所需数据。
[2026-04-08 00:26:35] [SUCCESS] bvid=BV12vSoBbEnJ 已成功抓取全部所需数据。
[2026-04-08 00:26:40] [SUCCESS] bvid=BV14vSoB8EqS 已成功抓取全部所需数据。
[2026-04-08 00:26:46] [SUCCESS] bvid=BV1mvSoBbEwR 已成功抓取全部所需数据。
[2026-04-08 00:26:51] [SUCCESS] bvid=BV11vSoBbEpP 已成功抓取全部所需数据。
[2026-04-08 00:26:57] [SUCCESS] bvid=BV1AkSoBREVA 已成功抓取全部所需数据。
[2026-04-08 00:27:02] [SUCCESS] bvid=BV1WkSoBREsh 已成功抓取全部所需数据。
[2026-04-08 00:27:07] [SUCCESS] bvid=BV1kkSoB9Eo2 已成功抓取全部所需数据。
[2026-04-08 00:27:13] [SUCCESS] bvid=BV1szSoBoExa 已成功抓取全部所需数据。
[2026-04-08 00:27:18] [SUCCESS] bvid=BV1CzSoBdE4J 已成功抓取全部所需数据。
[2026-04-08 00:27:23] [SUCCESS] bvid=BV1PrSoBxEGr 已成功抓取全部所需数据。
[2026-04-08 00:27:28] [SUCCESS] bvid=BV1ArSoBxEkU 已成功抓取全部所需数据。
[2026-04-08 00:27:33] [SUCCESS] bvid=BV1srSoBxEuc 已成功抓取全部所需数据。
[2026-04-08 00:27:38] [SUCCESS] bvid=BV1PrSoBxEuw 已成功抓取全部所需数据。
[2026-04-08 00:27:43] [SUCCESS] bvid=BV1bVSZBYEAH 已成功抓取全部所需数据。
[2026-04-08 00:27:49] [SUCCESS] bvid=BV1tVSZBYEuD 已成功抓取全部所需数据。
[2026-04-08 00:27:49] [ERROR] bvid=BV12LSZBwEpg 抓取失败：stat: 接口返回错误代码：62002，信息：稿件不可见。
{'code': 62002, 'message': '稿件不可见', 'ttl': 1} | comment: 接口返回错误代码：62002，信息：稿件不可见。
{'code': 62002, 'message': '稿件不可见', 'ttl': 1}
[2026-04-08 00:27:54] [SUCCESS] bvid=BV1tLSZBwEg9 已成功抓取全部所需数据。
[2026-04-08 00:28:00] [SUCCESS] bvid=BV14LSZBwEZP 已成功抓取全部所需数据。
[2026-04-08 00:28:05] [SUCCESS] bvid=BV1bgSZBvEHx 已成功抓取全部所需数据。
[2026-04-08 00:28:10] [SUCCESS] bvid=BV1ugSZBiEcv 已成功抓取全部所需数据。
[2026-04-08 00:28:16] [SUCCESS] bvid=BV1ggSZBiENx 已成功抓取全部所需数据。
[2026-04-08 00:28:21] [SUCCESS] bvid=BV1mGSZBPEUZ 已成功抓取全部所需数据。
[2026-04-08 00:28:26] [SUCCESS] bvid=BV1UGSZBPEMk 已成功抓取全部所需数据。
[2026-04-08 00:28:36] [SUCCESS] bvid=BV1xJSZBbENM 已成功抓取全部所需数据。
[2026-04-08 00:28:44] [SUCCESS] bvid=BV1WJSZBbEDe 已成功抓取全部所需数据。
[2026-04-08 00:28:50] [SUCCESS] bvid=BV1snSZBZENV 已成功抓取全部所需数据。
[2026-04-08 00:28:50] [ERROR] bvid=BV1C3SQB6EC8 抓取失败：stat: 接口返回错误代码：62002，信息：稿件不可见。
{'code': 62002, 'message': '稿件不可见', 'ttl': 1} | comment: 接口返回错误代码：62002，信息：稿件不可见。
{'code': 62002, 'message': '稿件不可见', 'ttl': 1}
[2026-04-08 00:28:55] [SUCCESS] bvid=BV1xjSZBhEH8 已成功抓取全部所需数据。
[2026-04-08 00:29:00] [SUCCESS] bvid=BV1eZSoBCEqG 已成功抓取全部所需数据。
[2026-04-08 00:29:06] [SUCCESS] bvid=BV1aASZBgEhu 已成功抓取全部所需数据。
[2026-04-08 00:29:22] [SUCCESS] bvid=BV1aASZBgEz7 已成功抓取全部所需数据。
[2026-04-08 00:29:44] [SUCCESS] bvid=BV1RZSoBCEvP 已成功抓取全部所需数据。
[2026-04-08 00:29:57] [SUCCESS] bvid=BV1iZSoBCE7g 已成功抓取全部所需数据。
[2026-04-08 00:30:05] [SUCCESS] bvid=BV1vZSoBCEeE 已成功抓取全部所需数据。
[2026-04-08 00:30:11] [SUCCESS] bvid=BV1eFSZBGExB 已成功抓取全部所需数据。
[2026-04-08 00:30:17] [SUCCESS] bvid=BV1QTSZBqEKW 已成功抓取全部所需数据。
[2026-04-08 00:30:22] [SUCCESS] bvid=BV1xVSdBREvw 已成功抓取全部所需数据。
[2026-04-08 00:30:28] [SUCCESS] bvid=BV1QPSZBzEfs 已成功抓取全部所需数据。
[2026-04-08 00:30:33] [SUCCESS] bvid=BV1YPSZBzEs2 已成功抓取全部所需数据。
[2026-04-08 00:30:39] [SUCCESS] bvid=BV1aKSZBMELE 已成功抓取全部所需数据。
[2026-04-08 00:30:44] [SUCCESS] bvid=BV1LBSZBjEt1 已成功抓取全部所需数据。
[2026-04-08 00:30:50] [SUCCESS] bvid=BV1VySZBGEGc 已成功抓取全部所需数据。
[2026-04-08 00:30:55] [SUCCESS] bvid=BV131SZBrEjT 已成功抓取全部所需数据。
[2026-04-08 00:31:00] [SUCCESS] bvid=BV1iiSZBmED1 已成功抓取全部所需数据。
[2026-04-08 00:31:06] [SUCCESS] bvid=BV17iSZBmEnb 已成功抓取全部所需数据。
[2026-04-08 00:31:11] [SUCCESS] bvid=BV1eySZBGEPV 已成功抓取全部所需数据。
[2026-04-08 00:31:16] [SUCCESS] bvid=BV16HDNB3EnS 已成功抓取全部所需数据。
[2026-04-08 00:31:21] [SUCCESS] bvid=BV1Bw9FB8EQb 已成功抓取全部所需数据。
[2026-04-08 00:31:26] [SUCCESS] bvid=BV1fcSXBKEMX 已成功抓取全部所需数据。
[2026-04-08 00:31:32] [SUCCESS] bvid=BV1Q1SZBrEBR 已成功抓取全部所需数据。
[2026-04-08 00:31:37] [SUCCESS] bvid=BV131SZBrELC 已成功抓取全部所需数据。
[2026-04-08 00:31:37] [WARN] 当前子任务已结束，但仍有未成功抓取的视频，已导出 remaining CSV 供继续执行。
[2026-04-08 00:31:37] [INFO] 已导出剔除成功条目后的剩余 CSV：D:\Schoolworks\Thesis\Bilibili-Datahub\outputs\video_data\manual_crawls\manual_crawl_stat_comment_20260407_223150\remaining_bvids_part_7.csv
[2026-04-08 00:31:37] 子任务结束时间：2026-04-08T00:31:37.567296
[TIMESTAMP][END] 2026-04-08T00:31:37
