[TIMESTAMP][BEGIN] 2026-04-08T06:54:59
[2026-04-08 06:55:01] 开始执行 CSV 批量抓取子任务 part_36。
[2026-04-08 06:55:01] 子任务开始时间：2026-04-08T06:54:59.301011
[2026-04-08 06:55:01] 输入文件：batch_input_36.csv
[2026-04-08 06:55:01] 输入唯一 bvid 数量：100
[2026-04-08 06:55:01] 为严格按 CSV 顺序判断连续失败阈值，本次任务自动将并发度从 2 调整为 1。
[2026-04-08 06:55:06] [SUCCESS] bvid=BV1ar9AB8E8g 已成功抓取全部所需数据。
[2026-04-08 06:55:11] [SUCCESS] bvid=BV1jg9PB6EE1 已成功抓取全部所需数据。
[2026-04-08 06:55:16] [SUCCESS] bvid=BV1Df9FBnEsU 已成功抓取全部所需数据。
[2026-04-08 06:55:21] [SUCCESS] bvid=BV1eq9ABAEtJ 已成功抓取全部所需数据。
[2026-04-08 06:55:26] [SUCCESS] bvid=BV1YB9ABaEsm 已成功抓取全部所需数据。
[2026-04-08 06:55:31] [SUCCESS] bvid=BV1Eg9PB6EwM 已成功抓取全部所需数据。
[2026-04-08 06:55:36] [SUCCESS] bvid=BV1Df9FBnEbW 已成功抓取全部所需数据。
[2026-04-08 06:55:41] [SUCCESS] bvid=BV1zu9PB3E3x 已成功抓取全部所需数据。
[2026-04-08 06:55:46] [SUCCESS] bvid=BV1eE9PBNExc 已成功抓取全部所需数据。
[2026-04-08 06:55:50] [SUCCESS] bvid=BV1gf9FBHEHt 已成功抓取全部所需数据。
[2026-04-08 06:55:56] [SUCCESS] bvid=BV1Nv9PBWENE 已成功抓取全部所需数据。
[2026-04-08 06:56:01] [SUCCESS] bvid=BV1t89PBoEr9 已成功抓取全部所需数据。
[2026-04-08 06:56:06] [SUCCESS] bvid=BV1GG9FBXEDb 已成功抓取全部所需数据。
[2026-04-08 06:56:12] [SUCCESS] bvid=BV1EN9wBKEyo 已成功抓取全部所需数据。
[2026-04-08 06:56:17] [SUCCESS] bvid=BV1jK9wBvERW 已成功抓取全部所需数据。
[2026-04-08 06:56:22] [SUCCESS] bvid=BV1Y59wBFE1A 已成功抓取全部所需数据。
[2026-04-08 06:56:27] [SUCCESS] bvid=BV15G9wBhE9i 已成功抓取全部所需数据。
[2026-04-08 06:56:33] [SUCCESS] bvid=BV1LG9wBhEJE 已成功抓取全部所需数据。
[2026-04-08 06:56:38] [SUCCESS] bvid=BV1Ho9cBrENU 已成功抓取全部所需数据。
[2026-04-08 06:56:43] [SUCCESS] bvid=BV1po9cBrENk 已成功抓取全部所需数据。
[2026-04-08 06:56:48] [SUCCESS] bvid=BV1iD9wBvEsa 已成功抓取全部所需数据。
[2026-04-08 06:56:53] [SUCCESS] bvid=BV1C99cBCEhA 已成功抓取全部所需数据。
[2026-04-08 06:56:58] [SUCCESS] bvid=BV1rF9wBzEA9 已成功抓取全部所需数据。
[2026-04-08 06:57:03] [SUCCESS] bvid=BV1Pe9wBjEQh 已成功抓取全部所需数据。
[2026-04-08 06:57:08] [SUCCESS] bvid=BV11e9wBjENE 已成功抓取全部所需数据。
[2026-04-08 06:57:13] [SUCCESS] bvid=BV1c69wBGEbr 已成功抓取全部所需数据。
[2026-04-08 06:57:19] [SUCCESS] bvid=BV1yv9wB1EKh 已成功抓取全部所需数据。
[2026-04-08 06:57:24] [SUCCESS] bvid=BV1Aq9wB5EJk 已成功抓取全部所需数据。
[2026-04-08 06:57:29] [SUCCESS] bvid=BV1Aq9wB5Erp 已成功抓取全部所需数据。
[2026-04-08 06:57:34] [SUCCESS] bvid=BV1uH9wBsEVy 已成功抓取全部所需数据。
[2026-04-08 06:57:34] [ERROR] bvid=BV1Gj9wBZE85 抓取失败：stat: 接口返回错误代码：-404，信息：啥都木有。
{'code': -404, 'message': '啥都木有', 'ttl': 1} | comment: 接口返回错误代码：-404，信息：啥都木有。
{'code': -404, 'message': '啥都木有', 'ttl': 1}
[2026-04-08 06:57:39] [SUCCESS] bvid=BV1Gj9wBZEiJ 已成功抓取全部所需数据。
[2026-04-08 06:57:44] [SUCCESS] bvid=BV13j9wBZE6d 已成功抓取全部所需数据。
[2026-04-08 06:57:49] [SUCCESS] bvid=BV1aE9wB4Eif 已成功抓取全部所需数据。
[2026-04-08 06:57:54] [SUCCESS] bvid=BV13E9wB4Ea3 已成功抓取全部所需数据。
[2026-04-08 06:57:59] [SUCCESS] bvid=BV1Tt9wBnEve 已成功抓取全部所需数据。
[2026-04-08 06:58:04] [SUCCESS] bvid=BV18p9wB9EiF 已成功抓取全部所需数据。
[2026-04-08 06:58:09] [SUCCESS] bvid=BV183XZB1EfE 已成功抓取全部所需数据。
[2026-04-08 06:58:14] [SUCCESS] bvid=BV18nXjBtEaa 已成功抓取全部所需数据。
[2026-04-08 06:58:19] [SUCCESS] bvid=BV1V99wBYEqB 已成功抓取全部所需数据。
[2026-04-08 06:58:24] [SUCCESS] bvid=BV1Xo9wB8EpW 已成功抓取全部所需数据。
[2026-04-08 06:58:29] [SUCCESS] bvid=BV1QZ9wBfEPj 已成功抓取全部所需数据。
[2026-04-08 06:58:34] [SUCCESS] bvid=BV1Gf9wBFEHX 已成功抓取全部所需数据。
[2026-04-08 06:58:39] [SUCCESS] bvid=BV1Yf9wBFEjC 已成功抓取全部所需数据。
[2026-04-08 06:58:44] [SUCCESS] bvid=BV1R99wBaEhM 已成功抓取全部所需数据。
[2026-04-08 06:58:49] [SUCCESS] bvid=BV19d9wBcEhb 已成功抓取全部所需数据。
[2026-04-08 06:58:54] [SUCCESS] bvid=BV1DA9ABxE7E 已成功抓取全部所需数据。
[2026-04-08 06:58:59] [SUCCESS] bvid=BV1DF9ABtEXd 已成功抓取全部所需数据。
[2026-04-08 06:59:04] [SUCCESS] bvid=BV1SP9ABREaF 已成功抓取全部所需数据。
[2026-04-08 06:59:10] [SUCCESS] bvid=BV1DF9ABtEiB 已成功抓取全部所需数据。
[2026-04-08 06:59:15] [SUCCESS] bvid=BV1GF9ABbEGy 已成功抓取全部所需数据。
[2026-04-08 06:59:20] [SUCCESS] bvid=BV1QF9ABbEVf 已成功抓取全部所需数据。
[2026-04-08 06:59:25] [SUCCESS] bvid=BV1Zy9wBBEdN 已成功抓取全部所需数据。
[2026-04-08 06:59:30] [SUCCESS] bvid=BV1729wBMEWe 已成功抓取全部所需数据。
[2026-04-08 06:59:35] [SUCCESS] bvid=BV1Z29wBTEUE 已成功抓取全部所需数据。
[2026-04-08 06:59:40] [SUCCESS] bvid=BV1Fr9wBrEy7 已成功抓取全部所需数据。
[2026-04-08 06:59:46] [SUCCESS] bvid=BV1zC9wBgE1e 已成功抓取全部所需数据。
[2026-04-08 06:59:51] [SUCCESS] bvid=BV1mw9cBEEeb 已成功抓取全部所需数据。
[2026-04-08 06:59:56] [SUCCESS] bvid=BV1LD9wBvE5x 已成功抓取全部所需数据。
[2026-04-08 07:00:04] [SUCCESS] bvid=BV1oD9wBeEAE 已成功抓取全部所需数据。
[2026-04-08 07:00:09] [SUCCESS] bvid=BV1XD9FBdEko 已成功抓取全部所需数据。
[2026-04-08 07:00:15] [SUCCESS] bvid=BV15X9wBPE1p 已成功抓取全部所需数据。
[2026-04-08 07:00:20] [SUCCESS] bvid=BV1Zm9wBiEHi 已成功抓取全部所需数据。
[2026-04-08 07:00:41] [SUCCESS] bvid=BV1LK9FBoELX 已成功抓取全部所需数据。
[2026-04-08 07:00:47] [SUCCESS] bvid=BV1dK9FBoE8E 已成功抓取全部所需数据。
[2026-04-08 07:00:52] [SUCCESS] bvid=BV1LK9FBoE8G 已成功抓取全部所需数据。
[2026-04-08 07:00:57] [SUCCESS] bvid=BV15K9FBoEDF 已成功抓取全部所需数据。
[2026-04-08 07:01:02] [SUCCESS] bvid=BV1Ew9FB8EV7 已成功抓取全部所需数据。
[2026-04-08 07:01:07] [SUCCESS] bvid=BV1jA9FBfEht 已成功抓取全部所需数据。
[2026-04-08 07:01:12] [SUCCESS] bvid=BV1Bw9FB8EeY 已成功抓取全部所需数据。
[2026-04-08 07:01:18] [SUCCESS] bvid=BV17w9FB8EdL 已成功抓取全部所需数据。
[2026-04-08 07:01:22] [SUCCESS] bvid=BV1LA9FBfEoA 已成功抓取全部所需数据。
[2026-04-08 07:01:27] [SUCCESS] bvid=BV17A9FBfEM6 已成功抓取全部所需数据。
[2026-04-08 07:01:32] [SUCCESS] bvid=BV1YG9FBXExX 已成功抓取全部所需数据。
[2026-04-08 07:01:37] [SUCCESS] bvid=BV1e39FBWELg 已成功抓取全部所需数据。
[2026-04-08 07:01:42] [SUCCESS] bvid=BV1YG9FBXE2y 已成功抓取全部所需数据。
[2026-04-08 07:01:47] [SUCCESS] bvid=BV1LM9FBxEPN 已成功抓取全部所需数据。
[2026-04-08 07:01:53] [SUCCESS] bvid=BV1Vu9FBREtP 已成功抓取全部所需数据。
[2026-04-08 07:01:58] [SUCCESS] bvid=BV15u9FBRE5F 已成功抓取全部所需数据。
[2026-04-08 07:02:03] [SUCCESS] bvid=BV1Vu9FBREpk 已成功抓取全部所需数据。
[2026-04-08 07:02:08] [SUCCESS] bvid=BV15u9FBREJV 已成功抓取全部所需数据。
[2026-04-08 07:02:13] [SUCCESS] bvid=BV1wXXfBqErW 已成功抓取全部所需数据。
[2026-04-08 07:02:18] [SUCCESS] bvid=BV1HRXfBNE5n 已成功抓取全部所需数据。
[2026-04-08 07:02:23] [SUCCESS] bvid=BV1rRXfBNEcX 已成功抓取全部所需数据。
[2026-04-08 07:02:28] [SUCCESS] bvid=BV1nRXfBNEgt 已成功抓取全部所需数据。
[2026-04-08 07:02:33] [SUCCESS] bvid=BV1HRXfBNEwc 已成功抓取全部所需数据。
[2026-04-08 07:02:38] [SUCCESS] bvid=BV17k9FBAE4P 已成功抓取全部所需数据。
[2026-04-08 07:02:43] [SUCCESS] bvid=BV1JsXMBXEU8 已成功抓取全部所需数据。
[2026-04-08 07:02:48] [SUCCESS] bvid=BV1PSXfBzEu2 已成功抓取全部所需数据。
[2026-04-08 07:02:52] [SUCCESS] bvid=BV1WSXfBBEVa 已成功抓取全部所需数据。
[2026-04-08 07:02:58] [SUCCESS] bvid=BV1EfXfBaEh4 已成功抓取全部所需数据。
[2026-04-08 07:03:03] [SUCCESS] bvid=BV1kQXfBTEsH 已成功抓取全部所需数据。
[2026-04-08 07:03:08] [SUCCESS] bvid=BV1pQXfBTEQF 已成功抓取全部所需数据。
[2026-04-08 07:03:13] [SUCCESS] bvid=BV1ffXfB8E48 已成功抓取全部所需数据。
[2026-04-08 07:03:17] [SUCCESS] bvid=BV1zc9FBcEF9 已成功抓取全部所需数据。
[2026-04-08 07:03:22] [SUCCESS] bvid=BV17c9FBcE2V 已成功抓取全部所需数据。
[2026-04-08 07:03:28] [SUCCESS] bvid=BV1ndXfBvE1x 已成功抓取全部所需数据。
[2026-04-08 07:03:33] [SUCCESS] bvid=BV1rdXfBeEe5 已成功抓取全部所需数据。
[2026-04-08 07:03:38] [SUCCESS] bvid=BV1JZXfBAEsK 已成功抓取全部所需数据。
[2026-04-08 07:03:43] [SUCCESS] bvid=BV1cZXfBPEwN 已成功抓取全部所需数据。
[2026-04-08 07:03:43] [WARN] 当前子任务已结束，但仍有未成功抓取的视频，已导出 remaining CSV 供继续执行。
[2026-04-08 07:03:43] [INFO] 已导出剔除成功条目后的剩余 CSV：D:\Schoolworks\Thesis\Bilibili-Datahub\outputs\video_data\manual_crawls\manual_crawl_stat_comment_20260407_223150\remaining_bvids_part_36.csv
[2026-04-08 07:03:43] 子任务结束时间：2026-04-08T07:03:43.005704
[TIMESTAMP][END] 2026-04-08T07:03:43
