[TIMESTAMP][BEGIN] 2026-04-07T22:32:10
[2026-04-07 22:32:14] 开始执行 CSV 批量抓取子任务 part_1。
[2026-04-07 22:32:14] 子任务开始时间：2026-04-07T22:32:10.920614
[2026-04-07 22:32:14] 输入文件：batch_input_1.csv
[2026-04-07 22:32:14] 输入唯一 bvid 数量：100
[2026-04-07 22:32:14] 为严格按 CSV 顺序判断连续失败阈值，本次任务自动将并发度从 2 调整为 1。
[2026-04-07 22:32:21] [SUCCESS] bvid=BV1EiDeBsEJo 已成功抓取全部所需数据。
[2026-04-07 22:32:26] [SUCCESS] bvid=BV1gXDeBkEbC 已成功抓取全部所需数据。
[2026-04-07 22:32:32] [SUCCESS] bvid=BV1HYDeBxEP8 已成功抓取全部所需数据。
[2026-04-07 22:32:37] [SUCCESS] bvid=BV1HYDeBxEew 已成功抓取全部所需数据。
[2026-04-07 22:32:43] [SUCCESS] bvid=BV1qkDeBJEpD 已成功抓取全部所需数据。
[2026-04-07 22:32:48] [SUCCESS] bvid=BV1EzDeBHEBD 已成功抓取全部所需数据。
[2026-04-07 22:32:53] [SUCCESS] bvid=BV1EzDeBHEFw 已成功抓取全部所需数据。
[2026-04-07 22:32:59] [SUCCESS] bvid=BV1j6DeBDEgL 已成功抓取全部所需数据。
[2026-04-07 22:33:04] [SUCCESS] bvid=BV176DeBDExW 已成功抓取全部所需数据。
[2026-04-07 22:33:10] [SUCCESS] bvid=BV1c5DvBtEqh 已成功抓取全部所需数据。
[2026-04-07 22:33:15] [SUCCESS] bvid=BV1c3DvB8EUS 已成功抓取全部所需数据。
[2026-04-07 22:33:20] [SUCCESS] bvid=BV1ANDYBdEui 已成功抓取全部所需数据。
[2026-04-07 22:33:26] [SUCCESS] bvid=BV1C3DvB8EYi 已成功抓取全部所需数据。
[2026-04-07 22:33:31] [SUCCESS] bvid=BV1fnDvBpEL1 已成功抓取全部所需数据。
[2026-04-07 22:33:36] [SUCCESS] bvid=BV17nDvBWEzw 已成功抓取全部所需数据。
[2026-04-07 22:33:42] [SUCCESS] bvid=BV1BdDYBDEEV 已成功抓取全部所需数据。
[2026-04-07 22:33:47] [SUCCESS] bvid=BV1f7DvBsEJY 已成功抓取全部所需数据。
[2026-04-07 22:33:52] [SUCCESS] bvid=BV1FLDvBoEgm 已成功抓取全部所需数据。
[2026-04-07 22:33:57] [SUCCESS] bvid=BV1MQDaBvECo 已成功抓取全部所需数据。
[2026-04-07 22:34:03] [SUCCESS] bvid=BV1f7DvBsEEk 已成功抓取全部所需数据。
[2026-04-07 22:34:08] [SUCCESS] bvid=BV1f7DvBsEiP 已成功抓取全部所需数据。
[2026-04-07 22:34:13] [SUCCESS] bvid=BV1f7DvBsEpC 已成功抓取全部所需数据。
[2026-04-07 22:34:19] [SUCCESS] bvid=BV1TcDvBTE9y 已成功抓取全部所需数据。
[2026-04-07 22:34:24] [SUCCESS] bvid=BV1MZDeBuELX 已成功抓取全部所需数据。
[2026-04-07 22:34:29] [SUCCESS] bvid=BV1KwDvBiEir 已成功抓取全部所需数据。
[2026-04-07 22:34:34] [SUCCESS] bvid=BV1TwDvBqEqC 已成功抓取全部所需数据。
[2026-04-07 22:34:40] [SUCCESS] bvid=BV1REDhBMEAY 已成功抓取全部所需数据。
[2026-04-07 22:34:45] [SUCCESS] bvid=BV1wMDYB9E14 已成功抓取全部所需数据。
[2026-04-07 22:34:50] [SUCCESS] bvid=BV1BXDMB2ExN 已成功抓取全部所需数据。
[2026-04-07 22:34:56] [SUCCESS] bvid=BV1QL93BJEmA 已成功抓取全部所需数据。
[2026-04-07 22:35:01] [SUCCESS] bvid=BV1MfXZBCE9D 已成功抓取全部所需数据。
[2026-04-07 22:35:07] [SUCCESS] bvid=BV121DvBKENA 已成功抓取全部所需数据。
[2026-04-07 22:35:13] [SUCCESS] bvid=BV1PTDvBAEAt 已成功抓取全部所需数据。
[2026-04-07 22:35:18] [SUCCESS] bvid=BV1MfDeBBE64 已成功抓取全部所需数据。
[2026-04-07 22:35:24] [SUCCESS] bvid=BV1NTDvBAEEV 已成功抓取全部所需数据。
[2026-04-07 22:35:29] [SUCCESS] bvid=BV1UfXZBkEUA 已成功抓取全部所需数据。
[2026-04-07 22:35:35] [SUCCESS] bvid=BV1PMDvBaEBr 已成功抓取全部所需数据。
[2026-04-07 22:35:40] [SUCCESS] bvid=BV1NPDvBNEv3 已成功抓取全部所需数据。
[2026-04-07 22:35:46] [SUCCESS] bvid=BV1WMDvBaEiA 已成功抓取全部所需数据。
[2026-04-07 22:35:51] [SUCCESS] bvid=BV1v4DvBJEwG 已成功抓取全部所需数据。
[2026-04-07 22:35:56] [SUCCESS] bvid=BV1KPDvBNE5C 已成功抓取全部所需数据。
[2026-04-07 22:36:02] [SUCCESS] bvid=BV1TPDvBNEGu 已成功抓取全部所需数据。
[2026-04-07 22:36:07] [SUCCESS] bvid=BV1sNDvBeE8q 已成功抓取全部所需数据。
[2026-04-07 22:36:13] [SUCCESS] bvid=BV1SqDvBrE9h 已成功抓取全部所需数据。
[2026-04-07 22:36:18] [SUCCESS] bvid=BV1gqDvBkEpd 已成功抓取全部所需数据。
[2026-04-07 22:36:24] [SUCCESS] bvid=BV1DqDvBrEPT 已成功抓取全部所需数据。
[2026-04-07 22:36:29] [SUCCESS] bvid=BV1mzDvBgExQ 已成功抓取全部所需数据。
[2026-04-07 22:36:35] [SUCCESS] bvid=BV1SzDvBgEbi 已成功抓取全部所需数据。
[2026-04-07 22:36:40] [SUCCESS] bvid=BV1SzDvBgEBS 已成功抓取全部所需数据。
[2026-04-07 22:36:46] [SUCCESS] bvid=BV1MkDvBuE5e 已成功抓取全部所需数据。
[2026-04-07 22:36:51] [SUCCESS] bvid=BV1UzDvBgEWx 已成功抓取全部所需数据。
[2026-04-07 22:36:56] [SUCCESS] bvid=BV1UzDvBgE5b 已成功抓取全部所需数据。
[2026-04-07 22:37:01] [SUCCESS] bvid=BV1QeDvBCEBB 已成功抓取全部所需数据。
[2026-04-07 22:37:07] [SUCCESS] bvid=BV1QeDvBCETH 已成功抓取全部所需数据。
[2026-04-07 22:37:12] [SUCCESS] bvid=BV13eDvByEqf 已成功抓取全部所需数据。
[2026-04-07 22:37:18] [SUCCESS] bvid=BV13eDvByEsS 已成功抓取全部所需数据。
[2026-04-07 22:37:23] [SUCCESS] bvid=BV1SiDvBGEya 已成功抓取全部所需数据。
[2026-04-07 22:37:29] [SUCCESS] bvid=BV13iDvBVELY 已成功抓取全部所需数据。
[2026-04-07 22:37:34] [SUCCESS] bvid=BV1DiDvBGEGV 已成功抓取全部所需数据。
[2026-04-07 22:37:40] [SUCCESS] bvid=BV1o7DYB2Exe 已成功抓取全部所需数据。
[2026-04-07 22:37:45] [SUCCESS] bvid=BV12CDvBqEmn 已成功抓取全部所需数据。
[2026-04-07 22:37:50] [SUCCESS] bvid=BV1TCDvBBErA 已成功抓取全部所需数据。
[2026-04-07 22:37:55] [SUCCESS] bvid=BV1DiDvBGEZk 已成功抓取全部所需数据。
[2026-04-07 22:38:01] [SUCCESS] bvid=BV12CDvBqEAe 已成功抓取全部所需数据。
[2026-04-07 22:38:06] [SUCCESS] bvid=BV1gUSZB6EHz 已成功抓取全部所需数据。
[2026-04-07 22:38:11] [SUCCESS] bvid=BV11CDvBqEEF 已成功抓取全部所需数据。
[2026-04-07 22:38:17] [SUCCESS] bvid=BV1PNXfBzEBt 已成功抓取全部所需数据。
[2026-04-07 22:38:22] [SUCCESS] bvid=BV1KCDvBBEzh 已成功抓取全部所需数据。
[2026-04-07 22:38:28] [SUCCESS] bvid=BV1mCDvBqEFB 已成功抓取全部所需数据。
[2026-04-07 22:38:33] [SUCCESS] bvid=BV1U6DvBzE8V 已成功抓取全部所需数据。
[2026-04-07 22:38:39] [SUCCESS] bvid=BV1mkDvBMEaW 已成功抓取全部所需数据。
[2026-04-07 22:38:44] [SUCCESS] bvid=BV1mkDvBMES7 已成功抓取全部所需数据。
[2026-04-07 22:38:49] [SUCCESS] bvid=BV1AzDhBREfL 已成功抓取全部所需数据。
[2026-04-07 22:38:55] [SUCCESS] bvid=BV194DvBEES6 已成功抓取全部所需数据。
[2026-04-07 22:39:00] [SUCCESS] bvid=BV1od9KB2EmG 已成功抓取全部所需数据。
[2026-04-07 22:39:06] [SUCCESS] bvid=BV1K9D8BxEfC 已成功抓取全部所需数据。
[2026-04-07 22:39:11] [SUCCESS] bvid=BV1EvDaBjEgS 已成功抓取全部所需数据。
[2026-04-07 22:39:17] [SUCCESS] bvid=BV1JTSoBUEJg 已成功抓取全部所需数据。
[2026-04-07 22:39:22] [SUCCESS] bvid=BV13UDaBqEkK 已成功抓取全部所需数据。
[2026-04-07 22:39:28] [SUCCESS] bvid=BV15HDhBTESy 已成功抓取全部所需数据。
[2026-04-07 22:39:34] [SUCCESS] bvid=BV1FLDcBfEix 已成功抓取全部所需数据。
[2026-04-07 22:39:39] [SUCCESS] bvid=BV1osDvBSEMV 已成功抓取全部所需数据。
[2026-04-07 22:39:44] [SUCCESS] bvid=BV1R4DvBEEDS 已成功抓取全部所需数据。
[2026-04-07 22:39:49] [SUCCESS] bvid=BV1d4DvBEELF 已成功抓取全部所需数据。
[2026-04-07 22:39:55] [SUCCESS] bvid=BV1d4DvBEEM8 已成功抓取全部所需数据。
[2026-04-07 22:40:00] [SUCCESS] bvid=BV1BHDvBXEG1 已成功抓取全部所需数据。
[2026-04-07 22:40:05] [SUCCESS] bvid=BV1dHDvBQEXv 已成功抓取全部所需数据。
[2026-04-07 22:40:11] [SUCCESS] bvid=BV1jHDvBXEXd 已成功抓取全部所需数据。
[2026-04-07 22:40:16] [SUCCESS] bvid=BV1dWDvBnEpH 已成功抓取全部所需数据。
[2026-04-07 22:40:21] [SUCCESS] bvid=BV1ZHDvBQEVN 已成功抓取全部所需数据。
[2026-04-07 22:40:27] [SUCCESS] bvid=BV1dWDvBnE9q 已成功抓取全部所需数据。
[2026-04-07 22:40:33] [SUCCESS] bvid=BV1XhDvB1ED9 已成功抓取全部所需数据。
[2026-04-07 22:40:38] [SUCCESS] bvid=BV1GhDvB2EDN 已成功抓取全部所需数据。
[2026-04-07 22:40:44] [SUCCESS] bvid=BV1XYDvB5EY9 已成功抓取全部所需数据。
[2026-04-07 22:40:49] [SUCCESS] bvid=BV1aYDvBLEpU 已成功抓取全部所需数据。
[2026-04-07 22:40:55] [SUCCESS] bvid=BV1iBDaB5Efq 已成功抓取全部所需数据。
[2026-04-07 22:41:00] [SUCCESS] bvid=BV158DvB7EgY 已成功抓取全部所需数据。
[2026-04-07 22:41:06] [SUCCESS] bvid=BV1G1DaBzEXb 已成功抓取全部所需数据。
[2026-04-07 22:41:19] [SUCCESS] bvid=BV1AgDcBAEJh 已成功抓取全部所需数据。
[2026-04-07 22:41:25] [SUCCESS] bvid=BV1GmDaBMEZZ 已成功抓取全部所需数据。
[2026-04-07 22:41:25] [INFO] 当前 batch_crawl 已完成，所有视频均已成功抓取。
[2026-04-07 22:41:25] 子任务结束时间：2026-04-07T22:41:25.264904
[TIMESTAMP][END] 2026-04-07T22:41:25
