[TIMESTAMP][BEGIN] 2026-04-08T03:27:43
[2026-04-08 03:27:46] 开始执行 CSV 批量抓取子任务 part_20。
[2026-04-08 03:27:46] 子任务开始时间：2026-04-08T03:27:43.278831
[2026-04-08 03:27:46] 输入文件：batch_input_20.csv
[2026-04-08 03:27:46] 输入唯一 bvid 数量：100
[2026-04-08 03:27:46] 为严格按 CSV 顺序判断连续失败阈值，本次任务自动将并发度从 2 调整为 1。
[2026-04-08 03:27:52] [SUCCESS] bvid=BV1gPDTBhErw 已成功抓取全部所需数据。
[2026-04-08 03:27:59] [SUCCESS] bvid=BV1uPDTBhEWL 已成功抓取全部所需数据。
[2026-04-08 03:28:05] [SUCCESS] bvid=BV18PDTBhEmA 已成功抓取全部所需数据。
[2026-04-08 03:28:11] [SUCCESS] bvid=BV18KDTBFExo 已成功抓取全部所需数据。
[2026-04-08 03:28:17] [SUCCESS] bvid=BV18KDTBFEUM 已成功抓取全部所需数据。
[2026-04-08 03:28:23] [SUCCESS] bvid=BV1gKDTBFEJa 已成功抓取全部所需数据。
[2026-04-08 03:28:30] [SUCCESS] bvid=BV1YzDTBqECj 已成功抓取全部所需数据。
[2026-04-08 03:28:36] [SUCCESS] bvid=BV1uKDTBFE4y 已成功抓取全部所需数据。
[2026-04-08 03:28:43] [SUCCESS] bvid=BV15BDTBMEQo 已成功抓取全部所需数据。
[2026-04-08 03:28:49] [SUCCESS] bvid=BV19BDTBTE8V 已成功抓取全部所需数据。
[2026-04-08 03:28:55] [SUCCESS] bvid=BV15BDTBMEXs 已成功抓取全部所需数据。
[2026-04-08 03:29:01] [SUCCESS] bvid=BV19BDTBTEhx 已成功抓取全部所需数据。
[2026-04-08 03:29:07] [SUCCESS] bvid=BV1wTXoB8E2A 已成功抓取全部所需数据。
[2026-04-08 03:29:14] [SUCCESS] bvid=BV1ZADPBeEto 已成功抓取全部所需数据。
[2026-04-08 03:29:20] [SUCCESS] bvid=BV1qgDMB5EAk 已成功抓取全部所需数据。
[2026-04-08 03:29:26] [SUCCESS] bvid=BV184DMBeEbi 已成功抓取全部所需数据。
[2026-04-08 03:29:33] [SUCCESS] bvid=BV1oYDTB6ESv 已成功抓取全部所需数据。
[2026-04-08 03:29:39] [SUCCESS] bvid=BV1Z3DMByEwn 已成功抓取全部所需数据。
[2026-04-08 03:29:45] [SUCCESS] bvid=BV1iKDPBaE1N 已成功抓取全部所需数据。
[2026-04-08 03:29:52] [SUCCESS] bvid=BV1ivDTBgE2r 已成功抓取全部所需数据。
[2026-04-08 03:29:58] [SUCCESS] bvid=BV1ezDTBqEkV 已成功抓取全部所需数据。
[2026-04-08 03:30:04] [SUCCESS] bvid=BV19zDTBiEqX 已成功抓取全部所需数据。
[2026-04-08 03:30:10] [SUCCESS] bvid=BV15zDTBqE3n 已成功抓取全部所需数据。
[2026-04-08 03:30:16] [SUCCESS] bvid=BV1dvDTBuE7o 已成功抓取全部所需数据。
[2026-04-08 03:30:21] [SUCCESS] bvid=BV1LvDTBgE7N 已成功抓取全部所需数据。
[2026-04-08 03:30:27] [SUCCESS] bvid=BV15iDTBzEiH 已成功抓取全部所需数据。
[2026-04-08 03:30:32] [SUCCESS] bvid=BV1RiDTBBEmr 已成功抓取全部所需数据。
[2026-04-08 03:30:37] [SUCCESS] bvid=BV1eiDTBzE2s 已成功抓取全部所需数据。
[2026-04-08 03:30:42] [SUCCESS] bvid=BV1eiDTBzEDb 已成功抓取全部所需数据。
[2026-04-08 03:30:47] [SUCCESS] bvid=BV15iDTBzEeZ 已成功抓取全部所需数据。
[2026-04-08 03:30:52] [SUCCESS] bvid=BV1diDTBBEuT 已成功抓取全部所需数据。
[2026-04-08 03:30:57] [SUCCESS] bvid=BV1hyDTBPELM 已成功抓取全部所需数据。
[2026-04-08 03:31:02] [SUCCESS] bvid=BV12n9uBMEUK 已成功抓取全部所需数据。
[2026-04-08 03:31:07] [SUCCESS] bvid=BV1QyDTBAEdx 已成功抓取全部所需数据。
[2026-04-08 03:31:12] [SUCCESS] bvid=BV1VkDTBvET7 已成功抓取全部所需数据。
[2026-04-08 03:31:17] [SUCCESS] bvid=BV181DTBYEeV 已成功抓取全部所需数据。
[2026-04-08 03:31:22] [SUCCESS] bvid=BV1AcDMBpEYq 已成功抓取全部所需数据。
[2026-04-08 03:31:27] [SUCCESS] bvid=BV19rDTBNEJb 已成功抓取全部所需数据。
[2026-04-08 03:31:32] [SUCCESS] bvid=BV1QrDTBNECv 已成功抓取全部所需数据。
[2026-04-08 03:31:37] [SUCCESS] bvid=BV1GrDTBKE5G 已成功抓取全部所需数据。
[2026-04-08 03:31:42] [SUCCESS] bvid=BV1QrDTBNE2x 已成功抓取全部所需数据。
[2026-04-08 03:31:47] [SUCCESS] bvid=BV1XrDTBNErG 已成功抓取全部所需数据。
[2026-04-08 03:31:52] [SUCCESS] bvid=BV19rDTBNENw 已成功抓取全部所需数据。
[2026-04-08 03:31:57] [SUCCESS] bvid=BV13kDTBvExc 已成功抓取全部所需数据。
[2026-04-08 03:32:02] [SUCCESS] bvid=BV1XkDTBeEV3 已成功抓取全部所需数据。
[2026-04-08 03:32:07] [SUCCESS] bvid=BV13kDTBvECZ 已成功抓取全部所需数据。
[2026-04-08 03:32:12] [SUCCESS] bvid=BV1QkDTBeEoR 已成功抓取全部所需数据。
[2026-04-08 03:32:17] [SUCCESS] bvid=BV1LjDMBGE4G 已成功抓取全部所需数据。
[2026-04-08 03:32:23] [SUCCESS] bvid=BV1VoDKBKE2u 已成功抓取全部所需数据。
[2026-04-08 03:32:28] [SUCCESS] bvid=BV1FxDTBjEiz 已成功抓取全部所需数据。
[2026-04-08 03:32:33] [SUCCESS] bvid=BV1J4DTB1ESM 已成功抓取全部所需数据。
[2026-04-08 03:32:38] [SUCCESS] bvid=BV1S8DMBaEgL 已成功抓取全部所需数据。
[2026-04-08 03:32:43] [SUCCESS] bvid=BV1F4DTB1ESR 已成功抓取全部所需数据。
[2026-04-08 03:32:48] [SUCCESS] bvid=BV1cpDTBEEvM 已成功抓取全部所需数据。
[2026-04-08 03:32:54] [SUCCESS] bvid=BV1E4DTB1EDb 已成功抓取全部所需数据。
[2026-04-08 03:32:59] [SUCCESS] bvid=BV1HWDTBmEGA 已成功抓取全部所需数据。
[2026-04-08 03:33:04] [SUCCESS] bvid=BV1cpDTBEEjq 已成功抓取全部所需数据。
[2026-04-08 03:33:09] [SUCCESS] bvid=BV1cpDTBEEjz 已成功抓取全部所需数据。
[2026-04-08 03:33:14] [SUCCESS] bvid=BV1tsDPBJER5 已成功抓取全部所需数据。
[2026-04-08 03:33:19] [SUCCESS] bvid=BV1cpDTBEEVB 已成功抓取全部所需数据。
[2026-04-08 03:33:24] [SUCCESS] bvid=BV1cWDTBmEk3 已成功抓取全部所需数据。
[2026-04-08 03:33:29] [SUCCESS] bvid=BV1FWDTBmEcf 已成功抓取全部所需数据。
[2026-04-08 03:33:34] [SUCCESS] bvid=BV1FWDTBmEUn 已成功抓取全部所需数据。
[2026-04-08 03:33:39] [SUCCESS] bvid=BV1daDTB3Eo2 已成功抓取全部所需数据。
[2026-04-08 03:33:44] [SUCCESS] bvid=BV1259TBeEiN 已成功抓取全部所需数据。
[2026-04-08 03:33:49] [SUCCESS] bvid=BV1HWDTBmE4G 已成功抓取全部所需数据。
[2026-04-08 03:33:54] [SUCCESS] bvid=BV16WDTBmEd3 已成功抓取全部所需数据。
[2026-04-08 03:33:59] [SUCCESS] bvid=BV1nWDTBmEuQ 已成功抓取全部所需数据。
[2026-04-08 03:34:04] [SUCCESS] bvid=BV1oaDTB3ENM 已成功抓取全部所需数据。
[2026-04-08 03:34:09] [SUCCESS] bvid=BV1GSXZBSE7A 已成功抓取全部所需数据。
[2026-04-08 03:34:14] [SUCCESS] bvid=BV1daDTB3EoT 已成功抓取全部所需数据。
[2026-04-08 03:34:20] [SUCCESS] bvid=BV1oYDTB6EUE 已成功抓取全部所需数据。
[2026-04-08 03:34:25] [SUCCESS] bvid=BV1Nk9MBNExg 已成功抓取全部所需数据。
[2026-04-08 03:34:30] [SUCCESS] bvid=BV1RYDTB6Eyx 已成功抓取全部所需数据。
[2026-04-08 03:34:35] [SUCCESS] bvid=BV1dF9uBQE8p 已成功抓取全部所需数据。
[2026-04-08 03:34:40] [SUCCESS] bvid=BV1E89NB2EFh 已成功抓取全部所需数据。
[2026-04-08 03:34:45] [SUCCESS] bvid=BV1XvDNBhEQN 已成功抓取全部所需数据。
[2026-04-08 03:34:50] [SUCCESS] bvid=BV1obDNBvEkz 已成功抓取全部所需数据。
[2026-04-08 03:34:55] [SUCCESS] bvid=BV1dYDTB6E6i 已成功抓取全部所需数据。
[2026-04-08 03:35:00] [SUCCESS] bvid=BV17bDTB5ERd 已成功抓取全部所需数据。
[2026-04-08 03:35:05] [SUCCESS] bvid=BV17bDTB5E9e 已成功抓取全部所需数据。
[2026-04-08 03:35:10] [SUCCESS] bvid=BV1obDTBVERH 已成功抓取全部所需数据。
[2026-04-08 03:35:15] [SUCCESS] bvid=BV1dhDNBPEDq 已成功抓取全部所需数据。
[2026-04-08 03:35:21] [SUCCESS] bvid=BV1cw9LB1EAm 已成功抓取全部所需数据。
[2026-04-08 03:35:26] [SUCCESS] bvid=BV12UDNBQEMS 已成功抓取全部所需数据。
[2026-04-08 03:35:31] [SUCCESS] bvid=BV15r9EB1EpE 已成功抓取全部所需数据。
[2026-04-08 03:35:36] [SUCCESS] bvid=BV1i5DMBkEs5 已成功抓取全部所需数据。
[2026-04-08 03:35:41] [SUCCESS] bvid=BV1yRDNBmEYs 已成功抓取全部所需数据。
[2026-04-08 03:35:46] [SUCCESS] bvid=BV1sF9JBYE18 已成功抓取全部所需数据。
[2026-04-08 03:35:47] [ERROR] bvid=BV1SWDKBZEJX 抓取失败：stat: 接口返回错误代码：-404，信息：啥都木有。
{'code': -404, 'message': '啥都木有', 'ttl': 1} | comment: 接口返回错误代码：-404，信息：啥都木有。
{'code': -404, 'message': '啥都木有', 'ttl': 1}
[2026-04-08 03:35:52] [SUCCESS] bvid=BV1KzXCBcE3T 已成功抓取全部所需数据。
[2026-04-08 03:35:57] [SUCCESS] bvid=BV17A93BbEgQ 已成功抓取全部所需数据。
[2026-04-08 03:36:02] [SUCCESS] bvid=BV1v7DMB6EfR 已成功抓取全部所需数据。
[2026-04-08 03:36:07] [SUCCESS] bvid=BV1rfDABTEKf 已成功抓取全部所需数据。
[2026-04-08 03:36:13] [SUCCESS] bvid=BV1d99PBgE2g 已成功抓取全部所需数据。
[2026-04-08 03:36:18] [SUCCESS] bvid=BV1p99cBCEbx 已成功抓取全部所需数据。
[2026-04-08 03:36:23] [SUCCESS] bvid=BV1Ga9gBSEAo 已成功抓取全部所需数据。
[2026-04-08 03:36:29] [SUCCESS] bvid=BV1jn9MBJEVo 已成功抓取全部所需数据。
[2026-04-08 03:36:34] [SUCCESS] bvid=BV1U4DKBdEoc 已成功抓取全部所需数据。
[2026-04-08 03:36:39] [SUCCESS] bvid=BV1h19NBvEP4 已成功抓取全部所需数据。
[2026-04-08 03:36:39] [WARN] 当前子任务已结束，但仍有未成功抓取的视频，已导出 remaining CSV 供继续执行。
[2026-04-08 03:36:39] [INFO] 已导出剔除成功条目后的剩余 CSV：D:\Schoolworks\Thesis\Bilibili-Datahub\outputs\video_data\manual_crawls\manual_crawl_stat_comment_20260407_223150\remaining_bvids_part_20.csv
[2026-04-08 03:36:39] 子任务结束时间：2026-04-08T03:36:39.415473
[TIMESTAMP][END] 2026-04-08T03:36:39
