[TIMESTAMP][BEGIN] 2026-04-14T17:09:04
uid_expansion 任务总结
session_dir: outputs/video_pool/uid_expansions/uid_expansion_20260325_20260414_170904
requested_window_start_at: 2026-03-25T00:00:00
requested_window_end_at: 2026-04-14T19:26:15
effective_window_start_at: 2026-04-13T00:00:00
effective_window_end_at: 2026-04-14T19:26:15
actual_window_start_at: 2026-04-13T08:58:27+00:00
actual_window_end_at: 2026-04-14T11:19:49+00:00
original_uid_count: 509
history_reused_owner_count: 509
part_count: 2
interruption_count: 1
total_video_count: 465
total_successful_owner_count: 509

parts:
- part_1:
  started_at=2026-04-14T17:09:04
  finished_at=2026-04-14T19:24:52
  input_owner_count=509
  successful_owner_count=495
  failed_owner_count=14
  remaining_owner_count=14
  video_count=463
  effective_window_start_at=2026-04-13T00:00:00
  effective_window_end_at=2026-04-14T17:09:04
  actual_window_start_at=2026-04-13T08:58:27+00:00
  actual_window_end_at=2026-04-14T11:19:49+00:00
  processed_batches=26/26
  stop_reason=completed_all_batches
  stopped_batch_index=None
  video_file=videolist_part_1.csv
  remaining_file=remaining_uids_part_1.csv
  log_file=logs/20260414_192452_830143_uid_expansion_part_1.log
- part_2:
  started_at=2026-04-14T19:26:15
  finished_at=2026-04-14T19:28:06
  input_owner_count=14
  successful_owner_count=14
  failed_owner_count=0
  remaining_owner_count=0
  video_count=2
  effective_window_start_at=2026-04-13T00:00:00
  effective_window_end_at=2026-04-14T19:26:15
  actual_window_start_at=2026-04-13T10:33:16+00:00
  actual_window_end_at=2026-04-14T09:16:58+00:00
  processed_batches=1/1
  stop_reason=completed_all_batches
  stopped_batch_index=None
  video_file=videolist_part_2.csv
  remaining_file=
  log_file=logs/20260414_192806_320394_uid_expansion_part_2.log
[TIMESTAMP][END] 2026-04-14T19:28:06
