[TIMESTAMP][BEGIN] 2026-04-14T09:19:59
[2026-04-14 09:20:07] 开始执行 CSV 批量抓取子任务 part_47。
[2026-04-14 09:20:07] 子任务开始时间：2026-04-14T09:19:59.830558
[2026-04-14 09:20:07] 输入文件：batch_input_47.csv
[2026-04-14 09:20:07] 输入唯一 bvid 数量：100
[2026-04-14 09:20:07] 为严格按 CSV 顺序判断连续失败阈值，本次任务自动将并发度从 2 调整为 1。
[2026-04-14 09:20:18] [SUCCESS] bvid=BV16MDkByEHp 已成功抓取全部所需数据。
[2026-04-14 09:20:30] [SUCCESS] bvid=BV16MDkByEem 已成功抓取全部所需数据。
[2026-04-14 09:20:36] [SUCCESS] bvid=BV1zMDkByE9q 已成功抓取全部所需数据。
[2026-04-14 09:20:47] [SUCCESS] bvid=BV1qjDkBuEEo 已成功抓取全部所需数据。
[2026-04-14 09:20:53] [SUCCESS] bvid=BV1ijDkBuEkP 已成功抓取全部所需数据。
[2026-04-14 09:21:04] [SUCCESS] bvid=BV1YtDvBUEZD 已成功抓取全部所需数据。
[2026-04-14 09:21:17] [SUCCESS] bvid=BV1JsDzBTEXb 已成功抓取全部所需数据。
[2026-04-14 09:21:23] [SUCCESS] bvid=BV13SDeByEoa 已成功抓取全部所需数据。
[2026-04-14 09:21:29] [SUCCESS] bvid=BV1w7DqBPE7m 已成功抓取全部所需数据。
[2026-04-14 09:21:40] [SUCCESS] bvid=BV1mkDvBMEQe 已成功抓取全部所需数据。
[2026-04-14 09:21:46] [SUCCESS] bvid=BV1qjDkBuE72 已成功抓取全部所需数据。
[2026-04-14 09:21:58] [SUCCESS] bvid=BV1ijDkBuEHJ 已成功抓取全部所需数据。
[2026-04-14 09:22:10] [SUCCESS] bvid=BV1qjDkBuEHP 已成功抓取全部所需数据。
[2026-04-14 09:22:16] [SUCCESS] bvid=BV1i7DkBBEwq 已成功抓取全部所需数据。
[2026-04-14 09:22:21] [SUCCESS] bvid=BV1oADiB9Eyu 已成功抓取全部所需数据。
[2026-04-14 09:22:33] [SUCCESS] bvid=BV1i7DkBBEeW 已成功抓取全部所需数据。
[2026-04-14 09:22:38] [SUCCESS] bvid=BV1ZVDkB3EDY 已成功抓取全部所需数据。
[2026-04-14 09:22:44] [SUCCESS] bvid=BV1dbDqBREbU 已成功抓取全部所需数据。
[2026-04-14 09:22:50] [SUCCESS] bvid=BV1BVDkB3ECD 已成功抓取全部所需数据。
[2026-04-14 09:22:56] [SUCCESS] bvid=BV1CfDrBDEXe 已成功抓取全部所需数据。
[2026-04-14 09:23:08] [SUCCESS] bvid=BV11ZDrBHEd1 已成功抓取全部所需数据。
[2026-04-14 09:23:14] [SUCCESS] bvid=BV1o5DkB6Eoc 已成功抓取全部所需数据。
[2026-04-14 09:23:20] [SUCCESS] bvid=BV1Z5DkB6EeQ 已成功抓取全部所需数据。
[2026-04-14 09:23:31] [SUCCESS] bvid=BV1KZDrBpEjt 已成功抓取全部所需数据。
[2026-04-14 09:23:37] [SUCCESS] bvid=BV11fDrBDEWa 已成功抓取全部所需数据。
[2026-04-14 09:23:43] [SUCCESS] bvid=BV1CfDrBDEm3 已成功抓取全部所需数据。
[2026-04-14 09:23:54] [SUCCESS] bvid=BV1xfDrBQEFp 已成功抓取全部所需数据。
[2026-04-14 09:24:00] [SUCCESS] bvid=BV1mRDrBWEcM 已成功抓取全部所需数据。
[2026-04-14 09:24:12] [SUCCESS] bvid=BV1kPDkB7Ewh 已成功抓取全部所需数据。
[2026-04-14 09:24:18] [SUCCESS] bvid=BV1mRDrBWEVH 已成功抓取全部所需数据。
[2026-04-14 09:24:23] [SUCCESS] bvid=BV1TuDzBEELP 已成功抓取全部所需数据。
[2026-04-14 09:24:29] [SUCCESS] bvid=BV1kwDkBUE4t 已成功抓取全部所需数据。
[2026-04-14 09:24:40] [SUCCESS] bvid=BV12RDrBWEYe 已成功抓取全部所需数据。
[2026-04-14 09:24:46] [SUCCESS] bvid=BV12RDrBWEHD 已成功抓取全部所需数据。
[2026-04-14 09:24:51] [SUCCESS] bvid=BV1TdDrB9EuN 已成功抓取全部所需数据。
[2026-04-14 09:24:57] [SUCCESS] bvid=BV1rUDYBxEmw 已成功抓取全部所需数据。
[2026-04-14 09:25:03] [SUCCESS] bvid=BV1kUDYBxENk 已成功抓取全部所需数据。
[2026-04-14 09:25:15] [SUCCESS] bvid=BV1mkDvBMErs 已成功抓取全部所需数据。
[2026-04-14 09:25:33] [SUCCESS] bvid=BV1cJDzB6EQ1 已成功抓取全部所需数据。
[2026-04-14 09:25:38] [SUCCESS] bvid=BV1w7DqBPEYF 已成功抓取全部所需数据。
[2026-04-14 09:25:50] [SUCCESS] bvid=BV1RCDeBUEC2 已成功抓取全部所需数据。
[2026-04-14 09:26:02] [SUCCESS] bvid=BV1QASZBgED8 已成功抓取全部所需数据。
[2026-04-14 09:26:15] [SUCCESS] bvid=BV1reDiBYEeK 已成功抓取全部所需数据。
[2026-04-14 09:26:21] [SUCCESS] bvid=BV1kPDkB7Ejo 已成功抓取全部所需数据。
[2026-04-14 09:26:27] [SUCCESS] bvid=BV1rPDkB7Eg3 已成功抓取全部所需数据。
[2026-04-14 09:26:33] [SUCCESS] bvid=BV1NdDrB9E1V 已成功抓取全部所需数据。
[2026-04-14 09:26:38] [SUCCESS] bvid=BV1pPDkBjEMu 已成功抓取全部所需数据。
[2026-04-14 09:26:44] [SUCCESS] bvid=BV1kPDkB7Ejs 已成功抓取全部所需数据。
[2026-04-14 09:26:50] [SUCCESS] bvid=BV1HNDkBmEZw 已成功抓取全部所需数据。
[2026-04-14 09:26:55] [SUCCESS] bvid=BV1JyDBBeEpk 已成功抓取全部所需数据。
[2026-04-14 09:27:01] [SUCCESS] bvid=BV1AwDkBSEdW 已成功抓取全部所需数据。
[2026-04-14 09:27:06] [SUCCESS] bvid=BV1CcDkBJE3F 已成功抓取全部所需数据。
[2026-04-14 09:27:24] [SUCCESS] bvid=BV1CwDkBUEqd 已成功抓取全部所需数据。
[2026-04-14 09:27:36] [SUCCESS] bvid=BV1wJDzB6Ea3 已成功抓取全部所需数据。
[2026-04-14 09:27:42] [SUCCESS] bvid=BV1TTDzBUEsh 已成功抓取全部所需数据。
[2026-04-14 09:27:59] [SUCCESS] bvid=BV1nJDzB6Eht 已成功抓取全部所需数据。
[2026-04-14 09:28:12] [SUCCESS] bvid=BV1cJDzB6EQ3 已成功抓取全部所需数据。
[2026-04-14 09:28:24] [SUCCESS] bvid=BV1cJDzB6EAu 已成功抓取全部所需数据。
[2026-04-14 09:28:36] [SUCCESS] bvid=BV1NLDzBVEVP 已成功抓取全部所需数据。
[2026-04-14 09:28:49] [SUCCESS] bvid=BV12kDvBMEAN 已成功抓取全部所需数据。
[2026-04-14 09:28:55] [SUCCESS] bvid=BV1f5SfBDENm 已成功抓取全部所需数据。
[2026-04-14 09:29:01] [SUCCESS] bvid=BV1PjDzBkEES 已成功抓取全部所需数据。
[2026-04-14 09:29:07] [SUCCESS] bvid=BV1AjDzBkEfa 已成功抓取全部所需数据。
[2026-04-14 09:29:13] [SUCCESS] bvid=BV1wjDzBkEbT 已成功抓取全部所需数据。
[2026-04-14 09:29:19] [SUCCESS] bvid=BV1PjDzBkE7M 已成功抓取全部所需数据。
[2026-04-14 09:29:25] [SUCCESS] bvid=BV1csDzBTET1 已成功抓取全部所需数据。
[2026-04-14 09:29:43] [SUCCESS] bvid=BV1fxDzBvExJ 已成功抓取全部所需数据。
[2026-04-14 09:29:49] [SUCCESS] bvid=BV1fxDzBvEPy 已成功抓取全部所需数据。
[2026-04-14 09:30:01] [SUCCESS] bvid=BV1FxDzBiEAE 已成功抓取全部所需数据。
[2026-04-14 09:30:13] [SUCCESS] bvid=BV1ExDzBiECe 已成功抓取全部所需数据。
[2026-04-14 09:30:19] [SUCCESS] bvid=BV1fxDzBvE5b 已成功抓取全部所需数据。
[2026-04-14 09:30:36] [SUCCESS] bvid=BV1FHDzBuE77 已成功抓取全部所需数据。
[2026-04-14 09:30:49] [SUCCESS] bvid=BV1HHDzBuEJw 已成功抓取全部所需数据。
[2026-04-14 09:31:01] [SUCCESS] bvid=BV1FHDzBuEEe 已成功抓取全部所需数据。
[2026-04-14 09:31:01] [ERROR] bvid=BV1FpDzBBEwh 抓取失败：stat: 接口返回错误代码：62002，信息：稿件不可见。
{'code': 62002, 'message': '稿件不可见', 'ttl': 1} | comment: 接口返回错误代码：62002，信息：稿件不可见。
{'code': 62002, 'message': '稿件不可见', 'ttl': 1}
[2026-04-14 09:31:07] [SUCCESS] bvid=BV1uADzBHEtW 已成功抓取全部所需数据。
[2026-04-14 09:31:12] [SUCCESS] bvid=BV1HpDzBBEjo 已成功抓取全部所需数据。
[2026-04-14 09:31:25] [SUCCESS] bvid=BV1cpDzBBEU6 已成功抓取全部所需数据。
[2026-04-14 09:31:31] [SUCCESS] bvid=BV1tTDzBUE1v 已成功抓取全部所需数据。
[2026-04-14 09:31:37] [SUCCESS] bvid=BV1DrDzBsEss 已成功抓取全部所需数据。
[2026-04-14 09:31:48] [SUCCESS] bvid=BV1BKDBB8Ewv 已成功抓取全部所需数据。
[2026-04-14 09:32:00] [SUCCESS] bvid=BV1tKDzBJEXZ 已成功抓取全部所需数据。
[2026-04-14 09:32:05] [SUCCESS] bvid=BV1TKDzBJEZz 已成功抓取全部所需数据。
[2026-04-14 09:32:17] [SUCCESS] bvid=BV1MTDzBUExu 已成功抓取全部所需数据。
[2026-04-14 09:32:23] [SUCCESS] bvid=BV15PDeBjEQp 已成功抓取全部所需数据。
[2026-04-14 09:32:41] [SUCCESS] bvid=BV1FLDvBoEgx 已成功抓取全部所需数据。
[2026-04-14 09:32:51] [SUCCESS] bvid=BV1KNDqBGELG 已成功抓取全部所需数据。
[2026-04-14 09:33:06] [SUCCESS] bvid=BV1zfDvB4EUB 已成功抓取全部所需数据。
[2026-04-14 09:33:19] [SUCCESS] bvid=BV1DaDYBTEpv 已成功抓取全部所需数据。
[2026-04-14 09:33:24] [SUCCESS] bvid=BV15b9gBQEvj 已成功抓取全部所需数据。
[2026-04-14 09:33:30] [SUCCESS] bvid=BV1gRDeB3Eos 已成功抓取全部所需数据。
[2026-04-14 09:33:36] [SUCCESS] bvid=BV1FHDqBhEGH 已成功抓取全部所需数据。
[2026-04-14 09:33:42] [SUCCESS] bvid=BV1qADiB9EA9 已成功抓取全部所需数据。
[2026-04-14 09:33:47] [SUCCESS] bvid=BV14YDhBfEmQ 已成功抓取全部所需数据。
[2026-04-14 09:33:48] [ERROR] bvid=BV1mvDhB4Eau 抓取失败：stat: 接口返回错误代码：62012，信息：62012。
{'code': 62012, 'message': '62012', 'ttl': 1} | comment: 接口返回错误代码：62012，信息：62012。
{'code': 62012, 'message': '62012', 'ttl': 1}
[2026-04-14 09:33:54] [SUCCESS] bvid=BV1pn9NBXESE 已成功抓取全部所需数据。
[2026-04-14 09:33:59] [SUCCESS] bvid=BV13ADzBHEgm 已成功抓取全部所需数据。
[2026-04-14 09:34:05] [SUCCESS] bvid=BV1NGDzBLEnD 已成功抓取全部所需数据。
[2026-04-14 09:34:11] [SUCCESS] bvid=BV1KuDzB7Eza 已成功抓取全部所需数据。
[2026-04-14 09:34:22] [SUCCESS] bvid=BV1NgDzB2EmF 已成功抓取全部所需数据。
[2026-04-14 09:34:22] [WARN] 当前子任务已结束，但仍有未成功抓取的视频，已导出 remaining CSV 供继续执行。
[2026-04-14 09:34:22] [INFO] 已导出剔除成功条目后的剩余 CSV：D:\Schoolworks\Thesis\Bilibili-Datahub\outputs\video_data\manual_crawls\manual_crawl_stat_comment_20260413_211529\remaining_bvids_part_47.csv
[2026-04-14 09:34:22] 子任务结束时间：2026-04-14T09:34:22.573798
[TIMESTAMP][END] 2026-04-14T09:34:22
