[TIMESTAMP][BEGIN] 2026-04-14T01:37:25
[2026-04-14 01:37:27] 开始执行 CSV 批量抓取子任务 part_10。
[2026-04-14 01:37:27] 子任务开始时间：2026-04-14T01:37:25.503538
[2026-04-14 01:37:27] 输入文件：batch_input_10.csv
[2026-04-14 01:37:27] 输入唯一 bvid 数量：100
[2026-04-14 01:37:27] 为严格按 CSV 顺序判断连续失败阈值，本次任务自动将并发度从 2 调整为 1。
[2026-04-14 01:37:33] [SUCCESS] bvid=BV123DDByEqF 已成功抓取全部所需数据。
[2026-04-14 01:37:38] [SUCCESS] bvid=BV1T3DDB1E8E 已成功抓取全部所需数据。
[2026-04-14 01:37:44] [SUCCESS] bvid=BV1NVDDB5EWL 已成功抓取全部所需数据。
[2026-04-14 01:37:55] [SUCCESS] bvid=BV1KVDDB5EPC 已成功抓取全部所需数据。
[2026-04-14 01:38:00] [SUCCESS] bvid=BV1KxDmBBEGw 已成功抓取全部所需数据。
[2026-04-14 01:38:05] [SUCCESS] bvid=BV1NbDmBiEUX 已成功抓取全部所需数据。
[2026-04-14 01:38:10] [SUCCESS] bvid=BV1AhDmBNEUC 已成功抓取全部所需数据。
[2026-04-14 01:38:15] [SUCCESS] bvid=BV1TxDmBBEYL 已成功抓取全部所需数据。
[2026-04-14 01:38:21] [SUCCESS] bvid=BV14yDZBKE51 已成功抓取全部所需数据。
[2026-04-14 01:38:26] [SUCCESS] bvid=BV1uFDUBLEXK 已成功抓取全部所需数据。
[2026-04-14 01:38:32] [SUCCESS] bvid=BV1uFDUBLE2B 已成功抓取全部所需数据。
[2026-04-14 01:38:37] [SUCCESS] bvid=BV1fZSSB8E28 已成功抓取全部所需数据。
[2026-04-14 01:38:42] [SUCCESS] bvid=BV1fnQuBnE2D 已成功抓取全部所需数据。
[2026-04-14 01:38:53] [SUCCESS] bvid=BV1iVD7BNEpi 已成功抓取全部所需数据。
[2026-04-14 01:38:59] [SUCCESS] bvid=BV14nQMBaEta 已成功抓取全部所需数据。
[2026-04-14 01:39:03] [SUCCESS] bvid=BV1y7DEBnEFQ 已成功抓取全部所需数据。
[2026-04-14 01:39:09] [SUCCESS] bvid=BV1QWDkBeE9m 已成功抓取全部所需数据。
[2026-04-14 01:41:16] [SUCCESS] bvid=BV1YbD2B2E18 已成功抓取全部所需数据。
[2026-04-14 01:41:28] [SUCCESS] bvid=BV1tCD2BTEkJ 已成功抓取全部所需数据。
[2026-04-14 01:41:34] [SUCCESS] bvid=BV1wvDmBaEKx 已成功抓取全部所需数据。
[2026-04-14 01:41:45] [SUCCESS] bvid=BV1HqDmBcEuc 已成功抓取全部所需数据。
[2026-04-14 01:41:50] [SUCCESS] bvid=BV1AeDmBAEvZ 已成功抓取全部所需数据。
[2026-04-14 01:41:56] [SUCCESS] bvid=BV1WeDmBAEgN 已成功抓取全部所需数据。
[2026-04-14 01:42:01] [SUCCESS] bvid=BV1gEDmBVEjZ 已成功抓取全部所需数据。
[2026-04-14 01:42:06] [SUCCESS] bvid=BV1GVDmB2EwY 已成功抓取全部所需数据。
[2026-04-14 01:42:18] [SUCCESS] bvid=BV17ADmBWErD 已成功抓取全部所需数据。
[2026-04-14 01:42:29] [SUCCESS] bvid=BV13LDmBLE4M 已成功抓取全部所需数据。
[2026-04-14 01:42:34] [SUCCESS] bvid=BV1bpDmB6EJn 已成功抓取全部所需数据。
[2026-04-14 01:42:45] [SUCCESS] bvid=BV1MsDmBgE3S 已成功抓取全部所需数据。
[2026-04-14 01:42:50] [SUCCESS] bvid=BV14pDmB6ES3 已成功抓取全部所需数据。
[2026-04-14 01:42:56] [SUCCESS] bvid=BV1TsDmBuEmH 已成功抓取全部所需数据。
[2026-04-14 01:43:01] [SUCCESS] bvid=BV1gJDmBkEM7 已成功抓取全部所需数据。
[2026-04-14 01:43:07] [SUCCESS] bvid=BV18JDmBkEeA 已成功抓取全部所需数据。
[2026-04-14 01:43:19] [SUCCESS] bvid=BV1sKDZBwEyT 已成功抓取全部所需数据。
[2026-04-14 01:43:37] [SUCCESS] bvid=BV1aXDfBUEin 已成功抓取全部所需数据。
[2026-04-14 01:43:43] [SUCCESS] bvid=BV19aD2ByEwg 已成功抓取全部所需数据。
[2026-04-14 01:43:48] [SUCCESS] bvid=BV1QiDUBSExs 已成功抓取全部所需数据。
[2026-04-14 01:43:59] [SUCCESS] bvid=BV1DFDUB5Eii 已成功抓取全部所需数据。
[2026-04-14 01:44:12] [SUCCESS] bvid=BV1DFDUB5E8Z 已成功抓取全部所需数据。
[2026-04-14 01:44:18] [SUCCESS] bvid=BV13ZDmB2ExM 已成功抓取全部所需数据。
[2026-04-14 01:44:23] [SUCCESS] bvid=BV1ToQKBFEQk 已成功抓取全部所需数据。
[2026-04-14 01:44:28] [SUCCESS] bvid=BV1JdDyBnEdT 已成功抓取全部所需数据。
[2026-04-14 01:44:40] [SUCCESS] bvid=BV1ZkDmBoEWD 已成功抓取全部所需数据。
[2026-04-14 01:44:46] [SUCCESS] bvid=BV1cBDmB8E6a 已成功抓取全部所需数据。
[2026-04-14 01:44:50] [SUCCESS] bvid=BV1omDmBpEFe 已成功抓取全部所需数据。
[2026-04-14 01:44:55] [SUCCESS] bvid=BV1qtQFBREnC 已成功抓取全部所需数据。
[2026-04-14 01:45:01] [SUCCESS] bvid=BV1iUDmBXEsK 已成功抓取全部所需数据。
[2026-04-14 01:45:06] [SUCCESS] bvid=BV1WTDZBhEre 已成功抓取全部所需数据。
[2026-04-14 01:45:11] [SUCCESS] bvid=BV1o1DmB9EN2 已成功抓取全部所需数据。
[2026-04-14 01:45:16] [SUCCESS] bvid=BV18FDtB9E2W 已成功抓取全部所需数据。
[2026-04-14 01:45:22] [SUCCESS] bvid=BV1FnQuBHEKk 已成功抓取全部所需数据。
[2026-04-14 01:45:27] [SUCCESS] bvid=BV1iVD7BNEB1 已成功抓取全部所需数据。
[2026-04-14 01:45:32] [SUCCESS] bvid=BV1eTQMB3E5H 已成功抓取全部所需数据。
[2026-04-14 01:45:44] [SUCCESS] bvid=BV1wGD2BbEPS 已成功抓取全部所需数据。
[2026-04-14 01:45:49] [SUCCESS] bvid=BV1obDjBNEp7 已成功抓取全部所需数据。
[2026-04-14 01:45:54] [SUCCESS] bvid=BV1zWQFBtEih 已成功抓取全部所需数据。
[2026-04-14 01:46:00] [SUCCESS] bvid=BV1mTDUBzE38 已成功抓取全部所需数据。
[2026-04-14 01:46:05] [SUCCESS] bvid=BV1SqD2B3Eeq 已成功抓取全部所需数据。
[2026-04-14 01:46:10] [SUCCESS] bvid=BV1bkDUB1Efi 已成功抓取全部所需数据。
[2026-04-14 01:46:22] [SUCCESS] bvid=BV1yDDUBgERg 已成功抓取全部所需数据。
[2026-04-14 01:46:33] [SUCCESS] bvid=BV19SD1BVEDs 已成功抓取全部所需数据。
[2026-04-14 01:46:38] [SUCCESS] bvid=BV1DdD1BuEYf 已成功抓取全部所需数据。
[2026-04-14 01:46:44] [SUCCESS] bvid=BV1FLD2B4EEy 已成功抓取全部所需数据。
[2026-04-14 01:46:49] [SUCCESS] bvid=BV11ND2BAEgX 已成功抓取全部所需数据。
[2026-04-14 01:46:54] [SUCCESS] bvid=BV12CD2BTEQR 已成功抓取全部所需数据。
[2026-04-14 01:46:59] [SUCCESS] bvid=BV1YeD2BVEcJ 已成功抓取全部所需数据。
[2026-04-14 01:47:04] [SUCCESS] bvid=BV1egDmBUERt 已成功抓取全部所需数据。
[2026-04-14 01:47:09] [SUCCESS] bvid=BV13GDmB7EU5 已成功抓取全部所需数据。
[2026-04-14 01:47:20] [SUCCESS] bvid=BV1JFDmBxE76 已成功抓取全部所需数据。
[2026-04-14 01:47:26] [SUCCESS] bvid=BV17FDmBxEve 已成功抓取全部所需数据。
[2026-04-14 01:47:31] [SUCCESS] bvid=BV1pdD2BFEcZ 已成功抓取全部所需数据。
[2026-04-14 01:47:36] [SUCCESS] bvid=BV1noD2BtE17 已成功抓取全部所需数据。
[2026-04-14 01:47:47] [SUCCESS] bvid=BV16oD2BtEMp 已成功抓取全部所需数据。
[2026-04-14 01:47:52] [SUCCESS] bvid=BV16GDyBSE1N 已成功抓取全部所需数据。
[2026-04-14 01:47:57] [SUCCESS] bvid=BV1H3DyBHEPm 已成功抓取全部所需数据。
[2026-04-14 01:48:09] [SUCCESS] bvid=BV1qEDyB1E2L 已成功抓取全部所需数据。
[2026-04-14 01:48:14] [SUCCESS] bvid=BV1inDyB5EUt 已成功抓取全部所需数据。
[2026-04-14 01:48:19] [SUCCESS] bvid=BV12FDyBZEbK 已成功抓取全部所需数据。
[2026-04-14 01:48:24] [SUCCESS] bvid=BV1mZDCBFErQ 已成功抓取全部所需数据。
[2026-04-14 01:48:29] [SUCCESS] bvid=BV1kMDyBpEjk 已成功抓取全部所需数据。
[2026-04-14 01:48:34] [SUCCESS] bvid=BV1pMDyBWESW 已成功抓取全部所需数据。
[2026-04-14 01:48:45] [SUCCESS] bvid=BV11ADyBdELh 已成功抓取全部所需数据。
[2026-04-14 01:48:50] [SUCCESS] bvid=BV14qDyBYEDT 已成功抓取全部所需数据。
[2026-04-14 01:48:55] [SUCCESS] bvid=BV1CADyBdEBR 已成功抓取全部所需数据。
[2026-04-14 01:49:00] [SUCCESS] bvid=BV1UqDyBYEnH 已成功抓取全部所需数据。
[2026-04-14 01:49:06] [SUCCESS] bvid=BV1RMD1BGEgL 已成功抓取全部所需数据。
[2026-04-14 01:49:11] [SUCCESS] bvid=BV1k8QMBxEb9 已成功抓取全部所需数据。
[2026-04-14 01:49:16] [SUCCESS] bvid=BV1xZDrBnE3G 已成功抓取全部所需数据。
[2026-04-14 01:49:21] [SUCCESS] bvid=BV1UzDyBwEnD 已成功抓取全部所需数据。
[2026-04-14 01:49:26] [SUCCESS] bvid=BV14qDyBYE9X 已成功抓取全部所需数据。
[2026-04-14 01:49:31] [SUCCESS] bvid=BV12zDyBwE6T 已成功抓取全部所需数据。
[2026-04-14 01:49:43] [SUCCESS] bvid=BV1teDyBvE2A 已成功抓取全部所需数据。
[2026-04-14 01:49:48] [SUCCESS] bvid=BV18eDyBvEKh 已成功抓取全部所需数据。
[2026-04-14 01:49:53] [SUCCESS] bvid=BV1heDyBvEcV 已成功抓取全部所需数据。
[2026-04-14 01:49:58] [SUCCESS] bvid=BV1SeDyBvEPn 已成功抓取全部所需数据。
[2026-04-14 01:50:03] [SUCCESS] bvid=BV1biDyBPEqx 已成功抓取全部所需数据。
[2026-04-14 01:50:08] [SUCCESS] bvid=BV1m6DyBhEJQ 已成功抓取全部所需数据。
[2026-04-14 01:50:14] [SUCCESS] bvid=BV146DyBhEmL 已成功抓取全部所需数据。
[2026-04-14 01:50:26] [SUCCESS] bvid=BV14kDyBFE5u 已成功抓取全部所需数据。
[2026-04-14 01:50:31] [SUCCESS] bvid=BV1eQDsBHE7r 已成功抓取全部所需数据。
[2026-04-14 01:50:31] [INFO] 当前 batch_crawl 已完成，所有视频均已成功抓取。
[2026-04-14 01:50:31] 子任务结束时间：2026-04-14T01:50:31.864840
[TIMESTAMP][END] 2026-04-14T01:50:31
