[TIMESTAMP][BEGIN] 2026-04-14T09:46:02
[2026-04-14 09:46:04] 开始执行 CSV 批量抓取子任务 part_49。
[2026-04-14 09:46:04] 子任务开始时间：2026-04-14T09:46:02.278943
[2026-04-14 09:46:04] 输入文件：batch_input_49.csv
[2026-04-14 09:46:04] 输入唯一 bvid 数量：100
[2026-04-14 09:46:04] 为严格按 CSV 顺序判断连续失败阈值，本次任务自动将并发度从 2 调整为 1。
[2026-04-14 09:46:04] [ERROR] bvid=BV1nzDiBFEME 抓取失败：stat: 接口返回错误代码：-404，信息：啥都木有。
{'code': -404, 'message': '啥都木有', 'ttl': 1} | comment: 接口返回错误代码：-404，信息：啥都木有。
{'code': -404, 'message': '啥都木有', 'ttl': 1}
[2026-04-14 09:46:09] [SUCCESS] bvid=BV1JzDiBFEyP 已成功抓取全部所需数据。
[2026-04-14 09:46:14] [SUCCESS] bvid=BV1JzDiBFEjj 已成功抓取全部所需数据。
[2026-04-14 09:46:20] [SUCCESS] bvid=BV1nzDiBFEpb 已成功抓取全部所需数据。
[2026-04-14 09:46:25] [SUCCESS] bvid=BV1J6DiBbEth 已成功抓取全部所需数据。
[2026-04-14 09:46:36] [SUCCESS] bvid=BV1ciDiBAEXD 已成功抓取全部所需数据。
[2026-04-14 09:46:48] [SUCCESS] bvid=BV1J6DiBbEqj 已成功抓取全部所需数据。
[2026-04-14 09:46:53] [SUCCESS] bvid=BV1niDiBwE8Y 已成功抓取全部所需数据。
[2026-04-14 09:47:05] [SUCCESS] bvid=BV1BrDiBZEGo 已成功抓取全部所需数据。
[2026-04-14 09:47:17] [SUCCESS] bvid=BV1jyDiBdEBM 已成功抓取全部所需数据。
[2026-04-14 09:47:23] [SUCCESS] bvid=BV1rqDiBhEvF 已成功抓取全部所需数据。
[2026-04-14 09:47:28] [SUCCESS] bvid=BV17yDiBdEVJ 已成功抓取全部所需数据。
[2026-04-14 09:47:39] [SUCCESS] bvid=BV1q2DiBsEg4 已成功抓取全部所需数据。
[2026-04-14 09:47:57] [SUCCESS] bvid=BV1j2DiBsECg 已成功抓取全部所需数据。
[2026-04-14 09:48:02] [SUCCESS] bvid=BV1wLDqBvEhr 已成功抓取全部所需数据。
[2026-04-14 09:48:08] [SUCCESS] bvid=BV1zrDiBZEgG 已成功抓取全部所需数据。
[2026-04-14 09:48:19] [SUCCESS] bvid=BV1ErDiBZEa8 已成功抓取全部所需数据。
[2026-04-14 09:48:25] [SUCCESS] bvid=BV1ErDiBZEdB 已成功抓取全部所需数据。
[2026-04-14 09:48:26] [ERROR] bvid=BV1fCDiB4EAt 抓取失败：stat: 接口返回错误代码：62002，信息：稿件不可见。
{'code': 62002, 'message': '稿件不可见', 'ttl': 1} | comment: 接口返回错误代码：62002，信息：稿件不可见。
{'code': 62002, 'message': '稿件不可见', 'ttl': 1}
[2026-04-14 09:48:31] [SUCCESS] bvid=BV1ECDiB4E3X 已成功抓取全部所需数据。
[2026-04-14 09:48:37] [SUCCESS] bvid=BV1ECDiB4EpA 已成功抓取全部所需数据。
[2026-04-14 09:48:42] [SUCCESS] bvid=BV1YWDYBCEvp 已成功抓取全部所需数据。
[2026-04-14 09:48:47] [SUCCESS] bvid=BV1ALDqBvE5w 已成功抓取全部所需数据。
[2026-04-14 09:48:53] [SUCCESS] bvid=BV1pLDqBvE2W 已成功抓取全部所需数据。
[2026-04-14 09:49:04] [SUCCESS] bvid=BV1pLDqBvEdK 已成功抓取全部所需数据。
[2026-04-14 09:49:16] [SUCCESS] bvid=BV1J7DvBxEyi 已成功抓取全部所需数据。
[2026-04-14 09:49:21] [SUCCESS] bvid=BV1AGDqBqEgh 已成功抓取全部所需数据。
[2026-04-14 09:49:32] [SUCCESS] bvid=BV1H7DqBPEhv 已成功抓取全部所需数据。
[2026-04-14 09:49:43] [SUCCESS] bvid=BV1zeDeBREyi 已成功抓取全部所需数据。
[2026-04-14 09:49:55] [SUCCESS] bvid=BV1Ru93BWEwD 已成功抓取全部所需数据。
[2026-04-14 09:50:01] [SUCCESS] bvid=BV1sGDqBqEcT 已成功抓取全部所需数据。
[2026-04-14 09:50:06] [SUCCESS] bvid=BV1PGDqBqEeH 已成功抓取全部所需数据。
[2026-04-14 09:50:11] [SUCCESS] bvid=BV1W5DqBKE45 已成功抓取全部所需数据。
[2026-04-14 09:50:16] [SUCCESS] bvid=BV1fHDqB8EfG 已成功抓取全部所需数据。
[2026-04-14 09:50:29] [SUCCESS] bvid=BV1ZHDqB8EZu 已成功抓取全部所需数据。
[2026-04-14 09:50:34] [SUCCESS] bvid=BV1ZpDqBfETf 已成功抓取全部所需数据。
[2026-04-14 09:50:40] [SUCCESS] bvid=BV1zHDqBhESc 已成功抓取全部所需数据。
[2026-04-14 09:50:46] [SUCCESS] bvid=BV1FHDqBhEgs 已成功抓取全部所需数据。
[2026-04-14 09:50:51] [SUCCESS] bvid=BV1fnDqBcEqU 已成功抓取全部所需数据。
[2026-04-14 09:50:57] [SUCCESS] bvid=BV1EWDqBFEBY 已成功抓取全部所需数据。
[2026-04-14 09:51:08] [SUCCESS] bvid=BV1FEDqBYErM 已成功抓取全部所需数据。
[2026-04-14 09:51:21] [SUCCESS] bvid=BV1cEDqBYEim 已成功抓取全部所需数据。
[2026-04-14 09:51:44] [SUCCESS] bvid=BV1FnDqBwEod 已成功抓取全部所需数据。
[2026-04-14 09:51:49] [SUCCESS] bvid=BV1MADqBCE1s 已成功抓取全部所需数据。
[2026-04-14 09:51:55] [SUCCESS] bvid=BV1TADqBCEYJ 已成功抓取全部所需数据。
[2026-04-14 09:52:01] [SUCCESS] bvid=BV1TADqBCEp4 已成功抓取全部所需数据。
[2026-04-14 09:52:06] [SUCCESS] bvid=BV1TADqBCEXn 已成功抓取全部所需数据。
[2026-04-14 09:52:12] [SUCCESS] bvid=BV1TNDqBGEM8 已成功抓取全部所需数据。
[2026-04-14 09:52:23] [SUCCESS] bvid=BV1bjDeBTEaX 已成功抓取全部所需数据。
[2026-04-14 09:52:28] [SUCCESS] bvid=BV1TZDeBuEXx 已成功抓取全部所需数据。
[2026-04-14 09:52:34] [SUCCESS] bvid=BV18QDaBvERh 已成功抓取全部所需数据。
[2026-04-14 09:52:39] [SUCCESS] bvid=BV1MNDqBGEEH 已成功抓取全部所需数据。
[2026-04-14 09:52:50] [SUCCESS] bvid=BV12g9NBbESK 已成功抓取全部所需数据。
[2026-04-14 09:52:55] [SUCCESS] bvid=BV1RMSDBXEFL 已成功抓取全部所需数据。
[2026-04-14 09:52:59] [SUCCESS] bvid=BV1SwDqB5Eha 已成功抓取全部所需数据。
[2026-04-14 09:53:05] [SUCCESS] bvid=BV1NuDqBzETs 已成功抓取全部所需数据。
[2026-04-14 09:53:17] [SUCCESS] bvid=BV1twDqB5ErP 已成功抓取全部所需数据。
[2026-04-14 09:53:29] [SUCCESS] bvid=BV1yuDqBzEQm 已成功抓取全部所需数据。
[2026-04-14 09:53:34] [SUCCESS] bvid=BV1TwDqB5Ekw 已成功抓取全部所需数据。
[2026-04-14 09:53:45] [SUCCESS] bvid=BV1x3DqBMEwe 已成功抓取全部所需数据。
[2026-04-14 09:53:51] [SUCCESS] bvid=BV1xuDqBzEtY 已成功抓取全部所需数据。
[2026-04-14 09:53:57] [SUCCESS] bvid=BV11uDqBzE1G 已成功抓取全部所需数据。
[2026-04-14 09:54:02] [SUCCESS] bvid=BV1N3DqBME5W 已成功抓取全部所需数据。
[2026-04-14 09:54:15] [SUCCESS] bvid=BV1N3DqBMEsB 已成功抓取全部所需数据。
[2026-04-14 09:54:20] [SUCCESS] bvid=BV1s3DqBMEgN 已成功抓取全部所需数据。
[2026-04-14 09:54:25] [SUCCESS] bvid=BV1KMDqBgEtt 已成功抓取全部所需数据。
[2026-04-14 09:54:36] [SUCCESS] bvid=BV1KMDqBgEXc 已成功抓取全部所需数据。
[2026-04-14 09:54:41] [SUCCESS] bvid=BV1KMDqBgErE 已成功抓取全部所需数据。
[2026-04-14 09:54:59] [SUCCESS] bvid=BV1MQSZBqEbd 已成功抓取全部所需数据。
[2026-04-14 09:55:04] [SUCCESS] bvid=BV1tjDeBTECm 已成功抓取全部所需数据。
[2026-04-14 09:55:09] [SUCCESS] bvid=BV1sxDeBcEsZ 已成功抓取全部所需数据。
[2026-04-14 09:55:14] [SUCCESS] bvid=BV1sxDeBcE6b 已成功抓取全部所需数据。
[2026-04-14 09:55:25] [SUCCESS] bvid=BV14nDeBeEnZ 已成功抓取全部所需数据。
[2026-04-14 09:55:37] [SUCCESS] bvid=BV1xnDeBeEvm 已成功抓取全部所需数据。
[2026-04-14 09:55:42] [SUCCESS] bvid=BV1xnDeBeEBo 已成功抓取全部所需数据。
[2026-04-14 09:55:54] [SUCCESS] bvid=BV14pDeBAEKK 已成功抓取全部所需数据。
[2026-04-14 09:55:59] [SUCCESS] bvid=BV1xpDeBAERf 已成功抓取全部所需数据。
[2026-04-14 09:56:11] [SUCCESS] bvid=BV1H8DeBtEiC 已成功抓取全部所需数据。
[2026-04-14 09:56:22] [SUCCESS] bvid=BV1p8DeBtEBx 已成功抓取全部所需数据。
[2026-04-14 09:56:26] [SUCCESS] bvid=BV1khDeBoEsx 已成功抓取全部所需数据。
[2026-04-14 09:56:31] [SUCCESS] bvid=BV1C4DeB8Ehu 已成功抓取全部所需数据。
[2026-04-14 09:56:42] [SUCCESS] bvid=BV1WtDeBfECT 已成功抓取全部所需数据。
[2026-04-14 09:56:48] [SUCCESS] bvid=BV1nhDeBoEaz 已成功抓取全部所需数据。
[2026-04-14 09:56:53] [SUCCESS] bvid=BV1b7DeBiEnA 已成功抓取全部所需数据。
[2026-04-14 09:56:58] [SUCCESS] bvid=BV1p4DeB8E5G 已成功抓取全部所需数据。
[2026-04-14 09:57:09] [SUCCESS] bvid=BV1G1DaBzEgy 已成功抓取全部所需数据。
[2026-04-14 09:57:14] [SUCCESS] bvid=BV1ptDeBfEYU 已成功抓取全部所需数据。
[2026-04-14 09:57:19] [SUCCESS] bvid=BV1h3DeB6EGe 已成功抓取全部所需数据。
[2026-04-14 09:57:24] [SUCCESS] bvid=BV183DeB6E93 已成功抓取全部所需数据。
[2026-04-14 09:57:30] [SUCCESS] bvid=BV1G3DeBrEgU 已成功抓取全部所需数据。
[2026-04-14 09:57:35] [SUCCESS] bvid=BV1HtDeBfEfM 已成功抓取全部所需数据。
[2026-04-14 09:57:40] [SUCCESS] bvid=BV18VDeBuEbo 已成功抓取全部所需数据。
[2026-04-14 09:57:45] [SUCCESS] bvid=BV1hVDeBuEYA 已成功抓取全部所需数据。
[2026-04-14 09:57:50] [SUCCESS] bvid=BV1DVDeBuEFF 已成功抓取全部所需数据。
[2026-04-14 09:58:08] [SUCCESS] bvid=BV19MDeBkEna 已成功抓取全部所需数据。
[2026-04-14 09:58:26] [SUCCESS] bvid=BV1YMDeBkEkr 已成功抓取全部所需数据。
[2026-04-14 09:58:32] [SUCCESS] bvid=BV1aMDeBkE7k 已成功抓取全部所需数据。
[2026-04-14 09:58:37] [SUCCESS] bvid=BV1aMDeBkEvT 已成功抓取全部所需数据。
[2026-04-14 09:58:48] [SUCCESS] bvid=BV1YMDeBkE6C 已成功抓取全部所需数据。
[2026-04-14 09:59:06] [SUCCESS] bvid=BV19MDeBkEpH 已成功抓取全部所需数据。
[2026-04-14 09:59:06] [WARN] 当前子任务已结束，但仍有未成功抓取的视频，已导出 remaining CSV 供继续执行。
[2026-04-14 09:59:06] [INFO] 已导出剔除成功条目后的剩余 CSV：D:\Schoolworks\Thesis\Bilibili-Datahub\outputs\video_data\manual_crawls\manual_crawl_stat_comment_20260413_211529\remaining_bvids_part_49.csv
[2026-04-14 09:59:06] 子任务结束时间：2026-04-14T09:59:06.625978
[TIMESTAMP][END] 2026-04-14T09:59:06
