[TIMESTAMP][BEGIN] 2026-04-14T04:25:52
[2026-04-14 04:25:54] 开始执行 CSV 批量抓取子任务 part_22。
[2026-04-14 04:25:54] 子任务开始时间：2026-04-14T04:25:52.082018
[2026-04-14 04:25:54] 输入文件：batch_input_22.csv
[2026-04-14 04:25:54] 输入唯一 bvid 数量：100
[2026-04-14 04:25:54] 为严格按 CSV 顺序判断连续失败阈值，本次任务自动将并发度从 2 调整为 1。
[2026-04-14 04:25:58] [SUCCESS] bvid=BV16HQwBqEoC 已成功抓取全部所需数据。
[2026-04-14 04:26:04] [SUCCESS] bvid=BV1nHQwBqE8b 已成功抓取全部所需数据。
[2026-04-14 04:26:09] [SUCCESS] bvid=BV1nHQwBqEem 已成功抓取全部所需数据。
[2026-04-14 04:26:14] [SUCCESS] bvid=BV1nHQwBqEsY 已成功抓取全部所需数据。
[2026-04-14 04:26:19] [SUCCESS] bvid=BV1qhQwBhESj 已成功抓取全部所需数据。
[2026-04-14 04:26:24] [SUCCESS] bvid=BV1jhQwBhE3s 已成功抓取全部所需数据。
[2026-04-14 04:26:42] [SUCCESS] bvid=BV1nHQwBqEhy 已成功抓取全部所需数据。
[2026-04-14 04:26:47] [SUCCESS] bvid=BV17sQFBoExi 已成功抓取全部所需数据。
[2026-04-14 04:26:58] [SUCCESS] bvid=BV1j8QwBwEoe 已成功抓取全部所需数据。
[2026-04-14 04:27:03] [SUCCESS] bvid=BV1cZDxBTEth 已成功抓取全部所需数据。
[2026-04-14 04:27:08] [SUCCESS] bvid=BV1B8QwBwEM2 已成功抓取全部所需数据。
[2026-04-14 04:27:13] [SUCCESS] bvid=BV1jhQwBhE99 已成功抓取全部所需数据。
[2026-04-14 04:27:13] [ERROR] bvid=BV174QwBPEUS 抓取失败：stat: 接口返回错误代码：-404，信息：啥都木有。
{'code': -404, 'message': '啥都木有', 'ttl': 1} | comment: 接口返回错误代码：-404，信息：啥都木有。
{'code': -404, 'message': '啥都木有', 'ttl': 1}
[2026-04-14 04:27:19] [SUCCESS] bvid=BV1KtD4B2Eer 已成功抓取全部所需数据。
[2026-04-14 04:27:24] [SUCCESS] bvid=BV1YVDLB4EkJ 已成功抓取全部所需数据。
[2026-04-14 04:27:28] [SUCCESS] bvid=BV14MQwBjEZ4 已成功抓取全部所需数据。
[2026-04-14 04:27:34] [SUCCESS] bvid=BV1jhQwBhE3U 已成功抓取全部所需数据。
[2026-04-14 04:27:39] [SUCCESS] bvid=BV17hQwBhEeE 已成功抓取全部所需数据。
[2026-04-14 04:27:44] [SUCCESS] bvid=BV1EtQwBYEWw 已成功抓取全部所需数据。
[2026-04-14 04:27:50] [SUCCESS] bvid=BV1E4QwBPEB8 已成功抓取全部所需数据。
[2026-04-14 04:27:55] [SUCCESS] bvid=BV164QwBPEJK 已成功抓取全部所需数据。
[2026-04-14 04:28:00] [SUCCESS] bvid=BV1J4QwBPEQs 已成功抓取全部所需数据。
[2026-04-14 04:28:12] [SUCCESS] bvid=BV13YDZBCE9x 已成功抓取全部所需数据。
[2026-04-14 04:28:17] [SUCCESS] bvid=BV1VqDtBbEt8 已成功抓取全部所需数据。
[2026-04-14 04:28:28] [SUCCESS] bvid=BV1ftQwBYEYy 已成功抓取全部所需数据。
[2026-04-14 04:28:34] [SUCCESS] bvid=BV1bMQwBjE31 已成功抓取全部所需数据。
[2026-04-14 04:28:39] [SUCCESS] bvid=BV1sLQwBrEBY 已成功抓取全部所需数据。
[2026-04-14 04:28:45] [SUCCESS] bvid=BV1x3QwB5Eyu 已成功抓取全部所需数据。
[2026-04-14 04:28:50] [SUCCESS] bvid=BV17tQwBYEq7 已成功抓取全部所需数据。
[2026-04-14 04:28:55] [SUCCESS] bvid=BV1BtQwBYE3o 已成功抓取全部所需数据。
[2026-04-14 04:29:00] [SUCCESS] bvid=BV1tuQwB1Esn 已成功抓取全部所需数据。
[2026-04-14 04:29:05] [SUCCESS] bvid=BV1c7QFBYENR 已成功抓取全部所需数据。
[2026-04-14 04:29:11] [SUCCESS] bvid=BV14GQwBCE3r 已成功抓取全部所需数据。
[2026-04-14 04:29:15] [SUCCESS] bvid=BV1GBQwBdEmh 已成功抓取全部所需数据。
[2026-04-14 04:29:21] [SUCCESS] bvid=BV1BkDfBxEKQ 已成功抓取全部所需数据。
[2026-04-14 04:29:26] [SUCCESS] bvid=BV1nK97BDEn6 已成功抓取全部所需数据。
[2026-04-14 04:29:31] [SUCCESS] bvid=BV18zDZBzEJj 已成功抓取全部所需数据。
[2026-04-14 04:29:36] [SUCCESS] bvid=BV1tkDZBqENh 已成功抓取全部所需数据。
[2026-04-14 04:29:40] [SUCCESS] bvid=BV1B1DfBWEj1 已成功抓取全部所需数据。
[2026-04-14 04:29:45] [SUCCESS] bvid=BV1oZDHBSE4y 已成功抓取全部所需数据。
[2026-04-14 04:29:50] [SUCCESS] bvid=BV1q2DfB9E5L 已成功抓取全部所需数据。
[2026-04-14 04:29:55] [SUCCESS] bvid=BV141DZBvEtu 已成功抓取全部所需数据。
[2026-04-14 04:30:01] [SUCCESS] bvid=BV1PXQFBBEaa 已成功抓取全部所需数据。
[2026-04-14 04:30:06] [SUCCESS] bvid=BV1Y6QwBsErp 已成功抓取全部所需数据。
[2026-04-14 04:30:11] [SUCCESS] bvid=BV1v2DfBXEZd 已成功抓取全部所需数据。
[2026-04-14 04:30:17] [SUCCESS] bvid=BV1jeQwBbEFa 已成功抓取全部所需数据。
[2026-04-14 04:30:17] [ERROR] bvid=BV1xGQwBCEPy 抓取失败：stat: 接口返回错误代码：-404，信息：啥都木有。
{'code': -404, 'message': '啥都木有', 'ttl': 1} | comment: 接口返回错误代码：-404，信息：啥都木有。
{'code': -404, 'message': '啥都木有', 'ttl': 1}
[2026-04-14 04:30:28] [SUCCESS] bvid=BV1xGQwBCE3M 已成功抓取全部所需数据。
[2026-04-14 04:30:33] [SUCCESS] bvid=BV143QwB5EDz 已成功抓取全部所需数据。
[2026-04-14 04:30:38] [SUCCESS] bvid=BV1KGQwByEL4 已成功抓取全部所需数据。
[2026-04-14 04:30:43] [SUCCESS] bvid=BV1xGQwBCEnR 已成功抓取全部所需数据。
[2026-04-14 04:30:54] [SUCCESS] bvid=BV1x3QwB5EdV 已成功抓取全部所需数据。
[2026-04-14 04:31:00] [SUCCESS] bvid=BV123QwB5EFz 已成功抓取全部所需数据。
[2026-04-14 04:31:05] [SUCCESS] bvid=BV12GQwBCEtQ 已成功抓取全部所需数据。
[2026-04-14 04:31:16] [SUCCESS] bvid=BV1mMQwBjEWB 已成功抓取全部所需数据。
[2026-04-14 04:31:21] [SUCCESS] bvid=BV14GQwBCEEL 已成功抓取全部所需数据。
[2026-04-14 04:31:32] [SUCCESS] bvid=BV1xGQwBCEdr 已成功抓取全部所需数据。
[2026-04-14 04:31:38] [SUCCESS] bvid=BV1xGQwBCEPw 已成功抓取全部所需数据。
[2026-04-14 04:31:42] [SUCCESS] bvid=BV14MQwBjE4J 已成功抓取全部所需数据。
[2026-04-14 04:31:48] [SUCCESS] bvid=BV1xGQwBCEn8 已成功抓取全部所需数据。
[2026-04-14 04:31:53] [SUCCESS] bvid=BV1MMQwB7EGq 已成功抓取全部所需数据。
[2026-04-14 04:31:58] [SUCCESS] bvid=BV1bMQwBjE3A 已成功抓取全部所需数据。
[2026-04-14 04:32:08] [SUCCESS] bvid=BV1uMQwB7Eec 已成功抓取全部所需数据。
[2026-04-14 04:32:13] [SUCCESS] bvid=BV1tMQwBjE8F 已成功抓取全部所需数据。
[2026-04-14 04:32:18] [SUCCESS] bvid=BV14uQwB1EVy 已成功抓取全部所需数据。
[2026-04-14 04:32:28] [SUCCESS] bvid=BV1p7QwBgEa2 已成功抓取全部所需数据。
[2026-04-14 04:32:34] [SUCCESS] bvid=BV14uQwB1EgW 已成功抓取全部所需数据。
[2026-04-14 04:32:38] [SUCCESS] bvid=BV14MQwBjEs9 已成功抓取全部所需数据。
[2026-04-14 04:32:43] [SUCCESS] bvid=BV1mMQwBjE43 已成功抓取全部所需数据。
[2026-04-14 04:32:48] [SUCCESS] bvid=BV1xuQwB1Ey3 已成功抓取全部所需数据。
[2026-04-14 04:32:53] [SUCCESS] bvid=BV1tMQwBjEHK 已成功抓取全部所需数据。
[2026-04-14 04:33:05] [SUCCESS] bvid=BV14MQwBjE4h 已成功抓取全部所需数据。
[2026-04-14 04:33:10] [SUCCESS] bvid=BV1MMQwB7EdD 已成功抓取全部所需数据。
[2026-04-14 04:33:15] [SUCCESS] bvid=BV1tMQwBjEy9 已成功抓取全部所需数据。
[2026-04-14 04:33:25] [SUCCESS] bvid=BV14uQwB1EMn 已成功抓取全部所需数据。
[2026-04-14 04:33:30] [SUCCESS] bvid=BV1UuQwB1EPY 已成功抓取全部所需数据。
[2026-04-14 04:33:35] [SUCCESS] bvid=BV1p7QwBgEfD 已成功抓取全部所需数据。
[2026-04-14 04:33:40] [SUCCESS] bvid=BV1C7QwBgEbm 已成功抓取全部所需数据。
[2026-04-14 04:33:45] [SUCCESS] bvid=BV1PEQwB6EPo 已成功抓取全部所需数据。
[2026-04-14 04:33:49] [SUCCESS] bvid=BV1W7QwB3EFV 已成功抓取全部所需数据。
[2026-04-14 04:33:55] [SUCCESS] bvid=BV1C7QwBgE8o 已成功抓取全部所需数据。
[2026-04-14 04:34:00] [SUCCESS] bvid=BV1W7QwBgEgy 已成功抓取全部所需数据。
[2026-04-14 04:34:11] [SUCCESS] bvid=BV1F9DHBWEvK 已成功抓取全部所需数据。
[2026-04-14 04:34:16] [SUCCESS] bvid=BV1AfDrBQEDe 已成功抓取全部所需数据。
[2026-04-14 04:34:27] [SUCCESS] bvid=BV1yfDrBQEj4 已成功抓取全部所需数据。
[2026-04-14 04:34:38] [SUCCESS] bvid=BV1yfDrBDE74 已成功抓取全部所需数据。
[2026-04-14 04:34:42] [SUCCESS] bvid=BV1K5QwBVEGR 已成功抓取全部所需数据。
[2026-04-14 04:34:47] [SUCCESS] bvid=BV1pEQwBzEkm 已成功抓取全部所需数据。
[2026-04-14 04:35:00] [SUCCESS] bvid=BV1kEQwBzE8T 已成功抓取全部所需数据。
[2026-04-14 04:35:06] [SUCCESS] bvid=BV1CEQwBzEdo 已成功抓取全部所需数据。
[2026-04-14 04:35:25] [SUCCESS] bvid=BV1PEQwB6EWx 已成功抓取全部所需数据。
[2026-04-14 04:35:29] [SUCCESS] bvid=BV1HEQwBzERN 已成功抓取全部所需数据。
[2026-04-14 04:35:34] [SUCCESS] bvid=BV1yfDrBDE4A 已成功抓取全部所需数据。
[2026-04-14 04:35:39] [SUCCESS] bvid=BV1WEQwBzE7R 已成功抓取全部所需数据。
[2026-04-14 04:35:44] [SUCCESS] bvid=BV1s5QwBGEur 已成功抓取全部所需数据。
[2026-04-14 04:35:55] [SUCCESS] bvid=BV1yfDrBDEVu 已成功抓取全部所需数据。
[2026-04-14 04:36:00] [SUCCESS] bvid=BV1x5QwBGEyk 已成功抓取全部所需数据。
[2026-04-14 04:36:05] [SUCCESS] bvid=BV1s5QwBGEnb 已成功抓取全部所需数据。
[2026-04-14 04:36:11] [SUCCESS] bvid=BV1yfDrBDELy 已成功抓取全部所需数据。
[2026-04-14 04:36:16] [SUCCESS] bvid=BV1x5QwBGE4L 已成功抓取全部所需数据。
[2026-04-14 04:36:16] [WARN] 当前子任务已结束，但仍有未成功抓取的视频，已导出 remaining CSV 供继续执行。
[2026-04-14 04:36:16] [INFO] 已导出剔除成功条目后的剩余 CSV：D:\Schoolworks\Thesis\Bilibili-Datahub\outputs\video_data\manual_crawls\manual_crawl_stat_comment_20260413_211529\remaining_bvids_part_22.csv
[2026-04-14 04:36:16] 子任务结束时间：2026-04-14T04:36:16.207169
[TIMESTAMP][END] 2026-04-14T04:36:16
