[TIMESTAMP][BEGIN] 2026-04-13T21:24:44
[2026-04-13 21:24:46] 开始执行 CSV 批量抓取子任务 part_2。
[2026-04-13 21:24:46] 子任务开始时间：2026-04-13T21:24:44.639721
[2026-04-13 21:24:46] 输入文件：batch_input_2.csv
[2026-04-13 21:24:46] 输入唯一 bvid 数量：100
[2026-04-13 21:24:46] 为严格按 CSV 顺序判断连续失败阈值，本次任务自动将并发度从 2 调整为 1。
[2026-04-13 21:24:51] [SUCCESS] bvid=BV1ksQ4BrERA 已成功抓取全部所需数据。
[2026-04-13 21:24:57] [SUCCESS] bvid=BV1k4Q4BgE7V 已成功抓取全部所需数据。
[2026-04-13 21:25:02] [SUCCESS] bvid=BV1CHQ4BCEg8 已成功抓取全部所需数据。
[2026-04-13 21:25:07] [SUCCESS] bvid=BV1p4Q4B3Eje 已成功抓取全部所需数据。
[2026-04-13 21:25:13] [SUCCESS] bvid=BV1k4Q4BgELF 已成功抓取全部所需数据。
[2026-04-13 21:25:18] [SUCCESS] bvid=BV1ERQzB6EJX 已成功抓取全部所需数据。
[2026-04-13 21:25:23] [SUCCESS] bvid=BV1oWQuBEE5H 已成功抓取全部所需数据。
[2026-04-13 21:25:29] [SUCCESS] bvid=BV1H7DxBeEPn 已成功抓取全部所需数据。
[2026-04-13 21:25:34] [SUCCESS] bvid=BV1rsDXBCEHN 已成功抓取全部所需数据。
[2026-04-13 21:25:40] [SUCCESS] bvid=BV1pAQtB1ECc 已成功抓取全部所需数据。
[2026-04-13 21:25:45] [SUCCESS] bvid=BV1k4Q4BgEGu 已成功抓取全部所需数据。
[2026-04-13 21:25:50] [SUCCESS] bvid=BV1NHQ4ByEVt 已成功抓取全部所需数据。
[2026-04-13 21:25:56] [SUCCESS] bvid=BV1yHQ4BCE2h 已成功抓取全部所需数据。
[2026-04-13 21:26:01] [SUCCESS] bvid=BV1PHQ4ByEec 已成功抓取全部所需数据。
[2026-04-13 21:26:07] [SUCCESS] bvid=BV1PHQ4ByEFB 已成功抓取全部所需数据。
[2026-04-13 21:26:12] [SUCCESS] bvid=BV1yHQ4BCEmB 已成功抓取全部所需数据。
[2026-04-13 21:26:18] [SUCCESS] bvid=BV1PWQ4BVEp8 已成功抓取全部所需数据。
[2026-04-13 21:26:23] [SUCCESS] bvid=BV14dQ4BnELd 已成功抓取全部所需数据。
[2026-04-13 21:26:28] [SUCCESS] bvid=BV1AWQ4BVEGH 已成功抓取全部所需数据。
[2026-04-13 21:26:34] [SUCCESS] bvid=BV14dQ4BnEHd 已成功抓取全部所需数据。
[2026-04-13 21:26:40] [SUCCESS] bvid=BV14dQ4BnEVw 已成功抓取全部所需数据。
[2026-04-13 21:26:45] [SUCCESS] bvid=BV1tXQ4BpE2f 已成功抓取全部所需数据。
[2026-04-13 21:26:51] [SUCCESS] bvid=BV1xdQ4BnEUT 已成功抓取全部所需数据。
[2026-04-13 21:26:56] [SUCCESS] bvid=BV1xoQ4BSEqU 已成功抓取全部所需数据。
[2026-04-13 21:27:01] [SUCCESS] bvid=BV1moQ4BSEv5 已成功抓取全部所需数据。
[2026-04-13 21:27:06] [SUCCESS] bvid=BV18XQ4BpEst 已成功抓取全部所需数据。
[2026-04-13 21:27:11] [SUCCESS] bvid=BV1tXQ4BpEGt 已成功抓取全部所需数据。
[2026-04-13 21:27:17] [SUCCESS] bvid=BV1t9Q4BQEad 已成功抓取全部所需数据。
[2026-04-13 21:27:22] [SUCCESS] bvid=BV1b9Q4BQEpL 已成功抓取全部所需数据。
[2026-04-13 21:27:28] [SUCCESS] bvid=BV1m9Q4BQEy6 已成功抓取全部所需数据。
[2026-04-13 21:27:33] [SUCCESS] bvid=BV1t9Q4BQEYw 已成功抓取全部所需数据。
[2026-04-13 21:27:38] [SUCCESS] bvid=BV1swQtBjEFh 已成功抓取全部所需数据。
[2026-04-13 21:27:51] [SUCCESS] bvid=BV1oBDRBkEQM 已成功抓取全部所需数据。
[2026-04-13 21:28:09] [SUCCESS] bvid=BV12dQsBkENh 已成功抓取全部所需数据。
[2026-04-13 21:28:28] [SUCCESS] bvid=BV1sfQ4BEEX4 已成功抓取全部所需数据。
[2026-04-13 21:28:46] [SUCCESS] bvid=BV1KfQ4BJEGf 已成功抓取全部所需数据。
[2026-04-13 21:29:05] [SUCCESS] bvid=BV1xFQtBmErZ 已成功抓取全部所需数据。
[2026-04-13 21:29:23] [SUCCESS] bvid=BV1YCQ4BbEY4 已成功抓取全部所需数据。
[2026-04-13 21:29:35] [SUCCESS] bvid=BV1eCQ4BbEAJ 已成功抓取全部所需数据。
[2026-04-13 21:29:42] [SUCCESS] bvid=BV1VyQ4BfE5X 已成功抓取全部所需数据。
[2026-04-13 21:29:48] [SUCCESS] bvid=BV15CQ4B8ELg 已成功抓取全部所需数据。
[2026-04-13 21:29:54] [SUCCESS] bvid=BV1ayQ4BZEVU 已成功抓取全部所需数据。
[2026-04-13 21:30:01] [SUCCESS] bvid=BV196Q4BhEs9 已成功抓取全部所需数据。
[2026-04-13 21:30:07] [SUCCESS] bvid=BV1v6Q4BhELU 已成功抓取全部所需数据。
[2026-04-13 21:30:14] [SUCCESS] bvid=BV1nNQxBiEPv 已成功抓取全部所需数据。
[2026-04-13 21:30:20] [SUCCESS] bvid=BV1kKDyB9Em9 已成功抓取全部所需数据。
[2026-04-13 21:30:26] [SUCCESS] bvid=BV1v6Q4BhEUB 已成功抓取全部所需数据。
[2026-04-13 21:30:31] [SUCCESS] bvid=BV1kpQsBNEBP 已成功抓取全部所需数据。
[2026-04-13 21:30:37] [SUCCESS] bvid=BV18SQ4BsEu4 已成功抓取全部所需数据。
[2026-04-13 21:30:42] [SUCCESS] bvid=BV1a2Q4B4EXz 已成功抓取全部所需数据。
[2026-04-13 21:30:47] [SUCCESS] bvid=BV1a2Q4B4EDX 已成功抓取全部所需数据。
[2026-04-13 21:30:52] [SUCCESS] bvid=BV1a2Q4B4ETU 已成功抓取全部所需数据。
[2026-04-13 21:30:58] [SUCCESS] bvid=BV1hmQ4BdE94 已成功抓取全部所需数据。
[2026-04-13 21:31:03] [SUCCESS] bvid=BV1jnQtBPE3q 已成功抓取全部所需数据。
[2026-04-13 21:31:08] [SUCCESS] bvid=BV1jnQtBPEnP 已成功抓取全部所需数据。
[2026-04-13 21:31:14] [SUCCESS] bvid=BV15HQtBYES2 已成功抓取全部所需数据。
[2026-04-13 21:31:20] [SUCCESS] bvid=BV1LHQtBYE8H 已成功抓取全部所需数据。
[2026-04-13 21:31:26] [SUCCESS] bvid=BV1j7QtBKEVQ 已成功抓取全部所需数据。
[2026-04-13 21:31:32] [SUCCESS] bvid=BV15LQxBfE9L 已成功抓取全部所需数据。
[2026-04-13 21:31:39] [SUCCESS] bvid=BV1tQQsBLEfE 已成功抓取全部所需数据。
[2026-04-13 21:31:45] [SUCCESS] bvid=BV177QtBKEL4 已成功抓取全部所需数据。
[2026-04-13 21:31:52] [SUCCESS] bvid=BV1QtQtBbEgo 已成功抓取全部所需数据。
[2026-04-13 21:31:59] [SUCCESS] bvid=BV1G4QtBFEu1 已成功抓取全部所需数据。
[2026-04-13 21:32:05] [SUCCESS] bvid=BV134QtBFE9G 已成功抓取全部所需数据。
[2026-04-13 21:32:12] [SUCCESS] bvid=BV1Y4QtBFEet 已成功抓取全部所需数据。
[2026-04-13 21:32:18] [SUCCESS] bvid=BV1V4QtBFEBo 已成功抓取全部所需数据。
[2026-04-13 21:32:24] [SUCCESS] bvid=BV1G4QtBFEHA 已成功抓取全部所需数据。
[2026-04-13 21:32:31] [SUCCESS] bvid=BV1HMQtBGEka 已成功抓取全部所需数据。
[2026-04-13 21:32:37] [SUCCESS] bvid=BV15WQtBwE2t 已成功抓取全部所需数据。
[2026-04-13 21:32:44] [SUCCESS] bvid=BV1VsQtBhEAh 已成功抓取全部所需数据。
[2026-04-13 21:32:51] [SUCCESS] bvid=BV1HwQxBBE6K 已成功抓取全部所需数据。
[2026-04-13 21:32:57] [SUCCESS] bvid=BV1JuQtBrEDL 已成功抓取全部所需数据。
[2026-04-13 21:33:03] [SUCCESS] bvid=BV1HuQtBrEu3 已成功抓取全部所需数据。
[2026-04-13 21:33:09] [SUCCESS] bvid=BV1HuQtBrEh4 已成功抓取全部所需数据。
[2026-04-13 21:33:15] [SUCCESS] bvid=BV1hkQsBHEkm 已成功抓取全部所需数据。
[2026-04-13 21:33:21] [SUCCESS] bvid=BV1H7DxBeEYB 已成功抓取全部所需数据。
[2026-04-13 21:33:26] [SUCCESS] bvid=BV1CNQtB5Et1 已成功抓取全部所需数据。
[2026-04-13 21:33:31] [SUCCESS] bvid=BV1csDXByEzA 已成功抓取全部所需数据。
[2026-04-13 21:33:38] [SUCCESS] bvid=BV1WKQtByEAN 已成功抓取全部所需数据。
[2026-04-13 21:33:43] [SUCCESS] bvid=BV1E5QtBMEDt 已成功抓取全部所需数据。
[2026-04-13 21:33:49] [SUCCESS] bvid=BV1fLQtBqEPY 已成功抓取全部所需数据。
[2026-04-13 21:33:54] [SUCCESS] bvid=BV1J3QtBgEcs 已成功抓取全部所需数据。
[2026-04-13 21:33:59] [SUCCESS] bvid=BV1n3QtBgEE4 已成功抓取全部所需数据。
[2026-04-13 21:34:05] [SUCCESS] bvid=BV1JGQtBzEuF 已成功抓取全部所需数据。
[2026-04-13 21:34:10] [SUCCESS] bvid=BV1qbQsBcErY 已成功抓取全部所需数据。
[2026-04-13 21:34:15] [SUCCESS] bvid=BV1FbQsBwEPJ 已成功抓取全部所需数据。
[2026-04-13 21:34:21] [SUCCESS] bvid=BV1ZbQsBcEkk 已成功抓取全部所需数据。
[2026-04-13 21:34:26] [SUCCESS] bvid=BV1zbQsBcEqS 已成功抓取全部所需数据。
[2026-04-13 21:34:32] [SUCCESS] bvid=BV1JbQsBwE8c 已成功抓取全部所需数据。
[2026-04-13 21:34:37] [SUCCESS] bvid=BV1zbQsBcE8P 已成功抓取全部所需数据。
[2026-04-13 21:34:42] [SUCCESS] bvid=BV1zbQsBcERw 已成功抓取全部所需数据。
[2026-04-13 21:34:48] [SUCCESS] bvid=BV1E8QsBhEtL 已成功抓取全部所需数据。
[2026-04-13 21:34:53] [SUCCESS] bvid=BV1B8QsB8E7j 已成功抓取全部所需数据。
[2026-04-13 21:34:59] [SUCCESS] bvid=BV16xQsBAEsn 已成功抓取全部所需数据。
[2026-04-13 21:35:04] [SUCCESS] bvid=BV16xQsBAEDD 已成功抓取全部所需数据。
[2026-04-13 21:35:10] [SUCCESS] bvid=BV1z4QsBaEhK 已成功抓取全部所需数据。
[2026-04-13 21:35:15] [SUCCESS] bvid=BV1oeQsBoEpj 已成功抓取全部所需数据。
[2026-04-13 21:35:20] [SUCCESS] bvid=BV1iiQsBxEck 已成功抓取全部所需数据。
[2026-04-13 21:35:26] [SUCCESS] bvid=BV1eiQsBxEZk 已成功抓取全部所需数据。
[2026-04-13 21:35:31] [SUCCESS] bvid=BV1iiQsBxE34 已成功抓取全部所需数据。
[2026-04-13 21:35:31] [INFO] 当前 batch_crawl 已完成，所有视频均已成功抓取。
[2026-04-13 21:35:31] 子任务结束时间：2026-04-13T21:35:31.518764
[TIMESTAMP][END] 2026-04-13T21:35:31
