[TIMESTAMP][BEGIN] 2026-04-13T21:35:31
[2026-04-13 21:35:34] 开始执行 CSV 批量抓取子任务 part_3。
[2026-04-13 21:35:34] 子任务开始时间：2026-04-13T21:35:31.783832
[2026-04-13 21:35:34] 输入文件：batch_input_3.csv
[2026-04-13 21:35:34] 输入唯一 bvid 数量：100
[2026-04-13 21:35:34] 为严格按 CSV 顺序判断连续失败阈值，本次任务自动将并发度从 2 调整为 1。
[2026-04-13 21:35:39] [SUCCESS] bvid=BV1RiQsBxERo 已成功抓取全部所需数据。
[2026-04-13 21:35:44] [SUCCESS] bvid=BV1jVQxBcECM 已成功抓取全部所需数据。
[2026-04-13 21:35:50] [SUCCESS] bvid=BV1UnD1BPEWe 已成功抓取全部所需数据。
[2026-04-13 21:35:55] [SUCCESS] bvid=BV1y7QsBBEYc 已成功抓取全部所需数据。
[2026-04-13 21:36:00] [SUCCESS] bvid=BV1CJQsBMEfV 已成功抓取全部所需数据。
[2026-04-13 21:36:06] [SUCCESS] bvid=BV12VQsB3E4V 已成功抓取全部所需数据。
[2026-04-13 21:36:18] [SUCCESS] bvid=BV1KVQsBGER7 已成功抓取全部所需数据。
[2026-04-13 21:36:23] [SUCCESS] bvid=BV1K5QsBrEQi 已成功抓取全部所需数据。
[2026-04-13 21:36:28] [SUCCESS] bvid=BV1PJQsBMEpJ 已成功抓取全部所需数据。
[2026-04-13 21:36:34] [SUCCESS] bvid=BV1rWQsBeEzy 已成功抓取全部所需数据。
[2026-04-13 21:36:40] [SUCCESS] bvid=BV1zeDRBLEBx 已成功抓取全部所需数据。
[2026-04-13 21:36:46] [SUCCESS] bvid=BV1rnQsBiE21 已成功抓取全部所需数据。
[2026-04-13 21:36:52] [SUCCESS] bvid=BV14RQsBVEnk 已成功抓取全部所需数据。
[2026-04-13 21:36:57] [SUCCESS] bvid=BV14XQsByERV 已成功抓取全部所需数据。
[2026-04-13 21:37:03] [SUCCESS] bvid=BV1tSQsB2Eje 已成功抓取全部所需数据。
[2026-04-13 21:37:08] [SUCCESS] bvid=BV1xRQsBVEnG 已成功抓取全部所需数据。
[2026-04-14 00:11:05] [SUCCESS] bvid=BV12RQsBVE8L 已成功抓取全部所需数据。
[2026-04-14 00:11:11] [SUCCESS] bvid=BV11RQsBVE1T 已成功抓取全部所需数据。
[2026-04-14 00:11:17] [SUCCESS] bvid=BV1bSQsB2EnL 已成功抓取全部所需数据。
[2026-04-14 00:11:23] [SUCCESS] bvid=BV12RQsBVEE7 已成功抓取全部所需数据。
[2026-04-14 00:11:28] [SUCCESS] bvid=BV1tQQsBLEQE 已成功抓取全部所需数据。
[2026-04-14 00:11:34] [SUCCESS] bvid=BV1yfQsB6EaG 已成功抓取全部所需数据。
[2026-04-14 00:11:39] [SUCCESS] bvid=BV1wBDSBuEXC 已成功抓取全部所需数据。
[2026-04-14 00:11:53] [SUCCESS] bvid=BV1TqD9BsE7K 已成功抓取全部所需数据。
[2026-04-14 00:11:58] [SUCCESS] bvid=BV1UQQsBLEnd 已成功抓取全部所需数据。
[2026-04-14 00:12:04] [SUCCESS] bvid=BV1sfQsB6EFq 已成功抓取全部所需数据。
[2026-04-14 00:12:16] [SUCCESS] bvid=BV1MhQxBUENm 已成功抓取全部所需数据。
[2026-04-14 00:12:22] [SUCCESS] bvid=BV1CcQxBuEzj 已成功抓取全部所需数据。
[2026-04-14 00:12:41] [SUCCESS] bvid=BV1WcQxBuEt4 已成功抓取全部所需数据。
[2026-04-14 00:12:47] [SUCCESS] bvid=BV1ycQxBuE33 已成功抓取全部所需数据。
[2026-04-14 00:12:52] [SUCCESS] bvid=BV1HcQxBuEBp 已成功抓取全部所需数据。
[2026-04-14 00:12:58] [SUCCESS] bvid=BV1kiQcBMEdZ 已成功抓取全部所需数据。
[2026-04-14 00:13:03] [SUCCESS] bvid=BV1LLQxBfEk1 已成功抓取全部所需数据。
[2026-04-14 00:13:09] [SUCCESS] bvid=BV1fvDRByEDe 已成功抓取全部所需数据。
[2026-04-14 00:13:15] [SUCCESS] bvid=BV1zvDRByEtQ 已成功抓取全部所需数据。
[2026-04-14 00:13:27] [SUCCESS] bvid=BV1RqQsBRE62 已成功抓取全部所需数据。
[2026-04-14 00:13:39] [SUCCESS] bvid=BV1wkDQBVEJ1 已成功抓取全部所需数据。
[2026-04-14 00:13:44] [SUCCESS] bvid=BV1n7DxBeEBE 已成功抓取全部所需数据。
[2026-04-14 00:13:50] [SUCCESS] bvid=BV17VQxBcEgU 已成功抓取全部所需数据。
[2026-04-14 00:13:56] [SUCCESS] bvid=BV1bXDRBAED6 已成功抓取全部所需数据。
[2026-04-14 00:14:01] [SUCCESS] bvid=BV1xdQsBkE7b 已成功抓取全部所需数据。
[2026-04-14 00:14:13] [SUCCESS] bvid=BV1KdQsBCEmS 已成功抓取全部所需数据。
[2026-04-14 00:14:24] [SUCCESS] bvid=BV1WdQsBkEUr 已成功抓取全部所需数据。
[2026-04-14 00:14:37] [SUCCESS] bvid=BV1sZQsB3EmW 已成功抓取全部所需数据。
[2026-04-14 00:14:43] [SUCCESS] bvid=BV196QsBXEJD 已成功抓取全部所需数据。
[2026-04-14 00:14:48] [SUCCESS] bvid=BV1a6QsBXES3 已成功抓取全部所需数据。
[2026-04-14 00:14:53] [SUCCESS] bvid=BV19qQsBREJG 已成功抓取全部所需数据。
[2026-04-14 00:14:59] [SUCCESS] bvid=BV1vqQsBREvQ 已成功抓取全部所需数据。
[2026-04-14 00:15:05] [SUCCESS] bvid=BV1vqQsBREMW 已成功抓取全部所需数据。
[2026-04-14 00:15:11] [SUCCESS] bvid=BV1RqQsBREpX 已成功抓取全部所需数据。
[2026-04-14 00:15:17] [SUCCESS] bvid=BV1D2QsBUEV2 已成功抓取全部所需数据。
[2026-04-14 00:15:29] [SUCCESS] bvid=BV1RqQsBREyt 已成功抓取全部所需数据。
[2026-04-14 00:15:34] [SUCCESS] bvid=BV1XzQsBWEqx 已成功抓取全部所需数据。
[2026-04-14 00:15:39] [SUCCESS] bvid=BV182QsBUEM8 已成功抓取全部所需数据。
[2026-04-14 00:15:52] [SUCCESS] bvid=BV1UMQsByEZ1 已成功抓取全部所需数据。
[2026-04-14 00:15:58] [SUCCESS] bvid=BV1qBDRBkEHR 已成功抓取全部所需数据。
[2026-04-14 00:16:10] [SUCCESS] bvid=BV1HcDQBGEQ8 已成功抓取全部所需数据。
[2026-04-14 00:16:15] [SUCCESS] bvid=BV1hCQsBDEe2 已成功抓取全部所需数据。
[2026-04-14 00:16:27] [SUCCESS] bvid=BV1DCQsBDEzr 已成功抓取全部所需数据。
[2026-04-14 00:16:38] [SUCCESS] bvid=BV1a1QsBJEcM 已成功抓取全部所需数据。
[2026-04-14 00:16:51] [SUCCESS] bvid=BV1KBD9B9EYc 已成功抓取全部所需数据。
[2026-04-14 00:16:56] [SUCCESS] bvid=BV157QxBtE5M 已成功抓取全部所需数据。
[2026-04-14 00:17:03] [SUCCESS] bvid=BV1anQxBxE19 已成功抓取全部所需数据。
[2026-04-14 00:17:15] [SUCCESS] bvid=BV1nMQxBeEN8 已成功抓取全部所需数据。
[2026-04-14 00:17:26] [SUCCESS] bvid=BV1vEQxBoEso 已成功抓取全部所需数据。
[2026-04-14 00:17:31] [SUCCESS] bvid=BV1L5QxB8Ery 已成功抓取全部所需数据。
[2026-04-14 00:17:42] [SUCCESS] bvid=BV1o5QxB8E9U 已成功抓取全部所需数据。
[2026-04-14 00:17:48] [SUCCESS] bvid=BV1EMQxBeEPW 已成功抓取全部所需数据。
[2026-04-14 00:17:59] [SUCCESS] bvid=BV1LLQxBfEGG 已成功抓取全部所需数据。
[2026-04-14 00:18:11] [SUCCESS] bvid=BV1gWQxBWEDN 已成功抓取全部所需数据。
[2026-04-14 00:18:17] [SUCCESS] bvid=BV1jLQxBfE5W 已成功抓取全部所需数据。
[2026-04-14 00:18:22] [SUCCESS] bvid=BV17HQuBDEGz 已成功抓取全部所需数据。
[2026-04-14 00:18:34] [SUCCESS] bvid=BV1ZHQuBSEPs 已成功抓取全部所需数据。
[2026-04-14 00:18:39] [SUCCESS] bvid=BV1qiDXBKEMh 已成功抓取全部所需数据。
[2026-04-14 00:18:45] [SUCCESS] bvid=BV1HNQxBiEph 已成功抓取全部所需数据。
[2026-04-14 00:18:50] [SUCCESS] bvid=BV1YWQxBWE5g 已成功抓取全部所需数据。
[2026-04-14 00:18:56] [SUCCESS] bvid=BV1VWQxBsEGy 已成功抓取全部所需数据。
[2026-04-14 00:19:07] [SUCCESS] bvid=BV1QsQxBXEd5 已成功抓取全部所需数据。
[2026-04-14 00:19:13] [SUCCESS] bvid=BV15nQxBxEH1 已成功抓取全部所需数据。
[2026-04-14 00:19:18] [SUCCESS] bvid=BV1q6DRB3EH8 已成功抓取全部所需数据。
[2026-04-14 00:19:29] [SUCCESS] bvid=BV1VnQxBxEoo 已成功抓取全部所需数据。
[2026-04-14 00:19:46] [SUCCESS] bvid=BV15nQxBxEuN 已成功抓取全部所需数据。
[2026-04-14 00:19:52] [SUCCESS] bvid=BV1GHQxBREBq 已成功抓取全部所需数据。
[2026-04-14 00:19:58] [SUCCESS] bvid=BV1HwQxBBEHA 已成功抓取全部所需数据。
[2026-04-14 00:20:03] [SUCCESS] bvid=BV1pwQxBBEZr 已成功抓取全部所需数据。
[2026-04-14 00:20:08] [SUCCESS] bvid=BV1E3QxBaELc 已成功抓取全部所需数据。
[2026-04-14 00:20:14] [SUCCESS] bvid=BV1E3QxBaE2C 已成功抓取全部所需数据。
[2026-04-14 00:20:26] [SUCCESS] bvid=BV1qgQxBAE24 已成功抓取全部所需数据。
[2026-04-14 00:20:32] [SUCCESS] bvid=BV1zgQxBAEBK 已成功抓取全部所需数据。
[2026-04-14 00:20:37] [SUCCESS] bvid=BV1EMQxBeEhS 已成功抓取全部所需数据。
[2026-04-14 00:20:43] [SUCCESS] bvid=BV1JgQxBAE3j 已成功抓取全部所需数据。
[2026-04-14 00:20:54] [SUCCESS] bvid=BV1JUQxBTE7U 已成功抓取全部所需数据。
[2026-04-14 00:21:06] [SUCCESS] bvid=BV1AkQxB3EwL 已成功抓取全部所需数据。
[2026-04-14 00:21:18] [SUCCESS] bvid=BV1s9DUBMEbn 已成功抓取全部所需数据。
[2026-04-14 00:21:24] [SUCCESS] bvid=BV18cDxBLEFf 已成功抓取全部所需数据。
[2026-04-14 00:21:30] [SUCCESS] bvid=BV1GcDXBcEdE 已成功抓取全部所需数据。
[2026-04-14 00:21:35] [SUCCESS] bvid=BV1NzQxBVE33 已成功抓取全部所需数据。
[2026-04-14 00:21:40] [SUCCESS] bvid=BV1zSQxBiEkN 已成功抓取全部所需数据。
[2026-04-14 00:21:46] [SUCCESS] bvid=BV1w2QxBzEs8 已成功抓取全部所需数据。
[2026-04-14 00:21:51] [SUCCESS] bvid=BV1c2QxBBESs 已成功抓取全部所需数据。
[2026-04-14 00:21:51] [INFO] 当前 batch_crawl 已完成，所有视频均已成功抓取。
[2026-04-14 00:21:51] 子任务结束时间：2026-04-14T00:21:51.815418
[TIMESTAMP][END] 2026-04-14T00:21:51
