[TIMESTAMP][BEGIN] 2026-04-14T04:05:25
[2026-04-14 04:05:27] 开始执行 CSV 批量抓取子任务 part_20。
[2026-04-14 04:05:27] 子任务开始时间：2026-04-14T04:05:25.723033
[2026-04-14 04:05:27] 输入文件：batch_input_20.csv
[2026-04-14 04:05:27] 输入唯一 bvid 数量：100
[2026-04-14 04:05:27] 为严格按 CSV 顺序判断连续失败阈值，本次任务自动将并发度从 2 调整为 1。
[2026-04-14 04:05:32] [SUCCESS] bvid=BV12jQPBUEjx 已成功抓取全部所需数据。
[2026-04-14 04:05:45] [SUCCESS] bvid=BV1xjQPBUEpD 已成功抓取全部所需数据。
[2026-04-14 04:05:50] [SUCCESS] bvid=BV11eQcBzE5r 已成功抓取全部所需数据。
[2026-04-14 04:05:54] [SUCCESS] bvid=BV1sEQPB7EF9 已成功抓取全部所需数据。
[2026-04-14 04:06:00] [SUCCESS] bvid=BV1yiQcBMEaq 已成功抓取全部所需数据。
[2026-04-14 04:06:06] [SUCCESS] bvid=BV1NeQcB6EVx 已成功抓取全部所需数据。
[2026-04-14 04:06:10] [SUCCESS] bvid=BV11eQcBzExq 已成功抓取全部所需数据。
[2026-04-14 04:06:15] [SUCCESS] bvid=BV1yiQcBMEL7 已成功抓取全部所需数据。
[2026-04-14 04:06:32] [SUCCESS] bvid=BV12hQcBrErH 已成功抓取全部所需数据。
[2026-04-14 04:06:38] [SUCCESS] bvid=BV1shQcBkEiH 已成功抓取全部所需数据。
[2026-04-14 04:06:50] [SUCCESS] bvid=BV1NhQcBkEMe 已成功抓取全部所需数据。
[2026-04-14 04:06:55] [SUCCESS] bvid=BV11YQcBgEZv 已成功抓取全部所需数据。
[2026-04-14 04:07:01] [SUCCESS] bvid=BV12YQcBgEMZ 已成功抓取全部所需数据。
[2026-04-14 04:07:06] [SUCCESS] bvid=BV1CYQcBgEoW 已成功抓取全部所需数据。
[2026-04-14 04:07:11] [SUCCESS] bvid=BV1yYQcBgEp7 已成功抓取全部所需数据。
[2026-04-14 04:07:16] [SUCCESS] bvid=BV1gHQcBUE1z 已成功抓取全部所需数据。
[2026-04-14 04:07:22] [SUCCESS] bvid=BV1r6QcBvED1 已成功抓取全部所需数据。
[2026-04-14 04:07:33] [SUCCESS] bvid=BV1w6QcBiEX1 已成功抓取全部所需数据。
[2026-04-14 04:07:44] [SUCCESS] bvid=BV16kQcBPEY7 已成功抓取全部所需数据。
[2026-04-14 04:07:50] [SUCCESS] bvid=BV1rqQcBqEmk 已成功抓取全部所需数据。
[2026-04-14 04:07:55] [SUCCESS] bvid=BV1gwQwBHE9q 已成功抓取全部所需数据。
[2026-04-14 04:08:07] [SUCCESS] bvid=BV1jnXfBbEf4 已成功抓取全部所需数据。
[2026-04-14 04:08:12] [SUCCESS] bvid=BV1kqQcBqEkF 已成功抓取全部所需数据。
[2026-04-14 04:08:17] [SUCCESS] bvid=BV1wzQcBTEPB 已成功抓取全部所需数据。
[2026-04-14 04:08:22] [SUCCESS] bvid=BV1hwQwBnEAQ 已成功抓取全部所需数据。
[2026-04-14 04:08:34] [SUCCESS] bvid=BV1SHQcBmEsH 已成功抓取全部所需数据。
[2026-04-14 04:08:39] [SUCCESS] bvid=BV1DHQcBmEwy 已成功抓取全部所需数据。
[2026-04-14 04:08:44] [SUCCESS] bvid=BV1uWQcB7E25 已成功抓取全部所需数据。
[2026-04-14 04:08:49] [SUCCESS] bvid=BV1DWQcBjEFh 已成功抓取全部所需数据。
[2026-04-14 04:08:54] [SUCCESS] bvid=BV1SWQcBjEuW 已成功抓取全部所需数据。
[2026-04-14 04:08:59] [SUCCESS] bvid=BV1DWQcBjEb2 已成功抓取全部所需数据。
[2026-04-14 04:09:04] [SUCCESS] bvid=BV1DnQcBEEbZ 已成功抓取全部所需数据。
[2026-04-14 04:09:09] [SUCCESS] bvid=BV1VEQcBDENz 已成功抓取全部所需数据。
[2026-04-14 04:09:14] [SUCCESS] bvid=BV1gnQcBJE6g 已成功抓取全部所需数据。
[2026-04-14 04:09:19] [SUCCESS] bvid=BV1mtQcByEvT 已成功抓取全部所需数据。
[2026-04-14 04:09:25] [SUCCESS] bvid=BV1QEQcBSECN 已成功抓取全部所需数据。
[2026-04-14 04:09:30] [SUCCESS] bvid=BV1WLQwBrE6e 已成功抓取全部所需数据。
[2026-04-14 04:09:36] [SUCCESS] bvid=BV1UtQcBCEF7 已成功抓取全部所需数据。
[2026-04-14 04:09:54] [SUCCESS] bvid=BV1SsQcB1EnP 已成功抓取全部所需数据。
[2026-04-14 04:09:58] [SUCCESS] bvid=BV12tQcBCENX 已成功抓取全部所需数据。
[2026-04-14 04:10:04] [SUCCESS] bvid=BV1x8QcBVEmM 已成功抓取全部所需数据。
[2026-04-14 04:10:09] [SUCCESS] bvid=BV1UsQcB1EUD 已成功抓取全部所需数据。
[2026-04-14 04:10:14] [SUCCESS] bvid=BV1sTDZBhEA8 已成功抓取全部所需数据。
[2026-04-14 04:10:19] [SUCCESS] bvid=BV1SsQcB2EmG 已成功抓取全部所需数据。
[2026-04-14 04:10:24] [SUCCESS] bvid=BV1YfQcBpEiZ 已成功抓取全部所需数据。
[2026-04-14 04:10:29] [SUCCESS] bvid=BV1UsQcB1Eq5 已成功抓取全部所需数据。
[2026-04-14 04:10:40] [SUCCESS] bvid=BV1YfQcBpEoh 已成功抓取全部所需数据。
[2026-04-14 04:10:45] [SUCCESS] bvid=BV1t4QcBLEac 已成功抓取全部所需数据。
[2026-04-14 04:10:50] [SUCCESS] bvid=BV1afQcBpEJp 已成功抓取全部所需数据。
[2026-04-14 04:10:55] [SUCCESS] bvid=BV1hFQwBQExt 已成功抓取全部所需数据。
[2026-04-14 04:11:00] [SUCCESS] bvid=BV1aFQwBQEhV 已成功抓取全部所需数据。
[2026-04-14 04:11:05] [SUCCESS] bvid=BV1XfQcBpEoB 已成功抓取全部所需数据。
[2026-04-14 04:11:10] [SUCCESS] bvid=BV19fQcBpEsm 已成功抓取全部所需数据。
[2026-04-14 04:11:16] [SUCCESS] bvid=BV1YXDfBUETP 已成功抓取全部所需数据。
[2026-04-14 04:11:21] [SUCCESS] bvid=BV1GfQcBWEfi 已成功抓取全部所需数据。
[2026-04-14 04:11:21] [ERROR] bvid=BV1vdQcBsE3C 抓取失败：stat: 接口返回错误代码：62002，信息：稿件不可见。
{'code': 62002, 'message': '稿件不可见', 'ttl': 1} | comment: 接口返回错误代码：62002，信息：稿件不可见。
{'code': 62002, 'message': '稿件不可见', 'ttl': 1}
[2026-04-14 04:11:26] [SUCCESS] bvid=BV1aFQwBQEys 已成功抓取全部所需数据。
[2026-04-14 04:11:31] [SUCCESS] bvid=BV1aFQwBXEaJ 已成功抓取全部所需数据。
[2026-04-14 04:11:36] [SUCCESS] bvid=BV1hFQwBQEXW 已成功抓取全部所需数据。
[2026-04-14 04:11:48] [SUCCESS] bvid=BV1aFQwBQENn 已成功抓取全部所需数据。
[2026-04-14 04:11:53] [SUCCESS] bvid=BV1eoQcB9E3S 已成功抓取全部所需数据。
[2026-04-14 04:11:58] [SUCCESS] bvid=BV1edQcBsEZZ 已成功抓取全部所需数据。
[2026-04-14 04:12:03] [SUCCESS] bvid=BV1YoQcB9ELf 已成功抓取全部所需数据。
[2026-04-14 04:12:08] [SUCCESS] bvid=BV1vdQcBsEct 已成功抓取全部所需数据。
[2026-04-14 04:12:13] [SUCCESS] bvid=BV1DNQwBEEuN 已成功抓取全部所需数据。
[2026-04-14 04:12:18] [SUCCESS] bvid=BV1RMDfBUEbk 已成功抓取全部所需数据。
[2026-04-14 04:12:23] [SUCCESS] bvid=BV1BtQwBYEJ8 已成功抓取全部所需数据。
[2026-04-14 04:12:29] [SUCCESS] bvid=BV1uKQwBUEcG 已成功抓取全部所需数据。
[2026-04-14 04:12:34] [SUCCESS] bvid=BV19oQcB9EqP 已成功抓取全部所需数据。
[2026-04-14 04:12:39] [SUCCESS] bvid=BV19oQcB9EBA 已成功抓取全部所需数据。
[2026-04-14 04:12:51] [SUCCESS] bvid=BV1YBQwBdEA1 已成功抓取全部所需数据。
[2026-04-14 04:12:56] [SUCCESS] bvid=BV18NQwBEEag 已成功抓取全部所需数据。
[2026-04-14 04:13:02] [SUCCESS] bvid=BV1bNQwBEEiG 已成功抓取全部所需数据。
[2026-04-14 04:13:02] [ERROR] bvid=BV1hwQwBnE2y 抓取失败：stat: 接口返回错误代码：62002，信息：稿件不可见。
{'code': 62002, 'message': '稿件不可见', 'ttl': 1} | comment: 接口返回错误代码：62002，信息：稿件不可见。
{'code': 62002, 'message': '稿件不可见', 'ttl': 1}
[2026-04-14 04:13:07] [SUCCESS] bvid=BV1QwQwBnE82 已成功抓取全部所需数据。
[2026-04-14 04:13:12] [SUCCESS] bvid=BV1bKQwBmEQH 已成功抓取全部所需数据。
[2026-04-14 04:13:18] [SUCCESS] bvid=BV18KQwBmEE2 已成功抓取全部所需数据。
[2026-04-14 04:13:24] [SUCCESS] bvid=BV1tKQwBmEeg 已成功抓取全部所需数据。
[2026-04-14 04:13:29] [SUCCESS] bvid=BV1SKQwBmEm3 已成功抓取全部所需数据。
[2026-04-14 04:13:35] [SUCCESS] bvid=BV1tKQwBmEz5 已成功抓取全部所需数据。
[2026-04-14 04:13:40] [SUCCESS] bvid=BV18KQwBmE3Z 已成功抓取全部所需数据。
[2026-04-14 04:13:45] [SUCCESS] bvid=BV1F1QcBAEeT 已成功抓取全部所需数据。
[2026-04-14 04:13:50] [SUCCESS] bvid=BV13wQwBHEm5 已成功抓取全部所需数据。
[2026-04-14 04:13:56] [SUCCESS] bvid=BV1GwQwBHENb 已成功抓取全部所需数据。
[2026-04-14 04:14:01] [SUCCESS] bvid=BV1hAQwBSEiC 已成功抓取全部所需数据。
[2026-04-14 04:14:06] [SUCCESS] bvid=BV1iXQcB4ETA 已成功抓取全部所需数据。
[2026-04-14 04:14:11] [SUCCESS] bvid=BV1F2QcBaEcq 已成功抓取全部所需数据。
[2026-04-14 04:14:16] [SUCCESS] bvid=BV193DfB2ERm 已成功抓取全部所需数据。
[2026-04-14 04:14:21] [SUCCESS] bvid=BV1B2QcBhEaW 已成功抓取全部所需数据。
[2026-04-14 04:14:26] [SUCCESS] bvid=BV1B2QcBhETL 已成功抓取全部所需数据。
[2026-04-14 04:14:32] [SUCCESS] bvid=BV1B2QcBhEGo 已成功抓取全部所需数据。
[2026-04-14 04:14:38] [SUCCESS] bvid=BV1iUQcBFE1i 已成功抓取全部所需数据。
[2026-04-14 04:14:43] [SUCCESS] bvid=BV1B2QcBhEWU 已成功抓取全部所需数据。
[2026-04-14 04:14:48] [SUCCESS] bvid=BV1EKDbBzEYc 已成功抓取全部所需数据。
[2026-04-14 04:14:53] [SUCCESS] bvid=BV1R3QcBsExK 已成功抓取全部所需数据。
[2026-04-14 04:14:59] [SUCCESS] bvid=BV1iSQcBbEfg 已成功抓取全部所需数据。
[2026-04-14 04:15:03] [SUCCESS] bvid=BV1fKDbBBE3T 已成功抓取全部所需数据。
[2026-04-14 04:15:08] [SUCCESS] bvid=BV1nwDbBGEaa 已成功抓取全部所需数据。
[2026-04-14 04:15:13] [SUCCESS] bvid=BV1qUQcBFEhK 已成功抓取全部所需数据。
[2026-04-14 04:15:18] [SUCCESS] bvid=BV1BUQcBFE7x 已成功抓取全部所需数据。
[2026-04-14 04:15:18] [WARN] 当前子任务已结束，但仍有未成功抓取的视频，已导出 remaining CSV 供继续执行。
[2026-04-14 04:15:18] [INFO] 已导出剔除成功条目后的剩余 CSV：D:\Schoolworks\Thesis\Bilibili-Datahub\outputs\video_data\manual_crawls\manual_crawl_stat_comment_20260413_211529\remaining_bvids_part_20.csv
[2026-04-14 04:15:18] 子任务结束时间：2026-04-14T04:15:18.149850
[TIMESTAMP][END] 2026-04-14T04:15:18
