[TIMESTAMP][BEGIN] 2026-04-14T02:24:18
[2026-04-14 02:24:20] 开始执行 CSV 批量抓取子任务 part_13。
[2026-04-14 02:24:20] 子任务开始时间：2026-04-14T02:24:18.092082
[2026-04-14 02:24:20] 输入文件：batch_input_13.csv
[2026-04-14 02:24:20] 输入唯一 bvid 数量：100
[2026-04-14 02:24:20] 为严格按 CSV 顺序判断连续失败阈值，本次任务自动将并发度从 2 调整为 1。
[2026-04-14 02:24:25] [SUCCESS] bvid=BV1pCDkBDEEu 已成功抓取全部所需数据。
[2026-04-14 02:24:30] [SUCCESS] bvid=BV1PCDkBQEwJ 已成功抓取全部所需数据。
[2026-04-14 02:24:36] [SUCCESS] bvid=BV1pCDkBDEE6 已成功抓取全部所需数据。
[2026-04-14 02:24:42] [SUCCESS] bvid=BV1ERDkBVEMK 已成功抓取全部所需数据。
[2026-04-14 02:24:48] [SUCCESS] bvid=BV1FXDkB1EHD 已成功抓取全部所需数据。
[2026-04-14 02:25:00] [SUCCESS] bvid=BV17XDkByEmn 已成功抓取全部所需数据。
[2026-04-14 02:25:13] [SUCCESS] bvid=BV17XDkByE3d 已成功抓取全部所需数据。
[2026-04-14 02:25:17] [SUCCESS] bvid=BV1w1DkBnE6r 已成功抓取全部所需数据。
[2026-04-14 02:25:23] [SUCCESS] bvid=BV1H1DkBJEJd 已成功抓取全部所需数据。
[2026-04-14 02:25:28] [SUCCESS] bvid=BV1zXDkByEJ9 已成功抓取全部所需数据。
[2026-04-14 02:25:34] [SUCCESS] bvid=BV1EXDkByEPh 已成功抓取全部所需数据。
[2026-04-14 02:25:39] [SUCCESS] bvid=BV1BXDkByEqX 已成功抓取全部所需数据。
[2026-04-14 02:25:44] [SUCCESS] bvid=BV1jRDkBVEoS 已成功抓取全部所需数据。
[2026-04-14 02:25:56] [SUCCESS] bvid=BV1JXDkByEPa 已成功抓取全部所需数据。
[2026-04-14 02:26:01] [SUCCESS] bvid=BV1BRDkBVEQy 已成功抓取全部所需数据。
[2026-04-14 02:26:07] [SUCCESS] bvid=BV1ERDkBVEr5 已成功抓取全部所需数据。
[2026-04-14 02:26:12] [SUCCESS] bvid=BV1YMQMB6EPL 已成功抓取全部所需数据。
[2026-04-14 02:26:24] [SUCCESS] bvid=BV1ZzQMBJEfb 已成功抓取全部所需数据。
[2026-04-14 02:26:28] [SUCCESS] bvid=BV1JYQKB1EbU 已成功抓取全部所需数据。
[2026-04-14 02:26:33] [SUCCESS] bvid=BV1jiQKBCECA 已成功抓取全部所需数据。
[2026-04-14 02:26:39] [SUCCESS] bvid=BV19CDCBzEiG 已成功抓取全部所需数据。
[2026-04-14 02:26:45] [SUCCESS] bvid=BV1A4DCBHEiL 已成功抓取全部所需数据。
[2026-04-14 02:26:50] [SUCCESS] bvid=BV17RDkBVEsR 已成功抓取全部所需数据。
[2026-04-14 02:26:55] [SUCCESS] bvid=BV1ERDkBVEnu 已成功抓取全部所需数据。
[2026-04-14 02:27:01] [SUCCESS] bvid=BV1kWDCBWE2s 已成功抓取全部所需数据。
[2026-04-14 02:27:05] [SUCCESS] bvid=BV1nSDkB2Eto 已成功抓取全部所需数据。
[2026-04-14 02:27:10] [SUCCESS] bvid=BV1EQDkBLEZG 已成功抓取全部所需数据。
[2026-04-14 02:27:21] [SUCCESS] bvid=BV1zQDkBLErK 已成功抓取全部所需数据。
[2026-04-14 02:27:27] [SUCCESS] bvid=BV1FQDkBjESa 已成功抓取全部所需数据。
[2026-04-14 02:27:32] [SUCCESS] bvid=BV1cQDkBjENF 已成功抓取全部所需数据。
[2026-04-14 02:27:37] [SUCCESS] bvid=BV1EQDkBLEhb 已成功抓取全部所需数据。
[2026-04-14 02:27:50] [SUCCESS] bvid=BV16QDkBLEtR 已成功抓取全部所需数据。
[2026-04-14 02:28:03] [SUCCESS] bvid=BV1nQDkBLEFx 已成功抓取全部所需数据。
[2026-04-14 02:28:08] [SUCCESS] bvid=BV1PWDCBWEvU 已成功抓取全部所需数据。
[2026-04-14 02:28:14] [SUCCESS] bvid=BV1UXDCBYEUs 已成功抓取全部所需数据。
[2026-04-14 02:28:19] [SUCCESS] bvid=BV1PWDCBWEeX 已成功抓取全部所需数据。
[2026-04-14 02:28:24] [SUCCESS] bvid=BV1xHDCBREVD 已成功抓取全部所需数据。
[2026-04-14 02:28:29] [SUCCESS] bvid=BV1WWDCBWEB1 已成功抓取全部所需数据。
[2026-04-14 02:28:34] [SUCCESS] bvid=BV1snDCBxE87 已成功抓取全部所需数据。
[2026-04-14 02:28:45] [SUCCESS] bvid=BV1wsDCBXEzq 已成功抓取全部所需数据。
[2026-04-14 02:28:51] [SUCCESS] bvid=BV1WsDCBXE6x 已成功抓取全部所需数据。
[2026-04-14 02:28:57] [SUCCESS] bvid=BV1ggDCBAEWx 已成功抓取全部所需数据。
[2026-04-14 02:29:02] [SUCCESS] bvid=BV1wsDCBXEzc 已成功抓取全部所需数据。
[2026-04-14 02:29:07] [SUCCESS] bvid=BV1WnDCBxECZ 已成功抓取全部所需数据。
[2026-04-14 02:29:12] [SUCCESS] bvid=BV1PnDCBxEDd 已成功抓取全部所需数据。
[2026-04-14 02:29:18] [SUCCESS] bvid=BV12nDCBxEjB 已成功抓取全部所需数据。
[2026-04-14 02:29:22] [SUCCESS] bvid=BV1xnDCBxEDH 已成功抓取全部所需数据。
[2026-04-14 02:29:28] [SUCCESS] bvid=BV1rtDCBDEW7 已成功抓取全部所需数据。
[2026-04-14 02:29:33] [SUCCESS] bvid=BV151DCBuEEt 已成功抓取全部所需数据。
[2026-04-14 02:29:39] [SUCCESS] bvid=BV1fEQuBXEqx 已成功抓取全部所需数据。
[2026-04-14 02:29:44] [SUCCESS] bvid=BV1PUDZBYEVw 已成功抓取全部所需数据。
[2026-04-14 02:29:50] [SUCCESS] bvid=BV1vTQMB3EjB 已成功抓取全部所需数据。
[2026-04-14 02:29:57] [SUCCESS] bvid=BV168DCBJEfW 已成功抓取全部所需数据。
[2026-04-14 02:30:09] [SUCCESS] bvid=BV1PHDCBRENL 已成功抓取全部所需数据。
[2026-04-14 02:30:15] [SUCCESS] bvid=BV1NHDCBREJE 已成功抓取全部所需数据。
[2026-04-14 02:30:26] [SUCCESS] bvid=BV1c8DCBJEBq 已成功抓取全部所需数据。
[2026-04-14 02:30:37] [SUCCESS] bvid=BV1rhDCBUENZ 已成功抓取全部所需数据。
[2026-04-14 02:30:42] [SUCCESS] bvid=BV1W7DrBSEBX 已成功抓取全部所需数据。
[2026-04-14 02:30:53] [SUCCESS] bvid=BV1tnQMBaEqb 已成功抓取全部所需数据。
[2026-04-14 02:31:05] [SUCCESS] bvid=BV1PuQuBfE1u 已成功抓取全部所需数据。
[2026-04-14 02:31:11] [SUCCESS] bvid=BV1WtQMBoEoB 已成功抓取全部所需数据。
[2026-04-14 02:31:16] [SUCCESS] bvid=BV1LqQwBtExf 已成功抓取全部所需数据。
[2026-04-14 02:31:21] [SUCCESS] bvid=BV143QwB5EjL 已成功抓取全部所需数据。
[2026-04-14 02:31:27] [SUCCESS] bvid=BV191DCBMEAa 已成功抓取全部所需数据。
[2026-04-14 02:31:31] [SUCCESS] bvid=BV1riDiBwE98 已成功抓取全部所需数据。
[2026-04-14 02:31:37] [SUCCESS] bvid=BV1DSDCBvEK8 已成功抓取全部所需数据。
[2026-04-14 02:31:48] [SUCCESS] bvid=BV1bdQMBBE9p 已成功抓取全部所需数据。
[2026-04-14 02:31:53] [SUCCESS] bvid=BV1TSQwBEEAV 已成功抓取全部所需数据。
[2026-04-14 02:31:58] [SUCCESS] bvid=BV1rQQTBHEQ4 已成功抓取全部所需数据。
[2026-04-14 02:32:17] [SUCCESS] bvid=BV15CDCB6EBS 已成功抓取全部所需数据。
[2026-04-14 02:32:21] [SUCCESS] bvid=BV19MQMB6Ez2 已成功抓取全部所需数据。
[2026-04-14 02:32:33] [SUCCESS] bvid=BV1RkDCBgEoo 已成功抓取全部所需数据。
[2026-04-14 02:32:38] [SUCCESS] bvid=BV1McSQBEE71 已成功抓取全部所需数据。
[2026-04-14 02:32:43] [SUCCESS] bvid=BV1vPQMBVEEX 已成功抓取全部所需数据。
[2026-04-14 02:32:47] [SUCCESS] bvid=BV1HrD6B5EkV 已成功抓取全部所需数据。
[2026-04-14 02:32:59] [SUCCESS] bvid=BV1SQDCBPEbS 已成功抓取全部所需数据。
[2026-04-14 02:33:04] [SUCCESS] bvid=BV1gjQMBKEEq 已成功抓取全部所需数据。
[2026-04-14 02:33:09] [SUCCESS] bvid=BV1bdDCBaEhK 已成功抓取全部所需数据。
[2026-04-14 02:33:14] [SUCCESS] bvid=BV1r4DCBHEpb 已成功抓取全部所需数据。
[2026-04-14 02:33:19] [SUCCESS] bvid=BV1c6DfBZEcD 已成功抓取全部所需数据。
[2026-04-14 02:33:25] [SUCCESS] bvid=BV1chDCBUEw3 已成功抓取全部所需数据。
[2026-04-14 02:33:37] [SUCCESS] bvid=BV1chDCBUEbT 已成功抓取全部所需数据。
[2026-04-14 02:33:42] [SUCCESS] bvid=BV1nhDCBUEoa 已成功抓取全部所需数据。
[2026-04-14 02:33:47] [SUCCESS] bvid=BV1FtDCBDEr3 已成功抓取全部所需数据。
[2026-04-14 02:33:52] [SUCCESS] bvid=BV1AFQABrEwN 已成功抓取全部所需数据。
[2026-04-14 02:34:04] [SUCCESS] bvid=BV1c4DCBHES4 已成功抓取全部所需数据。
[2026-04-14 02:34:09] [SUCCESS] bvid=BV1c4DCBHEZW 已成功抓取全部所需数据。
[2026-04-14 02:34:14] [SUCCESS] bvid=BV1p4DCBHEgs 已成功抓取全部所需数据。
[2026-04-14 02:34:19] [SUCCESS] bvid=BV1dWQTB6EEd 已成功抓取全部所需数据。
[2026-04-14 02:34:30] [SUCCESS] bvid=BV1F6DfBZEK6 已成功抓取全部所需数据。
[2026-04-14 02:34:35] [SUCCESS] bvid=BV1YFDrBwEpT 已成功抓取全部所需数据。
[2026-04-14 02:34:46] [SUCCESS] bvid=BV1aMDCBeEpP 已成功抓取全部所需数据。
[2026-04-14 02:34:59] [SUCCESS] bvid=BV1ntDCBDE3E 已成功抓取全部所需数据。
[2026-04-14 02:35:10] [SUCCESS] bvid=BV1g3DCBaEsR 已成功抓取全部所需数据。
[2026-04-14 02:35:22] [SUCCESS] bvid=BV1wtDCBDEqg 已成功抓取全部所需数据。
[2026-04-14 02:35:34] [SUCCESS] bvid=BV1g3DCBaEWw 已成功抓取全部所需数据。
[2026-04-14 02:35:46] [SUCCESS] bvid=BV1ntDCBDEUF 已成功抓取全部所需数据。
[2026-04-14 02:35:51] [SUCCESS] bvid=BV12EDCBoE17 已成功抓取全部所需数据。
[2026-04-14 02:35:56] [SUCCESS] bvid=BV183DCBaEkC 已成功抓取全部所需数据。
[2026-04-14 02:36:08] [SUCCESS] bvid=BV1u3DCBaEHV 已成功抓取全部所需数据。
[2026-04-14 02:36:08] [INFO] 当前 batch_crawl 已完成，所有视频均已成功抓取。
[2026-04-14 02:36:08] 子任务结束时间：2026-04-14T02:36:08.544847
[TIMESTAMP][END] 2026-04-14T02:36:08
