[TIMESTAMP][BEGIN] 2026-04-14T08:55:52
[2026-04-14 08:55:55] 开始执行 CSV 批量抓取子任务 part_45。
[2026-04-14 08:55:55] 子任务开始时间：2026-04-14T08:55:52.626621
[2026-04-14 08:55:55] 输入文件：batch_input_45.csv
[2026-04-14 08:55:55] 输入唯一 bvid 数量：100
[2026-04-14 08:55:55] 为严格按 CSV 顺序判断连续失败阈值，本次任务自动将并发度从 2 调整为 1。
[2026-04-14 08:56:00] [SUCCESS] bvid=BV1FWDjBzEUA 已成功抓取全部所需数据。
[2026-04-14 08:56:06] [SUCCESS] bvid=BV1euDiBSE9V 已成功抓取全部所需数据。
[2026-04-14 08:56:13] [SUCCESS] bvid=BV1c3DgBWExG 已成功抓取全部所需数据。
[2026-04-14 08:56:19] [SUCCESS] bvid=BV1eYDjBaEpx 已成功抓取全部所需数据。
[2026-04-14 08:56:24] [SUCCESS] bvid=BV1vaDjBAEfH 已成功抓取全部所需数据。
[2026-04-14 08:56:30] [SUCCESS] bvid=BV1eYDjBaE64 已成功抓取全部所需数据。
[2026-04-14 08:56:35] [SUCCESS] bvid=BV1eYDjBaEZm 已成功抓取全部所需数据。
[2026-04-14 08:56:40] [SUCCESS] bvid=BV1BbDjBNE7F 已成功抓取全部所需数据。
[2026-04-14 08:56:51] [SUCCESS] bvid=BV1eYDjBaEmg 已成功抓取全部所需数据。
[2026-04-14 08:56:57] [SUCCESS] bvid=BV1q8DjBeEgB 已成功抓取全部所需数据。
[2026-04-14 08:57:03] [SUCCESS] bvid=BV1jbDjBKE9A 已成功抓取全部所需数据。
[2026-04-14 08:57:08] [SUCCESS] bvid=BV1L8DjBvER1 已成功抓取全部所需数据。
[2026-04-14 08:57:13] [SUCCESS] bvid=BV1q8DjBeETM 已成功抓取全部所需数据。
[2026-04-14 08:57:24] [SUCCESS] bvid=BV1eoD6BPELV 已成功抓取全部所需数据。
[2026-04-14 08:57:30] [SUCCESS] bvid=BV1joD6BPEFs 已成功抓取全部所需数据。
[2026-04-14 08:57:35] [SUCCESS] bvid=BV15ZD6BYEUb 已成功抓取全部所需数据。
[2026-04-14 08:57:46] [SUCCESS] bvid=BV1RZD6BYEye 已成功抓取全部所需数据。
[2026-04-14 08:57:57] [SUCCESS] bvid=BV1j9D6BKEJP 已成功抓取全部所需数据。
[2026-04-14 08:58:03] [SUCCESS] bvid=BV1cEDzB3E2B 已成功抓取全部所需数据。
[2026-04-14 08:58:09] [SUCCESS] bvid=BV1q9D6BKEpb 已成功抓取全部所需数据。
[2026-04-14 08:58:14] [SUCCESS] bvid=BV179D6BKEAL 已成功抓取全部所需数据。
[2026-04-14 08:58:19] [SUCCESS] bvid=BV1o9D6BKEkK 已成功抓取全部所需数据。
[2026-04-14 08:58:24] [SUCCESS] bvid=BV1q9D6BKEWq 已成功抓取全部所需数据。
[2026-04-14 08:58:29] [SUCCESS] bvid=BV1jRD6BvEpH 已成功抓取全部所需数据。
[2026-04-14 08:58:40] [SUCCESS] bvid=BV1DEDiBCEwE 已成功抓取全部所需数据。
[2026-04-14 08:58:46] [SUCCESS] bvid=BV1dRD6BvEfE 已成功抓取全部所需数据。
[2026-04-14 08:58:57] [SUCCESS] bvid=BV1LRD6BvEsF 已成功抓取全部所需数据。
[2026-04-14 08:59:02] [SUCCESS] bvid=BV1aADrBFEMw 已成功抓取全部所需数据。
[2026-04-14 08:59:07] [SUCCESS] bvid=BV1GADrBFEFs 已成功抓取全部所需数据。
[2026-04-14 08:59:13] [SUCCESS] bvid=BV1GADrBFEf1 已成功抓取全部所需数据。
[2026-04-14 08:59:26] [SUCCESS] bvid=BV1gPDrBbE1e 已成功抓取全部所需数据。
[2026-04-14 08:59:31] [SUCCESS] bvid=BV13PDrBbEQr 已成功抓取全部所需数据。
[2026-04-14 08:59:42] [SUCCESS] bvid=BV13PDrBbEh5 已成功抓取全部所需数据。
[2026-04-14 08:59:47] [SUCCESS] bvid=BV16yD6BGE29 已成功抓取全部所需数据。
[2026-04-14 08:59:59] [SUCCESS] bvid=BV15FDrBwE5L 已成功抓取全部所需数据。
[2026-04-14 09:00:05] [SUCCESS] bvid=BV1GcDrBhEjK 已成功抓取全部所需数据。
[2026-04-14 09:00:10] [SUCCESS] bvid=BV1YFDrBwEJu 已成功抓取全部所需数据。
[2026-04-14 09:00:15] [SUCCESS] bvid=BV1ecDrBhEAu 已成功抓取全部所需数据。
[2026-04-14 09:00:21] [SUCCESS] bvid=BV1VcDrBhEuh 已成功抓取全部所需数据。
[2026-04-14 09:00:26] [SUCCESS] bvid=BV1VcDrBhEnP 已成功抓取全部所需数据。
[2026-04-14 09:00:31] [SUCCESS] bvid=BV1GcDrBhE8Q 已成功抓取全部所需数据。
[2026-04-14 09:00:37] [SUCCESS] bvid=BV1J1D6BrEB9 已成功抓取全部所需数据。
[2026-04-14 09:00:42] [SUCCESS] bvid=BV1CrD6B5EJh 已成功抓取全部所需数据。
[2026-04-14 09:00:53] [SUCCESS] bvid=BV1E1D6BrEDk 已成功抓取全部所需数据。
[2026-04-14 09:00:58] [SUCCESS] bvid=BV1n1D6BrEyY 已成功抓取全部所需数据。
[2026-04-14 09:01:04] [SUCCESS] bvid=BV1ArD6BLE6C 已成功抓取全部所需数据。
[2026-04-14 09:01:15] [SUCCESS] bvid=BV1HrD6B5E27 已成功抓取全部所需数据。
[2026-04-14 09:01:26] [SUCCESS] bvid=BV1ckD6ByE5x 已成功抓取全部所需数据。
[2026-04-14 09:01:32] [SUCCESS] bvid=BV1BDD6BMEBi 已成功抓取全部所需数据。
[2026-04-14 09:01:37] [SUCCESS] bvid=BV1EDD6BMEWt 已成功抓取全部所需数据。
[2026-04-14 09:01:49] [SUCCESS] bvid=BV1fDD6BMEM7 已成功抓取全部所需数据。
[2026-04-14 09:01:54] [SUCCESS] bvid=BV17QD6BqEDe 已成功抓取全部所需数据。
[2026-04-14 09:02:06] [SUCCESS] bvid=BV17QD6BqEku 已成功抓取全部所需数据。
[2026-04-14 09:02:12] [SUCCESS] bvid=BV17QD6BqEQm 已成功抓取全部所需数据。
[2026-04-14 09:02:17] [SUCCESS] bvid=BV1EQD6BqE3n 已成功抓取全部所需数据。
[2026-04-14 09:02:23] [SUCCESS] bvid=BV1EmD6BgEeA 已成功抓取全部所需数据。
[2026-04-14 09:02:29] [SUCCESS] bvid=BV1JUD6BzEtA 已成功抓取全部所需数据。
[2026-04-14 09:02:35] [SUCCESS] bvid=BV1pnDrBmE51 已成功抓取全部所需数据。
[2026-04-14 09:02:40] [SUCCESS] bvid=BV1HJDzB6Ept 已成功抓取全部所需数据。
[2026-04-14 09:02:45] [SUCCESS] bvid=BV1PnDrBmETF 已成功抓取全部所需数据。
[2026-04-14 09:02:51] [SUCCESS] bvid=BV1wnDrBmEEy 已成功抓取全部所需数据。
[2026-04-14 09:03:02] [SUCCESS] bvid=BV1ZEDvB9Ey5 已成功抓取全部所需数据。
[2026-04-14 09:03:14] [SUCCESS] bvid=BV17iDuB7Erm 已成功抓取全部所需数据。
[2026-04-14 09:03:20] [SUCCESS] bvid=BV1ApDrBjEx9 已成功抓取全部所需数据。
[2026-04-14 09:03:37] [SUCCESS] bvid=BV1CpDrBjEBN 已成功抓取全部所需数据。
[2026-04-14 09:03:48] [SUCCESS] bvid=BV1s7DrBSEbD 已成功抓取全部所需数据。
[2026-04-14 09:03:54] [SUCCESS] bvid=BV1ugDrBsEss 已成功抓取全部所需数据。
[2026-04-14 09:04:11] [SUCCESS] bvid=BV1PJDrBEEyF 已成功抓取全部所需数据。
[2026-04-14 09:04:23] [SUCCESS] bvid=BV1sJDrBEEes 已成功抓取全部所需数据。
[2026-04-14 09:04:29] [SUCCESS] bvid=BV1F4DrBCE5L 已成功抓取全部所需数据。
[2026-04-14 09:04:47] [SUCCESS] bvid=BV1AWDrB1EAd 已成功抓取全部所需数据。
[2026-04-14 09:04:53] [SUCCESS] bvid=BV1FbDrBGEW1 已成功抓取全部所需数据。
[2026-04-14 09:04:58] [SUCCESS] bvid=BV1cWDrB1Eia 已成功抓取全部所需数据。
[2026-04-14 09:05:09] [SUCCESS] bvid=BV1wWDrB1E9y 已成功抓取全部所需数据。
[2026-04-14 09:05:14] [SUCCESS] bvid=BV1gTDrB4Eqp 已成功抓取全部所需数据。
[2026-04-14 09:05:19] [SUCCESS] bvid=BV1gMDrBdEPp 已成功抓取全部所需数据。
[2026-04-14 09:05:24] [SUCCESS] bvid=BV1uMDrBdErD 已成功抓取全部所需数据。
[2026-04-14 09:05:29] [SUCCESS] bvid=BV1bgDrBsE69 已成功抓取全部所需数据。
[2026-04-14 09:05:34] [SUCCESS] bvid=BV1hTDrB4E7x 已成功抓取全部所需数据。
[2026-04-14 09:05:46] [SUCCESS] bvid=BV1gTDrB4EZo 已成功抓取全部所需数据。
[2026-04-14 09:05:52] [SUCCESS] bvid=BV1K5DrBQE43 已成功抓取全部所需数据。
[2026-04-14 09:06:03] [SUCCESS] bvid=BV1gTDrB4Eae 已成功抓取全部所需数据。
[2026-04-14 09:06:08] [SUCCESS] bvid=BV1K5DrBQEZz 已成功抓取全部所需数据。
[2026-04-14 09:06:14] [SUCCESS] bvid=BV1N5DrBQErs 已成功抓取全部所需数据。
[2026-04-14 09:06:19] [SUCCESS] bvid=BV1N5DrBQEm6 已成功抓取全部所需数据。
[2026-04-14 09:06:24] [SUCCESS] bvid=BV1K5DrBQERc 已成功抓取全部所需数据。
[2026-04-14 09:06:30] [SUCCESS] bvid=BV145DrBQEkr 已成功抓取全部所需数据。
[2026-04-14 09:06:35] [SUCCESS] bvid=BV12zDYBaEEL 已成功抓取全部所需数据。
[2026-04-14 09:06:40] [SUCCESS] bvid=BV14VDrBpEXZ 已成功抓取全部所需数据。
[2026-04-14 09:06:45] [SUCCESS] bvid=BV1M3DrB9ETX 已成功抓取全部所需数据。
[2026-04-14 09:06:50] [SUCCESS] bvid=BV1FpDzBBEK3 已成功抓取全部所需数据。
[2026-04-14 09:06:56] [SUCCESS] bvid=BV1TVDrBpEqG 已成功抓取全部所需数据。
[2026-04-14 09:07:01] [SUCCESS] bvid=BV1YTDeBVE7A 已成功抓取全部所需数据。
[2026-04-14 09:07:06] [SUCCESS] bvid=BV12dDrBXEDP 已成功抓取全部所需数据。
[2026-04-14 09:07:11] [SUCCESS] bvid=BV1tVDrBpEe5 已成功抓取全部所需数据。
[2026-04-14 09:07:16] [SUCCESS] bvid=BV1D1DrB8EDa 已成功抓取全部所需数据。
[2026-04-14 09:07:22] [SUCCESS] bvid=BV1Q1DrB8EfT 已成功抓取全部所需数据。
[2026-04-14 09:07:27] [SUCCESS] bvid=BV1Q1DrB8EK9 已成功抓取全部所需数据。
[2026-04-14 09:07:32] [SUCCESS] bvid=BV1Q1DrB8E8p 已成功抓取全部所需数据。
[2026-04-14 09:07:38] [SUCCESS] bvid=BV1S1DrB8ESS 已成功抓取全部所需数据。
[2026-04-14 09:07:38] [INFO] 当前 batch_crawl 已完成，所有视频均已成功抓取。
[2026-04-14 09:07:38] 子任务结束时间：2026-04-14T09:07:38.036820
[TIMESTAMP][END] 2026-04-14T09:07:38
