[TIMESTAMP][BEGIN] 2026-04-14T04:36:16
[2026-04-14 04:36:24] 开始执行 CSV 批量抓取子任务 part_23。
[2026-04-14 04:36:24] 子任务开始时间：2026-04-14T04:36:16.392171
[2026-04-14 04:36:24] 输入文件：batch_input_23.csv
[2026-04-14 04:36:24] 输入唯一 bvid 数量：100
[2026-04-14 04:36:24] 为严格按 CSV 顺序判断连续失败阈值，本次任务自动将并发度从 2 调整为 1。
[2026-04-14 04:36:30] [SUCCESS] bvid=BV1s5QwBGEjv 已成功抓取全部所需数据。
[2026-04-14 04:36:35] [SUCCESS] bvid=BV1WfDrBQEEv 已成功抓取全部所需数据。
[2026-04-14 04:36:41] [SUCCESS] bvid=BV1x5QwBGECG 已成功抓取全部所需数据。
[2026-04-14 04:36:46] [SUCCESS] bvid=BV125QwBGEVU 已成功抓取全部所需数据。
[2026-04-14 04:36:51] [SUCCESS] bvid=BV1P5QwBVEYF 已成功抓取全部所需数据。
[2026-04-14 04:36:57] [SUCCESS] bvid=BV1yfDrBQEvG 已成功抓取全部所需数据。
[2026-04-14 04:37:02] [SUCCESS] bvid=BV18yQwBQEtd 已成功抓取全部所需数据。
[2026-04-14 04:37:08] [SUCCESS] bvid=BV1EHQFBfEDt 已成功抓取全部所需数据。
[2026-04-14 04:37:19] [SUCCESS] bvid=BV1CfDrBDEZ9 已成功抓取全部所需数据。
[2026-04-14 04:37:25] [SUCCESS] bvid=BV1x5QwBVERf 已成功抓取全部所需数据。
[2026-04-14 04:37:44] [SUCCESS] bvid=BV1CLQwBrEjZ 已成功抓取全部所需数据。
[2026-04-14 04:37:49] [SUCCESS] bvid=BV1CLQwBrERe 已成功抓取全部所需数据。
[2026-04-14 04:37:54] [SUCCESS] bvid=BV12XQwBjEXp 已成功抓取全部所需数据。
[2026-04-14 04:37:59] [SUCCESS] bvid=BV1PfDrBQEHr 已成功抓取全部所需数据。
[2026-04-14 04:38:10] [SUCCESS] bvid=BV1fKDbBBEKC 已成功抓取全部所需数据。
[2026-04-14 04:38:22] [SUCCESS] bvid=BV1znQFB8EUh 已成功抓取全部所需数据。
[2026-04-14 04:38:34] [SUCCESS] bvid=BV1rjDxBNEWd 已成功抓取全部所需数据。
[2026-04-14 04:38:39] [SUCCESS] bvid=BV1d8DjBeEpB 已成功抓取全部所需数据。
[2026-04-14 04:38:44] [SUCCESS] bvid=BV1oPDfBHEHq 已成功抓取全部所需数据。
[2026-04-14 04:38:50] [SUCCESS] bvid=BV15YQFBHEQL 已成功抓取全部所需数据。
[2026-04-14 04:38:55] [SUCCESS] bvid=BV1WLQwBrEpE 已成功抓取全部所需数据。
[2026-04-14 04:39:07] [SUCCESS] bvid=BV1CLQwBrEdG 已成功抓取全部所需数据。
[2026-04-14 04:39:12] [SUCCESS] bvid=BV1pLQwBrEQH 已成功抓取全部所需数据。
[2026-04-14 04:39:17] [SUCCESS] bvid=BV1tmQwBSEV1 已成功抓取全部所需数据。
[2026-04-14 04:39:22] [SUCCESS] bvid=BV1bmQwBSEwS 已成功抓取全部所需数据。
[2026-04-14 04:39:28] [SUCCESS] bvid=BV1xLQwBrEPY 已成功抓取全部所需数据。
[2026-04-14 04:39:33] [SUCCESS] bvid=BV1tDQwBmEzK 已成功抓取全部所需数据。
[2026-04-14 04:39:38] [SUCCESS] bvid=BV18mQwBSEs4 已成功抓取全部所需数据。
[2026-04-14 04:39:43] [SUCCESS] bvid=BV1MmQwBSEaq 已成功抓取全部所需数据。
[2026-04-14 04:39:49] [SUCCESS] bvid=BV1TyDZBKE2i 已成功抓取全部所需数据。
[2026-04-14 04:40:00] [SUCCESS] bvid=BV1umQwBSE85 已成功抓取全部所需数据。
[2026-04-14 04:40:06] [SUCCESS] bvid=BV1uSQwBEE5G 已成功抓取全部所需数据。
[2026-04-14 04:40:11] [SUCCESS] bvid=BV1TSQwBEE8e 已成功抓取全部所需数据。
[2026-04-14 04:40:17] [SUCCESS] bvid=BV1HJQFBcEGk 已成功抓取全部所需数据。
[2026-04-14 04:40:22] [SUCCESS] bvid=BV1MSQwBEERb 已成功抓取全部所需数据。
[2026-04-14 04:40:28] [SUCCESS] bvid=BV1MSQwBEEkD 已成功抓取全部所需数据。
[2026-04-14 04:40:46] [SUCCESS] bvid=BV1ZND4BhEYC 已成功抓取全部所需数据。
[2026-04-14 04:40:52] [SUCCESS] bvid=BV1ncQcBAEMK 已成功抓取全部所需数据。
[2026-04-14 04:40:58] [SUCCESS] bvid=BV1N9QwB1EZN 已成功抓取全部所需数据。
[2026-04-14 04:41:03] [SUCCESS] bvid=BV1QyQwBQEVu 已成功抓取全部所需数据。
[2026-04-14 04:41:08] [SUCCESS] bvid=BV1aiQFBJEy5 已成功抓取全部所需数据。
[2026-04-14 04:41:14] [SUCCESS] bvid=BV1MCQFByEWc 已成功抓取全部所需数据。
[2026-04-14 04:41:25] [SUCCESS] bvid=BV1D2QwBnEts 已成功抓取全部所需数据。
[2026-04-14 04:41:37] [SUCCESS] bvid=BV1M2QwBnEfh 已成功抓取全部所需数据。
[2026-04-14 04:41:50] [SUCCESS] bvid=BV13yQwBQEKz 已成功抓取全部所需数据。
[2026-04-14 04:41:56] [SUCCESS] bvid=BV1M2QwBnEXv 已成功抓取全部所需数据。
[2026-04-14 04:42:01] [SUCCESS] bvid=BV1u2QwBnEhK 已成功抓取全部所需数据。
[2026-04-14 04:42:13] [SUCCESS] bvid=BV1D2QwBnEge 已成功抓取全部所需数据。
[2026-04-14 04:42:31] [SUCCESS] bvid=BV1g2QwBnEGg 已成功抓取全部所需数据。
[2026-04-14 04:42:37] [SUCCESS] bvid=BV1u2QwBnENk 已成功抓取全部所需数据。
[2026-04-14 04:42:43] [SUCCESS] bvid=BV1EyDLBKECE 已成功抓取全部所需数据。
[2026-04-14 04:42:49] [SUCCESS] bvid=BV113DtBjEKz 已成功抓取全部所需数据。
[2026-04-14 04:42:54] [SUCCESS] bvid=BV1KXQwBjEQi 已成功抓取全部所需数据。
[2026-04-14 04:42:59] [SUCCESS] bvid=BV1N9QwB1EWF 已成功抓取全部所需数据。
[2026-04-14 04:43:05] [SUCCESS] bvid=BV1HgDWBhEZh 已成功抓取全部所需数据。
[2026-04-14 04:43:10] [SUCCESS] bvid=BV1N9QwB1EJM 已成功抓取全部所需数据。
[2026-04-14 04:43:15] [SUCCESS] bvid=BV1HgDWBhExB 已成功抓取全部所需数据。
[2026-04-14 04:43:27] [SUCCESS] bvid=BV1qBDpBpEQr 已成功抓取全部所需数据。
[2026-04-14 04:43:40] [SUCCESS] bvid=BV1HgDWBhEUD 已成功抓取全部所需数据。
[2026-04-14 04:43:45] [SUCCESS] bvid=BV1UDQwBmETu 已成功抓取全部所需数据。
[2026-04-14 04:43:51] [SUCCESS] bvid=BV1qBDpBpEeE 已成功抓取全部所需数据。
[2026-04-14 04:44:02] [SUCCESS] bvid=BV1N9QwB1EE1 已成功抓取全部所需数据。
[2026-04-14 04:44:08] [SUCCESS] bvid=BV1xdQwB5E8i 已成功抓取全部所需数据。
[2026-04-14 04:44:13] [SUCCESS] bvid=BV1N9QwB1EnQ 已成功抓取全部所需数据。
[2026-04-14 04:44:25] [SUCCESS] bvid=BV149QwB1Ewq 已成功抓取全部所需数据。
[2026-04-14 04:44:30] [SUCCESS] bvid=BV1x9QwB1EGd 已成功抓取全部所需数据。
[2026-04-14 04:44:35] [SUCCESS] bvid=BV1sdQwB5Ehv 已成功抓取全部所需数据。
[2026-04-14 04:44:41] [SUCCESS] bvid=BV1NdQwB5ERt 已成功抓取全部所需数据。
[2026-04-14 04:44:52] [SUCCESS] bvid=BV1E7DZB9EZZ 已成功抓取全部所需数据。
[2026-04-14 04:44:57] [SUCCESS] bvid=BV1xUDxBVEnr 已成功抓取全部所需数据。
[2026-04-14 04:45:02] [SUCCESS] bvid=BV1H7QFBaERp 已成功抓取全部所需数据。
[2026-04-14 04:45:08] [SUCCESS] bvid=BV1N9QwB1EhM 已成功抓取全部所需数据。
[2026-04-14 04:45:13] [SUCCESS] bvid=BV1N9QwB1Ezn 已成功抓取全部所需数据。
[2026-04-14 04:45:25] [SUCCESS] bvid=BV1NdQwB5EVy 已成功抓取全部所需数据。
[2026-04-14 04:45:30] [SUCCESS] bvid=BV1TXQwBjEP9 已成功抓取全部所需数据。
[2026-04-14 04:45:36] [SUCCESS] bvid=BV1NdQwB5E9U 已成功抓取全部所需数据。
[2026-04-14 04:45:48] [SUCCESS] bvid=BV1UDQwBmEbc 已成功抓取全部所需数据。
[2026-04-14 04:45:53] [SUCCESS] bvid=BV1NdQwB5Ekx 已成功抓取全部所需数据。
[2026-04-14 04:46:06] [SUCCESS] bvid=BV17YQwBcEv1 已成功抓取全部所需数据。
[2026-04-14 04:46:11] [SUCCESS] bvid=BV15qQwB4EtX 已成功抓取全部所需数据。
[2026-04-14 04:46:17] [SUCCESS] bvid=BV1SVDpBzETq 已成功抓取全部所需数据。
[2026-04-14 04:46:22] [SUCCESS] bvid=BV17cDsB4Evc 已成功抓取全部所需数据。
[2026-04-14 04:46:33] [SUCCESS] bvid=BV1qZDWB4EkE 已成功抓取全部所需数据。
[2026-04-14 04:46:39] [SUCCESS] bvid=BV1dZD6BYE5w 已成功抓取全部所需数据。
[2026-04-14 04:46:44] [SUCCESS] bvid=BV1xyDWBMEco 已成功抓取全部所需数据。
[2026-04-14 04:46:50] [SUCCESS] bvid=BV1GqQFBUEU1 已成功抓取全部所需数据。
[2026-04-14 04:46:55] [SUCCESS] bvid=BV1VeQFBDEaA 已成功抓取全部所需数据。
[2026-04-14 04:47:00] [SUCCESS] bvid=BV1pDDWBPEUi 已成功抓取全部所需数据。
[2026-04-14 04:47:06] [SUCCESS] bvid=BV14NQFB6EWu 已成功抓取全部所需数据。
[2026-04-14 04:47:11] [SUCCESS] bvid=BV1RWDYBkEaD 已成功抓取全部所需数据。
[2026-04-14 04:47:17] [SUCCESS] bvid=BV1FkDfB4EG1 已成功抓取全部所需数据。
[2026-04-14 04:47:22] [SUCCESS] bvid=BV1i2DfBXEhq 已成功抓取全部所需数据。
[2026-04-14 04:47:27] [SUCCESS] bvid=BV15eQwBbEqZ 已成功抓取全部所需数据。
[2026-04-14 04:47:39] [SUCCESS] bvid=BV19GQcB9ECJ 已成功抓取全部所需数据。
[2026-04-14 04:47:44] [SUCCESS] bvid=BV1fPQcBFEQo 已成功抓取全部所需数据。
[2026-04-14 04:47:49] [SUCCESS] bvid=BV1AYDsBvEYZ 已成功抓取全部所需数据。
[2026-04-14 04:48:01] [SUCCESS] bvid=BV15GQcBREHj 已成功抓取全部所需数据。
[2026-04-14 04:48:07] [SUCCESS] bvid=BV1J7DZB9EkT 已成功抓取全部所需数据。
[2026-04-14 04:48:12] [SUCCESS] bvid=BV1JjDZBsEo7 已成功抓取全部所需数据。
[2026-04-14 04:48:17] [SUCCESS] bvid=BV1TzDWBrEQy 已成功抓取全部所需数据。
[2026-04-14 04:48:17] [INFO] 当前 batch_crawl 已完成，所有视频均已成功抓取。
[2026-04-14 04:48:17] 子任务结束时间：2026-04-14T04:48:17.746303
[TIMESTAMP][END] 2026-04-14T04:48:17
