[TIMESTAMP][BEGIN] 2026-04-14T11:18:43
[2026-04-14 11:18:45] 开始执行 CSV 批量抓取子任务 part_56。
[2026-04-14 11:18:45] 子任务开始时间：2026-04-14T11:18:43.487929
[2026-04-14 11:18:45] 输入文件：batch_input_56.csv
[2026-04-14 11:18:45] 输入唯一 bvid 数量：100
[2026-04-14 11:18:45] 为严格按 CSV 顺序判断连续失败阈值，本次任务自动将并发度从 2 调整为 1。
[2026-04-14 11:18:50] [SUCCESS] bvid=BV1m6DcBrE4W 已成功抓取全部所需数据。
[2026-04-14 11:19:01] [SUCCESS] bvid=BV1wNXeBYEyV 已成功抓取全部所需数据。
[2026-04-14 11:19:06] [SUCCESS] bvid=BV1feXZBfEPf 已成功抓取全部所需数据。
[2026-04-14 11:19:18] [SUCCESS] bvid=BV1feXZBfEfd 已成功抓取全部所需数据。
[2026-04-14 11:19:36] [SUCCESS] bvid=BV1ATDcBNEzL 已成功抓取全部所需数据。
[2026-04-14 11:19:47] [SUCCESS] bvid=BV1VrSZB5EpA 已成功抓取全部所需数据。
[2026-04-14 11:19:53] [SUCCESS] bvid=BV1hhDcBUEGe 已成功抓取全部所需数据。
[2026-04-14 11:20:04] [SUCCESS] bvid=BV16RDcBwEYg 已成功抓取全部所需数据。
[2026-04-14 11:20:22] [SUCCESS] bvid=BV1AZD8BXEQe 已成功抓取全部所需数据。
[2026-04-14 11:20:28] [SUCCESS] bvid=BV1vZDhBrEoc 已成功抓取全部所需数据。
[2026-04-14 11:20:34] [SUCCESS] bvid=BV1FMSfBdEQC 已成功抓取全部所需数据。
[2026-04-14 11:20:39] [SUCCESS] bvid=BV1AADhBJEq7 已成功抓取全部所需数据。
[2026-04-14 11:20:44] [SUCCESS] bvid=BV1NZD8BXE3B 已成功抓取全部所需数据。
[2026-04-14 11:20:49] [SUCCESS] bvid=BV1WZD8BXEfd 已成功抓取全部所需数据。
[2026-04-14 11:21:01] [SUCCESS] bvid=BV1AFDhBHEum 已成功抓取全部所需数据。
[2026-04-14 11:21:12] [SUCCESS] bvid=BV1gRDFBVE6e 已成功抓取全部所需数据。
[2026-04-14 11:21:18] [SUCCESS] bvid=BV1PFDhBHEo8 已成功抓取全部所需数据。
[2026-04-14 11:21:30] [SUCCESS] bvid=BV179DhBLEdH 已成功抓取全部所需数据。
[2026-04-14 11:21:35] [SUCCESS] bvid=BV1PFDhBHEVs 已成功抓取全部所需数据。
[2026-04-14 11:21:46] [SUCCESS] bvid=BV1maDhBbETa 已成功抓取全部所需数据。
[2026-04-14 11:22:04] [SUCCESS] bvid=BV1maDhBbEDN 已成功抓取全部所需数据。
[2026-04-14 11:22:10] [SUCCESS] bvid=BV1baDhB8EDS 已成功抓取全部所需数据。
[2026-04-14 11:22:15] [SUCCESS] bvid=BV1UaDhBbEWZ 已成功抓取全部所需数据。
[2026-04-14 11:22:29] [SUCCESS] bvid=BV1UYDhBZEcm 已成功抓取全部所需数据。
[2026-04-14 11:22:34] [SUCCESS] bvid=BV1UYDhBZEPo 已成功抓取全部所需数据。
[2026-04-14 11:22:45] [SUCCESS] bvid=BV1mYDhBZEVe 已成功抓取全部所需数据。
[2026-04-14 11:22:56] [SUCCESS] bvid=BV1DbDhBhEs4 已成功抓取全部所需数据。
[2026-04-14 11:23:01] [SUCCESS] bvid=BV1ubDhBaE4u 已成功抓取全部所需数据。
[2026-04-14 11:23:06] [SUCCESS] bvid=BV1QbDhBaEge 已成功抓取全部所需数据。
[2026-04-14 11:23:11] [SUCCESS] bvid=BV13bDhBaE5z 已成功抓取全部所需数据。
[2026-04-14 11:23:22] [SUCCESS] bvid=BV1SbDhBhEN7 已成功抓取全部所需数据。
[2026-04-14 11:23:28] [SUCCESS] bvid=BV1SbDhBhEDy 已成功抓取全部所需数据。
[2026-04-14 11:23:32] [SUCCESS] bvid=BV1gbDhBaEEf 已成功抓取全部所需数据。
[2026-04-14 11:23:43] [SUCCESS] bvid=BV1UhDhBFEes 已成功抓取全部所需数据。
[2026-04-14 11:23:48] [SUCCESS] bvid=BV11BDhBsEKK 已成功抓取全部所需数据。
[2026-04-14 11:24:00] [SUCCESS] bvid=BV1qqDFBREzo 已成功抓取全部所需数据。
[2026-04-14 11:24:05] [SUCCESS] bvid=BV1349KBqEYy 已成功抓取全部所需数据。
[2026-04-14 11:24:17] [SUCCESS] bvid=BV1yBDhBsEZu 已成功抓取全部所需数据。
[2026-04-14 11:24:23] [SUCCESS] bvid=BV11zDhB9E3o 已成功抓取全部所需数据。
[2026-04-14 11:24:28] [SUCCESS] bvid=BV1CzDhB9EoA 已成功抓取全部所需数据。
[2026-04-14 11:24:46] [SUCCESS] bvid=BV1PzDhBREQL 已成功抓取全部所需数据。
[2026-04-14 11:24:52] [SUCCESS] bvid=BV1yzDhB9EUT 已成功抓取全部所需数据。
[2026-04-14 11:24:58] [SUCCESS] bvid=BV1CzDhB9EbH 已成功抓取全部所需数据。
[2026-04-14 11:25:10] [SUCCESS] bvid=BV1yzDhB9Ecs 已成功抓取全部所需数据。
[2026-04-14 11:25:21] [SUCCESS] bvid=BV1c3DcBaE9j 已成功抓取全部所需数据。
[2026-04-14 11:25:26] [SUCCESS] bvid=BV1yiDhBdE9n 已成功抓取全部所需数据。
[2026-04-14 11:25:32] [SUCCESS] bvid=BV15JDhBBEZr 已成功抓取全部所需数据。
[2026-04-14 11:25:43] [SUCCESS] bvid=BV1RJDhBqEQj 已成功抓取全部所需数据。
[2026-04-14 11:25:49] [SUCCESS] bvid=BV19HDhBKEQT 已成功抓取全部所需数据。
[2026-04-14 11:25:59] [SUCCESS] bvid=BV19HDhBKEFz 已成功抓取全部所需数据。
[2026-04-14 11:26:04] [SUCCESS] bvid=BV1RHDhBKEMj 已成功抓取全部所需数据。
[2026-04-14 11:26:09] [SUCCESS] bvid=BV1VHDhBTEwv 已成功抓取全部所需数据。
[2026-04-14 11:26:20] [SUCCESS] bvid=BV19HDhBKEB8 已成功抓取全部所需数据。
[2026-04-14 11:26:26] [SUCCESS] bvid=BV1ecDaBzE8p 已成功抓取全部所需数据。
[2026-04-14 11:26:31] [SUCCESS] bvid=BV1buDaBPEDe 已成功抓取全部所需数据。
[2026-04-14 11:26:42] [SUCCESS] bvid=BV1djDhBzEvz 已成功抓取全部所需数据。
[2026-04-14 11:26:55] [SUCCESS] bvid=BV1XHDhBKE9R 已成功抓取全部所需数据。
[2026-04-14 11:27:08] [SUCCESS] bvid=BV1ojDhBzEFr 已成功抓取全部所需数据。
[2026-04-14 11:27:13] [SUCCESS] bvid=BV1djDhBzEf2 已成功抓取全部所需数据。
[2026-04-14 11:27:30] [SUCCESS] bvid=BV1ojDhBzE4S 已成功抓取全部所需数据。
[2026-04-14 11:27:36] [SUCCESS] bvid=BV1jjDhB6ExY 已成功抓取全部所需数据。
[2026-04-14 11:27:42] [SUCCESS] bvid=BV1ojDhBzENV 已成功抓取全部所需数据。
[2026-04-14 11:27:48] [SUCCESS] bvid=BV1gRDFBVEhT 已成功抓取全部所需数据。
[2026-04-14 11:27:54] [SUCCESS] bvid=BV1jBSZBjEsp 已成功抓取全部所需数据。
[2026-04-14 11:28:00] [SUCCESS] bvid=BV1Hd9gBPEWH 已成功抓取全部所需数据。
[2026-04-14 11:28:05] [SUCCESS] bvid=BV1APSfBbECz 已成功抓取全部所需数据。
[2026-04-14 11:28:10] [SUCCESS] bvid=BV1QRSDBHEiY 已成功抓取全部所需数据。
[2026-04-14 11:28:22] [SUCCESS] bvid=BV1nhDFBfER9 已成功抓取全部所需数据。
[2026-04-14 11:28:28] [SUCCESS] bvid=BV1DHDbBtE6h 已成功抓取全部所需数据。
[2026-04-14 11:28:33] [SUCCESS] bvid=BV13xDhBeEH7 已成功抓取全部所需数据。
[2026-04-14 11:28:38] [SUCCESS] bvid=BV1QtDhBwEwr 已成功抓取全部所需数据。
[2026-04-14 11:28:44] [SUCCESS] bvid=BV1QtDhBwEAY 已成功抓取全部所需数据。
[2026-04-14 11:28:44] [ERROR] bvid=BV1DsDhBPE6T 抓取失败：stat: 接口返回错误代码：-404，信息：啥都木有。
{'code': -404, 'message': '啥都木有', 'ttl': 1} | comment: 接口返回错误代码：-404，信息：啥都木有。
{'code': -404, 'message': '啥都木有', 'ttl': 1}
[2026-04-14 11:28:50] [SUCCESS] bvid=BV1XsDhBPEuQ 已成功抓取全部所需数据。
[2026-04-14 11:29:01] [SUCCESS] bvid=BV1QsDhBPEYo 已成功抓取全部所需数据。
[2026-04-14 11:29:07] [SUCCESS] bvid=BV1QsDhBPExZ 已成功抓取全部所需数据。
[2026-04-14 11:29:13] [SUCCESS] bvid=BV1BRDhBCE5Q 已成功抓取全部所需数据。
[2026-04-14 11:29:19] [SUCCESS] bvid=BV1iZDhBrEsi 已成功抓取全部所需数据。
[2026-04-14 11:29:30] [SUCCESS] bvid=BV1Z9DhB5EEY 已成功抓取全部所需数据。
[2026-04-14 11:29:35] [SUCCESS] bvid=BV1qRDhBCEKK 已成功抓取全部所需数据。
[2026-04-14 11:29:40] [SUCCESS] bvid=BV1YPDaBqESz 已成功抓取全部所需数据。
[2026-04-14 11:29:46] [SUCCESS] bvid=BV1YPDaBqE69 已成功抓取全部所需数据。
[2026-04-14 11:29:57] [SUCCESS] bvid=BV1ecDaBzE8H 已成功抓取全部所需数据。
[2026-04-14 11:30:02] [SUCCESS] bvid=BV161DhBSEBU 已成功抓取全部所需数据。
[2026-04-14 11:30:08] [SUCCESS] bvid=BV1fX9MB4EBE 已成功抓取全部所需数据。
[2026-04-14 11:30:19] [SUCCESS] bvid=BV1PwDcBBEQL 已成功抓取全部所需数据。
[2026-04-14 11:30:25] [SUCCESS] bvid=BV1AyDhBHEvx 已成功抓取全部所需数据。
[2026-04-14 11:30:30] [SUCCESS] bvid=BV1kyDhBnELW 已成功抓取全部所需数据。
[2026-04-14 11:30:35] [SUCCESS] bvid=BV1JX9MBtEQx 已成功抓取全部所需数据。
[2026-04-14 11:30:40] [SUCCESS] bvid=BV1FX9MBtEW4 已成功抓取全部所需数据。
[2026-04-14 11:30:46] [SUCCESS] bvid=BV1jeD8BuE6T 已成功抓取全部所需数据。
[2026-04-14 11:30:51] [SUCCESS] bvid=BV1dWDcBpEka 已成功抓取全部所需数据。
[2026-04-14 11:30:56] [SUCCESS] bvid=BV1FXSfBdERQ 已成功抓取全部所需数据。
[2026-04-14 11:31:02] [SUCCESS] bvid=BV1yrDhBpExK 已成功抓取全部所需数据。
[2026-04-14 11:31:07] [SUCCESS] bvid=BV1fDDhBjEDH 已成功抓取全部所需数据。
[2026-04-14 11:31:18] [SUCCESS] bvid=BV1kpSZB4EYe 已成功抓取全部所需数据。
[2026-04-14 11:31:23] [SUCCESS] bvid=BV1zQDhB1EcP 已成功抓取全部所需数据。
[2026-04-14 11:31:29] [SUCCESS] bvid=BV1kmDhBEEKP 已成功抓取全部所需数据。
[2026-04-14 11:31:34] [SUCCESS] bvid=BV1zmDhBEEde 已成功抓取全部所需数据。
[2026-04-14 11:31:38] [SUCCESS] bvid=BV1rUDhBmEPH 已成功抓取全部所需数据。
[2026-04-14 11:31:38] [WARN] 当前子任务已结束，但仍有未成功抓取的视频，已导出 remaining CSV 供继续执行。
[2026-04-14 11:31:38] [INFO] 已导出剔除成功条目后的剩余 CSV：D:\Schoolworks\Thesis\Bilibili-Datahub\outputs\video_data\manual_crawls\manual_crawl_stat_comment_20260413_211529\remaining_bvids_part_56.csv
[2026-04-14 11:31:38] 子任务结束时间：2026-04-14T11:31:38.902514
[TIMESTAMP][END] 2026-04-14T11:31:38
