[TIMESTAMP][BEGIN] 2026-04-14T02:12:15
[2026-04-14 02:12:17] 开始执行 CSV 批量抓取子任务 part_12。
[2026-04-14 02:12:17] 子任务开始时间：2026-04-14T02:12:15.795555
[2026-04-14 02:12:17] 输入文件：batch_input_12.csv
[2026-04-14 02:12:17] 输入唯一 bvid 数量：100
[2026-04-14 02:12:17] 为严格按 CSV 顺序判断连续失败阈值，本次任务自动将并发度从 2 调整为 1。
[2026-04-14 02:12:22] [SUCCESS] bvid=BV14eDkBoEXK 已成功抓取全部所需数据。
[2026-04-14 02:12:27] [SUCCESS] bvid=BV1xeDkBoEUt 已成功抓取全部所需数据。
[2026-04-14 02:12:32] [SUCCESS] bvid=BV14eDkBoEqc 已成功抓取全部所需数据。
[2026-04-14 02:12:37] [SUCCESS] bvid=BV1dnQTBkE8h 已成功抓取全部所需数据。
[2026-04-14 02:12:42] [SUCCESS] bvid=BV1bhDkBfEnK 已成功抓取全部所需数据。
[2026-04-14 02:12:47] [SUCCESS] bvid=BV1bhDkBfEFq 已成功抓取全部所需数据。
[2026-04-14 02:12:52] [SUCCESS] bvid=BV1bhDkBfEgR 已成功抓取全部所需数据。
[2026-04-14 02:13:04] [SUCCESS] bvid=BV1UhDkBfESU 已成功抓取全部所需数据。
[2026-04-14 02:13:09] [SUCCESS] bvid=BV18hDkBfEnT 已成功抓取全部所需数据。
[2026-04-14 02:13:14] [SUCCESS] bvid=BV1tYDkBtEt7 已成功抓取全部所需数据。
[2026-04-14 02:13:20] [SUCCESS] bvid=BV1tYDkBtEgs 已成功抓取全部所需数据。
[2026-04-14 02:13:26] [SUCCESS] bvid=BV1y6DkBXE8E 已成功抓取全部所需数据。
[2026-04-14 02:13:31] [SUCCESS] bvid=BV1xqDkBREFJ 已成功抓取全部所需数据。
[2026-04-14 02:13:36] [SUCCESS] bvid=BV1skDkBHEF8 已成功抓取全部所需数据。
[2026-04-14 02:13:41] [SUCCESS] bvid=BV1xqDkBREzV 已成功抓取全部所需数据。
[2026-04-14 02:13:46] [SUCCESS] bvid=BV1KqDkBdEVr 已成功抓取全部所需数据。
[2026-04-14 02:13:57] [SUCCESS] bvid=BV12qDkBREBa 已成功抓取全部所需数据。
[2026-04-14 02:14:09] [SUCCESS] bvid=BV1xqDkBREVy 已成功抓取全部所需数据。
[2026-04-14 02:14:15] [SUCCESS] bvid=BV12zDkBWEPj 已成功抓取全部所需数据。
[2026-04-14 02:14:20] [SUCCESS] bvid=BV1xzDkBWEEj 已成功抓取全部所需数据。
[2026-04-14 02:14:32] [SUCCESS] bvid=BV1xzDkBWEG3 已成功抓取全部所需数据。
[2026-04-14 02:14:37] [SUCCESS] bvid=BV1YpDkBNE4Z 已成功抓取全部所需数据。
[2026-04-14 02:14:49] [SUCCESS] bvid=BV1LtQFBREvK 已成功抓取全部所需数据。
[2026-04-14 02:15:01] [SUCCESS] bvid=BV1RTDfBJERW 已成功抓取全部所需数据。
[2026-04-14 02:15:06] [SUCCESS] bvid=BV1hwQwBnEZk 已成功抓取全部所需数据。
[2026-04-14 02:15:12] [SUCCESS] bvid=BV1hgDCBAEEj 已成功抓取全部所需数据。
[2026-04-14 02:15:24] [SUCCESS] bvid=BV1jrQKBgETB 已成功抓取全部所需数据。
[2026-04-14 02:15:35] [SUCCESS] bvid=BV1HiDiBwEsw 已成功抓取全部所需数据。
[2026-04-14 02:15:41] [SUCCESS] bvid=BV1ewDCBBE5p 已成功抓取全部所需数据。
[2026-04-14 02:15:53] [SUCCESS] bvid=BV1VWDkBvEre 已成功抓取全部所需数据。
[2026-04-14 02:16:05] [SUCCESS] bvid=BV1eWDkBeEcS 已成功抓取全部所需数据。
[2026-04-14 02:16:10] [SUCCESS] bvid=BV19nDkBiEHN 已成功抓取全部所需数据。
[2026-04-14 02:16:15] [SUCCESS] bvid=BV1RnDkBiEbR 已成功抓取全部所需数据。
[2026-04-14 02:16:26] [SUCCESS] bvid=BV1enDkBiEv4 已成功抓取全部所需数据。
[2026-04-14 02:16:39] [SUCCESS] bvid=BV18bDkBcEZ6 已成功抓取全部所需数据。
[2026-04-14 02:16:45] [SUCCESS] bvid=BV1aMDCBeEx8 已成功抓取全部所需数据。
[2026-04-14 02:16:56] [SUCCESS] bvid=BV1nUDkBEEB1 已成功抓取全部所需数据。
[2026-04-14 02:17:01] [SUCCESS] bvid=BV1SbDkBcEdh 已成功抓取全部所需数据。
[2026-04-14 02:17:06] [SUCCESS] bvid=BV13xDkBPE94 已成功抓取全部所需数据。
[2026-04-14 02:17:24] [SUCCESS] bvid=BV188DkBbEph 已成功抓取全部所需数据。
[2026-04-14 02:17:30] [SUCCESS] bvid=BV1b8DkB8EcN 已成功抓取全部所需数据。
[2026-04-14 02:17:41] [SUCCESS] bvid=BV1YMQMB6Ex5 已成功抓取全部所需数据。
[2026-04-14 02:17:53] [SUCCESS] bvid=BV1axDkBAEfs 已成功抓取全部所需数据。
[2026-04-14 02:18:05] [SUCCESS] bvid=BV1JWQwBKELp 已成功抓取全部所需数据。
[2026-04-14 02:18:18] [SUCCESS] bvid=BV1g3DCBaE8x 已成功抓取全部所需数据。
[2026-04-14 02:18:23] [SUCCESS] bvid=BV1rtDCBDEjJ 已成功抓取全部所需数据。
[2026-04-14 02:18:28] [SUCCESS] bvid=BV1FtDCBDEk7 已成功抓取全部所需数据。
[2026-04-14 02:18:33] [SUCCESS] bvid=BV1aNDCBiEm2 已成功抓取全部所需数据。
[2026-04-14 02:18:44] [SUCCESS] bvid=BV1ggDCBAEeM 已成功抓取全部所需数据。
[2026-04-14 02:18:50] [SUCCESS] bvid=BV1D4DkBaE4j 已成功抓取全部所需数据。
[2026-04-14 02:18:55] [SUCCESS] bvid=BV1D4DkBaEZ6 已成功抓取全部所需数据。
[2026-04-14 02:18:55] [ERROR] bvid=BV1LfDkB6EGX 抓取失败：stat: 接口返回错误代码：62012，信息：62012。
{'code': 62012, 'message': '62012', 'ttl': 1} | comment: 接口返回错误代码：62012，信息：62012。
{'code': 62012, 'message': '62012', 'ttl': 1}
[2026-04-14 02:19:00] [SUCCESS] bvid=BV1a4DkBaE3H 已成功抓取全部所需数据。
[2026-04-14 02:19:05] [SUCCESS] bvid=BV1HnQwBMEYY 已成功抓取全部所需数据。
[2026-04-14 02:19:10] [SUCCESS] bvid=BV15cDCBuEWM 已成功抓取全部所需数据。
[2026-04-14 02:19:15] [SUCCESS] bvid=BV1icDCBuEuG 已成功抓取全部所需数据。
[2026-04-14 02:19:20] [SUCCESS] bvid=BV1ecDCBuEKQ 已成功抓取全部所需数据。
[2026-04-14 02:19:25] [SUCCESS] bvid=BV15cDCBuEg4 已成功抓取全部所需数据。
[2026-04-14 02:19:30] [SUCCESS] bvid=BV1BY9TBHEFh 已成功抓取全部所需数据。
[2026-04-14 02:19:35] [SUCCESS] bvid=BV1idDkBkE6o 已成功抓取全部所需数据。
[2026-04-14 02:19:40] [SUCCESS] bvid=BV1idDkBkE7M 已成功抓取全部所需数据。
[2026-04-14 02:19:44] [SUCCESS] bvid=BV1jdDkBkE7G 已成功抓取全部所需数据。
[2026-04-14 02:19:50] [SUCCESS] bvid=BV1idDkBkEkD 已成功抓取全部所需数据。
[2026-04-14 02:20:01] [SUCCESS] bvid=BV1LZDkB3EXh 已成功抓取全部所需数据。
[2026-04-14 02:20:19] [SUCCESS] bvid=BV1iZDkB3Evh 已成功抓取全部所需数据。
[2026-04-14 02:20:24] [SUCCESS] bvid=BV1mRDCBwEZY 已成功抓取全部所需数据。
[2026-04-14 02:20:29] [SUCCESS] bvid=BV1jZDkB3Era 已成功抓取全部所需数据。
[2026-04-14 02:20:41] [SUCCESS] bvid=BV17ZDkB3ENq 已成功抓取全部所需数据。
[2026-04-14 02:20:45] [SUCCESS] bvid=BV1LZDkB3Ehk 已成功抓取全部所需数据。
[2026-04-14 02:20:50] [SUCCESS] bvid=BV1GNDCBiEaw 已成功抓取全部所需数据。
[2026-04-14 02:21:01] [SUCCESS] bvid=BV1XTDCBNEVk 已成功抓取全部所需数据。
[2026-04-14 02:21:06] [SUCCESS] bvid=BV1aTDCBNELh 已成功抓取全部所需数据。
[2026-04-14 02:21:12] [SUCCESS] bvid=BV13TDCBNEhe 已成功抓取全部所需数据。
[2026-04-14 02:21:23] [SUCCESS] bvid=BV1YTDCBNE7v 已成功抓取全部所需数据。
[2026-04-14 02:21:34] [SUCCESS] bvid=BV1NnDCBxEHJ 已成功抓取全部所需数据。
[2026-04-14 02:21:39] [SUCCESS] bvid=BV1GTDCBNEin 已成功抓取全部所需数据。
[2026-04-14 02:21:57] [SUCCESS] bvid=BV1H2DkBUEvm 已成功抓取全部所需数据。
[2026-04-14 02:22:03] [SUCCESS] bvid=BV1YTDCBNE4D 已成功抓取全部所需数据。
[2026-04-14 02:22:20] [SUCCESS] bvid=BV1vwDCBBELW 已成功抓取全部所需数据。
[2026-04-14 02:22:25] [SUCCESS] bvid=BV1RJDhBqEhF 已成功抓取全部所需数据。
[2026-04-14 02:22:30] [SUCCESS] bvid=BV1uRQKBhEGq 已成功抓取全部所需数据。
[2026-04-14 02:22:35] [SUCCESS] bvid=BV1fWDjBBEqn 已成功抓取全部所需数据。
[2026-04-14 02:22:40] [SUCCESS] bvid=BV1sUDWBvEax 已成功抓取全部所需数据。
[2026-04-14 02:22:45] [SUCCESS] bvid=BV1nYDCB7EG8 已成功抓取全部所需数据。
[2026-04-14 02:22:49] [SUCCESS] bvid=BV1VwDCBBEyy 已成功抓取全部所需数据。
[2026-04-14 02:22:54] [SUCCESS] bvid=BV1VwDCBBE6o 已成功抓取全部所需数据。
[2026-04-14 02:22:59] [SUCCESS] bvid=BV1GPDCBTEzN 已成功抓取全部所需数据。
[2026-04-14 02:23:11] [SUCCESS] bvid=BV15PDCBTEFU 已成功抓取全部所需数据。
[2026-04-14 02:23:16] [SUCCESS] bvid=BV1n2DkBUE9P 已成功抓取全部所需数据。
[2026-04-14 02:23:28] [SUCCESS] bvid=BV1c2DkBSEUr 已成功抓取全部所需数据。
[2026-04-14 02:23:33] [SUCCESS] bvid=BV1nUDkB7ETu 已成功抓取全部所需数据。
[2026-04-14 02:23:38] [SUCCESS] bvid=BV1nUDkBEEkv 已成功抓取全部所需数据。
[2026-04-14 02:23:42] [SUCCESS] bvid=BV1JUDkB7E9w 已成功抓取全部所需数据。
[2026-04-14 02:23:48] [SUCCESS] bvid=BV17RDkBVE24 已成功抓取全部所需数据。
[2026-04-14 02:23:53] [SUCCESS] bvid=BV1HUDkB7Eei 已成功抓取全部所需数据。
[2026-04-14 02:23:58] [SUCCESS] bvid=BV1pCDkBDEAL 已成功抓取全部所需数据。
[2026-04-14 02:24:03] [SUCCESS] bvid=BV19kDCBgEz2 已成功抓取全部所需数据。
[2026-04-14 02:24:08] [SUCCESS] bvid=BV1yCDkBDE5a 已成功抓取全部所需数据。
[2026-04-14 02:24:13] [SUCCESS] bvid=BV1pCDkBDExD 已成功抓取全部所需数据。
[2026-04-14 02:24:17] [SUCCESS] bvid=BV1PCDkBQEsH 已成功抓取全部所需数据。
[2026-04-14 02:24:17] [WARN] 当前子任务已结束，但仍有未成功抓取的视频，已导出 remaining CSV 供继续执行。
[2026-04-14 02:24:17] [INFO] 已导出剔除成功条目后的剩余 CSV：D:\Schoolworks\Thesis\Bilibili-Datahub\outputs\video_data\manual_crawls\manual_crawl_stat_comment_20260413_211529\remaining_bvids_part_12.csv
[2026-04-14 02:24:17] 子任务结束时间：2026-04-14T02:24:17.904075
[TIMESTAMP][END] 2026-04-14T02:24:17
