[TIMESTAMP][BEGIN] 2026-04-14T01:50:32
[2026-04-14 01:50:34] 开始执行 CSV 批量抓取子任务 part_11。
[2026-04-14 01:50:34] 子任务开始时间：2026-04-14T01:50:32.048602
[2026-04-14 01:50:34] 输入文件：batch_input_11.csv
[2026-04-14 01:50:34] 输入唯一 bvid 数量：100
[2026-04-14 01:50:34] 为严格按 CSV 顺序判断连续失败阈值，本次任务自动将并发度从 2 调整为 1。
[2026-04-14 01:50:45] [SUCCESS] bvid=BV1vHDyBCEFM 已成功抓取全部所需数据。
[2026-04-14 01:50:51] [SUCCESS] bvid=BV1X4DyBgEB4 已成功抓取全部所需数据。
[2026-04-14 01:50:56] [SUCCESS] bvid=BV1vHDyBCEDW 已成功抓取全部所需数据。
[2026-04-14 01:51:01] [SUCCESS] bvid=BV1hYDyBKEyv 已成功抓取全部所需数据。
[2026-04-14 01:51:06] [SUCCESS] bvid=BV1pCDkBDEUG 已成功抓取全部所需数据。
[2026-04-14 01:51:24] [SUCCESS] bvid=BV1hYDyBKELY 已成功抓取全部所需数据。
[2026-04-14 01:51:29] [SUCCESS] bvid=BV1GtDyB6EhG 已成功抓取全部所需数据。
[2026-04-14 01:51:35] [SUCCESS] bvid=BV1X8DyBMEJE 已成功抓取全部所需数据。
[2026-04-14 01:51:41] [SUCCESS] bvid=BV13uD1BrEQr 已成功抓取全部所需数据。
[2026-04-14 01:51:46] [SUCCESS] bvid=BV1h8DyBMExq 已成功抓取全部所需数据。
[2026-04-14 01:51:51] [SUCCESS] bvid=BV1qfDyBEEvb 已成功抓取全部所需数据。
[2026-04-14 01:52:04] [SUCCESS] bvid=BV1D8DyBMEtY 已成功抓取全部所需数据。
[2026-04-14 01:52:15] [SUCCESS] bvid=BV1LwD1BjE7m 已成功抓取全部所需数据。
[2026-04-14 01:52:27] [SUCCESS] bvid=BV1LAD1B1EZt 已成功抓取全部所需数据。
[2026-04-14 01:52:32] [SUCCESS] bvid=BV17wD1B7EFa 已成功抓取全部所需数据。
[2026-04-14 01:52:49] [SUCCESS] bvid=BV1jAD1B1EHn 已成功抓取全部所需数据。
[2026-04-14 01:52:55] [SUCCESS] bvid=BV1LAD1B1E95 已成功抓取全部所需数据。
[2026-04-14 01:53:00] [SUCCESS] bvid=BV17fDyBEEvE 已成功抓取全部所需数据。
[2026-04-14 01:53:05] [SUCCESS] bvid=BV1qfDyBEEQz 已成功抓取全部所需数据。
[2026-04-14 01:53:10] [SUCCESS] bvid=BV1ZFD1BmEBs 已成功抓取全部所需数据。
[2026-04-14 01:53:15] [SUCCESS] bvid=BV1VMD1BGER9 已成功抓取全部所需数据。
[2026-04-14 01:53:20] [SUCCESS] bvid=BV1LND1B5EqR 已成功抓取全部所需数据。
[2026-04-14 01:53:26] [SUCCESS] bvid=BV1pSDyBsEjL 已成功抓取全部所需数据。
[2026-04-14 01:53:31] [SUCCESS] bvid=BV1RKD1BCE3N 已成功抓取全部所需数据。
[2026-04-14 01:53:36] [SUCCESS] bvid=BV15KD1BCEVe 已成功抓取全部所需数据。
[2026-04-14 01:53:41] [SUCCESS] bvid=BV1HSDyBsEGr 已成功抓取全部所需数据。
[2026-04-14 01:53:53] [SUCCESS] bvid=BV1VKD1BCEfY 已成功抓取全部所需数据。
[2026-04-14 01:54:05] [SUCCESS] bvid=BV15KD1BCEcT 已成功抓取全部所需数据。
[2026-04-14 01:54:11] [SUCCESS] bvid=BV1VKD1BCE8m 已成功抓取全部所需数据。
[2026-04-14 01:54:16] [SUCCESS] bvid=BV1HmDyBdEXm 已成功抓取全部所需数据。
[2026-04-14 01:54:21] [SUCCESS] bvid=BV1p2DyB4EPo 已成功抓取全部所需数据。
[2026-04-14 01:54:27] [SUCCESS] bvid=BV1wSDyBxEpK 已成功抓取全部所需数据。
[2026-04-14 01:54:39] [SUCCESS] bvid=BV1HDDyB9EBQ 已成功抓取全部所需数据。
[2026-04-14 01:54:45] [SUCCESS] bvid=BV1HDDyB9E4T 已成功抓取全部所需数据。
[2026-04-14 01:54:51] [SUCCESS] bvid=BV1C2DyB4ENj 已成功抓取全部所需数据。
[2026-04-14 01:54:56] [SUCCESS] bvid=BV1W2DyB4EnJ 已成功抓取全部所需数据。
[2026-04-14 01:55:03] [SUCCESS] bvid=BV1W2DyB4Ep4 已成功抓取全部所需数据。
[2026-04-14 01:55:09] [SUCCESS] bvid=BV1JdDyBnEmV 已成功抓取全部所需数据。
[2026-04-14 01:55:15] [SUCCESS] bvid=BV1JoDyBSETM 已成功抓取全部所需数据。
[2026-04-14 01:55:20] [SUCCESS] bvid=BV11ZDrBHECd 已成功抓取全部所需数据。
[2026-04-14 01:55:25] [SUCCESS] bvid=BV1JdDyBnEey 已成功抓取全部所需数据。
[2026-04-14 01:55:37] [SUCCESS] bvid=BV1EoDyBSEYy 已成功抓取全部所需数据。
[2026-04-14 01:55:43] [SUCCESS] bvid=BV16dDyBnEEJ 已成功抓取全部所需数据。
[2026-04-14 01:55:49] [SUCCESS] bvid=BV1EoDyBSEni 已成功抓取全部所需数据。
[2026-04-14 01:55:54] [SUCCESS] bvid=BV169DyBQErt 已成功抓取全部所需数据。
[2026-04-14 01:55:59] [SUCCESS] bvid=BV1n9DyBQEzW 已成功抓取全部所需数据。
[2026-04-14 01:56:05] [SUCCESS] bvid=BV1foDyBSEzn 已成功抓取全部所需数据。
[2026-04-14 01:56:23] [SUCCESS] bvid=BV1z9DyBQE4X 已成功抓取全部所需数据。
[2026-04-14 01:56:29] [SUCCESS] bvid=BV1P4D1BFE7i 已成功抓取全部所需数据。
[2026-04-14 01:56:35] [SUCCESS] bvid=BV1r9DyBQETY 已成功抓取全部所需数据。
[2026-04-14 01:56:40] [SUCCESS] bvid=BV1J9DyBQEPd 已成功抓取全部所需数据。
[2026-04-14 01:56:46] [SUCCESS] bvid=BV1n9DyBQEG7 已成功抓取全部所需数据。
[2026-04-14 01:56:51] [SUCCESS] bvid=BV1PtD1BbEQw 已成功抓取全部所需数据。
[2026-04-14 01:56:56] [SUCCESS] bvid=BV1n9DyBQE6w 已成功抓取全部所需数据。
[2026-04-14 01:57:01] [SUCCESS] bvid=BV1F9DyBXEnS 已成功抓取全部所需数据。
[2026-04-14 01:57:07] [SUCCESS] bvid=BV1KWD1BwEiR 已成功抓取全部所需数据。
[2026-04-14 01:57:19] [SUCCESS] bvid=BV1P4D1BFEta 已成功抓取全部所需数据。
[2026-04-14 01:57:30] [SUCCESS] bvid=BV1N4D1BFELY 已成功抓取全部所需数据。
[2026-04-14 01:57:41] [SUCCESS] bvid=BV1N4D1BFEMo 已成功抓取全部所需数据。
[2026-04-14 01:57:47] [SUCCESS] bvid=BV1AtD1BbECD 已成功抓取全部所需数据。
[2026-04-14 01:57:52] [SUCCESS] bvid=BV1mWDsB6Epv 已成功抓取全部所需数据。
[2026-04-14 01:58:04] [SUCCESS] bvid=BV1phD1B4EL7 已成功抓取全部所需数据。
[2026-04-14 01:58:11] [SUCCESS] bvid=BV12sD1BhEjk 已成功抓取全部所需数据。
[2026-04-14 01:58:16] [SUCCESS] bvid=BV1JaD1BdEZm 已成功抓取全部所需数据。
[2026-04-14 01:58:29] [SUCCESS] bvid=BV1HaD1BdECt 已成功抓取全部所需数据。
[2026-04-14 02:08:36] [SUCCESS] bvid=BV1caD1BdESP 已成功抓取全部所需数据。
[2026-04-14 02:08:41] [SUCCESS] bvid=BV1caD1BdET1 已成功抓取全部所需数据。
[2026-04-14 02:08:46] [SUCCESS] bvid=BV1reD1BsE45 已成功抓取全部所需数据。
[2026-04-14 02:08:51] [SUCCESS] bvid=BV1onXfBtEeJ 已成功抓取全部所需数据。
[2026-04-14 02:08:56] [SUCCESS] bvid=BV1FeD1BsEQq 已成功抓取全部所需数据。
[2026-04-14 02:09:01] [SUCCESS] bvid=BV1GGD1BzEKF 已成功抓取全部所需数据。
[2026-04-14 02:09:07] [SUCCESS] bvid=BV1AbD1BZE1X 已成功抓取全部所需数据。
[2026-04-14 02:09:18] [SUCCESS] bvid=BV1whD1B4E88 已成功抓取全部所需数据。
[2026-04-14 02:09:22] [SUCCESS] bvid=BV1whD1B4EhY 已成功抓取全部所需数据。
[2026-04-14 02:09:28] [SUCCESS] bvid=BV1g5D1BMEof 已成功抓取全部所需数据。
[2026-04-14 02:09:33] [SUCCESS] bvid=BV1chD1B4EC7 已成功抓取全部所需数据。
[2026-04-14 02:09:38] [SUCCESS] bvid=BV1g5D1BMEXP 已成功抓取全部所需数据。
[2026-04-14 02:09:43] [SUCCESS] bvid=BV1MLD1BqEWM 已成功抓取全部所需数据。
[2026-04-14 02:09:56] [SUCCESS] bvid=BV18LD1BqEFt 已成功抓取全部所需数据。
[2026-04-14 02:10:01] [SUCCESS] bvid=BV1G3D1BgEEU 已成功抓取全部所需数据。
[2026-04-14 02:10:13] [SUCCESS] bvid=BV17iDCBLEtW 已成功抓取全部所需数据。
[2026-04-14 02:10:18] [SUCCESS] bvid=BV19EQABtEtW 已成功抓取全部所需数据。
[2026-04-14 02:10:23] [SUCCESS] bvid=BV1ugDCBAE2h 已成功抓取全部所需数据。
[2026-04-14 02:10:35] [SUCCESS] bvid=BV133D1BgEnb 已成功抓取全部所需数据。
[2026-04-14 02:10:40] [SUCCESS] bvid=BV13GD1BzEiN 已成功抓取全部所需数据。
[2026-04-14 02:10:45] [SUCCESS] bvid=BV1gGD1BzErh 已成功抓取全部所需数据。
[2026-04-14 02:10:50] [SUCCESS] bvid=BV1THD1BYE3f 已成功抓取全部所需数据。
[2026-04-14 02:10:55] [SUCCESS] bvid=BV1MnD1BNE1m 已成功抓取全部所需数据。
[2026-04-14 02:11:00] [SUCCESS] bvid=BV14eDkBoEW6 已成功抓取全部所需数据。
[2026-04-14 02:11:12] [SUCCESS] bvid=BV1xHD1BYESk 已成功抓取全部所需数据。
[2026-04-14 02:11:17] [SUCCESS] bvid=BV1KHD1BYEFy 已成功抓取全部所需数据。
[2026-04-14 02:11:22] [SUCCESS] bvid=BV1THD1BYEpz 已成功抓取全部所需数据。
[2026-04-14 02:11:27] [SUCCESS] bvid=BV12ED1BvERN 已成功抓取全部所需数据。
[2026-04-14 02:11:32] [SUCCESS] bvid=BV1t7D1BKEBZ 已成功抓取全部所需数据。
[2026-04-14 02:11:38] [SUCCESS] bvid=BV1bED1BvE3j 已成功抓取全部所需数据。
[2026-04-14 02:11:43] [SUCCESS] bvid=BV1MED1BvEjL 已成功抓取全部所需数据。
[2026-04-14 02:11:48] [SUCCESS] bvid=BV1MED1BvEmw 已成功抓取全部所需数据。
[2026-04-14 02:11:59] [SUCCESS] bvid=BV1MED1BvE7K 已成功抓取全部所需数据。
[2026-04-14 02:12:10] [SUCCESS] bvid=BV1xiDkBxEfE 已成功抓取全部所需数据。
[2026-04-14 02:12:15] [SUCCESS] bvid=BV1thDkBfErP 已成功抓取全部所需数据。
[2026-04-14 02:12:15] [INFO] 当前 batch_crawl 已完成，所有视频均已成功抓取。
[2026-04-14 02:12:15] 子任务结束时间：2026-04-14T02:12:15.601487
[TIMESTAMP][END] 2026-04-14T02:12:15
