[TIMESTAMP][BEGIN] 2026-04-14T07:19:58
[2026-04-14 07:20:00] 开始执行 CSV 批量抓取子任务 part_37。
[2026-04-14 07:20:00] 子任务开始时间：2026-04-14T07:19:58.204600
[2026-04-14 07:20:00] 输入文件：batch_input_37.csv
[2026-04-14 07:20:00] 输入唯一 bvid 数量：100
[2026-04-14 07:20:00] 为严格按 CSV 顺序判断连续失败阈值，本次任务自动将并发度从 2 调整为 1。
[2026-04-14 07:20:05] [SUCCESS] bvid=BV19TDpBCEqP 已成功抓取全部所需数据。
[2026-04-14 07:20:10] [SUCCESS] bvid=BV1SLDpBMESP 已成功抓取全部所需数据。
[2026-04-14 07:20:15] [SUCCESS] bvid=BV1ULDpBMEzs 已成功抓取全部所需数据。
[2026-04-14 07:20:27] [SUCCESS] bvid=BV1ULDpBMEEp 已成功抓取全部所需数据。
[2026-04-14 07:20:32] [SUCCESS] bvid=BV1mjDpBqEZS 已成功抓取全部所需数据。
[2026-04-14 07:20:38] [SUCCESS] bvid=BV19ZD6BYE8v 已成功抓取全部所需数据。
[2026-04-14 07:20:43] [SUCCESS] bvid=BV19cDEBwEwR 已成功抓取全部所需数据。
[2026-04-14 07:20:49] [SUCCESS] bvid=BV1mjDpBqEbZ 已成功抓取全部所需数据。
[2026-04-14 07:21:01] [SUCCESS] bvid=BV18RDpBrE1h 已成功抓取全部所需数据。
[2026-04-14 07:21:05] [SUCCESS] bvid=BV1DGDpBuEDS 已成功抓取全部所需数据。
[2026-04-14 07:21:11] [SUCCESS] bvid=BV1QGDpBgEPA 已成功抓取全部所需数据。
[2026-04-14 07:21:16] [SUCCESS] bvid=BV1SVDpBzEws 已成功抓取全部所需数据。
[2026-04-14 07:21:21] [SUCCESS] bvid=BV1uVDpB6EiE 已成功抓取全部所需数据。
[2026-04-14 07:21:33] [SUCCESS] bvid=BV1sADHBtEiw 已成功抓取全部所需数据。
[2026-04-14 07:21:38] [SUCCESS] bvid=BV1DVDpBzEyN 已成功抓取全部所需数据。
[2026-04-14 07:21:50] [SUCCESS] bvid=BV1v1DpBmEPj 已成功抓取全部所需数据。
[2026-04-14 07:21:55] [SUCCESS] bvid=BV1v1DpBmEv6 已成功抓取全部所需数据。
[2026-04-14 07:22:00] [SUCCESS] bvid=BV1R1DpBmEgs 已成功抓取全部所需数据。
[2026-04-14 07:22:05] [SUCCESS] bvid=BV1v1DpBmEuj 已成功抓取全部所需数据。
[2026-04-14 07:22:10] [SUCCESS] bvid=BV1XmDpBjE1L 已成功抓取全部所需数据。
[2026-04-14 07:22:15] [SUCCESS] bvid=BV19mDpBjEDV 已成功抓取全部所需数据。
[2026-04-14 07:22:26] [SUCCESS] bvid=BV1emDpBjEsx 已成功抓取全部所需数据。
[2026-04-14 07:22:37] [SUCCESS] bvid=BV1XmDpBjEfx 已成功抓取全部所需数据。
[2026-04-14 07:22:43] [SUCCESS] bvid=BV1emDpBjEnV 已成功抓取全部所需数据。
[2026-04-14 07:22:54] [SUCCESS] bvid=BV1emDpBjE4o 已成功抓取全部所需数据。
[2026-04-14 07:23:00] [SUCCESS] bvid=BV139DpBVEPz 已成功抓取全部所需数据。
[2026-04-14 07:23:12] [SUCCESS] bvid=BV1AvDLBGEhv 已成功抓取全部所需数据。
[2026-04-14 07:23:23] [SUCCESS] bvid=BV1RmDpBjEKJ 已成功抓取全部所需数据。
[2026-04-14 07:23:28] [SUCCESS] bvid=BV189DpBGExA 已成功抓取全部所需数据。
[2026-04-14 07:23:33] [SUCCESS] bvid=BV1dyDpBEE8S 已成功抓取全部所需数据。
[2026-04-14 07:23:39] [SUCCESS] bvid=BV1vkDpBSErD 已成功抓取全部所需数据。
[2026-04-14 07:23:44] [SUCCESS] bvid=BV1jkDpBDE9t 已成功抓取全部所需数据。
[2026-04-14 07:23:49] [SUCCESS] bvid=BV1j9DJB1EdU 已成功抓取全部所需数据。
[2026-04-14 07:23:54] [SUCCESS] bvid=BV1pJDjBGExQ 已成功抓取全部所需数据。
[2026-04-14 07:24:00] [SUCCESS] bvid=BV1jQD7BuEJ2 已成功抓取全部所需数据。
[2026-04-14 07:24:05] [SUCCESS] bvid=BV1aUDpB1Eiy 已成功抓取全部所需数据。
[2026-04-14 07:24:11] [SUCCESS] bvid=BV1oXD7BqEJ4 已成功抓取全部所需数据。
[2026-04-14 07:24:16] [SUCCESS] bvid=BV1xm9cBmEPv 已成功抓取全部所需数据。
[2026-04-14 07:24:21] [SUCCESS] bvid=BV1rTDHBREUA 已成功抓取全部所需数据。
[2026-04-14 07:24:32] [SUCCESS] bvid=BV1vkDpBSEb4 已成功抓取全部所需数据。
[2026-04-14 07:24:45] [SUCCESS] bvid=BV1hQDpBCEAn 已成功抓取全部所需数据。
[2026-04-14 07:24:50] [SUCCESS] bvid=BV1vyDpBEESx 已成功抓取全部所需数据。
[2026-04-14 07:24:55] [SUCCESS] bvid=BV1aQDpBCE3C 已成功抓取全部所需数据。
[2026-04-14 07:25:00] [SUCCESS] bvid=BV1QQDpBCEmM 已成功抓取全部所需数据。
[2026-04-14 07:25:05] [SUCCESS] bvid=BV1h9DpBGEaW 已成功抓取全部所需数据。
[2026-04-14 07:25:10] [SUCCESS] bvid=BV1Q9DpBGEg7 已成功抓取全部所需数据。
[2026-04-14 07:25:21] [SUCCESS] bvid=BV1DHD7BfEHS 已成功抓取全部所需数据。
[2026-04-14 07:25:32] [SUCCESS] bvid=BV1XDDpB5EYH 已成功抓取全部所需数据。
[2026-04-14 07:25:37] [SUCCESS] bvid=BV19wDnBuEmW 已成功抓取全部所需数据。
[2026-04-14 07:25:42] [SUCCESS] bvid=BV1ziDpB9Exq 已成功抓取全部所需数据。
[2026-04-14 07:25:53] [SUCCESS] bvid=BV1XDDpB5E8i 已成功抓取全部所需数据。
[2026-04-14 07:25:58] [SUCCESS] bvid=BV1hDDpB5E9T 已成功抓取全部所需数据。
[2026-04-14 07:26:09] [SUCCESS] bvid=BV1zYDpBdECR 已成功抓取全部所需数据。
[2026-04-14 07:26:15] [SUCCESS] bvid=BV1FYDpBoEos 已成功抓取全部所需数据。
[2026-04-14 07:26:20] [SUCCESS] bvid=BV1cYDpBoEWa 已成功抓取全部所需数据。
[2026-04-14 07:26:31] [SUCCESS] bvid=BV1ksDnBWExo 已成功抓取全部所需数据。
[2026-04-14 07:26:36] [SUCCESS] bvid=BV1P6DJBsEnb 已成功抓取全部所需数据。
[2026-04-14 07:26:41] [SUCCESS] bvid=BV1zvDpBsECB 已成功抓取全部所需数据。
[2026-04-14 07:26:46] [SUCCESS] bvid=BV1ANDYBdEcR 已成功抓取全部所需数据。
[2026-04-14 07:26:51] [SUCCESS] bvid=BV1WaDLB5EXs 已成功抓取全部所需数据。
[2026-04-14 07:26:57] [SUCCESS] bvid=BV1P5DjB1EMx 已成功抓取全部所需数据。
[2026-04-14 07:27:02] [SUCCESS] bvid=BV1ikDFBHEaE 已成功抓取全部所需数据。
[2026-04-14 07:27:07] [SUCCESS] bvid=BV1XdDLBoEr2 已成功抓取全部所需数据。
[2026-04-14 07:27:12] [SUCCESS] bvid=BV1Z1DLBvEdV 已成功抓取全部所需数据。
[2026-04-14 07:27:24] [SUCCESS] bvid=BV1rVDWBbEt8 已成功抓取全部所需数据。
[2026-04-14 07:27:36] [SUCCESS] bvid=BV1BKD6BMEZW 已成功抓取全部所需数据。
[2026-04-14 07:27:42] [SUCCESS] bvid=BV1L1XZBpExb 已成功抓取全部所需数据。
[2026-04-14 07:28:00] [SUCCESS] bvid=BV1LpDHByET6 已成功抓取全部所需数据。
[2026-04-14 07:28:05] [SUCCESS] bvid=BV1w8DpBfEZy 已成功抓取全部所需数据。
[2026-04-14 07:28:22] [SUCCESS] bvid=BV1k8DpBZEmd 已成功抓取全部所需数据。
[2026-04-14 07:28:28] [SUCCESS] bvid=BV1r8DpBZEuW 已成功抓取全部所需数据。
[2026-04-14 07:28:39] [SUCCESS] bvid=BV1raDpB4Edv 已成功抓取全部所需数据。
[2026-04-14 07:28:44] [SUCCESS] bvid=BV16aDpB4Ekk 已成功抓取全部所需数据。
[2026-04-14 07:28:56] [SUCCESS] bvid=BV1qzDpBQE2v 已成功抓取全部所需数据。
[2026-04-14 07:29:01] [SUCCESS] bvid=BV1doDJBkErK 已成功抓取全部所需数据。
[2026-04-14 07:29:06] [SUCCESS] bvid=BV1izDpBQESU 已成功抓取全部所需数据。
[2026-04-14 07:29:17] [SUCCESS] bvid=BV1qrDpBnE1F 已成功抓取全部所需数据。
[2026-04-14 07:29:23] [SUCCESS] bvid=BV1vrDpBnEes 已成功抓取全部所需数据。
[2026-04-14 07:29:34] [SUCCESS] bvid=BV1qiDpB9Er6 已成功抓取全部所需数据。
[2026-04-14 07:29:39] [SUCCESS] bvid=BV1oBDpBpEtB 已成功抓取全部所需数据。
[2026-04-14 07:29:45] [SUCCESS] bvid=BV1rgDWBhESU 已成功抓取全部所需数据。
[2026-04-14 07:29:50] [SUCCESS] bvid=BV1oBDpBpEfM 已成功抓取全部所需数据。
[2026-04-14 07:29:55] [SUCCESS] bvid=BV1BBDpBpEeF 已成功抓取全部所需数据。
[2026-04-14 07:30:01] [SUCCESS] bvid=BV1CgDWBhE3f 已成功抓取全部所需数据。
[2026-04-14 07:30:06] [SUCCESS] bvid=BV1HgDWBhEhf 已成功抓取全部所需数据。
[2026-04-14 07:30:11] [SUCCESS] bvid=BV1rGDWBFEas 已成功抓取全部所需数据。
[2026-04-14 07:30:16] [SUCCESS] bvid=BV1vrDnBkEhV 已成功抓取全部所需数据。
[2026-04-14 07:30:22] [SUCCESS] bvid=BV1ACDJBpEBN 已成功抓取全部所需数据。
[2026-04-14 07:30:27] [SUCCESS] bvid=BV19dD7BvEr1 已成功抓取全部所需数据。
[2026-04-14 07:30:32] [SUCCESS] bvid=BV1nGDWBFEZw 已成功抓取全部所需数据。
[2026-04-14 07:30:44] [SUCCESS] bvid=BV1CTDWBYEBn 已成功抓取全部所需数据。
[2026-04-14 07:30:55] [SUCCESS] bvid=BV1yTDWBYEr8 已成功抓取全部所需数据。
[2026-04-14 07:31:00] [SUCCESS] bvid=BV1kuDWBwEXy 已成功抓取全部所需数据。
[2026-04-14 07:31:06] [SUCCESS] bvid=BV1CuDWBwESr 已成功抓取全部所需数据。
[2026-04-14 07:31:18] [SUCCESS] bvid=BV16VDWBbE4A 已成功抓取全部所需数据。
[2026-04-14 07:31:29] [SUCCESS] bvid=BV1f7DWBdEKX 已成功抓取全部所需数据。
[2026-04-14 07:31:34] [SUCCESS] bvid=BV1E7DWBdEzk 已成功抓取全部所需数据。
[2026-04-14 07:31:39] [SUCCESS] bvid=BV1J7DWBdEK9 已成功抓取全部所需数据。
[2026-04-14 07:31:44] [SUCCESS] bvid=BV1HVDWBbEM8 已成功抓取全部所需数据。
[2026-04-14 07:31:49] [SUCCESS] bvid=BV1n5DWBZEQL 已成功抓取全部所需数据。
[2026-04-14 07:31:49] [INFO] 当前 batch_crawl 已完成，所有视频均已成功抓取。
[2026-04-14 07:31:49] 子任务结束时间：2026-04-14T07:31:49.307326
[TIMESTAMP][END] 2026-04-14T07:31:49
