[TIMESTAMP][BEGIN] 2026-04-14T09:34:23
[2026-04-14 09:34:25] 开始执行 CSV 批量抓取子任务 part_48。
[2026-04-14 09:34:25] 子任务开始时间：2026-04-14T09:34:23.306738
[2026-04-14 09:34:25] 输入文件：batch_input_48.csv
[2026-04-14 09:34:25] 输入唯一 bvid 数量：100
[2026-04-14 09:34:25] 为严格按 CSV 顺序判断连续失败阈值，本次任务自动将并发度从 2 调整为 1。
[2026-04-14 09:34:30] [SUCCESS] bvid=BV1tuDzB7E2P 已成功抓取全部所需数据。
[2026-04-14 09:34:41] [SUCCESS] bvid=BV1zFDiBdEsm 已成功抓取全部所需数据。
[2026-04-14 09:34:53] [SUCCESS] bvid=BV1JiDiBwEXd 已成功抓取全部所需数据。
[2026-04-14 09:35:11] [SUCCESS] bvid=BV1SyDzBpEQz 已成功抓取全部所需数据。
[2026-04-14 09:35:16] [SUCCESS] bvid=BV1QrDzBsE6R 已成功抓取全部所需数据。
[2026-04-14 09:35:20] [SUCCESS] bvid=BV1U1DzBQEW2 已成功抓取全部所需数据。
[2026-04-14 09:35:32] [SUCCESS] bvid=BV1obDzBYESi 已成功抓取全部所需数据。
[2026-04-14 09:35:38] [SUCCESS] bvid=BV1GrDzBxEW7 已成功抓取全部所需数据。
[2026-04-14 09:35:43] [SUCCESS] bvid=BV12UDzBSESs 已成功抓取全部所需数据。
[2026-04-14 09:35:48] [SUCCESS] bvid=BV1UmDzBnEir 已成功抓取全部所需数据。
[2026-04-14 09:35:53] [SUCCESS] bvid=BV1ZtDzBPEFc 已成功抓取全部所需数据。
[2026-04-14 09:36:07] [SUCCESS] bvid=BV1pqDBBuEU9 已成功抓取全部所需数据。
[2026-04-14 09:36:18] [SUCCESS] bvid=BV198DvBjEdC 已成功抓取全部所需数据。
[2026-04-14 09:36:23] [SUCCESS] bvid=BV1WxDeBcEHV 已成功抓取全部所需数据。
[2026-04-14 09:36:35] [SUCCESS] bvid=BV1yvD6BEE7S 已成功抓取全部所需数据。
[2026-04-14 09:36:41] [SUCCESS] bvid=BV1MmDzBHEuV 已成功抓取全部所需数据。
[2026-04-14 09:36:46] [SUCCESS] bvid=BV1ohDzBwEQo 已成功抓取全部所需数据。
[2026-04-14 09:36:51] [SUCCESS] bvid=BV1jaDzBaEwH 已成功抓取全部所需数据。
[2026-04-14 09:36:57] [SUCCESS] bvid=BV1RaDzBhEJH 已成功抓取全部所需数据。
[2026-04-14 09:37:01] [SUCCESS] bvid=BV1ZtDzBPEHF 已成功抓取全部所需数据。
[2026-04-14 09:37:12] [SUCCESS] bvid=BV1ZbDzBYEqt 已成功抓取全部所需数据。
[2026-04-14 09:37:23] [SUCCESS] bvid=BV1ZbDzBYEtK 已成功抓取全部所需数据。
[2026-04-14 09:37:28] [SUCCESS] bvid=BV1ZbDzBYEYx 已成功抓取全部所需数据。
[2026-04-14 09:37:29] [ERROR] bvid=BV19iDzBZE93 抓取失败：stat: 接口返回错误代码：62002，信息：稿件不可见。
{'code': 62002, 'message': '稿件不可见', 'ttl': 1} | comment: 接口返回错误代码：62002，信息：稿件不可见。
{'code': 62002, 'message': '稿件不可见', 'ttl': 1}
[2026-04-14 09:37:33] [SUCCESS] bvid=BV1XBDzB4E8V 已成功抓取全部所需数据。
[2026-04-14 09:37:34] [ERROR] bvid=BV15BDzBtEMe 抓取失败：stat: 接口返回错误代码：62002，信息：稿件不可见。
{'code': 62002, 'message': '稿件不可见', 'ttl': 1} | comment: 接口返回错误代码：62002，信息：稿件不可见。
{'code': 62002, 'message': '稿件不可见', 'ttl': 1}
[2026-04-14 09:37:38] [SUCCESS] bvid=BV1LeDzBcEa6 已成功抓取全部所需数据。
[2026-04-14 09:37:43] [SUCCESS] bvid=BV1uUD8BfE8S 已成功抓取全部所需数据。
[2026-04-14 09:37:44] [ERROR] bvid=BV1deDzBFEJW 抓取失败：stat: 接口返回错误代码：62002，信息：稿件不可见。
{'code': 62002, 'message': '稿件不可见', 'ttl': 1} | comment: 接口返回错误代码：62002，信息：稿件不可见。
{'code': 62002, 'message': '稿件不可见', 'ttl': 1}
[2026-04-14 09:37:55] [SUCCESS] bvid=BV1yzDhB9EPe 已成功抓取全部所需数据。
[2026-04-14 09:38:06] [SUCCESS] bvid=BV1RvDzBbEC4 已成功抓取全部所需数据。
[2026-04-14 09:38:18] [SUCCESS] bvid=BV1BuD6BKEYU 已成功抓取全部所需数据。
[2026-04-14 09:38:28] [SUCCESS] bvid=BV1BuD6BKESv 已成功抓取全部所需数据。
[2026-04-14 09:38:33] [SUCCESS] bvid=BV16KD6BMEjX 已成功抓取全部所需数据。
[2026-04-14 09:38:38] [SUCCESS] bvid=BV16KD6BMEwm 已成功抓取全部所需数据。
[2026-04-14 09:38:43] [SUCCESS] bvid=BV1iVD6BeEuk 已成功抓取全部所需数据。
[2026-04-14 09:38:49] [SUCCESS] bvid=BV1vVD6BYEsP 已成功抓取全部所需数据。
[2026-04-14 09:38:55] [SUCCESS] bvid=BV1vLD6BwECz 已成功抓取全部所需数据。
[2026-04-14 09:39:06] [SUCCESS] bvid=BV1JeDeBREk9 已成功抓取全部所需数据。
[2026-04-14 09:39:18] [SUCCESS] bvid=BV1DYDYBiEWL 已成功抓取全部所需数据。
[2026-04-14 09:39:30] [SUCCESS] bvid=BV1AgDvBcE97 已成功抓取全部所需数据。
[2026-04-14 09:39:35] [SUCCESS] bvid=BV1XHSoBMEAY 已成功抓取全部所需数据。
[2026-04-14 09:39:40] [SUCCESS] bvid=BV1Lt9gBpEGq 已成功抓取全部所需数据。
[2026-04-14 09:39:51] [SUCCESS] bvid=BV1u9DaBPEk7 已成功抓取全部所需数据。
[2026-04-14 09:40:03] [SUCCESS] bvid=BV1qZSSBhEmv 已成功抓取全部所需数据。
[2026-04-14 09:40:08] [SUCCESS] bvid=BV1YZDBBREbs 已成功抓取全部所需数据。
[2026-04-14 09:40:19] [SUCCESS] bvid=BV1tJDeBNEDv 已成功抓取全部所需数据。
[2026-04-14 09:40:30] [SUCCESS] bvid=BV1yRDzB1EFv 已成功抓取全部所需数据。
[2026-04-14 09:40:36] [SUCCESS] bvid=BV12QDzBmEBx 已成功抓取全部所需数据。
[2026-04-14 09:40:41] [SUCCESS] bvid=BV129DzBjEsx 已成功抓取全部所需数据。
[2026-04-14 09:40:53] [SUCCESS] bvid=BV129DzBjENN 已成功抓取全部所需数据。
[2026-04-14 09:40:58] [SUCCESS] bvid=BV1SbD6BpE53 已成功抓取全部所需数据。
[2026-04-14 09:41:10] [SUCCESS] bvid=BV1WvD6BEEXv 已成功抓取全部所需数据。
[2026-04-14 09:41:15] [SUCCESS] bvid=BV1xiD6BmE3T 已成功抓取全部所需数据。
[2026-04-14 09:41:20] [SUCCESS] bvid=BV1siD6BmESk 已成功抓取全部所需数据。
[2026-04-14 09:41:26] [SUCCESS] bvid=BV1anD6BZEm6 已成功抓取全部所需数据。
[2026-04-14 09:41:31] [SUCCESS] bvid=BV1rfDqBNEip 已成功抓取全部所需数据。
[2026-04-14 09:41:44] [SUCCESS] bvid=BV1m2DqBVE9v 已成功抓取全部所需数据。
[2026-04-14 09:41:49] [SUCCESS] bvid=BV1QBDqBUEhh 已成功抓取全部所需数据。
[2026-04-14 09:41:54] [SUCCESS] bvid=BV19hDqBWE6w 已成功抓取全部所需数据。
[2026-04-14 09:42:06] [SUCCESS] bvid=BV19aDqBXEV2 已成功抓取全部所需数据。
[2026-04-14 09:42:17] [SUCCESS] bvid=BV1eLDBBWEsv 已成功抓取全部所需数据。
[2026-04-14 09:42:22] [SUCCESS] bvid=BV1eLDBBWEWv 已成功抓取全部所需数据。
[2026-04-14 09:42:33] [SUCCESS] bvid=BV1acDzBXEgj 已成功抓取全部所需数据。
[2026-04-14 09:42:38] [SUCCESS] bvid=BV13cDzBXE71 已成功抓取全部所需数据。
[2026-04-14 09:42:49] [SUCCESS] bvid=BV1qADiBXEeV 已成功抓取全部所需数据。
[2026-04-14 09:42:54] [SUCCESS] bvid=BV16fDvB4EGq 已成功抓取全部所需数据。
[2026-04-14 09:42:59] [SUCCESS] bvid=BV1euDiBSEqZ 已成功抓取全部所需数据。
[2026-04-14 09:43:04] [SUCCESS] bvid=BV1iNDiBpEMJ 已成功抓取全部所需数据。
[2026-04-14 09:43:09] [SUCCESS] bvid=BV1kQDvBwEvT 已成功抓取全部所需数据。
[2026-04-14 09:43:14] [SUCCESS] bvid=BV1CUDvBPEfz 已成功抓取全部所需数据。
[2026-04-14 09:43:19] [SUCCESS] bvid=BV1y8DiBKERe 已成功抓取全部所需数据。
[2026-04-14 09:43:24] [SUCCESS] bvid=BV1NcDYBbEJ9 已成功抓取全部所需数据。
[2026-04-14 09:43:29] [SUCCESS] bvid=BV15t9gBpE6G 已成功抓取全部所需数据。
[2026-04-14 09:43:34] [SUCCESS] bvid=BV1shDiBvEjy 已成功抓取全部所需数据。
[2026-04-14 09:43:40] [SUCCESS] bvid=BV1WhDiBvEMN 已成功抓取全部所需数据。
[2026-04-14 09:43:45] [SUCCESS] bvid=BV135DiB7EsW 已成功抓取全部所需数据。
[2026-04-14 09:43:50] [SUCCESS] bvid=BV18oDiBmE91 已成功抓取全部所需数据。
[2026-04-14 09:43:55] [SUCCESS] bvid=BV1h5DiBjEYi 已成功抓取全部所需数据。
[2026-04-14 09:44:00] [SUCCESS] bvid=BV1e3DiBEETK 已成功抓取全部所需数据。
[2026-04-14 09:44:05] [SUCCESS] bvid=BV1a3DiBEEfN 已成功抓取全部所需数据。
[2026-04-14 09:44:11] [SUCCESS] bvid=BV1Y3DiBEEX6 已成功抓取全部所需数据。
[2026-04-14 09:44:16] [SUCCESS] bvid=BV193DiBEEqY 已成功抓取全部所需数据。
[2026-04-14 09:44:21] [SUCCESS] bvid=BV1UnDiBGEnu 已成功抓取全部所需数据。
[2026-04-14 09:44:26] [SUCCESS] bvid=BV18nDiBGEjq 已成功抓取全部所需数据。
[2026-04-14 09:44:31] [SUCCESS] bvid=BV1h7DiB5EpF 已成功抓取全部所需数据。
[2026-04-14 09:44:36] [SUCCESS] bvid=BV18EDiBCE7r 已成功抓取全部所需数据。
[2026-04-14 09:44:41] [SUCCESS] bvid=BV1GXDiBnEmH 已成功抓取全部所需数据。
[2026-04-14 09:44:47] [SUCCESS] bvid=BV1bEDiBCEYC 已成功抓取全部所需数据。
[2026-04-14 09:44:52] [SUCCESS] bvid=BV1DEDiBCEAL 已成功抓取全部所需数据。
[2026-04-14 09:44:57] [SUCCESS] bvid=BV1eXDiBnE5N 已成功抓取全部所需数据。
[2026-04-14 09:45:02] [SUCCESS] bvid=BV1LmDiB9ES4 已成功抓取全部所需数据。
[2026-04-14 09:45:13] [SUCCESS] bvid=BV1gfDiBjEqB 已成功抓取全部所需数据。
[2026-04-14 09:45:18] [SUCCESS] bvid=BV15mDiB9E69 已成功抓取全部所需数据。
[2026-04-14 09:45:24] [SUCCESS] bvid=BV1V2DeB2Eto 已成功抓取全部所需数据。
[2026-04-14 09:45:28] [SUCCESS] bvid=BV1RrDaBGEng 已成功抓取全部所需数据。
[2026-04-14 09:45:33] [SUCCESS] bvid=BV1hoDiBmEDM 已成功抓取全部所需数据。
[2026-04-14 09:45:38] [SUCCESS] bvid=BV1gfDiBjEXu 已成功抓取全部所需数据。
[2026-04-14 09:45:43] [SUCCESS] bvid=BV1GdDiBEE7w 已成功抓取全部所需数据。
[2026-04-14 09:46:02] [SUCCESS] bvid=BV1GdDiBEEyL 已成功抓取全部所需数据。
[2026-04-14 09:46:02] [WARN] 当前子任务已结束，但仍有未成功抓取的视频，已导出 remaining CSV 供继续执行。
[2026-04-14 09:46:02] [INFO] 已导出剔除成功条目后的剩余 CSV：D:\Schoolworks\Thesis\Bilibili-Datahub\outputs\video_data\manual_crawls\manual_crawl_stat_comment_20260413_211529\remaining_bvids_part_48.csv
[2026-04-14 09:46:02] 子任务结束时间：2026-04-14T09:46:02.110111
[TIMESTAMP][END] 2026-04-14T09:46:02
