[TIMESTAMP][BEGIN] 2026-04-14T02:50:03
[2026-04-14 02:50:05] 开始执行 CSV 批量抓取子任务 part_15。
[2026-04-14 02:50:05] 子任务开始时间：2026-04-14T02:50:03.733697
[2026-04-14 02:50:05] 输入文件：batch_input_15.csv
[2026-04-14 02:50:05] 输入唯一 bvid 数量：100
[2026-04-14 02:50:05] 为严格按 CSV 顺序判断连续失败阈值，本次任务自动将并发度从 2 调整为 1。
[2026-04-14 02:50:17] [SUCCESS] bvid=BV1gXDCBeE1M 已成功抓取全部所需数据。
[2026-04-14 02:50:22] [SUCCESS] bvid=BV1dqDCBCEDx 已成功抓取全部所需数据。
[2026-04-14 02:50:27] [SUCCESS] bvid=BV1fiDCB5Eu3 已成功抓取全部所需数据。
[2026-04-14 02:50:33] [SUCCESS] bvid=BV1ZqDCBCEYi 已成功抓取全部所需数据。
[2026-04-14 02:50:45] [SUCCESS] bvid=BV1jqDCByEtA 已成功抓取全部所需数据。
[2026-04-14 02:50:50] [SUCCESS] bvid=BV1gdQMBBEGF 已成功抓取全部所需数据。
[2026-04-14 02:50:56] [SUCCESS] bvid=BV1FYDCB7E3D 已成功抓取全部所需数据。
[2026-04-14 02:51:01] [SUCCESS] bvid=BV1LkDCB3E4i 已成功抓取全部所需数据。
[2026-04-14 02:51:06] [SUCCESS] bvid=BV1LkDCB3Eib 已成功抓取全部所需数据。
[2026-04-14 02:51:11] [SUCCESS] bvid=BV1R6DCBrEyX 已成功抓取全部所需数据。
[2026-04-14 02:51:17] [SUCCESS] bvid=BV1LkDCB3EVS 已成功抓取全部所需数据。
[2026-04-14 02:51:29] [SUCCESS] bvid=BV18RQKBhEtz 已成功抓取全部所需数据。
[2026-04-14 02:51:35] [SUCCESS] bvid=BV1VCDCB6EYx 已成功抓取全部所需数据。
[2026-04-14 02:51:40] [SUCCESS] bvid=BV1dzDCBGEoH 已成功抓取全部所需数据。
[2026-04-14 02:51:46] [SUCCESS] bvid=BV1vTQMB3EYh 已成功抓取全部所需数据。
[2026-04-14 02:51:51] [SUCCESS] bvid=BV1jzDCBVEFm 已成功抓取全部所需数据。
[2026-04-14 02:51:56] [SUCCESS] bvid=BV1d6DCBrExZ 已成功抓取全部所需数据。
[2026-04-14 02:52:01] [SUCCESS] bvid=BV1o6DCBrEcT 已成功抓取全部所需数据。
[2026-04-14 02:52:06] [SUCCESS] bvid=BV1R6DCBrEeD 已成功抓取全部所需数据。
[2026-04-14 02:52:11] [SUCCESS] bvid=BV1wgDvBcERX 已成功抓取全部所需数据。
[2026-04-14 02:52:16] [SUCCESS] bvid=BV1HiDiBwEdZ 已成功抓取全部所需数据。
[2026-04-14 02:52:28] [SUCCESS] bvid=BV1uZQMBTEas 已成功抓取全部所需数据。
[2026-04-14 02:52:33] [SUCCESS] bvid=BV1jWQuBJEpi 已成功抓取全部所需数据。
[2026-04-14 02:52:39] [SUCCESS] bvid=BV1hZDsB7E6n 已成功抓取全部所需数据。
[2026-04-14 02:52:45] [SUCCESS] bvid=BV1gQDaBvExt 已成功抓取全部所需数据。
[2026-04-14 02:52:50] [SUCCESS] bvid=BV1N4QMBbENs 已成功抓取全部所需数据。
[2026-04-14 02:53:01] [SUCCESS] bvid=BV1pEQwBzE47 已成功抓取全部所需数据。
[2026-04-14 02:53:06] [SUCCESS] bvid=BV1YMQMB6EC6 已成功抓取全部所需数据。
[2026-04-14 02:53:18] [SUCCESS] bvid=BV1eMQMB6E3b 已成功抓取全部所需数据。
[2026-04-14 02:53:29] [SUCCESS] bvid=BV1XMQMB6ERB 已成功抓取全部所需数据。
[2026-04-14 02:53:34] [SUCCESS] bvid=BV1tSQwBEEaa 已成功抓取全部所需数据。
[2026-04-14 02:53:45] [SUCCESS] bvid=BV1X3QMBBER5 已成功抓取全部所需数据。
[2026-04-14 02:53:51] [SUCCESS] bvid=BV185QMBiEzZ 已成功抓取全部所需数据。
[2026-04-14 02:53:56] [SUCCESS] bvid=BV1aVQMBTEpD 已成功抓取全部所需数据。
[2026-04-14 02:54:01] [SUCCESS] bvid=BV1hVQMBTEc7 已成功抓取全部所需数据。
[2026-04-14 02:54:06] [SUCCESS] bvid=BV1aVQMBTEJQ 已成功抓取全部所需数据。
[2026-04-14 02:54:11] [SUCCESS] bvid=BV1hVQMBTExw 已成功抓取全部所需数据。
[2026-04-14 02:54:16] [SUCCESS] bvid=BV1agQMBuE8X 已成功抓取全部所需数据。
[2026-04-14 02:54:21] [SUCCESS] bvid=BV1agQMBuE48 已成功抓取全部所需数据。
[2026-04-14 02:54:26] [SUCCESS] bvid=BV1agQMBuE8H 已成功抓取全部所需数据。
[2026-04-14 02:54:31] [SUCCESS] bvid=BV1hgQMBuEdo 已成功抓取全部所需数据。
[2026-04-14 02:54:43] [SUCCESS] bvid=BV1a3QMBBEtU 已成功抓取全部所需数据。
[2026-04-14 02:54:49] [SUCCESS] bvid=BV1X3QMBBEQ7 已成功抓取全部所需数据。
[2026-04-14 02:54:54] [SUCCESS] bvid=BV1Q3QMBBE8T 已成功抓取全部所需数据。
[2026-04-14 02:54:59] [SUCCESS] bvid=BV1zRQTBJEo4 已成功抓取全部所需数据。
[2026-04-14 02:55:11] [SUCCESS] bvid=BV16RQTBJEyR 已成功抓取全部所需数据。
[2026-04-14 02:55:29] [SUCCESS] bvid=BV1rRQTBJEun 已成功抓取全部所需数据。
[2026-04-14 02:55:41] [SUCCESS] bvid=BV1BdQTBUERT 已成功抓取全部所需数据。
[2026-04-14 02:55:46] [SUCCESS] bvid=BV1zdQTBUEjF 已成功抓取全部所需数据。
[2026-04-14 02:55:51] [SUCCESS] bvid=BV16dQTBUE7t 已成功抓取全部所需数据。
[2026-04-14 02:55:56] [SUCCESS] bvid=BV1BdQTBUE9R 已成功抓取全部所需数据。
[2026-04-14 02:56:02] [SUCCESS] bvid=BV1FdQTBSEad 已成功抓取全部所需数据。
[2026-04-14 02:56:13] [SUCCESS] bvid=BV1ndQTBSEsE 已成功抓取全部所需数据。
[2026-04-14 02:56:19] [SUCCESS] bvid=BV1FdQTBSE2U 已成功抓取全部所需数据。
[2026-04-14 02:56:24] [SUCCESS] bvid=BV1rQQTBHEiY 已成功抓取全部所需数据。
[2026-04-14 02:56:24] [ERROR] bvid=BV1pQQTBpEs8 抓取失败：stat: 接口返回错误代码：62002，信息：稿件不可见。
{'code': 62002, 'message': '稿件不可见', 'ttl': 1} | comment: 接口返回错误代码：62002，信息：稿件不可见。
{'code': 62002, 'message': '稿件不可见', 'ttl': 1}
[2026-04-14 02:56:29] [SUCCESS] bvid=BV1rQQTBHEgn 已成功抓取全部所需数据。
[2026-04-14 02:56:34] [SUCCESS] bvid=BV1ZwQMByEgW 已成功抓取全部所需数据。
[2026-04-14 02:56:39] [SUCCESS] bvid=BV1iwQMByEJM 已成功抓取全部所需数据。
[2026-04-14 02:56:50] [SUCCESS] bvid=BV1dwQMByEy1 已成功抓取全部所需数据。
[2026-04-14 02:57:01] [SUCCESS] bvid=BV1ZCDfBREbR 已成功抓取全部所需数据。
[2026-04-14 02:57:06] [SUCCESS] bvid=BV1qwQMByEvM 已成功抓取全部所需数据。
[2026-04-14 02:57:11] [SUCCESS] bvid=BV1ZwQMByENM 已成功抓取全部所需数据。
[2026-04-14 02:57:23] [SUCCESS] bvid=BV1iwQMByED4 已成功抓取全部所需数据。
[2026-04-14 02:57:41] [SUCCESS] bvid=BV1qfQTB2EtT 已成功抓取全部所需数据。
[2026-04-14 02:57:47] [SUCCESS] bvid=BV114QMBtE53 已成功抓取全部所需数据。
[2026-04-14 02:58:04] [SUCCESS] bvid=BV19mQKBKEb8 已成功抓取全部所需数据。
[2026-04-14 02:58:15] [SUCCESS] bvid=BV1gaQNBtEKX 已成功抓取全部所需数据。
[2026-04-14 02:58:27] [SUCCESS] bvid=BV1H3DZBZEUi 已成功抓取全部所需数据。
[2026-04-14 02:58:32] [SUCCESS] bvid=BV1qfQTB2Et9 已成功抓取全部所需数据。
[2026-04-14 02:58:37] [SUCCESS] bvid=BV1W8QMBxELg 已成功抓取全部所需数据。
[2026-04-14 02:58:55] [SUCCESS] bvid=BV1BfQTB2ECk 已成功抓取全部所需数据。
[2026-04-14 02:59:06] [SUCCESS] bvid=BV1BfQTB2ELq 已成功抓取全部所需数据。
[2026-04-14 02:59:18] [SUCCESS] bvid=BV1whQMBdE4F 已成功抓取全部所需数据。
[2026-04-14 02:59:23] [SUCCESS] bvid=BV1HYQMBWE9x 已成功抓取全部所需数据。
[2026-04-14 02:59:29] [SUCCESS] bvid=BV1ptQMBoEU8 已成功抓取全部所需数据。
[2026-04-14 02:59:33] [SUCCESS] bvid=BV1nYQMBWEkA 已成功抓取全部所需数据。
[2026-04-14 02:59:39] [SUCCESS] bvid=BV1WtQMBoEqx 已成功抓取全部所需数据。
[2026-04-14 02:59:39] [ERROR] bvid=BV1EqQMBDEF2 抓取失败：stat: 接口返回错误代码：62002，信息：稿件不可见。
{'code': 62002, 'message': '稿件不可见', 'ttl': 1} | comment: 接口返回错误代码：62002，信息：稿件不可见。
{'code': 62002, 'message': '稿件不可见', 'ttl': 1}
[2026-04-14 02:59:51] [SUCCESS] bvid=BV1W8QMBxENF 已成功抓取全部所需数据。
[2026-04-14 02:59:56] [SUCCESS] bvid=BV1EzQMBJEaa 已成功抓取全部所需数据。
[2026-04-14 03:00:01] [SUCCESS] bvid=BV17zQMBJEyA 已成功抓取全部所需数据。
[2026-04-14 03:00:12] [SUCCESS] bvid=BV1bJQMBAEK2 已成功抓取全部所需数据。
[2026-04-14 03:00:18] [SUCCESS] bvid=BV1ssQMBfEHm 已成功抓取全部所需数据。
[2026-04-14 03:00:31] [SUCCESS] bvid=BV1UnQMBaEYe 已成功抓取全部所需数据。
[2026-04-14 03:00:49] [SUCCESS] bvid=BV187QMBeEAz 已成功抓取全部所需数据。
[2026-04-14 03:01:01] [SUCCESS] bvid=BV13wQwBHETi 已成功抓取全部所需数据。
[2026-04-14 03:01:06] [SUCCESS] bvid=BV1nqDiBhEz6 已成功抓取全部所需数据。
[2026-04-14 03:01:11] [SUCCESS] bvid=BV1Z3QABAEmZ 已成功抓取全部所需数据。
[2026-04-14 03:01:12] [ERROR] bvid=BV19JQABoED1 抓取失败：stat: 接口返回错误代码：62012，信息：62012。
{'code': 62012, 'message': '62012', 'ttl': 1} | comment: 接口返回错误代码：62012，信息：62012。
{'code': 62012, 'message': '62012', 'ttl': 1}
[2026-04-14 03:01:30] [SUCCESS] bvid=BV1s4QMBtEmX 已成功抓取全部所需数据。
[2026-04-14 03:01:41] [SUCCESS] bvid=BV1gZQMBTEW4 已成功抓取全部所需数据。
[2026-04-14 03:01:46] [SUCCESS] bvid=BV13XQMB6E5t 已成功抓取全部所需数据。
[2026-04-14 03:01:51] [SUCCESS] bvid=BV1KwQuBeE8G 已成功抓取全部所需数据。
[2026-04-14 03:02:02] [SUCCESS] bvid=BV1GXQMB6EbX 已成功抓取全部所需数据。
[2026-04-14 03:02:08] [SUCCESS] bvid=BV1hRQMBuEJB 已成功抓取全部所需数据。
[2026-04-14 03:02:13] [SUCCESS] bvid=BV1aRQMBuEU7 已成功抓取全部所需数据。
[2026-04-14 03:02:18] [SUCCESS] bvid=BV1ucQuBNE7G 已成功抓取全部所需数据。
[2026-04-14 03:02:29] [SUCCESS] bvid=BV1KPQuBAEEC 已成功抓取全部所需数据。
[2026-04-14 03:02:42] [SUCCESS] bvid=BV12PQuBAEhx 已成功抓取全部所需数据。
[2026-04-14 03:02:42] [WARN] 当前子任务已结束，但仍有未成功抓取的视频，已导出 remaining CSV 供继续执行。
[2026-04-14 03:02:42] [INFO] 已导出剔除成功条目后的剩余 CSV：D:\Schoolworks\Thesis\Bilibili-Datahub\outputs\video_data\manual_crawls\manual_crawl_stat_comment_20260413_211529\remaining_bvids_part_15.csv
[2026-04-14 03:02:42] 子任务结束时间：2026-04-14T03:02:42.214009
[TIMESTAMP][END] 2026-04-14T03:02:42
