[TIMESTAMP][BEGIN] 2026-04-14T05:46:25
[2026-04-14 05:46:27] 开始执行 CSV 批量抓取子任务 part_29。
[2026-04-14 05:46:27] 子任务开始时间：2026-04-14T05:46:25.045201
[2026-04-14 05:46:27] 输入文件：batch_input_29.csv
[2026-04-14 05:46:27] 输入唯一 bvid 数量：100
[2026-04-14 05:46:27] 为严格按 CSV 顺序判断连续失败阈值，本次任务自动将并发度从 2 调整为 1。
[2026-04-14 05:46:32] [SUCCESS] bvid=BV1hDDpB5EQ4 已成功抓取全部所需数据。
[2026-04-14 05:46:37] [SUCCESS] bvid=BV1msD4BmEG4 已成功抓取全部所需数据。
[2026-04-14 05:46:49] [SUCCESS] bvid=BV1uJDsB5Eph 已成功抓取全部所需数据。
[2026-04-14 05:46:54] [SUCCESS] bvid=BV1RGDbBeExU 已成功抓取全部所需数据。
[2026-04-14 05:46:59] [SUCCESS] bvid=BV1PRDxBuET9 已成功抓取全部所需数据。
[2026-04-14 05:47:10] [SUCCESS] bvid=BV1T1DxBLE5e 已成功抓取全部所需数据。
[2026-04-14 05:47:15] [SUCCESS] bvid=BV1ZbDzBYEzL 已成功抓取全部所需数据。
[2026-04-14 05:47:20] [SUCCESS] bvid=BV1isDxBfEy2 已成功抓取全部所需数据。
[2026-04-14 05:47:25] [SUCCESS] bvid=BV16dDZBZE1k 已成功抓取全部所需数据。
[2026-04-14 05:47:31] [SUCCESS] bvid=BV1CQDWBYEu1 已成功抓取全部所需数据。
[2026-04-14 05:47:42] [SUCCESS] bvid=BV12TDxB3Ez9 已成功抓取全部所需数据。
[2026-04-14 05:47:54] [SUCCESS] bvid=BV1j4DxBtEyi 已成功抓取全部所需数据。
[2026-04-14 05:48:00] [SUCCESS] bvid=BV1Y8DZB1Ens 已成功抓取全部所需数据。
[2026-04-14 05:48:05] [SUCCESS] bvid=BV1e4DZBmE22 已成功抓取全部所需数据。
[2026-04-14 05:48:10] [SUCCESS] bvid=BV1i4DZBmEhw 已成功抓取全部所需数据。
[2026-04-14 05:48:21] [SUCCESS] bvid=BV1giDZBrESX 已成功抓取全部所需数据。
[2026-04-14 05:48:25] [SUCCESS] bvid=BV13iDZBrEiH 已成功抓取全部所需数据。
[2026-04-14 05:48:30] [SUCCESS] bvid=BV1hiDZBrEJe 已成功抓取全部所需数据。
[2026-04-14 05:48:42] [SUCCESS] bvid=BV1hBDZBgEur 已成功抓取全部所需数据。
[2026-04-14 05:48:46] [SUCCESS] bvid=BV1GYDZBCEbL 已成功抓取全部所需数据。
[2026-04-14 05:48:51] [SUCCESS] bvid=BV1qUD4BwEGB 已成功抓取全部所需数据。
[2026-04-14 05:48:56] [SUCCESS] bvid=BV1EcDfBsETa 已成功抓取全部所需数据。
[2026-04-14 05:49:01] [SUCCESS] bvid=BV1HFDbBCEyq 已成功抓取全部所需数据。
[2026-04-14 05:49:06] [SUCCESS] bvid=BV1dMD4BbEuu 已成功抓取全部所需数据。
[2026-04-14 05:49:11] [SUCCESS] bvid=BV1wRDxBuErM 已成功抓取全部所需数据。
[2026-04-14 05:49:28] [SUCCESS] bvid=BV1avDZBGEjB 已成功抓取全部所需数据。
[2026-04-14 05:49:33] [SUCCESS] bvid=BV1dTDfBJEZs 已成功抓取全部所需数据。
[2026-04-14 05:49:38] [SUCCESS] bvid=BV1SmDtBQETY 已成功抓取全部所需数据。
[2026-04-14 05:49:43] [SUCCESS] bvid=BV19MDfBUEXM 已成功抓取全部所需数据。
[2026-04-14 05:49:55] [SUCCESS] bvid=BV1ZPDfBHEq9 已成功抓取全部所需数据。
[2026-04-14 05:50:01] [SUCCESS] bvid=BV1eMDfBSEXd 已成功抓取全部所需数据。
[2026-04-14 05:50:06] [SUCCESS] bvid=BV1BPDfBpEmz 已成功抓取全部所需数据。
[2026-04-14 05:50:18] [SUCCESS] bvid=BV1oNDfBDEq1 已成功抓取全部所需数据。
[2026-04-14 05:50:29] [SUCCESS] bvid=BV17NDfBQEPS 已成功抓取全部所需数据。
[2026-04-14 05:50:34] [SUCCESS] bvid=BV19VDfBLE8U 已成功抓取全部所需数据。
[2026-04-14 05:50:39] [SUCCESS] bvid=BV1XVDfBLEAk 已成功抓取全部所需数据。
[2026-04-14 05:50:51] [SUCCESS] bvid=BV1ZwDfBXENx 已成功抓取全部所需数据。
[2026-04-14 05:50:56] [SUCCESS] bvid=BV1Q5DfByEnd 已成功抓取全部所需数据。
[2026-04-14 05:51:02] [SUCCESS] bvid=BV1RgDfB7ERY 已成功抓取全部所需数据。
[2026-04-14 05:51:07] [SUCCESS] bvid=BV19gDfB7EY3 已成功抓取全部所需数据。
[2026-04-14 05:51:12] [SUCCESS] bvid=BV1FnDjBrEi3 已成功抓取全部所需数据。
[2026-04-14 05:51:23] [SUCCESS] bvid=BV1MzDvB3EDz 已成功抓取全部所需数据。
[2026-04-14 05:51:28] [SUCCESS] bvid=BV1Kv9KBAEyb 已成功抓取全部所需数据。
[2026-04-14 05:51:33] [SUCCESS] bvid=BV1Kv9KBwERg 已成功抓取全部所需数据。
[2026-04-14 05:51:39] [SUCCESS] bvid=BV1NUDWBvE38 已成功抓取全部所需数据。
[2026-04-14 05:51:50] [SUCCESS] bvid=BV1gCDtBsEU4 已成功抓取全部所需数据。
[2026-04-14 05:52:02] [SUCCESS] bvid=BV1MkDxB7EkY 已成功抓取全部所需数据。
[2026-04-14 05:52:20] [SUCCESS] bvid=BV1ZZDHBSEve 已成功抓取全部所需数据。
[2026-04-14 05:52:26] [SUCCESS] bvid=BV1mLDnB8Ehq 已成功抓取全部所需数据。
[2026-04-14 05:52:30] [SUCCESS] bvid=BV12CDcBzEg3 已成功抓取全部所需数据。
[2026-04-14 05:52:36] [SUCCESS] bvid=BV1YYDxBWEne 已成功抓取全部所需数据。
[2026-04-14 05:52:41] [SUCCESS] bvid=BV1BzDpBQEP8 已成功抓取全部所需数据。
[2026-04-14 05:52:46] [SUCCESS] bvid=BV1LxDWBnEhH 已成功抓取全部所需数据。
[2026-04-14 05:52:51] [SUCCESS] bvid=BV16MDkByEda 已成功抓取全部所需数据。
[2026-04-14 05:52:56] [SUCCESS] bvid=BV1JWDtBME4o 已成功抓取全部所需数据。
[2026-04-14 05:53:01] [SUCCESS] bvid=BV1wFDbBCEw4 已成功抓取全部所需数据。
[2026-04-14 05:53:06] [SUCCESS] bvid=BV1MxDLBEE1v 已成功抓取全部所需数据。
[2026-04-14 05:53:12] [SUCCESS] bvid=BV1L8DxBxEnc 已成功抓取全部所需数据。
[2026-04-14 05:53:16] [SUCCESS] bvid=BV1yTDxB3EmS 已成功抓取全部所需数据。
[2026-04-14 05:53:21] [SUCCESS] bvid=BV1NcDkBnEnJ 已成功抓取全部所需数据。
[2026-04-14 05:53:26] [SUCCESS] bvid=BV19gDfB7Ejx 已成功抓取全部所需数据。
[2026-04-14 05:53:36] [SUCCESS] bvid=BV153DfBmEau 已成功抓取全部所需数据。
[2026-04-14 05:53:41] [SUCCESS] bvid=BV1R3DfBmEJY 已成功抓取全部所需数据。
[2026-04-14 05:53:52] [SUCCESS] bvid=BV1V3DfBmEhq 已成功抓取全部所需数据。
[2026-04-14 05:53:57] [SUCCESS] bvid=BV1wRDZBbExJ 已成功抓取全部所需数据。
[2026-04-14 05:54:08] [SUCCESS] bvid=BV1X3DfB2EDB 已成功抓取全部所需数据。
[2026-04-14 05:54:14] [SUCCESS] bvid=BV1ndDZBZEkD 已成功抓取全部所需数据。
[2026-04-14 05:54:19] [SUCCESS] bvid=BV1pQDZBhE18 已成功抓取全部所需数据。
[2026-04-14 05:54:24] [SUCCESS] bvid=BV1cdDZBZEN8 已成功抓取全部所需数据。
[2026-04-14 05:54:28] [SUCCESS] bvid=BV1FdDZBZESA 已成功抓取全部所需数据。
[2026-04-14 05:54:40] [SUCCESS] bvid=BV1cdDZBZE77 已成功抓取全部所需数据。
[2026-04-14 05:54:40] [ERROR] bvid=BV1PQDZBhExG 抓取失败：stat: 接口返回错误代码：62002，信息：稿件不可见。
{'code': 62002, 'message': '稿件不可见', 'ttl': 1} | comment: 接口返回错误代码：62002，信息：稿件不可见。
{'code': 62002, 'message': '稿件不可见', 'ttl': 1}
[2026-04-14 05:54:45] [SUCCESS] bvid=BV1A9DZBFE6v 已成功抓取全部所需数据。
[2026-04-14 05:54:55] [SUCCESS] bvid=BV1A9DZBFET8 已成功抓取全部所需数据。
[2026-04-14 05:55:00] [SUCCESS] bvid=BV1ZcDfBWEUJ 已成功抓取全部所需数据。
[2026-04-14 05:55:05] [SUCCESS] bvid=BV1ZwDfBXENL 已成功抓取全部所需数据。
[2026-04-14 05:55:10] [SUCCESS] bvid=BV1fcDfBWETH 已成功抓取全部所需数据。
[2026-04-14 05:55:21] [SUCCESS] bvid=BV16qDfBfEEq 已成功抓取全部所需数据。
[2026-04-14 05:55:26] [SUCCESS] bvid=BV1qoDJBCEvu 已成功抓取全部所需数据。
[2026-04-14 05:55:32] [SUCCESS] bvid=BV1cZDZB4EW6 已成功抓取全部所需数据。
[2026-04-14 05:55:37] [SUCCESS] bvid=BV1cZDZB4EYr 已成功抓取全部所需数据。
[2026-04-14 05:55:42] [SUCCESS] bvid=BV1yaDfBAE3Z 已成功抓取全部所需数据。
[2026-04-14 05:55:47] [SUCCESS] bvid=BV1PaDfBPE4d 已成功抓取全部所需数据。
[2026-04-14 05:55:58] [SUCCESS] bvid=BV1NaDfBPEcU 已成功抓取全部所需数据。
[2026-04-14 05:56:03] [SUCCESS] bvid=BV1UFDZBKEaB 已成功抓取全部所需数据。
[2026-04-14 05:56:09] [SUCCESS] bvid=BV1xuDtBmErk 已成功抓取全部所需数据。
[2026-04-14 05:56:20] [SUCCESS] bvid=BV11bDfBNEFh 已成功抓取全部所需数据。
[2026-04-14 05:56:24] [SUCCESS] bvid=BV11bDfBNE3z 已成功抓取全部所需数据。
[2026-04-14 05:56:30] [SUCCESS] bvid=BV17JDWBsE6T 已成功抓取全部所需数据。
[2026-04-14 05:56:35] [SUCCESS] bvid=BV1rvDfBcEk6 已成功抓取全部所需数据。
[2026-04-14 05:56:40] [SUCCESS] bvid=BV16kD4BKEYd 已成功抓取全部所需数据。
[2026-04-14 05:56:45] [SUCCESS] bvid=BV1hVDsBEE9b 已成功抓取全部所需数据。
[2026-04-14 05:56:56] [SUCCESS] bvid=BV1fcD4BPEZk 已成功抓取全部所需数据。
[2026-04-14 05:57:07] [SUCCESS] bvid=BV1r9DdBHE4B 已成功抓取全部所需数据。
[2026-04-14 05:57:13] [SUCCESS] bvid=BV1P3DqBMEFn 已成功抓取全部所需数据。
[2026-04-14 05:57:18] [SUCCESS] bvid=BV16zDfBtEMY 已成功抓取全部所需数据。
[2026-04-14 05:57:23] [SUCCESS] bvid=BV16zDfBtEfH 已成功抓取全部所需数据。
[2026-04-14 05:57:40] [SUCCESS] bvid=BV1SJDfB3EdK 已成功抓取全部所需数据。
[2026-04-14 05:57:45] [SUCCESS] bvid=BV1DJDfB3EJH 已成功抓取全部所需数据。
[2026-04-14 05:57:50] [SUCCESS] bvid=BV13jDfB5EKg 已成功抓取全部所需数据。
[2026-04-14 05:57:50] [WARN] 当前子任务已结束，但仍有未成功抓取的视频，已导出 remaining CSV 供继续执行。
[2026-04-14 05:57:50] [INFO] 已导出剔除成功条目后的剩余 CSV：D:\Schoolworks\Thesis\Bilibili-Datahub\outputs\video_data\manual_crawls\manual_crawl_stat_comment_20260413_211529\remaining_bvids_part_29.csv
[2026-04-14 05:57:50] 子任务结束时间：2026-04-14T05:57:50.986604
[TIMESTAMP][END] 2026-04-14T05:57:50
