[TIMESTAMP][BEGIN] 2026-04-14T03:30:08
[2026-04-14 03:30:10] 开始执行 CSV 批量抓取子任务 part_18。
[2026-04-14 03:30:10] 子任务开始时间：2026-04-14T03:30:08.223216
[2026-04-14 03:30:10] 输入文件：batch_input_18.csv
[2026-04-14 03:30:10] 输入唯一 bvid 数量：100
[2026-04-14 03:30:10] 为严格按 CSV 顺序判断连续失败阈值，本次任务自动将并发度从 2 调整为 1。
[2026-04-14 03:30:10] [ERROR] bvid=BV1u9QKBwEHg 抓取失败：stat: 接口返回错误代码：62002，信息：稿件不可见。
{'code': 62002, 'message': '稿件不可见', 'ttl': 1} | comment: 接口返回错误代码：62002，信息：稿件不可见。
{'code': 62002, 'message': '稿件不可见', 'ttl': 1}
[2026-04-14 03:30:16] [SUCCESS] bvid=BV1u9QKBwEsM 已成功抓取全部所需数据。
[2026-04-14 03:30:28] [SUCCESS] bvid=BV1cVQTBEE5j 已成功抓取全部所需数据。
[2026-04-14 03:30:34] [SUCCESS] bvid=BV1h9QKBwEWV 已成功抓取全部所需数据。
[2026-04-14 03:30:39] [SUCCESS] bvid=BV1CqQcBqEtj 已成功抓取全部所需数据。
[2026-04-14 03:30:44] [SUCCESS] bvid=BV16bQPB6EXz 已成功抓取全部所需数据。
[2026-04-14 03:30:49] [SUCCESS] bvid=BV1uRQKBhEmE 已成功抓取全部所需数据。
[2026-04-14 03:31:01] [SUCCESS] bvid=BV1gDQKBPEm6 已成功抓取全部所需数据。
[2026-04-14 03:31:06] [SUCCESS] bvid=BV13DQKBPEYH 已成功抓取全部所需数据。
[2026-04-14 03:31:24] [SUCCESS] bvid=BV1JhQPBuESZ 已成功抓取全部所需数据。
[2026-04-14 03:31:35] [SUCCESS] bvid=BV1aDQKBPEUq 已成功抓取全部所需数据。
[2026-04-14 03:31:46] [SUCCESS] bvid=BV13QQKBYEWE 已成功抓取全部所需数据。
[2026-04-14 03:31:51] [SUCCESS] bvid=BV1gQQKBYE76 已成功抓取全部所需数据。
[2026-04-14 03:31:57] [SUCCESS] bvid=BV1pgDZBbEpG 已成功抓取全部所需数据。
[2026-04-14 03:32:02] [SUCCESS] bvid=BV1tVQPBDEjy 已成功抓取全部所需数据。
[2026-04-14 03:32:20] [SUCCESS] bvid=BV14fQKBZECC 已成功抓取全部所需数据。
[2026-04-14 03:32:31] [SUCCESS] bvid=BV1KfQKBZEY9 已成功抓取全部所需数据。
[2026-04-14 03:32:36] [SUCCESS] bvid=BV1gEFDzVE5L 已成功抓取全部所需数据。
[2026-04-14 03:32:48] [SUCCESS] bvid=BV1gEFDzVEYT 已成功抓取全部所需数据。
[2026-04-14 03:32:53] [SUCCESS] bvid=BV1tfQKBZE6t 已成功抓取全部所需数据。
[2026-04-14 03:32:59] [SUCCESS] bvid=BV1GHQAB4EdF 已成功抓取全部所需数据。
[2026-04-14 03:33:05] [SUCCESS] bvid=BV1ggQPB9EMT 已成功抓取全部所需数据。
[2026-04-14 03:33:09] [SUCCESS] bvid=BV1M2QFBkEYu 已成功抓取全部所需数据。
[2026-04-14 03:33:14] [SUCCESS] bvid=BV1UuQwB1Exc 已成功抓取全部所需数据。
[2026-04-14 03:33:19] [SUCCESS] bvid=BV1r9DWBwEGj 已成功抓取全部所需数据。
[2026-04-14 03:33:25] [SUCCESS] bvid=BV1nqDiBhERx 已成功抓取全部所需数据。
[2026-04-14 03:33:30] [SUCCESS] bvid=BV1nmQABzEX5 已成功抓取全部所需数据。
[2026-04-14 03:33:49] [SUCCESS] bvid=BV16mQABBEqd 已成功抓取全部所需数据。
[2026-04-14 03:33:54] [SUCCESS] bvid=BV1YcQPBfE2K 已成功抓取全部所需数据。
[2026-04-14 03:33:59] [SUCCESS] bvid=BV1yYQcBgE4w 已成功抓取全部所需数据。
[2026-04-14 03:34:04] [SUCCESS] bvid=BV18AQwBSEhj 已成功抓取全部所需数据。
[2026-04-14 03:34:10] [SUCCESS] bvid=BV1uDQPBxEZf 已成功抓取全部所需数据。
[2026-04-14 03:34:15] [SUCCESS] bvid=BV15ZD6BYEkq 已成功抓取全部所需数据。
[2026-04-14 03:34:26] [SUCCESS] bvid=BV1CSQTBXExm 已成功抓取全部所需数据。
[2026-04-14 03:34:32] [SUCCESS] bvid=BV14uQwB1Efc 已成功抓取全部所需数据。
[2026-04-14 03:34:37] [SUCCESS] bvid=BV1MiQTBYE6q 已成功抓取全部所需数据。
[2026-04-14 03:34:42] [SUCCESS] bvid=BV1miQNB9E75 已成功抓取全部所需数据。
[2026-04-14 03:34:47] [SUCCESS] bvid=BV1BSQABTE2y 已成功抓取全部所需数据。
[2026-04-14 03:34:52] [SUCCESS] bvid=BV1QZDfBLEQw 已成功抓取全部所需数据。
[2026-04-14 03:34:57] [SUCCESS] bvid=BV16WDEBjEVo 已成功抓取全部所需数据。
[2026-04-14 03:35:02] [SUCCESS] bvid=BV1MZQKBbEHf 已成功抓取全部所需数据。
[2026-04-14 03:35:07] [SUCCESS] bvid=BV1TZQKBbExT 已成功抓取全部所需数据。
[2026-04-14 03:35:12] [SUCCESS] bvid=BV1LrQKBgEcB 已成功抓取全部所需数据。
[2026-04-14 03:35:17] [SUCCESS] bvid=BV1LrQKBgETo 已成功抓取全部所需数据。
[2026-04-14 03:35:22] [SUCCESS] bvid=BV1LrQKBgEHz 已成功抓取全部所需数据。
[2026-04-14 03:35:27] [SUCCESS] bvid=BV15kQKBzEdv 已成功抓取全部所需数据。
[2026-04-14 03:35:32] [SUCCESS] bvid=BV1zkDfBxEbS 已成功抓取全部所需数据。
[2026-04-14 03:35:43] [SUCCESS] bvid=BV1EBQKBGE3k 已成功抓取全部所需数据。
[2026-04-14 03:35:48] [SUCCESS] bvid=BV1jzQKBrEeo 已成功抓取全部所需数据。
[2026-04-14 03:35:53] [SUCCESS] bvid=BV1m6QTBfEzC 已成功抓取全部所需数据。
[2026-04-14 03:36:11] [SUCCESS] bvid=BV169QNBGEAS 已成功抓取全部所需数据。
[2026-04-14 03:36:24] [SUCCESS] bvid=BV1GmQKBTEiK 已成功抓取全部所需数据。
[2026-04-14 03:36:35] [SUCCESS] bvid=BV1GmQKBKE4L 已成功抓取全部所需数据。
[2026-04-14 03:36:40] [SUCCESS] bvid=BV1QUQKBvEfq 已成功抓取全部所需数据。
[2026-04-14 03:36:46] [SUCCESS] bvid=BV1aUQKBvE7a 已成功抓取全部所需数据。
[2026-04-14 03:36:52] [SUCCESS] bvid=BV1XUQKBvECS 已成功抓取全部所需数据。
[2026-04-14 03:36:56] [SUCCESS] bvid=BV1E7QTB1EBE 已成功抓取全部所需数据。
[2026-04-14 03:37:09] [SUCCESS] bvid=BV1JjQTBjELe 已成功抓取全部所需数据。
[2026-04-14 03:37:13] [SUCCESS] bvid=BV17nDZBQE4P 已成功抓取全部所需数据。
[2026-04-14 03:37:19] [SUCCESS] bvid=BV1hYDWB1EuM 已成功抓取全部所需数据。
[2026-04-14 03:37:30] [SUCCESS] bvid=BV1fjQTBLEDm 已成功抓取全部所需数据。
[2026-04-14 03:37:36] [SUCCESS] bvid=BV1qEXfBfEU3 已成功抓取全部所需数据。
[2026-04-14 03:37:41] [SUCCESS] bvid=BV1qEXfBfECF 已成功抓取全部所需数据。
[2026-04-14 03:37:54] [SUCCESS] bvid=BV1QbQNBbEYX 已成功抓取全部所需数据。
[2026-04-14 03:37:59] [SUCCESS] bvid=BV1WJQPB2Egg 已成功抓取全部所需数据。
[2026-04-14 03:38:18] [SUCCESS] bvid=BV1CrQABkEj4 已成功抓取全部所需数据。
[2026-04-14 03:38:30] [SUCCESS] bvid=BV1REQABtEKt 已成功抓取全部所需数据。
[2026-04-14 03:38:48] [SUCCESS] bvid=BV19WQTB6Exq 已成功抓取全部所需数据。
[2026-04-14 03:39:00] [SUCCESS] bvid=BV1fjQTBLEef 已成功抓取全部所需数据。
[2026-04-14 03:39:05] [SUCCESS] bvid=BV1ZjQTBLEwc 已成功抓取全部所需数据。
[2026-04-14 03:39:05] [ERROR] bvid=BV1dWQTB6EJ4 抓取失败：stat: 接口返回错误代码：62002，信息：稿件不可见。
{'code': 62002, 'message': '稿件不可见', 'ttl': 1} | comment: 接口返回错误代码：62002，信息：稿件不可见。
{'code': 62002, 'message': '稿件不可见', 'ttl': 1}
[2026-04-14 03:39:10] [SUCCESS] bvid=BV1RWQTB6E2y 已成功抓取全部所需数据。
[2026-04-14 03:39:21] [SUCCESS] bvid=BV1dWQTB6EpE 已成功抓取全部所需数据。
[2026-04-14 03:39:32] [SUCCESS] bvid=BV1LxQTBgEKz 已成功抓取全部所需数据。
[2026-04-14 03:39:38] [SUCCESS] bvid=BV1RxQTBuEto 已成功抓取全部所需数据。
[2026-04-14 03:39:42] [SUCCESS] bvid=BV1RxQTBuExr 已成功抓取全部所需数据。
[2026-04-14 03:39:47] [SUCCESS] bvid=BV1voQABaERH 已成功抓取全部所需数据。
[2026-04-14 03:40:06] [SUCCESS] bvid=BV1ZnQTBkENB 已成功抓取全部所需数据。
[2026-04-14 03:40:11] [SUCCESS] bvid=BV1onQTBkE4i 已成功抓取全部所需数据。
[2026-04-14 03:40:23] [SUCCESS] bvid=BV1jpQTBGEHS 已成功抓取全部所需数据。
[2026-04-14 03:40:23] [ERROR] bvid=BV1WTQTBpEMJ 抓取失败：stat: 接口返回错误代码：62002，信息：稿件不可见。
{'code': 62002, 'message': '稿件不可见', 'ttl': 1} | comment: 接口返回错误代码：62002，信息：稿件不可见。
{'code': 62002, 'message': '稿件不可见', 'ttl': 1}
[2026-04-14 03:40:28] [SUCCESS] bvid=BV1PPQTBsEWP 已成功抓取全部所需数据。
[2026-04-14 03:40:40] [SUCCESS] bvid=BV19gDfB7EYo 已成功抓取全部所需数据。
[2026-04-14 03:40:51] [SUCCESS] bvid=BV14wQTBdEKN 已成功抓取全部所需数据。
[2026-04-14 03:40:57] [SUCCESS] bvid=BV1cVQTBEEwi 已成功抓取全部所需数据。
[2026-04-14 03:41:02] [SUCCESS] bvid=BV1AMQTBQE7e 已成功抓取全部所需数据。
[2026-04-14 03:41:08] [SUCCESS] bvid=BV1cgQTBnESZ 已成功抓取全部所需数据。
[2026-04-14 03:41:13] [SUCCESS] bvid=BV1MzDZBzEQc 已成功抓取全部所需数据。
[2026-04-14 03:41:24] [SUCCESS] bvid=BV11vQAB2ETC 已成功抓取全部所需数据。
[2026-04-14 03:41:36] [SUCCESS] bvid=BV1t2QFBkEy1 已成功抓取全部所需数据。
[2026-04-14 03:41:41] [SUCCESS] bvid=BV1huQKBwEfW 已成功抓取全部所需数据。
[2026-04-14 03:41:52] [SUCCESS] bvid=BV1dQDfBJEcu 已成功抓取全部所需数据。
[2026-04-14 03:41:57] [SUCCESS] bvid=BV1oUDfBHEE8 已成功抓取全部所需数据。
[2026-04-14 03:42:01] [SUCCESS] bvid=BV1HqDiBhEPi 已成功抓取全部所需数据。
[2026-04-14 03:42:06] [SUCCESS] bvid=BV1QdDfB2Ej8 已成功抓取全部所需数据。
[2026-04-14 03:42:11] [SUCCESS] bvid=BV1DtQABpEJH 已成功抓取全部所需数据。
[2026-04-14 03:42:16] [SUCCESS] bvid=BV1VpQNBeEE5 已成功抓取全部所需数据。
[2026-04-14 03:42:21] [SUCCESS] bvid=BV1ioQABaEM9 已成功抓取全部所需数据。
[2026-04-14 03:42:25] [SUCCESS] bvid=BV1U4QcB5E71 已成功抓取全部所需数据。
[2026-04-14 03:42:37] [SUCCESS] bvid=BV1AUQTBsEjE 已成功抓取全部所需数据。
[2026-04-14 03:42:37] [WARN] 当前子任务已结束，但仍有未成功抓取的视频，已导出 remaining CSV 供继续执行。
[2026-04-14 03:42:37] [INFO] 已导出剔除成功条目后的剩余 CSV：D:\Schoolworks\Thesis\Bilibili-Datahub\outputs\video_data\manual_crawls\manual_crawl_stat_comment_20260413_211529\remaining_bvids_part_18.csv
[2026-04-14 03:42:37] 子任务结束时间：2026-04-14T03:42:37.106281
[TIMESTAMP][END] 2026-04-14T03:42:37
