[TIMESTAMP][BEGIN] 2026-04-14T08:41:12
[2026-04-14 08:41:20] 开始执行 CSV 批量抓取子任务 part_44。
[2026-04-14 08:41:20] 子任务开始时间：2026-04-14T08:41:12.528530
[2026-04-14 08:41:20] 输入文件：batch_input_44.csv
[2026-04-14 08:41:20] 输入唯一 bvid 数量：100
[2026-04-14 08:41:20] 为严格按 CSV 顺序判断连续失败阈值，本次任务自动将并发度从 2 调整为 1。
[2026-04-14 08:41:31] [SUCCESS] bvid=BV1w7DjBCEqo 已成功抓取全部所需数据。
[2026-04-14 08:41:37] [SUCCESS] bvid=BV1vMDiBnEe3 已成功抓取全部所需数据。
[2026-04-14 08:41:44] [SUCCESS] bvid=BV12aSoBhEjh 已成功抓取全部所需数据。
[2026-04-14 08:41:56] [SUCCESS] bvid=BV1kpDrBjEtm 已成功抓取全部所需数据。
[2026-04-14 08:42:08] [SUCCESS] bvid=BV1CrD6B5EMh 已成功抓取全部所需数据。
[2026-04-14 08:42:21] [SUCCESS] bvid=BV1cTDhB2EnQ 已成功抓取全部所需数据。
[2026-04-14 08:42:33] [SUCCESS] bvid=BV1ZYDrBBEGe 已成功抓取全部所需数据。
[2026-04-14 08:42:39] [SUCCESS] bvid=BV1x7DaBZEWE 已成功抓取全部所需数据。
[2026-04-14 08:42:46] [SUCCESS] bvid=BV1GFDrBwEHC 已成功抓取全部所需数据。
[2026-04-14 08:42:53] [SUCCESS] bvid=BV1EaDrBgE4c 已成功抓取全部所需数据。
[2026-04-14 08:43:05] [SUCCESS] bvid=BV1jRD6BvEgv 已成功抓取全部所需数据。
[2026-04-14 08:43:11] [SUCCESS] bvid=BV1b1DjBWEjh 已成功抓取全部所需数据。
[2026-04-14 08:43:17] [SUCCESS] bvid=BV18CDjBdEqU 已成功抓取全部所需数据。
[2026-04-14 08:43:22] [SUCCESS] bvid=BV1K5DrBQERD 已成功抓取全部所需数据。
[2026-04-14 08:43:27] [SUCCESS] bvid=BV1zpDjBuEDb 已成功抓取全部所需数据。
[2026-04-14 08:43:33] [SUCCESS] bvid=BV1UMDrBdEeN 已成功抓取全部所需数据。
[2026-04-14 08:43:45] [SUCCESS] bvid=BV143DrB9Eqi 已成功抓取全部所需数据。
[2026-04-14 08:43:57] [SUCCESS] bvid=BV17CDiBtEpM 已成功抓取全部所需数据。
[2026-04-14 08:44:03] [SUCCESS] bvid=BV1aPDrBbEhw 已成功抓取全部所需数据。
[2026-04-14 08:44:08] [SUCCESS] bvid=BV1QrDrBAEfx 已成功抓取全部所需数据。
[2026-04-14 08:44:19] [SUCCESS] bvid=BV1PoD8BWEvr 已成功抓取全部所需数据。
[2026-04-14 08:44:32] [SUCCESS] bvid=BV1LoD6BPEqf 已成功抓取全部所需数据。
[2026-04-14 08:44:38] [SUCCESS] bvid=BV1k7DjBkEgn 已成功抓取全部所需数据。
[2026-04-14 08:44:43] [SUCCESS] bvid=BV1r7DjBkE9C 已成功抓取全部所需数据。
[2026-04-14 08:44:55] [SUCCESS] bvid=BV1QcDjBsEGT 已成功抓取全部所需数据。
[2026-04-14 08:45:12] [SUCCESS] bvid=BV1gwDjB9EYE 已成功抓取全部所需数据。
[2026-04-14 08:45:18] [SUCCESS] bvid=BV1QZDLBxEA7 已成功抓取全部所需数据。
[2026-04-14 08:45:30] [SUCCESS] bvid=BV1XZDLBxETx 已成功抓取全部所需数据。
[2026-04-14 08:45:43] [SUCCESS] bvid=BV1UPDjBHEEQ 已成功抓取全部所需数据。
[2026-04-14 08:45:48] [SUCCESS] bvid=BV1QZDLBxEG5 已成功抓取全部所需数据。
[2026-04-14 08:45:53] [SUCCESS] bvid=BV1J1D6BrEXm 已成功抓取全部所需数据。
[2026-04-14 08:46:05] [SUCCESS] bvid=BV1QZDLBxEhU 已成功抓取全部所需数据。
[2026-04-14 08:46:17] [SUCCESS] bvid=BV1mTDjBJEoj 已成功抓取全部所需数据。
[2026-04-14 08:46:23] [SUCCESS] bvid=BV11MDjBUEo9 已成功抓取全部所需数据。
[2026-04-14 08:46:29] [SUCCESS] bvid=BV1SPDjBHEUs 已成功抓取全部所需数据。
[2026-04-14 08:46:34] [SUCCESS] bvid=BV18kDjBxEC3 已成功抓取全部所需数据。
[2026-04-14 08:46:46] [SUCCESS] bvid=BV1UPDjBHEct 已成功抓取全部所需数据。
[2026-04-14 08:46:51] [SUCCESS] bvid=BV1UPDjBHE68 已成功抓取全部所需数据。
[2026-04-14 08:46:56] [SUCCESS] bvid=BV1gPDjBpENs 已成功抓取全部所需数据。
[2026-04-14 08:47:08] [SUCCESS] bvid=BV1mPDjBHEYx 已成功抓取全部所需数据。
[2026-04-14 08:47:14] [SUCCESS] bvid=BV1gPDjBpEFN 已成功抓取全部所需数据。
[2026-04-14 08:47:20] [SUCCESS] bvid=BV1BwDiBsEFm 已成功抓取全部所需数据。
[2026-04-14 08:47:37] [SUCCESS] bvid=BV1uNDjBQEsa 已成功抓取全部所需数据。
[2026-04-14 08:47:43] [SUCCESS] bvid=BV1UNDjBDEpV 已成功抓取全部所需数据。
[2026-04-14 08:47:48] [SUCCESS] bvid=BV1aqDjBfEE5 已成功抓取全部所需数据。
[2026-04-14 08:48:01] [SUCCESS] bvid=BV1aqDjBfEXz 已成功抓取全部所需数据。
[2026-04-14 08:48:07] [SUCCESS] bvid=BV1eqDjBfEFn 已成功抓取全部所需数据。
[2026-04-14 08:48:19] [SUCCESS] bvid=BV1YqDjBfEq1 已成功抓取全部所需数据。
[2026-04-14 08:48:25] [SUCCESS] bvid=BV1azDjBtEXk 已成功抓取全部所需数据。
[2026-04-14 08:48:31] [SUCCESS] bvid=BV19qDjBfE3o 已成功抓取全部所需数据。
[2026-04-14 08:48:36] [SUCCESS] bvid=BV1Q6DjBoEhv 已成功抓取全部所需数据。
[2026-04-14 08:48:42] [SUCCESS] bvid=BV1hzDjBtEaM 已成功抓取全部所需数据。
[2026-04-14 08:48:48] [SUCCESS] bvid=BV1RvDjBcEX6 已成功抓取全部所需数据。
[2026-04-14 08:48:54] [SUCCESS] bvid=BV1vvDjBcEEF 已成功抓取全部所需数据。
[2026-04-14 08:48:59] [SUCCESS] bvid=BV19vDjBcEh7 已成功抓取全部所需数据。
[2026-04-14 08:49:05] [SUCCESS] bvid=BV1YiDjB8EK9 已成功抓取全部所需数据。
[2026-04-14 08:49:10] [SUCCESS] bvid=BV1evDjBcETw 已成功抓取全部所需数据。
[2026-04-14 08:49:15] [SUCCESS] bvid=BV15vDjBwEK2 已成功抓取全部所需数据。
[2026-04-14 08:49:27] [SUCCESS] bvid=BV1RiDjB8Eue 已成功抓取全部所需数据。
[2026-04-14 08:49:32] [SUCCESS] bvid=BV1YvDjBcEDK 已成功抓取全部所需数据。
[2026-04-14 08:49:45] [SUCCESS] bvid=BV1evDjBcEuD 已成功抓取全部所需数据。
[2026-04-14 08:49:51] [SUCCESS] bvid=BV1GiDjBhE4q 已成功抓取全部所需数据。
[2026-04-14 08:49:56] [SUCCESS] bvid=BV1RzDrBeE9M 已成功抓取全部所需数据。
[2026-04-14 08:50:01] [SUCCESS] bvid=BV19iDjB8E28 已成功抓取全部所需数据。
[2026-04-14 08:50:07] [SUCCESS] bvid=BV1eiDjBhE12 已成功抓取全部所需数据。
[2026-04-14 08:50:19] [SUCCESS] bvid=BV1YiDjB8ETv 已成功抓取全部所需数据。
[2026-04-14 08:50:24] [SUCCESS] bvid=BV1YiDjB8ESh 已成功抓取全部所需数据。
[2026-04-14 08:50:30] [SUCCESS] bvid=BV1eiDjB8EAg 已成功抓取全部所需数据。
[2026-04-14 08:50:35] [SUCCESS] bvid=BV1bCDjBREm8 已成功抓取全部所需数据。
[2026-04-14 08:50:41] [SUCCESS] bvid=BV1AcDkBnErE 已成功抓取全部所需数据。
[2026-04-14 08:50:52] [SUCCESS] bvid=BV1bCDjBREya 已成功抓取全部所需数据。
[2026-04-14 08:50:57] [SUCCESS] bvid=BV1bCDjBRECQ 已成功抓取全部所需数据。
[2026-04-14 08:51:03] [SUCCESS] bvid=BV1b1DjBWEdu 已成功抓取全部所需数据。
[2026-04-14 08:51:14] [SUCCESS] bvid=BV1BYDaBmELa 已成功抓取全部所需数据。
[2026-04-14 08:51:26] [SUCCESS] bvid=BV1BYDaBmE6y 已成功抓取全部所需数据。
[2026-04-14 08:51:31] [SUCCESS] bvid=BV1i4DjBiE2Y 已成功抓取全部所需数据。
[2026-04-14 08:51:36] [SUCCESS] bvid=BV1ZiDuBjE8i 已成功抓取全部所需数据。
[2026-04-14 08:51:42] [SUCCESS] bvid=BV1rPDkB7E3H 已成功抓取全部所需数据。
[2026-04-14 08:51:47] [SUCCESS] bvid=BV16xSdB2Eax 已成功抓取全部所需数据。
[2026-04-14 08:51:53] [SUCCESS] bvid=BV1HYDiBPEU6 已成功抓取全部所需数据。
[2026-04-14 08:52:11] [SUCCESS] bvid=BV1cNDkBmEhZ 已成功抓取全部所需数据。
[2026-04-14 08:52:29] [SUCCESS] bvid=BV1t1DjBWEyC 已成功抓取全部所需数据。
[2026-04-14 08:52:46] [SUCCESS] bvid=BV1h6DjBoEGu 已成功抓取全部所需数据。
[2026-04-14 08:52:57] [SUCCESS] bvid=BV1Q6DjBoEit 已成功抓取全部所需数据。
[2026-04-14 08:53:09] [SUCCESS] bvid=BV1hkDjBxE8z 已成功抓取全部所需数据。
[2026-04-14 08:53:14] [SUCCESS] bvid=BV1BxDjBTEwH 已成功抓取全部所需数据。
[2026-04-14 08:53:25] [SUCCESS] bvid=BV13kDjB4ESC 已成功抓取全部所需数据。
[2026-04-14 08:53:31] [SUCCESS] bvid=BV1hkDjBxEJN 已成功抓取全部所需数据。
[2026-04-14 08:53:42] [SUCCESS] bvid=BV1cpDjBgEJY 已成功抓取全部所需数据。
[2026-04-14 08:53:54] [SUCCESS] bvid=BV1BxDjBTExK 已成功抓取全部所需数据。
[2026-04-14 08:54:05] [SUCCESS] bvid=BV1FxDjBME5p 已成功抓取全部所需数据。
[2026-04-14 08:54:17] [SUCCESS] bvid=BV1zpDjBuEXS 已成功抓取全部所需数据。
[2026-04-14 08:54:29] [SUCCESS] bvid=BV1fWDjBBEiV 已成功抓取全部所需数据。
[2026-04-14 08:54:48] [SUCCESS] bvid=BV1z4DjBqEgJ 已成功抓取全部所需数据。
[2026-04-14 08:55:05] [SUCCESS] bvid=BV16pDjBuEqz 已成功抓取全部所需数据。
[2026-04-14 08:55:11] [SUCCESS] bvid=BV1zpDjBuEUY 已成功抓取全部所需数据。
[2026-04-14 08:55:16] [SUCCESS] bvid=BV16pDjBuEw9 已成功抓取全部所需数据。
[2026-04-14 08:55:28] [SUCCESS] bvid=BV1BWDjBBEr2 已成功抓取全部所需数据。
[2026-04-14 08:55:40] [SUCCESS] bvid=BV1eYDjBaEmE 已成功抓取全部所需数据。
[2026-04-14 08:55:51] [SUCCESS] bvid=BV1daDjBAEt7 已成功抓取全部所需数据。
[2026-04-14 08:55:51] [INFO] 当前 batch_crawl 已完成，所有视频均已成功抓取。
[2026-04-14 08:55:51] 子任务结束时间：2026-04-14T08:55:51.903847
[TIMESTAMP][END] 2026-04-14T08:55:51
