[TIMESTAMP][BEGIN] 2026-04-14T06:31:48
[2026-04-14 06:31:50] 开始执行 CSV 批量抓取子任务 part_33。
[2026-04-14 06:31:50] 子任务开始时间：2026-04-14T06:31:48.615665
[2026-04-14 06:31:50] 输入文件：batch_input_33.csv
[2026-04-14 06:31:50] 输入唯一 bvid 数量：100
[2026-04-14 06:31:50] 为严格按 CSV 顺序判断连续失败阈值，本次任务自动将并发度从 2 调整为 1。
[2026-04-14 06:31:55] [SUCCESS] bvid=BV13vDWB5EtR 已成功抓取全部所需数据。
[2026-04-14 06:32:08] [SUCCESS] bvid=BV1DvDWB5EVJ 已成功抓取全部所需数据。
[2026-04-14 06:32:15] [SUCCESS] bvid=BV1uiDWBCE4E 已成功抓取全部所需数据。
[2026-04-14 06:32:26] [SUCCESS] bvid=BV1avDWB5EF6 已成功抓取全部所需数据。
[2026-04-14 06:32:39] [SUCCESS] bvid=BV1DiDWBCEJ4 已成功抓取全部所需数据。
[2026-04-14 06:32:44] [SUCCESS] bvid=BV1DiDWBCE1g 已成功抓取全部所需数据。
[2026-04-14 06:32:57] [SUCCESS] bvid=BV14rDWBgEZP 已成功抓取全部所需数据。
[2026-04-14 06:33:02] [SUCCESS] bvid=BV13aDWB7ERb 已成功抓取全部所需数据。
[2026-04-14 06:33:07] [SUCCESS] bvid=BV1TkDWBzEKy 已成功抓取全部所需数据。
[2026-04-14 06:33:12] [SUCCESS] bvid=BV1aaDWBjEx6 已成功抓取全部所需数据。
[2026-04-14 06:33:33] [SUCCESS] bvid=BV1XaDWBjEhV 已成功抓取全部所需数据。
[2026-04-14 06:33:39] [SUCCESS] bvid=BV1VaDWBjEKg 已成功抓取全部所需数据。
[2026-04-14 06:33:45] [SUCCESS] bvid=BV13aDWBjE8E 已成功抓取全部所需数据。
[2026-04-14 06:33:50] [SUCCESS] bvid=BV1XaDWBjEdP 已成功抓取全部所需数据。
[2026-04-14 06:33:56] [SUCCESS] bvid=BV13YDWB1E3E 已成功抓取全部所需数据。
[2026-04-14 06:33:57] [ERROR] bvid=BV1hYDWB1ErP 抓取失败：stat: 接口返回错误代码：62002，信息：稿件不可见。
{'code': 62002, 'message': '稿件不可见', 'ttl': 1} | comment: 接口返回错误代码：62002，信息：稿件不可见。
{'code': 62002, 'message': '稿件不可见', 'ttl': 1}
[2026-04-14 06:34:02] [SUCCESS] bvid=BV1wUDHBoENz 已成功抓取全部所需数据。
[2026-04-14 06:34:08] [SUCCESS] bvid=BV1aYDWB1EEb 已成功抓取全部所需数据。
[2026-04-14 06:34:14] [SUCCESS] bvid=BV1GYDWB2ELn 已成功抓取全部所需数据。
[2026-04-14 06:34:19] [SUCCESS] bvid=BV1GYDWB2EpE 已成功抓取全部所需数据。
[2026-04-14 06:34:24] [SUCCESS] bvid=BV1MrDWBgEya 已成功抓取全部所需数据。
[2026-04-14 06:34:36] [SUCCESS] bvid=BV1TrDWBgEcp 已成功抓取全部所需数据。
[2026-04-14 06:34:42] [SUCCESS] bvid=BV1trDWBgEXf 已成功抓取全部所需数据。
[2026-04-14 06:34:47] [SUCCESS] bvid=BV1trDWBgERc 已成功抓取全部所需数据。
[2026-04-14 06:34:51] [SUCCESS] bvid=BV1TkDWBzEJs 已成功抓取全部所需数据。
[2026-04-14 06:34:57] [SUCCESS] bvid=BV15bDWBEEYL 已成功抓取全部所需数据。
[2026-04-14 06:35:02] [SUCCESS] bvid=BV1v4DWBSExP 已成功抓取全部所需数据。
[2026-04-14 06:35:07] [SUCCESS] bvid=BV1tkDWBzEFf 已成功抓取全部所需数据。
[2026-04-14 06:35:12] [SUCCESS] bvid=BV1uzDWBrEGt 已成功抓取全部所需数据。
[2026-04-14 06:35:17] [SUCCESS] bvid=BV1KkDWBzE4D 已成功抓取全部所需数据。
[2026-04-14 06:35:22] [SUCCESS] bvid=BV18BDWBGEj9 已成功抓取全部所需数据。
[2026-04-14 06:35:27] [SUCCESS] bvid=BV1xkDWBzEUJ 已成功抓取全部所需数据。
[2026-04-14 06:35:38] [SUCCESS] bvid=BV1uBDWBGEkR 已成功抓取全部所需数据。
[2026-04-14 06:35:44] [SUCCESS] bvid=BV1uBDWBGEbi 已成功抓取全部所需数据。
[2026-04-14 06:35:54] [SUCCESS] bvid=BV1HGDWBFEEc 已成功抓取全部所需数据。
[2026-04-14 06:36:00] [SUCCESS] bvid=BV1XTDpBCExA 已成功抓取全部所需数据。
[2026-04-14 06:36:05] [SUCCESS] bvid=BV1gBDWBGEGF 已成功抓取全部所需数据。
[2026-04-14 06:36:10] [SUCCESS] bvid=BV1bBDWBGE1b 已成功抓取全部所需数据。
[2026-04-14 06:36:22] [SUCCESS] bvid=BV1bBDWBGE13 已成功抓取全部所需数据。
[2026-04-14 06:36:32] [SUCCESS] bvid=BV1SBDWBGE2s 已成功抓取全部所需数据。
[2026-04-14 06:36:37] [SUCCESS] bvid=BV18BDWBGEcg 已成功抓取全部所需数据。
[2026-04-14 06:36:42] [SUCCESS] bvid=BV1tBDWBGEoG 已成功抓取全部所需数据。
[2026-04-14 06:36:48] [SUCCESS] bvid=BV1TzDWBrErd 已成功抓取全部所需数据。
[2026-04-14 06:36:53] [SUCCESS] bvid=BV1ncD7BVEcm 已成功抓取全部所需数据。
[2026-04-14 06:36:57] [SUCCESS] bvid=BV1rcD7BVEA4 已成功抓取全部所需数据。
[2026-04-14 06:37:03] [SUCCESS] bvid=BV1bzDWBrEY4 已成功抓取全部所需数据。
[2026-04-14 06:37:07] [SUCCESS] bvid=BV17MD7BBEbr 已成功抓取全部所需数据。
[2026-04-14 06:37:13] [SUCCESS] bvid=BV1bzDWBrEvV 已成功抓取全部所需数据。
[2026-04-14 06:37:17] [SUCCESS] bvid=BV1dwDeB2EVd 已成功抓取全部所需数据。
[2026-04-14 06:37:23] [SUCCESS] bvid=BV1TzDWBrEDh 已成功抓取全部所需数据。
[2026-04-14 06:37:28] [SUCCESS] bvid=BV1SkPWz1E25 已成功抓取全部所需数据。
[2026-04-14 06:37:33] [SUCCESS] bvid=BV18oDpB3EXV 已成功抓取全部所需数据。
[2026-04-14 06:37:38] [SUCCESS] bvid=BV12WSDBkEb9 已成功抓取全部所需数据。
[2026-04-14 06:37:43] [SUCCESS] bvid=BV117DEBnEM9 已成功抓取全部所需数据。
[2026-04-14 06:37:49] [SUCCESS] bvid=BV15gDsBnETQ 已成功抓取全部所需数据。
[2026-04-14 06:37:54] [SUCCESS] bvid=BV1mJDpBvEtC 已成功抓取全部所需数据。
[2026-04-14 06:37:59] [SUCCESS] bvid=BV1qkDsBtErz 已成功抓取全部所需数据。
[2026-04-14 06:38:04] [SUCCESS] bvid=BV16zDsB8E8i 已成功抓取全部所需数据。
[2026-04-14 06:38:09] [SUCCESS] bvid=BV1QgDpBrEkz 已成功抓取全部所需数据。
[2026-04-14 06:38:21] [SUCCESS] bvid=BV1DdDsBUE4y 已成功抓取全部所需数据。
[2026-04-14 06:38:27] [SUCCESS] bvid=BV1tZDaBhEPG 已成功抓取全部所需数据。
[2026-04-14 06:38:32] [SUCCESS] bvid=BV1ikDpBSEpj 已成功抓取全部所需数据。
[2026-04-14 06:38:37] [SUCCESS] bvid=BV1AUDWBvEF3 已成功抓取全部所需数据。
[2026-04-14 06:38:42] [SUCCESS] bvid=BV1ThD7BXEMZ 已成功抓取全部所需数据。
[2026-04-14 06:38:47] [SUCCESS] bvid=BV1Zd9MBsErr 已成功抓取全部所需数据。
[2026-04-14 06:38:59] [SUCCESS] bvid=BV12rDHBaE5m 已成功抓取全部所需数据。
[2026-04-14 06:39:11] [SUCCESS] bvid=BV1zJDWBsEwH 已成功抓取全部所需数据。
[2026-04-14 06:39:16] [SUCCESS] bvid=BV1ziDpB9Eod 已成功抓取全部所需数据。
[2026-04-14 06:39:21] [SUCCESS] bvid=BV1A6D7B2E8D 已成功抓取全部所需数据。
[2026-04-14 06:39:26] [SUCCESS] bvid=BV1RTDsBHEgt 已成功抓取全部所需数据。
[2026-04-14 06:39:31] [SUCCESS] bvid=BV1XwDEBhEHs 已成功抓取全部所需数据。
[2026-04-14 06:39:37] [SUCCESS] bvid=BV1K4DsBzEeR 已成功抓取全部所需数据。
[2026-04-14 06:39:43] [SUCCESS] bvid=BV1ULDpBMECi 已成功抓取全部所需数据。
[2026-04-14 06:39:55] [SUCCESS] bvid=BV1bzDWBrEq4 已成功抓取全部所需数据。
[2026-04-14 06:40:07] [SUCCESS] bvid=BV1opDWBpEUW 已成功抓取全部所需数据。
[2026-04-14 06:40:13] [SUCCESS] bvid=BV1ipDWBpEd6 已成功抓取全部所需数据。
[2026-04-14 06:40:19] [SUCCESS] bvid=BV1LTDsBpEWw 已成功抓取全部所需数据。
[2026-04-14 06:40:24] [SUCCESS] bvid=BV1VKDpBLEtw 已成功抓取全部所需数据。
[2026-04-14 06:40:29] [SUCCESS] bvid=BV1FQDHBREv5 已成功抓取全部所需数据。
[2026-04-14 06:40:34] [SUCCESS] bvid=BV1qpDWBpEhD 已成功抓取全部所需数据。
[2026-04-14 06:40:39] [SUCCESS] bvid=BV1qpDWBpEH8 已成功抓取全部所需数据。
[2026-04-14 06:40:43] [SUCCESS] bvid=BV1oWDWBQEiF 已成功抓取全部所需数据。
[2026-04-14 06:40:48] [SUCCESS] bvid=BV1iWDWBQEUA 已成功抓取全部所需数据。
[2026-04-14 06:40:59] [SUCCESS] bvid=BV1qWDWBQEFp 已成功抓取全部所需数据。
[2026-04-14 06:41:11] [SUCCESS] bvid=BV1BJDWBsE9W 已成功抓取全部所需数据。
[2026-04-14 06:41:23] [SUCCESS] bvid=BV1LxDWBnELT 已成功抓取全部所需数据。
[2026-04-14 06:41:28] [SUCCESS] bvid=BV1qJDWBsEC1 已成功抓取全部所需数据。
[2026-04-14 06:41:39] [SUCCESS] bvid=BV17nDWB9EB9 已成功抓取全部所需数据。
[2026-04-14 06:41:52] [SUCCESS] bvid=BV17JDWBsECK 已成功抓取全部所需数据。
[2026-04-14 06:41:57] [SUCCESS] bvid=BV17nDWB9EUr 已成功抓取全部所需数据。
[2026-04-14 06:42:02] [SUCCESS] bvid=BV1NmDWBTEAV 已成功抓取全部所需数据。
[2026-04-14 06:42:07] [SUCCESS] bvid=BV1BnDWB9E5T 已成功抓取全部所需数据。
[2026-04-14 06:42:13] [SUCCESS] bvid=BV1jnDWB9EtW 已成功抓取全部所需数据。
[2026-04-14 06:42:25] [SUCCESS] bvid=BV1ZnDWB9EgC 已成功抓取全部所需数据。
[2026-04-14 06:42:30] [SUCCESS] bvid=BV1VbDWBEEor 已成功抓取全部所需数据。
[2026-04-14 06:42:35] [SUCCESS] bvid=BV1RbDWBEENC 已成功抓取全部所需数据。
[2026-04-14 06:42:46] [SUCCESS] bvid=BV1Y8DWBmEmZ 已成功抓取全部所需数据。
[2026-04-14 06:42:58] [SUCCESS] bvid=BV198DWBmE3o 已成功抓取全部所需数据。
[2026-04-14 06:43:16] [SUCCESS] bvid=BV1G8DWBmEH8 已成功抓取全部所需数据。
[2026-04-14 06:43:21] [SUCCESS] bvid=BV1G8DWBmEHk 已成功抓取全部所需数据。
[2026-04-14 06:43:21] [WARN] 当前子任务已结束，但仍有未成功抓取的视频，已导出 remaining CSV 供继续执行。
[2026-04-14 06:43:21] [INFO] 已导出剔除成功条目后的剩余 CSV：D:\Schoolworks\Thesis\Bilibili-Datahub\outputs\video_data\manual_crawls\manual_crawl_stat_comment_20260413_211529\remaining_bvids_part_33.csv
[2026-04-14 06:43:21] 子任务结束时间：2026-04-14T06:43:21.700821
[TIMESTAMP][END] 2026-04-14T06:43:21
