[TIMESTAMP][BEGIN] 2026-04-14T03:02:42
[2026-04-14 03:02:44] 开始执行 CSV 批量抓取子任务 part_16。
[2026-04-14 03:02:44] 子任务开始时间：2026-04-14T03:02:42.421988
[2026-04-14 03:02:44] 输入文件：batch_input_16.csv
[2026-04-14 03:02:44] 输入唯一 bvid 数量：100
[2026-04-14 03:02:44] 为严格按 CSV 顺序判断连续失败阈值，本次任务自动将并发度从 2 调整为 1。
[2026-04-14 03:02:56] [SUCCESS] bvid=BV18fQMBiEbm 已成功抓取全部所需数据。
[2026-04-14 03:03:01] [SUCCESS] bvid=BV1LCQMB2EYS 已成功抓取全部所需数据。
[2026-04-14 03:03:06] [SUCCESS] bvid=BV17CQMB2EVc 已成功抓取全部所需数据。
[2026-04-14 03:03:17] [SUCCESS] bvid=BV1jCQMB2Edt 已成功抓取全部所需数据。
[2026-04-14 03:03:22] [SUCCESS] bvid=BV1o1QMBLEeZ 已成功抓取全部所需数据。
[2026-04-14 03:03:34] [SUCCESS] bvid=BV1j1QMBLEV4 已成功抓取全部所需数据。
[2026-04-14 03:03:52] [SUCCESS] bvid=BV1L1QMBLEuM 已成功抓取全部所需数据。
[2026-04-14 03:04:04] [SUCCESS] bvid=BV1j1QMBLE5b 已成功抓取全部所需数据。
[2026-04-14 03:04:10] [SUCCESS] bvid=BV1dWQTB6E3b 已成功抓取全部所需数据。
[2026-04-14 03:04:15] [SUCCESS] bvid=BV1j1QMBLEBR 已成功抓取全部所需数据。
[2026-04-14 03:04:20] [SUCCESS] bvid=BV176QMBUEFy 已成功抓取全部所需数据。
[2026-04-14 03:04:32] [SUCCESS] bvid=BV17kQMB7EKe 已成功抓取全部所需数据。
[2026-04-14 03:04:33] [ERROR] bvid=BV1jkQMB7EXV 抓取失败：stat: 接口返回错误代码：62002，信息：稿件不可见。
{'code': 62002, 'message': '稿件不可见', 'ttl': 1} | comment: 接口返回错误代码：62002，信息：稿件不可见。
{'code': 62002, 'message': '稿件不可见', 'ttl': 1}
[2026-04-14 03:04:44] [SUCCESS] bvid=BV17kQMB7Ert 已成功抓取全部所需数据。
[2026-04-14 03:04:49] [SUCCESS] bvid=BV17kQMB7ERE 已成功抓取全部所需数据。
[2026-04-14 03:04:54] [SUCCESS] bvid=BV1jkQMB7E4B 已成功抓取全部所需数据。
[2026-04-14 03:04:59] [SUCCESS] bvid=BV1VSQMBkEPC 已成功抓取全部所需数据。
[2026-04-14 03:05:04] [SUCCESS] bvid=BV15SQMBkE7c 已成功抓取全部所需数据。
[2026-04-14 03:05:22] [SUCCESS] bvid=BV13QQMB3EZg 已成功抓取全部所需数据。
[2026-04-14 03:05:34] [SUCCESS] bvid=BV15SQMBkEbG 已成功抓取全部所需数据。
[2026-04-14 03:05:46] [SUCCESS] bvid=BV1e2QMByEfE 已成功抓取全部所需数据。
[2026-04-14 03:05:57] [SUCCESS] bvid=BV15UQMBVErb 已成功抓取全部所需数据。
[2026-04-14 03:06:03] [SUCCESS] bvid=BV1YQQMB3EaD 已成功抓取全部所需数据。
[2026-04-14 03:06:14] [SUCCESS] bvid=BV1L2QMByE4J 已成功抓取全部所需数据。
[2026-04-14 03:06:25] [SUCCESS] bvid=BV1v2QMByERD 已成功抓取全部所需数据。
[2026-04-14 03:06:36] [SUCCESS] bvid=BV15UQMBVErK 已成功抓取全部所需数据。
[2026-04-14 03:06:54] [SUCCESS] bvid=BV15UQMBVEi9 已成功抓取全部所需数据。
[2026-04-14 03:07:12] [SUCCESS] bvid=BV1GUQMBVEZu 已成功抓取全部所需数据。
[2026-04-14 03:07:17] [SUCCESS] bvid=BV1vUQMBVEMC 已成功抓取全部所需数据。
[2026-04-14 03:07:28] [SUCCESS] bvid=BV1fnQuBnEWh 已成功抓取全部所需数据。
[2026-04-14 03:07:33] [SUCCESS] bvid=BV1oHQuBSEoh 已成功抓取全部所需数据。
[2026-04-14 03:07:39] [SUCCESS] bvid=BV1fHQuBSE5o 已成功抓取全部所需数据。
[2026-04-14 03:07:51] [SUCCESS] bvid=BV18gQPBXEgJ 已成功抓取全部所需数据。
[2026-04-14 03:08:02] [SUCCESS] bvid=BV1c5QuBxEYa 已成功抓取全部所需数据。
[2026-04-14 03:08:07] [SUCCESS] bvid=BV1c7QuBWEK3 已成功抓取全部所需数据。
[2026-04-14 03:08:12] [SUCCESS] bvid=BV16EQuBXExu 已成功抓取全部所需数据。
[2026-04-14 03:08:25] [SUCCESS] bvid=BV1EeQPBTELD 已成功抓取全部所需数据。
[2026-04-14 03:08:30] [SUCCESS] bvid=BV1QtQNBFEHT 已成功抓取全部所需数据。
[2026-04-14 03:08:42] [SUCCESS] bvid=BV1dtQuB1Eua 已成功抓取全部所需数据。
[2026-04-14 03:08:48] [SUCCESS] bvid=BV1JtQPB3E8o 已成功抓取全部所需数据。
[2026-04-14 03:08:53] [SUCCESS] bvid=BV1ZWQuBEET8 已成功抓取全部所需数据。
[2026-04-14 03:08:57] [SUCCESS] bvid=BV1PUDxBVER2 已成功抓取全部所需数据。
[2026-04-14 03:09:02] [SUCCESS] bvid=BV1UzQTB8EVt 已成功抓取全部所需数据。
[2026-04-14 03:09:14] [SUCCESS] bvid=BV1dsQuBmELG 已成功抓取全部所需数据。
[2026-04-14 03:09:25] [SUCCESS] bvid=BV1oWQuBEEjh 已成功抓取全部所需数据。
[2026-04-14 03:09:30] [SUCCESS] bvid=BV1oWQuBEEWy 已成功抓取全部所需数据。
[2026-04-14 03:09:35] [SUCCESS] bvid=BV1osQuBmEqm 已成功抓取全部所需数据。
[2026-04-14 03:09:40] [SUCCESS] bvid=BV1dsQuBmEm5 已成功抓取全部所需数据。
[2026-04-14 03:09:52] [SUCCESS] bvid=BV1osQuBmEsk 已成功抓取全部所需数据。
[2026-04-14 03:10:04] [SUCCESS] bvid=BV1C8DsBiEgW 已成功抓取全部所需数据。
[2026-04-14 03:10:16] [SUCCESS] bvid=BV1cdDxBBEQE 已成功抓取全部所需数据。
[2026-04-14 03:10:21] [SUCCESS] bvid=BV13aDWBjEHi 已成功抓取全部所需数据。
[2026-04-14 03:10:26] [SUCCESS] bvid=BV1cLQuBREkA 已成功抓取全部所需数据。
[2026-04-14 03:10:38] [SUCCESS] bvid=BV1NMQuB8EM6 已成功抓取全部所需数据。
[2026-04-14 03:10:43] [SUCCESS] bvid=BV1PMQuB8E4N 已成功抓取全部所需数据。
[2026-04-14 03:10:48] [SUCCESS] bvid=BV1NMQuB8EeE 已成功抓取全部所需数据。
[2026-04-14 03:10:53] [SUCCESS] bvid=BV1j9SoB7Ezj 已成功抓取全部所需数据。
[2026-04-14 03:10:58] [SUCCESS] bvid=BV1o9SoBjEBz 已成功抓取全部所需数据。
[2026-04-14 03:11:04] [SUCCESS] bvid=BV1o9SoBjEhr 已成功抓取全部所需数据。
[2026-04-14 03:11:09] [SUCCESS] bvid=BV1o9SoBjEaZ 已成功抓取全部所需数据。
[2026-04-14 03:11:20] [SUCCESS] bvid=BV1o9SoBjEtu 已成功抓取全部所需数据。
[2026-04-14 03:11:25] [SUCCESS] bvid=BV1i9SoBjE5T 已成功抓取全部所需数据。
[2026-04-14 03:11:30] [SUCCESS] bvid=BV1i9SoBjEyf 已成功抓取全部所需数据。
[2026-04-14 03:11:35] [SUCCESS] bvid=BV1q9SoBjEMV 已成功抓取全部所需数据。
[2026-04-14 03:11:46] [SUCCESS] bvid=BV1o9SoBjEqv 已成功抓取全部所需数据。
[2026-04-14 03:11:52] [SUCCESS] bvid=BV1o9SoBjEBr 已成功抓取全部所需数据。
[2026-04-14 03:12:03] [SUCCESS] bvid=BV1i9SoBjE18 已成功抓取全部所需数据。
[2026-04-14 03:12:08] [SUCCESS] bvid=BV1i9SoBjE6d 已成功抓取全部所需数据。
[2026-04-14 03:12:26] [SUCCESS] bvid=BV1i9SoBjEff 已成功抓取全部所需数据。
[2026-04-14 03:12:37] [SUCCESS] bvid=BV1pWQKBQEhF 已成功抓取全部所需数据。
[2026-04-14 03:12:42] [SUCCESS] bvid=BV1PTQTBpExZ 已成功抓取全部所需数据。
[2026-04-14 03:12:50] [SUCCESS] bvid=BV1JLQuBREYL 已成功抓取全部所需数据。
[2026-04-14 03:12:54] [SUCCESS] bvid=BV1RSDfBDEMz 已成功抓取全部所需数据。
[2026-04-14 03:13:06] [SUCCESS] bvid=BV14hQcBkEkF 已成功抓取全部所需数据。
[2026-04-14 03:13:19] [SUCCESS] bvid=BV1bKQwBmEGz 已成功抓取全部所需数据。
[2026-04-14 03:13:25] [SUCCESS] bvid=BV1wQDWBYEKW 已成功抓取全部所需数据。
[2026-04-14 03:13:36] [SUCCESS] bvid=BV1aKQPB4Evd 已成功抓取全部所需数据。
[2026-04-14 03:13:42] [SUCCESS] bvid=BV1pyQABrEFC 已成功抓取全部所需数据。
[2026-04-14 03:13:47] [SUCCESS] bvid=BV1fQQNBCEbX 已成功抓取全部所需数据。
[2026-04-14 03:13:52] [SUCCESS] bvid=BV1nqDiBhEzb 已成功抓取全部所需数据。
[2026-04-14 03:13:57] [SUCCESS] bvid=BV1YAQPBtELc 已成功抓取全部所需数据。
[2026-04-14 03:14:09] [SUCCESS] bvid=BV1ACQABGEGq 已成功抓取全部所需数据。
[2026-04-14 03:14:14] [SUCCESS] bvid=BV1dLQAB8E8b 已成功抓取全部所需数据。
[2026-04-14 03:14:19] [SUCCESS] bvid=BV15YQFBHEFS 已成功抓取全部所需数据。
[2026-04-14 03:14:31] [SUCCESS] bvid=BV1zSQABTE6U 已成功抓取全部所需数据。
[2026-04-14 03:14:36] [SUCCESS] bvid=BV17NDfBQEL8 已成功抓取全部所需数据。
[2026-04-14 03:14:41] [SUCCESS] bvid=BV1yVQFBNEPn 已成功抓取全部所需数据。
[2026-04-14 03:14:46] [SUCCESS] bvid=BV1MDD8BtEKo 已成功抓取全部所需数据。
[2026-04-14 03:14:51] [SUCCESS] bvid=BV1eAQKBKEAP 已成功抓取全部所需数据。
[2026-04-14 03:14:56] [SUCCESS] bvid=BV1AMQTBQEWi 已成功抓取全部所需数据。
[2026-04-14 03:15:02] [SUCCESS] bvid=BV1GbDWBEE91 已成功抓取全部所需数据。
[2026-04-14 03:15:14] [SUCCESS] bvid=BV113QFBiEMq 已成功抓取全部所需数据。
[2026-04-14 03:15:19] [SUCCESS] bvid=BV1eFQPB8Ed5 已成功抓取全部所需数据。
[2026-04-14 03:15:30] [SUCCESS] bvid=BV1REQABtE7z 已成功抓取全部所需数据。
[2026-04-14 03:15:36] [SUCCESS] bvid=BV18BDZBgEGy 已成功抓取全部所需数据。
[2026-04-14 03:15:41] [SUCCESS] bvid=BV1wPSfBbEit 已成功抓取全部所需数据。
[2026-04-14 03:15:46] [SUCCESS] bvid=BV1TcQTB4E78 已成功抓取全部所需数据。
[2026-04-14 03:15:50] [SUCCESS] bvid=BV1JvQKB5E6a 已成功抓取全部所需数据。
[2026-04-14 03:15:55] [SUCCESS] bvid=BV1yuQuBfEuQ 已成功抓取全部所需数据。
[2026-04-14 03:16:06] [SUCCESS] bvid=BV1wuQuBfEox 已成功抓取全部所需数据。
[2026-04-14 03:16:06] [WARN] 当前子任务已结束，但仍有未成功抓取的视频，已导出 remaining CSV 供继续执行。
[2026-04-14 03:16:06] [INFO] 已导出剔除成功条目后的剩余 CSV：D:\Schoolworks\Thesis\Bilibili-Datahub\outputs\video_data\manual_crawls\manual_crawl_stat_comment_20260413_211529\remaining_bvids_part_16.csv
[2026-04-14 03:16:06] 子任务结束时间：2026-04-14T03:16:06.705590
[TIMESTAMP][END] 2026-04-14T03:16:06
