[TIMESTAMP][BEGIN] 2026-04-14T07:06:33
[2026-04-14 07:06:36] 开始执行 CSV 批量抓取子任务 part_36。
[2026-04-14 07:06:36] 子任务开始时间：2026-04-14T07:06:33.936353
[2026-04-14 07:06:36] 输入文件：batch_input_36.csv
[2026-04-14 07:06:36] 输入唯一 bvid 数量：100
[2026-04-14 07:06:36] 为严格按 CSV 顺序判断连续失败阈值，本次任务自动将并发度从 2 调整为 1。
[2026-04-14 07:06:48] [SUCCESS] bvid=BV1xADWBKEEz 已成功抓取全部所需数据。
[2026-04-14 07:06:53] [SUCCESS] bvid=BV1zzDsB8EMk 已成功抓取全部所需数据。
[2026-04-14 07:07:04] [SUCCESS] bvid=BV1f6DsBfEkY 已成功抓取全部所需数据。
[2026-04-14 07:07:09] [SUCCESS] bvid=BV1z6DsBfENN 已成功抓取全部所需数据。
[2026-04-14 07:07:13] [SUCCESS] bvid=BV1UJSDBLE8p 已成功抓取全部所需数据。
[2026-04-14 07:07:19] [SUCCESS] bvid=BV1aCDEBYEMR 已成功抓取全部所需数据。
[2026-04-14 07:07:24] [SUCCESS] bvid=BV1oZDHBSE5v 已成功抓取全部所需数据。
[2026-04-14 07:07:29] [SUCCESS] bvid=BV1n9DHBWEgd 已成功抓取全部所需数据。
[2026-04-14 07:07:40] [SUCCESS] bvid=BV1f9DHBpEv1 已成功抓取全部所需数据。
[2026-04-14 07:07:52] [SUCCESS] bvid=BV1RPDpB1EYz 已成功抓取全部所需数据。
[2026-04-14 07:08:03] [SUCCESS] bvid=BV1RADpBjESJ 已成功抓取全部所需数据。
[2026-04-14 07:08:08] [SUCCESS] bvid=BV1RADpBjEmV 已成功抓取全部所需数据。
[2026-04-14 07:08:13] [SUCCESS] bvid=BV1iADpB7E3R 已成功抓取全部所需数据。
[2026-04-14 07:08:26] [SUCCESS] bvid=BV19PDpB1EWu 已成功抓取全部所需数据。
[2026-04-14 07:08:31] [SUCCESS] bvid=BV1dADpBjEij 已成功抓取全部所需数据。
[2026-04-14 07:08:43] [SUCCESS] bvid=BV19PDpB1EDQ 已成功抓取全部所需数据。
[2026-04-14 07:08:48] [SUCCESS] bvid=BV1RPDpB1EHJ 已成功抓取全部所需数据。
[2026-04-14 07:09:00] [SUCCESS] bvid=BV1oFDpBEEUe 已成功抓取全部所需数据。
[2026-04-14 07:09:13] [SUCCESS] bvid=BV1LcDpBUEit 已成功抓取全部所需数据。
[2026-04-14 07:09:25] [SUCCESS] bvid=BV1WyDHB8EuV 已成功抓取全部所需数据。
[2026-04-14 07:09:30] [SUCCESS] bvid=BV1dcDpBmEE4 已成功抓取全部所需数据。
[2026-04-14 07:09:35] [SUCCESS] bvid=BV1jcDpBUEbA 已成功抓取全部所需数据。
[2026-04-14 07:09:40] [SUCCESS] bvid=BV1ocDpBmEbn 已成功抓取全部所需数据。
[2026-04-14 07:09:52] [SUCCESS] bvid=BV1p1DHBfEUN 已成功抓取全部所需数据。
[2026-04-14 07:09:58] [SUCCESS] bvid=BV1P1DHBfENs 已成功抓取全部所需数据。
[2026-04-14 07:10:10] [SUCCESS] bvid=BV1cDDHBxEvR 已成功抓取全部所需数据。
[2026-04-14 07:10:21] [SUCCESS] bvid=BV1KrDHBaELa 已成功抓取全部所需数据。
[2026-04-14 07:10:27] [SUCCESS] bvid=BV1NCDHBcETi 已成功抓取全部所需数据。
[2026-04-14 07:10:32] [SUCCESS] bvid=BV1xCDHBcEYn 已成功抓取全部所需数据。
[2026-04-14 07:10:43] [SUCCESS] bvid=BV1PCDHBcEzT 已成功抓取全部所需数据。
[2026-04-14 07:10:48] [SUCCESS] bvid=BV1xCDHBcEjQ 已成功抓取全部所需数据。
[2026-04-14 07:10:53] [SUCCESS] bvid=BV1cDDHBxE2R 已成功抓取全部所需数据。
[2026-04-14 07:10:57] [SUCCESS] bvid=BV1cDDHBxEgT 已成功抓取全部所需数据。
[2026-04-14 07:11:02] [SUCCESS] bvid=BV1puDWBwEgV 已成功抓取全部所需数据。
[2026-04-14 07:11:07] [SUCCESS] bvid=BV1nQDHBREyd 已成功抓取全部所需数据。
[2026-04-14 07:11:13] [SUCCESS] bvid=BV1iDDLBwEmF 已成功抓取全部所需数据。
[2026-04-14 07:11:18] [SUCCESS] bvid=BV1FQDHBREth 已成功抓取全部所需数据。
[2026-04-14 07:11:23] [SUCCESS] bvid=BV1AmDHBbEQE 已成功抓取全部所需数据。
[2026-04-14 07:11:34] [SUCCESS] bvid=BV1AUDHBoEGH 已成功抓取全部所需数据。
[2026-04-14 07:11:39] [SUCCESS] bvid=BV1wUDHBoEy2 已成功抓取全部所需数据。
[2026-04-14 07:11:50] [SUCCESS] bvid=BV12HDpBNEjc 已成功抓取全部所需数据。
[2026-04-14 07:12:02] [SUCCESS] bvid=BV11HDpBPE2Y 已成功抓取全部所需数据。
[2026-04-14 07:12:14] [SUCCESS] bvid=BV12HDpBPEfC 已成功抓取全部所需数据。
[2026-04-14 07:12:18] [SUCCESS] bvid=BV1KpDpBeEH3 已成功抓取全部所需数据。
[2026-04-14 07:12:30] [SUCCESS] bvid=BV12EDpBKE2J 已成功抓取全部所需数据。
[2026-04-14 07:12:35] [SUCCESS] bvid=BV1UEDpBKE3e 已成功抓取全部所需数据。
[2026-04-14 07:12:40] [SUCCESS] bvid=BV1TEDpBTEXe 已成功抓取全部所需数据。
[2026-04-14 07:12:45] [SUCCESS] bvid=BV1UEDpBKEae 已成功抓取全部所需数据。
[2026-04-14 07:12:57] [SUCCESS] bvid=BV1tEDpBTEKM 已成功抓取全部所需数据。
[2026-04-14 07:13:09] [SUCCESS] bvid=BV12JDpBvEYQ 已成功抓取全部所需数据。
[2026-04-14 07:13:21] [SUCCESS] bvid=BV1ktDpBFEtS 已成功抓取全部所需数据。
[2026-04-14 07:13:26] [SUCCESS] bvid=BV1mJDpBvEbh 已成功抓取全部所需数据。
[2026-04-14 07:13:38] [SUCCESS] bvid=BV1ktDpBFEQN 已成功抓取全部所需数据。
[2026-04-14 07:13:43] [SUCCESS] bvid=BV1CtDpBFEE4 已成功抓取全部所需数据。
[2026-04-14 07:13:48] [SUCCESS] bvid=BV1CbDpBbEPd 已成功抓取全部所需数据。
[2026-04-14 07:14:00] [SUCCESS] bvid=BV1ESD7B6EWz 已成功抓取全部所需数据。
[2026-04-14 07:14:05] [SUCCESS] bvid=BV1CtDpBFEoR 已成功抓取全部所需数据。
[2026-04-14 07:14:10] [SUCCESS] bvid=BV1AbDpB8Er8 已成功抓取全部所需数据。
[2026-04-14 07:14:15] [SUCCESS] bvid=BV1CbDpBbEwa 已成功抓取全部所需数据。
[2026-04-14 07:14:26] [SUCCESS] bvid=BV1AbDpB8E6n 已成功抓取全部所需数据。
[2026-04-14 07:14:31] [SUCCESS] bvid=BV1CbDpBbEFB 已成功抓取全部所需数据。
[2026-04-14 07:14:43] [SUCCESS] bvid=BV1PsDpBAEtw 已成功抓取全部所需数据。
[2026-04-14 07:14:48] [SUCCESS] bvid=BV1CsDpBwE4M 已成功抓取全部所需数据。
[2026-04-14 07:14:53] [SUCCESS] bvid=BV1rbDpBbEny 已成功抓取全部所需数据。
[2026-04-14 07:14:58] [SUCCESS] bvid=BV1xsDpBAEHr 已成功抓取全部所需数据。
[2026-04-14 07:15:02] [SUCCESS] bvid=BV1CsDpBwEbB 已成功抓取全部所需数据。
[2026-04-14 07:15:14] [SUCCESS] bvid=BV1BGDJBCEG1 已成功抓取全部所需数据。
[2026-04-14 07:15:25] [SUCCESS] bvid=BV1NxDpBaEL8 已成功抓取全部所需数据。
[2026-04-14 07:15:44] [SUCCESS] bvid=BV1kxDpBhECo 已成功抓取全部所需数据。
[2026-04-14 07:15:49] [SUCCESS] bvid=BV1yxDpBhEDT 已成功抓取全部所需数据。
[2026-04-14 07:16:01] [SUCCESS] bvid=BV1QgDpBrEvJ 已成功抓取全部所需数据。
[2026-04-14 07:16:06] [SUCCESS] bvid=BV1DgDpBrE6s 已成功抓取全部所需数据。
[2026-04-14 07:16:18] [SUCCESS] bvid=BV1DgDpBrEHc 已成功抓取全部所需数据。
[2026-04-14 07:16:29] [SUCCESS] bvid=BV1XKDpB5E91 已成功抓取全部所需数据。
[2026-04-14 07:16:34] [SUCCESS] bvid=BV19KDpB5Eyq 已成功抓取全部所需数据。
[2026-04-14 07:16:39] [SUCCESS] bvid=BV1XKDpB5Eho 已成功抓取全部所需数据。
[2026-04-14 07:16:50] [SUCCESS] bvid=BV1GTDpByE6K 已成功抓取全部所需数据。
[2026-04-14 07:16:56] [SUCCESS] bvid=BV1yEDnBtESe 已成功抓取全部所需数据。
[2026-04-14 07:17:01] [SUCCESS] bvid=BV17vDrBMEb1 已成功抓取全部所需数据。
[2026-04-14 07:17:06] [SUCCESS] bvid=BV1PrDJB9Eux 已成功抓取全部所需数据。
[2026-04-14 07:17:11] [SUCCESS] bvid=BV1YKDpBLESU 已成功抓取全部所需数据。
[2026-04-14 07:17:16] [SUCCESS] bvid=BV13TDpByEDg 已成功抓取全部所需数据。
[2026-04-14 07:17:21] [SUCCESS] bvid=BV1XTDpBCEj6 已成功抓取全部所需数据。
[2026-04-14 07:17:33] [SUCCESS] bvid=BV19TDpBCEVB 已成功抓取全部所需数据。
[2026-04-14 07:17:44] [SUCCESS] bvid=BV1XTDpBCE7g 已成功抓取全部所需数据。
[2026-04-14 07:17:55] [SUCCESS] bvid=BV1VTDpByEqQ 已成功抓取全部所需数据。
[2026-04-14 07:18:00] [SUCCESS] bvid=BV19ZD7BPEfa 已成功抓取全部所需数据。
[2026-04-14 07:18:11] [SUCCESS] bvid=BV1KeD7BDEcd 已成功抓取全部所需数据。
[2026-04-14 07:18:25] [SUCCESS] bvid=BV1YpDHByEzp 已成功抓取全部所需数据。
[2026-04-14 07:18:29] [SUCCESS] bvid=BV1mnSDByE9M 已成功抓取全部所需数据。
[2026-04-14 07:18:34] [SUCCESS] bvid=BV1HkD6BCEdd 已成功抓取全部所需数据。
[2026-04-14 07:18:46] [SUCCESS] bvid=BV1qBDpBpE4g 已成功抓取全部所需数据。
[2026-04-14 07:18:50] [SUCCESS] bvid=BV1rXDcBYEPD 已成功抓取全部所需数据。
[2026-04-14 07:19:02] [SUCCESS] bvid=BV1qSD7B6EsC 已成功抓取全部所需数据。
[2026-04-14 07:19:13] [SUCCESS] bvid=BV1TWDLBSECy 已成功抓取全部所需数据。
[2026-04-14 07:19:25] [SUCCESS] bvid=BV1NyDYBFEfS 已成功抓取全部所需数据。
[2026-04-14 07:19:37] [SUCCESS] bvid=BV1nMDJBjEvD 已成功抓取全部所需数据。
[2026-04-14 07:19:42] [SUCCESS] bvid=BV1bDDEBZEp8 已成功抓取全部所需数据。
[2026-04-14 07:19:47] [SUCCESS] bvid=BV11EDnBtEW5 已成功抓取全部所需数据。
[2026-04-14 07:19:58] [SUCCESS] bvid=BV1j3D7BiEUn 已成功抓取全部所需数据。
[2026-04-14 07:19:58] [INFO] 当前 batch_crawl 已完成，所有视频均已成功抓取。
[2026-04-14 07:19:58] 子任务结束时间：2026-04-14T07:19:58.017273
[TIMESTAMP][END] 2026-04-14T07:19:58
