[TIMESTAMP][BEGIN] 2026-04-14T04:15:18
[2026-04-14 04:15:20] 开始执行 CSV 批量抓取子任务 part_21。
[2026-04-14 04:15:20] 子任务开始时间：2026-04-14T04:15:18.372688
[2026-04-14 04:15:20] 输入文件：batch_input_21.csv
[2026-04-14 04:15:20] 输入唯一 bvid 数量：100
[2026-04-14 04:15:20] 为严格按 CSV 顺序判断连续失败阈值，本次任务自动将并发度从 2 调整为 1。
[2026-04-14 04:15:25] [SUCCESS] bvid=BV1b2QFBkEuD 已成功抓取全部所需数据。
[2026-04-14 04:15:30] [SUCCESS] bvid=BV1fUQcBFEKx 已成功抓取全部所需数据。
[2026-04-14 04:15:35] [SUCCESS] bvid=BV1BUQcBFEUr 已成功抓取全部所需数据。
[2026-04-14 04:15:40] [SUCCESS] bvid=BV16CQcBYExu 已成功抓取全部所需数据。
[2026-04-14 04:15:45] [SUCCESS] bvid=BV1BUQcBFE7h 已成功抓取全部所需数据。
[2026-04-14 04:15:50] [SUCCESS] bvid=BV1iUQcBFE1R 已成功抓取全部所需数据。
[2026-04-14 04:15:55] [SUCCESS] bvid=BV1FADbBrEpc 已成功抓取全部所需数据。
[2026-04-14 04:16:00] [SUCCESS] bvid=BV1wmDHBtEvw 已成功抓取全部所需数据。
[2026-04-14 04:16:05] [SUCCESS] bvid=BV1dNDfBDEnC 已成功抓取全部所需数据。
[2026-04-14 04:16:10] [SUCCESS] bvid=BV1dNDfBDEd1 已成功抓取全部所需数据。
[2026-04-14 04:16:15] [SUCCESS] bvid=BV1kaDsBNEsi 已成功抓取全部所需数据。
[2026-04-14 04:16:20] [SUCCESS] bvid=BV1mmQwBSECd 已成功抓取全部所需数据。
[2026-04-14 04:16:25] [SUCCESS] bvid=BV1GqQFBUEUq 已成功抓取全部所需数据。
[2026-04-14 04:16:29] [SUCCESS] bvid=BV1RWDYBkEyW 已成功抓取全部所需数据。
[2026-04-14 04:16:34] [SUCCESS] bvid=BV1vXQcB4E9F 已成功抓取全部所需数据。
[2026-04-14 04:16:41] [SUCCESS] bvid=BV1KDQwBmEy6 已成功抓取全部所需数据。
[2026-04-14 04:16:46] [SUCCESS] bvid=BV1FJDNBkEfH 已成功抓取全部所需数据。
[2026-04-14 04:16:51] [SUCCESS] bvid=BV1hZDfBLEWF 已成功抓取全部所需数据。
[2026-04-14 04:16:56] [SUCCESS] bvid=BV1JnQFB8EgF 已成功抓取全部所需数据。
[2026-04-14 04:17:08] [SUCCESS] bvid=BV1FCQcBeEjo 已成功抓取全部所需数据。
[2026-04-14 04:17:13] [SUCCESS] bvid=BV1zCQcBYEoC 已成功抓取全部所需数据。
[2026-04-14 04:17:18] [SUCCESS] bvid=BV16CQcBYEzM 已成功抓取全部所需数据。
[2026-04-14 04:17:30] [SUCCESS] bvid=BV16CQcBYESK 已成功抓取全部所需数据。
[2026-04-14 04:17:35] [SUCCESS] bvid=BV16CQcBYEsm 已成功抓取全部所需数据。
[2026-04-14 04:17:40] [SUCCESS] bvid=BV1FCQcBeEuf 已成功抓取全部所需数据。
[2026-04-14 04:17:46] [SUCCESS] bvid=BV1zCQcBYEhi 已成功抓取全部所需数据。
[2026-04-14 04:17:57] [SUCCESS] bvid=BV1JCQcBeEB6 已成功抓取全部所需数据。
[2026-04-14 04:18:02] [SUCCESS] bvid=BV1cCQcBeEVx 已成功抓取全部所需数据。
[2026-04-14 04:18:07] [SUCCESS] bvid=BV1jYDrBzE6g 已成功抓取全部所需数据。
[2026-04-14 04:18:12] [SUCCESS] bvid=BV16CQcBYEFf 已成功抓取全部所需数据。
[2026-04-14 04:18:17] [SUCCESS] bvid=BV16CQcBYEFV 已成功抓取全部所需数据。
[2026-04-14 04:18:22] [SUCCESS] bvid=BV1z1QcBwEFh 已成功抓取全部所需数据。
[2026-04-14 04:18:28] [SUCCESS] bvid=BV1z1QcBwE5P 已成功抓取全部所需数据。
[2026-04-14 04:18:33] [SUCCESS] bvid=BV1vXQcB4EwB 已成功抓取全部所需数据。
[2026-04-14 04:18:38] [SUCCESS] bvid=BV1z1QcBwEFL 已成功抓取全部所需数据。
[2026-04-14 04:18:43] [SUCCESS] bvid=BV1f1QcBwEj7 已成功抓取全部所需数据。
[2026-04-14 04:18:49] [SUCCESS] bvid=BV1Z1QcBwE6G 已成功抓取全部所需数据。
[2026-04-14 04:18:54] [SUCCESS] bvid=BV1f1QcBwEKf 已成功抓取全部所需数据。
[2026-04-14 04:18:59] [SUCCESS] bvid=BV1f1QcBwEiw 已成功抓取全部所需数据。
[2026-04-14 04:19:04] [SUCCESS] bvid=BV1z1QcBwETJ 已成功抓取全部所需数据。
[2026-04-14 04:19:09] [SUCCESS] bvid=BV1z1QcBAEgL 已成功抓取全部所需数据。
[2026-04-14 04:19:15] [SUCCESS] bvid=BV1iXQcB4EqZ 已成功抓取全部所需数据。
[2026-04-14 04:19:20] [SUCCESS] bvid=BV1B1QcBwEfb 已成功抓取全部所需数据。
[2026-04-14 04:19:25] [SUCCESS] bvid=BV1z1QcBwEMK 已成功抓取全部所需数据。
[2026-04-14 04:19:29] [SUCCESS] bvid=BV1jXQcBtEAL 已成功抓取全部所需数据。
[2026-04-14 04:19:34] [SUCCESS] bvid=BV1RXQcB4EZA 已成功抓取全部所需数据。
[2026-04-14 04:19:45] [SUCCESS] bvid=BV1RXQcB4Er3 已成功抓取全部所需数据。
[2026-04-14 04:19:56] [SUCCESS] bvid=BV1vXQcB4ET5 已成功抓取全部所需数据。
[2026-04-14 04:20:01] [SUCCESS] bvid=BV1L9QcBoEeH 已成功抓取全部所需数据。
[2026-04-14 04:20:07] [SUCCESS] bvid=BV1vXQcB4EHo 已成功抓取全部所需数据。
[2026-04-14 04:20:12] [SUCCESS] bvid=BV1qSQcBbEav 已成功抓取全部所需数据。
[2026-04-14 04:20:17] [SUCCESS] bvid=BV1LXQcBtEW6 已成功抓取全部所需数据。
[2026-04-14 04:20:29] [SUCCESS] bvid=BV1vXQcB4Eti 已成功抓取全部所需数据。
[2026-04-14 04:20:34] [SUCCESS] bvid=BV1e9QcBdEr8 已成功抓取全部所需数据。
[2026-04-14 04:20:39] [SUCCESS] bvid=BV1e9QcBdEia 已成功抓取全部所需数据。
[2026-04-14 04:20:50] [SUCCESS] bvid=BV1e9QcBdEmF 已成功抓取全部所需数据。
[2026-04-14 04:20:55] [SUCCESS] bvid=BV1Y9QcBdEQY 已成功抓取全部所需数据。
[2026-04-14 04:21:06] [SUCCESS] bvid=BV1i9QcBdETn 已成功抓取全部所需数据。
[2026-04-14 04:21:11] [SUCCESS] bvid=BV1e9QcBdE22 已成功抓取全部所需数据。
[2026-04-14 04:21:17] [SUCCESS] bvid=BV1V9QcBoEQu 已成功抓取全部所需数据。
[2026-04-14 04:21:23] [SUCCESS] bvid=BV1R9QcBdEja 已成功抓取全部所需数据。
[2026-04-14 04:21:28] [SUCCESS] bvid=BV17DQcBfEnL 已成功抓取全部所需数据。
[2026-04-14 04:21:33] [SUCCESS] bvid=BV1R9QcBdEG8 已成功抓取全部所需数据。
[2026-04-14 04:21:44] [SUCCESS] bvid=BV1iDQcBZETD 已成功抓取全部所需数据。
[2026-04-14 04:21:56] [SUCCESS] bvid=BV1v9QcBdEU4 已成功抓取全部所需数据。
[2026-04-14 04:22:01] [SUCCESS] bvid=BV1ZSQcBbEg5 已成功抓取全部所需数据。
[2026-04-14 04:22:06] [SUCCESS] bvid=BV1WEQwBzEJ5 已成功抓取全部所需数据。
[2026-04-14 04:22:12] [SUCCESS] bvid=BV1qDQcBZEFJ 已成功抓取全部所需数据。
[2026-04-14 04:22:24] [SUCCESS] bvid=BV1qDQcBZEut 已成功抓取全部所需数据。
[2026-04-14 04:22:29] [SUCCESS] bvid=BV1ZDQcBZEFZ 已成功抓取全部所需数据。
[2026-04-14 04:22:40] [SUCCESS] bvid=BV1XVDfBLE3D 已成功抓取全部所需数据。
[2026-04-14 04:22:45] [SUCCESS] bvid=BV1B2D4BYEDA 已成功抓取全部所需数据。
[2026-04-14 04:22:51] [SUCCESS] bvid=BV1qDQcBZEYR 已成功抓取全部所需数据。
[2026-04-14 04:22:56] [SUCCESS] bvid=BV1HWQwBKEs8 已成功抓取全部所需数据。
[2026-04-14 04:23:07] [SUCCESS] bvid=BV1FsQwBiEFQ 已成功抓取全部所需数据。
[2026-04-14 04:23:13] [SUCCESS] bvid=BV1nsQwBvEsj 已成功抓取全部所需数据。
[2026-04-14 04:23:18] [SUCCESS] bvid=BV1JsQwBvEF3 已成功抓取全部所需数据。
[2026-04-14 04:23:24] [SUCCESS] bvid=BV1zsQwBvES3 已成功抓取全部所需数据。
[2026-04-14 04:23:29] [SUCCESS] bvid=BV16JQFBcEkQ 已成功抓取全部所需数据。
[2026-04-14 04:23:40] [SUCCESS] bvid=BV1f9DHBpEdT 已成功抓取全部所需数据。
[2026-04-14 04:23:46] [SUCCESS] bvid=BV1JHQFBfE5M 已成功抓取全部所需数据。
[2026-04-14 04:23:51] [SUCCESS] bvid=BV1pnQwBMEVe 已成功抓取全部所需数据。
[2026-04-14 04:24:03] [SUCCESS] bvid=BV16sQwBvEQU 已成功抓取全部所需数据。
[2026-04-14 04:24:14] [SUCCESS] bvid=BV1zsQwBvE8S 已成功抓取全部所需数据。
[2026-04-14 04:24:18] [SUCCESS] bvid=BV1JsQwBvEJF 已成功抓取全部所需数据。
[2026-04-14 04:24:24] [SUCCESS] bvid=BV1nsQwBvEcf 已成功抓取全部所需数据。
[2026-04-14 04:24:29] [SUCCESS] bvid=BV1JsQwBvEjo 已成功抓取全部所需数据。
[2026-04-14 04:24:33] [SUCCESS] bvid=BV1rnQwBMETe 已成功抓取全部所需数据。
[2026-04-14 04:24:38] [SUCCESS] bvid=BV1zsQwBvEeF 已成功抓取全部所需数据。
[2026-04-14 04:24:49] [SUCCESS] bvid=BV16sQwBvEKM 已成功抓取全部所需数据。
[2026-04-14 04:24:55] [SUCCESS] bvid=BV1JsQwBvEpY 已成功抓取全部所需数据。
[2026-04-14 04:25:06] [SUCCESS] bvid=BV1pnQwBMEQR 已成功抓取全部所需数据。
[2026-04-14 04:25:11] [SUCCESS] bvid=BV1HnQwBMEoe 已成功抓取全部所需数据。
[2026-04-14 04:25:16] [SUCCESS] bvid=BV1HnQwBMEju 已成功抓取全部所需数据。
[2026-04-14 04:25:20] [SUCCESS] bvid=BV1JHQwBqEoU 已成功抓取全部所需数据。
[2026-04-14 04:25:25] [SUCCESS] bvid=BV1HHQwBqEiE 已成功抓取全部所需数据。
[2026-04-14 04:25:31] [SUCCESS] bvid=BV1nHQwBqE2P 已成功抓取全部所需数据。
[2026-04-14 04:25:42] [SUCCESS] bvid=BV1DzQFB7ESW 已成功抓取全部所需数据。
[2026-04-14 04:25:47] [SUCCESS] bvid=BV1JHQwBqEdP 已成功抓取全部所需数据。
[2026-04-14 04:25:51] [SUCCESS] bvid=BV1rHQwBqEfn 已成功抓取全部所需数据。
[2026-04-14 04:25:51] [INFO] 当前 batch_crawl 已完成，所有视频均已成功抓取。
[2026-04-14 04:25:51] 子任务结束时间：2026-04-14T04:25:51.904373
[TIMESTAMP][END] 2026-04-14T04:25:51
