[TIMESTAMP][BEGIN] 2026-04-14T07:53:34
[2026-04-14 07:53:36] 开始执行 CSV 批量抓取子任务 part_40。
[2026-04-14 07:53:36] 子任务开始时间：2026-04-14T07:53:34.560412
[2026-04-14 07:53:36] 输入文件：batch_input_40.csv
[2026-04-14 07:53:36] 输入唯一 bvid 数量：100
[2026-04-14 07:53:36] 为严格按 CSV 顺序判断连续失败阈值，本次任务自动将并发度从 2 调整为 1。
[2026-04-14 07:53:42] [SUCCESS] bvid=BV1CiD7BJExQ 已成功抓取全部所需数据。
[2026-04-14 07:53:47] [SUCCESS] bvid=BV1AqD7BUEYv 已成功抓取全部所需数据。
[2026-04-14 07:53:52] [SUCCESS] bvid=BV1AqD7BUEjj 已成功抓取全部所需数据。
[2026-04-14 07:53:57] [SUCCESS] bvid=BV1sqD7BUENu 已成功抓取全部所需数据。
[2026-04-14 07:54:02] [SUCCESS] bvid=BV1PqD7BUErS 已成功抓取全部所需数据。
[2026-04-14 07:54:07] [SUCCESS] bvid=BV1ckD7BjEPc 已成功抓取全部所需数据。
[2026-04-14 07:54:12] [SUCCESS] bvid=BV1F1D7BVEQ7 已成功抓取全部所需数据。
[2026-04-14 07:54:17] [SUCCESS] bvid=BV1f2D7BrEfV 已成功抓取全部所需数据。
[2026-04-14 07:54:22] [SUCCESS] bvid=BV1f2D7BrE7q 已成功抓取全部所需数据。
[2026-04-14 07:54:27] [SUCCESS] bvid=BV1nkD7BLEPJ 已成功抓取全部所需数据。
[2026-04-14 07:54:32] [SUCCESS] bvid=BV1F2D7BkEhW 已成功抓取全部所需数据。
[2026-04-14 07:54:37] [SUCCESS] bvid=BV1P49uBNEvZ 已成功抓取全部所需数据。
[2026-04-14 07:54:43] [SUCCESS] bvid=BV1E2D7BkEmj 已成功抓取全部所需数据。
[2026-04-14 07:54:48] [SUCCESS] bvid=BV1rkD7BLEEC 已成功抓取全部所需数据。
[2026-04-14 07:54:54] [SUCCESS] bvid=BV1HkD7BLES5 已成功抓取全部所需数据。
[2026-04-14 07:54:59] [SUCCESS] bvid=BV1ckD7BLEA8 已成功抓取全部所需数据。
[2026-04-14 07:55:04] [SUCCESS] bvid=BV1wkD7BLEms 已成功抓取全部所需数据。
[2026-04-14 07:55:10] [SUCCESS] bvid=BV1y3DjB2E9d 已成功抓取全部所需数据。
[2026-04-14 07:55:15] [SUCCESS] bvid=BV1XrDrBAEYH 已成功抓取全部所需数据。
[2026-04-14 07:55:20] [SUCCESS] bvid=BV1xbDLBjEu5 已成功抓取全部所需数据。
[2026-04-14 07:55:25] [SUCCESS] bvid=BV19qDjBfEJ2 已成功抓取全部所需数据。
[2026-04-14 07:55:30] [SUCCESS] bvid=BV1kHDEBmErp 已成功抓取全部所需数据。
[2026-04-14 07:55:35] [SUCCESS] bvid=BV1ioD6BPE8N 已成功抓取全部所需数据。
[2026-04-14 07:55:40] [SUCCESS] bvid=BV1fyDLBNEr2 已成功抓取全部所需数据。
[2026-04-14 07:55:46] [SUCCESS] bvid=BV1HCD7ByExk 已成功抓取全部所需数据。
[2026-04-14 07:55:51] [SUCCESS] bvid=BV1xLDEBXEAr 已成功抓取全部所需数据。
[2026-04-14 07:55:57] [SUCCESS] bvid=BV1TGDEBREqU 已成功抓取全部所需数据。
[2026-04-14 07:56:02] [SUCCESS] bvid=BV1yLDEBQEze 已成功抓取全部所需数据。
[2026-04-14 07:56:07] [SUCCESS] bvid=BV1xLDEBXEeV 已成功抓取全部所需数据。
[2026-04-14 07:56:12] [SUCCESS] bvid=BV1C7DEBnESb 已成功抓取全部所需数据。
[2026-04-14 07:56:18] [SUCCESS] bvid=BV1y7DEBnEyQ 已成功抓取全部所需数据。
[2026-04-14 07:56:23] [SUCCESS] bvid=BV1C7DEBnESJ 已成功抓取全部所需数据。
[2026-04-14 07:56:23] [ERROR] bvid=BV1y7DEBnEcj 抓取失败：stat: 接口返回错误代码：62012，信息：62012。
{'code': 62012, 'message': '62012', 'ttl': 1} | comment: 接口返回错误代码：62012，信息：62012。
{'code': 62012, 'message': '62012', 'ttl': 1}
[2026-04-14 07:56:28] [SUCCESS] bvid=BV1N7DEBHEHp 已成功抓取全部所需数据。
[2026-04-14 07:56:33] [SUCCESS] bvid=BV1C7DEBnEyj 已成功抓取全部所需数据。
[2026-04-14 07:56:39] [SUCCESS] bvid=BV1s7DEBHEc3 已成功抓取全部所需数据。
[2026-04-14 07:56:44] [SUCCESS] bvid=BV1NGDEBREkX 已成功抓取全部所需数据。
[2026-04-14 07:56:49] [SUCCESS] bvid=BV11GDEB9E5j 已成功抓取全部所需数据。
[2026-04-14 07:56:54] [SUCCESS] bvid=BV15DDiBQEq6 已成功抓取全部所需数据。
[2026-04-14 07:56:59] [SUCCESS] bvid=BV1TGDEBREY4 已成功抓取全部所需数据。
[2026-04-14 07:57:04] [SUCCESS] bvid=BV12GDEB9EAu 已成功抓取全部所需数据。
[2026-04-14 07:57:09] [SUCCESS] bvid=BV1K5DEBWEEC 已成功抓取全部所需数据。
[2026-04-14 07:57:15] [SUCCESS] bvid=BV1rHDEBmEfU 已成功抓取全部所需数据。
[2026-04-14 07:57:19] [SUCCESS] bvid=BV1N5DEBWE4j 已成功抓取全部所需数据。
[2026-04-14 07:57:25] [SUCCESS] bvid=BV125DEBpEvM 已成功抓取全部所需数据。
[2026-04-14 07:57:30] [SUCCESS] bvid=BV1gNDEB8E5b 已成功抓取全部所需数据。
[2026-04-14 07:57:35] [SUCCESS] bvid=BV1rHDEBmE4z 已成功抓取全部所需数据。
[2026-04-14 07:57:40] [SUCCESS] bvid=BV1kHDEBmEUr 已成功抓取全部所需数据。
[2026-04-14 07:57:45] [SUCCESS] bvid=BV1kHDEBUEM8 已成功抓取全部所需数据。
[2026-04-14 07:57:50] [SUCCESS] bvid=BV1AHDEBUE3G 已成功抓取全部所需数据。
[2026-04-14 07:57:55] [SUCCESS] bvid=BV1kHDEBmEzt 已成功抓取全部所需数据。
[2026-04-14 07:58:00] [SUCCESS] bvid=BV1wWDEB7EL9 已成功抓取全部所需数据。
[2026-04-14 07:58:05] [SUCCESS] bvid=BV1yEDEBSExb 已成功抓取全部所需数据。
[2026-04-14 07:58:11] [SUCCESS] bvid=BV1AEDEBDEqJ 已成功抓取全部所需数据。
[2026-04-14 07:58:16] [SUCCESS] bvid=BV1yEDEBSEVJ 已成功抓取全部所需数据。
[2026-04-14 07:58:21] [SUCCESS] bvid=BV13PDEBcEoc 已成功抓取全部所需数据。
[2026-04-14 07:58:26] [SUCCESS] bvid=BV1knDEBEE71 已成功抓取全部所需数据。
[2026-04-14 07:58:31] [SUCCESS] bvid=BV1DPDEBFEW6 已成功抓取全部所需数据。
[2026-04-14 07:58:37] [SUCCESS] bvid=BV13PDEBcE9p 已成功抓取全部所需数据。
[2026-04-14 07:58:42] [SUCCESS] bvid=BV1gNDEB8EX5 已成功抓取全部所需数据。
[2026-04-14 07:58:48] [SUCCESS] bvid=BV1MuDEBdEhC 已成功抓取全部所需数据。
[2026-04-14 07:58:54] [SUCCESS] bvid=BV1RQDLB8E5A 已成功抓取全部所需数据。
[2026-04-14 07:58:59] [SUCCESS] bvid=BV1UuDEBdEWd 已成功抓取全部所需数据。
[2026-04-14 07:59:03] [SUCCESS] bvid=BV1UuDEBdECY 已成功抓取全部所需数据。
[2026-04-14 07:59:08] [SUCCESS] bvid=BV1muDEBdEuF 已成功抓取全部所需数据。
[2026-04-14 07:59:14] [SUCCESS] bvid=BV1t3DEBxEfA 已成功抓取全部所需数据。
[2026-04-14 07:59:18] [SUCCESS] bvid=BV1UuDEBoExr 已成功抓取全部所需数据。
[2026-04-14 07:59:23] [SUCCESS] bvid=BV123DEBsE8L 已成功抓取全部所需数据。
[2026-04-14 07:59:29] [SUCCESS] bvid=BV123DEBsEYt 已成功抓取全部所需数据。
[2026-04-14 07:59:35] [SUCCESS] bvid=BV1rJDjB3EFX 已成功抓取全部所需数据。
[2026-04-14 07:59:40] [SUCCESS] bvid=BV1LDDLBwEJn 已成功抓取全部所需数据。
[2026-04-14 07:59:45] [SUCCESS] bvid=BV15YDjBYEJZ 已成功抓取全部所需数据。
[2026-04-14 07:59:50] [SUCCESS] bvid=BV1ZeDuBmEDj 已成功抓取全部所需数据。
[2026-04-14 07:59:56] [SUCCESS] bvid=BV1MpDLBnEt7 已成功抓取全部所需数据。
[2026-04-14 08:00:07] [SUCCESS] bvid=BV1cWDrB1Et5 已成功抓取全部所需数据。
[2026-04-14 08:00:13] [SUCCESS] bvid=BV1uKDEBfE4e 已成功抓取全部所需数据。
[2026-04-14 08:00:24] [SUCCESS] bvid=BV1U3DEBsE3N 已成功抓取全部所需数据。
[2026-04-14 08:00:30] [SUCCESS] bvid=BV1UKDEBZEQp 已成功抓取全部所需数据。
[2026-04-14 08:00:35] [SUCCESS] bvid=BV1t3DEBxEkR 已成功抓取全部所需数据。
[2026-04-14 08:00:41] [SUCCESS] bvid=BV1bKDEBfEog 已成功抓取全部所需数据。
[2026-04-14 08:00:46] [SUCCESS] bvid=BV1SKDEBZE94 已成功抓取全部所需数据。
[2026-04-14 08:00:52] [SUCCESS] bvid=BV1uMDEBtEaZ 已成功抓取全部所需数据。
[2026-04-14 08:01:02] [SUCCESS] bvid=BV18MDEBtE7E 已成功抓取全部所需数据。
[2026-04-14 08:01:20] [SUCCESS] bvid=BV1MMDEBtEfH 已成功抓取全部所需数据。
[2026-04-14 08:01:26] [SUCCESS] bvid=BV1uMDEBtEx6 已成功抓取全部所需数据。
[2026-04-14 08:01:32] [SUCCESS] bvid=BV1bWDLBSEBB 已成功抓取全部所需数据。
[2026-04-14 08:01:32] [ERROR] bvid=BV1tpDLBnERW 抓取失败：stat: 接口返回错误代码：62012，信息：62012。
{'code': 62012, 'message': '62012', 'ttl': 1} | comment: 接口返回错误代码：62012，信息：62012。
{'code': 62012, 'message': '62012', 'ttl': 1}
[2026-04-14 08:01:37] [SUCCESS] bvid=BV1mxDLBEELD 已成功抓取全部所需数据。
[2026-04-14 08:01:42] [SUCCESS] bvid=BV1MxDLBEE3q 已成功抓取全部所需数据。
[2026-04-14 08:01:47] [SUCCESS] bvid=BV1txDLBEEnp 已成功抓取全部所需数据。
[2026-04-14 08:01:53] [SUCCESS] bvid=BV1upDLBnEUE 已成功抓取全部所需数据。
[2026-04-14 08:01:58] [SUCCESS] bvid=BV1TxDLBEEqv 已成功抓取全部所需数据。
[2026-04-14 08:02:04] [SUCCESS] bvid=BV18nDLBQEfE 已成功抓取全部所需数据。
[2026-04-14 08:02:10] [SUCCESS] bvid=BV13nDLBXEHt 已成功抓取全部所需数据。
[2026-04-14 08:02:22] [SUCCESS] bvid=BV1gnDLBQEiu 已成功抓取全部所需数据。
[2026-04-14 08:02:27] [SUCCESS] bvid=BV1e3DLBZEL9 已成功抓取全部所需数据。
[2026-04-14 08:02:45] [SUCCESS] bvid=BV1KbDLBjEAN 已成功抓取全部所需数据。
[2026-04-14 08:02:51] [SUCCESS] bvid=BV118DLB1EVJ 已成功抓取全部所需数据。
[2026-04-14 08:03:02] [SUCCESS] bvid=BV118DLB1ENA 已成功抓取全部所需数据。
[2026-04-14 08:03:07] [SUCCESS] bvid=BV1T4DLBmEX5 已成功抓取全部所需数据。
[2026-04-14 08:03:07] [WARN] 当前子任务已结束，但仍有未成功抓取的视频，已导出 remaining CSV 供继续执行。
[2026-04-14 08:03:07] [INFO] 已导出剔除成功条目后的剩余 CSV：D:\Schoolworks\Thesis\Bilibili-Datahub\outputs\video_data\manual_crawls\manual_crawl_stat_comment_20260413_211529\remaining_bvids_part_40.csv
[2026-04-14 08:03:07] 子任务结束时间：2026-04-14T08:03:07.825619
[TIMESTAMP][END] 2026-04-14T08:03:07
