[TIMESTAMP][BEGIN] 2026-04-14T09:59:06
[2026-04-14 09:59:14] 开始执行 CSV 批量抓取子任务 part_50。
[2026-04-14 09:59:14] 子任务开始时间：2026-04-14T09:59:06.793857
[2026-04-14 09:59:14] 输入文件：batch_input_50.csv
[2026-04-14 09:59:14] 输入唯一 bvid 数量：100
[2026-04-14 09:59:14] 为严格按 CSV 顺序判断连续失败阈值，本次任务自动将并发度从 2 调整为 1。
[2026-04-14 09:59:31] [SUCCESS] bvid=BV1aMDeBkE2t 已成功抓取全部所需数据。
[2026-04-14 09:59:37] [SUCCESS] bvid=BV1aMDeBkEqF 已成功抓取全部所需数据。
[2026-04-14 09:59:43] [SUCCESS] bvid=BV1hgDeB3Eae 已成功抓取全部所需数据。
[2026-04-14 09:59:55] [SUCCESS] bvid=BV1agDeB3Ed1 已成功抓取全部所需数据。
[2026-04-14 10:00:01] [SUCCESS] bvid=BV147DeBiEo5 已成功抓取全部所需数据。
[2026-04-14 10:00:07] [SUCCESS] bvid=BV1t7DeBiEwP 已成功抓取全部所需数据。
[2026-04-14 10:00:19] [SUCCESS] bvid=BV1wMDYB9EbT 已成功抓取全部所需数据。
[2026-04-14 10:00:31] [SUCCESS] bvid=BV1DDDaBKE5D 已成功抓取全部所需数据。
[2026-04-14 10:00:37] [SUCCESS] bvid=BV14JDeBNEDf 已成功抓取全部所需数据。
[2026-04-14 10:00:49] [SUCCESS] bvid=BV14JDeBNE4w 已成功抓取全部所需数据。
[2026-04-14 10:01:01] [SUCCESS] bvid=BV14JDeBNEzc 已成功抓取全部所需数据。
[2026-04-14 10:01:13] [SUCCESS] bvid=BV1xZSZBYEpa 已成功抓取全部所需数据。
[2026-04-14 10:01:18] [SUCCESS] bvid=BV1tGSZBPEq2 已成功抓取全部所需数据。
[2026-04-14 10:01:23] [SUCCESS] bvid=BV1jP93BZEQ5 已成功抓取全部所需数据。
[2026-04-14 10:01:36] [SUCCESS] bvid=BV1GbDYBgEjg 已成功抓取全部所需数据。
[2026-04-14 10:01:48] [SUCCESS] bvid=BV1NPDYB4EA2 已成功抓取全部所需数据。
[2026-04-14 10:01:54] [SUCCESS] bvid=BV176DeBDEBc 已成功抓取全部所需数据。
[2026-04-14 10:02:00] [SUCCESS] bvid=BV1tjDeBTErK 已成功抓取全部所需数据。
[2026-04-14 10:02:06] [SUCCESS] bvid=BV1U5DeBBEZR 已成功抓取全部所需数据。
[2026-04-14 10:02:11] [SUCCESS] bvid=BV1SjDeBTEVZ 已成功抓取全部所需数据。
[2026-04-14 10:02:17] [SUCCESS] bvid=BV1eUDeBLE6X 已成功抓取全部所需数据。
[2026-04-14 10:02:22] [SUCCESS] bvid=BV1UjDeBTEGy 已成功抓取全部所需数据。
[2026-04-14 10:02:28] [SUCCESS] bvid=BV1VUDeBLE48 已成功抓取全部所需数据。
[2026-04-14 10:02:33] [SUCCESS] bvid=BV1VUDeBLEov 已成功抓取全部所需数据。
[2026-04-14 10:02:51] [SUCCESS] bvid=BV1VSDeByEGG 已成功抓取全部所需数据。
[2026-04-14 10:02:57] [SUCCESS] bvid=BV1VUDeBLEZW 已成功抓取全部所需数据。
[2026-04-14 10:03:03] [SUCCESS] bvid=BV1tjDFBuEpV 已成功抓取全部所需数据。
[2026-04-14 10:03:08] [SUCCESS] bvid=BV15UDeBLEF1 已成功抓取全部所需数据。
[2026-04-14 10:03:14] [SUCCESS] bvid=BV13QDeBVE16 已成功抓取全部所需数据。
[2026-04-14 10:03:26] [SUCCESS] bvid=BV1aSDeByEs4 已成功抓取全部所需数据。
[2026-04-14 10:03:37] [SUCCESS] bvid=BV1aSDeByEk8 已成功抓取全部所需数据。
[2026-04-14 10:03:43] [SUCCESS] bvid=BV152DeB2EGK 已成功抓取全部所需数据。
[2026-04-14 10:03:49] [SUCCESS] bvid=BV151DeB7Eqs 已成功抓取全部所需数据。
[2026-04-14 10:04:00] [SUCCESS] bvid=BV151DeB7EX1 已成功抓取全部所需数据。
[2026-04-14 10:04:12] [SUCCESS] bvid=BV151DeB7EQZ 已成功抓取全部所需数据。
[2026-04-14 10:04:29] [SUCCESS] bvid=BV151DeB7ETH 已成功抓取全部所需数据。
[2026-04-14 10:04:35] [SUCCESS] bvid=BV1v1DeB7ESw 已成功抓取全部所需数据。
[2026-04-14 10:04:41] [SUCCESS] bvid=BV1Y2DeB2End 已成功抓取全部所需数据。
[2026-04-14 10:04:46] [SUCCESS] bvid=BV1v1DeB7EFP 已成功抓取全部所需数据。
[2026-04-14 10:04:52] [SUCCESS] bvid=BV1e1DeB7EoT 已成功抓取全部所需数据。
[2026-04-14 10:05:03] [SUCCESS] bvid=BV151DeBEEA1 已成功抓取全部所需数据。
[2026-04-14 10:05:08] [SUCCESS] bvid=BV1V2DeB2ErM 已成功抓取全部所需数据。
[2026-04-14 10:05:13] [SUCCESS] bvid=BV1G2DeB2EDo 已成功抓取全部所需数据。
[2026-04-14 10:05:18] [SUCCESS] bvid=BV1V2DeB2E41 已成功抓取全部所需数据。
[2026-04-14 10:05:24] [SUCCESS] bvid=BV1Y2DeB2EUV 已成功抓取全部所需数据。
[2026-04-14 10:05:29] [SUCCESS] bvid=BV1G2DeB2EQj 已成功抓取全部所需数据。
[2026-04-14 10:05:46] [SUCCESS] bvid=BV1V2DeB2EBQ 已成功抓取全部所需数据。
[2026-04-14 10:05:52] [SUCCESS] bvid=BV1Y2DeB2ERP 已成功抓取全部所需数据。
[2026-04-14 10:05:57] [SUCCESS] bvid=BV1V2DeB2Esn 已成功抓取全部所需数据。
[2026-04-14 10:06:09] [SUCCESS] bvid=BV1V2DeB2E65 已成功抓取全部所需数据。
[2026-04-14 10:06:15] [SUCCESS] bvid=BV1V2DeB2Ezt 已成功抓取全部所需数据。
[2026-04-14 10:06:27] [SUCCESS] bvid=BV1gRDeB3EJ8 已成功抓取全部所需数据。
[2026-04-14 10:06:33] [SUCCESS] bvid=BV1gRDeB3EfF 已成功抓取全部所需数据。
[2026-04-14 10:06:38] [SUCCESS] bvid=BV1gRDeB3EGg 已成功抓取全部所需数据。
[2026-04-14 10:06:45] [SUCCESS] bvid=BV1SRDeB3Ey1 已成功抓取全部所需数据。
[2026-04-14 10:06:51] [SUCCESS] bvid=BV1hRDeB3EwA 已成功抓取全部所需数据。
[2026-04-14 10:06:56] [SUCCESS] bvid=BV18RDeB3E6i 已成功抓取全部所需数据。
[2026-04-14 10:07:02] [SUCCESS] bvid=BV1DRDeB3Eoo 已成功抓取全部所需数据。
[2026-04-14 10:07:21] [SUCCESS] bvid=BV1bdDeB6EqY 已成功抓取全部所需数据。
[2026-04-14 10:07:33] [SUCCESS] bvid=BV1bdDeB6EYV 已成功抓取全部所需数据。
[2026-04-14 10:07:39] [SUCCESS] bvid=BV1udDeB6Et2 已成功抓取全部所需数据。
[2026-04-14 10:07:51] [SUCCESS] bvid=BV1udDeB6EEf 已成功抓取全部所需数据。
[2026-04-14 10:07:56] [SUCCESS] bvid=BV1gdDeB6E5A 已成功抓取全部所需数据。
[2026-04-14 10:08:02] [SUCCESS] bvid=BV1udDeB6ENo 已成功抓取全部所需数据。
[2026-04-14 10:08:07] [SUCCESS] bvid=BV1JqDeBXEjE 已成功抓取全部所需数据。
[2026-04-14 10:08:22] [SUCCESS] bvid=BV1KmS9B9Eq4 已成功抓取全部所需数据。
[2026-04-14 10:08:28] [SUCCESS] bvid=BV1gdDeBrEAR 已成功抓取全部所需数据。
[2026-04-14 10:08:33] [SUCCESS] bvid=BV18dDeB6EJp 已成功抓取全部所需数据。
[2026-04-14 10:08:38] [SUCCESS] bvid=BV1bdDeB6ESV 已成功抓取全部所需数据。
[2026-04-14 10:08:44] [SUCCESS] bvid=BV1MdDeB6Eep 已成功抓取全部所需数据。
[2026-04-14 10:08:49] [SUCCESS] bvid=BV1udDeB6EwR 已成功抓取全部所需数据。
[2026-04-14 10:08:55] [SUCCESS] bvid=BV1GQDeBVEx6 已成功抓取全部所需数据。
[2026-04-14 10:09:00] [SUCCESS] bvid=BV1QQDeBVELh 已成功抓取全部所需数据。
[2026-04-14 10:09:12] [SUCCESS] bvid=BV13XDeBkEUG 已成功抓取全部所需数据。
[2026-04-14 10:09:18] [SUCCESS] bvid=BV1gQDeBVEkX 已成功抓取全部所需数据。
[2026-04-14 10:09:23] [SUCCESS] bvid=BV13QDeBVEq5 已成功抓取全部所需数据。
[2026-04-14 10:09:29] [SUCCESS] bvid=BV1pBDKBEEqd 已成功抓取全部所需数据。
[2026-04-14 10:09:34] [SUCCESS] bvid=BV1aQDeBVEjz 已成功抓取全部所需数据。
[2026-04-14 10:09:39] [SUCCESS] bvid=BV1hQDeBVEUz 已成功抓取全部所需数据。
[2026-04-14 10:09:45] [SUCCESS] bvid=BV1gQDeBVEyf 已成功抓取全部所需数据。
[2026-04-14 10:09:50] [SUCCESS] bvid=BV13QDeBVEU3 已成功抓取全部所需数据。
[2026-04-14 10:09:55] [SUCCESS] bvid=BV1gXDeBkEh7 已成功抓取全部所需数据。
[2026-04-14 10:10:01] [SUCCESS] bvid=BV1QXDeBkEFH 已成功抓取全部所需数据。
[2026-04-14 10:10:07] [SUCCESS] bvid=BV1hXDeBkEEC 已成功抓取全部所需数据。
[2026-04-14 10:10:12] [SUCCESS] bvid=BV1uXDeBkEfy 已成功抓取全部所需数据。
[2026-04-14 10:10:30] [SUCCESS] bvid=BV1hXDeBkEP9 已成功抓取全部所需数据。
[2026-04-14 10:10:35] [SUCCESS] bvid=BV1hXDeBkELx 已成功抓取全部所需数据。
[2026-04-14 10:10:41] [SUCCESS] bvid=BV1EiDeBsEJo 已成功抓取全部所需数据。
[2026-04-14 10:10:47] [SUCCESS] bvid=BV18XDeBkEoc 已成功抓取全部所需数据。
[2026-04-14 10:10:52] [SUCCESS] bvid=BV1LH9JBEEqi 已成功抓取全部所需数据。
[2026-04-14 10:10:58] [SUCCESS] bvid=BV1EvDaBjEMw 已成功抓取全部所需数据。
[2026-04-14 10:11:03] [SUCCESS] bvid=BV13XDeBkEKG 已成功抓取全部所需数据。
[2026-04-14 10:11:15] [SUCCESS] bvid=BV1gXDeBkEbC 已成功抓取全部所需数据。
[2026-04-14 10:11:20] [SUCCESS] bvid=BV1ziDeBWEEv 已成功抓取全部所需数据。
[2026-04-14 10:11:26] [SUCCESS] bvid=BV1ufDeBBEJZ 已成功抓取全部所需数据。
[2026-04-14 10:11:32] [SUCCESS] bvid=BV12zSfBeEgj 已成功抓取全部所需数据。
[2026-04-14 10:11:38] [SUCCESS] bvid=BV1ojDYB7EQ8 已成功抓取全部所需数据。
[2026-04-14 10:11:44] [SUCCESS] bvid=BV1zqDeBXEpC 已成功抓取全部所需数据。
[2026-04-14 10:11:49] [SUCCESS] bvid=BV1JYDeBxEHJ 已成功抓取全部所需数据。
[2026-04-14 10:11:55] [SUCCESS] bvid=BV1EqDeBXEXv 已成功抓取全部所需数据。
[2026-04-14 10:11:55] [INFO] 当前 batch_crawl 已完成，所有视频均已成功抓取。
[2026-04-14 10:11:55] 子任务结束时间：2026-04-14T10:11:55.359000
[TIMESTAMP][END] 2026-04-14T10:11:55
