[TIMESTAMP][BEGIN] 2026-04-14T05:08:39
[2026-04-14 05:08:41] 开始执行 CSV 批量抓取子任务 part_26。
[2026-04-14 05:08:41] 子任务开始时间：2026-04-14T05:08:39.556806
[2026-04-14 05:08:41] 输入文件：batch_input_26.csv
[2026-04-14 05:08:41] 输入唯一 bvid 数量：100
[2026-04-14 05:08:41] 为严格按 CSV 顺序判断连续失败阈值，本次任务自动将并发度从 2 调整为 1。
[2026-04-14 05:08:46] [SUCCESS] bvid=BV1jUDfBpE2Q 已成功抓取全部所需数据。
[2026-04-14 05:08:51] [SUCCESS] bvid=BV1vUDfBpEzz 已成功抓取全部所需数据。
[2026-04-14 05:08:56] [SUCCESS] bvid=BV1LUDfBpEgv 已成功抓取全部所需数据。
[2026-04-14 05:09:07] [SUCCESS] bvid=BV1vUDfBHEpp 已成功抓取全部所需数据。
[2026-04-14 05:09:11] [SUCCESS] bvid=BV1vUDfBHES5 已成功抓取全部所需数据。
[2026-04-14 05:09:22] [SUCCESS] bvid=BV1dUDfBHEu4 已成功抓取全部所需数据。
[2026-04-14 05:09:27] [SUCCESS] bvid=BV1dUDfBHEgM 已成功抓取全部所需数据。
[2026-04-14 05:09:31] [SUCCESS] bvid=BV1vUDfBHE7W 已成功抓取全部所需数据。
[2026-04-14 05:09:36] [SUCCESS] bvid=BV1vUDfBHE7K 已成功抓取全部所需数据。
[2026-04-14 05:09:41] [SUCCESS] bvid=BV1vUDfBHESM 已成功抓取全部所需数据。
[2026-04-14 05:09:45] [SUCCESS] bvid=BV1vUDfBHESp 已成功抓取全部所需数据。
[2026-04-14 05:09:50] [SUCCESS] bvid=BV1vUDfBHEhY 已成功抓取全部所需数据。
[2026-04-14 05:09:54] [SUCCESS] bvid=BV1vUDfBHEaD 已成功抓取全部所需数据。
[2026-04-14 05:09:59] [SUCCESS] bvid=BV1LUDfBpEHz 已成功抓取全部所需数据。
[2026-04-14 05:10:10] [SUCCESS] bvid=BV1vUDfBHE5R 已成功抓取全部所需数据。
[2026-04-14 05:10:15] [SUCCESS] bvid=BV1JpQFBFEdM 已成功抓取全部所需数据。
[2026-04-14 05:10:20] [SUCCESS] bvid=BV1JHQFBfEDW 已成功抓取全部所需数据。
[2026-04-14 05:10:30] [SUCCESS] bvid=BV1EnQFB8ECc 已成功抓取全部所需数据。
[2026-04-14 05:10:41] [SUCCESS] bvid=BV1RTDfBJEiA 已成功抓取全部所需数据。
[2026-04-14 05:10:46] [SUCCESS] bvid=BV1KQQFBuELh 已成功抓取全部所需数据。
[2026-04-14 05:10:50] [SUCCESS] bvid=BV1nHQFBfEPu 已成功抓取全部所需数据。
[2026-04-14 05:10:55] [SUCCESS] bvid=BV16HQFBfEF6 已成功抓取全部所需数据。
[2026-04-14 05:11:13] [SUCCESS] bvid=BV1p7QFBaEnk 已成功抓取全部所需数据。
[2026-04-14 05:11:24] [SUCCESS] bvid=BV1WNDYBdEUz 已成功抓取全部所需数据。
[2026-04-14 05:11:28] [SUCCESS] bvid=BV1uQDaBvEeq 已成功抓取全部所需数据。
[2026-04-14 05:11:40] [SUCCESS] bvid=BV1E7DZB9Eqn 已成功抓取全部所需数据。
[2026-04-14 05:11:45] [SUCCESS] bvid=BV1uCQFByE4G 已成功抓取全部所需数据。
[2026-04-14 05:11:56] [SUCCESS] bvid=BV1tcDZBvEdy 已成功抓取全部所需数据。
[2026-04-14 05:12:01] [SUCCESS] bvid=BV1R3QcBsExn 已成功抓取全部所需数据。
[2026-04-14 05:12:19] [SUCCESS] bvid=BV1H7QFBaEmE 已成功抓取全部所需数据。
[2026-04-14 05:12:31] [SUCCESS] bvid=BV1k7QFBaE6c 已成功抓取全部所需数据。
[2026-04-14 05:12:36] [SUCCESS] bvid=BV1rJQFBcEqN 已成功抓取全部所需数据。
[2026-04-14 05:12:40] [SUCCESS] bvid=BV1nJQFBcEG9 已成功抓取全部所需数据。
[2026-04-14 05:12:46] [SUCCESS] bvid=BV16JQFBcEWM 已成功抓取全部所需数据。
[2026-04-14 05:12:51] [SUCCESS] bvid=BV16JQFBcEhx 已成功抓取全部所需数据。
[2026-04-14 05:13:02] [SUCCESS] bvid=BV1wJQFBwEGo 已成功抓取全部所需数据。
[2026-04-14 05:13:07] [SUCCESS] bvid=BV174QFBxEi6 已成功抓取全部所需数据。
[2026-04-14 05:13:12] [SUCCESS] bvid=BV174QFBxEX5 已成功抓取全部所需数据。
[2026-04-14 05:13:24] [SUCCESS] bvid=BV17sQFBoE7a 已成功抓取全部所需数据。
[2026-04-14 05:13:29] [SUCCESS] bvid=BV1qtQFBRE8X 已成功抓取全部所需数据。
[2026-04-14 05:13:41] [SUCCESS] bvid=BV1LtQFBREvH 已成功抓取全部所需数据。
[2026-04-14 05:13:46] [SUCCESS] bvid=BV1EWQFBtEdH 已成功抓取全部所需数据。
[2026-04-14 05:13:51] [SUCCESS] bvid=BV12MQFBBEsb 已成功抓取全部所需数据。
[2026-04-14 05:13:56] [SUCCESS] bvid=BV1KSQFB6EHF 已成功抓取全部所需数据。
[2026-04-14 05:14:02] [SUCCESS] bvid=BV1xMQFBBEjB 已成功抓取全部所需数据。
[2026-04-14 05:14:06] [SUCCESS] bvid=BV14MQFBBE6B 已成功抓取全部所需数据。
[2026-04-14 05:14:19] [SUCCESS] bvid=BV1KmDZBPEGM 已成功抓取全部所需数据。
[2026-04-14 05:14:24] [SUCCESS] bvid=BV1xgQFBTE4q 已成功抓取全部所需数据。
[2026-04-14 05:14:28] [SUCCESS] bvid=BV1ygQFBTEUf 已成功抓取全部所需数据。
[2026-04-14 05:14:33] [SUCCESS] bvid=BV1xgQFBMEQE 已成功抓取全部所需数据。
[2026-04-14 05:14:38] [SUCCESS] bvid=BV14NQFB6Ezw 已成功抓取全部所需数据。
[2026-04-14 05:14:49] [SUCCESS] bvid=BV1xTQFBuE2N 已成功抓取全部所需数据。
[2026-04-14 05:14:54] [SUCCESS] bvid=BV14TQFBuEmo 已成功抓取全部所需数据。
[2026-04-14 05:15:05] [SUCCESS] bvid=BV1p5QFBeEPm 已成功抓取全部所需数据。
[2026-04-14 05:15:10] [SUCCESS] bvid=BV1y5QFBeELR 已成功抓取全部所需数据。
[2026-04-14 05:15:15] [SUCCESS] bvid=BV1W5QFBeEth 已成功抓取全部所需数据。
[2026-04-14 05:15:20] [SUCCESS] bvid=BV1K3QFBqE3K 已成功抓取全部所需数据。
[2026-04-14 05:15:31] [SUCCESS] bvid=BV1y3QFBiEf2 已成功抓取全部所需数据。
[2026-04-14 05:15:36] [SUCCESS] bvid=BV1s3QFBiENM 已成功抓取全部所需数据。
[2026-04-14 05:15:41] [SUCCESS] bvid=BV1s3QFBiEDM 已成功抓取全部所需数据。
[2026-04-14 05:15:53] [SUCCESS] bvid=BV1WVQFBNEdz 已成功抓取全部所需数据。
[2026-04-14 05:15:58] [SUCCESS] bvid=BV1K1DZBvEE9 已成功抓取全部所需数据。
[2026-04-14 05:16:09] [SUCCESS] bvid=BV1MBDWBGEmZ 已成功抓取全部所需数据。
[2026-04-14 05:16:20] [SUCCESS] bvid=BV1sVQFBNE8B 已成功抓取全部所需数据。
[2026-04-14 05:16:31] [SUCCESS] bvid=BV1pVQFBNERL 已成功抓取全部所需数据。
[2026-04-14 05:16:37] [SUCCESS] bvid=BV1E7DZB9Eei 已成功抓取全部所需数据。
[2026-04-14 05:16:42] [SUCCESS] bvid=BV1pRDxBuE7F 已成功抓取全部所需数据。
[2026-04-14 05:16:48] [SUCCESS] bvid=BV1u1QFBVEcL 已成功抓取全部所需数据。
[2026-04-14 05:16:59] [SUCCESS] bvid=BV1cZDZB4EWY 已成功抓取全部所需数据。
[2026-04-14 05:17:04] [SUCCESS] bvid=BV1f1D4BPE6e 已成功抓取全部所需数据。
[2026-04-14 05:17:09] [SUCCESS] bvid=BV1M1QFBVE84 已成功抓取全部所需数据。
[2026-04-14 05:17:14] [SUCCESS] bvid=BV1u1QFBVELD 已成功抓取全部所需数据。
[2026-04-14 05:17:25] [SUCCESS] bvid=BV1yhD4BCEtR 已成功抓取全部所需数据。
[2026-04-14 05:17:30] [SUCCESS] bvid=BV1K2QFBkEhM 已成功抓取全部所需数据。
[2026-04-14 05:17:36] [SUCCESS] bvid=BV1UsD4BmEyK 已成功抓取全部所需数据。
[2026-04-14 05:17:41] [SUCCESS] bvid=BV1DkQFBLEzF 已成功抓取全部所需数据。
[2026-04-14 05:17:46] [SUCCESS] bvid=BV1ukQFBLEGo 已成功抓取全部所需数据。
[2026-04-14 05:17:51] [SUCCESS] bvid=BV1bkQFBLEX8 已成功抓取全部所需数据。
[2026-04-14 05:17:56] [SUCCESS] bvid=BV1gkQFBLECT 已成功抓取全部所需数据。
[2026-04-14 05:18:01] [SUCCESS] bvid=BV1gkQFBLEQr 已成功抓取全部所需数据。
[2026-04-14 05:18:12] [SUCCESS] bvid=BV1MCQFByEya 已成功抓取全部所需数据。
[2026-04-14 05:18:17] [SUCCESS] bvid=BV1bCQFByEFt 已成功抓取全部所需数据。
[2026-04-14 05:18:22] [SUCCESS] bvid=BV1gCQFByEFp 已成功抓取全部所需数据。
[2026-04-14 05:18:27] [SUCCESS] bvid=BV1sQQFBuE9y 已成功抓取全部所需数据。
[2026-04-14 05:18:32] [SUCCESS] bvid=BV1PXQFBBE6u 已成功抓取全部所需数据。
[2026-04-14 05:18:38] [SUCCESS] bvid=BV1WXQFBBEhW 已成功抓取全部所需数据。
[2026-04-14 05:18:43] [SUCCESS] bvid=BV14UQFB3Ede 已成功抓取全部所需数据。
[2026-04-14 05:18:54] [SUCCESS] bvid=BV14SQFB6EPA 已成功抓取全部所需数据。
[2026-04-14 05:18:59] [SUCCESS] bvid=BV15YQFBHE8C 已成功抓取全部所需数据。
[2026-04-14 05:19:05] [SUCCESS] bvid=BV1VYQFBpEHA 已成功抓取全部所需数据。
[2026-04-14 05:19:10] [SUCCESS] bvid=BV1eYQFBHEde 已成功抓取全部所需数据。
[2026-04-14 05:19:21] [SUCCESS] bvid=BV15YQFBHEQ5 已成功抓取全部所需数据。
[2026-04-14 05:19:26] [SUCCESS] bvid=BV1ReQFBDEcs 已成功抓取全部所需数据。
[2026-04-14 05:19:31] [SUCCESS] bvid=BV1RYQFBHEii 已成功抓取全部所需数据。
[2026-04-14 05:19:36] [SUCCESS] bvid=BV15eQFBDEK9 已成功抓取全部所需数据。
[2026-04-14 05:19:47] [SUCCESS] bvid=BV15eQFBQEEb 已成功抓取全部所需数据。
[2026-04-14 05:19:52] [SUCCESS] bvid=BV1GeQFBDEV6 已成功抓取全部所需数据。
[2026-04-14 05:19:57] [SUCCESS] bvid=BV1j8QFBWELA 已成功抓取全部所需数据。
[2026-04-14 05:20:03] [SUCCESS] bvid=BV1v8QFBWEnS 已成功抓取全部所需数据。
[2026-04-14 05:20:08] [SUCCESS] bvid=BV1ihQFBXEgJ 已成功抓取全部所需数据。
[2026-04-14 05:20:08] [INFO] 当前 batch_crawl 已完成，所有视频均已成功抓取。
[2026-04-14 05:20:08] 子任务结束时间：2026-04-14T05:20:08.084180
[TIMESTAMP][END] 2026-04-14T05:20:08
