[TIMESTAMP][BEGIN] 2026-04-14T10:22:39
[2026-04-14 10:22:47] 开始执行 CSV 批量抓取子任务 part_52。
[2026-04-14 10:22:47] 子任务开始时间：2026-04-14T10:22:39.524089
[2026-04-14 10:22:47] 输入文件：batch_input_52.csv
[2026-04-14 10:22:47] 输入唯一 bvid 数量：100
[2026-04-14 10:22:47] 为严格按 CSV 顺序判断连续失败阈值，本次任务自动将并发度从 2 调整为 1。
[2026-04-14 10:22:59] [SUCCESS] bvid=BV1TwDvBqEqC 已成功抓取全部所需数据。
[2026-04-14 10:23:04] [SUCCESS] bvid=BV1KwDvBiEqG 已成功抓取全部所需数据。
[2026-04-14 10:23:17] [SUCCESS] bvid=BV1REDhBMEAY 已成功抓取全部所需数据。
[2026-04-14 10:23:35] [SUCCESS] bvid=BV1jiDaB1Ea9 已成功抓取全部所需数据。
[2026-04-14 10:23:41] [SUCCESS] bvid=BV1TfDeBBEyg 已成功抓取全部所需数据。
[2026-04-14 10:23:47] [SUCCESS] bvid=BV1TwDvBiEHS 已成功抓取全部所需数据。
[2026-04-14 10:23:59] [SUCCESS] bvid=BV1bZDeBuENT 已成功抓取全部所需数据。
[2026-04-14 10:24:05] [SUCCESS] bvid=BV1TwDvBiEWV 已成功抓取全部所需数据。
[2026-04-14 10:24:23] [SUCCESS] bvid=BV1uZDeBgEoc 已成功抓取全部所需数据。
[2026-04-14 10:24:30] [SUCCESS] bvid=BV1TfDeBBEeK 已成功抓取全部所需数据。
[2026-04-14 10:24:42] [SUCCESS] bvid=BV1MZDeBuE6Y 已成功抓取全部所需数据。
[2026-04-14 10:24:48] [SUCCESS] bvid=BV1ZxDNBqEMW 已成功抓取全部所需数据。
[2026-04-14 10:24:54] [SUCCESS] bvid=BV1wMDYB9E14 已成功抓取全部所需数据。
[2026-04-14 10:25:00] [SUCCESS] bvid=BV1BXDMB2ExN 已成功抓取全部所需数据。
[2026-04-14 10:25:05] [SUCCESS] bvid=BV1QL93BJEmA 已成功抓取全部所需数据。
[2026-04-14 10:25:10] [SUCCESS] bvid=BV1MfXZBCE9D 已成功抓取全部所需数据。
[2026-04-14 10:25:16] [SUCCESS] bvid=BV1RtDvBmE6N 已成功抓取全部所需数据。
[2026-04-14 10:25:21] [SUCCESS] bvid=BV121DvBKENA 已成功抓取全部所需数据。
[2026-04-14 10:25:27] [SUCCESS] bvid=BV11yDYBFEwG 已成功抓取全部所需数据。
[2026-04-14 10:25:33] [SUCCESS] bvid=BV1J8DaBSEEb 已成功抓取全部所需数据。
[2026-04-14 10:25:39] [SUCCESS] bvid=BV1AMDvBaEs2 已成功抓取全部所需数据。
[2026-04-14 10:25:44] [SUCCESS] bvid=BV1T9D8BxEPU 已成功抓取全部所需数据。
[2026-04-14 10:25:57] [SUCCESS] bvid=BV1iwDeB2EVX 已成功抓取全部所需数据。
[2026-04-14 10:26:04] [SUCCESS] bvid=BV17vDaBjEac 已成功抓取全部所需数据。
[2026-04-14 10:26:10] [SUCCESS] bvid=BV1KkDYBhENN 已成功抓取全部所需数据。
[2026-04-14 10:26:16] [SUCCESS] bvid=BV14oDaBwEqj 已成功抓取全部所需数据。
[2026-04-14 10:26:22] [SUCCESS] bvid=BV12BDYBAEmG 已成功抓取全部所需数据。
[2026-04-14 10:26:28] [SUCCESS] bvid=BV1ufDeBBEHf 已成功抓取全部所需数据。
[2026-04-14 10:26:41] [SUCCESS] bvid=BV1cgDYBpE6m 已成功抓取全部所需数据。
[2026-04-14 10:26:53] [SUCCESS] bvid=BV1oBDaB5EZU 已成功抓取全部所需数据。
[2026-04-14 10:26:58] [SUCCESS] bvid=BV1dsDvBSEzs 已成功抓取全部所需数据。
[2026-04-14 10:27:04] [SUCCESS] bvid=BV1uZDeBuEYM 已成功抓取全部所需数据。
[2026-04-14 10:27:10] [SUCCESS] bvid=BV1ATDvBAE8y 已成功抓取全部所需数据。
[2026-04-14 10:27:16] [SUCCESS] bvid=BV1tfDeBBE8J 已成功抓取全部所需数据。
[2026-04-14 10:27:21] [SUCCESS] bvid=BV1TfDeBBEiG 已成功抓取全部所需数据。
[2026-04-14 10:27:33] [SUCCESS] bvid=BV1PTDvBAEAt 已成功抓取全部所需数据。
[2026-04-14 10:27:39] [SUCCESS] bvid=BV1MfDeBBE64 已成功抓取全部所需数据。
[2026-04-14 10:27:44] [SUCCESS] bvid=BV1sTDvBAEEg 已成功抓取全部所需数据。
[2026-04-14 10:27:56] [SUCCESS] bvid=BV1UzDvBgEjf 已成功抓取全部所需数据。
[2026-04-14 10:28:01] [SUCCESS] bvid=BV1NTDvBAEnQ 已成功抓取全部所需数据。
[2026-04-14 10:28:07] [SUCCESS] bvid=BV1NTDvBAEEV 已成功抓取全部所需数据。
[2026-04-14 10:28:13] [SUCCESS] bvid=BV1WMDvBaEmi 已成功抓取全部所需数据。
[2026-04-14 10:28:19] [SUCCESS] bvid=BV1UfXZBkEUA 已成功抓取全部所需数据。
[2026-04-14 10:28:31] [SUCCESS] bvid=BV1PMDvBaEBr 已成功抓取全部所需数据。
[2026-04-14 10:28:37] [SUCCESS] bvid=BV1NPDvBNEv3 已成功抓取全部所需数据。
[2026-04-14 10:28:42] [SUCCESS] bvid=BV1WMDvBaEiA 已成功抓取全部所需数据。
[2026-04-14 10:28:48] [SUCCESS] bvid=BV1v4DvBJEwG 已成功抓取全部所需数据。
[2026-04-14 10:28:54] [SUCCESS] bvid=BV1KPDvBNE5C 已成功抓取全部所需数据。
[2026-04-14 10:28:59] [SUCCESS] bvid=BV1PNDvBeEmC 已成功抓取全部所需数据。
[2026-04-14 10:29:05] [SUCCESS] bvid=BV1KPDvBNEj9 已成功抓取全部所需数据。
[2026-04-14 10:29:10] [SUCCESS] bvid=BV1TPDvBNEGu 已成功抓取全部所需数据。
[2026-04-14 10:29:15] [SUCCESS] bvid=BV1NPDvBNESf 已成功抓取全部所需数据。
[2026-04-14 10:29:21] [SUCCESS] bvid=BV1sNDvBeE8q 已成功抓取全部所需数据。
[2026-04-14 10:29:26] [SUCCESS] bvid=BV1SqDvBrE9h 已成功抓取全部所需数据。
[2026-04-14 10:29:32] [SUCCESS] bvid=BV1gqDvBkEpd 已成功抓取全部所需数据。
[2026-04-14 10:29:37] [SUCCESS] bvid=BV1uqDvBkETa 已成功抓取全部所需数据。
[2026-04-14 10:29:43] [SUCCESS] bvid=BV1DqDvBrEPT 已成功抓取全部所需数据。
[2026-04-14 10:29:48] [SUCCESS] bvid=BV1mzDvBgEXZ 已成功抓取全部所需数据。
[2026-04-14 10:29:54] [SUCCESS] bvid=BV1mzDvBgExQ 已成功抓取全部所需数据。
[2026-04-14 10:30:00] [SUCCESS] bvid=BV1SzDvBgEbi 已成功抓取全部所需数据。
[2026-04-14 10:30:06] [SUCCESS] bvid=BV1SzDvBgEBS 已成功抓取全部所需数据。
[2026-04-14 10:30:11] [SUCCESS] bvid=BV1MkDvBuE5e 已成功抓取全部所需数据。
[2026-04-14 10:30:23] [SUCCESS] bvid=BV1VxSfB5ELt 已成功抓取全部所需数据。
[2026-04-14 10:30:29] [SUCCESS] bvid=BV1WNDYBdE7j 已成功抓取全部所需数据。
[2026-04-14 10:30:35] [SUCCESS] bvid=BV1hQDaBvExz 已成功抓取全部所需数据。
[2026-04-14 10:30:41] [SUCCESS] bvid=BV1DiDvBGEmz 已成功抓取全部所需数据。
[2026-04-14 10:30:46] [SUCCESS] bvid=BV18zDvB3ELL 已成功抓取全部所需数据。
[2026-04-14 10:30:52] [SUCCESS] bvid=BV1uzDvB3Ewr 已成功抓取全部所需数据。
[2026-04-14 10:31:05] [SUCCESS] bvid=BV1UzDvBgEcV 已成功抓取全部所需数据。
[2026-04-14 10:31:11] [SUCCESS] bvid=BV14kDvBuE2e 已成功抓取全部所需数据。
[2026-04-14 10:31:16] [SUCCESS] bvid=BV1UzDvBgEWx 已成功抓取全部所需数据。
[2026-04-14 10:31:21] [SUCCESS] bvid=BV1UzDvBgE5b 已成功抓取全部所需数据。
[2026-04-14 10:31:33] [SUCCESS] bvid=BV1QeDvBCEBB 已成功抓取全部所需数据。
[2026-04-14 10:31:39] [SUCCESS] bvid=BV1QeDvBCETH 已成功抓取全部所需数据。
[2026-04-14 10:31:45] [SUCCESS] bvid=BV1geDvByEQ4 已成功抓取全部所需数据。
[2026-04-14 10:31:51] [SUCCESS] bvid=BV1GeDvByEKR 已成功抓取全部所需数据。
[2026-04-14 10:31:57] [SUCCESS] bvid=BV1U6DvBzEA4 已成功抓取全部所需数据。
[2026-04-14 10:32:03] [SUCCESS] bvid=BV13eDvByEqf 已成功抓取全部所需数据。
[2026-04-14 10:32:08] [SUCCESS] bvid=BV1QeDvBCESB 已成功抓取全部所需数据。
[2026-04-14 10:32:20] [SUCCESS] bvid=BV1EiDaB1ETe 已成功抓取全部所需数据。
[2026-04-14 10:32:26] [SUCCESS] bvid=BV13eDvByEsS 已成功抓取全部所需数据。
[2026-04-14 10:32:45] [SUCCESS] bvid=BV1QeDvBCEuq 已成功抓取全部所需数据。
[2026-04-14 10:32:51] [SUCCESS] bvid=BV1SiDvBGEya 已成功抓取全部所需数据。
[2026-04-14 10:32:57] [SUCCESS] bvid=BV13iDvBVELY 已成功抓取全部所需数据。
[2026-04-14 10:33:03] [SUCCESS] bvid=BV1DiDvBGEGV 已成功抓取全部所需数据。
[2026-04-14 10:33:16] [SUCCESS] bvid=BV1o7DYB2Exe 已成功抓取全部所需数据。
[2026-04-14 10:33:21] [SUCCESS] bvid=BV12CDvBqEmn 已成功抓取全部所需数据。
[2026-04-14 10:33:27] [SUCCESS] bvid=BV1TCDvBBErA 已成功抓取全部所需数据。
[2026-04-14 10:33:39] [SUCCESS] bvid=BV1DiDvBGEZk 已成功抓取全部所需数据。
[2026-04-14 10:33:44] [SUCCESS] bvid=BV12CDvBqEAe 已成功抓取全部所需数据。
[2026-04-14 10:33:49] [SUCCESS] bvid=BV1gUSZB6EHz 已成功抓取全部所需数据。
[2026-04-14 10:33:54] [SUCCESS] bvid=BV11CDvBqEEF 已成功抓取全部所需数据。
[2026-04-14 10:34:06] [SUCCESS] bvid=BV1PNXfBzEBt 已成功抓取全部所需数据。
[2026-04-14 10:34:12] [SUCCESS] bvid=BV1KCDvBBEzh 已成功抓取全部所需数据。
[2026-04-14 10:34:17] [SUCCESS] bvid=BV1mCDvBqEFB 已成功抓取全部所需数据。
[2026-04-14 10:34:22] [SUCCESS] bvid=BV1U6DvBzEie 已成功抓取全部所需数据。
[2026-04-14 10:44:26] [ERROR] bvid=BV1u6DvB6Es1 抓取失败：comment: Timeout of 600.0s exceeded, last exception: HTTPSConnectionPool(host='bigquery.googleapis.com', port=443): Max retries exceeded with url: /bigquery/v2/projects/bilibili-m2s2vp-research/datasets?prettyPrint=false (Caused by SSLError(SSLEOFError(8, 'EOF occurred in violation of protocol (_ssl.c:1017)')))
[2026-04-14 10:44:32] [SUCCESS] bvid=BV1m6DvBzEqG 已成功抓取全部所需数据。
[2026-04-14 10:44:37] [SUCCESS] bvid=BV1U6DvBzE8V 已成功抓取全部所需数据。
[2026-04-14 10:44:43] [SUCCESS] bvid=BV1mkDvBMECW 已成功抓取全部所需数据。
[2026-04-14 10:44:43] [WARN] 当前子任务已结束，但仍有未成功抓取的视频，已导出 remaining CSV 供继续执行。
[2026-04-14 10:44:43] [INFO] 已导出剔除成功条目后的剩余 CSV：D:\Schoolworks\Thesis\Bilibili-Datahub\outputs\video_data\manual_crawls\manual_crawl_stat_comment_20260413_211529\remaining_bvids_part_52.csv
[2026-04-14 10:44:43] 子任务结束时间：2026-04-14T10:44:43.032749
[TIMESTAMP][END] 2026-04-14T10:44:43
