[TIMESTAMP][BEGIN] 2026-04-14T03:16:06
[2026-04-14 03:16:09] 开始执行 CSV 批量抓取子任务 part_17。
[2026-04-14 03:16:09] 子任务开始时间：2026-04-14T03:16:06.869172
[2026-04-14 03:16:09] 输入文件：batch_input_17.csv
[2026-04-14 03:16:09] 输入唯一 bvid 数量：100
[2026-04-14 03:16:09] 为严格按 CSV 顺序判断连续失败阈值，本次任务自动将并发度从 2 调整为 1。
[2026-04-14 03:16:13] [SUCCESS] bvid=BV1xNQuBaEJt 已成功抓取全部所需数据。
[2026-04-14 03:16:24] [SUCCESS] bvid=BV1KNQuBaEqA 已成功抓取全部所需数据。
[2026-04-14 03:16:29] [SUCCESS] bvid=BV1KTQuBcEG7 已成功抓取全部所需数据。
[2026-04-14 03:16:42] [SUCCESS] bvid=BV1NTQuBcEsX 已成功抓取全部所需数据。
[2026-04-14 03:16:47] [SUCCESS] bvid=BV1w5QuBxEaA 已成功抓取全部所需数据。
[2026-04-14 03:16:48] [ERROR] bvid=BV1FLQuBRE19 抓取失败：stat: 接口返回错误代码：62002，信息：稿件不可见。
{'code': 62002, 'message': '稿件不可见', 'ttl': 1} | comment: 接口返回错误代码：62002，信息：稿件不可见。
{'code': 62002, 'message': '稿件不可见', 'ttl': 1}
[2026-04-14 03:16:59] [SUCCESS] bvid=BV1HxQKBnEyK 已成功抓取全部所需数据。
[2026-04-14 03:17:04] [SUCCESS] bvid=BV1soQwBCE6V 已成功抓取全部所需数据。
[2026-04-14 03:17:10] [SUCCESS] bvid=BV1w5QuBxEEB 已成功抓取全部所需数据。
[2026-04-14 03:17:15] [SUCCESS] bvid=BV1FLQuBRE6S 已成功抓取全部所需数据。
[2026-04-14 03:17:20] [SUCCESS] bvid=BV1wGQuBoEjC 已成功抓取全部所需数据。
[2026-04-14 03:17:26] [SUCCESS] bvid=BV1A3QuBtETi 已成功抓取全部所需数据。
[2026-04-14 03:17:31] [SUCCESS] bvid=BV1AGQuBoEhD 已成功抓取全部所需数据。
[2026-04-14 03:17:36] [SUCCESS] bvid=BV1KdQwB5EF5 已成功抓取全部所需数据。
[2026-04-14 03:17:42] [SUCCESS] bvid=BV1pGQuBoEkk 已成功抓取全部所需数据。
[2026-04-14 03:17:47] [SUCCESS] bvid=BV1AGQuBoE5u 已成功抓取全部所需数据。
[2026-04-14 03:17:58] [SUCCESS] bvid=BV1wGQuBoEAc 已成功抓取全部所需数据。
[2026-04-14 03:20:06] [SUCCESS] bvid=BV1HbQKBEEKU 已成功抓取全部所需数据。
[2026-04-14 03:20:11] [SUCCESS] bvid=BV1pbQKBEEHu 已成功抓取全部所需数据。
[2026-04-14 03:20:17] [SUCCESS] bvid=BV1nbQKBEEZm 已成功抓取全部所需数据。
[2026-04-14 03:20:22] [SUCCESS] bvid=BV1kbQKBEE8e 已成功抓取全部所需数据。
[2026-04-14 03:20:27] [SUCCESS] bvid=BV1HbQKBEEM6 已成功抓取全部所需数据。
[2026-04-14 03:20:33] [SUCCESS] bvid=BV1veQwBbEJV 已成功抓取全部所需数据。
[2026-04-14 03:20:38] [SUCCESS] bvid=BV1BRQNBrEcB 已成功抓取全部所需数据。
[2026-04-14 03:20:44] [SUCCESS] bvid=BV14cQTB4E9o 已成功抓取全部所需数据。
[2026-04-14 03:20:49] [SUCCESS] bvid=BV1NeQcB6ECF 已成功抓取全部所需数据。
[2026-04-14 03:20:55] [SUCCESS] bvid=BV1n8QKBmEPQ 已成功抓取全部所需数据。
[2026-04-14 03:21:07] [SUCCESS] bvid=BV1i3QABPEZa 已成功抓取全部所需数据。
[2026-04-14 03:21:13] [SUCCESS] bvid=BV1bgQPBXEST 已成功抓取全部所需数据。
[2026-04-14 03:21:25] [SUCCESS] bvid=BV1gDQKBPE7x 已成功抓取全部所需数据。
[2026-04-14 03:21:37] [SUCCESS] bvid=BV13xQNBaESU 已成功抓取全部所需数据。
[2026-04-14 03:21:43] [SUCCESS] bvid=BV18NQwBEEY3 已成功抓取全部所需数据。
[2026-04-14 03:21:48] [SUCCESS] bvid=BV1C6QABVEU1 已成功抓取全部所需数据。
[2026-04-14 03:21:54] [SUCCESS] bvid=BV13zDxBJEwt 已成功抓取全部所需数据。
[2026-04-14 03:21:59] [SUCCESS] bvid=BV1SgQPBXEKP 已成功抓取全部所需数据。
[2026-04-14 03:22:05] [SUCCESS] bvid=BV1BRQNBrEqB 已成功抓取全部所需数据。
[2026-04-14 03:22:11] [SUCCESS] bvid=BV1DsQABWEWY 已成功抓取全部所需数据。
[2026-04-14 03:22:17] [SUCCESS] bvid=BV1j9QABYEzM 已成功抓取全部所需数据。
[2026-04-14 03:22:22] [SUCCESS] bvid=BV168QKBmEZ9 已成功抓取全部所需数据。
[2026-04-14 03:22:28] [SUCCESS] bvid=BV1n8QKBmEx4 已成功抓取全部所需数据。
[2026-04-14 03:22:40] [SUCCESS] bvid=BV1N1QTB4Exn 已成功抓取全部所需数据。
[2026-04-14 03:22:46] [SUCCESS] bvid=BV1cNQABMEri 已成功抓取全部所需数据。
[2026-04-14 03:22:51] [SUCCESS] bvid=BV1sxQKBnEFy 已成功抓取全部所需数据。
[2026-04-14 03:22:57] [SUCCESS] bvid=BV13DQKBPEAb 已成功抓取全部所需数据。
[2026-04-14 03:23:02] [SUCCESS] bvid=BV1p4QKBSEXh 已成功抓取全部所需数据。
[2026-04-14 03:23:08] [SUCCESS] bvid=BV1N6QAB5EwC 已成功抓取全部所需数据。
[2026-04-14 03:23:13] [SUCCESS] bvid=BV17iQKBCEiU 已成功抓取全部所需数据。
[2026-04-14 03:23:19] [SUCCESS] bvid=BV1EiQKBCEPG 已成功抓取全部所需数据。
[2026-04-14 03:23:24] [SUCCESS] bvid=BV1naQKBjECs 已成功抓取全部所需数据。
[2026-04-14 03:23:36] [SUCCESS] bvid=BV1vZQNBzEr7 已成功抓取全部所需数据。
[2026-04-14 03:23:41] [SUCCESS] bvid=BV17iQKBCEvD 已成功抓取全部所需数据。
[2026-04-14 03:23:46] [SUCCESS] bvid=BV1naQKBjEpQ 已成功抓取全部所需数据。
[2026-04-14 03:23:58] [SUCCESS] bvid=BV1raQKBjEuU 已成功抓取全部所需数据。
[2026-04-14 03:24:11] [SUCCESS] bvid=BV1JaQKBjEs8 已成功抓取全部所需数据。
[2026-04-14 03:24:16] [SUCCESS] bvid=BV1JaQKBjEU7 已成功抓取全部所需数据。
[2026-04-14 03:24:22] [SUCCESS] bvid=BV1hcQFBVEGu 已成功抓取全部所需数据。
[2026-04-14 03:24:29] [SUCCESS] bvid=BV1F6DfBZEyi 已成功抓取全部所需数据。
[2026-04-14 03:24:35] [SUCCESS] bvid=BV1W3QFBiEbw 已成功抓取全部所需数据。
[2026-04-14 03:24:41] [SUCCESS] bvid=BV1hrQwB9Efg 已成功抓取全部所需数据。
[2026-04-14 03:24:47] [SUCCESS] bvid=BV19pQNBYEw3 已成功抓取全部所需数据。
[2026-04-14 03:24:59] [SUCCESS] bvid=BV1wfDtB5ErV 已成功抓取全部所需数据。
[2026-04-14 03:25:05] [SUCCESS] bvid=BV142QFBkEiV 已成功抓取全部所需数据。
[2026-04-14 03:25:11] [SUCCESS] bvid=BV1vcQKBqEEf 已成功抓取全部所需数据。
[2026-04-14 03:25:23] [SUCCESS] bvid=BV1tMQwBjEwo 已成功抓取全部所需数据。
[2026-04-14 03:25:29] [SUCCESS] bvid=BV1JYQKB1ENz 已成功抓取全部所需数据。
[2026-04-14 03:25:35] [SUCCESS] bvid=BV1EYQKB1ERi 已成功抓取全部所需数据。
[2026-04-14 03:25:41] [SUCCESS] bvid=BV1b5QKBZE4P 已成功抓取全部所需数据。
[2026-04-14 03:25:47] [SUCCESS] bvid=BV1EYQKB1ECd 已成功抓取全部所需数据。
[2026-04-14 03:25:52] [SUCCESS] bvid=BV1bjQKB4E5o 已成功抓取全部所需数据。
[2026-04-14 03:26:05] [SUCCESS] bvid=BV14jQKB4ERx 已成功抓取全部所需数据。
[2026-04-14 03:26:11] [SUCCESS] bvid=BV1t7QKBdEab 已成功抓取全部所需数据。
[2026-04-14 03:26:16] [SUCCESS] bvid=BV1x7QKBdEok 已成功抓取全部所需数据。
[2026-04-14 03:26:22] [SUCCESS] bvid=BV147QKBdEWr 已成功抓取全部所需数据。
[2026-04-14 03:26:27] [SUCCESS] bvid=BV1SVQKBbEBk 已成功抓取全部所需数据。
[2026-04-14 03:26:33] [SUCCESS] bvid=BV1uVQKB8E3f 已成功抓取全部所需数据。
[2026-04-14 03:26:38] [SUCCESS] bvid=BV1xpQKBpEN7 已成功抓取全部所需数据。
[2026-04-14 03:26:51] [SUCCESS] bvid=BV1qXD7BBEV4 已成功抓取全部所需数据。
[2026-04-14 03:26:56] [SUCCESS] bvid=BV1m5QKBZECS 已成功抓取全部所需数据。
[2026-04-14 03:27:01] [SUCCESS] bvid=BV1ypQKBpELT 已成功抓取全部所需数据。
[2026-04-14 03:27:06] [SUCCESS] bvid=BV1xnQKB9Exi 已成功抓取全部所需数据。
[2026-04-14 03:27:18] [SUCCESS] bvid=BV1pWQKBQE4v 已成功抓取全部所需数据。
[2026-04-14 03:27:36] [SUCCESS] bvid=BV1CWQKBQEeV 已成功抓取全部所需数据。
[2026-04-14 03:27:48] [SUCCESS] bvid=BV14JQKBsExC 已成功抓取全部所需数据。
[2026-04-14 03:28:00] [SUCCESS] bvid=BV11JQKBsEYh 已成功抓取全部所需数据。
[2026-04-14 03:28:06] [SUCCESS] bvid=BV1sWQKBQE31 已成功抓取全部所需数据。
[2026-04-14 03:28:12] [SUCCESS] bvid=BV11WQKBQEFz 已成功抓取全部所需数据。
[2026-04-14 03:28:17] [SUCCESS] bvid=BV1sWQKBQEYJ 已成功抓取全部所需数据。
[2026-04-14 03:28:23] [SUCCESS] bvid=BV1P6QAB5Ei5 已成功抓取全部所需数据。
[2026-04-14 03:28:28] [SUCCESS] bvid=BV14JQKBsEUf 已成功抓取全部所需数据。
[2026-04-14 03:28:47] [SUCCESS] bvid=BV1YAQPBtEKY 已成功抓取全部所需数据。
[2026-04-14 03:28:52] [SUCCESS] bvid=BV15eQwBbEVc 已成功抓取全部所需数据。
[2026-04-14 03:29:04] [SUCCESS] bvid=BV1HnQwBMEvA 已成功抓取全部所需数据。
[2026-04-14 03:29:09] [SUCCESS] bvid=BV12JQKBsE2U 已成功抓取全部所需数据。
[2026-04-14 03:29:20] [SUCCESS] bvid=BV14JQKBsEkp 已成功抓取全部所需数据。
[2026-04-14 03:29:26] [SUCCESS] bvid=BV1xnQKB9E3p 已成功抓取全部所需数据。
[2026-04-14 03:29:38] [SUCCESS] bvid=BV1KPQTBsEcH 已成功抓取全部所需数据。
[2026-04-14 03:29:44] [SUCCESS] bvid=BV1xnQKB9E6X 已成功抓取全部所需数据。
[2026-04-14 03:29:49] [SUCCESS] bvid=BV1snQKB9E4a 已成功抓取全部所需数据。
[2026-04-14 03:30:01] [SUCCESS] bvid=BV14nQKB9EMP 已成功抓取全部所需数据。
[2026-04-14 03:30:07] [SUCCESS] bvid=BV1snQKB9EYL 已成功抓取全部所需数据。
[2026-04-14 03:30:07] [WARN] 当前子任务已结束，但仍有未成功抓取的视频，已导出 remaining CSV 供继续执行。
[2026-04-14 03:30:07] [INFO] 已导出剔除成功条目后的剩余 CSV：D:\Schoolworks\Thesis\Bilibili-Datahub\outputs\video_data\manual_crawls\manual_crawl_stat_comment_20260413_211529\remaining_bvids_part_17.csv
[2026-04-14 03:30:07] 子任务结束时间：2026-04-14T03:30:07.681003
[TIMESTAMP][END] 2026-04-14T03:30:07
