[TIMESTAMP][BEGIN] 2026-04-14T09:07:38
[2026-04-14 09:07:40] 开始执行 CSV 批量抓取子任务 part_46。
[2026-04-14 09:07:40] 子任务开始时间：2026-04-14T09:07:38.214977
[2026-04-14 09:07:40] 输入文件：batch_input_46.csv
[2026-04-14 09:07:40] 输入唯一 bvid 数量：100
[2026-04-14 09:07:40] 为严格按 CSV 顺序判断连续失败阈值，本次任务自动将并发度从 2 调整为 1。
[2026-04-14 09:07:45] [SUCCESS] bvid=BV1Q2DrBfEjD 已成功抓取全部所需数据。
[2026-04-14 09:07:50] [SUCCESS] bvid=BV1akDrBYEgv 已成功抓取全部所需数据。
[2026-04-14 09:08:02] [SUCCESS] bvid=BV1QyDrBcEHp 已成功抓取全部所需数据。
[2026-04-14 09:08:07] [SUCCESS] bvid=BV1XyDrBcEjs 已成功抓取全部所需数据。
[2026-04-14 09:08:18] [SUCCESS] bvid=BV1QyDrBcENN 已成功抓取全部所需数据。
[2026-04-14 09:08:23] [SUCCESS] bvid=BV1tXDrBdEtV 已成功抓取全部所需数据。
[2026-04-14 09:08:28] [SUCCESS] bvid=BV1MXDrBdE14 已成功抓取全部所需数据。
[2026-04-14 09:08:33] [SUCCESS] bvid=BV1SUDrBtEQn 已成功抓取全部所需数据。
[2026-04-14 09:08:38] [SUCCESS] bvid=BV1SUDrBtEBU 已成功抓取全部所需数据。
[2026-04-14 09:08:44] [SUCCESS] bvid=BV1KDDqBrEwG 已成功抓取全部所需数据。
[2026-04-14 09:08:44] [ERROR] bvid=BV1SUDrBtEXo 抓取失败：stat: 接口返回错误代码：62002，信息：稿件不可见。
{'code': 62002, 'message': '稿件不可见', 'ttl': 1} | comment: 接口返回错误代码：62002，信息：稿件不可见。
{'code': 62002, 'message': '稿件不可见', 'ttl': 1}
[2026-04-14 09:08:49] [SUCCESS] bvid=BV1UUDrBtEUa 已成功抓取全部所需数据。
[2026-04-14 09:08:55] [SUCCESS] bvid=BV1DUDrBtE3g 已成功抓取全部所需数据。
[2026-04-14 09:09:00] [SUCCESS] bvid=BV1SUDrBtErS 已成功抓取全部所需数据。
[2026-04-14 09:09:18] [SUCCESS] bvid=BV1uUDrBbEC3 已成功抓取全部所需数据。
[2026-04-14 09:09:23] [SUCCESS] bvid=BV1DUDrBtEuv 已成功抓取全部所需数据。
[2026-04-14 09:09:34] [SUCCESS] bvid=BV1USDrBoEo3 已成功抓取全部所需数据。
[2026-04-14 09:09:39] [SUCCESS] bvid=BV1dvDrBTEnt 已成功抓取全部所需数据。
[2026-04-14 09:09:49] [SUCCESS] bvid=BV1ovDrBTEC4 已成功抓取全部所需数据。
[2026-04-14 09:09:54] [SUCCESS] bvid=BV1ovDrBTEiG 已成功抓取全部所需数据。
[2026-04-14 09:10:00] [SUCCESS] bvid=BV17vDrBMEsF 已成功抓取全部所需数据。
[2026-04-14 09:10:05] [SUCCESS] bvid=BV1f8DrB6ELx 已成功抓取全部所需数据。
[2026-04-14 09:10:17] [SUCCESS] bvid=BV1f8DrB6Ezb 已成功抓取全部所需数据。
[2026-04-14 09:10:22] [SUCCESS] bvid=BV1f8DrB6ECm 已成功抓取全部所需数据。
[2026-04-14 09:10:39] [SUCCESS] bvid=BV1BaDrBgE2x 已成功抓取全部所需数据。
[2026-04-14 09:10:45] [SUCCESS] bvid=BV1ZaDrBuEg6 已成功抓取全部所需数据。
[2026-04-14 09:10:50] [SUCCESS] bvid=BV1faDrBuEcg 已成功抓取全部所需数据。
[2026-04-14 09:10:55] [SUCCESS] bvid=BV1faDrBuEKZ 已成功抓取全部所需数据。
[2026-04-14 09:11:00] [SUCCESS] bvid=BV1zaDrBgEtE 已成功抓取全部所需数据。
[2026-04-14 09:11:06] [SUCCESS] bvid=BV19zDrBeEsD 已成功抓取全部所需数据。
[2026-04-14 09:11:18] [SUCCESS] bvid=BV19zDrBeELC 已成功抓取全部所需数据。
[2026-04-14 09:11:23] [SUCCESS] bvid=BV1TKDzBJE8d 已成功抓取全部所需数据。
[2026-04-14 09:11:28] [SUCCESS] bvid=BV1kSDvBYEWB 已成功抓取全部所需数据。
[2026-04-14 09:11:33] [SUCCESS] bvid=BV1CSDvBYEGu 已成功抓取全部所需数据。
[2026-04-14 09:11:38] [SUCCESS] bvid=BV1cdDvB8EKM 已成功抓取全部所需数据。
[2026-04-14 09:11:43] [SUCCESS] bvid=BV16dDvBbEWh 已成功抓取全部所需数据。
[2026-04-14 09:11:48] [SUCCESS] bvid=BV1TcDvBTEkP 已成功抓取全部所需数据。
[2026-04-14 09:11:53] [SUCCESS] bvid=BV1RzDrBeEni 已成功抓取全部所需数据。
[2026-04-14 09:11:58] [SUCCESS] bvid=BV1RzDrBeEyd 已成功抓取全部所需数据。
[2026-04-14 09:12:09] [SUCCESS] bvid=BV1xRQmBkE9d 已成功抓取全部所需数据。
[2026-04-14 09:12:14] [SUCCESS] bvid=BV1yoQmBgEq8 已成功抓取全部所需数据。
[2026-04-14 09:12:19] [SUCCESS] bvid=BV11oQmBgEux 已成功抓取全部所需数据。
[2026-04-14 09:12:24] [SUCCESS] bvid=BV1NRQmBkEQh 已成功抓取全部所需数据。
[2026-04-14 09:12:29] [SUCCESS] bvid=BV1NRQmBkEos 已成功抓取全部所需数据。
[2026-04-14 09:12:34] [SUCCESS] bvid=BV1soQmB3E9W 已成功抓取全部所需数据。
[2026-04-14 09:12:39] [SUCCESS] bvid=BV1yoQmBgEBT 已成功抓取全部所需数据。
[2026-04-14 09:12:44] [SUCCESS] bvid=BV11oQmBgEue 已成功抓取全部所需数据。
[2026-04-14 09:12:49] [SUCCESS] bvid=BV1xRQmBkETQ 已成功抓取全部所需数据。
[2026-04-14 09:12:54] [SUCCESS] bvid=BV11RQmBrEpi 已成功抓取全部所需数据。
[2026-04-14 09:12:59] [SUCCESS] bvid=BV11RQmBrEuV 已成功抓取全部所需数据。
[2026-04-14 09:13:05] [SUCCESS] bvid=BV11RQmBrErD 已成功抓取全部所需数据。
[2026-04-14 09:13:10] [SUCCESS] bvid=BV11RQmBrED8 已成功抓取全部所需数据。
[2026-04-14 09:13:15] [SUCCESS] bvid=BV1NoQmB3En4 已成功抓取全部所需数据。
[2026-04-14 09:13:26] [SUCCESS] bvid=BV1yoQmBgEYV 已成功抓取全部所需数据。
[2026-04-14 09:13:31] [SUCCESS] bvid=BV1QhDvB1Ect 已成功抓取全部所需数据。
[2026-04-14 09:13:37] [SUCCESS] bvid=BV11RQmBrEWU 已成功抓取全部所需数据。
[2026-04-14 09:13:47] [SUCCESS] bvid=BV11RQmBrEoN 已成功抓取全部所需数据。
[2026-04-14 09:13:52] [SUCCESS] bvid=BV1NoQmB3Ewx 已成功抓取全部所需数据。
[2026-04-14 09:13:58] [SUCCESS] bvid=BV17HDvBXEH4 已成功抓取全部所需数据。
[2026-04-14 09:14:09] [SUCCESS] bvid=BV1WEDzB3Ewd 已成功抓取全部所需数据。
[2026-04-14 09:14:14] [SUCCESS] bvid=BV11dDrBXEqQ 已成功抓取全部所需数据。
[2026-04-14 09:14:26] [SUCCESS] bvid=BV1wPDkBEEMY 已成功抓取全部所需数据。
[2026-04-14 09:14:31] [SUCCESS] bvid=BV1fpDqBfEgJ 已成功抓取全部所需数据。
[2026-04-14 09:14:37] [SUCCESS] bvid=BV1TTDzBUEUq 已成功抓取全部所需数据。
[2026-04-14 09:14:41] [SUCCESS] bvid=BV1kXDvBhEdH 已成功抓取全部所需数据。
[2026-04-14 09:14:46] [SUCCESS] bvid=BV1zoDvBZEdS 已成功抓取全部所需数据。
[2026-04-14 09:14:58] [SUCCESS] bvid=BV1zoDvBZEkU 已成功抓取全部所需数据。
[2026-04-14 09:14:58] [ERROR] bvid=BV1rXDvBhECJ 抓取失败：stat: 接口返回错误代码：-404，信息：啥都木有。
{'code': -404, 'message': '啥都木有', 'ttl': 1} | comment: 接口返回错误代码：-404，信息：啥都木有。
{'code': -404, 'message': '啥都木有', 'ttl': 1}
[2026-04-14 09:15:09] [SUCCESS] bvid=BV1rXDvBhE1a 已成功抓取全部所需数据。
[2026-04-14 09:15:14] [SUCCESS] bvid=BV16RDvBFEDb 已成功抓取全部所需数据。
[2026-04-14 09:15:19] [SUCCESS] bvid=BV1rRDvBFEg7 已成功抓取全部所需数据。
[2026-04-14 09:15:37] [SUCCESS] bvid=BV1s4DiBME3b 已成功抓取全部所需数据。
[2026-04-14 09:15:42] [SUCCESS] bvid=BV1s4DiBME1N 已成功抓取全部所需数据。
[2026-04-14 09:15:47] [SUCCESS] bvid=BV1FhDuBDEbH 已成功抓取全部所需数据。
[2026-04-14 09:15:59] [SUCCESS] bvid=BV1svD6BEEvW 已成功抓取全部所需数据。
[2026-04-14 09:16:04] [SUCCESS] bvid=BV1eKDiBQEhG 已成功抓取全部所需数据。
[2026-04-14 09:16:16] [SUCCESS] bvid=BV11UDvBPEJ6 已成功抓取全部所需数据。
[2026-04-14 09:16:27] [SUCCESS] bvid=BV1ByDBBeEZA 已成功抓取全部所需数据。
[2026-04-14 09:16:43] [SUCCESS] bvid=BV1HRD5BzEbu 已成功抓取全部所需数据。
[2026-04-14 09:17:01] [SUCCESS] bvid=BV1NzDhBREP8 已成功抓取全部所需数据。
[2026-04-14 09:17:10] [SUCCESS] bvid=BV1wgDvBcE6K 已成功抓取全部所需数据。
[2026-04-14 09:17:20] [SUCCESS] bvid=BV1zEDqBYEk5 已成功抓取全部所需数据。
[2026-04-14 09:17:25] [SUCCESS] bvid=BV1RbDqBREUX 已成功抓取全部所需数据。
[2026-04-14 09:17:37] [SUCCESS] bvid=BV1kRDvBFEwF 已成功抓取全部所需数据。
[2026-04-14 09:17:42] [SUCCESS] bvid=BV1udDeB6ETM 已成功抓取全部所需数据。
[2026-04-14 09:17:48] [SUCCESS] bvid=BV15rDrBPEHu 已成功抓取全部所需数据。
[2026-04-14 09:17:53] [SUCCESS] bvid=BV1XrDrBAEij 已成功抓取全部所需数据。
[2026-04-14 09:18:11] [SUCCESS] bvid=BV1RiDrBiECy 已成功抓取全部所需数据。
[2026-04-14 09:18:23] [SUCCESS] bvid=BV15BDrBKEEY 已成功抓取全部所需数据。
[2026-04-14 09:18:28] [SUCCESS] bvid=BV19BDrBNERa 已成功抓取全部所需数据。
[2026-04-14 09:18:34] [SUCCESS] bvid=BV1TTDzBUECQ 已成功抓取全部所需数据。
[2026-04-14 09:18:46] [SUCCESS] bvid=BV1FgDkB5EeE 已成功抓取全部所需数据。
[2026-04-14 09:18:57] [SUCCESS] bvid=BV1fgDkBVEsu 已成功抓取全部所需数据。
[2026-04-14 09:18:57] [ERROR] bvid=BV1f3DkBkESy 抓取失败：stat: 接口返回错误代码：62002，信息：稿件不可见。
{'code': 62002, 'message': '稿件不可见', 'ttl': 1} | comment: 接口返回错误代码：62002，信息：稿件不可见。
{'code': 62002, 'message': '稿件不可见', 'ttl': 1}
[2026-04-14 09:19:09] [SUCCESS] bvid=BV1CBDBBBEMb 已成功抓取全部所需数据。
[2026-04-14 09:19:21] [SUCCESS] bvid=BV1F3DkBCE7F 已成功抓取全部所需数据。
[2026-04-14 09:19:32] [SUCCESS] bvid=BV1E3DkBCEGa 已成功抓取全部所需数据。
[2026-04-14 09:19:43] [SUCCESS] bvid=BV1B3DkBCES8 已成功抓取全部所需数据。
[2026-04-14 09:19:48] [SUCCESS] bvid=BV1rMDkByEPM 已成功抓取全部所需数据。
[2026-04-14 09:19:59] [SUCCESS] bvid=BV1zMDkB1Ebq 已成功抓取全部所需数据。
[2026-04-14 09:19:59] [WARN] 当前子任务已结束，但仍有未成功抓取的视频，已导出 remaining CSV 供继续执行。
[2026-04-14 09:19:59] [INFO] 已导出剔除成功条目后的剩余 CSV：D:\Schoolworks\Thesis\Bilibili-Datahub\outputs\video_data\manual_crawls\manual_crawl_stat_comment_20260413_211529\remaining_bvids_part_46.csv
[2026-04-14 09:19:59] 子任务结束时间：2026-04-14T09:19:59.612019
[TIMESTAMP][END] 2026-04-14T09:19:59
