[TIMESTAMP][BEGIN] 2026-04-14T06:09:24
[2026-04-14 06:09:27] 开始执行 CSV 批量抓取子任务 part_31。
[2026-04-14 06:09:27] 子任务开始时间：2026-04-14T06:09:24.768118
[2026-04-14 06:09:27] 输入文件：batch_input_31.csv
[2026-04-14 06:09:27] 输入唯一 bvid 数量：100
[2026-04-14 06:09:27] 为严格按 CSV 顺序判断连续失败阈值，本次任务自动将并发度从 2 调整为 1。
[2026-04-14 06:09:32] [SUCCESS] bvid=BV1DzDxBJET2 已成功抓取全部所需数据。
[2026-04-14 06:09:37] [SUCCESS] bvid=BV1gzDxBJEY3 已成功抓取全部所需数据。
[2026-04-14 06:09:42] [SUCCESS] bvid=BV1gzDxBJEc7 已成功抓取全部所需数据。
[2026-04-14 06:09:47] [SUCCESS] bvid=BV1gzDxBJEon 已成功抓取全部所需数据。
[2026-04-14 06:09:59] [SUCCESS] bvid=BV1hzDxBJE5d 已成功抓取全部所需数据。
[2026-04-14 06:10:04] [SUCCESS] bvid=BV1YeDxBXEZz 已成功抓取全部所需数据。
[2026-04-14 06:10:09] [SUCCESS] bvid=BV13eDxBXExT 已成功抓取全部所需数据。
[2026-04-14 06:10:14] [SUCCESS] bvid=BV1GiDxBHEiz 已成功抓取全部所需数据。
[2026-04-14 06:10:26] [SUCCESS] bvid=BV1aiDxBHEty 已成功抓取全部所需数据。
[2026-04-14 06:10:31] [SUCCESS] bvid=BV1GiDxBHEiZ 已成功抓取全部所需数据。
[2026-04-14 06:10:36] [SUCCESS] bvid=BV1u6DxBUESG 已成功抓取全部所需数据。
[2026-04-14 06:10:42] [SUCCESS] bvid=BV1T1DxBLEEe 已成功抓取全部所需数据。
[2026-04-14 06:10:54] [SUCCESS] bvid=BV1t1DxBLEvF 已成功抓取全部所需数据。
[2026-04-14 06:11:00] [SUCCESS] bvid=BV1vkDpBSEzF 已成功抓取全部所需数据。
[2026-04-14 06:11:04] [SUCCESS] bvid=BV1caDpBtEKe 已成功抓取全部所需数据。
[2026-04-14 06:11:10] [SUCCESS] bvid=BV1g6DxBUEpT 已成功抓取全部所需数据。
[2026-04-14 06:11:20] [SUCCESS] bvid=BV1gkDxB7EFs 已成功抓取全部所需数据。
[2026-04-14 06:11:26] [SUCCESS] bvid=BV1BsDxBfELs 已成功抓取全部所需数据。
[2026-04-14 06:11:43] [SUCCESS] bvid=BV1NPXfBgEoU 已成功抓取全部所需数据。
[2026-04-14 06:11:48] [SUCCESS] bvid=BV1jsDxBfEaQ 已成功抓取全部所需数据。
[2026-04-14 06:11:59] [SUCCESS] bvid=BV1i4DxBtEPc 已成功抓取全部所需数据。
[2026-04-14 06:12:11] [SUCCESS] bvid=BV1ruDHBWEFD 已成功抓取全部所需数据。
[2026-04-14 06:12:17] [SUCCESS] bvid=BV1L4DxBtEie 已成功抓取全部所需数据。
[2026-04-14 06:12:23] [SUCCESS] bvid=BV1R4DxBtEZf 已成功抓取全部所需数据。
[2026-04-14 06:12:28] [SUCCESS] bvid=BV1BWDxB8Ee7 已成功抓取全部所需数据。
[2026-04-14 06:12:39] [SUCCESS] bvid=BV1BpDxBcEsz 已成功抓取全部所需数据。
[2026-04-14 06:12:44] [SUCCESS] bvid=BV1BWDxB8Emm 已成功抓取全部所需数据。
[2026-04-14 06:12:55] [SUCCESS] bvid=BV1BWDxB8EoS 已成功抓取全部所需数据。
[2026-04-14 06:13:00] [SUCCESS] bvid=BV1EWDxB8Eby 已成功抓取全部所需数据。
[2026-04-14 06:13:12] [SUCCESS] bvid=BV1jWDxB8EsP 已成功抓取全部所需数据。
[2026-04-14 06:13:18] [SUCCESS] bvid=BV1zWDxB8ETZ 已成功抓取全部所需数据。
[2026-04-14 06:13:22] [SUCCESS] bvid=BV1EWDxB8EBR 已成功抓取全部所需数据。
[2026-04-14 06:13:27] [SUCCESS] bvid=BV15hDxBRECx 已成功抓取全部所需数据。
[2026-04-14 06:13:33] [SUCCESS] bvid=BV15hDxBREii 已成功抓取全部所需数据。
[2026-04-14 06:13:44] [SUCCESS] bvid=BV1VhDxBREsb 已成功抓取全部所需数据。
[2026-04-14 06:13:57] [SUCCESS] bvid=BV1vhDxBRE3C 已成功抓取全部所需数据。
[2026-04-14 06:14:02] [SUCCESS] bvid=BV1VYDxBWEwk 已成功抓取全部所需数据。
[2026-04-14 06:14:13] [SUCCESS] bvid=BV1FRDWBhEDq 已成功抓取全部所需数据。
[2026-04-14 06:14:19] [SUCCESS] bvid=BV1dQDLBhEDd 已成功抓取全部所需数据。
[2026-04-14 06:14:30] [SUCCESS] bvid=BV1eYDxBWEYE 已成功抓取全部所需数据。
[2026-04-14 06:14:35] [SUCCESS] bvid=BV15tDxBoES7 已成功抓取全部所需数据。
[2026-04-14 06:14:39] [SUCCESS] bvid=BV1L8DxBxEju 已成功抓取全部所需数据。
[2026-04-14 06:14:44] [SUCCESS] bvid=BV1LtDxBoEGL 已成功抓取全部所需数据。
[2026-04-14 06:14:57] [SUCCESS] bvid=BV1v8DxBxEXz 已成功抓取全部所需数据。
[2026-04-14 06:15:02] [SUCCESS] bvid=BV1v8DxBxEnS 已成功抓取全部所需数据。
[2026-04-14 06:15:08] [SUCCESS] bvid=BV1fwD4BYEmH 已成功抓取全部所需数据。
[2026-04-14 06:15:13] [SUCCESS] bvid=BV1ZwD4BYE8o 已成功抓取全部所需数据。
[2026-04-14 06:15:19] [SUCCESS] bvid=BV1cfDxBiEyK 已成功抓取全部所需数据。
[2026-04-14 06:15:30] [SUCCESS] bvid=BV1FfDxBiEhn 已成功抓取全部所需数据。
[2026-04-14 06:15:35] [SUCCESS] bvid=BV1cfDxBiEmk 已成功抓取全部所需数据。
[2026-04-14 06:15:40] [SUCCESS] bvid=BV1FcD4BNECx 已成功抓取全部所需数据。
[2026-04-14 06:15:46] [SUCCESS] bvid=BV1ccD4BNELs 已成功抓取全部所需数据。
[2026-04-14 06:15:51] [SUCCESS] bvid=BV1ncD4BNEhg 已成功抓取全部所需数据。
[2026-04-14 06:15:56] [SUCCESS] bvid=BV1oMD4BbEss 已成功抓取全部所需数据。
[2026-04-14 06:16:01] [SUCCESS] bvid=BV1qMD4B8E7J 已成功抓取全部所需数据。
[2026-04-14 06:16:06] [SUCCESS] bvid=BV1qMD4B8Et1 已成功抓取全部所需数据。
[2026-04-14 06:16:11] [SUCCESS] bvid=BV1jnDWB9ESb 已成功抓取全部所需数据。
[2026-04-14 06:16:16] [SUCCESS] bvid=BV1dMD4BbEdg 已成功抓取全部所需数据。
[2026-04-14 06:16:22] [SUCCESS] bvid=BV1juD4BfEG3 已成功抓取全部所需数据。
[2026-04-14 06:16:26] [SUCCESS] bvid=BV19MDsBDE4X 已成功抓取全部所需数据。
[2026-04-14 06:16:31] [SUCCESS] bvid=BV1iuD4BfEYA 已成功抓取全部所需数据。
[2026-04-14 06:16:42] [SUCCESS] bvid=BV1juD4BfEqt 已成功抓取全部所需数据。
[2026-04-14 06:16:47] [SUCCESS] bvid=BV1duD4BZExU 已成功抓取全部所需数据。
[2026-04-14 06:16:53] [SUCCESS] bvid=BV1ZND4BhEYp 已成功抓取全部所需数据。
[2026-04-14 06:17:04] [SUCCESS] bvid=BV1mzDvBgEXr 已成功抓取全部所需数据。
[2026-04-14 06:17:09] [SUCCESS] bvid=BV1tzDvB3EsF 已成功抓取全部所需数据。
[2026-04-14 06:17:14] [SUCCESS] bvid=BV1tzDvB3EQ7 已成功抓取全部所需数据。
[2026-04-14 06:17:25] [SUCCESS] bvid=BV1ySDxBkEqx 已成功抓取全部所需数据。
[2026-04-14 06:17:30] [SUCCESS] bvid=BV1UzDvBgEno 已成功抓取全部所需数据。
[2026-04-14 06:17:36] [SUCCESS] bvid=BV1NSDxBkE2T 已成功抓取全部所需数据。
[2026-04-14 06:17:40] [SUCCESS] bvid=BV1NQDxB3Eew 已成功抓取全部所需数据。
[2026-04-14 06:17:46] [SUCCESS] bvid=BV1NQDxB3Es9 已成功抓取全部所需数据。
[2026-04-14 06:17:51] [SUCCESS] bvid=BV1NQDxB3E4H 已成功抓取全部所需数据。
[2026-04-14 06:17:56] [SUCCESS] bvid=BV1BBDsBcEZo 已成功抓取全部所需数据。
[2026-04-14 06:18:01] [SUCCESS] bvid=BV1T2DxByEFP 已成功抓取全部所需数据。
[2026-04-14 06:18:06] [SUCCESS] bvid=BV142DxByEtD 已成功抓取全部所需数据。
[2026-04-14 06:18:12] [SUCCESS] bvid=BV1kY9uBFEG5 已成功抓取全部所需数据。
[2026-04-14 06:18:17] [SUCCESS] bvid=BV1XgDsBJErm 已成功抓取全部所需数据。
[2026-04-14 06:18:22] [SUCCESS] bvid=BV12WSDBkECj 已成功抓取全部所需数据。
[2026-04-14 06:18:28] [SUCCESS] bvid=BV1iWDWBQEFe 已成功抓取全部所需数据。
[2026-04-14 06:18:33] [SUCCESS] bvid=BV1UWD4BEE7M 已成功抓取全部所需数据。
[2026-04-14 06:18:45] [SUCCESS] bvid=BV1J9DHBWEVn 已成功抓取全部所需数据。
[2026-04-14 06:18:50] [SUCCESS] bvid=BV1FZDWBbEJr 已成功抓取全部所需数据。
[2026-04-14 06:18:55] [SUCCESS] bvid=BV1wdDxBBEDB 已成功抓取全部所需数据。
[2026-04-14 06:19:07] [SUCCESS] bvid=BV11UDxBVE6D 已成功抓取全部所需数据。
[2026-04-14 06:19:25] [SUCCESS] bvid=BV1wdDxBBE4B 已成功抓取全部所需数据。
[2026-04-14 06:19:30] [SUCCESS] bvid=BV1T4D4B7EZG 已成功抓取全部所需数据。
[2026-04-14 06:19:35] [SUCCESS] bvid=BV1mtD4B1EPa 已成功抓取全部所需数据。
[2026-04-14 06:19:39] [SUCCESS] bvid=BV1AXDxB6ECp 已成功抓取全部所需数据。
[2026-04-14 06:19:51] [SUCCESS] bvid=BV1wRDxBuEUr 已成功抓取全部所需数据。
[2026-04-14 06:19:56] [SUCCESS] bvid=BV1PXDxB6EQg 已成功抓取全部所需数据。
[2026-04-14 06:20:01] [SUCCESS] bvid=BV1pRDxBuES3 已成功抓取全部所需数据。
[2026-04-14 06:20:13] [SUCCESS] bvid=BV1wRDxBuEeD 已成功抓取全部所需数据。
[2026-04-14 06:20:18] [SUCCESS] bvid=BV1WRDxBuE1K 已成功抓取全部所需数据。
[2026-04-14 06:20:30] [SUCCESS] bvid=BV1v3D4BtE4K 已成功抓取全部所需数据。
[2026-04-14 06:20:35] [SUCCESS] bvid=BV1m4D4BjEmm 已成功抓取全部所需数据。
[2026-04-14 06:20:40] [SUCCESS] bvid=BV1K4D4B7EdW 已成功抓取全部所需数据。
[2026-04-14 06:20:52] [SUCCESS] bvid=BV144D4BLEpn 已成功抓取全部所需数据。
[2026-04-14 06:21:03] [SUCCESS] bvid=BV124D4BjEcX 已成功抓取全部所需数据。
[2026-04-14 06:21:08] [SUCCESS] bvid=BV1mtD4B2EFK 已成功抓取全部所需数据。
[2026-04-14 06:21:08] [INFO] 当前 batch_crawl 已完成，所有视频均已成功抓取。
[2026-04-14 06:21:08] 子任务结束时间：2026-04-14T06:21:08.369111
[TIMESTAMP][END] 2026-04-14T06:21:08
