[TIMESTAMP][BEGIN] 2026-04-14T01:11:44
[2026-04-14 01:11:46] 开始执行 CSV 批量抓取子任务 part_8。
[2026-04-14 01:11:46] 子任务开始时间：2026-04-14T01:11:44.310306
[2026-04-14 01:11:46] 输入文件：batch_input_8.csv
[2026-04-14 01:11:46] 输入唯一 bvid 数量：100
[2026-04-14 01:11:46] 为严格按 CSV 顺序判断连续失败阈值，本次任务自动将并发度从 2 调整为 1。
[2026-04-14 01:11:51] [SUCCESS] bvid=BV1jdDQBeEGu 已成功抓取全部所需数据。
[2026-04-14 01:11:56] [SUCCESS] bvid=BV15ZDQBAEh6 已成功抓取全部所需数据。
[2026-04-14 01:12:01] [SUCCESS] bvid=BV1dZDQBwEwG 已成功抓取全部所需数据。
[2026-04-14 01:12:07] [SUCCESS] bvid=BV1hKDXBoEq9 已成功抓取全部所需数据。
[2026-04-14 01:12:12] [SUCCESS] bvid=BV1SKDXBdE23 已成功抓取全部所需数据。
[2026-04-14 01:12:17] [SUCCESS] bvid=BV1DKDXBdEx7 已成功抓取全部所需数据。
[2026-04-14 01:12:22] [SUCCESS] bvid=BV1SKDXBdE6J 已成功抓取全部所需数据。
[2026-04-14 01:12:28] [SUCCESS] bvid=BV1XwDXBbEUn 已成功抓取全部所需数据。
[2026-04-14 01:12:33] [SUCCESS] bvid=BV1gKDXBoEkL 已成功抓取全部所需数据。
[2026-04-14 01:12:39] [SUCCESS] bvid=BV1SKDXBdEbC 已成功抓取全部所需数据。
[2026-04-14 01:12:44] [SUCCESS] bvid=BV1XwDXBbETh 已成功抓取全部所需数据。
[2026-04-14 01:12:49] [SUCCESS] bvid=BV1oXDQBvEgm 已成功抓取全部所需数据。
[2026-04-14 01:12:54] [SUCCESS] bvid=BV1XADXBZEi1 已成功抓取全部所需数据。
[2026-04-14 01:12:59] [SUCCESS] bvid=BV1c2DQB6EKF 已成功抓取全部所需数据。
[2026-04-14 01:13:04] [SUCCESS] bvid=BV1F2DQB6EdZ 已成功抓取全部所需数据。
[2026-04-14 01:13:09] [SUCCESS] bvid=BV1FUDQBuEPP 已成功抓取全部所需数据。
[2026-04-14 01:13:15] [SUCCESS] bvid=BV1fUDQBMEsX 已成功抓取全部所需数据。
[2026-04-14 01:13:20] [SUCCESS] bvid=BV1fKDSBFEXK 已成功抓取全部所需数据。
[2026-04-14 01:13:26] [SUCCESS] bvid=BV1sQDUBzE3s 已成功抓取全部所需数据。
[2026-04-14 01:13:32] [SUCCESS] bvid=BV1oXDQBvEJG 已成功抓取全部所需数据。
[2026-04-14 01:13:36] [SUCCESS] bvid=BV1kzDSBqEqG 已成功抓取全部所需数据。
[2026-04-14 01:13:41] [SUCCESS] bvid=BV1w1DQB3EP5 已成功抓取全部所需数据。
[2026-04-14 01:13:47] [SUCCESS] bvid=BV1LWDZBSECm 已成功抓取全部所需数据。
[2026-04-14 01:13:53] [SUCCESS] bvid=BV1pLQwBrESm 已成功抓取全部所需数据。
[2026-04-14 01:13:58] [SUCCESS] bvid=BV12aDSBGEG6 已成功抓取全部所需数据。
[2026-04-14 01:14:03] [SUCCESS] bvid=BV1RRDQBPErF 已成功抓取全部所需数据。
[2026-04-14 01:14:09] [SUCCESS] bvid=BV1jTDSBbESa 已成功抓取全部所需数据。
[2026-04-14 01:14:14] [SUCCESS] bvid=BV1jTDSBbEbt 已成功抓取全部所需数据。
[2026-04-14 01:14:20] [SUCCESS] bvid=BV1qMDSBZEaz 已成功抓取全部所需数据。
[2026-04-14 01:14:25] [SUCCESS] bvid=BV15VDSBsExc 已成功抓取全部所需数据。
[2026-04-14 01:14:30] [SUCCESS] bvid=BV1JPDSBhEqh 已成功抓取全部所需数据。
[2026-04-14 01:14:35] [SUCCESS] bvid=BV1JeQMBXEtV 已成功抓取全部所需数据。
[2026-04-14 01:14:42] [SUCCESS] bvid=BV1fKDSBFE4Y 已成功抓取全部所需数据。
[2026-04-14 01:14:47] [SUCCESS] bvid=BV1jKDSBFErL 已成功抓取全部所需数据。
[2026-04-14 01:14:52] [SUCCESS] bvid=BV1vVDSBsEpp 已成功抓取全部所需数据。
[2026-04-14 01:14:58] [SUCCESS] bvid=BV1L3DSBdETX 已成功抓取全部所需数据。
[2026-04-14 01:15:03] [SUCCESS] bvid=BV1Y5DSB9EU5 已成功抓取全部所需数据。
[2026-04-14 01:15:08] [SUCCESS] bvid=BV1DGDpBgEQn 已成功抓取全部所需数据。
[2026-04-14 01:15:13] [SUCCESS] bvid=BV1GKD1BCECL 已成功抓取全部所需数据。
[2026-04-14 01:15:24] [SUCCESS] bvid=BV15VDSBsEDG 已成功抓取全部所需数据。
[2026-04-14 01:15:30] [SUCCESS] bvid=BV1V5DSB9EzF 已成功抓取全部所需数据。
[2026-04-14 01:15:35] [SUCCESS] bvid=BV1Y5DSB9E2g 已成功抓取全部所需数据。
[2026-04-14 01:15:47] [SUCCESS] bvid=BV1Y5DSB9EXf 已成功抓取全部所需数据。
[2026-04-14 01:16:00] [SUCCESS] bvid=BV195DSB9E5G 已成功抓取全部所需数据。
[2026-04-14 01:16:11] [SUCCESS] bvid=BV153DSBdE7g 已成功抓取全部所需数据。
[2026-04-14 01:16:29] [SUCCESS] bvid=BV1CRDUBqEy9 已成功抓取全部所需数据。
[2026-04-14 01:16:34] [SUCCESS] bvid=BV1wRDUBBEzJ 已成功抓取全部所需数据。
[2026-04-14 01:16:46] [SUCCESS] bvid=BV1WRDUBqEL8 已成功抓取全部所需数据。
[2026-04-14 01:16:57] [SUCCESS] bvid=BV1poDUBKEBV 已成功抓取全部所需数据。
[2026-04-14 01:17:08] [SUCCESS] bvid=BV1poDUBKEQY 已成功抓取全部所需数据。
[2026-04-14 01:17:13] [SUCCESS] bvid=BV1CoDUBKE7s 已成功抓取全部所需数据。
[2026-04-14 01:17:19] [SUCCESS] bvid=BV1poDUBKES9 已成功抓取全部所需数据。
[2026-04-14 01:17:24] [SUCCESS] bvid=BV1CoDUBKEkM 已成功抓取全部所需数据。
[2026-04-14 01:17:30] [SUCCESS] bvid=BV1poDUBKEDe 已成功抓取全部所需数据。
[2026-04-14 01:17:41] [SUCCESS] bvid=BV11QDUBzEMD 已成功抓取全部所需数据。
[2026-04-14 01:17:47] [SUCCESS] bvid=BV1sQDUBzEUx 已成功抓取全部所需数据。
[2026-04-14 01:17:59] [SUCCESS] bvid=BV1sQDUBzEFX 已成功抓取全部所需数据。
[2026-04-14 01:18:04] [SUCCESS] bvid=BV1MbDSB5EKF 已成功抓取全部所需数据。
[2026-04-14 01:18:10] [SUCCESS] bvid=BV1j3D7BiEUC 已成功抓取全部所需数据。
[2026-04-14 01:18:21] [SUCCESS] bvid=BV1UQDCBPERy 已成功抓取全部所需数据。
[2026-04-14 01:18:26] [SUCCESS] bvid=BV1s9DUBMETb 已成功抓取全部所需数据。
[2026-04-14 01:18:44] [SUCCESS] bvid=BV1ncDSBYEK4 已成功抓取全部所需数据。
[2026-04-14 01:18:50] [SUCCESS] bvid=BV16cDSBYEUi 已成功抓取全部所需数据。
[2026-04-14 01:19:01] [SUCCESS] bvid=BV1JcDSBYEvA 已成功抓取全部所需数据。
[2026-04-14 01:19:12] [SUCCESS] bvid=BV1ncDSBYEgH 已成功抓取全部所需数据。
[2026-04-14 01:19:17] [SUCCESS] bvid=BV1JADSBwE4p 已成功抓取全部所需数据。
[2026-04-14 01:19:23] [SUCCESS] bvid=BV1nZDUBvEyE 已成功抓取全部所需数据。
[2026-04-14 01:19:28] [SUCCESS] bvid=BV1nFDSBPEbM 已成功抓取全部所需数据。
[2026-04-14 01:19:40] [SUCCESS] bvid=BV11aDSBGEkp 已成功抓取全部所需数据。
[2026-04-14 01:19:45] [SUCCESS] bvid=BV1xbDSB5ERX 已成功抓取全部所需数据。
[2026-04-14 01:19:51] [SUCCESS] bvid=BV1NYDSBrErp 已成功抓取全部所需数据。
[2026-04-14 01:19:56] [SUCCESS] bvid=BV1x8DSBCEav 已成功抓取全部所需数据。
[2026-04-14 01:20:01] [SUCCESS] bvid=BV1ABDSBME7j 已成功抓取全部所需数据。
[2026-04-14 01:20:12] [SUCCESS] bvid=BV1ABDSBME4q 已成功抓取全部所需数据。
[2026-04-14 01:20:30] [SUCCESS] bvid=BV1piDSBzEWH 已成功抓取全部所需数据。
[2026-04-14 01:20:42] [SUCCESS] bvid=BV1pzDSBqET4 已成功抓取全部所需数据。
[2026-04-14 01:20:47] [SUCCESS] bvid=BV1svDSBgEnY 已成功抓取全部所需数据。
[2026-04-14 01:20:53] [SUCCESS] bvid=BV1PiDSBzEY2 已成功抓取全部所需数据。
[2026-04-14 01:20:58] [SUCCESS] bvid=BV1aJDSBnEtp 已成功抓取全部所需数据。
[2026-04-14 01:21:09] [SUCCESS] bvid=BV1aJDSBnEq7 已成功抓取全部所需数据。
[2026-04-14 01:21:15] [SUCCESS] bvid=BV13JDSBnEFR 已成功抓取全部所需数据。
[2026-04-14 01:21:26] [SUCCESS] bvid=BV13nDSBSE4P 已成功抓取全部所需数据。
[2026-04-14 01:21:31] [SUCCESS] bvid=BV18xDSBjEcA 已成功抓取全部所需数据。
[2026-04-14 01:21:37] [SUCCESS] bvid=BV1uxDSBjEVF 已成功抓取全部所需数据。
[2026-04-14 01:21:43] [SUCCESS] bvid=BV1T4DSB1E9d 已成功抓取全部所需数据。
[2026-04-14 01:21:55] [SUCCESS] bvid=BV1b4DSB1EMd 已成功抓取全部所需数据。
[2026-04-14 01:22:01] [SUCCESS] bvid=BV1T4DSB1ErZ 已成功抓取全部所需数据。
[2026-04-14 01:22:12] [SUCCESS] bvid=BV1uWDSBmEe3 已成功抓取全部所需数据。
[2026-04-14 01:22:18] [SUCCESS] bvid=BV1uWDSBmEvU 已成功抓取全部所需数据。
[2026-04-14 01:22:30] [SUCCESS] bvid=BV1XdDSBREs9 已成功抓取全部所需数据。
[2026-04-14 01:22:41] [SUCCESS] bvid=BV19dDSBREXu 已成功抓取全部所需数据。
[2026-04-14 01:22:47] [SUCCESS] bvid=BV19dDSBREmh 已成功抓取全部所需数据。
[2026-04-14 01:22:53] [SUCCESS] bvid=BV15dDSBdEhZ 已成功抓取全部所需数据。
[2026-04-14 01:22:58] [SUCCESS] bvid=BV1XZDSBWEmr 已成功抓取全部所需数据。
[2026-04-14 01:23:03] [SUCCESS] bvid=BV1RXDSBoEbm 已成功抓取全部所需数据。
[2026-04-14 01:23:15] [SUCCESS] bvid=BV1LXDSBZE6V 已成功抓取全部所需数据。
[2026-04-14 01:23:26] [SUCCESS] bvid=BV1RXDSBoEhn 已成功抓取全部所需数据。
[2026-04-14 01:23:31] [SUCCESS] bvid=BV1RRDSBxEoT 已成功抓取全部所需数据。
[2026-04-14 01:23:42] [SUCCESS] bvid=BV1eRDSB4EiK 已成功抓取全部所需数据。
[2026-04-14 01:23:53] [SUCCESS] bvid=BV1QwDDBDE7T 已成功抓取全部所需数据。
[2026-04-14 01:23:53] [INFO] 当前 batch_crawl 已完成，所有视频均已成功抓取。
[2026-04-14 01:23:53] 子任务结束时间：2026-04-14T01:23:53.097149
[TIMESTAMP][END] 2026-04-14T01:23:53
