[TIMESTAMP][BEGIN] 2026-04-14T08:03:08
[2026-04-14 08:03:10] 开始执行 CSV 批量抓取子任务 part_41。
[2026-04-14 08:03:10] 子任务开始时间：2026-04-14T08:03:08.023680
[2026-04-14 08:03:10] 输入文件：batch_input_41.csv
[2026-04-14 08:03:10] 输入唯一 bvid 数量：100
[2026-04-14 08:03:10] 为严格按 CSV 顺序判断连续失败阈值，本次任务自动将并发度从 2 调整为 1。
[2026-04-14 08:03:15] [SUCCESS] bvid=BV1W8DLB1EQ1 已成功抓取全部所需数据。
[2026-04-14 08:03:20] [SUCCESS] bvid=BV1N8DLB1ETQ 已成功抓取全部所需数据。
[2026-04-14 08:03:25] [SUCCESS] bvid=BV1P8DLB1EQJ 已成功抓取全部所需数据。
[2026-04-14 08:03:30] [SUCCESS] bvid=BV1omDLBAENW 已成功抓取全部所需数据。
[2026-04-14 08:03:41] [SUCCESS] bvid=BV1K8DLB1E57 已成功抓取全部所需数据。
[2026-04-14 08:03:47] [SUCCESS] bvid=BV1KbDLBjEwu 已成功抓取全部所需数据。
[2026-04-14 08:03:59] [SUCCESS] bvid=BV1M4DLBmEFc 已成功抓取全部所需数据。
[2026-04-14 08:04:04] [SUCCESS] bvid=BV1KbDLBjEm5 已成功抓取全部所需数据。
[2026-04-14 08:04:15] [SUCCESS] bvid=BV1xbDLBjEgB 已成功抓取全部所需数据。
[2026-04-14 08:04:20] [SUCCESS] bvid=BV1NbDLBjER1 已成功抓取全部所需数据。
[2026-04-14 08:04:25] [SUCCESS] bvid=BV1KbDLBjEdL 已成功抓取全部所需数据。
[2026-04-14 08:04:30] [SUCCESS] bvid=BV193DLBZE1p 已成功抓取全部所需数据。
[2026-04-14 08:04:36] [SUCCESS] bvid=BV1juDLBFEE6 已成功抓取全部所需数据。
[2026-04-14 08:04:41] [SUCCESS] bvid=BV1L3DLBZEwA 已成功抓取全部所需数据。
[2026-04-14 08:05:00] [SUCCESS] bvid=BV1N5DrBQErW 已成功抓取全部所需数据。
[2026-04-14 08:05:18] [SUCCESS] bvid=BV1TbDLBjEgB 已成功抓取全部所需数据。
[2026-04-14 08:05:23] [SUCCESS] bvid=BV1e3DLBZEFr 已成功抓取全部所需数据。
[2026-04-14 08:05:28] [SUCCESS] bvid=BV1juDLBFEiv 已成功抓取全部所需数据。
[2026-04-14 08:05:33] [SUCCESS] bvid=BV1JeDeBREVz 已成功抓取全部所需数据。
[2026-04-14 08:05:39] [SUCCESS] bvid=BV1VVDLB4EgA 已成功抓取全部所需数据。
[2026-04-14 08:05:51] [SUCCESS] bvid=BV1VgDLBbErW 已成功抓取全部所需数据。
[2026-04-14 08:05:56] [SUCCESS] bvid=BV15VDLB4EJt 已成功抓取全部所需数据。
[2026-04-14 08:06:02] [SUCCESS] bvid=BV1UPDjBHEwv 已成功抓取全部所需数据。
[2026-04-14 08:06:07] [SUCCESS] bvid=BV1qVDkB3E6S 已成功抓取全部所需数据。
[2026-04-14 08:06:13] [SUCCESS] bvid=BV1yjDjB5Enr 已成功抓取全部所需数据。
[2026-04-14 08:06:18] [SUCCESS] bvid=BV1LuDLBFEHc 已成功抓取全部所需数据。
[2026-04-14 08:06:24] [SUCCESS] bvid=BV1juDLBFEbV 已成功抓取全部所需数据。
[2026-04-14 08:06:29] [SUCCESS] bvid=BV1iuDLBFEFA 已成功抓取全部所需数据。
[2026-04-14 08:06:35] [SUCCESS] bvid=BV1LgDLBtE3M 已成功抓取全部所需数据。
[2026-04-14 08:06:40] [SUCCESS] bvid=BV1EUD6BzE5R 已成功抓取全部所需数据。
[2026-04-14 08:06:45] [SUCCESS] bvid=BV1VZDLB4Euf 已成功抓取全部所需数据。
[2026-04-14 08:06:57] [SUCCESS] bvid=BV1XqDjBfEHL 已成功抓取全部所需数据。
[2026-04-14 08:07:09] [SUCCESS] bvid=BV1GkDrBYEq2 已成功抓取全部所需数据。
[2026-04-14 08:07:14] [SUCCESS] bvid=BV14VDrBpEFE 已成功抓取全部所需数据。
[2026-04-14 08:07:19] [SUCCESS] bvid=BV1BDD6BME9t 已成功抓取全部所需数据。
[2026-04-14 08:07:31] [SUCCESS] bvid=BV1ryD6BGEhh 已成功抓取全部所需数据。
[2026-04-14 08:07:36] [SUCCESS] bvid=BV1AkSoBREsW 已成功抓取全部所需数据。
[2026-04-14 08:07:49] [SUCCESS] bvid=BV1n3DYBQEdi 已成功抓取全部所需数据。
[2026-04-14 08:07:54] [SUCCESS] bvid=BV1jgDLB8Ew4 已成功抓取全部所需数据。
[2026-04-14 08:08:06] [SUCCESS] bvid=BV1vgDLBbEti 已成功抓取全部所需数据。
[2026-04-14 08:08:11] [SUCCESS] bvid=BV1vgDLBbEQ9 已成功抓取全部所需数据。
[2026-04-14 08:08:16] [SUCCESS] bvid=BV1LgDLBbE95 已成功抓取全部所需数据。
[2026-04-14 08:08:21] [SUCCESS] bvid=BV15gDLBbEBk 已成功抓取全部所需数据。
[2026-04-14 08:08:27] [SUCCESS] bvid=BV15gDLBbEGw 已成功抓取全部所需数据。
[2026-04-14 08:08:40] [SUCCESS] bvid=BV1a7DLB9EBY 已成功抓取全部所需数据。
[2026-04-14 08:08:51] [SUCCESS] bvid=BV1a5DLBdEbR 已成功抓取全部所需数据。
[2026-04-14 08:08:56] [SUCCESS] bvid=BV137DLB9EzP 已成功抓取全部所需数据。
[2026-04-14 08:09:07] [SUCCESS] bvid=BV1g7DLB9EXQ 已成功抓取全部所需数据。
[2026-04-14 08:09:11] [SUCCESS] bvid=BV1G7DLB9EJC 已成功抓取全部所需数据。
[2026-04-14 08:09:22] [SUCCESS] bvid=BV1a5DLBdE8B 已成功抓取全部所需数据。
[2026-04-14 08:09:28] [SUCCESS] bvid=BV1Q7DLB9EdC 已成功抓取全部所需数据。
[2026-04-14 08:09:40] [SUCCESS] bvid=BV1a7DLB9EWT 已成功抓取全部所需数据。
[2026-04-14 08:09:44] [SUCCESS] bvid=BV1G5DLBdEHC 已成功抓取全部所需数据。
[2026-04-14 08:09:56] [SUCCESS] bvid=BV1ajDLBsEu9 已成功抓取全部所需数据。
[2026-04-14 08:10:01] [SUCCESS] bvid=BV1G5DLBdEgP 已成功抓取全部所需数据。
[2026-04-14 08:10:19] [SUCCESS] bvid=BV1ajDLBsETv 已成功抓取全部所需数据。
[2026-04-14 08:10:24] [SUCCESS] bvid=BV1G5DLBdEz4 已成功抓取全部所需数据。
[2026-04-14 08:10:30] [SUCCESS] bvid=BV1G5DLBdEER 已成功抓取全部所需数据。
[2026-04-14 08:10:35] [SUCCESS] bvid=BV1G5DLBdEWp 已成功抓取全部所需数据。
[2026-04-14 08:10:47] [SUCCESS] bvid=BV195DLBdEvK 已成功抓取全部所需数据。
[2026-04-14 08:10:52] [SUCCESS] bvid=BV135DLBdEej 已成功抓取全部所需数据。
[2026-04-14 08:11:03] [SUCCESS] bvid=BV1V5DLBoERp 已成功抓取全部所需数据。
[2026-04-14 08:11:14] [SUCCESS] bvid=BV1ajDLBsEgw 已成功抓取全部所需数据。
[2026-04-14 08:11:32] [SUCCESS] bvid=BV13jDLBxEy3 已成功抓取全部所需数据。
[2026-04-14 08:11:38] [SUCCESS] bvid=BV1iUDLBYE2Y 已成功抓取全部所需数据。
[2026-04-14 08:11:56] [SUCCESS] bvid=BV1YjDLBsEsG 已成功抓取全部所需数据。
[2026-04-14 08:12:01] [SUCCESS] bvid=BV1dUDLBaE35 已成功抓取全部所需数据。
[2026-04-14 08:12:13] [SUCCESS] bvid=BV13jDLBsEdV 已成功抓取全部所需数据。
[2026-04-14 08:12:18] [SUCCESS] bvid=BV1RDDLBcEvD 已成功抓取全部所需数据。
[2026-04-14 08:12:30] [SUCCESS] bvid=BV1QqDjBfESY 已成功抓取全部所需数据。
[2026-04-14 08:12:41] [SUCCESS] bvid=BV1dUDLBaEvZ 已成功抓取全部所需数据。
[2026-04-14 08:12:53] [SUCCESS] bvid=BV1iDDLBwE1d 已成功抓取全部所需数据。
[2026-04-14 08:12:58] [SUCCESS] bvid=BV1jUDLBYEyZ 已成功抓取全部所需数据。
[2026-04-14 08:13:10] [SUCCESS] bvid=BV1oUDLBaE8n 已成功抓取全部所需数据。
[2026-04-14 08:13:21] [SUCCESS] bvid=BV1LUDLBYE5t 已成功抓取全部所需数据。
[2026-04-14 08:13:26] [SUCCESS] bvid=BV1z1DLBvE3k 已成功抓取全部所需数据。
[2026-04-14 08:13:32] [SUCCESS] bvid=BV1jDDLBwEJR 已成功抓取全部所需数据。
[2026-04-14 08:13:37] [SUCCESS] bvid=BV1dDDLBcEQT 已成功抓取全部所需数据。
[2026-04-14 08:13:42] [SUCCESS] bvid=BV1dmDLBAERa 已成功抓取全部所需数据。
[2026-04-14 08:13:47] [SUCCESS] bvid=BV1dmDLBwEYk 已成功抓取全部所需数据。
[2026-04-14 08:13:59] [SUCCESS] bvid=BV1KcDvBTEDo 已成功抓取全部所需数据。
[2026-04-14 08:14:05] [SUCCESS] bvid=BV1mmX7BZEkh 已成功抓取全部所需数据。
[2026-04-14 08:14:17] [SUCCESS] bvid=BV1i8DjBeEMv 已成功抓取全部所需数据。
[2026-04-14 08:14:35] [SUCCESS] bvid=BV1YRDLBbEva 已成功抓取全部所需数据。
[2026-04-14 08:14:46] [SUCCESS] bvid=BV1yvDLBGE5H 已成功抓取全部所需数据。
[2026-04-14 08:14:58] [SUCCESS] bvid=BV12TDjBJE6k 已成功抓取全部所需数据。
[2026-04-14 08:15:03] [SUCCESS] bvid=BV1E1DLBvE43 已成功抓取全部所需数据。
[2026-04-14 08:15:08] [SUCCESS] bvid=BV1E1DLBvEpw 已成功抓取全部所需数据。
[2026-04-14 08:15:13] [SUCCESS] bvid=BV1E1DLBvE3V 已成功抓取全部所需数据。
[2026-04-14 08:15:25] [SUCCESS] bvid=BV1Z1DLBeECa 已成功抓取全部所需数据。
[2026-04-14 08:15:30] [SUCCESS] bvid=BV1dmDLBAEd5 已成功抓取全部所需数据。
[2026-04-14 08:15:43] [SUCCESS] bvid=BV1ZmDLBPExG 已成功抓取全部所需数据。
[2026-04-14 08:15:48] [SUCCESS] bvid=BV17mDLBPEP3 已成功抓取全部所需数据。
[2026-04-14 08:15:53] [SUCCESS] bvid=BV1qmDLBPEob 已成功抓取全部所需数据。
[2026-04-14 08:16:04] [SUCCESS] bvid=BV1XRDLBtEow 已成功抓取全部所需数据。
[2026-04-14 08:16:15] [SUCCESS] bvid=BV15QDLBhEEu 已成功抓取全部所需数据。
[2026-04-14 08:16:20] [SUCCESS] bvid=BV1XdDLBZEog 已成功抓取全部所需数据。
[2026-04-14 08:16:25] [SUCCESS] bvid=BV1jmDLBPEyu 已成功抓取全部所需数据。
[2026-04-14 08:16:31] [SUCCESS] bvid=BV1179jBWERY 已成功抓取全部所需数据。
[2026-04-14 08:16:41] [SUCCESS] bvid=BV1VRDLBbEuS 已成功抓取全部所需数据。
[2026-04-14 08:16:41] [INFO] 当前 batch_crawl 已完成，所有视频均已成功抓取。
[2026-04-14 08:16:41] 子任务结束时间：2026-04-14T08:16:41.956262
[TIMESTAMP][END] 2026-04-14T08:16:41
