[TIMESTAMP][BEGIN] 2026-04-14T00:36:51
[2026-04-14 00:36:53] 开始执行 CSV 批量抓取子任务 part_5。
[2026-04-14 00:36:53] 子任务开始时间：2026-04-14T00:36:51.743949
[2026-04-14 00:36:53] 输入文件：batch_input_5.csv
[2026-04-14 00:36:53] 输入唯一 bvid 数量：100
[2026-04-14 00:36:53] 为严格按 CSV 顺序判断连续失败阈值，本次任务自动将并发度从 2 调整为 1。
[2026-04-14 00:36:59] [SUCCESS] bvid=BV1m5DXBnEat 已成功抓取全部所需数据。
[2026-04-14 00:37:04] [SUCCESS] bvid=BV1bSDXB4Ee7 已成功抓取全部所需数据。
[2026-04-14 00:37:09] [SUCCESS] bvid=BV1UXDXBsEkh 已成功抓取全部所需数据。
[2026-04-14 00:37:15] [SUCCESS] bvid=BV1gSDXBtEth 已成功抓取全部所需数据。
[2026-04-14 00:37:26] [SUCCESS] bvid=BV18SDXB4En3 已成功抓取全部所需数据。
[2026-04-14 00:37:37] [SUCCESS] bvid=BV1Y1DXBFEu1 已成功抓取全部所需数据。
[2026-04-14 00:37:43] [SUCCESS] bvid=BV1h2DXBbEfe 已成功抓取全部所需数据。
[2026-04-14 00:37:48] [SUCCESS] bvid=BV1h1DXBFE1B 已成功抓取全部所需数据。
[2026-04-14 00:38:01] [SUCCESS] bvid=BV1Q1DXBFEF6 已成功抓取全部所需数据。
[2026-04-14 00:38:06] [SUCCESS] bvid=BV1Q2DXBbEBV 已成功抓取全部所需数据。
[2026-04-14 00:38:19] [SUCCESS] bvid=BV182DXBbE91 已成功抓取全部所需数据。
[2026-04-14 00:38:25] [SUCCESS] bvid=BV1bDDXBdEpe 已成功抓取全部所需数据。
[2026-04-14 00:38:37] [SUCCESS] bvid=BV1mdDXBpEn3 已成功抓取全部所需数据。
[2026-04-14 00:38:42] [SUCCESS] bvid=BV1bXDXBsEAb 已成功抓取全部所需数据。
[2026-04-14 00:38:53] [SUCCESS] bvid=BV1uDDXBoEdD 已成功抓取全部所需数据。
[2026-04-14 00:38:59] [SUCCESS] bvid=BV1tXDXBsEXp 已成功抓取全部所需数据。
[2026-04-14 00:39:04] [SUCCESS] bvid=BV1cMD9BLERx 已成功抓取全部所需数据。
[2026-04-14 00:39:09] [SUCCESS] bvid=BV1bXDXBxEha 已成功抓取全部所需数据。
[2026-04-14 00:39:14] [SUCCESS] bvid=BV1tXDXBsEt9 已成功抓取全部所需数据。
[2026-04-14 00:39:26] [SUCCESS] bvid=BV1iqDXBvE6T 已成功抓取全部所需数据。
[2026-04-14 00:39:31] [SUCCESS] bvid=BV1BYDXBMEao 已成功抓取全部所需数据。
[2026-04-14 00:39:43] [SUCCESS] bvid=BV1qYDXBMEqw 已成功抓取全部所需数据。
[2026-04-14 00:39:54] [SUCCESS] bvid=BV1BYDXBMEin 已成功抓取全部所需数据。
[2026-04-14 00:40:00] [SUCCESS] bvid=BV1eiDDBtEKf 已成功抓取全部所需数据。
[2026-04-14 00:40:06] [SUCCESS] bvid=BV1aDDpB5EaV 已成功抓取全部所需数据。
[2026-04-14 00:40:12] [SUCCESS] bvid=BV1BYDXBMEhK 已成功抓取全部所需数据。
[2026-04-14 00:40:17] [SUCCESS] bvid=BV1BeDXBqEN6 已成功抓取全部所需数据。
[2026-04-14 00:40:28] [SUCCESS] bvid=BV19CDXBhEs6 已成功抓取全部所需数据。
[2026-04-14 00:40:34] [SUCCESS] bvid=BV19CDXBhEsQ 已成功抓取全部所需数据。
[2026-04-14 00:40:40] [SUCCESS] bvid=BV1EGD9BrEp1 已成功抓取全部所需数据。
[2026-04-14 00:40:52] [SUCCESS] bvid=BV1z5D9BgEcK 已成功抓取全部所需数据。
[2026-04-14 00:41:03] [SUCCESS] bvid=BV1EGD9BrESd 已成功抓取全部所需数据。
[2026-04-14 00:41:09] [SUCCESS] bvid=BV16uD9BCEQS 已成功抓取全部所需数据。
[2026-04-14 00:41:14] [SUCCESS] bvid=BV1fuD9BCE9n 已成功抓取全部所需数据。
[2026-04-14 00:41:26] [SUCCESS] bvid=BV173D9BGEUN 已成功抓取全部所需数据。
[2026-04-14 00:41:37] [SUCCESS] bvid=BV1J3D9BGEY3 已成功抓取全部所需数据。
[2026-04-14 00:41:43] [SUCCESS] bvid=BV1jLD9BzEzo 已成功抓取全部所需数据。
[2026-04-14 00:41:54] [SUCCESS] bvid=BV1jLD9BzErM 已成功抓取全部所需数据。
[2026-04-14 00:42:05] [SUCCESS] bvid=BV1jLD9BzENG 已成功抓取全部所需数据。
[2026-04-14 00:42:11] [SUCCESS] bvid=BV1L7D9BMEYP 已成功抓取全部所需数据。
[2026-04-14 00:42:22] [SUCCESS] bvid=BV1LnD9BKEVf 已成功抓取全部所需数据。
[2026-04-14 00:42:28] [SUCCESS] bvid=BV157D9BMEQk 已成功抓取全部所需数据。
[2026-04-14 00:42:33] [SUCCESS] bvid=BV15nD9BKELh 已成功抓取全部所需数据。
[2026-04-14 00:42:39] [SUCCESS] bvid=BV1L7D9BMEpg 已成功抓取全部所需数据。
[2026-04-14 00:42:51] [SUCCESS] bvid=BV17LD9BzEzt 已成功抓取全部所需数据。
[2026-04-14 00:42:56] [SUCCESS] bvid=BV17LD9BzE7p 已成功抓取全部所需数据。
[2026-04-14 00:43:02] [SUCCESS] bvid=BV1d7D9BMEtG 已成功抓取全部所需数据。
[2026-04-14 00:43:08] [SUCCESS] bvid=BV17LD9BzEpG 已成功抓取全部所需数据。
[2026-04-14 00:43:13] [SUCCESS] bvid=BV1pFD9BSE2D 已成功抓取全部所需数据。
[2026-04-14 00:43:25] [SUCCESS] bvid=BV1sFD9BSEiu 已成功抓取全部所需数据。
[2026-04-14 00:43:37] [SUCCESS] bvid=BV1j7D9BMEGF 已成功抓取全部所需数据。
[2026-04-14 00:43:42] [SUCCESS] bvid=BV1WFD9BSEBJ 已成功抓取全部所需数据。
[2026-04-14 00:43:48] [SUCCESS] bvid=BV177D9BMEFK 已成功抓取全部所需数据。
[2026-04-14 00:43:59] [SUCCESS] bvid=BV1WFD9BSECg 已成功抓取全部所需数据。
[2026-04-14 00:44:11] [SUCCESS] bvid=BV1xFD9BDExz 已成功抓取全部所需数据。
[2026-04-14 00:44:22] [SUCCESS] bvid=BV1sFD9BDEwj 已成功抓取全部所需数据。
[2026-04-14 00:44:27] [SUCCESS] bvid=BV1pwD9BEEZp 已成功抓取全部所需数据。
[2026-04-14 00:44:33] [SUCCESS] bvid=BV1WwD9BEEM4 已成功抓取全部所需数据。
[2026-04-14 00:44:38] [SUCCESS] bvid=BV1WFD9BSE5H 已成功抓取全部所需数据。
[2026-04-14 00:44:44] [SUCCESS] bvid=BV1yFD9BSEUK 已成功抓取全部所需数据。
[2026-04-14 00:44:49] [SUCCESS] bvid=BV1pwD9BEEYM 已成功抓取全部所需数据。
[2026-04-14 00:45:00] [SUCCESS] bvid=BV1xoDXBQETr 已成功抓取全部所需数据。
[2026-04-14 00:45:12] [SUCCESS] bvid=BV1xoDXBQEMs 已成功抓取全部所需数据。
[2026-04-14 00:45:25] [SUCCESS] bvid=BV1zTDQBTEFD 已成功抓取全部所需数据。
[2026-04-14 00:45:30] [SUCCESS] bvid=BV1EKDSBFEvY 已成功抓取全部所需数据。
[2026-04-14 00:45:41] [SUCCESS] bvid=BV1sqDQB2Euk 已成功抓取全部所需数据。
[2026-04-14 00:45:46] [SUCCESS] bvid=BV1xoDXBQEE7 已成功抓取全部所需数据。
[2026-04-14 00:45:51] [SUCCESS] bvid=BV1soDXBQEm8 已成功抓取全部所需数据。
[2026-04-14 00:45:56] [SUCCESS] bvid=BV1WwD9BEEQZ 已成功抓取全部所需数据。
[2026-04-14 00:46:01] [SUCCESS] bvid=BV1WwD9BJEMX 已成功抓取全部所需数据。
[2026-04-14 00:46:12] [SUCCESS] bvid=BV1WwD9BEEZ1 已成功抓取全部所需数据。
[2026-04-14 00:46:18] [SUCCESS] bvid=BV1sfDXBnEKG 已成功抓取全部所需数据。
[2026-04-14 00:46:24] [SUCCESS] bvid=BV1pwD9BEEBm 已成功抓取全部所需数据。
[2026-04-14 00:46:29] [SUCCESS] bvid=BV1xoDXBQER3 已成功抓取全部所需数据。
[2026-04-14 00:46:34] [SUCCESS] bvid=BV1xoDXBQEMZ 已成功抓取全部所需数据。
[2026-04-14 00:46:39] [SUCCESS] bvid=BV1xoDXBQEEE 已成功抓取全部所需数据。
[2026-04-14 00:46:44] [SUCCESS] bvid=BV1rKD9B1EbK 已成功抓取全部所需数据。
[2026-04-14 00:46:50] [SUCCESS] bvid=BV16hDCBUEX7 已成功抓取全部所需数据。
[2026-04-14 00:46:56] [SUCCESS] bvid=BV1JKD9B1EZ5 已成功抓取全部所需数据。
[2026-04-14 00:47:01] [SUCCESS] bvid=BV1pKD9B1EMb 已成功抓取全部所需数据。
[2026-04-14 00:47:07] [SUCCESS] bvid=BV1rMD9B5EVL 已成功抓取全部所需数据。
[2026-04-14 00:47:12] [SUCCESS] bvid=BV1pAD9BmEje 已成功抓取全部所需数据。
[2026-04-14 00:47:17] [SUCCESS] bvid=BV1HMD9B5E5Z 已成功抓取全部所需数据。
[2026-04-14 00:47:23] [SUCCESS] bvid=BV1WAD9BmEKa 已成功抓取全部所需数据。
[2026-04-14 00:47:28] [SUCCESS] bvid=BV1kAD9BmEty 已成功抓取全部所需数据。
[2026-04-14 00:47:33] [SUCCESS] bvid=BV1pAD9BmE6p 已成功抓取全部所需数据。
[2026-04-14 00:47:38] [SUCCESS] bvid=BV1WAD9BmE7Z 已成功抓取全部所需数据。
[2026-04-14 00:47:43] [SUCCESS] bvid=BV1NqD9BsEfz 已成功抓取全部所需数据。
[2026-04-14 00:47:49] [SUCCESS] bvid=BV1rND9BjECV 已成功抓取全部所需数据。
[2026-04-14 00:47:54] [SUCCESS] bvid=BV1KqD9BsEnj 已成功抓取全部所需数据。
[2026-04-14 00:47:59] [SUCCESS] bvid=BV1KqD9BsE4C 已成功抓取全部所需数据。
[2026-04-14 00:48:12] [SUCCESS] bvid=BV1usDQBRE7i 已成功抓取全部所需数据。
[2026-04-14 00:48:23] [SUCCESS] bvid=BV19wDXBbEMu 已成功抓取全部所需数据。
[2026-04-14 00:48:35] [SUCCESS] bvid=BV1fxDDBNEeF 已成功抓取全部所需数据。
[2026-04-14 00:48:40] [SUCCESS] bvid=BV11qD9BsEe7 已成功抓取全部所需数据。
[2026-04-14 00:48:59] [SUCCESS] bvid=BV14qD9BsE9G 已成功抓取全部所需数据。
[2026-04-14 00:49:04] [SUCCESS] bvid=BV1KBD9B9E6a 已成功抓取全部所需数据。
[2026-04-14 00:49:09] [SUCCESS] bvid=BV1KBD9B9Ezq 已成功抓取全部所需数据。
[2026-04-14 00:49:14] [SUCCESS] bvid=BV1G4D9BwEtQ 已成功抓取全部所需数据。
[2026-04-14 00:49:20] [SUCCESS] bvid=BV1wyD9BSEF6 已成功抓取全部所需数据。
[2026-04-14 00:49:20] [INFO] 当前 batch_crawl 已完成，所有视频均已成功抓取。
[2026-04-14 00:49:20] 子任务结束时间：2026-04-14T00:49:20.331402
[TIMESTAMP][END] 2026-04-14T00:49:20
