[TIMESTAMP][BEGIN] 2026-04-14T04:48:18
[2026-04-14 04:48:20] 开始执行 CSV 批量抓取子任务 part_24。
[2026-04-14 04:48:20] 子任务开始时间：2026-04-14T04:48:18.320437
[2026-04-14 04:48:20] 输入文件：batch_input_24.csv
[2026-04-14 04:48:20] 输入唯一 bvid 数量：100
[2026-04-14 04:48:20] 为严格按 CSV 顺序判断连续失败阈值，本次任务自动将并发度从 2 调整为 1。
[2026-04-14 04:48:25] [SUCCESS] bvid=BV1xTQFBuE9w 已成功抓取全部所需数据。
[2026-04-14 04:48:30] [SUCCESS] bvid=BV1tWDsBrETB 已成功抓取全部所需数据。
[2026-04-14 04:48:35] [SUCCESS] bvid=BV15UDfBnEB4 已成功抓取全部所需数据。
[2026-04-14 04:48:40] [SUCCESS] bvid=BV1HJQFBcEtj 已成功抓取全部所需数据。
[2026-04-14 04:48:45] [SUCCESS] bvid=BV1RMDfBUE1Z 已成功抓取全部所需数据。
[2026-04-14 04:48:56] [SUCCESS] bvid=BV1xyDWBMEVq 已成功抓取全部所需数据。
[2026-04-14 04:49:02] [SUCCESS] bvid=BV1TMQFBzETH 已成功抓取全部所需数据。
[2026-04-14 04:49:06] [SUCCESS] bvid=BV1mADZBPEPo 已成功抓取全部所需数据。
[2026-04-14 04:49:12] [SUCCESS] bvid=BV1GPDEBcEKV 已成功抓取全部所需数据。
[2026-04-14 04:49:17] [SUCCESS] bvid=BV1LhDxBREAn 已成功抓取全部所需数据。
[2026-04-14 04:49:22] [SUCCESS] bvid=BV1x4DLBmEmv 已成功抓取全部所需数据。
[2026-04-14 04:49:28] [SUCCESS] bvid=BV1bcDxBLEKn 已成功抓取全部所需数据。
[2026-04-14 04:49:33] [SUCCESS] bvid=BV1k5QFBeEXV 已成功抓取全部所需数据。
[2026-04-14 04:49:39] [SUCCESS] bvid=BV1dTDsBHExs 已成功抓取全部所需数据。
[2026-04-14 04:49:45] [SUCCESS] bvid=BV1EWQFBtEPU 已成功抓取全部所需数据。
[2026-04-14 04:49:50] [SUCCESS] bvid=BV1W3QFBiEeo 已成功抓取全部所需数据。
[2026-04-14 04:49:56] [SUCCESS] bvid=BV1RA9uBSEL1 已成功抓取全部所需数据。
[2026-04-14 04:50:01] [SUCCESS] bvid=BV195QcBpE7s 已成功抓取全部所需数据。
[2026-04-14 04:50:07] [SUCCESS] bvid=BV1MYDJBFEed 已成功抓取全部所需数据。
[2026-04-14 04:50:11] [SUCCESS] bvid=BV1yUDZBYEv1 已成功抓取全部所需数据。
[2026-04-14 04:50:16] [SUCCESS] bvid=BV158DZB1EuV 已成功抓取全部所需数据。
[2026-04-14 04:50:21] [SUCCESS] bvid=BV15bDZBjED9 已成功抓取全部所需数据。
[2026-04-14 04:50:27] [SUCCESS] bvid=BV1MDQwBmEKu 已成功抓取全部所需数据。
[2026-04-14 04:50:32] [SUCCESS] bvid=BV1KXQwBjEVA 已成功抓取全部所需数据。
[2026-04-14 04:50:37] [SUCCESS] bvid=BV1KXQwBjEwP 已成功抓取全部所需数据。
[2026-04-14 04:50:41] [SUCCESS] bvid=BV1TDQwBmEii 已成功抓取全部所需数据。
[2026-04-14 04:50:47] [SUCCESS] bvid=BV12XQwBjEEx 已成功抓取全部所需数据。
[2026-04-14 04:50:52] [SUCCESS] bvid=BV1TDQwBmENB 已成功抓取全部所需数据。
[2026-04-14 04:50:57] [SUCCESS] bvid=BV1TUQFB3EqM 已成功抓取全部所需数据。
[2026-04-14 04:51:01] [SUCCESS] bvid=BV166DfBoEN3 已成功抓取全部所需数据。
[2026-04-14 04:51:01] [ERROR] bvid=BV14XQwBjEHM 抓取失败：stat: 接口返回错误代码：62012，信息：62012。
{'code': 62012, 'message': '62012', 'ttl': 1} | comment: 接口返回错误代码：62012，信息：62012。
{'code': 62012, 'message': '62012', 'ttl': 1}
[2026-04-14 04:51:07] [SUCCESS] bvid=BV1TXQwBjEb6 已成功抓取全部所需数据。
[2026-04-14 04:51:18] [SUCCESS] bvid=BV1xXQwBjEiy 已成功抓取全部所需数据。
[2026-04-14 04:51:23] [SUCCESS] bvid=BV1qYQwBFENH 已成功抓取全部所需数据。
[2026-04-14 04:51:28] [SUCCESS] bvid=BV1KXQwBjEVu 已成功抓取全部所需数据。
[2026-04-14 04:51:33] [SUCCESS] bvid=BV1vqQwB4EJM 已成功抓取全部所需数据。
[2026-04-14 04:51:44] [SUCCESS] bvid=BV1VqQwB4EpC 已成功抓取全部所需数据。
[2026-04-14 04:51:49] [SUCCESS] bvid=BV1eqQwB4EPX 已成功抓取全部所需数据。
[2026-04-14 04:51:54] [SUCCESS] bvid=BV166DfBZESr 已成功抓取全部所需数据。
[2026-04-14 04:51:59] [SUCCESS] bvid=BV1vqQwB4Etx 已成功抓取全部所需数据。
[2026-04-14 04:52:03] [SUCCESS] bvid=BV1qYQwBFEu9 已成功抓取全部所需数据。
[2026-04-14 04:52:09] [SUCCESS] bvid=BV1aCQwBpEK3 已成功抓取全部所需数据。
[2026-04-14 04:52:14] [SUCCESS] bvid=BV1deQwB4E7R 已成功抓取全部所需数据。
[2026-04-14 04:52:19] [SUCCESS] bvid=BV1LeQwBbEbs 已成功抓取全部所需数据。
[2026-04-14 04:52:24] [SUCCESS] bvid=BV1uCQwBpEdg 已成功抓取全部所需数据。
[2026-04-14 04:52:29] [SUCCESS] bvid=BV1ieQwBbE45 已成功抓取全部所需数据。
[2026-04-14 04:52:40] [SUCCESS] bvid=BV1LeQwBbE72 已成功抓取全部所需数据。
[2026-04-14 04:52:45] [SUCCESS] bvid=BV1veQwBbE5d 已成功抓取全部所需数据。
[2026-04-14 04:52:49] [SUCCESS] bvid=BV1LeQwBbEFH 已成功抓取全部所需数据。
[2026-04-14 04:52:54] [SUCCESS] bvid=BV1LeQwBbE1w 已成功抓取全部所需数据。
[2026-04-14 04:53:00] [SUCCESS] bvid=BV15BQwBdE7L 已成功抓取全部所需数据。
[2026-04-14 04:53:05] [SUCCESS] bvid=BV1QCQwBpE8v 已成功抓取全部所需数据。
[2026-04-14 04:53:16] [SUCCESS] bvid=BV1YrQwB9EEX 已成功抓取全部所需数据。
[2026-04-14 04:53:21] [SUCCESS] bvid=BV1hrQwB9EBt 已成功抓取全部所需数据。
[2026-04-14 04:53:26] [SUCCESS] bvid=BV13CQwBpEm6 已成功抓取全部所需数据。
[2026-04-14 04:53:31] [SUCCESS] bvid=BV1gCQwBpE6J 已成功抓取全部所需数据。
[2026-04-14 04:53:36] [SUCCESS] bvid=BV1aCQwBpEvD 已成功抓取全部所需数据。
[2026-04-14 04:53:41] [SUCCESS] bvid=BV1WVQFBNEEq 已成功抓取全部所需数据。
[2026-04-14 04:53:53] [SUCCESS] bvid=BV1PGDqBqEQ1 已成功抓取全部所需数据。
[2026-04-14 04:53:58] [SUCCESS] bvid=BV1gzQFB7Ekg 已成功抓取全部所需数据。
[2026-04-14 04:54:03] [SUCCESS] bvid=BV1xQQFBuEE3 已成功抓取全部所需数据。
[2026-04-14 04:54:08] [SUCCESS] bvid=BV1hqQFBUE9B 已成功抓取全部所需数据。
[2026-04-14 04:54:13] [SUCCESS] bvid=BV1smDZBPEUq 已成功抓取全部所需数据。
[2026-04-14 04:54:25] [SUCCESS] bvid=BV1HjQFBAEWL 已成功抓取全部所需数据。
[2026-04-14 04:54:30] [SUCCESS] bvid=BV1Z5DYBUEWC 已成功抓取全部所需数据。
[2026-04-14 04:54:35] [SUCCESS] bvid=BV17nDZBQE2A 已成功抓取全部所需数据。
[2026-04-14 04:54:40] [SUCCESS] bvid=BV1DED4BQExz 已成功抓取全部所需数据。
[2026-04-14 04:54:52] [SUCCESS] bvid=BV19RDfB7EPw 已成功抓取全部所需数据。
[2026-04-14 04:54:57] [SUCCESS] bvid=BV1YBQwBdETE 已成功抓取全部所需数据。
[2026-04-14 04:55:07] [SUCCESS] bvid=BV1YBQwBdEeR 已成功抓取全部所需数据。
[2026-04-14 04:55:12] [SUCCESS] bvid=BV1ZMQcB4EtS 已成功抓取全部所需数据。
[2026-04-14 04:55:17] [SUCCESS] bvid=BV1gzQFB7EPu 已成功抓取全部所需数据。
[2026-04-14 04:55:22] [SUCCESS] bvid=BV1eBQwBdE7J 已成功抓取全部所需数据。
[2026-04-14 04:55:26] [SUCCESS] bvid=BV1YBQwBdEQj 已成功抓取全部所需数据。
[2026-04-14 04:55:31] [SUCCESS] bvid=BV196QwBsEgB 已成功抓取全部所需数据。
[2026-04-14 04:55:43] [SUCCESS] bvid=BV1V6QwBsEhx 已成功抓取全部所需数据。
[2026-04-14 04:55:48] [SUCCESS] bvid=BV1G6QwBsEDu 已成功抓取全部所需数据。
[2026-04-14 04:55:52] [SUCCESS] bvid=BV1V6QwBsEjn 已成功抓取全部所需数据。
[2026-04-14 04:55:57] [SUCCESS] bvid=BV1Y6QwBsEb8 已成功抓取全部所需数据。
[2026-04-14 04:56:02] [SUCCESS] bvid=BV15XDfBSEsF 已成功抓取全部所需数据。
[2026-04-14 04:56:06] [SUCCESS] bvid=BV1qnXfBtEg1 已成功抓取全部所需数据。
[2026-04-14 04:56:11] [SUCCESS] bvid=BV1hZDfBLE3p 已成功抓取全部所需数据。
[2026-04-14 04:56:16] [SUCCESS] bvid=BV1nnQFB8E9b 已成功抓取全部所需数据。
[2026-04-14 04:56:21] [SUCCESS] bvid=BV1vxDWBnE88 已成功抓取全部所需数据。
[2026-04-14 04:56:25] [SUCCESS] bvid=BV1uHD4BDEaG 已成功抓取全部所需数据。
[2026-04-14 04:56:31] [SUCCESS] bvid=BV1BkDfBxEbr 已成功抓取全部所需数据。
[2026-04-14 04:56:43] [SUCCESS] bvid=BV1G6QwBsEBZ 已成功抓取全部所需数据。
[2026-04-14 04:56:47] [SUCCESS] bvid=BV1G6QwBsEqE 已成功抓取全部所需数据。
[2026-04-14 04:56:52] [SUCCESS] bvid=BV1QZDfBLEqM 已成功抓取全部所需数据。
[2026-04-14 04:56:56] [SUCCESS] bvid=BV1hdDfB2EmQ 已成功抓取全部所需数据。
[2026-04-14 04:57:01] [SUCCESS] bvid=BV1GdDfBmEW1 已成功抓取全部所需数据。
[2026-04-14 04:57:06] [SUCCESS] bvid=BV1SZDfBLER9 已成功抓取全部所需数据。
[2026-04-14 04:57:11] [SUCCESS] bvid=BV1QZDfBLEUN 已成功抓取全部所需数据。
[2026-04-14 04:57:15] [SUCCESS] bvid=BV1adDfB2EkN 已成功抓取全部所需数据。
[2026-04-14 04:57:20] [SUCCESS] bvid=BV19XDfBUESW 已成功抓取全部所需数据。
[2026-04-14 04:57:25] [SUCCESS] bvid=BV1vQDfBJEx5 已成功抓取全部所需数据。
[2026-04-14 04:57:30] [SUCCESS] bvid=BV1adDfB2Eoa 已成功抓取全部所需数据。
[2026-04-14 04:57:34] [SUCCESS] bvid=BV1YRDfB7Eyq 已成功抓取全部所需数据。
[2026-04-14 04:57:39] [SUCCESS] bvid=BV1DZDfBLE49 已成功抓取全部所需数据。
[2026-04-14 04:57:44] [SUCCESS] bvid=BV1YdDfB2Esq 已成功抓取全部所需数据。
[2026-04-14 04:57:44] [WARN] 当前子任务已结束，但仍有未成功抓取的视频，已导出 remaining CSV 供继续执行。
[2026-04-14 04:57:44] [INFO] 已导出剔除成功条目后的剩余 CSV：D:\Schoolworks\Thesis\Bilibili-Datahub\outputs\video_data\manual_crawls\manual_crawl_stat_comment_20260413_211529\remaining_bvids_part_24.csv
[2026-04-14 04:57:44] 子任务结束时间：2026-04-14T04:57:44.113562
[TIMESTAMP][END] 2026-04-14T04:57:44
