[TIMESTAMP][BEGIN] 2026-04-07T22:32:10.920614
Bilibili Video Data Crawler Batch Crawl Summary
session_dir: D:\Schoolworks\Thesis\Bilibili-Datahub\outputs\video_data\manual_crawls\manual_crawl_stat_comment_20260407_223150
session_started_at: 2026-04-07T22:32:10.920614
session_completed_at: 2026-04-08T05:02:16.030407
original_csv_name: batch_input_1.csv
task_mode: realtime_only
original_bvid_count: 100
part_count: 27
interruption_count: 0
completed_all: True

part_1:
  started_at: 2026-04-07T22:32:10.920614
  finished_at: 2026-04-07T22:41:25.264904
  source_csv_name: batch_input_1.csv
  task_mode: realtime_only
  input_bvid_count: 100
  processed_count: 100
  success_count: 100
  failed_count: 0
  remaining_count: 0
  consecutive_failure_limit: 10
  stopped_due_to_consecutive_failures: False
  stop_reason: 当前 batch_crawl 已完成，所有视频均已成功抓取。
  log_file: logs/batch_crawl_part_1_20260407_224125.log
  remaining_file: 

part_2:
  started_at: 2026-04-07T22:41:25.650250
  finished_at: 2026-04-07T23:00:50.388817
  source_csv_name: batch_input_2.csv
  task_mode: realtime_only
  input_bvid_count: 100
  processed_count: 100
  success_count: 99
  failed_count: 1
  remaining_count: 1
  consecutive_failure_limit: 10
  stopped_due_to_consecutive_failures: False
  stop_reason: 当前子任务已结束，但仍有未成功抓取的视频，已导出 remaining CSV 供继续执行。
  log_file: logs/batch_crawl_part_2_20260407_230050.log
  remaining_file: remaining_bvids_part_2.csv

part_3:
  started_at: 2026-04-07T23:00:50.622482
  finished_at: 2026-04-07T23:20:51.212684
  source_csv_name: batch_input_3.csv
  task_mode: realtime_only
  input_bvid_count: 100
  processed_count: 100
  success_count: 100
  failed_count: 0
  remaining_count: 0
  consecutive_failure_limit: 10
  stopped_due_to_consecutive_failures: False
  stop_reason: 当前 batch_crawl 已完成，所有视频均已成功抓取。
  log_file: logs/batch_crawl_part_3_20260407_232051.log
  remaining_file: 

part_4:
  started_at: 2026-04-07T23:20:51.386364
  finished_at: 2026-04-07T23:30:24.622660
  source_csv_name: batch_input_4.csv
  task_mode: realtime_only
  input_bvid_count: 100
  processed_count: 100
  success_count: 100
  failed_count: 0
  remaining_count: 0
  consecutive_failure_limit: 10
  stopped_due_to_consecutive_failures: False
  stop_reason: 当前 batch_crawl 已完成，所有视频均已成功抓取。
  log_file: logs/batch_crawl_part_4_20260407_233024.log
  remaining_file: 

part_5:
  started_at: 2026-04-07T23:30:24.740812
  finished_at: 2026-04-07T23:42:00.975043
  source_csv_name: batch_input_5.csv
  task_mode: realtime_only
  input_bvid_count: 100
  processed_count: 100
  success_count: 100
  failed_count: 0
  remaining_count: 0
  consecutive_failure_limit: 10
  stopped_due_to_consecutive_failures: False
  stop_reason: 当前 batch_crawl 已完成，所有视频均已成功抓取。
  log_file: logs/batch_crawl_part_5_20260407_234200.log
  remaining_file: 

part_6:
  started_at: 2026-04-07T23:42:01.164021
  finished_at: 2026-04-08T00:22:07.713098
  source_csv_name: batch_input_6.csv
  task_mode: realtime_only
  input_bvid_count: 100
  processed_count: 100
  success_count: 100
  failed_count: 0
  remaining_count: 0
  consecutive_failure_limit: 10
  stopped_due_to_consecutive_failures: False
  stop_reason: 当前 batch_crawl 已完成，所有视频均已成功抓取。
  log_file: logs/batch_crawl_part_6_20260408_002207.log
  remaining_file: 

part_7:
  started_at: 2026-04-08T00:22:07.904684
  finished_at: 2026-04-08T00:31:37.567296
  source_csv_name: batch_input_7.csv
  task_mode: realtime_only
  input_bvid_count: 100
  processed_count: 100
  success_count: 98
  failed_count: 2
  remaining_count: 2
  consecutive_failure_limit: 10
  stopped_due_to_consecutive_failures: False
  stop_reason: 当前子任务已结束，但仍有未成功抓取的视频，已导出 remaining CSV 供继续执行。
  log_file: logs/batch_crawl_part_7_20260408_003137.log
  remaining_file: remaining_bvids_part_7.csv

part_8:
  started_at: 2026-04-08T00:31:37.677315
  finished_at: 2026-04-08T00:40:49.082236
  source_csv_name: batch_input_8.csv
  task_mode: realtime_only
  input_bvid_count: 100
  processed_count: 100
  success_count: 100
  failed_count: 0
  remaining_count: 0
  consecutive_failure_limit: 10
  stopped_due_to_consecutive_failures: False
  stop_reason: 当前 batch_crawl 已完成，所有视频均已成功抓取。
  log_file: logs/batch_crawl_part_8_20260408_004049.log
  remaining_file: 

part_9:
  started_at: 2026-04-08T00:40:49.232547
  finished_at: 2026-04-08T00:49:27.224234
  source_csv_name: batch_input_9.csv
  task_mode: realtime_only
  input_bvid_count: 100
  processed_count: 100
  success_count: 95
  failed_count: 5
  remaining_count: 5
  consecutive_failure_limit: 10
  stopped_due_to_consecutive_failures: False
  stop_reason: 当前子任务已结束，但仍有未成功抓取的视频，已导出 remaining CSV 供继续执行。
  log_file: logs/batch_crawl_part_9_20260408_004927.log
  remaining_file: remaining_bvids_part_9.csv

part_10:
  started_at: 2026-04-08T00:49:27.338728
  finished_at: 2026-04-08T00:58:15.253559
  source_csv_name: batch_input_10.csv
  task_mode: realtime_only
  input_bvid_count: 100
  processed_count: 100
  success_count: 100
  failed_count: 0
  remaining_count: 0
  consecutive_failure_limit: 10
  stopped_due_to_consecutive_failures: False
  stop_reason: 当前 batch_crawl 已完成，所有视频均已成功抓取。
  log_file: logs/batch_crawl_part_10_20260408_005815.log
  remaining_file: 

part_11:
  started_at: 2026-04-08T00:58:15.380564
  finished_at: 2026-04-08T01:37:09.758329
  source_csv_name: batch_input_11.csv
  task_mode: realtime_only
  input_bvid_count: 100
  processed_count: 100
  success_count: 97
  failed_count: 3
  remaining_count: 3
  consecutive_failure_limit: 10
  stopped_due_to_consecutive_failures: False
  stop_reason: 当前子任务已结束，但仍有未成功抓取的视频，已导出 remaining CSV 供继续执行。
  log_file: logs/batch_crawl_part_11_20260408_013709.log
  remaining_file: remaining_bvids_part_11.csv

part_12:
  started_at: 2026-04-08T01:37:09.968540
  finished_at: 2026-04-08T01:46:07.676602
  source_csv_name: batch_input_12.csv
  task_mode: realtime_only
  input_bvid_count: 100
  processed_count: 100
  success_count: 100
  failed_count: 0
  remaining_count: 0
  consecutive_failure_limit: 10
  stopped_due_to_consecutive_failures: False
  stop_reason: 当前 batch_crawl 已完成，所有视频均已成功抓取。
  log_file: logs/batch_crawl_part_12_20260408_014607.log
  remaining_file: 

part_13:
  started_at: 2026-04-08T01:46:07.796689
  finished_at: 2026-04-08T02:05:03.359756
  source_csv_name: batch_input_13.csv
  task_mode: realtime_only
  input_bvid_count: 100
  processed_count: 100
  success_count: 100
  failed_count: 0
  remaining_count: 0
  consecutive_failure_limit: 10
  stopped_due_to_consecutive_failures: False
  stop_reason: 当前 batch_crawl 已完成，所有视频均已成功抓取。
  log_file: logs/batch_crawl_part_13_20260408_020503.log
  remaining_file: 

part_14:
  started_at: 2026-04-08T02:05:03.523370
  finished_at: 2026-04-08T02:23:47.468202
  source_csv_name: batch_input_14.csv
  task_mode: realtime_only
  input_bvid_count: 100
  processed_count: 100
  success_count: 100
  failed_count: 0
  remaining_count: 0
  consecutive_failure_limit: 10
  stopped_due_to_consecutive_failures: False
  stop_reason: 当前 batch_crawl 已完成，所有视频均已成功抓取。
  log_file: logs/batch_crawl_part_14_20260408_022347.log
  remaining_file: 

part_15:
  started_at: 2026-04-08T02:23:47.642428
  finished_at: 2026-04-08T02:32:22.647845
  source_csv_name: batch_input_15.csv
  task_mode: realtime_only
  input_bvid_count: 100
  processed_count: 100
  success_count: 98
  failed_count: 2
  remaining_count: 2
  consecutive_failure_limit: 10
  stopped_due_to_consecutive_failures: False
  stop_reason: 当前子任务已结束，但仍有未成功抓取的视频，已导出 remaining CSV 供继续执行。
  log_file: logs/batch_crawl_part_15_20260408_023222.log
  remaining_file: remaining_bvids_part_15.csv

part_16:
  started_at: 2026-04-08T02:32:22.764649
  finished_at: 2026-04-08T02:51:10.565701
  source_csv_name: batch_input_16.csv
  task_mode: realtime_only
  input_bvid_count: 100
  processed_count: 100
  success_count: 99
  failed_count: 1
  remaining_count: 1
  consecutive_failure_limit: 10
  stopped_due_to_consecutive_failures: False
  stop_reason: 当前子任务已结束，但仍有未成功抓取的视频，已导出 remaining CSV 供继续执行。
  log_file: logs/batch_crawl_part_16_20260408_025110.log
  remaining_file: remaining_bvids_part_16.csv

part_17:
  started_at: 2026-04-08T02:51:10.749594
  finished_at: 2026-04-08T02:59:48.667234
  source_csv_name: batch_input_17.csv
  task_mode: realtime_only
  input_bvid_count: 100
  processed_count: 100
  success_count: 99
  failed_count: 1
  remaining_count: 1
  consecutive_failure_limit: 10
  stopped_due_to_consecutive_failures: False
  stop_reason: 当前子任务已结束，但仍有未成功抓取的视频，已导出 remaining CSV 供继续执行。
  log_file: logs/batch_crawl_part_17_20260408_025948.log
  remaining_file: remaining_bvids_part_17.csv

part_18:
  started_at: 2026-04-08T02:59:48.836953
  finished_at: 2026-04-08T03:18:18.067850
  source_csv_name: batch_input_18.csv
  task_mode: realtime_only
  input_bvid_count: 100
  processed_count: 100
  success_count: 97
  failed_count: 3
  remaining_count: 3
  consecutive_failure_limit: 10
  stopped_due_to_consecutive_failures: False
  stop_reason: 当前子任务已结束，但仍有未成功抓取的视频，已导出 remaining CSV 供继续执行。
  log_file: logs/batch_crawl_part_18_20260408_031818.log
  remaining_file: remaining_bvids_part_18.csv

part_19:
  started_at: 2026-04-08T03:18:18.242237
  finished_at: 2026-04-08T03:27:43.123028
  source_csv_name: batch_input_19.csv
  task_mode: realtime_only
  input_bvid_count: 100
  processed_count: 100
  success_count: 100
  failed_count: 0
  remaining_count: 0
  consecutive_failure_limit: 10
  stopped_due_to_consecutive_failures: False
  stop_reason: 当前 batch_crawl 已完成，所有视频均已成功抓取。
  log_file: logs/batch_crawl_part_19_20260408_032743.log
  remaining_file: 

part_20:
  started_at: 2026-04-08T03:27:43.278831
  finished_at: 2026-04-08T03:36:39.415473
  source_csv_name: batch_input_20.csv
  task_mode: realtime_only
  input_bvid_count: 100
  processed_count: 100
  success_count: 99
  failed_count: 1
  remaining_count: 1
  consecutive_failure_limit: 10
  stopped_due_to_consecutive_failures: False
  stop_reason: 当前子任务已结束，但仍有未成功抓取的视频，已导出 remaining CSV 供继续执行。
  log_file: logs/batch_crawl_part_20_20260408_033639.log
  remaining_file: remaining_bvids_part_20.csv

part_21:
  started_at: 2026-04-08T03:36:39.577821
  finished_at: 2026-04-08T03:45:51.028501
  source_csv_name: batch_input_21.csv
  task_mode: realtime_only
  input_bvid_count: 100
  processed_count: 100
  success_count: 100
  failed_count: 0
  remaining_count: 0
  consecutive_failure_limit: 10
  stopped_due_to_consecutive_failures: False
  stop_reason: 当前 batch_crawl 已完成，所有视频均已成功抓取。
  log_file: logs/batch_crawl_part_21_20260408_034551.log
  remaining_file: 

part_22:
  started_at: 2026-04-08T03:45:51.144303
  finished_at: 2026-04-08T03:56:07.420318
  source_csv_name: batch_input_22.csv
  task_mode: realtime_only
  input_bvid_count: 100
  processed_count: 100
  success_count: 98
  failed_count: 2
  remaining_count: 2
  consecutive_failure_limit: 10
  stopped_due_to_consecutive_failures: False
  stop_reason: 当前子任务已结束，但仍有未成功抓取的视频，已导出 remaining CSV 供继续执行。
  log_file: logs/batch_crawl_part_22_20260408_035607.log
  remaining_file: remaining_bvids_part_22.csv

part_23:
  started_at: 2026-04-08T03:56:07.590575
  finished_at: 2026-04-08T04:04:31.622599
  source_csv_name: batch_input_23.csv
  task_mode: realtime_only
  input_bvid_count: 100
  processed_count: 100
  success_count: 98
  failed_count: 2
  remaining_count: 2
  consecutive_failure_limit: 10
  stopped_due_to_consecutive_failures: False
  stop_reason: 当前子任务已结束，但仍有未成功抓取的视频，已导出 remaining CSV 供继续执行。
  log_file: logs/batch_crawl_part_23_20260408_040431.log
  remaining_file: remaining_bvids_part_23.csv

part_24:
  started_at: 2026-04-08T04:04:31.774933
  finished_at: 2026-04-08T04:23:22.613514
  source_csv_name: batch_input_24.csv
  task_mode: realtime_only
  input_bvid_count: 100
  processed_count: 100
  success_count: 95
  failed_count: 5
  remaining_count: 5
  consecutive_failure_limit: 10
  stopped_due_to_consecutive_failures: False
  stop_reason: 当前子任务已结束，但仍有未成功抓取的视频，已导出 remaining CSV 供继续执行。
  log_file: logs/batch_crawl_part_24_20260408_042322.log
  remaining_file: remaining_bvids_part_24.csv

part_25:
  started_at: 2026-04-08T04:23:22.804300
  finished_at: 2026-04-08T04:31:38.714427
  source_csv_name: batch_input_25.csv
  task_mode: realtime_only
  input_bvid_count: 100
  processed_count: 100
  success_count: 97
  failed_count: 3
  remaining_count: 3
  consecutive_failure_limit: 10
  stopped_due_to_consecutive_failures: False
  stop_reason: 当前子任务已结束，但仍有未成功抓取的视频，已导出 remaining CSV 供继续执行。
  log_file: logs/batch_crawl_part_25_20260408_043138.log
  remaining_file: remaining_bvids_part_25.csv

part_26:
  started_at: 2026-04-08T04:31:38.840535
  finished_at: 2026-04-08T04:49:58.532367
  source_csv_name: batch_input_26.csv
  task_mode: realtime_only
  input_bvid_count: 100
  processed_count: 100
  success_count: 98
  failed_count: 2
  remaining_count: 2
  consecutive_failure_limit: 10
  stopped_due_to_consecutive_failures: False
  stop_reason: 当前子任务已结束，但仍有未成功抓取的视频，已导出 remaining CSV 供继续执行。
  log_file: logs/batch_crawl_part_26_20260408_044958.log
  remaining_file: remaining_bvids_part_26.csv

part_27:
  started_at: 2026-04-08T04:49:58.954867
  finished_at: 2026-04-08T05:02:16.030407
  source_csv_name: batch_input_27.csv
  task_mode: realtime_only
  input_bvid_count: 100
  processed_count: 100
  success_count: 100
  failed_count: 0
  remaining_count: 0
  consecutive_failure_limit: 10
  stopped_due_to_consecutive_failures: False
  stop_reason: 当前 batch_crawl 已完成，所有视频均已成功抓取。
  log_file: logs/batch_crawl_part_27_20260408_050216.log
  remaining_file:
[TIMESTAMP][END] 2026-04-08T05:02:16
