[TIMESTAMP][BEGIN] 2026-04-09T16:14:39
[2026-04-09 16:14:41] 开始执行 CSV 批量抓取子任务 part_8。
[2026-04-09 16:14:41] 子任务开始时间：2026-04-09T16:14:39.455055
[2026-04-09 16:14:41] 输入文件：batch_input_7.csv
[2026-04-09 16:14:41] 输入唯一 bvid 数量：100
[2026-04-09 16:14:41] 为严格按 CSV 顺序判断连续失败阈值，本次任务自动将并发度从 4 调整为 1。
[2026-04-09 16:14:49] [SUCCESS] bvid=BV12zXVBmEsH 已成功抓取全部所需数据。
[2026-04-09 16:14:55] [SUCCESS] bvid=BV12zXVBmExA 已成功抓取全部所需数据。
[2026-04-09 16:15:08] [SUCCESS] bvid=BV12zXmB1ERk 已成功抓取全部所需数据。
[2026-04-09 16:15:13] [SUCCESS] bvid=BV1319jBNELD 已成功抓取全部所需数据。
[2026-04-09 16:15:19] [SUCCESS] bvid=BV131SZBrELC 已成功抓取全部所需数据。
[2026-04-09 16:15:28] [SUCCESS] bvid=BV131SZBrEjT 已成功抓取全部所需数据。
[2026-04-09 16:15:34] [SUCCESS] bvid=BV131XdByECh 已成功抓取全部所需数据。
[2026-04-09 16:15:41] [SUCCESS] bvid=BV1329jBeEqs 已成功抓取全部所需数据。
[2026-04-09 16:15:52] [SUCCESS] bvid=BV132DuB6Ezt 已成功抓取全部所需数据。
[2026-04-09 16:15:58] [SUCCESS] bvid=BV1339uBLESQ 已成功抓取全部所需数据。
[2026-04-09 16:16:01] [ERROR] bvid=BV133XZB1EHu 抓取失败：media: No downloadable media stream found for this bvid.
[2026-04-09 16:16:04] [ERROR] bvid=BV133XZB1EvW 抓取失败：media: No downloadable media stream found for this bvid.
[2026-04-09 16:16:09] [SUCCESS] bvid=BV133XvB7E5G 已成功抓取全部所需数据。
[2026-04-09 16:16:17] [SUCCESS] bvid=BV1349KBqEMB 已成功抓取全部所需数据。
[2026-04-09 16:16:23] [SUCCESS] bvid=BV1349KBqEYy 已成功抓取全部所需数据。
[2026-04-09 16:16:29] [SUCCESS] bvid=BV134SfBCE64 已成功抓取全部所需数据。
[2026-04-09 16:16:37] [SUCCESS] bvid=BV134XCBuEo3 已成功抓取全部所需数据。
[2026-04-09 16:16:46] [SUCCESS] bvid=BV134XaBzEwq 已成功抓取全部所需数据。
[2026-04-09 16:16:54] [SUCCESS] bvid=BV134XeB7Eat 已成功抓取全部所需数据。
[2026-04-09 16:17:09] [SUCCESS] bvid=BV1359FBHEka 已成功抓取全部所需数据。
[2026-04-09 16:17:17] [SUCCESS] bvid=BV1359FBHErJ 已成功抓取全部所需数据。
[2026-04-09 16:17:25] [SUCCESS] bvid=BV1359uBVEKU 已成功抓取全部所需数据。
[2026-04-09 16:17:33] [SUCCESS] bvid=BV135DiB7EsW 已成功抓取全部所需数据。
[2026-04-09 16:17:41] [SUCCESS] bvid=BV135X5BREMC 已成功抓取全部所需数据。
[2026-04-09 16:17:52] [SUCCESS] bvid=BV135XjBYEHB 已成功抓取全部所需数据。
[2026-04-09 16:17:55] [ERROR] bvid=BV135XjBYEUe 抓取失败：media: 接口返回错误代码：62002，信息：稿件不可见。
{'code': 62002, 'message': '稿件不可见', 'ttl': 1}
[2026-04-09 16:18:03] [SUCCESS] bvid=BV135XjBhEZU 已成功抓取全部所需数据。
[2026-04-09 16:18:15] [SUCCESS] bvid=BV135XxBWEjB 已成功抓取全部所需数据。
[2026-04-09 16:18:26] [SUCCESS] bvid=BV1369WBQEbk 已成功抓取全部所需数据。
[2026-04-09 16:18:31] [SUCCESS] bvid=BV136S9BbEpz 已成功抓取全部所需数据。
[2026-04-09 16:18:39] [SUCCESS] bvid=BV136XMBkE2t 已成功抓取全部所需数据。
[2026-04-09 16:18:44] [SUCCESS] bvid=BV136XMBkE6A 已成功抓取全部所需数据。
[2026-04-09 16:18:49] [SUCCESS] bvid=BV136XMBkEWr 已成功抓取全部所需数据。
[2026-04-09 16:19:00] [SUCCESS] bvid=BV136XMBkEh6 已成功抓取全部所需数据。
[2026-04-09 16:19:05] [SUCCESS] bvid=BV1379FBJEFZ 已成功抓取全部所需数据。
[2026-04-09 16:19:12] [SUCCESS] bvid=BV137XjBhErC 已成功抓取全部所需数据。
[2026-04-09 16:19:27] [SUCCESS] bvid=BV1389MBVEGB 已成功抓取全部所需数据。
[2026-04-09 16:19:37] [SUCCESS] bvid=BV1389MBVEhH 已成功抓取全部所需数据。
[2026-04-09 16:19:44] [SUCCESS] bvid=BV138P6zfEy8 已成功抓取全部所需数据。
[2026-04-09 16:19:56] [SUCCESS] bvid=BV138SfBrELb 已成功抓取全部所需数据。
[2026-04-09 16:20:02] [SUCCESS] bvid=BV138XVBRE7P 已成功抓取全部所需数据。
[2026-04-09 16:20:10] [SUCCESS] bvid=BV138XeBLEjg 已成功抓取全部所需数据。
[2026-04-09 16:20:17] [SUCCESS] bvid=BV139XABbE1J 已成功抓取全部所需数据。
[2026-04-09 16:20:32] [SUCCESS] bvid=BV13A9NBNExw 已成功抓取全部所需数据。
[2026-04-09 16:20:50] [SUCCESS] bvid=BV13ADTBwEXS 已成功抓取全部所需数据。
[2026-04-09 16:20:55] [SUCCESS] bvid=BV13ADTBwEoq 已成功抓取全部所需数据。
[2026-04-09 16:21:03] [SUCCESS] bvid=BV13ADzBHEgm 已成功抓取全部所需数据。
[2026-04-09 16:21:13] [SUCCESS] bvid=BV13BXKBKE9V 已成功抓取全部所需数据。
[2026-04-09 16:21:21] [SUCCESS] bvid=BV13BXKBKEZD 已成功抓取全部所需数据。
[2026-04-09 16:21:30] [SUCCESS] bvid=BV13BXKBKEf4 已成功抓取全部所需数据。
[2026-04-09 16:21:41] [SUCCESS] bvid=BV13BXKBKEfS 已成功抓取全部所需数据。
[2026-04-09 16:21:50] [SUCCESS] bvid=BV13BXKBKEfe 已成功抓取全部所需数据。
[2026-04-09 16:21:56] [SUCCESS] bvid=BV13BXKBKEft 已成功抓取全部所需数据。
[2026-04-09 16:22:15] [SUCCESS] bvid=BV13BXKBKEgj 已成功抓取全部所需数据。
[2026-04-09 16:22:22] [SUCCESS] bvid=BV13BXKBKEo3 已成功抓取全部所需数据。
[2026-04-09 16:22:28] [SUCCESS] bvid=BV13BXKBKEuE 已成功抓取全部所需数据。
[2026-04-09 16:22:35] [SUCCESS] bvid=BV13BXKBKEy5 已成功抓取全部所需数据。
[2026-04-09 16:22:41] [SUCCESS] bvid=BV13BXbBvErr 已成功抓取全部所需数据。
[2026-04-09 16:22:47] [SUCCESS] bvid=BV13C9jBiE6F 已成功抓取全部所需数据。
[2026-04-09 16:22:56] [SUCCESS] bvid=BV13C9jBiEkz 已成功抓取全部所需数据。
[2026-04-09 16:23:04] [SUCCESS] bvid=BV13CSdBKEmg 已成功抓取全部所需数据。
[2026-04-09 16:23:13] [SUCCESS] bvid=BV13CSdBNEUV 已成功抓取全部所需数据。
[2026-04-09 16:23:20] [SUCCESS] bvid=BV13CSdBNEdY 已成功抓取全部所需数据。
[2026-04-09 16:23:29] [SUCCESS] bvid=BV13CXMB6EjD 已成功抓取全部所需数据。
[2026-04-09 16:23:39] [SUCCESS] bvid=BV13CXMB6En4 已成功抓取全部所需数据。
[2026-04-09 16:23:46] [SUCCESS] bvid=BV13CXgBEE2o 已成功抓取全部所需数据。
[2026-04-09 16:23:52] [SUCCESS] bvid=BV13CXgBEEQ5 已成功抓取全部所需数据。
[2026-04-09 16:23:57] [SUCCESS] bvid=BV13CXgBEEUn 已成功抓取全部所需数据。
[2026-04-09 16:24:10] [SUCCESS] bvid=BV13CXgBEEhK 已成功抓取全部所需数据。
[2026-04-09 16:24:18] [SUCCESS] bvid=BV13CXgBEEmc 已成功抓取全部所需数据。
[2026-04-09 16:24:24] [SUCCESS] bvid=BV13DDaBKEhQ 已成功抓取全部所需数据。
[2026-04-09 16:24:31] [SUCCESS] bvid=BV13DX5BFE9e 已成功抓取全部所需数据。
[2026-04-09 16:24:42] [SUCCESS] bvid=BV13DXGBHE2w 已成功抓取全部所需数据。
[2026-04-09 16:24:48] [SUCCESS] bvid=BV13DXGBHEQr 已成功抓取全部所需数据。
[2026-04-09 16:24:55] [SUCCESS] bvid=BV13DXGBHEpy 已成功抓取全部所需数据。
[2026-04-09 16:25:01] [SUCCESS] bvid=BV13DXGBHEv5 已成功抓取全部所需数据。
[2026-04-09 16:25:07] [SUCCESS] bvid=BV13DXGBHExN 已成功抓取全部所需数据。
[2026-04-09 16:25:10] [ERROR] bvid=BV13DXGBHEy6 抓取失败：media: 接口返回错误代码：62002，信息：稿件不可见。
{'code': 62002, 'message': '稿件不可见', 'ttl': 1}
[2026-04-09 16:25:17] [SUCCESS] bvid=BV13E9wB4Ea3 已成功抓取全部所需数据。
[2026-04-09 16:25:24] [SUCCESS] bvid=BV13EXNBcEW5 已成功抓取全部所需数据。
[2026-04-09 16:25:33] [SUCCESS] bvid=BV13G9uByEhq 已成功抓取全部所需数据。
[2026-04-09 16:25:41] [SUCCESS] bvid=BV13J9wBdExC 已成功抓取全部所需数据。
[2026-04-09 16:25:47] [SUCCESS] bvid=BV13KXGBpErV 已成功抓取全部所需数据。
[2026-04-09 16:25:53] [SUCCESS] bvid=BV13L9FBDEav 已成功抓取全部所需数据。
[2026-04-09 16:25:58] [SUCCESS] bvid=BV13LXNBAExg 已成功抓取全部所需数据。
[2026-04-09 16:26:06] [SUCCESS] bvid=BV13LXzBcEkU 已成功抓取全部所需数据。
[2026-04-09 16:26:19] [SUCCESS] bvid=BV13NSdBwEG7 已成功抓取全部所需数据。
[2026-04-09 16:26:26] [SUCCESS] bvid=BV13NXYBCEjB 已成功抓取全部所需数据。
[2026-04-09 16:26:33] [SUCCESS] bvid=BV13PDrBbEQr 已成功抓取全部所需数据。
[2026-04-09 16:26:43] [SUCCESS] bvid=BV13PXYB5EZH 已成功抓取全部所需数据。
[2026-04-09 16:26:50] [SUCCESS] bvid=BV13QAgzuE5X 已成功抓取全部所需数据。
[2026-04-09 16:26:59] [SUCCESS] bvid=BV13QDeBVE16 已成功抓取全部所需数据。
[2026-04-09 16:27:05] [SUCCESS] bvid=BV13QDeBVEU3 已成功抓取全部所需数据。
[2026-04-09 16:27:12] [SUCCESS] bvid=BV13QDeBVEq5 已成功抓取全部所需数据。
[2026-04-09 16:27:15] [ERROR] bvid=BV13QX5BbEEM 抓取失败：media: 接口返回错误代码：62002，信息：稿件不可见。
{'code': 62002, 'message': '稿件不可见', 'ttl': 1}
[2026-04-09 16:27:20] [SUCCESS] bvid=BV13QX5BbEM2 已成功抓取全部所需数据。
[2026-04-09 16:27:25] [SUCCESS] bvid=BV13QX5BbEQq 已成功抓取全部所需数据。
[2026-04-09 16:27:44] [SUCCESS] bvid=BV13QX5BbEg7 已成功抓取全部所需数据。
[2026-04-09 16:27:50] [SUCCESS] bvid=BV13QX5BbEp9 已成功抓取全部所需数据。
[2026-04-09 16:28:01] [SUCCESS] bvid=BV13QX5BbEqi 已成功抓取全部所需数据。
[2026-04-09 16:28:01] [WARN] 当前子任务已结束，但仍有未成功抓取的视频，已导出 remaining CSV 供继续执行。
[2026-04-09 16:28:01] [INFO] 已导出剔除成功条目后的剩余 CSV：outputs\video_data\manual_crawls\manual_crawl_media_mode_A_20260409_135559\remaining_bvids_part_8.csv
[2026-04-09 16:28:01] 子任务结束时间：2026-04-09T16:28:01.636450
[TIMESTAMP][END] 2026-04-09T16:28:01
