[TIMESTAMP][BEGIN] 2026-04-09T17:45:04
[2026-04-09 17:45:06] 开始执行 CSV 批量抓取子任务 part_13。
[2026-04-09 17:45:06] 子任务开始时间：2026-04-09T17:45:04.221686
[2026-04-09 17:45:06] 输入文件：batch_input_12.csv
[2026-04-09 17:45:06] 输入唯一 bvid 数量：100
[2026-04-09 17:45:06] 为严格按 CSV 顺序判断连续失败阈值，本次任务自动将并发度从 4 调整为 1。
[2026-04-09 17:46:14] [SUCCESS] bvid=BV14bX8B8EN5 已成功抓取全部所需数据。
[2026-04-09 17:46:19] [SUCCESS] bvid=BV14cSSBzE79 已成功抓取全部所需数据。
[2026-04-09 17:46:25] [SUCCESS] bvid=BV14cXLBpE2C 已成功抓取全部所需数据。
[2026-04-09 17:46:31] [SUCCESS] bvid=BV14cXPB9EJZ 已成功抓取全部所需数据。
[2026-04-09 17:46:41] [SUCCESS] bvid=BV14cXPBXE5p 已成功抓取全部所需数据。
[2026-04-09 17:46:50] [SUCCESS] bvid=BV14cXPBXEcL 已成功抓取全部所需数据。
[2026-04-09 17:47:03] [SUCCESS] bvid=BV14cXPBXEf2 已成功抓取全部所需数据。
[2026-04-09 17:47:20] [SUCCESS] bvid=BV14cXVByEpN 已成功抓取全部所需数据。
[2026-04-09 17:47:26] [SUCCESS] bvid=BV14d9jBtEBu 已成功抓取全部所需数据。
[2026-04-09 17:47:36] [SUCCESS] bvid=BV14eDMBfEEc 已成功抓取全部所需数据。
[2026-04-09 17:47:43] [SUCCESS] bvid=BV14f9TBeEBu 已成功抓取全部所需数据。
[2026-04-09 17:47:50] [SUCCESS] bvid=BV14f9TBeEEP 已成功抓取全部所需数据。
[2026-04-09 17:47:55] [SUCCESS] bvid=BV14f9TBeEiV 已成功抓取全部所需数据。
[2026-04-09 17:48:01] [SUCCESS] bvid=BV14fDuBaEcn 已成功抓取全部所需数据。
[2026-04-09 17:48:06] [SUCCESS] bvid=BV14fXyBKEvK 已成功抓取全部所需数据。
[2026-04-09 17:48:18] [SUCCESS] bvid=BV14gX6BpEch 已成功抓取全部所需数据。
[2026-04-09 17:48:25] [SUCCESS] bvid=BV14gXMBAEm4 已成功抓取全部所需数据。
[2026-04-09 17:48:32] [SUCCESS] bvid=BV14gXkBcEUP 已成功抓取全部所需数据。
[2026-04-09 17:48:37] [SUCCESS] bvid=BV14gXkBcEqo 已成功抓取全部所需数据。
[2026-04-09 17:48:50] [SUCCESS] bvid=BV14iDMBtEuc 已成功抓取全部所需数据。
[2026-04-09 17:48:59] [SUCCESS] bvid=BV14iQUBCEQY 已成功抓取全部所需数据。
[2026-04-09 17:49:05] [SUCCESS] bvid=BV14iQUBCEyY 已成功抓取全部所需数据。
[2026-04-09 17:49:08] [ERROR] bvid=BV14iXaBYEpK 抓取失败：media: No downloadable media stream found for this bvid.
[2026-04-09 17:49:14] [SUCCESS] bvid=BV14iXoBzE82 已成功抓取全部所需数据。
[2026-04-09 17:49:24] [SUCCESS] bvid=BV14iXpBrEcD 已成功抓取全部所需数据。
[2026-04-09 17:49:29] [SUCCESS] bvid=BV14jDFBuEXg 已成功抓取全部所需数据。
[2026-04-09 17:49:40] [SUCCESS] bvid=BV14jQBB2Eej 已成功抓取全部所需数据。
[2026-04-09 17:49:47] [SUCCESS] bvid=BV14jSZBhEKe 已成功抓取全部所需数据。
[2026-04-09 17:49:59] [SUCCESS] bvid=BV14jXGByEF3 已成功抓取全部所需数据。
[2026-04-09 17:50:05] [SUCCESS] bvid=BV14jXGByEW2 已成功抓取全部所需数据。
[2026-04-09 17:50:10] [SUCCESS] bvid=BV14jXGByEWP 已成功抓取全部所需数据。
[2026-04-09 17:50:20] [SUCCESS] bvid=BV14jXGByEjE 已成功抓取全部所需数据。
[2026-04-09 17:50:27] [SUCCESS] bvid=BV14k9MBNEAJ 已成功抓取全部所需数据。
[2026-04-09 17:50:34] [SUCCESS] bvid=BV14k9MBNENV 已成功抓取全部所需数据。
[2026-04-09 17:50:44] [SUCCESS] bvid=BV14kDvBuE2e 已成功抓取全部所需数据。
[2026-04-09 17:50:55] [SUCCESS] bvid=BV14kXLBsE2J 已成功抓取全部所需数据。
[2026-04-09 17:51:02] [SUCCESS] bvid=BV14kXLBsEBD 已成功抓取全部所需数据。
[2026-04-09 17:51:08] [SUCCESS] bvid=BV14kXLBsEdx 已成功抓取全部所需数据。
[2026-04-09 17:51:17] [SUCCESS] bvid=BV14kXVB2ELB 已成功抓取全部所需数据。
[2026-04-09 17:51:27] [SUCCESS] bvid=BV14kXVB2ELq 已成功抓取全部所需数据。
[2026-04-09 17:51:33] [SUCCESS] bvid=BV14kXVB2Ecc 已成功抓取全部所需数据。
[2026-04-09 17:51:43] [SUCCESS] bvid=BV14kXsBLEn3 已成功抓取全部所需数据。
[2026-04-09 17:51:52] [SUCCESS] bvid=BV14mD5B5EFj 已成功抓取全部所需数据。
[2026-04-09 17:51:59] [SUCCESS] bvid=BV14mD5B5Era 已成功抓取全部所需数据。
[2026-04-09 17:52:11] [SUCCESS] bvid=BV14mD5B5EwH 已成功抓取全部所需数据。
[2026-04-09 17:52:20] [SUCCESS] bvid=BV14mNTzwEBJ 已成功抓取全部所需数据。
[2026-04-09 17:52:28] [SUCCESS] bvid=BV14mNTzwERk 已成功抓取全部所需数据。
[2026-04-09 17:52:36] [SUCCESS] bvid=BV14mNTzwEbT 已成功抓取全部所需数据。
[2026-04-09 17:52:46] [SUCCESS] bvid=BV14mXKBFEuo 已成功抓取全部所需数据。
[2026-04-09 17:52:56] [SUCCESS] bvid=BV14mXbBtE32 已成功抓取全部所需数据。
[2026-04-09 17:53:03] [SUCCESS] bvid=BV14mXbBtE4v 已成功抓取全部所需数据。
[2026-04-09 17:53:10] [SUCCESS] bvid=BV14mXbBtE4y 已成功抓取全部所需数据。
[2026-04-09 17:53:16] [SUCCESS] bvid=BV14mXbBtE5U 已成功抓取全部所需数据。
[2026-04-09 17:53:23] [SUCCESS] bvid=BV14mXbBtE87 已成功抓取全部所需数据。
[2026-04-09 17:53:31] [SUCCESS] bvid=BV14mXbBtE8D 已成功抓取全部所需数据。
[2026-04-09 17:53:50] [SUCCESS] bvid=BV14mXbBtEJ3 已成功抓取全部所需数据。
[2026-04-09 17:54:03] [SUCCESS] bvid=BV14mXbBtEJa 已成功抓取全部所需数据。
[2026-04-09 17:54:11] [SUCCESS] bvid=BV14mXbBtELA 已成功抓取全部所需数据。
[2026-04-09 17:54:17] [SUCCESS] bvid=BV14mXbBtELV 已成功抓取全部所需数据。
[2026-04-09 17:54:23] [SUCCESS] bvid=BV14mXbBtEN8 已成功抓取全部所需数据。
[2026-04-09 17:54:31] [SUCCESS] bvid=BV14mXbBtENS 已成功抓取全部所需数据。
[2026-04-09 17:54:40] [SUCCESS] bvid=BV14mXbBtENr 已成功抓取全部所需数据。
[2026-04-09 17:54:47] [SUCCESS] bvid=BV14mXbBtEYH 已成功抓取全部所需数据。
[2026-04-09 17:54:53] [SUCCESS] bvid=BV14mXbBtEaE 已成功抓取全部所需数据。
[2026-04-09 17:54:59] [SUCCESS] bvid=BV14mXbBtEar 已成功抓取全部所需数据。
[2026-04-09 17:55:06] [SUCCESS] bvid=BV14mXbBtEbM 已成功抓取全部所需数据。
[2026-04-09 17:55:15] [SUCCESS] bvid=BV14mXbBtEcC 已成功抓取全部所需数据。
[2026-04-09 17:55:21] [SUCCESS] bvid=BV14mXbBtEhr 已成功抓取全部所需数据。
[2026-04-09 17:55:28] [SUCCESS] bvid=BV14mXbBtEhz 已成功抓取全部所需数据。
[2026-04-09 17:55:38] [SUCCESS] bvid=BV14mXbBtEjk 已成功抓取全部所需数据。
[2026-04-09 17:55:44] [SUCCESS] bvid=BV14mXbBtEx6 已成功抓取全部所需数据。
[2026-04-09 17:56:00] [SUCCESS] bvid=BV14mXbBtExS 已成功抓取全部所需数据。
[2026-04-09 17:56:07] [SUCCESS] bvid=BV14nDeBeEnZ 已成功抓取全部所需数据。
[2026-04-09 17:56:26] [SUCCESS] bvid=BV14nX5BSE31 已成功抓取全部所需数据。
[2026-04-09 17:56:33] [SUCCESS] bvid=BV14nX5BSEDM 已成功抓取全部所需数据。
[2026-04-09 17:56:43] [SUCCESS] bvid=BV14nX5BSEVJ 已成功抓取全部所需数据。
[2026-04-09 17:56:49] [SUCCESS] bvid=BV14nXWBrEc6 已成功抓取全部所需数据。
[2026-04-09 17:56:56] [SUCCESS] bvid=BV14nXZBzE1A 已成功抓取全部所需数据。
[2026-04-09 17:57:05] [SUCCESS] bvid=BV14oD8BWEuj 已成功抓取全部所需数据。
[2026-04-09 17:57:19] [SUCCESS] bvid=BV14oDaBwEqj 已成功抓取全部所需数据。
[2026-04-09 17:57:25] [SUCCESS] bvid=BV14p9nBiEkb 已成功抓取全部所需数据。
[2026-04-09 17:57:32] [SUCCESS] bvid=BV14pDeBAEKK 已成功抓取全部所需数据。
[2026-04-09 17:57:39] [SUCCESS] bvid=BV14pQ6BnEuV 已成功抓取全部所需数据。
[2026-04-09 17:57:52] [SUCCESS] bvid=BV14pX5BEEHW 已成功抓取全部所需数据。
[2026-04-09 17:57:58] [SUCCESS] bvid=BV14pX5BEES5 已成功抓取全部所需数据。
[2026-04-09 17:58:06] [SUCCESS] bvid=BV14pX5BEEUF 已成功抓取全部所需数据。
[2026-04-09 17:58:14] [SUCCESS] bvid=BV14pX5BEEeh 已成功抓取全部所需数据。
[2026-04-09 17:58:20] [SUCCESS] bvid=BV14pXUBjE7N 已成功抓取全部所需数据。
[2026-04-09 17:58:28] [SUCCESS] bvid=BV14pXUBjERK 已成功抓取全部所需数据。
[2026-04-09 17:58:31] [ERROR] bvid=BV14pXUBjEWW 抓取失败：media: 接口返回错误代码：62002，信息：稿件不可见。
{'code': 62002, 'message': '稿件不可见', 'ttl': 1}
[2026-04-09 17:58:37] [SUCCESS] bvid=BV14pXUBjEdm 已成功抓取全部所需数据。
[2026-04-09 17:58:42] [SUCCESS] bvid=BV14pXUBjEpU 已成功抓取全部所需数据。
[2026-04-09 17:58:48] [SUCCESS] bvid=BV14pXUBjEua 已成功抓取全部所需数据。
[2026-04-09 17:58:57] [SUCCESS] bvid=BV14pXZBMEFw 已成功抓取全部所需数据。
[2026-04-09 17:59:04] [SUCCESS] bvid=BV14q97B8EXZ 已成功抓取全部所需数据。
[2026-04-09 17:59:11] [SUCCESS] bvid=BV14rSSBGEZx 已成功抓取全部所需数据。
[2026-04-09 17:59:22] [SUCCESS] bvid=BV14rX4B9Ezy 已成功抓取全部所需数据。
[2026-04-09 17:59:29] [SUCCESS] bvid=BV14rXVB7EzP 已成功抓取全部所需数据。
[2026-04-09 17:59:37] [SUCCESS] bvid=BV14sXDBXERe 已成功抓取全部所需数据。
[2026-04-09 17:59:44] [SUCCESS] bvid=BV14sXjBRENA 已成功抓取全部所需数据。
[2026-04-09 17:59:44] [WARN] 当前子任务已结束，但仍有未成功抓取的视频，已导出 remaining CSV 供继续执行。
[2026-04-09 17:59:44] [INFO] 已导出剔除成功条目后的剩余 CSV：outputs\video_data\manual_crawls\manual_crawl_media_mode_A_20260409_135559\remaining_bvids_part_13.csv
[2026-04-09 17:59:44] 子任务结束时间：2026-04-09T17:59:44.792595
[TIMESTAMP][END] 2026-04-09T17:59:44
