[TIMESTAMP][BEGIN] 2026-04-09T16:40:52
[2026-04-09 16:40:54] 开始执行 CSV 批量抓取子任务 part_10。
[2026-04-09 16:40:54] 子任务开始时间：2026-04-09T16:40:52.182481
[2026-04-09 16:40:54] 输入文件：batch_input_9.csv
[2026-04-09 16:40:54] 输入唯一 bvid 数量：100
[2026-04-09 16:40:54] 为严格按 CSV 顺序判断连续失败阈值，本次任务自动将并发度从 4 调整为 1。
[2026-04-09 16:41:00] [SUCCESS] bvid=BV13gX5BtE8z 已成功抓取全部所需数据。
[2026-04-09 16:41:08] [SUCCESS] bvid=BV13gX5BtEzf 已成功抓取全部所需数据。
[2026-04-09 16:41:15] [SUCCESS] bvid=BV13gXGBSEE3 已成功抓取全部所需数据。
[2026-04-09 16:41:22] [SUCCESS] bvid=BV13h9MBkEcU 已成功抓取全部所需数据。
[2026-04-09 16:41:30] [SUCCESS] bvid=BV13h9MBkEmJ 已成功抓取全部所需数据。
[2026-04-09 16:41:39] [SUCCESS] bvid=BV13h9MBkEvK 已成功抓取全部所需数据。
[2026-04-09 16:41:46] [SUCCESS] bvid=BV13hDGBEEZ8 已成功抓取全部所需数据。
[2026-04-09 16:42:00] [SUCCESS] bvid=BV13hX1B5E7g 已成功抓取全部所需数据。
[2026-04-09 16:42:05] [SUCCESS] bvid=BV13hXiBpEGX 已成功抓取全部所需数据。
[2026-04-09 16:42:11] [SUCCESS] bvid=BV13hXiBpEuo 已成功抓取全部所需数据。
[2026-04-09 16:42:19] [SUCCESS] bvid=BV13iDvBVELY 已成功抓取全部所需数据。
[2026-04-09 16:42:24] [SUCCESS] bvid=BV13iXBBoE7C 已成功抓取全部所需数据。
[2026-04-09 16:42:28] [SUCCESS] bvid=BV13iXKBqE4N 已成功抓取全部所需数据。
[2026-04-09 16:42:35] [SUCCESS] bvid=BV13iXKBqE4Z 已成功抓取全部所需数据。
[2026-04-09 16:42:42] [SUCCESS] bvid=BV13iXKBqE4e 已成功抓取全部所需数据。
[2026-04-09 16:42:48] [SUCCESS] bvid=BV13iXKBqE66 已成功抓取全部所需数据。
[2026-04-09 16:42:54] [SUCCESS] bvid=BV13iXKBqEJw 已成功抓取全部所需数据。
[2026-04-09 16:43:01] [SUCCESS] bvid=BV13iXKBqEWA 已成功抓取全部所需数据。
[2026-04-09 16:43:07] [SUCCESS] bvid=BV13iXKBqEWf 已成功抓取全部所需数据。
[2026-04-09 16:43:17] [SUCCESS] bvid=BV13iXKBqEgg 已成功抓取全部所需数据。
[2026-04-09 16:43:25] [SUCCESS] bvid=BV13iXKBqEky 已成功抓取全部所需数据。
[2026-04-09 16:43:35] [SUCCESS] bvid=BV13j9wBZE6d 已成功抓取全部所需数据。
[2026-04-09 16:43:41] [SUCCESS] bvid=BV13jXNBaEsE 已成功抓取全部所需数据。
[2026-04-09 16:43:51] [SUCCESS] bvid=BV13jXjBwEd5 已成功抓取全部所需数据。
[2026-04-09 16:43:57] [SUCCESS] bvid=BV13jXjBwEoc 已成功抓取全部所需数据。
[2026-04-09 16:44:04] [SUCCESS] bvid=BV13k95BbE5L 已成功抓取全部所需数据。
[2026-04-09 16:44:13] [SUCCESS] bvid=BV13k95BbEor 已成功抓取全部所需数据。
[2026-04-09 16:44:42] [SUCCESS] bvid=BV13kDTBvECZ 已成功抓取全部所需数据。
[2026-04-09 16:44:58] [SUCCESS] bvid=BV13kDTBvExc 已成功抓取全部所需数据。
[2026-04-09 16:45:14] [SUCCESS] bvid=BV13kDjB4ESC 已成功抓取全部所需数据。
[2026-04-09 16:45:27] [SUCCESS] bvid=BV13kX6BhELA 已成功抓取全部所需数据。
[2026-04-09 16:45:35] [SUCCESS] bvid=BV13kXMB3EC5 已成功抓取全部所需数据。
[2026-04-09 16:45:41] [SUCCESS] bvid=BV13kXMB3Ed5 已成功抓取全部所需数据。
[2026-04-09 16:45:49] [SUCCESS] bvid=BV13kXkBuES7 已成功抓取全部所需数据。
[2026-04-09 16:45:57] [SUCCESS] bvid=BV13mXGBWE9H 已成功抓取全部所需数据。
[2026-04-09 16:46:15] [SUCCESS] bvid=BV13mXGBWESD 已成功抓取全部所需数据。
[2026-04-09 16:46:18] [ERROR] bvid=BV13mXGBWEX8 抓取失败：media: 接口返回错误代码：62002，信息：稿件不可见。
{'code': 62002, 'message': '稿件不可见', 'ttl': 1}
[2026-04-09 16:46:33] [SUCCESS] bvid=BV13mXGBWEpf 已成功抓取全部所需数据。
[2026-04-09 16:46:45] [SUCCESS] bvid=BV13mXdBVEs4 已成功抓取全部所需数据。
[2026-04-09 16:46:59] [SUCCESS] bvid=BV13mXgB1ETF 已成功抓取全部所需数据。
[2026-04-09 16:47:25] [SUCCESS] bvid=BV13mXgB1ETa 已成功抓取全部所需数据。
[2026-04-09 16:47:46] [SUCCESS] bvid=BV13mXgB1EgS 已成功抓取全部所需数据。
[2026-04-09 16:47:57] [SUCCESS] bvid=BV13mXgB1EgX 已成功抓取全部所需数据。
[2026-04-09 16:48:31] [SUCCESS] bvid=BV13mXgB1EpB 已成功抓取全部所需数据。
[2026-04-09 16:48:50] [SUCCESS] bvid=BV13mXyBCEk8 已成功抓取全部所需数据。
[2026-04-09 16:55:53] [SUCCESS] bvid=BV13nXDB4EMQ 已成功抓取全部所需数据。
[2026-04-09 16:56:00] [SUCCESS] bvid=BV13nXaBCEoK 已成功抓取全部所需数据。
[2026-04-09 16:56:14] [SUCCESS] bvid=BV13nXrBvE5Z 已成功抓取全部所需数据。
[2026-04-09 16:56:27] [SUCCESS] bvid=BV13nXrBvENd 已成功抓取全部所需数据。
[2026-04-09 16:56:39] [SUCCESS] bvid=BV13p9LBwE1D 已成功抓取全部所需数据。
[2026-04-09 16:56:45] [SUCCESS] bvid=BV13pX8BeEPB 已成功抓取全部所需数据。
[2026-04-09 16:56:53] [SUCCESS] bvid=BV13pXTBKE38 已成功抓取全部所需数据。
[2026-04-09 16:57:00] [SUCCESS] bvid=BV13pwWzkERN 已成功抓取全部所需数据。
[2026-04-09 16:57:07] [SUCCESS] bvid=BV13qXSBdE4A 已成功抓取全部所需数据。
[2026-04-09 16:57:13] [SUCCESS] bvid=BV13rSdBiER7 已成功抓取全部所需数据。
[2026-04-09 16:57:20] [SUCCESS] bvid=BV13rXKBPEK7 已成功抓取全部所需数据。
[2026-04-09 16:57:28] [SUCCESS] bvid=BV13s97BBEDq 已成功抓取全部所需数据。
[2026-04-09 16:57:36] [SUCCESS] bvid=BV13swWz3E7J 已成功抓取全部所需数据。
[2026-04-09 16:57:43] [SUCCESS] bvid=BV13swWz3EKm 已成功抓取全部所需数据。
[2026-04-09 16:57:56] [SUCCESS] bvid=BV13swWz3ELW 已成功抓取全部所需数据。
[2026-04-09 16:58:02] [SUCCESS] bvid=BV13swWz3EgT 已成功抓取全部所需数据。
[2026-04-09 16:58:10] [SUCCESS] bvid=BV13tSoBNETv 已成功抓取全部所需数据。
[2026-04-09 16:58:15] [SUCCESS] bvid=BV13tX1BjEVQ 已成功抓取全部所需数据。
[2026-04-09 16:58:17] [ERROR] bvid=BV13tX1BjEtc 抓取失败：media: 接口返回错误代码：62002，信息：稿件不可见。
{'code': 62002, 'message': '稿件不可见', 'ttl': 1}
[2026-04-09 16:58:24] [SUCCESS] bvid=BV13tX3BEEbq 已成功抓取全部所需数据。
[2026-04-09 16:58:32] [SUCCESS] bvid=BV13tXCBBE3D 已成功抓取全部所需数据。
[2026-04-09 16:58:39] [SUCCESS] bvid=BV13u9uB2E69 已成功抓取全部所需数据。
[2026-04-09 16:58:48] [SUCCESS] bvid=BV13vD5BWEz7 已成功抓取全部所需数据。
[2026-04-09 16:58:57] [SUCCESS] bvid=BV13vXLBFEJY 已成功抓取全部所需数据。
[2026-04-09 16:59:05] [SUCCESS] bvid=BV13vXLBFEKF 已成功抓取全部所需数据。
[2026-04-09 16:59:14] [SUCCESS] bvid=BV13vXLBFEKz 已成功抓取全部所需数据。
[2026-04-09 16:59:24] [SUCCESS] bvid=BV13vXLBFEQQ 已成功抓取全部所需数据。
[2026-04-09 16:59:29] [SUCCESS] bvid=BV13vXPB8EDT 已成功抓取全部所需数据。
[2026-04-09 16:59:35] [SUCCESS] bvid=BV13vXPB8EGZ 已成功抓取全部所需数据。
[2026-04-09 16:59:41] [SUCCESS] bvid=BV13vXPB8EYi 已成功抓取全部所需数据。
[2026-04-09 16:59:49] [SUCCESS] bvid=BV13vXPB8EiF 已成功抓取全部所需数据。
[2026-04-09 16:59:54] [SUCCESS] bvid=BV13vXPB8Ezb 已成功抓取全部所需数据。
[2026-04-09 17:00:00] [SUCCESS] bvid=BV13vXmBJE8c 已成功抓取全部所需数据。
[2026-04-09 17:00:07] [SUCCESS] bvid=BV13x9KBMENB 已成功抓取全部所需数据。
[2026-04-09 17:00:14] [SUCCESS] bvid=BV13x9KBMEWw 已成功抓取全部所需数据。
[2026-04-09 17:00:24] [SUCCESS] bvid=BV13x9KBMEuy 已成功抓取全部所需数据。
[2026-04-09 17:00:35] [SUCCESS] bvid=BV13x9KBuEqP 已成功抓取全部所需数据。
[2026-04-09 17:00:40] [SUCCESS] bvid=BV13xDhBeEH7 已成功抓取全部所需数据。
[2026-04-09 17:00:46] [SUCCESS] bvid=BV13xSoBiEEQ 已成功抓取全部所需数据。
[2026-04-09 17:00:53] [SUCCESS] bvid=BV13xX3BSEtu 已成功抓取全部所需数据。
[2026-04-09 17:01:03] [SUCCESS] bvid=BV13xXaBgERa 已成功抓取全部所需数据。
[2026-04-09 17:01:12] [SUCCESS] bvid=BV13ySdBeE5M 已成功抓取全部所需数据。
[2026-04-09 17:01:18] [SUCCESS] bvid=BV13ySdBeEv6 已成功抓取全部所需数据。
[2026-04-09 17:01:24] [SUCCESS] bvid=BV13yXgBmEL8 已成功抓取全部所需数据。
[2026-04-09 17:01:31] [SUCCESS] bvid=BV13yXgBmENw 已成功抓取全部所需数据。
[2026-04-09 17:01:38] [SUCCESS] bvid=BV13yXgBmEnY 已成功抓取全部所需数据。
[2026-04-09 17:01:49] [SUCCESS] bvid=BV13yXgBmEnw 已成功抓取全部所需数据。
[2026-04-09 17:02:05] [SUCCESS] bvid=BV13zX6BYEF7 已成功抓取全部所需数据。
[2026-04-09 17:02:12] [SUCCESS] bvid=BV13zX6BYEGA 已成功抓取全部所需数据。
[2026-04-09 17:02:19] [SUCCESS] bvid=BV13zXKBvE6P 已成功抓取全部所需数据。
[2026-04-09 17:02:26] [SUCCESS] bvid=BV13zXKBvEDv 已成功抓取全部所需数据。
[2026-04-09 17:02:33] [SUCCESS] bvid=BV13zXKBvEFa 已成功抓取全部所需数据。
[2026-04-09 17:02:41] [SUCCESS] bvid=BV13zXKBvEQ5 已成功抓取全部所需数据。
[2026-04-09 17:02:46] [SUCCESS] bvid=BV13zXKBvEVm 已成功抓取全部所需数据。
[2026-04-09 17:02:56] [SUCCESS] bvid=BV13zXKBvEbS 已成功抓取全部所需数据。
[2026-04-09 17:02:56] [WARN] 当前子任务已结束，但仍有未成功抓取的视频，已导出 remaining CSV 供继续执行。
[2026-04-09 17:02:56] [INFO] 已导出剔除成功条目后的剩余 CSV：outputs\video_data\manual_crawls\manual_crawl_media_mode_A_20260409_135559\remaining_bvids_part_10.csv
[2026-04-09 17:02:56] 子任务结束时间：2026-04-09T17:02:56.268647
[TIMESTAMP][END] 2026-04-09T17:02:56
