[TIMESTAMP][BEGIN] 2026-04-09T17:02:56
[2026-04-09 17:02:58] 开始执行 CSV 批量抓取子任务 part_11。
[2026-04-09 17:02:58] 子任务开始时间：2026-04-09T17:02:56.441157
[2026-04-09 17:02:58] 输入文件：batch_input_10.csv
[2026-04-09 17:02:58] 输入唯一 bvid 数量：100
[2026-04-09 17:02:58] 为严格按 CSV 顺序判断连续失败阈值，本次任务自动将并发度从 4 调整为 1。
[2026-04-09 17:03:09] [SUCCESS] bvid=BV13zXKBvEba 已成功抓取全部所需数据。
[2026-04-09 17:03:16] [SUCCESS] bvid=BV13zXKBvEjc 已成功抓取全部所需数据。
[2026-04-09 17:03:24] [SUCCESS] bvid=BV13zXKBvErg 已成功抓取全部所需数据。
[2026-04-09 17:03:31] [SUCCESS] bvid=BV13zXMBVE6V 已成功抓取全部所需数据。
[2026-04-09 17:03:38] [SUCCESS] bvid=BV13zXMBVEZd 已成功抓取全部所需数据。
[2026-04-09 17:03:40] [ERROR] bvid=BV13zXMBVEor 抓取失败：media: 接口返回错误代码：62002，信息：稿件不可见。
{'code': 62002, 'message': '稿件不可见', 'ttl': 1}
[2026-04-09 17:03:46] [SUCCESS] bvid=BV13zXMBVEyN 已成功抓取全部所需数据。
[2026-04-09 17:03:56] [SUCCESS] bvid=BV141XKBhEbo 已成功抓取全部所需数据。
[2026-04-09 17:04:05] [SUCCESS] bvid=BV141XbBfE4W 已成功抓取全部所需数据。
[2026-04-09 17:04:07] [ERROR] bvid=BV141XbBfEb7 抓取失败：media: 接口返回错误代码：62002，信息：稿件不可见。
{'code': 62002, 'message': '稿件不可见', 'ttl': 1}
[2026-04-09 17:04:10] [ERROR] bvid=BV141XbBfEmf 抓取失败：media: 接口返回错误代码：62002，信息：稿件不可见。
{'code': 62002, 'message': '稿件不可见', 'ttl': 1}
[2026-04-09 17:04:16] [SUCCESS] bvid=BV141XbBfEr3 已成功抓取全部所需数据。
[2026-04-09 17:04:21] [SUCCESS] bvid=BV141XbBfEr7 已成功抓取全部所需数据。
[2026-04-09 17:04:31] [SUCCESS] bvid=BV141XfB3E7W 已成功抓取全部所需数据。
[2026-04-09 17:04:39] [SUCCESS] bvid=BV1439jBtEDb 已成功抓取全部所需数据。
[2026-04-09 17:04:46] [SUCCESS] bvid=BV143DTBdEY2 已成功抓取全部所需数据。
[2026-04-09 17:05:08] [SUCCESS] bvid=BV143DrB9Eqi 已成功抓取全部所需数据。
[2026-04-09 17:05:16] [SUCCESS] bvid=BV143XMBaE4z 已成功抓取全部所需数据。
[2026-04-09 17:05:22] [SUCCESS] bvid=BV143XMBaEBE 已成功抓取全部所需数据。
[2026-04-09 17:05:27] [SUCCESS] bvid=BV143XMBaEET 已成功抓取全部所需数据。
[2026-04-09 17:05:34] [SUCCESS] bvid=BV143XMBaEgx 已成功抓取全部所需数据。
[2026-04-09 17:05:40] [SUCCESS] bvid=BV143XMBaEvP 已成功抓取全部所需数据。
[2026-04-09 17:05:47] [SUCCESS] bvid=BV143XkB8EZJ 已成功抓取全部所需数据。
[2026-04-09 17:05:57] [SUCCESS] bvid=BV144XDBHE5C 已成功抓取全部所需数据。
[2026-04-09 17:06:04] [SUCCESS] bvid=BV144XDBHECr 已成功抓取全部所需数据。
[2026-04-09 17:06:13] [SUCCESS] bvid=BV144XjBWE2o 已成功抓取全部所需数据。
[2026-04-09 17:06:18] [SUCCESS] bvid=BV144XjBWExQ 已成功抓取全部所需数据。
[2026-04-09 17:06:25] [SUCCESS] bvid=BV1459jBxEDJ 已成功抓取全部所需数据。
[2026-04-09 17:06:38] [SUCCESS] bvid=BV1459jBxEH7 已成功抓取全部所需数据。
[2026-04-09 17:06:54] [SUCCESS] bvid=BV1459jBxEiS 已成功抓取全部所需数据。
[2026-04-09 17:07:10] [SUCCESS] bvid=BV1459jBxEt3 已成功抓取全部所需数据。
[2026-04-09 17:07:25] [SUCCESS] bvid=BV145DrBQEkr 已成功抓取全部所需数据。
[2026-04-09 17:07:39] [SUCCESS] bvid=BV1469MBiECw 已成功抓取全部所需数据。
[2026-04-09 17:07:52] [SUCCESS] bvid=BV1469MBiEzF 已成功抓取全部所需数据。
[2026-04-09 17:08:05] [SUCCESS] bvid=BV146DgBYEF9 已成功抓取全部所需数据。
[2026-04-09 17:08:17] [SUCCESS] bvid=BV146XsB2EPe 已成功抓取全部所需数据。
[2026-04-09 17:08:32] [SUCCESS] bvid=BV1479EBwETZ 已成功抓取全部所需数据。
[2026-04-09 17:08:44] [SUCCESS] bvid=BV147DaBZEV8 已成功抓取全部所需数据。
[2026-04-09 17:08:56] [SUCCESS] bvid=BV147DaBZEjp 已成功抓取全部所需数据。
[2026-04-09 17:09:08] [SUCCESS] bvid=BV147DeBiEo5 已成功抓取全部所需数据。
[2026-04-09 17:09:22] [SUCCESS] bvid=BV147XyBPE7W 已成功抓取全部所需数据。
[2026-04-09 17:09:40] [SUCCESS] bvid=BV148DKB9ECZ 已成功抓取全部所需数据。
[2026-04-09 17:09:57] [SUCCESS] bvid=BV148X8BfEx5 已成功抓取全部所需数据。
[2026-04-09 17:10:04] [SUCCESS] bvid=BV148XDBJEMf 已成功抓取全部所需数据。
[2026-04-09 17:10:10] [SUCCESS] bvid=BV148XDBnEgN 已成功抓取全部所需数据。
[2026-04-09 17:10:17] [SUCCESS] bvid=BV1499NBFE7m 已成功抓取全部所需数据。
[2026-04-09 17:10:20] [ERROR] bvid=BV1499NBFEV8 抓取失败：media: 接口返回错误代码：-404，信息：啥都木有。
{'code': -404, 'message': '啥都木有', 'ttl': 1}
[2026-04-09 17:10:27] [SUCCESS] bvid=BV149SdBtE5F 已成功抓取全部所需数据。
[2026-04-09 17:10:36] [SUCCESS] bvid=BV149XhBwE7i 已成功抓取全部所需数据。
[2026-04-09 17:10:46] [SUCCESS] bvid=BV149XhBwEko 已成功抓取全部所需数据。
[2026-04-09 17:10:56] [SUCCESS] bvid=BV149XhBwEsq 已成功抓取全部所需数据。
[2026-04-09 17:11:02] [SUCCESS] bvid=BV14AD5BLE9T 已成功抓取全部所需数据。
[2026-04-09 17:11:08] [SUCCESS] bvid=BV14AXBBJET6 已成功抓取全部所需数据。
[2026-04-09 17:11:15] [SUCCESS] bvid=BV14AXPBHE19 已成功抓取全部所需数据。
[2026-04-09 17:11:27] [SUCCESS] bvid=BV14AXPBHES3 已成功抓取全部所需数据。
[2026-04-09 17:11:33] [SUCCESS] bvid=BV14AXPBHEU6 已成功抓取全部所需数据。
[2026-04-09 17:11:39] [SUCCESS] bvid=BV14AXPBHEUC 已成功抓取全部所需数据。
[2026-04-09 17:11:44] [SUCCESS] bvid=BV14AXPBHEUE 已成功抓取全部所需数据。
[2026-04-09 17:11:52] [SUCCESS] bvid=BV14AXPBHEWr 已成功抓取全部所需数据。
[2026-04-09 17:11:57] [SUCCESS] bvid=BV14AXPBHEfG 已成功抓取全部所需数据。
[2026-04-09 17:12:03] [SUCCESS] bvid=BV14AXPBHEjR 已成功抓取全部所需数据。
[2026-04-09 17:12:10] [SUCCESS] bvid=BV14AXPBHEmq 已成功抓取全部所需数据。
[2026-04-09 17:12:19] [SUCCESS] bvid=BV14AXPBHEr7 已成功抓取全部所需数据。
[2026-04-09 17:12:32] [SUCCESS] bvid=BV14B9KBFE3f 已成功抓取全部所需数据。
[2026-04-09 17:12:41] [SUCCESS] bvid=BV14B9KBFEGr 已成功抓取全部所需数据。
[2026-04-09 17:12:47] [SUCCESS] bvid=BV14CXfBkEff 已成功抓取全部所需数据。
[2026-04-09 17:12:54] [SUCCESS] bvid=BV14CXfBkExs 已成功抓取全部所需数据。
[2026-04-09 17:13:00] [SUCCESS] bvid=BV14DXbBxEJ8 已成功抓取全部所需数据。
[2026-04-09 17:13:05] [SUCCESS] bvid=BV14DXbBxEb6 已成功抓取全部所需数据。
[2026-04-09 17:13:11] [SUCCESS] bvid=BV14DXbBxEcV 已成功抓取全部所需数据。
[2026-04-09 17:13:16] [SUCCESS] bvid=BV14DXbBxEcx 已成功抓取全部所需数据。
[2026-04-09 17:13:30] [SUCCESS] bvid=BV14DXbBxEgX 已成功抓取全部所需数据。
[2026-04-09 17:14:06] [SUCCESS] bvid=BV14EX2B3EAU 已成功抓取全部所需数据。
[2026-04-09 17:14:29] [SUCCESS] bvid=BV14EXGBVE13 已成功抓取全部所需数据。
[2026-04-09 17:22:57] [SUCCESS] bvid=BV14EXGBVE8g 已成功抓取全部所需数据。
[2026-04-09 17:23:25] [SUCCESS] bvid=BV14EXGBVEhU 已成功抓取全部所需数据。
[2026-04-09 17:23:31] [SUCCESS] bvid=BV14EXGBVEjg 已成功抓取全部所需数据。
[2026-04-09 17:23:37] [SUCCESS] bvid=BV14EXGBVEk4 已成功抓取全部所需数据。
[2026-04-09 17:23:43] [SUCCESS] bvid=BV14EXGBVEmF 已成功抓取全部所需数据。
[2026-04-09 17:23:59] [SUCCESS] bvid=BV14F9JBYEBe 已成功抓取全部所需数据。
[2026-04-09 17:24:05] [SUCCESS] bvid=BV14FXPBWEDu 已成功抓取全部所需数据。
[2026-04-09 17:24:14] [SUCCESS] bvid=BV14FXVBLEHv 已成功抓取全部所需数据。
[2026-04-09 17:24:25] [SUCCESS] bvid=BV14FXVBLEdH 已成功抓取全部所需数据。
[2026-04-09 17:24:32] [SUCCESS] bvid=BV14FXVBLEvF 已成功抓取全部所需数据。
[2026-04-09 17:24:45] [SUCCESS] bvid=BV14FXoBNEsa 已成功抓取全部所需数据。
[2026-04-09 17:24:52] [SUCCESS] bvid=BV14GSdBxE7N 已成功抓取全部所需数据。
[2026-04-09 17:25:07] [SUCCESS] bvid=BV14GXkBfEja 已成功抓取全部所需数据。
[2026-04-09 17:25:18] [SUCCESS] bvid=BV14GXyBqE6Y 已成功抓取全部所需数据。
[2026-04-09 17:25:24] [SUCCESS] bvid=BV14H9nBTECu 已成功抓取全部所需数据。
[2026-04-09 17:25:31] [SUCCESS] bvid=BV14HQkBfE1E 已成功抓取全部所需数据。
[2026-04-09 17:25:43] [SUCCESS] bvid=BV14HX2BuE3Z 已成功抓取全部所需数据。
[2026-04-09 17:25:45] [ERROR] bvid=BV14HX2BuEu8 抓取失败：media: 接口返回错误代码：62002，信息：稿件不可见。
{'code': 62002, 'message': '稿件不可见', 'ttl': 1}
[2026-04-09 17:27:01] [SUCCESS] bvid=BV14HXjBoE22 已成功抓取全部所需数据。
[2026-04-09 17:27:04] [ERROR] bvid=BV14HXjBoEoX 抓取失败：media: 接口返回错误代码：-404，信息：啥都木有。
{'code': -404, 'message': '啥都木有', 'ttl': 1}
[2026-04-09 17:27:13] [SUCCESS] bvid=BV14J9nBBEZ9 已成功抓取全部所需数据。
[2026-04-09 17:27:20] [SUCCESS] bvid=BV14JDFBTEwW 已成功抓取全部所需数据。
[2026-04-09 17:27:27] [SUCCESS] bvid=BV14JDeBNEDf 已成功抓取全部所需数据。
[2026-04-09 17:27:34] [SUCCESS] bvid=BV14JDeBNEzc 已成功抓取全部所需数据。
[2026-04-09 17:27:40] [SUCCESS] bvid=BV14JX2B6ES3 已成功抓取全部所需数据。
[2026-04-09 17:27:49] [SUCCESS] bvid=BV14JX2B6EYd 已成功抓取全部所需数据。
[2026-04-09 17:27:49] [WARN] 当前子任务已结束，但仍有未成功抓取的视频，已导出 remaining CSV 供继续执行。
[2026-04-09 17:27:49] [INFO] 已导出剔除成功条目后的剩余 CSV：outputs\video_data\manual_crawls\manual_crawl_media_mode_A_20260409_135559\remaining_bvids_part_11.csv
[2026-04-09 17:27:49] 子任务结束时间：2026-04-09T17:27:49.508796
[TIMESTAMP][END] 2026-04-09T17:27:49
