[TIMESTAMP][BEGIN] 2026-04-09T15:24:45
[2026-04-09 15:24:47] 开始执行 CSV 批量抓取子任务 part_6。
[2026-04-09 15:24:47] 子任务开始时间：2026-04-09T15:24:45.247474
[2026-04-09 15:24:47] 输入文件：batch_input_5.csv
[2026-04-09 15:24:47] 输入唯一 bvid 数量：100
[2026-04-09 15:24:47] 为严格按 CSV 顺序判断连续失败阈值，本次任务自动将并发度从 4 调整为 1。
[2026-04-09 15:25:09] [SUCCESS] bvid=BV12NXKBZEYc 已成功抓取全部所需数据。
[2026-04-09 15:25:26] [SUCCESS] bvid=BV12NXKBZEb3 已成功抓取全部所需数据。
[2026-04-09 15:26:51] [SUCCESS] bvid=BV12PXPBDEGB 已成功抓取全部所需数据。
[2026-04-09 15:28:09] [SUCCESS] bvid=BV12PXPBDErc 已成功抓取全部所需数据。
[2026-04-09 15:28:25] [SUCCESS] bvid=BV12PXPBDErt 已成功抓取全部所需数据。
[2026-04-09 15:28:32] [SUCCESS] bvid=BV12PXPBDEs7 已成功抓取全部所需数据。
[2026-04-09 15:38:32] [ERROR] bvid=BV12PXfBgEdC 抓取失败：media: Timeout of 600.0s exceeded, last exception: HTTPSConnectionPool(host='bigquery.googleapis.com', port=443): Max retries exceeded with url: /bigquery/v2/projects/bilibili-m2s2vp-research/datasets/bili_video_stream_data_test_2?prettyPrint=false (Caused by ProxyError('Unable to connect to proxy', RemoteDisconnected('Remote end closed connection without response')))
[2026-04-09 15:38:39] [SUCCESS] bvid=BV12QDTBtEur 已成功抓取全部所需数据。
[2026-04-09 15:38:45] [SUCCESS] bvid=BV12QDzBmEBx 已成功抓取全部所需数据。
[2026-04-09 15:38:50] [SUCCESS] bvid=BV12QQmBCE2N 已成功抓取全部所需数据。
[2026-04-09 15:38:55] [SUCCESS] bvid=BV12QQmBCERj 已成功抓取全部所需数据。
[2026-04-09 15:39:03] [SUCCESS] bvid=BV12QXbBREVt 已成功抓取全部所需数据。
[2026-04-09 15:39:10] [SUCCESS] bvid=BV12R9NBbECZ 已成功抓取全部所需数据。
[2026-04-09 15:39:18] [SUCCESS] bvid=BV12RDTBxE1N 已成功抓取全部所需数据。
[2026-04-09 15:39:24] [SUCCESS] bvid=BV12RDTBxEq3 已成功抓取全部所需数据。
[2026-04-09 15:39:32] [SUCCESS] bvid=BV12RDTBxEs8 已成功抓取全部所需数据。
[2026-04-09 15:39:43] [SUCCESS] bvid=BV12RDrBWEHD 已成功抓取全部所需数据。
[2026-04-09 15:39:49] [SUCCESS] bvid=BV12RXhBhEsX 已成功抓取全部所需数据。
[2026-04-09 15:39:53] [SUCCESS] bvid=BV12S95B9E1B 已成功抓取全部所需数据。
[2026-04-09 15:40:00] [SUCCESS] bvid=BV12S9WByELc 已成功抓取全部所需数据。
[2026-04-09 15:40:07] [SUCCESS] bvid=BV12S9WByEiq 已成功抓取全部所需数据。
[2026-04-09 15:40:14] [SUCCESS] bvid=BV12S9cBjETP 已成功抓取全部所需数据。
[2026-04-09 15:40:16] [ERROR] bvid=BV12SX6BdEWB 抓取失败：media: 接口返回错误代码：62002，信息：稿件不可见。
{'code': 62002, 'message': '稿件不可见', 'ttl': 1}
[2026-04-09 15:40:24] [SUCCESS] bvid=BV12SXKBZE4D 已成功抓取全部所需数据。
[2026-04-09 15:40:30] [SUCCESS] bvid=BV12SXKBZEP1 已成功抓取全部所需数据。
[2026-04-09 15:40:38] [SUCCESS] bvid=BV12SXKBZEPm 已成功抓取全部所需数据。
[2026-04-09 15:40:46] [SUCCESS] bvid=BV12SXKBZEi2 已成功抓取全部所需数据。
[2026-04-09 15:40:53] [SUCCESS] bvid=BV12SXKBZEir 已成功抓取全部所需数据。
[2026-04-09 15:41:03] [SUCCESS] bvid=BV12TXBB2EAC 已成功抓取全部所需数据。
[2026-04-09 15:41:08] [SUCCESS] bvid=BV12TXbBREyR 已成功抓取全部所需数据。
[2026-04-09 15:41:14] [SUCCESS] bvid=BV12UDNBQEMS 已成功抓取全部所需数据。
[2026-04-09 15:41:23] [SUCCESS] bvid=BV12UDNBXE1z 已成功抓取全部所需数据。
[2026-04-09 15:41:28] [SUCCESS] bvid=BV12UDzBSESs 已成功抓取全部所需数据。
[2026-04-09 15:41:34] [SUCCESS] bvid=BV12UXSB7EGo 已成功抓取全部所需数据。
[2026-04-09 15:41:52] [SUCCESS] bvid=BV12UXSB7ELo 已成功抓取全部所需数据。
[2026-04-09 15:41:57] [SUCCESS] bvid=BV12UXbBoE5E 已成功抓取全部所需数据。
[2026-04-09 15:42:03] [SUCCESS] bvid=BV12UXbBoEGZ 已成功抓取全部所需数据。
[2026-04-09 15:42:09] [SUCCESS] bvid=BV12UXbBoEct 已成功抓取全部所需数据。
[2026-04-09 15:42:18] [SUCCESS] bvid=BV12V9NB4E5U 已成功抓取全部所需数据。
[2026-04-09 15:42:26] [SUCCESS] bvid=BV12VSdBRE4a 已成功抓取全部所需数据。
[2026-04-09 15:42:42] [SUCCESS] bvid=BV12VXMBcEG1 已成功抓取全部所需数据。
[2026-04-09 15:42:47] [SUCCESS] bvid=BV12VXMBcETY 已成功抓取全部所需数据。
[2026-04-09 15:42:56] [SUCCESS] bvid=BV12VXYBTEr6 已成功抓取全部所需数据。
[2026-04-09 15:43:02] [SUCCESS] bvid=BV12VXhBbEcE 已成功抓取全部所需数据。
[2026-04-09 15:43:12] [SUCCESS] bvid=BV12W9uBKEN2 已成功抓取全部所需数据。
[2026-04-09 15:43:17] [SUCCESS] bvid=BV12WX5BmEKV 已成功抓取全部所需数据。
[2026-04-09 15:43:25] [SUCCESS] bvid=BV12WX5BmELF 已成功抓取全部所需数据。
[2026-04-09 15:43:33] [SUCCESS] bvid=BV12WXNBdEBT 已成功抓取全部所需数据。
[2026-04-09 15:43:40] [SUCCESS] bvid=BV12WXNBdEBa 已成功抓取全部所需数据。
[2026-04-09 15:43:45] [SUCCESS] bvid=BV12WXNBdEwD 已成功抓取全部所需数据。
[2026-04-09 15:43:57] [SUCCESS] bvid=BV12WXNBdExW 已成功抓取全部所需数据。
[2026-04-09 15:43:59] [ERROR] bvid=BV12WXjBxEm9 抓取失败：media: 接口返回错误代码：62002，信息：稿件不可见。
{'code': 62002, 'message': '稿件不可见', 'ttl': 1}
[2026-04-09 15:44:05] [SUCCESS] bvid=BV12WXjBxEvh 已成功抓取全部所需数据。
[2026-04-09 15:44:16] [SUCCESS] bvid=BV12XDTBoE4u 已成功抓取全部所需数据。
[2026-04-09 15:44:22] [SUCCESS] bvid=BV12XDTBoERU 已成功抓取全部所需数据。
[2026-04-09 15:44:31] [SUCCESS] bvid=BV12XXQBpEWj 已成功抓取全部所需数据。
[2026-04-09 15:44:43] [SUCCESS] bvid=BV12YXrBxE4j 已成功抓取全部所需数据。
[2026-04-09 15:44:50] [SUCCESS] bvid=BV12YXrBxExM 已成功抓取全部所需数据。
[2026-04-09 15:44:58] [SUCCESS] bvid=BV12ZDuBwEY7 已成功抓取全部所需数据。
[2026-04-09 15:45:05] [SUCCESS] bvid=BV12ZXWBLE6a 已成功抓取全部所需数据。
[2026-04-09 15:45:12] [SUCCESS] bvid=BV12ZXYBTErS 已成功抓取全部所需数据。
[2026-04-09 15:45:21] [SUCCESS] bvid=BV12aDMBcEde 已成功抓取全部所需数据。
[2026-04-09 15:45:31] [SUCCESS] bvid=BV12aSRBXEKA 已成功抓取全部所需数据。
[2026-04-09 15:45:41] [SUCCESS] bvid=BV12aSRBXEws 已成功抓取全部所需数据。
[2026-04-09 15:45:51] [SUCCESS] bvid=BV12aSoBhEjh 已成功抓取全部所需数据。
[2026-04-09 15:45:58] [SUCCESS] bvid=BV12b9VBEEr3 已成功抓取全部所需数据。
[2026-04-09 15:46:04] [SUCCESS] bvid=BV12bXTBcEFP 已成功抓取全部所需数据。
[2026-04-09 15:46:11] [SUCCESS] bvid=BV12bXTBcEPd 已成功抓取全部所需数据。
[2026-04-09 15:46:18] [SUCCESS] bvid=BV12bXTBcEuv 已成功抓取全部所需数据。
[2026-04-09 15:46:24] [SUCCESS] bvid=BV12bXzBnEaC 已成功抓取全部所需数据。
[2026-04-09 15:46:32] [SUCCESS] bvid=BV12cSSBzEz4 已成功抓取全部所需数据。
[2026-04-09 15:46:42] [SUCCESS] bvid=BV12cXPBXEuj 已成功抓取全部所需数据。
[2026-04-09 15:46:49] [SUCCESS] bvid=BV12cXPBXExK 已成功抓取全部所需数据。
[2026-04-09 15:46:58] [SUCCESS] bvid=BV12cXfB3EhE 已成功抓取全部所需数据。
[2026-04-09 15:47:04] [SUCCESS] bvid=BV12cXfB3Enw 已成功抓取全部所需数据。
[2026-04-09 15:47:18] [SUCCESS] bvid=BV12cXfB3Erz 已成功抓取全部所需数据。
[2026-04-09 15:47:38] [SUCCESS] bvid=BV12cXfBGEZy 已成功抓取全部所需数据。
[2026-04-09 15:47:40] [ERROR] bvid=BV12dDuBYE9w 抓取失败：media: 接口返回错误代码：62002，信息：稿件不可见。
{'code': 62002, 'message': '稿件不可见', 'ttl': 1}
[2026-04-09 15:47:51] [SUCCESS] bvid=BV12dDuBYEUt 已成功抓取全部所需数据。
[2026-04-09 15:48:00] [SUCCESS] bvid=BV12dXYBBEPZ 已成功抓取全部所需数据。
[2026-04-09 15:48:08] [SUCCESS] bvid=BV12dXkB8ENn 已成功抓取全部所需数据。
[2026-04-09 15:48:11] [ERROR] bvid=BV12e9LBXELR 抓取失败：media: 接口返回错误代码：-404，信息：啥都木有。
{'code': -404, 'message': '啥都木有', 'ttl': 1}
[2026-04-09 15:48:35] [SUCCESS] bvid=BV12e9LBXEev 已成功抓取全部所需数据。
[2026-04-09 15:48:48] [SUCCESS] bvid=BV12e9LBXErd 已成功抓取全部所需数据。
[2026-04-09 15:49:00] [SUCCESS] bvid=BV12eSoBFETE 已成功抓取全部所需数据。
[2026-04-09 15:49:06] [SUCCESS] bvid=BV12eSoBFEsK 已成功抓取全部所需数据。
[2026-04-09 15:49:16] [SUCCESS] bvid=BV12eXnBNEg6 已成功抓取全部所需数据。
[2026-04-09 15:49:29] [SUCCESS] bvid=BV12eXuBvEJh 已成功抓取全部所需数据。
[2026-04-09 15:49:38] [SUCCESS] bvid=BV12fD3BuEdg 已成功抓取全部所需数据。
[2026-04-09 15:49:45] [SUCCESS] bvid=BV12fDuBhEG4 已成功抓取全部所需数据。
[2026-04-09 15:49:52] [SUCCESS] bvid=BV12fXYBiEv1 已成功抓取全部所需数据。
[2026-04-09 15:50:01] [SUCCESS] bvid=BV12g9NBbESK 已成功抓取全部所需数据。
[2026-04-09 15:50:08] [SUCCESS] bvid=BV12gXKBsEc3 已成功抓取全部所需数据。
[2026-04-09 15:50:14] [SUCCESS] bvid=BV12gXMBAEPZ 已成功抓取全部所需数据。
[2026-04-09 15:50:22] [SUCCESS] bvid=BV12gXhBhE6X 已成功抓取全部所需数据。
[2026-04-09 15:50:35] [SUCCESS] bvid=BV12hSRBWEhu 已成功抓取全部所需数据。
[2026-04-09 15:50:41] [SUCCESS] bvid=BV12hXTBfELz 已成功抓取全部所需数据。
[2026-04-09 15:50:47] [SUCCESS] bvid=BV12hXTBfEMN 已成功抓取全部所需数据。
[2026-04-09 15:50:54] [SUCCESS] bvid=BV12hXrBoE9G 已成功抓取全部所需数据。
[2026-04-09 15:51:04] [SUCCESS] bvid=BV12hXrBoE9v 已成功抓取全部所需数据。
[2026-04-09 15:51:04] [WARN] 当前子任务已结束，但仍有未成功抓取的视频，已导出 remaining CSV 供继续执行。
[2026-04-09 15:51:04] [INFO] 已导出剔除成功条目后的剩余 CSV：outputs\video_data\manual_crawls\manual_crawl_media_mode_A_20260409_135559\remaining_bvids_part_6.csv
[2026-04-09 15:51:04] 子任务结束时间：2026-04-09T15:51:04.110534
[TIMESTAMP][END] 2026-04-09T15:51:04
