[TIMESTAMP][BEGIN] 2026-04-08T16:05:48
[2026-04-08 16:05:50] 开始执行 CSV 批量抓取子任务 part_39。
[2026-04-08 16:05:50] 子任务开始时间：2026-04-08T16:05:48.244249
[2026-04-08 16:05:50] 输入文件：batch_input_39.csv
[2026-04-08 16:05:50] 输入唯一 bvid 数量：100
[2026-04-08 16:05:50] 为严格按 CSV 顺序判断连续失败阈值，本次任务自动将并发度从 2 调整为 1。
[2026-04-08 16:05:53] [SUCCESS] bvid=BV1x4XDBHE6d 已成功抓取全部所需数据。
[2026-04-08 16:05:56] [SUCCESS] bvid=BV1x4XDBHE8N 已成功抓取全部所需数据。
[2026-04-08 16:06:00] [SUCCESS] bvid=BV1x4XDBHEmP 已成功抓取全部所需数据。
[2026-04-08 16:06:03] [SUCCESS] bvid=BV1x4XDBHEoC 已成功抓取全部所需数据。
[2026-04-08 16:06:06] [SUCCESS] bvid=BV1x4XUBCEVn 已成功抓取全部所需数据。
[2026-04-08 16:06:10] [SUCCESS] bvid=BV1x4XjBWEHB 已成功抓取全部所需数据。
[2026-04-08 16:06:13] [SUCCESS] bvid=BV1x4XjBWEN4 已成功抓取全部所需数据。
[2026-04-08 16:06:16] [SUCCESS] bvid=BV1x4XjBWENs 已成功抓取全部所需数据。
[2026-04-08 16:06:20] [SUCCESS] bvid=BV1x4XjBWEWW 已成功抓取全部所需数据。
[2026-04-08 16:06:23] [SUCCESS] bvid=BV1x59NBoE95 已成功抓取全部所需数据。
[2026-04-08 16:06:26] [SUCCESS] bvid=BV1x5DTB9EBz 已成功抓取全部所需数据。
[2026-04-08 16:06:30] [SUCCESS] bvid=BV1x5DTB9Ev3 已成功抓取全部所需数据。
[2026-04-08 16:06:33] [SUCCESS] bvid=BV1x5XMB8EAx 已成功抓取全部所需数据。
[2026-04-08 16:06:36] [SUCCESS] bvid=BV1x5XMB8EEP 已成功抓取全部所需数据。
[2026-04-08 16:06:39] [SUCCESS] bvid=BV1x5XgBMEWS 已成功抓取全部所需数据。
[2026-04-08 16:06:43] [SUCCESS] bvid=BV1x5XgBMEuk 已成功抓取全部所需数据。
[2026-04-08 16:06:46] [SUCCESS] bvid=BV1x5XkBtErk 已成功抓取全部所需数据。
[2026-04-08 16:06:50] [SUCCESS] bvid=BV1x5XkBtEsB 已成功抓取全部所需数据。
[2026-04-08 16:06:53] [SUCCESS] bvid=BV1x697BtEiR 已成功抓取全部所需数据。
[2026-04-08 16:06:56] [SUCCESS] bvid=BV1x7DaBZEFg 已成功抓取全部所需数据。
[2026-04-08 16:07:00] [SUCCESS] bvid=BV1x7XgBKEWQ 已成功抓取全部所需数据。
[2026-04-08 16:07:03] [SUCCESS] bvid=BV1x7XgBKEWs 已成功抓取全部所需数据。
[2026-04-08 16:07:07] [SUCCESS] bvid=BV1x7XgBKEcB 已成功抓取全部所需数据。
[2026-04-08 16:07:10] [SUCCESS] bvid=BV1x7XgBKEh6 已成功抓取全部所需数据。
[2026-04-08 16:07:14] [SUCCESS] bvid=BV1x7XgBKEkX 已成功抓取全部所需数据。
[2026-04-08 16:07:17] [SUCCESS] bvid=BV1x7XgBKEr1 已成功抓取全部所需数据。
[2026-04-08 16:07:17] [ERROR] bvid=BV1x8DKB9EC7 抓取失败：meta: 接口返回错误代码：-404，信息：啥都木有。
{'code': -404, 'message': '啥都木有', 'ttl': 1}
[2026-04-08 16:07:21] [SUCCESS] bvid=BV1x8DKB9ECm 已成功抓取全部所需数据。
[2026-04-08 16:07:24] [SUCCESS] bvid=BV1x8XDBJEYK 已成功抓取全部所需数据。
[2026-04-08 16:07:24] [ERROR] bvid=BV1x8XjBpEsq 抓取失败：meta: 接口返回错误代码：62002，信息：稿件不可见。
{'code': 62002, 'message': '稿件不可见', 'ttl': 1}
[2026-04-08 16:07:28] [SUCCESS] bvid=BV1x8XzBDE2X 已成功抓取全部所需数据。
[2026-04-08 16:07:32] [SUCCESS] bvid=BV1x9XbBWEAB 已成功抓取全部所需数据。
[2026-04-08 16:07:35] [SUCCESS] bvid=BV1xA9gBzEGi 已成功抓取全部所需数据。
[2026-04-08 16:07:39] [SUCCESS] bvid=BV1xASSBME5s 已成功抓取全部所需数据。
[2026-04-08 16:07:42] [SUCCESS] bvid=BV1xAXPBHE5f 已成功抓取全部所需数据。
[2026-04-08 16:07:46] [SUCCESS] bvid=BV1xAXPBHEKE 已成功抓取全部所需数据。
[2026-04-08 16:07:50] [SUCCESS] bvid=BV1xAXPBHETy 已成功抓取全部所需数据。
[2026-04-08 16:07:53] [SUCCESS] bvid=BV1xAXPBHEWL 已成功抓取全部所需数据。
[2026-04-08 16:07:56] [SUCCESS] bvid=BV1xAXVBVEtc 已成功抓取全部所需数据。
[2026-04-08 16:08:00] [SUCCESS] bvid=BV1xB97BfEV3 已成功抓取全部所需数据。
[2026-04-08 16:08:04] [SUCCESS] bvid=BV1xBXRB8EGq 已成功抓取全部所需数据。
[2026-04-08 16:08:07] [SUCCESS] bvid=BV1xBXnBaEcw 已成功抓取全部所需数据。
[2026-04-08 16:08:10] [SUCCESS] bvid=BV1xCDGBuEhj 已成功抓取全部所需数据。
[2026-04-08 16:08:14] [SUCCESS] bvid=BV1xCXLBQE7b 已成功抓取全部所需数据。
[2026-04-08 16:08:17] [SUCCESS] bvid=BV1xCXfBkEQS 已成功抓取全部所需数据。
[2026-04-08 16:08:21] [SUCCESS] bvid=BV1xD9ABWERJ 已成功抓取全部所需数据。
[2026-04-08 16:08:25] [SUCCESS] bvid=BV1xDXbBxEAN 已成功抓取全部所需数据。
[2026-04-08 16:08:25] [ERROR] bvid=BV1xDXbBxEKm 抓取失败：meta: 接口返回错误代码：62002，信息：稿件不可见。
{'code': 62002, 'message': '稿件不可见', 'ttl': 1}
[2026-04-08 16:08:29] [SUCCESS] bvid=BV1xDXbBxEPh 已成功抓取全部所需数据。
[2026-04-08 16:08:32] [SUCCESS] bvid=BV1xDXbBxETC 已成功抓取全部所需数据。
[2026-04-08 16:08:36] [SUCCESS] bvid=BV1xDXbBxEUm 已成功抓取全部所需数据。
[2026-04-08 16:08:39] [SUCCESS] bvid=BV1xEXGB5Ezh 已成功抓取全部所需数据。
[2026-04-08 16:08:43] [SUCCESS] bvid=BV1xEXGBVE7n 已成功抓取全部所需数据。
[2026-04-08 16:08:46] [SUCCESS] bvid=BV1xEXGBVEJF 已成功抓取全部所需数据。
[2026-04-08 16:08:49] [SUCCESS] bvid=BV1xEXGBVEMN 已成功抓取全部所需数据。
[2026-04-08 16:08:53] [SUCCESS] bvid=BV1xEXGBVEY7 已成功抓取全部所需数据。
[2026-04-08 16:08:56] [SUCCESS] bvid=BV1xEXGBVEbS 已成功抓取全部所需数据。
[2026-04-08 16:09:00] [SUCCESS] bvid=BV1xEXGBVEjK 已成功抓取全部所需数据。
[2026-04-08 16:09:03] [SUCCESS] bvid=BV1xEXGBVErF 已成功抓取全部所需数据。
[2026-04-08 16:09:06] [SUCCESS] bvid=BV1xEXyBYEUv 已成功抓取全部所需数据。
[2026-04-08 16:09:10] [SUCCESS] bvid=BV1xFDYBFE8E 已成功抓取全部所需数据。
[2026-04-08 16:09:13] [SUCCESS] bvid=BV1xFSSBgEiG 已成功抓取全部所需数据。
[2026-04-08 16:09:16] [SUCCESS] bvid=BV1xFX3BqEL6 已成功抓取全部所需数据。
[2026-04-08 16:09:20] [SUCCESS] bvid=BV1xFX3BqEjH 已成功抓取全部所需数据。
[2026-04-08 16:09:24] [SUCCESS] bvid=BV1xFXVBLED5 已成功抓取全部所需数据。
[2026-04-08 16:09:27] [SUCCESS] bvid=BV1xFXVBLEsr 已成功抓取全部所需数据。
[2026-04-08 16:09:30] [SUCCESS] bvid=BV1xGDNB7EtW 已成功抓取全部所需数据。
[2026-04-08 16:09:33] [SUCCESS] bvid=BV1xGSdBxEWL 已成功抓取全部所需数据。
[2026-04-08 16:09:36] [SUCCESS] bvid=BV1xGXQBDEA2 已成功抓取全部所需数据。
[2026-04-08 16:09:39] [SUCCESS] bvid=BV1xHX2BuEAR 已成功抓取全部所需数据。
[2026-04-08 16:09:43] [SUCCESS] bvid=BV1xHX2BuEXg 已成功抓取全部所需数据。
[2026-04-08 16:09:46] [SUCCESS] bvid=BV1xHXGB3E89 已成功抓取全部所需数据。
[2026-04-08 16:09:49] [SUCCESS] bvid=BV1xHXGB3EWT 已成功抓取全部所需数据。
[2026-04-08 16:09:52] [SUCCESS] bvid=BV1xHXGB3Ewy 已成功抓取全部所需数据。
[2026-04-08 16:09:55] [SUCCESS] bvid=BV1xJDFBTE4L 已成功抓取全部所需数据。
[2026-04-08 16:09:58] [SUCCESS] bvid=BV1xJDFBTEeH 已成功抓取全部所需数据。
[2026-04-08 16:10:02] [SUCCESS] bvid=BV1xJSZBbENM 已成功抓取全部所需数据。
[2026-04-08 16:10:05] [SUCCESS] bvid=BV1xJX2B6EY8 已成功抓取全部所需数据。
[2026-04-08 16:10:08] [SUCCESS] bvid=BV1xJXGBkE1Z 已成功抓取全部所需数据。
[2026-04-08 16:10:11] [SUCCESS] bvid=BV1xJXGBkECy 已成功抓取全部所需数据。
[2026-04-08 16:10:15] [SUCCESS] bvid=BV1xJXGBkEiJ 已成功抓取全部所需数据。
[2026-04-08 16:10:18] [SUCCESS] bvid=BV1xJXGBkEoz 已成功抓取全部所需数据。
[2026-04-08 16:10:21] [SUCCESS] bvid=BV1xJXGBkEv8 已成功抓取全部所需数据。
[2026-04-08 16:10:24] [SUCCESS] bvid=BV1xKXBB7E9a 已成功抓取全部所需数据。
[2026-04-08 16:10:27] [SUCCESS] bvid=BV1xKXBB7ETq 已成功抓取全部所需数据。
[2026-04-08 16:10:31] [SUCCESS] bvid=BV1xKXBB7Emi 已成功抓取全部所需数据。
[2026-04-08 16:10:34] [SUCCESS] bvid=BV1xKXPBJEES 已成功抓取全部所需数据。
[2026-04-08 16:10:37] [SUCCESS] bvid=BV1xKXPBJEJv 已成功抓取全部所需数据。
[2026-04-08 16:10:40] [SUCCESS] bvid=BV1xKXPBJEYe 已成功抓取全部所需数据。
[2026-04-08 16:10:43] [SUCCESS] bvid=BV1xKXPBJEab 已成功抓取全部所需数据。
[2026-04-08 16:10:46] [SUCCESS] bvid=BV1xKXPBJEcM 已成功抓取全部所需数据。
[2026-04-08 16:10:49] [SUCCESS] bvid=BV1xKXPBJEkG 已成功抓取全部所需数据。
[2026-04-08 16:10:53] [SUCCESS] bvid=BV1xKXPBJEre 已成功抓取全部所需数据。
[2026-04-08 16:10:56] [SUCCESS] bvid=BV1xM95BQEkP 已成功抓取全部所需数据。
[2026-04-08 16:10:59] [SUCCESS] bvid=BV1xMS9BnEJ1 已成功抓取全部所需数据。
[2026-04-08 16:11:03] [SUCCESS] bvid=BV1xMXKBdEWY 已成功抓取全部所需数据。
[2026-04-08 16:11:06] [SUCCESS] bvid=BV1xMXKBdEXg 已成功抓取全部所需数据。
[2026-04-08 16:11:09] [SUCCESS] bvid=BV1xMXKBdEi9 已成功抓取全部所需数据。
[2026-04-08 16:11:13] [SUCCESS] bvid=BV1xNSQByEap 已成功抓取全部所需数据。
[2026-04-08 16:11:16] [SUCCESS] bvid=BV1xNXKBZE1q 已成功抓取全部所需数据。
[2026-04-08 16:11:16] [WARN] 当前子任务已结束，但仍有未成功抓取的视频，已导出 remaining CSV 供继续执行。
[2026-04-08 16:11:16] [INFO] 已导出剔除成功条目后的剩余 CSV：outputs\video_data\manual_crawls\manual_crawl_meta_mode_A_20260408_115230\remaining_bvids_part_39.csv
[2026-04-08 16:11:16] 子任务结束时间：2026-04-08T16:11:16.701697
[TIMESTAMP][END] 2026-04-08T16:11:16
