[TIMESTAMP][BEGIN] 2026-04-08T12:19:02
[2026-04-08 12:19:04] 开始执行 CSV 批量抓取子任务 part_7。
[2026-04-08 12:19:04] 子任务开始时间：2026-04-08T12:19:02.506961
[2026-04-08 12:19:04] 输入文件：batch_input_7.csv
[2026-04-08 12:19:04] 输入唯一 bvid 数量：100
[2026-04-08 12:19:04] 为严格按 CSV 顺序判断连续失败阈值，本次任务自动将并发度从 2 调整为 1。
[2026-04-08 12:19:08] [SUCCESS] bvid=BV1ThSoBAER9 已成功抓取全部所需数据。
[2026-04-08 12:19:11] [SUCCESS] bvid=BV1ToDaBwEaw 已成功抓取全部所需数据。
[2026-04-08 12:19:11] [ERROR] bvid=BV1ToXGB7E7R 抓取失败：meta: 接口返回错误代码：-404，信息：啥都木有。
{'code': -404, 'message': '啥都木有', 'ttl': 1}
[2026-04-08 12:19:11] [ERROR] bvid=BV1TrXPBxEcx 抓取失败：meta: 接口返回错误代码：62002，信息：稿件不可见。
{'code': 62002, 'message': '稿件不可见', 'ttl': 1}
[2026-04-08 12:19:15] [SUCCESS] bvid=BV1Tv9KBwE3Z 已成功抓取全部所需数据。
[2026-04-08 12:19:18] [SUCCESS] bvid=BV1Tv9KBwEJu 已成功抓取全部所需数据。
[2026-04-08 12:19:21] [SUCCESS] bvid=BV1Tv9KBwEpT 已成功抓取全部所需数据。
[2026-04-08 12:19:25] [SUCCESS] bvid=BV1TwDvBqEqC 已成功抓取全部所需数据。
[2026-04-08 12:19:28] [SUCCESS] bvid=BV1TzDYBYEyG 已成功抓取全部所需数据。
[2026-04-08 12:19:28] [ERROR] bvid=BV1TzXmB2EXC 抓取失败：meta: 接口返回错误代码：62002，信息：稿件不可见。
{'code': 62002, 'message': '稿件不可见', 'ttl': 1}
[2026-04-08 12:19:31] [SUCCESS] bvid=BV1U5DFB6Eeq 已成功抓取全部所需数据。
[2026-04-08 12:19:35] [SUCCESS] bvid=BV1U6DvBzE8V 已成功抓取全部所需数据。
[2026-04-08 12:19:38] [SUCCESS] bvid=BV1UA9cBmEHW 已成功抓取全部所需数据。
[2026-04-08 12:19:41] [SUCCESS] bvid=BV1UBDYBAEHU 已成功抓取全部所需数据。
[2026-04-08 12:19:41] [ERROR] bvid=BV1UJXNBbEN4 抓取失败：meta: 接口返回错误代码：62012，信息：62012。
{'code': 62012, 'message': '62012', 'ttl': 1}
[2026-04-08 12:19:45] [SUCCESS] bvid=BV1URDuBPEEN 已成功抓取全部所需数据。
[2026-04-08 12:19:48] [SUCCESS] bvid=BV1UUDTB8Ezx 已成功抓取全部所需数据。
[2026-04-08 12:19:51] [SUCCESS] bvid=BV1UV9TBNE5e 已成功抓取全部所需数据。
[2026-04-08 12:19:55] [SUCCESS] bvid=BV1UYDYBiE2J 已成功抓取全部所需数据。
[2026-04-08 12:19:58] [SUCCESS] bvid=BV1UYDhBZEPo 已成功抓取全部所需数据。
[2026-04-08 12:20:01] [SUCCESS] bvid=BV1UaSfBuEDo 已成功抓取全部所需数据。
[2026-04-08 12:20:04] [SUCCESS] bvid=BV1UaSoBhE3A 已成功抓取全部所需数据。
[2026-04-08 12:20:08] [SUCCESS] bvid=BV1UbSoBYEYt 已成功抓取全部所需数据。
[2026-04-08 12:20:11] [SUCCESS] bvid=BV1UbSoBYEfE 已成功抓取全部所需数据。
[2026-04-08 12:20:15] [SUCCESS] bvid=BV1UbSoBYEm2 已成功抓取全部所需数据。
[2026-04-08 12:20:18] [SUCCESS] bvid=BV1UfXZBkEUA 已成功抓取全部所需数据。
[2026-04-08 12:20:22] [SUCCESS] bvid=BV1UhDhBFEes 已成功抓取全部所需数据。
[2026-04-08 12:20:25] [SUCCESS] bvid=BV1Ui9MBuE2k 已成功抓取全部所需数据。
[2026-04-08 12:20:28] [SUCCESS] bvid=BV1UjSUBzEw7 已成功抓取全部所需数据。
[2026-04-08 12:20:32] [SUCCESS] bvid=BV1UmDTBcE9r 已成功抓取全部所需数据。
[2026-04-08 12:20:32] [ERROR] bvid=BV1UnXjBtEa8 抓取失败：meta: 接口返回错误代码：-404，信息：啥都木有。
{'code': -404, 'message': '啥都木有', 'ttl': 1}
[2026-04-08 12:20:35] [SUCCESS] bvid=BV1UvSfBTEqK 已成功抓取全部所需数据。
[2026-04-08 12:20:39] [SUCCESS] bvid=BV1UzDcBGEbv 已成功抓取全部所需数据。
[2026-04-08 12:20:42] [SUCCESS] bvid=BV1UzDcBGEk6 已成功抓取全部所需数据。
[2026-04-08 12:20:45] [SUCCESS] bvid=BV1UzDvBgE5b 已成功抓取全部所需数据。
[2026-04-08 12:20:49] [SUCCESS] bvid=BV1UzDvBgEWx 已成功抓取全部所需数据。
[2026-04-08 12:20:52] [SUCCESS] bvid=BV1V1SUBDEP2 已成功抓取全部所需数据。
[2026-04-08 12:20:55] [SUCCESS] bvid=BV1V4DYBrE13 已成功抓取全部所需数据。
[2026-04-08 12:20:59] [SUCCESS] bvid=BV1V6D8BNEUb 已成功抓取全部所需数据。
[2026-04-08 12:21:02] [SUCCESS] bvid=BV1VBSdBBE4Y 已成功抓取全部所需数据。
[2026-04-08 12:21:05] [SUCCESS] bvid=BV1VEQ2BEEAE 已成功抓取全部所需数据。
[2026-04-08 12:21:09] [SUCCESS] bvid=BV1VEQ2BEEcR 已成功抓取全部所需数据。
[2026-04-08 12:21:12] [SUCCESS] bvid=BV1VESoB3EzL 已成功抓取全部所需数据。
[2026-04-08 12:21:15] [SUCCESS] bvid=BV1VHDhBTEwv 已成功抓取全部所需数据。
[2026-04-08 12:21:19] [SUCCESS] bvid=BV1VPSUBUEGo 已成功抓取全部所需数据。
[2026-04-08 12:21:22] [SUCCESS] bvid=BV1VTDFBjEvJ 已成功抓取全部所需数据。
[2026-04-08 12:21:25] [SUCCESS] bvid=BV1VTDeB5ESY 已成功抓取全部所需数据。
[2026-04-08 12:21:26] [ERROR] bvid=BV1VTX5BtEbm 抓取失败：meta: 接口返回错误代码：62002，信息：稿件不可见。
{'code': 62002, 'message': '稿件不可见', 'ttl': 1}
[2026-04-08 12:21:29] [SUCCESS] bvid=BV1VWSfB1EZ4 已成功抓取全部所需数据。
[2026-04-08 12:21:29] [ERROR] bvid=BV1VbXPBeExa 抓取失败：meta: 接口返回错误代码：62002，信息：稿件不可见。
{'code': 62002, 'message': '稿件不可见', 'ttl': 1}
[2026-04-08 12:21:32] [SUCCESS] bvid=BV1VcSZBkEGm 已成功抓取全部所需数据。
[2026-04-08 12:21:36] [SUCCESS] bvid=BV1VfSRBKEEV 已成功抓取全部所需数据。
[2026-04-08 12:21:39] [SUCCESS] bvid=BV1ViS9BwEd2 已成功抓取全部所需数据。
[2026-04-08 12:21:43] [SUCCESS] bvid=BV1VkDaBrE6C 已成功抓取全部所需数据。
[2026-04-08 12:21:46] [SUCCESS] bvid=BV1VqS9BhEJm 已成功抓取全部所需数据。
[2026-04-08 12:21:49] [SUCCESS] bvid=BV1VrSZB5EpA 已成功抓取全部所需数据。
[2026-04-08 12:21:53] [SUCCESS] bvid=BV1VtDcBDErU 已成功抓取全部所需数据。
[2026-04-08 12:21:56] [SUCCESS] bvid=BV1W1DYBbEHN 已成功抓取全部所需数据。
[2026-04-08 12:21:56] [ERROR] bvid=BV1W3XKB9Euv 抓取失败：meta: 接口返回错误代码：-404，信息：啥都木有。
{'code': -404, 'message': '啥都木有', 'ttl': 1}
[2026-04-08 12:22:00] [SUCCESS] bvid=BV1WESdBHEFZ 已成功抓取全部所需数据。
[2026-04-08 12:22:03] [SUCCESS] bvid=BV1WLSdBWEoR 已成功抓取全部所需数据。
[2026-04-08 12:22:06] [SUCCESS] bvid=BV1WMDvBaEiA 已成功抓取全部所需数据。
[2026-04-08 12:22:06] [ERROR] bvid=BV1WTXLBEEdT 抓取失败：meta: 接口返回错误代码：62002，信息：稿件不可见。
{'code': 62002, 'message': '稿件不可见', 'ttl': 1}
[2026-04-08 12:22:10] [SUCCESS] bvid=BV1WWDFBeEBZ 已成功抓取全部所需数据。
[2026-04-08 12:22:13] [SUCCESS] bvid=BV1WWDFBeEeP 已成功抓取全部所需数据。
[2026-04-08 12:22:16] [SUCCESS] bvid=BV1WWDaB9EbK 已成功抓取全部所需数据。
[2026-04-08 12:22:19] [SUCCESS] bvid=BV1WXSQBkELr 已成功抓取全部所需数据。
[2026-04-08 12:22:22] [SUCCESS] bvid=BV1WZD8BXEfd 已成功抓取全部所需数据。
[2026-04-08 12:22:22] [ERROR] bvid=BV1WiXDBLEFo 抓取失败：meta: 接口返回错误代码：-404，信息：啥都木有。
{'code': -404, 'message': '啥都木有', 'ttl': 1}
[2026-04-08 12:22:25] [SUCCESS] bvid=BV1WkSoBREsh 已成功抓取全部所需数据。
[2026-04-08 12:22:28] [SUCCESS] bvid=BV1WmDGBiEwA 已成功抓取全部所需数据。
[2026-04-08 12:22:28] [ERROR] bvid=BV1WmXmB3EJN 抓取失败：meta: 接口返回错误代码：62002，信息：稿件不可见。
{'code': 62002, 'message': '稿件不可见', 'ttl': 1}
[2026-04-08 12:22:28] [ERROR] bvid=BV1WtXjBXEoK 抓取失败：meta: 接口返回错误代码：62002，信息：稿件不可见。
{'code': 62002, 'message': '稿件不可见', 'ttl': 1}
[2026-04-08 12:22:31] [SUCCESS] bvid=BV1WvDKBnEQw 已成功抓取全部所需数据。
[2026-04-08 12:22:34] [SUCCESS] bvid=BV1Ww9MBaEUf 已成功抓取全部所需数据。
[2026-04-08 12:22:34] [ERROR] bvid=BV1X4XmB9EZT 抓取失败：meta: 接口返回错误代码：62002，信息：稿件不可见。
{'code': 62002, 'message': '稿件不可见', 'ttl': 1}
[2026-04-08 12:22:35] [ERROR] bvid=BV1X7XTBBEXa 抓取失败：meta: 接口返回错误代码：62012，信息：62012。
{'code': 62012, 'message': '62012', 'ttl': 1}
[2026-04-08 12:22:38] [SUCCESS] bvid=BV1XADaBME64 已成功抓取全部所需数据。
[2026-04-08 12:22:41] [SUCCESS] bvid=BV1XBDNBbEjM 已成功抓取全部所需数据。
[2026-04-08 12:22:45] [SUCCESS] bvid=BV1XEQ2B7Eqr 已成功抓取全部所需数据。
[2026-04-08 12:22:48] [SUCCESS] bvid=BV1XHDhBKEXn 已成功抓取全部所需数据。
[2026-04-08 12:22:51] [SUCCESS] bvid=BV1XHSoBMEZj 已成功抓取全部所需数据。
[2026-04-08 12:22:54] [SUCCESS] bvid=BV1XL93BJEKK 已成功抓取全部所需数据。
[2026-04-08 12:22:58] [SUCCESS] bvid=BV1XN9TB6EFM 已成功抓取全部所需数据。
[2026-04-08 12:23:01] [SUCCESS] bvid=BV1XTDFBLEb1 已成功抓取全部所需数据。
[2026-04-08 12:23:04] [SUCCESS] bvid=BV1XTSUB1ECU 已成功抓取全部所需数据。
[2026-04-08 12:23:08] [SUCCESS] bvid=BV1XWSfByEyg 已成功抓取全部所需数据。
[2026-04-08 12:23:11] [SUCCESS] bvid=BV1XYDvB5EY9 已成功抓取全部所需数据。
[2026-04-08 12:23:14] [SUCCESS] bvid=BV1XfSRBNETB 已成功抓取全部所需数据。
[2026-04-08 12:23:18] [SUCCESS] bvid=BV1Xg93BXEa3 已成功抓取全部所需数据。
[2026-04-08 12:23:18] [ERROR] bvid=BV1XgXNBvER4 抓取失败：meta: 接口返回错误代码：62002，信息：稿件不可见。
{'code': 62002, 'message': '稿件不可见', 'ttl': 1}
[2026-04-08 12:23:21] [SUCCESS] bvid=BV1XhDvB1ED9 已成功抓取全部所需数据。
[2026-04-08 12:23:25] [SUCCESS] bvid=BV1XkDuBGEWD 已成功抓取全部所需数据。
[2026-04-08 12:23:28] [SUCCESS] bvid=BV1XoSRBiE1C 已成功抓取全部所需数据。
[2026-04-08 12:23:32] [SUCCESS] bvid=BV1XpSoBqEJA 已成功抓取全部所需数据。
[2026-04-08 12:23:35] [SUCCESS] bvid=BV1XsDhBPEuQ 已成功抓取全部所需数据。
[2026-04-08 12:23:38] [SUCCESS] bvid=BV1Xu9uB1EmT 已成功抓取全部所需数据。
[2026-04-08 12:23:42] [SUCCESS] bvid=BV1XxSfBVEDD 已成功抓取全部所需数据。
[2026-04-08 12:23:45] [SUCCESS] bvid=BV1XxSfBVEFk 已成功抓取全部所需数据。
[2026-04-08 12:23:48] [SUCCESS] bvid=BV1XzDTBiEZt 已成功抓取全部所需数据。
[2026-04-08 12:23:48] [WARN] 当前子任务已结束，但仍有未成功抓取的视频，已导出 remaining CSV 供继续执行。
[2026-04-08 12:23:48] [INFO] 已导出剔除成功条目后的剩余 CSV：outputs\video_data\manual_crawls\manual_crawl_meta_mode_A_20260408_115230\remaining_bvids_part_7.csv
[2026-04-08 12:23:48] 子任务结束时间：2026-04-08T12:23:48.797711
[TIMESTAMP][END] 2026-04-08T12:23:48
