[TIMESTAMP][BEGIN] 2026-04-08T16:51:37
[2026-04-08 16:51:39] 开始执行 CSV 批量抓取子任务 part_47。
[2026-04-08 16:51:39] 子任务开始时间：2026-04-08T16:51:37.560021
[2026-04-08 16:51:39] 输入文件：batch_input_47.csv
[2026-04-08 16:51:39] 输入唯一 bvid 数量：67
[2026-04-08 16:51:39] 为严格按 CSV 顺序判断连续失败阈值，本次任务自动将并发度从 2 调整为 1。
[2026-04-08 16:51:43] [SUCCESS] bvid=BV1zkXTBHEsH 已成功抓取全部所需数据。
[2026-04-08 16:51:46] [SUCCESS] bvid=BV1zkXjBVEGS 已成功抓取全部所需数据。
[2026-04-08 16:51:50] [SUCCESS] bvid=BV1zkXzBrEYr 已成功抓取全部所需数据。
[2026-04-08 16:51:53] [SUCCESS] bvid=BV1zkXzBrEZh 已成功抓取全部所需数据。
[2026-04-08 16:51:56] [SUCCESS] bvid=BV1zkXzBrEx6 已成功抓取全部所需数据。
[2026-04-08 16:52:00] [SUCCESS] bvid=BV1zmSoBnESL 已成功抓取全部所需数据。
[2026-04-08 16:52:03] [SUCCESS] bvid=BV1zmXuBdESn 已成功抓取全部所需数据。
[2026-04-08 16:52:07] [SUCCESS] bvid=BV1zmXuBdEX1 已成功抓取全部所需数据。
[2026-04-08 16:52:10] [SUCCESS] bvid=BV1zmXuBdEzz 已成功抓取全部所需数据。
[2026-04-08 16:52:14] [SUCCESS] bvid=BV1zn9cBKEEm 已成功抓取全部所需数据。
[2026-04-08 16:52:17] [SUCCESS] bvid=BV1zn9cBKEcE 已成功抓取全部所需数据。
[2026-04-08 16:52:21] [SUCCESS] bvid=BV1znXKBmE7J 已成功抓取全部所需数据。
[2026-04-08 16:52:21] [ERROR] bvid=BV1znXKBmEpK 抓取失败：meta: 接口返回错误代码：62002，信息：稿件不可见。
{'code': 62002, 'message': '稿件不可见', 'ttl': 1}
[2026-04-08 16:52:24] [SUCCESS] bvid=BV1znXKBmEpR 已成功抓取全部所需数据。
[2026-04-08 16:52:28] [SUCCESS] bvid=BV1znXSBqEmx 已成功抓取全部所需数据。
[2026-04-08 16:52:31] [SUCCESS] bvid=BV1zoXPBLE1S 已成功抓取全部所需数据。
[2026-04-08 16:52:34] [SUCCESS] bvid=BV1zoXVBKEHs 已成功抓取全部所需数据。
[2026-04-08 16:52:38] [SUCCESS] bvid=BV1zoXVBKEXG 已成功抓取全部所需数据。
[2026-04-08 16:52:41] [SUCCESS] bvid=BV1zoXVBKEYv 已成功抓取全部所需数据。
[2026-04-08 16:52:45] [SUCCESS] bvid=BV1zoXVBKEZZ 已成功抓取全部所需数据。
[2026-04-08 16:52:48] [SUCCESS] bvid=BV1zoXmBPEch 已成功抓取全部所需数据。
[2026-04-08 16:52:52] [SUCCESS] bvid=BV1zoXmBPEec 已成功抓取全部所需数据。
[2026-04-08 16:52:55] [SUCCESS] bvid=BV1zoXmBPEhQ 已成功抓取全部所需数据。
[2026-04-08 16:52:59] [SUCCESS] bvid=BV1zpDNB6EE6 已成功抓取全部所需数据。
[2026-04-08 16:53:02] [SUCCESS] bvid=BV1zpX6B5ENo 已成功抓取全部所需数据。
[2026-04-08 16:53:05] [SUCCESS] bvid=BV1zpXKBjEY9 已成功抓取全部所需数据。
[2026-04-08 16:53:09] [SUCCESS] bvid=BV1zpXKBjEdk 已成功抓取全部所需数据。
[2026-04-08 16:53:12] [SUCCESS] bvid=BV1zpXKBjEo3 已成功抓取全部所需数据。
[2026-04-08 16:53:16] [SUCCESS] bvid=BV1zpXbByEAK 已成功抓取全部所需数据。
[2026-04-08 16:53:19] [SUCCESS] bvid=BV1zpXbByEFT 已成功抓取全部所需数据。
[2026-04-08 16:53:22] [SUCCESS] bvid=BV1zpXbByEwk 已成功抓取全部所需数据。
[2026-04-08 16:53:26] [SUCCESS] bvid=BV1zq9uB4EHQ 已成功抓取全部所需数据。
[2026-04-08 16:53:29] [SUCCESS] bvid=BV1zq9uB4EMV 已成功抓取全部所需数据。
[2026-04-08 16:53:33] [SUCCESS] bvid=BV1zq9uB4Eui 已成功抓取全部所需数据。
[2026-04-08 16:53:36] [SUCCESS] bvid=BV1zqXGBcEcH 已成功抓取全部所需数据。
[2026-04-08 16:53:39] [SUCCESS] bvid=BV1zqXqBTEEW 已成功抓取全部所需数据。
[2026-04-08 16:53:43] [SUCCESS] bvid=BV1zqXqBTEFb 已成功抓取全部所需数据。
[2026-04-08 16:53:46] [SUCCESS] bvid=BV1zqXqBTEcy 已成功抓取全部所需数据。
[2026-04-08 16:53:49] [SUCCESS] bvid=BV1zqXxBBEtH 已成功抓取全部所需数据。
[2026-04-08 16:53:53] [SUCCESS] bvid=BV1zr93BaEah 已成功抓取全部所需数据。
[2026-04-08 16:53:56] [SUCCESS] bvid=BV1zrXNB5EJM 已成功抓取全部所需数据。
[2026-04-08 16:54:00] [SUCCESS] bvid=BV1zrXNB5Emz 已成功抓取全部所需数据。
[2026-04-08 16:54:03] [SUCCESS] bvid=BV1zrXUBPE5u 已成功抓取全部所需数据。
[2026-04-08 16:54:06] [SUCCESS] bvid=BV1zrXzBGEiU 已成功抓取全部所需数据。
[2026-04-08 16:54:10] [SUCCESS] bvid=BV1zsXMBXE4N 已成功抓取全部所需数据。
[2026-04-08 16:54:10] [ERROR] bvid=BV1zsXMBXEEo 抓取失败：meta: 接口返回错误代码：-404，信息：啥都木有。
{'code': -404, 'message': '啥都木有', 'ttl': 1}
[2026-04-08 16:54:13] [SUCCESS] bvid=BV1zsXMBXEoM 已成功抓取全部所需数据。
[2026-04-08 16:54:17] [SUCCESS] bvid=BV1zsXbBVELW 已成功抓取全部所需数据。
[2026-04-08 16:54:20] [SUCCESS] bvid=BV1zsXbBVEYV 已成功抓取全部所需数据。
[2026-04-08 16:54:24] [SUCCESS] bvid=BV1zsXbBVEaU 已成功抓取全部所需数据。
[2026-04-08 16:54:27] [SUCCESS] bvid=BV1zsXbBVEgi 已成功抓取全部所需数据。
[2026-04-08 16:54:30] [SUCCESS] bvid=BV1ztXMBDEpM 已成功抓取全部所需数据。
[2026-04-08 16:54:33] [SUCCESS] bvid=BV1zu9PB3E3x 已成功抓取全部所需数据。
[2026-04-08 16:54:36] [SUCCESS] bvid=BV1zv9uBZEpR 已成功抓取全部所需数据。
[2026-04-08 16:54:40] [SUCCESS] bvid=BV1zvXqBBEdk 已成功抓取全部所需数据。
[2026-04-08 16:54:43] [SUCCESS] bvid=BV1zwXDBBE4a 已成功抓取全部所需数据。
[2026-04-08 16:54:46] [SUCCESS] bvid=BV1zwXDBzErs 已成功抓取全部所需数据。
[2026-04-08 16:54:50] [SUCCESS] bvid=BV1zwXjB6EML 已成功抓取全部所需数据。
[2026-04-08 16:54:53] [SUCCESS] bvid=BV1zwXjBrEWr 已成功抓取全部所需数据。
[2026-04-08 16:54:56] [SUCCESS] bvid=BV1zxX6BGEc6 已成功抓取全部所需数据。
[2026-04-08 16:54:59] [SUCCESS] bvid=BV1zxXhBnE5i 已成功抓取全部所需数据。
[2026-04-08 16:55:03] [SUCCESS] bvid=BV1zzX5BqE31 已成功抓取全部所需数据。
[2026-04-08 16:55:06] [SUCCESS] bvid=BV1zzXNB1E34 已成功抓取全部所需数据。
[2026-04-08 16:55:06] [ERROR] bvid=BV1zzXNB1E7B 抓取失败：meta: 接口返回错误代码：62002，信息：稿件不可见。
{'code': 62002, 'message': '稿件不可见', 'ttl': 1}
[2026-04-08 16:55:09] [SUCCESS] bvid=BV1zzXNB1E7T 已成功抓取全部所需数据。
[2026-04-08 16:55:12] [SUCCESS] bvid=BV1zzXNB1Efa 已成功抓取全部所需数据。
[2026-04-08 16:55:15] [SUCCESS] bvid=BV1zzXjBLE6Q 已成功抓取全部所需数据。
[2026-04-08 16:55:15] [WARN] 当前子任务已结束，但仍有未成功抓取的视频，已导出 remaining CSV 供继续执行。
[2026-04-08 16:55:15] [INFO] 已导出剔除成功条目后的剩余 CSV：outputs\video_data\manual_crawls\manual_crawl_meta_mode_A_20260408_115230\remaining_bvids_part_47.csv
[2026-04-08 16:55:15] 子任务结束时间：2026-04-08T16:55:15.928909
[TIMESTAMP][END] 2026-04-08T16:55:15
