[TIMESTAMP][BEGIN] 2026-04-08T11:56:58
[2026-04-08 11:57:01] 开始执行 CSV 批量抓取子任务 part_2。
[2026-04-08 11:57:01] 子任务开始时间：2026-04-08T11:56:58.584327
[2026-04-08 11:57:01] 输入文件：batch_input_2.csv
[2026-04-08 11:57:01] 输入唯一 bvid 数量：100
[2026-04-08 11:57:01] 为严格按 CSV 顺序判断连续失败阈值，本次任务自动将并发度从 2 调整为 1。
[2026-04-08 11:57:04] [SUCCESS] bvid=BV14oD8BWEuj 已成功抓取全部所需数据。
[2026-04-08 11:57:04] [ERROR] bvid=BV14pXUBjEWW 抓取失败：meta: 接口返回错误代码：62002，信息：稿件不可见。
{'code': 62002, 'message': '稿件不可见', 'ttl': 1}
[2026-04-08 11:57:07] [SUCCESS] bvid=BV14v9KBwES3 已成功抓取全部所需数据。
[2026-04-08 11:57:10] [SUCCESS] bvid=BV14v9KBwESj 已成功抓取全部所需数据。
[2026-04-08 11:57:13] [SUCCESS] bvid=BV14v9KBwEkA 已成功抓取全部所需数据。
[2026-04-08 11:57:16] [SUCCESS] bvid=BV14v9KBwEpx 已成功抓取全部所需数据。
[2026-04-08 11:57:26] [SUCCESS] bvid=BV14vSoB8EqS 已成功抓取全部所需数据。
[2026-04-08 11:57:26] [ERROR] bvid=BV154XVBoEuz 抓取失败：meta: 接口返回错误代码：62002，信息：稿件不可见。
{'code': 62002, 'message': '稿件不可见', 'ttl': 1}
[2026-04-08 11:57:26] [ERROR] bvid=BV158DvB7EgY 抓取失败：meta: 接口返回错误代码：62002，信息：稿件不可见。
{'code': 62002, 'message': '稿件不可见', 'ttl': 1}
[2026-04-08 11:57:35] [SUCCESS] bvid=BV158SQBtEWy 已成功抓取全部所需数据。
[2026-04-08 11:57:45] [SUCCESS] bvid=BV159SRBzEkL 已成功抓取全部所需数据。
[2026-04-08 11:57:55] [SUCCESS] bvid=BV15BDTBMEXs 已成功抓取全部所需数据。
[2026-04-08 11:57:55] [ERROR] bvid=BV15BXyBSEio 抓取失败：meta: 接口返回错误代码：62002，信息：稿件不可见。
{'code': 62002, 'message': '稿件不可见', 'ttl': 1}
[2026-04-08 11:58:04] [SUCCESS] bvid=BV15HDhBTESy 已成功抓取全部所需数据。
[2026-04-08 11:58:14] [SUCCESS] bvid=BV15JDhBBEZr 已成功抓取全部所需数据。
[2026-04-08 11:58:14] [ERROR] bvid=BV15SXjBBExa 抓取失败：meta: 接口返回错误代码：62002，信息：稿件不可见。
{'code': 62002, 'message': '稿件不可见', 'ttl': 1}
[2026-04-08 11:58:23] [SUCCESS] bvid=BV15TDeB5Ex2 已成功抓取全部所需数据。
[2026-04-08 11:58:23] [ERROR] bvid=BV15YXMB7E2Y 抓取失败：meta: 接口返回错误代码：62002，信息：稿件不可见。
{'code': 62002, 'message': '稿件不可见', 'ttl': 1}
[2026-04-08 11:58:24] [ERROR] bvid=BV15cX2B9E9y 抓取失败：meta: 接口返回错误代码：62002，信息：稿件不可见。
{'code': 62002, 'message': '稿件不可见', 'ttl': 1}
[2026-04-08 11:58:33] [SUCCESS] bvid=BV15kDaBrEny 已成功抓取全部所需数据。
[2026-04-08 11:58:33] [ERROR] bvid=BV15mXUBFEsu 抓取失败：meta: 接口返回错误代码：62002，信息：稿件不可见。
{'code': 62002, 'message': '稿件不可见', 'ttl': 1}
[2026-04-08 11:58:43] [SUCCESS] bvid=BV15rDaBGE3f 已成功抓取全部所需数据。
[2026-04-08 11:58:52] [SUCCESS] bvid=BV15tSQBfEY5 已成功抓取全部所需数据。
[2026-04-08 11:58:52] [ERROR] bvid=BV15xXPBiEJ7 抓取失败：meta: 接口返回错误代码：62002，信息：稿件不可见。
{'code': 62002, 'message': '稿件不可见', 'ttl': 1}
[2026-04-08 11:58:56] [SUCCESS] bvid=BV15zSZB1EMK 已成功抓取全部所需数据。
[2026-04-08 11:58:59] [SUCCESS] bvid=BV161DhBSEBU 已成功抓取全部所需数据。
[2026-04-08 11:59:02] [SUCCESS] bvid=BV168DaBSESc 已成功抓取全部所需数据。
[2026-04-08 11:59:05] [SUCCESS] bvid=BV16ADKBGE4V 已成功抓取全部所需数据。
[2026-04-08 11:59:09] [SUCCESS] bvid=BV16FDPBiEHw 已成功抓取全部所需数据。
[2026-04-08 11:59:12] [SUCCESS] bvid=BV16RDYBpEaB 已成功抓取全部所需数据。
[2026-04-08 11:59:15] [SUCCESS] bvid=BV16SSfBoEbs 已成功抓取全部所需数据。
[2026-04-08 11:59:16] [ERROR] bvid=BV16VXPByEeU 抓取失败：meta: 接口返回错误代码：62002，信息：稿件不可见。
{'code': 62002, 'message': '稿件不可见', 'ttl': 1}
[2026-04-08 11:59:16] [ERROR] bvid=BV16VXPByEzB 抓取失败：meta: 接口返回错误代码：62002，信息：稿件不可见。
{'code': 62002, 'message': '稿件不可见', 'ttl': 1}
[2026-04-08 11:59:19] [SUCCESS] bvid=BV16WDTBmEd3 已成功抓取全部所需数据。
[2026-04-08 11:59:22] [SUCCESS] bvid=BV16XSfBREV7 已成功抓取全部所需数据。
[2026-04-08 11:59:25] [SUCCESS] bvid=BV16XSfBREwC 已成功抓取全部所需数据。
[2026-04-08 11:59:29] [SUCCESS] bvid=BV16YSDBiEnb 已成功抓取全部所需数据。
[2026-04-08 11:59:32] [SUCCESS] bvid=BV16ZDcBFEPS 已成功抓取全部所需数据。
[2026-04-08 11:59:32] [ERROR] bvid=BV16ZXLBVEA9 抓取失败：meta: 接口返回错误代码：62012，信息：62012。
{'code': 62012, 'message': '62012', 'ttl': 1}
[2026-04-08 11:59:35] [SUCCESS] bvid=BV16aDaBEEPi 已成功抓取全部所需数据。
[2026-04-08 11:59:39] [SUCCESS] bvid=BV16aDaBEEnG 已成功抓取全部所需数据。
[2026-04-08 11:59:42] [SUCCESS] bvid=BV16aSUBbEeo 已成功抓取全部所需数据。
[2026-04-08 11:59:42] [ERROR] bvid=BV16cX8BUE56 抓取失败：meta: 接口返回错误代码：62012，信息：62012。
{'code': 62012, 'message': '62012', 'ttl': 1}
[2026-04-08 11:59:45] [SUCCESS] bvid=BV16oDABBEqL 已成功抓取全部所需数据。
[2026-04-08 11:59:49] [SUCCESS] bvid=BV16uDgB9Ef3 已成功抓取全部所需数据。
[2026-04-08 11:59:52] [SUCCESS] bvid=BV16vSDBNEhq 已成功抓取全部所需数据。
[2026-04-08 11:59:55] [SUCCESS] bvid=BV16ySRByEA2 已成功抓取全部所需数据。
[2026-04-08 11:59:55] [ERROR] bvid=BV172XjB6Eu1 抓取失败：meta: 接口返回错误代码：62002，信息：稿件不可见。
{'code': 62002, 'message': '稿件不可见', 'ttl': 1}
[2026-04-08 11:59:58] [SUCCESS] bvid=BV175SfBQEzZ 已成功抓取全部所需数据。
[2026-04-08 12:00:02] [SUCCESS] bvid=BV176DeBDExW 已成功抓取全部所需数据。
[2026-04-08 12:00:05] [SUCCESS] bvid=BV177SSBZE4r 已成功抓取全部所需数据。
[2026-04-08 12:00:09] [SUCCESS] bvid=BV17EDcBoEEJ 已成功抓取全部所需数据。
[2026-04-08 12:00:12] [SUCCESS] bvid=BV17HDcBREA1 已成功抓取全部所需数据。
[2026-04-08 12:00:12] [ERROR] bvid=BV17HXPBuEPd 抓取失败：meta: 接口返回错误代码：62002，信息：稿件不可见。
{'code': 62002, 'message': '稿件不可见', 'ttl': 1}
[2026-04-08 12:00:16] [SUCCESS] bvid=BV17LDhB3EHZ 已成功抓取全部所需数据。
[2026-04-08 12:00:19] [SUCCESS] bvid=BV17VSoByE5M 已成功抓取全部所需数据。
[2026-04-08 12:00:22] [SUCCESS] bvid=BV17YDaBmEdH 已成功抓取全部所需数据。
[2026-04-08 12:00:26] [SUCCESS] bvid=BV17YSZBSEnL 已成功抓取全部所需数据。
[2026-04-08 12:00:29] [SUCCESS] bvid=BV17bDTB5E9e 已成功抓取全部所需数据。
[2026-04-08 12:00:32] [SUCCESS] bvid=BV17kXZBsEw8 已成功抓取全部所需数据。
[2026-04-08 12:00:35] [SUCCESS] bvid=BV17nDvBWEzw 已成功抓取全部所需数据。
[2026-04-08 12:00:36] [ERROR] bvid=BV17qAGz4EQW 抓取失败：meta: 接口返回错误代码：62002，信息：稿件不可见。
{'code': 62002, 'message': '稿件不可见', 'ttl': 1}
[2026-04-08 12:00:39] [SUCCESS] bvid=BV17qDFBREGu 已成功抓取全部所需数据。
[2026-04-08 12:00:42] [SUCCESS] bvid=BV17w9FB8Es9 已成功抓取全部所需数据。
[2026-04-08 12:00:42] [ERROR] bvid=BV17xXKB5EbK 抓取失败：meta: 接口返回错误代码：62002，信息：稿件不可见。
{'code': 62002, 'message': '稿件不可见', 'ttl': 1}
[2026-04-08 12:00:43] [ERROR] bvid=BV17xXKB5Eo5 抓取失败：meta: 接口返回错误代码：62002，信息：稿件不可见。
{'code': 62002, 'message': '稿件不可见', 'ttl': 1}
[2026-04-08 12:00:46] [SUCCESS] bvid=BV17zSUBRENB 已成功抓取全部所需数据。
[2026-04-08 12:00:46] [ERROR] bvid=BV17zXUBvEZS 抓取失败：meta: 接口返回错误代码：62002，信息：稿件不可见。
{'code': 62002, 'message': '稿件不可见', 'ttl': 1}
[2026-04-08 12:00:49] [SUCCESS] bvid=BV183D3BGE67 已成功抓取全部所需数据。
[2026-04-08 12:00:52] [SUCCESS] bvid=BV185X5B9EGh 已成功抓取全部所需数据。
[2026-04-08 12:00:53] [ERROR] bvid=BV185XUBQEVo 抓取失败：meta: 接口返回错误代码：62002，信息：稿件不可见。
{'code': 62002, 'message': '稿件不可见', 'ttl': 1}
[2026-04-08 12:00:53] [ERROR] bvid=BV185XUBQEbx 抓取失败：meta: 接口返回错误代码：62002，信息：稿件不可见。
{'code': 62002, 'message': '稿件不可见', 'ttl': 1}
[2026-04-08 12:00:53] [ERROR] bvid=BV189Q6BFEnf 抓取失败：meta: 接口返回错误代码：-404，信息：啥都木有。
{'code': -404, 'message': '啥都木有', 'ttl': 1}
[2026-04-08 12:00:56] [SUCCESS] bvid=BV18KSdB8EHD 已成功抓取全部所需数据。
[2026-04-08 12:00:59] [SUCCESS] bvid=BV18PDTBhEmA 已成功抓取全部所需数据。
[2026-04-08 12:01:03] [SUCCESS] bvid=BV18QSUB1Eqf 已成功抓取全部所需数据。
[2026-04-08 12:01:06] [SUCCESS] bvid=BV18QXYB3EEx 已成功抓取全部所需数据。
[2026-04-08 12:01:06] [ERROR] bvid=BV18RXABoETo 抓取失败：meta: 接口返回错误代码：62002，信息：稿件不可见。
{'code': 62002, 'message': '稿件不可见', 'ttl': 1}
[2026-04-08 12:01:10] [SUCCESS] bvid=BV18USZBzE4i 已成功抓取全部所需数据。
[2026-04-08 12:01:13] [SUCCESS] bvid=BV18VDFB3E97 已成功抓取全部所需数据。
[2026-04-08 12:01:16] [SUCCESS] bvid=BV18WDKBZEY8 已成功抓取全部所需数据。
[2026-04-08 12:01:20] [SUCCESS] bvid=BV18YSSBmEsC 已成功抓取全部所需数据。
[2026-04-08 12:01:23] [SUCCESS] bvid=BV18gDFBVEmR 已成功抓取全部所需数据。
[2026-04-08 12:01:23] [ERROR] bvid=BV18nXjBtEtQ 抓取失败：meta: 接口返回错误代码：62002，信息：稿件不可见。
{'code': 62002, 'message': '稿件不可见', 'ttl': 1}
[2026-04-08 12:01:26] [SUCCESS] bvid=BV18xDKB4E5Q 已成功抓取全部所需数据。
[2026-04-08 12:01:29] [SUCCESS] bvid=BV18zD5BSEgM 已成功抓取全部所需数据。
[2026-04-08 12:01:33] [SUCCESS] bvid=BV191SUBSEnf 已成功抓取全部所需数据。
[2026-04-08 12:01:36] [SUCCESS] bvid=BV194DvBEES6 已成功抓取全部所需数据。
[2026-04-08 12:01:36] [ERROR] bvid=BV194XVBdEMZ 抓取失败：meta: 接口返回错误代码：62002，信息：稿件不可见。
{'code': 62002, 'message': '稿件不可见', 'ttl': 1}
[2026-04-08 12:01:39] [SUCCESS] bvid=BV197SRBAE7T 已成功抓取全部所需数据。
[2026-04-08 12:01:42] [SUCCESS] bvid=BV19BSdBBErA 已成功抓取全部所需数据。
[2026-04-08 12:01:45] [SUCCESS] bvid=BV19DDVBpEX1 已成功抓取全部所需数据。
[2026-04-08 12:01:48] [SUCCESS] bvid=BV19ESoBgELm 已成功抓取全部所需数据。
[2026-04-08 12:01:50] [SUCCESS] bvid=BV19GSXBZEYw 已成功抓取全部所需数据。
[2026-04-08 12:01:54] [SUCCESS] bvid=BV19HDhBKE2e 已成功抓取全部所需数据。
[2026-04-08 12:01:57] [SUCCESS] bvid=BV19HDhBKEB8 已成功抓取全部所需数据。
[2026-04-08 12:02:00] [SUCCESS] bvid=BV19HDhBKEFz 已成功抓取全部所需数据。
[2026-04-08 12:02:03] [SUCCESS] bvid=BV19HDhBKEQT 已成功抓取全部所需数据。
[2026-04-08 12:02:03] [ERROR] bvid=BV19HX1BJEqT 抓取失败：meta: 接口返回错误代码：62002，信息：稿件不可见。
{'code': 62002, 'message': '稿件不可见', 'ttl': 1}
[2026-04-08 12:02:06] [SUCCESS] bvid=BV19JSoBzEND 已成功抓取全部所需数据。
[2026-04-08 12:02:06] [WARN] 当前子任务已结束，但仍有未成功抓取的视频，已导出 remaining CSV 供继续执行。
[2026-04-08 12:02:06] [INFO] 已导出剔除成功条目后的剩余 CSV：outputs\video_data\manual_crawls\manual_crawl_meta_mode_A_20260408_115230\remaining_bvids_part_2.csv
[2026-04-08 12:02:06] 子任务结束时间：2026-04-08T12:02:06.993039
[TIMESTAMP][END] 2026-04-08T12:02:06
