[TIMESTAMP][BEGIN] 2026-04-08T13:58:03
[2026-04-08 13:58:05] 开始执行 CSV 批量抓取子任务 part_22。
[2026-04-08 13:58:05] 子任务开始时间：2026-04-08T13:58:03.415751
[2026-04-08 13:58:05] 输入文件：batch_input_22.csv
[2026-04-08 13:58:05] 输入唯一 bvid 数量：100
[2026-04-08 13:58:05] 为严格按 CSV 顺序判断连续失败阈值，本次任务自动将并发度从 2 调整为 1。
[2026-04-08 13:58:09] [SUCCESS] bvid=BV1rQXmBqEkc 已成功抓取全部所需数据。
[2026-04-08 13:58:12] [SUCCESS] bvid=BV1rQXmBqEtK 已成功抓取全部所需数据。
[2026-04-08 13:58:15] [SUCCESS] bvid=BV1rQXmBqEu4 已成功抓取全部所需数据。
[2026-04-08 13:58:18] [SUCCESS] bvid=BV1rQXmBqEuH 已成功抓取全部所需数据。
[2026-04-08 13:58:21] [SUCCESS] bvid=BV1rQXmBqEzp 已成功抓取全部所需数据。
[2026-04-08 13:58:25] [SUCCESS] bvid=BV1rQXsBuEnr 已成功抓取全部所需数据。
[2026-04-08 13:58:28] [SUCCESS] bvid=BV1rRDcBwEn6 已成功抓取全部所需数据。
[2026-04-08 13:58:31] [SUCCESS] bvid=BV1rRXLBLEPM 已成功抓取全部所需数据。
[2026-04-08 13:58:35] [SUCCESS] bvid=BV1rRXLBLEPu 已成功抓取全部所需数据。
[2026-04-08 13:58:35] [ERROR] bvid=BV1rRXLBLEgF 抓取失败：meta: 接口返回错误代码：-404，信息：啥都木有。
{'code': -404, 'message': '啥都木有', 'ttl': 1}
[2026-04-08 13:58:38] [SUCCESS] bvid=BV1rRXLBjE74 已成功抓取全部所需数据。
[2026-04-08 14:00:42] [SUCCESS] bvid=BV1rRXSBVE6k 已成功抓取全部所需数据。
[2026-04-08 14:00:46] [SUCCESS] bvid=BV1rRXSBVEev 已成功抓取全部所需数据。
[2026-04-08 14:00:49] [SUCCESS] bvid=BV1rRXSBVEki 已成功抓取全部所需数据。
[2026-04-08 14:00:52] [SUCCESS] bvid=BV1rRXfBNEcX 已成功抓取全部所需数据。
[2026-04-08 14:00:55] [SUCCESS] bvid=BV1rRXmBvEjz 已成功抓取全部所需数据。
[2026-04-08 14:00:58] [SUCCESS] bvid=BV1rRXmBvErE 已成功抓取全部所需数据。
[2026-04-08 14:00:58] [ERROR] bvid=BV1rSDYBRE1Z 抓取失败：meta: 接口返回错误代码：62002，信息：稿件不可见。
{'code': 62002, 'message': '稿件不可见', 'ttl': 1}
[2026-04-08 14:01:02] [SUCCESS] bvid=BV1rSSfBoE4N 已成功抓取全部所需数据。
[2026-04-08 14:01:05] [SUCCESS] bvid=BV1rSSfBoEhV 已成功抓取全部所需数据。
[2026-04-08 14:01:08] [SUCCESS] bvid=BV1rSX1BcEgB 已成功抓取全部所需数据。
[2026-04-08 14:01:11] [SUCCESS] bvid=BV1rSX3BAEK9 已成功抓取全部所需数据。
[2026-04-08 14:01:15] [SUCCESS] bvid=BV1rSX3BAETU 已成功抓取全部所需数据。
[2026-04-08 14:01:18] [SUCCESS] bvid=BV1rSX3BAEpT 已成功抓取全部所需数据。
[2026-04-08 14:01:22] [SUCCESS] bvid=BV1rTDMB7EKU 已成功抓取全部所需数据。
[2026-04-08 14:01:25] [SUCCESS] bvid=BV1rUDhBmEHT 已成功抓取全部所需数据。
[2026-04-08 14:01:34] [SUCCESS] bvid=BV1rUDhBmEPH 已成功抓取全部所需数据。
[2026-04-08 14:01:44] [SUCCESS] bvid=BV1rUXVBrEQ1 已成功抓取全部所需数据。
[2026-04-08 14:01:54] [SUCCESS] bvid=BV1rUXVBrER4 已成功抓取全部所需数据。
[2026-04-08 14:02:03] [SUCCESS] bvid=BV1rUXVBrEUD 已成功抓取全部所需数据。
[2026-04-08 14:02:13] [SUCCESS] bvid=BV1rVXLB5EEb 已成功抓取全部所需数据。
[2026-04-08 14:02:23] [SUCCESS] bvid=BV1rVXLB5EmX 已成功抓取全部所需数据。
[2026-04-08 14:02:32] [SUCCESS] bvid=BV1rVXfBAEZH 已成功抓取全部所需数据。
[2026-04-08 14:02:42] [SUCCESS] bvid=BV1rVXfBAEZf 已成功抓取全部所需数据。
[2026-04-08 14:02:52] [SUCCESS] bvid=BV1rWXYB8EZt 已成功抓取全部所需数据。
[2026-04-08 14:03:01] [SUCCESS] bvid=BV1rWXYB8EoH 已成功抓取全部所需数据。
[2026-04-08 14:03:11] [SUCCESS] bvid=BV1rWXgBwE2v 已成功抓取全部所需数据。
[2026-04-08 14:03:21] [SUCCESS] bvid=BV1rWXgBwEbG 已成功抓取全部所需数据。
[2026-04-08 14:03:31] [SUCCESS] bvid=BV1rWXhBQE3C 已成功抓取全部所需数据。
[2026-04-08 14:03:40] [SUCCESS] bvid=BV1rWXhBQEGP 已成功抓取全部所需数据。
[2026-04-08 14:03:44] [SUCCESS] bvid=BV1rWXkBHEFY 已成功抓取全部所需数据。
[2026-04-08 14:03:47] [SUCCESS] bvid=BV1rWXkBHEZp 已成功抓取全部所需数据。
[2026-04-08 14:03:50] [SUCCESS] bvid=BV1rWXkBHEoQ 已成功抓取全部所需数据。
[2026-04-08 14:03:53] [SUCCESS] bvid=BV1rXXLB2EC4 已成功抓取全部所需数据。
[2026-04-08 14:03:56] [SUCCESS] bvid=BV1rXXLB2ERA 已成功抓取全部所需数据。
[2026-04-08 14:03:59] [SUCCESS] bvid=BV1rXXLBmERx 已成功抓取全部所需数据。
[2026-04-08 14:04:02] [SUCCESS] bvid=BV1rXXsBBEWe 已成功抓取全部所需数据。
[2026-04-08 14:04:06] [SUCCESS] bvid=BV1rY9uBFEXS 已成功抓取全部所需数据。
[2026-04-08 14:04:10] [SUCCESS] bvid=BV1rY9uBFEz7 已成功抓取全部所需数据。
[2026-04-08 14:04:14] [SUCCESS] bvid=BV1rYSDBiESp 已成功抓取全部所需数据。
[2026-04-08 14:04:18] [SUCCESS] bvid=BV1rYX5BrESz 已成功抓取全部所需数据。
[2026-04-08 14:04:23] [SUCCESS] bvid=BV1rYXNBSEXV 已成功抓取全部所需数据。
[2026-04-08 14:04:26] [SUCCESS] bvid=BV1rYXNBSEq3 已成功抓取全部所需数据。
[2026-04-08 14:04:30] [SUCCESS] bvid=BV1rYXNBSEvo 已成功抓取全部所需数据。
[2026-04-08 14:04:33] [SUCCESS] bvid=BV1rYXNBSEyZ 已成功抓取全部所需数据。
[2026-04-08 14:04:37] [SUCCESS] bvid=BV1rYXUBzEvz 已成功抓取全部所需数据。
[2026-04-08 14:04:41] [SUCCESS] bvid=BV1rYXvBwE7w 已成功抓取全部所需数据。
[2026-04-08 14:04:44] [SUCCESS] bvid=BV1rZ9WBuEXT 已成功抓取全部所需数据。
[2026-04-08 14:04:47] [SUCCESS] bvid=BV1rZXKBpECJ 已成功抓取全部所需数据。
[2026-04-08 14:04:51] [SUCCESS] bvid=BV1rZXKBpEgm 已成功抓取全部所需数据。
[2026-04-08 14:04:54] [SUCCESS] bvid=BV1rZXLBVE5D 已成功抓取全部所需数据。
[2026-04-08 14:04:58] [SUCCESS] bvid=BV1rZXLBVEKF 已成功抓取全部所需数据。
[2026-04-08 14:05:01] [SUCCESS] bvid=BV1rZXLBVEWC 已成功抓取全部所需数据。
[2026-04-08 14:05:04] [SUCCESS] bvid=BV1rZXLBVEjC 已成功抓取全部所需数据。
[2026-04-08 14:05:08] [SUCCESS] bvid=BV1rZXSB3E23 已成功抓取全部所需数据。
[2026-04-08 14:05:08] [ERROR] bvid=BV1rZXSB3E2k 抓取失败：meta: 接口返回错误代码：62002，信息：稿件不可见。
{'code': 62002, 'message': '稿件不可见', 'ttl': 1}
[2026-04-08 14:05:08] [ERROR] bvid=BV1rZXSB3EQe 抓取失败：meta: 接口返回错误代码：62002，信息：稿件不可见。
{'code': 62002, 'message': '稿件不可见', 'ttl': 1}
[2026-04-08 14:05:08] [ERROR] bvid=BV1rZXSB3EX8 抓取失败：meta: 接口返回错误代码：62002，信息：稿件不可见。
{'code': 62002, 'message': '稿件不可见', 'ttl': 1}
[2026-04-08 14:05:11] [SUCCESS] bvid=BV1rZXSB3Ehr 已成功抓取全部所需数据。
[2026-04-08 14:05:15] [SUCCESS] bvid=BV1rZXSB3Eo8 已成功抓取全部所需数据。
[2026-04-08 14:05:15] [ERROR] bvid=BV1rZXSB3EoG 抓取失败：meta: 接口返回错误代码：62002，信息：稿件不可见。
{'code': 62002, 'message': '稿件不可见', 'ttl': 1}
[2026-04-08 14:05:18] [SUCCESS] bvid=BV1rZXbBDEHb 已成功抓取全部所需数据。
[2026-04-08 14:05:21] [SUCCESS] bvid=BV1rZXfBAEFc 已成功抓取全部所需数据。
[2026-04-08 14:05:24] [SUCCESS] bvid=BV1raX5BGEFx 已成功抓取全部所需数据。
[2026-04-08 14:05:28] [SUCCESS] bvid=BV1raX5BGEFy 已成功抓取全部所需数据。
[2026-04-08 14:05:31] [SUCCESS] bvid=BV1raX5BGET5 已成功抓取全部所需数据。
[2026-04-08 14:05:34] [SUCCESS] bvid=BV1raX5BGEgr 已成功抓取全部所需数据。
[2026-04-08 14:05:37] [SUCCESS] bvid=BV1raXGBeEcS 已成功抓取全部所需数据。
[2026-04-08 14:05:40] [SUCCESS] bvid=BV1rbPDzgE66 已成功抓取全部所需数据。
[2026-04-08 14:05:43] [SUCCESS] bvid=BV1rbSUBhEL5 已成功抓取全部所需数据。
[2026-04-08 14:05:46] [SUCCESS] bvid=BV1rbSUBhESh 已成功抓取全部所需数据。
[2026-04-08 14:05:49] [SUCCESS] bvid=BV1rbSUBhExV 已成功抓取全部所需数据。
[2026-04-08 14:05:52] [SUCCESS] bvid=BV1rbXGBiEMR 已成功抓取全部所需数据。
[2026-04-08 14:05:56] [SUCCESS] bvid=BV1rcX8BUEA4 已成功抓取全部所需数据。
[2026-04-08 14:05:59] [SUCCESS] bvid=BV1rcX8BUEC8 已成功抓取全部所需数据。
[2026-04-08 14:06:02] [SUCCESS] bvid=BV1rcX8BUEVc 已成功抓取全部所需数据。
[2026-04-08 14:06:05] [SUCCESS] bvid=BV1rcX8BUEYc 已成功抓取全部所需数据。
[2026-04-08 14:06:08] [SUCCESS] bvid=BV1rcX8BUExo 已成功抓取全部所需数据。
[2026-04-08 14:06:14] [SUCCESS] bvid=BV1rdXSBkEEd 已成功抓取全部所需数据。
[2026-04-08 14:06:17] [SUCCESS] bvid=BV1rdXfBeEe5 已成功抓取全部所需数据。
[2026-04-08 14:06:20] [SUCCESS] bvid=BV1reXjBUEhd 已成功抓取全部所需数据。
[2026-04-08 14:06:23] [SUCCESS] bvid=BV1rf9WBBEfv 已成功抓取全部所需数据。
[2026-04-08 14:06:26] [SUCCESS] bvid=BV1rfDABTEKf 已成功抓取全部所需数据。
[2026-04-08 14:06:29] [SUCCESS] bvid=BV1rfXKBQENU 已成功抓取全部所需数据。
[2026-04-08 14:06:32] [SUCCESS] bvid=BV1rfXQBEEWU 已成功抓取全部所需数据。
[2026-04-08 14:06:35] [SUCCESS] bvid=BV1rfXQBEEqH 已成功抓取全部所需数据。
[2026-04-08 14:06:38] [SUCCESS] bvid=BV1rfXSB6EKd 已成功抓取全部所需数据。
[2026-04-08 14:06:41] [SUCCESS] bvid=BV1rfXSB6EMN 已成功抓取全部所需数据。
[2026-04-08 14:06:44] [SUCCESS] bvid=BV1rfXSB6EWu 已成功抓取全部所需数据。
[2026-04-08 14:06:47] [SUCCESS] bvid=BV1rfXSB6Eun 已成功抓取全部所需数据。
[2026-04-08 14:06:47] [WARN] 当前子任务已结束，但仍有未成功抓取的视频，已导出 remaining CSV 供继续执行。
[2026-04-08 14:06:47] [INFO] 已导出剔除成功条目后的剩余 CSV：outputs\video_data\manual_crawls\manual_crawl_meta_mode_A_20260408_115230\remaining_bvids_part_22.csv
[2026-04-08 14:06:47] 子任务结束时间：2026-04-08T14:06:47.293110
[TIMESTAMP][END] 2026-04-08T14:06:47
