[TIMESTAMP][BEGIN] 2026-04-08T13:10:52
[2026-04-08 13:10:55] 开始执行 CSV 批量抓取子任务 part_16。
[2026-04-08 13:10:55] 子任务开始时间：2026-04-08T13:10:52.745963
[2026-04-08 13:10:55] 输入文件：batch_input_16.csv
[2026-04-08 13:10:55] 输入唯一 bvid 数量：100
[2026-04-08 13:10:55] 为严格按 CSV 顺序判断连续失败阈值，本次任务自动将并发度从 2 调整为 1。
[2026-04-08 13:10:58] [SUCCESS] bvid=BV1pZXbBDEat 已成功抓取全部所需数据。
[2026-04-08 13:11:01] [SUCCESS] bvid=BV1pZXbBDEpQ 已成功抓取全部所需数据。
[2026-04-08 13:11:04] [SUCCESS] bvid=BV1pZXbBDEpy 已成功抓取全部所需数据。
[2026-04-08 13:11:07] [SUCCESS] bvid=BV1pZXbBDEtK 已成功抓取全部所需数据。
[2026-04-08 13:11:11] [SUCCESS] bvid=BV1pZXbBDEtM 已成功抓取全部所需数据。
[2026-04-08 13:11:14] [SUCCESS] bvid=BV1pZXbBDEuq 已成功抓取全部所需数据。
[2026-04-08 13:11:18] [SUCCESS] bvid=BV1pZXbBDEut 已成功抓取全部所需数据。
[2026-04-08 13:11:22] [SUCCESS] bvid=BV1pZXbBDEwt 已成功抓取全部所需数据。
[2026-04-08 13:11:26] [SUCCESS] bvid=BV1pZXbBQE9d 已成功抓取全部所需数据。
[2026-04-08 13:11:29] [SUCCESS] bvid=BV1pZXhBbEfm 已成功抓取全部所需数据。
[2026-04-08 13:11:33] [SUCCESS] bvid=BV1paX5BGE7Z 已成功抓取全部所需数据。
[2026-04-08 13:11:37] [SUCCESS] bvid=BV1paX5BGEce 已成功抓取全部所需数据。
[2026-04-08 13:11:40] [SUCCESS] bvid=BV1paXUBgED2 已成功抓取全部所需数据。
[2026-04-08 13:11:43] [SUCCESS] bvid=BV1paXUBgEZv 已成功抓取全部所需数据。
[2026-04-08 13:11:46] [SUCCESS] bvid=BV1paXUBgEi7 已成功抓取全部所需数据。
[2026-04-08 13:11:50] [SUCCESS] bvid=BV1paXUBgEiy 已成功抓取全部所需数据。
[2026-04-08 13:11:53] [SUCCESS] bvid=BV1pbQ6BjE9a 已成功抓取全部所需数据。
[2026-04-08 13:11:56] [SUCCESS] bvid=BV1pbSUBaErR 已成功抓取全部所需数据。
[2026-04-08 13:12:00] [SUCCESS] bvid=BV1pbX2BeE1N 已成功抓取全部所需数据。
[2026-04-08 13:12:03] [SUCCESS] bvid=BV1pbX2BeELy 已成功抓取全部所需数据。
[2026-04-08 13:12:06] [SUCCESS] bvid=BV1pbX2BeEvs 已成功抓取全部所需数据。
[2026-04-08 13:12:09] [SUCCESS] bvid=BV1pbX5B5EuZ 已成功抓取全部所需数据。
[2026-04-08 13:12:13] [SUCCESS] bvid=BV1pbX5B5ExX 已成功抓取全部所需数据。
[2026-04-08 13:12:16] [SUCCESS] bvid=BV1pbXUBGE18 已成功抓取全部所需数据。
[2026-04-08 13:12:19] [SUCCESS] bvid=BV1pbXUBGE1k 已成功抓取全部所需数据。
[2026-04-08 13:12:22] [SUCCESS] bvid=BV1pbXWBKE3F 已成功抓取全部所需数据。
[2026-04-08 13:12:25] [SUCCESS] bvid=BV1pbXWBKEE6 已成功抓取全部所需数据。
[2026-04-08 13:12:25] [ERROR] bvid=BV1pcDhBDExk 抓取失败：meta: 接口返回错误代码：62002，信息：稿件不可见。
{'code': 62002, 'message': '稿件不可见', 'ttl': 1}
[2026-04-08 13:12:28] [SUCCESS] bvid=BV1pcXaB4EiY 已成功抓取全部所需数据。
[2026-04-08 13:12:31] [SUCCESS] bvid=BV1pdXKB9ECS 已成功抓取全部所需数据。
[2026-04-08 13:12:34] [SUCCESS] bvid=BV1pe9FBBEjf 已成功抓取全部所需数据。
[2026-04-08 13:12:38] [SUCCESS] bvid=BV1pe9FBBEmw 已成功抓取全部所需数据。
[2026-04-08 13:12:41] [SUCCESS] bvid=BV1peXDB2E6V 已成功抓取全部所需数据。
[2026-04-08 13:12:44] [SUCCESS] bvid=BV1peXTBZEfg 已成功抓取全部所需数据。
[2026-04-08 13:12:47] [SUCCESS] bvid=BV1peXjBUECj 已成功抓取全部所需数据。
[2026-04-08 13:12:51] [SUCCESS] bvid=BV1peXjBUEQz 已成功抓取全部所需数据。
[2026-04-08 13:12:54] [SUCCESS] bvid=BV1peXjBUEbB 已成功抓取全部所需数据。
[2026-04-08 13:12:58] [SUCCESS] bvid=BV1peXjBUEht 已成功抓取全部所需数据。
[2026-04-08 13:13:01] [SUCCESS] bvid=BV1peXjBUEpb 已成功抓取全部所需数据。
[2026-04-08 13:13:05] [SUCCESS] bvid=BV1peXjBUEtq 已成功抓取全部所需数据。
[2026-04-08 13:13:09] [SUCCESS] bvid=BV1peXjBUEyT 已成功抓取全部所需数据。
[2026-04-08 13:13:12] [SUCCESS] bvid=BV1pfXhBZEMr 已成功抓取全部所需数据。
[2026-04-08 13:13:16] [SUCCESS] bvid=BV1pfXhBZEYi 已成功抓取全部所需数据。
[2026-04-08 13:13:20] [SUCCESS] bvid=BV1pfXhBZEsS 已成功抓取全部所需数据。
[2026-04-08 13:13:24] [SUCCESS] bvid=BV1pg9HBeEaY 已成功抓取全部所需数据。
[2026-04-08 13:13:28] [SUCCESS] bvid=BV1pgSSBYE7m 已成功抓取全部所需数据。
[2026-04-08 13:13:31] [SUCCESS] bvid=BV1pgSSBYEwr 已成功抓取全部所需数据。
[2026-04-08 13:13:35] [SUCCESS] bvid=BV1pgXLBjE3d 已成功抓取全部所需数据。
[2026-04-08 13:13:39] [SUCCESS] bvid=BV1pgXLBjEbr 已成功抓取全部所需数据。
[2026-04-08 13:13:43] [SUCCESS] bvid=BV1pgXPB2EMi 已成功抓取全部所需数据。
[2026-04-08 13:13:47] [SUCCESS] bvid=BV1pgXPB2ENN 已成功抓取全部所需数据。
[2026-04-08 13:13:51] [SUCCESS] bvid=BV1pgXPB2ENr 已成功抓取全部所需数据。
[2026-04-08 13:13:55] [SUCCESS] bvid=BV1pgXPB2Eme 已成功抓取全部所需数据。
[2026-04-08 13:13:59] [SUCCESS] bvid=BV1pgXPB2EuS 已成功抓取全部所需数据。
[2026-04-08 13:14:03] [SUCCESS] bvid=BV1pgXPB2Euo 已成功抓取全部所需数据。
[2026-04-08 13:14:06] [SUCCESS] bvid=BV1pgXVBBEge 已成功抓取全部所需数据。
[2026-04-08 13:14:10] [SUCCESS] bvid=BV1pgXVBBEwB 已成功抓取全部所需数据。
[2026-04-08 13:14:14] [SUCCESS] bvid=BV1phDVBTEB5 已成功抓取全部所需数据。
[2026-04-08 13:14:18] [SUCCESS] bvid=BV1phDVBTEmn 已成功抓取全部所需数据。
[2026-04-08 13:14:22] [SUCCESS] bvid=BV1phXjBDEDF 已成功抓取全部所需数据。
[2026-04-08 13:14:26] [SUCCESS] bvid=BV1phXjBDEUo 已成功抓取全部所需数据。
[2026-04-08 13:14:30] [SUCCESS] bvid=BV1phXjBDEdC 已成功抓取全部所需数据。
[2026-04-08 13:14:34] [SUCCESS] bvid=BV1piDKBSEdZ 已成功抓取全部所需数据。
[2026-04-08 13:14:38] [SUCCESS] bvid=BV1piXDBLEQp 已成功抓取全部所需数据。
[2026-04-08 13:14:42] [SUCCESS] bvid=BV1piXDBLERN 已成功抓取全部所需数据。
[2026-04-08 13:14:45] [SUCCESS] bvid=BV1piXDBLEin 已成功抓取全部所需数据。
[2026-04-08 13:14:45] [ERROR] bvid=BV1piXDBLEkm 抓取失败：meta: 接口返回错误代码：-404，信息：啥都木有。
{'code': -404, 'message': '啥都木有', 'ttl': 1}
[2026-04-08 13:14:49] [SUCCESS] bvid=BV1piXDBLEqz 已成功抓取全部所需数据。
[2026-04-08 13:14:53] [SUCCESS] bvid=BV1piXTB4ETH 已成功抓取全部所需数据。
[2026-04-08 13:14:56] [SUCCESS] bvid=BV1piXjB7Ec9 已成功抓取全部所需数据。
[2026-04-08 13:15:00] [SUCCESS] bvid=BV1pj95BjE9X 已成功抓取全部所需数据。
[2026-04-08 13:15:04] [SUCCESS] bvid=BV1pjX6BEEeG 已成功抓取全部所需数据。
[2026-04-08 13:15:07] [SUCCESS] bvid=BV1pjXKBnE7x 已成功抓取全部所需数据。
[2026-04-08 13:15:11] [SUCCESS] bvid=BV1pjXKBnEGF 已成功抓取全部所需数据。
[2026-04-08 13:15:15] [SUCCESS] bvid=BV1pjXKBnEGZ 已成功抓取全部所需数据。
[2026-04-08 13:15:18] [SUCCESS] bvid=BV1pjXKBnEGa 已成功抓取全部所需数据。
[2026-04-08 13:15:22] [SUCCESS] bvid=BV1pjXKBnEbN 已成功抓取全部所需数据。
[2026-04-08 13:15:26] [SUCCESS] bvid=BV1pjXKBnEc1 已成功抓取全部所需数据。
[2026-04-08 13:15:29] [SUCCESS] bvid=BV1pjXKBnEnF 已成功抓取全部所需数据。
[2026-04-08 13:15:33] [SUCCESS] bvid=BV1pjXKBnEqt 已成功抓取全部所需数据。
[2026-04-08 13:15:37] [SUCCESS] bvid=BV1pjXKBnEtg 已成功抓取全部所需数据。
[2026-04-08 13:15:41] [SUCCESS] bvid=BV1pjXMBFEdx 已成功抓取全部所需数据。
[2026-04-08 13:15:45] [SUCCESS] bvid=BV1pkXaBbEBj 已成功抓取全部所需数据。
[2026-04-08 13:15:49] [SUCCESS] bvid=BV1pkXpBqEdA 已成功抓取全部所需数据。
[2026-04-08 13:15:53] [SUCCESS] bvid=BV1pkXpBqEdp 已成功抓取全部所需数据。
[2026-04-08 13:15:56] [SUCCESS] bvid=BV1pkXpBqEkB 已成功抓取全部所需数据。
[2026-04-08 13:15:59] [SUCCESS] bvid=BV1pmSSBMEDE 已成功抓取全部所需数据。
[2026-04-08 13:16:03] [SUCCESS] bvid=BV1pmXVBVE7c 已成功抓取全部所需数据。
[2026-04-08 13:16:06] [SUCCESS] bvid=BV1pn9NBDE2a 已成功抓取全部所需数据。
[2026-04-08 13:16:10] [SUCCESS] bvid=BV1pn9jBHEfw 已成功抓取全部所需数据。
[2026-04-08 13:16:14] [SUCCESS] bvid=BV1pnXMBxELa 已成功抓取全部所需数据。
[2026-04-08 13:16:17] [SUCCESS] bvid=BV1pnXMBxEjC 已成功抓取全部所需数据。
[2026-04-08 13:16:20] [SUCCESS] bvid=BV1po9cBrENk 已成功抓取全部所需数据。
[2026-04-08 13:16:24] [SUCCESS] bvid=BV1poXbBHE2F 已成功抓取全部所需数据。
[2026-04-08 13:16:27] [SUCCESS] bvid=BV1poXbBHECt 已成功抓取全部所需数据。
[2026-04-08 13:16:31] [SUCCESS] bvid=BV1poXbBHERD 已成功抓取全部所需数据。
[2026-04-08 13:16:34] [SUCCESS] bvid=BV1poXbBHEXj 已成功抓取全部所需数据。
[2026-04-08 13:16:38] [SUCCESS] bvid=BV1poXbBHEZe 已成功抓取全部所需数据。
[2026-04-08 13:16:41] [SUCCESS] bvid=BV1poXbBHEft 已成功抓取全部所需数据。
[2026-04-08 13:16:45] [SUCCESS] bvid=BV1poXbBHEgR 已成功抓取全部所需数据。
[2026-04-08 13:16:45] [WARN] 当前子任务已结束，但仍有未成功抓取的视频，已导出 remaining CSV 供继续执行。
[2026-04-08 13:16:45] [INFO] 已导出剔除成功条目后的剩余 CSV：outputs\video_data\manual_crawls\manual_crawl_meta_mode_A_20260408_115230\remaining_bvids_part_16.csv
[2026-04-08 13:16:45] 子任务结束时间：2026-04-08T13:16:45.299258
[TIMESTAMP][END] 2026-04-08T13:16:45
