[TIMESTAMP][BEGIN] 2026-04-08T12:14:46
[2026-04-08 12:14:48] 开始执行 CSV 批量抓取子任务 part_6。
[2026-04-08 12:14:48] 子任务开始时间：2026-04-08T12:14:46.517988
[2026-04-08 12:14:48] 输入文件：batch_input_6.csv
[2026-04-08 12:14:48] 输入唯一 bvid 数量：100
[2026-04-08 12:14:48] 为严格按 CSV 顺序判断连续失败阈值，本次任务自动将并发度从 2 调整为 1。
[2026-04-08 12:14:49] [ERROR] bvid=BV1PgXLBjE5d 抓取失败：meta: 接口返回错误代码：62002，信息：稿件不可见。
{'code': 62002, 'message': '稿件不可见', 'ttl': 1}
[2026-04-08 12:14:49] [ERROR] bvid=BV1PgXLBjE7R 抓取失败：meta: 接口返回错误代码：62002，信息：稿件不可见。
{'code': 62002, 'message': '稿件不可见', 'ttl': 1}
[2026-04-08 12:14:49] [ERROR] bvid=BV1PgXLBjEzo 抓取失败：meta: 接口返回错误代码：62002，信息：稿件不可见。
{'code': 62002, 'message': '稿件不可见', 'ttl': 1}
[2026-04-08 12:14:52] [SUCCESS] bvid=BV1PsD3BYEi5 已成功抓取全部所需数据。
[2026-04-08 12:14:56] [SUCCESS] bvid=BV1PvSRBQE5P 已成功抓取全部所需数据。
[2026-04-08 12:14:56] [ERROR] bvid=BV1PvX8BxEg8 抓取失败：meta: 接口返回错误代码：62012，信息：62012。
{'code': 62012, 'message': '62012', 'ttl': 1}
[2026-04-08 12:14:59] [SUCCESS] bvid=BV1PwDcBBEQL 已成功抓取全部所需数据。
[2026-04-08 12:15:03] [SUCCESS] bvid=BV1PxXZBKE5K 已成功抓取全部所需数据。
[2026-04-08 12:15:06] [SUCCESS] bvid=BV1PySfBwELF 已成功抓取全部所需数据。
[2026-04-08 12:15:09] [SUCCESS] bvid=BV1PzDhBREQL 已成功抓取全部所需数据。
[2026-04-08 12:15:13] [SUCCESS] bvid=BV1Q4DYB6ECX 已成功抓取全部所需数据。
[2026-04-08 12:15:16] [SUCCESS] bvid=BV1Q4SfBkEbP 已成功抓取全部所需数据。
[2026-04-08 12:15:19] [SUCCESS] bvid=BV1Q8DYBBEQX 已成功抓取全部所需数据。
[2026-04-08 12:15:19] [ERROR] bvid=BV1Q8XmBQEJN 抓取失败：meta: 接口返回错误代码：62002，信息：稿件不可见。
{'code': 62002, 'message': '稿件不可见', 'ttl': 1}
[2026-04-08 12:15:19] [ERROR] bvid=BV1Q8XmBQEes 抓取失败：meta: 接口返回错误代码：62002，信息：稿件不可见。
{'code': 62002, 'message': '稿件不可见', 'ttl': 1}
[2026-04-08 12:15:20] [ERROR] bvid=BV1QDXGBHE7y 抓取失败：meta: 接口返回错误代码：62002，信息：稿件不可见。
{'code': 62002, 'message': '稿件不可见', 'ttl': 1}
[2026-04-08 12:15:23] [SUCCESS] bvid=BV1QHSRB8EMN 已成功抓取全部所需数据。
[2026-04-08 12:15:26] [SUCCESS] bvid=BV1QKSUBjE2t 已成功抓取全部所需数据。
[2026-04-08 12:15:29] [SUCCESS] bvid=BV1QL93BJEmA 已成功抓取全部所需数据。
[2026-04-08 12:15:29] [ERROR] bvid=BV1QLXzBFEVE 抓取失败：meta: 接口返回错误代码：-404，信息：啥都木有。
{'code': -404, 'message': '啥都木有', 'ttl': 1}
[2026-04-08 12:15:32] [SUCCESS] bvid=BV1QM9TBBEe3 已成功抓取全部所需数据。
[2026-04-08 12:15:35] [SUCCESS] bvid=BV1QMDFByETe 已成功抓取全部所需数据。
[2026-04-08 12:15:39] [SUCCESS] bvid=BV1QNDFB2E9d 已成功抓取全部所需数据。
[2026-04-08 12:15:42] [SUCCESS] bvid=BV1QRSDBHEiY 已成功抓取全部所需数据。
[2026-04-08 12:15:45] [SUCCESS] bvid=BV1QYDcBjEJV 已成功抓取全部所需数据。
[2026-04-08 12:15:45] [ERROR] bvid=BV1QYXSBtEio 抓取失败：meta: 接口返回错误代码：62002，信息：稿件不可见。
{'code': 62002, 'message': '稿件不可见', 'ttl': 1}
[2026-04-08 12:15:48] [SUCCESS] bvid=BV1QbDhBaEge 已成功抓取全部所需数据。
[2026-04-08 12:15:51] [SUCCESS] bvid=BV1QeDvBCEBB 已成功抓取全部所需数据。
[2026-04-08 12:15:55] [SUCCESS] bvid=BV1QeDvBCETH 已成功抓取全部所需数据。
[2026-04-08 12:15:55] [ERROR] bvid=BV1QeXfBUEzj 抓取失败：meta: 接口返回错误代码：62002，信息：稿件不可见。
{'code': 62002, 'message': '稿件不可见', 'ttl': 1}
[2026-04-08 12:15:58] [SUCCESS] bvid=BV1QnSRBcEUu 已成功抓取全部所需数据。
[2026-04-08 12:16:01] [SUCCESS] bvid=BV1QpDMBTE2M 已成功抓取全部所需数据。
[2026-04-08 12:16:04] [SUCCESS] bvid=BV1QpSoBqEwL 已成功抓取全部所需数据。
[2026-04-08 12:16:08] [SUCCESS] bvid=BV1QsDhBPEYo 已成功抓取全部所需数据。
[2026-04-08 12:16:12] [SUCCESS] bvid=BV1QsSoBKECd 已成功抓取全部所需数据。
[2026-04-08 12:16:15] [SUCCESS] bvid=BV1QtDhBwEAY 已成功抓取全部所需数据。
[2026-04-08 12:16:18] [SUCCESS] bvid=BV1QtDhBwEwr 已成功抓取全部所需数据。
[2026-04-08 12:16:21] [SUCCESS] bvid=BV1QuSUB5EXR 已成功抓取全部所需数据。
[2026-04-08 12:16:25] [SUCCESS] bvid=BV1QuSUB5EpJ 已成功抓取全部所需数据。
[2026-04-08 12:16:28] [SUCCESS] bvid=BV1Qv9gBmEWu 已成功抓取全部所需数据。
[2026-04-08 12:16:28] [ERROR] bvid=BV1QvXmBEEFX 抓取失败：meta: 接口返回错误代码：62002，信息：稿件不可见。
{'code': 62002, 'message': '稿件不可见', 'ttl': 1}
[2026-04-08 12:16:31] [SUCCESS] bvid=BV1QxSoBvEGa 已成功抓取全部所需数据。
[2026-04-08 12:16:32] [ERROR] bvid=BV1QxX1B2EdL 抓取失败：meta: 接口返回错误代码：62002，信息：稿件不可见。
{'code': 62002, 'message': '稿件不可见', 'ttl': 1}
[2026-04-08 12:16:35] [SUCCESS] bvid=BV1QzDNBZEd7 已成功抓取全部所需数据。
[2026-04-08 12:16:35] [ERROR] bvid=BV1QzXKBvEcg 抓取失败：meta: 接口返回错误代码：62002，信息：稿件不可见。
{'code': 62002, 'message': '稿件不可见', 'ttl': 1}
[2026-04-08 12:16:38] [SUCCESS] bvid=BV1R4DvBEEDS 已成功抓取全部所需数据。
[2026-04-08 12:16:41] [SUCCESS] bvid=BV1REDhBMEAY 已成功抓取全部所需数据。
[2026-04-08 12:16:45] [SUCCESS] bvid=BV1RESoBgESp 已成功抓取全部所需数据。
[2026-04-08 12:16:48] [SUCCESS] bvid=BV1RESoBgEYC 已成功抓取全部所需数据。
[2026-04-08 12:16:51] [SUCCESS] bvid=BV1RHDcBREfz 已成功抓取全部所需数据。
[2026-04-08 12:16:54] [SUCCESS] bvid=BV1RHDhBKEMj 已成功抓取全部所需数据。
[2026-04-08 12:16:57] [SUCCESS] bvid=BV1RJDhBqEQj 已成功抓取全部所需数据。
[2026-04-08 12:16:57] [ERROR] bvid=BV1RMXjBiEau 抓取失败：meta: 接口返回错误代码：62002，信息：稿件不可见。
{'code': 62002, 'message': '稿件不可见', 'ttl': 1}
[2026-04-08 12:17:00] [SUCCESS] bvid=BV1RNDeByEqt 已成功抓取全部所需数据。
[2026-04-08 12:17:00] [ERROR] bvid=BV1RTX5BbETQ 抓取失败：meta: 接口返回错误代码：62002，信息：稿件不可见。
{'code': 62002, 'message': '稿件不可见', 'ttl': 1}
[2026-04-08 12:17:04] [SUCCESS] bvid=BV1RWDYBkEaS 已成功抓取全部所需数据。
[2026-04-08 12:17:07] [SUCCESS] bvid=BV1RWDcBpE7L 已成功抓取全部所需数据。
[2026-04-08 12:17:10] [SUCCESS] bvid=BV1RZSoBCEvP 已成功抓取全部所需数据。
[2026-04-08 12:17:13] [SUCCESS] bvid=BV1RgSXBFEoo 已成功抓取全部所需数据。
[2026-04-08 12:17:13] [ERROR] bvid=BV1RhX4BhEJj 抓取失败：meta: 接口返回错误代码：-404，信息：啥都木有。
{'code': -404, 'message': '啥都木有', 'ttl': 1}
[2026-04-08 12:17:16] [SUCCESS] bvid=BV1RjSoBrEnh 已成功抓取全部所需数据。
[2026-04-08 12:17:19] [SUCCESS] bvid=BV1RpDYBVEKZ 已成功抓取全部所需数据。
[2026-04-08 12:17:22] [SUCCESS] bvid=BV1RwDFBUEdF 已成功抓取全部所需数据。
[2026-04-08 12:17:22] [ERROR] bvid=BV1RxXLBNEd7 抓取失败：meta: 接口返回错误代码：-404，信息：啥都木有。
{'code': -404, 'message': '啥都木有', 'ttl': 1}
[2026-04-08 12:17:25] [SUCCESS] bvid=BV1RzDuB5EdA 已成功抓取全部所需数据。
[2026-04-08 12:17:28] [SUCCESS] bvid=BV1S5X5B9E65 已成功抓取全部所需数据。
[2026-04-08 12:17:31] [SUCCESS] bvid=BV1S8DMBaEgL 已成功抓取全部所需数据。
[2026-04-08 12:17:34] [SUCCESS] bvid=BV1SL9uBrEpV 已成功抓取全部所需数据。
[2026-04-08 12:17:37] [SUCCESS] bvid=BV1SRDaBYE8T 已成功抓取全部所需数据。
[2026-04-08 12:17:40] [SUCCESS] bvid=BV1SVSUBrECn 已成功抓取全部所需数据。
[2026-04-08 12:17:40] [ERROR] bvid=BV1SVXGB2E4k 抓取失败：meta: 接口返回错误代码：62002，信息：稿件不可见。
{'code': 62002, 'message': '稿件不可见', 'ttl': 1}
[2026-04-08 12:17:43] [SUCCESS] bvid=BV1SYDYBiE3k 已成功抓取全部所需数据。
[2026-04-08 12:17:46] [SUCCESS] bvid=BV1SaSfBuEeX 已成功抓取全部所需数据。
[2026-04-08 12:17:49] [SUCCESS] bvid=BV1SbDhBhEDy 已成功抓取全部所需数据。
[2026-04-08 12:17:53] [SUCCESS] bvid=BV1SbDhBhEN7 已成功抓取全部所需数据。
[2026-04-08 12:17:56] [SUCCESS] bvid=BV1SbSoBYEyx 已成功抓取全部所需数据。
[2026-04-08 12:17:56] [ERROR] bvid=BV1SfX5B9Enr 抓取失败：meta: 接口返回错误代码：-404，信息：啥都木有。
{'code': -404, 'message': '啥都木有', 'ttl': 1}
[2026-04-08 12:18:00] [SUCCESS] bvid=BV1SgSUBCE14 已成功抓取全部所需数据。
[2026-04-08 12:18:03] [SUCCESS] bvid=BV1SiDvBGEya 已成功抓取全部所需数据。
[2026-04-08 12:18:03] [ERROR] bvid=BV1SiXLBtEQh 抓取失败：meta: 接口返回错误代码：62002，信息：稿件不可见。
{'code': 62002, 'message': '稿件不可见', 'ttl': 1}
[2026-04-08 12:18:03] [ERROR] bvid=BV1SjXNBhEzZ 抓取失败：meta: 接口返回错误代码：62002，信息：稿件不可见。
{'code': 62002, 'message': '稿件不可见', 'ttl': 1}
[2026-04-08 12:18:06] [SUCCESS] bvid=BV1SqDvBrE9h 已成功抓取全部所需数据。
[2026-04-08 12:18:09] [SUCCESS] bvid=BV1SsSoBKESo 已成功抓取全部所需数据。
[2026-04-08 12:18:13] [SUCCESS] bvid=BV1StDhBwEfF 已成功抓取全部所需数据。
[2026-04-08 12:18:16] [SUCCESS] bvid=BV1StSoBPE5o 已成功抓取全部所需数据。
[2026-04-08 12:18:19] [SUCCESS] bvid=BV1SuSUB5ED6 已成功抓取全部所需数据。
[2026-04-08 12:18:22] [SUCCESS] bvid=BV1SzDvBgEBS 已成功抓取全部所需数据。
[2026-04-08 12:18:25] [SUCCESS] bvid=BV1SzDvBgEbi 已成功抓取全部所需数据。
[2026-04-08 12:18:29] [SUCCESS] bvid=BV1T1SQB7E1u 已成功抓取全部所需数据。
[2026-04-08 12:18:32] [SUCCESS] bvid=BV1T7DFBzEMH 已成功抓取全部所需数据。
[2026-04-08 12:18:35] [SUCCESS] bvid=BV1TCDvBBErA 已成功抓取全部所需数据。
[2026-04-08 12:18:39] [SUCCESS] bvid=BV1TFDYBFEJz 已成功抓取全部所需数据。
[2026-04-08 12:18:42] [SUCCESS] bvid=BV1TPDvBNEGu 已成功抓取全部所需数据。
[2026-04-08 12:18:42] [ERROR] bvid=BV1TPXLBnExx 抓取失败：meta: 接口返回错误代码：62002，信息：稿件不可见。
{'code': 62002, 'message': '稿件不可见', 'ttl': 1}
[2026-04-08 12:18:45] [SUCCESS] bvid=BV1TQD8BoE5d 已成功抓取全部所需数据。
[2026-04-08 12:18:49] [SUCCESS] bvid=BV1TRSZBvEaC 已成功抓取全部所需数据。
[2026-04-08 12:18:52] [SUCCESS] bvid=BV1TaSoBaEY9 已成功抓取全部所需数据。
[2026-04-08 12:18:55] [SUCCESS] bvid=BV1Tb9PBtErz 已成功抓取全部所需数据。
[2026-04-08 12:18:59] [SUCCESS] bvid=BV1TcDvBTE9y 已成功抓取全部所需数据。
[2026-04-08 12:19:02] [SUCCESS] bvid=BV1TfD3BgEqK 已成功抓取全部所需数据。
[2026-04-08 12:19:02] [WARN] 当前子任务已结束，但仍有未成功抓取的视频，已导出 remaining CSV 供继续执行。
[2026-04-08 12:19:02] [INFO] 已导出剔除成功条目后的剩余 CSV：outputs\video_data\manual_crawls\manual_crawl_meta_mode_A_20260408_115230\remaining_bvids_part_6.csv
[2026-04-08 12:19:02] 子任务结束时间：2026-04-08T12:19:02.368022
[TIMESTAMP][END] 2026-04-08T12:19:02
