[TIMESTAMP][BEGIN] 2026-04-08T13:00:00
[2026-04-08 13:00:02] 开始执行 CSV 批量抓取子任务 part_14。
[2026-04-08 13:00:02] 子任务开始时间：2026-04-08T13:00:00.001918
[2026-04-08 13:00:02] 输入文件：batch_input_14.csv
[2026-04-08 13:00:02] 输入唯一 bvid 数量：100
[2026-04-08 13:00:02] 为严格按 CSV 顺序判断连续失败阈值，本次任务自动将并发度从 2 调整为 1。
[2026-04-08 13:00:06] [SUCCESS] bvid=BV1ovXgB9EWx 已成功抓取全部所需数据。
[2026-04-08 13:00:09] [SUCCESS] bvid=BV1owXjB6Eiw 已成功抓取全部所需数据。
[2026-04-08 13:00:13] [SUCCESS] bvid=BV1owXjB6EzW 已成功抓取全部所需数据。
[2026-04-08 13:00:16] [SUCCESS] bvid=BV1ox9WBcEYy 已成功抓取全部所需数据。
[2026-04-08 13:00:19] [SUCCESS] bvid=BV1oxXKB5ER9 已成功抓取全部所需数据。
[2026-04-08 13:00:23] [SUCCESS] bvid=BV1oxXLBNEPW 已成功抓取全部所需数据。
[2026-04-08 13:00:27] [SUCCESS] bvid=BV1oxXLBNEVj 已成功抓取全部所需数据。
[2026-04-08 13:00:30] [SUCCESS] bvid=BV1oxXSBAEit 已成功抓取全部所需数据。
[2026-04-08 13:00:33] [SUCCESS] bvid=BV1oxXbBkEfU 已成功抓取全部所需数据。
[2026-04-08 13:00:36] [SUCCESS] bvid=BV1oyDVB4EFM 已成功抓取全部所需数据。
[2026-04-08 13:00:40] [SUCCESS] bvid=BV1oyXNBGEvZ 已成功抓取全部所需数据。
[2026-04-08 13:00:43] [SUCCESS] bvid=BV1ozSUB9ELo 已成功抓取全部所需数据。
[2026-04-08 13:00:47] [SUCCESS] bvid=BV1ozXdBmEPo 已成功抓取全部所需数据。
[2026-04-08 13:00:50] [SUCCESS] bvid=BV1p19MBAErd 已成功抓取全部所需数据。
[2026-04-08 13:00:54] [SUCCESS] bvid=BV1p1XoBYEjA 已成功抓取全部所需数据。
[2026-04-08 13:00:57] [SUCCESS] bvid=BV1p1XoBYEjT 已成功抓取全部所需数据。
[2026-04-08 13:01:01] [SUCCESS] bvid=BV1p29MBaEbv 已成功抓取全部所需数据。
[2026-04-08 13:01:04] [SUCCESS] bvid=BV1p2DgBbE26 已成功抓取全部所需数据。
[2026-04-08 13:01:07] [SUCCESS] bvid=BV1p3XKB9E93 已成功抓取全部所需数据。
[2026-04-08 13:01:11] [SUCCESS] bvid=BV1p3XKB9EmN 已成功抓取全部所需数据。
[2026-04-08 13:01:14] [SUCCESS] bvid=BV1p3XLB1EAh 已成功抓取全部所需数据。
[2026-04-08 13:01:17] [SUCCESS] bvid=BV1p3XLB1EwX 已成功抓取全部所需数据。
[2026-04-08 13:01:20] [SUCCESS] bvid=BV1p3XSBCEtE 已成功抓取全部所需数据。
[2026-04-08 13:01:24] [SUCCESS] bvid=BV1p4DuBWETz 已成功抓取全部所需数据。
[2026-04-08 13:01:27] [SUCCESS] bvid=BV1p4X5B1ERe 已成功抓取全部所需数据。
[2026-04-08 13:01:31] [SUCCESS] bvid=BV1p4X5B1ES5 已成功抓取全部所需数据。
[2026-04-08 13:01:34] [SUCCESS] bvid=BV1p4X5B1Emc 已成功抓取全部所需数据。
[2026-04-08 13:01:37] [SUCCESS] bvid=BV1p5X6BSEYD 已成功抓取全部所需数据。
[2026-04-08 13:01:40] [SUCCESS] bvid=BV1p5X6BSEvB 已成功抓取全部所需数据。
[2026-04-08 13:01:43] [SUCCESS] bvid=BV1p5XKBQE1q 已成功抓取全部所需数据。
[2026-04-08 13:01:46] [SUCCESS] bvid=BV1p5XKBQEFU 已成功抓取全部所需数据。
[2026-04-08 13:01:49] [SUCCESS] bvid=BV1p5XKBQER3 已成功抓取全部所需数据。
[2026-04-08 13:01:52] [SUCCESS] bvid=BV1p5XKBQEZS 已成功抓取全部所需数据。
[2026-04-08 13:01:55] [SUCCESS] bvid=BV1p6DMBREkD 已成功抓取全部所需数据。
[2026-04-08 13:01:58] [SUCCESS] bvid=BV1p6wWzcEDW 已成功抓取全部所需数据。
[2026-04-08 13:02:01] [SUCCESS] bvid=BV1p7DTBQEoD 已成功抓取全部所需数据。
[2026-04-08 13:02:04] [SUCCESS] bvid=BV1p7XMBtELA 已成功抓取全部所需数据。
[2026-04-08 13:02:07] [SUCCESS] bvid=BV1p7XMBtEaS 已成功抓取全部所需数据。
[2026-04-08 13:02:10] [SUCCESS] bvid=BV1p7XMBtEbL 已成功抓取全部所需数据。
[2026-04-08 13:02:13] [SUCCESS] bvid=BV1p7XMBtExU 已成功抓取全部所需数据。
[2026-04-08 13:02:17] [SUCCESS] bvid=BV1p89uBAE9C 已成功抓取全部所需数据。
[2026-04-08 13:02:20] [SUCCESS] bvid=BV1p89uBAEkS 已成功抓取全部所需数据。
[2026-04-08 13:02:23] [SUCCESS] bvid=BV1p89uBcEcc 已成功抓取全部所需数据。
[2026-04-08 13:02:27] [SUCCESS] bvid=BV1p8X5BCEf6 已成功抓取全部所需数据。
[2026-04-08 13:02:30] [SUCCESS] bvid=BV1p8X5BCEfY 已成功抓取全部所需数据。
[2026-04-08 13:02:33] [SUCCESS] bvid=BV1p8X5BCEfz 已成功抓取全部所需数据。
[2026-04-08 13:02:36] [SUCCESS] bvid=BV1p8XUBrE83 已成功抓取全部所需数据。
[2026-04-08 13:02:39] [SUCCESS] bvid=BV1p8XUBrE8Z 已成功抓取全部所需数据。
[2026-04-08 13:02:42] [SUCCESS] bvid=BV1p8XUBrEA3 已成功抓取全部所需数据。
[2026-04-08 13:02:45] [SUCCESS] bvid=BV1p8XUBrEEx 已成功抓取全部所需数据。
[2026-04-08 13:02:49] [SUCCESS] bvid=BV1p8XUBrEYi 已成功抓取全部所需数据。
[2026-04-08 13:02:52] [SUCCESS] bvid=BV1p8XUBrEcX 已成功抓取全部所需数据。
[2026-04-08 13:02:55] [SUCCESS] bvid=BV1p8XUBrEny 已成功抓取全部所需数据。
[2026-04-08 13:02:59] [SUCCESS] bvid=BV1p8XUBrErd 已成功抓取全部所需数据。
[2026-04-08 13:03:02] [SUCCESS] bvid=BV1p8XUBrEvm 已成功抓取全部所需数据。
[2026-04-08 13:03:05] [SUCCESS] bvid=BV1p8XUBrEy3 已成功抓取全部所需数据。
[2026-04-08 13:03:09] [SUCCESS] bvid=BV1p8XZBYE58 已成功抓取全部所需数据。
[2026-04-08 13:03:12] [SUCCESS] bvid=BV1p99cBCEbx 已成功抓取全部所需数据。
[2026-04-08 13:03:15] [SUCCESS] bvid=BV1p9D5BgE6i 已成功抓取全部所需数据。
[2026-04-08 13:03:19] [SUCCESS] bvid=BV1p9XPB7EwZ 已成功抓取全部所需数据。
[2026-04-08 13:03:22] [SUCCESS] bvid=BV1p9XbBWEQR 已成功抓取全部所需数据。
[2026-04-08 13:03:25] [SUCCESS] bvid=BV1pA97BXEAn 已成功抓取全部所需数据。
[2026-04-08 13:03:29] [SUCCESS] bvid=BV1pASoBHEqu 已成功抓取全部所需数据。
[2026-04-08 13:03:33] [SUCCESS] bvid=BV1pAXCBREng 已成功抓取全部所需数据。
[2026-04-08 13:03:36] [SUCCESS] bvid=BV1pBDKBEEXg 已成功抓取全部所需数据。
[2026-04-08 13:03:40] [SUCCESS] bvid=BV1pBXXBQEZU 已成功抓取全部所需数据。
[2026-04-08 13:03:43] [SUCCESS] bvid=BV1pC9KBdEAW 已成功抓取全部所需数据。
[2026-04-08 13:03:46] [SUCCESS] bvid=BV1pCDMBXERk 已成功抓取全部所需数据。
[2026-04-08 13:03:50] [SUCCESS] bvid=BV1pCXaBZEu8 已成功抓取全部所需数据。
[2026-04-08 13:03:53] [SUCCESS] bvid=BV1pDX4BmEb4 已成功抓取全部所需数据。
[2026-04-08 13:03:57] [SUCCESS] bvid=BV1pDXVB3E6g 已成功抓取全部所需数据。
[2026-04-08 13:04:00] [SUCCESS] bvid=BV1pDXVB3E78 已成功抓取全部所需数据。
[2026-04-08 13:04:03] [SUCCESS] bvid=BV1pDXVB3EM2 已成功抓取全部所需数据。
[2026-04-08 13:04:07] [SUCCESS] bvid=BV1pDXVB3Ejf 已成功抓取全部所需数据。
[2026-04-08 13:04:10] [SUCCESS] bvid=BV1pDXVB3ErW 已成功抓取全部所需数据。
[2026-04-08 13:04:14] [SUCCESS] bvid=BV1pESdBHEm5 已成功抓取全部所需数据。
[2026-04-08 13:04:17] [SUCCESS] bvid=BV1pEXMBoECB 已成功抓取全部所需数据。
[2026-04-08 13:04:21] [SUCCESS] bvid=BV1pEXMBoESb 已成功抓取全部所需数据。
[2026-04-08 13:04:24] [SUCCESS] bvid=BV1pEXMBoEhF 已成功抓取全部所需数据。
[2026-04-08 13:04:28] [SUCCESS] bvid=BV1pEXMBoEvQ 已成功抓取全部所需数据。
[2026-04-08 13:04:31] [SUCCESS] bvid=BV1pEXkBREBY 已成功抓取全部所需数据。
[2026-04-08 13:04:35] [SUCCESS] bvid=BV1pF97BREyi 已成功抓取全部所需数据。
[2026-04-08 13:04:38] [SUCCESS] bvid=BV1pFQZBFE8T 已成功抓取全部所需数据。
[2026-04-08 13:04:42] [SUCCESS] bvid=BV1pFX8BJETB 已成功抓取全部所需数据。
[2026-04-08 13:04:45] [SUCCESS] bvid=BV1pFXuBfEvM 已成功抓取全部所需数据。
[2026-04-08 13:04:48] [SUCCESS] bvid=BV1pGDGBhEwU 已成功抓取全部所需数据。
[2026-04-08 13:04:52] [SUCCESS] bvid=BV1pGXBBVEVs 已成功抓取全部所需数据。
[2026-04-08 13:04:55] [SUCCESS] bvid=BV1pGXBBVEg6 已成功抓取全部所需数据。
[2026-04-08 13:04:58] [SUCCESS] bvid=BV1pGXPBLE46 已成功抓取全部所需数据。
[2026-04-08 13:05:02] [SUCCESS] bvid=BV1pGXPBLEKZ 已成功抓取全部所需数据。
[2026-04-08 13:05:05] [SUCCESS] bvid=BV1pGXPBLEMr 已成功抓取全部所需数据。
[2026-04-08 13:05:09] [SUCCESS] bvid=BV1pGXPBLEW3 已成功抓取全部所需数据。
[2026-04-08 13:05:13] [SUCCESS] bvid=BV1pGXPBLEWy 已成功抓取全部所需数据。
[2026-04-08 13:05:17] [SUCCESS] bvid=BV1pGXPBLEbN 已成功抓取全部所需数据。
[2026-04-08 13:05:21] [SUCCESS] bvid=BV1pH9jBDECb 已成功抓取全部所需数据。
[2026-04-08 13:05:24] [SUCCESS] bvid=BV1pH9jBDEKk 已成功抓取全部所需数据。
[2026-04-08 13:05:28] [SUCCESS] bvid=BV1pH9jBDEMW 已成功抓取全部所需数据。
[2026-04-08 13:05:31] [SUCCESS] bvid=BV1pH9jBDEuT 已成功抓取全部所需数据。
[2026-04-08 13:05:34] [SUCCESS] bvid=BV1pHDuBoE6R 已成功抓取全部所需数据。
[2026-04-08 13:05:38] [SUCCESS] bvid=BV1pHSdBJEPZ 已成功抓取全部所需数据。
[2026-04-08 13:05:38] [INFO] 当前 batch_crawl 已完成，所有视频均已成功抓取。
[2026-04-08 13:05:38] 子任务结束时间：2026-04-08T13:05:38.053962
[TIMESTAMP][END] 2026-04-08T13:05:38
