[TIMESTAMP][BEGIN] 2026-04-08T16:33:55
[2026-04-08 16:33:57] 开始执行 CSV 批量抓取子任务 part_44。
[2026-04-08 16:33:57] 子任务开始时间：2026-04-08T16:33:55.243955
[2026-04-08 16:33:57] 输入文件：batch_input_44.csv
[2026-04-08 16:33:57] 输入唯一 bvid 数量：100
[2026-04-08 16:33:57] 为严格按 CSV 顺序判断连续失败阈值，本次任务自动将并发度从 2 调整为 1。
[2026-04-08 16:34:00] [SUCCESS] bvid=BV1ymXVBGEKc 已成功抓取全部所需数据。
[2026-04-08 16:34:03] [SUCCESS] bvid=BV1ymXVBGEcJ 已成功抓取全部所需数据。
[2026-04-08 16:34:06] [SUCCESS] bvid=BV1ymXVBGEgb 已成功抓取全部所需数据。
[2026-04-08 16:34:10] [SUCCESS] bvid=BV1ymXVBGEno 已成功抓取全部所需数据。
[2026-04-08 16:34:13] [SUCCESS] bvid=BV1ymXVBGEwL 已成功抓取全部所需数据。
[2026-04-08 16:34:16] [SUCCESS] bvid=BV1ymXmBgE4R 已成功抓取全部所需数据。
[2026-04-08 16:34:16] [ERROR] bvid=BV1ymXmBgErd 抓取失败：meta: 接口返回错误代码：62002，信息：稿件不可见。
{'code': 62002, 'message': '稿件不可见', 'ttl': 1}
[2026-04-08 16:34:20] [SUCCESS] bvid=BV1yn9jBHEbo 已成功抓取全部所需数据。
[2026-04-08 16:34:23] [SUCCESS] bvid=BV1ynDuBtEG2 已成功抓取全部所需数据。
[2026-04-08 16:34:26] [SUCCESS] bvid=BV1ynXYBaERU 已成功抓取全部所需数据。
[2026-04-08 16:34:29] [SUCCESS] bvid=BV1yo9ABJErG 已成功抓取全部所需数据。
[2026-04-08 16:34:32] [SUCCESS] bvid=BV1yo9jBoEzn 已成功抓取全部所需数据。
[2026-04-08 16:34:35] [SUCCESS] bvid=BV1yoDNBjEAG 已成功抓取全部所需数据。
[2026-04-08 16:34:38] [SUCCESS] bvid=BV1yoXbBHEN8 已成功抓取全部所需数据。
[2026-04-08 16:34:41] [SUCCESS] bvid=BV1yoXhBFEbu 已成功抓取全部所需数据。
[2026-04-08 16:34:44] [SUCCESS] bvid=BV1yp9EBZEwm 已成功抓取全部所需数据。
[2026-04-08 16:34:48] [SUCCESS] bvid=BV1ypDFBNEbS 已成功抓取全部所需数据。
[2026-04-08 16:34:51] [SUCCESS] bvid=BV1ypSUBvE9r 已成功抓取全部所需数据。
[2026-04-08 16:35:01] [SUCCESS] bvid=BV1ypX2BBEd5 已成功抓取全部所需数据。
[2026-04-08 16:35:10] [SUCCESS] bvid=BV1ypXYBcEJi 已成功抓取全部所需数据。
[2026-04-08 16:35:19] [SUCCESS] bvid=BV1yq9LBDENq 已成功抓取全部所需数据。
[2026-04-08 16:35:29] [SUCCESS] bvid=BV1yqXCBhEVP 已成功抓取全部所需数据。
[2026-04-08 16:35:38] [SUCCESS] bvid=BV1yqXCBhEVk 已成功抓取全部所需数据。
[2026-04-08 16:35:48] [SUCCESS] bvid=BV1yqXrBXEL6 已成功抓取全部所需数据。
[2026-04-08 16:35:57] [SUCCESS] bvid=BV1yr97BdEdo 已成功抓取全部所需数据。
[2026-04-08 16:36:08] [SUCCESS] bvid=BV1yrDhBpExK 已成功抓取全部所需数据。
[2026-04-08 16:36:17] [SUCCESS] bvid=BV1yrSfBAEYk 已成功抓取全部所需数据。
[2026-04-08 16:36:27] [SUCCESS] bvid=BV1yrX3BBEaD 已成功抓取全部所需数据。
[2026-04-08 16:36:36] [SUCCESS] bvid=BV1yrXCBZEKB 已成功抓取全部所需数据。
[2026-04-08 16:36:45] [SUCCESS] bvid=BV1ys9uBvEih 已成功抓取全部所需数据。
[2026-04-08 16:36:48] [SUCCESS] bvid=BV1ysX2BTEuU 已成功抓取全部所需数据。
[2026-04-08 16:36:51] [SUCCESS] bvid=BV1ysX2BTEyV 已成功抓取全部所需数据。
[2026-04-08 16:36:55] [SUCCESS] bvid=BV1ysXqBLE1b 已成功抓取全部所需数据。
[2026-04-08 16:36:58] [SUCCESS] bvid=BV1ysXvBqEqK 已成功抓取全部所需数据。
[2026-04-08 16:37:01] [SUCCESS] bvid=BV1yt9nBAEbD 已成功抓取全部所需数据。
[2026-04-08 16:37:04] [SUCCESS] bvid=BV1ytXjBXERi 已成功抓取全部所需数据。
[2026-04-08 16:37:07] [SUCCESS] bvid=BV1yuX4B1EAE 已成功抓取全部所需数据。
[2026-04-08 16:37:10] [SUCCESS] bvid=BV1yuXPB7Eyq 已成功抓取全部所需数据。
[2026-04-08 16:37:14] [SUCCESS] bvid=BV1yv9VB5E56 已成功抓取全部所需数据。
[2026-04-08 16:37:17] [SUCCESS] bvid=BV1yv9wB1EKh 已成功抓取全部所需数据。
[2026-04-08 16:37:20] [SUCCESS] bvid=BV1yvSRBDEae 已成功抓取全部所需数据。
[2026-04-08 16:37:23] [SUCCESS] bvid=BV1yvSRBDEoV 已成功抓取全部所需数据。
[2026-04-08 16:37:26] [SUCCESS] bvid=BV1yw9MBaEvi 已成功抓取全部所需数据。
[2026-04-08 16:37:30] [SUCCESS] bvid=BV1ywDgBbEM6 已成功抓取全部所需数据。
[2026-04-08 16:37:34] [SUCCESS] bvid=BV1ywXeBeESa 已成功抓取全部所需数据。
[2026-04-08 16:37:38] [SUCCESS] bvid=BV1ywXeBeEX9 已成功抓取全部所需数据。
[2026-04-08 16:37:42] [SUCCESS] bvid=BV1yxSDB3EaW 已成功抓取全部所需数据。
[2026-04-08 16:37:46] [SUCCESS] bvid=BV1yxSUBYE3c 已成功抓取全部所需数据。
[2026-04-08 16:37:49] [SUCCESS] bvid=BV1yxX2BiET4 已成功抓取全部所需数据。
[2026-04-08 16:37:53] [SUCCESS] bvid=BV1yySSBMEtF 已成功抓取全部所需数据。
[2026-04-08 16:37:57] [SUCCESS] bvid=BV1yyX1BeECX 已成功抓取全部所需数据。
[2026-04-08 16:38:01] [SUCCESS] bvid=BV1yyXVB5E4r 已成功抓取全部所需数据。
[2026-04-08 16:38:05] [SUCCESS] bvid=BV1yyXVB5E8C 已成功抓取全部所需数据。
[2026-04-08 16:38:08] [SUCCESS] bvid=BV1yyXVB5EJB 已成功抓取全部所需数据。
[2026-04-08 16:38:12] [SUCCESS] bvid=BV1yyXVB5EKn 已成功抓取全部所需数据。
[2026-04-08 16:38:16] [SUCCESS] bvid=BV1yyXVB5ENq 已成功抓取全部所需数据。
[2026-04-08 16:38:19] [SUCCESS] bvid=BV1yyXVB5EVw 已成功抓取全部所需数据。
[2026-04-08 16:38:22] [SUCCESS] bvid=BV1yyXVB5EY3 已成功抓取全部所需数据。
[2026-04-08 16:38:26] [SUCCESS] bvid=BV1yyXVB5Ehb 已成功抓取全部所需数据。
[2026-04-08 16:38:29] [SUCCESS] bvid=BV1yyXVB5Ej3 已成功抓取全部所需数据。
[2026-04-08 16:38:32] [SUCCESS] bvid=BV1yyXmBGEeo 已成功抓取全部所需数据。
[2026-04-08 16:38:36] [SUCCESS] bvid=BV1yz9LBJEpz 已成功抓取全部所需数据。
[2026-04-08 16:38:39] [SUCCESS] bvid=BV1yzXCBFEY1 已成功抓取全部所需数据。
[2026-04-08 16:38:42] [SUCCESS] bvid=BV1yzXaBhE2t 已成功抓取全部所需数据。
[2026-04-08 16:38:45] [SUCCESS] bvid=BV1yzXuBwEDR 已成功抓取全部所需数据。
[2026-04-08 16:38:48] [SUCCESS] bvid=BV1yzXuBwEnt 已成功抓取全部所需数据。
[2026-04-08 16:38:52] [SUCCESS] bvid=BV1yzXuBwEpK 已成功抓取全部所需数据。
[2026-04-08 16:38:55] [SUCCESS] bvid=BV1z1DKBCEYC 已成功抓取全部所需数据。
[2026-04-08 16:38:58] [SUCCESS] bvid=BV1z1XDBuEnW 已成功抓取全部所需数据。
[2026-04-08 16:39:01] [SUCCESS] bvid=BV1z1XDBuExH 已成功抓取全部所需数据。
[2026-04-08 16:39:04] [SUCCESS] bvid=BV1z1XTBJEHx 已成功抓取全部所需数据。
[2026-04-08 16:39:07] [SUCCESS] bvid=BV1z1XTBJEMQ 已成功抓取全部所需数据。
[2026-04-08 16:39:11] [SUCCESS] bvid=BV1z1XTBJEMs 已成功抓取全部所需数据。
[2026-04-08 16:39:14] [SUCCESS] bvid=BV1z1XTBJET6 已成功抓取全部所需数据。
[2026-04-08 16:39:18] [SUCCESS] bvid=BV1z1XTBJETk 已成功抓取全部所需数据。
[2026-04-08 16:39:21] [SUCCESS] bvid=BV1z1XTBJEhD 已成功抓取全部所需数据。
[2026-04-08 16:39:24] [SUCCESS] bvid=BV1z1XTBJEhW 已成功抓取全部所需数据。
[2026-04-08 16:39:27] [SUCCESS] bvid=BV1z1XTBJEqM 已成功抓取全部所需数据。
[2026-04-08 16:39:31] [SUCCESS] bvid=BV1z1XrB7EvJ 已成功抓取全部所需数据。
[2026-04-08 16:39:34] [SUCCESS] bvid=BV1z29LByE3D 已成功抓取全部所需数据。
[2026-04-08 16:39:37] [SUCCESS] bvid=BV1z2XrB2EW5 已成功抓取全部所需数据。
[2026-04-08 16:39:41] [SUCCESS] bvid=BV1z2XuB4ETE 已成功抓取全部所需数据。
[2026-04-08 16:39:44] [SUCCESS] bvid=BV1z2XuB4ExF 已成功抓取全部所需数据。
[2026-04-08 16:39:48] [SUCCESS] bvid=BV1z3XoBdEF4 已成功抓取全部所需数据。
[2026-04-08 16:39:51] [SUCCESS] bvid=BV1z3XoBdEwH 已成功抓取全部所需数据。
[2026-04-08 16:39:54] [SUCCESS] bvid=BV1z3XoBdExm 已成功抓取全部所需数据。
[2026-04-08 16:39:58] [SUCCESS] bvid=BV1z3XoBdEzD 已成功抓取全部所需数据。
[2026-04-08 16:40:01] [SUCCESS] bvid=BV1z49NBmE4x 已成功抓取全部所需数据。
[2026-04-08 16:40:05] [SUCCESS] bvid=BV1z4XMBHE5V 已成功抓取全部所需数据。
[2026-04-08 16:40:09] [SUCCESS] bvid=BV1z4XkBJEUj 已成功抓取全部所需数据。
[2026-04-08 16:40:12] [SUCCESS] bvid=BV1z4XkBJEzk 已成功抓取全部所需数据。
[2026-04-08 16:40:15] [SUCCESS] bvid=BV1z59MBWEsn 已成功抓取全部所需数据。
[2026-04-08 16:40:19] [SUCCESS] bvid=BV1z5XoB9ENr 已成功抓取全部所需数据。
[2026-04-08 16:40:22] [SUCCESS] bvid=BV1z5XoB9EVq 已成功抓取全部所需数据。
[2026-04-08 16:40:26] [SUCCESS] bvid=BV1z5XsBeE7Y 已成功抓取全部所需数据。
[2026-04-08 16:40:29] [SUCCESS] bvid=BV1z6XjByEVt 已成功抓取全部所需数据。
[2026-04-08 16:40:33] [SUCCESS] bvid=BV1z6XjByEWu 已成功抓取全部所需数据。
[2026-04-08 16:40:36] [SUCCESS] bvid=BV1z6XjByEgb 已成功抓取全部所需数据。
[2026-04-08 16:40:39] [SUCCESS] bvid=BV1z6XqBNE5Y 已成功抓取全部所需数据。
[2026-04-08 16:40:43] [SUCCESS] bvid=BV1z6XqBNEaT 已成功抓取全部所需数据。
[2026-04-08 16:40:43] [WARN] 当前子任务已结束，但仍有未成功抓取的视频，已导出 remaining CSV 供继续执行。
[2026-04-08 16:40:43] [INFO] 已导出剔除成功条目后的剩余 CSV：outputs\video_data\manual_crawls\manual_crawl_meta_mode_A_20260408_115230\remaining_bvids_part_44.csv
[2026-04-08 16:40:43] 子任务结束时间：2026-04-08T16:40:43.170396
[TIMESTAMP][END] 2026-04-08T16:40:43
