[TIMESTAMP][BEGIN] 2026-04-08T12:06:13
[2026-04-08 12:06:16] 开始执行 CSV 批量抓取子任务 part_4。
[2026-04-08 12:06:16] 子任务开始时间：2026-04-08T12:06:13.815027
[2026-04-08 12:06:16] 输入文件：batch_input_4.csv
[2026-04-08 12:06:16] 输入唯一 bvid 数量：100
[2026-04-08 12:06:16] 为严格按 CSV 顺序判断连续失败阈值，本次任务自动将并发度从 2 调整为 1。
[2026-04-08 12:06:25] [SUCCESS] bvid=BV1ETSoBUESa 已成功抓取全部所需数据。
[2026-04-08 12:06:35] [SUCCESS] bvid=BV1EYDaBmEGQ 已成功抓取全部所需数据。
[2026-04-08 12:06:44] [SUCCESS] bvid=BV1EYDaBmEKY 已成功抓取全部所需数据。
[2026-04-08 12:06:54] [SUCCESS] bvid=BV1EZDcBcED2 已成功抓取全部所需数据。
[2026-04-08 12:06:57] [SUCCESS] bvid=BV1Ed9MBxEBS 已成功抓取全部所需数据。
[2026-04-08 12:07:00] [SUCCESS] bvid=BV1EhSdB5EMP 已成功抓取全部所需数据。
[2026-04-08 12:07:01] [ERROR] bvid=BV1EhXyBsEsS 抓取失败：meta: 接口返回错误代码：62002，信息：稿件不可见。
{'code': 62002, 'message': '稿件不可见', 'ttl': 1}
[2026-04-08 12:07:04] [SUCCESS] bvid=BV1EiDeBsEJo 已成功抓取全部所需数据。
[2026-04-08 12:07:07] [SUCCESS] bvid=BV1EjDYBEE5i 已成功抓取全部所需数据。
[2026-04-08 12:07:11] [SUCCESS] bvid=BV1EjSSBbEoQ 已成功抓取全部所需数据。
[2026-04-08 12:07:14] [SUCCESS] bvid=BV1EvDaBjEa1 已成功抓取全部所需数据。
[2026-04-08 12:07:17] [SUCCESS] bvid=BV1EvDaBjEgS 已成功抓取全部所需数据。
[2026-04-08 12:07:20] [SUCCESS] bvid=BV1Ew9FB8EnD 已成功抓取全部所需数据。
[2026-04-08 12:07:23] [SUCCESS] bvid=BV1EzDeBHEBD 已成功抓取全部所需数据。
[2026-04-08 12:07:27] [SUCCESS] bvid=BV1EzDeBHEFw 已成功抓取全部所需数据。
[2026-04-08 12:07:27] [ERROR] bvid=BV1EzXUBvEjc 抓取失败：meta: 接口返回错误代码：62002，信息：稿件不可见。
{'code': 62002, 'message': '稿件不可见', 'ttl': 1}
[2026-04-08 12:07:30] [SUCCESS] bvid=BV1F29KB9Eft 已成功抓取全部所需数据。
[2026-04-08 12:07:34] [SUCCESS] bvid=BV1F4DTB1ESR 已成功抓取全部所需数据。
[2026-04-08 12:07:37] [SUCCESS] bvid=BV1F5DcB8Ezx 已成功抓取全部所需数据。
[2026-04-08 12:07:40] [SUCCESS] bvid=BV1FLDcBfEix 已成功抓取全部所需数据。
[2026-04-08 12:07:43] [SUCCESS] bvid=BV1FLDvBoEgm 已成功抓取全部所需数据。
[2026-04-08 12:07:46] [SUCCESS] bvid=BV1FMDYB9EUG 已成功抓取全部所需数据。
[2026-04-08 12:07:50] [SUCCESS] bvid=BV1FRDYBpESp 已成功抓取全部所需数据。
[2026-04-08 12:07:53] [SUCCESS] bvid=BV1FRSSBYE2R 已成功抓取全部所需数据。
[2026-04-08 12:07:53] [ERROR] bvid=BV1FT9LBGEVy 抓取失败：meta: 接口返回错误代码：62012，信息：62012。
{'code': 62012, 'message': '62012', 'ttl': 1}
[2026-04-08 12:07:56] [SUCCESS] bvid=BV1FTDhB2EuG 已成功抓取全部所需数据。
[2026-04-08 12:07:59] [SUCCESS] bvid=BV1FUSoBDEqd 已成功抓取全部所需数据。
[2026-04-08 12:08:03] [SUCCESS] bvid=BV1FX9MBtEW4 已成功抓取全部所需数据。
[2026-04-08 12:08:06] [SUCCESS] bvid=BV1FXSfBdERQ 已成功抓取全部所需数据。
[2026-04-08 12:08:06] [ERROR] bvid=BV1FYXWBYES2 抓取失败：meta: 接口返回错误代码：62012，信息：62012。
{'code': 62012, 'message': '62012', 'ttl': 1}
[2026-04-08 12:08:09] [SUCCESS] bvid=BV1FZDcBcEPN 已成功抓取全部所需数据。
[2026-04-08 12:08:13] [SUCCESS] bvid=BV1FaDaBJEXq 已成功抓取全部所需数据。
[2026-04-08 12:08:16] [SUCCESS] bvid=BV1Fd9MBxEF9 已成功抓取全部所需数据。
[2026-04-08 12:08:20] [SUCCESS] bvid=BV1FgSfBsEiP 已成功抓取全部所需数据。
[2026-04-08 12:08:20] [ERROR] bvid=BV1FoXPBLEhc 抓取失败：meta: 接口返回错误代码：-404，信息：啥都木有。
{'code': -404, 'message': '啥都木有', 'ttl': 1}
[2026-04-08 12:08:20] [ERROR] bvid=BV1FuDhBLEy2 抓取失败：meta: 接口返回错误代码：62002，信息：稿件不可见。
{'code': 62002, 'message': '稿件不可见', 'ttl': 1}
[2026-04-08 12:08:24] [SUCCESS] bvid=BV1FvDVBeEGZ 已成功抓取全部所需数据。
[2026-04-08 12:08:27] [SUCCESS] bvid=BV1FxDTBjEiz 已成功抓取全部所需数据。
[2026-04-08 12:08:30] [SUCCESS] bvid=BV1G1DaBzEXb 已成功抓取全部所需数据。
[2026-04-08 12:08:34] [SUCCESS] bvid=BV1G2DuB6Ej5 已成功抓取全部所需数据。
[2026-04-08 12:08:34] [ERROR] bvid=BV1G8XLBYEDJ 抓取失败：meta: 接口返回错误代码：62002，信息：稿件不可见。
{'code': 62002, 'message': '稿件不可见', 'ttl': 1}
[2026-04-08 12:08:37] [SUCCESS] bvid=BV1GKSUB7EeB 已成功抓取全部所需数据。
[2026-04-08 12:08:41] [SUCCESS] bvid=BV1GKSUB7Ez1 已成功抓取全部所需数据。
[2026-04-08 12:08:44] [SUCCESS] bvid=BV1GPSZB6ELw 已成功抓取全部所需数据。
[2026-04-08 12:08:44] [ERROR] bvid=BV1GRXUBsEha 抓取失败：meta: 接口返回错误代码：62002，信息：稿件不可见。
{'code': 62002, 'message': '稿件不可见', 'ttl': 1}
[2026-04-08 12:08:47] [SUCCESS] bvid=BV1GSDFB2ErU 已成功抓取全部所需数据。
[2026-04-08 12:08:47] [ERROR] bvid=BV1GSXZBSE4Q 抓取失败：meta: 接口返回错误代码：62012，信息：62012。
{'code': 62012, 'message': '62012', 'ttl': 1}
[2026-04-08 12:08:51] [SUCCESS] bvid=BV1GSXZBSE7A 已成功抓取全部所需数据。
[2026-04-08 12:08:51] [ERROR] bvid=BV1GUXGBXEHW 抓取失败：meta: 接口返回错误代码：62012，信息：62012。
{'code': 62012, 'message': '62012', 'ttl': 1}
[2026-04-08 12:08:51] [ERROR] bvid=BV1GXX5BZExF 抓取失败：meta: 接口返回错误代码：62002，信息：稿件不可见。
{'code': 62002, 'message': '稿件不可见', 'ttl': 1}
[2026-04-08 12:08:54] [SUCCESS] bvid=BV1GbDYBgEDm 已成功抓取全部所需数据。
[2026-04-08 12:08:57] [SUCCESS] bvid=BV1GgDFB5EPu 已成功抓取全部所需数据。
[2026-04-08 12:09:01] [SUCCESS] bvid=BV1GgDFB5Eut 已成功抓取全部所需数据。
[2026-04-08 12:09:04] [SUCCESS] bvid=BV1GhDvB2EDN 已成功抓取全部所需数据。
[2026-04-08 12:09:04] [ERROR] bvid=BV1Gj9wBZE85 抓取失败：meta: 接口返回错误代码：-404，信息：啥都木有。
{'code': -404, 'message': '啥都木有', 'ttl': 1}
[2026-04-08 12:09:07] [SUCCESS] bvid=BV1GmDaBMEZZ 已成功抓取全部所需数据。
[2026-04-08 12:09:10] [SUCCESS] bvid=BV1GmSZB3Eu9 已成功抓取全部所需数据。
[2026-04-08 12:09:14] [SUCCESS] bvid=BV1GpSoBBEFP 已成功抓取全部所需数据。
[2026-04-08 12:09:17] [SUCCESS] bvid=BV1GrDTBKE5G 已成功抓取全部所需数据。
[2026-04-08 12:09:17] [ERROR] bvid=BV1GyXgBUEzU 抓取失败：meta: 接口返回错误代码：62002，信息：稿件不可见。
{'code': 62002, 'message': '稿件不可见', 'ttl': 1}
[2026-04-08 12:09:20] [SUCCESS] bvid=BV1H2DMBDEcw 已成功抓取全部所需数据。
[2026-04-08 12:09:21] [ERROR] bvid=BV1H4XgBFEeh 抓取失败：meta: 接口返回错误代码：62002，信息：稿件不可见。
{'code': 62002, 'message': '稿件不可见', 'ttl': 1}
[2026-04-08 12:09:21] [ERROR] bvid=BV1H5XLBCEiL 抓取失败：meta: 接口返回错误代码：62002，信息：稿件不可见。
{'code': 62002, 'message': '稿件不可见', 'ttl': 1}
[2026-04-08 12:09:24] [SUCCESS] bvid=BV1HJSdBDEex 已成功抓取全部所需数据。
[2026-04-08 12:09:27] [SUCCESS] bvid=BV1HMSfBdECo 已成功抓取全部所需数据。
[2026-04-08 12:09:30] [SUCCESS] bvid=BV1HPDhBUEpH 已成功抓取全部所需数据。
[2026-04-08 12:09:30] [ERROR] bvid=BV1HRXPB2Eev 抓取失败：meta: 接口返回错误代码：-404，信息：啥都木有。
{'code': -404, 'message': '啥都木有', 'ttl': 1}
[2026-04-08 12:09:34] [SUCCESS] bvid=BV1HUSSBqEqo 已成功抓取全部所需数据。
[2026-04-08 12:09:37] [SUCCESS] bvid=BV1HUSfBbEQH 已成功抓取全部所需数据。
[2026-04-08 12:09:40] [SUCCESS] bvid=BV1HWDTBmE4G 已成功抓取全部所需数据。
[2026-04-08 12:09:43] [SUCCESS] bvid=BV1HYDeBxEP8 已成功抓取全部所需数据。
[2026-04-08 12:09:46] [SUCCESS] bvid=BV1HYDeBxEew 已成功抓取全部所需数据。
[2026-04-08 12:09:46] [ERROR] bvid=BV1HZXSBGEe5 抓取失败：meta: 接口返回错误代码：62002，信息：稿件不可见。
{'code': 62002, 'message': '稿件不可见', 'ttl': 1}
[2026-04-08 12:09:50] [SUCCESS] bvid=BV1HbDaBnEkq 已成功抓取全部所需数据。
[2026-04-08 12:09:50] [ERROR] bvid=BV1HcXaB4EZB 抓取失败：meta: 接口返回错误代码：62002，信息：稿件不可见。
{'code': 62002, 'message': '稿件不可见', 'ttl': 1}
[2026-04-08 12:09:53] [SUCCESS] bvid=BV1Hd9gBPEWH 已成功抓取全部所需数据。
[2026-04-08 12:09:56] [SUCCESS] bvid=BV1Hd9gBPEnZ 已成功抓取全部所需数据。
[2026-04-08 12:10:00] [SUCCESS] bvid=BV1HeDVBNE1Y 已成功抓取全部所需数据。
[2026-04-08 12:10:00] [ERROR] bvid=BV1HnXMBxEcY 抓取失败：meta: 接口返回错误代码：-404，信息：啥都木有。
{'code': -404, 'message': '啥都木有', 'ttl': 1}
[2026-04-08 12:10:00] [ERROR] bvid=BV1HqXDByEQ6 抓取失败：meta: 接口返回错误代码：-404，信息：啥都木有。
{'code': -404, 'message': '啥都木有', 'ttl': 1}
[2026-04-08 12:10:00] [ERROR] bvid=BV1HqXDByERG 抓取失败：meta: 接口返回错误代码：-404，信息：啥都木有。
{'code': -404, 'message': '啥都木有', 'ttl': 1}
[2026-04-08 12:10:04] [SUCCESS] bvid=BV1J1SoBDEE6 已成功抓取全部所需数据。
[2026-04-08 12:10:07] [SUCCESS] bvid=BV1J4DTB1ESM 已成功抓取全部所需数据。
[2026-04-08 12:10:07] [ERROR] bvid=BV1J5XLBCEQU 抓取失败：meta: 接口返回错误代码：62002，信息：稿件不可见。
{'code': 62002, 'message': '稿件不可见', 'ttl': 1}
[2026-04-08 12:10:07] [ERROR] bvid=BV1JBXUBKEG1 抓取失败：meta: 接口返回错误代码：-404，信息：啥都木有。
{'code': -404, 'message': '啥都木有', 'ttl': 1}
[2026-04-08 12:10:10] [SUCCESS] bvid=BV1JPDKBkEuf 已成功抓取全部所需数据。
[2026-04-08 12:10:11] [ERROR] bvid=BV1JPX8B2EJR 抓取失败：meta: 接口返回错误代码：62002，信息：稿件不可见。
{'code': 62002, 'message': '稿件不可见', 'ttl': 1}
[2026-04-08 12:10:14] [SUCCESS] bvid=BV1JTSoBUEJg 已成功抓取全部所需数据。
[2026-04-08 12:10:17] [SUCCESS] bvid=BV1JX9MBtEQx 已成功抓取全部所需数据。
[2026-04-08 12:10:21] [SUCCESS] bvid=BV1JXDgBsEsG 已成功抓取全部所需数据。
[2026-04-08 12:10:21] [ERROR] bvid=BV1JYDaBmEKx 抓取失败：meta: 接口返回错误代码：62002，信息：稿件不可见。
{'code': 62002, 'message': '稿件不可见', 'ttl': 1}
[2026-04-08 12:10:24] [SUCCESS] bvid=BV1JbSZBpEZF 已成功抓取全部所需数据。
[2026-04-08 12:10:24] [ERROR] bvid=BV1JuX3BhEbj 抓取失败：meta: 接口返回错误代码：62002，信息：稿件不可见。
{'code': 62002, 'message': '稿件不可见', 'ttl': 1}
[2026-04-08 12:10:28] [SUCCESS] bvid=BV1JwDPBKEtC 已成功抓取全部所需数据。
[2026-04-08 12:10:28] [ERROR] bvid=BV1JwXTBSEKy 抓取失败：meta: 接口返回错误代码：62002，信息：稿件不可见。
{'code': 62002, 'message': '稿件不可见', 'ttl': 1}
[2026-04-08 12:10:31] [SUCCESS] bvid=BV1K2SQB2E33 已成功抓取全部所需数据。
[2026-04-08 12:10:32] [ERROR] bvid=BV1K59jB4EEu 抓取失败：meta: 接口返回错误代码：62002，信息：稿件不可见。
{'code': 62002, 'message': '稿件不可见', 'ttl': 1}
[2026-04-08 12:10:35] [SUCCESS] bvid=BV1K9D8BxEfC 已成功抓取全部所需数据。
[2026-04-08 12:10:38] [SUCCESS] bvid=BV1KBSfBKE9o 已成功抓取全部所需数据。
[2026-04-08 12:10:38] [ERROR] bvid=BV1KBX1BzEjy 抓取失败：meta: 接口返回错误代码：62002，信息：稿件不可见。
{'code': 62002, 'message': '稿件不可见', 'ttl': 1}
[2026-04-08 12:10:38] [WARN] 当前子任务已结束，但仍有未成功抓取的视频，已导出 remaining CSV 供继续执行。
[2026-04-08 12:10:38] [INFO] 已导出剔除成功条目后的剩余 CSV：outputs\video_data\manual_crawls\manual_crawl_meta_mode_A_20260408_115230\remaining_bvids_part_4.csv
[2026-04-08 12:10:38] 子任务结束时间：2026-04-08T12:10:38.201189
[TIMESTAMP][END] 2026-04-08T12:10:38
