[TIMESTAMP][BEGIN] 2026-04-08T12:32:49
[2026-04-08 12:32:52] 开始执行 CSV 批量抓取子任务 part_10。
[2026-04-08 12:32:52] 子任务开始时间：2026-04-08T12:32:49.151869
[2026-04-08 12:32:52] 输入文件：batch_input_10.csv
[2026-04-08 12:32:52] 输入唯一 bvid 数量：100
[2026-04-08 12:32:52] 为严格按 CSV 顺序判断连续失败阈值，本次任务自动将并发度从 2 调整为 1。
[2026-04-08 12:32:56] [SUCCESS] bvid=BV1gUDTBhEVz 已成功抓取全部所需数据。
[2026-04-08 12:33:00] [SUCCESS] bvid=BV1gUSZB6EHz 已成功抓取全部所需数据。
[2026-04-08 12:33:03] [SUCCESS] bvid=BV1gVSDBnEiD 已成功抓取全部所需数据。
[2026-04-08 12:33:07] [SUCCESS] bvid=BV1gVSUBkEnz 已成功抓取全部所需数据。
[2026-04-08 12:33:11] [SUCCESS] bvid=BV1gXDeBkEbC 已成功抓取全部所需数据。
[2026-04-08 12:33:11] [ERROR] bvid=BV1gYXmBDESf 抓取失败：meta: 接口返回错误代码：-404，信息：啥都木有。
{'code': -404, 'message': '啥都木有', 'ttl': 1}
[2026-04-08 12:33:11] [ERROR] bvid=BV1gZXNBeEGJ 抓取失败：meta: 接口返回错误代码：62002，信息：稿件不可见。
{'code': 62002, 'message': '稿件不可见', 'ttl': 1}
[2026-04-08 12:33:16] [SUCCESS] bvid=BV1gbDhBaEEf 已成功抓取全部所需数据。
[2026-04-08 12:33:16] [ERROR] bvid=BV1gdXUB9ETx 抓取失败：meta: 接口返回错误代码：62002，信息：稿件不可见。
{'code': 62002, 'message': '稿件不可见', 'ttl': 1}
[2026-04-08 12:33:20] [SUCCESS] bvid=BV1ggSUByEc2 已成功抓取全部所需数据。
[2026-04-08 12:33:24] [SUCCESS] bvid=BV1ggSZBiENx 已成功抓取全部所需数据。
[2026-04-08 12:33:27] [SUCCESS] bvid=BV1gmSZBgEKC 已成功抓取全部所需数据。
[2026-04-08 12:33:28] [ERROR] bvid=BV1goDVBJEtv 抓取失败：meta: 接口返回错误代码：-404，信息：啥都木有。
{'code': -404, 'message': '啥都木有', 'ttl': 1}
[2026-04-08 12:33:32] [SUCCESS] bvid=BV1gqDvBkEpd 已成功抓取全部所需数据。
[2026-04-08 12:33:35] [SUCCESS] bvid=BV1grXKBPEyP 已成功抓取全部所需数据。
[2026-04-08 12:33:36] [ERROR] bvid=BV1gzXKBvEti 抓取失败：meta: 接口返回错误代码：62002，信息：稿件不可见。
{'code': 62002, 'message': '稿件不可见', 'ttl': 1}
[2026-04-08 12:33:39] [SUCCESS] bvid=BV1h3DFBkEje 已成功抓取全部所需数据。
[2026-04-08 12:33:44] [SUCCESS] bvid=BV1h3DFBkEsX 已成功抓取全部所需数据。
[2026-04-08 12:33:44] [ERROR] bvid=BV1h3X5BdEPS 抓取失败：meta: 接口返回错误代码：62012，信息：62012。
{'code': 62012, 'message': '62012', 'ttl': 1}
[2026-04-08 12:33:48] [SUCCESS] bvid=BV1h5SDBSEm9 已成功抓取全部所需数据。
[2026-04-08 12:33:48] [ERROR] bvid=BV1h5XjBaEC4 抓取失败：meta: 接口返回错误代码：62002，信息：稿件不可见。
{'code': 62002, 'message': '稿件不可见', 'ttl': 1}
[2026-04-08 12:33:48] [ERROR] bvid=BV1h5XjBaEhv 抓取失败：meta: 接口返回错误代码：62002，信息：稿件不可见。
{'code': 62002, 'message': '稿件不可见', 'ttl': 1}
[2026-04-08 12:33:48] [ERROR] bvid=BV1h5XjBaEoQ 抓取失败：meta: 接口返回错误代码：62002，信息：稿件不可见。
{'code': 62002, 'message': '稿件不可见', 'ttl': 1}
[2026-04-08 12:33:48] [ERROR] bvid=BV1h7XDBtEPA 抓取失败：meta: 接口返回错误代码：62002，信息：稿件不可见。
{'code': 62002, 'message': '稿件不可见', 'ttl': 1}
[2026-04-08 12:33:48] [ERROR] bvid=BV1h7XjB8Emp 抓取失败：meta: 接口返回错误代码：62002，信息：稿件不可见。
{'code': 62002, 'message': '稿件不可见', 'ttl': 1}
[2026-04-08 12:33:52] [SUCCESS] bvid=BV1hADTBwEuP 已成功抓取全部所需数据。
[2026-04-08 12:33:52] [ERROR] bvid=BV1hBXbBeEer 抓取失败：meta: 接口返回错误代码：-404，信息：啥都木有。
{'code': -404, 'message': '啥都木有', 'ttl': 1}
[2026-04-08 12:33:56] [SUCCESS] bvid=BV1hG9uByEiE 已成功抓取全部所需数据。
[2026-04-08 12:33:59] [SUCCESS] bvid=BV1hMDFByEbo 已成功抓取全部所需数据。
[2026-04-08 12:34:03] [SUCCESS] bvid=BV1hQSUB1Eib 已成功抓取全部所需数据。
[2026-04-08 12:34:07] [SUCCESS] bvid=BV1hS9TB6EfJ 已成功抓取全部所需数据。
[2026-04-08 12:34:07] [ERROR] bvid=BV1hTXGBDE3E 抓取失败：meta: 接口返回错误代码：62002，信息：稿件不可见。
{'code': 62002, 'message': '稿件不可见', 'ttl': 1}
[2026-04-08 12:34:07] [ERROR] bvid=BV1hcXMBuE3N 抓取失败：meta: 接口返回错误代码：62002，信息：稿件不可见。
{'code': 62002, 'message': '稿件不可见', 'ttl': 1}
[2026-04-08 12:34:10] [SUCCESS] bvid=BV1hgDFBVEiz 已成功抓取全部所需数据。
[2026-04-08 12:34:14] [SUCCESS] bvid=BV1hgSUByEnf 已成功抓取全部所需数据。
[2026-04-08 12:34:14] [ERROR] bvid=BV1hjXjBcEKT 抓取失败：meta: 接口返回错误代码：62002，信息：稿件不可见。
{'code': 62002, 'message': '稿件不可见', 'ttl': 1}
[2026-04-08 12:34:18] [SUCCESS] bvid=BV1hqS9BhEib 已成功抓取全部所需数据。
[2026-04-08 12:34:18] [ERROR] bvid=BV1i4XKBCEjE 抓取失败：meta: 接口返回错误代码：62002，信息：稿件不可见。
{'code': 62002, 'message': '稿件不可见', 'ttl': 1}
[2026-04-08 12:34:21] [SUCCESS] bvid=BV1i7DYBmERo 已成功抓取全部所需数据。
[2026-04-08 12:34:25] [SUCCESS] bvid=BV1iBDaB5Efq 已成功抓取全部所需数据。
[2026-04-08 12:34:25] [ERROR] bvid=BV1iBXgBQEjg 抓取失败：meta: 接口返回错误代码：62002，信息：稿件不可见。
{'code': 62002, 'message': '稿件不可见', 'ttl': 1}
[2026-04-08 12:34:29] [SUCCESS] bvid=BV1iJDYBjESf 已成功抓取全部所需数据。
[2026-04-08 12:34:33] [SUCCESS] bvid=BV1iJSfBEEtc 已成功抓取全部所需数据。
[2026-04-08 12:34:36] [SUCCESS] bvid=BV1iKDPBaE1N 已成功抓取全部所需数据。
[2026-04-08 12:34:36] [ERROR] bvid=BV1iNDPBAEZr 抓取失败：meta: 接口返回错误代码：62002，信息：稿件不可见。
{'code': 62002, 'message': '稿件不可见', 'ttl': 1}
[2026-04-08 12:34:37] [ERROR] bvid=BV1iWXmBoEet 抓取失败：meta: 接口返回错误代码：62002，信息：稿件不可见。
{'code': 62002, 'message': '稿件不可见', 'ttl': 1}
[2026-04-08 12:34:40] [SUCCESS] bvid=BV1iZDhBrEsi 已成功抓取全部所需数据。
[2026-04-08 12:34:44] [SUCCESS] bvid=BV1iaXbBBEKE 已成功抓取全部所需数据。
[2026-04-08 12:34:48] [SUCCESS] bvid=BV1icDFBJEUX 已成功抓取全部所需数据。
[2026-04-08 12:34:48] [ERROR] bvid=BV1igDKBqEcB 抓取失败：meta: 接口返回错误代码：62002，信息：稿件不可见。
{'code': 62002, 'message': '稿件不可见', 'ttl': 1}
[2026-04-08 12:34:51] [SUCCESS] bvid=BV1ijSoBkEjL 已成功抓取全部所需数据。
[2026-04-08 12:34:54] [SUCCESS] bvid=BV1ikSDB8ERg 已成功抓取全部所需数据。
[2026-04-08 12:34:57] [SUCCESS] bvid=BV1ikSUBQEjG 已成功抓取全部所需数据。
[2026-04-08 12:34:57] [ERROR] bvid=BV1ikX2BREZM 抓取失败：meta: 接口返回错误代码：62002，信息：稿件不可见。
{'code': 62002, 'message': '稿件不可见', 'ttl': 1}
[2026-04-08 12:35:00] [SUCCESS] bvid=BV1ioDhBGEM3 已成功抓取全部所需数据。
[2026-04-08 12:35:03] [SUCCESS] bvid=BV1ip9gBdEGo 已成功抓取全部所需数据。
[2026-04-08 12:35:06] [SUCCESS] bvid=BV1ipSSBsEMq 已成功抓取全部所需数据。
[2026-04-08 12:35:09] [SUCCESS] bvid=BV1iwDeB2EX5 已成功抓取全部所需数据。
[2026-04-08 12:35:09] [ERROR] bvid=BV1iwXZBQE17 抓取失败：meta: 接口返回错误代码：62002，信息：稿件不可见。
{'code': 62002, 'message': '稿件不可见', 'ttl': 1}
[2026-04-08 12:35:09] [ERROR] bvid=BV1ixXKB5EBV 抓取失败：meta: 接口返回错误代码：62002，信息：稿件不可见。
{'code': 62002, 'message': '稿件不可见', 'ttl': 1}
[2026-04-08 12:35:13] [SUCCESS] bvid=BV1j6DeBDEgL 已成功抓取全部所需数据。
[2026-04-08 12:35:16] [SUCCESS] bvid=BV1jBSZBjEVX 已成功抓取全部所需数据。
[2026-04-08 12:35:19] [SUCCESS] bvid=BV1jBSZBjEsp 已成功抓取全部所需数据。
[2026-04-08 12:35:22] [SUCCESS] bvid=BV1jHDvBXEXd 已成功抓取全部所需数据。
[2026-04-08 12:35:25] [SUCCESS] bvid=BV1jJSfBEEgb 已成功抓取全部所需数据。
[2026-04-08 12:35:28] [SUCCESS] bvid=BV1jKDLBwE1d 已成功抓取全部所需数据。
[2026-04-08 12:35:31] [SUCCESS] bvid=BV1jTDLBhEP1 已成功抓取全部所需数据。
[2026-04-08 12:35:34] [SUCCESS] bvid=BV1jZX1BdE72 已成功抓取全部所需数据。
[2026-04-08 12:35:35] [ERROR] bvid=BV1jZX1BdEjN 抓取失败：meta: 接口返回错误代码：62002，信息：稿件不可见。
{'code': 62002, 'message': '稿件不可见', 'ttl': 1}
[2026-04-08 12:35:35] [ERROR] bvid=BV1jcXWBsEg1 抓取失败：meta: 接口返回错误代码：62002，信息：稿件不可见。
{'code': 62002, 'message': '稿件不可见', 'ttl': 1}
[2026-04-08 12:35:44] [SUCCESS] bvid=BV1jeD8BuE6T 已成功抓取全部所需数据。
[2026-04-08 12:35:54] [SUCCESS] bvid=BV1jhSdBVEhf 已成功抓取全部所需数据。
[2026-04-08 12:36:04] [SUCCESS] bvid=BV1jiSZBmEff 已成功抓取全部所需数据。
[2026-04-08 12:36:14] [SUCCESS] bvid=BV1jjDhB6ExY 已成功抓取全部所需数据。
[2026-04-08 12:36:24] [SUCCESS] bvid=BV1jjSoBkEcw 已成功抓取全部所需数据。
[2026-04-08 12:36:34] [SUCCESS] bvid=BV1jpSSBsEiK 已成功抓取全部所需数据。
[2026-04-08 12:36:34] [ERROR] bvid=BV1jsXPBTEpj 抓取失败：meta: 接口返回错误代码：62002，信息：稿件不可见。
{'code': 62002, 'message': '稿件不可见', 'ttl': 1}
[2026-04-08 12:36:44] [SUCCESS] bvid=BV1jvSZBEE9Q 已成功抓取全部所需数据。
[2026-04-08 12:36:44] [ERROR] bvid=BV1jy9nBHE75 抓取失败：meta: 接口返回错误代码：-404，信息：啥都木有。
{'code': -404, 'message': '啥都木有', 'ttl': 1}
[2026-04-08 12:36:53] [SUCCESS] bvid=BV1jyDVBtE8J 已成功抓取全部所需数据。
[2026-04-08 12:37:03] [SUCCESS] bvid=BV1jzDaBCEMy 已成功抓取全部所需数据。
[2026-04-08 12:37:03] [ERROR] bvid=BV1jzX2BoEKN 抓取失败：meta: 接口返回错误代码：62002，信息：稿件不可见。
{'code': 62002, 'message': '稿件不可见', 'ttl': 1}
[2026-04-08 12:37:12] [SUCCESS] bvid=BV1k1SfB8EzT 已成功抓取全部所需数据。
[2026-04-08 12:37:22] [SUCCESS] bvid=BV1k2SfBfEKj 已成功抓取全部所需数据。
[2026-04-08 12:37:22] [ERROR] bvid=BV1k3XLB1Ece 抓取失败：meta: 接口返回错误代码：-404，信息：啥都木有。
{'code': -404, 'message': '啥都木有', 'ttl': 1}
[2026-04-08 12:37:31] [SUCCESS] bvid=BV1kBSRBUEba 已成功抓取全部所需数据。
[2026-04-08 12:37:41] [SUCCESS] bvid=BV1kKDgBdEfZ 已成功抓取全部所需数据。
[2026-04-08 12:37:50] [SUCCESS] bvid=BV1kKDhB7Egz 已成功抓取全部所需数据。
[2026-04-08 12:38:01] [SUCCESS] bvid=BV1kPSfBbEyd 已成功抓取全部所需数据。
[2026-04-08 12:38:01] [ERROR] bvid=BV1kQXLB7E9b 抓取失败：meta: 接口返回错误代码：62002，信息：稿件不可见。
{'code': 62002, 'message': '稿件不可见', 'ttl': 1}
[2026-04-08 12:38:01] [ERROR] bvid=BV1kQXmBqE7z 抓取失败：meta: 接口返回错误代码：62002，信息：稿件不可见。
{'code': 62002, 'message': '稿件不可见', 'ttl': 1}
[2026-04-08 12:38:11] [SUCCESS] bvid=BV1kSDYBRE8q 已成功抓取全部所需数据。
[2026-04-08 12:38:20] [SUCCESS] bvid=BV1kSDcBvEXC 已成功抓取全部所需数据。
[2026-04-08 12:38:30] [SUCCESS] bvid=BV1kSDcBvEY5 已成功抓取全部所需数据。
[2026-04-08 12:38:40] [SUCCESS] bvid=BV1kSDcBvEtf 已成功抓取全部所需数据。
[2026-04-08 12:38:40] [ERROR] bvid=BV1kSX1BcE5e 抓取失败：meta: 接口返回错误代码：62002，信息：稿件不可见。
{'code': 62002, 'message': '稿件不可见', 'ttl': 1}
[2026-04-08 12:38:50] [SUCCESS] bvid=BV1kUSfBtEN2 已成功抓取全部所需数据。
[2026-04-08 12:38:59] [SUCCESS] bvid=BV1kUSfBtEgy 已成功抓取全部所需数据。
[2026-04-08 12:39:09] [SUCCESS] bvid=BV1kYSDBiE34 已成功抓取全部所需数据。
[2026-04-08 12:39:18] [SUCCESS] bvid=BV1kYSDBiE5t 已成功抓取全部所需数据。
[2026-04-08 12:39:18] [WARN] 当前子任务已结束，但仍有未成功抓取的视频，已导出 remaining CSV 供继续执行。
[2026-04-08 12:39:18] [INFO] 已导出剔除成功条目后的剩余 CSV：outputs\video_data\manual_crawls\manual_crawl_meta_mode_A_20260408_115230\remaining_bvids_part_10.csv
[2026-04-08 12:39:18] 子任务结束时间：2026-04-08T12:39:18.976055
[TIMESTAMP][END] 2026-04-08T12:39:18
