[TIMESTAMP][BEGIN] 2026-04-08T13:28:36
[2026-04-08 13:28:38] 开始执行 CSV 批量抓取子任务 part_19。
[2026-04-08 13:28:38] 子任务开始时间：2026-04-08T13:28:36.012400
[2026-04-08 13:28:38] 输入文件：batch_input_19.csv
[2026-04-08 13:28:38] 输入唯一 bvid 数量：100
[2026-04-08 13:28:38] 为严格按 CSV 顺序判断连续失败阈值，本次任务自动将并发度从 2 调整为 1。
[2026-04-08 13:28:41] [SUCCESS] bvid=BV1qSXrByEHg 已成功抓取全部所需数据。
[2026-04-08 13:28:44] [SUCCESS] bvid=BV1qSXrByEMw 已成功抓取全部所需数据。
[2026-04-08 13:28:47] [SUCCESS] bvid=BV1qTDKBzEi8 已成功抓取全部所需数据。
[2026-04-08 13:28:50] [SUCCESS] bvid=BV1qTXDBNEaU 已成功抓取全部所需数据。
[2026-04-08 13:28:53] [SUCCESS] bvid=BV1qTXDBNEbR 已成功抓取全部所需数据。
[2026-04-08 13:28:56] [SUCCESS] bvid=BV1qTXDBNEdh 已成功抓取全部所需数据。
[2026-04-08 13:28:59] [SUCCESS] bvid=BV1qTXDBNEim 已成功抓取全部所需数据。
[2026-04-08 13:29:02] [SUCCESS] bvid=BV1qUXrBLELc 已成功抓取全部所需数据。
[2026-04-08 13:29:06] [SUCCESS] bvid=BV1qUXrBLEzS 已成功抓取全部所需数据。
[2026-04-08 13:29:09] [SUCCESS] bvid=BV1qUXzBqEg6 已成功抓取全部所需数据。
[2026-04-08 13:29:12] [SUCCESS] bvid=BV1qUXzBqEwn 已成功抓取全部所需数据。
[2026-04-08 13:29:16] [SUCCESS] bvid=BV1qV9KBjELL 已成功抓取全部所需数据。
[2026-04-08 13:29:19] [SUCCESS] bvid=BV1qVXaBEEeX 已成功抓取全部所需数据。
[2026-04-08 13:29:23] [SUCCESS] bvid=BV1qVXaBEEn6 已成功抓取全部所需数据。
[2026-04-08 13:29:26] [SUCCESS] bvid=BV1qW9cBPEd7 已成功抓取全部所需数据。
[2026-04-08 13:29:29] [SUCCESS] bvid=BV1qW9cBPEri 已成功抓取全部所需数据。
[2026-04-08 13:29:33] [SUCCESS] bvid=BV1qWX4BKEc4 已成功抓取全部所需数据。
[2026-04-08 13:29:36] [SUCCESS] bvid=BV1qWXKB1E9V 已成功抓取全部所需数据。
[2026-04-08 13:29:39] [SUCCESS] bvid=BV1qWXKB1EqR 已成功抓取全部所需数据。
[2026-04-08 13:29:42] [SUCCESS] bvid=BV1qX9LB6EH2 已成功抓取全部所需数据。
[2026-04-08 13:29:46] [SUCCESS] bvid=BV1qXXCBnE66 已成功抓取全部所需数据。
[2026-04-08 13:29:49] [SUCCESS] bvid=BV1qXXCBnEPK 已成功抓取全部所需数据。
[2026-04-08 13:29:52] [SUCCESS] bvid=BV1qYXMB7EwV 已成功抓取全部所需数据。
[2026-04-08 13:29:55] [SUCCESS] bvid=BV1qYXYBWE9d 已成功抓取全部所需数据。
[2026-04-08 13:29:59] [SUCCESS] bvid=BV1qYXYBWEGo 已成功抓取全部所需数据。
[2026-04-08 13:30:02] [SUCCESS] bvid=BV1qYXYBWEzm 已成功抓取全部所需数据。
[2026-04-08 13:30:05] [SUCCESS] bvid=BV1qYXkBLEsn 已成功抓取全部所需数据。
[2026-04-08 13:30:05] [ERROR] bvid=BV1qZX1BRES4 抓取失败：meta: 接口返回错误代码：62012，信息：62012。
{'code': 62012, 'message': '62012', 'ttl': 1}
[2026-04-08 13:30:09] [SUCCESS] bvid=BV1qZX1BREqZ 已成功抓取全部所需数据。
[2026-04-08 13:30:13] [SUCCESS] bvid=BV1qZX1BREtU 已成功抓取全部所需数据。
[2026-04-08 13:30:13] [ERROR] bvid=BV1qZX1BdEK4 抓取失败：meta: 接口返回错误代码：62002，信息：稿件不可见。
{'code': 62002, 'message': '稿件不可见', 'ttl': 1}
[2026-04-08 13:30:13] [ERROR] bvid=BV1qZX3BoEnM 抓取失败：meta: 接口返回错误代码：62002，信息：稿件不可见。
{'code': 62002, 'message': '稿件不可见', 'ttl': 1}
[2026-04-08 13:30:16] [SUCCESS] bvid=BV1qZXVBvEaz 已成功抓取全部所需数据。
[2026-04-08 13:30:20] [SUCCESS] bvid=BV1qZXVBvEnG 已成功抓取全部所需数据。
[2026-04-08 13:30:23] [SUCCESS] bvid=BV1qa9NB5ELE 已成功抓取全部所需数据。
[2026-04-08 13:30:27] [SUCCESS] bvid=BV1qaXgBdEnK 已成功抓取全部所需数据。
[2026-04-08 13:30:30] [SUCCESS] bvid=BV1qaXhBjE5d 已成功抓取全部所需数据。
[2026-04-08 13:30:33] [SUCCESS] bvid=BV1qbQoBnEDV 已成功抓取全部所需数据。
[2026-04-08 13:30:37] [SUCCESS] bvid=BV1qbX6BgEro 已成功抓取全部所需数据。
[2026-04-08 13:30:41] [SUCCESS] bvid=BV1qbXKBGEVk 已成功抓取全部所需数据。
[2026-04-08 13:30:44] [SUCCESS] bvid=BV1qbXbB6EA3 已成功抓取全部所需数据。
[2026-04-08 13:30:48] [SUCCESS] bvid=BV1qbXhBEEHq 已成功抓取全部所需数据。
[2026-04-08 13:30:58] [SUCCESS] bvid=BV1qcDVBoExF 已成功抓取全部所需数据。
[2026-04-08 13:31:08] [SUCCESS] bvid=BV1qcX5BYE6i 已成功抓取全部所需数据。
[2026-04-08 13:31:17] [SUCCESS] bvid=BV1qcX5BYEHW 已成功抓取全部所需数据。
[2026-04-08 13:31:27] [SUCCESS] bvid=BV1qcX5BYESt 已成功抓取全部所需数据。
[2026-04-08 13:31:36] [SUCCESS] bvid=BV1qcX5BYEeQ 已成功抓取全部所需数据。
[2026-04-08 13:41:39] [SUCCESS] bvid=BV1qcX5BYEh1 已成功抓取全部所需数据。
[2026-04-08 13:41:43] [SUCCESS] bvid=BV1qcX5BYEnd 已成功抓取全部所需数据。
[2026-04-08 13:41:47] [SUCCESS] bvid=BV1qcXUBhELk 已成功抓取全部所需数据。
[2026-04-08 13:41:50] [SUCCESS] bvid=BV1qcXUBhEMS 已成功抓取全部所需数据。
[2026-04-08 13:41:54] [SUCCESS] bvid=BV1qcXUBhEVN 已成功抓取全部所需数据。
[2026-04-08 13:41:57] [SUCCESS] bvid=BV1qcXjB3EQX 已成功抓取全部所需数据。
[2026-04-08 13:42:01] [SUCCESS] bvid=BV1qd97BjEAC 已成功抓取全部所需数据。
[2026-04-08 13:42:04] [SUCCESS] bvid=BV1qd97BjEZ3 已成功抓取全部所需数据。
[2026-04-08 13:42:07] [SUCCESS] bvid=BV1qd97BjErB 已成功抓取全部所需数据。
[2026-04-08 13:42:11] [SUCCESS] bvid=BV1qdDYBDEiN 已成功抓取全部所需数据。
[2026-04-08 13:42:14] [SUCCESS] bvid=BV1qdXCBEEHB 已成功抓取全部所需数据。
[2026-04-08 13:42:18] [SUCCESS] bvid=BV1qe9jBkEjW 已成功抓取全部所需数据。
[2026-04-08 13:42:21] [SUCCESS] bvid=BV1qeXYBXE3J 已成功抓取全部所需数据。
[2026-04-08 13:42:24] [SUCCESS] bvid=BV1qeXgBsEU9 已成功抓取全部所需数据。
[2026-04-08 13:42:28] [SUCCESS] bvid=BV1qf97B5Ew6 已成功抓取全部所需数据。
[2026-04-08 13:42:31] [SUCCESS] bvid=BV1qfDgBnEwK 已成功抓取全部所需数据。
[2026-04-08 13:42:34] [SUCCESS] bvid=BV1qgDKBqE1g 已成功抓取全部所需数据。
[2026-04-08 13:42:38] [SUCCESS] bvid=BV1qgDKBqEvj 已成功抓取全部所需数据。
[2026-04-08 13:42:41] [SUCCESS] bvid=BV1qgDMB5EAk 已成功抓取全部所需数据。
[2026-04-08 13:42:44] [SUCCESS] bvid=BV1qgXaBnEz3 已成功抓取全部所需数据。
[2026-04-08 13:42:48] [SUCCESS] bvid=BV1qhXMBUE5y 已成功抓取全部所需数据。
[2026-04-08 13:42:48] [ERROR] bvid=BV1qhXMBUEyX 抓取失败：meta: 接口返回错误代码：62002，信息：稿件不可见。
{'code': 62002, 'message': '稿件不可见', 'ttl': 1}
[2026-04-08 13:42:51] [SUCCESS] bvid=BV1qhXgB4EXQ 已成功抓取全部所需数据。
[2026-04-08 13:42:54] [SUCCESS] bvid=BV1qi9TBnEtD 已成功抓取全部所需数据。
[2026-04-08 13:42:58] [SUCCESS] bvid=BV1qi9jB3EFx 已成功抓取全部所需数据。
[2026-04-08 13:43:01] [SUCCESS] bvid=BV1qiSUBdEhS 已成功抓取全部所需数据。
[2026-04-08 13:43:05] [SUCCESS] bvid=BV1qiSUBdEmp 已成功抓取全部所需数据。
[2026-04-08 13:43:08] [SUCCESS] bvid=BV1qiXYBHEFZ 已成功抓取全部所需数据。
[2026-04-08 13:43:11] [SUCCESS] bvid=BV1qkDeBJEpD 已成功抓取全部所需数据。
[2026-04-08 13:43:14] [SUCCESS] bvid=BV1qkX5BvE66 已成功抓取全部所需数据。
[2026-04-08 13:43:18] [SUCCESS] bvid=BV1qkX5BvEWs 已成功抓取全部所需数据。
[2026-04-08 13:43:21] [SUCCESS] bvid=BV1qkXNBCEEa 已成功抓取全部所需数据。
[2026-04-08 13:43:24] [SUCCESS] bvid=BV1qkXNBCEEg 已成功抓取全部所需数据。
[2026-04-08 13:43:28] [SUCCESS] bvid=BV1qkXNBCESG 已成功抓取全部所需数据。
[2026-04-08 13:43:31] [SUCCESS] bvid=BV1qkXNBCEYG 已成功抓取全部所需数据。
[2026-04-08 13:43:34] [SUCCESS] bvid=BV1qkXjBVEdp 已成功抓取全部所需数据。
[2026-04-08 13:43:38] [SUCCESS] bvid=BV1qmXNBgEEP 已成功抓取全部所需数据。
[2026-04-08 13:43:41] [SUCCESS] bvid=BV1qmXNBgEKk 已成功抓取全部所需数据。
[2026-04-08 13:43:44] [SUCCESS] bvid=BV1qmXzBME27 已成功抓取全部所需数据。
[2026-04-08 13:43:48] [SUCCESS] bvid=BV1qn9MBJEF4 已成功抓取全部所需数据。
[2026-04-08 13:43:51] [SUCCESS] bvid=BV1qnXfBtEsk 已成功抓取全部所需数据。
[2026-04-08 13:43:54] [SUCCESS] bvid=BV1qo97B1E9W 已成功抓取全部所需数据。
[2026-04-08 13:43:58] [SUCCESS] bvid=BV1qoDgBQE8E 已成功抓取全部所需数据。
[2026-04-08 13:44:01] [SUCCESS] bvid=BV1qoX1BxEJX 已成功抓取全部所需数据。
[2026-04-08 13:44:05] [SUCCESS] bvid=BV1qoX3BtE13 已成功抓取全部所需数据。
[2026-04-08 13:44:08] [SUCCESS] bvid=BV1qoX3BtECH 已成功抓取全部所需数据。
[2026-04-08 13:44:08] [ERROR] bvid=BV1qoX3BtEii 抓取失败：meta: 接口返回错误代码：62002，信息：稿件不可见。
{'code': 62002, 'message': '稿件不可见', 'ttl': 1}
[2026-04-08 13:44:12] [SUCCESS] bvid=BV1qpD5BhERh 已成功抓取全部所需数据。
[2026-04-08 13:44:15] [SUCCESS] bvid=BV1qpXPBBEmS 已成功抓取全部所需数据。
[2026-04-08 13:44:18] [SUCCESS] bvid=BV1qq9EBEEJa 已成功抓取全部所需数据。
[2026-04-08 13:44:21] [SUCCESS] bvid=BV1qq9TBUE2J 已成功抓取全部所需数据。
[2026-04-08 13:44:24] [SUCCESS] bvid=BV1qq9TBUEhm 已成功抓取全部所需数据。
[2026-04-08 13:44:28] [SUCCESS] bvid=BV1qqXvBbE53 已成功抓取全部所需数据。
[2026-04-08 13:44:28] [WARN] 当前子任务已结束，但仍有未成功抓取的视频，已导出 remaining CSV 供继续执行。
[2026-04-08 13:44:28] [INFO] 已导出剔除成功条目后的剩余 CSV：outputs\video_data\manual_crawls\manual_crawl_meta_mode_A_20260408_115230\remaining_bvids_part_19.csv
[2026-04-08 13:44:28] 子任务结束时间：2026-04-08T13:44:28.034493
[TIMESTAMP][END] 2026-04-08T13:44:28
