[TIMESTAMP][BEGIN] 2026-04-08T12:46:41
[2026-04-08 12:46:43] 开始执行 CSV 批量抓取子任务 part_12。
[2026-04-08 12:46:43] 子任务开始时间：2026-04-08T12:46:41.363912
[2026-04-08 12:46:43] 输入文件：batch_input_12.csv
[2026-04-08 12:46:43] 输入唯一 bvid 数量：100
[2026-04-08 12:46:43] 为严格按 CSV 顺序判断连续失败阈值，本次任务自动将并发度从 2 调整为 1。
[2026-04-08 12:46:46] [SUCCESS] bvid=BV1o6XZBREZr 已成功抓取全部所需数据。
[2026-04-08 12:46:49] [SUCCESS] bvid=BV1o797BGEch 已成功抓取全部所需数据。
[2026-04-08 12:46:53] [SUCCESS] bvid=BV1o797BGExN 已成功抓取全部所需数据。
[2026-04-08 12:46:56] [SUCCESS] bvid=BV1o7DYB2EgK 已成功抓取全部所需数据。
[2026-04-08 12:46:59] [SUCCESS] bvid=BV1o7DYB2Exe 已成功抓取全部所需数据。
[2026-04-08 12:47:02] [SUCCESS] bvid=BV1o8DTBkEkf 已成功抓取全部所需数据。
[2026-04-08 12:47:05] [SUCCESS] bvid=BV1o8X6BzEEL 已成功抓取全部所需数据。
[2026-04-08 12:47:10] [SUCCESS] bvid=BV1o8XQBMEDN 已成功抓取全部所需数据。
[2026-04-08 12:47:13] [SUCCESS] bvid=BV1o8XhBmEXa 已成功抓取全部所需数据。
[2026-04-08 12:47:16] [SUCCESS] bvid=BV1o99PBgE3w 已成功抓取全部所需数据。
[2026-04-08 12:47:19] [SUCCESS] bvid=BV1o99PBgEtN 已成功抓取全部所需数据。
[2026-04-08 12:47:22] [SUCCESS] bvid=BV1o9XCBSEre 已成功抓取全部所需数据。
[2026-04-08 12:47:26] [SUCCESS] bvid=BV1o9XXBrETo 已成功抓取全部所需数据。
[2026-04-08 12:47:29] [SUCCESS] bvid=BV1oAX5BwEK7 已成功抓取全部所需数据。
[2026-04-08 12:47:32] [SUCCESS] bvid=BV1oAX5BwEqX 已成功抓取全部所需数据。
[2026-04-08 12:47:35] [SUCCESS] bvid=BV1oAX5BwEsJ 已成功抓取全部所需数据。
[2026-04-08 12:47:39] [SUCCESS] bvid=BV1oAXNBgE7R 已成功抓取全部所需数据。
[2026-04-08 12:47:42] [SUCCESS] bvid=BV1oAXNBgEVW 已成功抓取全部所需数据。
[2026-04-08 12:47:45] [SUCCESS] bvid=BV1oAXNBgEx7 已成功抓取全部所需数据。
[2026-04-08 12:47:48] [SUCCESS] bvid=BV1oAXNBgExD 已成功抓取全部所需数据。
[2026-04-08 12:47:51] [SUCCESS] bvid=BV1oAXUBFETd 已成功抓取全部所需数据。
[2026-04-08 12:47:54] [SUCCESS] bvid=BV1oAXUBFEob 已成功抓取全部所需数据。
[2026-04-08 12:47:58] [SUCCESS] bvid=BV1oBSUBsEZz 已成功抓取全部所需数据。
[2026-04-08 12:48:01] [SUCCESS] bvid=BV1oBSUBsEhG 已成功抓取全部所需数据。
[2026-04-08 12:48:04] [SUCCESS] bvid=BV1oC9FBhEDd 已成功抓取全部所需数据。
[2026-04-08 12:48:07] [SUCCESS] bvid=BV1oC9FBhELE 已成功抓取全部所需数据。
[2026-04-08 12:48:10] [SUCCESS] bvid=BV1oCSDBfE4t 已成功抓取全部所需数据。
[2026-04-08 12:48:14] [SUCCESS] bvid=BV1oCXxBYE5Y 已成功抓取全部所需数据。
[2026-04-08 12:48:17] [SUCCESS] bvid=BV1oD9PBGEd5 已成功抓取全部所需数据。
[2026-04-08 12:48:20] [SUCCESS] bvid=BV1oD9wBeEAE 已成功抓取全部所需数据。
[2026-04-08 12:48:23] [SUCCESS] bvid=BV1oEX1BHEKf 已成功抓取全部所需数据。
[2026-04-08 12:48:27] [SUCCESS] bvid=BV1oEXVBwE6Y 已成功抓取全部所需数据。
[2026-04-08 12:48:30] [SUCCESS] bvid=BV1oEXVBwEh8 已成功抓取全部所需数据。
[2026-04-08 12:48:34] [SUCCESS] bvid=BV1oEXVBwEjD 已成功抓取全部所需数据。
[2026-04-08 12:48:37] [SUCCESS] bvid=BV1oEXVBwExH 已成功抓取全部所需数据。
[2026-04-08 12:48:40] [SUCCESS] bvid=BV1oF9uBQE9m 已成功抓取全部所需数据。
[2026-04-08 12:48:44] [SUCCESS] bvid=BV1oFX5BPEqX 已成功抓取全部所需数据。
[2026-04-08 12:48:47] [SUCCESS] bvid=BV1oGDKBKEnU 已成功抓取全部所需数据。
[2026-04-08 12:48:50] [SUCCESS] bvid=BV1oGSoB5EGS 已成功抓取全部所需数据。
[2026-04-08 12:48:54] [SUCCESS] bvid=BV1oGSoB5EuM 已成功抓取全部所需数据。
[2026-04-08 12:48:57] [SUCCESS] bvid=BV1oGXuBSE4M 已成功抓取全部所需数据。
[2026-04-08 12:49:01] [SUCCESS] bvid=BV1oH9JB7E5q 已成功抓取全部所需数据。
[2026-04-08 12:49:04] [SUCCESS] bvid=BV1oHXVBFE6n 已成功抓取全部所需数据。
[2026-04-08 12:49:07] [SUCCESS] bvid=BV1oHXVBFE7U 已成功抓取全部所需数据。
[2026-04-08 12:49:11] [SUCCESS] bvid=BV1oHXVBFEH5 已成功抓取全部所需数据。
[2026-04-08 12:49:14] [SUCCESS] bvid=BV1oHXVBFENu 已成功抓取全部所需数据。
[2026-04-08 12:49:18] [SUCCESS] bvid=BV1oHXVBFEzS 已成功抓取全部所需数据。
[2026-04-08 12:49:21] [SUCCESS] bvid=BV1oHXsBfEq3 已成功抓取全部所需数据。
[2026-04-08 12:49:25] [SUCCESS] bvid=BV1oJ9JBUEF8 已成功抓取全部所需数据。
[2026-04-08 12:49:28] [SUCCESS] bvid=BV1oJXVBhEAu 已成功抓取全部所需数据。
[2026-04-08 12:49:32] [SUCCESS] bvid=BV1oJXVBhECY 已成功抓取全部所需数据。
[2026-04-08 12:49:35] [SUCCESS] bvid=BV1oJXVBhEUG 已成功抓取全部所需数据。
[2026-04-08 12:49:39] [SUCCESS] bvid=BV1oJXVBhErG 已成功抓取全部所需数据。
[2026-04-08 12:49:42] [SUCCESS] bvid=BV1oJXVBhEw4 已成功抓取全部所需数据。
[2026-04-08 12:49:45] [SUCCESS] bvid=BV1oKXNBME62 已成功抓取全部所需数据。
[2026-04-08 12:49:49] [SUCCESS] bvid=BV1oKXNBMEE6 已成功抓取全部所需数据。
[2026-04-08 12:49:52] [SUCCESS] bvid=BV1oKXNBMEJd 已成功抓取全部所需数据。
[2026-04-08 12:49:56] [SUCCESS] bvid=BV1oKXNBMELN 已成功抓取全部所需数据。
[2026-04-08 12:49:59] [SUCCESS] bvid=BV1oL97BCEUh 已成功抓取全部所需数据。
[2026-04-08 12:50:03] [SUCCESS] bvid=BV1oL97ByEwD 已成功抓取全部所需数据。
[2026-04-08 12:50:07] [SUCCESS] bvid=BV1oLX3BxEN1 已成功抓取全部所需数据。
[2026-04-08 12:50:10] [SUCCESS] bvid=BV1oMXTByE8k 已成功抓取全部所需数据。
[2026-04-08 12:50:13] [SUCCESS] bvid=BV1oNDPBAEoB 已成功抓取全部所需数据。
[2026-04-08 12:50:17] [SUCCESS] bvid=BV1oNXDBiE3u 已成功抓取全部所需数据。
[2026-04-08 12:50:20] [SUCCESS] bvid=BV1oNXDBiEgk 已成功抓取全部所需数据。
[2026-04-08 12:50:23] [SUCCESS] bvid=BV1oNXTB2E2v 已成功抓取全部所需数据。
[2026-04-08 12:50:26] [SUCCESS] bvid=BV1oNXTB2EBg 已成功抓取全部所需数据。
[2026-04-08 12:50:29] [SUCCESS] bvid=BV1oNXTB2ECv 已成功抓取全部所需数据。
[2026-04-08 12:50:32] [SUCCESS] bvid=BV1oNXTB2Edd 已成功抓取全部所需数据。
[2026-04-08 12:50:35] [SUCCESS] bvid=BV1oP93BoEmW 已成功抓取全部所需数据。
[2026-04-08 12:50:39] [SUCCESS] bvid=BV1oPPCzVE6n 已成功抓取全部所需数据。
[2026-04-08 12:50:42] [SUCCESS] bvid=BV1oPSDBxEwH 已成功抓取全部所需数据。
[2026-04-08 12:50:45] [SUCCESS] bvid=BV1oPXNBzEdV 已成功抓取全部所需数据。
[2026-04-08 12:50:48] [SUCCESS] bvid=BV1oPXUBbEFP 已成功抓取全部所需数据。
[2026-04-08 12:50:51] [SUCCESS] bvid=BV1oPXUBbEhE 已成功抓取全部所需数据。
[2026-04-08 12:50:54] [SUCCESS] bvid=BV1oPXjBuEGi 已成功抓取全部所需数据。
[2026-04-08 12:51:04] [SUCCESS] bvid=BV1oPXjBuETx 已成功抓取全部所需数据。
[2026-04-08 12:51:15] [SUCCESS] bvid=BV1oPXjBuEiV 已成功抓取全部所需数据。
[2026-04-08 12:51:24] [SUCCESS] bvid=BV1oQ9PBrEwb 已成功抓取全部所需数据。
[2026-04-08 12:51:34] [SUCCESS] bvid=BV1oQXTBLE4i 已成功抓取全部所需数据。
[2026-04-08 12:51:43] [SUCCESS] bvid=BV1oQXTBLEG5 已成功抓取全部所需数据。
[2026-04-08 12:51:54] [SUCCESS] bvid=BV1oQXTBLEuG 已成功抓取全部所需数据。
[2026-04-08 12:52:04] [SUCCESS] bvid=BV1oR9KB7EsE 已成功抓取全部所需数据。
[2026-04-08 12:52:13] [SUCCESS] bvid=BV1oRXaBJE4n 已成功抓取全部所需数据。
[2026-04-08 12:52:23] [SUCCESS] bvid=BV1oT9VBYEoU 已成功抓取全部所需数据。
[2026-04-08 12:52:32] [SUCCESS] bvid=BV1oTX8ByECC 已成功抓取全部所需数据。
[2026-04-08 12:52:41] [SUCCESS] bvid=BV1oTXDBNEeq 已成功抓取全部所需数据。
[2026-04-08 12:52:51] [SUCCESS] bvid=BV1oTXTBLE42 已成功抓取全部所需数据。
[2026-04-08 12:53:01] [SUCCESS] bvid=BV1oTXTBLE8B 已成功抓取全部所需数据。
[2026-04-08 12:53:11] [SUCCESS] bvid=BV1oTXTBLEJB 已成功抓取全部所需数据。
[2026-04-08 12:53:21] [SUCCESS] bvid=BV1oTXTBLEcG 已成功抓取全部所需数据。
[2026-04-08 12:53:32] [SUCCESS] bvid=BV1oTXjBTEij 已成功抓取全部所需数据。
[2026-04-08 12:53:35] [SUCCESS] bvid=BV1oUX8B1ELf 已成功抓取全部所需数据。
[2026-04-08 12:53:39] [SUCCESS] bvid=BV1oUXNBzEAT 已成功抓取全部所需数据。
[2026-04-08 12:53:42] [SUCCESS] bvid=BV1oUXNBzEAh 已成功抓取全部所需数据。
[2026-04-08 12:53:46] [SUCCESS] bvid=BV1oUXTB7EAX 已成功抓取全部所需数据。
[2026-04-08 12:53:49] [SUCCESS] bvid=BV1oVDhBrELQ 已成功抓取全部所需数据。
[2026-04-08 12:53:52] [SUCCESS] bvid=BV1oVX3BoEps 已成功抓取全部所需数据。
[2026-04-08 12:53:55] [SUCCESS] bvid=BV1oWXLBiEWe 已成功抓取全部所需数据。
[2026-04-08 12:53:58] [SUCCESS] bvid=BV1oWXLBiEXE 已成功抓取全部所需数据。
[2026-04-08 12:53:58] [INFO] 当前 batch_crawl 已完成，所有视频均已成功抓取。
[2026-04-08 12:53:58] 子任务结束时间：2026-04-08T12:53:58.918176
[TIMESTAMP][END] 2026-04-08T12:53:58
