[TIMESTAMP][BEGIN] 2026-04-08T12:27:59
[2026-04-08 12:28:02] 开始执行 CSV 批量抓取子任务 part_9。
[2026-04-08 12:28:02] 子任务开始时间：2026-04-08T12:27:59.697634
[2026-04-08 12:28:02] 输入文件：batch_input_9.csv
[2026-04-08 12:28:02] 输入唯一 bvid 数量：100
[2026-04-08 12:28:02] 为严格按 CSV 顺序判断连续失败阈值，本次任务自动将并发度从 2 调整为 1。
[2026-04-08 12:28:02] [ERROR] bvid=BV1cMX1BFEwx 抓取失败：meta: 接口返回错误代码：62002，信息：稿件不可见。
{'code': 62002, 'message': '稿件不可见', 'ttl': 1}
[2026-04-08 12:28:02] [ERROR] bvid=BV1cRXLBjEyQ 抓取失败：meta: 接口返回错误代码：62002，信息：稿件不可见。
{'code': 62002, 'message': '稿件不可见', 'ttl': 1}
[2026-04-08 12:28:05] [SUCCESS] bvid=BV1cS9MB8EhL 已成功抓取全部所需数据。
[2026-04-08 12:28:09] [SUCCESS] bvid=BV1cTDhB2Esq 已成功抓取全部所需数据。
[2026-04-08 12:28:12] [SUCCESS] bvid=BV1cTDhB2ExH 已成功抓取全部所需数据。
[2026-04-08 12:28:15] [SUCCESS] bvid=BV1cUDhBUEhX 已成功抓取全部所需数据。
[2026-04-08 12:28:19] [SUCCESS] bvid=BV1cWDTBmEk3 已成功抓取全部所需数据。
[2026-04-08 12:28:22] [SUCCESS] bvid=BV1cXDYB9EkF 已成功抓取全部所需数据。
[2026-04-08 12:28:22] [ERROR] bvid=BV1cZXSBGERg 抓取失败：meta: 接口返回错误代码：62002，信息：稿件不可见。
{'code': 62002, 'message': '稿件不可见', 'ttl': 1}
[2026-04-08 12:28:22] [ERROR] bvid=BV1cdXKB9EDK 抓取失败：meta: 接口返回错误代码：62002，信息：稿件不可见。
{'code': 62002, 'message': '稿件不可见', 'ttl': 1}
[2026-04-08 12:28:23] [ERROR] bvid=BV1cdXSBCEYs 抓取失败：meta: 接口返回错误代码：62002，信息：稿件不可见。
{'code': 62002, 'message': '稿件不可见', 'ttl': 1}
[2026-04-08 12:28:32] [SUCCESS] bvid=BV1cgDYBpERk 已成功抓取全部所需数据。
[2026-04-08 12:28:32] [ERROR] bvid=BV1cgXmBiEdu 抓取失败：meta: 接口返回错误代码：62002，信息：稿件不可见。
{'code': 62002, 'message': '稿件不可见', 'ttl': 1}
[2026-04-08 12:28:36] [SUCCESS] bvid=BV1chD3BbEy5 已成功抓取全部所需数据。
[2026-04-08 12:28:39] [SUCCESS] bvid=BV1ciSXBVEEf 已成功抓取全部所需数据。
[2026-04-08 12:28:48] [SUCCESS] bvid=BV1co9gBYEG1 已成功抓取全部所需数据。
[2026-04-08 12:28:48] [ERROR] bvid=BV1d2XtBuEhU 抓取失败：meta: 接口返回错误代码：-404，信息：啥都木有。
{'code': -404, 'message': '啥都木有', 'ttl': 1}
[2026-04-08 12:28:52] [SUCCESS] bvid=BV1d4DvBEELF 已成功抓取全部所需数据。
[2026-04-08 12:28:55] [SUCCESS] bvid=BV1d4DvBEEM8 已成功抓取全部所需数据。
[2026-04-08 12:28:58] [SUCCESS] bvid=BV1d5DMBkEBx 已成功抓取全部所需数据。
[2026-04-08 12:29:01] [SUCCESS] bvid=BV1d5DbBAEFN 已成功抓取全部所需数据。
[2026-04-08 12:29:05] [SUCCESS] bvid=BV1dCD3BJEev 已成功抓取全部所需数据。
[2026-04-08 12:29:08] [SUCCESS] bvid=BV1dHDvBQEXv 已成功抓取全部所需数据。
[2026-04-08 12:29:11] [SUCCESS] bvid=BV1dJ9JBUE22 已成功抓取全部所需数据。
[2026-04-08 12:29:14] [SUCCESS] bvid=BV1dLSoBGEFa 已成功抓取全部所需数据。
[2026-04-08 12:29:18] [SUCCESS] bvid=BV1dLSoBVEGv 已成功抓取全部所需数据。
[2026-04-08 12:29:21] [SUCCESS] bvid=BV1dTXDBNEec 已成功抓取全部所需数据。
[2026-04-08 12:29:21] [ERROR] bvid=BV1dTXTBLE1e 抓取失败：meta: 接口返回错误代码：62002，信息：稿件不可见。
{'code': 62002, 'message': '稿件不可见', 'ttl': 1}
[2026-04-08 12:29:25] [SUCCESS] bvid=BV1dVSoBCEbi 已成功抓取全部所需数据。
[2026-04-08 12:29:28] [SUCCESS] bvid=BV1dWDcBpEka 已成功抓取全部所需数据。
[2026-04-08 12:29:32] [SUCCESS] bvid=BV1dWDvBnE9q 已成功抓取全部所需数据。
[2026-04-08 12:29:35] [SUCCESS] bvid=BV1dWDvBnEpH 已成功抓取全部所需数据。
[2026-04-08 12:29:38] [SUCCESS] bvid=BV1dXSRBuEGv 已成功抓取全部所需数据。
[2026-04-08 12:29:41] [SUCCESS] bvid=BV1dYDTB6E6i 已成功抓取全部所需数据。
[2026-04-08 12:29:45] [SUCCESS] bvid=BV1dcSUBSEtf 已成功抓取全部所需数据。
[2026-04-08 12:29:45] [ERROR] bvid=BV1df9KByEtn 抓取失败：meta: 接口返回错误代码：-404，信息：啥都木有。
{'code': -404, 'message': '啥都木有', 'ttl': 1}
[2026-04-08 12:29:48] [SUCCESS] bvid=BV1dfSfBDEa8 已成功抓取全部所需数据。
[2026-04-08 12:29:51] [SUCCESS] bvid=BV1diDTBBEuT 已成功抓取全部所需数据。
[2026-04-08 12:29:54] [SUCCESS] bvid=BV1djDhBzEvz 已成功抓取全部所需数据。
[2026-04-08 12:29:57] [SUCCESS] bvid=BV1djSoBrENo 已成功抓取全部所需数据。
[2026-04-08 12:29:57] [ERROR] bvid=BV1djX3BRE5d 抓取失败：meta: 接口返回错误代码：62002，信息：稿件不可见。
{'code': 62002, 'message': '稿件不可见', 'ttl': 1}
[2026-04-08 12:29:57] [ERROR] bvid=BV1dpXLBTED8 抓取失败：meta: 接口返回错误代码：62002，信息：稿件不可见。
{'code': 62002, 'message': '稿件不可见', 'ttl': 1}
[2026-04-08 12:30:00] [SUCCESS] bvid=BV1dwDFBUEAC 已成功抓取全部所需数据。
[2026-04-08 12:30:03] [SUCCESS] bvid=BV1dwDeB2ESo 已成功抓取全部所需数据。
[2026-04-08 12:30:03] [ERROR] bvid=BV1eKX2BJETP 抓取失败：meta: 接口返回错误代码：62002，信息：稿件不可见。
{'code': 62002, 'message': '稿件不可见', 'ttl': 1}
[2026-04-08 12:30:03] [ERROR] bvid=BV1eMXjBiEfX 抓取失败：meta: 接口返回错误代码：62002，信息：稿件不可见。
{'code': 62002, 'message': '稿件不可见', 'ttl': 1}
[2026-04-08 12:30:07] [SUCCESS] bvid=BV1ePDFB7E8W 已成功抓取全部所需数据。
[2026-04-08 12:30:07] [ERROR] bvid=BV1eSXjBBE8U 抓取失败：meta: 接口返回错误代码：62002，信息：稿件不可见。
{'code': 62002, 'message': '稿件不可见', 'ttl': 1}
[2026-04-08 12:30:10] [SUCCESS] bvid=BV1eTDeBVE72 已成功抓取全部所需数据。
[2026-04-08 12:30:13] [SUCCESS] bvid=BV1eTDeBVELL 已成功抓取全部所需数据。
[2026-04-08 12:30:16] [SUCCESS] bvid=BV1ecDaBzE8H 已成功抓取全部所需数据。
[2026-04-08 12:30:20] [SUCCESS] bvid=BV1ecDaBzE8p 已成功抓取全部所需数据。
[2026-04-08 12:30:23] [SUCCESS] bvid=BV1ekSZBCEbJ 已成功抓取全部所需数据。
[2026-04-08 12:30:24] [ERROR] bvid=BV1exXmBxEui 抓取失败：meta: 接口返回错误代码：62002，信息：稿件不可见。
{'code': 62002, 'message': '稿件不可见', 'ttl': 1}
[2026-04-08 12:30:27] [SUCCESS] bvid=BV1ey9uBQEzz 已成功抓取全部所需数据。
[2026-04-08 12:30:31] [SUCCESS] bvid=BV1ezDTBqEkV 已成功抓取全部所需数据。
[2026-04-08 12:30:31] [ERROR] bvid=BV1f2XuB4E9h 抓取失败：meta: 接口返回错误代码：62012，信息：62012。
{'code': 62012, 'message': '62012', 'ttl': 1}
[2026-04-08 12:30:35] [SUCCESS] bvid=BV1f3DYBDEsL 已成功抓取全部所需数据。
[2026-04-08 12:30:38] [SUCCESS] bvid=BV1f3SfBXETn 已成功抓取全部所需数据。
[2026-04-08 12:30:42] [SUCCESS] bvid=BV1f7DcB4Etm 已成功抓取全部所需数据。
[2026-04-08 12:30:45] [SUCCESS] bvid=BV1f7DvBsEEk 已成功抓取全部所需数据。
[2026-04-08 12:30:48] [SUCCESS] bvid=BV1f7DvBsEJY 已成功抓取全部所需数据。
[2026-04-08 12:30:52] [SUCCESS] bvid=BV1f7DvBsEiP 已成功抓取全部所需数据。
[2026-04-08 12:30:55] [SUCCESS] bvid=BV1f7DvBsEpC 已成功抓取全部所需数据。
[2026-04-08 12:30:58] [SUCCESS] bvid=BV1fBSDBAEfs 已成功抓取全部所需数据。
[2026-04-08 12:31:02] [SUCCESS] bvid=BV1fGDhBGE7o 已成功抓取全部所需数据。
[2026-04-08 12:31:05] [SUCCESS] bvid=BV1fGDhBGEba 已成功抓取全部所需数据。
[2026-04-08 12:31:05] [ERROR] bvid=BV1fJXLBuEcQ 抓取失败：meta: 接口返回错误代码：62002，信息：稿件不可见。
{'code': 62002, 'message': '稿件不可见', 'ttl': 1}
[2026-04-08 12:31:06] [ERROR] bvid=BV1fLXmBwE2h 抓取失败：meta: 接口返回错误代码：62002，信息：稿件不可见。
{'code': 62002, 'message': '稿件不可见', 'ttl': 1}
[2026-04-08 12:31:06] [ERROR] bvid=BV1fPXrBLEin 抓取失败：meta: 接口返回错误代码：62002，信息：稿件不可见。
{'code': 62002, 'message': '稿件不可见', 'ttl': 1}
[2026-04-08 12:31:09] [SUCCESS] bvid=BV1fQDMB7Eco 已成功抓取全部所需数据。
[2026-04-08 12:31:12] [SUCCESS] bvid=BV1fUSoBSE7S 已成功抓取全部所需数据。
[2026-04-08 12:31:16] [SUCCESS] bvid=BV1fX9MB4EBE 已成功抓取全部所需数据。
[2026-04-08 12:31:16] [ERROR] bvid=BV1fZXVBvEKK 抓取失败：meta: 接口返回错误代码：62002，信息：稿件不可见。
{'code': 62002, 'message': '稿件不可见', 'ttl': 1}
[2026-04-08 12:31:19] [SUCCESS] bvid=BV1fcSXBKEMX 已成功抓取全部所需数据。
[2026-04-08 12:31:23] [SUCCESS] bvid=BV1fdSfBXEM8 已成功抓取全部所需数据。
[2026-04-08 12:31:26] [SUCCESS] bvid=BV1feXZBfEPf 已成功抓取全部所需数据。
[2026-04-08 12:31:29] [SUCCESS] bvid=BV1feXZBfEfd 已成功抓取全部所需数据。
[2026-04-08 12:31:32] [SUCCESS] bvid=BV1ffDcBbE4z 已成功抓取全部所需数据。
[2026-04-08 12:31:32] [ERROR] bvid=BV1fgDhBCEdy 抓取失败：meta: 接口返回错误代码：62002，信息：稿件不可见。
{'code': 62002, 'message': '稿件不可见', 'ttl': 1}
[2026-04-08 12:31:35] [SUCCESS] bvid=BV1fgDhBCEfS 已成功抓取全部所需数据。
[2026-04-08 12:31:38] [SUCCESS] bvid=BV1fgSoB1E5E 已成功抓取全部所需数据。
[2026-04-08 12:31:41] [SUCCESS] bvid=BV1fgSoB1Eaz 已成功抓取全部所需数据。
[2026-04-08 12:31:41] [ERROR] bvid=BV1fm9PB5EFK 抓取失败：meta: 接口返回错误代码：62002，信息：稿件不可见。
{'code': 62002, 'message': '稿件不可见', 'ttl': 1}
[2026-04-08 12:31:45] [SUCCESS] bvid=BV1fmSRBkEzL 已成功抓取全部所需数据。
[2026-04-08 12:31:48] [SUCCESS] bvid=BV1fnDvBpEL1 已成功抓取全部所需数据。
[2026-04-08 12:31:48] [ERROR] bvid=BV1fuX3B8E8u 抓取失败：meta: 接口返回错误代码：62002，信息：稿件不可见。
{'code': 62002, 'message': '稿件不可见', 'ttl': 1}
[2026-04-08 12:31:51] [SUCCESS] bvid=BV1fv9uBZEaG 已成功抓取全部所需数据。
[2026-04-08 12:31:55] [SUCCESS] bvid=BV1fzSDBaEx2 已成功抓取全部所需数据。
[2026-04-08 12:31:58] [SUCCESS] bvid=BV1g1DTBYEZz 已成功抓取全部所需数据。
[2026-04-08 12:32:02] [SUCCESS] bvid=BV1g8SfBrEEY 已成功抓取全部所需数据。
[2026-04-08 12:32:05] [SUCCESS] bvid=BV1gDDaBKEmA 已成功抓取全部所需数据。
[2026-04-08 12:32:09] [SUCCESS] bvid=BV1gDSZBMEQe 已成功抓取全部所需数据。
[2026-04-08 12:32:19] [SUCCESS] bvid=BV1gDSZBMEaa 已成功抓取全部所需数据。
[2026-04-08 12:32:28] [SUCCESS] bvid=BV1gMDuBiERd 已成功抓取全部所需数据。
[2026-04-08 12:32:32] [SUCCESS] bvid=BV1gQDaBvEp7 已成功抓取全部所需数据。
[2026-04-08 12:32:36] [SUCCESS] bvid=BV1gRDFBVE6e 已成功抓取全部所需数据。
[2026-04-08 12:32:41] [SUCCESS] bvid=BV1gRDFBVEhT 已成功抓取全部所需数据。
[2026-04-08 12:32:44] [SUCCESS] bvid=BV1gRDFBVEk7 已成功抓取全部所需数据。
[2026-04-08 12:32:48] [SUCCESS] bvid=BV1gRDVBDEQ4 已成功抓取全部所需数据。
[2026-04-08 12:32:48] [WARN] 当前子任务已结束，但仍有未成功抓取的视频，已导出 remaining CSV 供继续执行。
[2026-04-08 12:32:48] [INFO] 已导出剔除成功条目后的剩余 CSV：outputs\video_data\manual_crawls\manual_crawl_meta_mode_A_20260408_115230\remaining_bvids_part_9.csv
[2026-04-08 12:32:48] 子任务结束时间：2026-04-08T12:32:48.988576
[TIMESTAMP][END] 2026-04-08T12:32:48
