[TIMESTAMP][BEGIN] 2026-04-08T14:27:44
[2026-04-08 14:27:47] 开始执行 CSV 批量抓取子任务 part_25。
[2026-04-08 14:27:47] 子任务开始时间：2026-04-08T14:27:44.969410
[2026-04-08 14:27:47] 输入文件：batch_input_25.csv
[2026-04-08 14:27:47] 输入唯一 bvid 数量：100
[2026-04-08 14:27:47] 为严格按 CSV 顺序判断连续失败阈值，本次任务自动将并发度从 2 调整为 1。
[2026-04-08 14:27:50] [SUCCESS] bvid=BV1sNXLBSEG8 已成功抓取全部所需数据。
[2026-04-08 14:27:53] [SUCCESS] bvid=BV1sNXiBgEYU 已成功抓取全部所需数据。
[2026-04-08 14:27:57] [SUCCESS] bvid=BV1sP9MBcEYF 已成功抓取全部所需数据。
[2026-04-08 14:28:00] [SUCCESS] bvid=BV1sP9MBcEaT 已成功抓取全部所需数据。
[2026-04-08 14:28:03] [SUCCESS] bvid=BV1sPXPBDE57 已成功抓取全部所需数据。
[2026-04-08 14:28:06] [SUCCESS] bvid=BV1sPXPBDE8m 已成功抓取全部所需数据。
[2026-04-08 14:28:09] [SUCCESS] bvid=BV1sPXPBDEWp 已成功抓取全部所需数据。
[2026-04-08 14:28:10] [ERROR] bvid=BV1sPXPBDEeN 抓取失败：meta: 接口返回错误代码：62002，信息：稿件不可见。
{'code': 62002, 'message': '稿件不可见', 'ttl': 1}
[2026-04-08 14:28:13] [SUCCESS] bvid=BV1sPXPBDEfn 已成功抓取全部所需数据。
[2026-04-08 14:28:16] [SUCCESS] bvid=BV1sPXPBDExs 已成功抓取全部所需数据。
[2026-04-08 14:28:20] [SUCCESS] bvid=BV1sPXPBDEyv 已成功抓取全部所需数据。
[2026-04-08 14:28:23] [SUCCESS] bvid=BV1sPXVBkE9q 已成功抓取全部所需数据。
[2026-04-08 14:28:26] [SUCCESS] bvid=BV1sPXeBPEVM 已成功抓取全部所需数据。
[2026-04-08 14:28:30] [SUCCESS] bvid=BV1sQX6BsErW 已成功抓取全部所需数据。
[2026-04-08 14:28:33] [SUCCESS] bvid=BV1sQXKB4EGP 已成功抓取全部所需数据。
[2026-04-08 14:28:36] [SUCCESS] bvid=BV1sQXLBEELk 已成功抓取全部所需数据。
[2026-04-08 14:28:39] [SUCCESS] bvid=BV1sQXbBREAq 已成功抓取全部所需数据。
[2026-04-08 14:28:39] [ERROR] bvid=BV1sQXbBREMz 抓取失败：meta: 接口返回错误代码：62012，信息：62012。
{'code': 62012, 'message': '62012', 'ttl': 1}
[2026-04-08 14:28:42] [SUCCESS] bvid=BV1sQXbBREPF 已成功抓取全部所需数据。
[2026-04-08 14:28:45] [SUCCESS] bvid=BV1sRXKBsEgS 已成功抓取全部所需数据。
[2026-04-08 14:28:48] [SUCCESS] bvid=BV1sRXbBXEFc 已成功抓取全部所需数据。
[2026-04-08 14:28:51] [SUCCESS] bvid=BV1sRXbBXEJd 已成功抓取全部所需数据。
[2026-04-08 14:28:55] [SUCCESS] bvid=BV1sS9gBMExa 已成功抓取全部所需数据。
[2026-04-08 14:28:58] [SUCCESS] bvid=BV1sSXKBZEQn 已成功抓取全部所需数据。
[2026-04-08 14:29:01] [SUCCESS] bvid=BV1sSXLBSEvp 已成功抓取全部所需数据。
[2026-04-08 14:29:04] [SUCCESS] bvid=BV1sTXLBEEZC 已成功抓取全部所需数据。
[2026-04-08 14:29:07] [SUCCESS] bvid=BV1sTXLBEEmY 已成功抓取全部所需数据。
[2026-04-08 14:29:10] [SUCCESS] bvid=BV1sTXPBUEMw 已成功抓取全部所需数据。
[2026-04-08 14:29:13] [SUCCESS] bvid=BV1sTXPBUET4 已成功抓取全部所需数据。
[2026-04-08 14:29:17] [SUCCESS] bvid=BV1sTXPBUET8 已成功抓取全部所需数据。
[2026-04-08 14:29:20] [SUCCESS] bvid=BV1sTXPBUEmp 已成功抓取全部所需数据。
[2026-04-08 14:29:23] [SUCCESS] bvid=BV1sTXSBjExp 已成功抓取全部所需数据。
[2026-04-08 14:29:26] [SUCCESS] bvid=BV1sUD5BCEjF 已成功抓取全部所需数据。
[2026-04-08 14:29:30] [SUCCESS] bvid=BV1sUD5BCEkt 已成功抓取全部所需数据。
[2026-04-08 14:29:33] [SUCCESS] bvid=BV1sUXKBbERt 已成功抓取全部所需数据。
[2026-04-08 14:29:36] [SUCCESS] bvid=BV1sUXPBDEq9 已成功抓取全部所需数据。
[2026-04-08 14:29:39] [SUCCESS] bvid=BV1sUXmB6Egg 已成功抓取全部所需数据。
[2026-04-08 14:29:43] [SUCCESS] bvid=BV1sV95BEEsD 已成功抓取全部所需数据。
[2026-04-08 14:29:46] [SUCCESS] bvid=BV1sV9WBgEsU 已成功抓取全部所需数据。
[2026-04-08 14:29:49] [SUCCESS] bvid=BV1sVDTBsEaa 已成功抓取全部所需数据。
[2026-04-08 14:29:52] [SUCCESS] bvid=BV1sVX6BnEjD 已成功抓取全部所需数据。
[2026-04-08 14:29:55] [SUCCESS] bvid=BV1sWX5BmE5g 已成功抓取全部所需数据。
[2026-04-08 14:29:58] [SUCCESS] bvid=BV1sWX5BmE9b 已成功抓取全部所需数据。
[2026-04-08 14:30:02] [SUCCESS] bvid=BV1sWX5BmEDB 已成功抓取全部所需数据。
[2026-04-08 14:30:05] [SUCCESS] bvid=BV1sWX5BmEET 已成功抓取全部所需数据。
[2026-04-08 14:30:08] [SUCCESS] bvid=BV1sWX5BmEEi 已成功抓取全部所需数据。
[2026-04-08 14:30:11] [SUCCESS] bvid=BV1sWX5BmEJw 已成功抓取全部所需数据。
[2026-04-08 14:30:15] [SUCCESS] bvid=BV1sWX5BmEMm 已成功抓取全部所需数据。
[2026-04-08 14:30:18] [SUCCESS] bvid=BV1sWX5BmEMq 已成功抓取全部所需数据。
[2026-04-08 14:30:21] [SUCCESS] bvid=BV1sWX5BmEN6 已成功抓取全部所需数据。
[2026-04-08 14:30:25] [SUCCESS] bvid=BV1sWX5BmESE 已成功抓取全部所需数据。
[2026-04-08 14:30:28] [SUCCESS] bvid=BV1sWX5BmEUm 已成功抓取全部所需数据。
[2026-04-08 14:30:32] [SUCCESS] bvid=BV1sWX5BmEUv 已成功抓取全部所需数据。
[2026-04-08 14:30:35] [SUCCESS] bvid=BV1sWX5BmEiT 已成功抓取全部所需数据。
[2026-04-08 14:30:39] [SUCCESS] bvid=BV1sWX5BmEsK 已成功抓取全部所需数据。
[2026-04-08 14:30:39] [ERROR] bvid=BV1sWX5BmEzc 抓取失败：meta: 接口返回错误代码：62002，信息：稿件不可见。
{'code': 62002, 'message': '稿件不可见', 'ttl': 1}
[2026-04-08 14:30:42] [SUCCESS] bvid=BV1sWXZBqEuz 已成功抓取全部所需数据。
[2026-04-08 14:30:46] [SUCCESS] bvid=BV1sXX6B9ESb 已成功抓取全部所需数据。
[2026-04-08 14:30:49] [SUCCESS] bvid=BV1sXXKBdE8t 已成功抓取全部所需数据。
[2026-04-08 14:30:53] [SUCCESS] bvid=BV1sXXKBdEGm 已成功抓取全部所需数据。
[2026-04-08 14:30:56] [SUCCESS] bvid=BV1sXXKBdEXd 已成功抓取全部所需数据。
[2026-04-08 14:31:00] [SUCCESS] bvid=BV1sXXMBeErG 已成功抓取全部所需数据。
[2026-04-08 14:31:03] [SUCCESS] bvid=BV1sXXQBWEBD 已成功抓取全部所需数据。
[2026-04-08 14:31:07] [SUCCESS] bvid=BV1sYX8BoEsQ 已成功抓取全部所需数据。
[2026-04-08 14:31:10] [SUCCESS] bvid=BV1sYXzBUEJS 已成功抓取全部所需数据。
[2026-04-08 14:31:14] [SUCCESS] bvid=BV1sZXhBbEs9 已成功抓取全部所需数据。
[2026-04-08 14:31:17] [SUCCESS] bvid=BV1saDKBpE41 已成功抓取全部所需数据。
[2026-04-08 14:31:21] [SUCCESS] bvid=BV1saDKBpE4R 已成功抓取全部所需数据。
[2026-04-08 14:31:24] [SUCCESS] bvid=BV1saDKBpEtV 已成功抓取全部所需数据。
[2026-04-08 14:31:27] [SUCCESS] bvid=BV1saDPByEkF 已成功抓取全部所需数据。
[2026-04-08 14:31:31] [SUCCESS] bvid=BV1sbXNBWEMy 已成功抓取全部所需数据。
[2026-04-08 14:31:34] [SUCCESS] bvid=BV1sbXUBGEda 已成功抓取全部所需数据。
[2026-04-08 14:31:38] [SUCCESS] bvid=BV1sbXUBGEjs 已成功抓取全部所需数据。
[2026-04-08 14:31:41] [SUCCESS] bvid=BV1sbXUBGEkk 已成功抓取全部所需数据。
[2026-04-08 14:31:44] [SUCCESS] bvid=BV1sbXUBGEvR 已成功抓取全部所需数据。
[2026-04-08 14:31:47] [SUCCESS] bvid=BV1scSSBzERj 已成功抓取全部所需数据。
[2026-04-08 14:31:51] [SUCCESS] bvid=BV1scXVByEQY 已成功抓取全部所需数据。
[2026-04-08 14:31:54] [SUCCESS] bvid=BV1scXVByEqV 已成功抓取全部所需数据。
[2026-04-08 14:31:57] [SUCCESS] bvid=BV1sd9NBZEmN 已成功抓取全部所需数据。
[2026-04-08 14:32:00] [SUCCESS] bvid=BV1seDPBVEFu 已成功抓取全部所需数据。
[2026-04-08 14:32:03] [SUCCESS] bvid=BV1seSRBpEbj 已成功抓取全部所需数据。
[2026-04-08 14:32:08] [SUCCESS] bvid=BV1seXDB2EcX 已成功抓取全部所需数据。
[2026-04-08 14:32:11] [SUCCESS] bvid=BV1sf9NBdEJW 已成功抓取全部所需数据。
[2026-04-08 14:32:14] [SUCCESS] bvid=BV1sfXYBiE4a 已成功抓取全部所需数据。
[2026-04-08 14:32:17] [SUCCESS] bvid=BV1sfXYBiEER 已成功抓取全部所需数据。
[2026-04-08 14:32:20] [SUCCESS] bvid=BV1sfXYBiEF4 已成功抓取全部所需数据。
[2026-04-08 14:32:23] [SUCCESS] bvid=BV1sfXgBMEi2 已成功抓取全部所需数据。
[2026-04-08 14:32:26] [SUCCESS] bvid=BV1sgXKBsEQX 已成功抓取全部所需数据。
[2026-04-08 14:32:27] [ERROR] bvid=BV1sgXKBsEw3 抓取失败：meta: 接口返回错误代码：62002，信息：稿件不可见。
{'code': 62002, 'message': '稿件不可见', 'ttl': 1}
[2026-04-08 14:32:30] [SUCCESS] bvid=BV1sgXSB5EYC 已成功抓取全部所需数据。
[2026-04-08 14:32:33] [SUCCESS] bvid=BV1sgXSB5EvZ 已成功抓取全部所需数据。
[2026-04-08 14:32:36] [SUCCESS] bvid=BV1shDPBLEF5 已成功抓取全部所需数据。
[2026-04-08 14:32:39] [SUCCESS] bvid=BV1shXDBUEBG 已成功抓取全部所需数据。
[2026-04-08 14:32:42] [SUCCESS] bvid=BV1shXDBUEff 已成功抓取全部所需数据。
[2026-04-08 14:32:45] [SUCCESS] bvid=BV1shXjBDE7S 已成功抓取全部所需数据。
[2026-04-08 14:32:48] [SUCCESS] bvid=BV1shXjBDEG3 已成功抓取全部所需数据。
[2026-04-08 14:32:51] [SUCCESS] bvid=BV1shXjBDEV8 已成功抓取全部所需数据。
[2026-04-08 14:32:55] [SUCCESS] bvid=BV1shXjBDEco 已成功抓取全部所需数据。
[2026-04-08 14:32:58] [SUCCESS] bvid=BV1shXjBDEg4 已成功抓取全部所需数据。
[2026-04-08 14:33:01] [SUCCESS] bvid=BV1shXjBDEjY 已成功抓取全部所需数据。
[2026-04-08 14:33:01] [WARN] 当前子任务已结束，但仍有未成功抓取的视频，已导出 remaining CSV 供继续执行。
[2026-04-08 14:33:01] [INFO] 已导出剔除成功条目后的剩余 CSV：outputs\video_data\manual_crawls\manual_crawl_meta_mode_A_20260408_115230\remaining_bvids_part_25.csv
[2026-04-08 14:33:01] 子任务结束时间：2026-04-08T14:33:01.571722
[TIMESTAMP][END] 2026-04-08T14:33:01
