[TIMESTAMP][BEGIN] 2026-04-08T15:49:47
[2026-04-08 15:49:50] 开始执行 CSV 批量抓取子任务 part_36。
[2026-04-08 15:49:50] 子任务开始时间：2026-04-08T15:49:47.693697
[2026-04-08 15:49:50] 输入文件：batch_input_36.csv
[2026-04-08 15:49:50] 输入唯一 bvid 数量：100
[2026-04-08 15:49:50] 为严格按 CSV 顺序判断连续失败阈值，本次任务自动将并发度从 2 调整为 1。
[2026-04-08 15:49:53] [SUCCESS] bvid=BV1w5XLBCEKP 已成功抓取全部所需数据。
[2026-04-08 15:49:56] [SUCCESS] bvid=BV1w5XLBCEP5 已成功抓取全部所需数据。
[2026-04-08 15:49:59] [SUCCESS] bvid=BV1w5XLBCEVC 已成功抓取全部所需数据。
[2026-04-08 15:50:02] [SUCCESS] bvid=BV1w5XLBCEYJ 已成功抓取全部所需数据。
[2026-04-08 15:50:05] [SUCCESS] bvid=BV1w5XLBCEai 已成功抓取全部所需数据。
[2026-04-08 15:50:08] [SUCCESS] bvid=BV1w5XLBCEeK 已成功抓取全部所需数据。
[2026-04-08 15:50:11] [SUCCESS] bvid=BV1w5XLBCEgP 已成功抓取全部所需数据。
[2026-04-08 15:50:15] [SUCCESS] bvid=BV1w79WBqEHa 已成功抓取全部所需数据。
[2026-04-08 15:50:18] [SUCCESS] bvid=BV1w79cBuEHe 已成功抓取全部所需数据。
[2026-04-08 15:50:21] [SUCCESS] bvid=BV1w7XKBDELz 已成功抓取全部所需数据。
[2026-04-08 15:50:24] [SUCCESS] bvid=BV1w7XQB7ENg 已成功抓取全部所需数据。
[2026-04-08 15:50:27] [SUCCESS] bvid=BV1w89uBAE4r 已成功抓取全部所需数据。
[2026-04-08 15:50:30] [SUCCESS] bvid=BV1w89uBAEyp 已成功抓取全部所需数据。
[2026-04-08 15:50:34] [SUCCESS] bvid=BV1w8X5ByEVA 已成功抓取全部所需数据。
[2026-04-08 15:50:37] [SUCCESS] bvid=BV1w8XWBvELz 已成功抓取全部所需数据。
[2026-04-08 15:50:40] [SUCCESS] bvid=BV1w8XZBYEoA 已成功抓取全部所需数据。
[2026-04-08 15:50:43] [SUCCESS] bvid=BV1w99gBvE1k 已成功抓取全部所需数据。
[2026-04-08 15:50:46] [SUCCESS] bvid=BV1w9XPB7ErG 已成功抓取全部所需数据。
[2026-04-08 15:50:49] [SUCCESS] bvid=BV1w9XPBEEux 已成功抓取全部所需数据。
[2026-04-08 15:50:52] [SUCCESS] bvid=BV1w9XmBTERw 已成功抓取全部所需数据。
[2026-04-08 15:50:55] [SUCCESS] bvid=BV1w9XmBTEs3 已成功抓取全部所需数据。
[2026-04-08 15:50:58] [SUCCESS] bvid=BV1wAX3BvE69 已成功抓取全部所需数据。
[2026-04-08 15:51:01] [SUCCESS] bvid=BV1wAX3BvE89 已成功抓取全部所需数据。
[2026-04-08 15:51:04] [SUCCESS] bvid=BV1wAX3BvErt 已成功抓取全部所需数据。
[2026-04-08 15:51:07] [SUCCESS] bvid=BV1wAXCBREYW 已成功抓取全部所需数据。
[2026-04-08 15:51:11] [SUCCESS] bvid=BV1wAXuBoE3G 已成功抓取全部所需数据。
[2026-04-08 15:51:14] [SUCCESS] bvid=BV1wBXNB7EPU 已成功抓取全部所需数据。
[2026-04-08 15:51:18] [SUCCESS] bvid=BV1wBXzBLEXh 已成功抓取全部所需数据。
[2026-04-08 15:51:21] [SUCCESS] bvid=BV1wCNgzaE9B 已成功抓取全部所需数据。
[2026-04-08 15:51:25] [SUCCESS] bvid=BV1wCXCBtECD 已成功抓取全部所需数据。
[2026-04-08 15:51:30] [SUCCESS] bvid=BV1wCXaBZEtw 已成功抓取全部所需数据。
[2026-04-08 15:51:33] [SUCCESS] bvid=BV1wCXaBoEXg 已成功抓取全部所需数据。
[2026-04-08 15:51:37] [SUCCESS] bvid=BV1wD9gBqER5 已成功抓取全部所需数据。
[2026-04-08 15:51:41] [SUCCESS] bvid=BV1wD9gBqEdM 已成功抓取全部所需数据。
[2026-04-08 15:51:44] [SUCCESS] bvid=BV1wDSSBKEAU 已成功抓取全部所需数据。
[2026-04-08 15:51:47] [SUCCESS] bvid=BV1wDSSBKEJf 已成功抓取全部所需数据。
[2026-04-08 15:51:51] [SUCCESS] bvid=BV1wDXVB3EAh 已成功抓取全部所需数据。
[2026-04-08 15:51:54] [SUCCESS] bvid=BV1wDXVB3EmC 已成功抓取全部所需数据。
[2026-04-08 15:51:58] [SUCCESS] bvid=BV1wDXVB3Ezp 已成功抓取全部所需数据。
[2026-04-08 15:52:01] [SUCCESS] bvid=BV1wEXMBZEJu 已成功抓取全部所需数据。
[2026-04-08 15:52:05] [SUCCESS] bvid=BV1wEXQB2ESz 已成功抓取全部所需数据。
[2026-04-08 15:52:08] [SUCCESS] bvid=BV1wFSoBWEZZ 已成功抓取全部所需数据。
[2026-04-08 15:52:12] [SUCCESS] bvid=BV1wFX8BnEd4 已成功抓取全部所需数据。
[2026-04-08 15:52:15] [SUCCESS] bvid=BV1wFX8BnEkq 已成功抓取全部所需数据。
[2026-04-08 15:52:18] [SUCCESS] bvid=BV1wFXCBoEXm 已成功抓取全部所需数据。
[2026-04-08 15:52:21] [SUCCESS] bvid=BV1wGDGBhEE1 已成功抓取全部所需数据。
[2026-04-08 15:52:25] [SUCCESS] bvid=BV1wGXPBjEJQ 已成功抓取全部所需数据。
[2026-04-08 15:52:28] [SUCCESS] bvid=BV1wH9jBQEdT 已成功抓取全部所需数据。
[2026-04-08 15:52:31] [SUCCESS] bvid=BV1wHX9BpEJN 已成功抓取全部所需数据。
[2026-04-08 15:52:35] [SUCCESS] bvid=BV1wHXMBdE5T 已成功抓取全部所需数据。
[2026-04-08 15:52:38] [SUCCESS] bvid=BV1wJA7z5ELu 已成功抓取全部所需数据。
[2026-04-08 15:52:41] [SUCCESS] bvid=BV1wJDNBkELd 已成功抓取全部所需数据。
[2026-04-08 15:52:44] [SUCCESS] bvid=BV1wJXKBJETm 已成功抓取全部所需数据。
[2026-04-08 15:52:47] [SUCCESS] bvid=BV1wJXhBxEW8 已成功抓取全部所需数据。
[2026-04-08 15:52:50] [SUCCESS] bvid=BV1wK97BDEVD 已成功抓取全部所需数据。
[2026-04-08 15:52:54] [SUCCESS] bvid=BV1wKA3zfEta 已成功抓取全部所需数据。
[2026-04-08 15:52:57] [SUCCESS] bvid=BV1wKDgBoEwi 已成功抓取全部所需数据。
[2026-04-08 15:53:00] [SUCCESS] bvid=BV1wKDhB7E8w 已成功抓取全部所需数据。
[2026-04-08 15:53:03] [SUCCESS] bvid=BV1wKX1BhE9x 已成功抓取全部所需数据。
[2026-04-08 15:53:06] [SUCCESS] bvid=BV1wKX3BYE82 已成功抓取全部所需数据。
[2026-04-08 15:53:09] [SUCCESS] bvid=BV1wKX3BYEAa 已成功抓取全部所需数据。
[2026-04-08 15:53:13] [SUCCESS] bvid=BV1wKX3BYEQT 已成功抓取全部所需数据。
[2026-04-08 15:53:16] [SUCCESS] bvid=BV1wKX3BYEWN 已成功抓取全部所需数据。
[2026-04-08 15:53:20] [SUCCESS] bvid=BV1wKXVB3E13 已成功抓取全部所需数据。
[2026-04-08 15:53:23] [SUCCESS] bvid=BV1wKXVB3EfL 已成功抓取全部所需数据。
[2026-04-08 15:53:26] [SUCCESS] bvid=BV1wKXoBcEZs 已成功抓取全部所需数据。
[2026-04-08 15:53:29] [SUCCESS] bvid=BV1wLD5BTE1i 已成功抓取全部所需数据。
[2026-04-08 15:53:33] [SUCCESS] bvid=BV1wLDABqE3p 已成功抓取全部所需数据。
[2026-04-08 15:53:36] [SUCCESS] bvid=BV1wMDYB9E14 已成功抓取全部所需数据。
[2026-04-08 15:53:40] [SUCCESS] bvid=BV1wMDYB9ENo 已成功抓取全部所需数据。
[2026-04-08 15:53:43] [SUCCESS] bvid=BV1wMXoBfE4Q 已成功抓取全部所需数据。
[2026-04-08 15:53:46] [SUCCESS] bvid=BV1wMXoBfETj 已成功抓取全部所需数据。
[2026-04-08 15:53:49] [SUCCESS] bvid=BV1wMXoBfEqn 已成功抓取全部所需数据。
[2026-04-08 15:53:52] [SUCCESS] bvid=BV1wN97BHEDc 已成功抓取全部所需数据。
[2026-04-08 15:53:56] [SUCCESS] bvid=BV1wN97BHExw 已成功抓取全部所需数据。
[2026-04-08 15:53:59] [SUCCESS] bvid=BV1wNSfBZEoD 已成功抓取全部所需数据。
[2026-04-08 15:54:03] [SUCCESS] bvid=BV1wNX3BPE9g 已成功抓取全部所需数据。
[2026-04-08 15:54:06] [SUCCESS] bvid=BV1wNX3BPE9r 已成功抓取全部所需数据。
[2026-04-08 15:54:09] [SUCCESS] bvid=BV1wNX3BPEZ2 已成功抓取全部所需数据。
[2026-04-08 15:54:12] [SUCCESS] bvid=BV1wNX3BPEfQ 已成功抓取全部所需数据。
[2026-04-08 15:54:15] [SUCCESS] bvid=BV1wNX3BPEfx 已成功抓取全部所需数据。
[2026-04-08 15:54:19] [SUCCESS] bvid=BV1wNXCBWEgq 已成功抓取全部所需数据。
[2026-04-08 15:54:22] [SUCCESS] bvid=BV1wNXeBYEyV 已成功抓取全部所需数据。
[2026-04-08 15:54:25] [SUCCESS] bvid=BV1wPDMBnE6X 已成功抓取全部所需数据。
[2026-04-08 15:54:28] [SUCCESS] bvid=BV1wPDMBnEYW 已成功抓取全部所需数据。
[2026-04-08 15:54:31] [SUCCESS] bvid=BV1wPDMBnEhw 已成功抓取全部所需数据。
[2026-04-08 15:54:35] [SUCCESS] bvid=BV1wPSfBbEU4 已成功抓取全部所需数据。
[2026-04-08 15:54:38] [SUCCESS] bvid=BV1wPXpBeEQw 已成功抓取全部所需数据。
[2026-04-08 15:54:41] [SUCCESS] bvid=BV1wQXLBEES7 已成功抓取全部所需数据。
[2026-04-08 15:54:44] [SUCCESS] bvid=BV1wQXPBUE1N 已成功抓取全部所需数据。
[2026-04-08 15:54:47] [SUCCESS] bvid=BV1wQXPBUE1p 已成功抓取全部所需数据。
[2026-04-08 15:54:51] [SUCCESS] bvid=BV1wQXPBUE87 已成功抓取全部所需数据。
[2026-04-08 15:54:54] [SUCCESS] bvid=BV1wQXPBUEME 已成功抓取全部所需数据。
[2026-04-08 15:54:57] [SUCCESS] bvid=BV1wQXPBUEaf 已成功抓取全部所需数据。
[2026-04-08 15:55:00] [SUCCESS] bvid=BV1wQXPBUExT 已成功抓取全部所需数据。
[2026-04-08 15:55:03] [SUCCESS] bvid=BV1wQXVB6EBE 已成功抓取全部所需数据。
[2026-04-08 15:55:07] [SUCCESS] bvid=BV1wQXsBgEDL 已成功抓取全部所需数据。
[2026-04-08 15:55:10] [SUCCESS] bvid=BV1wRXBByEN4 已成功抓取全部所需数据。
[2026-04-08 15:55:13] [SUCCESS] bvid=BV1wRXKBsE1R 已成功抓取全部所需数据。
[2026-04-08 15:55:16] [SUCCESS] bvid=BV1wRXLBjEDf 已成功抓取全部所需数据。
[2026-04-08 15:55:16] [INFO] 当前 batch_crawl 已完成，所有视频均已成功抓取。
[2026-04-08 15:55:16] 子任务结束时间：2026-04-08T15:55:16.764249
[TIMESTAMP][END] 2026-04-08T15:55:16
