[TIMESTAMP][BEGIN] 2026-04-08T13:52:13
[2026-04-08 13:52:16] 开始执行 CSV 批量抓取子任务 part_21。
[2026-04-08 13:52:16] 子任务开始时间：2026-04-08T13:52:13.467955
[2026-04-08 13:52:16] 输入文件：batch_input_21.csv
[2026-04-08 13:52:16] 输入唯一 bvid 数量：100
[2026-04-08 13:52:16] 为严格按 CSV 顺序判断连续失败阈值，本次任务自动将并发度从 2 调整为 1。
[2026-04-08 13:52:20] [SUCCESS] bvid=BV1r6XrBDExx 已成功抓取全部所需数据。
[2026-04-08 13:52:24] [SUCCESS] bvid=BV1r6XuBhEon 已成功抓取全部所需数据。
[2026-04-08 13:52:28] [SUCCESS] bvid=BV1r79cBMESF 已成功抓取全部所需数据。
[2026-04-08 13:52:32] [SUCCESS] bvid=BV1r7XKBSE6W 已成功抓取全部所需数据。
[2026-04-08 13:52:36] [SUCCESS] bvid=BV1r7XKBSE6e 已成功抓取全部所需数据。
[2026-04-08 13:52:39] [SUCCESS] bvid=BV1r7XKBSEcr 已成功抓取全部所需数据。
[2026-04-08 13:52:43] [SUCCESS] bvid=BV1r7XKBSEdL 已成功抓取全部所需数据。
[2026-04-08 13:52:48] [SUCCESS] bvid=BV1r7XSBzECa 已成功抓取全部所需数据。
[2026-04-08 13:52:52] [SUCCESS] bvid=BV1r89TBWEGr 已成功抓取全部所需数据。
[2026-04-08 13:52:56] [SUCCESS] bvid=BV1r8X5BCEZk 已成功抓取全部所需数据。
[2026-04-08 13:53:00] [SUCCESS] bvid=BV1r9XVBMEBM 已成功抓取全部所需数据。
[2026-04-08 13:53:04] [SUCCESS] bvid=BV1r9XmBKEDN 已成功抓取全部所需数据。
[2026-04-08 13:53:08] [SUCCESS] bvid=BV1r9XmBKEZS 已成功抓取全部所需数据。
[2026-04-08 13:53:12] [SUCCESS] bvid=BV1r9XmBKEe5 已成功抓取全部所需数据。
[2026-04-08 13:53:15] [SUCCESS] bvid=BV1r9XmBKErU 已成功抓取全部所需数据。
[2026-04-08 13:53:19] [SUCCESS] bvid=BV1r9XmBKErY 已成功抓取全部所需数据。
[2026-04-08 13:53:23] [SUCCESS] bvid=BV1rA97BXE2k 已成功抓取全部所需数据。
[2026-04-08 13:53:27] [SUCCESS] bvid=BV1rAQ2BtEEZ 已成功抓取全部所需数据。
[2026-04-08 13:53:30] [SUCCESS] bvid=BV1rAXCBREmN 已成功抓取全部所需数据。
[2026-04-08 13:53:34] [SUCCESS] bvid=BV1rBXNBjEVt 已成功抓取全部所需数据。
[2026-04-08 13:53:38] [SUCCESS] bvid=BV1rBXNBjEiC 已成功抓取全部所需数据。
[2026-04-08 13:53:41] [SUCCESS] bvid=BV1rBXUBKEA8 已成功抓取全部所需数据。
[2026-04-08 13:53:45] [SUCCESS] bvid=BV1rBXzB5Ekw 已成功抓取全部所需数据。
[2026-04-08 13:53:48] [SUCCESS] bvid=BV1rC9LB2EdL 已成功抓取全部所需数据。
[2026-04-08 13:53:52] [SUCCESS] bvid=BV1rCSRBLEto 已成功抓取全部所需数据。
[2026-04-08 13:53:56] [SUCCESS] bvid=BV1rCXrBUEKw 已成功抓取全部所需数据。
[2026-04-08 13:54:00] [SUCCESS] bvid=BV1rCXrBUEPB 已成功抓取全部所需数据。
[2026-04-08 13:54:03] [SUCCESS] bvid=BV1rCXuBbEfy 已成功抓取全部所需数据。
[2026-04-08 13:54:07] [SUCCESS] bvid=BV1rD9MBfExc 已成功抓取全部所需数据。
[2026-04-08 13:54:11] [SUCCESS] bvid=BV1rDX1B8EGK 已成功抓取全部所需数据。
[2026-04-08 13:54:15] [SUCCESS] bvid=BV1rDXVB3Eq6 已成功抓取全部所需数据。
[2026-04-08 13:54:18] [SUCCESS] bvid=BV1rDXVBgE6A 已成功抓取全部所需数据。
[2026-04-08 13:54:22] [SUCCESS] bvid=BV1rDXVBgE6d 已成功抓取全部所需数据。
[2026-04-08 13:54:26] [SUCCESS] bvid=BV1rDXVBgEGD 已成功抓取全部所需数据。
[2026-04-08 13:54:29] [SUCCESS] bvid=BV1rDXVBgEJs 已成功抓取全部所需数据。
[2026-04-08 13:54:33] [SUCCESS] bvid=BV1rDXVBgEgx 已成功抓取全部所需数据。
[2026-04-08 13:54:37] [SUCCESS] bvid=BV1rDXVBgEn3 已成功抓取全部所需数据。
[2026-04-08 13:54:41] [SUCCESS] bvid=BV1rDXVBgEq4 已成功抓取全部所需数据。
[2026-04-08 13:54:45] [SUCCESS] bvid=BV1rDXmBMEdC 已成功抓取全部所需数据。
[2026-04-08 13:54:48] [SUCCESS] bvid=BV1rEXMBoE2C 已成功抓取全部所需数据。
[2026-04-08 13:54:52] [SUCCESS] bvid=BV1rEXMBoE6y 已成功抓取全部所需数据。
[2026-04-08 13:54:56] [SUCCESS] bvid=BV1rEXMBoECv 已成功抓取全部所需数据。
[2026-04-08 13:54:59] [SUCCESS] bvid=BV1rEXMBoEkC 已成功抓取全部所需数据。
[2026-04-08 13:55:03] [SUCCESS] bvid=BV1rF9wBzEA9 已成功抓取全部所需数据。
[2026-04-08 13:55:07] [SUCCESS] bvid=BV1rFDKB5E4U 已成功抓取全部所需数据。
[2026-04-08 13:55:11] [SUCCESS] bvid=BV1rFDKB5EjB 已成功抓取全部所需数据。
[2026-04-08 13:55:11] [ERROR] bvid=BV1rFDLBKENR 抓取失败：meta: 接口返回错误代码：62002，信息：稿件不可见。
{'code': 62002, 'message': '稿件不可见', 'ttl': 1}
[2026-04-08 13:55:14] [SUCCESS] bvid=BV1rFDLBKExJ 已成功抓取全部所需数据。
[2026-04-08 13:55:19] [SUCCESS] bvid=BV1rFXXBmEfa 已成功抓取全部所需数据。
[2026-04-08 13:55:22] [SUCCESS] bvid=BV1rG9JBsEeN 已成功抓取全部所需数据。
[2026-04-08 13:55:26] [SUCCESS] bvid=BV1rGSSBwEvV 已成功抓取全部所需数据。
[2026-04-08 13:55:30] [SUCCESS] bvid=BV1rGX4BCE1g 已成功抓取全部所需数据。
[2026-04-08 13:55:33] [SUCCESS] bvid=BV1rGX4BCE2y 已成功抓取全部所需数据。
[2026-04-08 13:55:37] [SUCCESS] bvid=BV1rGX4BCEft 已成功抓取全部所需数据。
[2026-04-08 13:55:41] [SUCCESS] bvid=BV1rGX4BCEo8 已成功抓取全部所需数据。
[2026-04-08 13:55:44] [SUCCESS] bvid=BV1rGX4BCEtz 已成功抓取全部所需数据。
[2026-04-08 13:55:45] [ERROR] bvid=BV1rGXPBLE6E 抓取失败：meta: 接口返回错误代码：62002，信息：稿件不可见。
{'code': 62002, 'message': '稿件不可见', 'ttl': 1}
[2026-04-08 13:55:48] [SUCCESS] bvid=BV1rGXPBLEBz 已成功抓取全部所需数据。
[2026-04-08 13:55:51] [SUCCESS] bvid=BV1rHXkBXEf5 已成功抓取全部所需数据。
[2026-04-08 13:55:54] [SUCCESS] bvid=BV1rJDNBkEPm 已成功抓取全部所需数据。
[2026-04-08 13:55:57] [SUCCESS] bvid=BV1rJQoB4EvC 已成功抓取全部所需数据。
[2026-04-08 13:56:00] [SUCCESS] bvid=BV1rJXKBEE6r 已成功抓取全部所需数据。
[2026-04-08 13:56:03] [SUCCESS] bvid=BV1rJXKBEENf 已成功抓取全部所需数据。
[2026-04-08 13:56:06] [SUCCESS] bvid=BV1rJXKBEEP2 已成功抓取全部所需数据。
[2026-04-08 13:56:11] [SUCCESS] bvid=BV1rJXKBEEb7 已成功抓取全部所需数据。
[2026-04-08 13:56:14] [SUCCESS] bvid=BV1rJXKBEEhr 已成功抓取全部所需数据。
[2026-04-08 13:56:17] [SUCCESS] bvid=BV1rJXhBsEB6 已成功抓取全部所需数据。
[2026-04-08 13:56:20] [SUCCESS] bvid=BV1rJXhBsEDA 已成功抓取全部所需数据。
[2026-04-08 13:56:23] [SUCCESS] bvid=BV1rJXhBsEfj 已成功抓取全部所需数据。
[2026-04-08 13:56:26] [SUCCESS] bvid=BV1rK97BDErA 已成功抓取全部所需数据。
[2026-04-08 13:56:29] [SUCCESS] bvid=BV1rKDgBdEWi 已成功抓取全部所需数据。
[2026-04-08 13:56:33] [SUCCESS] bvid=BV1rKDgBdEsi 已成功抓取全部所需数据。
[2026-04-08 13:56:36] [SUCCESS] bvid=BV1rKXCBXEJE 已成功抓取全部所需数据。
[2026-04-08 13:56:39] [SUCCESS] bvid=BV1rKXoBFEZR 已成功抓取全部所需数据。
[2026-04-08 13:56:42] [SUCCESS] bvid=BV1rL9cBzE4b 已成功抓取全部所需数据。
[2026-04-08 13:56:45] [SUCCESS] bvid=BV1rL9cBzE8d 已成功抓取全部所需数据。
[2026-04-08 13:56:48] [SUCCESS] bvid=BV1rL9cBzEif 已成功抓取全部所需数据。
[2026-04-08 13:56:52] [SUCCESS] bvid=BV1rL9cBzEt4 已成功抓取全部所需数据。
[2026-04-08 13:56:55] [SUCCESS] bvid=BV1rL9cBzEys 已成功抓取全部所需数据。
[2026-04-08 13:56:58] [SUCCESS] bvid=BV1rLD5BKEnt 已成功抓取全部所需数据。
[2026-04-08 13:57:02] [SUCCESS] bvid=BV1rLX4BrEvv 已成功抓取全部所需数据。
[2026-04-08 13:57:05] [SUCCESS] bvid=BV1rLXBB3EFC 已成功抓取全部所需数据。
[2026-04-08 13:57:08] [SUCCESS] bvid=BV1rLXPBVEWr 已成功抓取全部所需数据。
[2026-04-08 13:57:12] [SUCCESS] bvid=BV1rLXPBVEcK 已成功抓取全部所需数据。
[2026-04-08 13:57:15] [SUCCESS] bvid=BV1rLXPBVEhc 已成功抓取全部所需数据。
[2026-04-08 13:57:18] [SUCCESS] bvid=BV1rMDgBsER4 已成功抓取全部所需数据。
[2026-04-08 13:57:21] [SUCCESS] bvid=BV1rMXoBZEUM 已成功抓取全部所需数据。
[2026-04-08 13:57:25] [SUCCESS] bvid=BV1rNDMBUEvC 已成功抓取全部所需数据。
[2026-04-08 13:57:28] [SUCCESS] bvid=BV1rPDMBJEKV 已成功抓取全部所需数据。
[2026-04-08 13:57:31] [SUCCESS] bvid=BV1rPDMBJERi 已成功抓取全部所需数据。
[2026-04-08 13:57:34] [SUCCESS] bvid=BV1rQDYBWEGo 已成功抓取全部所需数据。
[2026-04-08 13:57:37] [SUCCESS] bvid=BV1rQDYBWEWF 已成功抓取全部所需数据。
[2026-04-08 13:57:41] [SUCCESS] bvid=BV1rQQzBrEHw 已成功抓取全部所需数据。
[2026-04-08 13:57:44] [SUCCESS] bvid=BV1rQSfBxEN2 已成功抓取全部所需数据。
[2026-04-08 13:57:47] [SUCCESS] bvid=BV1rQXVBzEyS 已成功抓取全部所需数据。
[2026-04-08 13:57:50] [SUCCESS] bvid=BV1rQXVBzEym 已成功抓取全部所需数据。
[2026-04-08 13:57:53] [SUCCESS] bvid=BV1rQXmBqE6j 已成功抓取全部所需数据。
[2026-04-08 13:57:56] [SUCCESS] bvid=BV1rQXmBqETf 已成功抓取全部所需数据。
[2026-04-08 13:58:00] [SUCCESS] bvid=BV1rQXmBqEgE 已成功抓取全部所需数据。
[2026-04-08 13:58:03] [SUCCESS] bvid=BV1rQXmBqEkW 已成功抓取全部所需数据。
[2026-04-08 13:58:03] [WARN] 当前子任务已结束，但仍有未成功抓取的视频，已导出 remaining CSV 供继续执行。
[2026-04-08 13:58:03] [INFO] 已导出剔除成功条目后的剩余 CSV：outputs\video_data\manual_crawls\manual_crawl_meta_mode_A_20260408_115230\remaining_bvids_part_21.csv
[2026-04-08 13:58:03] 子任务结束时间：2026-04-08T13:58:03.299338
[TIMESTAMP][END] 2026-04-08T13:58:03
