[TIMESTAMP][BEGIN] 2026-04-08T16:23:19
[2026-04-08 16:23:21] 开始执行 CSV 批量抓取子任务 part_42。
[2026-04-08 16:23:21] 子任务开始时间：2026-04-08T16:23:19.501492
[2026-04-08 16:23:21] 输入文件：batch_input_42.csv
[2026-04-08 16:23:21] 输入唯一 bvid 数量：100
[2026-04-08 16:23:21] 为严格按 CSV 顺序判断连续失败阈值，本次任务自动将并发度从 2 调整为 1。
[2026-04-08 16:23:25] [SUCCESS] bvid=BV1xz9KBbEMW 已成功抓取全部所需数据。
[2026-04-08 16:23:28] [SUCCESS] bvid=BV1xzDgBPEEn 已成功抓取全部所需数据。
[2026-04-08 16:23:31] [SUCCESS] bvid=BV1xzXoBqEVM 已成功抓取全部所需数据。
[2026-04-08 16:23:34] [SUCCESS] bvid=BV1xzXpBzESK 已成功抓取全部所需数据。
[2026-04-08 16:23:37] [SUCCESS] bvid=BV1y1XVBCE1g 已成功抓取全部所需数据。
[2026-04-08 16:23:40] [SUCCESS] bvid=BV1y1XVBCECo 已成功抓取全部所需数据。
[2026-04-08 16:23:43] [SUCCESS] bvid=BV1y1XVBCEJF 已成功抓取全部所需数据。
[2026-04-08 16:23:46] [SUCCESS] bvid=BV1y1XmBrEcE 已成功抓取全部所需数据。
[2026-04-08 16:23:50] [SUCCESS] bvid=BV1y2XLBDE4A 已成功抓取全部所需数据。
[2026-04-08 16:23:52] [SUCCESS] bvid=BV1y2XLBDEDn 已成功抓取全部所需数据。
[2026-04-08 16:23:56] [SUCCESS] bvid=BV1y2XLBDEUs 已成功抓取全部所需数据。
[2026-04-08 16:23:59] [SUCCESS] bvid=BV1y2XLBDEXg 已成功抓取全部所需数据。
[2026-04-08 16:24:02] [SUCCESS] bvid=BV1y2XLBDEXq 已成功抓取全部所需数据。
[2026-04-08 16:24:05] [SUCCESS] bvid=BV1y2XLBDEbe 已成功抓取全部所需数据。
[2026-04-08 16:24:08] [SUCCESS] bvid=BV1y2XLBDEf1 已成功抓取全部所需数据。
[2026-04-08 16:24:19] [SUCCESS] bvid=BV1y2XLBDEi7 已成功抓取全部所需数据。
[2026-04-08 16:24:23] [SUCCESS] bvid=BV1y2XLBDEqr 已成功抓取全部所需数据。
[2026-04-08 16:24:26] [SUCCESS] bvid=BV1y2XLBDEtF 已成功抓取全部所需数据。
[2026-04-08 16:24:29] [SUCCESS] bvid=BV1y3XKB9E4t 已成功抓取全部所需数据。
[2026-04-08 16:24:32] [SUCCESS] bvid=BV1y3XKB9ES2 已成功抓取全部所需数据。
[2026-04-08 16:24:35] [SUCCESS] bvid=BV1y49uBNEq4 已成功抓取全部所需数据。
[2026-04-08 16:24:38] [SUCCESS] bvid=BV1y49uBPEBz 已成功抓取全部所需数据。
[2026-04-08 16:24:42] [SUCCESS] bvid=BV1y49uBPETK 已成功抓取全部所需数据。
[2026-04-08 16:24:45] [SUCCESS] bvid=BV1y49uBPEYY 已成功抓取全部所需数据。
[2026-04-08 16:24:48] [SUCCESS] bvid=BV1y4QQB7E4J 已成功抓取全部所需数据。
[2026-04-08 16:24:52] [SUCCESS] bvid=BV1y4SDB6ERa 已成功抓取全部所需数据。
[2026-04-08 16:24:55] [SUCCESS] bvid=BV1y4X5B1EQm 已成功抓取全部所需数据。
[2026-04-08 16:24:58] [SUCCESS] bvid=BV1y4X5B1EU9 已成功抓取全部所需数据。
[2026-04-08 16:25:01] [SUCCESS] bvid=BV1y4X5B1EbM 已成功抓取全部所需数据。
[2026-04-08 16:25:04] [SUCCESS] bvid=BV1y4X5B1EiD 已成功抓取全部所需数据。
[2026-04-08 16:25:07] [SUCCESS] bvid=BV1y4XNB9Eym 已成功抓取全部所需数据。
[2026-04-08 16:25:11] [SUCCESS] bvid=BV1y4XUBCEqm 已成功抓取全部所需数据。
[2026-04-08 16:25:14] [SUCCESS] bvid=BV1y4XZBvEDZ 已成功抓取全部所需数据。
[2026-04-08 16:25:17] [SUCCESS] bvid=BV1y5X6BSEGc 已成功抓取全部所需数据。
[2026-04-08 16:25:20] [SUCCESS] bvid=BV1y5XQBJE9r 已成功抓取全部所需数据。
[2026-04-08 16:25:24] [SUCCESS] bvid=BV1y5XkBtEfF 已成功抓取全部所需数据。
[2026-04-08 16:25:27] [SUCCESS] bvid=BV1y6DMBREjP 已成功抓取全部所需数据。
[2026-04-08 16:25:30] [SUCCESS] bvid=BV1y6X1BTEfr 已成功抓取全部所需数据。
[2026-04-08 16:25:33] [SUCCESS] bvid=BV1y6X3BuE4N 已成功抓取全部所需数据。
[2026-04-08 16:25:37] [SUCCESS] bvid=BV1y6X3BuECj 已成功抓取全部所需数据。
[2026-04-08 16:25:40] [SUCCESS] bvid=BV1y7XhBdEAT 已成功抓取全部所需数据。
[2026-04-08 16:25:44] [SUCCESS] bvid=BV1y7XhBdEaQ 已成功抓取全部所需数据。
[2026-04-08 16:25:44] [ERROR] bvid=BV1y8XDBJEZB 抓取失败：meta: 接口返回错误代码：62002，信息：稿件不可见。
{'code': 62002, 'message': '稿件不可见', 'ttl': 1}
[2026-04-08 16:25:44] [ERROR] bvid=BV1y8XDBJEkY 抓取失败：meta: 接口返回错误代码：-404，信息：啥都木有。
{'code': -404, 'message': '啥都木有', 'ttl': 1}
[2026-04-08 16:25:47] [SUCCESS] bvid=BV1y8XNBQE1C 已成功抓取全部所需数据。
[2026-04-08 16:25:51] [SUCCESS] bvid=BV1y8XNBQEE6 已成功抓取全部所需数据。
[2026-04-08 16:25:54] [SUCCESS] bvid=BV1y8XNBQEUG 已成功抓取全部所需数据。
[2026-04-08 16:25:57] [SUCCESS] bvid=BV1y8XNBQEno 已成功抓取全部所需数据。
[2026-04-08 16:26:01] [SUCCESS] bvid=BV1y8XNBQErm 已成功抓取全部所需数据。
[2026-04-08 16:26:01] [ERROR] bvid=BV1y8XUBrE3b 抓取失败：meta: 接口返回错误代码：62002，信息：稿件不可见。
{'code': 62002, 'message': '稿件不可见', 'ttl': 1}
[2026-04-08 16:26:04] [SUCCESS] bvid=BV1y8XjBHETq 已成功抓取全部所需数据。
[2026-04-08 16:26:08] [SUCCESS] bvid=BV1y8XzBSEMR 已成功抓取全部所需数据。
[2026-04-08 16:26:11] [SUCCESS] bvid=BV1y8XzBSEgA 已成功抓取全部所需数据。
[2026-04-08 16:26:14] [SUCCESS] bvid=BV1y9DNBEEVy 已成功抓取全部所需数据。
[2026-04-08 16:26:17] [SUCCESS] bvid=BV1y9DNBEEhj 已成功抓取全部所需数据。
[2026-04-08 16:26:21] [SUCCESS] bvid=BV1y9DNBJEHd 已成功抓取全部所需数据。
[2026-04-08 16:26:24] [SUCCESS] bvid=BV1y9XQBQEjk 已成功抓取全部所需数据。
[2026-04-08 16:26:27] [SUCCESS] bvid=BV1yASSBMEo7 已成功抓取全部所需数据。
[2026-04-08 16:26:30] [SUCCESS] bvid=BV1yAXVBVEM8 已成功抓取全部所需数据。
[2026-04-08 16:26:33] [SUCCESS] bvid=BV1yAXoBwEQc 已成功抓取全部所需数据。
[2026-04-08 16:26:36] [SUCCESS] bvid=BV1yB97BZEdb 已成功抓取全部所需数据。
[2026-04-08 16:26:39] [SUCCESS] bvid=BV1yBDhBsEZu 已成功抓取全部所需数据。
[2026-04-08 16:26:43] [SUCCESS] bvid=BV1yBSoB4EGh 已成功抓取全部所需数据。
[2026-04-08 16:26:46] [SUCCESS] bvid=BV1yC97BsEwB 已成功抓取全部所需数据。
[2026-04-08 16:26:49] [SUCCESS] bvid=BV1yCXsByERc 已成功抓取全部所需数据。
[2026-04-08 16:26:52] [SUCCESS] bvid=BV1yDDABkEMk 已成功抓取全部所需数据。
[2026-04-08 16:26:56] [SUCCESS] bvid=BV1yDXPBJEHc 已成功抓取全部所需数据。
[2026-04-08 16:26:56] [ERROR] bvid=BV1yDXbBxEo2 抓取失败：meta: 接口返回错误代码：62002，信息：稿件不可见。
{'code': 62002, 'message': '稿件不可见', 'ttl': 1}
[2026-04-08 16:26:59] [SUCCESS] bvid=BV1yDXbBxEop 已成功抓取全部所需数据。
[2026-04-08 16:27:03] [SUCCESS] bvid=BV1yFXoBPERC 已成功抓取全部所需数据。
[2026-04-08 16:27:06] [SUCCESS] bvid=BV1yFXpBKE52 已成功抓取全部所需数据。
[2026-04-08 16:27:09] [SUCCESS] bvid=BV1yFXpBKELv 已成功抓取全部所需数据。
[2026-04-08 16:27:13] [SUCCESS] bvid=BV1yH9EBbEZw 已成功抓取全部所需数据。
[2026-04-08 16:27:16] [SUCCESS] bvid=BV1yHSUBKES2 已成功抓取全部所需数据。
[2026-04-08 16:27:20] [SUCCESS] bvid=BV1yHXGB3Eh6 已成功抓取全部所需数据。
[2026-04-08 16:27:23] [SUCCESS] bvid=BV1yKXPBJE8P 已成功抓取全部所需数据。
[2026-04-08 16:27:26] [SUCCESS] bvid=BV1yKXPBJEby 已成功抓取全部所需数据。
[2026-04-08 16:27:30] [SUCCESS] bvid=BV1yKXVB3EH8 已成功抓取全部所需数据。
[2026-04-08 16:27:33] [SUCCESS] bvid=BV1yLXMBfE8N 已成功抓取全部所需数据。
[2026-04-08 16:27:36] [SUCCESS] bvid=BV1yLXkBoEWY 已成功抓取全部所需数据。
[2026-04-08 16:27:39] [SUCCESS] bvid=BV1yM9cB5E7v 已成功抓取全部所需数据。
[2026-04-08 16:27:42] [SUCCESS] bvid=BV1yMX4BjEgS 已成功抓取全部所需数据。
[2026-04-08 16:27:46] [SUCCESS] bvid=BV1yMXKBdEUb 已成功抓取全部所需数据。
[2026-04-08 16:27:49] [SUCCESS] bvid=BV1yMXLBmEZL 已成功抓取全部所需数据。
[2026-04-08 16:27:52] [SUCCESS] bvid=BV1yMXSB1EjU 已成功抓取全部所需数据。
[2026-04-08 16:27:55] [SUCCESS] bvid=BV1yNXfBBEh2 已成功抓取全部所需数据。
[2026-04-08 16:27:58] [SUCCESS] bvid=BV1yPXeBAEFg 已成功抓取全部所需数据。
[2026-04-08 16:28:01] [SUCCESS] bvid=BV1yQXKB4EBR 已成功抓取全部所需数据。
[2026-04-08 16:28:04] [SUCCESS] bvid=BV1yQXKB4ErF 已成功抓取全部所需数据。
[2026-04-08 16:28:07] [SUCCESS] bvid=BV1yQXSBLE19 已成功抓取全部所需数据。
[2026-04-08 16:28:11] [SUCCESS] bvid=BV1yQXSBLEdM 已成功抓取全部所需数据。
[2026-04-08 16:28:14] [SUCCESS] bvid=BV1yQXSBLEhN 已成功抓取全部所需数据。
[2026-04-08 16:28:18] [SUCCESS] bvid=BV1yQXSBLEmw 已成功抓取全部所需数据。
[2026-04-08 16:28:22] [SUCCESS] bvid=BV1yQXSBLEqU 已成功抓取全部所需数据。
[2026-04-08 16:28:25] [SUCCESS] bvid=BV1yQXSBLEzM 已成功抓取全部所需数据。
[2026-04-08 16:28:28] [SUCCESS] bvid=BV1yQXbBREAa 已成功抓取全部所需数据。
[2026-04-08 16:28:28] [ERROR] bvid=BV1yQXbBREQg 抓取失败：meta: 接口返回错误代码：62002，信息：稿件不可见。
{'code': 62002, 'message': '稿件不可见', 'ttl': 1}
[2026-04-08 16:28:32] [SUCCESS] bvid=BV1yRDNBmEYs 已成功抓取全部所需数据。
[2026-04-08 16:28:35] [SUCCESS] bvid=BV1yRXKBsE8b 已成功抓取全部所需数据。
[2026-04-08 16:28:38] [SUCCESS] bvid=BV1yRXKBsEct 已成功抓取全部所需数据。
[2026-04-08 16:28:38] [WARN] 当前子任务已结束，但仍有未成功抓取的视频，已导出 remaining CSV 供继续执行。
[2026-04-08 16:28:38] [INFO] 已导出剔除成功条目后的剩余 CSV：outputs\video_data\manual_crawls\manual_crawl_meta_mode_A_20260408_115230\remaining_bvids_part_42.csv
[2026-04-08 16:28:38] 子任务结束时间：2026-04-08T16:28:38.889870
[TIMESTAMP][END] 2026-04-08T16:28:38
