[TIMESTAMP][BEGIN] 2026-04-08T12:02:07
[2026-04-08 12:02:09] 开始执行 CSV 批量抓取子任务 part_3。
[2026-04-08 12:02:09] 子任务开始时间：2026-04-08T12:02:07.208432
[2026-04-08 12:02:09] 输入文件：batch_input_3.csv
[2026-04-08 12:02:09] 输入唯一 bvid 数量：100
[2026-04-08 12:02:09] 为严格按 CSV 顺序判断连续失败阈值，本次任务自动将并发度从 2 调整为 1。
[2026-04-08 12:02:12] [SUCCESS] bvid=BV19JSoBzEkT 已成功抓取全部所需数据。
[2026-04-08 12:02:16] [SUCCESS] bvid=BV19NDFB2ECj 已成功抓取全部所需数据。
[2026-04-08 12:02:19] [SUCCESS] bvid=BV19NDFB2Ei2 已成功抓取全部所需数据。
[2026-04-08 12:02:23] [SUCCESS] bvid=BV19TDeBVEXB 已成功抓取全部所需数据。
[2026-04-08 12:02:23] [ERROR] bvid=BV19bXLBAE3R 抓取失败：meta: 接口返回错误代码：62002，信息：稿件不可见。
{'code': 62002, 'message': '稿件不可见', 'ttl': 1}
[2026-04-08 12:02:23] [ERROR] bvid=BV19bXmBpE32 抓取失败：meta: 接口返回错误代码：62002，信息：稿件不可见。
{'code': 62002, 'message': '稿件不可见', 'ttl': 1}
[2026-04-08 12:02:23] [ERROR] bvid=BV19eXbBTE5m 抓取失败：meta: 接口返回错误代码：-404，信息：啥都木有。
{'code': -404, 'message': '啥都木有', 'ttl': 1}
[2026-04-08 12:02:26] [SUCCESS] bvid=BV19hDABxER6 已成功抓取全部所需数据。
[2026-04-08 12:02:27] [ERROR] bvid=BV19wXyB5EDm 抓取失败：meta: 接口返回错误代码：62002，信息：稿件不可见。
{'code': 62002, 'message': '稿件不可见', 'ttl': 1}
[2026-04-08 12:02:30] [SUCCESS] bvid=BV1A69KBZEZd 已成功抓取全部所需数据。
[2026-04-08 12:02:33] [SUCCESS] bvid=BV1AASfBFEBp 已成功抓取全部所需数据。
[2026-04-08 12:02:36] [SUCCESS] bvid=BV1AASfBFEJP 已成功抓取全部所需数据。
[2026-04-08 12:02:39] [SUCCESS] bvid=BV1AESdBpE3K 已成功抓取全部所需数据。
[2026-04-08 12:02:43] [SUCCESS] bvid=BV1AMDGBPETt 已成功抓取全部所需数据。
[2026-04-08 12:02:46] [SUCCESS] bvid=BV1ANDYBdEui 已成功抓取全部所需数据。
[2026-04-08 12:02:49] [SUCCESS] bvid=BV1APDYB4EiY 已成功抓取全部所需数据。
[2026-04-08 12:02:53] [SUCCESS] bvid=BV1APSfBbE9W 已成功抓取全部所需数据。
[2026-04-08 12:02:53] [ERROR] bvid=BV1AQXLBEE4A 抓取失败：meta: 接口返回错误代码：62002，信息：稿件不可见。
{'code': 62002, 'message': '稿件不可见', 'ttl': 1}
[2026-04-08 12:02:53] [ERROR] bvid=BV1AQXmBBEg6 抓取失败：meta: 接口返回错误代码：62002，信息：稿件不可见。
{'code': 62002, 'message': '稿件不可见', 'ttl': 1}
[2026-04-08 12:02:56] [SUCCESS] bvid=BV1ASDYBdEg7 已成功抓取全部所需数据。
[2026-04-08 12:03:00] [SUCCESS] bvid=BV1ATDYBsEp9 已成功抓取全部所需数据。
[2026-04-08 12:03:03] [SUCCESS] bvid=BV1ATDcBNEzL 已成功抓取全部所需数据。
[2026-04-08 12:03:06] [SUCCESS] bvid=BV1AUDYB4EDa 已成功抓取全部所需数据。
[2026-04-08 12:03:07] [ERROR] bvid=BV1AVXLB5E7E 抓取失败：meta: 接口返回错误代码：62002，信息：稿件不可见。
{'code': 62002, 'message': '稿件不可见', 'ttl': 1}
[2026-04-08 12:03:07] [ERROR] bvid=BV1AVXLB5E7n 抓取失败：meta: 接口返回错误代码：62002，信息：稿件不可见。
{'code': 62002, 'message': '稿件不可见', 'ttl': 1}
[2026-04-08 12:03:10] [SUCCESS] bvid=BV1AZD8BXEQe 已成功抓取全部所需数据。
[2026-04-08 12:03:13] [SUCCESS] bvid=BV1AgDcBAEJh 已成功抓取全部所需数据。
[2026-04-08 12:03:17] [SUCCESS] bvid=BV1AkSoBREVA 已成功抓取全部所需数据。
[2026-04-08 12:03:20] [SUCCESS] bvid=BV1AmSfBFEBu 已成功抓取全部所需数据。
[2026-04-08 12:03:23] [SUCCESS] bvid=BV1AmSfBFEjd 已成功抓取全部所需数据。
[2026-04-08 12:03:27] [SUCCESS] bvid=BV1AzDhBREfL 已成功抓取全部所需数据。
[2026-04-08 12:03:30] [SUCCESS] bvid=BV1B2SRBVEQ4 已成功抓取全部所需数据。
[2026-04-08 12:03:33] [SUCCESS] bvid=BV1BDSoBEErS 已成功抓取全部所需数据。
[2026-04-08 12:03:36] [SUCCESS] bvid=BV1BEDcBoEQh 已成功抓取全部所需数据。
[2026-04-08 12:03:40] [SUCCESS] bvid=BV1BHDvBXEG1 已成功抓取全部所需数据。
[2026-04-08 12:03:40] [ERROR] bvid=BV1BPX8B2EDX 抓取失败：meta: 接口返回错误代码：62002，信息：稿件不可见。
{'code': 62002, 'message': '稿件不可见', 'ttl': 1}
[2026-04-08 12:03:43] [SUCCESS] bvid=BV1BRDYBHEdq 已成功抓取全部所需数据。
[2026-04-08 12:03:47] [SUCCESS] bvid=BV1BRDhBCE5Q 已成功抓取全部所需数据。
[2026-04-08 12:03:47] [ERROR] bvid=BV1BS9LBkEBh 抓取失败：meta: 接口返回错误代码：62002，信息：稿件不可见。
{'code': 62002, 'message': '稿件不可见', 'ttl': 1}
[2026-04-08 12:03:51] [SUCCESS] bvid=BV1BSSRB3EV7 已成功抓取全部所需数据。
[2026-04-08 12:03:54] [SUCCESS] bvid=BV1BVDhBkErH 已成功抓取全部所需数据。
[2026-04-08 12:03:57] [SUCCESS] bvid=BV1BXDMB2ExN 已成功抓取全部所需数据。
[2026-04-08 12:04:01] [SUCCESS] bvid=BV1BYSUBZEQJ 已成功抓取全部所需数据。
[2026-04-08 12:04:04] [SUCCESS] bvid=BV1BZSfBHEju 已成功抓取全部所需数据。
[2026-04-08 12:04:08] [SUCCESS] bvid=BV1BdDYBDEEV 已成功抓取全部所需数据。
[2026-04-08 12:04:11] [SUCCESS] bvid=BV1BdSfBXE22 已成功抓取全部所需数据。
[2026-04-08 12:04:14] [SUCCESS] bvid=BV1BeDuBUEVr 已成功抓取全部所需数据。
[2026-04-08 12:04:18] [SUCCESS] bvid=BV1BiSDBeEd7 已成功抓取全部所需数据。
[2026-04-08 12:04:21] [SUCCESS] bvid=BV1BiSUBdEgf 已成功抓取全部所需数据。
[2026-04-08 12:04:21] [ERROR] bvid=BV1BnXLBzESN 抓取失败：meta: 接口返回错误代码：-404，信息：啥都木有。
{'code': -404, 'message': '啥都木有', 'ttl': 1}
[2026-04-08 12:04:25] [SUCCESS] bvid=BV1BsD5BFEHN 已成功抓取全部所需数据。
[2026-04-08 12:04:28] [SUCCESS] bvid=BV1BvSUB4E44 已成功抓取全部所需数据。
[2026-04-08 12:04:31] [SUCCESS] bvid=BV1Bw9FB8EEb 已成功抓取全部所需数据。
[2026-04-08 12:04:34] [SUCCESS] bvid=BV1Bw9FB8Esc 已成功抓取全部所需数据。
[2026-04-08 12:04:38] [SUCCESS] bvid=BV1C1DYBtEaq 已成功抓取全部所需数据。
[2026-04-08 12:04:38] [ERROR] bvid=BV1C1XVBCEVu 抓取失败：meta: 接口返回错误代码：62002，信息：稿件不可见。
{'code': 62002, 'message': '稿件不可见', 'ttl': 1}
[2026-04-08 12:04:41] [SUCCESS] bvid=BV1C2DYBoEGd 已成功抓取全部所需数据。
[2026-04-08 12:04:45] [SUCCESS] bvid=BV1C3DvB8EYi 已成功抓取全部所需数据。
[2026-04-08 12:04:45] [ERROR] bvid=BV1C3SQB6EC8 抓取失败：meta: 接口返回错误代码：62002，信息：稿件不可见。
{'code': 62002, 'message': '稿件不可见', 'ttl': 1}
[2026-04-08 12:04:48] [SUCCESS] bvid=BV1C3XfBeEPy 已成功抓取全部所需数据。
[2026-04-08 12:04:51] [SUCCESS] bvid=BV1C9DAB6EVW 已成功抓取全部所需数据。
[2026-04-08 12:04:55] [SUCCESS] bvid=BV1CBSRBUEzg 已成功抓取全部所需数据。
[2026-04-08 12:04:58] [SUCCESS] bvid=BV1CBSoB4Eoq 已成功抓取全部所需数据。
[2026-04-08 12:05:01] [SUCCESS] bvid=BV1CSDGBNEnK 已成功抓取全部所需数据。
[2026-04-08 12:05:01] [ERROR] bvid=BV1CSXLBUEHK 抓取失败：meta: 接口返回错误代码：62002，信息：稿件不可见。
{'code': 62002, 'message': '稿件不可见', 'ttl': 1}
[2026-04-08 12:05:01] [ERROR] bvid=BV1CUXVBrEbz 抓取失败：meta: 接口返回错误代码：62002，信息：稿件不可见。
{'code': 62002, 'message': '稿件不可见', 'ttl': 1}
[2026-04-08 12:05:05] [SUCCESS] bvid=BV1CVSQBuEca 已成功抓取全部所需数据。
[2026-04-08 12:05:05] [ERROR] bvid=BV1CYXNBSE7N 抓取失败：meta: 接口返回错误代码：62002，信息：稿件不可见。
{'code': 62002, 'message': '稿件不可见', 'ttl': 1}
[2026-04-08 12:05:05] [ERROR] bvid=BV1CgXLB5EeU 抓取失败：meta: 接口返回错误代码：62002，信息：稿件不可见。
{'code': 62002, 'message': '稿件不可见', 'ttl': 1}
[2026-04-08 12:05:05] [ERROR] bvid=BV1CgXLB5EyT 抓取失败：meta: 接口返回错误代码：62002，信息：稿件不可见。
{'code': 62002, 'message': '稿件不可见', 'ttl': 1}
[2026-04-08 12:05:05] [ERROR] bvid=BV1CiXDBLEpE 抓取失败：meta: 接口返回错误代码：-404，信息：啥都木有。
{'code': -404, 'message': '啥都木有', 'ttl': 1}
[2026-04-08 12:05:06] [ERROR] bvid=BV1CiXDBLEui 抓取失败：meta: 接口返回错误代码：-404，信息：啥都木有。
{'code': -404, 'message': '啥都木有', 'ttl': 1}
[2026-04-08 12:05:09] [SUCCESS] bvid=BV1CjSdBXE22 已成功抓取全部所需数据。
[2026-04-08 12:05:12] [SUCCESS] bvid=BV1CkSfBaELq 已成功抓取全部所需数据。
[2026-04-08 12:05:12] [ERROR] bvid=BV1CmXmBgEzf 抓取失败：meta: 接口返回错误代码：62002，信息：稿件不可见。
{'code': 62002, 'message': '稿件不可见', 'ttl': 1}
[2026-04-08 12:05:12] [ERROR] bvid=BV1CqXTBREVp 抓取失败：meta: 接口返回错误代码：62002，信息：稿件不可见。
{'code': 62002, 'message': '稿件不可见', 'ttl': 1}
[2026-04-08 12:05:16] [SUCCESS] bvid=BV1CxSUBYEUu 已成功抓取全部所需数据。
[2026-04-08 12:05:16] [ERROR] bvid=BV1CyXVB5E1P 抓取失败：meta: 接口返回错误代码：62002，信息：稿件不可见。
{'code': 62002, 'message': '稿件不可见', 'ttl': 1}
[2026-04-08 12:05:16] [ERROR] bvid=BV1D5XUBQEx2 抓取失败：meta: 接口返回错误代码：62002，信息：稿件不可见。
{'code': 62002, 'message': '稿件不可见', 'ttl': 1}
[2026-04-08 12:05:16] [ERROR] bvid=BV1D5XUBQExn 抓取失败：meta: 接口返回错误代码：62002，信息：稿件不可见。
{'code': 62002, 'message': '稿件不可见', 'ttl': 1}
[2026-04-08 12:05:19] [SUCCESS] bvid=BV1D8DYBBEku 已成功抓取全部所需数据。
[2026-04-08 12:05:23] [SUCCESS] bvid=BV1D8SfB6Equ 已成功抓取全部所需数据。
[2026-04-08 12:05:26] [SUCCESS] bvid=BV1DESXB9Eqn 已成功抓取全部所需数据。
[2026-04-08 12:05:30] [SUCCESS] bvid=BV1DGSUBGEvY 已成功抓取全部所需数据。
[2026-04-08 12:05:33] [SUCCESS] bvid=BV1DXD3BVEGz 已成功抓取全部所需数据。
[2026-04-08 12:05:36] [SUCCESS] bvid=BV1DaSfBuExD 已成功抓取全部所需数据。
[2026-04-08 12:05:36] [ERROR] bvid=BV1DaXmBnEqz 抓取失败：meta: 接口返回错误代码：62012，信息：62012。
{'code': 62012, 'message': '62012', 'ttl': 1}
[2026-04-08 12:05:40] [SUCCESS] bvid=BV1DiDvBGEGV 已成功抓取全部所需数据。
[2026-04-08 12:05:43] [SUCCESS] bvid=BV1DiDvBGEZk 已成功抓取全部所需数据。
[2026-04-08 12:05:43] [ERROR] bvid=BV1Dm9NBPETK 抓取失败：meta: 接口返回错误代码：62002，信息：稿件不可见。
{'code': 62002, 'message': '稿件不可见', 'ttl': 1}
[2026-04-08 12:05:47] [SUCCESS] bvid=BV1DqDvBrEPT 已成功抓取全部所需数据。
[2026-04-08 12:05:50] [SUCCESS] bvid=BV1DsSoBKE4Z 已成功抓取全部所需数据。
[2026-04-08 12:05:54] [SUCCESS] bvid=BV1DsSoBKEnL 已成功抓取全部所需数据。
[2026-04-08 12:05:57] [SUCCESS] bvid=BV1DtSoBPEVd 已成功抓取全部所需数据。
[2026-04-08 12:06:00] [SUCCESS] bvid=BV1DxDhBYEvL 已成功抓取全部所需数据。
[2026-04-08 12:06:03] [SUCCESS] bvid=BV1DxSoBvEGv 已成功抓取全部所需数据。
[2026-04-08 12:06:07] [SUCCESS] bvid=BV1DzD5BSE2z 已成功抓取全部所需数据。
[2026-04-08 12:06:13] [SUCCESS] bvid=BV1EADLBPEZc 已成功抓取全部所需数据。
[2026-04-08 12:06:13] [ERROR] bvid=BV1ECXjBkEP3 抓取失败：meta: 接口返回错误代码：62002，信息：稿件不可见。
{'code': 62002, 'message': '稿件不可见', 'ttl': 1}
[2026-04-08 12:06:13] [ERROR] bvid=BV1EKDKB3EbE 抓取失败：meta: 接口返回错误代码：62002，信息：稿件不可见。
{'code': 62002, 'message': '稿件不可见', 'ttl': 1}
[2026-04-08 12:06:13] [WARN] 当前子任务已结束，但仍有未成功抓取的视频，已导出 remaining CSV 供继续执行。
[2026-04-08 12:06:13] [INFO] 已导出剔除成功条目后的剩余 CSV：outputs\video_data\manual_crawls\manual_crawl_meta_mode_A_20260408_115230\remaining_bvids_part_3.csv
[2026-04-08 12:06:13] 子任务结束时间：2026-04-08T12:06:13.595598
[TIMESTAMP][END] 2026-04-08T12:06:13
