[TIMESTAMP][BEGIN] 2026-04-19T16:46:29
[2026-04-19 16:46:37] 开始执行 CSV 批量抓取子任务 part_8。
[2026-04-19 16:46:37] 子任务开始时间：2026-04-19T16:46:29.278333
[2026-04-19 16:46:37] 输入文件：batch_input_8.csv
[2026-04-19 16:46:37] 输入唯一 bvid 数量：100
[2026-04-19 16:46:37] [ERROR] bvid=BV1WiXDBLEFo 抓取失败：meta: 接口返回错误代码：-404，信息：啥都木有。
{'code': -404, 'message': '啥都木有', 'ttl': 1}
[2026-04-19 16:46:38] [ERROR] bvid=BV1WmXmB3EJN 抓取失败：meta: 接口返回错误代码：62002，信息：稿件不可见。
{'code': 62002, 'message': '稿件不可见', 'ttl': 1}
[2026-04-19 16:46:42] [SUCCESS] bvid=BV1WnQiBKEs6 已成功抓取全部所需数据。
[2026-04-19 16:46:51] [SUCCESS] bvid=BV1WrQ5BGEEN 已成功抓取全部所需数据。
[2026-04-19 16:46:52] [ERROR] bvid=BV1WtXjBXEoK 抓取失败：meta: 接口返回错误代码：62002，信息：稿件不可见。
{'code': 62002, 'message': '稿件不可见', 'ttl': 1}
[2026-04-19 16:46:55] [SUCCESS] bvid=BV1WvQGBBEZD 已成功抓取全部所需数据。
[2026-04-19 16:47:05] [SUCCESS] bvid=BV1WzQ5BCEeh 已成功抓取全部所需数据。
[2026-04-19 16:47:16] [SUCCESS] bvid=BV1WzQ5BCEwB 已成功抓取全部所需数据。
[2026-04-19 16:47:16] [ERROR] bvid=BV1X2DCBqEmh 抓取失败：meta: 接口返回错误代码：62002，信息：稿件不可见。
{'code': 62002, 'message': '稿件不可见', 'ttl': 1}
[2026-04-19 16:47:20] [SUCCESS] bvid=BV1X2Q7BvEoc 已成功抓取全部所需数据。
[2026-04-19 16:47:21] [ERROR] bvid=BV1X4XmB9EZT 抓取失败：meta: 接口返回错误代码：62002，信息：稿件不可见。
{'code': 62002, 'message': '稿件不可见', 'ttl': 1}
[2026-04-19 16:47:25] [SUCCESS] bvid=BV1X5D4BsEee 已成功抓取全部所需数据。
[2026-04-19 16:47:28] [SUCCESS] bvid=BV1X7QvBEEpT 已成功抓取全部所需数据。
[2026-04-19 16:47:29] [ERROR] bvid=BV1X7XTBBEXa 抓取失败：meta: 接口返回错误代码：62012，信息：62012。
{'code': 62012, 'message': '62012', 'ttl': 1}
[2026-04-19 16:47:33] [SUCCESS] bvid=BV1XADXBZEW9 已成功抓取全部所需数据。
[2026-04-19 16:47:36] [SUCCESS] bvid=BV1XEQvBmEwT 已成功抓取全部所需数据。
[2026-04-19 16:47:40] [SUCCESS] bvid=BV1XEQvBmEyy 已成功抓取全部所需数据。
[2026-04-19 16:47:44] [SUCCESS] bvid=BV1XGQhBKEkJ 已成功抓取全部所需数据。
[2026-04-19 16:47:53] [SUCCESS] bvid=BV1XLQgBCE5L 已成功抓取全部所需数据。
[2026-04-19 16:47:57] [SUCCESS] bvid=BV1XNQbBAEda 已成功抓取全部所需数据。
[2026-04-19 16:48:00] [SUCCESS] bvid=BV1XSQ7BeEpt 已成功抓取全部所需数据。
[2026-04-19 16:48:04] [SUCCESS] bvid=BV1XYQEBPEAk 已成功抓取全部所需数据。
[2026-04-19 16:48:08] [SUCCESS] bvid=BV1XYQuBGEAY 已成功抓取全部所需数据。
[2026-04-19 16:48:11] [SUCCESS] bvid=BV1XdDsBUENg 已成功抓取全部所需数据。
[2026-04-19 16:48:11] [ERROR] bvid=BV1XgXNBvER4 抓取失败：meta: 接口返回错误代码：62002，信息：稿件不可见。
{'code': 62002, 'message': '稿件不可见', 'ttl': 1}
[2026-04-19 16:48:21] [SUCCESS] bvid=BV1XjQGBDEL6 已成功抓取全部所需数据。
[2026-04-19 16:48:25] [SUCCESS] bvid=BV1XnQvBjE7N 已成功抓取全部所需数据。
[2026-04-19 16:48:28] [SUCCESS] bvid=BV1XwQsBUEM6 已成功抓取全部所需数据。
[2026-04-19 16:48:32] [SUCCESS] bvid=BV1Y2QbBNE68 已成功抓取全部所需数据。
[2026-04-19 16:48:36] [SUCCESS] bvid=BV1Y5QgB5EST 已成功抓取全部所需数据。
[2026-04-19 16:48:39] [SUCCESS] bvid=BV1Y5QgB5EhR 已成功抓取全部所需数据。
[2026-04-19 16:48:40] [ERROR] bvid=BV1Y8DZB1EsP 抓取失败：meta: 接口返回错误代码：62002，信息：稿件不可见。
{'code': 62002, 'message': '稿件不可见', 'ttl': 1}
[2026-04-19 16:48:50] [SUCCESS] bvid=BV1Y9QgBmEbY 已成功抓取全部所需数据。
[2026-04-19 16:48:54] [SUCCESS] bvid=BV1YAQ4BoE6k 已成功抓取全部所需数据。
[2026-04-19 16:48:57] [SUCCESS] bvid=BV1YCDXBhEvF 已成功抓取全部所需数据。
[2026-04-19 16:49:01] [SUCCESS] bvid=BV1YEQGBJEB3 已成功抓取全部所需数据。
[2026-04-19 16:49:02] [ERROR] bvid=BV1YGXNBNEKM 抓取失败：meta: 接口返回错误代码：62002，信息：稿件不可见。
{'code': 62002, 'message': '稿件不可见', 'ttl': 1}
[2026-04-19 16:49:05] [SUCCESS] bvid=BV1YHDQBoEuS 已成功抓取全部所需数据。
[2026-04-19 16:51:10] [SUCCESS] bvid=BV1YMQ7BaEch 已成功抓取全部所需数据。
[2026-04-19 16:51:13] [SUCCESS] bvid=BV1YMQ7BaEhC 已成功抓取全部所需数据。
[2026-04-19 16:51:16] [SUCCESS] bvid=BV1YNQbBPEpa 已成功抓取全部所需数据。
[2026-04-19 16:51:19] [SUCCESS] bvid=BV1YPQLB4ELX 已成功抓取全部所需数据。
[2026-04-19 16:51:19] [ERROR] bvid=BV1YPX2BDEsG 抓取失败：meta: 接口返回错误代码：-404，信息：啥都木有。
{'code': -404, 'message': '啥都木有', 'ttl': 1}
[2026-04-19 16:51:20] [ERROR] bvid=BV1YSXUBZE9V 抓取失败：meta: 接口返回错误代码：62012，信息：62012。
{'code': 62012, 'message': '62012', 'ttl': 1}
[2026-04-19 16:51:23] [SUCCESS] bvid=BV1YWQ5BREg5 已成功抓取全部所需数据。
[2026-04-19 16:51:25] [SUCCESS] bvid=BV1YWQjBaEYV 已成功抓取全部所需数据。
[2026-04-19 16:51:28] [SUCCESS] bvid=BV1YdQgBjEuo 已成功抓取全部所需数据。
[2026-04-19 16:51:31] [SUCCESS] bvid=BV1YhQEBvEPC 已成功抓取全部所需数据。
[2026-04-19 16:51:32] [ERROR] bvid=BV1YiXMBLE1V 抓取失败：meta: 接口返回错误代码：62012，信息：62012。
{'code': 62012, 'message': '62012', 'ttl': 1}
[2026-04-19 16:51:35] [SUCCESS] bvid=BV1YnQxBxEYf 已成功抓取全部所需数据。
[2026-04-19 16:51:38] [SUCCESS] bvid=BV1YtQEBqEsi 已成功抓取全部所需数据。
[2026-04-19 16:51:38] [ERROR] bvid=BV1YuDpBVEmU 抓取失败：meta: 接口返回错误代码：62002，信息：稿件不可见。
{'code': 62002, 'message': '稿件不可见', 'ttl': 1}
[2026-04-19 16:51:38] [ERROR] bvid=BV1YvcUz2Eat 抓取失败：meta: 接口返回错误代码：62002，信息：稿件不可见。
{'code': 62002, 'message': '稿件不可见', 'ttl': 1}
[2026-04-19 16:51:42] [SUCCESS] bvid=BV1YxQjBcEzN 已成功抓取全部所需数据。
[2026-04-19 16:51:45] [SUCCESS] bvid=BV1YyQ4BZEYd 已成功抓取全部所需数据。
[2026-04-19 16:51:54] [SUCCESS] bvid=BV1Z5QjBBEWC 已成功抓取全部所需数据。
[2026-04-19 16:51:58] [SUCCESS] bvid=BV1ZNQgBnEt1 已成功抓取全部所需数据。
[2026-04-19 16:52:07] [SUCCESS] bvid=BV1ZQQ5BvEYE 已成功抓取全部所需数据。
[2026-04-19 16:52:11] [SUCCESS] bvid=BV1ZXQxBYECV 已成功抓取全部所需数据。
[2026-04-19 16:52:20] [SUCCESS] bvid=BV1ZZQ8B1EdG 已成功抓取全部所需数据。
[2026-04-19 16:52:24] [SUCCESS] bvid=BV1ZcQhBCEBu 已成功抓取全部所需数据。
[2026-04-19 16:52:28] [SUCCESS] bvid=BV1ZiDCB5EWV 已成功抓取全部所需数据。
[2026-04-19 16:52:31] [SUCCESS] bvid=BV1ZjQjBTEod 已成功抓取全部所需数据。
[2026-04-19 16:52:41] [SUCCESS] bvid=BV1ZjQjBTEox 已成功抓取全部所需数据。
[2026-04-19 16:52:44] [SUCCESS] bvid=BV1ZnQuBnEUz 已成功抓取全部所需数据。
[2026-04-19 16:52:48] [SUCCESS] bvid=BV1ZoQtBBEpM 已成功抓取全部所需数据。
[2026-04-19 16:52:48] [ERROR] bvid=BV1ZoX1BxEMi 抓取失败：meta: 接口返回错误代码：62002，信息：稿件不可见。
{'code': 62002, 'message': '稿件不可见', 'ttl': 1}
[2026-04-19 16:52:52] [SUCCESS] bvid=BV1ZpD2BDENz 已成功抓取全部所需数据。
[2026-04-19 16:52:55] [SUCCESS] bvid=BV1ZqQ7BkEAf 已成功抓取全部所需数据。
[2026-04-19 16:53:04] [SUCCESS] bvid=BV1ZwQJB5Ekb 已成功抓取全部所需数据。
[2026-04-19 16:53:14] [SUCCESS] bvid=BV1ZxQ3BREj3 已成功抓取全部所需数据。
[2026-04-19 16:53:17] [SUCCESS] bvid=BV1a3QJBMEqH 已成功抓取全部所需数据。
[2026-04-19 16:53:17] [ERROR] bvid=BV1a3XUB9EHh 抓取失败：meta: 接口返回错误代码：62002，信息：稿件不可见。
{'code': 62002, 'message': '稿件不可见', 'ttl': 1}
[2026-04-19 16:53:21] [SUCCESS] bvid=BV1a4D9BwEoj 已成功抓取全部所需数据。
[2026-04-19 16:53:21] [ERROR] bvid=BV1a5XjBaE65 抓取失败：meta: 接口返回错误代码：62002，信息：稿件不可见。
{'code': 62002, 'message': '稿件不可见', 'ttl': 1}
[2026-04-19 16:53:21] [ERROR] bvid=BV1a5XxBWEg4 抓取失败：meta: 接口返回错误代码：-404，信息：啥都木有。
{'code': -404, 'message': '啥都木有', 'ttl': 1}
[2026-04-19 16:53:30] [SUCCESS] bvid=BV1a6Q3BjE6Q 已成功抓取全部所需数据。
[2026-04-19 16:53:34] [SUCCESS] bvid=BV1a8QEBKEqA 已成功抓取全部所需数据。
[2026-04-19 16:53:37] [SUCCESS] bvid=BV1a8QEBKErQ 已成功抓取全部所需数据。
[2026-04-19 17:03:39] [ERROR] bvid=BV1aBQpBjELM 抓取失败：meta: Timeout of 600.0s exceeded, last exception: HTTPSConnectionPool(host='bigquery.googleapis.com', port=443): Max retries exceeded with url: /bigquery/v2/projects/bilibili-m2s2vp-research/datasets?prettyPrint=false (Caused by ProxyError('Unable to connect to proxy', RemoteDisconnected('Remote end closed connection without response')))
[2026-04-19 17:03:42] [SUCCESS] bvid=BV1aCDXBhEqK 已成功抓取全部所需数据。
[2026-04-19 17:03:46] [SUCCESS] bvid=BV1aDQbBaEek 已成功抓取全部所需数据。
[2026-04-19 17:03:49] [SUCCESS] bvid=BV1aEQGBJEX5 已成功抓取全部所需数据。
[2026-04-19 17:03:52] [SUCCESS] bvid=BV1aGQgB1EtN 已成功抓取全部所需数据。
[2026-04-19 17:03:53] [ERROR] bvid=BV1aVXUBpE9H 抓取失败：meta: 接口返回错误代码：62002，信息：稿件不可见。
{'code': 62002, 'message': '稿件不可见', 'ttl': 1}
[2026-04-19 17:03:56] [SUCCESS] bvid=BV1aWQ5B9EsJ 已成功抓取全部所需数据。
[2026-04-19 17:03:59] [SUCCESS] bvid=BV1aYQEBPEcd 已成功抓取全部所需数据。
[2026-04-19 17:04:02] [SUCCESS] bvid=BV1aZQYBVEdt 已成功抓取全部所需数据。
[2026-04-19 17:04:03] [ERROR] bvid=BV1aZXTB3EHJ 抓取失败：meta: 接口返回错误代码：62002，信息：稿件不可见。
{'code': 62002, 'message': '稿件不可见', 'ttl': 1}
[2026-04-19 17:04:06] [SUCCESS] bvid=BV1adQYByE96 已成功抓取全部所需数据。
[2026-04-19 17:04:09] [SUCCESS] bvid=BV1afQYBkELy 已成功抓取全部所需数据。
[2026-04-19 17:04:10] [ERROR] bvid=BV1agXUBsEae 抓取失败：meta: 接口返回错误代码：62002，信息：稿件不可见。
{'code': 62002, 'message': '稿件不可见', 'ttl': 1}
[2026-04-19 17:04:13] [SUCCESS] bvid=BV1ahQEBvEmv 已成功抓取全部所需数据。
[2026-04-19 17:04:16] [SUCCESS] bvid=BV1aiQuB3E3m 已成功抓取全部所需数据。
[2026-04-19 17:04:16] [ERROR] bvid=BV1ajXjBcEKQ 抓取失败：meta: 接口返回错误代码：62002，信息：稿件不可见。
{'code': 62002, 'message': '稿件不可见', 'ttl': 1}
[2026-04-19 17:04:16] [ERROR] bvid=BV1ajXjBcEbF 抓取失败：meta: 接口返回错误代码：62002，信息：稿件不可见。
{'code': 62002, 'message': '稿件不可见', 'ttl': 1}
[2026-04-19 17:04:17] [ERROR] bvid=BV1akDXBwEZC 抓取失败：meta: 接口返回错误代码：-404，信息：啥都木有。
{'code': -404, 'message': '啥都木有', 'ttl': 1}
[2026-04-19 17:04:20] [SUCCESS] bvid=BV1amQbBeER4 已成功抓取全部所需数据。
[2026-04-19 17:04:23] [SUCCESS] bvid=BV1anQvB7E8X 已成功抓取全部所需数据。
[2026-04-19 17:04:32] [SUCCESS] bvid=BV1aoQgB1EG8 已成功抓取全部所需数据。
[2026-04-19 17:04:32] [WARN] 当前子任务已结束，但仍有未成功抓取的视频，已导出 remaining CSV 供继续执行。
[2026-04-19 17:04:32] [INFO] 已导出剔除成功条目后的剩余 CSV：outputs\video_data\manual_crawls\manual_crawl_meta_mode_A_20260419_155955\remaining_bvids_part_8.csv
[2026-04-19 17:04:32] 子任务结束时间：2026-04-19T17:04:32.708796
[TIMESTAMP][END] 2026-04-19T17:04:32
