[TIMESTAMP][BEGIN] 2026-04-19T17:38:24
[2026-04-19 17:38:26] 开始执行 CSV 批量抓取子任务 part_13。
[2026-04-19 17:38:26] 子任务开始时间：2026-04-19T17:38:24.481259
[2026-04-19 17:38:26] 输入文件：batch_input_13.csv
[2026-04-19 17:38:26] 输入唯一 bvid 数量：100
[2026-04-19 17:48:26] [ERROR] bvid=BV1pVXLB5E2H 抓取失败：meta: 接口返回错误代码：62002，信息：稿件不可见。
{'code': 62002, 'message': '稿件不可见', 'ttl': 1}
[2026-04-19 17:48:27] [ERROR] bvid=BV1pVXLB5Euw 抓取失败：meta: 接口返回错误代码：62002，信息：稿件不可见。
{'code': 62002, 'message': '稿件不可见', 'ttl': 1}
[2026-04-19 17:48:27] [ERROR] bvid=BV1pYXUBzEPv 抓取失败：meta: 接口返回错误代码：62002，信息：稿件不可见。
{'code': 62002, 'message': '稿件不可见', 'ttl': 1}
[2026-04-19 17:48:28] [ERROR] bvid=BV1pcDhBDExk 抓取失败：meta: 接口返回错误代码：62002，信息：稿件不可见。
{'code': 62002, 'message': '稿件不可见', 'ttl': 1}
[2026-04-19 17:48:39] [SUCCESS] bvid=BV1peQgBhE79 已成功抓取全部所需数据。
[2026-04-19 17:48:43] [SUCCESS] bvid=BV1pfQ3BPEdC 已成功抓取全部所需数据。
[2026-04-19 17:48:46] [SUCCESS] bvid=BV1pfQ3BPEiV 已成功抓取全部所需数据。
[2026-04-19 17:48:47] [ERROR] bvid=BV1piXDBLEkm 抓取失败：meta: 接口返回错误代码：-404，信息：啥都木有。
{'code': -404, 'message': '啥都木有', 'ttl': 1}
[2026-04-19 17:48:51] [SUCCESS] bvid=BV1pmQEB9Ezr 已成功抓取全部所需数据。
[2026-04-19 17:48:54] [SUCCESS] bvid=BV1ppQPByE2T 已成功抓取全部所需数据。
[2026-04-19 17:48:59] [SUCCESS] bvid=BV1ppQPByEhw 已成功抓取全部所需数据。
[2026-04-19 17:48:59] [ERROR] bvid=BV1pqXDByEjn 抓取失败：meta: 接口返回错误代码：-404，信息：啥都木有。
{'code': -404, 'message': '啥都木有', 'ttl': 1}
[2026-04-19 17:58:25] [ERROR] bvid=BV1pqXDByEsP 抓取失败：meta: 接口返回错误代码：-404，信息：啥都木有。
{'code': -404, 'message': '啥都木有', 'ttl': 1}
[2026-04-19 17:58:26] [ERROR] bvid=BV1pzDKBmEaq 抓取失败：meta: 接口返回错误代码：62002，信息：稿件不可见。
{'code': 62002, 'message': '稿件不可见', 'ttl': 1}
[2026-04-19 17:58:35] [SUCCESS] bvid=BV1pzQ5BCE8y 已成功抓取全部所需数据。
[2026-04-19 17:58:46] [SUCCESS] bvid=BV1q2DfBXErF 已成功抓取全部所需数据。
[2026-04-19 17:58:56] [SUCCESS] bvid=BV1q5QjBBEQb 已成功抓取全部所需数据。
[2026-04-19 17:58:59] [SUCCESS] bvid=BV1q7QjBiEyN 已成功抓取全部所需数据。
[2026-04-19 17:59:09] [SUCCESS] bvid=BV1qAQJBCEJs 已成功抓取全部所需数据。
[2026-04-19 17:59:12] [SUCCESS] bvid=BV1qBQbB6EbR 已成功抓取全部所需数据。
[2026-04-19 17:59:12] [ERROR] bvid=BV1qFXUBwEvF 抓取失败：meta: 接口返回错误代码：62012，信息：62012。
{'code': 62012, 'message': '62012', 'ttl': 1}
[2026-04-19 17:59:13] [ERROR] bvid=BV1qFXUBwEvX 抓取失败：meta: 接口返回错误代码：62002，信息：稿件不可见。
{'code': 62002, 'message': '稿件不可见', 'ttl': 1}
[2026-04-19 17:59:23] [SUCCESS] bvid=BV1qNQgBnEUH 已成功抓取全部所需数据。
[2026-04-19 17:59:23] [ERROR] bvid=BV1qPXjBuE32 抓取失败：meta: 接口返回错误代码：62002，信息：稿件不可见。
{'code': 62002, 'message': '稿件不可见', 'ttl': 1}
[2026-04-19 17:59:23] [ERROR] bvid=BV1qPXjBuE3N 抓取失败：meta: 接口返回错误代码：62002，信息：稿件不可见。
{'code': 62002, 'message': '稿件不可见', 'ttl': 1}
[2026-04-19 17:59:23] [ERROR] bvid=BV1qPXjBuEGF 抓取失败：meta: 接口返回错误代码：62002，信息：稿件不可见。
{'code': 62002, 'message': '稿件不可见', 'ttl': 1}
[2026-04-19 17:59:33] [SUCCESS] bvid=BV1qQDQBTEk8 已成功抓取全部所需数据。
[2026-04-19 17:59:36] [SUCCESS] bvid=BV1qYDXBME6B 已成功抓取全部所需数据。
[2026-04-19 17:59:36] [ERROR] bvid=BV1qZX1BRES4 抓取失败：meta: 接口返回错误代码：62012，信息：62012。
{'code': 62012, 'message': '62012', 'ttl': 1}
[2026-04-19 17:59:36] [ERROR] bvid=BV1qZX1BdEK4 抓取失败：meta: 接口返回错误代码：62002，信息：稿件不可见。
{'code': 62002, 'message': '稿件不可见', 'ttl': 1}
[2026-04-19 17:59:36] [ERROR] bvid=BV1qZX3BoEnM 抓取失败：meta: 接口返回错误代码：62002，信息：稿件不可见。
{'code': 62002, 'message': '稿件不可见', 'ttl': 1}
[2026-04-19 17:59:39] [SUCCESS] bvid=BV1qdQjB6EY3 已成功抓取全部所需数据。
[2026-04-19 17:59:39] [ERROR] bvid=BV1qhXMBUEyX 抓取失败：meta: 接口返回错误代码：62002，信息：稿件不可见。
{'code': 62002, 'message': '稿件不可见', 'ttl': 1}
[2026-04-19 17:59:43] [SUCCESS] bvid=BV1qiDXBKEgM 已成功抓取全部所需数据。
[2026-04-19 17:59:43] [ERROR] bvid=BV1qoX3BtEii 抓取失败：meta: 接口返回错误代码：62002，信息：稿件不可见。
{'code': 62002, 'message': '稿件不可见', 'ttl': 1}
[2026-04-19 17:59:46] [SUCCESS] bvid=BV1quQGBxER3 已成功抓取全部所需数据。
[2026-04-19 17:59:49] [SUCCESS] bvid=BV1r3QEBEEbT 已成功抓取全部所需数据。
[2026-04-19 17:59:52] [SUCCESS] bvid=BV1r3QEBEEkH 已成功抓取全部所需数据。
[2026-04-19 17:59:52] [ERROR] bvid=BV1r4XgBFEvZ 抓取失败：meta: 接口返回错误代码：62002，信息：稿件不可见。
{'code': 62002, 'message': '稿件不可见', 'ttl': 1}
[2026-04-19 17:59:55] [SUCCESS] bvid=BV1r5QEBjEwR 已成功抓取全部所需数据。
[2026-04-19 17:59:59] [SUCCESS] bvid=BV1r6QGBNEb8 已成功抓取全部所需数据。
[2026-04-19 18:00:03] [SUCCESS] bvid=BV1r6QGBNEcF 已成功抓取全部所需数据。
[2026-04-19 18:00:06] [SUCCESS] bvid=BV1r6QvBYEyR 已成功抓取全部所需数据。
[2026-04-19 18:00:09] [SUCCESS] bvid=BV1r9QuBZEU8 已成功抓取全部所需数据。
[2026-04-19 18:00:24] [SUCCESS] bvid=BV1rBQgBZELe 已成功抓取全部所需数据。
[2026-04-19 18:00:24] [ERROR] bvid=BV1rFDLBKENR 抓取失败：meta: 接口返回错误代码：62002，信息：稿件不可见。
{'code': 62002, 'message': '稿件不可见', 'ttl': 1}
[2026-04-19 18:00:24] [ERROR] bvid=BV1rGXPBLE6E 抓取失败：meta: 接口返回错误代码：62002，信息：稿件不可见。
{'code': 62002, 'message': '稿件不可见', 'ttl': 1}
[2026-04-19 18:00:25] [ERROR] bvid=BV1rRXLBLEgF 抓取失败：meta: 接口返回错误代码：-404，信息：啥都木有。
{'code': -404, 'message': '啥都木有', 'ttl': 1}
[2026-04-19 18:00:25] [ERROR] bvid=BV1rSDYBRE1Z 抓取失败：meta: 接口返回错误代码：62002，信息：稿件不可见。
{'code': 62002, 'message': '稿件不可见', 'ttl': 1}
[2026-04-19 18:00:28] [SUCCESS] bvid=BV1rTQjBVEip 已成功抓取全部所需数据。
[2026-04-19 18:00:31] [SUCCESS] bvid=BV1rTQjBVEx3 已成功抓取全部所需数据。
[2026-04-19 18:00:32] [ERROR] bvid=BV1rZXSB3E2k 抓取失败：meta: 接口返回错误代码：62002，信息：稿件不可见。
{'code': 62002, 'message': '稿件不可见', 'ttl': 1}
[2026-04-19 18:00:32] [ERROR] bvid=BV1rZXSB3EQe 抓取失败：meta: 接口返回错误代码：62002，信息：稿件不可见。
{'code': 62002, 'message': '稿件不可见', 'ttl': 1}
[2026-04-19 18:00:32] [ERROR] bvid=BV1rZXSB3EX8 抓取失败：meta: 接口返回错误代码：62002，信息：稿件不可见。
{'code': 62002, 'message': '稿件不可见', 'ttl': 1}
[2026-04-19 18:00:32] [ERROR] bvid=BV1rZXSB3EoG 抓取失败：meta: 接口返回错误代码：62002，信息：稿件不可见。
{'code': 62002, 'message': '稿件不可见', 'ttl': 1}
[2026-04-19 18:00:36] [SUCCESS] bvid=BV1raQbByEpc 已成功抓取全部所需数据。
[2026-04-19 18:00:39] [SUCCESS] bvid=BV1rdQuB4Eu3 已成功抓取全部所需数据。
[2026-04-19 18:00:43] [SUCCESS] bvid=BV1rgQjB3EAL 已成功抓取全部所需数据。
[2026-04-19 18:00:46] [SUCCESS] bvid=BV1rhQ7B2E1G 已成功抓取全部所需数据。
[2026-04-19 18:00:49] [SUCCESS] bvid=BV1rnDDBBEcS 已成功抓取全部所需数据。
[2026-04-19 18:00:58] [SUCCESS] bvid=BV1roQuBoEHx 已成功抓取全部所需数据。
[2026-04-19 18:01:02] [SUCCESS] bvid=BV1rqQYBoETz 已成功抓取全部所需数据。
[2026-04-19 18:01:04] [SUCCESS] bvid=BV1rqQgBbEFo 已成功抓取全部所需数据。
[2026-04-19 18:01:05] [ERROR] bvid=BV1rqXDByErR 抓取失败：meta: 接口返回错误代码：62002，信息：稿件不可见。
{'code': 62002, 'message': '稿件不可见', 'ttl': 1}
[2026-04-19 18:01:05] [ERROR] bvid=BV1rqXTBRErG 抓取失败：meta: 接口返回错误代码：62002，信息：稿件不可见。
{'code': 62002, 'message': '稿件不可见', 'ttl': 1}
[2026-04-19 18:01:14] [SUCCESS] bvid=BV1rtQ4BzEvR 已成功抓取全部所需数据。
[2026-04-19 18:01:14] [ERROR] bvid=BV1ru97BUETa 抓取失败：meta: 接口返回错误代码：62002，信息：稿件不可见。
{'code': 62002, 'message': '稿件不可见', 'ttl': 1}
[2026-04-19 18:01:18] [SUCCESS] bvid=BV1rwQGBcE7k 已成功抓取全部所需数据。
[2026-04-19 18:01:21] [SUCCESS] bvid=BV1rwQGBcEk1 已成功抓取全部所需数据。
[2026-04-19 18:01:24] [SUCCESS] bvid=BV1ryQ5BgE4o 已成功抓取全部所需数据。
[2026-04-19 18:01:27] [SUCCESS] bvid=BV1ryQ5BgERJ 已成功抓取全部所需数据。
[2026-04-19 18:01:30] [SUCCESS] bvid=BV1rzQYBxEUg 已成功抓取全部所需数据。
[2026-04-19 18:01:33] [SUCCESS] bvid=BV1s2QEBsEWH 已成功抓取全部所需数据。
[2026-04-19 18:01:36] [SUCCESS] bvid=BV1s3QeBeEej 已成功抓取全部所需数据。
[2026-04-19 18:01:37] [ERROR] bvid=BV1s8XDBJEAG 抓取失败：meta: 接口返回错误代码：62002，信息：稿件不可见。
{'code': 62002, 'message': '稿件不可见', 'ttl': 1}
[2026-04-19 18:01:37] [ERROR] bvid=BV1s8XUBrEFH 抓取失败：meta: 接口返回错误代码：62002，信息：稿件不可见。
{'code': 62002, 'message': '稿件不可见', 'ttl': 1}
[2026-04-19 18:01:40] [SUCCESS] bvid=BV1s9QwB1EUu 已成功抓取全部所需数据。
[2026-04-19 18:01:43] [SUCCESS] bvid=BV1sBQ5B5EfD 已成功抓取全部所需数据。
[2026-04-19 18:01:46] [SUCCESS] bvid=BV1sCDyBbEFz 已成功抓取全部所需数据。
[2026-04-19 18:01:47] [ERROR] bvid=BV1sDXbBxEDt 抓取失败：meta: 接口返回错误代码：62002，信息：稿件不可见。
{'code': 62002, 'message': '稿件不可见', 'ttl': 1}
[2026-04-19 18:01:50] [SUCCESS] bvid=BV1sHQ7BXE1X 已成功抓取全部所需数据。
[2026-04-19 18:01:50] [ERROR] bvid=BV1sL9jBRES3 抓取失败：meta: 接口返回错误代码：62002，信息：稿件不可见。
{'code': 62002, 'message': '稿件不可见', 'ttl': 1}
[2026-04-19 18:01:50] [ERROR] bvid=BV1sMXLBmEa8 抓取失败：meta: 接口返回错误代码：62002，信息：稿件不可见。
{'code': 62002, 'message': '稿件不可见', 'ttl': 1}
[2026-04-19 18:01:53] [SUCCESS] bvid=BV1sNQEBWEcE 已成功抓取全部所需数据。
[2026-04-19 18:01:57] [SUCCESS] bvid=BV1sPDdBREJu 已成功抓取全部所需数据。
[2026-04-19 18:01:57] [ERROR] bvid=BV1sPXPBDEeN 抓取失败：meta: 接口返回错误代码：62002，信息：稿件不可见。
{'code': 62002, 'message': '稿件不可见', 'ttl': 1}
[2026-04-19 18:01:57] [ERROR] bvid=BV1sQXbBREMz 抓取失败：meta: 接口返回错误代码：62012，信息：62012。
{'code': 62012, 'message': '62012', 'ttl': 1}
[2026-04-19 18:01:57] [ERROR] bvid=BV1sWX5BmEzc 抓取失败：meta: 接口返回错误代码：62002，信息：稿件不可见。
{'code': 62002, 'message': '稿件不可见', 'ttl': 1}
[2026-04-19 18:02:00] [SUCCESS] bvid=BV1sYQYBhEL1 已成功抓取全部所需数据。
[2026-04-19 18:02:04] [SUCCESS] bvid=BV1seQGBuE9R 已成功抓取全部所需数据。
[2026-04-19 18:02:04] [ERROR] bvid=BV1sgXKBsEw3 抓取失败：meta: 接口返回错误代码：62002，信息：稿件不可见。
{'code': 62002, 'message': '稿件不可见', 'ttl': 1}
[2026-04-19 18:02:07] [SUCCESS] bvid=BV1shQgBYEdb 已成功抓取全部所需数据。
[2026-04-19 18:02:10] [SUCCESS] bvid=BV1skQjBJEfh 已成功抓取全部所需数据。
[2026-04-19 18:02:14] [SUCCESS] bvid=BV1sqA8znEAa 已成功抓取全部所需数据。
[2026-04-19 18:02:17] [SUCCESS] bvid=BV1ssQ7BDEMz 已成功抓取全部所需数据。
[2026-04-19 18:02:20] [SUCCESS] bvid=BV1ssQ7BDEgd 已成功抓取全部所需数据。
[2026-04-19 18:02:24] [SUCCESS] bvid=BV1stQgBvE1V 已成功抓取全部所需数据。
[2026-04-19 18:02:27] [SUCCESS] bvid=BV1svQGBBEud 已成功抓取全部所需数据。
[2026-04-19 18:02:27] [ERROR] bvid=BV1sxXUB5EtG 抓取失败：meta: 接口返回错误代码：62002，信息：稿件不可见。
{'code': 62002, 'message': '稿件不可见', 'ttl': 1}
[2026-04-19 18:02:37] [SUCCESS] bvid=BV1syQEBdEx4 已成功抓取全部所需数据。
[2026-04-19 18:02:37] [WARN] 当前子任务已结束，但仍有未成功抓取的视频，已导出 remaining CSV 供继续执行。
[2026-04-19 18:02:37] [INFO] 已导出剔除成功条目后的剩余 CSV：outputs\video_data\manual_crawls\manual_crawl_meta_mode_A_20260419_155955\remaining_bvids_part_13.csv
[2026-04-19 18:02:37] 子任务结束时间：2026-04-19T18:02:37.018130
[TIMESTAMP][END] 2026-04-19T18:02:37
