[TIMESTAMP][BEGIN] 2026-04-19T16:25:33
[2026-04-19 16:25:36] 开始执行 CSV 批量抓取子任务 part_6。
[2026-04-19 16:25:36] 子任务开始时间：2026-04-19T16:25:33.789837
[2026-04-19 16:25:36] 输入文件：batch_input_6.csv
[2026-04-19 16:25:36] 输入唯一 bvid 数量：100
[2026-04-19 16:25:39] [SUCCESS] bvid=BV1LwQ7BiExJ 已成功抓取全部所需数据。
[2026-04-19 16:25:39] [ERROR] bvid=BV1LxXLBKEwy 抓取失败：meta: 接口返回错误代码：62002，信息：稿件不可见。
{'code': 62002, 'message': '稿件不可见', 'ttl': 1}
[2026-04-19 16:25:42] [SUCCESS] bvid=BV1M7Q7BxEwf 已成功抓取全部所需数据。
[2026-04-19 16:25:42] [ERROR] bvid=BV1M9XGBJEmF 抓取失败：meta: 接口返回错误代码：62012，信息：62012。
{'code': 62012, 'message': '62012', 'ttl': 1}
[2026-04-19 16:25:46] [SUCCESS] bvid=BV1MAQ3BrEEw 已成功抓取全部所需数据。
[2026-04-19 16:25:49] [SUCCESS] bvid=BV1MEQbBsEJH 已成功抓取全部所需数据。
[2026-04-19 16:25:52] [SUCCESS] bvid=BV1MEQbBsErN 已成功抓取全部所需数据。
[2026-04-19 16:25:55] [SUCCESS] bvid=BV1MLQ7BoEEg 已成功抓取全部所需数据。
[2026-04-19 16:25:58] [SUCCESS] bvid=BV1MVQLBnELY 已成功抓取全部所需数据。
[2026-04-19 16:26:02] [SUCCESS] bvid=BV1MVQLBnEyV 已成功抓取全部所需数据。
[2026-04-19 16:26:05] [SUCCESS] bvid=BV1MWQYBqEWz 已成功抓取全部所需数据。
[2026-04-19 16:26:09] [SUCCESS] bvid=BV1MWQgBuE9X 已成功抓取全部所需数据。
[2026-04-19 16:26:09] [ERROR] bvid=BV1MZXGB2EtC 抓取失败：meta: 接口返回错误代码：62002，信息：稿件不可见。
{'code': 62002, 'message': '稿件不可见', 'ttl': 1}
[2026-04-19 16:26:13] [SUCCESS] bvid=BV1MbQWBGEBV 已成功抓取全部所需数据。
[2026-04-19 16:26:16] [SUCCESS] bvid=BV1MeD9B4E8k 已成功抓取全部所需数据。
[2026-04-19 16:26:16] [ERROR] bvid=BV1MfX5B9Epe 抓取失败：meta: 接口返回错误代码：62002，信息：稿件不可见。
{'code': 62002, 'message': '稿件不可见', 'ttl': 1}
[2026-04-19 16:26:19] [SUCCESS] bvid=BV1Mg9NB8EEt 已成功抓取全部所需数据。
[2026-04-19 16:26:22] [SUCCESS] bvid=BV1MgQLBpEuL 已成功抓取全部所需数据。
[2026-04-19 16:26:25] [SUCCESS] bvid=BV1MkQuBTEuE 已成功抓取全部所需数据。
[2026-04-19 16:26:28] [SUCCESS] bvid=BV1MpQhB8EpT 已成功抓取全部所需数据。
[2026-04-19 16:26:31] [SUCCESS] bvid=BV1N4QhBoEdr 已成功抓取全部所需数据。
[2026-04-19 16:26:31] [ERROR] bvid=BV1NAXVBVEzE 抓取失败：meta: 接口返回错误代码：-404，信息：啥都木有。
{'code': -404, 'message': '啥都木有', 'ttl': 1}
[2026-04-19 16:26:34] [SUCCESS] bvid=BV1NCQtBEE3V 已成功抓取全部所需数据。
[2026-04-19 16:26:38] [SUCCESS] bvid=BV1NFQtBUEJG 已成功抓取全部所需数据。
[2026-04-19 16:26:41] [SUCCESS] bvid=BV1NJQLBjEhX 已成功抓取全部所需数据。
[2026-04-19 16:26:41] [ERROR] bvid=BV1NMXLBUE8m 抓取失败：meta: 接口返回错误代码：62002，信息：稿件不可见。
{'code': 62002, 'message': '稿件不可见', 'ttl': 1}
[2026-04-19 16:26:44] [SUCCESS] bvid=BV1NSQuBaE1K 已成功抓取全部所需数据。
[2026-04-19 16:26:45] [ERROR] bvid=BV1NTXLBEEtY 抓取失败：meta: 接口返回错误代码：-404，信息：啥都木有。
{'code': -404, 'message': '啥都木有', 'ttl': 1}
[2026-04-19 16:26:45] [ERROR] bvid=BV1NUXLBnEBn 抓取失败：meta: 接口返回错误代码：62012，信息：62012。
{'code': 62012, 'message': '62012', 'ttl': 1}
[2026-04-19 16:26:48] [SUCCESS] bvid=BV1NWQ7BHEGx 已成功抓取全部所需数据。
[2026-04-19 16:26:52] [SUCCESS] bvid=BV1NYQgBAEgA 已成功抓取全部所需数据。
[2026-04-19 16:26:55] [SUCCESS] bvid=BV1NYQvBuEzE 已成功抓取全部所需数据。
[2026-04-19 16:26:55] [ERROR] bvid=BV1NYXDBEE3Y 抓取失败：meta: 接口返回错误代码：-404，信息：啥都木有。
{'code': -404, 'message': '啥都木有', 'ttl': 1}
[2026-04-19 16:26:56] [ERROR] bvid=BV1NYXDBEEFT 抓取失败：meta: 接口返回错误代码：-404，信息：啥都木有。
{'code': -404, 'message': '啥都木有', 'ttl': 1}
[2026-04-19 16:26:59] [SUCCESS] bvid=BV1NeQGBgE3Q 已成功抓取全部所需数据。
[2026-04-19 16:26:59] [ERROR] bvid=BV1Ni9LBpERT 抓取失败：meta: 接口返回错误代码：62002，信息：稿件不可见。
{'code': 62002, 'message': '稿件不可见', 'ttl': 1}
[2026-04-19 16:27:02] [SUCCESS] bvid=BV1NiQ5B2ED6 已成功抓取全部所需数据。
[2026-04-19 16:27:06] [SUCCESS] bvid=BV1NnQ7BWEBp 已成功抓取全部所需数据。
[2026-04-19 16:27:09] [SUCCESS] bvid=BV1NnQ7BWENT 已成功抓取全部所需数据。
[2026-04-19 16:27:12] [SUCCESS] bvid=BV1No6FB1EU1 已成功抓取全部所需数据。
[2026-04-19 16:27:22] [SUCCESS] bvid=BV1NrQtBSEZr 已成功抓取全部所需数据。
[2026-04-19 16:27:25] [SUCCESS] bvid=BV1NyQ8BxEkf 已成功抓取全部所需数据。
[2026-04-19 16:27:34] [SUCCESS] bvid=BV1NyQEBoEKJ 已成功抓取全部所需数据。
[2026-04-19 16:27:38] [SUCCESS] bvid=BV1P4Q7BJEsK 已成功抓取全部所需数据。
[2026-04-19 16:27:38] [ERROR] bvid=BV1P6XuBaEWo 抓取失败：meta: 接口返回错误代码：62002，信息：稿件不可见。
{'code': 62002, 'message': '稿件不可见', 'ttl': 1}
[2026-04-19 16:27:41] [SUCCESS] bvid=BV1PBQ5BLECc 已成功抓取全部所需数据。
[2026-04-19 16:27:45] [SUCCESS] bvid=BV1PK2kBGEHg 已成功抓取全部所需数据。
[2026-04-19 16:27:45] [ERROR] bvid=BV1PSXLBSEQ4 抓取失败：meta: 接口返回错误代码：62012，信息：62012。
{'code': 62012, 'message': '62012', 'ttl': 1}
[2026-04-19 16:27:48] [SUCCESS] bvid=BV1PWQ7BHEgV 已成功抓取全部所需数据。
[2026-04-19 16:27:51] [SUCCESS] bvid=BV1PWQ7BHEtm 已成功抓取全部所需数据。
[2026-04-19 16:27:55] [SUCCESS] bvid=BV1PXQFBBE4L 已成功抓取全部所需数据。
[2026-04-19 16:27:58] [SUCCESS] bvid=BV1PYQgBAED2 已成功抓取全部所需数据。
[2026-04-19 16:27:58] [ERROR] bvid=BV1PbXNBWEhg 抓取失败：meta: 接口返回错误代码：62002，信息：稿件不可见。
{'code': 62002, 'message': '稿件不可见', 'ttl': 1}
[2026-04-19 16:27:58] [ERROR] bvid=BV1PbXNBWEnX 抓取失败：meta: 接口返回错误代码：62002，信息：稿件不可见。
{'code': 62002, 'message': '稿件不可见', 'ttl': 1}
[2026-04-19 16:27:59] [ERROR] bvid=BV1PgXLBjE5d 抓取失败：meta: 接口返回错误代码：62002，信息：稿件不可见。
{'code': 62002, 'message': '稿件不可见', 'ttl': 1}
[2026-04-19 16:27:59] [ERROR] bvid=BV1PgXLBjE7R 抓取失败：meta: 接口返回错误代码：62002，信息：稿件不可见。
{'code': 62002, 'message': '稿件不可见', 'ttl': 1}
[2026-04-19 16:27:59] [ERROR] bvid=BV1PgXLBjEzo 抓取失败：meta: 接口返回错误代码：62002，信息：稿件不可见。
{'code': 62002, 'message': '稿件不可见', 'ttl': 1}
[2026-04-19 16:28:02] [SUCCESS] bvid=BV1PmQEBREZ9 已成功抓取全部所需数据。
[2026-04-19 16:28:05] [SUCCESS] bvid=BV1PnQ4BLEUU 已成功抓取全部所需数据。
[2026-04-19 16:28:15] [SUCCESS] bvid=BV1PoQVBVEBp 已成功抓取全部所需数据。
[2026-04-19 16:28:26] [SUCCESS] bvid=BV1PpQLB5Ee4 已成功抓取全部所需数据。
[2026-04-19 16:28:29] [SUCCESS] bvid=BV1PpQbBQEZP 已成功抓取全部所需数据。
[2026-04-19 16:28:39] [SUCCESS] bvid=BV1PsQ7BDEQu 已成功抓取全部所需数据。
[2026-04-19 16:28:39] [ERROR] bvid=BV1PvX8BxEg8 抓取失败：meta: 接口返回错误代码：62012，信息：62012。
{'code': 62012, 'message': '62012', 'ttl': 1}
[2026-04-19 16:28:42] [SUCCESS] bvid=BV1PwQjBmEft 已成功抓取全部所需数据。
[2026-04-19 16:28:45] [SUCCESS] bvid=BV1PyD9BSE3r 已成功抓取全部所需数据。
[2026-04-19 16:28:49] [SUCCESS] bvid=BV1PyQtBmEE6 已成功抓取全部所需数据。
[2026-04-19 16:28:52] [SUCCESS] bvid=BV1PzQvBNEAs 已成功抓取全部所需数据。
[2026-04-19 16:28:55] [SUCCESS] bvid=BV1Q1QLBtEag 已成功抓取全部所需数据。
[2026-04-19 16:28:59] [SUCCESS] bvid=BV1Q1QLBtEu8 已成功抓取全部所需数据。
[2026-04-19 16:29:02] [SUCCESS] bvid=BV1Q5QJBKE5n 已成功抓取全部所需数据。
[2026-04-19 16:29:06] [SUCCESS] bvid=BV1Q5QJBKEv9 已成功抓取全部所需数据。
[2026-04-19 16:29:09] [SUCCESS] bvid=BV1Q6Q3BLE4U 已成功抓取全部所需数据。
[2026-04-19 16:29:12] [SUCCESS] bvid=BV1Q6QsBXERR 已成功抓取全部所需数据。
[2026-04-19 16:29:15] [SUCCESS] bvid=BV1Q8QEBKE5q 已成功抓取全部所需数据。
[2026-04-19 16:29:15] [ERROR] bvid=BV1Q8XmBQEJN 抓取失败：meta: 接口返回错误代码：62002，信息：稿件不可见。
{'code': 62002, 'message': '稿件不可见', 'ttl': 1}
[2026-04-19 16:29:15] [ERROR] bvid=BV1Q8XmBQEes 抓取失败：meta: 接口返回错误代码：62002，信息：稿件不可见。
{'code': 62002, 'message': '稿件不可见', 'ttl': 1}
[2026-04-19 16:29:18] [SUCCESS] bvid=BV1QBQ3B2EwW 已成功抓取全部所需数据。
[2026-04-19 16:29:18] [ERROR] bvid=BV1QDXGBHE7y 抓取失败：meta: 接口返回错误代码：62002，信息：稿件不可见。
{'code': 62002, 'message': '稿件不可见', 'ttl': 1}
[2026-04-19 16:29:19] [ERROR] bvid=BV1QLXzBFEVE 抓取失败：meta: 接口返回错误代码：62002，信息：稿件不可见。
{'code': 62002, 'message': '稿件不可见', 'ttl': 1}
[2026-04-19 16:29:22] [SUCCESS] bvid=BV1QNQ4BsEAk 已成功抓取全部所需数据。
[2026-04-19 16:29:25] [SUCCESS] bvid=BV1QSQbBAEex 已成功抓取全部所需数据。
[2026-04-19 16:29:35] [SUCCESS] bvid=BV1QVDsB7Emt 已成功抓取全部所需数据。
[2026-04-19 16:29:44] [SUCCESS] bvid=BV1QYQuBGE1P 已成功抓取全部所需数据。
[2026-04-19 16:29:44] [ERROR] bvid=BV1QYXSBtEio 抓取失败：meta: 接口返回错误代码：62002，信息：稿件不可见。
{'code': 62002, 'message': '稿件不可见', 'ttl': 1}
[2026-04-19 16:29:47] [SUCCESS] bvid=BV1QeQuBrEGf 已成功抓取全部所需数据。
[2026-04-19 16:29:47] [ERROR] bvid=BV1QeXfBUEzj 抓取失败：meta: 接口返回错误代码：62002，信息：稿件不可见。
{'code': 62002, 'message': '稿件不可见', 'ttl': 1}
[2026-04-19 16:29:50] [SUCCESS] bvid=BV1QgQbBfEbY 已成功抓取全部所需数据。
[2026-04-19 16:29:53] [SUCCESS] bvid=BV1QhQuBCEQQ 已成功抓取全部所需数据。
[2026-04-19 16:29:56] [SUCCESS] bvid=BV1QtQjBfED8 已成功抓取全部所需数据。
[2026-04-19 16:29:57] [ERROR] bvid=BV1QvXmBEEFX 抓取失败：meta: 接口返回错误代码：62002，信息：稿件不可见。
{'code': 62002, 'message': '稿件不可见', 'ttl': 1}
[2026-04-19 16:30:00] [SUCCESS] bvid=BV1QxQ5BpEGj 已成功抓取全部所需数据。
[2026-04-19 16:30:00] [ERROR] bvid=BV1QxX1B2EdL 抓取失败：meta: 接口返回错误代码：62002，信息：稿件不可见。
{'code': 62002, 'message': '稿件不可见', 'ttl': 1}
[2026-04-19 16:30:09] [SUCCESS] bvid=BV1QzDDBxEfL 已成功抓取全部所需数据。
[2026-04-19 16:30:13] [SUCCESS] bvid=BV1QzQpB1Ejz 已成功抓取全部所需数据。
[2026-04-19 16:30:13] [ERROR] bvid=BV1QzXKBvEcg 抓取失败：meta: 接口返回错误代码：62002，信息：稿件不可见。
{'code': 62002, 'message': '稿件不可见', 'ttl': 1}
[2026-04-19 16:30:16] [SUCCESS] bvid=BV1R4QEBME5L 已成功抓取全部所需数据。
[2026-04-19 16:30:26] [SUCCESS] bvid=BV1REDQBfEP2 已成功抓取全部所需数据。
[2026-04-19 16:30:29] [SUCCESS] bvid=BV1RMQgBEEaA 已成功抓取全部所需数据。
[2026-04-19 16:30:33] [SUCCESS] bvid=BV1RMQgBEEag 已成功抓取全部所需数据。
[2026-04-19 16:30:33] [WARN] 当前子任务已结束，但仍有未成功抓取的视频，已导出 remaining CSV 供继续执行。
[2026-04-19 16:30:33] [INFO] 已导出剔除成功条目后的剩余 CSV：outputs\video_data\manual_crawls\manual_crawl_meta_mode_A_20260419_155955\remaining_bvids_part_6.csv
[2026-04-19 16:30:33] 子任务结束时间：2026-04-19T16:30:33.090187
[TIMESTAMP][END] 2026-04-19T16:30:33
