[TIMESTAMP][BEGIN] 2026-04-15T08:19:05
[2026-04-15 08:19:08] 开始执行 CSV 批量抓取子任务 part_51。
[2026-04-15 08:19:08] 子任务开始时间：2026-04-15T08:19:05.316277
[2026-04-15 08:19:08] 输入文件：batch_input_51.csv
[2026-04-15 08:19:08] 输入唯一 bvid 数量：100
[2026-04-15 08:19:08] 为严格按 CSV 顺序判断连续失败阈值，本次任务自动将并发度从 2 调整为 1。
[2026-04-15 08:19:13] [SUCCESS] bvid=BV1GdDLBZEvX 已成功抓取全部所需数据。
[2026-04-15 08:19:19] [SUCCESS] bvid=BV1eRDLBbEie 已成功抓取全部所需数据。
[2026-04-15 08:19:24] [SUCCESS] bvid=BV1VRDLBbEru 已成功抓取全部所需数据。
[2026-04-15 08:19:36] [SUCCESS] bvid=BV19dDLBoE3r 已成功抓取全部所需数据。
[2026-04-15 08:19:41] [SUCCESS] bvid=BV15RDLBbEPU 已成功抓取全部所需数据。
[2026-04-15 08:19:47] [SUCCESS] bvid=BV1GRDLBbEdH 已成功抓取全部所需数据。
[2026-04-15 08:19:53] [SUCCESS] bvid=BV1GdDLBZE7g 已成功抓取全部所需数据。
[2026-04-15 08:19:58] [SUCCESS] bvid=BV1QdDLBoEzG 已成功抓取全部所需数据。
[2026-04-15 08:20:04] [SUCCESS] bvid=BV1GdDLBZEfx 已成功抓取全部所需数据。
[2026-04-15 08:20:10] [SUCCESS] bvid=BV15QDLBhEBx 已成功抓取全部所需数据。
[2026-04-15 08:20:15] [SUCCESS] bvid=BV1iQDLBhE8Q 已成功抓取全部所需数据。
[2026-04-15 08:20:20] [SUCCESS] bvid=BV1adDLBZE6Y 已成功抓取全部所需数据。
[2026-04-15 08:20:25] [SUCCESS] bvid=BV1LQDLBhErG 已成功抓取全部所需数据。
[2026-04-15 08:20:30] [SUCCESS] bvid=BV1dQDLB8ET4 已成功抓取全部所需数据。
[2026-04-15 08:20:35] [SUCCESS] bvid=BV1GdDLBZEZY 已成功抓取全部所需数据。
[2026-04-15 08:20:46] [SUCCESS] bvid=BV1XdDLBoEKe 已成功抓取全部所需数据。
[2026-04-15 08:20:51] [SUCCESS] bvid=BV1QdDLBoE31 已成功抓取全部所需数据。
[2026-04-15 08:20:57] [SUCCESS] bvid=BV1QdDLBoECm 已成功抓取全部所需数据。
[2026-04-15 08:21:02] [SUCCESS] bvid=BV1RQDLB8ENT 已成功抓取全部所需数据。
[2026-04-15 08:21:07] [SUCCESS] bvid=BV15QDLBhEsL 已成功抓取全部所需数据。
[2026-04-15 08:21:12] [SUCCESS] bvid=BV19QDLB8ESs 已成功抓取全部所需数据。
[2026-04-15 08:21:18] [SUCCESS] bvid=BV19QDLB8E1K 已成功抓取全部所需数据。
[2026-04-15 08:21:23] [SUCCESS] bvid=BV15QDLBhEJy 已成功抓取全部所需数据。
[2026-04-15 08:21:29] [SUCCESS] bvid=BV1RQDLB8EAr 已成功抓取全部所需数据。
[2026-04-15 08:21:34] [SUCCESS] bvid=BV1XXDLBfEvh 已成功抓取全部所需数据。
[2026-04-15 08:21:40] [SUCCESS] bvid=BV19QDLB8EUH 已成功抓取全部所需数据。
[2026-04-15 08:21:45] [SUCCESS] bvid=BV1vQDLBhEux 已成功抓取全部所需数据。
[2026-04-15 08:21:50] [SUCCESS] bvid=BV1RQDLB8ETV 已成功抓取全部所需数据。
[2026-04-15 08:21:55] [SUCCESS] bvid=BV1e9DLBFEFk 已成功抓取全部所需数据。
[2026-04-15 08:22:06] [SUCCESS] bvid=BV19XDLBfEwm 已成功抓取全部所需数据。
[2026-04-15 08:22:11] [SUCCESS] bvid=BV19XDLBfEBo 已成功抓取全部所需数据。
[2026-04-15 08:22:17] [SUCCESS] bvid=BV1dQDLB8Est 已成功抓取全部所需数据。
[2026-04-15 08:22:22] [SUCCESS] bvid=BV1V9DLBFEPW 已成功抓取全部所需数据。
[2026-04-15 08:22:34] [SUCCESS] bvid=BV19QDLB8Eoj 已成功抓取全部所需数据。
[2026-04-15 08:22:40] [SUCCESS] bvid=BV1V9DLBFEfN 已成功抓取全部所需数据。
[2026-04-15 08:22:45] [SUCCESS] bvid=BV159DLBFETZ 已成功抓取全部所需数据。
[2026-04-15 08:22:50] [SUCCESS] bvid=BV1hzDjBtEhk 已成功抓取全部所需数据。
[2026-04-15 08:22:55] [SUCCESS] bvid=BV1v9DLBFE1e 已成功抓取全部所需数据。
[2026-04-15 08:23:14] [SUCCESS] bvid=BV19XDLBfE4T 已成功抓取全部所需数据。
[2026-04-15 08:23:19] [SUCCESS] bvid=BV1AiDLBrErL 已成功抓取全部所需数据。
[2026-04-15 08:23:32] [SUCCESS] bvid=BV1RXDLBfEps 已成功抓取全部所需数据。
[2026-04-15 08:23:38] [SUCCESS] bvid=BV1j9D6BKEMB 已成功抓取全部所需数据。
[2026-04-15 08:23:49] [SUCCESS] bvid=BV1yZDrBHEvX 已成功抓取全部所需数据。
[2026-04-15 08:23:54] [SUCCESS] bvid=BV1BFDiBdEX9 已成功抓取全部所需数据。
[2026-04-15 08:23:59] [SUCCESS] bvid=BV1AiDLBrELW 已成功抓取全部所需数据。
[2026-04-15 08:24:04] [SUCCESS] bvid=BV1AiDLBrEwq 已成功抓取全部所需数据。
[2026-04-15 08:24:09] [SUCCESS] bvid=BV1ciDLBrEhH 已成功抓取全部所需数据。
[2026-04-15 08:24:14] [SUCCESS] bvid=BV1AiDLBrEgh 已成功抓取全部所需数据。
[2026-04-15 08:24:25] [SUCCESS] bvid=BV1niDLBrEfQ 已成功抓取全部所需数据。
[2026-04-15 08:24:30] [SUCCESS] bvid=BV1piDLBrEaN 已成功抓取全部所需数据。
[2026-04-15 08:24:35] [SUCCESS] bvid=BV1AiDLBrE35 已成功抓取全部所需数据。
[2026-04-15 08:24:40] [SUCCESS] bvid=BV1czDLBzE1B 已成功抓取全部所需数据。
[2026-04-15 08:24:46] [SUCCESS] bvid=BV1xo6FB1E2K 已成功抓取全部所需数据。
[2026-04-15 08:24:51] [SUCCESS] bvid=BV1ZGDhBGE7T 已成功抓取全部所需数据。
[2026-04-15 08:25:02] [SUCCESS] bvid=BV1eKDiBQEYu 已成功抓取全部所需数据。
[2026-04-15 08:25:07] [SUCCESS] bvid=BV1feDuBmEAW 已成功抓取全部所需数据。
[2026-04-15 08:25:24] [SUCCESS] bvid=BV1SZXZBVEgZ 已成功抓取全部所需数据。
[2026-04-15 08:25:35] [SUCCESS] bvid=BV1SfDLBRECv 已成功抓取全部所需数据。
[2026-04-15 08:25:40] [SUCCESS] bvid=BV1t1DjBWECm 已成功抓取全部所需数据。
[2026-04-15 08:25:45] [SUCCESS] bvid=BV1D6DjBoEJ8 已成功抓取全部所需数据。
[2026-04-15 08:25:50] [SUCCESS] bvid=BV1BxDjBTEiC 已成功抓取全部所需数据。
[2026-04-15 08:26:02] [SUCCESS] bvid=BV1QzDzBdE7h 已成功抓取全部所需数据。
[2026-04-15 08:26:14] [SUCCESS] bvid=BV1XZDLBxE3a 已成功抓取全部所需数据。
[2026-04-15 08:26:19] [SUCCESS] bvid=BV1Ch9uBaEHS 已成功抓取全部所需数据。
[2026-04-15 08:26:24] [SUCCESS] bvid=BV1zxDjBTEAA 已成功抓取全部所需数据。
[2026-04-15 08:26:36] [SUCCESS] bvid=BV1PLDzBVEdy 已成功抓取全部所需数据。
[2026-04-15 08:26:48] [SUCCESS] bvid=BV193DiBEEaP 已成功抓取全部所需数据。
[2026-04-15 08:26:53] [SUCCESS] bvid=BV1PfDrBQECL 已成功抓取全部所需数据。
[2026-04-15 08:27:05] [SUCCESS] bvid=BV16nDjB6Eew 已成功抓取全部所需数据。
[2026-04-15 08:37:11] [SUCCESS] bvid=BV18fDLBdE6s 已成功抓取全部所需数据。
[2026-04-15 08:37:16] [SUCCESS] bvid=BV1iRD6BvEmi 已成功抓取全部所需数据。
[2026-04-15 08:37:22] [SUCCESS] bvid=BV1gADzBHE6H 已成功抓取全部所需数据。
[2026-04-15 08:37:28] [SUCCESS] bvid=BV1pYDiBPE57 已成功抓取全部所需数据。
[2026-04-15 08:37:33] [SUCCESS] bvid=BV1gPDrBbEUm 已成功抓取全部所需数据。
[2026-04-15 08:37:44] [SUCCESS] bvid=BV1wBDLBgE4W 已成功抓取全部所需数据。
[2026-04-15 08:37:50] [SUCCESS] bvid=BV1rBDLBgEhV 已成功抓取全部所需数据。
[2026-04-15 08:38:01] [SUCCESS] bvid=BV1ABDLBgEFY 已成功抓取全部所需数据。
[2026-04-15 08:38:06] [SUCCESS] bvid=BV1ABDLBgEcn 已成功抓取全部所需数据。
[2026-04-15 08:38:11] [SUCCESS] bvid=BV1ABDLBgEcg 已成功抓取全部所需数据。
[2026-04-15 08:38:22] [SUCCESS] bvid=BV1pBDLBgEg9 已成功抓取全部所需数据。
[2026-04-15 08:38:27] [SUCCESS] bvid=BV1pBDLBgEbE 已成功抓取全部所需数据。
[2026-04-15 08:38:27] [ERROR] bvid=BV1HBDLBgEfj 抓取失败：stat: 接口返回错误代码：62012，信息：62012。
{'code': 62012, 'message': '62012', 'ttl': 1} | comment: 接口返回错误代码：62012，信息：62012。
{'code': 62012, 'message': '62012', 'ttl': 1}
[2026-04-15 08:38:32] [SUCCESS] bvid=BV1pBDLBgEbr 已成功抓取全部所需数据。
[2026-04-15 08:38:37] [SUCCESS] bvid=BV1wBDLBgEDB 已成功抓取全部所需数据。
[2026-04-15 08:38:43] [SUCCESS] bvid=BV1HBDLBgEib 已成功抓取全部所需数据。
[2026-04-15 08:38:48] [SUCCESS] bvid=BV1wBDLBgE8x 已成功抓取全部所需数据。
[2026-04-15 08:38:54] [SUCCESS] bvid=BV1yYDLBCEG6 已成功抓取全部所需数据。
[2026-04-15 08:39:06] [SUCCESS] bvid=BV17QD6BqEUa 已成功抓取全部所需数据。
[2026-04-15 08:39:11] [SUCCESS] bvid=BV1PYDLBCEwF 已成功抓取全部所需数据。
[2026-04-15 08:39:17] [SUCCESS] bvid=BV1AYDLBCEXN 已成功抓取全部所需数据。
[2026-04-15 08:39:22] [SUCCESS] bvid=BV1PYDLBCE4U 已成功抓取全部所需数据。
[2026-04-15 08:39:27] [SUCCESS] bvid=BV1WYDLBCE1V 已成功抓取全部所需数据。
[2026-04-15 08:39:38] [SUCCESS] bvid=BV1yYDLBCE1H 已成功抓取全部所需数据。
[2026-04-15 08:39:43] [SUCCESS] bvid=BV1CvDLBGEdJ 已成功抓取全部所需数据。
[2026-04-15 08:39:49] [SUCCESS] bvid=BV1SZXZBVEwW 已成功抓取全部所需数据。
[2026-04-15 08:39:54] [SUCCESS] bvid=BV1pvDLBGEu5 已成功抓取全部所需数据。
[2026-04-15 08:39:59] [SUCCESS] bvid=BV1HzDLBzEP5 已成功抓取全部所需数据。
[2026-04-15 08:40:04] [SUCCESS] bvid=BV1dsDvBSEtK 已成功抓取全部所需数据。
[2026-04-15 08:40:09] [SUCCESS] bvid=BV16kDLBqEMt 已成功抓取全部所需数据。
[2026-04-15 08:40:14] [SUCCESS] bvid=BV16kDLBqE8U 已成功抓取全部所需数据。
[2026-04-15 08:40:14] [WARN] 当前子任务已结束，但仍有未成功抓取的视频，已导出 remaining CSV 供继续执行。
[2026-04-15 08:40:14] [INFO] 已导出剔除成功条目后的剩余 CSV：D:\Schoolworks\Thesis\Bilibili-Datahub\outputs\video_data\manual_crawls\manual_crawl_stat_comment_20260414_214213\remaining_bvids_part_51.csv
[2026-04-15 08:40:14] 子任务结束时间：2026-04-15T08:40:14.660737
[TIMESTAMP][END] 2026-04-15T08:40:14
