[TIMESTAMP][BEGIN] 2026-04-15T06:59:43
[2026-04-15 06:59:45] 开始执行 CSV 批量抓取子任务 part_44。
[2026-04-15 06:59:45] 子任务开始时间：2026-04-15T06:59:43.517102
[2026-04-15 06:59:45] 输入文件：batch_input_44.csv
[2026-04-15 06:59:45] 输入唯一 bvid 数量：100
[2026-04-15 06:59:45] 为严格按 CSV 顺序判断连续失败阈值，本次任务自动将并发度从 2 调整为 1。
[2026-04-15 06:59:46] [ERROR] bvid=BV12pDsB3E2x 抓取失败：stat: 接口返回错误代码：62012，信息：62012。
{'code': 62012, 'message': '62012', 'ttl': 1} | comment: 接口返回错误代码：62012，信息：62012。
{'code': 62012, 'message': '62012', 'ttl': 1}
[2026-04-15 06:59:51] [SUCCESS] bvid=BV1qBDpBpEd6 已成功抓取全部所需数据。
[2026-04-15 06:59:57] [SUCCESS] bvid=BV16vDsBAEsb 已成功抓取全部所需数据。
[2026-04-15 07:00:02] [SUCCESS] bvid=BV1LwDeBmEuP 已成功抓取全部所需数据。
[2026-04-15 07:00:14] [SUCCESS] bvid=BV1uJSDBjEJE 已成功抓取全部所需数据。
[2026-04-15 07:00:19] [SUCCESS] bvid=BV1dADpBjEEZ 已成功抓取全部所需数据。
[2026-04-15 07:00:25] [SUCCESS] bvid=BV1y8DsBiEPh 已成功抓取全部所需数据。
[2026-04-15 07:00:30] [SUCCESS] bvid=BV1y8DsBiEUc 已成功抓取全部所需数据。
[2026-04-15 07:00:34] [SUCCESS] bvid=BV1eTSDBsESz 已成功抓取全部所需数据。
[2026-04-15 07:00:40] [SUCCESS] bvid=BV1CaDsBNEqs 已成功抓取全部所需数据。
[2026-04-15 07:00:51] [SUCCESS] bvid=BV114DsBBEz2 已成功抓取全部所需数据。
[2026-04-15 07:01:02] [SUCCESS] bvid=BV1N4DsBzEpC 已成功抓取全部所需数据。
[2026-04-15 07:01:07] [SUCCESS] bvid=BV1y4DsBBExk 已成功抓取全部所需数据。
[2026-04-15 07:01:19] [SUCCESS] bvid=BV1y4DsBBEQ1 已成功抓取全部所需数据。
[2026-04-15 07:01:24] [SUCCESS] bvid=BV1CbDsBTEm4 已成功抓取全部所需数据。
[2026-04-15 07:01:29] [SUCCESS] bvid=BV1G3DsBSEdR 已成功抓取全部所需数据。
[2026-04-15 07:01:34] [SUCCESS] bvid=BV1V3DsBSEgC 已成功抓取全部所需数据。
[2026-04-15 07:01:40] [SUCCESS] bvid=BV1gMDnBKE4A 已成功抓取全部所需数据。
[2026-04-15 07:01:51] [SUCCESS] bvid=BV1a3DsBSE12 已成功抓取全部所需数据。
[2026-04-15 07:01:57] [SUCCESS] bvid=BV1GgDsBnEpQ 已成功抓取全部所需数据。
[2026-04-15 07:02:02] [SUCCESS] bvid=BV1X3DsBUEPc 已成功抓取全部所需数据。
[2026-04-15 07:02:08] [SUCCESS] bvid=BV1RMDsBDEDC 已成功抓取全部所需数据。
[2026-04-15 07:02:14] [SUCCESS] bvid=BV15wDnBgEjD 已成功抓取全部所需数据。
[2026-04-15 07:02:25] [SUCCESS] bvid=BV1hcDjBsEtm 已成功抓取全部所需数据。
[2026-04-15 07:02:30] [SUCCESS] bvid=BV1RADpBjEWM 已成功抓取全部所需数据。
[2026-04-15 07:02:36] [SUCCESS] bvid=BV1vMDsBQErN 已成功抓取全部所需数据。
[2026-04-15 07:02:41] [SUCCESS] bvid=BV1GgDsBnEDw 已成功抓取全部所需数据。
[2026-04-15 07:02:46] [SUCCESS] bvid=BV19gDsBJEit 已成功抓取全部所需数据。
[2026-04-15 07:02:58] [SUCCESS] bvid=BV1g7DsB1EYr 已成功抓取全部所需数据。
[2026-04-15 07:03:09] [SUCCESS] bvid=BV1S7DsByEfi 已成功抓取全部所需数据。
[2026-04-15 07:03:14] [SUCCESS] bvid=BV1UJDsBVE9n 已成功抓取全部所需数据。
[2026-04-15 07:03:20] [SUCCESS] bvid=BV1uJDsB5E2g 已成功抓取全部所需数据。
[2026-04-15 07:03:25] [SUCCESS] bvid=BV1UJDsBVEa7 已成功抓取全部所需数据。
[2026-04-15 07:03:30] [SUCCESS] bvid=BV1UJDsBVEdE 已成功抓取全部所需数据。
[2026-04-15 07:03:36] [SUCCESS] bvid=BV1D5DsB2EL1 已成功抓取全部所需数据。
[2026-04-15 07:03:41] [SUCCESS] bvid=BV1Q5DsB2EBb 已成功抓取全部所需数据。
[2026-04-15 07:03:46] [SUCCESS] bvid=BV1vSDsBXEMV 已成功抓取全部所需数据。
[2026-04-15 07:03:46] [ERROR] bvid=BV1hjDsBjE9s 抓取失败：stat: 接口返回错误代码：62002，信息：稿件不可见。
{'code': 62002, 'message': '稿件不可见', 'ttl': 1} | comment: 接口返回错误代码：62002，信息：稿件不可见。
{'code': 62002, 'message': '稿件不可见', 'ttl': 1}
[2026-04-15 07:03:50] [SUCCESS] bvid=BV1iUDsBWEuX 已成功抓取全部所需数据。
[2026-04-15 07:03:55] [SUCCESS] bvid=BV1SjDsBLEf5 已成功抓取全部所需数据。
[2026-04-15 07:04:06] [SUCCESS] bvid=BV1eUDsBWE2k 已成功抓取全部所需数据。
[2026-04-15 07:04:12] [SUCCESS] bvid=BV1YUDsBWEoT 已成功抓取全部所需数据。
[2026-04-15 07:04:17] [SUCCESS] bvid=BV1URDpBrEqL 已成功抓取全部所需数据。
[2026-04-15 07:04:30] [SUCCESS] bvid=BV1BvDpBsEQh 已成功抓取全部所需数据。
[2026-04-15 07:04:46] [SUCCESS] bvid=BV1YSDsBXErQ 已成功抓取全部所需数据。
[2026-04-15 07:04:57] [SUCCESS] bvid=BV19SDsBXEf1 已成功抓取全部所需数据。
[2026-04-15 07:05:02] [SUCCESS] bvid=BV1AyDJBQELV 已成功抓取全部所需数据。
[2026-04-15 07:05:08] [SUCCESS] bvid=BV1kwDkBUE4r 已成功抓取全部所需数据。
[2026-04-15 07:05:13] [SUCCESS] bvid=BV1kxDnBXELZ 已成功抓取全部所需数据。
[2026-04-15 07:05:19] [SUCCESS] bvid=BV1ECDsBZE7P 已成功抓取全部所需数据。
[2026-04-15 07:05:24] [SUCCESS] bvid=BV1i2DsBREbj 已成功抓取全部所需数据。
[2026-04-15 07:05:29] [SUCCESS] bvid=BV1i2DsBdED9 已成功抓取全部所需数据。
[2026-04-15 07:05:40] [SUCCESS] bvid=BV1v2DsBREZF 已成功抓取全部所需数据。
[2026-04-15 07:05:46] [SUCCESS] bvid=BV1i2DsBREFS 已成功抓取全部所需数据。
[2026-04-15 07:05:57] [SUCCESS] bvid=BV1aXDsBDEn5 已成功抓取全部所需数据。
[2026-04-15 07:06:03] [SUCCESS] bvid=BV1QRDsBJE96 已成功抓取全部所需数据。
[2026-04-15 07:06:14] [SUCCESS] bvid=BV1hdDsBUENo 已成功抓取全部所需数据。
[2026-04-15 07:06:19] [SUCCESS] bvid=BV1XRDsBJEn5 已成功抓取全部所需数据。
[2026-04-15 07:06:24] [SUCCESS] bvid=BV1adDsBUETK 已成功抓取全部所需数据。
[2026-04-15 07:06:29] [SUCCESS] bvid=BV1adDsBUEsh 已成功抓取全部所需数据。
[2026-04-15 07:06:35] [SUCCESS] bvid=BV1adDsBUEgC 已成功抓取全部所需数据。
[2026-04-15 07:06:47] [SUCCESS] bvid=BV18dDsBUERG 已成功抓取全部所需数据。
[2026-04-15 07:06:52] [SUCCESS] bvid=BV1hdDsBUErD 已成功抓取全部所需数据。
[2026-04-15 07:06:58] [SUCCESS] bvid=BV1YQDsBHEKV 已成功抓取全部所需数据。
[2026-04-15 07:07:10] [SUCCESS] bvid=BV1YQDsBHExi 已成功抓取全部所需数据。
[2026-04-15 07:07:15] [SUCCESS] bvid=BV1eQDsBHEng 已成功抓取全部所需数据。
[2026-04-15 07:07:27] [SUCCESS] bvid=BV1eQDsBHEvH 已成功抓取全部所需数据。
[2026-04-15 07:07:32] [SUCCESS] bvid=BV1YXDsBDEqU 已成功抓取全部所需数据。
[2026-04-15 07:07:33] [ERROR] bvid=BV19XDsBDEHP 抓取失败：stat: 接口返回错误代码：62012，信息：62012。
{'code': 62012, 'message': '62012', 'ttl': 1} | comment: 接口返回错误代码：62012，信息：62012。
{'code': 62012, 'message': '62012', 'ttl': 1}
[2026-04-15 07:07:38] [SUCCESS] bvid=BV1FiDsBYEuk 已成功抓取全部所需数据。
[2026-04-15 07:07:44] [SUCCESS] bvid=BV1YXDsBDEMp 已成功抓取全部所需数据。
[2026-04-15 07:07:50] [SUCCESS] bvid=BV1rYDsBeE9a 已成功抓取全部所需数据。
[2026-04-15 07:07:55] [SUCCESS] bvid=BV1cBDsBwEMQ 已成功抓取全部所需数据。
[2026-04-15 07:08:00] [SUCCESS] bvid=BV1kYDsBeEUX 已成功抓取全部所需数据。
[2026-04-15 07:08:05] [SUCCESS] bvid=BV1rYDsBeErG 已成功抓取全部所需数据。
[2026-04-15 07:08:12] [SUCCESS] bvid=BV1rYDsBeErr 已成功抓取全部所需数据。
[2026-04-15 07:08:18] [SUCCESS] bvid=BV1wYDsBvEoe 已成功抓取全部所需数据。
[2026-04-15 07:08:23] [SUCCESS] bvid=BV1wYDsBvEoP 已成功抓取全部所需数据。
[2026-04-15 07:08:29] [SUCCESS] bvid=BV1cvDsBPEY7 已成功抓取全部所需数据。
[2026-04-15 07:08:40] [SUCCESS] bvid=BV1wvDsBPEvv 已成功抓取全部所需数据。
[2026-04-15 07:08:45] [SUCCESS] bvid=BV1wvDsBPErv 已成功抓取全部所需数据。
[2026-04-15 07:08:51] [SUCCESS] bvid=BV1BkDsBtEbs 已成功抓取全部所需数据。
[2026-04-15 07:09:02] [SUCCESS] bvid=BV1fkDsBtEhe 已成功抓取全部所需数据。
[2026-04-15 07:09:07] [SUCCESS] bvid=BV1zzDsB8Efd 已成功抓取全部所需数据。
[2026-04-15 07:09:12] [SUCCESS] bvid=BV1zzDsB8EnC 已成功抓取全部所需数据。
[2026-04-15 07:09:17] [SUCCESS] bvid=BV16zDsB8EFi 已成功抓取全部所需数据。
[2026-04-15 07:09:29] [SUCCESS] bvid=BV1zzDsB8EdB 已成功抓取全部所需数据。
[2026-04-15 07:09:34] [SUCCESS] bvid=BV1zzDsB8E3b 已成功抓取全部所需数据。
[2026-04-15 07:09:39] [SUCCESS] bvid=BV1xADWBKEEz 已成功抓取全部所需数据。
[2026-04-15 07:09:44] [SUCCESS] bvid=BV1zzDsB8EMk 已成功抓取全部所需数据。
[2026-04-15 07:09:49] [SUCCESS] bvid=BV1f6DsBfEkY 已成功抓取全部所需数据。
[2026-04-15 07:09:56] [SUCCESS] bvid=BV1z6DsBfENN 已成功抓取全部所需数据。
[2026-04-15 07:10:00] [SUCCESS] bvid=BV1UJSDBLE8p 已成功抓取全部所需数据。
[2026-04-15 07:10:05] [SUCCESS] bvid=BV1aCDEBYEMR 已成功抓取全部所需数据。
[2026-04-15 07:10:10] [SUCCESS] bvid=BV1oZDHBSE5v 已成功抓取全部所需数据。
[2026-04-15 07:10:16] [SUCCESS] bvid=BV1n9DHBWEgd 已成功抓取全部所需数据。
[2026-04-15 07:10:21] [SUCCESS] bvid=BV1f9DHBpEv1 已成功抓取全部所需数据。
[2026-04-15 07:10:27] [SUCCESS] bvid=BV1RPDpB1EYz 已成功抓取全部所需数据。
[2026-04-15 07:10:32] [SUCCESS] bvid=BV1RADpBjESJ 已成功抓取全部所需数据。
[2026-04-15 07:10:40] [SUCCESS] bvid=BV1RADpBjEmV 已成功抓取全部所需数据。
[2026-04-15 07:10:40] [WARN] 当前子任务已结束，但仍有未成功抓取的视频，已导出 remaining CSV 供继续执行。
[2026-04-15 07:10:40] [INFO] 已导出剔除成功条目后的剩余 CSV：D:\Schoolworks\Thesis\Bilibili-Datahub\outputs\video_data\manual_crawls\manual_crawl_stat_comment_20260414_214213\remaining_bvids_part_44.csv
[2026-04-15 07:10:40] 子任务结束时间：2026-04-15T07:10:40.923101
[TIMESTAMP][END] 2026-04-15T07:10:40
