[TIMESTAMP][BEGIN] 2026-04-15T10:08:50
[2026-04-15 10:08:58] 开始执行 CSV 批量抓取子任务 part_56。
[2026-04-15 10:08:58] 子任务开始时间：2026-04-15T10:08:50.450805
[2026-04-15 10:08:58] 输入文件：batch_input_56.csv
[2026-04-15 10:08:58] 输入唯一 bvid 数量：100
[2026-04-15 10:08:58] 为严格按 CSV 顺序判断连续失败阈值，本次任务自动将并发度从 2 调整为 1。
[2026-04-15 10:09:03] [SUCCESS] bvid=BV1qjDkBuE72 已成功抓取全部所需数据。
[2026-04-15 10:09:09] [SUCCESS] bvid=BV1ijDkBuEHJ 已成功抓取全部所需数据。
[2026-04-15 10:09:15] [SUCCESS] bvid=BV1qjDkBuEHP 已成功抓取全部所需数据。
[2026-04-15 10:09:21] [SUCCESS] bvid=BV1i7DkBBEwq 已成功抓取全部所需数据。
[2026-04-15 10:09:27] [SUCCESS] bvid=BV1oADiB9Eyu 已成功抓取全部所需数据。
[2026-04-15 10:09:39] [SUCCESS] bvid=BV1i7DkBBEeW 已成功抓取全部所需数据。
[2026-04-15 10:09:45] [SUCCESS] bvid=BV1ZVDkB3EDY 已成功抓取全部所需数据。
[2026-04-15 10:09:51] [SUCCESS] bvid=BV1dbDqBREbU 已成功抓取全部所需数据。
[2026-04-15 10:09:56] [SUCCESS] bvid=BV1BVDkB3ECD 已成功抓取全部所需数据。
[2026-04-15 10:10:02] [SUCCESS] bvid=BV1CfDrBDEXe 已成功抓取全部所需数据。
[2026-04-15 10:10:08] [SUCCESS] bvid=BV11ZDrBHEd1 已成功抓取全部所需数据。
[2026-04-15 10:10:14] [SUCCESS] bvid=BV1o5DkB6Eoc 已成功抓取全部所需数据。
[2026-04-15 10:10:19] [SUCCESS] bvid=BV1Z5DkB6EeQ 已成功抓取全部所需数据。
[2026-04-15 10:10:25] [SUCCESS] bvid=BV1KZDrBpEjt 已成功抓取全部所需数据。
[2026-04-15 10:10:44] [SUCCESS] bvid=BV11fDrBDEWa 已成功抓取全部所需数据。
[2026-04-15 10:10:55] [SUCCESS] bvid=BV1CfDrBDEm3 已成功抓取全部所需数据。
[2026-04-15 10:11:07] [SUCCESS] bvid=BV1xfDrBQEFp 已成功抓取全部所需数据。
[2026-04-15 10:11:13] [SUCCESS] bvid=BV1mRDrBWEcM 已成功抓取全部所需数据。
[2026-04-15 10:11:19] [SUCCESS] bvid=BV1kPDkB7Ewh 已成功抓取全部所需数据。
[2026-04-15 10:11:24] [SUCCESS] bvid=BV1mRDrBWEVH 已成功抓取全部所需数据。
[2026-04-15 10:11:31] [SUCCESS] bvid=BV1TuDzBEELP 已成功抓取全部所需数据。
[2026-04-15 10:11:36] [SUCCESS] bvid=BV1kwDkBUE4t 已成功抓取全部所需数据。
[2026-04-15 10:11:43] [SUCCESS] bvid=BV12RDrBWEYe 已成功抓取全部所需数据。
[2026-04-15 10:11:49] [SUCCESS] bvid=BV12RDrBWEHD 已成功抓取全部所需数据。
[2026-04-15 10:11:55] [SUCCESS] bvid=BV1TdDrB9EuN 已成功抓取全部所需数据。
[2026-04-15 10:12:01] [SUCCESS] bvid=BV1rUDYBxEmw 已成功抓取全部所需数据。
[2026-04-15 10:12:07] [SUCCESS] bvid=BV1kUDYBxENk 已成功抓取全部所需数据。
[2026-04-15 10:12:19] [SUCCESS] bvid=BV1mkDvBMErs 已成功抓取全部所需数据。
[2026-04-15 10:12:25] [SUCCESS] bvid=BV1cJDzB6EQ1 已成功抓取全部所需数据。
[2026-04-15 10:12:38] [SUCCESS] bvid=BV1w7DqBPEYF 已成功抓取全部所需数据。
[2026-04-15 10:12:44] [SUCCESS] bvid=BV1RCDeBUEC2 已成功抓取全部所需数据。
[2026-04-15 10:12:56] [SUCCESS] bvid=BV1QASZBgED8 已成功抓取全部所需数据。
[2026-04-15 10:13:01] [SUCCESS] bvid=BV1reDiBYEeK 已成功抓取全部所需数据。
[2026-04-15 10:13:08] [SUCCESS] bvid=BV1kPDkB7Ejo 已成功抓取全部所需数据。
[2026-04-15 10:13:14] [SUCCESS] bvid=BV1rPDkB7Eg3 已成功抓取全部所需数据。
[2026-04-15 10:13:20] [SUCCESS] bvid=BV1NdDrB9E1V 已成功抓取全部所需数据。
[2026-04-15 10:13:25] [SUCCESS] bvid=BV1pPDkBjEMu 已成功抓取全部所需数据。
[2026-04-15 10:13:30] [SUCCESS] bvid=BV1kPDkB7Ejs 已成功抓取全部所需数据。
[2026-04-15 10:23:37] [SUCCESS] bvid=BV1HNDkBmEZw 已成功抓取全部所需数据。
[2026-04-15 10:23:43] [SUCCESS] bvid=BV1JyDBBeEpk 已成功抓取全部所需数据。
[2026-04-15 10:23:48] [SUCCESS] bvid=BV1AwDkBSEdW 已成功抓取全部所需数据。
[2026-04-15 10:24:01] [SUCCESS] bvid=BV1CcDkBJE3F 已成功抓取全部所需数据。
[2026-04-15 10:24:06] [SUCCESS] bvid=BV1CwDkBUEqd 已成功抓取全部所需数据。
[2026-04-15 10:24:13] [SUCCESS] bvid=BV1wJDzB6Ea3 已成功抓取全部所需数据。
[2026-04-15 10:24:19] [SUCCESS] bvid=BV1TTDzBUEsh 已成功抓取全部所需数据。
[2026-04-15 10:24:26] [SUCCESS] bvid=BV1nJDzB6Eht 已成功抓取全部所需数据。
[2026-04-15 10:24:31] [SUCCESS] bvid=BV1cJDzB6EQ3 已成功抓取全部所需数据。
[2026-04-15 10:24:39] [SUCCESS] bvid=BV1cJDzB6EAu 已成功抓取全部所需数据。
[2026-04-15 10:24:45] [SUCCESS] bvid=BV1NLDzBVEVP 已成功抓取全部所需数据。
[2026-04-15 10:24:51] [SUCCESS] bvid=BV12kDvBMEAN 已成功抓取全部所需数据。
[2026-04-15 10:24:57] [SUCCESS] bvid=BV1f5SfBDENm 已成功抓取全部所需数据。
[2026-04-15 10:25:03] [SUCCESS] bvid=BV1PjDzBkEES 已成功抓取全部所需数据。
[2026-04-15 10:25:09] [SUCCESS] bvid=BV1AjDzBkEfa 已成功抓取全部所需数据。
[2026-04-15 10:25:15] [SUCCESS] bvid=BV1wjDzBkEbT 已成功抓取全部所需数据。
[2026-04-15 10:25:21] [SUCCESS] bvid=BV1PjDzBkE7M 已成功抓取全部所需数据。
[2026-04-15 10:25:27] [SUCCESS] bvid=BV1csDzBTET1 已成功抓取全部所需数据。
[2026-04-15 10:25:33] [SUCCESS] bvid=BV1fxDzBvExJ 已成功抓取全部所需数据。
[2026-04-15 10:25:39] [SUCCESS] bvid=BV1fxDzBvEPy 已成功抓取全部所需数据。
[2026-04-15 10:25:51] [SUCCESS] bvid=BV1FxDzBiEAE 已成功抓取全部所需数据。
[2026-04-15 10:25:56] [SUCCESS] bvid=BV1ExDzBiECe 已成功抓取全部所需数据。
[2026-04-15 10:26:03] [SUCCESS] bvid=BV1fxDzBvE5b 已成功抓取全部所需数据。
[2026-04-15 10:26:08] [SUCCESS] bvid=BV1FHDzBuE77 已成功抓取全部所需数据。
[2026-04-15 10:26:14] [SUCCESS] bvid=BV1HHDzBuEJw 已成功抓取全部所需数据。
[2026-04-15 10:26:20] [SUCCESS] bvid=BV1FHDzBuEEe 已成功抓取全部所需数据。
[2026-04-15 10:26:20] [ERROR] bvid=BV1FpDzBBEwh 抓取失败：stat: 接口返回错误代码：62002，信息：稿件不可见。
{'code': 62002, 'message': '稿件不可见', 'ttl': 1} | comment: 接口返回错误代码：62002，信息：稿件不可见。
{'code': 62002, 'message': '稿件不可见', 'ttl': 1}
[2026-04-15 10:26:27] [SUCCESS] bvid=BV1uADzBHEtW 已成功抓取全部所需数据。
[2026-04-15 10:26:33] [SUCCESS] bvid=BV1HpDzBBEjo 已成功抓取全部所需数据。
[2026-04-15 10:26:39] [SUCCESS] bvid=BV1cpDzBBEU6 已成功抓取全部所需数据。
[2026-04-15 10:26:45] [SUCCESS] bvid=BV1tTDzBUE1v 已成功抓取全部所需数据。
[2026-04-15 10:26:51] [SUCCESS] bvid=BV1DrDzBsEss 已成功抓取全部所需数据。
[2026-04-15 10:26:57] [SUCCESS] bvid=BV1BKDBB8Ewv 已成功抓取全部所需数据。
[2026-04-15 10:27:09] [SUCCESS] bvid=BV1tKDzBJEXZ 已成功抓取全部所需数据。
[2026-04-15 10:27:14] [SUCCESS] bvid=BV1TKDzBJEZz 已成功抓取全部所需数据。
[2026-04-15 10:27:20] [SUCCESS] bvid=BV1MTDzBUExu 已成功抓取全部所需数据。
[2026-04-15 10:27:26] [SUCCESS] bvid=BV15PDeBjEQp 已成功抓取全部所需数据。
[2026-04-15 10:27:33] [SUCCESS] bvid=BV1FLDvBoEgx 已成功抓取全部所需数据。
[2026-04-15 10:27:39] [SUCCESS] bvid=BV1KNDqBGELG 已成功抓取全部所需数据。
[2026-04-15 10:27:45] [SUCCESS] bvid=BV1zfDvB4EUB 已成功抓取全部所需数据。
[2026-04-15 10:27:57] [SUCCESS] bvid=BV1DaDYBTEpv 已成功抓取全部所需数据。
[2026-04-15 10:28:03] [SUCCESS] bvid=BV15b9gBQEvj 已成功抓取全部所需数据。
[2026-04-15 10:28:09] [SUCCESS] bvid=BV1gRDeB3Eos 已成功抓取全部所需数据。
[2026-04-15 10:28:15] [SUCCESS] bvid=BV1FHDqBhEGH 已成功抓取全部所需数据。
[2026-04-15 10:28:27] [SUCCESS] bvid=BV1qADiB9EA9 已成功抓取全部所需数据。
[2026-04-15 10:28:33] [SUCCESS] bvid=BV14YDhBfEmQ 已成功抓取全部所需数据。
[2026-04-15 10:28:34] [ERROR] bvid=BV1mvDhB4Eau 抓取失败：stat: 接口返回错误代码：62012，信息：62012。
{'code': 62012, 'message': '62012', 'ttl': 1} | comment: 接口返回错误代码：62012，信息：62012。
{'code': 62012, 'message': '62012', 'ttl': 1}
[2026-04-15 10:28:40] [SUCCESS] bvid=BV1pn9NBXESE 已成功抓取全部所需数据。
[2026-04-15 10:28:46] [SUCCESS] bvid=BV13ADzBHEgm 已成功抓取全部所需数据。
[2026-04-15 10:28:57] [SUCCESS] bvid=BV1NGDzBLEnD 已成功抓取全部所需数据。
[2026-04-15 10:29:04] [SUCCESS] bvid=BV1KuDzB7Eza 已成功抓取全部所需数据。
[2026-04-15 10:29:10] [SUCCESS] bvid=BV1NgDzB2EmF 已成功抓取全部所需数据。
[2026-04-15 10:29:16] [SUCCESS] bvid=BV1tuDzB7E2P 已成功抓取全部所需数据。
[2026-04-15 10:29:22] [SUCCESS] bvid=BV1zFDiBdEsm 已成功抓取全部所需数据。
[2026-04-15 10:29:28] [SUCCESS] bvid=BV1JiDiBwEXd 已成功抓取全部所需数据。
[2026-04-15 10:29:34] [SUCCESS] bvid=BV1SyDzBpEQz 已成功抓取全部所需数据。
[2026-04-15 10:29:40] [SUCCESS] bvid=BV1QrDzBsE6R 已成功抓取全部所需数据。
[2026-04-15 10:29:45] [SUCCESS] bvid=BV1U1DzBQEW2 已成功抓取全部所需数据。
[2026-04-15 10:29:52] [SUCCESS] bvid=BV1obDzBYESi 已成功抓取全部所需数据。
[2026-04-15 10:29:58] [SUCCESS] bvid=BV1GrDzBxEW7 已成功抓取全部所需数据。
[2026-04-15 10:30:03] [SUCCESS] bvid=BV12UDzBSESs 已成功抓取全部所需数据。
[2026-04-15 10:40:11] [SUCCESS] bvid=BV1UmDzBnEir 已成功抓取全部所需数据。
[2026-04-15 10:40:11] [WARN] 当前子任务已结束，但仍有未成功抓取的视频，已导出 remaining CSV 供继续执行。
[2026-04-15 10:40:11] [INFO] 已导出剔除成功条目后的剩余 CSV：D:\Schoolworks\Thesis\Bilibili-Datahub\outputs\video_data\manual_crawls\manual_crawl_stat_comment_20260414_214213\remaining_bvids_part_56.csv
[2026-04-15 10:40:11] 子任务结束时间：2026-04-15T10:40:11.670798
[TIMESTAMP][END] 2026-04-15T10:40:11
