[TIMESTAMP][BEGIN] 2026-04-15T01:12:13
[2026-04-15 01:12:16] 开始执行 CSV 批量抓取子任务 part_17。
[2026-04-15 01:12:16] 子任务开始时间：2026-04-15T01:12:13.918163
[2026-04-15 01:12:16] 输入文件：batch_input_17.csv
[2026-04-15 01:12:16] 输入唯一 bvid 数量：100
[2026-04-15 01:12:16] 为严格按 CSV 顺序判断连续失败阈值，本次任务自动将并发度从 2 调整为 1。
[2026-04-15 01:12:28] [SUCCESS] bvid=BV1fyDSBAEuE 已成功抓取全部所需数据。
[2026-04-15 01:12:33] [SUCCESS] bvid=BV1FyDSBPEzh 已成功抓取全部所需数据。
[2026-04-15 01:12:38] [SUCCESS] bvid=BV16yDSBPEda 已成功抓取全部所需数据。
[2026-04-15 01:12:44] [SUCCESS] bvid=BV1HrDSBKEpx 已成功抓取全部所需数据。
[2026-04-15 01:12:49] [SUCCESS] bvid=BV1J1DSBYEhL 已成功抓取全部所需数据。
[2026-04-15 01:13:01] [SUCCESS] bvid=BV1crDSBKEr7 已成功抓取全部所需数据。
[2026-04-15 01:13:07] [SUCCESS] bvid=BV1E1DSBYEvV 已成功抓取全部所需数据。
[2026-04-15 01:13:12] [SUCCESS] bvid=BV1crDSBKENT 已成功抓取全部所需数据。
[2026-04-15 01:13:17] [SUCCESS] bvid=BV1sgDUBBEmi 已成功抓取全部所需数据。
[2026-04-15 01:13:22] [SUCCESS] bvid=BV1FkDSBvEnW 已成功抓取全部所需数据。
[2026-04-15 01:13:27] [SUCCESS] bvid=BV1nkDSBvEqd 已成功抓取全部所需数据。
[2026-04-15 01:13:33] [SUCCESS] bvid=BV1omDSBcE1Z 已成功抓取全部所需数据。
[2026-04-15 01:13:38] [SUCCESS] bvid=BV1kJDDBuE8W 已成功抓取全部所需数据。
[2026-04-15 01:13:44] [SUCCESS] bvid=BV1oSDSBfE1w 已成功抓取全部所需数据。
[2026-04-15 01:13:49] [SUCCESS] bvid=BV1oSDSBfEWY 已成功抓取全部所需数据。
[2026-04-15 01:13:54] [SUCCESS] bvid=BV1LQDSBbECg 已成功抓取全部所需数据。
[2026-04-15 01:13:59] [SUCCESS] bvid=BV1oQDSBtEFV 已成功抓取全部所需数据。
[2026-04-15 01:14:04] [SUCCESS] bvid=BV1EmDSBwEzp 已成功抓取全部所需数据。
[2026-04-15 01:14:10] [SUCCESS] bvid=BV1eMQMB6EYY 已成功抓取全部所需数据。
[2026-04-15 01:14:29] [SUCCESS] bvid=BV1ZqD1BHE9V 已成功抓取全部所需数据。
[2026-04-15 01:14:42] [SUCCESS] bvid=BV19mD1ByEf3 已成功抓取全部所需数据。
[2026-04-15 01:14:48] [SUCCESS] bvid=BV1xm9cBmEP5 已成功抓取全部所需数据。
[2026-04-15 01:14:53] [SUCCESS] bvid=BV1omDSBcEJB 已成功抓取全部所需数据。
[2026-04-15 01:15:05] [SUCCESS] bvid=BV17mDSBwEnt 已成功抓取全部所需数据。
[2026-04-15 01:15:17] [SUCCESS] bvid=BV1dUDSB8EeR 已成功抓取全部所需数据。
[2026-04-15 01:15:22] [SUCCESS] bvid=BV1ykDyBFEzS 已成功抓取全部所需数据。
[2026-04-15 01:15:35] [SUCCESS] bvid=BV1knDDBBEkN 已成功抓取全部所需数据。
[2026-04-15 01:15:47] [SUCCESS] bvid=BV1FWDDBqE7C 已成功抓取全部所需数据。
[2026-04-15 01:15:52] [SUCCESS] bvid=BV1cnDDBzEXw 已成功抓取全部所需数据。
[2026-04-15 01:15:58] [SUCCESS] bvid=BV1cnDDBzEYt 已成功抓取全部所需数据。
[2026-04-15 01:16:10] [SUCCESS] bvid=BV1pnDDBzEuj 已成功抓取全部所需数据。
[2026-04-15 01:16:15] [SUCCESS] bvid=BV1FpDDBMESi 已成功抓取全部所需数据。
[2026-04-15 01:16:26] [SUCCESS] bvid=BV1DLDmBLEJk 已成功抓取全部所需数据。
[2026-04-15 01:16:38] [SUCCESS] bvid=BV1A7DDBrEMm 已成功抓取全部所需数据。
[2026-04-15 01:16:43] [SUCCESS] bvid=BV1C7DDB6EcG 已成功抓取全部所需数据。
[2026-04-15 01:16:55] [SUCCESS] bvid=BV1k7DDB6E1b 已成功抓取全部所需数据。
[2026-04-15 01:17:00] [SUCCESS] bvid=BV16pDDBTEQy 已成功抓取全部所需数据。
[2026-04-15 01:17:05] [SUCCESS] bvid=BV1P7DDBrELG 已成功抓取全部所需数据。
[2026-04-15 01:17:10] [SUCCESS] bvid=BV1w7DDBrEoB 已成功抓取全部所需数据。
[2026-04-15 01:17:16] [SUCCESS] bvid=BV1kJDDBuE9L 已成功抓取全部所需数据。
[2026-04-15 01:17:22] [SUCCESS] bvid=BV1wuDyBXE4x 已成功抓取全部所需数据。
[2026-04-15 01:17:26] [SUCCESS] bvid=BV1rJDDBuELc 已成功抓取全部所需数据。
[2026-04-15 01:17:38] [SUCCESS] bvid=BV1z4DDBeEn3 已成功抓取全部所需数据。
[2026-04-15 01:17:49] [SUCCESS] bvid=BV1kJDDBuEaZ 已成功抓取全部所需数据。
[2026-04-15 01:18:00] [SUCCESS] bvid=BV1iWDZBSEaR 已成功抓取全部所需数据。
[2026-04-15 01:18:06] [SUCCESS] bvid=BV1fLDvBdE1X 已成功抓取全部所需数据。
[2026-04-15 01:18:19] [SUCCESS] bvid=BV1xUQFB3EjB 已成功抓取全部所需数据。
[2026-04-15 01:18:30] [SUCCESS] bvid=BV1xUQFB3EXr 已成功抓取全部所需数据。
[2026-04-15 01:18:42] [SUCCESS] bvid=BV115DDBkEvD 已成功抓取全部所需数据。
[2026-04-15 01:18:47] [SUCCESS] bvid=BV1K9QwB1EmK 已成功抓取全部所需数据。
[2026-04-15 01:18:52] [SUCCESS] bvid=BV1xgQFBTEh5 已成功抓取全部所需数据。
[2026-04-15 01:18:58] [SUCCESS] bvid=BV1AbD1BZEco 已成功抓取全部所需数据。
[2026-04-15 01:19:04] [SUCCESS] bvid=BV1RXQcB4Eed 已成功抓取全部所需数据。
[2026-04-15 01:19:09] [SUCCESS] bvid=BV18eDyBvEKd 已成功抓取全部所需数据。
[2026-04-15 01:19:22] [SUCCESS] bvid=BV14MDDBmEr9 已成功抓取全部所需数据。
[2026-04-15 01:19:28] [SUCCESS] bvid=BV1HcQcBAEed 已成功抓取全部所需数据。
[2026-04-15 01:19:39] [SUCCESS] bvid=BV1qLDyBmExY 已成功抓取全部所需数据。
[2026-04-15 01:19:44] [SUCCESS] bvid=BV1pmDyBdEpZ 已成功抓取全部所需数据。
[2026-04-15 01:23:54] [SUCCESS] bvid=BV19jQABfEhk 已成功抓取全部所需数据。
[2026-04-15 01:24:00] [SUCCESS] bvid=BV1noD2BtE8m 已成功抓取全部所需数据。
[2026-04-15 01:24:05] [SUCCESS] bvid=BV1yGDUBKErS 已成功抓取全部所需数据。
[2026-04-15 01:24:24] [SUCCESS] bvid=BV1ZbDDBAE6P 已成功抓取全部所需数据。
[2026-04-15 01:24:30] [SUCCESS] bvid=BV1zWDDBiEbk 已成功抓取全部所需数据。
[2026-04-15 01:24:35] [SUCCESS] bvid=BV16WDDBiETG 已成功抓取全部所需数据。
[2026-04-15 01:24:42] [SUCCESS] bvid=BV1rWDDBiEjj 已成功抓取全部所需数据。
[2026-04-15 01:24:47] [SUCCESS] bvid=BV16xDDBNEWn 已成功抓取全部所需数据。
[2026-04-15 01:24:53] [SUCCESS] bvid=BV1MMDDBmEiV 已成功抓取全部所需数据。
[2026-04-15 01:25:04] [SUCCESS] bvid=BV1MNDDBSETv 已成功抓取全部所需数据。
[2026-04-15 01:25:16] [SUCCESS] bvid=BV1AbD1BZEQk 已成功抓取全部所需数据。
[2026-04-15 01:25:21] [SUCCESS] bvid=BV1tgDDBjE7y 已成功抓取全部所需数据。
[2026-04-15 01:25:27] [SUCCESS] bvid=BV1UNDDBSEBT 已成功抓取全部所需数据。
[2026-04-15 01:25:33] [SUCCESS] bvid=BV1gNDDBSEJ4 已成功抓取全部所需数据。
[2026-04-15 01:25:38] [SUCCESS] bvid=BV1SNDDBUEQM 已成功抓取全部所需数据。
[2026-04-15 01:25:44] [SUCCESS] bvid=BV1SNDDBUEsa 已成功抓取全部所需数据。
[2026-04-15 01:25:49] [SUCCESS] bvid=BV1uNDDBSEd6 已成功抓取全部所需数据。
[2026-04-15 01:25:54] [SUCCESS] bvid=BV1x5DDBCEN2 已成功抓取全部所需数据。
[2026-04-15 01:26:00] [SUCCESS] bvid=BV1NxDmBBEfb 已成功抓取全部所需数据。
[2026-04-15 01:26:05] [SUCCESS] bvid=BV1hFQwBQEdw 已成功抓取全部所需数据。
[2026-04-15 01:26:16] [SUCCESS] bvid=BV1Z6D1BJEbT 已成功抓取全部所需数据。
[2026-04-15 01:26:21] [SUCCESS] bvid=BV1yjDDB3EQn 已成功抓取全部所需数据。
[2026-04-15 01:26:33] [SUCCESS] bvid=BV1WjDDBGE3p 已成功抓取全部所需数据。
[2026-04-15 01:26:38] [SUCCESS] bvid=BV1yjDDB3EDN 已成功抓取全部所需数据。
[2026-04-15 01:26:50] [SUCCESS] bvid=BV1VVDmB2EcK 已成功抓取全部所需数据。
[2026-04-15 01:26:55] [SUCCESS] bvid=BV1yjDDB3E8V 已成功抓取全部所需数据。
[2026-04-15 01:27:00] [SUCCESS] bvid=BV1x3DDB1E8L 已成功抓取全部所需数据。
[2026-04-15 01:27:05] [SUCCESS] bvid=BV123DDByEqF 已成功抓取全部所需数据。
[2026-04-15 01:27:11] [SUCCESS] bvid=BV1T3DDB1E8E 已成功抓取全部所需数据。
[2026-04-15 01:27:17] [SUCCESS] bvid=BV1NVDDB5EWL 已成功抓取全部所需数据。
[2026-04-15 01:27:22] [SUCCESS] bvid=BV1yVDDBVEPM 已成功抓取全部所需数据。
[2026-04-15 01:27:27] [SUCCESS] bvid=BV1KVDDB5EPC 已成功抓取全部所需数据。
[2026-04-15 01:27:32] [SUCCESS] bvid=BV1KxDmBBEGw 已成功抓取全部所需数据。
[2026-04-15 01:27:37] [SUCCESS] bvid=BV1PbDmBiEpB 已成功抓取全部所需数据。
[2026-04-15 01:27:49] [SUCCESS] bvid=BV1NbDmBiEUX 已成功抓取全部所需数据。
[2026-04-15 01:27:55] [SUCCESS] bvid=BV1PhDmBNEk3 已成功抓取全部所需数据。
[2026-04-15 01:28:00] [SUCCESS] bvid=BV1AhDmBNEUC 已成功抓取全部所需数据。
[2026-04-15 01:28:05] [SUCCESS] bvid=BV1TxDmBBEYL 已成功抓取全部所需数据。
[2026-04-15 01:28:18] [SUCCESS] bvid=BV14yDZBKE51 已成功抓取全部所需数据。
[2026-04-15 01:28:24] [SUCCESS] bvid=BV1rGD2BtE2K 已成功抓取全部所需数据。
[2026-04-15 01:28:29] [SUCCESS] bvid=BV1sxDmBBESk 已成功抓取全部所需数据。
[2026-04-15 01:28:40] [SUCCESS] bvid=BV1uFDUBLEXK 已成功抓取全部所需数据。
[2026-04-15 01:28:40] [INFO] 当前 batch_crawl 已完成，所有视频均已成功抓取。
[2026-04-15 01:28:40] 子任务结束时间：2026-04-15T01:28:40.932299
[TIMESTAMP][END] 2026-04-15T01:28:40
