[TIMESTAMP][BEGIN] 2026-04-15T07:33:10
[2026-04-15 07:33:12] 开始执行 CSV 批量抓取子任务 part_47。
[2026-04-15 07:33:12] 子任务开始时间：2026-04-15T07:33:10.475221
[2026-04-15 07:33:12] 输入文件：batch_input_47.csv
[2026-04-15 07:33:12] 输入唯一 bvid 数量：100
[2026-04-15 07:33:12] 为严格按 CSV 顺序判断连续失败阈值，本次任务自动将并发度从 2 调整为 1。
[2026-04-15 07:33:24] [SUCCESS] bvid=BV1tZDpBzExB 已成功抓取全部所需数据。
[2026-04-15 07:33:24] [ERROR] bvid=BV1tFDWBMESo 抓取失败：stat: 接口返回错误代码：62002，信息：稿件不可见。
{'code': 62002, 'message': '稿件不可见', 'ttl': 1} | comment: 接口返回错误代码：62002，信息：稿件不可见。
{'code': 62002, 'message': '稿件不可见', 'ttl': 1}
[2026-04-15 07:33:29] [SUCCESS] bvid=BV14FDWBMEfS 已成功抓取全部所需数据。
[2026-04-15 07:33:30] [ERROR] bvid=BV18RDpBrEvd 抓取失败：stat: 接口返回错误代码：62002，信息：稿件不可见。
{'code': 62002, 'message': '稿件不可见', 'ttl': 1} | comment: 接口返回错误代码：62002，信息：稿件不可见。
{'code': 62002, 'message': '稿件不可见', 'ttl': 1}
[2026-04-15 07:33:40] [SUCCESS] bvid=BV1DRDpBrEVz 已成功抓取全部所需数据。
[2026-04-15 07:33:45] [SUCCESS] bvid=BV13RDpBkELF 已成功抓取全部所需数据。
[2026-04-15 07:33:50] [SUCCESS] bvid=BV1xPDWBvE7t 已成功抓取全部所需数据。
[2026-04-15 07:34:02] [SUCCESS] bvid=BV18RDpBrEZq 已成功抓取全部所需数据。
[2026-04-15 07:34:19] [SUCCESS] bvid=BV1SoDpBgEep 已成功抓取全部所需数据。
[2026-04-15 07:34:25] [SUCCESS] bvid=BV1xPDWBvEY3 已成功抓取全部所需数据。
[2026-04-15 07:34:36] [SUCCESS] bvid=BV1sKDWBPEg6 已成功抓取全部所需数据。
[2026-04-15 07:34:41] [SUCCESS] bvid=BV1xcDWBqEDm 已成功抓取全部所需数据。
[2026-04-15 07:34:41] [ERROR] bvid=BV14cDWBqEKc 抓取失败：stat: 接口返回错误代码：62002，信息：稿件不可见。
{'code': 62002, 'message': '稿件不可见', 'ttl': 1} | comment: 接口返回错误代码：62002，信息：稿件不可见。
{'code': 62002, 'message': '稿件不可见', 'ttl': 1}
[2026-04-15 07:34:46] [SUCCESS] bvid=BV1joDJBCEua 已成功抓取全部所需数据。
[2026-04-15 07:34:51] [SUCCESS] bvid=BV12EDnBtENh 已成功抓取全部所需数据。
[2026-04-15 07:34:56] [SUCCESS] bvid=BV1yEDnBtEUj 已成功抓取全部所需数据。
[2026-04-15 07:35:02] [SUCCESS] bvid=BV11EDnBtEVJ 已成功抓取全部所需数据。
[2026-04-15 07:35:08] [SUCCESS] bvid=BV11JDnBoEuP 已成功抓取全部所需数据。
[2026-04-15 07:35:19] [SUCCESS] bvid=BV1TLDnBhEnT 已成功抓取全部所需数据。
[2026-04-15 07:35:31] [SUCCESS] bvid=BV1AHDnB4EXo 已成功抓取全部所需数据。
[2026-04-15 07:35:42] [SUCCESS] bvid=BV1kxDnBXErW 已成功抓取全部所需数据。
[2026-04-15 07:35:54] [SUCCESS] bvid=BV1erDnBkE8A 已成功抓取全部所需数据。
[2026-04-15 07:36:00] [SUCCESS] bvid=BV1NHDnB4E7Y 已成功抓取全部所需数据。
[2026-04-15 07:36:05] [SUCCESS] bvid=BV1FX9MBtE4f 已成功抓取全部所需数据。
[2026-04-15 07:36:10] [SUCCESS] bvid=BV1fX9MB4EBJ 已成功抓取全部所需数据。
[2026-04-15 07:36:16] [SUCCESS] bvid=BV1g8DJBwEMj 已成功抓取全部所需数据。
[2026-04-15 07:36:29] [SUCCESS] bvid=BV11XDjBUEMF 已成功抓取全部所需数据。
[2026-04-15 07:36:34] [SUCCESS] bvid=BV1wwD7BCE7w 已成功抓取全部所需数据。
[2026-04-15 07:36:38] [SUCCESS] bvid=BV1r7DjBkEZp 已成功抓取全部所需数据。
[2026-04-15 07:36:44] [SUCCESS] bvid=BV1KeD7BDEs5 已成功抓取全部所需数据。
[2026-04-15 07:36:49] [SUCCESS] bvid=BV1sADHBtEjS 已成功抓取全部所需数据。
[2026-04-15 07:36:54] [SUCCESS] bvid=BV12SDjBDEY2 已成功抓取全部所需数据。
[2026-04-15 07:37:05] [SUCCESS] bvid=BV1ThD7BXEkB 已成功抓取全部所需数据。
[2026-04-15 07:37:16] [SUCCESS] bvid=BV1KeDJBbEZ3 已成功抓取全部所需数据。
[2026-04-15 07:37:28] [SUCCESS] bvid=BV1bhDJBhEM6 已成功抓取全部所需数据。
[2026-04-15 07:37:33] [SUCCESS] bvid=BV1PHDnB4EZu 已成功抓取全部所需数据。
[2026-04-15 07:37:44] [SUCCESS] bvid=BV11HDnBxEFy 已成功抓取全部所需数据。
[2026-04-15 07:37:50] [SUCCESS] bvid=BV1ypDnBREFK 已成功抓取全部所需数据。
[2026-04-15 07:38:01] [SUCCESS] bvid=BV1aKDnBqEJe 已成功抓取全部所需数据。
[2026-04-15 07:38:12] [SUCCESS] bvid=BV1QMDnBNEKU 已成功抓取全部所需数据。
[2026-04-15 07:38:24] [SUCCESS] bvid=BV19ADnBBExi 已成功抓取全部所需数据。
[2026-04-15 07:38:34] [SUCCESS] bvid=BV19ADnBBEbA 已成功抓取全部所需数据。
[2026-04-15 07:38:47] [SUCCESS] bvid=BV19NDnBTEcS 已成功抓取全部所需数据。
[2026-04-15 07:38:59] [SUCCESS] bvid=BV1MGDnBYEhA 已成功抓取全部所需数据。
[2026-04-15 07:39:04] [SUCCESS] bvid=BV1VNDnBMEHh 已成功抓取全部所需数据。
[2026-04-15 07:39:16] [SUCCESS] bvid=BV13YDvBLEEM 已成功抓取全部所需数据。
[2026-04-15 07:39:22] [SUCCESS] bvid=BV1m5DnBcETH 已成功抓取全部所需数据。
[2026-04-15 07:39:27] [SUCCESS] bvid=BV1guDnBvESY 已成功抓取全部所需数据。
[2026-04-15 07:39:32] [SUCCESS] bvid=BV1DuDnBeERG 已成功抓取全部所需数据。
[2026-04-15 07:39:37] [SUCCESS] bvid=BV1eCDnB3Egn 已成功抓取全部所需数据。
[2026-04-15 07:39:49] [SUCCESS] bvid=BV17MD7BBEtL 已成功抓取全部所需数据。
[2026-04-15 07:39:55] [SUCCESS] bvid=BV1i6DnBVETy 已成功抓取全部所需数据。
[2026-04-15 07:40:00] [SUCCESS] bvid=BV1vrDnBkEHM 已成功抓取全部所需数据。
[2026-04-15 07:40:06] [SUCCESS] bvid=BV1DwDjBXEPz 已成功抓取全部所需数据。
[2026-04-15 07:40:23] [SUCCESS] bvid=BV12gDjB7EGZ 已成功抓取全部所需数据。
[2026-04-15 07:40:28] [SUCCESS] bvid=BV1MSDrBZEQp 已成功抓取全部所需数据。
[2026-04-15 07:40:34] [SUCCESS] bvid=BV1H4DuBWEQY 已成功抓取全部所需数据。
[2026-04-15 07:40:39] [SUCCESS] bvid=BV1UKDEBZECH 已成功抓取全部所需数据。
[2026-04-15 07:40:51] [SUCCESS] bvid=BV1DSDnBTEYr 已成功抓取全部所需数据。
[2026-04-15 07:40:56] [SUCCESS] bvid=BV18mDnBBEkN 已成功抓取全部所需数据。
[2026-04-15 07:41:01] [SUCCESS] bvid=BV1zhDnBJEXA 已成功抓取全部所需数据。
[2026-04-15 07:41:07] [SUCCESS] bvid=BV16hDnBJEsc 已成功抓取全部所需数据。
[2026-04-15 07:41:19] [SUCCESS] bvid=BV1FaDnBSEsx 已成功抓取全部所需数据。
[2026-04-15 07:41:32] [SUCCESS] bvid=BV1qaDnBUEXk 已成功抓取全部所需数据。
[2026-04-15 07:41:32] [ERROR] bvid=BV1rtDnBHE1Y 抓取失败：stat: 接口返回错误代码：62012，信息：62012。
{'code': 62012, 'message': '62012', 'ttl': 1} | comment: 接口返回错误代码：62012，信息：62012。
{'code': 62012, 'message': '62012', 'ttl': 1}
[2026-04-15 07:41:43] [SUCCESS] bvid=BV1BvDnB2EBg 已成功抓取全部所需数据。
[2026-04-15 07:41:48] [SUCCESS] bvid=BV1CKDHBxESM 已成功抓取全部所需数据。
[2026-04-15 07:42:00] [SUCCESS] bvid=BV1wKDHB4E9w 已成功抓取全部所需数据。
[2026-04-15 07:42:06] [SUCCESS] bvid=BV1pKDHBxE2k 已成功抓取全部所需数据。
[2026-04-15 07:42:11] [SUCCESS] bvid=BV1JgDHBXEWs 已成功抓取全部所需数据。
[2026-04-15 07:42:16] [SUCCESS] bvid=BV14dDnBAE1t 已成功抓取全部所需数据。
[2026-04-15 07:42:29] [SUCCESS] bvid=BV12oDnBaEJo 已成功抓取全部所需数据。
[2026-04-15 07:42:41] [SUCCESS] bvid=BV1xcDHBfEFZ 已成功抓取全部所需数据。
[2026-04-15 07:42:52] [SUCCESS] bvid=BV1sADHBtE2F 已成功抓取全部所需数据。
[2026-04-15 07:42:57] [SUCCESS] bvid=BV1teDHBTEzc 已成功抓取全部所需数据。
[2026-04-15 07:43:03] [SUCCESS] bvid=BV1LHDHBLEUh 已成功抓取全部所需数据。
[2026-04-15 07:43:08] [SUCCESS] bvid=BV1LHDHBLEfT 已成功抓取全部所需数据。
[2026-04-15 07:43:13] [SUCCESS] bvid=BV1tUDEBFE2c 已成功抓取全部所需数据。
[2026-04-15 07:43:19] [SUCCESS] bvid=BV1utDJBYENm 已成功抓取全部所需数据。
[2026-04-15 07:43:30] [SUCCESS] bvid=BV149DEBdEpG 已成功抓取全部所需数据。
[2026-04-15 07:43:35] [SUCCESS] bvid=BV1bDDEBZEPA 已成功抓取全部所需数据。
[2026-04-15 07:43:40] [SUCCESS] bvid=BV1SSDEBbEnx 已成功抓取全部所需数据。
[2026-04-15 07:43:45] [SUCCESS] bvid=BV1Z9DJByEXr 已成功抓取全部所需数据。
[2026-04-15 07:43:50] [SUCCESS] bvid=BV1s6DJBsEeo 已成功抓取全部所需数据。
[2026-04-15 07:43:55] [SUCCESS] bvid=BV1ArDJB9EWb 已成功抓取全部所需数据。
[2026-04-15 07:44:06] [SUCCESS] bvid=BV1wCDJBpEr1 已成功抓取全部所需数据。
[2026-04-15 07:44:11] [SUCCESS] bvid=BV1KBDJBdE54 已成功抓取全部所需数据。
[2026-04-15 07:44:16] [SUCCESS] bvid=BV1FmDJBSE3a 已成功抓取全部所需数据。
[2026-04-15 07:44:21] [SUCCESS] bvid=BV1cSDJBEEwh 已成功抓取全部所需数据。
[2026-04-15 07:44:26] [SUCCESS] bvid=BV1w2DJBnEj4 已成功抓取全部所需数据。
[2026-04-15 07:44:31] [SUCCESS] bvid=BV1H2DJBnEQu 已成功抓取全部所需数据。
[2026-04-15 07:44:36] [SUCCESS] bvid=BV16PD7B3Em6 已成功抓取全部所需数据。
[2026-04-15 07:44:42] [SUCCESS] bvid=BV1HwD7BkEnk 已成功抓取全部所需数据。
[2026-04-15 07:44:47] [SUCCESS] bvid=BV1zPD7B3EQJ 已成功抓取全部所需数据。
[2026-04-15 07:44:53] [SUCCESS] bvid=BV1JPD7B3E3X 已成功抓取全部所需数据。
[2026-04-15 07:45:04] [SUCCESS] bvid=BV1kcD7BVE7U 已成功抓取全部所需数据。
[2026-04-15 07:45:16] [SUCCESS] bvid=BV1HcD7BVEaP 已成功抓取全部所需数据。
[2026-04-15 07:45:22] [SUCCESS] bvid=BV1fMD7BBEMn 已成功抓取全部所需数据。
[2026-04-15 07:45:27] [SUCCESS] bvid=BV19fD7BYExE 已成功抓取全部所需数据。
[2026-04-15 07:45:32] [SUCCESS] bvid=BV1cpDrBjEqu 已成功抓取全部所需数据。
[2026-04-15 07:45:32] [WARN] 当前子任务已结束，但仍有未成功抓取的视频，已导出 remaining CSV 供继续执行。
[2026-04-15 07:45:32] [INFO] 已导出剔除成功条目后的剩余 CSV：D:\Schoolworks\Thesis\Bilibili-Datahub\outputs\video_data\manual_crawls\manual_crawl_stat_comment_20260414_214213\remaining_bvids_part_47.csv
[2026-04-15 07:45:32] 子任务结束时间：2026-04-15T07:45:32.681320
[TIMESTAMP][END] 2026-04-15T07:45:32
