[TIMESTAMP][BEGIN] 2026-04-15T02:18:09
[2026-04-15 02:18:12] 开始执行 CSV 批量抓取子任务 part_22。
[2026-04-15 02:18:12] 子任务开始时间：2026-04-15T02:18:09.846265
[2026-04-15 02:18:12] 输入文件：batch_input_22.csv
[2026-04-15 02:18:12] 输入唯一 bvid 数量：100
[2026-04-15 02:18:12] 为严格按 CSV 顺序判断连续失败阈值，本次任务自动将并发度从 2 调整为 1。
[2026-04-15 02:18:17] [SUCCESS] bvid=BV1PUDZBYEVw 已成功抓取全部所需数据。
[2026-04-15 02:18:36] [SUCCESS] bvid=BV1vTQMB3EjB 已成功抓取全部所需数据。
[2026-04-15 02:18:41] [SUCCESS] bvid=BV168DCBJEfW 已成功抓取全部所需数据。
[2026-04-15 02:18:46] [SUCCESS] bvid=BV1PHDCBRENL 已成功抓取全部所需数据。
[2026-04-15 02:18:57] [SUCCESS] bvid=BV1NHDCBREJE 已成功抓取全部所需数据。
[2026-04-15 02:19:02] [SUCCESS] bvid=BV1c8DCBJEBq 已成功抓取全部所需数据。
[2026-04-15 02:19:13] [SUCCESS] bvid=BV1rhDCBUENZ 已成功抓取全部所需数据。
[2026-04-15 02:19:25] [SUCCESS] bvid=BV1W7DrBSEBX 已成功抓取全部所需数据。
[2026-04-15 02:19:36] [SUCCESS] bvid=BV1tnQMBaEqb 已成功抓取全部所需数据。
[2026-04-15 02:19:41] [SUCCESS] bvid=BV1PuQuBfE1u 已成功抓取全部所需数据。
[2026-04-15 02:19:53] [SUCCESS] bvid=BV1WtQMBoEoB 已成功抓取全部所需数据。
[2026-04-15 02:20:04] [SUCCESS] bvid=BV1LqQwBtExf 已成功抓取全部所需数据。
[2026-04-15 02:20:09] [SUCCESS] bvid=BV143QwB5EjL 已成功抓取全部所需数据。
[2026-04-15 02:20:15] [SUCCESS] bvid=BV191DCBMEAa 已成功抓取全部所需数据。
[2026-04-15 02:20:20] [SUCCESS] bvid=BV1riDiBwE98 已成功抓取全部所需数据。
[2026-04-15 02:20:31] [SUCCESS] bvid=BV1DSDCBvEK8 已成功抓取全部所需数据。
[2026-04-15 02:20:36] [SUCCESS] bvid=BV1bdQMBBE9p 已成功抓取全部所需数据。
[2026-04-15 02:20:41] [SUCCESS] bvid=BV1rQQTBHEQ4 已成功抓取全部所需数据。
[2026-04-15 02:20:46] [SUCCESS] bvid=BV1TSQwBEEAV 已成功抓取全部所需数据。
[2026-04-15 02:20:52] [SUCCESS] bvid=BV15CDCB6EBS 已成功抓取全部所需数据。
[2026-04-15 02:20:57] [SUCCESS] bvid=BV19MQMB6Ez2 已成功抓取全部所需数据。
[2026-04-15 02:21:03] [SUCCESS] bvid=BV1RkDCBgEoo 已成功抓取全部所需数据。
[2026-04-15 02:21:14] [SUCCESS] bvid=BV1qCQMB2EUA 已成功抓取全部所需数据。
[2026-04-15 02:21:20] [SUCCESS] bvid=BV1McSQBEE71 已成功抓取全部所需数据。
[2026-04-15 02:21:26] [SUCCESS] bvid=BV1vPQMBVEEX 已成功抓取全部所需数据。
[2026-04-15 02:21:31] [SUCCESS] bvid=BV1HrD6B5EkV 已成功抓取全部所需数据。
[2026-04-15 02:21:36] [SUCCESS] bvid=BV1ptQMBoEj2 已成功抓取全部所需数据。
[2026-04-15 02:21:41] [SUCCESS] bvid=BV1SQDCBPEbS 已成功抓取全部所需数据。
[2026-04-15 02:21:46] [SUCCESS] bvid=BV1gjQMBKEEq 已成功抓取全部所需数据。
[2026-04-15 02:21:52] [SUCCESS] bvid=BV1bdDCBaEhK 已成功抓取全部所需数据。
[2026-04-15 02:21:57] [SUCCESS] bvid=BV1r4DCBHEpb 已成功抓取全部所需数据。
[2026-04-15 02:22:02] [SUCCESS] bvid=BV1c6DfBZEcD 已成功抓取全部所需数据。
[2026-04-15 02:22:07] [SUCCESS] bvid=BV1chDCBUEw3 已成功抓取全部所需数据。
[2026-04-15 02:22:13] [SUCCESS] bvid=BV1chDCBUEbT 已成功抓取全部所需数据。
[2026-04-15 02:22:18] [SUCCESS] bvid=BV1nhDCBUEoa 已成功抓取全部所需数据。
[2026-04-15 02:22:29] [SUCCESS] bvid=BV1FtDCBDEr3 已成功抓取全部所需数据。
[2026-04-15 02:22:35] [SUCCESS] bvid=BV1AFQABrEwN 已成功抓取全部所需数据。
[2026-04-15 02:22:40] [SUCCESS] bvid=BV1c4DCBHES4 已成功抓取全部所需数据。
[2026-04-15 02:22:45] [SUCCESS] bvid=BV1c4DCBHEZW 已成功抓取全部所需数据。
[2026-04-15 02:22:50] [SUCCESS] bvid=BV1p4DCBHEgs 已成功抓取全部所需数据。
[2026-04-15 02:22:55] [SUCCESS] bvid=BV1dWQTB6EEd 已成功抓取全部所需数据。
[2026-04-15 02:23:00] [SUCCESS] bvid=BV1F6DfBZEK6 已成功抓取全部所需数据。
[2026-04-15 02:23:05] [SUCCESS] bvid=BV1YFDrBwEpT 已成功抓取全部所需数据。
[2026-04-15 02:23:10] [SUCCESS] bvid=BV1aMDCBeEpP 已成功抓取全部所需数据。
[2026-04-15 02:23:15] [SUCCESS] bvid=BV1ntDCBDE3E 已成功抓取全部所需数据。
[2026-04-15 02:23:20] [SUCCESS] bvid=BV1g3DCBaEsR 已成功抓取全部所需数据。
[2026-04-15 02:23:32] [SUCCESS] bvid=BV1wtDCBDEqg 已成功抓取全部所需数据。
[2026-04-15 02:23:37] [SUCCESS] bvid=BV1g3DCBaEWw 已成功抓取全部所需数据。
[2026-04-15 02:23:42] [SUCCESS] bvid=BV1ntDCBDEUF 已成功抓取全部所需数据。
[2026-04-15 02:23:46] [SUCCESS] bvid=BV12EDCBoE17 已成功抓取全部所需数据。
[2026-04-15 02:23:52] [SUCCESS] bvid=BV183DCBaEkC 已成功抓取全部所需数据。
[2026-04-15 02:23:57] [SUCCESS] bvid=BV1u3DCBaEHV 已成功抓取全部所需数据。
[2026-04-15 02:24:03] [SUCCESS] bvid=BV1u3DCBaEP7 已成功抓取全部所需数据。
[2026-04-15 02:24:08] [SUCCESS] bvid=BV13gDCBAE8d 已成功抓取全部所需数据。
[2026-04-15 02:24:13] [SUCCESS] bvid=BV1hMDCBeENd 已成功抓取全部所需数据。
[2026-04-15 02:24:18] [SUCCESS] bvid=BV1gMDCBeESR 已成功抓取全部所需数据。
[2026-04-15 02:24:24] [SUCCESS] bvid=BV1uVDCBcEZK 已成功抓取全部所需数据。
[2026-04-15 02:24:35] [SUCCESS] bvid=BV1gMDCBeERP 已成功抓取全部所需数据。
[2026-04-15 02:24:47] [SUCCESS] bvid=BV1aMDCBeE5f 已成功抓取全部所需数据。
[2026-04-15 02:24:58] [SUCCESS] bvid=BV1nHQwBqE1H 已成功抓取全部所需数据。
[2026-04-15 02:25:04] [SUCCESS] bvid=BV1DMDCBeEFR 已成功抓取全部所需数据。
[2026-04-15 02:25:09] [SUCCESS] bvid=BV1gMDCBeEXb 已成功抓取全部所需数据。
[2026-04-15 02:25:15] [SUCCESS] bvid=BV1gMDCBeEST 已成功抓取全部所需数据。
[2026-04-15 02:25:27] [SUCCESS] bvid=BV1K7DCBtE5b 已成功抓取全部所需数据。
[2026-04-15 02:25:39] [SUCCESS] bvid=BV1ggDCBAEGy 已成功抓取全部所需数据。
[2026-04-15 02:25:45] [SUCCESS] bvid=BV1ggDCBAEHk 已成功抓取全部所需数据。
[2026-04-15 02:25:49] [SUCCESS] bvid=BV1DgDCBAE33 已成功抓取全部所需数据。
[2026-04-15 02:25:54] [SUCCESS] bvid=BV1DgDCBAEmk 已成功抓取全部所需数据。
[2026-04-15 02:26:00] [SUCCESS] bvid=BV1DXDCBYExr 已成功抓取全部所需数据。
[2026-04-15 02:26:05] [SUCCESS] bvid=BV1BcQMBLEMo 已成功抓取全部所需数据。
[2026-04-15 02:26:10] [SUCCESS] bvid=BV1oiDCB5E6U 已成功抓取全部所需数据。
[2026-04-15 02:26:22] [SUCCESS] bvid=BV1GgQMBgE2e 已成功抓取全部所需数据。
[2026-04-15 02:26:34] [SUCCESS] bvid=BV1RCDCBzECY 已成功抓取全部所需数据。
[2026-04-15 02:26:40] [SUCCESS] bvid=BV1ugDCBAEdt 已成功抓取全部所需数据。
[2026-04-15 02:26:51] [SUCCESS] bvid=BV13gDCBAEup 已成功抓取全部所需数据。
[2026-04-15 02:27:02] [SUCCESS] bvid=BV1T7DCBtELh 已成功抓取全部所需数据。
[2026-04-15 02:27:07] [SUCCESS] bvid=BV1K7DCBtEmW 已成功抓取全部所需数据。
[2026-04-15 02:27:12] [SUCCESS] bvid=BV1C7QwBgEKq 已成功抓取全部所需数据。
[2026-04-15 02:27:17] [SUCCESS] bvid=BV1K7DCBtEf7 已成功抓取全部所需数据。
[2026-04-15 02:27:23] [SUCCESS] bvid=BV1K7DCBtEta 已成功抓取全部所需数据。
[2026-04-15 02:27:28] [SUCCESS] bvid=BV1dzDCBGEge 已成功抓取全部所需数据。
[2026-04-15 02:27:34] [SUCCESS] bvid=BV1ZeDCB1ERT 已成功抓取全部所需数据。
[2026-04-15 02:27:40] [SUCCESS] bvid=BV1KEDCBoECS 已成功抓取全部所需数据。
[2026-04-15 02:27:45] [SUCCESS] bvid=BV14EDCBoEwk 已成功抓取全部所需数据。
[2026-04-15 02:27:55] [SUCCESS] bvid=BV1qnXfBtEET 已成功抓取全部所需数据。
[2026-04-15 02:28:01] [SUCCESS] bvid=BV14EDCBoEFC 已成功抓取全部所需数据。
[2026-04-15 02:28:06] [SUCCESS] bvid=BV1KEDCBoEaB 已成功抓取全部所需数据。
[2026-04-15 02:28:12] [SUCCESS] bvid=BV1M5DCB8EzJ 已成功抓取全部所需数据。
[2026-04-15 02:28:17] [SUCCESS] bvid=BV1WVQFBNEZ9 已成功抓取全部所需数据。
[2026-04-15 02:28:28] [SUCCESS] bvid=BV1FnQFBhELG 已成功抓取全部所需数据。
[2026-04-15 02:28:34] [SUCCESS] bvid=BV1VCDCB6E8F 已成功抓取全部所需数据。
[2026-04-15 02:28:40] [SUCCESS] bvid=BV1kQQTBHE5G 已成功抓取全部所需数据。
[2026-04-15 02:28:46] [SUCCESS] bvid=BV1M5DCB8E39 已成功抓取全部所需数据。
[2026-04-15 02:28:52] [SUCCESS] bvid=BV1T5DCB8Eem 已成功抓取全部所需数据。
[2026-04-15 02:28:57] [SUCCESS] bvid=BV1t5DCB8Eo1 已成功抓取全部所需数据。
[2026-04-15 02:29:03] [SUCCESS] bvid=BV1MLDCBfEEp 已成功抓取全部所需数据。
[2026-04-15 02:29:08] [SUCCESS] bvid=BV1TLDCBfEo1 已成功抓取全部所需数据。
[2026-04-15 02:29:13] [SUCCESS] bvid=BV1ULDCBfEgF 已成功抓取全部所需数据。
[2026-04-15 02:29:24] [SUCCESS] bvid=BV1KLDCBfE4t 已成功抓取全部所需数据。
[2026-04-15 02:29:35] [SUCCESS] bvid=BV1aUDCBTEvN 已成功抓取全部所需数据。
[2026-04-15 02:29:35] [INFO] 当前 batch_crawl 已完成，所有视频均已成功抓取。
[2026-04-15 02:29:35] 子任务结束时间：2026-04-15T02:29:35.707810
[TIMESTAMP][END] 2026-04-15T02:29:35
