[TIMESTAMP][BEGIN] 2026-04-15T05:03:23
[2026-04-15 05:03:25] 开始执行 CSV 批量抓取子任务 part_34。
[2026-04-15 05:03:25] 子任务开始时间：2026-04-15T05:03:23.263450
[2026-04-15 05:03:25] 输入文件：batch_input_34.csv
[2026-04-15 05:03:25] 输入唯一 bvid 数量：100
[2026-04-15 05:03:25] 为严格按 CSV 顺序判断连续失败阈值，本次任务自动将并发度从 2 调整为 1。
[2026-04-15 05:03:42] [SUCCESS] bvid=BV19RDfB7EN2 已成功抓取全部所需数据。
[2026-04-15 05:03:48] [SUCCESS] bvid=BV1H7QFBaERe 已成功抓取全部所需数据。
[2026-04-15 05:03:53] [SUCCESS] bvid=BV1GaDZB5EL5 已成功抓取全部所需数据。
[2026-04-15 05:03:58] [SUCCESS] bvid=BV1gxSoBiEti 已成功抓取全部所需数据。
[2026-04-15 05:04:09] [SUCCESS] bvid=BV1VGQcBRE1b 已成功抓取全部所需数据。
[2026-04-15 05:04:14] [SUCCESS] bvid=BV1RMDfBUEyv 已成功抓取全部所需数据。
[2026-04-15 05:04:19] [SUCCESS] bvid=BV1MvDdBeEjA 已成功抓取全部所需数据。
[2026-04-15 05:04:37] [SUCCESS] bvid=BV1bFDZBKEDQ 已成功抓取全部所需数据。
[2026-04-15 05:04:48] [SUCCESS] bvid=BV1ZfDZBRE2g 已成功抓取全部所需数据。
[2026-04-15 05:04:59] [SUCCESS] bvid=BV12PXPBDE4a 已成功抓取全部所需数据。
[2026-04-15 05:05:11] [SUCCESS] bvid=BV1bZDoBqEne 已成功抓取全部所需数据。
[2026-04-15 05:05:17] [SUCCESS] bvid=BV1V3DfBmE11 已成功抓取全部所需数据。
[2026-04-15 05:05:22] [SUCCESS] bvid=BV1T2QFBkEaF 已成功抓取全部所需数据。
[2026-04-15 05:05:33] [SUCCESS] bvid=BV1NUDZBYEbc 已成功抓取全部所需数据。
[2026-04-15 05:05:45] [SUCCESS] bvid=BV158QFBWEQU 已成功抓取全部所需数据。
[2026-04-15 05:05:57] [SUCCESS] bvid=BV1ikDsBtEUu 已成功抓取全部所需数据。
[2026-04-15 05:06:08] [SUCCESS] bvid=BV1emDoB5EvD 已成功抓取全部所需数据。
[2026-04-15 05:06:21] [SUCCESS] bvid=BV1HADbBrEMm 已成功抓取全部所需数据。
[2026-04-15 05:06:26] [SUCCESS] bvid=BV1itQFBREqf 已成功抓取全部所需数据。
[2026-04-15 05:06:31] [SUCCESS] bvid=BV1W3QFBiEwq 已成功抓取全部所需数据。
[2026-04-15 05:06:43] [SUCCESS] bvid=BV1h89MBVE2C 已成功抓取全部所需数据。
[2026-04-15 05:06:54] [SUCCESS] bvid=BV1sUDWBvEGy 已成功抓取全部所需数据。
[2026-04-15 05:06:59] [SUCCESS] bvid=BV1DeDvBCEnR 已成功抓取全部所需数据。
[2026-04-15 05:07:11] [SUCCESS] bvid=BV1twDxByE2C 已成功抓取全部所需数据。
[2026-04-15 05:07:23] [SUCCESS] bvid=BV1MsD7BoEhE 已成功抓取全部所需数据。
[2026-04-15 05:07:28] [SUCCESS] bvid=BV1PYDLBCEzg 已成功抓取全部所需数据。
[2026-04-15 05:07:39] [SUCCESS] bvid=BV1rQDWBYEo2 已成功抓取全部所需数据。
[2026-04-15 05:07:44] [SUCCESS] bvid=BV1t1QFBVEar 已成功抓取全部所需数据。
[2026-04-15 05:07:49] [SUCCESS] bvid=BV1DaDYBTEZp 已成功抓取全部所需数据。
[2026-04-15 05:08:01] [SUCCESS] bvid=BV1SwQFBkEhe 已成功抓取全部所需数据。
[2026-04-15 05:08:05] [SUCCESS] bvid=BV1bwQFBkEiQ 已成功抓取全部所需数据。
[2026-04-15 05:08:11] [SUCCESS] bvid=BV1UwQFBkEyg 已成功抓取全部所需数据。
[2026-04-15 05:08:22] [SUCCESS] bvid=BV1bPQFB3EnT 已成功抓取全部所需数据。
[2026-04-15 05:08:27] [SUCCESS] bvid=BV1UPQFB3E1h 已成功抓取全部所需数据。
[2026-04-15 05:08:32] [SUCCESS] bvid=BV1bPQFB3EmH 已成功抓取全部所需数据。
[2026-04-15 05:08:37] [SUCCESS] bvid=BV1r5DZBdEm3 已成功抓取全部所需数据。
[2026-04-15 05:08:42] [SUCCESS] bvid=BV1hfDfByE8o 已成功抓取全部所需数据。
[2026-04-15 05:08:53] [SUCCESS] bvid=BV1hfDfByESW 已成功抓取全部所需数据。
[2026-04-15 05:08:59] [SUCCESS] bvid=BV18cQFBVE9a 已成功抓取全部所需数据。
[2026-04-15 05:09:16] [SUCCESS] bvid=BV1hcQFBVENf 已成功抓取全部所需数据。
[2026-04-15 05:09:21] [SUCCESS] bvid=BV1bcQFBVEba 已成功抓取全部所需数据。
[2026-04-15 05:09:26] [SUCCESS] bvid=BV1n6DfBZE5o 已成功抓取全部所需数据。
[2026-04-15 05:09:38] [SUCCESS] bvid=BV1VYQFBHE11 已成功抓取全部所需数据。
[2026-04-15 05:09:50] [SUCCESS] bvid=BV1B1DfBWE7E 已成功抓取全部所需数据。
[2026-04-15 05:09:56] [SUCCESS] bvid=BV1mWD4BEEXL 已成功抓取全部所需数据。
[2026-04-15 05:10:01] [SUCCESS] bvid=BV1iCDfBREdj 已成功抓取全部所需数据。
[2026-04-15 05:10:05] [SUCCESS] bvid=BV1ScQFBVES7 已成功抓取全部所需数据。
[2026-04-15 05:10:10] [SUCCESS] bvid=BV1BCDfBREqa 已成功抓取全部所需数据。
[2026-04-15 05:10:22] [SUCCESS] bvid=BV1Z1DfBWEe1 已成功抓取全部所需数据。
[2026-04-15 05:10:27] [SUCCESS] bvid=BV1q1DfBWED1 已成功抓取全部所需数据。
[2026-04-15 05:10:38] [SUCCESS] bvid=BV1ARDxBuEc4 已成功抓取全部所需数据。
[2026-04-15 05:10:49] [SUCCESS] bvid=BV1i1DfBWE5z 已成功抓取全部所需数据。
[2026-04-15 05:10:54] [SUCCESS] bvid=BV1i1DfBWEDp 已成功抓取全部所需数据。
[2026-04-15 05:10:59] [SUCCESS] bvid=BV1z6DfBoENm 已成功抓取全部所需数据。
[2026-04-15 05:11:05] [SUCCESS] bvid=BV166DfBoENc 已成功抓取全部所需数据。
[2026-04-15 05:11:10] [SUCCESS] bvid=BV1F6DfBZEpu 已成功抓取全部所需数据。
[2026-04-15 05:11:15] [SUCCESS] bvid=BV1MmDtBQEZg 已成功抓取全部所需数据。
[2026-04-15 05:11:20] [SUCCESS] bvid=BV1i2DiBsEp5 已成功抓取全部所需数据。
[2026-04-15 05:11:26] [SUCCESS] bvid=BV1GzQFBEELo 已成功抓取全部所需数据。
[2026-04-15 05:11:37] [SUCCESS] bvid=BV11KDZBwEVj 已成功抓取全部所需数据。
[2026-04-15 05:11:42] [SUCCESS] bvid=BV1e7QcBHEL2 已成功抓取全部所需数据。
[2026-04-15 05:11:47] [SUCCESS] bvid=BV15rDaBGEYR 已成功抓取全部所需数据。
[2026-04-15 05:11:59] [SUCCESS] bvid=BV142QFBkEFg 已成功抓取全部所需数据。
[2026-04-15 05:12:04] [SUCCESS] bvid=BV1BkDfBxE8B 已成功抓取全部所需数据。
[2026-04-15 05:12:09] [SUCCESS] bvid=BV1zkDfBxEsx 已成功抓取全部所需数据。
[2026-04-15 05:12:15] [SUCCESS] bvid=BV1cFDbBCE3K 已成功抓取全部所需数据。
[2026-04-15 05:12:19] [SUCCESS] bvid=BV1vSDfBDEeL 已成功抓取全部所需数据。
[2026-04-15 05:12:24] [SUCCESS] bvid=BV1vQDfBJEHe 已成功抓取全部所需数据。
[2026-04-15 05:12:29] [SUCCESS] bvid=BV19QDfBJE59 已成功抓取全部所需数据。
[2026-04-15 05:12:34] [SUCCESS] bvid=BV1eQDfBJEuM 已成功抓取全部所需数据。
[2026-04-15 05:12:39] [SUCCESS] bvid=BV1YQDfBJE7S 已成功抓取全部所需数据。
[2026-04-15 05:12:43] [SUCCESS] bvid=BV15QDfBnEgS 已成功抓取全部所需数据。
[2026-04-15 05:12:49] [SUCCESS] bvid=BV19QDfBJEqY 已成功抓取全部所需数据。
[2026-04-15 05:12:54] [SUCCESS] bvid=BV19QDfBJEWH 已成功抓取全部所需数据。
[2026-04-15 05:12:58] [SUCCESS] bvid=BV1eQDfBJEpK 已成功抓取全部所需数据。
[2026-04-15 05:13:03] [SUCCESS] bvid=BV1YQDfBJERh 已成功抓取全部所需数据。
[2026-04-15 05:13:15] [SUCCESS] bvid=BV1LQDfBnEHf 已成功抓取全部所需数据。
[2026-04-15 05:13:19] [SUCCESS] bvid=BV1i2DfBXEG9 已成功抓取全部所需数据。
[2026-04-15 05:13:31] [SUCCESS] bvid=BV172DfB9EbL 已成功抓取全部所需数据。
[2026-04-15 05:13:36] [SUCCESS] bvid=BV1N1DZBvECK 已成功抓取全部所需数据。
[2026-04-15 05:13:41] [SUCCESS] bvid=BV1i2DfBXEmg 已成功抓取全部所需数据。
[2026-04-15 05:13:46] [SUCCESS] bvid=BV1jUDfBpE2Q 已成功抓取全部所需数据。
[2026-04-15 05:13:51] [SUCCESS] bvid=BV1vUDfBpEzz 已成功抓取全部所需数据。
[2026-04-15 05:13:56] [SUCCESS] bvid=BV1LUDfBpEgv 已成功抓取全部所需数据。
[2026-04-15 05:14:07] [SUCCESS] bvid=BV1vUDfBHEpp 已成功抓取全部所需数据。
[2026-04-15 05:14:12] [SUCCESS] bvid=BV1vUDfBHES5 已成功抓取全部所需数据。
[2026-04-15 05:14:24] [SUCCESS] bvid=BV1dUDfBHEu4 已成功抓取全部所需数据。
[2026-04-15 05:14:29] [SUCCESS] bvid=BV1dUDfBHEgM 已成功抓取全部所需数据。
[2026-04-15 05:14:34] [SUCCESS] bvid=BV1vUDfBHE7W 已成功抓取全部所需数据。
[2026-04-15 05:14:45] [SUCCESS] bvid=BV1vUDfBHE7K 已成功抓取全部所需数据。
[2026-04-15 05:14:56] [SUCCESS] bvid=BV1vUDfBHESM 已成功抓取全部所需数据。
[2026-04-15 05:15:13] [SUCCESS] bvid=BV1vUDfBHESp 已成功抓取全部所需数据。
[2026-04-15 05:15:24] [SUCCESS] bvid=BV1vUDfBHEhY 已成功抓取全部所需数据。
[2026-04-15 05:15:29] [SUCCESS] bvid=BV1vUDfBHEaD 已成功抓取全部所需数据。
[2026-04-15 05:15:34] [SUCCESS] bvid=BV1LUDfBpEHz 已成功抓取全部所需数据。
[2026-04-15 05:15:45] [SUCCESS] bvid=BV1vUDfBHE5R 已成功抓取全部所需数据。
[2026-04-15 05:15:57] [SUCCESS] bvid=BV1JpQFBFEdM 已成功抓取全部所需数据。
[2026-04-15 05:16:10] [SUCCESS] bvid=BV1JHQFBfEDW 已成功抓取全部所需数据。
[2026-04-15 05:16:15] [SUCCESS] bvid=BV1EnQFB8ECc 已成功抓取全部所需数据。
[2026-04-15 05:16:26] [SUCCESS] bvid=BV1RTDfBJEiA 已成功抓取全部所需数据。
[2026-04-15 05:16:26] [INFO] 当前 batch_crawl 已完成，所有视频均已成功抓取。
[2026-04-15 05:16:26] 子任务结束时间：2026-04-15T05:16:26.908715
[TIMESTAMP][END] 2026-04-15T05:16:26
