[TIMESTAMP][BEGIN] 2026-04-15T00:14:59
[2026-04-15 00:15:01] 开始执行 CSV 批量抓取子任务 part_13。
[2026-04-15 00:15:01] 子任务开始时间：2026-04-15T00:14:59.576921
[2026-04-15 00:15:01] 输入文件：batch_input_13.csv
[2026-04-15 00:15:01] 输入唯一 bvid 数量：100
[2026-04-15 00:15:01] 为严格按 CSV 顺序判断连续失败阈值，本次任务自动将并发度从 2 调整为 1。
[2026-04-15 00:15:07] [SUCCESS] bvid=BV1KBD9B9Eyd 已成功抓取全部所需数据。
[2026-04-15 00:15:13] [SUCCESS] bvid=BV1KBD9B9E6a 已成功抓取全部所需数据。
[2026-04-15 00:15:18] [SUCCESS] bvid=BV1KBD9B9Ezq 已成功抓取全部所需数据。
[2026-04-15 00:15:24] [SUCCESS] bvid=BV1sBD9B9EUt 已成功抓取全部所需数据。
[2026-04-15 00:15:29] [SUCCESS] bvid=BV1G4D9BwEtQ 已成功抓取全部所需数据。
[2026-04-15 00:15:35] [SUCCESS] bvid=BV1NrD9BQEEw 已成功抓取全部所需数据。
[2026-04-15 00:15:41] [SUCCESS] bvid=BV1PyD9BSEFe 已成功抓取全部所需数据。
[2026-04-15 00:15:46] [SUCCESS] bvid=BV1wyD9BSEF6 已成功抓取全部所需数据。
[2026-04-15 00:15:51] [SUCCESS] bvid=BV1P6D9BpEX7 已成功抓取全部所需数据。
[2026-04-15 00:15:56] [SUCCESS] bvid=BV1N6D9BpEzz 已成功抓取全部所需数据。
[2026-04-15 00:16:08] [SUCCESS] bvid=BV1PrD9BQE55 已成功抓取全部所需数据。
[2026-04-15 00:16:14] [SUCCESS] bvid=BV1YUDpB1EBL 已成功抓取全部所需数据。
[2026-04-15 00:16:19] [SUCCESS] bvid=BV1EMDQBqEyC 已成功抓取全部所需数据。
[2026-04-15 00:16:25] [SUCCESS] bvid=BV1EoDyBSEny 已成功抓取全部所需数据。
[2026-04-15 00:16:31] [SUCCESS] bvid=BV1pfDDBkETX 已成功抓取全部所需数据。
[2026-04-15 00:16:37] [SUCCESS] bvid=BV1PrD9BQEwJ 已成功抓取全部所需数据。
[2026-04-15 00:16:42] [SUCCESS] bvid=BV1GsD9BYEub 已成功抓取全部所需数据。
[2026-04-15 00:16:54] [SUCCESS] bvid=BV1VsD9BYEwG 已成功抓取全部所需数据。
[2026-04-15 00:17:00] [SUCCESS] bvid=BV1YsD9BYE7b 已成功抓取全部所需数据。
[2026-04-15 00:17:05] [SUCCESS] bvid=BV134D9BwEJr 已成功抓取全部所需数据。
[2026-04-15 00:17:17] [SUCCESS] bvid=BV1RHD9BvE4k 已成功抓取全部所需数据。
[2026-04-15 00:17:22] [SUCCESS] bvid=BV1G4D9BwEhT 已成功抓取全部所需数据。
[2026-04-15 00:17:28] [SUCCESS] bvid=BV1G4D9BwEnQ 已成功抓取全部所需数据。
[2026-04-15 00:17:33] [SUCCESS] bvid=BV1thD9BbE9d 已成功抓取全部所需数据。
[2026-04-15 00:17:45] [SUCCESS] bvid=BV15HD9BvEec 已成功抓取全部所需数据。
[2026-04-15 00:17:51] [SUCCESS] bvid=BV15HD9BvEq5 已成功抓取全部所需数据。
[2026-04-15 00:17:57] [SUCCESS] bvid=BV15HD9BvEj9 已成功抓取全部所需数据。
[2026-04-15 00:18:03] [SUCCESS] bvid=BV1VWD9BPEKz 已成功抓取全部所需数据。
[2026-04-15 00:18:15] [SUCCESS] bvid=BV1LVDQBAEUY 已成功抓取全部所需数据。
[2026-04-15 00:18:20] [SUCCESS] bvid=BV1VWD9BPEZs 已成功抓取全部所需数据。
[2026-04-15 00:18:26] [SUCCESS] bvid=BV1uhD9BbEwD 已成功抓取全部所需数据。
[2026-04-15 00:18:32] [SUCCESS] bvid=BV1DhD9BbEiz 已成功抓取全部所需数据。
[2026-04-15 00:18:44] [SUCCESS] bvid=BV1ghD9BbEGA 已成功抓取全部所需数据。
[2026-04-15 00:18:55] [SUCCESS] bvid=BV1baD9BZE9T 已成功抓取全部所需数据。
[2026-04-15 00:19:01] [SUCCESS] bvid=BV1atD9BhENK 已成功抓取全部所需数据。
[2026-04-15 00:19:06] [SUCCESS] bvid=BV1veDDBfEnK 已成功抓取全部所需数据。
[2026-04-15 00:19:12] [SUCCESS] bvid=BV1DtD9BhEtA 已成功抓取全部所需数据。
[2026-04-15 00:19:17] [SUCCESS] bvid=BV1VEDQBfEQN 已成功抓取全部所需数据。
[2026-04-15 00:19:23] [SUCCESS] bvid=BV1h8D9BFEnk 已成功抓取全部所需数据。
[2026-04-15 00:19:28] [SUCCESS] bvid=BV1t2DDBDEL9 已成功抓取全部所需数据。
[2026-04-15 00:19:34] [SUCCESS] bvid=BV1b2DDBDEqu 已成功抓取全部所需数据。
[2026-04-15 00:19:39] [SUCCESS] bvid=BV1q8DDBaERC 已成功抓取全部所需数据。
[2026-04-15 00:19:45] [SUCCESS] bvid=BV1hkDDBWE1t 已成功抓取全部所需数据。
[2026-04-15 00:19:50] [SUCCESS] bvid=BV1hkDDBWENs 已成功抓取全部所需数据。
[2026-04-15 00:20:02] [SUCCESS] bvid=BV1hkDDBWE3u 已成功抓取全部所需数据。
[2026-04-15 00:20:07] [SUCCESS] bvid=BV1wsDCBXEqU 已成功抓取全部所需数据。
[2026-04-15 00:20:13] [SUCCESS] bvid=BV1gCDDB9Eoi 已成功抓取全部所需数据。
[2026-04-15 00:20:18] [SUCCESS] bvid=BV1BqQMBDEoH 已成功抓取全部所需数据。
[2026-04-15 00:20:24] [SUCCESS] bvid=BV1eeDDBfEi9 已成功抓取全部所需数据。
[2026-04-15 00:20:29] [SUCCESS] bvid=BV1hCDDBXEVd 已成功抓取全部所需数据。
[2026-04-15 00:20:41] [SUCCESS] bvid=BV18CDDBXEz2 已成功抓取全部所需数据。
[2026-04-15 00:20:46] [SUCCESS] bvid=BV1xQDDBEEYz 已成功抓取全部所需数据。
[2026-04-15 00:20:51] [SUCCESS] bvid=BV1KQDDBEESu 已成功抓取全部所需数据。
[2026-04-15 00:20:56] [SUCCESS] bvid=BV14QDDB7Es2 已成功抓取全部所需数据。
[2026-04-15 00:21:02] [SUCCESS] bvid=BV1tQDDB7EAn 已成功抓取全部所需数据。
[2026-04-15 00:21:07] [SUCCESS] bvid=BV1tUDDBJEFw 已成功抓取全部所需数据。
[2026-04-15 00:21:12] [SUCCESS] bvid=BV1bUDDBJEsP 已成功抓取全部所需数据。
[2026-04-15 00:21:17] [SUCCESS] bvid=BV1tQDDB7En4 已成功抓取全部所需数据。
[2026-04-15 00:21:23] [SUCCESS] bvid=BV1mQDDB7EYs 已成功抓取全部所需数据。
[2026-04-15 00:21:28] [SUCCESS] bvid=BV14QDDB7EUn 已成功抓取全部所需数据。
[2026-04-15 00:21:33] [SUCCESS] bvid=BV1xQDDB7EuB 已成功抓取全部所需数据。
[2026-04-15 00:21:38] [SUCCESS] bvid=BV12gDDBLELS 已成功抓取全部所需数据。
[2026-04-15 00:21:44] [SUCCESS] bvid=BV1TbDSB5E37 已成功抓取全部所需数据。
[2026-04-15 00:21:49] [SUCCESS] bvid=BV1fHDUBFE4h 已成功抓取全部所需数据。
[2026-04-15 00:22:01] [SUCCESS] bvid=BV1dwXvBpEF4 已成功抓取全部所需数据。
[2026-04-15 00:22:06] [SUCCESS] bvid=BV1xqDkBREgh 已成功抓取全部所需数据。
[2026-04-15 00:22:12] [SUCCESS] bvid=BV14XDDB2Exi 已成功抓取全部所需数据。
[2026-04-15 00:22:24] [SUCCESS] bvid=BV14XDDB2EVT 已成功抓取全部所需数据。
[2026-04-15 00:22:36] [SUCCESS] bvid=BV12XDDB2E2f 已成功抓取全部所需数据。
[2026-04-15 00:22:48] [SUCCESS] bvid=BV14XDDB2ELY 已成功抓取全部所需数据。
[2026-04-15 00:23:00] [SUCCESS] bvid=BV1KXDDBmEXB 已成功抓取全部所需数据。
[2026-04-15 00:23:06] [SUCCESS] bvid=BV14XDDB2Ebq 已成功抓取全部所需数据。
[2026-04-15 00:23:11] [SUCCESS] bvid=BV1mSDDBUEXV 已成功抓取全部所需数据。
[2026-04-15 00:23:16] [SUCCESS] bvid=BV1vYDDB8ELt 已成功抓取全部所需数据。
[2026-04-15 00:23:22] [SUCCESS] bvid=BV12SDDBUEJ4 已成功抓取全部所需数据。
[2026-04-15 00:23:34] [SUCCESS] bvid=BV12SDDBUEQ8 已成功抓取全部所需数据。
[2026-04-15 00:23:40] [SUCCESS] bvid=BV14SDDBUE41 已成功抓取全部所需数据。
[2026-04-15 00:23:52] [SUCCESS] bvid=BV1iaDDBcEVY 已成功抓取全部所需数据。
[2026-04-15 00:23:57] [SUCCESS] bvid=BV15vDDBFESX 已成功抓取全部所需数据。
[2026-04-15 00:24:02] [SUCCESS] bvid=BV1eeDDBfEbG 已成功抓取全部所需数据。
[2026-04-15 00:24:07] [SUCCESS] bvid=BV1eeDDBfEdV 已成功抓取全部所需数据。
[2026-04-15 00:24:20] [SUCCESS] bvid=BV1deDDBfEep 已成功抓取全部所需数据。
[2026-04-15 00:24:25] [SUCCESS] bvid=BV1j8DDBYEvs 已成功抓取全部所需数据。
[2026-04-15 00:24:31] [SUCCESS] bvid=BV178DDBYEwA 已成功抓取全部所需数据。
[2026-04-15 00:24:37] [SUCCESS] bvid=BV1q8DDBaENK 已成功抓取全部所需数据。
[2026-04-15 00:24:49] [SUCCESS] bvid=BV1qaDDBcEjj 已成功抓取全部所需数据。
[2026-04-15 00:25:00] [SUCCESS] bvid=BV1Z8DDBaE4u 已成功抓取全部所需数据。
[2026-04-15 00:25:12] [SUCCESS] bvid=BV1iaDDBcEL8 已成功抓取全部所需数据。
[2026-04-15 00:25:24] [SUCCESS] bvid=BV1azDDBxEdp 已成功抓取全部所需数据。
[2026-04-15 00:25:30] [SUCCESS] bvid=BV1iaDDBwEhh 已成功抓取全部所需数据。
[2026-04-15 00:25:35] [SUCCESS] bvid=BV1qaDDBcEYm 已成功抓取全部所需数据。
[2026-04-15 00:25:47] [SUCCESS] bvid=BV16PDQBuE8y 已成功抓取全部所需数据。
[2026-04-15 00:25:52] [SUCCESS] bvid=BV1AjDDBGEZv 已成功抓取全部所需数据。
[2026-04-15 00:26:10] [SUCCESS] bvid=BV1u4DQBWEwo 已成功抓取全部所需数据。
[2026-04-15 00:26:22] [SUCCESS] bvid=BV1EsQFBoE5q 已成功抓取全部所需数据。
[2026-04-15 00:26:28] [SUCCESS] bvid=BV19zDDBxEKE 已成功抓取全部所需数据。
[2026-04-15 00:26:40] [SUCCESS] bvid=BV1XzDDBxEQp 已成功抓取全部所需数据。
[2026-04-15 00:26:45] [SUCCESS] bvid=BV1X6DDBRETR 已成功抓取全部所需数据。
[2026-04-15 00:26:58] [SUCCESS] bvid=BV1eqDDBoEzS 已成功抓取全部所需数据。
[2026-04-15 00:27:03] [SUCCESS] bvid=BV1a6DDBREbx 已成功抓取全部所需数据。
[2026-04-15 00:27:03] [INFO] 当前 batch_crawl 已完成，所有视频均已成功抓取。
[2026-04-15 00:27:03] 子任务结束时间：2026-04-15T00:27:03.419356
[TIMESTAMP][END] 2026-04-15T00:27:03
