[TIMESTAMP][BEGIN] 2026-04-15T01:28:41
[2026-04-15 01:28:43] 开始执行 CSV 批量抓取子任务 part_18。
[2026-04-15 01:28:43] 子任务开始时间：2026-04-15T01:28:41.119613
[2026-04-15 01:28:43] 输入文件：batch_input_18.csv
[2026-04-15 01:28:43] 输入唯一 bvid 数量：100
[2026-04-15 01:28:43] 为严格按 CSV 顺序判断连续失败阈值，本次任务自动将并发度从 2 调整为 1。
[2026-04-15 01:28:49] [SUCCESS] bvid=BV1uFDUBLE2B 已成功抓取全部所需数据。
[2026-04-15 01:28:54] [SUCCESS] bvid=BV1fZSSB8E28 已成功抓取全部所需数据。
[2026-04-15 01:29:00] [SUCCESS] bvid=BV1fnQuBnE2D 已成功抓取全部所需数据。
[2026-04-15 01:29:11] [SUCCESS] bvid=BV1iVD7BNEpi 已成功抓取全部所需数据。
[2026-04-15 01:29:16] [SUCCESS] bvid=BV14nQMBaEta 已成功抓取全部所需数据。
[2026-04-15 01:29:21] [SUCCESS] bvid=BV1y7DEBnEFQ 已成功抓取全部所需数据。
[2026-04-15 01:29:33] [SUCCESS] bvid=BV1QWDkBeE9m 已成功抓取全部所需数据。
[2026-04-15 01:29:39] [SUCCESS] bvid=BV1YbD2B2E18 已成功抓取全部所需数据。
[2026-04-15 01:29:44] [SUCCESS] bvid=BV1tCD2BTEkJ 已成功抓取全部所需数据。
[2026-04-15 01:29:49] [SUCCESS] bvid=BV1wvDmBaEKx 已成功抓取全部所需数据。
[2026-04-15 01:29:53] [SUCCESS] bvid=BV1HqDmBcEuc 已成功抓取全部所需数据。
[2026-04-15 01:29:58] [SUCCESS] bvid=BV1AeDmBAEvZ 已成功抓取全部所需数据。
[2026-04-15 01:30:10] [SUCCESS] bvid=BV1WeDmBAEgN 已成功抓取全部所需数据。
[2026-04-15 01:30:16] [SUCCESS] bvid=BV1gjDmByEZn 已成功抓取全部所需数据。
[2026-04-15 01:30:21] [SUCCESS] bvid=BV1gEDmBVEjZ 已成功抓取全部所需数据。
[2026-04-15 01:30:26] [SUCCESS] bvid=BV1GVDmB2EwY 已成功抓取全部所需数据。
[2026-04-15 01:30:31] [SUCCESS] bvid=BV17ADmBWErD 已成功抓取全部所需数据。
[2026-04-15 01:30:43] [SUCCESS] bvid=BV1uJDmBkENn 已成功抓取全部所需数据。
[2026-04-15 01:30:48] [SUCCESS] bvid=BV13LDmBLE4M 已成功抓取全部所需数据。
[2026-04-15 01:30:53] [SUCCESS] bvid=BV1bpDmB6EJn 已成功抓取全部所需数据。
[2026-04-15 01:30:58] [SUCCESS] bvid=BV1MsDmBgE3S 已成功抓取全部所需数据。
[2026-04-15 01:31:02] [SUCCESS] bvid=BV14pDmB6ES3 已成功抓取全部所需数据。
[2026-04-15 01:31:07] [SUCCESS] bvid=BV1TsDmBuEmH 已成功抓取全部所需数据。
[2026-04-15 01:31:12] [SUCCESS] bvid=BV1gJDmBkEM7 已成功抓取全部所需数据。
[2026-04-15 01:31:17] [SUCCESS] bvid=BV18JDmBkEeA 已成功抓取全部所需数据。
[2026-04-15 01:31:23] [SUCCESS] bvid=BV1X9DmBEECP 已成功抓取全部所需数据。
[2026-04-15 01:31:28] [SUCCESS] bvid=BV1sKDZBwEyT 已成功抓取全部所需数据。
[2026-04-15 01:31:33] [SUCCESS] bvid=BV1aXDfBUEin 已成功抓取全部所需数据。
[2026-04-15 01:31:38] [SUCCESS] bvid=BV19DDmBnEhm 已成功抓取全部所需数据。
[2026-04-15 01:31:50] [SUCCESS] bvid=BV19aD2ByEwg 已成功抓取全部所需数据。
[2026-04-15 01:31:55] [SUCCESS] bvid=BV1QiDUBSExs 已成功抓取全部所需数据。
[2026-04-15 01:32:01] [SUCCESS] bvid=BV1DFDUB5Eii 已成功抓取全部所需数据。
[2026-04-15 01:32:06] [SUCCESS] bvid=BV1DFDUB5E8Z 已成功抓取全部所需数据。
[2026-04-15 01:32:11] [SUCCESS] bvid=BV13ZDmB2ExM 已成功抓取全部所需数据。
[2026-04-15 01:32:17] [SUCCESS] bvid=BV1ToQKBFEQk 已成功抓取全部所需数据。
[2026-04-15 01:32:22] [SUCCESS] bvid=BV1JdDyBnEdT 已成功抓取全部所需数据。
[2026-04-15 01:32:27] [SUCCESS] bvid=BV1ZkDmBoEWD 已成功抓取全部所需数据。
[2026-04-15 01:32:33] [SUCCESS] bvid=BV1cBDmB8E6a 已成功抓取全部所需数据。
[2026-04-15 01:32:38] [SUCCESS] bvid=BV1omDmBpEFe 已成功抓取全部所需数据。
[2026-04-15 01:32:49] [SUCCESS] bvid=BV1qtQFBREnC 已成功抓取全部所需数据。
[2026-04-15 01:33:01] [SUCCESS] bvid=BV1iUDmBXEsK 已成功抓取全部所需数据。
[2026-04-15 01:33:06] [SUCCESS] bvid=BV1WTDZBhEre 已成功抓取全部所需数据。
[2026-04-15 01:33:11] [SUCCESS] bvid=BV1o1DmB9EN2 已成功抓取全部所需数据。
[2026-04-15 01:33:16] [SUCCESS] bvid=BV1d1DmB9EY6 已成功抓取全部所需数据。
[2026-04-15 01:33:23] [SUCCESS] bvid=BV18FDtB9E2W 已成功抓取全部所需数据。
[2026-04-15 01:33:29] [SUCCESS] bvid=BV1FnQuBHEKk 已成功抓取全部所需数据。
[2026-04-15 01:33:34] [SUCCESS] bvid=BV1iVD7BNEB1 已成功抓取全部所需数据。
[2026-04-15 01:33:40] [SUCCESS] bvid=BV1eTQMB3E5H 已成功抓取全部所需数据。
[2026-04-15 01:33:52] [SUCCESS] bvid=BV1wGD2BbEPS 已成功抓取全部所需数据。
[2026-04-15 01:33:59] [SUCCESS] bvid=BV1WsDCBXEpt 已成功抓取全部所需数据。
[2026-04-15 01:34:10] [SUCCESS] bvid=BV1geDyBiEs1 已成功抓取全部所需数据。
[2026-04-15 01:34:23] [SUCCESS] bvid=BV1obDjBNEp7 已成功抓取全部所需数据。
[2026-04-15 01:34:35] [SUCCESS] bvid=BV1cuDyBXErq 已成功抓取全部所需数据。
[2026-04-15 01:34:40] [SUCCESS] bvid=BV1zWQFBtEih 已成功抓取全部所需数据。
[2026-04-15 01:34:46] [SUCCESS] bvid=BV1mTDUBzE38 已成功抓取全部所需数据。
[2026-04-15 01:34:57] [SUCCESS] bvid=BV1SqD2B3Eeq 已成功抓取全部所需数据。
[2026-04-15 01:35:03] [SUCCESS] bvid=BV1bkDUB1Efi 已成功抓取全部所需数据。
[2026-04-15 01:35:08] [SUCCESS] bvid=BV1yDDUBgERg 已成功抓取全部所需数据。
[2026-04-15 01:35:15] [SUCCESS] bvid=BV19SD1BVEDs 已成功抓取全部所需数据。
[2026-04-15 01:35:20] [SUCCESS] bvid=BV1DdD1BuEYf 已成功抓取全部所需数据。
[2026-04-15 01:35:26] [SUCCESS] bvid=BV1ZrD1BUEFB 已成功抓取全部所需数据。
[2026-04-15 01:35:39] [SUCCESS] bvid=BV1FLD2B4EEy 已成功抓取全部所需数据。
[2026-04-15 01:35:44] [SUCCESS] bvid=BV11ND2BAEgX 已成功抓取全部所需数据。
[2026-04-15 01:35:50] [SUCCESS] bvid=BV12CD2BTEQR 已成功抓取全部所需数据。
[2026-04-15 01:36:01] [SUCCESS] bvid=BV1YeD2BVEcJ 已成功抓取全部所需数据。
[2026-04-15 01:36:07] [SUCCESS] bvid=BV1egDmBUERt 已成功抓取全部所需数据。
[2026-04-15 01:36:13] [SUCCESS] bvid=BV1LKDmBHEtm 已成功抓取全部所需数据。
[2026-04-15 01:36:24] [SUCCESS] bvid=BV13GDmB7EU5 已成功抓取全部所需数据。
[2026-04-15 01:36:29] [SUCCESS] bvid=BV1JFDmBxE76 已成功抓取全部所需数据。
[2026-04-15 01:36:35] [SUCCESS] bvid=BV17FDmBxEve 已成功抓取全部所需数据。
[2026-04-15 01:36:53] [SUCCESS] bvid=BV1pdD2BFEcZ 已成功抓取全部所需数据。
[2026-04-15 01:36:58] [SUCCESS] bvid=BV1noD2BtE17 已成功抓取全部所需数据。
[2026-04-15 01:37:03] [SUCCESS] bvid=BV16oD2BtEMp 已成功抓取全部所需数据。
[2026-04-15 01:37:08] [SUCCESS] bvid=BV16GDyBSE1N 已成功抓取全部所需数据。
[2026-04-15 01:37:20] [SUCCESS] bvid=BV1kuDyBQE5N 已成功抓取全部所需数据。
[2026-04-15 01:37:25] [SUCCESS] bvid=BV1H3DyBHEPm 已成功抓取全部所需数据。
[2026-04-15 01:37:30] [SUCCESS] bvid=BV1H3DyBHE7f 已成功抓取全部所需数据。
[2026-04-15 01:37:36] [SUCCESS] bvid=BV1qEDyB1E2L 已成功抓取全部所需数据。
[2026-04-15 01:37:41] [SUCCESS] bvid=BV1inDyB5EUt 已成功抓取全部所需数据。
[2026-04-15 01:37:46] [SUCCESS] bvid=BV12FDyBZEbK 已成功抓取全部所需数据。
[2026-04-15 01:37:51] [SUCCESS] bvid=BV1mZDCBFErQ 已成功抓取全部所需数据。
[2026-04-15 01:37:56] [SUCCESS] bvid=BV1yADyBdExg 已成功抓取全部所需数据。
[2026-04-15 01:38:01] [SUCCESS] bvid=BV1pKDyBRE3V 已成功抓取全部所需数据。
[2026-04-15 01:38:06] [SUCCESS] bvid=BV1kMDyBpEjk 已成功抓取全部所需数据。
[2026-04-15 01:38:12] [SUCCESS] bvid=BV1pMDyBWESW 已成功抓取全部所需数据。
[2026-04-15 01:38:18] [SUCCESS] bvid=BV11ADyBdELh 已成功抓取全部所需数据。
[2026-04-15 01:38:23] [SUCCESS] bvid=BV14qDyBYEDT 已成功抓取全部所需数据。
[2026-04-15 01:38:28] [SUCCESS] bvid=BV1NADyBoEnP 已成功抓取全部所需数据。
[2026-04-15 01:38:34] [SUCCESS] bvid=BV1CADyBdEBR 已成功抓取全部所需数据。
[2026-04-15 01:38:40] [SUCCESS] bvid=BV1UqDyBYEnH 已成功抓取全部所需数据。
[2026-04-15 01:38:45] [SUCCESS] bvid=BV1RMD1BGEgL 已成功抓取全部所需数据。
[2026-04-15 01:38:50] [SUCCESS] bvid=BV1k8QMBxEb9 已成功抓取全部所需数据。
[2026-04-15 01:38:55] [SUCCESS] bvid=BV1xZDrBnE3G 已成功抓取全部所需数据。
[2026-04-15 01:39:02] [SUCCESS] bvid=BV1UzDyBwEnD 已成功抓取全部所需数据。
[2026-04-15 01:39:07] [SUCCESS] bvid=BV14qDyBYE9X 已成功抓取全部所需数据。
[2026-04-15 01:39:12] [SUCCESS] bvid=BV12zDyBwE6T 已成功抓取全部所需数据。
[2026-04-15 01:39:24] [SUCCESS] bvid=BV1teDyBvE2A 已成功抓取全部所需数据。
[2026-04-15 01:39:29] [SUCCESS] bvid=BV18eDyBvEKh 已成功抓取全部所需数据。
[2026-04-15 01:39:34] [SUCCESS] bvid=BV1heDyBvEcV 已成功抓取全部所需数据。
[2026-04-15 01:39:39] [SUCCESS] bvid=BV1SeDyBvEPn 已成功抓取全部所需数据。
[2026-04-15 01:39:39] [INFO] 当前 batch_crawl 已完成，所有视频均已成功抓取。
[2026-04-15 01:39:39] 子任务结束时间：2026-04-15T01:39:39.396856
[TIMESTAMP][END] 2026-04-15T01:39:39
