[TIMESTAMP][BEGIN] 2026-04-14T22:07:23
[2026-04-14 22:07:25] 开始执行 CSV 批量抓取子任务 part_3。
[2026-04-14 22:07:25] 子任务开始时间：2026-04-14T22:07:23.038681
[2026-04-14 22:07:25] 输入文件：batch_input_3.csv
[2026-04-14 22:07:25] 输入唯一 bvid 数量：100
[2026-04-14 22:07:25] 为严格按 CSV 顺序判断连续失败阈值，本次任务自动将并发度从 2 调整为 1。
[2026-04-14 22:07:31] [SUCCESS] bvid=BV1ADQ8BHEod 已成功抓取全部所需数据。
[2026-04-14 22:07:43] [SUCCESS] bvid=BV1nbQPB6EG1 已成功抓取全部所需数据。
[2026-04-14 22:07:55] [SUCCESS] bvid=BV1GzQeBLEkc 已成功抓取全部所需数据。
[2026-04-14 22:08:08] [SUCCESS] bvid=BV1yHQ4BCEhP 已成功抓取全部所需数据。
[2026-04-14 22:08:14] [SUCCESS] bvid=BV1q1QYBHEQ5 已成功抓取全部所需数据。
[2026-04-14 22:08:25] [SUCCESS] bvid=BV1B2QYBDEbz 已成功抓取全部所需数据。
[2026-04-14 22:08:31] [SUCCESS] bvid=BV1z1QYBpEcV 已成功抓取全部所需数据。
[2026-04-14 22:08:36] [SUCCESS] bvid=BV1o2QYBDELs 已成功抓取全部所需数据。
[2026-04-14 22:08:48] [SUCCESS] bvid=BV1Z2QYBDEeg 已成功抓取全部所需数据。
[2026-04-14 22:08:54] [SUCCESS] bvid=BV1zCQYBXEWf 已成功抓取全部所需数据。
[2026-04-14 22:09:00] [SUCCESS] bvid=BV1FCQYB9EK2 已成功抓取全部所需数据。
[2026-04-14 22:09:05] [SUCCESS] bvid=BV1zCQYBXEfn 已成功抓取全部所需数据。
[2026-04-14 22:09:23] [SUCCESS] bvid=BV12bQYBAE3R 已成功抓取全部所需数据。
[2026-04-14 22:09:35] [SUCCESS] bvid=BV11bQYBAEsJ 已成功抓取全部所需数据。
[2026-04-14 22:09:41] [SUCCESS] bvid=BV1SWQYBqEkE 已成功抓取全部所需数据。
[2026-04-14 22:09:52] [SUCCESS] bvid=BV11bQYBAEkt 已成功抓取全部所需数据。
[2026-04-14 22:09:58] [SUCCESS] bvid=BV1TbQYBPE5Z 已成功抓取全部所需数据。
[2026-04-14 22:10:03] [SUCCESS] bvid=BV1TWQYBqEfJ 已成功抓取全部所需数据。
[2026-04-14 22:10:15] [SUCCESS] bvid=BV1mWQYBiEZ9 已成功抓取全部所需数据。
[2026-04-14 22:10:20] [SUCCESS] bvid=BV1UxQYBNE5t 已成功抓取全部所需数据。
[2026-04-14 22:10:26] [SUCCESS] bvid=BV1wyQtBmEmX 已成功抓取全部所需数据。
[2026-04-14 22:10:32] [SUCCESS] bvid=BV1DLQhBPE7W 已成功抓取全部所需数据。
[2026-04-14 22:10:43] [SUCCESS] bvid=BV1hfQYBkEnx 已成功抓取全部所需数据。
[2026-04-14 22:10:50] [SUCCESS] bvid=BV1XwQ4B4Ems 已成功抓取全部所需数据。
[2026-04-14 22:11:02] [SUCCESS] bvid=BV1BhDXBzEpB 已成功抓取全部所需数据。
[2026-04-14 22:11:07] [SUCCESS] bvid=BV1yYQYB8Emu 已成功抓取全部所需数据。
[2026-04-14 22:11:13] [SUCCESS] bvid=BV1RuQhBMEG2 已成功抓取全部所需数据。
[2026-04-14 22:11:18] [SUCCESS] bvid=BV128QYBaEFj 已成功抓取全部所需数据。
[2026-04-14 22:11:24] [SUCCESS] bvid=BV1y8QYBaE3t 已成功抓取全部所需数据。
[2026-04-14 22:11:35] [SUCCESS] bvid=BV1K8QYBYE8p 已成功抓取全部所需数据。
[2026-04-14 22:11:40] [SUCCESS] bvid=BV128QYBaELk 已成功抓取全部所需数据。
[2026-04-14 22:11:46] [SUCCESS] bvid=BV1tTQeBTEwv 已成功抓取全部所需数据。
[2026-04-14 22:11:52] [SUCCESS] bvid=BV1NaQYBwEh6 已成功抓取全部所需数据。
[2026-04-14 22:11:57] [SUCCESS] bvid=BV18PQeBuEKT 已成功抓取全部所需数据。
[2026-04-14 22:12:09] [SUCCESS] bvid=BV1UPQeBuEbr 已成功抓取全部所需数据。
[2026-04-14 22:12:14] [SUCCESS] bvid=BV1bPQeBuEtQ 已成功抓取全部所需数据。
[2026-04-14 22:12:20] [SUCCESS] bvid=BV1yVQeBAEEF 已成功抓取全部所需数据。
[2026-04-14 22:12:26] [SUCCESS] bvid=BV1bNQeBBEqF 已成功抓取全部所需数据。
[2026-04-14 22:12:31] [SUCCESS] bvid=BV1bNQeBBEdL 已成功抓取全部所需数据。
[2026-04-14 22:12:37] [SUCCESS] bvid=BV1DcQeB3EAj 已成功抓取全部所需数据。
[2026-04-14 22:12:49] [SUCCESS] bvid=BV1M2DtBpEvz 已成功抓取全部所需数据。
[2026-04-14 22:12:55] [SUCCESS] bvid=BV1fnQFB8E6j 已成功抓取全部所需数据。
[2026-04-14 22:13:01] [SUCCESS] bvid=BV1JnQFB8EEr 已成功抓取全部所需数据。
[2026-04-14 22:13:07] [SUCCESS] bvid=BV1BzQhBmEss 已成功抓取全部所需数据。
[2026-04-14 22:13:14] [SUCCESS] bvid=BV1xRQeBNEcY 已成功抓取全部所需数据。
[2026-04-14 22:13:20] [SUCCESS] bvid=BV13aQ8BeENt 已成功抓取全部所需数据。
[2026-04-14 22:13:26] [SUCCESS] bvid=BV1GhQ8BNEJ7 已成功抓取全部所需数据。
[2026-04-14 22:13:32] [SUCCESS] bvid=BV1hZQYBVE9m 已成功抓取全部所需数据。
[2026-04-14 22:13:44] [SUCCESS] bvid=BV1DwQeB6ETv 已成功抓取全部所需数据。
[2026-04-14 22:13:55] [SUCCESS] bvid=BV113QeBeEAe 已成功抓取全部所需数据。
[2026-04-14 22:14:01] [SUCCESS] bvid=BV1NgQeBKEdV 已成功抓取全部所需数据。
[2026-04-14 22:14:07] [SUCCESS] bvid=BV19gQhBqEAt 已成功抓取全部所需数据。
[2026-04-14 22:14:13] [SUCCESS] bvid=BV1s3QeBeEQW 已成功抓取全部所需数据。
[2026-04-14 22:14:26] [SUCCESS] bvid=BV1mTQeBTEZy 已成功抓取全部所需数据。
[2026-04-14 22:14:31] [SUCCESS] bvid=BV1tMQeBiEuD 已成功抓取全部所需数据。
[2026-04-14 22:14:37] [SUCCESS] bvid=BV1MMQeBqEFc 已成功抓取全部所需数据。
[2026-04-14 22:14:44] [SUCCESS] bvid=BV1xMQeBiEy7 已成功抓取全部所需数据。
[2026-04-14 22:14:51] [SUCCESS] bvid=BV1vQQYB7E6x 已成功抓取全部所需数据。
[2026-04-14 22:15:04] [SUCCESS] bvid=BV1vQQYB7EUv 已成功抓取全部所需数据。
[2026-04-14 22:15:10] [SUCCESS] bvid=BV1dQQYB7EpB 已成功抓取全部所需数据。
[2026-04-14 22:15:16] [SUCCESS] bvid=BV16tQ4BzEhB 已成功抓取全部所需数据。
[2026-04-14 22:15:22] [SUCCESS] bvid=BV1iXQYBmEKs 已成功抓取全部所需数据。
[2026-04-14 22:15:28] [SUCCESS] bvid=BV1YRQYBLE2d 已成功抓取全部所需数据。
[2026-04-14 22:15:33] [SUCCESS] bvid=BV1L8QeBHEq3 已成功抓取全部所需数据。
[2026-04-14 22:15:39] [SUCCESS] bvid=BV1adQYByEFd 已成功抓取全部所需数据。
[2026-04-14 22:15:45] [SUCCESS] bvid=BV1dtQeBXEDx 已成功抓取全部所需数据。
[2026-04-14 22:15:51] [SUCCESS] bvid=BV1G4QtBFELs 已成功抓取全部所需数据。
[2026-04-14 22:15:56] [SUCCESS] bvid=BV1GnQxBxE2N 已成功抓取全部所需数据。
[2026-04-14 22:16:02] [SUCCESS] bvid=BV1y7QsBBEbA 已成功抓取全部所需数据。
[2026-04-14 22:16:08] [SUCCESS] bvid=BV16bQPB6Eht 已成功抓取全部所需数据。
[2026-04-14 22:16:20] [SUCCESS] bvid=BV18eQ8BAEyF 已成功抓取全部所需数据。
[2026-04-14 22:16:32] [SUCCESS] bvid=BV1KxQhBtEap 已成功抓取全部所需数据。
[2026-04-14 22:16:38] [SUCCESS] bvid=BV17tQeBXEqB 已成功抓取全部所需数据。
[2026-04-14 22:16:44] [SUCCESS] bvid=BV1zsQeBREXN 已成功抓取全部所需数据。
[2026-04-14 22:16:49] [SUCCESS] bvid=BV1JsQeBREes 已成功抓取全部所需数据。
[2026-04-14 22:16:56] [SUCCESS] bvid=BV1vhQeBDECP 已成功抓取全部所需数据。
[2026-04-14 22:17:02] [SUCCESS] bvid=BV15gQhBBEKs 已成功抓取全部所需数据。
[2026-04-14 22:17:08] [SUCCESS] bvid=BV1LYQeBJEEF 已成功抓取全部所需数据。
[2026-04-14 22:17:13] [SUCCESS] bvid=BV1WjQeBcEuF 已成功抓取全部所需数据。
[2026-04-14 22:17:18] [SUCCESS] bvid=BV1nHQeBoEv4 已成功抓取全部所需数据。
[2026-04-14 22:17:37] [SUCCESS] bvid=BV1nHQeBoEeg 已成功抓取全部所需数据。
[2026-04-14 22:17:42] [SUCCESS] bvid=BV1AKDyBREK6 已成功抓取全部所需数据。
[2026-04-14 22:17:49] [SUCCESS] bvid=BV1kEQeBfEhn 已成功抓取全部所需数据。
[2026-04-14 22:17:54] [SUCCESS] bvid=BV1JWQeBxEDQ 已成功抓取全部所需数据。
[2026-04-14 22:17:59] [SUCCESS] bvid=BV1pEQeBfET7 已成功抓取全部所需数据。
[2026-04-14 22:18:06] [SUCCESS] bvid=BV18yQwBQEvU 已成功抓取全部所需数据。
[2026-04-14 22:18:12] [SUCCESS] bvid=BV1uyQwBQEoo 已成功抓取全部所需数据。
[2026-04-14 22:18:25] [SUCCESS] bvid=BV1GuQbBhECA 已成功抓取全部所需数据。
[2026-04-14 22:18:32] [SUCCESS] bvid=BV1eUDeBLEeg 已成功抓取全部所需数据。
[2026-04-14 22:18:38] [SUCCESS] bvid=BV1nnQeBtETn 已成功抓取全部所需数据。
[2026-04-14 22:18:44] [SUCCESS] bvid=BV1wnQeBbEWU 已成功抓取全部所需数据。
[2026-04-14 22:18:50] [SUCCESS] bvid=BV1xXQeBiE2q 已成功抓取全部所需数据。
[2026-04-14 22:18:56] [SUCCESS] bvid=BV1xSQeBBER2 已成功抓取全部所需数据。
[2026-04-14 22:19:08] [SUCCESS] bvid=BV1wZQaBsEAs 已成功抓取全部所需数据。
[2026-04-14 22:19:15] [SUCCESS] bvid=BV1KSQeBBEEx 已成功抓取全部所需数据。
[2026-04-14 22:19:20] [SUCCESS] bvid=BV1tSQeBBEYf 已成功抓取全部所需数据。
[2026-04-14 22:19:26] [SUCCESS] bvid=BV1KQQeBTEfw 已成功抓取全部所需数据。
[2026-04-14 22:19:32] [SUCCESS] bvid=BV1AfQeBaEiE 已成功抓取全部所需数据。
[2026-04-14 22:19:37] [SUCCESS] bvid=BV1ccQvBcEyj 已成功抓取全部所需数据。
[2026-04-14 22:19:43] [SUCCESS] bvid=BV1tXQ4BpEZ9 已成功抓取全部所需数据。
[2026-04-14 22:19:43] [INFO] 当前 batch_crawl 已完成，所有视频均已成功抓取。
[2026-04-14 22:19:43] 子任务结束时间：2026-04-14T22:19:43.255457
[TIMESTAMP][END] 2026-04-14T22:19:43
