[TIMESTAMP][BEGIN] 2026-04-15T07:22:14
[2026-04-15 07:22:16] 开始执行 CSV 批量抓取子任务 part_46。
[2026-04-15 07:22:16] 子任务开始时间：2026-04-15T07:22:14.103526
[2026-04-15 07:22:16] 输入文件：batch_input_46.csv
[2026-04-15 07:22:16] 输入唯一 bvid 数量：100
[2026-04-15 07:22:16] 为严格按 CSV 顺序判断连续失败阈值，本次任务自动将并发度从 2 调整为 1。
[2026-04-15 07:22:21] [SUCCESS] bvid=BV1uVDpB6EiE 已成功抓取全部所需数据。
[2026-04-15 07:22:33] [SUCCESS] bvid=BV1sADHBtEiw 已成功抓取全部所需数据。
[2026-04-15 07:22:37] [SUCCESS] bvid=BV1DVDpBzEyN 已成功抓取全部所需数据。
[2026-04-15 07:22:42] [SUCCESS] bvid=BV1v1DpBmEPj 已成功抓取全部所需数据。
[2026-04-15 07:22:48] [SUCCESS] bvid=BV1v1DpBmEv6 已成功抓取全部所需数据。
[2026-04-15 07:22:53] [SUCCESS] bvid=BV1R1DpBmEgs 已成功抓取全部所需数据。
[2026-04-15 07:22:58] [SUCCESS] bvid=BV1v1DpBmEuj 已成功抓取全部所需数据。
[2026-04-15 07:23:03] [SUCCESS] bvid=BV1XmDpBjE1L 已成功抓取全部所需数据。
[2026-04-15 07:23:08] [SUCCESS] bvid=BV19mDpBjEDV 已成功抓取全部所需数据。
[2026-04-15 07:23:12] [SUCCESS] bvid=BV1emDpBjEsx 已成功抓取全部所需数据。
[2026-04-15 07:23:17] [SUCCESS] bvid=BV1XmDpBjEfx 已成功抓取全部所需数据。
[2026-04-15 07:23:22] [SUCCESS] bvid=BV1emDpBjEnV 已成功抓取全部所需数据。
[2026-04-15 07:23:34] [SUCCESS] bvid=BV1emDpBjE4o 已成功抓取全部所需数据。
[2026-04-15 07:23:39] [SUCCESS] bvid=BV139DpBVEPz 已成功抓取全部所需数据。
[2026-04-15 07:23:45] [SUCCESS] bvid=BV1AvDLBGEhv 已成功抓取全部所需数据。
[2026-04-15 07:23:50] [SUCCESS] bvid=BV1RmDpBjEKJ 已成功抓取全部所需数据。
[2026-04-15 07:23:56] [SUCCESS] bvid=BV189DpBGExA 已成功抓取全部所需数据。
[2026-04-15 07:24:01] [SUCCESS] bvid=BV1dyDpBEE8S 已成功抓取全部所需数据。
[2026-04-15 07:24:06] [SUCCESS] bvid=BV1vkDpBSErD 已成功抓取全部所需数据。
[2026-04-15 07:24:12] [SUCCESS] bvid=BV1jkDpBDE9t 已成功抓取全部所需数据。
[2026-04-15 07:24:18] [SUCCESS] bvid=BV1j9DJB1EdU 已成功抓取全部所需数据。
[2026-04-15 07:24:29] [SUCCESS] bvid=BV1pJDjBGExQ 已成功抓取全部所需数据。
[2026-04-15 07:24:41] [SUCCESS] bvid=BV1jQD7BuEJ2 已成功抓取全部所需数据。
[2026-04-15 07:24:47] [SUCCESS] bvid=BV1aUDpB1Eiy 已成功抓取全部所需数据。
[2026-04-15 07:24:52] [SUCCESS] bvid=BV1oXD7BqEJ4 已成功抓取全部所需数据。
[2026-04-15 07:24:58] [SUCCESS] bvid=BV1xm9cBmEPv 已成功抓取全部所需数据。
[2026-04-15 07:25:10] [SUCCESS] bvid=BV1rTDHBREUA 已成功抓取全部所需数据。
[2026-04-15 07:25:15] [SUCCESS] bvid=BV1vkDpBSEb4 已成功抓取全部所需数据。
[2026-04-15 07:25:21] [SUCCESS] bvid=BV1hQDpBCEAn 已成功抓取全部所需数据。
[2026-04-15 07:25:32] [SUCCESS] bvid=BV1vyDpBEESx 已成功抓取全部所需数据。
[2026-04-15 07:25:37] [SUCCESS] bvid=BV1aQDpBCE3C 已成功抓取全部所需数据。
[2026-04-15 07:25:42] [SUCCESS] bvid=BV1QQDpBCEmM 已成功抓取全部所需数据。
[2026-04-15 07:25:53] [SUCCESS] bvid=BV1h9DpBGEaW 已成功抓取全部所需数据。
[2026-04-15 07:26:05] [SUCCESS] bvid=BV1Q9DpBGEg7 已成功抓取全部所需数据。
[2026-04-15 07:26:10] [SUCCESS] bvid=BV1DHD7BfEHS 已成功抓取全部所需数据。
[2026-04-15 07:26:21] [SUCCESS] bvid=BV1XDDpB5EYH 已成功抓取全部所需数据。
[2026-04-15 07:26:26] [SUCCESS] bvid=BV19wDnBuEmW 已成功抓取全部所需数据。
[2026-04-15 07:26:31] [SUCCESS] bvid=BV1ziDpB9Exq 已成功抓取全部所需数据。
[2026-04-15 07:26:36] [SUCCESS] bvid=BV1XDDpB5E8i 已成功抓取全部所需数据。
[2026-04-15 07:26:47] [SUCCESS] bvid=BV1hDDpB5E9T 已成功抓取全部所需数据。
[2026-04-15 07:26:53] [SUCCESS] bvid=BV1zYDpBdECR 已成功抓取全部所需数据。
[2026-04-15 07:26:58] [SUCCESS] bvid=BV1FYDpBoEos 已成功抓取全部所需数据。
[2026-04-15 07:27:04] [SUCCESS] bvid=BV1cYDpBoEWa 已成功抓取全部所需数据。
[2026-04-15 07:27:09] [SUCCESS] bvid=BV1ksDnBWExo 已成功抓取全部所需数据。
[2026-04-15 07:27:15] [SUCCESS] bvid=BV1P6DJBsEnb 已成功抓取全部所需数据。
[2026-04-15 07:27:21] [SUCCESS] bvid=BV1zvDpBsECB 已成功抓取全部所需数据。
[2026-04-15 07:27:34] [SUCCESS] bvid=BV1ANDYBdEcR 已成功抓取全部所需数据。
[2026-04-15 07:27:45] [SUCCESS] bvid=BV1WaDLB5EXs 已成功抓取全部所需数据。
[2026-04-15 07:27:57] [SUCCESS] bvid=BV1P5DjB1EMx 已成功抓取全部所需数据。
[2026-04-15 07:28:09] [SUCCESS] bvid=BV1ikDFBHEaE 已成功抓取全部所需数据。
[2026-04-15 07:28:21] [SUCCESS] bvid=BV1XdDLBoEr2 已成功抓取全部所需数据。
[2026-04-15 07:28:26] [SUCCESS] bvid=BV1Z1DLBvEdV 已成功抓取全部所需数据。
[2026-04-15 07:28:32] [SUCCESS] bvid=BV1rVDWBbEt8 已成功抓取全部所需数据。
[2026-04-15 07:28:38] [SUCCESS] bvid=BV1LpDHByET6 已成功抓取全部所需数据。
[2026-04-15 07:28:43] [SUCCESS] bvid=BV1BKD6BMEZW 已成功抓取全部所需数据。
[2026-04-15 07:28:49] [SUCCESS] bvid=BV1L1XZBpExb 已成功抓取全部所需数据。
[2026-04-15 07:28:55] [SUCCESS] bvid=BV1w8DpBfEZy 已成功抓取全部所需数据。
[2026-04-15 07:29:00] [SUCCESS] bvid=BV1k8DpBZEmd 已成功抓取全部所需数据。
[2026-04-15 07:29:05] [SUCCESS] bvid=BV1r8DpBZEuW 已成功抓取全部所需数据。
[2026-04-15 07:29:11] [SUCCESS] bvid=BV1raDpB4Edv 已成功抓取全部所需数据。
[2026-04-15 07:29:16] [SUCCESS] bvid=BV16aDpB4Ekk 已成功抓取全部所需数据。
[2026-04-15 07:29:27] [SUCCESS] bvid=BV1qzDpBQE2v 已成功抓取全部所需数据。
[2026-04-15 07:29:33] [SUCCESS] bvid=BV1doDJBkErK 已成功抓取全部所需数据。
[2026-04-15 07:29:38] [SUCCESS] bvid=BV1izDpBQESU 已成功抓取全部所需数据。
[2026-04-15 07:29:44] [SUCCESS] bvid=BV1qrDpBnE1F 已成功抓取全部所需数据。
[2026-04-15 07:29:56] [SUCCESS] bvid=BV1vrDpBnEes 已成功抓取全部所需数据。
[2026-04-15 07:30:07] [SUCCESS] bvid=BV1qiDpB9Er6 已成功抓取全部所需数据。
[2026-04-15 07:30:13] [SUCCESS] bvid=BV1oBDpBpEtB 已成功抓取全部所需数据。
[2026-04-15 07:30:19] [SUCCESS] bvid=BV1rgDWBhESU 已成功抓取全部所需数据。
[2026-04-15 07:30:24] [SUCCESS] bvid=BV1oBDpBpEfM 已成功抓取全部所需数据。
[2026-04-15 07:30:29] [SUCCESS] bvid=BV1BBDpBpEeF 已成功抓取全部所需数据。
[2026-04-15 07:30:34] [SUCCESS] bvid=BV1CgDWBhE3f 已成功抓取全部所需数据。
[2026-04-15 07:30:40] [SUCCESS] bvid=BV1HgDWBhEhf 已成功抓取全部所需数据。
[2026-04-15 07:30:45] [SUCCESS] bvid=BV1rGDWBFEas 已成功抓取全部所需数据。
[2026-04-15 07:30:50] [SUCCESS] bvid=BV1vrDnBkEhV 已成功抓取全部所需数据。
[2026-04-15 07:30:55] [SUCCESS] bvid=BV1ACDJBpEBN 已成功抓取全部所需数据。
[2026-04-15 07:31:01] [SUCCESS] bvid=BV19dD7BvEr1 已成功抓取全部所需数据。
[2026-04-15 07:31:07] [SUCCESS] bvid=BV1nGDWBFEZw 已成功抓取全部所需数据。
[2026-04-15 07:31:12] [SUCCESS] bvid=BV1CTDWBYEBn 已成功抓取全部所需数据。
[2026-04-15 07:31:18] [SUCCESS] bvid=BV1yTDWBYEr8 已成功抓取全部所需数据。
[2026-04-15 07:31:24] [SUCCESS] bvid=BV1kuDWBwEXy 已成功抓取全部所需数据。
[2026-04-15 07:31:29] [SUCCESS] bvid=BV1CuDWBwESr 已成功抓取全部所需数据。
[2026-04-15 07:31:34] [SUCCESS] bvid=BV16VDWBbE4A 已成功抓取全部所需数据。
[2026-04-15 07:31:45] [SUCCESS] bvid=BV1f7DWBdEKX 已成功抓取全部所需数据。
[2026-04-15 07:31:51] [SUCCESS] bvid=BV1E7DWBdEzk 已成功抓取全部所需数据。
[2026-04-15 07:31:57] [SUCCESS] bvid=BV1J7DWBdEK9 已成功抓取全部所需数据。
[2026-04-15 07:32:02] [SUCCESS] bvid=BV1HVDWBbEM8 已成功抓取全部所需数据。
[2026-04-15 07:32:07] [SUCCESS] bvid=BV1n5DWBZEQL 已成功抓取全部所需数据。
[2026-04-15 07:32:12] [SUCCESS] bvid=BV1wpDnBdErL 已成功抓取全部所需数据。
[2026-04-15 07:32:17] [SUCCESS] bvid=BV1n5DWBZEas 已成功抓取全部所需数据。
[2026-04-15 07:32:22] [SUCCESS] bvid=BV1SZDpBzEAT 已成功抓取全部所需数据。
[2026-04-15 07:32:28] [SUCCESS] bvid=BV1tqDvB6E1f 已成功抓取全部所需数据。
[2026-04-15 07:32:33] [SUCCESS] bvid=BV1gwDjB9EDS 已成功抓取全部所需数据。
[2026-04-15 07:32:38] [SUCCESS] bvid=BV1wsDuBREDP 已成功抓取全部所需数据。
[2026-04-15 07:32:44] [SUCCESS] bvid=BV19wDnBuEPe 已成功抓取全部所需数据。
[2026-04-15 07:32:49] [SUCCESS] bvid=BV17zDeBHENi 已成功抓取全部所需数据。
[2026-04-15 07:32:54] [SUCCESS] bvid=BV1AvDLBGEyX 已成功抓取全部所需数据。
[2026-04-15 07:32:59] [SUCCESS] bvid=BV1LdD7BiEbS 已成功抓取全部所需数据。
[2026-04-15 07:33:04] [SUCCESS] bvid=BV1RXDLBfEao 已成功抓取全部所需数据。
[2026-04-15 07:33:10] [SUCCESS] bvid=BV1bZDpBzE4u 已成功抓取全部所需数据。
[2026-04-15 07:33:10] [INFO] 当前 batch_crawl 已完成，所有视频均已成功抓取。
[2026-04-15 07:33:10] 子任务结束时间：2026-04-15T07:33:10.303211
[TIMESTAMP][END] 2026-04-15T07:33:10
