[TIMESTAMP][BEGIN] 2026-04-15T09:26:09
[2026-04-15 09:26:12] 开始执行 CSV 批量抓取子任务 part_55。
[2026-04-15 09:26:12] 子任务开始时间：2026-04-15T09:26:09.809812
[2026-04-15 09:26:12] 输入文件：batch_input_55.csv
[2026-04-15 09:26:12] 输入唯一 bvid 数量：100
[2026-04-15 09:26:12] 为严格按 CSV 顺序判断连续失败阈值，本次任务自动将并发度从 2 调整为 1。
[2026-04-15 09:26:12] [ERROR] bvid=BV1SUDrBtEXo 抓取失败：stat: 接口返回错误代码：62002，信息：稿件不可见。
{'code': 62002, 'message': '稿件不可见', 'ttl': 1} | comment: 接口返回错误代码：62002，信息：稿件不可见。
{'code': 62002, 'message': '稿件不可见', 'ttl': 1}
[2026-04-15 09:26:17] [SUCCESS] bvid=BV1UUDrBtEUa 已成功抓取全部所需数据。
[2026-04-15 09:26:22] [SUCCESS] bvid=BV1DUDrBtE3g 已成功抓取全部所需数据。
[2026-04-15 09:26:27] [SUCCESS] bvid=BV1SUDrBtErS 已成功抓取全部所需数据。
[2026-04-15 09:26:39] [SUCCESS] bvid=BV1uUDrBbEC3 已成功抓取全部所需数据。
[2026-04-15 09:26:44] [SUCCESS] bvid=BV1DUDrBtEuv 已成功抓取全部所需数据。
[2026-04-15 09:26:50] [SUCCESS] bvid=BV1USDrBoEo3 已成功抓取全部所需数据。
[2026-04-15 09:27:01] [SUCCESS] bvid=BV1dvDrBTEnt 已成功抓取全部所需数据。
[2026-04-15 09:27:12] [SUCCESS] bvid=BV1ovDrBTEC4 已成功抓取全部所需数据。
[2026-04-15 09:27:24] [SUCCESS] bvid=BV1ovDrBTEiG 已成功抓取全部所需数据。
[2026-04-15 09:27:29] [SUCCESS] bvid=BV17vDrBMEsF 已成功抓取全部所需数据。
[2026-04-15 09:27:50] [SUCCESS] bvid=BV1f8DrB6ELx 已成功抓取全部所需数据。
[2026-04-15 09:27:56] [SUCCESS] bvid=BV1f8DrB6Ezb 已成功抓取全部所需数据。
[2026-04-15 09:28:07] [SUCCESS] bvid=BV1f8DrB6ECm 已成功抓取全部所需数据。
[2026-04-15 09:28:12] [SUCCESS] bvid=BV1BaDrBgE2x 已成功抓取全部所需数据。
[2026-04-15 09:28:17] [SUCCESS] bvid=BV1ZaDrBuEg6 已成功抓取全部所需数据。
[2026-04-15 09:28:35] [SUCCESS] bvid=BV1faDrBuEcg 已成功抓取全部所需数据。
[2026-04-15 09:28:40] [SUCCESS] bvid=BV1faDrBuEKZ 已成功抓取全部所需数据。
[2026-04-15 09:28:57] [SUCCESS] bvid=BV1zaDrBgEtE 已成功抓取全部所需数据。
[2026-04-15 09:29:03] [SUCCESS] bvid=BV19zDrBeEsD 已成功抓取全部所需数据。
[2026-04-15 09:29:15] [SUCCESS] bvid=BV19zDrBeELC 已成功抓取全部所需数据。
[2026-04-15 09:29:20] [SUCCESS] bvid=BV1TKDzBJE8d 已成功抓取全部所需数据。
[2026-04-15 09:29:31] [SUCCESS] bvid=BV1kSDvBYEWB 已成功抓取全部所需数据。
[2026-04-15 09:29:37] [SUCCESS] bvid=BV1CSDvBYEGu 已成功抓取全部所需数据。
[2026-04-15 09:29:42] [SUCCESS] bvid=BV1cdDvB8EKM 已成功抓取全部所需数据。
[2026-04-15 09:29:47] [SUCCESS] bvid=BV16dDvBbEWh 已成功抓取全部所需数据。
[2026-04-15 09:29:53] [SUCCESS] bvid=BV1TcDvBTEkP 已成功抓取全部所需数据。
[2026-04-15 09:30:04] [SUCCESS] bvid=BV1RzDrBeEni 已成功抓取全部所需数据。
[2026-04-15 09:30:15] [SUCCESS] bvid=BV1RzDrBeEyd 已成功抓取全部所需数据。
[2026-04-15 09:30:20] [SUCCESS] bvid=BV1xRQmBkE9d 已成功抓取全部所需数据。
[2026-04-15 09:30:26] [SUCCESS] bvid=BV1yoQmBgEq8 已成功抓取全部所需数据。
[2026-04-15 09:30:37] [SUCCESS] bvid=BV11oQmBgEux 已成功抓取全部所需数据。
[2026-04-15 09:30:48] [SUCCESS] bvid=BV1NRQmBkEQh 已成功抓取全部所需数据。
[2026-04-15 09:30:53] [SUCCESS] bvid=BV1NRQmBkEos 已成功抓取全部所需数据。
[2026-04-15 09:30:59] [SUCCESS] bvid=BV1soQmB3E9W 已成功抓取全部所需数据。
[2026-04-15 09:31:10] [SUCCESS] bvid=BV1yoQmBgEBT 已成功抓取全部所需数据。
[2026-04-15 09:31:15] [SUCCESS] bvid=BV11oQmBgEue 已成功抓取全部所需数据。
[2026-04-15 09:31:20] [SUCCESS] bvid=BV1xRQmBkETQ 已成功抓取全部所需数据。
[2026-04-15 09:31:31] [SUCCESS] bvid=BV11RQmBrEpi 已成功抓取全部所需数据。
[2026-04-15 09:31:48] [SUCCESS] bvid=BV11RQmBrEuV 已成功抓取全部所需数据。
[2026-04-15 09:31:53] [SUCCESS] bvid=BV11RQmBrErD 已成功抓取全部所需数据。
[2026-04-15 09:31:58] [SUCCESS] bvid=BV11RQmBrED8 已成功抓取全部所需数据。
[2026-04-15 09:32:04] [SUCCESS] bvid=BV1NoQmB3En4 已成功抓取全部所需数据。
[2026-04-15 09:32:21] [SUCCESS] bvid=BV1yoQmBgEYV 已成功抓取全部所需数据。
[2026-04-15 09:32:27] [SUCCESS] bvid=BV1QhDvB1Ect 已成功抓取全部所需数据。
[2026-04-15 09:32:32] [SUCCESS] bvid=BV11RQmBrEWU 已成功抓取全部所需数据。
[2026-04-15 09:32:43] [SUCCESS] bvid=BV11RQmBrEoN 已成功抓取全部所需数据。
[2026-04-15 09:32:48] [SUCCESS] bvid=BV1NoQmB3Ewx 已成功抓取全部所需数据。
[2026-04-15 09:32:59] [SUCCESS] bvid=BV17HDvBXEH4 已成功抓取全部所需数据。
[2026-04-15 09:33:11] [SUCCESS] bvid=BV1WEDzB3Ewd 已成功抓取全部所需数据。
[2026-04-15 09:33:23] [SUCCESS] bvid=BV11dDrBXEqQ 已成功抓取全部所需数据。
[2026-04-15 09:33:35] [SUCCESS] bvid=BV1wPDkBEEMY 已成功抓取全部所需数据。
[2026-04-15 09:33:40] [SUCCESS] bvid=BV1fpDqBfEgJ 已成功抓取全部所需数据。
[2026-04-15 09:33:45] [SUCCESS] bvid=BV1TTDzBUEUq 已成功抓取全部所需数据。
[2026-04-15 09:33:56] [SUCCESS] bvid=BV1kXDvBhEdH 已成功抓取全部所需数据。
[2026-04-15 09:34:01] [SUCCESS] bvid=BV1zoDvBZEdS 已成功抓取全部所需数据。
[2026-04-15 09:44:10] [ERROR] bvid=BV1zoDvBZEkU 抓取失败：comment: Timeout of 600.0s exceeded, last exception: HTTPSConnectionPool(host='bigquery.googleapis.com', port=443): Max retries exceeded with url: /bigquery/v2/projects/bilibili-m2s2vp-research/datasets/bili_video_stream_data_test_2/tables/videos?prettyPrint=false (Caused by ProxyError('Unable to connect to proxy', RemoteDisconnected('Remote end closed connection without response')))
[2026-04-15 09:44:11] [ERROR] bvid=BV1rXDvBhECJ 抓取失败：stat: 接口返回错误代码：-404，信息：啥都木有。
{'code': -404, 'message': '啥都木有', 'ttl': 1} | comment: 接口返回错误代码：-404，信息：啥都木有。
{'code': -404, 'message': '啥都木有', 'ttl': 1}
[2026-04-15 09:44:17] [SUCCESS] bvid=BV1rXDvBhE1a 已成功抓取全部所需数据。
[2026-04-15 09:44:22] [SUCCESS] bvid=BV16RDvBFEDb 已成功抓取全部所需数据。
[2026-04-15 09:44:34] [SUCCESS] bvid=BV1rRDvBFEg7 已成功抓取全部所需数据。
[2026-04-15 09:44:40] [SUCCESS] bvid=BV1s4DiBME3b 已成功抓取全部所需数据。
[2026-04-15 09:44:58] [SUCCESS] bvid=BV1s4DiBME1N 已成功抓取全部所需数据。
[2026-04-15 09:45:03] [SUCCESS] bvid=BV1FhDuBDEbH 已成功抓取全部所需数据。
[2026-04-15 10:05:14] [SUCCESS] bvid=BV1svD6BEEvW 已成功抓取全部所需数据。
[2026-04-15 10:05:21] [SUCCESS] bvid=BV1eKDiBQEhG 已成功抓取全部所需数据。
[2026-04-15 10:05:27] [SUCCESS] bvid=BV11UDvBPEJ6 已成功抓取全部所需数据。
[2026-04-15 10:05:33] [SUCCESS] bvid=BV1ByDBBeEZA 已成功抓取全部所需数据。
[2026-04-15 10:05:39] [SUCCESS] bvid=BV1HRD5BzEbu 已成功抓取全部所需数据。
[2026-04-15 10:05:45] [SUCCESS] bvid=BV1NzDhBREP8 已成功抓取全部所需数据。
[2026-04-15 10:05:58] [SUCCESS] bvid=BV1wgDvBcE6K 已成功抓取全部所需数据。
[2026-04-15 10:06:03] [SUCCESS] bvid=BV1zEDqBYEk5 已成功抓取全部所需数据。
[2026-04-15 10:06:09] [SUCCESS] bvid=BV1RbDqBREUX 已成功抓取全部所需数据。
[2026-04-15 10:06:21] [SUCCESS] bvid=BV1kRDvBFEwF 已成功抓取全部所需数据。
[2026-04-15 10:06:33] [SUCCESS] bvid=BV1udDeB6ETM 已成功抓取全部所需数据。
[2026-04-15 10:06:39] [SUCCESS] bvid=BV15rDrBPEHu 已成功抓取全部所需数据。
[2026-04-15 10:06:44] [SUCCESS] bvid=BV1XrDrBAEij 已成功抓取全部所需数据。
[2026-04-15 10:06:50] [SUCCESS] bvid=BV1RiDrBiECy 已成功抓取全部所需数据。
[2026-04-15 10:06:56] [SUCCESS] bvid=BV15BDrBKEEY 已成功抓取全部所需数据。
[2026-04-15 10:07:01] [SUCCESS] bvid=BV19BDrBNERa 已成功抓取全部所需数据。
[2026-04-15 10:07:07] [SUCCESS] bvid=BV1TTDzBUECQ 已成功抓取全部所需数据。
[2026-04-15 10:07:13] [SUCCESS] bvid=BV1FgDkB5EeE 已成功抓取全部所需数据。
[2026-04-15 10:07:19] [SUCCESS] bvid=BV1fgDkBVEsu 已成功抓取全部所需数据。
[2026-04-15 10:07:20] [ERROR] bvid=BV1f3DkBkESy 抓取失败：stat: 接口返回错误代码：62002，信息：稿件不可见。
{'code': 62002, 'message': '稿件不可见', 'ttl': 1} | comment: 接口返回错误代码：62002，信息：稿件不可见。
{'code': 62002, 'message': '稿件不可见', 'ttl': 1}
[2026-04-15 10:07:26] [SUCCESS] bvid=BV1CBDBBBEMb 已成功抓取全部所需数据。
[2026-04-15 10:07:31] [SUCCESS] bvid=BV1F3DkBCE7F 已成功抓取全部所需数据。
[2026-04-15 10:07:37] [SUCCESS] bvid=BV1E3DkBCEGa 已成功抓取全部所需数据。
[2026-04-15 10:07:42] [SUCCESS] bvid=BV1B3DkBCES8 已成功抓取全部所需数据。
[2026-04-15 10:07:48] [SUCCESS] bvid=BV1rMDkByEPM 已成功抓取全部所需数据。
[2026-04-15 10:07:54] [SUCCESS] bvid=BV1zMDkB1Ebq 已成功抓取全部所需数据。
[2026-04-15 10:08:00] [SUCCESS] bvid=BV16MDkByEHp 已成功抓取全部所需数据。
[2026-04-15 10:08:05] [SUCCESS] bvid=BV16MDkByEem 已成功抓取全部所需数据。
[2026-04-15 10:08:10] [SUCCESS] bvid=BV1zMDkByE9q 已成功抓取全部所需数据。
[2026-04-15 10:08:16] [SUCCESS] bvid=BV1qjDkBuEEo 已成功抓取全部所需数据。
[2026-04-15 10:08:21] [SUCCESS] bvid=BV1ijDkBuEkP 已成功抓取全部所需数据。
[2026-04-15 10:08:27] [SUCCESS] bvid=BV1YtDvBUEZD 已成功抓取全部所需数据。
[2026-04-15 10:08:33] [SUCCESS] bvid=BV1JsDzBTEXb 已成功抓取全部所需数据。
[2026-04-15 10:08:38] [SUCCESS] bvid=BV13SDeByEoa 已成功抓取全部所需数据。
[2026-04-15 10:08:44] [SUCCESS] bvid=BV1w7DqBPE7m 已成功抓取全部所需数据。
[2026-04-15 10:08:49] [SUCCESS] bvid=BV1mkDvBMEQe 已成功抓取全部所需数据。
[2026-04-15 10:08:49] [WARN] 当前子任务已结束，但仍有未成功抓取的视频，已导出 remaining CSV 供继续执行。
[2026-04-15 10:08:49] [INFO] 已导出剔除成功条目后的剩余 CSV：D:\Schoolworks\Thesis\Bilibili-Datahub\outputs\video_data\manual_crawls\manual_crawl_stat_comment_20260414_214213\remaining_bvids_part_55.csv
[2026-04-15 10:08:49] 子任务结束时间：2026-04-15T10:08:49.902623
[TIMESTAMP][END] 2026-04-15T10:08:49
