[TIMESTAMP][BEGIN] 2026-04-15T03:14:31
[2026-04-15 03:14:34] 开始执行 CSV 批量抓取子任务 part_27。
[2026-04-15 03:14:34] 子任务开始时间：2026-04-15T03:14:31.905042
[2026-04-15 03:14:34] 输入文件：batch_input_27.csv
[2026-04-15 03:14:34] 输入唯一 bvid 数量：100
[2026-04-15 03:14:34] 为严格按 CSV 顺序判断连续失败阈值，本次任务自动将并发度从 2 调整为 1。
[2026-04-15 03:14:39] [SUCCESS] bvid=BV1yYQcBgE4w 已成功抓取全部所需数据。
[2026-04-15 03:14:44] [SUCCESS] bvid=BV15ZD6BYEkq 已成功抓取全部所需数据。
[2026-04-15 03:14:49] [SUCCESS] bvid=BV1CSQTBXExm 已成功抓取全部所需数据。
[2026-04-15 03:14:55] [SUCCESS] bvid=BV14uQwB1Efc 已成功抓取全部所需数据。
[2026-04-15 03:15:00] [SUCCESS] bvid=BV1miQNB9E75 已成功抓取全部所需数据。
[2026-04-15 03:15:12] [SUCCESS] bvid=BV1MiQTBYE6q 已成功抓取全部所需数据。
[2026-04-15 03:15:18] [SUCCESS] bvid=BV1QZDfBLEQw 已成功抓取全部所需数据。
[2026-04-15 03:15:30] [SUCCESS] bvid=BV18AQwBSEhj 已成功抓取全部所需数据。
[2026-04-15 03:15:35] [SUCCESS] bvid=BV1BSQABTE2y 已成功抓取全部所需数据。
[2026-04-15 03:15:40] [SUCCESS] bvid=BV16WDEBjEVo 已成功抓取全部所需数据。
[2026-04-15 03:15:51] [SUCCESS] bvid=BV1MZQKBbEHf 已成功抓取全部所需数据。
[2026-04-15 03:16:09] [SUCCESS] bvid=BV1TZQKBbExT 已成功抓取全部所需数据。
[2026-04-15 03:16:14] [SUCCESS] bvid=BV1LrQKBgEcB 已成功抓取全部所需数据。
[2026-04-15 03:16:26] [SUCCESS] bvid=BV1LrQKBgETo 已成功抓取全部所需数据。
[2026-04-15 03:16:45] [SUCCESS] bvid=BV1LrQKBgEHz 已成功抓取全部所需数据。
[2026-04-15 03:16:57] [SUCCESS] bvid=BV15kQKBzEdv 已成功抓取全部所需数据。
[2026-04-15 03:17:14] [SUCCESS] bvid=BV1zkDfBxEbS 已成功抓取全部所需数据。
[2026-04-15 03:17:26] [SUCCESS] bvid=BV1EBQKBGE3k 已成功抓取全部所需数据。
[2026-04-15 03:17:31] [SUCCESS] bvid=BV1jzQKBrEeo 已成功抓取全部所需数据。
[2026-04-15 03:17:43] [SUCCESS] bvid=BV1m6QTBfEzC 已成功抓取全部所需数据。
[2026-04-15 03:17:54] [SUCCESS] bvid=BV169QNBGEAS 已成功抓取全部所需数据。
[2026-04-15 03:17:59] [SUCCESS] bvid=BV1GmQKBTEiK 已成功抓取全部所需数据。
[2026-04-15 03:18:11] [SUCCESS] bvid=BV1GmQKBKE4L 已成功抓取全部所需数据。
[2026-04-15 03:18:16] [SUCCESS] bvid=BV1QUQKBvEfq 已成功抓取全部所需数据。
[2026-04-15 03:18:27] [SUCCESS] bvid=BV1aUQKBvE7a 已成功抓取全部所需数据。
[2026-04-15 03:18:39] [SUCCESS] bvid=BV1GUQKBvE9h 已成功抓取全部所需数据。
[2026-04-15 03:18:44] [SUCCESS] bvid=BV1XUQKBvECS 已成功抓取全部所需数据。
[2026-04-15 03:18:56] [SUCCESS] bvid=BV1E7QTB1EBE 已成功抓取全部所需数据。
[2026-04-15 03:19:00] [SUCCESS] bvid=BV1JjQTBjELe 已成功抓取全部所需数据。
[2026-04-15 03:19:05] [SUCCESS] bvid=BV17nDZBQE4P 已成功抓取全部所需数据。
[2026-04-15 03:19:18] [SUCCESS] bvid=BV1hYDWB1EuM 已成功抓取全部所需数据。
[2026-04-15 03:19:29] [SUCCESS] bvid=BV1fjQTBLEDm 已成功抓取全部所需数据。
[2026-04-15 03:19:41] [SUCCESS] bvid=BV1CyQNBEEdt 已成功抓取全部所需数据。
[2026-04-15 03:19:52] [SUCCESS] bvid=BV1qEXfBfEU3 已成功抓取全部所需数据。
[2026-04-15 03:20:04] [SUCCESS] bvid=BV1qEXfBfECF 已成功抓取全部所需数据。
[2026-04-15 03:20:09] [SUCCESS] bvid=BV1QbQNBbEYX 已成功抓取全部所需数据。
[2026-04-15 03:20:14] [SUCCESS] bvid=BV1WJQPB2Egg 已成功抓取全部所需数据。
[2026-04-15 03:20:27] [SUCCESS] bvid=BV1CrQABkEj4 已成功抓取全部所需数据。
[2026-04-15 03:20:32] [SUCCESS] bvid=BV1REQABtEKt 已成功抓取全部所需数据。
[2026-04-15 03:20:44] [SUCCESS] bvid=BV19WQTB6Exq 已成功抓取全部所需数据。
[2026-04-15 03:21:02] [SUCCESS] bvid=BV1fjQTBLEef 已成功抓取全部所需数据。
[2026-04-15 03:21:07] [SUCCESS] bvid=BV1ZjQTBLEwc 已成功抓取全部所需数据。
[2026-04-15 03:21:07] [ERROR] bvid=BV1dWQTB6EJ4 抓取失败：stat: 接口返回错误代码：62002，信息：稿件不可见。
{'code': 62002, 'message': '稿件不可见', 'ttl': 1} | comment: 接口返回错误代码：62002，信息：稿件不可见。
{'code': 62002, 'message': '稿件不可见', 'ttl': 1}
[2026-04-15 03:21:24] [SUCCESS] bvid=BV1RWQTB6E2y 已成功抓取全部所需数据。
[2026-04-15 03:21:29] [SUCCESS] bvid=BV1dWQTB6EpE 已成功抓取全部所需数据。
[2026-04-15 03:21:36] [SUCCESS] bvid=BV1LxQTBgEKz 已成功抓取全部所需数据。
[2026-04-15 03:21:41] [SUCCESS] bvid=BV1RxQTBuEto 已成功抓取全部所需数据。
[2026-04-15 03:21:46] [SUCCESS] bvid=BV1RxQTBuExr 已成功抓取全部所需数据。
[2026-04-15 03:21:51] [SUCCESS] bvid=BV1voQABaERH 已成功抓取全部所需数据。
[2026-04-15 03:21:57] [SUCCESS] bvid=BV1ZnQTBkENB 已成功抓取全部所需数据。
[2026-04-15 03:22:10] [SUCCESS] bvid=BV1onQTBkE4i 已成功抓取全部所需数据。
[2026-04-15 03:22:15] [SUCCESS] bvid=BV1jpQTBGEHS 已成功抓取全部所需数据。
[2026-04-15 03:22:15] [ERROR] bvid=BV1WTQTBpEMJ 抓取失败：stat: 接口返回错误代码：62002，信息：稿件不可见。
{'code': 62002, 'message': '稿件不可见', 'ttl': 1} | comment: 接口返回错误代码：62002，信息：稿件不可见。
{'code': 62002, 'message': '稿件不可见', 'ttl': 1}
[2026-04-15 03:22:20] [SUCCESS] bvid=BV1PPQTBsEWP 已成功抓取全部所需数据。
[2026-04-15 03:22:32] [SUCCESS] bvid=BV19gDfB7EYo 已成功抓取全部所需数据。
[2026-04-15 03:22:38] [SUCCESS] bvid=BV14wQTBdEKN 已成功抓取全部所需数据。
[2026-04-15 03:22:51] [SUCCESS] bvid=BV1cVQTBEEwi 已成功抓取全部所需数据。
[2026-04-15 03:23:03] [SUCCESS] bvid=BV1AMQTBQE7e 已成功抓取全部所需数据。
[2026-04-15 03:23:08] [SUCCESS] bvid=BV1cgQTBnESZ 已成功抓取全部所需数据。
[2026-04-15 03:23:14] [SUCCESS] bvid=BV1MzDZBzEQc 已成功抓取全部所需数据。
[2026-04-15 03:23:20] [SUCCESS] bvid=BV11vQAB2ETC 已成功抓取全部所需数据。
[2026-04-15 03:23:26] [SUCCESS] bvid=BV1t2QFBkEy1 已成功抓取全部所需数据。
[2026-04-15 03:23:37] [SUCCESS] bvid=BV1huQKBwEfW 已成功抓取全部所需数据。
[2026-04-15 03:23:43] [SUCCESS] bvid=BV1dQDfBJEcu 已成功抓取全部所需数据。
[2026-04-15 03:23:49] [SUCCESS] bvid=BV1oUDfBHEE8 已成功抓取全部所需数据。
[2026-04-15 03:24:01] [SUCCESS] bvid=BV1HqDiBhEPi 已成功抓取全部所需数据。
[2026-04-15 03:24:06] [SUCCESS] bvid=BV1QdDfB2Ej8 已成功抓取全部所需数据。
[2026-04-15 03:24:12] [SUCCESS] bvid=BV1ioQABaEM9 已成功抓取全部所需数据。
[2026-04-15 03:24:23] [SUCCESS] bvid=BV1U4QcB5E71 已成功抓取全部所需数据。
[2026-04-15 03:24:29] [SUCCESS] bvid=BV1DtQABpEJH 已成功抓取全部所需数据。
[2026-04-15 03:24:33] [SUCCESS] bvid=BV1VpQNBeEE5 已成功抓取全部所需数据。
[2026-04-15 03:24:39] [SUCCESS] bvid=BV1AUQTBsEjE 已成功抓取全部所需数据。
[2026-04-15 03:24:44] [SUCCESS] bvid=BV1CUQTBWE18 已成功抓取全部所需数据。
[2026-04-15 03:24:50] [SUCCESS] bvid=BV1DaQTBNEx8 已成功抓取全部所需数据。
[2026-04-15 03:24:55] [SUCCESS] bvid=BV13YQTBvE73 已成功抓取全部所需数据。
[2026-04-15 03:25:07] [SUCCESS] bvid=BV1MDQPBxEkC 已成功抓取全部所需数据。
[2026-04-15 03:25:12] [SUCCESS] bvid=BV1psQPBVEu6 已成功抓取全部所需数据。
[2026-04-15 03:25:17] [SUCCESS] bvid=BV1AcQNBUEjD 已成功抓取全部所需数据。
[2026-04-15 03:25:29] [SUCCESS] bvid=BV1fgQNBrEr5 已成功抓取全部所需数据。
[2026-04-15 03:25:35] [SUCCESS] bvid=BV13bQNB8Ez5 已成功抓取全部所需数据。
[2026-04-15 03:25:40] [SUCCESS] bvid=BV19KQKBPExu 已成功抓取全部所需数据。
[2026-04-15 03:25:47] [SUCCESS] bvid=BV11TQFBuEzP 已成功抓取全部所需数据。
[2026-04-15 03:25:47] [ERROR] bvid=BV1iZQNBzEef 抓取失败：stat: 接口返回错误代码：-404，信息：啥都木有。
{'code': -404, 'message': '啥都木有', 'ttl': 1} | comment: 接口返回错误代码：-404，信息：啥都木有。
{'code': -404, 'message': '啥都木有', 'ttl': 1}
[2026-04-15 03:25:52] [SUCCESS] bvid=BV1ZGQABaEE7 已成功抓取全部所需数据。
[2026-04-15 03:25:57] [SUCCESS] bvid=BV1qoQNBgE3t 已成功抓取全部所需数据。
[2026-04-15 03:26:02] [SUCCESS] bvid=BV1ZuQABeE8M 已成功抓取全部所需数据。
[2026-04-15 03:26:07] [SUCCESS] bvid=BV1LEQABbEwB 已成功抓取全部所需数据。
[2026-04-15 03:26:12] [SUCCESS] bvid=BV19JQABoEes 已成功抓取全部所需数据。
[2026-04-15 03:26:17] [SUCCESS] bvid=BV1dLQAB8EbC 已成功抓取全部所需数据。
[2026-04-15 03:26:29] [SUCCESS] bvid=BV16MQABKEMk 已成功抓取全部所需数据。
[2026-04-15 03:26:35] [SUCCESS] bvid=BV11eQAB7EyH 已成功抓取全部所需数据。
[2026-04-15 03:26:46] [SUCCESS] bvid=BV1P6QAB5E6m 已成功抓取全部所需数据。
[2026-04-15 03:26:58] [SUCCESS] bvid=BV1wrQABCEUr 已成功抓取全部所需数据。
[2026-04-15 03:27:03] [SUCCESS] bvid=BV1GpQABdEeN 已成功抓取全部所需数据。
[2026-04-15 03:27:07] [SUCCESS] bvid=BV13sQABsEb1 已成功抓取全部所需数据。
[2026-04-15 03:27:13] [SUCCESS] bvid=BV1gxQAB9Ea8 已成功抓取全部所需数据。
[2026-04-15 03:27:18] [SUCCESS] bvid=BV1GHQAB4EPM 已成功抓取全部所需数据。
[2026-04-15 03:27:23] [SUCCESS] bvid=BV1XHQABxEAP 已成功抓取全部所需数据。
[2026-04-15 03:27:28] [SUCCESS] bvid=BV1GpQABdEsR 已成功抓取全部所需数据。
[2026-04-15 03:27:34] [SUCCESS] bvid=BV1XpQABdEba 已成功抓取全部所需数据。
[2026-04-15 03:27:34] [WARN] 当前子任务已结束，但仍有未成功抓取的视频，已导出 remaining CSV 供继续执行。
[2026-04-15 03:27:34] [INFO] 已导出剔除成功条目后的剩余 CSV：D:\Schoolworks\Thesis\Bilibili-Datahub\outputs\video_data\manual_crawls\manual_crawl_stat_comment_20260414_214213\remaining_bvids_part_27.csv
[2026-04-15 03:27:34] 子任务结束时间：2026-04-15T03:27:34.954860
[TIMESTAMP][END] 2026-04-15T03:27:34
