[TIMESTAMP][BEGIN] 2026-04-15T05:28:13
[2026-04-15 05:28:15] 开始执行 CSV 批量抓取子任务 part_36。
[2026-04-15 05:28:15] 子任务开始时间：2026-04-15T05:28:13.016645
[2026-04-15 05:28:15] 输入文件：batch_input_36.csv
[2026-04-15 05:28:15] 输入唯一 bvid 数量：100
[2026-04-15 05:28:15] 为严格按 CSV 顺序判断连续失败阈值，本次任务自动将并发度从 2 调整为 1。
[2026-04-15 05:28:26] [SUCCESS] bvid=BV1fKQcBZEFr 已成功抓取全部所需数据。
[2026-04-15 05:28:37] [SUCCESS] bvid=BV1EMQcBtEM4 已成功抓取全部所需数据。
[2026-04-15 05:28:48] [SUCCESS] bvid=BV19LQcBQEJq 已成功抓取全部所需数据。
[2026-04-15 05:28:53] [SUCCESS] bvid=BV1AZQFBNEnw 已成功抓取全部所需数据。
[2026-04-15 05:28:58] [SUCCESS] bvid=BV1fNQcBbEBX 已成功抓取全部所需数据。
[2026-04-15 05:29:03] [SUCCESS] bvid=BV19LQcBQE6N 已成功抓取全部所需数据。
[2026-04-15 05:29:15] [SUCCESS] bvid=BV1X3DfB2EZN 已成功抓取全部所需数据。
[2026-04-15 05:29:15] [ERROR] bvid=BV197QcBnEcx 抓取失败：stat: 接口返回错误代码：62012，信息：62012。
{'code': 62012, 'message': '62012', 'ttl': 1} | comment: 接口返回错误代码：62012，信息：62012。
{'code': 62012, 'message': '62012', 'ttl': 1}
[2026-04-15 05:29:19] [SUCCESS] bvid=BV1R5QcBpEB7 已成功抓取全部所需数据。
[2026-04-15 05:29:31] [SUCCESS] bvid=BV1EPQcBcEmU 已成功抓取全部所需数据。
[2026-04-15 05:29:37] [SUCCESS] bvid=BV1wfQFBeE1e 已成功抓取全部所需数据。
[2026-04-15 05:29:41] [SUCCESS] bvid=BV1wfQFBeE59 已成功抓取全部所需数据。
[2026-04-15 05:29:46] [SUCCESS] bvid=BV1wfQFBeEZh 已成功抓取全部所需数据。
[2026-04-15 05:29:58] [SUCCESS] bvid=BV1wnDrBmEjo 已成功抓取全部所需数据。
[2026-04-15 05:30:03] [SUCCESS] bvid=BV1WRQFBTE5Q 已成功抓取全部所需数据。
[2026-04-15 05:30:13] [SUCCESS] bvid=BV1sRQFBTEVo 已成功抓取全部所需数据。
[2026-04-15 05:30:19] [SUCCESS] bvid=BV1cRDZBbEUx 已成功抓取全部所需数据。
[2026-04-15 05:30:24] [SUCCESS] bvid=BV1WdQFBiExu 已成功抓取全部所需数据。
[2026-04-15 05:30:29] [SUCCESS] bvid=BV16PQcBcEjE 已成功抓取全部所需数据。
[2026-04-15 05:30:34] [SUCCESS] bvid=BV1fNQcBbEMF 已成功抓取全部所需数据。
[2026-04-15 05:30:39] [SUCCESS] bvid=BV1ZNQcBbEnN 已成功抓取全部所需数据。
[2026-04-15 05:30:51] [SUCCESS] bvid=BV1fNQcBbE8R 已成功抓取全部所需数据。
[2026-04-15 05:30:56] [SUCCESS] bvid=BV1ZNQcBbEE9 已成功抓取全部所需数据。
[2026-04-15 05:31:01] [SUCCESS] bvid=BV1nVDZB4EXb 已成功抓取全部所需数据。
[2026-04-15 05:31:13] [SUCCESS] bvid=BV1ENQcB8E4c 已成功抓取全部所需数据。
[2026-04-15 05:31:18] [SUCCESS] bvid=BV1fNQcBbEsu 已成功抓取全部所需数据。
[2026-04-15 05:31:23] [SUCCESS] bvid=BV1n7DZB9EgZ 已成功抓取全部所需数据。
[2026-04-15 05:31:29] [SUCCESS] bvid=BV1z7DZB9EHR 已成功抓取全部所需数据。
[2026-04-15 05:31:34] [SUCCESS] bvid=BV1cwQcBaEWK 已成功抓取全部所需数据。
[2026-04-15 05:31:38] [SUCCESS] bvid=BV165DZBdENX 已成功抓取全部所需数据。
[2026-04-15 05:31:43] [SUCCESS] bvid=BV1E7DZB9ETf 已成功抓取全部所需数据。
[2026-04-15 05:31:54] [SUCCESS] bvid=BV167DZB9EtL 已成功抓取全部所需数据。
[2026-04-15 05:31:59] [SUCCESS] bvid=BV1JJDZBpEuz 已成功抓取全部所需数据。
[2026-04-15 05:32:04] [SUCCESS] bvid=BV1EJDZBpEHN 已成功抓取全部所需数据。
[2026-04-15 05:32:09] [SUCCESS] bvid=BV1JJDZBpEgR 已成功抓取全部所需数据。
[2026-04-15 05:32:14] [SUCCESS] bvid=BV1zJDZBpEqV 已成功抓取全部所需数据。
[2026-04-15 05:32:19] [SUCCESS] bvid=BV1n5DZBdEpD 已成功抓取全部所需数据。
[2026-04-15 05:32:25] [SUCCESS] bvid=BV1H5DZBdEsw 已成功抓取全部所需数据。
[2026-04-15 05:32:30] [SUCCESS] bvid=BV1H5DZBdENd 已成功抓取全部所需数据。
[2026-04-15 05:32:47] [SUCCESS] bvid=BV1H5DZBdEUK 已成功抓取全部所需数据。
[2026-04-15 05:32:52] [SUCCESS] bvid=BV12KDZBwEsB 已成功抓取全部所需数据。
[2026-04-15 05:32:57] [SUCCESS] bvid=BV1H5DZBdEj4 已成功抓取全部所需数据。
[2026-04-15 05:33:02] [SUCCESS] bvid=BV1LxDZBEEu6 已成功抓取全部所需数据。
[2026-04-15 05:33:07] [SUCCESS] bvid=BV1cjDZBxEnp 已成功抓取全部所需数据。
[2026-04-15 05:33:13] [SUCCESS] bvid=BV1k5DZBdEFp 已成功抓取全部所需数据。
[2026-04-15 05:33:18] [SUCCESS] bvid=BV1w5DZBoE5e 已成功抓取全部所需数据。
[2026-04-15 05:33:24] [SUCCESS] bvid=BV1JjDZBsEqV 已成功抓取全部所需数据。
[2026-04-15 05:33:36] [SUCCESS] bvid=BV1JjDZBsE1n 已成功抓取全部所需数据。
[2026-04-15 05:33:41] [SUCCESS] bvid=BV1cjDZBxEtY 已成功抓取全部所需数据。
[2026-04-15 05:33:52] [SUCCESS] bvid=BV1JjDZBsEU7 已成功抓取全部所需数据。
[2026-04-15 05:33:57] [SUCCESS] bvid=BV1cjDZBxEuL 已成功抓取全部所需数据。
[2026-04-15 05:34:03] [SUCCESS] bvid=BV1jnDZBQEyC 已成功抓取全部所需数据。
[2026-04-15 05:34:08] [SUCCESS] bvid=BV1jWDZBSEo4 已成功抓取全部所需数据。
[2026-04-15 05:34:19] [SUCCESS] bvid=BV1qWDZBSEDG 已成功抓取全部所需数据。
[2026-04-15 05:34:25] [SUCCESS] bvid=BV1X7D4BpE5h 已成功抓取全部所需数据。
[2026-04-15 05:34:30] [SUCCESS] bvid=BV1ixDZBEEJX 已成功抓取全部所需数据。
[2026-04-15 05:34:35] [SUCCESS] bvid=BV1oxDZBEEix 已成功抓取全部所需数据。
[2026-04-15 05:34:41] [SUCCESS] bvid=BV1EnDZBXEDc 已成功抓取全部所需数据。
[2026-04-15 05:34:45] [SUCCESS] bvid=BV17nDZBQEaF 已成功抓取全部所需数据。
[2026-04-15 05:34:50] [SUCCESS] bvid=BV1BnDZBQET8 已成功抓取全部所需数据。
[2026-04-15 05:34:55] [SUCCESS] bvid=BV1EnDZBQEGf 已成功抓取全部所需数据。
[2026-04-15 05:35:01] [SUCCESS] bvid=BV1H3DZBZEmg 已成功抓取全部所需数据。
[2026-04-15 05:35:06] [SUCCESS] bvid=BV17nDZBQEe8 已成功抓取全部所需数据。
[2026-04-15 05:35:11] [SUCCESS] bvid=BV1BpDZBnEL4 已成功抓取全部所需数据。
[2026-04-15 05:35:16] [SUCCESS] bvid=BV1j8DtBPEtp 已成功抓取全部所需数据。
[2026-04-15 05:35:21] [SUCCESS] bvid=BV17pDZBnE6s 已成功抓取全部所需数据。
[2026-04-15 05:35:26] [SUCCESS] bvid=BV1jpDZBnEb6 已成功抓取全部所需数据。
[2026-04-15 05:35:37] [SUCCESS] bvid=BV19GD4BdEGp 已成功抓取全部所需数据。
[2026-04-15 05:35:42] [SUCCESS] bvid=BV1k3DZBZEaX 已成功抓取全部所需数据。
[2026-04-15 05:35:47] [SUCCESS] bvid=BV1VaDZB5E8M 已成功抓取全部所需数据。
[2026-04-15 05:35:52] [SUCCESS] bvid=BV1MJDsB5EBo 已成功抓取全部所需数据。
[2026-04-15 05:36:04] [SUCCESS] bvid=BV1wXDxB6ESH 已成功抓取全部所需数据。
[2026-04-15 05:36:09] [SUCCESS] bvid=BV1j4DxBtEAo 已成功抓取全部所需数据。
[2026-04-15 05:36:14] [SUCCESS] bvid=BV1YQDoBrEae 已成功抓取全部所需数据。
[2026-04-15 05:36:19] [SUCCESS] bvid=BV1yTDZBhEs1 已成功抓取全部所需数据。
[2026-04-15 05:36:24] [SUCCESS] bvid=BV1KPDZBeEKt 已成功抓取全部所需数据。
[2026-04-15 05:36:34] [SUCCESS] bvid=BV11TDZBhEbi 已成功抓取全部所需数据。
[2026-04-15 05:36:39] [SUCCESS] bvid=BV1NTDZBaEDq 已成功抓取全部所需数据。
[2026-04-15 05:36:50] [SUCCESS] bvid=BV1MADZBNEbw 已成功抓取全部所需数据。
[2026-04-15 05:36:55] [SUCCESS] bvid=BV1xADZBPE1V 已成功抓取全部所需数据。
[2026-04-15 05:37:01] [SUCCESS] bvid=BV1LiDrBqE4Y 已成功抓取全部所需数据。
[2026-04-15 05:37:13] [SUCCESS] bvid=BV1RBDrBNELn 已成功抓取全部所需数据。
[2026-04-15 05:37:18] [SUCCESS] bvid=BV1zgDkBVET1 已成功抓取全部所需数据。
[2026-04-15 05:37:23] [SUCCESS] bvid=BV1MrDZBMEbK 已成功抓取全部所需数据。
[2026-04-15 05:37:29] [SUCCESS] bvid=BV1ZPDfBHEbc 已成功抓取全部所需数据。
[2026-04-15 05:37:34] [SUCCESS] bvid=BV1iTDfBnEd2 已成功抓取全部所需数据。
[2026-04-15 05:37:45] [SUCCESS] bvid=BV1gBDWBGEVG 已成功抓取全部所需数据。
[2026-04-15 05:37:57] [SUCCESS] bvid=BV1dRD7BKETX 已成功抓取全部所需数据。
[2026-04-15 05:38:08] [SUCCESS] bvid=BV1EPDfBpEM4 已成功抓取全部所需数据。
[2026-04-15 05:38:14] [SUCCESS] bvid=BV1PaDfBPEwM 已成功抓取全部所需数据。
[2026-04-15 05:38:19] [SUCCESS] bvid=BV1AoDtB1EXU 已成功抓取全部所需数据。
[2026-04-15 05:38:24] [SUCCESS] bvid=BV1MNDqBGEJL 已成功抓取全部所需数据。
[2026-04-15 05:38:29] [SUCCESS] bvid=BV18fDsB2EiL 已成功抓取全部所需数据。
[2026-04-15 05:38:40] [SUCCESS] bvid=BV1sUDZBYEPZ 已成功抓取全部所需数据。
[2026-04-15 05:38:52] [SUCCESS] bvid=BV1vDDLBwEwD 已成功抓取全部所需数据。
[2026-04-15 05:39:03] [SUCCESS] bvid=BV1nnDtBgEsW 已成功抓取全部所需数据。
[2026-04-15 05:39:08] [SUCCESS] bvid=BV12CDcBzEan 已成功抓取全部所需数据。
[2026-04-15 05:39:19] [SUCCESS] bvid=BV1KMDtBJEeB 已成功抓取全部所需数据。
[2026-04-15 05:39:37] [SUCCESS] bvid=BV1bzDWBrEoK 已成功抓取全部所需数据。
[2026-04-15 05:39:42] [SUCCESS] bvid=BV166D4BqE7e 已成功抓取全部所需数据。
[2026-04-15 05:39:42] [WARN] 当前子任务已结束，但仍有未成功抓取的视频，已导出 remaining CSV 供继续执行。
[2026-04-15 05:39:42] [INFO] 已导出剔除成功条目后的剩余 CSV：D:\Schoolworks\Thesis\Bilibili-Datahub\outputs\video_data\manual_crawls\manual_crawl_stat_comment_20260414_214213\remaining_bvids_part_36.csv
[2026-04-15 05:39:42] 子任务结束时间：2026-04-15T05:39:42.203247
[TIMESTAMP][END] 2026-04-15T05:39:42
