[TIMESTAMP][BEGIN] 2026-04-15T09:01:36
[2026-04-15 09:01:38] 开始执行 CSV 批量抓取子任务 part_53。
[2026-04-15 09:01:38] 子任务开始时间：2026-04-15T09:01:36.546855
[2026-04-15 09:01:38] 输入文件：batch_input_53.csv
[2026-04-15 09:01:38] 输入唯一 bvid 数量：100
[2026-04-15 09:01:38] 为严格按 CSV 顺序判断连续失败阈值，本次任务自动将并发度从 2 调整为 1。
[2026-04-15 09:01:45] [SUCCESS] bvid=BV1b1DjBWEjh 已成功抓取全部所需数据。
[2026-04-15 09:01:50] [SUCCESS] bvid=BV18CDjBdEqU 已成功抓取全部所需数据。
[2026-04-15 09:02:03] [SUCCESS] bvid=BV1K5DrBQERD 已成功抓取全部所需数据。
[2026-04-15 09:02:08] [SUCCESS] bvid=BV1zpDjBuEDb 已成功抓取全部所需数据。
[2026-04-15 09:02:20] [SUCCESS] bvid=BV1UMDrBdEeN 已成功抓取全部所需数据。
[2026-04-15 09:02:32] [SUCCESS] bvid=BV143DrB9Eqi 已成功抓取全部所需数据。
[2026-04-15 09:02:38] [SUCCESS] bvid=BV17CDiBtEpM 已成功抓取全部所需数据。
[2026-04-15 09:02:43] [SUCCESS] bvid=BV1aPDrBbEhw 已成功抓取全部所需数据。
[2026-04-15 09:02:48] [SUCCESS] bvid=BV1QrDrBAEfx 已成功抓取全部所需数据。
[2026-04-15 09:02:54] [SUCCESS] bvid=BV1PoD8BWEvr 已成功抓取全部所需数据。
[2026-04-15 09:02:59] [SUCCESS] bvid=BV1LoD6BPEqf 已成功抓取全部所需数据。
[2026-04-15 09:03:17] [SUCCESS] bvid=BV1k7DjBkEgn 已成功抓取全部所需数据。
[2026-04-15 09:03:23] [SUCCESS] bvid=BV1r7DjBkE9C 已成功抓取全部所需数据。
[2026-04-15 09:03:29] [SUCCESS] bvid=BV1QcDjBsEGT 已成功抓取全部所需数据。
[2026-04-15 09:03:35] [SUCCESS] bvid=BV1gwDjB9EYE 已成功抓取全部所需数据。
[2026-04-15 09:03:40] [SUCCESS] bvid=BV1QZDLBxEA7 已成功抓取全部所需数据。
[2026-04-15 09:03:46] [SUCCESS] bvid=BV1XZDLBxETx 已成功抓取全部所需数据。
[2026-04-15 09:03:51] [SUCCESS] bvid=BV1UPDjBHEEQ 已成功抓取全部所需数据。
[2026-04-15 09:03:57] [SUCCESS] bvid=BV1QZDLBxEG5 已成功抓取全部所需数据。
[2026-04-15 09:04:02] [SUCCESS] bvid=BV1J1D6BrEXm 已成功抓取全部所需数据。
[2026-04-15 09:04:14] [SUCCESS] bvid=BV1QZDLBxEhU 已成功抓取全部所需数据。
[2026-04-15 09:04:25] [SUCCESS] bvid=BV1mTDjBJEoj 已成功抓取全部所需数据。
[2026-04-15 09:04:36] [SUCCESS] bvid=BV11MDjBUEo9 已成功抓取全部所需数据。
[2026-04-15 09:04:42] [SUCCESS] bvid=BV1SPDjBHEUs 已成功抓取全部所需数据。
[2026-04-15 09:04:53] [SUCCESS] bvid=BV18kDjBxEC3 已成功抓取全部所需数据。
[2026-04-15 09:05:04] [SUCCESS] bvid=BV1UPDjBHEct 已成功抓取全部所需数据。
[2026-04-15 09:05:16] [SUCCESS] bvid=BV1UPDjBHE68 已成功抓取全部所需数据。
[2026-04-15 09:05:32] [SUCCESS] bvid=BV1gPDjBpENs 已成功抓取全部所需数据。
[2026-04-15 09:05:38] [SUCCESS] bvid=BV1mPDjBHEYx 已成功抓取全部所需数据。
[2026-04-15 09:05:44] [SUCCESS] bvid=BV1gPDjBpEFN 已成功抓取全部所需数据。
[2026-04-15 09:05:49] [SUCCESS] bvid=BV1BwDiBsEFm 已成功抓取全部所需数据。
[2026-04-15 09:05:54] [SUCCESS] bvid=BV1uNDjBQEsa 已成功抓取全部所需数据。
[2026-04-15 09:06:00] [SUCCESS] bvid=BV1UNDjBDEpV 已成功抓取全部所需数据。
[2026-04-15 09:06:05] [SUCCESS] bvid=BV1aqDjBfEE5 已成功抓取全部所需数据。
[2026-04-15 09:06:16] [SUCCESS] bvid=BV1cWDrB1EBh 已成功抓取全部所需数据。
[2026-04-15 09:06:22] [SUCCESS] bvid=BV1aqDjBfEXz 已成功抓取全部所需数据。
[2026-04-15 09:06:27] [SUCCESS] bvid=BV1eqDjBfEFn 已成功抓取全部所需数据。
[2026-04-15 09:06:39] [SUCCESS] bvid=BV1YqDjBfEq1 已成功抓取全部所需数据。
[2026-04-15 09:06:44] [SUCCESS] bvid=BV1azDjBtEXk 已成功抓取全部所需数据。
[2026-04-15 09:06:50] [SUCCESS] bvid=BV19qDjBfE3o 已成功抓取全部所需数据。
[2026-04-15 09:07:02] [SUCCESS] bvid=BV1Q6DjBoEhv 已成功抓取全部所需数据。
[2026-04-15 09:07:07] [SUCCESS] bvid=BV1hzDjBtEaM 已成功抓取全部所需数据。
[2026-04-15 09:07:13] [SUCCESS] bvid=BV1RvDjBcEX6 已成功抓取全部所需数据。
[2026-04-15 09:07:18] [SUCCESS] bvid=BV1vvDjBcEEF 已成功抓取全部所需数据。
[2026-04-15 09:07:23] [SUCCESS] bvid=BV19vDjBcEh7 已成功抓取全部所需数据。
[2026-04-15 09:07:28] [SUCCESS] bvid=BV1YiDjB8EK9 已成功抓取全部所需数据。
[2026-04-15 09:07:34] [SUCCESS] bvid=BV1evDjBcETw 已成功抓取全部所需数据。
[2026-04-15 09:07:45] [SUCCESS] bvid=BV15vDjBwEK2 已成功抓取全部所需数据。
[2026-04-15 09:07:51] [SUCCESS] bvid=BV1RiDjB8Eue 已成功抓取全部所需数据。
[2026-04-15 09:07:56] [SUCCESS] bvid=BV1YvDjBcEDK 已成功抓取全部所需数据。
[2026-04-15 09:08:02] [SUCCESS] bvid=BV1evDjBcEuD 已成功抓取全部所需数据。
[2026-04-15 09:08:07] [SUCCESS] bvid=BV1GiDjBhE4q 已成功抓取全部所需数据。
[2026-04-15 09:08:18] [SUCCESS] bvid=BV1RzDrBeE9M 已成功抓取全部所需数据。
[2026-04-15 09:08:24] [SUCCESS] bvid=BV19iDjB8E28 已成功抓取全部所需数据。
[2026-04-15 09:08:42] [SUCCESS] bvid=BV1eiDjBhE12 已成功抓取全部所需数据。
[2026-04-15 09:08:47] [SUCCESS] bvid=BV1YiDjB8ETv 已成功抓取全部所需数据。
[2026-04-15 09:08:53] [SUCCESS] bvid=BV1YiDjB8ESh 已成功抓取全部所需数据。
[2026-04-15 09:09:04] [SUCCESS] bvid=BV1eiDjB8EAg 已成功抓取全部所需数据。
[2026-04-15 09:09:16] [SUCCESS] bvid=BV1bCDjBREm8 已成功抓取全部所需数据。
[2026-04-15 09:09:28] [SUCCESS] bvid=BV1AcDkBnErE 已成功抓取全部所需数据。
[2026-04-15 09:09:33] [SUCCESS] bvid=BV1bCDjBREya 已成功抓取全部所需数据。
[2026-04-15 09:09:39] [SUCCESS] bvid=BV1bCDjBRECQ 已成功抓取全部所需数据。
[2026-04-15 09:09:44] [SUCCESS] bvid=BV1b1DjBWEdu 已成功抓取全部所需数据。
[2026-04-15 09:09:50] [SUCCESS] bvid=BV1BYDaBmELa 已成功抓取全部所需数据。
[2026-04-15 09:10:01] [SUCCESS] bvid=BV1BYDaBmE6y 已成功抓取全部所需数据。
[2026-04-15 09:10:07] [SUCCESS] bvid=BV1i4DjBiE2Y 已成功抓取全部所需数据。
[2026-04-15 09:10:19] [SUCCESS] bvid=BV1ZiDuBjE8i 已成功抓取全部所需数据。
[2026-04-15 09:10:25] [SUCCESS] bvid=BV1HYDiBPEU6 已成功抓取全部所需数据。
[2026-04-15 09:10:31] [SUCCESS] bvid=BV1rPDkB7E3H 已成功抓取全部所需数据。
[2026-04-15 09:10:37] [SUCCESS] bvid=BV16xSdB2Eax 已成功抓取全部所需数据。
[2026-04-15 09:10:42] [SUCCESS] bvid=BV1cNDkBmEhZ 已成功抓取全部所需数据。
[2026-04-15 09:10:48] [SUCCESS] bvid=BV1t1DjBWEyC 已成功抓取全部所需数据。
[2026-04-15 09:10:54] [SUCCESS] bvid=BV1h6DjBoEGu 已成功抓取全部所需数据。
[2026-04-15 09:11:05] [SUCCESS] bvid=BV1Q6DjBoEit 已成功抓取全部所需数据。
[2026-04-15 09:11:10] [SUCCESS] bvid=BV1hkDjBxE8z 已成功抓取全部所需数据。
[2026-04-15 09:11:21] [SUCCESS] bvid=BV1BxDjBTEwH 已成功抓取全部所需数据。
[2026-04-15 09:11:32] [SUCCESS] bvid=BV13kDjB4ESC 已成功抓取全部所需数据。
[2026-04-15 09:11:44] [SUCCESS] bvid=BV1hkDjBxEJN 已成功抓取全部所需数据。
[2026-04-15 09:11:55] [SUCCESS] bvid=BV1cpDjBgEJY 已成功抓取全部所需数据。
[2026-04-15 09:12:07] [SUCCESS] bvid=BV1BxDjBTExK 已成功抓取全部所需数据。
[2026-04-15 09:12:12] [SUCCESS] bvid=BV1FxDjBME5p 已成功抓取全部所需数据。
[2026-04-15 09:12:18] [SUCCESS] bvid=BV1zpDjBuEXS 已成功抓取全部所需数据。
[2026-04-15 09:12:24] [SUCCESS] bvid=BV1fWDjBBEiV 已成功抓取全部所需数据。
[2026-04-15 09:12:30] [SUCCESS] bvid=BV1z4DjBqEgJ 已成功抓取全部所需数据。
[2026-04-15 09:12:36] [SUCCESS] bvid=BV16pDjBuEqz 已成功抓取全部所需数据。
[2026-04-15 09:12:47] [SUCCESS] bvid=BV1zpDjBuEUY 已成功抓取全部所需数据。
[2026-04-15 09:12:52] [SUCCESS] bvid=BV16pDjBuEw9 已成功抓取全部所需数据。
[2026-04-15 09:12:57] [SUCCESS] bvid=BV1BWDjBBEr2 已成功抓取全部所需数据。
[2026-04-15 09:13:03] [SUCCESS] bvid=BV1eYDjBaEmE 已成功抓取全部所需数据。
[2026-04-15 09:13:16] [SUCCESS] bvid=BV1daDjBAEt7 已成功抓取全部所需数据。
[2026-04-15 09:13:21] [SUCCESS] bvid=BV1FWDjBzEUA 已成功抓取全部所需数据。
[2026-04-15 09:13:33] [SUCCESS] bvid=BV1euDiBSE9V 已成功抓取全部所需数据。
[2026-04-15 09:13:38] [SUCCESS] bvid=BV1c3DgBWExG 已成功抓取全部所需数据。
[2026-04-15 09:13:43] [SUCCESS] bvid=BV1eYDjBaEpx 已成功抓取全部所需数据。
[2026-04-15 09:13:48] [SUCCESS] bvid=BV1vaDjBAEfH 已成功抓取全部所需数据。
[2026-04-15 09:13:54] [SUCCESS] bvid=BV1eYDjBaE64 已成功抓取全部所需数据。
[2026-04-15 09:13:59] [SUCCESS] bvid=BV1eYDjBaEZm 已成功抓取全部所需数据。
[2026-04-15 09:14:04] [SUCCESS] bvid=BV1BbDjBNE7F 已成功抓取全部所需数据。
[2026-04-15 09:14:09] [SUCCESS] bvid=BV1eYDjBaEmg 已成功抓取全部所需数据。
[2026-04-15 09:14:15] [SUCCESS] bvid=BV1q8DjBeEgB 已成功抓取全部所需数据。
[2026-04-15 09:14:15] [INFO] 当前 batch_crawl 已完成，所有视频均已成功抓取。
[2026-04-15 09:14:15] 子任务结束时间：2026-04-15T09:14:15.351832
[TIMESTAMP][END] 2026-04-15T09:14:15
