[TIMESTAMP][BEGIN] 2026-04-15T01:52:13
[2026-04-15 01:52:16] 开始执行 CSV 批量抓取子任务 part_20。
[2026-04-15 01:52:16] 子任务开始时间：2026-04-15T01:52:13.808764
[2026-04-15 01:52:16] 输入文件：batch_input_20.csv
[2026-04-15 01:52:16] 输入唯一 bvid 数量：100
[2026-04-15 01:52:16] 为严格按 CSV 顺序判断连续失败阈值，本次任务自动将并发度从 2 调整为 1。
[2026-04-15 01:52:27] [SUCCESS] bvid=BV19EQABtEtW 已成功抓取全部所需数据。
[2026-04-15 01:52:32] [SUCCESS] bvid=BV1ugDCBAE2h 已成功抓取全部所需数据。
[2026-04-15 01:52:38] [SUCCESS] bvid=BV133D1BgEnb 已成功抓取全部所需数据。
[2026-04-15 01:52:49] [SUCCESS] bvid=BV13GD1BzEiN 已成功抓取全部所需数据。
[2026-04-15 01:52:54] [SUCCESS] bvid=BV1gGD1BzErh 已成功抓取全部所需数据。
[2026-04-15 01:53:00] [SUCCESS] bvid=BV1THD1BYE3f 已成功抓取全部所需数据。
[2026-04-15 01:53:05] [SUCCESS] bvid=BV1MnD1BNE1m 已成功抓取全部所需数据。
[2026-04-15 01:53:10] [SUCCESS] bvid=BV1THD1BYEsr 已成功抓取全部所需数据。
[2026-04-15 01:53:15] [SUCCESS] bvid=BV14HD1BYEKq 已成功抓取全部所需数据。
[2026-04-15 01:53:20] [SUCCESS] bvid=BV14eDkBoEW6 已成功抓取全部所需数据。
[2026-04-15 01:53:33] [SUCCESS] bvid=BV1xHD1BYESk 已成功抓取全部所需数据。
[2026-04-15 01:53:45] [SUCCESS] bvid=BV1KHD1BYEFy 已成功抓取全部所需数据。
[2026-04-15 01:53:49] [SUCCESS] bvid=BV1KHD1BYEUc 已成功抓取全部所需数据。
[2026-04-15 01:54:06] [SUCCESS] bvid=BV1THD1BYEpz 已成功抓取全部所需数据。
[2026-04-15 01:54:12] [SUCCESS] bvid=BV12ED1BvERN 已成功抓取全部所需数据。
[2026-04-15 01:54:24] [SUCCESS] bvid=BV1t7D1BKEBZ 已成功抓取全部所需数据。
[2026-04-15 01:54:29] [SUCCESS] bvid=BV1u7D1BKEhb 已成功抓取全部所需数据。
[2026-04-15 01:54:42] [SUCCESS] bvid=BV1bED1BvE3j 已成功抓取全部所需数据。
[2026-04-15 01:54:53] [SUCCESS] bvid=BV1MED1BvEjL 已成功抓取全部所需数据。
[2026-04-15 01:54:58] [SUCCESS] bvid=BV1MED1BvEmw 已成功抓取全部所需数据。
[2026-04-15 01:55:15] [SUCCESS] bvid=BV1MED1BvE7K 已成功抓取全部所需数据。
[2026-04-15 01:55:21] [SUCCESS] bvid=BV1xiDkBxEfE 已成功抓取全部所需数据。
[2026-04-15 01:55:26] [SUCCESS] bvid=BV1thDkBfErP 已成功抓取全部所需数据。
[2026-04-15 01:55:37] [SUCCESS] bvid=BV14eDkBoEXK 已成功抓取全部所需数据。
[2026-04-15 01:55:48] [SUCCESS] bvid=BV1xeDkBoEUt 已成功抓取全部所需数据。
[2026-04-15 01:55:53] [SUCCESS] bvid=BV1tYDkBtEW7 已成功抓取全部所需数据。
[2026-04-15 01:56:04] [SUCCESS] bvid=BV14eDkBoEqc 已成功抓取全部所需数据。
[2026-04-15 01:56:09] [SUCCESS] bvid=BV1dnQTBkE8h 已成功抓取全部所需数据。
[2026-04-15 01:56:26] [SUCCESS] bvid=BV1bhDkBfEnK 已成功抓取全部所需数据。
[2026-04-15 01:56:31] [SUCCESS] bvid=BV1miDkBxEhJ 已成功抓取全部所需数据。
[2026-04-15 01:56:36] [SUCCESS] bvid=BV1thDkBfEUa 已成功抓取全部所需数据。
[2026-04-15 01:56:48] [SUCCESS] bvid=BV1bhDkBfEFq 已成功抓取全部所需数据。
[2026-04-15 01:56:59] [SUCCESS] bvid=BV1bhDkBfEgR 已成功抓取全部所需数据。
[2026-04-15 01:57:11] [SUCCESS] bvid=BV1UhDkBfESU 已成功抓取全部所需数据。
[2026-04-15 01:57:16] [SUCCESS] bvid=BV18hDkBfEnT 已成功抓取全部所需数据。
[2026-04-15 01:57:21] [SUCCESS] bvid=BV1tYDkBtEt7 已成功抓取全部所需数据。
[2026-04-15 01:57:26] [SUCCESS] bvid=BV1tYDkBtEgs 已成功抓取全部所需数据。
[2026-04-15 01:57:31] [SUCCESS] bvid=BV1s6DkB9ExX 已成功抓取全部所需数据。
[2026-04-15 01:57:43] [SUCCESS] bvid=BV1y6DkBXE8E 已成功抓取全部所需数据。
[2026-04-15 01:57:48] [SUCCESS] bvid=BV1xqDkBREFJ 已成功抓取全部所需数据。
[2026-04-15 01:57:53] [SUCCESS] bvid=BV1skDkBHEF8 已成功抓取全部所需数据。
[2026-04-15 01:57:58] [SUCCESS] bvid=BV1xqDkBREzV 已成功抓取全部所需数据。
[2026-04-15 01:58:03] [SUCCESS] bvid=BV1KqDkBdEVr 已成功抓取全部所需数据。
[2026-04-15 01:58:21] [SUCCESS] bvid=BV12qDkBREBa 已成功抓取全部所需数据。
[2026-04-15 01:58:26] [SUCCESS] bvid=BV1xqDkBREVy 已成功抓取全部所需数据。
[2026-04-15 01:58:37] [SUCCESS] bvid=BV1XpDkBNEqf 已成功抓取全部所需数据。
[2026-04-15 01:58:42] [SUCCESS] bvid=BV12zDkBWEPj 已成功抓取全部所需数据。
[2026-04-15 01:58:53] [SUCCESS] bvid=BV1xzDkBWEEj 已成功抓取全部所需数据。
[2026-04-15 01:58:58] [SUCCESS] bvid=BV1xzDkBWEG3 已成功抓取全部所需数据。
[2026-04-15 01:59:03] [SUCCESS] bvid=BV1xzDkBWEy4 已成功抓取全部所需数据。
[2026-04-15 01:59:09] [SUCCESS] bvid=BV1YpDkBNE4Z 已成功抓取全部所需数据。
[2026-04-15 01:59:14] [SUCCESS] bvid=BV1LtQFBREvK 已成功抓取全部所需数据。
[2026-04-15 01:59:19] [SUCCESS] bvid=BV1RTDfBJERW 已成功抓取全部所需数据。
[2026-04-15 01:59:24] [SUCCESS] bvid=BV1hwQwBnEZk 已成功抓取全部所需数据。
[2026-04-15 01:59:29] [SUCCESS] bvid=BV1hgDCBAEEj 已成功抓取全部所需数据。
[2026-04-15 01:59:34] [SUCCESS] bvid=BV1jrQKBgETB 已成功抓取全部所需数据。
[2026-04-15 01:59:39] [SUCCESS] bvid=BV1HiDiBwEsw 已成功抓取全部所需数据。
[2026-04-15 01:59:44] [SUCCESS] bvid=BV1ewDCBBE5p 已成功抓取全部所需数据。
[2026-04-15 01:59:49] [SUCCESS] bvid=BV1VWDkBvEre 已成功抓取全部所需数据。
[2026-04-15 01:59:54] [SUCCESS] bvid=BV1eWDkBeEcS 已成功抓取全部所需数据。
[2026-04-15 01:59:59] [SUCCESS] bvid=BV19nDkBiEHN 已成功抓取全部所需数据。
[2026-04-15 02:00:11] [SUCCESS] bvid=BV1YWDkBeE9H 已成功抓取全部所需数据。
[2026-04-15 02:00:16] [SUCCESS] bvid=BV1RnDkBiEbR 已成功抓取全部所需数据。
[2026-04-15 02:00:27] [SUCCESS] bvid=BV1YnDkBiE9k 已成功抓取全部所需数据。
[2026-04-15 02:00:32] [SUCCESS] bvid=BV1enDkBiEv4 已成功抓取全部所需数据。
[2026-04-15 02:00:44] [SUCCESS] bvid=BV1YnDkBiEUa 已成功抓取全部所需数据。
[2026-04-15 02:00:49] [SUCCESS] bvid=BV18bDkBcEZ6 已成功抓取全部所需数据。
[2026-04-15 02:01:00] [SUCCESS] bvid=BV1aMDCBeEx8 已成功抓取全部所需数据。
[2026-04-15 02:01:06] [SUCCESS] bvid=BV1nUDkBEEB1 已成功抓取全部所需数据。
[2026-04-15 02:01:11] [SUCCESS] bvid=BV1SbDkBcEdh 已成功抓取全部所需数据。
[2026-04-15 02:01:22] [SUCCESS] bvid=BV13xDkBPE94 已成功抓取全部所需数据。
[2026-04-15 02:01:27] [SUCCESS] bvid=BV188DkBbEph 已成功抓取全部所需数据。
[2026-04-15 02:01:41] [SUCCESS] bvid=BV1b8DkB8EcN 已成功抓取全部所需数据。
[2026-04-15 02:01:47] [SUCCESS] bvid=BV1YMQMB6Ex5 已成功抓取全部所需数据。
[2026-04-15 02:01:52] [SUCCESS] bvid=BV1aiQFBJEio 已成功抓取全部所需数据。
[2026-04-15 02:01:58] [SUCCESS] bvid=BV1axDkBAEfs 已成功抓取全部所需数据。
[2026-04-15 02:02:10] [SUCCESS] bvid=BV1JWQwBKELp 已成功抓取全部所需数据。
[2026-04-15 02:02:15] [SUCCESS] bvid=BV1g3DCBaE8x 已成功抓取全部所需数据。
[2026-04-15 02:02:20] [SUCCESS] bvid=BV134DkBYExv 已成功抓取全部所需数据。
[2026-04-15 02:02:31] [SUCCESS] bvid=BV1rtDCBDEjJ 已成功抓取全部所需数据。
[2026-04-15 02:02:37] [SUCCESS] bvid=BV1FtDCBDEk7 已成功抓取全部所需数据。
[2026-04-15 02:02:42] [SUCCESS] bvid=BV1aNDCBiEm2 已成功抓取全部所需数据。
[2026-04-15 02:02:47] [SUCCESS] bvid=BV1ggDCBAEeM 已成功抓取全部所需数据。
[2026-04-15 02:02:52] [SUCCESS] bvid=BV1D4DkBaEDb 已成功抓取全部所需数据。
[2026-04-15 02:02:58] [SUCCESS] bvid=BV1D4DkBaE4j 已成功抓取全部所需数据。
[2026-04-15 02:03:03] [SUCCESS] bvid=BV1D4DkBaEZ6 已成功抓取全部所需数据。
[2026-04-15 02:03:03] [ERROR] bvid=BV1LfDkB6EGX 抓取失败：stat: 接口返回错误代码：62012，信息：62012。
{'code': 62012, 'message': '62012', 'ttl': 1} | comment: 接口返回错误代码：62012，信息：62012。
{'code': 62012, 'message': '62012', 'ttl': 1}
[2026-04-15 02:03:08] [SUCCESS] bvid=BV1a4DkBaE3H 已成功抓取全部所需数据。
[2026-04-15 02:03:19] [SUCCESS] bvid=BV1HnQwBMEYY 已成功抓取全部所需数据。
[2026-04-15 02:03:32] [SUCCESS] bvid=BV15cDCBuEWM 已成功抓取全部所需数据。
[2026-04-15 02:03:42] [SUCCESS] bvid=BV1icDCBuEuG 已成功抓取全部所需数据。
[2026-04-15 02:03:47] [SUCCESS] bvid=BV1ecDCBuEKQ 已成功抓取全部所需数据。
[2026-04-15 02:03:52] [SUCCESS] bvid=BV15cDCBuEg4 已成功抓取全部所需数据。
[2026-04-15 02:04:03] [SUCCESS] bvid=BV1BY9TBHEFh 已成功抓取全部所需数据。
[2026-04-15 02:04:09] [SUCCESS] bvid=BV1idDkBkE6o 已成功抓取全部所需数据。
[2026-04-15 02:04:15] [SUCCESS] bvid=BV1idDkBkE7M 已成功抓取全部所需数据。
[2026-04-15 02:04:19] [SUCCESS] bvid=BV1jdDkBkE7G 已成功抓取全部所需数据。
[2026-04-15 02:04:31] [SUCCESS] bvid=BV17dDkBkEry 已成功抓取全部所需数据。
[2026-04-15 02:04:36] [SUCCESS] bvid=BV1idDkBkEkD 已成功抓取全部所需数据。
[2026-04-15 02:04:47] [SUCCESS] bvid=BV1LZDkB3EXh 已成功抓取全部所需数据。
[2026-04-15 02:04:47] [WARN] 当前子任务已结束，但仍有未成功抓取的视频，已导出 remaining CSV 供继续执行。
[2026-04-15 02:04:47] [INFO] 已导出剔除成功条目后的剩余 CSV：D:\Schoolworks\Thesis\Bilibili-Datahub\outputs\video_data\manual_crawls\manual_crawl_stat_comment_20260414_214213\remaining_bvids_part_20.csv
[2026-04-15 02:04:47] 子任务结束时间：2026-04-15T02:04:47.510953
[TIMESTAMP][END] 2026-04-15T02:04:47
