[TIMESTAMP][BEGIN] 2026-04-15T08:09:10
[2026-04-15 08:09:12] 开始执行 CSV 批量抓取子任务 part_50。
[2026-04-15 08:09:12] 子任务开始时间：2026-04-15T08:09:10.666777
[2026-04-15 08:09:12] 输入文件：batch_input_50.csv
[2026-04-15 08:09:12] 输入唯一 bvid 数量：100
[2026-04-15 08:09:12] 为严格按 CSV 顺序判断连续失败阈值，本次任务自动将并发度从 2 调整为 1。
[2026-04-15 08:09:18] [SUCCESS] bvid=BV193DLBZE1p 已成功抓取全部所需数据。
[2026-04-15 08:09:29] [SUCCESS] bvid=BV1juDLBFEE6 已成功抓取全部所需数据。
[2026-04-15 08:09:35] [SUCCESS] bvid=BV1L3DLBZEwA 已成功抓取全部所需数据。
[2026-04-15 08:09:40] [SUCCESS] bvid=BV1N5DrBQErW 已成功抓取全部所需数据。
[2026-04-15 08:09:52] [SUCCESS] bvid=BV1TbDLBjEgB 已成功抓取全部所需数据。
[2026-04-15 08:10:03] [SUCCESS] bvid=BV1e3DLBZEFr 已成功抓取全部所需数据。
[2026-04-15 08:10:09] [SUCCESS] bvid=BV1juDLBFEiv 已成功抓取全部所需数据。
[2026-04-15 08:10:21] [SUCCESS] bvid=BV1JeDeBREVz 已成功抓取全部所需数据。
[2026-04-15 08:10:27] [SUCCESS] bvid=BV1VVDLB4EgA 已成功抓取全部所需数据。
[2026-04-15 08:10:32] [SUCCESS] bvid=BV1VgDLBbErW 已成功抓取全部所需数据。
[2026-04-15 08:10:37] [SUCCESS] bvid=BV15VDLB4EJt 已成功抓取全部所需数据。
[2026-04-15 08:10:42] [SUCCESS] bvid=BV1UPDjBHEwv 已成功抓取全部所需数据。
[2026-04-15 08:10:47] [SUCCESS] bvid=BV1qVDkB3E6S 已成功抓取全部所需数据。
[2026-04-15 08:10:53] [SUCCESS] bvid=BV1yjDjB5Enr 已成功抓取全部所需数据。
[2026-04-15 08:10:58] [SUCCESS] bvid=BV1LuDLBFEHc 已成功抓取全部所需数据。
[2026-04-15 08:11:03] [SUCCESS] bvid=BV1juDLBFEbV 已成功抓取全部所需数据。
[2026-04-15 08:11:08] [SUCCESS] bvid=BV1iuDLBFEFA 已成功抓取全部所需数据。
[2026-04-15 08:11:14] [SUCCESS] bvid=BV1LgDLBtE3M 已成功抓取全部所需数据。
[2026-04-15 08:11:26] [SUCCESS] bvid=BV1EUD6BzE5R 已成功抓取全部所需数据。
[2026-04-15 08:11:32] [SUCCESS] bvid=BV1VZDLB4Euf 已成功抓取全部所需数据。
[2026-04-15 08:11:43] [SUCCESS] bvid=BV1XqDjBfEHL 已成功抓取全部所需数据。
[2026-04-15 08:11:48] [SUCCESS] bvid=BV1GkDrBYEq2 已成功抓取全部所需数据。
[2026-04-15 08:11:53] [SUCCESS] bvid=BV14VDrBpEFE 已成功抓取全部所需数据。
[2026-04-15 08:11:58] [SUCCESS] bvid=BV1BDD6BME9t 已成功抓取全部所需数据。
[2026-04-15 08:12:04] [SUCCESS] bvid=BV1ryD6BGEhh 已成功抓取全部所需数据。
[2026-04-15 08:12:10] [SUCCESS] bvid=BV1AkSoBREsW 已成功抓取全部所需数据。
[2026-04-15 08:12:15] [SUCCESS] bvid=BV1n3DYBQEdi 已成功抓取全部所需数据。
[2026-04-15 08:12:20] [SUCCESS] bvid=BV1jgDLB8Ew4 已成功抓取全部所需数据。
[2026-04-15 08:12:25] [SUCCESS] bvid=BV1vgDLBbEti 已成功抓取全部所需数据。
[2026-04-15 08:12:30] [SUCCESS] bvid=BV1vgDLBbEQ9 已成功抓取全部所需数据。
[2026-04-15 08:12:36] [SUCCESS] bvid=BV1LgDLBbE95 已成功抓取全部所需数据。
[2026-04-15 08:12:41] [SUCCESS] bvid=BV15gDLBbEBk 已成功抓取全部所需数据。
[2026-04-15 08:12:47] [SUCCESS] bvid=BV15gDLBbEGw 已成功抓取全部所需数据。
[2026-04-15 08:12:53] [SUCCESS] bvid=BV1a7DLB9EBY 已成功抓取全部所需数据。
[2026-04-15 08:12:58] [SUCCESS] bvid=BV1a5DLBdEbR 已成功抓取全部所需数据。
[2026-04-15 08:13:03] [SUCCESS] bvid=BV137DLB9EzP 已成功抓取全部所需数据。
[2026-04-15 08:13:08] [SUCCESS] bvid=BV1g7DLB9EXQ 已成功抓取全部所需数据。
[2026-04-15 08:13:13] [SUCCESS] bvid=BV1G7DLB9EJC 已成功抓取全部所需数据。
[2026-04-15 08:13:18] [SUCCESS] bvid=BV1a5DLBdE8B 已成功抓取全部所需数据。
[2026-04-15 08:13:30] [SUCCESS] bvid=BV1Q7DLB9EdC 已成功抓取全部所需数据。
[2026-04-15 08:13:41] [SUCCESS] bvid=BV1a7DLB9EWT 已成功抓取全部所需数据。
[2026-04-15 08:13:47] [SUCCESS] bvid=BV1G5DLBdEHC 已成功抓取全部所需数据。
[2026-04-15 08:13:53] [SUCCESS] bvid=BV1ajDLBsEu9 已成功抓取全部所需数据。
[2026-04-15 08:13:58] [SUCCESS] bvid=BV1G5DLBdEgP 已成功抓取全部所需数据。
[2026-04-15 08:14:03] [SUCCESS] bvid=BV1ajDLBsETv 已成功抓取全部所需数据。
[2026-04-15 08:14:16] [SUCCESS] bvid=BV1G5DLBdEz4 已成功抓取全部所需数据。
[2026-04-15 08:14:21] [SUCCESS] bvid=BV1G5DLBdEER 已成功抓取全部所需数据。
[2026-04-15 08:14:26] [SUCCESS] bvid=BV1G5DLBdEWp 已成功抓取全部所需数据。
[2026-04-15 08:14:32] [SUCCESS] bvid=BV195DLBdEvK 已成功抓取全部所需数据。
[2026-04-15 08:14:37] [SUCCESS] bvid=BV135DLBdEej 已成功抓取全部所需数据。
[2026-04-15 08:14:43] [SUCCESS] bvid=BV1V5DLBoERp 已成功抓取全部所需数据。
[2026-04-15 08:14:49] [SUCCESS] bvid=BV1ajDLBsEgw 已成功抓取全部所需数据。
[2026-04-15 08:14:54] [SUCCESS] bvid=BV13jDLBxEy3 已成功抓取全部所需数据。
[2026-04-15 08:14:59] [SUCCESS] bvid=BV1iUDLBYE2Y 已成功抓取全部所需数据。
[2026-04-15 08:15:05] [SUCCESS] bvid=BV1YjDLBsEsG 已成功抓取全部所需数据。
[2026-04-15 08:15:10] [SUCCESS] bvid=BV1dUDLBaE35 已成功抓取全部所需数据。
[2026-04-15 08:15:16] [SUCCESS] bvid=BV13jDLBsEdV 已成功抓取全部所需数据。
[2026-04-15 08:15:20] [SUCCESS] bvid=BV1RDDLBcEvD 已成功抓取全部所需数据。
[2026-04-15 08:15:26] [SUCCESS] bvid=BV1QqDjBfESY 已成功抓取全部所需数据。
[2026-04-15 08:15:32] [SUCCESS] bvid=BV1dUDLBaEvZ 已成功抓取全部所需数据。
[2026-04-15 08:15:37] [SUCCESS] bvid=BV1iDDLBwE1d 已成功抓取全部所需数据。
[2026-04-15 08:15:43] [SUCCESS] bvid=BV1jUDLBYEyZ 已成功抓取全部所需数据。
[2026-04-15 08:15:48] [SUCCESS] bvid=BV1oUDLBaE8n 已成功抓取全部所需数据。
[2026-04-15 08:15:54] [SUCCESS] bvid=BV1LUDLBYE5t 已成功抓取全部所需数据。
[2026-04-15 08:15:59] [SUCCESS] bvid=BV1z1DLBvE3k 已成功抓取全部所需数据。
[2026-04-15 08:16:05] [SUCCESS] bvid=BV1jDDLBwEJR 已成功抓取全部所需数据。
[2026-04-15 08:16:10] [SUCCESS] bvid=BV1dDDLBcEQT 已成功抓取全部所需数据。
[2026-04-15 08:16:15] [SUCCESS] bvid=BV1dmDLBAERa 已成功抓取全部所需数据。
[2026-04-15 08:16:20] [SUCCESS] bvid=BV1dmDLBwEYk 已成功抓取全部所需数据。
[2026-04-15 08:16:25] [SUCCESS] bvid=BV1KcDvBTEDo 已成功抓取全部所需数据。
[2026-04-15 08:16:30] [SUCCESS] bvid=BV1mmX7BZEkh 已成功抓取全部所需数据。
[2026-04-15 08:16:35] [SUCCESS] bvid=BV1i8DjBeEMv 已成功抓取全部所需数据。
[2026-04-15 08:16:40] [SUCCESS] bvid=BV1YRDLBbEva 已成功抓取全部所需数据。
[2026-04-15 08:16:46] [SUCCESS] bvid=BV1yvDLBGE5H 已成功抓取全部所需数据。
[2026-04-15 08:16:51] [SUCCESS] bvid=BV12TDjBJE6k 已成功抓取全部所需数据。
[2026-04-15 08:16:56] [SUCCESS] bvid=BV1E1DLBvE43 已成功抓取全部所需数据。
[2026-04-15 08:17:00] [SUCCESS] bvid=BV1E1DLBvEpw 已成功抓取全部所需数据。
[2026-04-15 08:17:05] [SUCCESS] bvid=BV1E1DLBvE3V 已成功抓取全部所需数据。
[2026-04-15 08:17:11] [SUCCESS] bvid=BV1Z1DLBeECa 已成功抓取全部所需数据。
[2026-04-15 08:17:17] [SUCCESS] bvid=BV1dmDLBAEd5 已成功抓取全部所需数据。
[2026-04-15 08:17:21] [SUCCESS] bvid=BV1ZmDLBPExG 已成功抓取全部所需数据。
[2026-04-15 08:17:26] [SUCCESS] bvid=BV17mDLBPEP3 已成功抓取全部所需数据。
[2026-04-15 08:17:32] [SUCCESS] bvid=BV1qmDLBPEob 已成功抓取全部所需数据。
[2026-04-15 08:17:38] [SUCCESS] bvid=BV1XRDLBtEow 已成功抓取全部所需数据。
[2026-04-15 08:17:44] [SUCCESS] bvid=BV15QDLBhEEu 已成功抓取全部所需数据。
[2026-04-15 08:17:49] [SUCCESS] bvid=BV1XdDLBZEog 已成功抓取全部所需数据。
[2026-04-15 08:17:54] [SUCCESS] bvid=BV1jmDLBPEyu 已成功抓取全部所需数据。
[2026-04-15 08:17:59] [SUCCESS] bvid=BV1179jBWERY 已成功抓取全部所需数据。
[2026-04-15 08:18:05] [SUCCESS] bvid=BV1VRDLBbEuS 已成功抓取全部所需数据。
[2026-04-15 08:18:11] [SUCCESS] bvid=BV1vQDLBhEfp 已成功抓取全部所需数据。
[2026-04-15 08:18:16] [SUCCESS] bvid=BV1XRDLBtESs 已成功抓取全部所需数据。
[2026-04-15 08:18:21] [SUCCESS] bvid=BV1XdDLBZEAM 已成功抓取全部所需数据。
[2026-04-15 08:18:26] [SUCCESS] bvid=BV1edDLBZEAg 已成功抓取全部所需数据。
[2026-04-15 08:18:31] [SUCCESS] bvid=BV1XdDLBoEoy 已成功抓取全部所需数据。
[2026-04-15 08:18:37] [SUCCESS] bvid=BV1VRDLBbEu2 已成功抓取全部所需数据。
[2026-04-15 08:18:43] [SUCCESS] bvid=BV1xWDeBaE3h 已成功抓取全部所需数据。
[2026-04-15 08:18:48] [SUCCESS] bvid=BV1XRDLBtEpG 已成功抓取全部所需数据。
[2026-04-15 08:18:54] [SUCCESS] bvid=BV1VRDLBbErc 已成功抓取全部所需数据。
[2026-04-15 08:18:59] [SUCCESS] bvid=BV1GRDLBbEQp 已成功抓取全部所需数据。
[2026-04-15 08:19:05] [SUCCESS] bvid=BV1XdDLBZExL 已成功抓取全部所需数据。
[2026-04-15 08:19:05] [INFO] 当前 batch_crawl 已完成，所有视频均已成功抓取。
[2026-04-15 08:19:05] 子任务结束时间：2026-04-15T08:19:05.135917
[TIMESTAMP][END] 2026-04-15T08:19:05
