[TIMESTAMP][BEGIN] 2026-04-15T06:46:46
[2026-04-15 06:46:54] 开始执行 CSV 批量抓取子任务 part_43。
[2026-04-15 06:46:54] 子任务开始时间：2026-04-15T06:46:46.713604
[2026-04-15 06:46:54] 输入文件：batch_input_43.csv
[2026-04-15 06:46:54] 输入唯一 bvid 数量：100
[2026-04-15 06:46:54] 为严格按 CSV 顺序判断连续失败阈值，本次任务自动将并发度从 2 调整为 1。
[2026-04-15 06:46:59] [SUCCESS] bvid=BV1v4DWBSEam 已成功抓取全部所需数据。
[2026-04-15 06:47:04] [SUCCESS] bvid=BV1e4DWBSExY 已成功抓取全部所需数据。
[2026-04-15 06:47:10] [SUCCESS] bvid=BV1JoDWBFEv6 已成功抓取全部所需数据。
[2026-04-15 06:47:15] [SUCCESS] bvid=BV1e4DWBSEL7 已成功抓取全部所需数据。
[2026-04-15 06:47:33] [SUCCESS] bvid=BV1FZDWBbEk4 已成功抓取全部所需数据。
[2026-04-15 06:47:45] [SUCCESS] bvid=BV1ffDWBoEZi 已成功抓取全部所需数据。
[2026-04-15 06:47:50] [SUCCESS] bvid=BV1e4DWBSEFx 已成功抓取全部所需数据。
[2026-04-15 06:47:56] [SUCCESS] bvid=BV1coDWBFEWd 已成功抓取全部所需数据。
[2026-04-15 06:48:01] [SUCCESS] bvid=BV1JfDWBZEJZ 已成功抓取全部所需数据。
[2026-04-15 06:48:12] [SUCCESS] bvid=BV1ffDWBoEXa 已成功抓取全部所需数据。
[2026-04-15 06:48:17] [SUCCESS] bvid=BV14xDsBgEhT 已成功抓取全部所需数据。
[2026-04-15 06:48:23] [SUCCESS] bvid=BV1ybDsBTEuZ 已成功抓取全部所需数据。
[2026-04-15 06:48:35] [SUCCESS] bvid=BV12JDpBvEtK 已成功抓取全部所需数据。
[2026-04-15 06:48:41] [SUCCESS] bvid=BV1xPDWBvEfn 已成功抓取全部所需数据。
[2026-04-15 06:48:46] [SUCCESS] bvid=BV135DiB7EH4 已成功抓取全部所需数据。
[2026-04-15 06:48:52] [SUCCESS] bvid=BV1fcDsBxEwA 已成功抓取全部所需数据。
[2026-04-15 06:48:57] [SUCCESS] bvid=BV1ocDsBxEfd 已成功抓取全部所需数据。
[2026-04-15 06:49:09] [SUCCESS] bvid=BV1xWDsBrEQa 已成功抓取全部所需数据。
[2026-04-15 06:49:14] [SUCCESS] bvid=BV1fcDsB4E4z 已成功抓取全部所需数据。
[2026-04-15 06:49:25] [SUCCESS] bvid=BV1coDWBFEij 已成功抓取全部所需数据。
[2026-04-15 06:49:30] [SUCCESS] bvid=BV1noDWBFEvC 已成功抓取全部所需数据。
[2026-04-15 06:49:42] [SUCCESS] bvid=BV1FoDWBFE9Y 已成功抓取全部所需数据。
[2026-04-15 06:49:47] [SUCCESS] bvid=BV1fdDWBfEHb 已成功抓取全部所需数据。
[2026-04-15 06:49:58] [SUCCESS] bvid=BV1FZDWBbEk2 已成功抓取全部所需数据。
[2026-04-15 06:50:04] [SUCCESS] bvid=BV1fZDWBtEix 已成功抓取全部所需数据。
[2026-04-15 06:50:15] [SUCCESS] bvid=BV1dNDsBXECr 已成功抓取全部所需数据。
[2026-04-15 06:50:27] [SUCCESS] bvid=BV1EjDWB4Efs 已成功抓取全部所需数据。
[2026-04-15 06:50:33] [SUCCESS] bvid=BV1jcDpBUEig 已成功抓取全部所需数据。
[2026-04-15 06:50:38] [SUCCESS] bvid=BV1jNDsB9EtC 已成功抓取全部所需数据。
[2026-04-15 06:50:50] [SUCCESS] bvid=BV17PDsBsEFS 已成功抓取全部所需数据。
[2026-04-15 06:50:51] [ERROR] bvid=BV1P1DWBqEo2 抓取失败：stat: 接口返回错误代码：-404，信息：啥都木有。
{'code': -404, 'message': '啥都木有', 'ttl': 1} | comment: 接口返回错误代码：-404，信息：啥都木有。
{'code': -404, 'message': '啥都木有', 'ttl': 1}
[2026-04-15 06:50:57] [SUCCESS] bvid=BV1dTDsBHENT 已成功抓取全部所需数据。
[2026-04-15 06:51:02] [SUCCESS] bvid=BV19TDsBHEJV 已成功抓取全部所需数据。
[2026-04-15 06:51:08] [SUCCESS] bvid=BV1jTDsBpEFC 已成功抓取全部所需数据。
[2026-04-15 06:51:14] [SUCCESS] bvid=BV1ZwDsBREnG 已成功抓取全部所需数据。
[2026-04-15 06:51:19] [SUCCESS] bvid=BV1x1DWBqEp3 已成功抓取全部所需数据。
[2026-04-15 06:51:25] [SUCCESS] bvid=BV1XgDsBJEns 已成功抓取全部所需数据。
[2026-04-15 06:51:30] [SUCCESS] bvid=BV1oPDsBWEYf 已成功抓取全部所需数据。
[2026-04-15 06:51:42] [SUCCESS] bvid=BV1oCDsBoEQc 已成功抓取全部所需数据。
[2026-04-15 06:51:47] [SUCCESS] bvid=BV1G5DLBdEF3 已成功抓取全部所需数据。
[2026-04-15 06:51:53] [SUCCESS] bvid=BV19PDpB1EHy 已成功抓取全部所需数据。
[2026-04-15 06:51:58] [SUCCESS] bvid=BV1MuDEBoEXg 已成功抓取全部所需数据。
[2026-04-15 06:52:03] [SUCCESS] bvid=BV1ikDpBSE1G 已成功抓取全部所需数据。
[2026-04-15 06:52:16] [SUCCESS] bvid=BV1YRXzBYEPg 已成功抓取全部所需数据。
[2026-04-15 06:52:28] [SUCCESS] bvid=BV1v1DsBxEHi 已成功抓取全部所需数据。
[2026-04-15 06:52:34] [SUCCESS] bvid=BV1CpDnBREkh 已成功抓取全部所需数据。
[2026-04-15 06:52:46] [SUCCESS] bvid=BV1C8DsBiENw 已成功抓取全部所需数据。
[2026-04-15 06:52:51] [SUCCESS] bvid=BV1XkDrBaEXm 已成功抓取全部所需数据。
[2026-04-15 06:52:57] [SUCCESS] bvid=BV1zvDpBsEJC 已成功抓取全部所需数据。
[2026-04-15 06:53:08] [SUCCESS] bvid=BV1eUDsBWEbv 已成功抓取全部所需数据。
[2026-04-15 06:53:20] [SUCCESS] bvid=BV1ESDJBEEfR 已成功抓取全部所需数据。
[2026-04-15 06:53:34] [SUCCESS] bvid=BV1AYDsBvEg7 已成功抓取全部所需数据。
[2026-04-15 06:53:39] [SUCCESS] bvid=BV1e6DnBVEXR 已成功抓取全部所需数据。
[2026-04-15 06:53:51] [SUCCESS] bvid=BV1CyDHB8EKp 已成功抓取全部所需数据。
[2026-04-15 06:54:03] [SUCCESS] bvid=BV1riDsBaEyB 已成功抓取全部所需数据。
[2026-04-15 06:54:08] [SUCCESS] bvid=BV1wiDsBYEVs 已成功抓取全部所需数据。
[2026-04-15 06:54:14] [SUCCESS] bvid=BV1s8DsBqEqp 已成功抓取全部所需数据。
[2026-04-15 06:54:20] [SUCCESS] bvid=BV1FRDWBhETx 已成功抓取全部所需数据。
[2026-04-15 06:54:26] [SUCCESS] bvid=BV12JDpBvEM8 已成功抓取全部所需数据。
[2026-04-15 06:54:38] [SUCCESS] bvid=BV1UP9ABREZ2 已成功抓取全部所需数据。
[2026-04-15 06:54:44] [SUCCESS] bvid=BV1s4DsBzEiv 已成功抓取全部所需数据。
[2026-04-15 06:54:56] [SUCCESS] bvid=BV1RTDsBHE4E 已成功抓取全部所需数据。
[2026-04-15 06:55:01] [SUCCESS] bvid=BV19TDsBHEfq 已成功抓取全部所需数据。
[2026-04-15 06:55:07] [SUCCESS] bvid=BV1dwDsBREfA 已成功抓取全部所需数据。
[2026-04-15 06:55:18] [SUCCESS] bvid=BV19aDNBYEtg 已成功抓取全部所需数据。
[2026-04-15 06:55:23] [SUCCESS] bvid=BV1PmDWBKEhX 已成功抓取全部所需数据。
[2026-04-15 06:55:29] [SUCCESS] bvid=BV1jPDsBsEoY 已成功抓取全部所需数据。
[2026-04-15 06:55:41] [SUCCESS] bvid=BV1RFDpBEEom 已成功抓取全部所需数据。
[2026-04-15 06:55:46] [SUCCESS] bvid=BV1NyDWBMEi9 已成功抓取全部所需数据。
[2026-04-15 06:55:59] [SUCCESS] bvid=BV1WUDWBvEFT 已成功抓取全部所需数据。
[2026-04-15 06:56:04] [SUCCESS] bvid=BV12yDWBME9K 已成功抓取全部所需数据。
[2026-04-15 06:56:10] [SUCCESS] bvid=BV1TyDWBMEuz 已成功抓取全部所需数据。
[2026-04-15 06:56:16] [SUCCESS] bvid=BV1TyDWBuEyW 已成功抓取全部所需数据。
[2026-04-15 06:56:21] [SUCCESS] bvid=BV1KyDWBMEdf 已成功抓取全部所需数据。
[2026-04-15 06:56:33] [SUCCESS] bvid=BV1TyDWBuEir 已成功抓取全部所需数据。
[2026-04-15 06:56:34] [ERROR] bvid=BV1c9DWBwEeA 抓取失败：stat: 接口返回错误代码：62012，信息：62012。
{'code': 62012, 'message': '62012', 'ttl': 1} | comment: 接口返回错误代码：62012，信息：62012。
{'code': 62012, 'message': '62012', 'ttl': 1}
[2026-04-15 06:56:39] [SUCCESS] bvid=BV1NyDWBME1t 已成功抓取全部所需数据。
[2026-04-15 06:56:45] [SUCCESS] bvid=BV1W1DWBqEQT 已成功抓取全部所需数据。
[2026-04-15 06:56:57] [SUCCESS] bvid=BV1F9DWBwEmV 已成功抓取全部所需数据。
[2026-04-15 06:57:03] [SUCCESS] bvid=BV1w9DWBAEyB 已成功抓取全部所需数据。
[2026-04-15 06:57:15] [SUCCESS] bvid=BV1k9DWBwESH 已成功抓取全部所需数据。
[2026-04-15 06:57:27] [SUCCESS] bvid=BV1w9DWBwEKW 已成功抓取全部所需数据。
[2026-04-15 06:57:32] [SUCCESS] bvid=BV1c9DWBwEHh 已成功抓取全部所需数据。
[2026-04-15 06:57:38] [SUCCESS] bvid=BV1RFDnB6E98 已成功抓取全部所需数据。
[2026-04-15 06:57:44] [SUCCESS] bvid=BV1UjDpBqERj 已成功抓取全部所需数据。
[2026-04-15 06:57:57] [SUCCESS] bvid=BV1dADpBjEHb 已成功抓取全部所需数据。
[2026-04-15 06:58:03] [SUCCESS] bvid=BV1HRDWBhEPv 已成功抓取全部所需数据。
[2026-04-15 06:58:15] [SUCCESS] bvid=BV1p9DWBwEa3 已成功抓取全部所需数据。
[2026-04-15 06:58:20] [SUCCESS] bvid=BV1c9DWBwE4h 已成功抓取全部所需数据。
[2026-04-15 06:58:26] [SUCCESS] bvid=BV1WDDWBPEdP 已成功抓取全部所需数据。
[2026-04-15 06:58:32] [SUCCESS] bvid=BV1pDDWBPE2w 已成功抓取全部所需数据。
[2026-04-15 06:58:43] [SUCCESS] bvid=BV1pmDHBtEKr 已成功抓取全部所需数据。
[2026-04-15 06:58:49] [SUCCESS] bvid=BV1mWDsBrExY 已成功抓取全部所需数据。
[2026-04-15 06:59:02] [SUCCESS] bvid=BV19iDjB8EBk 已成功抓取全部所需数据。
[2026-04-15 06:59:08] [SUCCESS] bvid=BV1UnDsBkE21 已成功抓取全部所需数据。
[2026-04-15 06:59:14] [SUCCESS] bvid=BV1mnDsBkEmQ 已成功抓取全部所需数据。
[2026-04-15 06:59:25] [SUCCESS] bvid=BV1mFDWBMELm 已成功抓取全部所需数据。
[2026-04-15 06:59:31] [SUCCESS] bvid=BV1UnDsBkEyn 已成功抓取全部所需数据。
[2026-04-15 06:59:37] [SUCCESS] bvid=BV1SnDsBkETA 已成功抓取全部所需数据。
[2026-04-15 06:59:43] [SUCCESS] bvid=BV1TpDsBGEue 已成功抓取全部所需数据。
[2026-04-15 06:59:43] [WARN] 当前子任务已结束，但仍有未成功抓取的视频，已导出 remaining CSV 供继续执行。
[2026-04-15 06:59:43] [INFO] 已导出剔除成功条目后的剩余 CSV：D:\Schoolworks\Thesis\Bilibili-Datahub\outputs\video_data\manual_crawls\manual_crawl_stat_comment_20260414_214213\remaining_bvids_part_43.csv
[2026-04-15 06:59:43] 子任务结束时间：2026-04-15T06:59:43.010362
[TIMESTAMP][END] 2026-04-15T06:59:43
