[TIMESTAMP][BEGIN] 2026-04-15T09:14:15
[2026-04-15 09:14:18] 开始执行 CSV 批量抓取子任务 part_54。
[2026-04-15 09:14:18] 子任务开始时间：2026-04-15T09:14:15.534263
[2026-04-15 09:14:18] 输入文件：batch_input_54.csv
[2026-04-15 09:14:18] 输入唯一 bvid 数量：100
[2026-04-15 09:14:18] 为严格按 CSV 顺序判断连续失败阈值，本次任务自动将并发度从 2 调整为 1。
[2026-04-15 09:14:23] [SUCCESS] bvid=BV1jbDjBKE9A 已成功抓取全部所需数据。
[2026-04-15 09:14:28] [SUCCESS] bvid=BV1L8DjBvER1 已成功抓取全部所需数据。
[2026-04-15 09:14:34] [SUCCESS] bvid=BV1q8DjBeETM 已成功抓取全部所需数据。
[2026-04-15 09:14:39] [SUCCESS] bvid=BV1eoD6BPELV 已成功抓取全部所需数据。
[2026-04-15 09:14:45] [SUCCESS] bvid=BV1joD6BPEFs 已成功抓取全部所需数据。
[2026-04-15 09:14:50] [SUCCESS] bvid=BV15ZD6BYEUb 已成功抓取全部所需数据。
[2026-04-15 09:14:56] [SUCCESS] bvid=BV1RZD6BYEye 已成功抓取全部所需数据。
[2026-04-15 09:15:02] [SUCCESS] bvid=BV1j9D6BKEJP 已成功抓取全部所需数据。
[2026-04-15 09:15:09] [SUCCESS] bvid=BV1cEDzB3E2B 已成功抓取全部所需数据。
[2026-04-15 09:15:14] [SUCCESS] bvid=BV1q9D6BKEpb 已成功抓取全部所需数据。
[2026-04-15 09:15:20] [SUCCESS] bvid=BV179D6BKEAL 已成功抓取全部所需数据。
[2026-04-15 09:15:25] [SUCCESS] bvid=BV1o9D6BKEkK 已成功抓取全部所需数据。
[2026-04-15 09:15:30] [SUCCESS] bvid=BV1q9D6BKEWq 已成功抓取全部所需数据。
[2026-04-15 09:15:36] [SUCCESS] bvid=BV1jRD6BvEpH 已成功抓取全部所需数据。
[2026-04-15 09:15:41] [SUCCESS] bvid=BV1DEDiBCEwE 已成功抓取全部所需数据。
[2026-04-15 09:15:47] [SUCCESS] bvid=BV1dRD6BvEfE 已成功抓取全部所需数据。
[2026-04-15 09:15:53] [SUCCESS] bvid=BV1LRD6BvEsF 已成功抓取全部所需数据。
[2026-04-15 09:15:58] [SUCCESS] bvid=BV1aADrBFEMw 已成功抓取全部所需数据。
[2026-04-15 09:16:04] [SUCCESS] bvid=BV1GADrBFEFs 已成功抓取全部所需数据。
[2026-04-15 09:16:16] [SUCCESS] bvid=BV1GADrBFEf1 已成功抓取全部所需数据。
[2026-04-15 09:16:22] [SUCCESS] bvid=BV1gPDrBbE1e 已成功抓取全部所需数据。
[2026-04-15 09:16:29] [SUCCESS] bvid=BV13PDrBbEQr 已成功抓取全部所需数据。
[2026-04-15 09:16:35] [SUCCESS] bvid=BV13PDrBbEh5 已成功抓取全部所需数据。
[2026-04-15 09:16:41] [SUCCESS] bvid=BV16yD6BGE29 已成功抓取全部所需数据。
[2026-04-15 09:16:47] [SUCCESS] bvid=BV15FDrBwE5L 已成功抓取全部所需数据。
[2026-04-15 09:16:52] [SUCCESS] bvid=BV1GcDrBhEjK 已成功抓取全部所需数据。
[2026-04-15 09:16:58] [SUCCESS] bvid=BV1YFDrBwEJu 已成功抓取全部所需数据。
[2026-04-15 09:17:09] [SUCCESS] bvid=BV1ecDrBhEAu 已成功抓取全部所需数据。
[2026-04-15 09:17:15] [SUCCESS] bvid=BV1VcDrBhEuh 已成功抓取全部所需数据。
[2026-04-15 09:17:20] [SUCCESS] bvid=BV1VcDrBhEnP 已成功抓取全部所需数据。
[2026-04-15 09:17:25] [SUCCESS] bvid=BV1GcDrBhE8Q 已成功抓取全部所需数据。
[2026-04-15 09:17:30] [SUCCESS] bvid=BV1J1D6BrEB9 已成功抓取全部所需数据。
[2026-04-15 09:17:35] [SUCCESS] bvid=BV1CrD6B5EJh 已成功抓取全部所需数据。
[2026-04-15 09:17:40] [SUCCESS] bvid=BV1E1D6BrEDk 已成功抓取全部所需数据。
[2026-04-15 09:17:52] [SUCCESS] bvid=BV1n1D6BrEyY 已成功抓取全部所需数据。
[2026-04-15 09:17:58] [SUCCESS] bvid=BV1ArD6BLE6C 已成功抓取全部所需数据。
[2026-04-15 09:18:09] [SUCCESS] bvid=BV1HrD6B5E27 已成功抓取全部所需数据。
[2026-04-15 09:18:14] [SUCCESS] bvid=BV1ckD6ByE5x 已成功抓取全部所需数据。
[2026-04-15 09:18:26] [SUCCESS] bvid=BV1BDD6BMEBi 已成功抓取全部所需数据。
[2026-04-15 09:18:31] [SUCCESS] bvid=BV1EDD6BMEWt 已成功抓取全部所需数据。
[2026-04-15 09:18:36] [SUCCESS] bvid=BV1fDD6BMEM7 已成功抓取全部所需数据。
[2026-04-15 09:18:41] [SUCCESS] bvid=BV17QD6BqEDe 已成功抓取全部所需数据。
[2026-04-15 09:18:47] [SUCCESS] bvid=BV17QD6BqEku 已成功抓取全部所需数据。
[2026-04-15 09:18:52] [SUCCESS] bvid=BV17QD6BqEQm 已成功抓取全部所需数据。
[2026-04-15 09:19:03] [SUCCESS] bvid=BV1EQD6BqE3n 已成功抓取全部所需数据。
[2026-04-15 09:19:09] [SUCCESS] bvid=BV1EmD6BgEeA 已成功抓取全部所需数据。
[2026-04-15 09:19:26] [SUCCESS] bvid=BV1JUD6BzEtA 已成功抓取全部所需数据。
[2026-04-15 09:19:32] [SUCCESS] bvid=BV1pnDrBmE51 已成功抓取全部所需数据。
[2026-04-15 09:19:38] [SUCCESS] bvid=BV1HJDzB6Ept 已成功抓取全部所需数据。
[2026-04-15 09:19:49] [SUCCESS] bvid=BV1PnDrBmETF 已成功抓取全部所需数据。
[2026-04-15 09:20:01] [SUCCESS] bvid=BV1wnDrBmEEy 已成功抓取全部所需数据。
[2026-04-15 09:20:07] [SUCCESS] bvid=BV1ZEDvB9Ey5 已成功抓取全部所需数据。
[2026-04-15 09:20:18] [SUCCESS] bvid=BV17iDuB7Erm 已成功抓取全部所需数据。
[2026-04-15 09:20:30] [SUCCESS] bvid=BV1ApDrBjEx9 已成功抓取全部所需数据。
[2026-04-15 09:20:36] [SUCCESS] bvid=BV1CpDrBjEBN 已成功抓取全部所需数据。
[2026-04-15 09:20:42] [SUCCESS] bvid=BV1s7DrBSEbD 已成功抓取全部所需数据。
[2026-04-15 09:20:49] [SUCCESS] bvid=BV1ugDrBsEss 已成功抓取全部所需数据。
[2026-04-15 09:20:55] [SUCCESS] bvid=BV1PJDrBEEyF 已成功抓取全部所需数据。
[2026-04-15 09:21:07] [SUCCESS] bvid=BV1sJDrBEEes 已成功抓取全部所需数据。
[2026-04-15 09:21:12] [SUCCESS] bvid=BV1F4DrBCE5L 已成功抓取全部所需数据。
[2026-04-15 09:21:18] [SUCCESS] bvid=BV1AWDrB1EAd 已成功抓取全部所需数据。
[2026-04-15 09:21:30] [SUCCESS] bvid=BV1FbDrBGEW1 已成功抓取全部所需数据。
[2026-04-15 09:21:42] [SUCCESS] bvid=BV1cWDrB1Eia 已成功抓取全部所需数据。
[2026-04-15 09:21:52] [SUCCESS] bvid=BV1wWDrB1E9y 已成功抓取全部所需数据。
[2026-04-15 09:21:58] [SUCCESS] bvid=BV1gTDrB4Eqp 已成功抓取全部所需数据。
[2026-04-15 09:22:08] [SUCCESS] bvid=BV1gMDrBdEPp 已成功抓取全部所需数据。
[2026-04-15 09:22:14] [SUCCESS] bvid=BV1uMDrBdErD 已成功抓取全部所需数据。
[2026-04-15 09:22:19] [SUCCESS] bvid=BV1bgDrBsE69 已成功抓取全部所需数据。
[2026-04-15 09:22:25] [SUCCESS] bvid=BV1hTDrB4E7x 已成功抓取全部所需数据。
[2026-04-15 09:22:31] [SUCCESS] bvid=BV1gTDrB4EZo 已成功抓取全部所需数据。
[2026-04-15 09:22:36] [SUCCESS] bvid=BV1K5DrBQE43 已成功抓取全部所需数据。
[2026-04-15 09:22:41] [SUCCESS] bvid=BV1gTDrB4Eae 已成功抓取全部所需数据。
[2026-04-15 09:22:53] [SUCCESS] bvid=BV1K5DrBQEZz 已成功抓取全部所需数据。
[2026-04-15 09:23:04] [SUCCESS] bvid=BV1N5DrBQErs 已成功抓取全部所需数据。
[2026-04-15 09:23:09] [SUCCESS] bvid=BV1N5DrBQEm6 已成功抓取全部所需数据。
[2026-04-15 09:23:15] [SUCCESS] bvid=BV1K5DrBQERc 已成功抓取全部所需数据。
[2026-04-15 09:23:21] [SUCCESS] bvid=BV145DrBQEkr 已成功抓取全部所需数据。
[2026-04-15 09:23:26] [SUCCESS] bvid=BV12zDYBaEEL 已成功抓取全部所需数据。
[2026-04-15 09:23:32] [SUCCESS] bvid=BV14VDrBpEXZ 已成功抓取全部所需数据。
[2026-04-15 09:23:37] [SUCCESS] bvid=BV1M3DrB9ETX 已成功抓取全部所需数据。
[2026-04-15 09:23:43] [SUCCESS] bvid=BV1FpDzBBEK3 已成功抓取全部所需数据。
[2026-04-15 09:23:48] [SUCCESS] bvid=BV1TVDrBpEqG 已成功抓取全部所需数据。
[2026-04-15 09:23:53] [SUCCESS] bvid=BV1YTDeBVE7A 已成功抓取全部所需数据。
[2026-04-15 09:23:59] [SUCCESS] bvid=BV12dDrBXEDP 已成功抓取全部所需数据。
[2026-04-15 09:24:05] [SUCCESS] bvid=BV1tVDrBpEe5 已成功抓取全部所需数据。
[2026-04-15 09:24:17] [SUCCESS] bvid=BV1D1DrB8EDa 已成功抓取全部所需数据。
[2026-04-15 09:24:22] [SUCCESS] bvid=BV1Q1DrB8EfT 已成功抓取全部所需数据。
[2026-04-15 09:24:28] [SUCCESS] bvid=BV1Q1DrB8EK9 已成功抓取全部所需数据。
[2026-04-15 09:24:45] [SUCCESS] bvid=BV1Q1DrB8E8p 已成功抓取全部所需数据。
[2026-04-15 09:24:51] [SUCCESS] bvid=BV1S1DrB8ESS 已成功抓取全部所需数据。
[2026-04-15 09:24:56] [SUCCESS] bvid=BV1Q2DrBfEjD 已成功抓取全部所需数据。
[2026-04-15 09:25:02] [SUCCESS] bvid=BV1akDrBYEgv 已成功抓取全部所需数据。
[2026-04-15 09:25:13] [SUCCESS] bvid=BV1QyDrBcEHp 已成功抓取全部所需数据。
[2026-04-15 09:25:18] [SUCCESS] bvid=BV1XyDrBcEjs 已成功抓取全部所需数据。
[2026-04-15 09:25:30] [SUCCESS] bvid=BV1QyDrBcENN 已成功抓取全部所需数据。
[2026-04-15 09:25:36] [SUCCESS] bvid=BV1tXDrBdEtV 已成功抓取全部所需数据。
[2026-04-15 09:25:41] [SUCCESS] bvid=BV1MXDrBdE14 已成功抓取全部所需数据。
[2026-04-15 09:25:52] [SUCCESS] bvid=BV1SUDrBtEQn 已成功抓取全部所需数据。
[2026-04-15 09:26:03] [SUCCESS] bvid=BV1SUDrBtEBU 已成功抓取全部所需数据。
[2026-04-15 09:26:09] [SUCCESS] bvid=BV1KDDqBrEwG 已成功抓取全部所需数据。
[2026-04-15 09:26:09] [INFO] 当前 batch_crawl 已完成，所有视频均已成功抓取。
[2026-04-15 09:26:09] 子任务结束时间：2026-04-15T09:26:09.620630
[TIMESTAMP][END] 2026-04-15T09:26:09
