[TIMESTAMP][BEGIN] 2026-04-14T22:34:09
[2026-04-14 22:34:11] 开始执行 CSV 批量抓取子任务 part_5。
[2026-04-14 22:34:11] 子任务开始时间：2026-04-14T22:34:09.385895
[2026-04-14 22:34:11] 输入文件：batch_input_5.csv
[2026-04-14 22:34:11] 输入唯一 bvid 数量：100
[2026-04-14 22:34:11] 为严格按 CSV 顺序判断连续失败阈值，本次任务自动将并发度从 2 调整为 1。
[2026-04-14 22:34:23] [SUCCESS] bvid=BV1ZoQtBBEoS 已成功抓取全部所需数据。
[2026-04-14 22:34:36] [SUCCESS] bvid=BV1dfQtBTEJ3 已成功抓取全部所需数据。
[2026-04-14 22:34:47] [SUCCESS] bvid=BV1ZfQtBTEhA 已成功抓取全部所需数据。
[2026-04-14 22:34:59] [SUCCESS] bvid=BV1dfQtBTEdn 已成功抓取全部所需数据。
[2026-04-14 22:35:05] [SUCCESS] bvid=BV1ofQtBTEMR 已成功抓取全部所需数据。
[2026-04-14 22:35:16] [SUCCESS] bvid=BV1LAQbBvEMv 已成功抓取全部所需数据。
[2026-04-14 22:35:22] [SUCCESS] bvid=BV1f9QtB6Ehq 已成功抓取全部所需数据。
[2026-04-14 22:35:27] [SUCCESS] bvid=BV1E9QtBrErg 已成功抓取全部所需数据。
[2026-04-14 22:35:38] [SUCCESS] bvid=BV1f9QtB6E5K 已成功抓取全部所需数据。
[2026-04-14 22:35:44] [SUCCESS] bvid=BV1f9QtB6EJw 已成功抓取全部所需数据。
[2026-04-14 22:35:50] [SUCCESS] bvid=BV169QtBrEET 已成功抓取全部所需数据。
[2026-04-14 22:35:56] [SUCCESS] bvid=BV1EdQtBgENP 已成功抓取全部所需数据。
[2026-04-14 22:36:01] [SUCCESS] bvid=BV1z9QtBrENa 已成功抓取全部所需数据。
[2026-04-14 22:36:08] [SUCCESS] bvid=BV1JdQtBgEPt 已成功抓取全部所需数据。
[2026-04-14 22:36:20] [SUCCESS] bvid=BV1BdQtBgEtH 已成功抓取全部所需数据。
[2026-04-14 22:36:26] [SUCCESS] bvid=BV17dQtBgES3 已成功抓取全部所需数据。
[2026-04-14 22:36:31] [SUCCESS] bvid=BV1ZdQtBuEvP 已成功抓取全部所需数据。
[2026-04-14 22:36:37] [SUCCESS] bvid=BV17dQtBgE5B 已成功抓取全部所需数据。
[2026-04-14 22:36:42] [SUCCESS] bvid=BV1ZdQtBuEJj 已成功抓取全部所需数据。
[2026-04-14 22:36:48] [SUCCESS] bvid=BV19AQbBeEuS 已成功抓取全部所需数据。
[2026-04-14 22:36:53] [SUCCESS] bvid=BV1ZdQtBuEEm 已成功抓取全部所需数据。
[2026-04-14 22:36:59] [SUCCESS] bvid=BV1RAQbBeEG1 已成功抓取全部所需数据。
[2026-04-14 22:37:05] [SUCCESS] bvid=BV1RAQbBvEVF 已成功抓取全部所需数据。
[2026-04-14 22:37:11] [SUCCESS] bvid=BV19AQbBeEfR 已成功抓取全部所需数据。
[2026-04-14 22:37:22] [SUCCESS] bvid=BV1RAQbBeE5L 已成功抓取全部所需数据。
[2026-04-14 22:37:28] [SUCCESS] bvid=BV1RAQbBeEcb 已成功抓取全部所需数据。
[2026-04-14 22:37:33] [SUCCESS] bvid=BV1RAQbBeEwv 已成功抓取全部所需数据。
[2026-04-14 22:37:39] [SUCCESS] bvid=BV19AQbBeEzA 已成功抓取全部所需数据。
[2026-04-14 22:37:45] [SUCCESS] bvid=BV1RAQbBeEwK 已成功抓取全部所需数据。
[2026-04-14 22:37:51] [SUCCESS] bvid=BV1eNQbBPERF 已成功抓取全部所需数据。
[2026-04-14 22:37:56] [SUCCESS] bvid=BV1VNQbBPEfj 已成功抓取全部所需数据。
[2026-04-14 22:38:02] [SUCCESS] bvid=BV19NQbBAE3N 已成功抓取全部所需数据。
[2026-04-14 22:38:07] [SUCCESS] bvid=BV1XNQbBAEZY 已成功抓取全部所需数据。
[2026-04-14 22:38:12] [SUCCESS] bvid=BV19NQbBAEAH 已成功抓取全部所需数据。
[2026-04-14 22:38:18] [SUCCESS] bvid=BV1XNQbBAEtr 已成功抓取全部所需数据。
[2026-04-14 22:38:30] [SUCCESS] bvid=BV1XNQbBAEbU 已成功抓取全部所需数据。
[2026-04-14 22:38:35] [SUCCESS] bvid=BV1VNQbBPEeY 已成功抓取全部所需数据。
[2026-04-14 22:38:41] [SUCCESS] bvid=BV1LFQbBqEhU 已成功抓取全部所需数据。
[2026-04-14 22:38:46] [SUCCESS] bvid=BV1LFQbBqE9T 已成功抓取全部所需数据。
[2026-04-14 22:38:52] [SUCCESS] bvid=BV1TEQbBsEZm 已成功抓取全部所需数据。
[2026-04-14 22:38:57] [SUCCESS] bvid=BV1dFQbBiEh5 已成功抓取全部所需数据。
[2026-04-14 22:39:03] [SUCCESS] bvid=BV1oFQbBiE8B 已成功抓取全部所需数据。
[2026-04-14 22:39:08] [SUCCESS] bvid=BV1dFQbBiEx4 已成功抓取全部所需数据。
[2026-04-14 22:39:14] [SUCCESS] bvid=BV1LwQbBKEQA 已成功抓取全部所需数据。
[2026-04-14 22:39:20] [SUCCESS] bvid=BV1dFQbBiEkb 已成功抓取全部所需数据。
[2026-04-14 22:39:26] [SUCCESS] bvid=BV1dFQbBiEuR 已成功抓取全部所需数据。
[2026-04-14 22:39:38] [SUCCESS] bvid=BV19wQbBNEQb 已成功抓取全部所需数据。
[2026-04-14 22:39:49] [SUCCESS] bvid=BV1LFQbBqEoz 已成功抓取全部所需数据。
[2026-04-14 22:39:54] [SUCCESS] bvid=BV1RwQbBNEtY 已成功抓取全部所需数据。
[2026-04-14 22:40:00] [SUCCESS] bvid=BV1FeQbB5Ec5 已成功抓取全部所需数据。
[2026-04-14 22:40:05] [SUCCESS] bvid=BV1RwQbBNE85 已成功抓取全部所需数据。
[2026-04-14 22:40:17] [SUCCESS] bvid=BV1LwQbBKEs9 已成功抓取全部所需数据。
[2026-04-14 22:40:28] [SUCCESS] bvid=BV1RwQbBNExS 已成功抓取全部所需数据。
[2026-04-14 22:40:34] [SUCCESS] bvid=BV1dwQbBNEGo 已成功抓取全部所需数据。
[2026-04-14 22:40:40] [SUCCESS] bvid=BV1RwQbBNExx 已成功抓取全部所需数据。
[2026-04-14 22:40:46] [SUCCESS] bvid=BV1dwQbBNEfE 已成功抓取全部所需数据。
[2026-04-14 22:40:52] [SUCCESS] bvid=BV19wQbBNERE 已成功抓取全部所需数据。
[2026-04-14 22:40:57] [SUCCESS] bvid=BV1dwQbBNEU4 已成功抓取全部所需数据。
[2026-04-14 22:41:03] [SUCCESS] bvid=BV1BeQbBVE2y 已成功抓取全部所需数据。
[2026-04-14 22:41:08] [SUCCESS] bvid=BV1zeQbBVEQ8 已成功抓取全部所需数据。
[2026-04-14 22:41:19] [SUCCESS] bvid=BV1zeQbBVEpv 已成功抓取全部所需数据。
[2026-04-14 22:41:25] [SUCCESS] bvid=BV16eQbBVE4H 已成功抓取全部所需数据。
[2026-04-14 22:41:31] [SUCCESS] bvid=BV1whQbBjEdA 已成功抓取全部所需数据。
[2026-04-14 22:41:49] [SUCCESS] bvid=BV1BvQbBkEP6 已成功抓取全部所需数据。
[2026-04-14 22:41:54] [SUCCESS] bvid=BV1BvQbBkEZk 已成功抓取全部所需数据。
[2026-04-14 22:42:06] [SUCCESS] bvid=BV1zvQbBkESo 已成功抓取全部所需数据。
[2026-04-14 22:42:18] [SUCCESS] bvid=BV1NsQbBnE6n 已成功抓取全部所需数据。
[2026-04-14 22:42:24] [SUCCESS] bvid=BV1khQbBjEcP 已成功抓取全部所需数据。
[2026-04-14 22:42:30] [SUCCESS] bvid=BV14dQ4BnEJV 已成功抓取全部所需数据。
[2026-04-14 22:42:36] [SUCCESS] bvid=BV1d6QbBuE9g 已成功抓取全部所需数据。
[2026-04-14 22:42:42] [SUCCESS] bvid=BV1qrQbBBE5E 已成功抓取全部所需数据。
[2026-04-14 22:42:47] [SUCCESS] bvid=BV18KQ4BRECj 已成功抓取全部所需数据。
[2026-04-14 22:42:59] [SUCCESS] bvid=BV1y7QsBBEqX 已成功抓取全部所需数据。
[2026-04-14 22:43:11] [SUCCESS] bvid=BV1xmDZBPECi 已成功抓取全部所需数据。
[2026-04-14 22:43:22] [SUCCESS] bvid=BV1WwQtBjE2B 已成功抓取全部所需数据。
[2026-04-14 22:43:28] [SUCCESS] bvid=BV1DMQ4BpE79 已成功抓取全部所需数据。
[2026-04-14 22:43:34] [SUCCESS] bvid=BV1BqQbB3EBi 已成功抓取全部所需数据。
[2026-04-14 22:43:45] [SUCCESS] bvid=BV1irQbBBEEG 已成功抓取全部所需数据。
[2026-04-14 22:43:51] [SUCCESS] bvid=BV1fqQbB3EHv 已成功抓取全部所需数据。
[2026-04-14 22:44:04] [SUCCESS] bvid=BV1ypQbBDEnE 已成功抓取全部所需数据。
[2026-04-14 22:44:09] [SUCCESS] bvid=BV12HQbBHEKn 已成功抓取全部所需数据。
[2026-04-14 22:44:15] [SUCCESS] bvid=BV1spQbBSEY1 已成功抓取全部所需数据。
[2026-04-14 22:44:20] [SUCCESS] bvid=BV11pQbBDE9Y 已成功抓取全部所需数据。
[2026-04-14 22:44:26] [SUCCESS] bvid=BV11JQbBXEkG 已成功抓取全部所需数据。
[2026-04-14 22:44:32] [SUCCESS] bvid=BV12EQbBWEvM 已成功抓取全部所需数据。
[2026-04-14 22:44:37] [SUCCESS] bvid=BV1TEQbBsEPX 已成功抓取全部所需数据。
[2026-04-14 22:44:43] [SUCCESS] bvid=BV1TEQbBsEsX 已成功抓取全部所需数据。
[2026-04-14 22:44:55] [SUCCESS] bvid=BV1ktQbB7EGA 已成功抓取全部所需数据。
[2026-04-14 22:45:01] [SUCCESS] bvid=BV1ktQbB7Ei7 已成功抓取全部所需数据。
[2026-04-14 22:45:12] [SUCCESS] bvid=BV1rbQbB2EtC 已成功抓取全部所需数据。
[2026-04-14 22:45:18] [SUCCESS] bvid=BV1cbQbBmEfF 已成功抓取全部所需数据。
[2026-04-14 22:45:23] [SUCCESS] bvid=BV1wbQbBmEVZ 已成功抓取全部所需数据。
[2026-04-14 22:45:29] [SUCCESS] bvid=BV1zaDRB2Eum 已成功抓取全部所需数据。
[2026-04-14 22:45:34] [SUCCESS] bvid=BV1kbQbB2EwC 已成功抓取全部所需数据。
[2026-04-14 22:45:40] [SUCCESS] bvid=BV1rbQbB2EeF 已成功抓取全部所需数据。
[2026-04-14 22:45:52] [SUCCESS] bvid=BV1cbQbBmEbg 已成功抓取全部所需数据。
[2026-04-14 22:46:04] [SUCCESS] bvid=BV1AbQbBmEjK 已成功抓取全部所需数据。
[2026-04-14 22:46:17] [SUCCESS] bvid=BV1ysQbBJEqF 已成功抓取全部所需数据。
[2026-04-14 22:46:29] [SUCCESS] bvid=BV1CxQbBUE6M 已成功抓取全部所需数据。
[2026-04-14 22:46:42] [SUCCESS] bvid=BV1ysQbBJEcz 已成功抓取全部所需数据。
[2026-04-14 22:46:42] [INFO] 当前 batch_crawl 已完成，所有视频均已成功抓取。
[2026-04-14 22:46:42] 子任务结束时间：2026-04-14T22:46:42.329417
[TIMESTAMP][END] 2026-04-14T22:46:42
