[TIMESTAMP][BEGIN] 2026-04-15T07:45:32
[2026-04-15 07:45:35] 开始执行 CSV 批量抓取子任务 part_48。
[2026-04-15 07:45:35] 子任务开始时间：2026-04-15T07:45:32.855089
[2026-04-15 07:45:35] 输入文件：batch_input_48.csv
[2026-04-15 07:45:35] 输入唯一 bvid 数量：100
[2026-04-15 07:45:35] 为严格按 CSV 顺序判断连续失败阈值，本次任务自动将并发度从 2 调整为 1。
[2026-04-15 07:45:39] [SUCCESS] bvid=BV1c4DuBWEXn 已成功抓取全部所需数据。
[2026-04-15 07:45:45] [SUCCESS] bvid=BV1JND7B6E6F 已成功抓取全部所需数据。
[2026-04-15 07:45:50] [SUCCESS] bvid=BV17gD7BTEhA 已成功抓取全部所需数据。
[2026-04-15 07:45:55] [SUCCESS] bvid=BV16ND7B6Eu9 已成功抓取全部所需数据。
[2026-04-15 07:45:59] [SUCCESS] bvid=BV1FND7BrE9z 已成功抓取全部所需数据。
[2026-04-15 07:46:04] [SUCCESS] bvid=BV1JTD7BuEAV 已成功抓取全部所需数据。
[2026-04-15 07:46:10] [SUCCESS] bvid=BV1BTD7BuEeV 已成功抓取全部所需数据。
[2026-04-15 07:46:15] [SUCCESS] bvid=BV1xQDjBJEDR 已成功抓取全部所需数据。
[2026-04-15 07:46:19] [SUCCESS] bvid=BV1sdDjB2EGC 已成功抓取全部所需数据。
[2026-04-15 07:46:25] [SUCCESS] bvid=BV14UDjBHEJp 已成功抓取全部所需数据。
[2026-04-15 07:46:35] [SUCCESS] bvid=BV1U2DjBXEqJ 已成功抓取全部所需数据。
[2026-04-15 07:46:41] [SUCCESS] bvid=BV1WZDjBLEn1 已成功抓取全部所需数据。
[2026-04-15 07:46:46] [SUCCESS] bvid=BV11XDjBUEF3 已成功抓取全部所需数据。
[2026-04-15 07:46:51] [SUCCESS] bvid=BV12XDjBUEFk 已成功抓取全部所需数据。
[2026-04-15 07:46:56] [SUCCESS] bvid=BV11RDjB7Esw 已成功抓取全部所需数据。
[2026-04-15 07:47:01] [SUCCESS] bvid=BV1sRDjB7E2E 已成功抓取全部所需数据。
[2026-04-15 07:47:06] [SUCCESS] bvid=BV1yRDjB7E6M 已成功抓取全部所需数据。
[2026-04-15 07:47:12] [SUCCESS] bvid=BV1TtD7BREab 已成功抓取全部所需数据。
[2026-04-15 07:47:12] [ERROR] bvid=BV1u4D7B4EFy 抓取失败：stat: 接口返回错误代码：-404，信息：啥都木有。
{'code': -404, 'message': '啥都木有', 'ttl': 1} | comment: 接口返回错误代码：-404，信息：啥都木有。
{'code': -404, 'message': '啥都木有', 'ttl': 1}
[2026-04-15 07:47:17] [SUCCESS] bvid=BV1t4D7BxERZ 已成功抓取全部所需数据。
[2026-04-15 07:47:22] [SUCCESS] bvid=BV1utD7BRETe 已成功抓取全部所需数据。
[2026-04-15 07:47:27] [SUCCESS] bvid=BV1QqDjBfELb 已成功抓取全部所需数据。
[2026-04-15 07:47:32] [SUCCESS] bvid=BV14YD7BHEGN 已成功抓取全部所需数据。
[2026-04-15 07:47:37] [SUCCESS] bvid=BV1hWD7BtEqm 已成功抓取全部所需数据。
[2026-04-15 07:47:41] [SUCCESS] bvid=BV143DEBxEmt 已成功抓取全部所需数据。
[2026-04-15 07:47:42] [ERROR] bvid=BV1gsD7BoE7X 抓取失败：stat: 接口返回错误代码：-404，信息：啥都木有。
{'code': -404, 'message': '啥都木有', 'ttl': 1} | comment: 接口返回错误代码：-404，信息：啥都木有。
{'code': -404, 'message': '啥都木有', 'ttl': 1}
[2026-04-15 07:47:46] [SUCCESS] bvid=BV1gsD7BoE4p 已成功抓取全部所需数据。
[2026-04-15 07:47:51] [SUCCESS] bvid=BV1gsD7BoExU 已成功抓取全部所需数据。
[2026-04-15 07:47:56] [SUCCESS] bvid=BV1K8D7BWEfQ 已成功抓取全部所需数据。
[2026-04-15 07:48:01] [SUCCESS] bvid=BV1NYD7BHEHE 已成功抓取全部所需数据。
[2026-04-15 07:48:06] [SUCCESS] bvid=BV1xYD7BHEkn 已成功抓取全部所需数据。
[2026-04-15 07:48:17] [SUCCESS] bvid=BV1KYD7BHEQK 已成功抓取全部所需数据。
[2026-04-15 07:48:22] [SUCCESS] bvid=BV1NeD7BDEhe 已成功抓取全部所需数据。
[2026-04-15 07:48:27] [SUCCESS] bvid=BV148D7BWEk6 已成功抓取全部所需数据。
[2026-04-15 07:48:32] [SUCCESS] bvid=BV1m8D7BWEKZ 已成功抓取全部所需数据。
[2026-04-15 07:48:44] [SUCCESS] bvid=BV1K8D7BWESi 已成功抓取全部所需数据。
[2026-04-15 07:48:50] [SUCCESS] bvid=BV155D7BeE7y 已成功抓取全部所需数据。
[2026-04-15 07:48:55] [SUCCESS] bvid=BV1V5D7BeEeS 已成功抓取全部所需数据。
[2026-04-15 07:48:59] [SUCCESS] bvid=BV1L5D7BeEEk 已成功抓取全部所需数据。
[2026-04-15 07:49:10] [SUCCESS] bvid=BV1R5D7BeEM6 已成功抓取全部所需数据。
[2026-04-15 07:49:16] [SUCCESS] bvid=BV1ejD7BAEMm 已成功抓取全部所需数据。
[2026-04-15 07:49:21] [SUCCESS] bvid=BV1VjD7BAE1Q 已成功抓取全部所需数据。
[2026-04-15 07:49:33] [SUCCESS] bvid=BV1j3D7BiE79 已成功抓取全部所需数据。
[2026-04-15 07:49:39] [SUCCESS] bvid=BV15VD7BNEjS 已成功抓取全部所需数据。
[2026-04-15 07:49:50] [SUCCESS] bvid=BV1j3D7BiECj 已成功抓取全部所需数据。
[2026-04-15 07:49:55] [SUCCESS] bvid=BV1GnD7B8EGh 已成功抓取全部所需数据。
[2026-04-15 07:50:00] [SUCCESS] bvid=BV13HD7BfED4 已成功抓取全部所需数据。
[2026-04-15 07:50:06] [SUCCESS] bvid=BV157D7BaEMC 已成功抓取全部所需数据。
[2026-04-15 07:50:18] [SUCCESS] bvid=BV1Y7D7BaEQL 已成功抓取全部所需数据。
[2026-04-15 07:50:23] [SUCCESS] bvid=BV1G7D7BaENZ 已成功抓取全部所需数据。
[2026-04-15 07:50:29] [SUCCESS] bvid=BV1gHD7BfE9W 已成功抓取全部所需数据。
[2026-04-15 07:50:29] [ERROR] bvid=BV1V7D7BaEHo 抓取失败：stat: 接口返回错误代码：62002，信息：稿件不可见。
{'code': 62002, 'message': '稿件不可见', 'ttl': 1} | comment: 接口返回错误代码：62002，信息：稿件不可见。
{'code': 62002, 'message': '稿件不可见', 'ttl': 1}
[2026-04-15 07:50:34] [SUCCESS] bvid=BV1G7D7BaEi3 已成功抓取全部所需数据。
[2026-04-15 07:50:46] [SUCCESS] bvid=BV1YJD7BcE1q 已成功抓取全部所需数据。
[2026-04-15 07:50:51] [SUCCESS] bvid=BV1GJD7BcErG 已成功抓取全部所需数据。
[2026-04-15 07:50:56] [SUCCESS] bvid=BV13JD7BcEsE 已成功抓取全部所需数据。
[2026-04-15 07:51:08] [SUCCESS] bvid=BV17QD7BuEPG 已成功抓取全部所需数据。
[2026-04-15 07:51:20] [SUCCESS] bvid=BV17QD7BuEBj 已成功抓取全部所需数据。
[2026-04-15 07:51:32] [SUCCESS] bvid=BV1K4DLBmE5a 已成功抓取全部所需数据。
[2026-04-15 07:51:37] [SUCCESS] bvid=BV1ZeDuBmEUc 已成功抓取全部所需数据。
[2026-04-15 07:51:42] [SUCCESS] bvid=BV1uWDLBSEcH 已成功抓取全部所需数据。
[2026-04-15 07:51:47] [SUCCESS] bvid=BV1LXD7BBESG 已成功抓取全部所需数据。
[2026-04-15 07:51:58] [SUCCESS] bvid=BV17QD7BuEzj 已成功抓取全部所需数据。
[2026-04-15 07:52:10] [SUCCESS] bvid=BV1jXD7BBEQM 已成功抓取全部所需数据。
[2026-04-15 07:52:16] [SUCCESS] bvid=BV1oSD7BzESf 已成功抓取全部所需数据。
[2026-04-15 07:52:21] [SUCCESS] bvid=BV17UD7B3EVt 已成功抓取全部所需数据。
[2026-04-15 07:52:33] [SUCCESS] bvid=BV1W6D7B2EF4 已成功抓取全部所需数据。
[2026-04-15 07:52:45] [SUCCESS] bvid=BV1fUD7BgEZK 已成功抓取全部所需数据。
[2026-04-15 07:52:50] [SUCCESS] bvid=BV1fSD7BzEAB 已成功抓取全部所需数据。
[2026-04-15 07:53:01] [SUCCESS] bvid=BV1VZD7BNExs 已成功抓取全部所需数据。
[2026-04-15 07:53:07] [SUCCESS] bvid=BV15ZD7BNEB2 已成功抓取全部所需数据。
[2026-04-15 07:53:12] [SUCCESS] bvid=BV19ZD7BPECW 已成功抓取全部所需数据。
[2026-04-15 07:53:17] [SUCCESS] bvid=BV15ZD7BNEfS 已成功抓取全部所需数据。
[2026-04-15 07:53:23] [SUCCESS] bvid=BV19fD7BYEv8 已成功抓取全部所需数据。
[2026-04-15 07:53:28] [SUCCESS] bvid=BV1dRD7BKEH6 已成功抓取全部所需数据。
[2026-04-15 07:53:35] [SUCCESS] bvid=BV15RD7BTEWM 已成功抓取全部所需数据。
[2026-04-15 07:53:41] [SUCCESS] bvid=BV19dD7BvEiD 已成功抓取全部所需数据。
[2026-04-15 07:53:46] [SUCCESS] bvid=BV19dD7BvEB1 已成功抓取全部所需数据。
[2026-04-15 07:53:51] [SUCCESS] bvid=BV1dDDLBcEkN 已成功抓取全部所需数据。
[2026-04-15 07:53:56] [SUCCESS] bvid=BV1AzD7B7ENW 已成功抓取全部所需数据。
[2026-04-15 07:54:01] [SUCCESS] bvid=BV1w6D7B2Ep4 已成功抓取全部所需数据。
[2026-04-15 07:54:07] [SUCCESS] bvid=BV1NiD7BJEGz 已成功抓取全部所需数据。
[2026-04-15 07:54:12] [SUCCESS] bvid=BV1wzD7B7ESY 已成功抓取全部所需数据。
[2026-04-15 07:54:17] [SUCCESS] bvid=BV1w6D7B2EH9 已成功抓取全部所需数据。
[2026-04-15 07:54:23] [SUCCESS] bvid=BV1AqD7BUEUj 已成功抓取全部所需数据。
[2026-04-15 07:54:28] [SUCCESS] bvid=BV1siD7BJEA4 已成功抓取全部所需数据。
[2026-04-15 07:54:33] [SUCCESS] bvid=BV1PiD7BJE75 已成功抓取全部所需数据。
[2026-04-15 07:54:39] [SUCCESS] bvid=BV11PXfBgEZe 已成功抓取全部所需数据。
[2026-04-15 07:54:44] [SUCCESS] bvid=BV1NiD7BJEY7 已成功抓取全部所需数据。
[2026-04-15 07:54:49] [SUCCESS] bvid=BV1CiD7BJExQ 已成功抓取全部所需数据。
[2026-04-15 07:55:07] [SUCCESS] bvid=BV1AqD7BUEYv 已成功抓取全部所需数据。
[2026-04-15 07:55:13] [SUCCESS] bvid=BV1AqD7BUEjj 已成功抓取全部所需数据。
[2026-04-15 07:55:25] [SUCCESS] bvid=BV1sqD7BUENu 已成功抓取全部所需数据。
[2026-04-15 07:55:30] [SUCCESS] bvid=BV1PqD7BUErS 已成功抓取全部所需数据。
[2026-04-15 07:55:36] [SUCCESS] bvid=BV1ckD7BjEPc 已成功抓取全部所需数据。
[2026-04-15 07:55:41] [SUCCESS] bvid=BV1F1D7BVEQ7 已成功抓取全部所需数据。
[2026-04-15 07:55:46] [SUCCESS] bvid=BV1f2D7BrEfV 已成功抓取全部所需数据。
[2026-04-15 07:55:51] [SUCCESS] bvid=BV1f2D7BrE7q 已成功抓取全部所需数据。
[2026-04-15 07:56:04] [SUCCESS] bvid=BV1nkD7BLEPJ 已成功抓取全部所需数据。
[2026-04-15 07:56:09] [SUCCESS] bvid=BV1F2D7BkEhW 已成功抓取全部所需数据。
[2026-04-15 07:56:09] [WARN] 当前子任务已结束，但仍有未成功抓取的视频，已导出 remaining CSV 供继续执行。
[2026-04-15 07:56:09] [INFO] 已导出剔除成功条目后的剩余 CSV：D:\Schoolworks\Thesis\Bilibili-Datahub\outputs\video_data\manual_crawls\manual_crawl_stat_comment_20260414_214213\remaining_bvids_part_48.csv
[2026-04-15 07:56:09] 子任务结束时间：2026-04-15T07:56:09.253766
[TIMESTAMP][END] 2026-04-15T07:56:09
