[TIMESTAMP][BEGIN] 2026-04-14T21:53:49
[2026-04-14 21:53:51] 开始执行 CSV 批量抓取子任务 part_2。
[2026-04-14 21:53:51] 子任务开始时间：2026-04-14T21:53:49.126220
[2026-04-14 21:53:51] 输入文件：batch_input_2.csv
[2026-04-14 21:53:51] 输入唯一 bvid 数量：100
[2026-04-14 21:53:51] 为严格按 CSV 顺序判断连续失败阈值，本次任务自动将并发度从 2 调整为 1。
[2026-04-14 21:53:56] [SUCCESS] bvid=BV1W6QvBeEES 已成功抓取全部所需数据。
[2026-04-14 21:54:02] [SUCCESS] bvid=BV1w6QvBeEZg 已成功抓取全部所需数据。
[2026-04-14 21:54:07] [SUCCESS] bvid=BV1zmQvBZEKP 已成功抓取全部所需数据。
[2026-04-14 21:54:13] [SUCCESS] bvid=BV1zmQvBZEpe 已成功抓取全部所需数据。
[2026-04-14 21:54:24] [SUCCESS] bvid=BV1qSQvB4Ejx 已成功抓取全部所需数据。
[2026-04-14 21:54:30] [SUCCESS] bvid=BV1oSQvB4Edg 已成功抓取全部所需数据。
[2026-04-14 21:54:35] [SUCCESS] bvid=BV1qSQvB4ErB 已成功抓取全部所需数据。
[2026-04-14 21:54:47] [SUCCESS] bvid=BV161QvBFERw 已成功抓取全部所需数据。
[2026-04-14 21:55:06] [SUCCESS] bvid=BV1r1QvBcEz6 已成功抓取全部所需数据。
[2026-04-14 21:55:18] [SUCCESS] bvid=BV1m8QvB3Edk 已成功抓取全部所需数据。
[2026-04-14 21:55:23] [SUCCESS] bvid=BV1m4QvBGEiv 已成功抓取全部所需数据。
[2026-04-14 21:55:35] [SUCCESS] bvid=BV1m8QvBgE8p 已成功抓取全部所需数据。
[2026-04-14 21:55:41] [SUCCESS] bvid=BV1m8QvBgETr 已成功抓取全部所需数据。
[2026-04-14 21:55:46] [SUCCESS] bvid=BV1RQQYB7EbD 已成功抓取全部所需数据。
[2026-04-14 21:55:51] [SUCCESS] bvid=BV11hQvBzE9z 已成功抓取全部所需数据。
[2026-04-14 21:56:03] [SUCCESS] bvid=BV1ThQvB6EFx 已成功抓取全部所需数据。
[2026-04-14 21:56:09] [SUCCESS] bvid=BV1m4QYBeEg5 已成功抓取全部所需数据。
[2026-04-14 21:56:22] [SUCCESS] bvid=BV1TtQvBkEUn 已成功抓取全部所需数据。
[2026-04-14 21:56:27] [SUCCESS] bvid=BV1UtQvBrErp 已成功抓取全部所需数据。
[2026-04-14 21:56:33] [SUCCESS] bvid=BV1UtQvBrEr7 已成功抓取全部所需数据。
[2026-04-14 21:56:39] [SUCCESS] bvid=BV1xYQvBuEBv 已成功抓取全部所需数据。
[2026-04-14 21:56:44] [SUCCESS] bvid=BV1yqQvBvEps 已成功抓取全部所需数据。
[2026-04-14 21:56:50] [SUCCESS] bvid=BV12YQvBME4G 已成功抓取全部所需数据。
[2026-04-14 21:56:55] [SUCCESS] bvid=BV11YQvBMEaE 已成功抓取全部所需数据。
[2026-04-14 21:57:00] [SUCCESS] bvid=BV11eQvBqErC 已成功抓取全部所需数据。
[2026-04-14 21:57:12] [SUCCESS] bvid=BV1KeQvBBEni 已成功抓取全部所需数据。
[2026-04-14 21:57:17] [SUCCESS] bvid=BV1KeQvBBEiP 已成功抓取全部所需数据。
[2026-04-14 21:57:24] [SUCCESS] bvid=BV1SMQiB5EiY 已成功抓取全部所需数据。
[2026-04-14 21:57:30] [SUCCESS] bvid=BV1SMQiB5Esm 已成功抓取全部所需数据。
[2026-04-14 21:57:36] [SUCCESS] bvid=BV18AQiBmEU1 已成功抓取全部所需数据。
[2026-04-14 21:57:43] [SUCCESS] bvid=BV1SNQiBjEom 已成功抓取全部所需数据。
[2026-04-14 21:57:49] [SUCCESS] bvid=BV1hNQiBjEDD 已成功抓取全部所需数据。
[2026-04-14 21:57:55] [SUCCESS] bvid=BV18NQiBjEKZ 已成功抓取全部所需数据。
[2026-04-14 21:58:01] [SUCCESS] bvid=BV1tuQiBCEPb 已成功抓取全部所需数据。
[2026-04-14 21:58:14] [SUCCESS] bvid=BV1LeQiB4EX1 已成功抓取全部所需数据。
[2026-04-14 21:58:20] [SUCCESS] bvid=BV145QiBgEFo 已成功抓取全部所需数据。
[2026-04-14 21:58:26] [SUCCESS] bvid=BV145QiBgEPY 已成功抓取全部所需数据。
[2026-04-14 21:58:32] [SUCCESS] bvid=BV125QiBgEeq 已成功抓取全部所需数据。
[2026-04-14 21:58:38] [SUCCESS] bvid=BV1hZQYBVEy6 已成功抓取全部所需数据。
[2026-04-14 21:58:56] [SUCCESS] bvid=BV1K3QiBVECz 已成功抓取全部所需数据。
[2026-04-14 21:59:02] [SUCCESS] bvid=BV1YiQeB7EyT 已成功抓取全部所需数据。
[2026-04-14 21:59:07] [SUCCESS] bvid=BV1voQvBQE8W 已成功抓取全部所需数据。
[2026-04-14 21:59:13] [SUCCESS] bvid=BV1EeQPBTELZ 已成功抓取全部所需数据。
[2026-04-14 21:59:19] [SUCCESS] bvid=BV1PXQaBZEtp 已成功抓取全部所需数据。
[2026-04-14 21:59:24] [SUCCESS] bvid=BV1L9QvBREvt 已成功抓取全部所需数据。
[2026-04-14 21:59:42] [SUCCESS] bvid=BV1d9QvB9Edk 已成功抓取全部所需数据。
[2026-04-14 21:59:48] [SUCCESS] bvid=BV1vdQvBpE5m 已成功抓取全部所需数据。
[2026-04-14 21:59:53] [SUCCESS] bvid=BV19dQvBpEbH 已成功抓取全部所需数据。
[2026-04-14 22:00:12] [SUCCESS] bvid=BV1RdQvBpE5Z 已成功抓取全部所需数据。
[2026-04-14 22:00:25] [SUCCESS] bvid=BV1EDQvBoETE 已成功抓取全部所需数据。
[2026-04-14 22:00:37] [SUCCESS] bvid=BV1iDQvBdEXB 已成功抓取全部所需数据。
[2026-04-14 22:00:44] [SUCCESS] bvid=BV1oDQvBdEgt 已成功抓取全部所需数据。
[2026-04-14 22:00:50] [SUCCESS] bvid=BV1qXQvBsEGs 已成功抓取全部所需数据。
[2026-04-14 22:01:08] [SUCCESS] bvid=BV1RoQvBQEL1 已成功抓取全部所需数据。
[2026-04-14 22:01:13] [SUCCESS] bvid=BV1efQvBnExV 已成功抓取全部所需数据。
[2026-04-14 22:01:24] [SUCCESS] bvid=BV1YfQvBnEQ4 已成功抓取全部所需数据。
[2026-04-14 22:01:37] [SUCCESS] bvid=BV1EhQiBbE6f 已成功抓取全部所需数据。
[2026-04-14 22:01:43] [SUCCESS] bvid=BV15qQiBsEwE 已成功抓取全部所需数据。
[2026-04-14 22:01:49] [SUCCESS] bvid=BV1QfQYBkENy 已成功抓取全部所需数据。
[2026-04-14 22:01:55] [SUCCESS] bvid=BV15BQiB9EoJ 已成功抓取全部所需数据。
[2026-04-14 22:02:01] [SUCCESS] bvid=BV1qeQiB4EV2 已成功抓取全部所需数据。
[2026-04-14 22:02:13] [SUCCESS] bvid=BV1qeQiB4EF2 已成功抓取全部所需数据。
[2026-04-14 22:02:26] [SUCCESS] bvid=BV1hwQeB6EFb 已成功抓取全部所需数据。
[2026-04-14 22:02:31] [SUCCESS] bvid=BV17eQiB4EK9 已成功抓取全部所需数据。
[2026-04-14 22:02:37] [SUCCESS] bvid=BV1yEQiBqEGF 已成功抓取全部所需数据。
[2026-04-14 22:02:43] [SUCCESS] bvid=BV1pHQiBvEAF 已成功抓取全部所需数据。
[2026-04-14 22:03:01] [SUCCESS] bvid=BV1sLQiBzER7 已成功抓取全部所需数据。
[2026-04-14 22:03:07] [SUCCESS] bvid=BV1CnQiBKE22 已成功抓取全部所需数据。
[2026-04-14 22:03:18] [SUCCESS] bvid=BV117QiBMETo 已成功抓取全部所需数据。
[2026-04-14 22:03:35] [SUCCESS] bvid=BV11LQiBzEsP 已成功抓取全部所需数据。
[2026-04-14 22:03:41] [SUCCESS] bvid=BV1xLQiBzEzf 已成功抓取全部所需数据。
[2026-04-14 22:03:46] [SUCCESS] bvid=BV1W7QiBMEbD 已成功抓取全部所需数据。
[2026-04-14 22:03:52] [SUCCESS] bvid=BV1CHQiBvEFx 已成功抓取全部所需数据。
[2026-04-14 22:04:04] [SUCCESS] bvid=BV16sQiBYEsH 已成功抓取全部所需数据。
[2026-04-14 22:04:10] [SUCCESS] bvid=BV1JsQiBYE2R 已成功抓取全部所需数据。
[2026-04-14 22:04:27] [SUCCESS] bvid=BV1n4QiBwEB9 已成功抓取全部所需数据。
[2026-04-14 22:04:33] [SUCCESS] bvid=BV1kHQiBvEht 已成功抓取全部所需数据。
[2026-04-14 22:04:44] [SUCCESS] bvid=BV1kHQiBvEfu 已成功抓取全部所需数据。
[2026-04-14 22:04:51] [SUCCESS] bvid=BV1HHQiBvE64 已成功抓取全部所需数据。
[2026-04-14 22:05:02] [SUCCESS] bvid=BV1pHQiBvEt1 已成功抓取全部所需数据。
[2026-04-14 22:05:07] [SUCCESS] bvid=BV1wzQYB4E3c 已成功抓取全部所需数据。
[2026-04-14 22:05:19] [SUCCESS] bvid=BV1rzQYBxEm6 已成功抓取全部所需数据。
[2026-04-14 22:05:24] [SUCCESS] bvid=BV1kzQYBxENB 已成功抓取全部所需数据。
[2026-04-14 22:05:30] [SUCCESS] bvid=BV174QeBWEjw 已成功抓取全部所需数据。
[2026-04-14 22:05:42] [SUCCESS] bvid=BV1CiQYBtEa8 已成功抓取全部所需数据。
[2026-04-14 22:05:47] [SUCCESS] bvid=BV1CiQYBtELT 已成功抓取全部所需数据。
[2026-04-14 22:05:53] [SUCCESS] bvid=BV1CiQYBbEbT 已成功抓取全部所需数据。
[2026-04-14 22:05:59] [SUCCESS] bvid=BV1B1QYBpEfu 已成功抓取全部所需数据。
[2026-04-14 22:06:04] [SUCCESS] bvid=BV1wqQYBZEMs 已成功抓取全部所需数据。
[2026-04-14 22:06:17] [SUCCESS] bvid=BV1XdQYByEPd 已成功抓取全部所需数据。
[2026-04-14 22:06:22] [SUCCESS] bvid=BV1kqQYBoE7m 已成功抓取全部所需数据。
[2026-04-14 22:06:28] [SUCCESS] bvid=BV1kqQYBoEDZ 已成功抓取全部所需数据。
[2026-04-14 22:06:34] [SUCCESS] bvid=BV124QYBeEoi 已成功抓取全部所需数据。
[2026-04-14 22:06:40] [SUCCESS] bvid=BV14TQeBTEDu 已成功抓取全部所需数据。
[2026-04-14 22:06:46] [SUCCESS] bvid=BV1gKQ4BRE56 已成功抓取全部所需数据。
[2026-04-14 22:06:51] [SUCCESS] bvid=BV1u2QwBnEHM 已成功抓取全部所需数据。
[2026-04-14 22:06:57] [SUCCESS] bvid=BV11bQYBAEZ2 已成功抓取全部所需数据。
[2026-04-14 22:07:03] [SUCCESS] bvid=BV1oFQhB5Ei8 已成功抓取全部所需数据。
[2026-04-14 22:07:09] [SUCCESS] bvid=BV1qyQhB5E75 已成功抓取全部所需数据。
[2026-04-14 22:07:22] [SUCCESS] bvid=BV1gVQbBZEg3 已成功抓取全部所需数据。
[2026-04-14 22:07:22] [INFO] 当前 batch_crawl 已完成，所有视频均已成功抓取。
[2026-04-14 22:07:22] 子任务结束时间：2026-04-14T22:07:22.847640
[TIMESTAMP][END] 2026-04-14T22:07:22
