[TIMESTAMP][BEGIN] 2026-04-14T23:26:02
[2026-04-14 23:26:04] 开始执行 CSV 批量抓取子任务 part_9。
[2026-04-14 23:26:04] 子任务开始时间：2026-04-14T23:26:02.319326
[2026-04-14 23:26:04] 输入文件：batch_input_9.csv
[2026-04-14 23:26:04] 输入唯一 bvid 数量：100
[2026-04-14 23:26:04] 为严格按 CSV 顺序判断连续失败阈值，本次任务自动将并发度从 2 调整为 1。
[2026-04-14 23:26:16] [SUCCESS] bvid=BV1Y4QtBFEet 已成功抓取全部所需数据。
[2026-04-14 23:26:22] [SUCCESS] bvid=BV1V4QtBFEBo 已成功抓取全部所需数据。
[2026-04-14 23:26:28] [SUCCESS] bvid=BV1G4QtBFEHA 已成功抓取全部所需数据。
[2026-04-14 23:26:33] [SUCCESS] bvid=BV1eWQtBwEV1 已成功抓取全部所需数据。
[2026-04-14 23:26:40] [SUCCESS] bvid=BV1HMQtBGEka 已成功抓取全部所需数据。
[2026-04-14 23:26:51] [SUCCESS] bvid=BV15WQtBwE2t 已成功抓取全部所需数据。
[2026-04-14 23:26:56] [SUCCESS] bvid=BV1VsQtBhEAh 已成功抓取全部所需数据。
[2026-04-14 23:27:02] [SUCCESS] bvid=BV1HwQxBBE6K 已成功抓取全部所需数据。
[2026-04-14 23:27:08] [SUCCESS] bvid=BV1JuQtBrEDL 已成功抓取全部所需数据。
[2026-04-14 23:27:14] [SUCCESS] bvid=BV1HuQtBrEu3 已成功抓取全部所需数据。
[2026-04-14 23:27:25] [SUCCESS] bvid=BV1HuQtBrEh4 已成功抓取全部所需数据。
[2026-04-14 23:27:31] [SUCCESS] bvid=BV1hkQsBHEkm 已成功抓取全部所需数据。
[2026-04-14 23:27:37] [SUCCESS] bvid=BV1H7DxBeEYB 已成功抓取全部所需数据。
[2026-04-14 23:27:42] [SUCCESS] bvid=BV1baD9BZEdg 已成功抓取全部所需数据。
[2026-04-14 23:27:48] [SUCCESS] bvid=BV1CNQtB5Et1 已成功抓取全部所需数据。
[2026-04-14 23:27:53] [SUCCESS] bvid=BV1csDXByEzA 已成功抓取全部所需数据。
[2026-04-14 23:27:58] [SUCCESS] bvid=BV1WKQtByEAN 已成功抓取全部所需数据。
[2026-04-14 23:28:04] [SUCCESS] bvid=BV1E5QtBMEDt 已成功抓取全部所需数据。
[2026-04-14 23:28:10] [SUCCESS] bvid=BV1fLQtBqEPY 已成功抓取全部所需数据。
[2026-04-14 23:28:15] [SUCCESS] bvid=BV1J3QtBgEcs 已成功抓取全部所需数据。
[2026-04-14 23:28:21] [SUCCESS] bvid=BV1n3QtBgEE4 已成功抓取全部所需数据。
[2026-04-14 23:28:27] [SUCCESS] bvid=BV1JGQtBzEuF 已成功抓取全部所需数据。
[2026-04-14 23:28:32] [SUCCESS] bvid=BV1qbQsBcErY 已成功抓取全部所需数据。
[2026-04-14 23:28:38] [SUCCESS] bvid=BV1FbQsBwEPJ 已成功抓取全部所需数据。
[2026-04-14 23:28:50] [SUCCESS] bvid=BV1ZbQsBcEkk 已成功抓取全部所需数据。
[2026-04-14 23:28:56] [SUCCESS] bvid=BV1zbQsBcEqS 已成功抓取全部所需数据。
[2026-04-14 23:29:02] [SUCCESS] bvid=BV1JbQsBwE8c 已成功抓取全部所需数据。
[2026-04-14 23:29:09] [SUCCESS] bvid=BV1zbQsBcE8P 已成功抓取全部所需数据。
[2026-04-14 23:29:14] [SUCCESS] bvid=BV1zbQsBcERw 已成功抓取全部所需数据。
[2026-04-14 23:29:21] [SUCCESS] bvid=BV1BbQsBcEj5 已成功抓取全部所需数据。
[2026-04-14 23:29:26] [SUCCESS] bvid=BV1E8QsBhEtL 已成功抓取全部所需数据。
[2026-04-14 23:29:37] [SUCCESS] bvid=BV1B8QsB8E7j 已成功抓取全部所需数据。
[2026-04-14 23:29:50] [SUCCESS] bvid=BV16xQsBAEsn 已成功抓取全部所需数据。
[2026-04-14 23:29:55] [SUCCESS] bvid=BV16xQsBAEDD 已成功抓取全部所需数据。
[2026-04-14 23:30:01] [SUCCESS] bvid=BV1z4QsBaEhK 已成功抓取全部所需数据。
[2026-04-14 23:30:07] [SUCCESS] bvid=BV1oeQsBoEYP 已成功抓取全部所需数据。
[2026-04-14 23:30:12] [SUCCESS] bvid=BV1oeQsBoEpj 已成功抓取全部所需数据。
[2026-04-14 23:30:18] [SUCCESS] bvid=BV1iiQsBxEck 已成功抓取全部所需数据。
[2026-04-14 23:30:29] [SUCCESS] bvid=BV1eiQsBxEZk 已成功抓取全部所需数据。
[2026-04-14 23:30:36] [SUCCESS] bvid=BV1iiQsBxE34 已成功抓取全部所需数据。
[2026-04-14 23:30:42] [SUCCESS] bvid=BV1RiQsBxERo 已成功抓取全部所需数据。
[2026-04-14 23:30:48] [SUCCESS] bvid=BV1BhQsBfEFX 已成功抓取全部所需数据。
[2026-04-14 23:30:53] [SUCCESS] bvid=BV1qYQsBtEBC 已成功抓取全部所需数据。
[2026-04-14 23:30:59] [SUCCESS] bvid=BV1jVQxBcECM 已成功抓取全部所需数据。
[2026-04-14 23:31:12] [SUCCESS] bvid=BV1dYQsBtEAu 已成功抓取全部所需数据。
[2026-04-14 23:31:17] [SUCCESS] bvid=BV1UnD1BPEWe 已成功抓取全部所需数据。
[2026-04-14 23:31:28] [SUCCESS] bvid=BV1y7QsBBEYc 已成功抓取全部所需数据。
[2026-04-14 23:31:34] [SUCCESS] bvid=BV1CJQsBMEfV 已成功抓取全部所需数据。
[2026-04-14 23:31:40] [SUCCESS] bvid=BV11VQsB3Eqo 已成功抓取全部所需数据。
[2026-04-14 23:31:46] [SUCCESS] bvid=BV12VQsB3E4V 已成功抓取全部所需数据。
[2026-04-14 23:31:58] [SUCCESS] bvid=BV1KVQsBGER7 已成功抓取全部所需数据。
[2026-04-14 23:32:04] [SUCCESS] bvid=BV1K5QsBrEQi 已成功抓取全部所需数据。
[2026-04-14 23:32:09] [SUCCESS] bvid=BV1PJQsBMEpJ 已成功抓取全部所需数据。
[2026-04-14 23:32:20] [SUCCESS] bvid=BV1rWQsBeEzy 已成功抓取全部所需数据。
[2026-04-14 23:32:26] [SUCCESS] bvid=BV1zeDRBLEBx 已成功抓取全部所需数据。
[2026-04-14 23:32:31] [SUCCESS] bvid=BV11RQsBVEBg 已成功抓取全部所需数据。
[2026-04-14 23:32:37] [SUCCESS] bvid=BV1rnQsBiE21 已成功抓取全部所需数据。
[2026-04-14 23:32:55] [SUCCESS] bvid=BV14RQsBVEnk 已成功抓取全部所需数据。
[2026-04-14 23:33:00] [SUCCESS] bvid=BV14XQsByERV 已成功抓取全部所需数据。
[2026-04-14 23:33:05] [SUCCESS] bvid=BV1tSQsB2Eje 已成功抓取全部所需数据。
[2026-04-14 23:33:16] [SUCCESS] bvid=BV1xRQsBVEnG 已成功抓取全部所需数据。
[2026-04-14 23:33:22] [SUCCESS] bvid=BV12RQsBVE8L 已成功抓取全部所需数据。
[2026-04-14 23:33:33] [SUCCESS] bvid=BV11RQsBVE1T 已成功抓取全部所需数据。
[2026-04-14 23:33:45] [SUCCESS] bvid=BV1bSQsB2EnL 已成功抓取全部所需数据。
[2026-04-14 23:33:51] [SUCCESS] bvid=BV12RQsBVEE7 已成功抓取全部所需数据。
[2026-04-14 23:33:57] [SUCCESS] bvid=BV1MSQsBmENk 已成功抓取全部所需数据。
[2026-04-14 23:34:02] [SUCCESS] bvid=BV1tQQsBLEQE 已成功抓取全部所需数据。
[2026-04-14 23:34:08] [SUCCESS] bvid=BV1yfQsB6EaG 已成功抓取全部所需数据。
[2026-04-14 23:34:13] [SUCCESS] bvid=BV12QQsBLExN 已成功抓取全部所需数据。
[2026-04-14 23:34:18] [SUCCESS] bvid=BV1wBDSBuEXC 已成功抓取全部所需数据。
[2026-04-14 23:34:24] [SUCCESS] bvid=BV1TqD9BsE7K 已成功抓取全部所需数据。
[2026-04-14 23:34:35] [SUCCESS] bvid=BV1UQQsBLEnd 已成功抓取全部所需数据。
[2026-04-14 23:34:41] [SUCCESS] bvid=BV1sfQsB6EFq 已成功抓取全部所需数据。
[2026-04-14 23:34:52] [SUCCESS] bvid=BV1PcQxBgEhW 已成功抓取全部所需数据。
[2026-04-14 23:34:58] [SUCCESS] bvid=BV1sfQsB6EGt 已成功抓取全部所需数据。
[2026-04-14 23:35:10] [SUCCESS] bvid=BV1MhQxBUENm 已成功抓取全部所需数据。
[2026-04-14 23:35:15] [SUCCESS] bvid=BV1XcQsBJExN 已成功抓取全部所需数据。
[2026-04-14 23:35:21] [SUCCESS] bvid=BV1pcQxBuE6f 已成功抓取全部所需数据。
[2026-04-14 23:35:26] [SUCCESS] bvid=BV1CcQxBuEzj 已成功抓取全部所需数据。
[2026-04-14 23:35:39] [SUCCESS] bvid=BV1WcQxBuEt4 已成功抓取全部所需数据。
[2026-04-14 23:35:44] [SUCCESS] bvid=BV1ycQxBuE33 已成功抓取全部所需数据。
[2026-04-14 23:35:56] [SUCCESS] bvid=BV1HcQxBuEBp 已成功抓取全部所需数据。
[2026-04-14 23:36:13] [SUCCESS] bvid=BV1kiQcBMEdZ 已成功抓取全部所需数据。
[2026-04-14 23:36:19] [SUCCESS] bvid=BV1LLQxBfEk1 已成功抓取全部所需数据。
[2026-04-14 23:36:25] [SUCCESS] bvid=BV1fvDRByEDe 已成功抓取全部所需数据。
[2026-04-14 23:36:43] [SUCCESS] bvid=BV1zvDRByEtQ 已成功抓取全部所需数据。
[2026-04-14 23:36:55] [SUCCESS] bvid=BV1RqQsBRE62 已成功抓取全部所需数据。
[2026-04-14 23:37:06] [SUCCESS] bvid=BV1wkDQBVEJ1 已成功抓取全部所需数据。
[2026-04-14 23:37:12] [SUCCESS] bvid=BV1n7DxBeEBE 已成功抓取全部所需数据。
[2026-04-14 23:37:18] [SUCCESS] bvid=BV1bXDRBAED6 已成功抓取全部所需数据。
[2026-04-14 23:37:30] [SUCCESS] bvid=BV1pVQFBNE1d 已成功抓取全部所需数据。
[2026-04-14 23:37:42] [SUCCESS] bvid=BV17VQxBcEgU 已成功抓取全部所需数据。
[2026-04-14 23:37:47] [SUCCESS] bvid=BV11dQsBkEFy 已成功抓取全部所需数据。
[2026-04-14 23:37:53] [SUCCESS] bvid=BV1xdQsBkE7b 已成功抓取全部所需数据。
[2026-04-14 23:37:58] [SUCCESS] bvid=BV1KdQsBCEmS 已成功抓取全部所需数据。
[2026-04-14 23:38:04] [SUCCESS] bvid=BV1WZQsB3E6a 已成功抓取全部所需数据。
[2026-04-14 23:38:09] [SUCCESS] bvid=BV1WdQsBkEUr 已成功抓取全部所需数据。
[2026-04-14 23:38:15] [SUCCESS] bvid=BV1yZQsB3EiN 已成功抓取全部所需数据。
[2026-04-14 23:38:20] [SUCCESS] bvid=BV1sZQsB3EmW 已成功抓取全部所需数据。
[2026-04-14 23:38:26] [SUCCESS] bvid=BV196QsBXEJD 已成功抓取全部所需数据。
[2026-04-14 23:38:26] [INFO] 当前 batch_crawl 已完成，所有视频均已成功抓取。
[2026-04-14 23:38:26] 子任务结束时间：2026-04-14T23:38:26.321899
[TIMESTAMP][END] 2026-04-14T23:38:26
