[TIMESTAMP][BEGIN] 2026-04-15T01:39:39
[2026-04-15 01:39:41] 开始执行 CSV 批量抓取子任务 part_19。
[2026-04-15 01:39:41] 子任务开始时间：2026-04-15T01:39:39.594134
[2026-04-15 01:39:41] 输入文件：batch_input_19.csv
[2026-04-15 01:39:41] 输入唯一 bvid 数量：100
[2026-04-15 01:39:41] 为严格按 CSV 顺序判断连续失败阈值，本次任务自动将并发度从 2 调整为 1。
[2026-04-15 01:39:47] [SUCCESS] bvid=BV1biDyBPEqx 已成功抓取全部所需数据。
[2026-04-15 01:39:53] [SUCCESS] bvid=BV1m6DyBhEJQ 已成功抓取全部所需数据。
[2026-04-15 01:39:59] [SUCCESS] bvid=BV146DyBhEmL 已成功抓取全部所需数据。
[2026-04-15 01:40:04] [SUCCESS] bvid=BV14kDyBFE5u 已成功抓取全部所需数据。
[2026-04-15 01:40:09] [SUCCESS] bvid=BV1eQDsBHE7r 已成功抓取全部所需数据。
[2026-04-15 01:40:20] [SUCCESS] bvid=BV1vHDyBCEFM 已成功抓取全部所需数据。
[2026-04-15 01:40:32] [SUCCESS] bvid=BV1Y4DyB3Evj 已成功抓取全部所需数据。
[2026-04-15 01:40:37] [SUCCESS] bvid=BV1X4DyBgEB4 已成功抓取全部所需数据。
[2026-04-15 01:40:43] [SUCCESS] bvid=BV1vHDyBCEDW 已成功抓取全部所需数据。
[2026-04-15 01:40:48] [SUCCESS] bvid=BV15WDyBVE7j 已成功抓取全部所需数据。
[2026-04-15 01:40:54] [SUCCESS] bvid=BV1hYDyBKEyv 已成功抓取全部所需数据。
[2026-04-15 01:41:00] [SUCCESS] bvid=BV1pCDkBDEUG 已成功抓取全部所需数据。
[2026-04-15 01:41:11] [SUCCESS] bvid=BV1hYDyBKELY 已成功抓取全部所需数据。
[2026-04-15 01:41:17] [SUCCESS] bvid=BV1XtDyBzEzD 已成功抓取全部所需数据。
[2026-04-15 01:41:28] [SUCCESS] bvid=BV1GtDyB6EhG 已成功抓取全部所需数据。
[2026-04-15 01:41:34] [SUCCESS] bvid=BV1X8DyBMEJE 已成功抓取全部所需数据。
[2026-04-15 01:41:39] [SUCCESS] bvid=BV13uD1BrEQr 已成功抓取全部所需数据。
[2026-04-15 01:41:44] [SUCCESS] bvid=BV1h8DyBMExq 已成功抓取全部所需数据。
[2026-04-15 01:41:55] [SUCCESS] bvid=BV1qfDyBEEvb 已成功抓取全部所需数据。
[2026-04-15 01:42:00] [SUCCESS] bvid=BV1D8DyBMEtY 已成功抓取全部所需数据。
[2026-04-15 01:42:06] [SUCCESS] bvid=BV1LwD1BjE7m 已成功抓取全部所需数据。
[2026-04-15 01:42:11] [SUCCESS] bvid=BV1LAD1B1EZt 已成功抓取全部所需数据。
[2026-04-15 01:42:17] [SUCCESS] bvid=BV17wD1B7EFa 已成功抓取全部所需数据。
[2026-04-15 01:42:22] [SUCCESS] bvid=BV1jAD1B1EHn 已成功抓取全部所需数据。
[2026-04-15 01:42:27] [SUCCESS] bvid=BV1LAD1B1E95 已成功抓取全部所需数据。
[2026-04-15 01:42:32] [SUCCESS] bvid=BV17fDyBEEvE 已成功抓取全部所需数据。
[2026-04-15 01:42:43] [SUCCESS] bvid=BV1qfDyBEEQz 已成功抓取全部所需数据。
[2026-04-15 01:43:01] [SUCCESS] bvid=BV17FD1BmEq2 已成功抓取全部所需数据。
[2026-04-15 01:43:18] [SUCCESS] bvid=BV1ZFD1BmEBs 已成功抓取全部所需数据。
[2026-04-15 01:43:24] [SUCCESS] bvid=BV1VMD1BGER9 已成功抓取全部所需数据。
[2026-04-15 01:43:30] [SUCCESS] bvid=BV1LND1B5EqR 已成功抓取全部所需数据。
[2026-04-15 01:43:35] [SUCCESS] bvid=BV1pSDyBsEjL 已成功抓取全部所需数据。
[2026-04-15 01:43:40] [SUCCESS] bvid=BV1RKD1BCE3N 已成功抓取全部所需数据。
[2026-04-15 01:43:45] [SUCCESS] bvid=BV15KD1BCEVe 已成功抓取全部所需数据。
[2026-04-15 01:43:50] [SUCCESS] bvid=BV1HSDyBsEGr 已成功抓取全部所需数据。
[2026-04-15 01:43:56] [SUCCESS] bvid=BV1VKD1BCEfY 已成功抓取全部所需数据。
[2026-04-15 01:44:07] [SUCCESS] bvid=BV15KD1BCEcT 已成功抓取全部所需数据。
[2026-04-15 01:44:19] [SUCCESS] bvid=BV1VKD1BCE8m 已成功抓取全部所需数据。
[2026-04-15 01:44:24] [SUCCESS] bvid=BV1HmDyBdEXm 已成功抓取全部所需数据。
[2026-04-15 01:44:30] [SUCCESS] bvid=BV1p2DyB4EPo 已成功抓取全部所需数据。
[2026-04-15 01:44:41] [SUCCESS] bvid=BV1wSDyBxEpK 已成功抓取全部所需数据。
[2026-04-15 01:44:47] [SUCCESS] bvid=BV1HDDyB9EBQ 已成功抓取全部所需数据。
[2026-04-15 01:44:52] [SUCCESS] bvid=BV1HDDyB9E4T 已成功抓取全部所需数据。
[2026-04-15 01:44:57] [SUCCESS] bvid=BV1C2DyB4ENj 已成功抓取全部所需数据。
[2026-04-15 01:45:02] [SUCCESS] bvid=BV1W2DyB4EnJ 已成功抓取全部所需数据。
[2026-04-15 01:45:21] [SUCCESS] bvid=BV1W2DyB4Ep4 已成功抓取全部所需数据。
[2026-04-15 01:45:26] [SUCCESS] bvid=BV1JdDyBnEmV 已成功抓取全部所需数据。
[2026-04-15 01:45:39] [SUCCESS] bvid=BV1JoDyBSETM 已成功抓取全部所需数据。
[2026-04-15 01:45:44] [SUCCESS] bvid=BV11ZDrBHECd 已成功抓取全部所需数据。
[2026-04-15 01:45:49] [SUCCESS] bvid=BV1JdDyBnEey 已成功抓取全部所需数据。
[2026-04-15 01:45:54] [SUCCESS] bvid=BV1EoDyBSEYy 已成功抓取全部所需数据。
[2026-04-15 01:45:59] [SUCCESS] bvid=BV16dDyBnEEJ 已成功抓取全部所需数据。
[2026-04-15 01:46:04] [SUCCESS] bvid=BV1EoDyBSEni 已成功抓取全部所需数据。
[2026-04-15 01:46:16] [SUCCESS] bvid=BV169DyBQErt 已成功抓取全部所需数据。
[2026-04-15 01:46:22] [SUCCESS] bvid=BV1n9DyBQEzW 已成功抓取全部所需数据。
[2026-04-15 01:46:27] [SUCCESS] bvid=BV1foDyBSEzn 已成功抓取全部所需数据。
[2026-04-15 01:46:32] [SUCCESS] bvid=BV1z9DyBQE4X 已成功抓取全部所需数据。
[2026-04-15 01:46:38] [SUCCESS] bvid=BV1P4D1BFE7i 已成功抓取全部所需数据。
[2026-04-15 01:46:49] [SUCCESS] bvid=BV1r9DyBQETY 已成功抓取全部所需数据。
[2026-04-15 01:47:00] [SUCCESS] bvid=BV1J9DyBQEPd 已成功抓取全部所需数据。
[2026-04-15 01:47:05] [SUCCESS] bvid=BV1n9DyBQEG7 已成功抓取全部所需数据。
[2026-04-15 01:47:11] [SUCCESS] bvid=BV1PtD1BbEQw 已成功抓取全部所需数据。
[2026-04-15 01:47:16] [SUCCESS] bvid=BV1n9DyBQE6w 已成功抓取全部所需数据。
[2026-04-15 01:47:21] [SUCCESS] bvid=BV1F9DyBXEnS 已成功抓取全部所需数据。
[2026-04-15 01:47:33] [SUCCESS] bvid=BV1KWD1BwEiR 已成功抓取全部所需数据。
[2026-04-15 01:47:38] [SUCCESS] bvid=BV1P4D1BFEta 已成功抓取全部所需数据。
[2026-04-15 01:47:44] [SUCCESS] bvid=BV1A4D1BFER8 已成功抓取全部所需数据。
[2026-04-15 01:47:49] [SUCCESS] bvid=BV1N4D1BFELY 已成功抓取全部所需数据。
[2026-04-15 01:48:01] [SUCCESS] bvid=BV1W4D1BFE6w 已成功抓取全部所需数据。
[2026-04-15 01:48:12] [SUCCESS] bvid=BV1N4D1BFEMo 已成功抓取全部所需数据。
[2026-04-15 01:48:17] [SUCCESS] bvid=BV1AtD1BbECD 已成功抓取全部所需数据。
[2026-04-15 01:48:29] [SUCCESS] bvid=BV1KWD1BwEyc 已成功抓取全部所需数据。
[2026-04-15 01:48:33] [SUCCESS] bvid=BV1KWD1BwEiV 已成功抓取全部所需数据。
[2026-04-15 01:48:39] [SUCCESS] bvid=BV1mWDsB6Epv 已成功抓取全部所需数据。
[2026-04-15 01:48:44] [SUCCESS] bvid=BV1phD1B4EL7 已成功抓取全部所需数据。
[2026-04-15 01:48:49] [SUCCESS] bvid=BV12sD1BhEjk 已成功抓取全部所需数据。
[2026-04-15 01:48:54] [SUCCESS] bvid=BV1NsD1BhEA1 已成功抓取全部所需数据。
[2026-04-15 01:49:06] [SUCCESS] bvid=BV1JaD1BdEZm 已成功抓取全部所需数据。
[2026-04-15 01:49:11] [SUCCESS] bvid=BV1HaD1BdECt 已成功抓取全部所需数据。
[2026-04-15 01:49:23] [SUCCESS] bvid=BV1neD1BsEnX 已成功抓取全部所需数据。
[2026-04-15 01:49:28] [SUCCESS] bvid=BV1caD1BdESP 已成功抓取全部所需数据。
[2026-04-15 01:49:33] [SUCCESS] bvid=BV1caD1BdET1 已成功抓取全部所需数据。
[2026-04-15 01:49:38] [SUCCESS] bvid=BV1reD1BsE45 已成功抓取全部所需数据。
[2026-04-15 01:49:43] [SUCCESS] bvid=BV1onXfBtEeJ 已成功抓取全部所需数据。
[2026-04-15 01:49:49] [SUCCESS] bvid=BV1FeD1BsEQq 已成功抓取全部所需数据。
[2026-04-15 01:50:00] [SUCCESS] bvid=BV1WbD1BZE5d 已成功抓取全部所需数据。
[2026-04-15 01:50:06] [SUCCESS] bvid=BV1phD1B4Eyy 已成功抓取全部所需数据。
[2026-04-15 01:50:24] [SUCCESS] bvid=BV1GGD1BzEKF 已成功抓取全部所需数据。
[2026-04-15 01:50:36] [SUCCESS] bvid=BV1AbD1BZE1X 已成功抓取全部所需数据。
[2026-04-15 01:50:47] [SUCCESS] bvid=BV1whD1B4E88 已成功抓取全部所需数据。
[2026-04-15 01:50:53] [SUCCESS] bvid=BV1whD1B4EhY 已成功抓取全部所需数据。
[2026-04-15 01:50:58] [SUCCESS] bvid=BV1g5D1BMEof 已成功抓取全部所需数据。
[2026-04-15 01:51:03] [SUCCESS] bvid=BV1chD1B4EC7 已成功抓取全部所需数据。
[2026-04-15 01:51:15] [SUCCESS] bvid=BV135D1BMEcQ 已成功抓取全部所需数据。
[2026-04-15 01:51:20] [SUCCESS] bvid=BV1g5D1BMEXP 已成功抓取全部所需数据。
[2026-04-15 01:51:26] [SUCCESS] bvid=BV1MLD1BqEWM 已成功抓取全部所需数据。
[2026-04-15 01:51:38] [SUCCESS] bvid=BV18LD1BqEFt 已成功抓取全部所需数据。
[2026-04-15 01:51:50] [SUCCESS] bvid=BV1MnD1BPEAC 已成功抓取全部所需数据。
[2026-04-15 01:51:55] [SUCCESS] bvid=BV1G3D1BgEEU 已成功抓取全部所需数据。
[2026-04-15 01:52:13] [SUCCESS] bvid=BV17iDCBLEtW 已成功抓取全部所需数据。
[2026-04-15 01:52:13] [INFO] 当前 batch_crawl 已完成，所有视频均已成功抓取。
[2026-04-15 01:52:13] 子任务结束时间：2026-04-15T01:52:13.656141
[TIMESTAMP][END] 2026-04-15T01:52:13
