[TIMESTAMP][BEGIN] 2026-04-15T00:27:03
[2026-04-15 00:27:05] 开始执行 CSV 批量抓取子任务 part_14。
[2026-04-15 00:27:05] 子任务开始时间：2026-04-15T00:27:03.605251
[2026-04-15 00:27:05] 输入文件：batch_input_14.csv
[2026-04-15 00:27:05] 输入唯一 bvid 数量：100
[2026-04-15 00:27:05] 为严格按 CSV 顺序判断连续失败阈值，本次任务自动将并发度从 2 调整为 1。
[2026-04-15 00:27:11] [SUCCESS] bvid=BV1LiDDBbEwG 已成功抓取全部所需数据。
[2026-04-15 00:27:16] [SUCCESS] bvid=BV1eiDDBtEqs 已成功抓取全部所需数据。
[2026-04-15 00:27:28] [SUCCESS] bvid=BV1eqDDBoENM 已成功抓取全部所需数据。
[2026-04-15 00:27:41] [SUCCESS] bvid=BV1RiDDBtEQd 已成功抓取全部所需数据。
[2026-04-15 00:27:46] [SUCCESS] bvid=BV1RZDQBwEPS 已成功抓取全部所需数据。
[2026-04-15 00:27:52] [SUCCESS] bvid=BV1viDDBtEc9 已成功抓取全部所需数据。
[2026-04-15 00:27:57] [SUCCESS] bvid=BV1apDkBNEv3 已成功抓取全部所需数据。
[2026-04-15 00:28:08] [SUCCESS] bvid=BV1XqDDBoEdy 已成功抓取全部所需数据。
[2026-04-15 00:28:13] [SUCCESS] bvid=BV1XqDDBoEdM 已成功抓取全部所需数据。
[2026-04-15 00:28:19] [SUCCESS] bvid=BV1EgDQBNEAL 已成功抓取全部所需数据。
[2026-04-15 00:28:25] [SUCCESS] bvid=BV1EgDQBKEQs 已成功抓取全部所需数据。
[2026-04-15 00:28:31] [SUCCESS] bvid=BV1EgDQBNEVx 已成功抓取全部所需数据。
[2026-04-15 00:28:37] [SUCCESS] bvid=BV1j3DQBeE7a 已成功抓取全部所需数据。
[2026-04-15 00:28:49] [SUCCESS] bvid=BV1i3DQBeE91 已成功抓取全部所需数据。
[2026-04-15 00:28:55] [SUCCESS] bvid=BV1L3DQBeEUa 已成功抓取全部所需数据。
[2026-04-15 00:29:07] [SUCCESS] bvid=BV1EMDQBiEAq 已成功抓取全部所需数据。
[2026-04-15 00:29:12] [SUCCESS] bvid=BV173DQBeENY 已成功抓取全部所需数据。
[2026-04-15 00:29:18] [SUCCESS] bvid=BV173DQBeEia 已成功抓取全部所需数据。
[2026-04-15 00:29:23] [SUCCESS] bvid=BV1J7DZB9EVs 已成功抓取全部所需数据。
[2026-04-15 00:29:28] [SUCCESS] bvid=BV1L3DSBdEqu 已成功抓取全部所需数据。
[2026-04-15 00:29:33] [SUCCESS] bvid=BV1tgcjzyEGt 已成功抓取全部所需数据。
[2026-04-15 00:29:38] [SUCCESS] bvid=BV12gcjzCEhB 已成功抓取全部所需数据。
[2026-04-15 00:29:44] [SUCCESS] bvid=BV1phD1B4E2U 已成功抓取全部所需数据。
[2026-04-15 00:29:56] [SUCCESS] bvid=BV184DQBWEFh 已成功抓取全部所需数据。
[2026-04-15 00:30:01] [SUCCESS] bvid=BV1iwQMByED5 已成功抓取全部所需数据。
[2026-04-15 00:30:06] [SUCCESS] bvid=BV1hWDQBxEnQ 已成功抓取全部所需数据。
[2026-04-15 00:30:17] [SUCCESS] bvid=BV1beDkBoEFS 已成功抓取全部所需数据。
[2026-04-15 00:30:23] [SUCCESS] bvid=BV1ckDSBvEh1 已成功抓取全部所需数据。
[2026-04-15 00:30:28] [SUCCESS] bvid=BV1j3D7BiEmU 已成功抓取全部所需数据。
[2026-04-15 00:30:34] [SUCCESS] bvid=BV1gjDmByEtP 已成功抓取全部所需数据。
[2026-04-15 00:30:40] [SUCCESS] bvid=BV1LYQwBFEXV 已成功抓取全部所需数据。
[2026-04-15 00:30:45] [SUCCESS] bvid=BV1ZXDQBvEuo 已成功抓取全部所需数据。
[2026-04-15 00:30:51] [SUCCESS] bvid=BV1fUDQBMEwp 已成功抓取全部所需数据。
[2026-04-15 00:30:56] [SUCCESS] bvid=BV17QDQBTERY 已成功抓取全部所需数据。
[2026-04-15 00:31:01] [SUCCESS] bvid=BV1n2DQB6E61 已成功抓取全部所需数据。
[2026-04-15 00:31:07] [SUCCESS] bvid=BV1VVDSBsE6P 已成功抓取全部所需数据。
[2026-04-15 00:31:12] [SUCCESS] bvid=BV123DDByEaY 已成功抓取全部所需数据。
[2026-04-15 00:31:24] [SUCCESS] bvid=BV1AkDQBVEM3 已成功抓取全部所需数据。
[2026-04-15 00:31:36] [SUCCESS] bvid=BV1LRDQBNEoS 已成功抓取全部所需数据。
[2026-04-15 00:31:42] [SUCCESS] bvid=BV15GQcBREB2 已成功抓取全部所需数据。
[2026-04-15 00:31:47] [SUCCESS] bvid=BV1UQDCBPERP 已成功抓取全部所需数据。
[2026-04-15 00:31:58] [SUCCESS] bvid=BV1poDUBKER1 已成功抓取全部所需数据。
[2026-04-15 00:32:04] [SUCCESS] bvid=BV1dQDSBtEcJ 已成功抓取全部所需数据。
[2026-04-15 00:32:09] [SUCCESS] bvid=BV1GdDfBmEZc 已成功抓取全部所需数据。
[2026-04-15 00:42:15] [SUCCESS] bvid=BV13HDQBoEnR 已成功抓取全部所需数据。
[2026-04-15 00:42:21] [SUCCESS] bvid=BV1JMDQBiE4e 已成功抓取全部所需数据。
[2026-04-15 00:42:33] [SUCCESS] bvid=BV17MDQBqEzn 已成功抓取全部所需数据。
[2026-04-15 00:42:33] [ERROR] bvid=BV1EMDQBiE7m 抓取失败：stat: 接口返回错误代码：-404，信息：啥都木有。
{'code': -404, 'message': '啥都木有', 'ttl': 1} | comment: 接口返回错误代码：-404，信息：啥都木有。
{'code': -404, 'message': '啥都木有', 'ttl': 1}
[2026-04-15 00:42:38] [SUCCESS] bvid=BV17MDQBiE25 已成功抓取全部所需数据。
[2026-04-15 00:42:44] [SUCCESS] bvid=BV1e7DQB8Edn 已成功抓取全部所需数据。
[2026-04-15 00:42:49] [SUCCESS] bvid=BV1EMDQBiEuL 已成功抓取全部所需数据。
[2026-04-15 00:43:01] [SUCCESS] bvid=BV1v5DQBaEsG 已成功抓取全部所需数据。
[2026-04-15 00:43:12] [SUCCESS] bvid=BV1LjDQBcE78 已成功抓取全部所需数据。
[2026-04-15 00:43:24] [SUCCESS] bvid=BV1LjDQBcEhT 已成功抓取全部所需数据。
[2026-04-15 00:43:30] [SUCCESS] bvid=BV1GcDXBcE1F 已成功抓取全部所需数据。
[2026-04-15 00:43:42] [SUCCESS] bvid=BV166DfBoEFo 已成功抓取全部所需数据。
[2026-04-15 00:43:55] [SUCCESS] bvid=BV1gWDQBxER4 已成功抓取全部所需数据。
[2026-04-15 00:44:01] [SUCCESS] bvid=BV15jDQBcEx2 已成功抓取全部所需数据。
[2026-04-15 00:44:06] [SUCCESS] bvid=BV1V7DQB8EHA 已成功抓取全部所需数据。
[2026-04-15 00:44:12] [SUCCESS] bvid=BV1G7DQB8EdD 已成功抓取全部所需数据。
[2026-04-15 00:44:17] [SUCCESS] bvid=BV1V7DQB8En6 已成功抓取全部所需数据。
[2026-04-15 00:44:23] [SUCCESS] bvid=BV1F6DfBZEQR 已成功抓取全部所需数据。
[2026-04-15 00:44:28] [SUCCESS] bvid=BV197DQB8E2r 已成功抓取全部所需数据。
[2026-04-15 00:44:40] [SUCCESS] bvid=BV1qVDQBAEHE 已成功抓取全部所需数据。
[2026-04-15 00:44:45] [SUCCESS] bvid=BV1jVDQBAEXC 已成功抓取全部所需数据。
[2026-04-15 00:44:56] [SUCCESS] bvid=BV1jVDQBAE9w 已成功抓取全部所需数据。
[2026-04-15 00:45:01] [SUCCESS] bvid=BV1j5DQBYEhv 已成功抓取全部所需数据。
[2026-04-15 00:45:07] [SUCCESS] bvid=BV1wfDDBrETb 已成功抓取全部所需数据。
[2026-04-15 00:45:13] [SUCCESS] bvid=BV1e5DQBaEXc 已成功抓取全部所需数据。
[2026-04-15 00:45:18] [SUCCESS] bvid=BV1j5DQBaETZ 已成功抓取全部所需数据。
[2026-04-15 00:45:23] [SUCCESS] bvid=BV1j5DQBaETM 已成功抓取全部所需数据。
[2026-04-15 00:45:29] [SUCCESS] bvid=BV1j5DQBaEM9 已成功抓取全部所需数据。
[2026-04-15 00:45:34] [SUCCESS] bvid=BV1sZDDBVEMq 已成功抓取全部所需数据。
[2026-04-15 00:45:40] [SUCCESS] bvid=BV1sZDDBVEtA 已成功抓取全部所需数据。
[2026-04-15 00:45:45] [SUCCESS] bvid=BV1pZDDBVE7M 已成功抓取全部所需数据。
[2026-04-15 00:45:46] [ERROR] bvid=BV1sRDDBLEGj 抓取失败：stat: 接口返回错误代码：-404，信息：啥都木有。
{'code': -404, 'message': '啥都木有', 'ttl': 1} | comment: 接口返回错误代码：-404，信息：啥都木有。
{'code': -404, 'message': '啥都木有', 'ttl': 1}
[2026-04-15 00:45:51] [SUCCESS] bvid=BV1WfDDBkEwD 已成功抓取全部所需数据。
[2026-04-15 00:46:03] [SUCCESS] bvid=BV1kfDDBkEZw 已成功抓取全部所需数据。
[2026-04-15 00:46:09] [SUCCESS] bvid=BV16PDQBuE7B 已成功抓取全部所需数据。
[2026-04-15 00:46:14] [SUCCESS] bvid=BV1kwDQB6EMe 已成功抓取全部所需数据。
[2026-04-15 00:46:20] [SUCCESS] bvid=BV1a8DyBMEiY 已成功抓取全部所需数据。
[2026-04-15 00:46:26] [SUCCESS] bvid=BV1AiDSBzEuJ 已成功抓取全部所需数据。
[2026-04-15 00:46:31] [SUCCESS] bvid=BV18VDCBcEYR 已成功抓取全部所需数据。
[2026-04-15 00:46:43] [SUCCESS] bvid=BV1WdDDByE21 已成功抓取全部所需数据。
[2026-04-15 00:46:55] [SUCCESS] bvid=BV1PdDDB1EsA 已成功抓取全部所需数据。
[2026-04-15 00:47:01] [SUCCESS] bvid=BV1sdDDByEET 已成功抓取全部所需数据。
[2026-04-15 00:47:06] [SUCCESS] bvid=BV1ydDDByE5y 已成功抓取全部所需数据。
[2026-04-15 00:47:18] [SUCCESS] bvid=BV1WdDDByEDH 已成功抓取全部所需数据。
[2026-04-15 00:47:25] [SUCCESS] bvid=BV1xdDDB1Ezc 已成功抓取全部所需数据。
[2026-04-15 00:47:37] [SUCCESS] bvid=BV1WdDDByEtq 已成功抓取全部所需数据。
[2026-04-15 00:47:50] [SUCCESS] bvid=BV1cPDQBgENc 已成功抓取全部所需数据。
[2026-04-15 00:47:55] [SUCCESS] bvid=BV1JPDQBuEWi 已成功抓取全部所需数据。
[2026-04-15 00:48:00] [SUCCESS] bvid=BV11PXfBuEjJ 已成功抓取全部所需数据。
[2026-04-15 00:48:05] [SUCCESS] bvid=BV1nNDQBBEka 已成功抓取全部所需数据。
[2026-04-15 00:48:11] [SUCCESS] bvid=BV1rPDQBuEB4 已成功抓取全部所需数据。
[2026-04-15 00:48:16] [SUCCESS] bvid=BV1rNDQBBEGH 已成功抓取全部所需数据。
[2026-04-15 00:48:21] [SUCCESS] bvid=BV1BzQMBJEJH 已成功抓取全部所需数据。
[2026-04-15 00:48:27] [SUCCESS] bvid=BV1nNDQBBEhx 已成功抓取全部所需数据。
[2026-04-15 00:48:33] [SUCCESS] bvid=BV1CcDQB3EKD 已成功抓取全部所需数据。
[2026-04-15 00:48:38] [SUCCESS] bvid=BV1ncDQBgEob 已成功抓取全部所需数据。
[2026-04-15 00:48:38] [WARN] 当前子任务已结束，但仍有未成功抓取的视频，已导出 remaining CSV 供继续执行。
[2026-04-15 00:48:38] [INFO] 已导出剔除成功条目后的剩余 CSV：D:\Schoolworks\Thesis\Bilibili-Datahub\outputs\video_data\manual_crawls\manual_crawl_stat_comment_20260414_214213\remaining_bvids_part_14.csv
[2026-04-15 00:48:38] 子任务结束时间：2026-04-15T00:48:38.779531
[TIMESTAMP][END] 2026-04-15T00:48:38
