[TIMESTAMP][BEGIN] 2026-04-15T03:27:35
[2026-04-15 03:27:37] 开始执行 CSV 批量抓取子任务 part_28。
[2026-04-15 03:27:37] 子任务开始时间：2026-04-15T03:27:35.125540
[2026-04-15 03:27:37] 输入文件：batch_input_28.csv
[2026-04-15 03:27:37] 输入唯一 bvid 数量：100
[2026-04-15 03:27:37] 为严格按 CSV 顺序判断连续失败阈值，本次任务自动将并发度从 2 调整为 1。
[2026-04-15 03:27:42] [SUCCESS] bvid=BV1UaQABUEuH 已成功抓取全部所需数据。
[2026-04-15 03:27:54] [SUCCESS] bvid=BV1acQPBfEEW 已成功抓取全部所需数据。
[2026-04-15 03:27:59] [SUCCESS] bvid=BV1XcQPBfE3G 已成功抓取全部所需数据。
[2026-04-15 03:28:04] [SUCCESS] bvid=BV1qXQABNEWH 已成功抓取全部所需数据。
[2026-04-15 03:28:08] [SUCCESS] bvid=BV1YAQPBtEja 已成功抓取全部所需数据。
[2026-04-15 03:28:20] [SUCCESS] bvid=BV1VYQFBHEpQ 已成功抓取全部所需数据。
[2026-04-15 03:28:25] [SUCCESS] bvid=BV1NoD8BWERM 已成功抓取全部所需数据。
[2026-04-15 03:28:30] [SUCCESS] bvid=BV1YFQPB8Ee2 已成功抓取全部所需数据。
[2026-04-15 03:28:35] [SUCCESS] bvid=BV1vfQABcEWT 已成功抓取全部所需数据。
[2026-04-15 03:28:40] [SUCCESS] bvid=BV1eFQPB8Ebi 已成功抓取全部所需数据。
[2026-04-15 03:28:45] [SUCCESS] bvid=BV19fQABcEGv 已成功抓取全部所需数据。
[2026-04-15 03:28:50] [SUCCESS] bvid=BV1RFQPB8EEF 已成功抓取全部所需数据。
[2026-04-15 03:29:02] [SUCCESS] bvid=BV1DuQPBWEAT 已成功抓取全部所需数据。
[2026-04-15 03:29:07] [SUCCESS] bvid=BV18uQPBWEDo 已成功抓取全部所需数据。
[2026-04-15 03:29:18] [SUCCESS] bvid=BV18uQPBWEgF 已成功抓取全部所需数据。
[2026-04-15 03:29:23] [SUCCESS] bvid=BV1aPQPBZEdb 已成功抓取全部所需数据。
[2026-04-15 03:29:28] [SUCCESS] bvid=BV1hPQPBoEHd 已成功抓取全部所需数据。
[2026-04-15 03:29:33] [SUCCESS] bvid=BV1aKQPB4E4S 已成功抓取全部所需数据。
[2026-04-15 03:29:38] [SUCCESS] bvid=BV1QKQPBxEHe 已成功抓取全部所需数据。
[2026-04-15 03:29:43] [SUCCESS] bvid=BV16SQABTEG6 已成功抓取全部所需数据。
[2026-04-15 03:29:48] [SUCCESS] bvid=BV1fSQABTETL 已成功抓取全部所需数据。
[2026-04-15 03:29:53] [SUCCESS] bvid=BV1BDQABiEi4 已成功抓取全部所需数据。
[2026-04-15 03:29:57] [SUCCESS] bvid=BV1qDQABiEJV 已成功抓取全部所需数据。
[2026-04-15 03:30:09] [SUCCESS] bvid=BV16mQABBE1o 已成功抓取全部所需数据。
[2026-04-15 03:30:14] [SUCCESS] bvid=BV1FmQABzEfp 已成功抓取全部所需数据。
[2026-04-15 03:30:19] [SUCCESS] bvid=BV1odQABAEhH 已成功抓取全部所需数据。
[2026-04-15 03:30:24] [SUCCESS] bvid=BV15oQABYEU1 已成功抓取全部所需数据。
[2026-04-15 03:30:29] [SUCCESS] bvid=BV1jdQABPEzt 已成功抓取全部所需数据。
[2026-04-15 03:30:33] [SUCCESS] bvid=BV1X6QwBsED3 已成功抓取全部所需数据。
[2026-04-15 03:30:38] [SUCCESS] bvid=BV1ioQABaEnP 已成功抓取全部所需数据。
[2026-04-15 03:30:43] [SUCCESS] bvid=BV1BXQABNEV5 已成功抓取全部所需数据。
[2026-04-15 03:30:48] [SUCCESS] bvid=BV1q9QABeE3k 已成功抓取全部所需数据。
[2026-04-15 03:30:52] [SUCCESS] bvid=BV1q9QABeEyA 已成功抓取全部所需数据。
[2026-04-15 03:30:57] [SUCCESS] bvid=BV1G9QcBREdh 已成功抓取全部所需数据。
[2026-04-15 03:31:03] [SUCCESS] bvid=BV1rxQPBkEUW 已成功抓取全部所需数据。
[2026-04-15 03:31:08] [SUCCESS] bvid=BV1E1QcBAERs 已成功抓取全部所需数据。
[2026-04-15 03:31:13] [SUCCESS] bvid=BV1rtQPB3EVP 已成功抓取全部所需数据。
[2026-04-15 03:31:18] [SUCCESS] bvid=BV1rtQPB3EiN 已成功抓取全部所需数据。
[2026-04-15 03:31:23] [SUCCESS] bvid=BV16tQPB3E7x 已成功抓取全部所需数据。
[2026-04-15 03:31:36] [SUCCESS] bvid=BV1WpQPByEcC 已成功抓取全部所需数据。
[2026-04-15 03:31:41] [SUCCESS] bvid=BV1WpQPByExM 已成功抓取全部所需数据。
[2026-04-15 03:31:47] [SUCCESS] bvid=BV1HsQPBVEVt 已成功抓取全部所需数据。
[2026-04-15 03:31:59] [SUCCESS] bvid=BV1EaQPBBEUx 已成功抓取全部所需数据。
[2026-04-15 03:32:04] [SUCCESS] bvid=BV1EbQPB6EdQ 已成功抓取全部所需数据。
[2026-04-15 03:32:10] [SUCCESS] bvid=BV1EeQPBTET1 已成功抓取全部所需数据。
[2026-04-15 03:32:15] [SUCCESS] bvid=BV1fbQPB6E7f 已成功抓取全部所需数据。
[2026-04-15 03:32:20] [SUCCESS] bvid=BV1nbQPB6Exe 已成功抓取全部所需数据。
[2026-04-15 03:32:26] [SUCCESS] bvid=BV1tgQPBXEaR 已成功抓取全部所需数据。
[2026-04-15 03:32:31] [SUCCESS] bvid=BV1xVQPBDEfh 已成功抓取全部所需数据。
[2026-04-15 03:32:36] [SUCCESS] bvid=BV12VQPBDEwD 已成功抓取全部所需数据。
[2026-04-15 03:32:41] [SUCCESS] bvid=BV1mLQPBJEP8 已成功抓取全部所需数据。
[2026-04-15 03:32:47] [SUCCESS] bvid=BV1e9QcBdEko 已成功抓取全部所需数据。
[2026-04-15 03:32:52] [SUCCESS] bvid=BV1bgQPBXEtk 已成功抓取全部所需数据。
[2026-04-15 03:32:57] [SUCCESS] bvid=BV1UGQPBHEqw 已成功抓取全部所需数据。
[2026-04-15 03:33:02] [SUCCESS] bvid=BV1pHQPBLEpb 已成功抓取全部所需数据。
[2026-04-15 03:33:08] [SUCCESS] bvid=BV1bGQPBHEML 已成功抓取全部所需数据。
[2026-04-15 03:33:20] [SUCCESS] bvid=BV1CHQPBLE4s 已成功抓取全部所需数据。
[2026-04-15 03:33:25] [SUCCESS] bvid=BV1WJQPB2EVd 已成功抓取全部所需数据。
[2026-04-15 03:33:30] [SUCCESS] bvid=BV1UGQPBHEzK 已成功抓取全部所需数据。
[2026-04-15 03:33:36] [SUCCESS] bvid=BV1tGQPBHEmn 已成功抓取全部所需数据。
[2026-04-15 03:33:41] [SUCCESS] bvid=BV1xjQPBUEHs 已成功抓取全部所需数据。
[2026-04-15 03:33:46] [SUCCESS] bvid=BV1WHQPBLEUc 已成功抓取全部所需数据。
[2026-04-15 03:33:58] [SUCCESS] bvid=BV1WeQcB6E1u 已成功抓取全部所需数据。
[2026-04-15 03:34:04] [SUCCESS] bvid=BV1WHQPBLEGV 已成功抓取全部所需数据。
[2026-04-15 03:34:09] [SUCCESS] bvid=BV1HHQPBLEdg 已成功抓取全部所需数据。
[2026-04-15 03:34:15] [SUCCESS] bvid=BV1WHQPBLEtw 已成功抓取全部所需数据。
[2026-04-15 03:34:20] [SUCCESS] bvid=BV15WDYBCEfZ 已成功抓取全部所需数据。
[2026-04-15 03:34:26] [SUCCESS] bvid=BV1E4QwBPEn3 已成功抓取全部所需数据。
[2026-04-15 03:34:38] [SUCCESS] bvid=BV1ZUQcBFEdU 已成功抓取全部所需数据。
[2026-04-15 03:34:49] [SUCCESS] bvid=BV1wiQcBuEo9 已成功抓取全部所需数据。
[2026-04-15 03:34:55] [SUCCESS] bvid=BV1K1DZBvEbU 已成功抓取全部所需数据。
[2026-04-15 03:34:55] [ERROR] bvid=BV1xjQPBUEoi 抓取失败：stat: 接口返回错误代码：62002，信息：稿件不可见。
{'code': 62002, 'message': '稿件不可见', 'ttl': 1} | comment: 接口返回错误代码：62002，信息：稿件不可见。
{'code': 62002, 'message': '稿件不可见', 'ttl': 1}
[2026-04-15 03:35:00] [SUCCESS] bvid=BV12jQPBUEjx 已成功抓取全部所需数据。
[2026-04-15 03:35:06] [SUCCESS] bvid=BV1xjQPBUEpD 已成功抓取全部所需数据。
[2026-04-15 03:35:11] [SUCCESS] bvid=BV11eQcBzE5r 已成功抓取全部所需数据。
[2026-04-15 03:35:16] [SUCCESS] bvid=BV1sEQPB7EF9 已成功抓取全部所需数据。
[2026-04-15 03:35:22] [SUCCESS] bvid=BV1yiQcBMEaq 已成功抓取全部所需数据。
[2026-04-15 03:35:27] [SUCCESS] bvid=BV1NeQcB6EVx 已成功抓取全部所需数据。
[2026-04-15 03:35:33] [SUCCESS] bvid=BV11eQcBzExq 已成功抓取全部所需数据。
[2026-04-15 03:35:38] [SUCCESS] bvid=BV1yiQcBMEL7 已成功抓取全部所需数据。
[2026-04-15 03:35:43] [SUCCESS] bvid=BV12hQcBrErH 已成功抓取全部所需数据。
[2026-04-15 03:35:48] [SUCCESS] bvid=BV1shQcBkEiH 已成功抓取全部所需数据。
[2026-04-15 03:35:54] [SUCCESS] bvid=BV1NhQcBkEMe 已成功抓取全部所需数据。
[2026-04-15 03:36:00] [SUCCESS] bvid=BV11YQcBgEZv 已成功抓取全部所需数据。
[2026-04-15 03:36:05] [SUCCESS] bvid=BV12YQcBgEMZ 已成功抓取全部所需数据。
[2026-04-15 03:36:10] [SUCCESS] bvid=BV1CYQcBgEoW 已成功抓取全部所需数据。
[2026-04-15 03:36:22] [SUCCESS] bvid=BV1yYQcBgEp7 已成功抓取全部所需数据。
[2026-04-15 03:36:27] [SUCCESS] bvid=BV1gHQcBUE1z 已成功抓取全部所需数据。
[2026-04-15 03:36:39] [SUCCESS] bvid=BV1r6QcBvED1 已成功抓取全部所需数据。
[2026-04-15 03:36:44] [SUCCESS] bvid=BV1w6QcBiEX1 已成功抓取全部所需数据。
[2026-04-15 03:36:49] [SUCCESS] bvid=BV16kQcBPEY7 已成功抓取全部所需数据。
[2026-04-15 03:37:00] [SUCCESS] bvid=BV1rqQcBqEmk 已成功抓取全部所需数据。
[2026-04-15 03:37:06] [SUCCESS] bvid=BV1gwQwBHE9q 已成功抓取全部所需数据。
[2026-04-15 03:37:23] [SUCCESS] bvid=BV1jnXfBbEf4 已成功抓取全部所需数据。
[2026-04-15 03:47:27] [ERROR] bvid=BV1kqQcBqEkF 抓取失败：stat: Timeout of 600.0s exceeded, last exception: HTTPSConnectionPool(host='bigquery.googleapis.com', port=443): Max retries exceeded with url: /bigquery/v2/projects/bilibili-m2s2vp-research/datasets?prettyPrint=false (Caused by SSLError(SSLEOFError(8, 'EOF occurred in violation of protocol (_ssl.c:1017)')))
[2026-04-15 03:47:33] [SUCCESS] bvid=BV1wzQcBTEPB 已成功抓取全部所需数据。
[2026-04-15 03:47:38] [SUCCESS] bvid=BV1hwQwBnEAQ 已成功抓取全部所需数据。
[2026-04-15 03:47:43] [SUCCESS] bvid=BV1SHQcBmEsH 已成功抓取全部所需数据。
[2026-04-15 03:47:48] [SUCCESS] bvid=BV1DHQcBmEwy 已成功抓取全部所需数据。
[2026-04-15 03:47:53] [SUCCESS] bvid=BV1uWQcB7E25 已成功抓取全部所需数据。
[2026-04-15 03:47:53] [WARN] 当前子任务已结束，但仍有未成功抓取的视频，已导出 remaining CSV 供继续执行。
[2026-04-15 03:47:53] [INFO] 已导出剔除成功条目后的剩余 CSV：D:\Schoolworks\Thesis\Bilibili-Datahub\outputs\video_data\manual_crawls\manual_crawl_stat_comment_20260414_214213\remaining_bvids_part_28.csv
[2026-04-15 03:47:53] 子任务结束时间：2026-04-15T03:47:53.709734
[TIMESTAMP][END] 2026-04-15T03:47:53
