[TIMESTAMP][BEGIN] 2026-04-15T04:29:07
[2026-04-15 04:29:09] 开始执行 CSV 批量抓取子任务 part_31。
[2026-04-15 04:29:09] 子任务开始时间：2026-04-15T04:29:07.611520
[2026-04-15 04:29:09] 输入文件：batch_input_31.csv
[2026-04-15 04:29:09] 输入唯一 bvid 数量：100
[2026-04-15 04:29:09] 为严格按 CSV 顺序判断连续失败阈值，本次任务自动将并发度从 2 调整为 1。
[2026-04-15 04:29:14] [SUCCESS] bvid=BV1bMQwBjE31 已成功抓取全部所需数据。
[2026-04-15 04:29:19] [SUCCESS] bvid=BV1sLQwBrEBY 已成功抓取全部所需数据。
[2026-04-15 04:29:24] [SUCCESS] bvid=BV1x3QwB5Eyu 已成功抓取全部所需数据。
[2026-04-15 04:29:29] [SUCCESS] bvid=BV17tQwBYEq7 已成功抓取全部所需数据。
[2026-04-15 04:29:34] [SUCCESS] bvid=BV1BtQwBYE3o 已成功抓取全部所需数据。
[2026-04-15 04:29:39] [SUCCESS] bvid=BV1tuQwB1Esn 已成功抓取全部所需数据。
[2026-04-15 04:29:44] [SUCCESS] bvid=BV1c7QFBYENR 已成功抓取全部所需数据。
[2026-04-15 04:29:55] [SUCCESS] bvid=BV14GQwBCE3r 已成功抓取全部所需数据。
[2026-04-15 04:30:00] [SUCCESS] bvid=BV1GBQwBdEmh 已成功抓取全部所需数据。
[2026-04-15 04:30:12] [SUCCESS] bvid=BV1BkDfBxEKQ 已成功抓取全部所需数据。
[2026-04-15 04:30:17] [SUCCESS] bvid=BV1nK97BDEn6 已成功抓取全部所需数据。
[2026-04-15 04:30:28] [SUCCESS] bvid=BV18zDZBzEJj 已成功抓取全部所需数据。
[2026-04-15 04:30:40] [SUCCESS] bvid=BV1tkDZBqENh 已成功抓取全部所需数据。
[2026-04-15 04:30:45] [SUCCESS] bvid=BV1B1DfBWEj1 已成功抓取全部所需数据。
[2026-04-15 04:30:56] [SUCCESS] bvid=BV1PXQFBBEaa 已成功抓取全部所需数据。
[2026-04-15 04:31:01] [SUCCESS] bvid=BV1Y6QwBsErp 已成功抓取全部所需数据。
[2026-04-15 04:31:06] [SUCCESS] bvid=BV1oZDHBSE4y 已成功抓取全部所需数据。
[2026-04-15 04:31:18] [SUCCESS] bvid=BV1q2DfB9E5L 已成功抓取全部所需数据。
[2026-04-15 04:31:30] [SUCCESS] bvid=BV141DZBvEtu 已成功抓取全部所需数据。
[2026-04-15 04:31:35] [SUCCESS] bvid=BV1v2DfBXEZd 已成功抓取全部所需数据。
[2026-04-15 04:31:46] [SUCCESS] bvid=BV1jeQwBbEFa 已成功抓取全部所需数据。
[2026-04-15 04:31:47] [ERROR] bvid=BV1xGQwBCEPy 抓取失败：stat: 接口返回错误代码：-404，信息：啥都木有。
{'code': -404, 'message': '啥都木有', 'ttl': 1} | comment: 接口返回错误代码：-404，信息：啥都木有。
{'code': -404, 'message': '啥都木有', 'ttl': 1}
[2026-04-15 04:31:58] [SUCCESS] bvid=BV1xGQwBCE3M 已成功抓取全部所需数据。
[2026-04-15 04:32:03] [SUCCESS] bvid=BV143QwB5EDz 已成功抓取全部所需数据。
[2026-04-15 04:32:09] [SUCCESS] bvid=BV1KGQwByEL4 已成功抓取全部所需数据。
[2026-04-15 04:32:14] [SUCCESS] bvid=BV1xGQwBCEnR 已成功抓取全部所需数据。
[2026-04-15 04:32:19] [SUCCESS] bvid=BV1x3QwB5EdV 已成功抓取全部所需数据。
[2026-04-15 04:32:24] [SUCCESS] bvid=BV123QwB5EFz 已成功抓取全部所需数据。
[2026-04-15 04:32:28] [SUCCESS] bvid=BV12GQwBCEtQ 已成功抓取全部所需数据。
[2026-04-15 04:32:39] [SUCCESS] bvid=BV1mMQwBjEWB 已成功抓取全部所需数据。
[2026-04-15 04:32:44] [SUCCESS] bvid=BV14GQwBCEEL 已成功抓取全部所需数据。
[2026-04-15 04:32:49] [SUCCESS] bvid=BV1xGQwBCEdr 已成功抓取全部所需数据。
[2026-04-15 04:32:55] [SUCCESS] bvid=BV1xGQwBCEPw 已成功抓取全部所需数据。
[2026-04-15 04:33:06] [SUCCESS] bvid=BV14MQwBjE4J 已成功抓取全部所需数据。
[2026-04-15 04:33:11] [SUCCESS] bvid=BV1xGQwBCEn8 已成功抓取全部所需数据。
[2026-04-15 04:33:16] [SUCCESS] bvid=BV1tMQwBjEZP 已成功抓取全部所需数据。
[2026-04-15 04:33:21] [SUCCESS] bvid=BV1MMQwB7EGq 已成功抓取全部所需数据。
[2026-04-15 04:33:26] [SUCCESS] bvid=BV1bMQwBjE3A 已成功抓取全部所需数据。
[2026-04-15 04:33:31] [SUCCESS] bvid=BV1uMQwB7Eec 已成功抓取全部所需数据。
[2026-04-15 04:33:37] [SUCCESS] bvid=BV1tMQwBjE8F 已成功抓取全部所需数据。
[2026-04-15 04:33:42] [SUCCESS] bvid=BV14uQwB1EVy 已成功抓取全部所需数据。
[2026-04-15 04:33:53] [SUCCESS] bvid=BV1p7QwBgEa2 已成功抓取全部所需数据。
[2026-04-15 04:33:59] [SUCCESS] bvid=BV14uQwB1EgW 已成功抓取全部所需数据。
[2026-04-15 04:34:04] [SUCCESS] bvid=BV14MQwBjEs9 已成功抓取全部所需数据。
[2026-04-15 04:34:10] [SUCCESS] bvid=BV1mMQwBjE43 已成功抓取全部所需数据。
[2026-04-15 04:34:21] [SUCCESS] bvid=BV1xuQwB1Ey3 已成功抓取全部所需数据。
[2026-04-15 04:34:26] [SUCCESS] bvid=BV1tMQwBjEHK 已成功抓取全部所需数据。
[2026-04-15 04:34:31] [SUCCESS] bvid=BV14MQwBjE4h 已成功抓取全部所需数据。
[2026-04-15 04:34:37] [SUCCESS] bvid=BV1MMQwB7EdD 已成功抓取全部所需数据。
[2026-04-15 04:34:41] [SUCCESS] bvid=BV1tMQwBjEy9 已成功抓取全部所需数据。
[2026-04-15 04:34:47] [SUCCESS] bvid=BV14uQwB1EMn 已成功抓取全部所需数据。
[2026-04-15 04:34:52] [SUCCESS] bvid=BV1UuQwB1EPY 已成功抓取全部所需数据。
[2026-04-15 04:34:58] [SUCCESS] bvid=BV1p7QwBgEfD 已成功抓取全部所需数据。
[2026-04-15 04:35:09] [SUCCESS] bvid=BV1C7QwBgEbm 已成功抓取全部所需数据。
[2026-04-15 04:35:20] [SUCCESS] bvid=BV1PEQwB6EPo 已成功抓取全部所需数据。
[2026-04-15 04:35:24] [SUCCESS] bvid=BV1W7QwB3EFV 已成功抓取全部所需数据。
[2026-04-15 04:35:29] [SUCCESS] bvid=BV1C7QwBgE8o 已成功抓取全部所需数据。
[2026-04-15 04:35:35] [SUCCESS] bvid=BV1W7QwBgEgy 已成功抓取全部所需数据。
[2026-04-15 04:35:40] [SUCCESS] bvid=BV1F9DHBWEvK 已成功抓取全部所需数据。
[2026-04-15 04:35:45] [SUCCESS] bvid=BV1AfDrBQEDe 已成功抓取全部所需数据。
[2026-04-15 04:35:50] [SUCCESS] bvid=BV1yfDrBQEj4 已成功抓取全部所需数据。
[2026-04-15 04:36:01] [SUCCESS] bvid=BV1yfDrBDE74 已成功抓取全部所需数据。
[2026-04-15 04:36:06] [SUCCESS] bvid=BV1K5QwBVEGR 已成功抓取全部所需数据。
[2026-04-15 04:36:11] [SUCCESS] bvid=BV1pEQwBzEkm 已成功抓取全部所需数据。
[2026-04-15 04:36:16] [SUCCESS] bvid=BV1kEQwBzE8T 已成功抓取全部所需数据。
[2026-04-15 04:36:20] [SUCCESS] bvid=BV1CEQwBzEdo 已成功抓取全部所需数据。
[2026-04-15 04:36:26] [SUCCESS] bvid=BV1PEQwB6EWx 已成功抓取全部所需数据。
[2026-04-15 04:36:37] [SUCCESS] bvid=BV1HEQwBzERN 已成功抓取全部所需数据。
[2026-04-15 04:36:42] [SUCCESS] bvid=BV1yfDrBDE4A 已成功抓取全部所需数据。
[2026-04-15 04:36:46] [SUCCESS] bvid=BV1WEQwBzE7R 已成功抓取全部所需数据。
[2026-04-15 04:36:52] [SUCCESS] bvid=BV1s5QwBGEur 已成功抓取全部所需数据。
[2026-04-15 04:36:57] [SUCCESS] bvid=BV1yfDrBDEVu 已成功抓取全部所需数据。
[2026-04-15 04:37:03] [SUCCESS] bvid=BV1x5QwBGEyk 已成功抓取全部所需数据。
[2026-04-15 04:37:08] [SUCCESS] bvid=BV1s5QwBGEnb 已成功抓取全部所需数据。
[2026-04-15 04:37:13] [SUCCESS] bvid=BV1yfDrBDELy 已成功抓取全部所需数据。
[2026-04-15 04:37:18] [SUCCESS] bvid=BV1x5QwBGE4L 已成功抓取全部所需数据。
[2026-04-15 04:37:24] [SUCCESS] bvid=BV1s5QwBGEjv 已成功抓取全部所需数据。
[2026-04-15 04:37:29] [SUCCESS] bvid=BV1WfDrBQEEv 已成功抓取全部所需数据。
[2026-04-15 04:37:34] [SUCCESS] bvid=BV1x5QwBGECG 已成功抓取全部所需数据。
[2026-04-15 04:37:39] [SUCCESS] bvid=BV125QwBGEVU 已成功抓取全部所需数据。
[2026-04-15 04:37:44] [SUCCESS] bvid=BV1P5QwBVEYF 已成功抓取全部所需数据。
[2026-04-15 04:37:49] [SUCCESS] bvid=BV1yfDrBQEvG 已成功抓取全部所需数据。
[2026-04-15 04:37:55] [SUCCESS] bvid=BV18yQwBQEtd 已成功抓取全部所需数据。
[2026-04-15 04:38:01] [SUCCESS] bvid=BV1EHQFBfEDt 已成功抓取全部所需数据。
[2026-04-15 04:38:07] [SUCCESS] bvid=BV1CfDrBDEZ9 已成功抓取全部所需数据。
[2026-04-15 04:38:12] [SUCCESS] bvid=BV1x5QwBVERf 已成功抓取全部所需数据。
[2026-04-15 04:38:29] [SUCCESS] bvid=BV1CLQwBrEjZ 已成功抓取全部所需数据。
[2026-04-15 04:38:35] [SUCCESS] bvid=BV1CLQwBrERe 已成功抓取全部所需数据。
[2026-04-15 04:38:46] [SUCCESS] bvid=BV12XQwBjEXp 已成功抓取全部所需数据。
[2026-04-15 04:38:57] [SUCCESS] bvid=BV1PfDrBQEHr 已成功抓取全部所需数据。
[2026-04-15 04:39:02] [SUCCESS] bvid=BV1fKDbBBEKC 已成功抓取全部所需数据。
[2026-04-15 04:39:13] [SUCCESS] bvid=BV1znQFB8EUh 已成功抓取全部所需数据。
[2026-04-15 04:39:24] [SUCCESS] bvid=BV1rjDxBNEWd 已成功抓取全部所需数据。
[2026-04-15 04:39:29] [SUCCESS] bvid=BV1tkDZBqERM 已成功抓取全部所需数据。
[2026-04-15 04:39:34] [SUCCESS] bvid=BV1oPDfBHEHq 已成功抓取全部所需数据。
[2026-04-15 04:39:45] [SUCCESS] bvid=BV1d8DjBeEpB 已成功抓取全部所需数据。
[2026-04-15 04:39:57] [SUCCESS] bvid=BV15YQFBHEQL 已成功抓取全部所需数据。
[2026-04-15 04:40:08] [SUCCESS] bvid=BV1WLQwBrEpE 已成功抓取全部所需数据。
[2026-04-15 04:40:13] [SUCCESS] bvid=BV1CLQwBrEdG 已成功抓取全部所需数据。
[2026-04-15 04:40:25] [SUCCESS] bvid=BV1pLQwBrEQH 已成功抓取全部所需数据。
[2026-04-15 04:40:25] [WARN] 当前子任务已结束，但仍有未成功抓取的视频，已导出 remaining CSV 供继续执行。
[2026-04-15 04:40:25] [INFO] 已导出剔除成功条目后的剩余 CSV：D:\Schoolworks\Thesis\Bilibili-Datahub\outputs\video_data\manual_crawls\manual_crawl_stat_comment_20260414_214213\remaining_bvids_part_31.csv
[2026-04-15 04:40:25] 子任务结束时间：2026-04-15T04:40:25.296041
[TIMESTAMP][END] 2026-04-15T04:40:25
