[TIMESTAMP][BEGIN] 2026-04-15T03:47:53
[2026-04-15 03:47:55] 开始执行 CSV 批量抓取子任务 part_29。
[2026-04-15 03:47:55] 子任务开始时间：2026-04-15T03:47:53.893676
[2026-04-15 03:47:55] 输入文件：batch_input_29.csv
[2026-04-15 03:47:55] 输入唯一 bvid 数量：100
[2026-04-15 03:47:55] 为严格按 CSV 顺序判断连续失败阈值，本次任务自动将并发度从 2 调整为 1。
[2026-04-15 03:48:06] [SUCCESS] bvid=BV1DWQcBjEFh 已成功抓取全部所需数据。
[2026-04-15 03:48:11] [SUCCESS] bvid=BV1SWQcBjEuW 已成功抓取全部所需数据。
[2026-04-15 03:48:16] [SUCCESS] bvid=BV1DWQcBjEb2 已成功抓取全部所需数据。
[2026-04-15 03:48:21] [SUCCESS] bvid=BV1DnQcBEEbZ 已成功抓取全部所需数据。
[2026-04-15 03:48:26] [SUCCESS] bvid=BV1VEQcBDENz 已成功抓取全部所需数据。
[2026-04-15 03:48:30] [SUCCESS] bvid=BV1gnQcBJE6g 已成功抓取全部所需数据。
[2026-04-15 03:48:35] [SUCCESS] bvid=BV1mtQcByEvT 已成功抓取全部所需数据。
[2026-04-15 03:48:40] [SUCCESS] bvid=BV1QEQcBSECN 已成功抓取全部所需数据。
[2026-04-15 03:48:44] [SUCCESS] bvid=BV1WLQwBrE6e 已成功抓取全部所需数据。
[2026-04-15 03:48:49] [SUCCESS] bvid=BV1UtQcBCEF7 已成功抓取全部所需数据。
[2026-04-15 03:48:54] [SUCCESS] bvid=BV1SsQcB1EnP 已成功抓取全部所需数据。
[2026-04-15 03:48:59] [SUCCESS] bvid=BV12tQcBCENX 已成功抓取全部所需数据。
[2026-04-15 03:49:04] [SUCCESS] bvid=BV1x8QcBVEmM 已成功抓取全部所需数据。
[2026-04-15 03:49:09] [SUCCESS] bvid=BV1UsQcB1EUD 已成功抓取全部所需数据。
[2026-04-15 03:49:21] [SUCCESS] bvid=BV1sTDZBhEA8 已成功抓取全部所需数据。
[2026-04-15 03:49:26] [SUCCESS] bvid=BV1SsQcB2EmG 已成功抓取全部所需数据。
[2026-04-15 03:49:31] [SUCCESS] bvid=BV1YfQcBpEiZ 已成功抓取全部所需数据。
[2026-04-15 03:49:36] [SUCCESS] bvid=BV1UsQcB1Eq5 已成功抓取全部所需数据。
[2026-04-15 03:49:41] [SUCCESS] bvid=BV1YfQcBpEoh 已成功抓取全部所需数据。
[2026-04-15 03:49:46] [SUCCESS] bvid=BV1t4QcBLEac 已成功抓取全部所需数据。
[2026-04-15 03:49:51] [SUCCESS] bvid=BV1afQcBpEJp 已成功抓取全部所需数据。
[2026-04-15 03:49:56] [SUCCESS] bvid=BV1hFQwBQExt 已成功抓取全部所需数据。
[2026-04-15 03:50:01] [SUCCESS] bvid=BV1aFQwBQEhV 已成功抓取全部所需数据。
[2026-04-15 03:50:06] [SUCCESS] bvid=BV1XfQcBpEoB 已成功抓取全部所需数据。
[2026-04-15 03:50:11] [SUCCESS] bvid=BV19fQcBpEsm 已成功抓取全部所需数据。
[2026-04-15 03:50:16] [SUCCESS] bvid=BV1YXDfBUETP 已成功抓取全部所需数据。
[2026-04-15 03:50:22] [SUCCESS] bvid=BV1GfQcBWEfi 已成功抓取全部所需数据。
[2026-04-15 03:50:22] [ERROR] bvid=BV1vdQcBsE3C 抓取失败：stat: 接口返回错误代码：62002，信息：稿件不可见。
{'code': 62002, 'message': '稿件不可见', 'ttl': 1} | comment: 接口返回错误代码：62002，信息：稿件不可见。
{'code': 62002, 'message': '稿件不可见', 'ttl': 1}
[2026-04-15 03:50:27] [SUCCESS] bvid=BV1aFQwBQEys 已成功抓取全部所需数据。
[2026-04-15 03:50:31] [SUCCESS] bvid=BV1aFQwBXEaJ 已成功抓取全部所需数据。
[2026-04-15 03:50:36] [SUCCESS] bvid=BV1hFQwBQEXW 已成功抓取全部所需数据。
[2026-04-15 03:50:41] [SUCCESS] bvid=BV1aFQwBQENn 已成功抓取全部所需数据。
[2026-04-15 03:50:46] [SUCCESS] bvid=BV1eoQcB9E3S 已成功抓取全部所需数据。
[2026-04-15 03:50:50] [SUCCESS] bvid=BV1edQcBsEZZ 已成功抓取全部所需数据。
[2026-04-15 03:50:55] [SUCCESS] bvid=BV1YoQcB9ELf 已成功抓取全部所需数据。
[2026-04-15 03:51:00] [SUCCESS] bvid=BV1vdQcBsEct 已成功抓取全部所需数据。
[2026-04-15 03:51:05] [SUCCESS] bvid=BV1DNQwBEEuN 已成功抓取全部所需数据。
[2026-04-15 03:51:10] [SUCCESS] bvid=BV1RMDfBUEbk 已成功抓取全部所需数据。
[2026-04-15 03:51:16] [SUCCESS] bvid=BV1BtQwBYEJ8 已成功抓取全部所需数据。
[2026-04-15 03:51:21] [SUCCESS] bvid=BV1uKQwBUEcG 已成功抓取全部所需数据。
[2026-04-15 03:51:26] [SUCCESS] bvid=BV19oQcB9EqP 已成功抓取全部所需数据。
[2026-04-15 03:51:31] [SUCCESS] bvid=BV19oQcB9EBA 已成功抓取全部所需数据。
[2026-04-15 03:51:36] [SUCCESS] bvid=BV1YBQwBdEA1 已成功抓取全部所需数据。
[2026-04-15 03:51:40] [SUCCESS] bvid=BV18NQwBEEag 已成功抓取全部所需数据。
[2026-04-15 03:51:46] [SUCCESS] bvid=BV1bNQwBEEiG 已成功抓取全部所需数据。
[2026-04-15 03:51:46] [ERROR] bvid=BV1hwQwBnE2y 抓取失败：stat: 接口返回错误代码：62002，信息：稿件不可见。
{'code': 62002, 'message': '稿件不可见', 'ttl': 1} | comment: 接口返回错误代码：62002，信息：稿件不可见。
{'code': 62002, 'message': '稿件不可见', 'ttl': 1}
[2026-04-15 03:51:51] [SUCCESS] bvid=BV1QwQwBnE82 已成功抓取全部所需数据。
[2026-04-15 03:51:56] [SUCCESS] bvid=BV1bKQwBmEQH 已成功抓取全部所需数据。
[2026-04-15 03:52:01] [SUCCESS] bvid=BV18KQwBmEE2 已成功抓取全部所需数据。
[2026-04-15 03:52:12] [SUCCESS] bvid=BV1tKQwBmEeg 已成功抓取全部所需数据。
[2026-04-15 03:52:17] [SUCCESS] bvid=BV1tKQwBmEz5 已成功抓取全部所需数据。
[2026-04-15 03:52:22] [SUCCESS] bvid=BV1SKQwBmEm3 已成功抓取全部所需数据。
[2026-04-15 03:52:28] [SUCCESS] bvid=BV18KQwBmE3Z 已成功抓取全部所需数据。
[2026-04-15 03:52:33] [SUCCESS] bvid=BV1bKQwBmE6F 已成功抓取全部所需数据。
[2026-04-15 03:52:38] [SUCCESS] bvid=BV1F1QcBAEeT 已成功抓取全部所需数据。
[2026-04-15 04:02:44] [SUCCESS] bvid=BV13wQwBHEm5 已成功抓取全部所需数据。
[2026-04-15 04:12:49] [SUCCESS] bvid=BV1GwQwBHENb 已成功抓取全部所需数据。
[2026-04-15 04:12:54] [SUCCESS] bvid=BV1hAQwBSEiC 已成功抓取全部所需数据。
[2026-04-15 04:12:59] [SUCCESS] bvid=BV1iXQcB4ETA 已成功抓取全部所需数据。
[2026-04-15 04:13:04] [SUCCESS] bvid=BV1F2QcBaEcq 已成功抓取全部所需数据。
[2026-04-15 04:13:16] [SUCCESS] bvid=BV193DfB2ERm 已成功抓取全部所需数据。
[2026-04-15 04:13:28] [SUCCESS] bvid=BV1B2QcBhEaW 已成功抓取全部所需数据。
[2026-04-15 04:13:33] [SUCCESS] bvid=BV1B2QcBhETL 已成功抓取全部所需数据。
[2026-04-15 04:13:45] [SUCCESS] bvid=BV1B2QcBhEGo 已成功抓取全部所需数据。
[2026-04-15 04:13:50] [SUCCESS] bvid=BV1iUQcBFE1i 已成功抓取全部所需数据。
[2026-04-15 04:13:55] [SUCCESS] bvid=BV1B2QcBhEWU 已成功抓取全部所需数据。
[2026-04-15 04:13:59] [SUCCESS] bvid=BV1EKDbBzEYc 已成功抓取全部所需数据。
[2026-04-15 04:14:04] [SUCCESS] bvid=BV1R3QcBsExK 已成功抓取全部所需数据。
[2026-04-15 04:14:09] [SUCCESS] bvid=BV1iSQcBbEfg 已成功抓取全部所需数据。
[2026-04-15 04:14:14] [SUCCESS] bvid=BV1fKDbBBE3T 已成功抓取全部所需数据。
[2026-04-15 04:14:25] [SUCCESS] bvid=BV1nwDbBGEaa 已成功抓取全部所需数据。
[2026-04-15 04:14:30] [SUCCESS] bvid=BV1qUQcBFEhK 已成功抓取全部所需数据。
[2026-04-15 04:14:42] [SUCCESS] bvid=BV1BUQcBFE7x 已成功抓取全部所需数据。
[2026-04-15 04:14:47] [SUCCESS] bvid=BV1b2QFBkEuD 已成功抓取全部所需数据。
[2026-04-15 04:14:58] [SUCCESS] bvid=BV1fUQcBFEKx 已成功抓取全部所需数据。
[2026-04-15 04:15:03] [SUCCESS] bvid=BV1BUQcBFEUr 已成功抓取全部所需数据。
[2026-04-15 04:15:09] [SUCCESS] bvid=BV16CQcBYExu 已成功抓取全部所需数据。
[2026-04-15 04:15:14] [SUCCESS] bvid=BV1BUQcBFE7h 已成功抓取全部所需数据。
[2026-04-15 04:15:26] [SUCCESS] bvid=BV1iUQcBFE1R 已成功抓取全部所需数据。
[2026-04-15 04:15:32] [SUCCESS] bvid=BV1FADbBrEpc 已成功抓取全部所需数据。
[2026-04-15 04:15:37] [SUCCESS] bvid=BV1wmDHBtEvw 已成功抓取全部所需数据。
[2026-04-15 04:15:43] [SUCCESS] bvid=BV1dNDfBDEnC 已成功抓取全部所需数据。
[2026-04-15 04:15:48] [SUCCESS] bvid=BV1dNDfBDEd1 已成功抓取全部所需数据。
[2026-04-15 04:15:53] [SUCCESS] bvid=BV1kaDsBNEsi 已成功抓取全部所需数据。
[2026-04-15 04:15:58] [SUCCESS] bvid=BV1mmQwBSECd 已成功抓取全部所需数据。
[2026-04-15 04:16:09] [SUCCESS] bvid=BV1GqQFBUEUq 已成功抓取全部所需数据。
[2026-04-15 04:16:15] [SUCCESS] bvid=BV1RWDYBkEyW 已成功抓取全部所需数据。
[2026-04-15 04:16:20] [SUCCESS] bvid=BV1vXQcB4E9F 已成功抓取全部所需数据。
[2026-04-15 04:16:32] [SUCCESS] bvid=BV1KDQwBmEy6 已成功抓取全部所需数据。
[2026-04-15 04:16:44] [SUCCESS] bvid=BV1hZDfBLEWF 已成功抓取全部所需数据。
[2026-04-15 04:16:50] [SUCCESS] bvid=BV1FJDNBkEfH 已成功抓取全部所需数据。
[2026-04-15 04:16:56] [SUCCESS] bvid=BV1JnQFB8EgF 已成功抓取全部所需数据。
[2026-04-15 04:17:01] [SUCCESS] bvid=BV1FCQcBeEjo 已成功抓取全部所需数据。
[2026-04-15 04:17:13] [SUCCESS] bvid=BV1zCQcBYEoC 已成功抓取全部所需数据。
[2026-04-15 04:17:18] [SUCCESS] bvid=BV16CQcBYEzM 已成功抓取全部所需数据。
[2026-04-15 04:17:23] [SUCCESS] bvid=BV16CQcBYESK 已成功抓取全部所需数据。
[2026-04-15 04:17:28] [SUCCESS] bvid=BV16CQcBYEsm 已成功抓取全部所需数据。
[2026-04-15 04:17:33] [SUCCESS] bvid=BV1FCQcBeEuf 已成功抓取全部所需数据。
[2026-04-15 04:17:43] [SUCCESS] bvid=BV1zCQcBYEhi 已成功抓取全部所需数据。
[2026-04-15 04:17:48] [SUCCESS] bvid=BV1JCQcBeEB6 已成功抓取全部所需数据。
[2026-04-15 04:17:48] [WARN] 当前子任务已结束，但仍有未成功抓取的视频，已导出 remaining CSV 供继续执行。
[2026-04-15 04:17:48] [INFO] 已导出剔除成功条目后的剩余 CSV：D:\Schoolworks\Thesis\Bilibili-Datahub\outputs\video_data\manual_crawls\manual_crawl_stat_comment_20260414_214213\remaining_bvids_part_29.csv
[2026-04-15 04:17:48] 子任务结束时间：2026-04-15T04:17:48.728185
[TIMESTAMP][END] 2026-04-15T04:17:48
