[TIMESTAMP][BEGIN] 2026-04-14T23:38:26
[2026-04-14 23:38:28] 开始执行 CSV 批量抓取子任务 part_10。
[2026-04-14 23:38:28] 子任务开始时间：2026-04-14T23:38:26.504852
[2026-04-14 23:38:28] 输入文件：batch_input_10.csv
[2026-04-14 23:38:28] 输入唯一 bvid 数量：100
[2026-04-14 23:38:28] 为严格按 CSV 顺序判断连续失败阈值，本次任务自动将并发度从 2 调整为 1。
[2026-04-14 23:38:35] [SUCCESS] bvid=BV1G6QsB9Erf 已成功抓取全部所需数据。
[2026-04-14 23:38:40] [SUCCESS] bvid=BV1a6QsBXES3 已成功抓取全部所需数据。
[2026-04-14 23:38:47] [SUCCESS] bvid=BV1akQsBHEAB 已成功抓取全部所需数据。
[2026-04-14 23:38:53] [SUCCESS] bvid=BV19qQsBREJG 已成功抓取全部所需数据。
[2026-04-14 23:39:05] [SUCCESS] bvid=BV1vqQsBREvQ 已成功抓取全部所需数据。
[2026-04-14 23:39:11] [SUCCESS] bvid=BV1vqQsBREMW 已成功抓取全部所需数据。
[2026-04-14 23:39:17] [SUCCESS] bvid=BV1RqQsBREpX 已成功抓取全部所需数据。
[2026-04-14 23:39:29] [SUCCESS] bvid=BV1D2QsBUEV2 已成功抓取全部所需数据。
[2026-04-14 23:39:40] [SUCCESS] bvid=BV1RqQsBREyt 已成功抓取全部所需数据。
[2026-04-14 23:39:51] [SUCCESS] bvid=BV1XzQsBWEqx 已成功抓取全部所需数据。
[2026-04-14 23:39:57] [SUCCESS] bvid=BV182QsBUEM8 已成功抓取全部所需数据。
[2026-04-14 23:40:02] [SUCCESS] bvid=BV1g2QsBSEme 已成功抓取全部所需数据。
[2026-04-14 23:40:09] [SUCCESS] bvid=BV1UMQsByEZ1 已成功抓取全部所需数据。
[2026-04-14 23:40:14] [SUCCESS] bvid=BV1qBDRBkEHR 已成功抓取全部所需数据。
[2026-04-14 23:40:20] [SUCCESS] bvid=BV1HcDQBGEQ8 已成功抓取全部所需数据。
[2026-04-14 23:40:31] [SUCCESS] bvid=BV1aCQsBDE7i 已成功抓取全部所需数据。
[2026-04-14 23:40:37] [SUCCESS] bvid=BV1hCQsBDEe2 已成功抓取全部所需数据。
[2026-04-14 23:40:48] [SUCCESS] bvid=BV1DCQsBDEzr 已成功抓取全部所需数据。
[2026-04-14 23:40:55] [SUCCESS] bvid=BV1h1QsBJEEo 已成功抓取全部所需数据。
[2026-04-14 23:41:00] [SUCCESS] bvid=BV1a1QsBJEcM 已成功抓取全部所需数据。
[2026-04-14 23:41:20] [SUCCESS] bvid=BV1KBD9B9EYc 已成功抓取全部所需数据。
[2026-04-14 23:41:25] [SUCCESS] bvid=BV157QxBtE5M 已成功抓取全部所需数据。
[2026-04-14 23:41:30] [SUCCESS] bvid=BV157QxBtEU8 已成功抓取全部所需数据。
[2026-04-14 23:41:43] [SUCCESS] bvid=BV1anQxBxE19 已成功抓取全部所需数据。
[2026-04-14 23:41:48] [SUCCESS] bvid=BV1nMQxBeEN8 已成功抓取全部所需数据。
[2026-04-14 23:41:54] [SUCCESS] bvid=BV1YEQxBoEhK 已成功抓取全部所需数据。
[2026-04-14 23:41:59] [SUCCESS] bvid=BV1vEQxBoEso 已成功抓取全部所需数据。
[2026-04-14 23:42:05] [SUCCESS] bvid=BV1L5QxB8Ery 已成功抓取全部所需数据。
[2026-04-14 23:42:10] [SUCCESS] bvid=BV1o5QxB8E9U 已成功抓取全部所需数据。
[2026-04-14 23:42:16] [SUCCESS] bvid=BV1EMQxBeEPW 已成功抓取全部所需数据。
[2026-04-14 23:42:22] [SUCCESS] bvid=BV1bXDRBAERf 已成功抓取全部所需数据。
[2026-04-14 23:42:29] [SUCCESS] bvid=BV1LLQxBfEGG 已成功抓取全部所需数据。
[2026-04-14 23:42:35] [SUCCESS] bvid=BV1gWQxBWEDN 已成功抓取全部所需数据。
[2026-04-14 23:42:47] [SUCCESS] bvid=BV1jLQxBfE5W 已成功抓取全部所需数据。
[2026-04-14 23:42:59] [SUCCESS] bvid=BV17HQuBDEGz 已成功抓取全部所需数据。
[2026-04-14 23:43:05] [SUCCESS] bvid=BV1ZHQuBSEPs 已成功抓取全部所需数据。
[2026-04-14 23:43:11] [SUCCESS] bvid=BV1qiDXBKEMh 已成功抓取全部所需数据。
[2026-04-14 23:43:22] [SUCCESS] bvid=BV1w2D9BEEmc 已成功抓取全部所需数据。
[2026-04-14 23:43:28] [SUCCESS] bvid=BV1HNQxBiEph 已成功抓取全部所需数据。
[2026-04-14 23:43:34] [SUCCESS] bvid=BV1YWQxBWE5g 已成功抓取全部所需数据。
[2026-04-14 23:43:39] [SUCCESS] bvid=BV1VWQxBsEGy 已成功抓取全部所需数据。
[2026-04-14 23:43:56] [SUCCESS] bvid=BV1QsQxBXEd5 已成功抓取全部所需数据。
[2026-04-14 23:44:01] [SUCCESS] bvid=BV15nQxBxEH1 已成功抓取全部所需数据。
[2026-04-14 23:44:07] [SUCCESS] bvid=BV1q6DRB3EH8 已成功抓取全部所需数据。
[2026-04-14 23:44:13] [SUCCESS] bvid=BV1VnQxBxEoo 已成功抓取全部所需数据。
[2026-04-14 23:44:18] [SUCCESS] bvid=BV15nQxBxEuN 已成功抓取全部所需数据。
[2026-04-14 23:44:24] [SUCCESS] bvid=BV1GHQxBREBq 已成功抓取全部所需数据。
[2026-04-14 23:44:36] [SUCCESS] bvid=BV1GHQxBREJj 已成功抓取全部所需数据。
[2026-04-14 23:44:42] [SUCCESS] bvid=BV1HNQxBqEGK 已成功抓取全部所需数据。
[2026-04-14 23:44:54] [SUCCESS] bvid=BV1HwQxBBEHA 已成功抓取全部所需数据。
[2026-04-14 23:45:00] [SUCCESS] bvid=BV1pwQxBBEZr 已成功抓取全部所需数据。
[2026-04-14 23:45:05] [SUCCESS] bvid=BV1CwQxBBE7v 已成功抓取全部所需数据。
[2026-04-14 23:45:11] [SUCCESS] bvid=BV1E3QxBaELc 已成功抓取全部所需数据。
[2026-04-14 23:45:18] [SUCCESS] bvid=BV1rPQxBTE5W 已成功抓取全部所需数据。
[2026-04-14 23:45:23] [SUCCESS] bvid=BV1E3QxBaE2C 已成功抓取全部所需数据。
[2026-04-14 23:45:28] [SUCCESS] bvid=BV17VQxBcEvY 已成功抓取全部所需数据。
[2026-04-14 23:45:33] [SUCCESS] bvid=BV1qgQxBAE24 已成功抓取全部所需数据。
[2026-04-14 23:45:39] [SUCCESS] bvid=BV1zgQxBAEBK 已成功抓取全部所需数据。
[2026-04-14 23:45:50] [SUCCESS] bvid=BV1EMQxBeEhS 已成功抓取全部所需数据。
[2026-04-14 23:46:02] [SUCCESS] bvid=BV1JgQxBAE3j 已成功抓取全部所需数据。
[2026-04-14 23:46:07] [SUCCESS] bvid=BV1JUQxBTE7U 已成功抓取全部所需数据。
[2026-04-14 23:46:19] [SUCCESS] bvid=BV1AkQxB3EwL 已成功抓取全部所需数据。
[2026-04-14 23:46:24] [SUCCESS] bvid=BV1s9DUBMEbn 已成功抓取全部所需数据。
[2026-04-14 23:46:29] [SUCCESS] bvid=BV18cDxBLEFf 已成功抓取全部所需数据。
[2026-04-14 23:46:35] [SUCCESS] bvid=BV1CTDdBXEC7 已成功抓取全部所需数据。
[2026-04-14 23:46:48] [SUCCESS] bvid=BV15ED9BqESA 已成功抓取全部所需数据。
[2026-04-14 23:46:54] [SUCCESS] bvid=BV11ADdBxErL 已成功抓取全部所需数据。
[2026-04-14 23:47:05] [SUCCESS] bvid=BV1GcDXBcEdE 已成功抓取全部所需数据。
[2026-04-14 23:47:12] [SUCCESS] bvid=BV1NzQxBVE33 已成功抓取全部所需数据。
[2026-04-14 23:47:19] [SUCCESS] bvid=BV1zSQxBiEkN 已成功抓取全部所需数据。
[2026-04-14 23:47:31] [SUCCESS] bvid=BV1A1QxBuEF9 已成功抓取全部所需数据。
[2026-04-14 23:47:37] [SUCCESS] bvid=BV1w2QxBzEs8 已成功抓取全部所需数据。
[2026-04-14 23:47:43] [SUCCESS] bvid=BV1c2QxBBESs 已成功抓取全部所需数据。
[2026-04-14 23:47:48] [SUCCESS] bvid=BV1H2QxBBENN 已成功抓取全部所需数据。
[2026-04-14 23:47:54] [SUCCESS] bvid=BV16eDRBLEAd 已成功抓取全部所需数据。
[2026-04-14 23:48:06] [SUCCESS] bvid=BV1JvDRB1Ejb 已成功抓取全部所需数据。
[2026-04-14 23:48:18] [SUCCESS] bvid=BV14hDQBDEkG 已成功抓取全部所需数据。
[2026-04-14 23:48:29] [SUCCESS] bvid=BV1uhQxBSEdf 已成功抓取全部所需数据。
[2026-04-14 23:48:35] [SUCCESS] bvid=BV1S4QxBHEZ8 已成功抓取全部所需数据。
[2026-04-14 23:48:40] [SUCCESS] bvid=BV134QxBHE8Z 已成功抓取全部所需数据。
[2026-04-14 23:48:51] [SUCCESS] bvid=BV1uPQsBEErk 已成功抓取全部所需数据。
[2026-04-14 23:48:57] [SUCCESS] bvid=BV1utQxBDE1q 已成功抓取全部所需数据。
[2026-04-14 23:49:08] [SUCCESS] bvid=BV1NiQxBLEaY 已成功抓取全部所需数据。
[2026-04-14 23:49:19] [SUCCESS] bvid=BV14iQxBLEtw 已成功抓取全部所需数据。
[2026-04-14 23:49:24] [SUCCESS] bvid=BV1TiQxBLEHJ 已成功抓取全部所需数据。
[2026-04-14 23:49:29] [SUCCESS] bvid=BV1TYQxB7En9 已成功抓取全部所需数据。
[2026-04-14 23:49:41] [SUCCESS] bvid=BV1y5QwBGEdr 已成功抓取全部所需数据。
[2026-04-14 23:49:52] [SUCCESS] bvid=BV1NeQxB2ESu 已成功抓取全部所需数据。
[2026-04-14 23:49:57] [SUCCESS] bvid=BV1ZEXfBfE8y 已成功抓取全部所需数据。
[2026-04-14 23:50:09] [SUCCESS] bvid=BV1oEXfBfE1G 已成功抓取全部所需数据。
[2026-04-14 23:50:21] [SUCCESS] bvid=BV1nuD9BCEc2 已成功抓取全部所需数据。
[2026-04-14 23:50:27] [SUCCESS] bvid=BV1EVDdBUEnh 已成功抓取全部所需数据。
[2026-04-14 23:50:33] [SUCCESS] bvid=BV1g7D1BTEcV 已成功抓取全部所需数据。
[2026-04-14 23:50:38] [SUCCESS] bvid=BV16ADSBwELD 已成功抓取全部所需数据。
[2026-04-14 23:50:45] [SUCCESS] bvid=BV1hwQwBnEN4 已成功抓取全部所需数据。
[2026-04-14 23:50:50] [SUCCESS] bvid=BV1xQQpBqED1 已成功抓取全部所需数据。
[2026-04-14 23:50:55] [SUCCESS] bvid=BV1koQpBPECh 已成功抓取全部所需数据。
[2026-04-14 23:51:00] [SUCCESS] bvid=BV1xQQpBqEjR 已成功抓取全部所需数据。
[2026-04-14 23:51:05] [SUCCESS] bvid=BV1sQQpBqEmm 已成功抓取全部所需数据。
[2026-04-14 23:51:11] [SUCCESS] bvid=BV12QQpBqEu3 已成功抓取全部所需数据。
[2026-04-14 23:51:11] [INFO] 当前 batch_crawl 已完成，所有视频均已成功抓取。
[2026-04-14 23:51:11] 子任务结束时间：2026-04-14T23:51:11.264223
[TIMESTAMP][END] 2026-04-14T23:51:11
