[TIMESTAMP][BEGIN] 2026-04-15T06:34:12
[2026-04-15 06:34:14] 开始执行 CSV 批量抓取子任务 part_42。
[2026-04-15 06:34:14] 子任务开始时间：2026-04-15T06:34:12.417036
[2026-04-15 06:34:14] 输入文件：batch_input_42.csv
[2026-04-15 06:34:14] 输入唯一 bvid 数量：100
[2026-04-15 06:34:14] 为严格按 CSV 顺序判断连续失败阈值，本次任务自动将并发度从 2 调整为 1。
[2026-04-15 06:34:14] [ERROR] bvid=BV1hYDWB1ErP 抓取失败：stat: 接口返回错误代码：62002，信息：稿件不可见。
{'code': 62002, 'message': '稿件不可见', 'ttl': 1} | comment: 接口返回错误代码：62002，信息：稿件不可见。
{'code': 62002, 'message': '稿件不可见', 'ttl': 1}
[2026-04-15 06:34:26] [SUCCESS] bvid=BV1wUDHBoENz 已成功抓取全部所需数据。
[2026-04-15 06:34:31] [SUCCESS] bvid=BV1aYDWB1EEb 已成功抓取全部所需数据。
[2026-04-15 06:34:36] [SUCCESS] bvid=BV1GYDWB2ELn 已成功抓取全部所需数据。
[2026-04-15 06:34:42] [SUCCESS] bvid=BV1GYDWB2EpE 已成功抓取全部所需数据。
[2026-04-15 06:34:47] [SUCCESS] bvid=BV1MrDWBgEya 已成功抓取全部所需数据。
[2026-04-15 06:34:59] [SUCCESS] bvid=BV1TrDWBgEcp 已成功抓取全部所需数据。
[2026-04-15 06:35:04] [SUCCESS] bvid=BV1trDWBgEXf 已成功抓取全部所需数据。
[2026-04-15 06:35:09] [SUCCESS] bvid=BV1trDWBgERc 已成功抓取全部所需数据。
[2026-04-15 06:35:15] [SUCCESS] bvid=BV1TkDWBzEJs 已成功抓取全部所需数据。
[2026-04-15 06:35:20] [SUCCESS] bvid=BV15bDWBEEYL 已成功抓取全部所需数据。
[2026-04-15 06:35:25] [SUCCESS] bvid=BV1v4DWBSExP 已成功抓取全部所需数据。
[2026-04-15 06:35:37] [SUCCESS] bvid=BV1tkDWBzEFf 已成功抓取全部所需数据。
[2026-04-15 06:35:49] [SUCCESS] bvid=BV1uzDWBrEGt 已成功抓取全部所需数据。
[2026-04-15 06:36:01] [SUCCESS] bvid=BV1KkDWBzE4D 已成功抓取全部所需数据。
[2026-04-15 06:36:06] [SUCCESS] bvid=BV18BDWBGEj9 已成功抓取全部所需数据。
[2026-04-15 06:36:11] [SUCCESS] bvid=BV1xkDWBzEUJ 已成功抓取全部所需数据。
[2026-04-15 06:36:16] [SUCCESS] bvid=BV1uBDWBGEkR 已成功抓取全部所需数据。
[2026-04-15 06:36:28] [SUCCESS] bvid=BV1uBDWBGEbi 已成功抓取全部所需数据。
[2026-04-15 06:36:34] [SUCCESS] bvid=BV1HGDWBFEEc 已成功抓取全部所需数据。
[2026-04-15 06:36:45] [SUCCESS] bvid=BV1XTDpBCExA 已成功抓取全部所需数据。
[2026-04-15 06:36:50] [SUCCESS] bvid=BV1gBDWBGEGF 已成功抓取全部所需数据。
[2026-04-15 06:36:56] [SUCCESS] bvid=BV1bBDWBGE1b 已成功抓取全部所需数据。
[2026-04-15 06:37:01] [SUCCESS] bvid=BV1bBDWBGE13 已成功抓取全部所需数据。
[2026-04-15 06:37:06] [SUCCESS] bvid=BV1SBDWBGE2s 已成功抓取全部所需数据。
[2026-04-15 06:37:11] [SUCCESS] bvid=BV18BDWBGEcg 已成功抓取全部所需数据。
[2026-04-15 06:37:17] [SUCCESS] bvid=BV1tBDWBGEoG 已成功抓取全部所需数据。
[2026-04-15 06:37:28] [SUCCESS] bvid=BV1TzDWBrErd 已成功抓取全部所需数据。
[2026-04-15 06:37:33] [SUCCESS] bvid=BV1ncD7BVEcm 已成功抓取全部所需数据。
[2026-04-15 06:37:43] [SUCCESS] bvid=BV1rcD7BVEA4 已成功抓取全部所需数据。
[2026-04-15 06:37:55] [SUCCESS] bvid=BV1bzDWBrEY4 已成功抓取全部所需数据。
[2026-04-15 06:38:00] [SUCCESS] bvid=BV17MD7BBEbr 已成功抓取全部所需数据。
[2026-04-15 06:38:05] [SUCCESS] bvid=BV1bzDWBrEvV 已成功抓取全部所需数据。
[2026-04-15 06:38:10] [SUCCESS] bvid=BV1dwDeB2EVd 已成功抓取全部所需数据。
[2026-04-15 06:38:22] [SUCCESS] bvid=BV1TzDWBrEDh 已成功抓取全部所需数据。
[2026-04-15 06:38:33] [SUCCESS] bvid=BV1SkPWz1E25 已成功抓取全部所需数据。
[2026-04-15 06:38:51] [SUCCESS] bvid=BV18oDpB3EXV 已成功抓取全部所需数据。
[2026-04-15 06:38:56] [SUCCESS] bvid=BV12WSDBkEb9 已成功抓取全部所需数据。
[2026-04-15 06:39:02] [SUCCESS] bvid=BV15gDsBnETQ 已成功抓取全部所需数据。
[2026-04-15 06:39:20] [SUCCESS] bvid=BV1mJDpBvEtC 已成功抓取全部所需数据。
[2026-04-15 06:39:25] [SUCCESS] bvid=BV1bDDEBZEbw 已成功抓取全部所需数据。
[2026-04-15 06:39:36] [SUCCESS] bvid=BV117DEBnEM9 已成功抓取全部所需数据。
[2026-04-15 06:39:48] [SUCCESS] bvid=BV1qkDsBtErz 已成功抓取全部所需数据。
[2026-04-15 06:40:00] [SUCCESS] bvid=BV16zDsB8E8i 已成功抓取全部所需数据。
[2026-04-15 06:40:05] [SUCCESS] bvid=BV1QgDpBrEkz 已成功抓取全部所需数据。
[2026-04-15 06:40:10] [SUCCESS] bvid=BV1DdDsBUE4y 已成功抓取全部所需数据。
[2026-04-15 06:40:16] [SUCCESS] bvid=BV1tZDaBhEPG 已成功抓取全部所需数据。
[2026-04-15 06:40:28] [SUCCESS] bvid=BV1ikDpBSEpj 已成功抓取全部所需数据。
[2026-04-15 06:40:33] [SUCCESS] bvid=BV1AUDWBvEF3 已成功抓取全部所需数据。
[2026-04-15 06:40:37] [SUCCESS] bvid=BV1ThD7BXEMZ 已成功抓取全部所需数据。
[2026-04-15 06:40:49] [SUCCESS] bvid=BV1Zd9MBsErr 已成功抓取全部所需数据。
[2026-04-15 06:40:55] [SUCCESS] bvid=BV12rDHBaE5m 已成功抓取全部所需数据。
[2026-04-15 06:41:06] [SUCCESS] bvid=BV1zJDWBsEwH 已成功抓取全部所需数据。
[2026-04-15 06:41:18] [SUCCESS] bvid=BV1ziDpB9Eod 已成功抓取全部所需数据。
[2026-04-15 06:41:23] [SUCCESS] bvid=BV1A6D7B2E8D 已成功抓取全部所需数据。
[2026-04-15 06:41:35] [SUCCESS] bvid=BV1RTDsBHEgt 已成功抓取全部所需数据。
[2026-04-15 06:41:41] [SUCCESS] bvid=BV1XwDEBhEHs 已成功抓取全部所需数据。
[2026-04-15 06:41:46] [SUCCESS] bvid=BV1K4DsBzEeR 已成功抓取全部所需数据。
[2026-04-15 06:41:52] [SUCCESS] bvid=BV1ULDpBMECi 已成功抓取全部所需数据。
[2026-04-15 06:42:03] [SUCCESS] bvid=BV1bzDWBrEq4 已成功抓取全部所需数据。
[2026-04-15 06:42:09] [SUCCESS] bvid=BV1opDWBpEUW 已成功抓取全部所需数据。
[2026-04-15 06:42:14] [SUCCESS] bvid=BV1ipDWBpEd6 已成功抓取全部所需数据。
[2026-04-15 06:42:19] [SUCCESS] bvid=BV1LTDsBpEWw 已成功抓取全部所需数据。
[2026-04-15 06:42:24] [SUCCESS] bvid=BV1VKDpBLEtw 已成功抓取全部所需数据。
[2026-04-15 06:42:30] [SUCCESS] bvid=BV1FQDHBREv5 已成功抓取全部所需数据。
[2026-04-15 06:42:35] [SUCCESS] bvid=BV1qpDWBpEhD 已成功抓取全部所需数据。
[2026-04-15 06:42:46] [SUCCESS] bvid=BV1qpDWBpEH8 已成功抓取全部所需数据。
[2026-04-15 06:42:58] [SUCCESS] bvid=BV1oWDWBQEiF 已成功抓取全部所需数据。
[2026-04-15 06:43:09] [SUCCESS] bvid=BV1iWDWBQEUA 已成功抓取全部所需数据。
[2026-04-15 06:43:13] [SUCCESS] bvid=BV1qWDWBQEFp 已成功抓取全部所需数据。
[2026-04-15 06:43:25] [SUCCESS] bvid=BV1BJDWBsE9W 已成功抓取全部所需数据。
[2026-04-15 06:43:37] [SUCCESS] bvid=BV1LxDWBnELT 已成功抓取全部所需数据。
[2026-04-15 06:43:42] [SUCCESS] bvid=BV1qJDWBsEC1 已成功抓取全部所需数据。
[2026-04-15 06:43:47] [SUCCESS] bvid=BV17nDWB9EB9 已成功抓取全部所需数据。
[2026-04-15 06:43:52] [SUCCESS] bvid=BV17JDWBsECK 已成功抓取全部所需数据。
[2026-04-15 06:43:57] [SUCCESS] bvid=BV17nDWB9EUr 已成功抓取全部所需数据。
[2026-04-15 06:44:02] [SUCCESS] bvid=BV1NmDWBTEAV 已成功抓取全部所需数据。
[2026-04-15 06:44:07] [SUCCESS] bvid=BV1BnDWB9E5T 已成功抓取全部所需数据。
[2026-04-15 06:44:12] [SUCCESS] bvid=BV1jnDWB9EtW 已成功抓取全部所需数据。
[2026-04-15 06:44:23] [SUCCESS] bvid=BV1ZnDWB9EgC 已成功抓取全部所需数据。
[2026-04-15 06:44:29] [SUCCESS] bvid=BV1VbDWBEEor 已成功抓取全部所需数据。
[2026-04-15 06:44:34] [SUCCESS] bvid=BV1RbDWBEENC 已成功抓取全部所需数据。
[2026-04-15 06:44:39] [SUCCESS] bvid=BV1Y8DWBmEmZ 已成功抓取全部所需数据。
[2026-04-15 06:44:44] [SUCCESS] bvid=BV198DWBmE3o 已成功抓取全部所需数据。
[2026-04-15 06:44:56] [SUCCESS] bvid=BV1G8DWBmEH8 已成功抓取全部所需数据。
[2026-04-15 06:45:01] [SUCCESS] bvid=BV1ffDWBoEXj 已成功抓取全部所需数据。
[2026-04-15 06:45:13] [SUCCESS] bvid=BV1G8DWBmEHk 已成功抓取全部所需数据。
[2026-04-15 06:45:18] [SUCCESS] bvid=BV1LxDWBnEd8 已成功抓取全部所需数据。
[2026-04-15 06:45:23] [SUCCESS] bvid=BV1LxDWBnEci 已成功抓取全部所需数据。
[2026-04-15 06:45:34] [SUCCESS] bvid=BV154DWBSEvu 已成功抓取全部所需数据。
[2026-04-15 06:45:39] [SUCCESS] bvid=BV15xDWBnEn5 已成功抓取全部所需数据。
[2026-04-15 06:45:44] [SUCCESS] bvid=BV1coDWBFEss 已成功抓取全部所需数据。
[2026-04-15 06:45:50] [SUCCESS] bvid=BV17CDsBZEyp 已成功抓取全部所需数据。
[2026-04-15 06:46:02] [SUCCESS] bvid=BV1GDDpBLEcm 已成功抓取全部所需数据。
[2026-04-15 06:46:16] [SUCCESS] bvid=BV1a5DsBmEWZ 已成功抓取全部所需数据。
[2026-04-15 06:46:21] [SUCCESS] bvid=BV1DNDEBbERR 已成功抓取全部所需数据。
[2026-04-15 06:46:32] [SUCCESS] bvid=BV1e4DWBSENx 已成功抓取全部所需数据。
[2026-04-15 06:46:36] [SUCCESS] bvid=BV15xDWBnEpx 已成功抓取全部所需数据。
[2026-04-15 06:46:41] [SUCCESS] bvid=BV1BcDsB4EbU 已成功抓取全部所需数据。
[2026-04-15 06:46:46] [SUCCESS] bvid=BV1v4DWBSEEe 已成功抓取全部所需数据。
[2026-04-15 06:46:46] [WARN] 当前子任务已结束，但仍有未成功抓取的视频，已导出 remaining CSV 供继续执行。
[2026-04-15 06:46:46] [INFO] 已导出剔除成功条目后的剩余 CSV：D:\Schoolworks\Thesis\Bilibili-Datahub\outputs\video_data\manual_crawls\manual_crawl_stat_comment_20260414_214213\remaining_bvids_part_42.csv
[2026-04-15 06:46:46] 子任务结束时间：2026-04-15T06:46:46.562704
[TIMESTAMP][END] 2026-04-15T06:46:46
