[TIMESTAMP][BEGIN] 2026-04-15T04:40:25
[2026-04-15 04:40:27] 开始执行 CSV 批量抓取子任务 part_32。
[2026-04-15 04:40:27] 子任务开始时间：2026-04-15T04:40:25.476267
[2026-04-15 04:40:27] 输入文件：batch_input_32.csv
[2026-04-15 04:40:27] 输入唯一 bvid 数量：100
[2026-04-15 04:40:27] 为严格按 CSV 顺序判断连续失败阈值，本次任务自动将并发度从 2 调整为 1。
[2026-04-15 04:40:32] [SUCCESS] bvid=BV1tmQwBSEV1 已成功抓取全部所需数据。
[2026-04-15 04:40:37] [SUCCESS] bvid=BV1bmQwBSEwS 已成功抓取全部所需数据。
[2026-04-15 04:40:42] [SUCCESS] bvid=BV1xLQwBrEPY 已成功抓取全部所需数据。
[2026-04-15 04:40:54] [SUCCESS] bvid=BV1tDQwBmEzK 已成功抓取全部所需数据。
[2026-04-15 04:41:00] [SUCCESS] bvid=BV18mQwBSEs4 已成功抓取全部所需数据。
[2026-04-15 04:41:12] [SUCCESS] bvid=BV1MmQwBSEaq 已成功抓取全部所需数据。
[2026-04-15 04:41:22] [SUCCESS] bvid=BV1TyDZBKE2i 已成功抓取全部所需数据。
[2026-04-15 04:41:28] [SUCCESS] bvid=BV1umQwBSE85 已成功抓取全部所需数据。
[2026-04-15 04:41:39] [SUCCESS] bvid=BV1uSQwBEE5G 已成功抓取全部所需数据。
[2026-04-15 04:41:45] [SUCCESS] bvid=BV1TSQwBEE8e 已成功抓取全部所需数据。
[2026-04-15 04:41:50] [SUCCESS] bvid=BV1HJQFBcEGk 已成功抓取全部所需数据。
[2026-04-15 04:41:55] [SUCCESS] bvid=BV1MSQwBEERb 已成功抓取全部所需数据。
[2026-04-15 04:42:00] [SUCCESS] bvid=BV1MSQwBEEkD 已成功抓取全部所需数据。
[2026-04-15 04:42:05] [SUCCESS] bvid=BV1ZND4BhEYC 已成功抓取全部所需数据。
[2026-04-15 04:42:12] [SUCCESS] bvid=BV1ncQcBAEMK 已成功抓取全部所需数据。
[2026-04-15 04:42:17] [SUCCESS] bvid=BV1N9QwB1EZN 已成功抓取全部所需数据。
[2026-04-15 04:42:21] [SUCCESS] bvid=BV1QyQwBQEVu 已成功抓取全部所需数据。
[2026-04-15 04:42:26] [SUCCESS] bvid=BV1aiQFBJEy5 已成功抓取全部所需数据。
[2026-04-15 04:42:31] [SUCCESS] bvid=BV1MCQFByEWc 已成功抓取全部所需数据。
[2026-04-15 04:42:36] [SUCCESS] bvid=BV1D2QwBnEts 已成功抓取全部所需数据。
[2026-04-15 04:42:41] [SUCCESS] bvid=BV1M2QwBnEfh 已成功抓取全部所需数据。
[2026-04-15 04:42:45] [SUCCESS] bvid=BV13yQwBQEKz 已成功抓取全部所需数据。
[2026-04-15 04:42:50] [SUCCESS] bvid=BV1M2QwBnEXv 已成功抓取全部所需数据。
[2026-04-15 04:42:55] [SUCCESS] bvid=BV1u2QwBnEhK 已成功抓取全部所需数据。
[2026-04-15 04:43:00] [SUCCESS] bvid=BV1D2QwBnEge 已成功抓取全部所需数据。
[2026-04-15 04:43:05] [SUCCESS] bvid=BV1g2QwBnEGg 已成功抓取全部所需数据。
[2026-04-15 04:43:10] [SUCCESS] bvid=BV1u2QwBnENk 已成功抓取全部所需数据。
[2026-04-15 04:43:15] [SUCCESS] bvid=BV1EyDLBKECE 已成功抓取全部所需数据。
[2026-04-15 04:43:19] [SUCCESS] bvid=BV113DtBjEKz 已成功抓取全部所需数据。
[2026-04-15 04:43:24] [SUCCESS] bvid=BV1KXQwBjEQi 已成功抓取全部所需数据。
[2026-04-15 04:43:29] [SUCCESS] bvid=BV1N9QwB1EWF 已成功抓取全部所需数据。
[2026-04-15 04:43:34] [SUCCESS] bvid=BV1HgDWBhEZh 已成功抓取全部所需数据。
[2026-04-15 04:43:39] [SUCCESS] bvid=BV1N9QwB1EJM 已成功抓取全部所需数据。
[2026-04-15 04:43:44] [SUCCESS] bvid=BV1HgDWBhExB 已成功抓取全部所需数据。
[2026-04-15 04:43:49] [SUCCESS] bvid=BV1qBDpBpEQr 已成功抓取全部所需数据。
[2026-04-15 04:44:00] [SUCCESS] bvid=BV1HgDWBhEUD 已成功抓取全部所需数据。
[2026-04-15 04:44:06] [SUCCESS] bvid=BV1UDQwBmETu 已成功抓取全部所需数据。
[2026-04-15 04:44:17] [SUCCESS] bvid=BV1qBDpBpEeE 已成功抓取全部所需数据。
[2026-04-15 04:44:22] [SUCCESS] bvid=BV1N9QwB1EE1 已成功抓取全部所需数据。
[2026-04-15 04:44:32] [SUCCESS] bvid=BV1xdQwB5E8i 已成功抓取全部所需数据。
[2026-04-15 04:44:37] [SUCCESS] bvid=BV1N9QwB1EnQ 已成功抓取全部所需数据。
[2026-04-15 04:44:42] [SUCCESS] bvid=BV149QwB1Ewq 已成功抓取全部所需数据。
[2026-04-15 04:44:47] [SUCCESS] bvid=BV1x9QwB1EGd 已成功抓取全部所需数据。
[2026-04-15 04:44:53] [SUCCESS] bvid=BV1sdQwB5Ehv 已成功抓取全部所需数据。
[2026-04-15 04:44:58] [SUCCESS] bvid=BV1NdQwB5ERt 已成功抓取全部所需数据。
[2026-04-15 04:45:03] [SUCCESS] bvid=BV1E7DZB9EZZ 已成功抓取全部所需数据。
[2026-04-15 04:45:08] [SUCCESS] bvid=BV1xUDxBVEnr 已成功抓取全部所需数据。
[2026-04-15 04:45:13] [SUCCESS] bvid=BV1H7QFBaERp 已成功抓取全部所需数据。
[2026-04-15 04:45:18] [SUCCESS] bvid=BV1N9QwB1EhM 已成功抓取全部所需数据。
[2026-04-15 04:45:23] [SUCCESS] bvid=BV1N9QwB1Ezn 已成功抓取全部所需数据。
[2026-04-15 04:45:28] [SUCCESS] bvid=BV1NdQwB5EVy 已成功抓取全部所需数据。
[2026-04-15 04:45:33] [SUCCESS] bvid=BV1TXQwBjEP9 已成功抓取全部所需数据。
[2026-04-15 04:45:38] [SUCCESS] bvid=BV1NdQwB5E9U 已成功抓取全部所需数据。
[2026-04-15 04:45:43] [SUCCESS] bvid=BV1UDQwBmEbc 已成功抓取全部所需数据。
[2026-04-15 04:45:48] [SUCCESS] bvid=BV1NdQwB5Ekx 已成功抓取全部所需数据。
[2026-04-15 04:45:54] [SUCCESS] bvid=BV17YQwBcEv1 已成功抓取全部所需数据。
[2026-04-15 04:45:58] [SUCCESS] bvid=BV15qQwB4EtX 已成功抓取全部所需数据。
[2026-04-15 04:46:03] [SUCCESS] bvid=BV1SVDpBzETq 已成功抓取全部所需数据。
[2026-04-15 04:46:08] [SUCCESS] bvid=BV17cDsB4Evc 已成功抓取全部所需数据。
[2026-04-15 04:46:14] [SUCCESS] bvid=BV1qZDWB4EkE 已成功抓取全部所需数据。
[2026-04-15 04:46:19] [SUCCESS] bvid=BV1dZD6BYE5w 已成功抓取全部所需数据。
[2026-04-15 04:46:25] [SUCCESS] bvid=BV1xyDWBMEco 已成功抓取全部所需数据。
[2026-04-15 04:46:30] [SUCCESS] bvid=BV1GqQFBUEU1 已成功抓取全部所需数据。
[2026-04-15 04:46:35] [SUCCESS] bvid=BV1VeQFBDEaA 已成功抓取全部所需数据。
[2026-04-15 04:46:40] [SUCCESS] bvid=BV1pDDWBPEUi 已成功抓取全部所需数据。
[2026-04-15 04:46:52] [SUCCESS] bvid=BV14NQFB6EWu 已成功抓取全部所需数据。
[2026-04-15 04:46:57] [SUCCESS] bvid=BV1RWDYBkEaD 已成功抓取全部所需数据。
[2026-04-15 04:47:02] [SUCCESS] bvid=BV19GQcB9ECJ 已成功抓取全部所需数据。
[2026-04-15 04:47:08] [SUCCESS] bvid=BV1AYDsBvEYZ 已成功抓取全部所需数据。
[2026-04-15 04:47:13] [SUCCESS] bvid=BV1tWDsBrETB 已成功抓取全部所需数据。
[2026-04-15 04:47:18] [SUCCESS] bvid=BV1RMDfBUE1Z 已成功抓取全部所需数据。
[2026-04-15 04:47:23] [SUCCESS] bvid=BV1FkDfB4EG1 已成功抓取全部所需数据。
[2026-04-15 04:47:35] [SUCCESS] bvid=BV1HJQFBcEtj 已成功抓取全部所需数据。
[2026-04-15 04:47:40] [SUCCESS] bvid=BV1TMQFBzETH 已成功抓取全部所需数据。
[2026-04-15 04:47:47] [SUCCESS] bvid=BV1LhDxBREAn 已成功抓取全部所需数据。
[2026-04-15 04:47:58] [SUCCESS] bvid=BV1bcDxBLEKn 已成功抓取全部所需数据。
[2026-04-15 04:48:03] [SUCCESS] bvid=BV1k5QFBeEXV 已成功抓取全部所需数据。
[2026-04-15 04:48:09] [SUCCESS] bvid=BV1dTDsBHExs 已成功抓取全部所需数据。
[2026-04-15 04:48:15] [SUCCESS] bvid=BV1W3QFBiEeo 已成功抓取全部所需数据。
[2026-04-15 04:48:20] [SUCCESS] bvid=BV1i2DfBXEhq 已成功抓取全部所需数据。
[2026-04-15 04:48:25] [SUCCESS] bvid=BV15eQwBbEqZ 已成功抓取全部所需数据。
[2026-04-15 04:48:30] [SUCCESS] bvid=BV1fPQcBFEQo 已成功抓取全部所需数据。
[2026-04-15 04:48:48] [SUCCESS] bvid=BV15GQcBREHj 已成功抓取全部所需数据。
[2026-04-15 04:48:53] [SUCCESS] bvid=BV1J7DZB9EkT 已成功抓取全部所需数据。
[2026-04-15 04:48:59] [SUCCESS] bvid=BV1JjDZBsEo7 已成功抓取全部所需数据。
[2026-04-15 04:49:04] [SUCCESS] bvid=BV1TzDWBrEQy 已成功抓取全部所需数据。
[2026-04-15 04:49:09] [SUCCESS] bvid=BV1xTQFBuE9w 已成功抓取全部所需数据。
[2026-04-15 04:49:15] [SUCCESS] bvid=BV15UDfBnEB4 已成功抓取全部所需数据。
[2026-04-15 04:49:21] [SUCCESS] bvid=BV1xyDWBMEVq 已成功抓取全部所需数据。
[2026-04-15 04:49:26] [SUCCESS] bvid=BV1mADZBPEPo 已成功抓取全部所需数据。
[2026-04-15 04:49:32] [SUCCESS] bvid=BV1GPDEBcEKV 已成功抓取全部所需数据。
[2026-04-15 04:49:36] [SUCCESS] bvid=BV1x4DLBmEmv 已成功抓取全部所需数据。
[2026-04-15 04:49:42] [SUCCESS] bvid=BV1EWQFBtEPU 已成功抓取全部所需数据。
[2026-04-15 04:49:54] [SUCCESS] bvid=BV1RA9uBSEL1 已成功抓取全部所需数据。
[2026-04-15 04:50:00] [SUCCESS] bvid=BV195QcBpE7s 已成功抓取全部所需数据。
[2026-04-15 04:50:06] [SUCCESS] bvid=BV1MYDJBFEed 已成功抓取全部所需数据。
[2026-04-15 04:50:12] [SUCCESS] bvid=BV1yUDZBYEv1 已成功抓取全部所需数据。
[2026-04-15 04:50:17] [SUCCESS] bvid=BV158DZB1EuV 已成功抓取全部所需数据。
[2026-04-15 04:50:23] [SUCCESS] bvid=BV15bDZBjED9 已成功抓取全部所需数据。
[2026-04-15 04:50:29] [SUCCESS] bvid=BV1MDQwBmEKu 已成功抓取全部所需数据。
[2026-04-15 04:50:29] [INFO] 当前 batch_crawl 已完成，所有视频均已成功抓取。
[2026-04-15 04:50:29] 子任务结束时间：2026-04-15T04:50:29.012204
[TIMESTAMP][END] 2026-04-15T04:50:29
