[TIMESTAMP][BEGIN] 2026-04-15T02:39:25
[2026-04-15 02:39:27] 开始执行 CSV 批量抓取子任务 part_24。
[2026-04-15 02:39:27] 子任务开始时间：2026-04-15T02:39:25.402190
[2026-04-15 02:39:27] 输入文件：batch_input_24.csv
[2026-04-15 02:39:27] 输入唯一 bvid 数量：100
[2026-04-15 02:39:27] 为严格按 CSV 顺序判断连续失败阈值，本次任务自动将并发度从 2 调整为 1。
[2026-04-15 02:39:33] [SUCCESS] bvid=BV1hgQMBuEdo 已成功抓取全部所需数据。
[2026-04-15 02:39:52] [SUCCESS] bvid=BV1a3QMBBEtU 已成功抓取全部所需数据。
[2026-04-15 02:39:57] [SUCCESS] bvid=BV1X3QMBBEQ7 已成功抓取全部所需数据。
[2026-04-15 02:40:03] [SUCCESS] bvid=BV1Q3QMBBE8T 已成功抓取全部所需数据。
[2026-04-15 02:40:09] [SUCCESS] bvid=BV1zRQTBJEo4 已成功抓取全部所需数据。
[2026-04-15 02:40:14] [SUCCESS] bvid=BV16RQTBJEyR 已成功抓取全部所需数据。
[2026-04-15 02:40:19] [SUCCESS] bvid=BV1rRQTBJEun 已成功抓取全部所需数据。
[2026-04-15 02:40:24] [SUCCESS] bvid=BV1BdQTBUERT 已成功抓取全部所需数据。
[2026-04-15 02:40:29] [SUCCESS] bvid=BV1zdQTBUEjF 已成功抓取全部所需数据。
[2026-04-15 02:40:34] [SUCCESS] bvid=BV16dQTBUE7t 已成功抓取全部所需数据。
[2026-04-15 02:40:40] [SUCCESS] bvid=BV1BdQTBUE9R 已成功抓取全部所需数据。
[2026-04-15 02:40:45] [SUCCESS] bvid=BV1FdQTBSEad 已成功抓取全部所需数据。
[2026-04-15 02:40:50] [SUCCESS] bvid=BV1ndQTBSEsE 已成功抓取全部所需数据。
[2026-04-15 02:40:55] [SUCCESS] bvid=BV1FdQTBSE2U 已成功抓取全部所需数据。
[2026-04-15 02:41:01] [SUCCESS] bvid=BV1rQQTBHEiY 已成功抓取全部所需数据。
[2026-04-15 02:41:01] [ERROR] bvid=BV1pQQTBpEs8 抓取失败：stat: 接口返回错误代码：62002，信息：稿件不可见。
{'code': 62002, 'message': '稿件不可见', 'ttl': 1} | comment: 接口返回错误代码：62002，信息：稿件不可见。
{'code': 62002, 'message': '稿件不可见', 'ttl': 1}
[2026-04-15 02:41:07] [SUCCESS] bvid=BV1rQQTBHEgn 已成功抓取全部所需数据。
[2026-04-15 02:41:12] [SUCCESS] bvid=BV1ZwQMByEgW 已成功抓取全部所需数据。
[2026-04-15 02:41:18] [SUCCESS] bvid=BV1iwQMByEJM 已成功抓取全部所需数据。
[2026-04-15 02:41:23] [SUCCESS] bvid=BV1dwQMByEy1 已成功抓取全部所需数据。
[2026-04-15 02:41:35] [SUCCESS] bvid=BV1ZCDfBREbR 已成功抓取全部所需数据。
[2026-04-15 02:41:40] [SUCCESS] bvid=BV1qwQMByEvM 已成功抓取全部所需数据。
[2026-04-15 02:41:45] [SUCCESS] bvid=BV1ZwQMByENM 已成功抓取全部所需数据。
[2026-04-15 02:41:51] [SUCCESS] bvid=BV1iwQMByED4 已成功抓取全部所需数据。
[2026-04-15 02:41:57] [SUCCESS] bvid=BV1qfQTB2EtT 已成功抓取全部所需数据。
[2026-04-15 02:42:03] [SUCCESS] bvid=BV114QMBtE53 已成功抓取全部所需数据。
[2026-04-15 02:42:07] [SUCCESS] bvid=BV19mQKBKEb8 已成功抓取全部所需数据。
[2026-04-15 02:42:12] [SUCCESS] bvid=BV1gaQNBtEKX 已成功抓取全部所需数据。
[2026-04-15 02:42:18] [SUCCESS] bvid=BV1H3DZBZEUi 已成功抓取全部所需数据。
[2026-04-15 02:42:23] [SUCCESS] bvid=BV1qfQTB2Et9 已成功抓取全部所需数据。
[2026-04-15 02:42:29] [SUCCESS] bvid=BV1W8QMBxELg 已成功抓取全部所需数据。
[2026-04-15 02:42:41] [SUCCESS] bvid=BV1BfQTB2ECk 已成功抓取全部所需数据。
[2026-04-15 02:42:46] [SUCCESS] bvid=BV1BfQTB2ELq 已成功抓取全部所需数据。
[2026-04-15 02:42:51] [SUCCESS] bvid=BV1whQMBdE4F 已成功抓取全部所需数据。
[2026-04-15 02:42:56] [SUCCESS] bvid=BV1HYQMBWE9x 已成功抓取全部所需数据。
[2026-04-15 02:43:02] [SUCCESS] bvid=BV1ptQMBoEU8 已成功抓取全部所需数据。
[2026-04-15 02:43:08] [SUCCESS] bvid=BV1nYQMBWEkA 已成功抓取全部所需数据。
[2026-04-15 02:43:14] [SUCCESS] bvid=BV1WtQMBoEqx 已成功抓取全部所需数据。
[2026-04-15 02:43:14] [ERROR] bvid=BV1EqQMBDEF2 抓取失败：stat: 接口返回错误代码：62002，信息：稿件不可见。
{'code': 62002, 'message': '稿件不可见', 'ttl': 1} | comment: 接口返回错误代码：62002，信息：稿件不可见。
{'code': 62002, 'message': '稿件不可见', 'ttl': 1}
[2026-04-15 02:43:19] [SUCCESS] bvid=BV1WtQMBZEpR 已成功抓取全部所需数据。
[2026-04-15 02:43:25] [SUCCESS] bvid=BV1W8QMBxENF 已成功抓取全部所需数据。
[2026-04-15 02:43:30] [SUCCESS] bvid=BV1C8QMBxEZj 已成功抓取全部所需数据。
[2026-04-15 02:43:35] [SUCCESS] bvid=BV1EzQMBJEaa 已成功抓取全部所需数据。
[2026-04-15 02:43:40] [SUCCESS] bvid=BV17zQMBJEyA 已成功抓取全部所需数据。
[2026-04-15 02:43:45] [SUCCESS] bvid=BV1bJQMBAEK2 已成功抓取全部所需数据。
[2026-04-15 02:43:51] [SUCCESS] bvid=BV1ssQMBfEHm 已成功抓取全部所需数据。
[2026-04-15 02:44:02] [SUCCESS] bvid=BV1UnQMBaEYe 已成功抓取全部所需数据。
[2026-04-15 02:44:07] [SUCCESS] bvid=BV187QMBeEAz 已成功抓取全部所需数据。
[2026-04-15 02:44:12] [SUCCESS] bvid=BV1UkDWBzEwW 已成功抓取全部所需数据。
[2026-04-15 02:44:26] [SUCCESS] bvid=BV13wQwBHETi 已成功抓取全部所需数据。
[2026-04-15 02:44:30] [SUCCESS] bvid=BV1nqDiBhEz6 已成功抓取全部所需数据。
[2026-04-15 02:44:42] [SUCCESS] bvid=BV1Z3QABAEmZ 已成功抓取全部所需数据。
[2026-04-15 02:44:43] [ERROR] bvid=BV19JQABoED1 抓取失败：stat: 接口返回错误代码：62012，信息：62012。
{'code': 62012, 'message': '62012', 'ttl': 1} | comment: 接口返回错误代码：62012，信息：62012。
{'code': 62012, 'message': '62012', 'ttl': 1}
[2026-04-15 02:44:48] [SUCCESS] bvid=BV1s4QMBtEmX 已成功抓取全部所需数据。
[2026-04-15 02:44:53] [SUCCESS] bvid=BV1gZQMBTEW4 已成功抓取全部所需数据。
[2026-04-15 02:44:59] [SUCCESS] bvid=BV13XQMB6E5t 已成功抓取全部所需数据。
[2026-04-15 02:45:04] [SUCCESS] bvid=BV1KwQuBeE8G 已成功抓取全部所需数据。
[2026-04-15 02:45:21] [SUCCESS] bvid=BV1GXQMB6EbX 已成功抓取全部所需数据。
[2026-04-15 02:45:27] [SUCCESS] bvid=BV1hRQMBuEJB 已成功抓取全部所需数据。
[2026-04-15 02:45:32] [SUCCESS] bvid=BV1aRQMBuEU7 已成功抓取全部所需数据。
[2026-04-15 02:45:38] [SUCCESS] bvid=BV1ucQuBNE7G 已成功抓取全部所需数据。
[2026-04-15 02:45:44] [SUCCESS] bvid=BV1KPQuBAEEC 已成功抓取全部所需数据。
[2026-04-15 02:45:55] [SUCCESS] bvid=BV12PQuBAEhx 已成功抓取全部所需数据。
[2026-04-15 02:46:00] [SUCCESS] bvid=BV18fQMBiEbm 已成功抓取全部所需数据。
[2026-04-15 02:46:12] [SUCCESS] bvid=BV1LCQMB2EYS 已成功抓取全部所需数据。
[2026-04-15 02:46:23] [SUCCESS] bvid=BV17CQMB2EVc 已成功抓取全部所需数据。
[2026-04-15 02:46:29] [SUCCESS] bvid=BV1jCQMB2Edt 已成功抓取全部所需数据。
[2026-04-15 02:46:35] [SUCCESS] bvid=BV1o1QMBLEeZ 已成功抓取全部所需数据。
[2026-04-15 02:46:40] [SUCCESS] bvid=BV1j1QMBLEV4 已成功抓取全部所需数据。
[2026-04-15 02:46:45] [SUCCESS] bvid=BV1j1QMBLEgH 已成功抓取全部所需数据。
[2026-04-15 02:46:50] [SUCCESS] bvid=BV1L1QMBLEuM 已成功抓取全部所需数据。
[2026-04-15 02:46:56] [SUCCESS] bvid=BV1j1QMBLE5b 已成功抓取全部所需数据。
[2026-04-15 02:47:01] [SUCCESS] bvid=BV1dWQTB6E3b 已成功抓取全部所需数据。
[2026-04-15 02:47:12] [SUCCESS] bvid=BV1j1QMBLEBR 已成功抓取全部所需数据。
[2026-04-15 02:47:24] [SUCCESS] bvid=BV176QMBUEFy 已成功抓取全部所需数据。
[2026-04-15 02:47:35] [SUCCESS] bvid=BV17kQMB7EKe 已成功抓取全部所需数据。
[2026-04-15 02:47:36] [ERROR] bvid=BV1jkQMB7EXV 抓取失败：stat: 接口返回错误代码：62002，信息：稿件不可见。
{'code': 62002, 'message': '稿件不可见', 'ttl': 1} | comment: 接口返回错误代码：62002，信息：稿件不可见。
{'code': 62002, 'message': '稿件不可见', 'ttl': 1}
[2026-04-15 02:47:40] [SUCCESS] bvid=BV17kQMB7Ert 已成功抓取全部所需数据。
[2026-04-15 02:47:46] [SUCCESS] bvid=BV17kQMB7ERE 已成功抓取全部所需数据。
[2026-04-15 02:47:51] [SUCCESS] bvid=BV1jkQMB7E4B 已成功抓取全部所需数据。
[2026-04-15 02:47:55] [SUCCESS] bvid=BV1VSQMBkEPC 已成功抓取全部所需数据。
[2026-04-15 02:48:13] [SUCCESS] bvid=BV15SQMBkE7c 已成功抓取全部所需数据。
[2026-04-15 02:48:25] [SUCCESS] bvid=BV15SQMBkEES 已成功抓取全部所需数据。
[2026-04-15 02:48:30] [SUCCESS] bvid=BV13QQMB3EZg 已成功抓取全部所需数据。
[2026-04-15 02:48:41] [SUCCESS] bvid=BV15SQMBkEbG 已成功抓取全部所需数据。
[2026-04-15 02:48:46] [SUCCESS] bvid=BV1e2QMByEfE 已成功抓取全部所需数据。
[2026-04-15 02:48:51] [SUCCESS] bvid=BV15UQMBVErb 已成功抓取全部所需数据。
[2026-04-15 02:49:02] [SUCCESS] bvid=BV152QMByEMt 已成功抓取全部所需数据。
[2026-04-15 02:49:07] [SUCCESS] bvid=BV1YQQMB3EaD 已成功抓取全部所需数据。
[2026-04-15 02:49:13] [SUCCESS] bvid=BV1XQQMB3ETU 已成功抓取全部所需数据。
[2026-04-15 02:49:24] [SUCCESS] bvid=BV1L2QMByE4J 已成功抓取全部所需数据。
[2026-04-15 02:49:36] [SUCCESS] bvid=BV1v2QMByERD 已成功抓取全部所需数据。
[2026-04-15 02:49:40] [SUCCESS] bvid=BV15UQMBVErK 已成功抓取全部所需数据。
[2026-04-15 02:49:45] [SUCCESS] bvid=BV15UQMBVEi9 已成功抓取全部所需数据。
[2026-04-15 02:49:50] [SUCCESS] bvid=BV1GUQMBVEZu 已成功抓取全部所需数据。
[2026-04-15 02:49:55] [SUCCESS] bvid=BV1vUQMBVEMC 已成功抓取全部所需数据。
[2026-04-15 02:50:00] [SUCCESS] bvid=BV1fnQuBnEWh 已成功抓取全部所需数据。
[2026-04-15 02:50:11] [SUCCESS] bvid=BV1oHQuBSEoh 已成功抓取全部所需数据。
[2026-04-15 02:50:16] [SUCCESS] bvid=BV1fHQuBSE5o 已成功抓取全部所需数据。
[2026-04-15 02:50:21] [SUCCESS] bvid=BV18gQPBXEgJ 已成功抓取全部所需数据。
[2026-04-15 02:50:21] [WARN] 当前子任务已结束，但仍有未成功抓取的视频，已导出 remaining CSV 供继续执行。
[2026-04-15 02:50:21] [INFO] 已导出剔除成功条目后的剩余 CSV：D:\Schoolworks\Thesis\Bilibili-Datahub\outputs\video_data\manual_crawls\manual_crawl_stat_comment_20260414_214213\remaining_bvids_part_24.csv
[2026-04-15 02:50:21] 子任务结束时间：2026-04-15T02:50:21.732768
[TIMESTAMP][END] 2026-04-15T02:50:21
