[TIMESTAMP][BEGIN] 2026-04-15T17:40:29
[2026-04-15 17:40:32] 开始执行 CSV 批量抓取子任务 part_27。
[2026-04-15 17:40:32] 子任务开始时间：2026-04-15T17:40:29.642862
[2026-04-15 17:40:32] 输入文件：batch_input_27.csv
[2026-04-15 17:40:32] 输入唯一 bvid 数量：100
[2026-04-15 17:40:32] 为严格按 CSV 顺序判断连续失败阈值，本次任务自动将并发度从 2 调整为 1。
[2026-04-15 17:40:35] [SUCCESS] bvid=BV1i9SoBjEff 已成功抓取全部所需数据。
[2026-04-15 17:40:38] [SUCCESS] bvid=BV1i9SoBjEyf 已成功抓取全部所需数据。
[2026-04-15 17:40:39] [ERROR] bvid=BV1iBXgBQEjg 抓取失败：meta: 接口返回错误代码：62002，信息：稿件不可见。
{'code': 62002, 'message': '稿件不可见', 'ttl': 1}
[2026-04-15 17:40:42] [SUCCESS] bvid=BV1iCDfBREdj 已成功抓取全部所需数据。
[2026-04-15 17:40:52] [SUCCESS] bvid=BV1iCDsBoEKR 已成功抓取全部所需数据。
[2026-04-15 17:40:55] [SUCCESS] bvid=BV1iDDLBwE1d 已成功抓取全部所需数据。
[2026-04-15 17:40:59] [SUCCESS] bvid=BV1iDDLBwEmF 已成功抓取全部所需数据。
[2026-04-15 17:41:03] [SUCCESS] bvid=BV1iDQcBZETD 已成功抓取全部所需数据。
[2026-04-15 17:41:07] [SUCCESS] bvid=BV1iDQvBdEXB 已成功抓取全部所需数据。
[2026-04-15 17:41:07] [ERROR] bvid=BV1iNDPBAEZr 抓取失败：meta: 接口返回错误代码：62002，信息：稿件不可见。
{'code': 62002, 'message': '稿件不可见', 'ttl': 1}
[2026-04-15 17:41:11] [SUCCESS] bvid=BV1iSQcBbEfg 已成功抓取全部所需数据。
[2026-04-15 17:41:14] [SUCCESS] bvid=BV1iUDmBXEsK 已成功抓取全部所需数据。
[2026-04-15 17:41:18] [SUCCESS] bvid=BV1iUQcBFE1i 已成功抓取全部所需数据。
[2026-04-15 17:41:21] [SUCCESS] bvid=BV1iVD7BNEB1 已成功抓取全部所需数据。
[2026-04-15 17:41:24] [SUCCESS] bvid=BV1iVD7BNEpi 已成功抓取全部所需数据。
[2026-04-15 17:41:28] [SUCCESS] bvid=BV1iWDZBSEaR 已成功抓取全部所需数据。
[2026-04-15 17:41:28] [ERROR] bvid=BV1iWXmBoEet 抓取失败：meta: 接口返回错误代码：62002，信息：稿件不可见。
{'code': 62002, 'message': '稿件不可见', 'ttl': 1}
[2026-04-15 17:41:37] [SUCCESS] bvid=BV1iXQYBmEKs 已成功抓取全部所需数据。
[2026-04-15 17:41:40] [SUCCESS] bvid=BV1iXQcB4EqZ 已成功抓取全部所需数据。
[2026-04-15 17:41:43] [SUCCESS] bvid=BV1iZDkB3Evh 已成功抓取全部所需数据。
[2026-04-15 17:41:44] [ERROR] bvid=BV1iZQNBzEef 抓取失败：meta: 接口返回错误代码：-404，信息：啥都木有。
{'code': -404, 'message': '啥都木有', 'ttl': 1}
[2026-04-15 17:41:47] [SUCCESS] bvid=BV1iaDDBcEL8 已成功抓取全部所需数据。
[2026-04-15 17:41:50] [SUCCESS] bvid=BV1iaDDBcEVY 已成功抓取全部所需数据。
[2026-04-15 17:42:00] [SUCCESS] bvid=BV1iaDDBwEhh 已成功抓取全部所需数据。
[2026-04-15 17:42:03] [SUCCESS] bvid=BV1icDCBuEuG 已成功抓取全部所需数据。
[2026-04-15 17:42:07] [SUCCESS] bvid=BV1idDQBeEGx 已成功抓取全部所需数据。
[2026-04-15 17:42:11] [SUCCESS] bvid=BV1idDkBkE6o 已成功抓取全部所需数据。
[2026-04-15 17:42:15] [SUCCESS] bvid=BV1idDkBkE7M 已成功抓取全部所需数据。
[2026-04-15 17:42:18] [SUCCESS] bvid=BV1idDkBkEkD 已成功抓取全部所需数据。
[2026-04-15 17:42:21] [SUCCESS] bvid=BV1ieQiB4EYH 已成功抓取全部所需数据。
[2026-04-15 17:42:21] [ERROR] bvid=BV1igDKBqEcB 抓取失败：meta: 接口返回错误代码：62002，信息：稿件不可见。
{'code': 62002, 'message': '稿件不可见', 'ttl': 1}
[2026-04-15 17:42:25] [SUCCESS] bvid=BV1ihQFBXEgJ 已成功抓取全部所需数据。
[2026-04-15 17:42:34] [SUCCESS] bvid=BV1iiQ4BPEDQ 已成功抓取全部所需数据。
[2026-04-15 17:42:37] [SUCCESS] bvid=BV1iiQ4BPENe 已成功抓取全部所需数据。
[2026-04-15 17:42:41] [SUCCESS] bvid=BV1iiQ4BPEvq 已成功抓取全部所需数据。
[2026-04-15 17:42:50] [SUCCESS] bvid=BV1iiQsBxE34 已成功抓取全部所需数据。
[2026-04-15 17:42:54] [SUCCESS] bvid=BV1iiQsBxEck 已成功抓取全部所需数据。
[2026-04-15 17:42:57] [SUCCESS] bvid=BV1ikDpBSEpj 已成功抓取全部所需数据。
[2026-04-15 17:42:57] [ERROR] bvid=BV1ikX2BREZM 抓取失败：meta: 接口返回错误代码：62002，信息：稿件不可见。
{'code': 62002, 'message': '稿件不可见', 'ttl': 1}
[2026-04-15 17:43:01] [SUCCESS] bvid=BV1imQgBQEJa 已成功抓取全部所需数据。
[2026-04-15 17:43:10] [SUCCESS] bvid=BV1inDyB5EUt 已成功抓取全部所需数据。
[2026-04-15 17:43:14] [SUCCESS] bvid=BV1ioQABaEM9 已成功抓取全部所需数据。
[2026-04-15 17:43:18] [SUCCESS] bvid=BV1ioQABaEnP 已成功抓取全部所需数据。
[2026-04-15 17:43:21] [SUCCESS] bvid=BV1iqDXBvE6T 已成功抓取全部所需数据。
[2026-04-15 17:43:25] [SUCCESS] bvid=BV1irQbBBEEG 已成功抓取全部所需数据。
[2026-04-15 17:43:28] [SUCCESS] bvid=BV1isDxBfEy2 已成功抓取全部所需数据。
[2026-04-15 17:43:37] [SUCCESS] bvid=BV1iuD4BfEYA 已成功抓取全部所需数据。
[2026-04-15 17:43:41] [SUCCESS] bvid=BV1iwQMByED4 已成功抓取全部所需数据。
[2026-04-15 17:43:44] [SUCCESS] bvid=BV1iwQMByED5 已成功抓取全部所需数据。
[2026-04-15 17:43:48] [SUCCESS] bvid=BV1iwQMByEJM 已成功抓取全部所需数据。
[2026-04-15 17:43:48] [ERROR] bvid=BV1iwXZBQE17 抓取失败：meta: 接口返回错误代码：62002，信息：稿件不可见。
{'code': 62002, 'message': '稿件不可见', 'ttl': 1}
[2026-04-15 17:43:51] [SUCCESS] bvid=BV1ixDZBEEJX 已成功抓取全部所需数据。
[2026-04-15 17:43:51] [ERROR] bvid=BV1ixXKB5EBV 抓取失败：meta: 接口返回错误代码：62002，信息：稿件不可见。
{'code': 62002, 'message': '稿件不可见', 'ttl': 1}
[2026-04-15 17:43:55] [SUCCESS] bvid=BV1j1QMBLE5b 已成功抓取全部所需数据。
[2026-04-15 17:43:58] [SUCCESS] bvid=BV1j1QMBLEBR 已成功抓取全部所需数据。
[2026-04-15 17:44:01] [SUCCESS] bvid=BV1j1QMBLEV4 已成功抓取全部所需数据。
[2026-04-15 17:44:04] [SUCCESS] bvid=BV1j1QMBLEgH 已成功抓取全部所需数据。
[2026-04-15 17:44:08] [SUCCESS] bvid=BV1j2QgBpEgK 已成功抓取全部所需数据。
[2026-04-15 17:54:12] [SUCCESS] bvid=BV1j2QgBpEqu 已成功抓取全部所需数据。
[2026-04-15 17:54:16] [SUCCESS] bvid=BV1j3D7BiEUC 已成功抓取全部所需数据。
[2026-04-15 17:54:19] [SUCCESS] bvid=BV1j3D7BiEUQ 已成功抓取全部所需数据。
[2026-04-15 17:54:30] [SUCCESS] bvid=BV1j3D7BiEmU 已成功抓取全部所需数据。
[2026-04-15 17:54:34] [SUCCESS] bvid=BV1j3DQBeE7a 已成功抓取全部所需数据。
[2026-04-15 17:54:38] [SUCCESS] bvid=BV1j3QWB9EED 已成功抓取全部所需数据。
[2026-04-15 17:54:42] [SUCCESS] bvid=BV1j3QWB9EUN 已成功抓取全部所需数据。
[2026-04-15 17:54:45] [SUCCESS] bvid=BV1j3QvBWEgv 已成功抓取全部所需数据。
[2026-04-15 17:54:49] [SUCCESS] bvid=BV1j3QvBWEqT 已成功抓取全部所需数据。
[2026-04-15 17:54:53] [SUCCESS] bvid=BV1j5DQBYEhv 已成功抓取全部所需数据。
[2026-04-15 17:54:57] [SUCCESS] bvid=BV1j5DQBaEM9 已成功抓取全部所需数据。
[2026-04-15 17:55:07] [SUCCESS] bvid=BV1j5DQBaETM 已成功抓取全部所需数据。
[2026-04-15 17:55:11] [SUCCESS] bvid=BV1j5DQBaETZ 已成功抓取全部所需数据。
[2026-04-15 17:55:21] [SUCCESS] bvid=BV1j7D9BMEGF 已成功抓取全部所需数据。
[2026-04-15 17:55:30] [SUCCESS] bvid=BV1j7QtBKEVQ 已成功抓取全部所需数据。
[2026-04-15 17:55:42] [SUCCESS] bvid=BV1j8DDBYEvs 已成功抓取全部所需数据。
[2026-04-15 17:55:52] [SUCCESS] bvid=BV1j8DtBPEtp 已成功抓取全部所需数据。
[2026-04-15 17:55:57] [SUCCESS] bvid=BV1j9QABYEzM 已成功抓取全部所需数据。
[2026-04-15 17:56:00] [SUCCESS] bvid=BV1j9SoB7Ezj 已成功抓取全部所需数据。
[2026-04-15 17:56:04] [SUCCESS] bvid=BV1jAD1B1EHn 已成功抓取全部所需数据。
[2026-04-15 17:56:15] [SUCCESS] bvid=BV1jBDRBCEHc 已成功抓取全部所需数据。
[2026-04-15 17:56:19] [SUCCESS] bvid=BV1jCQMB2Edt 已成功抓取全部所需数据。
[2026-04-15 17:56:23] [SUCCESS] bvid=BV1jDQgBDEg9 已成功抓取全部所需数据。
[2026-04-15 17:56:33] [SUCCESS] bvid=BV1jEQtBvEkz 已成功抓取全部所需数据。
[2026-04-15 17:56:44] [SUCCESS] bvid=BV1jJDdByE1f 已成功抓取全部所需数据。
[2026-04-15 17:56:48] [SUCCESS] bvid=BV1jKDSBFErL 已成功抓取全部所需数据。
[2026-04-15 17:56:48] [ERROR] bvid=BV1jLD9BzENG 抓取失败：meta: 接口返回错误代码：-404，信息：啥都木有。
{'code': -404, 'message': '啥都木有', 'ttl': 1}
[2026-04-15 17:56:58] [SUCCESS] bvid=BV1jLD9BzErM 已成功抓取全部所需数据。
[2026-04-15 17:57:02] [SUCCESS] bvid=BV1jLD9BzEzo 已成功抓取全部所需数据。
[2026-04-15 17:57:06] [SUCCESS] bvid=BV1jLQxBfE5W 已成功抓取全部所需数据。
[2026-04-15 17:57:10] [SUCCESS] bvid=BV1jMDSBZEaH 已成功抓取全部所需数据。
[2026-04-15 17:57:13] [SUCCESS] bvid=BV1jRDkBVEoS 已成功抓取全部所需数据。
[2026-04-15 17:57:17] [SUCCESS] bvid=BV1jTDSBbESa 已成功抓取全部所需数据。
[2026-04-15 17:57:20] [SUCCESS] bvid=BV1jTDSBbEbt 已成功抓取全部所需数据。
[2026-04-15 17:57:24] [SUCCESS] bvid=BV1jVDQBAE9w 已成功抓取全部所需数据。
[2026-04-15 17:57:28] [SUCCESS] bvid=BV1jVDQBAEXC 已成功抓取全部所需数据。
[2026-04-15 17:57:32] [SUCCESS] bvid=BV1jVQxBcECM 已成功抓取全部所需数据。
[2026-04-15 17:57:42] [SUCCESS] bvid=BV1jWDZBSEwx 已成功抓取全部所需数据。
[2026-04-15 17:57:46] [SUCCESS] bvid=BV1jWQuBJEpi 已成功抓取全部所需数据。
[2026-04-15 17:57:56] [SUCCESS] bvid=BV1jYDrBzE6g 已成功抓取全部所需数据。
[2026-04-15 17:58:00] [SUCCESS] bvid=BV1jZDkB3Era 已成功抓取全部所需数据。
[2026-04-15 17:58:01] [ERROR] bvid=BV1jZX1BdEjN 抓取失败：meta: 接口返回错误代码：62002，信息：稿件不可见。
{'code': 62002, 'message': '稿件不可见', 'ttl': 1}
[2026-04-15 17:58:01] [WARN] 当前子任务已结束，但仍有未成功抓取的视频，已导出 remaining CSV 供继续执行。
[2026-04-15 17:58:01] [INFO] 已导出剔除成功条目后的剩余 CSV：outputs\video_data\manual_crawls\manual_crawl_meta_mode_A_20260415_134201\remaining_bvids_part_27.csv
[2026-04-15 17:58:01] 子任务结束时间：2026-04-15T17:58:01.301430
[TIMESTAMP][END] 2026-04-15T17:58:01
