[TIMESTAMP][BEGIN] 2026-04-15T15:00:30
[2026-04-15 15:00:32] 开始执行 CSV 批量抓取子任务 part_9。
[2026-04-15 15:00:32] 子任务开始时间：2026-04-15T15:00:30.191375
[2026-04-15 15:00:32] 输入文件：batch_input_9.csv
[2026-04-15 15:00:32] 输入唯一 bvid 数量：100
[2026-04-15 15:00:32] 为严格按 CSV 顺序判断连续失败阈值，本次任务自动将并发度从 2 调整为 1。
[2026-04-15 15:00:36] [SUCCESS] bvid=BV1DGDpBgEQn 已成功抓取全部所需数据。
[2026-04-15 15:00:40] [SUCCESS] bvid=BV1DGDpBuEDS 已成功抓取全部所需数据。
[2026-04-15 15:00:43] [SUCCESS] bvid=BV1DHD4BSEGN 已成功抓取全部所需数据。
[2026-04-15 15:00:46] [SUCCESS] bvid=BV1DHQcBmEwy 已成功抓取全部所需数据。
[2026-04-15 15:00:50] [SUCCESS] bvid=BV1DKDXBdEx7 已成功抓取全部所需数据。
[2026-04-15 15:00:53] [SUCCESS] bvid=BV1DKQ4B9EEV 已成功抓取全部所需数据。
[2026-04-15 15:00:56] [SUCCESS] bvid=BV1DKQ4B9EYL 已成功抓取全部所需数据。
[2026-04-15 15:01:00] [SUCCESS] bvid=BV1DKQ4B9Enc 已成功抓取全部所需数据。
[2026-04-15 15:01:03] [SUCCESS] bvid=BV1DLDmBLEJk 已成功抓取全部所需数据。
[2026-04-15 15:01:13] [SUCCESS] bvid=BV1DLQhBPE7W 已成功抓取全部所需数据。
[2026-04-15 15:01:16] [SUCCESS] bvid=BV1DMDCBeEFR 已成功抓取全部所需数据。
[2026-04-15 15:01:20] [SUCCESS] bvid=BV1DMDXBsETY 已成功抓取全部所需数据。
[2026-04-15 15:01:24] [SUCCESS] bvid=BV1DMQ4BpE79 已成功抓取全部所需数据。
[2026-04-15 15:01:27] [SUCCESS] bvid=BV1DMQ4BpECV 已成功抓取全部所需数据。
[2026-04-15 15:01:31] [SUCCESS] bvid=BV1DMQ4BpErN 已成功抓取全部所需数据。
[2026-04-15 15:11:32] [ERROR] bvid=BV1DPDDBJEu2 抓取失败：meta: Timeout of 600.0s exceeded, last exception: HTTPSConnectionPool(host='bigquery.googleapis.com', port=443): Max retries exceeded with url: /bigquery/v2/projects/bilibili-m2s2vp-research/datasets?prettyPrint=false (Caused by SSLError(SSLEOFError(8, 'EOF occurred in violation of protocol (_ssl.c:1017)')))
[2026-04-15 15:11:42] [SUCCESS] bvid=BV1DQDCBPEe7 已成功抓取全部所需数据。
[2026-04-15 15:11:45] [SUCCESS] bvid=BV1DSDCBvE6E 已成功抓取全部所需数据。
[2026-04-15 15:11:48] [SUCCESS] bvid=BV1DSDCBvEK8 已成功抓取全部所需数据。
[2026-04-15 15:11:52] [SUCCESS] bvid=BV1DSDCBvEMR 已成功抓取全部所需数据。
[2026-04-15 15:11:55] [SUCCESS] bvid=BV1DSDCBvEaT 已成功抓取全部所需数据。
[2026-04-15 15:11:58] [SUCCESS] bvid=BV1DXDCBYEwU 已成功抓取全部所需数据。
[2026-04-15 15:12:01] [SUCCESS] bvid=BV1DXDCBYExr 已成功抓取全部所需数据。
[2026-04-15 15:12:05] [SUCCESS] bvid=BV1DXQbBcE71 已成功抓取全部所需数据。
[2026-04-15 15:12:08] [SUCCESS] bvid=BV1DXQbBcEZq 已成功抓取全部所需数据。
[2026-04-15 15:12:17] [SUCCESS] bvid=BV1DZDfBLE49 已成功抓取全部所需数据。
[2026-04-15 15:12:26] [SUCCESS] bvid=BV1DaQTBNEx8 已成功抓取全部所需数据。
[2026-04-15 15:12:26] [ERROR] bvid=BV1DaXmBnEqz 抓取失败：meta: 接口返回错误代码：62012，信息：62012。
{'code': 62012, 'message': '62012', 'ttl': 1}
[2026-04-15 15:12:29] [SUCCESS] bvid=BV1DcQeB3EAj 已成功抓取全部所需数据。
[2026-04-15 15:12:38] [SUCCESS] bvid=BV1DdD1BuEYf 已成功抓取全部所需数据。
[2026-04-15 15:12:42] [SUCCESS] bvid=BV1DeDvBCEnR 已成功抓取全部所需数据。
[2026-04-15 15:12:45] [SUCCESS] bvid=BV1DgDCBAE33 已成功抓取全部所需数据。
[2026-04-15 15:12:48] [SUCCESS] bvid=BV1DgDCBAEmk 已成功抓取全部所需数据。
[2026-04-15 15:12:52] [SUCCESS] bvid=BV1DgDpBrEHc 已成功抓取全部所需数据。
[2026-04-15 15:12:55] [SUCCESS] bvid=BV1DhD9BbEiz 已成功抓取全部所需数据。
[2026-04-15 15:12:59] [SUCCESS] bvid=BV1DiDWBCEJ4 已成功抓取全部所需数据。
[2026-04-15 15:13:02] [SUCCESS] bvid=BV1DjQhBYEnk 已成功抓取全部所需数据。
[2026-04-15 15:13:05] [SUCCESS] bvid=BV1DkQFBLEzF 已成功抓取全部所需数据。
[2026-04-15 15:13:05] [ERROR] bvid=BV1Dm9NBPETK 抓取失败：meta: 接口返回错误代码：62002，信息：稿件不可见。
{'code': 62002, 'message': '稿件不可见', 'ttl': 1}
[2026-04-15 15:13:13] [SUCCESS] bvid=BV1DnQcBEEbZ 已成功抓取全部所需数据。
[2026-04-15 15:13:16] [SUCCESS] bvid=BV1DsQABWEWY 已成功抓取全部所需数据。
[2026-04-15 15:13:19] [SUCCESS] bvid=BV1DtD9BhEtA 已成功抓取全部所需数据。
[2026-04-15 15:13:23] [SUCCESS] bvid=BV1DtQABpEJH 已成功抓取全部所需数据。
[2026-04-15 15:13:26] [SUCCESS] bvid=BV1DuQ4BQEFe 已成功抓取全部所需数据。
[2026-04-15 15:13:35] [SUCCESS] bvid=BV1DuQPBWEAT 已成功抓取全部所需数据。
[2026-04-15 15:13:39] [SUCCESS] bvid=BV1DuQbB8E1Y 已成功抓取全部所需数据。
[2026-04-15 15:13:42] [SUCCESS] bvid=BV1DvDWB5EVJ 已成功抓取全部所需数据。
[2026-04-15 15:13:45] [SUCCESS] bvid=BV1DwDDBDE3H 已成功抓取全部所需数据。
[2026-04-15 15:13:48] [SUCCESS] bvid=BV1DwQeB6ETv 已成功抓取全部所需数据。
[2026-04-15 15:13:57] [SUCCESS] bvid=BV1DzDxBJET2 已成功抓取全部所需数据。
[2026-04-15 15:14:07] [SUCCESS] bvid=BV1DzQFB7ESW 已成功抓取全部所需数据。
[2026-04-15 15:14:11] [SUCCESS] bvid=BV1E1DSBYEvV 已成功抓取全部所需数据。
[2026-04-15 15:14:14] [SUCCESS] bvid=BV1E1QcBAERs 已成功抓取全部所需数据。
[2026-04-15 15:14:23] [SUCCESS] bvid=BV1E3QxBaE2C 已成功抓取全部所需数据。
[2026-04-15 15:14:26] [SUCCESS] bvid=BV1E3QxBaELc 已成功抓取全部所需数据。
[2026-04-15 15:14:30] [SUCCESS] bvid=BV1E4QwBPEn3 已成功抓取全部所需数据。
[2026-04-15 15:14:33] [SUCCESS] bvid=BV1E4QwBPEyF 已成功抓取全部所需数据。
[2026-04-15 15:14:36] [SUCCESS] bvid=BV1E5QtBMEDt 已成功抓取全部所需数据。
[2026-04-15 15:14:40] [SUCCESS] bvid=BV1E7DZB9ETf 已成功抓取全部所需数据。
[2026-04-15 15:14:43] [SUCCESS] bvid=BV1E7DZB9Eei 已成功抓取全部所需数据。
[2026-04-15 15:14:46] [SUCCESS] bvid=BV1E7DZB9Eqn 已成功抓取全部所需数据。
[2026-04-15 15:14:50] [SUCCESS] bvid=BV1E7QTB1EBE 已成功抓取全部所需数据。
[2026-04-15 15:14:53] [SUCCESS] bvid=BV1E8Q4BuEdu 已成功抓取全部所需数据。
[2026-04-15 15:14:57] [SUCCESS] bvid=BV1E8QsBhEtL 已成功抓取全部所需数据。
[2026-04-15 15:15:00] [SUCCESS] bvid=BV1E9QtBrErg 已成功抓取全部所需数据。
[2026-04-15 15:15:04] [SUCCESS] bvid=BV1EBQKBGE3k 已成功抓取全部所需数据。
[2026-04-15 15:15:04] [ERROR] bvid=BV1ECXjBkEP3 抓取失败：meta: 接口返回错误代码：62002，信息：稿件不可见。
{'code': 62002, 'message': '稿件不可见', 'ttl': 1}
[2026-04-15 15:15:14] [SUCCESS] bvid=BV1EDQvBoETE 已成功抓取全部所需数据。
[2026-04-15 15:15:14] [ERROR] bvid=BV1EEDvBREZH 抓取失败：meta: 接口返回错误代码：62012，信息：62012。
{'code': 62012, 'message': '62012', 'ttl': 1}
[2026-04-15 15:15:18] [SUCCESS] bvid=BV1EFQhBLED1 已成功抓取全部所需数据。
[2026-04-15 15:15:27] [SUCCESS] bvid=BV1EGD9BrESd 已成功抓取全部所需数据。
[2026-04-15 15:15:30] [SUCCESS] bvid=BV1EGD9BrEp1 已成功抓取全部所需数据。
[2026-04-15 15:15:40] [SUCCESS] bvid=BV1EGXFBfEtL 已成功抓取全部所需数据。
[2026-04-15 15:15:44] [SUCCESS] bvid=BV1EHQFBfEDt 已成功抓取全部所需数据。
[2026-04-15 15:15:44] [ERROR] bvid=BV1EKDKB3EbE 抓取失败：meta: 接口返回错误代码：62002，信息：稿件不可见。
{'code': 62002, 'message': '稿件不可见', 'ttl': 1}
[2026-04-15 15:15:48] [SUCCESS] bvid=BV1EKDSBFEvY 已成功抓取全部所需数据。
[2026-04-15 15:15:48] [ERROR] bvid=BV1EMDQBiE7m 抓取失败：meta: 接口返回错误代码：62002，信息：稿件不可见。
{'code': 62002, 'message': '稿件不可见', 'ttl': 1}
[2026-04-15 15:15:52] [SUCCESS] bvid=BV1EMDQBiEAq 已成功抓取全部所需数据。
[2026-04-15 15:15:55] [SUCCESS] bvid=BV1EMDQBiEuL 已成功抓取全部所需数据。
[2026-04-15 15:15:59] [SUCCESS] bvid=BV1EMDQBqEyC 已成功抓取全部所需数据。
[2026-04-15 15:16:02] [SUCCESS] bvid=BV1EMQxBeEPW 已成功抓取全部所需数据。
[2026-04-15 15:16:05] [SUCCESS] bvid=BV1EMQxBeEhS 已成功抓取全部所需数据。
[2026-04-15 15:16:14] [SUCCESS] bvid=BV1EQDkBLEZG 已成功抓取全部所需数据。
[2026-04-15 15:16:18] [SUCCESS] bvid=BV1EQDkBLEhb 已成功抓取全部所需数据。
[2026-04-15 15:16:27] [SUCCESS] bvid=BV1EQQxBNEMd 已成功抓取全部所需数据。
[2026-04-15 15:16:31] [SUCCESS] bvid=BV1EQQxBNEyu 已成功抓取全部所需数据。
[2026-04-15 15:16:34] [SUCCESS] bvid=BV1ERDkBVEMK 已成功抓取全部所需数据。
[2026-04-15 15:16:38] [SUCCESS] bvid=BV1ERDkBVEnu 已成功抓取全部所需数据。
[2026-04-15 15:16:41] [SUCCESS] bvid=BV1ERDkBVEr5 已成功抓取全部所需数据。
[2026-04-15 15:16:44] [SUCCESS] bvid=BV1ERQzB6EJX 已成功抓取全部所需数据。
[2026-04-15 15:16:48] [SUCCESS] bvid=BV1EVDdBUEnh 已成功抓取全部所需数据。
[2026-04-15 15:16:58] [SUCCESS] bvid=BV1EWDxB8Eby 已成功抓取全部所需数据。
[2026-04-15 15:17:09] [SUCCESS] bvid=BV1EWQFBtEPU 已成功抓取全部所需数据。
[2026-04-15 15:17:20] [SUCCESS] bvid=BV1EXDQBiEPn 已成功抓取全部所需数据。
[2026-04-15 15:17:24] [SUCCESS] bvid=BV1EXDkByEPh 已成功抓取全部所需数据。
[2026-04-15 15:17:35] [SUCCESS] bvid=BV1EXQxBeEF7 已成功抓取全部所需数据。
[2026-04-15 15:17:39] [SUCCESS] bvid=BV1EXQxBeEec 已成功抓取全部所需数据。
[2026-04-15 15:17:43] [SUCCESS] bvid=BV1EYQKB1ECd 已成功抓取全部所需数据。
[2026-04-15 15:17:46] [SUCCESS] bvid=BV1EYQKB1ERi 已成功抓取全部所需数据。
[2026-04-15 15:17:50] [SUCCESS] bvid=BV1EaQPBBEUx 已成功抓取全部所需数据。
[2026-04-15 15:17:50] [WARN] 当前子任务已结束，但仍有未成功抓取的视频，已导出 remaining CSV 供继续执行。
[2026-04-15 15:17:50] [INFO] 已导出剔除成功条目后的剩余 CSV：outputs\video_data\manual_crawls\manual_crawl_meta_mode_A_20260415_134201\remaining_bvids_part_9.csv
[2026-04-15 15:17:50] 子任务结束时间：2026-04-15T15:17:50.216094
[TIMESTAMP][END] 2026-04-15T15:17:50
