[TIMESTAMP][BEGIN] 2026-04-15T18:50:17
[2026-04-15 18:50:20] 开始执行 CSV 批量抓取子任务 part_36。
[2026-04-15 18:50:20] 子任务开始时间：2026-04-15T18:50:17.979098
[2026-04-15 18:50:20] 输入文件：batch_input_36.csv
[2026-04-15 18:50:20] 输入唯一 bvid 数量：100
[2026-04-15 18:50:20] 为严格按 CSV 顺序判断连续失败阈值，本次任务自动将并发度从 2 调整为 1。
[2026-04-15 18:50:29] [SUCCESS] bvid=BV1wbQbBmEVZ 已成功抓取全部所需数据。
[2026-04-15 18:50:33] [SUCCESS] bvid=BV1wfDDBrETb 已成功抓取全部所需数据。
[2026-04-15 18:50:43] [SUCCESS] bvid=BV1wfDtB5ErV 已成功抓取全部所需数据。
[2026-04-15 18:50:47] [SUCCESS] bvid=BV1wfQFBeE1e 已成功抓取全部所需数据。
[2026-04-15 18:50:51] [SUCCESS] bvid=BV1wfQFBeEZh 已成功抓取全部所需数据。
[2026-04-15 18:51:00] [SUCCESS] bvid=BV1wgDvBcERX 已成功抓取全部所需数据。
[2026-04-15 18:51:04] [SUCCESS] bvid=BV1whD1B4E88 已成功抓取全部所需数据。
[2026-04-15 18:51:13] [SUCCESS] bvid=BV1whD1B4EhY 已成功抓取全部所需数据。
[2026-04-15 18:51:17] [SUCCESS] bvid=BV1whQMBdE4F 已成功抓取全部所需数据。
[2026-04-15 18:51:20] [SUCCESS] bvid=BV1whQbBjEdA 已成功抓取全部所需数据。
[2026-04-15 18:51:30] [SUCCESS] bvid=BV1wiDsBYEVs 已成功抓取全部所需数据。
[2026-04-15 18:51:33] [SUCCESS] bvid=BV1wiQcBuEo9 已成功抓取全部所需数据。
[2026-04-15 18:51:34] [ERROR] bvid=BV1wiXTB4ES2 抓取失败：meta: 接口返回错误代码：-404，信息：啥都木有。
{'code': -404, 'message': '啥都木有', 'ttl': 1}
[2026-04-15 18:51:37] [SUCCESS] bvid=BV1wkDQBVE5v 已成功抓取全部所需数据。
[2026-04-15 18:51:40] [SUCCESS] bvid=BV1wkDQBVEJ1 已成功抓取全部所需数据。
[2026-04-15 18:51:50] [SUCCESS] bvid=BV1wnQeBbEWU 已成功抓取全部所需数据。
[2026-04-15 18:51:53] [SUCCESS] bvid=BV1wqQYBZEMs 已成功抓取全部所需数据。
[2026-04-15 18:51:56] [SUCCESS] bvid=BV1wrQABCEUr 已成功抓取全部所需数据。
[2026-04-15 18:51:59] [SUCCESS] bvid=BV1wsDCBXEqU 已成功抓取全部所需数据。
[2026-04-15 18:52:03] [SUCCESS] bvid=BV1wsDCBXEzc 已成功抓取全部所需数据。
[2026-04-15 18:52:13] [SUCCESS] bvid=BV1wsDCBXEzq 已成功抓取全部所需数据。
[2026-04-15 18:52:16] [SUCCESS] bvid=BV1wsQ4BkEWj 已成功抓取全部所需数据。
[2026-04-15 18:52:20] [SUCCESS] bvid=BV1wsQ4BkEg8 已成功抓取全部所需数据。
[2026-04-15 18:52:30] [SUCCESS] bvid=BV1wtDCBDEqg 已成功抓取全部所需数据。
[2026-04-15 18:52:33] [SUCCESS] bvid=BV1wtQ4B6ETc 已成功抓取全部所需数据。
[2026-04-15 18:52:37] [SUCCESS] bvid=BV1wuDyBXE4x 已成功抓取全部所需数据。
[2026-04-15 18:52:40] [SUCCESS] bvid=BV1wuQuBfEox 已成功抓取全部所需数据。
[2026-04-15 18:52:43] [SUCCESS] bvid=BV1wvDmBaEKx 已成功抓取全部所需数据。
[2026-04-15 18:52:53] [SUCCESS] bvid=BV1wyD9BSEF6 已成功抓取全部所需数据。
[2026-04-15 18:53:03] [SUCCESS] bvid=BV1wyQtBmEmX 已成功抓取全部所需数据。
[2026-04-15 18:53:06] [SUCCESS] bvid=BV1wzQYB4E3c 已成功抓取全部所需数据。
[2026-04-15 18:53:06] [ERROR] bvid=BV1x1DZBvEMD 抓取失败：meta: 接口返回错误代码：62002，信息：稿件不可见。
{'code': 62002, 'message': '稿件不可见', 'ttl': 1}
[2026-04-15 18:53:10] [SUCCESS] bvid=BV1x3DDB1E8L 已成功抓取全部所需数据。
[2026-04-15 18:53:13] [SUCCESS] bvid=BV1x3DjBmEzr 已成功抓取全部所需数据。
[2026-04-15 18:53:22] [SUCCESS] bvid=BV1x3QwB5EdV 已成功抓取全部所需数据。
[2026-04-15 18:53:25] [SUCCESS] bvid=BV1x4DLBmEmv 已成功抓取全部所需数据。
[2026-04-15 18:53:29] [SUCCESS] bvid=BV1x5DDBCEN2 已成功抓取全部所需数据。
[2026-04-15 18:53:32] [SUCCESS] bvid=BV1x5QwBGE4L 已成功抓取全部所需数据。
[2026-04-15 18:53:36] [SUCCESS] bvid=BV1x7QKBdEok 已成功抓取全部所需数据。
[2026-04-15 18:53:36] [ERROR] bvid=BV1x8DKB9EC7 抓取失败：meta: 接口返回错误代码：-404，信息：啥都木有。
{'code': -404, 'message': '啥都木有', 'ttl': 1}
[2026-04-15 18:53:39] [SUCCESS] bvid=BV1x8DSBCEav 已成功抓取全部所需数据。
[2026-04-15 18:53:43] [SUCCESS] bvid=BV1x8QcBVEmM 已成功抓取全部所需数据。
[2026-04-15 18:53:46] [SUCCESS] bvid=BV1x8QgBPEGz 已成功抓取全部所需数据。
[2026-04-15 18:53:47] [ERROR] bvid=BV1x8XjBpEsq 抓取失败：meta: 接口返回错误代码：62002，信息：稿件不可见。
{'code': 62002, 'message': '稿件不可见', 'ttl': 1}
[2026-04-15 18:53:47] [ERROR] bvid=BV1xDXbBxEKm 抓取失败：meta: 接口返回错误代码：62002，信息：稿件不可见。
{'code': 62002, 'message': '稿件不可见', 'ttl': 1}
[2026-04-15 18:53:56] [SUCCESS] bvid=BV1xFD9BDExz 已成功抓取全部所需数据。
[2026-04-15 18:54:00] [SUCCESS] bvid=BV1xFQtBmErZ 已成功抓取全部所需数据。
[2026-04-15 18:54:03] [SUCCESS] bvid=BV1xGQwBCEPw 已成功抓取全部所需数据。
[2026-04-15 18:54:06] [SUCCESS] bvid=BV1xGQwBCEn8 已成功抓取全部所需数据。
[2026-04-15 18:54:16] [SUCCESS] bvid=BV1xHD1BYESk 已成功抓取全部所需数据。
[2026-04-15 18:54:25] [SUCCESS] bvid=BV1xHDCBREVD 已成功抓取全部所需数据。
[2026-04-15 18:54:35] [SUCCESS] bvid=BV1xLQiBzEzf 已成功抓取全部所需数据。
[2026-04-15 18:54:38] [SUCCESS] bvid=BV1xMQeBiEy7 已成功抓取全部所需数据。
[2026-04-15 18:54:38] [ERROR] bvid=BV1xNDxBkEXt 抓取失败：meta: 接口返回错误代码：-404，信息：啥都木有。
{'code': -404, 'message': '啥都木有', 'ttl': 1}
[2026-04-15 18:54:41] [SUCCESS] bvid=BV1xNQuBaEJt 已成功抓取全部所需数据。
[2026-04-15 18:54:42] [ERROR] bvid=BV1xNXKBZE6x 抓取失败：meta: 接口返回错误代码：62002，信息：稿件不可见。
{'code': 62002, 'message': '稿件不可见', 'ttl': 1}
[2026-04-15 18:54:45] [SUCCESS] bvid=BV1xPQ8BXE5x 已成功抓取全部所需数据。
[2026-04-15 18:54:54] [SUCCESS] bvid=BV1xPQ8BXEJv 已成功抓取全部所需数据。
[2026-04-15 18:54:58] [SUCCESS] bvid=BV1xPQ8BXEaA 已成功抓取全部所需数据。
[2026-04-15 18:55:01] [SUCCESS] bvid=BV1xQDDB7EuB 已成功抓取全部所需数据。
[2026-04-15 18:55:05] [SUCCESS] bvid=BV1xQDDBEEYz 已成功抓取全部所需数据。
[2026-04-15 18:55:14] [SUCCESS] bvid=BV1xQQFBuEE3 已成功抓取全部所需数据。
[2026-04-15 18:55:17] [SUCCESS] bvid=BV1xQQpBqED1 已成功抓取全部所需数据。
[2026-04-15 18:55:26] [SUCCESS] bvid=BV1xQQpBqEjR 已成功抓取全部所需数据。
[2026-04-15 18:55:29] [SUCCESS] bvid=BV1xRQeBNEcY 已成功抓取全部所需数据。
[2026-04-15 18:55:33] [SUCCESS] bvid=BV1xRQsBVEnG 已成功抓取全部所需数据。
[2026-04-15 18:55:36] [SUCCESS] bvid=BV1xSQeBBER2 已成功抓取全部所需数据。
[2026-04-15 18:55:39] [SUCCESS] bvid=BV1xTQFBuE9w 已成功抓取全部所需数据。
[2026-04-15 18:55:40] [ERROR] bvid=BV1xTXKB4EaF 抓取失败：meta: 接口返回错误代码：62002，信息：稿件不可见。
{'code': 62002, 'message': '稿件不可见', 'ttl': 1}
[2026-04-15 18:55:49] [SUCCESS] bvid=BV1xUQFB3EXr 已成功抓取全部所需数据。
[2026-04-15 18:55:59] [SUCCESS] bvid=BV1xUQFB3EjB 已成功抓取全部所需数据。
[2026-04-15 18:55:59] [ERROR] bvid=BV1xUX6B4E6d 抓取失败：meta: 接口返回错误代码：62002，信息：稿件不可见。
{'code': 62002, 'message': '稿件不可见', 'ttl': 1}
[2026-04-15 18:56:02] [SUCCESS] bvid=BV1xVQPBDEfh 已成功抓取全部所需数据。
[2026-04-15 18:56:12] [SUCCESS] bvid=BV1xXDtBEETd 已成功抓取全部所需数据。
[2026-04-15 18:56:22] [SUCCESS] bvid=BV1xXQeBiE2q 已成功抓取全部所需数据。
[2026-04-15 18:56:26] [SUCCESS] bvid=BV1xXQwBjEiy 已成功抓取全部所需数据。
[2026-04-15 18:56:36] [SUCCESS] bvid=BV1xYQvBuEBv 已成功抓取全部所需数据。
[2026-04-15 18:56:39] [SUCCESS] bvid=BV1xZDrBnE3G 已成功抓取全部所需数据。
[2026-04-15 18:56:42] [SUCCESS] bvid=BV1xaDSBGEUc 已成功抓取全部所需数据。
[2026-04-15 18:56:46] [SUCCESS] bvid=BV1xbDSB5ERX 已成功抓取全部所需数据。
[2026-04-15 18:56:50] [SUCCESS] bvid=BV1xcDHBfEFZ 已成功抓取全部所需数据。
[2026-04-15 18:56:54] [SUCCESS] bvid=BV1xcDWBqEDm 已成功抓取全部所需数据。
[2026-04-15 18:57:03] [SUCCESS] bvid=BV1xdDDB1Ezc 已成功抓取全部所需数据。
[2026-04-15 18:57:07] [SUCCESS] bvid=BV1xdQ4BnEUT 已成功抓取全部所需数据。
[2026-04-15 18:57:16] [SUCCESS] bvid=BV1xdQsBkE7b 已成功抓取全部所需数据。
[2026-04-15 18:57:19] [SUCCESS] bvid=BV1xeDkBoEUt 已成功抓取全部所需数据。
[2026-04-15 18:57:23] [SUCCESS] bvid=BV1xfQ4BEE3r 已成功抓取全部所需数据。
[2026-04-15 18:57:26] [SUCCESS] bvid=BV1xfQ4BEEBv 已成功抓取全部所需数据。
[2026-04-15 18:57:29] [SUCCESS] bvid=BV1xgQFBMEQE 已成功抓取全部所需数据。
[2026-04-15 18:57:33] [SUCCESS] bvid=BV1xgQFBTEh5 已成功抓取全部所需数据。
[2026-04-15 18:57:36] [SUCCESS] bvid=BV1xiDQB7Eqw 已成功抓取全部所需数据。
[2026-04-15 18:57:40] [SUCCESS] bvid=BV1xiDkBxEfE 已成功抓取全部所需数据。
[2026-04-15 18:57:40] [ERROR] bvid=BV1xjQPBUEoi 抓取失败：meta: 接口返回错误代码：62002，信息：稿件不可见。
{'code': 62002, 'message': '稿件不可见', 'ttl': 1}
[2026-04-15 18:57:49] [SUCCESS] bvid=BV1xm9cBmEP5 已成功抓取全部所需数据。
[2026-04-15 18:57:52] [SUCCESS] bvid=BV1xmDZBPECi 已成功抓取全部所需数据。
[2026-04-15 18:57:55] [SUCCESS] bvid=BV1xmDZBPEh5 已成功抓取全部所需数据。
[2026-04-15 18:58:05] [SUCCESS] bvid=BV1xmDZBPEmh 已成功抓取全部所需数据。
[2026-04-15 18:58:09] [SUCCESS] bvid=BV1xnDCBxEDH 已成功抓取全部所需数据。
[2026-04-15 18:58:12] [SUCCESS] bvid=BV1xnDCBxEs2 已成功抓取全部所需数据。
[2026-04-15 18:58:16] [SUCCESS] bvid=BV1xnQKB9E3p 已成功抓取全部所需数据。
[2026-04-15 18:58:16] [WARN] 当前子任务已结束，但仍有未成功抓取的视频，已导出 remaining CSV 供继续执行。
[2026-04-15 18:58:16] [INFO] 已导出剔除成功条目后的剩余 CSV：outputs\video_data\manual_crawls\manual_crawl_meta_mode_A_20260415_134201\remaining_bvids_part_36.csv
[2026-04-15 18:58:16] 子任务结束时间：2026-04-15T18:58:16.230808
[TIMESTAMP][END] 2026-04-15T18:58:16
