[TIMESTAMP][BEGIN] 2026-04-15T14:10:38
[2026-04-15 14:10:41] 开始执行 CSV 批量抓取子任务 part_4。
[2026-04-15 14:10:41] 子任务开始时间：2026-04-15T14:10:38.524153
[2026-04-15 14:10:41] 输入文件：batch_input_4.csv
[2026-04-15 14:10:41] 输入唯一 bvid 数量：100
[2026-04-15 14:10:41] 为严格按 CSV 顺序判断连续失败阈值，本次任务自动将并发度从 2 调整为 1。
[2026-04-15 14:10:44] [SUCCESS] bvid=BV15LQvBDEg3 已成功抓取全部所需数据。
[2026-04-15 14:10:47] [SUCCESS] bvid=BV15LQxBfE9L 已成功抓取全部所需数据。
[2026-04-15 14:10:51] [SUCCESS] bvid=BV15PDCBTEFU 已成功抓取全部所需数据。
[2026-04-15 14:10:54] [SUCCESS] bvid=BV15QDLBhEEu 已成功抓取全部所需数据。
[2026-04-15 14:10:58] [SUCCESS] bvid=BV15SQMBkE7c 已成功抓取全部所需数据。
[2026-04-15 14:11:01] [SUCCESS] bvid=BV15SQMBkEES 已成功抓取全部所需数据。
[2026-04-15 14:11:04] [SUCCESS] bvid=BV15SQMBkEbG 已成功抓取全部所需数据。
[2026-04-15 14:11:05] [ERROR] bvid=BV15SXjBBExa 抓取失败：meta: 接口返回错误代码：62002，信息：稿件不可见。
{'code': 62002, 'message': '稿件不可见', 'ttl': 1}
[2026-04-15 14:11:08] [SUCCESS] bvid=BV15UDfBnEB4 已成功抓取全部所需数据。
[2026-04-15 14:11:12] [SUCCESS] bvid=BV15UQMBVEi9 已成功抓取全部所需数据。
[2026-04-15 14:11:15] [SUCCESS] bvid=BV15UQMBVErK 已成功抓取全部所需数据。
[2026-04-15 14:11:19] [SUCCESS] bvid=BV15UQMBVErb 已成功抓取全部所需数据。
[2026-04-15 14:11:28] [SUCCESS] bvid=BV15VDSBsEDG 已成功抓取全部所需数据。
[2026-04-15 14:11:32] [SUCCESS] bvid=BV15VDSBsExc 已成功抓取全部所需数据。
[2026-04-15 14:11:35] [SUCCESS] bvid=BV15WDyBVE7j 已成功抓取全部所需数据。
[2026-04-15 14:11:39] [SUCCESS] bvid=BV15WQtBwE2t 已成功抓取全部所需数据。
[2026-04-15 14:11:43] [SUCCESS] bvid=BV15YQFBHEFS 已成功抓取全部所需数据。
[2026-04-15 14:11:53] [SUCCESS] bvid=BV15YQFBHEQL 已成功抓取全部所需数据。
[2026-04-15 14:11:53] [ERROR] bvid=BV15YXMB7E2Y 抓取失败：meta: 接口返回错误代码：62002，信息：稿件不可见。
{'code': 62002, 'message': '稿件不可见', 'ttl': 1}
[2026-04-15 14:11:57] [SUCCESS] bvid=BV15ZD6BYEkq 已成功抓取全部所需数据。
[2026-04-15 14:12:00] [SUCCESS] bvid=BV15ZDQBAEh6 已成功抓取全部所需数据。
[2026-04-15 14:12:04] [SUCCESS] bvid=BV15cDCBuEWM 已成功抓取全部所需数据。
[2026-04-15 14:12:08] [SUCCESS] bvid=BV15cDCBuEg4 已成功抓取全部所需数据。
[2026-04-15 14:12:08] [ERROR] bvid=BV15cX2B9E9y 抓取失败：meta: 接口返回错误代码：62002，信息：稿件不可见。
{'code': 62002, 'message': '稿件不可见', 'ttl': 1}
[2026-04-15 14:12:11] [SUCCESS] bvid=BV15dDSBdEhZ 已成功抓取全部所需数据。
[2026-04-15 14:12:15] [SUCCESS] bvid=BV15eQwBbEVc 已成功抓取全部所需数据。
[2026-04-15 14:12:19] [SUCCESS] bvid=BV15fDQBaEPx 已成功抓取全部所需数据。
[2026-04-15 14:12:22] [SUCCESS] bvid=BV15gQhBBEKs 已成功抓取全部所需数据。
[2026-04-15 14:12:26] [SUCCESS] bvid=BV15hDxBRECx 已成功抓取全部所需数据。
[2026-04-15 14:12:29] [SUCCESS] bvid=BV15jDQBcEx2 已成功抓取全部所需数据。
[2026-04-15 14:12:33] [SUCCESS] bvid=BV15kQKBzEdv 已成功抓取全部所需数据。
[2026-04-15 14:12:33] [ERROR] bvid=BV15mXUBFEsu 抓取失败：meta: 接口返回错误代码：62002，信息：稿件不可见。
{'code': 62002, 'message': '稿件不可见', 'ttl': 1}
[2026-04-15 14:12:43] [SUCCESS] bvid=BV15nD9BKELh 已成功抓取全部所需数据。
[2026-04-15 14:12:53] [SUCCESS] bvid=BV15nQxBxEH1 已成功抓取全部所需数据。
[2026-04-15 14:12:57] [SUCCESS] bvid=BV15nQxBxEuN 已成功抓取全部所需数据。
[2026-04-15 14:13:01] [SUCCESS] bvid=BV15oQABYEU1 已成功抓取全部所需数据。
[2026-04-15 14:13:10] [SUCCESS] bvid=BV15qQiBsEwE 已成功抓取全部所需数据。
[2026-04-15 14:13:14] [SUCCESS] bvid=BV15qQwB4EtX 已成功抓取全部所需数据。
[2026-04-15 14:13:17] [SUCCESS] bvid=BV15rDaBGEYR 已成功抓取全部所需数据。
[2026-04-15 14:13:21] [SUCCESS] bvid=BV15tQuB2EJG 已成功抓取全部所需数据。
[2026-04-15 14:15:27] [SUCCESS] bvid=BV15vDDBFESX 已成功抓取全部所需数据。
[2026-04-15 14:15:28] [ERROR] bvid=BV15xXPBiEJ7 抓取失败：meta: 接口返回错误代码：62002，信息：稿件不可见。
{'code': 62002, 'message': '稿件不可见', 'ttl': 1}
[2026-04-15 14:15:37] [SUCCESS] bvid=BV161QvBFERw 已成功抓取全部所需数据。
[2026-04-15 14:15:41] [SUCCESS] bvid=BV161SoBQEJQ 已成功抓取全部所需数据。
[2026-04-15 14:15:44] [SUCCESS] bvid=BV164QwBPEJK 已成功抓取全部所需数据。
[2026-04-15 14:15:54] [SUCCESS] bvid=BV165DZBdENX 已成功抓取全部所需数据。
[2026-04-15 14:16:03] [SUCCESS] bvid=BV166D4BqE7e 已成功抓取全部所需数据。
[2026-04-15 14:16:08] [SUCCESS] bvid=BV166DfBoEFo 已成功抓取全部所需数据。
[2026-04-15 14:16:17] [SUCCESS] bvid=BV168DCBJEfW 已成功抓取全部所需数据。
[2026-04-15 14:16:22] [SUCCESS] bvid=BV168QKBmEZ9 已成功抓取全部所需数据。
[2026-04-15 14:16:26] [SUCCESS] bvid=BV169DyBQErt 已成功抓取全部所需数据。
[2026-04-15 14:16:30] [SUCCESS] bvid=BV169QNBGEAS 已成功抓取全部所需数据。
[2026-04-15 14:16:33] [SUCCESS] bvid=BV169QtBrEET 已成功抓取全部所需数据。
[2026-04-15 14:16:43] [SUCCESS] bvid=BV16ADSBwELD 已成功抓取全部所需数据。
[2026-04-15 14:16:47] [SUCCESS] bvid=BV16BQhBEEJq 已成功抓取全部所需数据。
[2026-04-15 14:16:50] [SUCCESS] bvid=BV16BQhBEEuB 已成功抓取全部所需数据。
[2026-04-15 14:16:55] [SUCCESS] bvid=BV16CQcBYESK 已成功抓取全部所需数据。
[2026-04-15 14:17:05] [SUCCESS] bvid=BV16CQcBYEsm 已成功抓取全部所需数据。
[2026-04-15 14:17:14] [SUCCESS] bvid=BV16CQcBYEzM 已成功抓取全部所需数据。
[2026-04-15 14:17:18] [SUCCESS] bvid=BV16CQvBhE5t 已成功抓取全部所需数据。
[2026-04-15 14:17:22] [SUCCESS] bvid=BV16EQuBXExu 已成功抓取全部所需数据。
[2026-04-15 14:17:32] [SUCCESS] bvid=BV16GDyBSE1N 已成功抓取全部所需数据。
[2026-04-15 14:17:35] [SUCCESS] bvid=BV16JQFBcEhx 已成功抓取全部所需数据。
[2026-04-15 14:17:39] [SUCCESS] bvid=BV16JQFBcEkQ 已成功抓取全部所需数据。
[2026-04-15 14:17:48] [SUCCESS] bvid=BV16MDkByEda 已成功抓取全部所需数据。
[2026-04-15 14:17:52] [SUCCESS] bvid=BV16MQABKEMk 已成功抓取全部所需数据。
[2026-04-15 14:17:56] [SUCCESS] bvid=BV16PDQBuE7B 已成功抓取全部所需数据。
[2026-04-15 14:18:06] [SUCCESS] bvid=BV16PDQBuE8y 已成功抓取全部所需数据。
[2026-04-15 14:18:15] [SUCCESS] bvid=BV16QDkBLEtR 已成功抓取全部所需数据。
[2026-04-15 14:18:25] [SUCCESS] bvid=BV16RQTBJEyR 已成功抓取全部所需数据。
[2026-04-15 14:18:29] [SUCCESS] bvid=BV16SQABTEG6 已成功抓取全部所需数据。
[2026-04-15 14:18:30] [ERROR] bvid=BV16VXPByEeU 抓取失败：meta: 接口返回错误代码：62002，信息：稿件不可见。
{'code': 62002, 'message': '稿件不可见', 'ttl': 1}
[2026-04-15 14:18:30] [ERROR] bvid=BV16VXPByEzB 抓取失败：meta: 接口返回错误代码：62002，信息：稿件不可见。
{'code': 62002, 'message': '稿件不可见', 'ttl': 1}
[2026-04-15 14:18:40] [SUCCESS] bvid=BV16WDDBiETG 已成功抓取全部所需数据。
[2026-04-15 14:18:43] [SUCCESS] bvid=BV16WDEBjEVo 已成功抓取全部所需数据。
[2026-04-15 14:18:44] [ERROR] bvid=BV16ZXLBVEA9 抓取失败：meta: 接口返回错误代码：62012，信息：62012。
{'code': 62012, 'message': '62012', 'ttl': 1}
[2026-04-15 14:18:47] [SUCCESS] bvid=BV16bQPB6EXz 已成功抓取全部所需数据。
[2026-04-15 14:18:58] [SUCCESS] bvid=BV16bQPB6Eht 已成功抓取全部所需数据。
[2026-04-15 14:19:09] [SUCCESS] bvid=BV16cDSBYEUi 已成功抓取全部所需数据。
[2026-04-15 14:19:09] [ERROR] bvid=BV16cX8BUE56 抓取失败：meta: 接口返回错误代码：62012，信息：62012。
{'code': 62012, 'message': '62012', 'ttl': 1}
[2026-04-15 14:19:13] [SUCCESS] bvid=BV16dDZBZE1k 已成功抓取全部所需数据。
[2026-04-15 14:19:17] [SUCCESS] bvid=BV16dDyBnEEJ 已成功抓取全部所需数据。
[2026-04-15 14:19:27] [SUCCESS] bvid=BV16dQTBUE7t 已成功抓取全部所需数据。
[2026-04-15 14:19:30] [SUCCESS] bvid=BV16eDRBLEAd 已成功抓取全部所需数据。
[2026-04-15 14:19:34] [SUCCESS] bvid=BV16eQbBVE4H 已成功抓取全部所需数据。
[2026-04-15 14:19:38] [SUCCESS] bvid=BV16hDCBUEX7 已成功抓取全部所需数据。
[2026-04-15 14:19:47] [SUCCESS] bvid=BV16hQPBuE7s 已成功抓取全部所需数据。
[2026-04-15 14:19:56] [SUCCESS] bvid=BV16kD4BKECA 已成功抓取全部所需数据。
[2026-04-15 14:20:00] [SUCCESS] bvid=BV16kQcBPEY7 已成功抓取全部所需数据。
[2026-04-15 14:20:04] [SUCCESS] bvid=BV16mQABBE1o 已成功抓取全部所需数据。
[2026-04-15 14:20:07] [SUCCESS] bvid=BV16mQABBEqd 已成功抓取全部所需数据。
[2026-04-15 14:20:11] [SUCCESS] bvid=BV16nDjB6EhQ 已成功抓取全部所需数据。
[2026-04-15 14:20:15] [SUCCESS] bvid=BV16oD2BtEMp 已成功抓取全部所需数据。
[2026-04-15 14:20:19] [SUCCESS] bvid=BV16pDDBTEQy 已成功抓取全部所需数据。
[2026-04-15 14:20:29] [SUCCESS] bvid=BV16sQiBYEsH 已成功抓取全部所需数据。
[2026-04-15 14:20:33] [SUCCESS] bvid=BV16tQ4BzELE 已成功抓取全部所需数据。
[2026-04-15 14:20:37] [SUCCESS] bvid=BV16tQ4BzEgF 已成功抓取全部所需数据。
[2026-04-15 14:20:41] [SUCCESS] bvid=BV16tQ4BzEhB 已成功抓取全部所需数据。
[2026-04-15 14:20:44] [SUCCESS] bvid=BV16tQ4BzEu6 已成功抓取全部所需数据。
[2026-04-15 14:20:48] [SUCCESS] bvid=BV16tQ4BzEuJ 已成功抓取全部所需数据。
[2026-04-15 14:20:48] [WARN] 当前子任务已结束，但仍有未成功抓取的视频，已导出 remaining CSV 供继续执行。
[2026-04-15 14:20:48] [INFO] 已导出剔除成功条目后的剩余 CSV：outputs\video_data\manual_crawls\manual_crawl_meta_mode_A_20260415_134201\remaining_bvids_part_4.csv
[2026-04-15 14:20:48] 子任务结束时间：2026-04-15T14:20:48.980122
[TIMESTAMP][END] 2026-04-15T14:20:48
