[TIMESTAMP][BEGIN] 2026-04-15T17:19:19
[2026-04-15 17:19:22] 开始执行 CSV 批量抓取子任务 part_24。
[2026-04-15 17:19:22] 子任务开始时间：2026-04-15T17:19:19.906766
[2026-04-15 17:19:22] 输入文件：batch_input_24.csv
[2026-04-15 17:19:22] 输入唯一 bvid 数量：100
[2026-04-15 17:19:22] 为严格按 CSV 顺序判断连续失败阈值，本次任务自动将并发度从 2 调整为 1。
[2026-04-15 17:19:22] [ERROR] bvid=BV1djX3BRE5d 抓取失败：meta: 接口返回错误代码：62002，信息：稿件不可见。
{'code': 62002, 'message': '稿件不可见', 'ttl': 1}
[2026-04-15 17:19:25] [SUCCESS] bvid=BV1dmQgBQE69 已成功抓取全部所需数据。
[2026-04-15 17:19:28] [SUCCESS] bvid=BV1dnQTBkE8h 已成功抓取全部所需数据。
[2026-04-15 17:19:28] [ERROR] bvid=BV1dpXLBTED8 抓取失败：meta: 接口返回错误代码：62002，信息：稿件不可见。
{'code': 62002, 'message': '稿件不可见', 'ttl': 1}
[2026-04-15 17:19:32] [SUCCESS] bvid=BV1dqDCBCEDx 已成功抓取全部所需数据。
[2026-04-15 17:19:35] [SUCCESS] bvid=BV1dsDvBSEtK 已成功抓取全部所需数据。
[2026-04-15 17:19:38] [SUCCESS] bvid=BV1dsQuBmELG 已成功抓取全部所需数据。
[2026-04-15 17:19:42] [SUCCESS] bvid=BV1dsQuBmEm5 已成功抓取全部所需数据。
[2026-04-15 17:19:45] [SUCCESS] bvid=BV1dtQeBXEDx 已成功抓取全部所需数据。
[2026-04-15 17:19:49] [SUCCESS] bvid=BV1dtQuB1Eua 已成功抓取全部所需数据。
[2026-04-15 17:19:52] [SUCCESS] bvid=BV1dwDRBTEFv 已成功抓取全部所需数据。
[2026-04-15 17:20:01] [SUCCESS] bvid=BV1dwQMByEy1 已成功抓取全部所需数据。
[2026-04-15 17:20:05] [SUCCESS] bvid=BV1dwQbBNEGo 已成功抓取全部所需数据。
[2026-04-15 17:20:08] [SUCCESS] bvid=BV1dwQbBNEU4 已成功抓取全部所需数据。
[2026-04-15 17:20:11] [SUCCESS] bvid=BV1dwQbBNEfE 已成功抓取全部所需数据。
[2026-04-15 17:20:14] [SUCCESS] bvid=BV1dwXvBpEF4 已成功抓取全部所需数据。
[2026-04-15 17:20:17] [SUCCESS] bvid=BV1dzDCBGEZM 已成功抓取全部所需数据。
[2026-04-15 17:20:22] [SUCCESS] bvid=BV1dzDCBGEge 已成功抓取全部所需数据。
[2026-04-15 17:20:31] [SUCCESS] bvid=BV1dzDCBGEoH 已成功抓取全部所需数据。
[2026-04-15 17:20:34] [SUCCESS] bvid=BV1dzQ4BwE9b 已成功抓取全部所需数据。
[2026-04-15 17:20:43] [SUCCESS] bvid=BV1dzQ4BwELV 已成功抓取全部所需数据。
[2026-04-15 17:20:47] [SUCCESS] bvid=BV1e1DCBuE5H 已成功抓取全部所需数据。
[2026-04-15 17:20:50] [SUCCESS] bvid=BV1e2QMByEfE 已成功抓取全部所需数据。
[2026-04-15 17:20:53] [SUCCESS] bvid=BV1e3DLBZEFr 已成功抓取全部所需数据。
[2026-04-15 17:21:02] [SUCCESS] bvid=BV1e3QYB1Ekx 已成功抓取全部所需数据。
[2026-04-15 17:21:06] [SUCCESS] bvid=BV1e4DZBmE22 已成功抓取全部所需数据。
[2026-04-15 17:21:09] [SUCCESS] bvid=BV1e5DQBaEXc 已成功抓取全部所需数据。
[2026-04-15 17:21:13] [SUCCESS] bvid=BV1e7DQB8Edn 已成功抓取全部所需数据。
[2026-04-15 17:21:16] [SUCCESS] bvid=BV1e7QcBHEL2 已成功抓取全部所需数据。
[2026-04-15 17:21:19] [SUCCESS] bvid=BV1e9D4BZEoY 已成功抓取全部所需数据。
[2026-04-15 17:21:30] [SUCCESS] bvid=BV1e9QcBdEko 已成功抓取全部所需数据。
[2026-04-15 17:21:33] [SUCCESS] bvid=BV1eAQKBKEAP 已成功抓取全部所需数据。
[2026-04-15 17:21:43] [SUCCESS] bvid=BV1eCDCB6Ewn 已成功抓取全部所需数据。
[2026-04-15 17:21:46] [SUCCESS] bvid=BV1eCQ4BbEAJ 已成功抓取全部所需数据。
[2026-04-15 17:21:50] [SUCCESS] bvid=BV1eCQbBTEZw 已成功抓取全部所需数据。
[2026-04-15 17:21:53] [SUCCESS] bvid=BV1eFQPB8Ebi 已成功抓取全部所需数据。
[2026-04-15 17:21:56] [SUCCESS] bvid=BV1eFQPB8Ed5 已成功抓取全部所需数据。
[2026-04-15 17:21:56] [ERROR] bvid=BV1eGD4BoELM 抓取失败：meta: 接口返回错误代码：62002，信息：稿件不可见。
{'code': 62002, 'message': '稿件不可见', 'ttl': 1}
[2026-04-15 17:21:57] [ERROR] bvid=BV1eKX2BJETP 抓取失败：meta: 接口返回错误代码：62002，信息：稿件不可见。
{'code': 62002, 'message': '稿件不可见', 'ttl': 1}
[2026-04-15 17:22:00] [SUCCESS] bvid=BV1eMDfBSEXd 已成功抓取全部所需数据。
[2026-04-15 17:22:04] [SUCCESS] bvid=BV1eMQMB6E3b 已成功抓取全部所需数据。
[2026-04-15 17:22:08] [SUCCESS] bvid=BV1eMQMB6EYY 已成功抓取全部所需数据。
[2026-04-15 17:22:08] [ERROR] bvid=BV1eMXjBiEfX 抓取失败：meta: 接口返回错误代码：62002，信息：稿件不可见。
{'code': 62002, 'message': '稿件不可见', 'ttl': 1}
[2026-04-15 17:22:11] [SUCCESS] bvid=BV1eNQbBPERF 已成功抓取全部所需数据。
[2026-04-15 17:22:14] [SUCCESS] bvid=BV1eQDsBHE7r 已成功抓取全部所需数据。
[2026-04-15 17:22:17] [SUCCESS] bvid=BV1eRDSB4EiK 已成功抓取全部所需数据。
[2026-04-15 17:22:20] [SUCCESS] bvid=BV1eSDfBDEd6 已成功抓取全部所需数据。
[2026-04-15 17:22:20] [ERROR] bvid=BV1eSXjBBE8U 抓取失败：meta: 接口返回错误代码：62002，信息：稿件不可见。
{'code': 62002, 'message': '稿件不可见', 'ttl': 1}
[2026-04-15 17:22:24] [SUCCESS] bvid=BV1eTQMB3E5H 已成功抓取全部所需数据。
[2026-04-15 17:22:27] [SUCCESS] bvid=BV1eTSDBsESz 已成功抓取全部所需数据。
[2026-04-15 17:22:30] [SUCCESS] bvid=BV1eUDeBLEeg 已成功抓取全部所需数据。
[2026-04-15 17:22:40] [SUCCESS] bvid=BV1eWDkBeEcS 已成功抓取全部所需数据。
[2026-04-15 17:22:42] [SUCCESS] bvid=BV1eWDyBGE2C 已成功抓取全部所需数据。
[2026-04-15 17:22:46] [SUCCESS] bvid=BV1eWQtBwEV1 已成功抓取全部所需数据。
[2026-04-15 17:22:49] [SUCCESS] bvid=BV1eXQgBEES6 已成功抓取全部所需数据。
[2026-04-15 17:22:53] [SUCCESS] bvid=BV1eYDjBaEmE 已成功抓取全部所需数据。
[2026-04-15 17:22:56] [SUCCESS] bvid=BV1eYQFBHErg 已成功抓取全部所需数据。
[2026-04-15 17:23:00] [SUCCESS] bvid=BV1ecDCBuEKQ 已成功抓取全部所需数据。
[2026-04-15 17:23:04] [SUCCESS] bvid=BV1edQcBsEZZ 已成功抓取全部所需数据。
[2026-04-15 17:23:13] [SUCCESS] bvid=BV1eeDDBfEbG 已成功抓取全部所需数据。
[2026-04-15 17:23:17] [SUCCESS] bvid=BV1eeDDBfEdV 已成功抓取全部所需数据。
[2026-04-15 17:23:20] [SUCCESS] bvid=BV1eeDDBfEi9 已成功抓取全部所需数据。
[2026-04-15 17:23:24] [SUCCESS] bvid=BV1efQvBnExV 已成功抓取全部所需数据。
[2026-04-15 17:23:33] [SUCCESS] bvid=BV1egDmBUERt 已成功抓取全部所需数据。
[2026-04-15 17:23:37] [SUCCESS] bvid=BV1eiDDBtEKf 已成功抓取全部所需数据。
[2026-04-15 17:23:40] [SUCCESS] bvid=BV1eiDDBtEqs 已成功抓取全部所需数据。
[2026-04-15 17:23:43] [SUCCESS] bvid=BV1eiQsBxEZk 已成功抓取全部所需数据。
[2026-04-15 17:23:47] [SUCCESS] bvid=BV1ejD7BAEMm 已成功抓取全部所需数据。
[2026-04-15 17:23:50] [SUCCESS] bvid=BV1emDoB5Eub 已成功抓取全部所需数据。
[2026-04-15 17:23:54] [SUCCESS] bvid=BV1emQbBeE5C 已成功抓取全部所需数据。
[2026-04-15 17:23:57] [SUCCESS] bvid=BV1emQbBeEj5 已成功抓取全部所需数据。
[2026-04-15 17:24:00] [SUCCESS] bvid=BV1enDQBtEc4 已成功抓取全部所需数据。
[2026-04-15 17:24:10] [SUCCESS] bvid=BV1enDkBiEv4 已成功抓取全部所需数据。
[2026-04-15 17:24:13] [SUCCESS] bvid=BV1eoQcB9E3S 已成功抓取全部所需数据。
[2026-04-15 17:24:23] [SUCCESS] bvid=BV1eqDDBoENM 已成功抓取全部所需数据。
[2026-04-15 17:24:26] [SUCCESS] bvid=BV1eqDDBoEzS 已成功抓取全部所需数据。
[2026-04-15 17:24:29] [SUCCESS] bvid=BV1eqQwB4EPX 已成功抓取全部所需数据。
[2026-04-15 17:24:33] [SUCCESS] bvid=BV1erDnBkE8A 已成功抓取全部所需数据。
[2026-04-15 17:24:43] [SUCCESS] bvid=BV1ewDCBBE5p 已成功抓取全部所需数据。
[2026-04-15 17:24:47] [SUCCESS] bvid=BV1ewQ4BtEgP 已成功抓取全部所需数据。
[2026-04-15 17:24:47] [ERROR] bvid=BV1exXmBxEui 抓取失败：meta: 接口返回错误代码：62002，信息：稿件不可见。
{'code': 62002, 'message': '稿件不可见', 'ttl': 1}
[2026-04-15 17:24:56] [SUCCESS] bvid=BV1eyQbBiEB7 已成功抓取全部所需数据。
[2026-04-15 17:25:00] [SUCCESS] bvid=BV1f1D4BPE6e 已成功抓取全部所需数据。
[2026-04-15 17:25:04] [SUCCESS] bvid=BV1f2D7BrE7q 已成功抓取全部所需数据。
[2026-04-15 17:25:04] [ERROR] bvid=BV1f2XuB4E9h 抓取失败：meta: 接口返回错误代码：62012，信息：62012。
{'code': 62012, 'message': '62012', 'ttl': 1}
[2026-04-15 17:25:04] [ERROR] bvid=BV1f3DkBkESy 抓取失败：meta: 接口返回错误代码：62002，信息：稿件不可见。
{'code': 62002, 'message': '稿件不可见', 'ttl': 1}
[2026-04-15 17:25:08] [SUCCESS] bvid=BV1f9DHBpEdT 已成功抓取全部所需数据。
[2026-04-15 17:25:12] [SUCCESS] bvid=BV1f9QtB6E5K 已成功抓取全部所需数据。
[2026-04-15 17:25:15] [SUCCESS] bvid=BV1f9QtB6EJw 已成功抓取全部所需数据。
[2026-04-15 17:25:19] [SUCCESS] bvid=BV1f9QtB6Ehq 已成功抓取全部所需数据。
[2026-04-15 17:25:19] [ERROR] bvid=BV1fCDiB4EAt 抓取失败：meta: 接口返回错误代码：62002，信息：稿件不可见。
{'code': 62002, 'message': '稿件不可见', 'ttl': 1}
[2026-04-15 17:25:28] [SUCCESS] bvid=BV1fCQgBsEmL 已成功抓取全部所需数据。
[2026-04-15 17:25:32] [SUCCESS] bvid=BV1fDD9ByETn 已成功抓取全部所需数据。
[2026-04-15 17:25:35] [SUCCESS] bvid=BV1fEQuBXEqx 已成功抓取全部所需数据。
[2026-04-15 17:25:38] [SUCCESS] bvid=BV1fHDUBFE4h 已成功抓取全部所需数据。
[2026-04-15 17:25:41] [SUCCESS] bvid=BV1fHQuBSE5o 已成功抓取全部所需数据。
[2026-04-15 17:25:42] [ERROR] bvid=BV1fJXLBuEcQ 抓取失败：meta: 接口返回错误代码：62002，信息：稿件不可见。
{'code': 62002, 'message': '稿件不可见', 'ttl': 1}
[2026-04-15 17:25:45] [SUCCESS] bvid=BV1fKDSBFE4Y 已成功抓取全部所需数据。
[2026-04-15 17:25:55] [SUCCESS] bvid=BV1fKDSBFEXK 已成功抓取全部所需数据。
[2026-04-15 17:25:59] [SUCCESS] bvid=BV1fKQcBZEFr 已成功抓取全部所需数据。
[2026-04-15 17:25:59] [WARN] 当前子任务已结束，但仍有未成功抓取的视频，已导出 remaining CSV 供继续执行。
[2026-04-15 17:25:59] [INFO] 已导出剔除成功条目后的剩余 CSV：outputs\video_data\manual_crawls\manual_crawl_meta_mode_A_20260415_134201\remaining_bvids_part_24.csv
[2026-04-15 17:25:59] 子任务结束时间：2026-04-15T17:25:59.157495
[TIMESTAMP][END] 2026-04-15T17:25:59
