[TIMESTAMP][BEGIN] 2026-04-15T16:48:37
[2026-04-15 16:48:39] 开始执行 CSV 批量抓取子任务 part_20。
[2026-04-15 16:48:39] 子任务开始时间：2026-04-15T16:48:37.060689
[2026-04-15 16:48:39] 输入文件：batch_input_20.csv
[2026-04-15 16:48:39] 输入唯一 bvid 数量：100
[2026-04-15 16:48:39] 为严格按 CSV 顺序判断连续失败阈值，本次任务自动将并发度从 2 调整为 1。
[2026-04-15 16:48:39] [ERROR] bvid=BV1X4XmB9EZT 抓取失败：meta: 接口返回错误代码：62002，信息：稿件不可见。
{'code': 62002, 'message': '稿件不可见', 'ttl': 1}
[2026-04-15 16:48:42] [SUCCESS] bvid=BV1X6DDBRETR 已成功抓取全部所需数据。
[2026-04-15 16:48:45] [SUCCESS] bvid=BV1X6QwBsED3 已成功抓取全部所需数据。
[2026-04-15 16:48:45] [ERROR] bvid=BV1X7XTBBEXa 抓取失败：meta: 接口返回错误代码：62012，信息：62012。
{'code': 62012, 'message': '62012', 'ttl': 1}
[2026-04-15 16:48:55] [SUCCESS] bvid=BV1X8DyBMEJE 已成功抓取全部所需数据。
[2026-04-15 16:48:58] [SUCCESS] bvid=BV1X9DmBEECP 已成功抓取全部所需数据。
[2026-04-15 16:49:07] [SUCCESS] bvid=BV1XADXBZEi1 已成功抓取全部所需数据。
[2026-04-15 16:49:10] [SUCCESS] bvid=BV1XAQ4BdEDB 已成功抓取全部所需数据。
[2026-04-15 16:49:19] [SUCCESS] bvid=BV1XDDpB5EWC 已成功抓取全部所需数据。
[2026-04-15 16:49:28] [SUCCESS] bvid=BV1XHQABxEAP 已成功抓取全部所需数据。
[2026-04-15 16:49:37] [SUCCESS] bvid=BV1XHQABxEL6 已成功抓取全部所需数据。
[2026-04-15 16:49:41] [SUCCESS] bvid=BV1XKQbBaEew 已成功抓取全部所需数据。
[2026-04-15 16:49:44] [SUCCESS] bvid=BV1XMQMB6ERB 已成功抓取全部所需数据。
[2026-04-15 16:49:54] [SUCCESS] bvid=BV1XMQbBcEUS 已成功抓取全部所需数据。
[2026-04-15 16:50:03] [SUCCESS] bvid=BV1XNDFB2EWa 已成功抓取全部所需数据。
[2026-04-15 16:50:06] [SUCCESS] bvid=BV1XNQbBAEZY 已成功抓取全部所需数据。
[2026-04-15 16:50:09] [SUCCESS] bvid=BV1XNQbBAEbU 已成功抓取全部所需数据。
[2026-04-15 16:50:12] [SUCCESS] bvid=BV1XNQbBAEtr 已成功抓取全部所需数据。
[2026-04-15 16:50:22] [SUCCESS] bvid=BV1XQQMB3ETU 已成功抓取全部所需数据。
[2026-04-15 16:50:26] [SUCCESS] bvid=BV1XSQbBAEXp 已成功抓取全部所需数据。
[2026-04-15 16:50:29] [SUCCESS] bvid=BV1XSQbBAEwD 已成功抓取全部所需数据。
[2026-04-15 16:50:32] [SUCCESS] bvid=BV1XTDCBNEVk 已成功抓取全部所需数据。
[2026-04-15 16:50:36] [SUCCESS] bvid=BV1XUDCBKEMT 已成功抓取全部所需数据。
[2026-04-15 16:50:45] [SUCCESS] bvid=BV1XUDCBKEpN 已成功抓取全部所需数据。
[2026-04-15 16:50:49] [SUCCESS] bvid=BV1XUQKBvECS 已成功抓取全部所需数据。
[2026-04-15 16:50:52] [SUCCESS] bvid=BV1XZDSBWEmr 已成功抓取全部所需数据。
[2026-04-15 16:50:56] [SUCCESS] bvid=BV1XcDDBHEce 已成功抓取全部所需数据。
[2026-04-15 16:50:59] [SUCCESS] bvid=BV1XcQPBfE3G 已成功抓取全部所需数据。
[2026-04-15 16:51:02] [SUCCESS] bvid=BV1XcQsBJExN 已成功抓取全部所需数据。
[2026-04-15 16:51:06] [SUCCESS] bvid=BV1XdDSBREs9 已成功抓取全部所需数据。
[2026-04-15 16:51:09] [SUCCESS] bvid=BV1XdQYByEPd 已成功抓取全部所需数据。
[2026-04-15 16:51:09] [ERROR] bvid=BV1XgXNBvER4 抓取失败：meta: 接口返回错误代码：62002，信息：稿件不可见。
{'code': 62002, 'message': '稿件不可见', 'ttl': 1}
[2026-04-15 16:51:12] [SUCCESS] bvid=BV1XnDQBtEHw 已成功抓取全部所需数据。
[2026-04-15 16:51:15] [SUCCESS] bvid=BV1XnQvBjEHD 已成功抓取全部所需数据。
[2026-04-15 16:51:18] [SUCCESS] bvid=BV1XoQgB1Eh5 已成功抓取全部所需数据。
[2026-04-15 16:51:22] [SUCCESS] bvid=BV1XpDkBNEqf 已成功抓取全部所需数据。
[2026-04-15 16:51:25] [SUCCESS] bvid=BV1XpQABdEba 已成功抓取全部所需数据。
[2026-04-15 16:51:28] [SUCCESS] bvid=BV1XqDDBoEdM 已成功抓取全部所需数据。
[2026-04-15 16:51:31] [SUCCESS] bvid=BV1XqDDBoEdy 已成功抓取全部所需数据。
[2026-04-15 16:51:35] [SUCCESS] bvid=BV1XtDyBzEzD 已成功抓取全部所需数据。
[2026-04-15 16:51:45] [SUCCESS] bvid=BV1XwDEBhEHs 已成功抓取全部所需数据。
[2026-04-15 16:51:48] [SUCCESS] bvid=BV1XwDXBbETh 已成功抓取全部所需数据。
[2026-04-15 16:51:51] [SUCCESS] bvid=BV1XwDXBbEUn 已成功抓取全部所需数据。
[2026-04-15 16:52:00] [SUCCESS] bvid=BV1XwQ4B4EHz 已成功抓取全部所需数据。
[2026-04-15 16:52:03] [SUCCESS] bvid=BV1XwQ4B4Ems 已成功抓取全部所需数据。
[2026-04-15 16:52:06] [SUCCESS] bvid=BV1XzDDBxEQp 已成功抓取全部所需数据。
[2026-04-15 16:52:10] [SUCCESS] bvid=BV1XzQsBWEqx 已成功抓取全部所需数据。
[2026-04-15 16:52:14] [SUCCESS] bvid=BV1Y1DXBFEu1 已成功抓取全部所需数据。
[2026-04-15 16:52:17] [SUCCESS] bvid=BV1Y2DRBTEhD 已成功抓取全部所需数据。
[2026-04-15 16:52:20] [SUCCESS] bvid=BV1Y4DyB3Evj 已成功抓取全部所需数据。
[2026-04-15 16:52:23] [SUCCESS] bvid=BV1Y4DyBgExC 已成功抓取全部所需数据。
[2026-04-15 16:52:26] [SUCCESS] bvid=BV1Y4QtBFEet 已成功抓取全部所需数据。
[2026-04-15 16:52:29] [SUCCESS] bvid=BV1Y5DSB9E2g 已成功抓取全部所需数据。
[2026-04-15 16:52:32] [SUCCESS] bvid=BV1Y5DSB9EU5 已成功抓取全部所需数据。
[2026-04-15 16:52:35] [SUCCESS] bvid=BV1Y5DSB9EXf 已成功抓取全部所需数据。
[2026-04-15 16:52:45] [SUCCESS] bvid=BV1Y6QwBsEb8 已成功抓取全部所需数据。
[2026-04-15 16:52:48] [SUCCESS] bvid=BV1Y6QwBsErp 已成功抓取全部所需数据。
[2026-04-15 16:52:48] [ERROR] bvid=BV1Y8DZB1EsP 抓取失败：meta: 接口返回错误代码：62002，信息：稿件不可见。
{'code': 62002, 'message': '稿件不可见', 'ttl': 1}
[2026-04-15 16:52:51] [SUCCESS] bvid=BV1Y9D4BZEBi 已成功抓取全部所需数据。
[2026-04-15 16:52:55] [SUCCESS] bvid=BV1YAQPBtEKY 已成功抓取全部所需数据。
[2026-04-15 16:52:59] [SUCCESS] bvid=BV1YAQPBtELc 已成功抓取全部所需数据。
[2026-04-15 16:53:03] [SUCCESS] bvid=BV1YAQPBtEja 已成功抓取全部所需数据。
[2026-04-15 16:53:06] [SUCCESS] bvid=BV1YBQwBdEA1 已成功抓取全部所需数据。
[2026-04-15 16:53:10] [SUCCESS] bvid=BV1YBQwBdEQj 已成功抓取全部所需数据。
[2026-04-15 16:53:13] [SUCCESS] bvid=BV1YBQwBdETE 已成功抓取全部所需数据。
[2026-04-15 16:53:16] [SUCCESS] bvid=BV1YCQ4BbEY4 已成功抓取全部所需数据。
[2026-04-15 16:53:20] [SUCCESS] bvid=BV1YEQxBoEhK 已成功抓取全部所需数据。
[2026-04-15 16:53:23] [SUCCESS] bvid=BV1YFDrBwEpT 已成功抓取全部所需数据。
[2026-04-15 16:53:27] [SUCCESS] bvid=BV1YFQPB8Ee2 已成功抓取全部所需数据。
[2026-04-15 16:53:27] [ERROR] bvid=BV1YGXNBNEKM 抓取失败：meta: 接口返回错误代码：62002，信息：稿件不可见。
{'code': 62002, 'message': '稿件不可见', 'ttl': 1}
[2026-04-15 16:53:31] [SUCCESS] bvid=BV1YHQxBRESp 已成功抓取全部所需数据。
[2026-04-15 16:53:35] [SUCCESS] bvid=BV1YMQMB6EC6 已成功抓取全部所需数据。
[2026-04-15 16:53:44] [SUCCESS] bvid=BV1YMQMB6EPL 已成功抓取全部所需数据。
[2026-04-15 16:53:48] [SUCCESS] bvid=BV1YMQMB6Ex5 已成功抓取全部所需数据。
[2026-04-15 16:53:51] [SUCCESS] bvid=BV1YMQbBwEEL 已成功抓取全部所需数据。
[2026-04-15 16:54:01] [SUCCESS] bvid=BV1YNDFB2EgC 已成功抓取全部所需数据。
[2026-04-15 16:54:01] [ERROR] bvid=BV1YPX2BDEsG 抓取失败：meta: 接口返回错误代码：-404，信息：啥都木有。
{'code': -404, 'message': '啥都木有', 'ttl': 1}
[2026-04-15 16:54:10] [SUCCESS] bvid=BV1YQDsBHEEp 已成功抓取全部所需数据。
[2026-04-15 16:54:14] [SUCCESS] bvid=BV1YQQMB3EaD 已成功抓取全部所需数据。
[2026-04-15 16:54:17] [SUCCESS] bvid=BV1YRDfB7EG4 已成功抓取全部所需数据。
[2026-04-15 16:54:26] [SUCCESS] bvid=BV1YRDfB7EdZ 已成功抓取全部所需数据。
[2026-04-15 16:54:29] [SUCCESS] bvid=BV1YRDfB7Eyq 已成功抓取全部所需数据。
[2026-04-15 16:54:32] [SUCCESS] bvid=BV1YRQYBLE2d 已成功抓取全部所需数据。
[2026-04-15 16:54:35] [SUCCESS] bvid=BV1YSQbBAEUD 已成功抓取全部所需数据。
[2026-04-15 16:54:35] [ERROR] bvid=BV1YSXUBZE9V 抓取失败：meta: 接口返回错误代码：62012，信息：62012。
{'code': 62012, 'message': '62012', 'ttl': 1}
[2026-04-15 16:54:39] [SUCCESS] bvid=BV1YTDCBNE4D 已成功抓取全部所需数据。
[2026-04-15 16:54:42] [SUCCESS] bvid=BV1YTDCBNE7v 已成功抓取全部所需数据。
[2026-04-15 16:54:46] [SUCCESS] bvid=BV1YUDpB1EBL 已成功抓取全部所需数据。
[2026-04-15 16:54:55] [SUCCESS] bvid=BV1YWDkBeE9H 已成功抓取全部所需数据。
[2026-04-15 16:55:04] [SUCCESS] bvid=BV1YWQxBWE5g 已成功抓取全部所需数据。
[2026-04-15 16:55:13] [SUCCESS] bvid=BV1YXDfBUEPC 已成功抓取全部所需数据。
[2026-04-15 16:55:17] [SUCCESS] bvid=BV1YZDBBREbs 已成功抓取全部所需数据。
[2026-04-15 16:55:20] [SUCCESS] bvid=BV1YbD2B2E18 已成功抓取全部所需数据。
[2026-04-15 16:55:23] [SUCCESS] bvid=BV1YcQPBfE2K 已成功抓取全部所需数据。
[2026-04-15 16:55:27] [SUCCESS] bvid=BV1YeD2BVEcJ 已成功抓取全部所需数据。
[2026-04-15 16:55:36] [SUCCESS] bvid=BV1YfQcBpEiZ 已成功抓取全部所需数据。
[2026-04-15 16:55:39] [SUCCESS] bvid=BV1YfQcBpEoh 已成功抓取全部所需数据。
[2026-04-15 16:55:42] [SUCCESS] bvid=BV1YfQvBnEQ4 已成功抓取全部所需数据。
[2026-04-15 16:55:45] [SUCCESS] bvid=BV1YiQeB7EyT 已成功抓取全部所需数据。
[2026-04-15 16:55:48] [SUCCESS] bvid=BV1YiQpBmEZ8 已成功抓取全部所需数据。
[2026-04-15 16:55:48] [WARN] 当前子任务已结束，但仍有未成功抓取的视频，已导出 remaining CSV 供继续执行。
[2026-04-15 16:55:48] [INFO] 已导出剔除成功条目后的剩余 CSV：outputs\video_data\manual_crawls\manual_crawl_meta_mode_A_20260415_134201\remaining_bvids_part_20.csv
[2026-04-15 16:55:48] 子任务结束时间：2026-04-15T16:55:48.896216
[TIMESTAMP][END] 2026-04-15T16:55:48
