[TIMESTAMP][BEGIN] 2026-04-15T17:06:25
[2026-04-15 17:06:33] 开始执行 CSV 批量抓取子任务 part_22。
[2026-04-15 17:06:33] 子任务开始时间：2026-04-15T17:06:25.096276
[2026-04-15 17:06:33] 输入文件：batch_input_22.csv
[2026-04-15 17:06:33] 输入唯一 bvid 数量：100
[2026-04-15 17:06:33] 为严格按 CSV 顺序判断连续失败阈值，本次任务自动将并发度从 2 调整为 1。
[2026-04-15 17:06:34] [ERROR] bvid=BV1aZXTB3EHJ 抓取失败：meta: 接口返回错误代码：62002，信息：稿件不可见。
{'code': 62002, 'message': '稿件不可见', 'ttl': 1}
[2026-04-15 17:06:37] [SUCCESS] bvid=BV1acQPBfEEW 已成功抓取全部所需数据。
[2026-04-15 17:06:41] [SUCCESS] bvid=BV1adDfB2Eoa 已成功抓取全部所需数据。
[2026-04-15 17:06:51] [SUCCESS] bvid=BV1adDsBUEgC 已成功抓取全部所需数据。
[2026-04-15 17:06:54] [SUCCESS] bvid=BV1adQYByEFd 已成功抓取全部所需数据。
[2026-04-15 17:06:59] [SUCCESS] bvid=BV1afQcBpEJp 已成功抓取全部所需数据。
[2026-04-15 17:07:08] [SUCCESS] bvid=BV1agQMBuE48 已成功抓取全部所需数据。
[2026-04-15 17:07:12] [SUCCESS] bvid=BV1agQMBuE8H 已成功抓取全部所需数据。
[2026-04-15 17:07:15] [SUCCESS] bvid=BV1agQMBuE8X 已成功抓取全部所需数据。
[2026-04-15 17:07:16] [ERROR] bvid=BV1agXUBsEae 抓取失败：meta: 接口返回错误代码：62002，信息：稿件不可见。
{'code': 62002, 'message': '稿件不可见', 'ttl': 1}
[2026-04-15 17:07:26] [SUCCESS] bvid=BV1aiQFBJEio 已成功抓取全部所需数据。
[2026-04-15 17:07:26] [ERROR] bvid=BV1ajXjBcEKQ 抓取失败：meta: 接口返回错误代码：62002，信息：稿件不可见。
{'code': 62002, 'message': '稿件不可见', 'ttl': 1}
[2026-04-15 17:07:27] [ERROR] bvid=BV1ajXjBcEbF 抓取失败：meta: 接口返回错误代码：62002，信息：稿件不可见。
{'code': 62002, 'message': '稿件不可见', 'ttl': 1}
[2026-04-15 17:07:31] [SUCCESS] bvid=BV1akQsBHEAB 已成功抓取全部所需数据。
[2026-04-15 17:07:34] [SUCCESS] bvid=BV1anDQBtEUQ 已成功抓取全部所需数据。
[2026-04-15 17:07:38] [SUCCESS] bvid=BV1anQxBxE19 已成功抓取全部所需数据。
[2026-04-15 17:07:48] [SUCCESS] bvid=BV1apDkBNEv3 已成功抓取全部所需数据。
[2026-04-15 17:07:52] [SUCCESS] bvid=BV1atD9BhENK 已成功抓取全部所需数据。
[2026-04-15 17:07:56] [SUCCESS] bvid=BV1atDyBzEtE 已成功抓取全部所需数据。
[2026-04-15 17:07:57] [ERROR] bvid=BV1avXbBiErn 抓取失败：meta: 接口返回错误代码：62002，信息：稿件不可见。
{'code': 62002, 'message': '稿件不可见', 'ttl': 1}
[2026-04-15 17:07:57] [ERROR] bvid=BV1awXgBjEGf 抓取失败：meta: 接口返回错误代码：62002，信息：稿件不可见。
{'code': 62002, 'message': '稿件不可见', 'ttl': 1}
[2026-04-15 17:08:07] [SUCCESS] bvid=BV1axDkBAEfs 已成功抓取全部所需数据。
[2026-04-15 17:08:07] [ERROR] bvid=BV1axX1BmEhS 抓取失败：meta: 接口返回错误代码：-404，信息：啥都木有。
{'code': -404, 'message': '啥都木有', 'ttl': 1}
[2026-04-15 17:08:08] [ERROR] bvid=BV1ayQ4BZEVU 抓取失败：meta: 接口返回错误代码：62002，信息：稿件不可见。
{'code': 62002, 'message': '稿件不可见', 'ttl': 1}
[2026-04-15 17:08:18] [SUCCESS] bvid=BV1azDDBxEdp 已成功抓取全部所需数据。
[2026-04-15 17:08:19] [ERROR] bvid=BV1b1XKBhEJk 抓取失败：meta: 接口返回错误代码：-404，信息：啥都木有。
{'code': -404, 'message': '啥都木有', 'ttl': 1}
[2026-04-15 17:08:22] [SUCCESS] bvid=BV1b2DDBDEqu 已成功抓取全部所需数据。
[2026-04-15 17:08:27] [SUCCESS] bvid=BV1b2QFBkEuD 已成功抓取全部所需数据。
[2026-04-15 17:08:37] [SUCCESS] bvid=BV1b4DSB1EMd 已成功抓取全部所需数据。
[2026-04-15 17:08:41] [SUCCESS] bvid=BV1b5QKBZE4P 已成功抓取全部所需数据。
[2026-04-15 17:08:50] [SUCCESS] bvid=BV1b8DkB8EcN 已成功抓取全部所需数据。
[2026-04-15 17:08:54] [SUCCESS] bvid=BV1b9Q4BQEpL 已成功抓取全部所需数据。
[2026-04-15 17:08:57] [SUCCESS] bvid=BV1bADtBQEBX 已成功抓取全部所需数据。
[2026-04-15 17:09:07] [SUCCESS] bvid=BV1bBD2B6Eb3 已成功抓取全部所需数据。
[2026-04-15 17:09:10] [SUCCESS] bvid=BV1bBDWBGE13 已成功抓取全部所需数据。
[2026-04-15 17:09:15] [SUCCESS] bvid=BV1bDDEBZEbw 已成功抓取全部所需数据。
[2026-04-15 17:09:19] [SUCCESS] bvid=BV1bDDXBdEiM 已成功抓取全部所需数据。
[2026-04-15 17:09:23] [SUCCESS] bvid=BV1bDDXBdEpe 已成功抓取全部所需数据。
[2026-04-15 17:09:27] [SUCCESS] bvid=BV1bED1BvE3j 已成功抓取全部所需数据。
[2026-04-15 17:09:31] [SUCCESS] bvid=BV1bFDZBKEDQ 已成功抓取全部所需数据。
[2026-04-15 17:09:35] [SUCCESS] bvid=BV1bGQPBHEML 已成功抓取全部所需数据。
[2026-04-15 17:09:35] [ERROR] bvid=BV1bHXjBoEhd 抓取失败：meta: 接口返回错误代码：62002，信息：稿件不可见。
{'code': 62002, 'message': '稿件不可见', 'ttl': 1}
[2026-04-15 17:09:39] [SUCCESS] bvid=BV1bJQMBAEK2 已成功抓取全部所需数据。
[2026-04-15 17:09:43] [SUCCESS] bvid=BV1bKQwBmE6F 已成功抓取全部所需数据。
[2026-04-15 17:09:47] [SUCCESS] bvid=BV1bKQwBmEGz 已成功抓取全部所需数据。
[2026-04-15 17:09:51] [SUCCESS] bvid=BV1bMQwBjE3A 已成功抓取全部所需数据。
[2026-04-15 17:09:55] [SUCCESS] bvid=BV1bNQeBBEdL 已成功抓取全部所需数据。
[2026-04-15 17:09:58] [SUCCESS] bvid=BV1bNQeBBEqF 已成功抓取全部所需数据。
[2026-04-15 17:10:08] [SUCCESS] bvid=BV1bNQwBEEiG 已成功抓取全部所需数据。
[2026-04-15 17:10:12] [SUCCESS] bvid=BV1bPDDBnEm4 已成功抓取全部所需数据。
[2026-04-15 17:10:15] [SUCCESS] bvid=BV1bPQFB3E6g 已成功抓取全部所需数据。
[2026-04-15 17:10:19] [SUCCESS] bvid=BV1bPQFB3E6p 已成功抓取全部所需数据。
[2026-04-15 17:10:30] [SUCCESS] bvid=BV1bPQeBuEtQ 已成功抓取全部所需数据。
[2026-04-15 17:10:34] [SUCCESS] bvid=BV1bRQbBfELd 已成功抓取全部所需数据。
[2026-04-15 17:10:38] [SUCCESS] bvid=BV1bSDXB4Ee7 已成功抓取全部所需数据。
[2026-04-15 17:10:48] [SUCCESS] bvid=BV1bSDXB4EjT 已成功抓取全部所需数据。
[2026-04-15 17:10:52] [SUCCESS] bvid=BV1bSQsB2EnL 已成功抓取全部所需数据。
[2026-04-15 17:10:56] [SUCCESS] bvid=BV1bUDDBJEsP 已成功抓取全部所需数据。
[2026-04-15 17:11:00] [SUCCESS] bvid=BV1bXDRBAED6 已成功抓取全部所需数据。
[2026-04-15 17:11:04] [SUCCESS] bvid=BV1bXDRBAERf 已成功抓取全部所需数据。
[2026-04-15 17:11:08] [SUCCESS] bvid=BV1bXDXBsEAb 已成功抓取全部所需数据。
[2026-04-15 17:11:11] [SUCCESS] bvid=BV1bXDXBxEha 已成功抓取全部所需数据。
[2026-04-15 17:11:15] [SUCCESS] bvid=BV1baD9BZE9T 已成功抓取全部所需数据。
[2026-04-15 17:11:19] [SUCCESS] bvid=BV1baD9BZEdg 已成功抓取全部所需数据。
[2026-04-15 17:11:22] [SUCCESS] bvid=BV1bcDxBLE9Q 已成功抓取全部所需数据。
[2026-04-15 17:11:26] [SUCCESS] bvid=BV1bcDxBLEKn 已成功抓取全部所需数据。
[2026-04-15 17:11:35] [SUCCESS] bvid=BV1bcQFBVEvM 已成功抓取全部所需数据。
[2026-04-15 17:11:47] [SUCCESS] bvid=BV1bdDCBaEhK 已成功抓取全部所需数据。
[2026-04-15 17:11:50] [SUCCESS] bvid=BV1bdQMBBE9p 已成功抓取全部所需数据。
[2026-04-15 17:11:55] [SUCCESS] bvid=BV1beDkBoEFS 已成功抓取全部所需数据。
[2026-04-15 17:11:59] [SUCCESS] bvid=BV1bgQPBXEST 已成功抓取全部所需数据。
[2026-04-15 17:12:03] [SUCCESS] bvid=BV1bgQPBXEtk 已成功抓取全部所需数据。
[2026-04-15 17:12:06] [SUCCESS] bvid=BV1bhDkBfEFq 已成功抓取全部所需数据。
[2026-04-15 17:12:10] [SUCCESS] bvid=BV1bhDkBfEgR 已成功抓取全部所需数据。
[2026-04-15 17:12:14] [SUCCESS] bvid=BV1bhDkBfEnK 已成功抓取全部所需数据。
[2026-04-15 17:12:18] [SUCCESS] bvid=BV1biDyBPEqx 已成功抓取全部所需数据。
[2026-04-15 17:12:22] [SUCCESS] bvid=BV1bjQKB4E5o 已成功抓取全部所需数据。
[2026-04-15 17:12:22] [ERROR] bvid=BV1bjXUBnE14 抓取失败：meta: 接口返回错误代码：62002，信息：稿件不可见。
{'code': 62002, 'message': '稿件不可见', 'ttl': 1}
[2026-04-15 17:12:23] [ERROR] bvid=BV1bjXUBnEYP 抓取失败：meta: 接口返回错误代码：62002，信息：稿件不可见。
{'code': 62002, 'message': '稿件不可见', 'ttl': 1}
[2026-04-15 17:12:23] [ERROR] bvid=BV1bjXUBnEbX 抓取失败：meta: 接口返回错误代码：62002，信息：稿件不可见。
{'code': 62002, 'message': '稿件不可见', 'ttl': 1}
[2026-04-15 17:12:33] [SUCCESS] bvid=BV1bkDUB1Efi 已成功抓取全部所需数据。
[2026-04-15 17:12:37] [SUCCESS] bvid=BV1bkQFBLEX8 已成功抓取全部所需数据。
[2026-04-15 17:12:41] [SUCCESS] bvid=BV1bnQgBgES4 已成功抓取全部所需数据。
[2026-04-15 17:12:44] [SUCCESS] bvid=BV1bpDmB6EJn 已成功抓取全部所需数据。
[2026-04-15 17:12:45] [ERROR] bvid=BV1brXbBaEqN 抓取失败：meta: 接口返回错误代码：62002，信息：稿件不可见。
{'code': 62002, 'message': '稿件不可见', 'ttl': 1}
[2026-04-15 17:12:45] [ERROR] bvid=BV1bvXVBHE34 抓取失败：meta: 接口返回错误代码：62002，信息：稿件不可见。
{'code': 62002, 'message': '稿件不可见', 'ttl': 1}
[2026-04-15 17:12:57] [SUCCESS] bvid=BV1bwDxByEeE 已成功抓取全部所需数据。
[2026-04-15 17:13:01] [SUCCESS] bvid=BV1byQwBQE6E 已成功抓取全部所需数据。
[2026-04-15 17:13:04] [SUCCESS] bvid=BV1bzDWBrEq4 已成功抓取全部所需数据。
[2026-04-15 17:13:08] [SUCCESS] bvid=BV1bzDWBrEvV 已成功抓取全部所需数据。
[2026-04-15 17:13:12] [SUCCESS] bvid=BV1bzDZBzEX6 已成功抓取全部所需数据。
[2026-04-15 17:13:16] [SUCCESS] bvid=BV1c2DQB6EKF 已成功抓取全部所需数据。
[2026-04-15 17:13:20] [SUCCESS] bvid=BV1c2DkBSEUr 已成功抓取全部所需数据。
[2026-04-15 17:13:24] [SUCCESS] bvid=BV1c2QxBBESs 已成功抓取全部所需数据。
[2026-04-15 17:13:28] [SUCCESS] bvid=BV1c4DCBHES4 已成功抓取全部所需数据。
[2026-04-15 17:13:31] [SUCCESS] bvid=BV1c4DCBHEZW 已成功抓取全部所需数据。
[2026-04-15 17:13:35] [SUCCESS] bvid=BV1c5QuBxEYa 已成功抓取全部所需数据。
[2026-04-15 17:13:36] [ERROR] bvid=BV1c5XSBrEyP 抓取失败：meta: 接口返回错误代码：62012，信息：62012。
{'code': 62012, 'message': '62012', 'ttl': 1}
[2026-04-15 17:13:39] [SUCCESS] bvid=BV1c6DfBZEcD 已成功抓取全部所需数据。
[2026-04-15 17:13:43] [SUCCESS] bvid=BV1c7QuBWEK3 已成功抓取全部所需数据。
[2026-04-15 17:13:43] [WARN] 当前子任务已结束，但仍有未成功抓取的视频，已导出 remaining CSV 供继续执行。
[2026-04-15 17:13:43] [INFO] 已导出剔除成功条目后的剩余 CSV：outputs\video_data\manual_crawls\manual_crawl_meta_mode_A_20260415_134201\remaining_bvids_part_22.csv
[2026-04-15 17:13:43] 子任务结束时间：2026-04-15T17:13:43.829699
[TIMESTAMP][END] 2026-04-15T17:13:43
