[TIMESTAMP][BEGIN] 2026-04-15T13:42:01
[2026-04-15 13:42:03] 开始执行 CSV 批量抓取子任务 part_1。
[2026-04-15 13:42:03] 子任务开始时间：2026-04-15T13:42:01.218796
[2026-04-15 13:42:03] 输入文件：batch_input_1.csv
[2026-04-15 13:42:03] 输入唯一 bvid 数量：100
[2026-04-15 13:42:03] 为严格按 CSV 顺序判断连续失败阈值，本次任务自动将并发度从 2 调整为 1。
[2026-04-15 13:42:14] [SUCCESS] bvid=BV111DWBqEVq 已成功抓取全部所需数据。
[2026-04-15 13:42:17] [SUCCESS] bvid=BV113QFBiEMq 已成功抓取全部所需数据。
[2026-04-15 13:42:18] [ERROR] bvid=BV113QeBeEAe 抓取失败：meta: 接口返回错误代码：62002，信息：稿件不可见。
{'code': 62002, 'message': '稿件不可见', 'ttl': 1}
[2026-04-15 13:42:21] [SUCCESS] bvid=BV114QMBtE53 已成功抓取全部所需数据。
[2026-04-15 13:42:24] [SUCCESS] bvid=BV115DDBkEvD 已成功抓取全部所需数据。
[2026-04-15 13:42:27] [SUCCESS] bvid=BV117QiBMETo 已成功抓取全部所需数据。
[2026-04-15 13:42:30] [SUCCESS] bvid=BV118QgBPERE 已成功抓取全部所需数据。
[2026-04-15 13:42:35] [SUCCESS] bvid=BV11ADdBxErL 已成功抓取全部所需数据。
[2026-04-15 13:42:38] [SUCCESS] bvid=BV11ADyBdELh 已成功抓取全部所需数据。
[2026-04-15 13:42:38] [ERROR] bvid=BV11DXbBxENF 抓取失败：meta: 接口返回错误代码：62002，信息：稿件不可见。
{'code': 62002, 'message': '稿件不可见', 'ttl': 1}
[2026-04-15 13:42:42] [SUCCESS] bvid=BV11EQ4B1EAd 已成功抓取全部所需数据。
[2026-04-15 13:42:45] [SUCCESS] bvid=BV11EQ4B1ED7 已成功抓取全部所需数据。
[2026-04-15 13:42:48] [SUCCESS] bvid=BV11EQ4B1EDS 已成功抓取全部所需数据。
[2026-04-15 13:42:51] [SUCCESS] bvid=BV11EQ4B1EaU 已成功抓取全部所需数据。
[2026-04-15 13:42:54] [SUCCESS] bvid=BV11EQ4B1EaV 已成功抓取全部所需数据。
[2026-04-15 13:42:57] [SUCCESS] bvid=BV11EQ4B2E1z 已成功抓取全部所需数据。
[2026-04-15 13:43:00] [SUCCESS] bvid=BV11JQKBsEYh 已成功抓取全部所需数据。
[2026-04-15 13:43:03] [SUCCESS] bvid=BV11JQbBXEkG 已成功抓取全部所需数据。
[2026-04-15 13:43:07] [SUCCESS] bvid=BV11KDZBwEVj 已成功抓取全部所需数据。
[2026-04-15 13:43:10] [SUCCESS] bvid=BV11KQ8BHEsn 已成功抓取全部所需数据。
[2026-04-15 13:43:13] [SUCCESS] bvid=BV11LDXBSEKD 已成功抓取全部所需数据。
[2026-04-15 13:43:16] [SUCCESS] bvid=BV11LQiBzEsP 已成功抓取全部所需数据。
[2026-04-15 13:43:20] [SUCCESS] bvid=BV11MQaBZEbi 已成功抓取全部所需数据。
[2026-04-15 13:43:30] [SUCCESS] bvid=BV11ND2BAEgX 已成功抓取全部所需数据。
[2026-04-15 13:43:30] [ERROR] bvid=BV11PXPBDEgb 抓取失败：meta: 接口返回错误代码：62002，信息：稿件不可见。
{'code': 62002, 'message': '稿件不可见', 'ttl': 1}
[2026-04-15 13:43:34] [SUCCESS] bvid=BV11PXfBuEjJ 已成功抓取全部所需数据。
[2026-04-15 13:43:37] [SUCCESS] bvid=BV11QDUBzEMD 已成功抓取全部所需数据。
[2026-04-15 13:43:41] [SUCCESS] bvid=BV11RDjB7Esw 已成功抓取全部所需数据。
[2026-04-15 13:43:44] [SUCCESS] bvid=BV11RQsBVE1T 已成功抓取全部所需数据。
[2026-04-15 13:43:47] [SUCCESS] bvid=BV11RQsBVEBg 已成功抓取全部所需数据。
[2026-04-15 13:43:51] [SUCCESS] bvid=BV11RQsBVEcZ 已成功抓取全部所需数据。
[2026-04-15 13:43:54] [SUCCESS] bvid=BV11TQFBuEzP 已成功抓取全部所需数据。
[2026-04-15 13:43:55] [ERROR] bvid=BV11VDjBLEto 抓取失败：meta: 接口返回错误代码：62002，信息：稿件不可见。
{'code': 62002, 'message': '稿件不可见', 'ttl': 1}
[2026-04-15 13:43:58] [SUCCESS] bvid=BV11VQsB3Eqo 已成功抓取全部所需数据。
[2026-04-15 13:44:01] [SUCCESS] bvid=BV11WQKBQEFz 已成功抓取全部所需数据。
[2026-04-15 13:44:04] [SUCCESS] bvid=BV11WQhBZEB9 已成功抓取全部所需数据。
[2026-04-15 13:44:08] [SUCCESS] bvid=BV11YQcBgEZv 已成功抓取全部所需数据。
[2026-04-15 13:44:11] [SUCCESS] bvid=BV11YQvBMEaE 已成功抓取全部所需数据。
[2026-04-15 13:44:14] [SUCCESS] bvid=BV11ZDrBHECd 已成功抓取全部所需数据。
[2026-04-15 13:44:24] [SUCCESS] bvid=BV11ZQsB3EGk 已成功抓取全部所需数据。
[2026-04-15 13:44:27] [SUCCESS] bvid=BV11aDSBGEkp 已成功抓取全部所需数据。
[2026-04-15 13:44:30] [SUCCESS] bvid=BV11bQYBAEZ2 已成功抓取全部所需数据。
[2026-04-15 13:44:33] [SUCCESS] bvid=BV11bQYBAEkt 已成功抓取全部所需数据。
[2026-04-15 13:44:37] [SUCCESS] bvid=BV11bQYBAEsJ 已成功抓取全部所需数据。
[2026-04-15 13:44:37] [ERROR] bvid=BV11bXNBpEhM 抓取失败：meta: 接口返回错误代码：62002，信息：稿件不可见。
{'code': 62002, 'message': '稿件不可见', 'ttl': 1}
[2026-04-15 13:44:40] [SUCCESS] bvid=BV11cDdBoEJj 已成功抓取全部所需数据。
[2026-04-15 13:44:44] [SUCCESS] bvid=BV11cQ8BREUN 已成功抓取全部所需数据。
[2026-04-15 13:44:47] [SUCCESS] bvid=BV11dQsBkEFy 已成功抓取全部所需数据。
[2026-04-15 13:44:57] [SUCCESS] bvid=BV11eQAB7EyH 已成功抓取全部所需数据。
[2026-04-15 13:45:00] [SUCCESS] bvid=BV11eQcBzE5r 已成功抓取全部所需数据。
[2026-04-15 13:45:03] [SUCCESS] bvid=BV11eQcBzExq 已成功抓取全部所需数据。
[2026-04-15 13:45:07] [SUCCESS] bvid=BV11eQvBqErC 已成功抓取全部所需数据。
[2026-04-15 13:45:11] [SUCCESS] bvid=BV11hQvBzE9z 已成功抓取全部所需数据。
[2026-04-15 13:45:20] [SUCCESS] bvid=BV11pQbBDE9Y 已成功抓取全部所需数据。
[2026-04-15 13:45:20] [ERROR] bvid=BV11pSDBVEUA 抓取失败：meta: 接口返回错误代码：-404，信息：啥都木有。
{'code': -404, 'message': '啥都木有', 'ttl': 1}
[2026-04-15 13:45:23] [SUCCESS] bvid=BV11qD9BsEe7 已成功抓取全部所需数据。
[2026-04-15 13:45:27] [SUCCESS] bvid=BV11tD4B1EyJ 已成功抓取全部所需数据。
[2026-04-15 13:45:30] [SUCCESS] bvid=BV11vQAB2ETC 已成功抓取全部所需数据。
[2026-04-15 13:45:33] [SUCCESS] bvid=BV11wQtBjEgK 已成功抓取全部所需数据。
[2026-04-15 13:45:33] [ERROR] bvid=BV1239NBZEN3 抓取失败：meta: 接口返回错误代码：62002，信息：稿件不可见。
{'code': 62002, 'message': '稿件不可见', 'ttl': 1}
[2026-04-15 13:45:36] [SUCCESS] bvid=BV123DDByEaY 已成功抓取全部所需数据。
[2026-04-15 13:45:40] [SUCCESS] bvid=BV123DDByEqF 已成功抓取全部所需数据。
[2026-04-15 13:45:43] [SUCCESS] bvid=BV123QwB5EFz 已成功抓取全部所需数据。
[2026-04-15 13:45:47] [SUCCESS] bvid=BV124DfBiEe3 已成功抓取全部所需数据。
[2026-04-15 13:45:50] [SUCCESS] bvid=BV124DfBiEtZ 已成功抓取全部所需数据。
[2026-04-15 13:45:54] [SUCCESS] bvid=BV124QYBeEoi 已成功抓取全部所需数据。
[2026-04-15 13:45:57] [SUCCESS] bvid=BV125DXBnEjA 已成功抓取全部所需数据。
[2026-04-15 13:46:00] [SUCCESS] bvid=BV125Q4BEErc 已成功抓取全部所需数据。
[2026-04-15 13:46:04] [SUCCESS] bvid=BV125QiBgEeq 已成功抓取全部所需数据。
[2026-04-15 13:46:15] [SUCCESS] bvid=BV127DXBEEN2 已成功抓取全部所需数据。
[2026-04-15 13:46:18] [SUCCESS] bvid=BV127Q4B7ESK 已成功抓取全部所需数据。
[2026-04-15 13:46:22] [SUCCESS] bvid=BV127Q4BjE2u 已成功抓取全部所需数据。
[2026-04-15 13:46:31] [SUCCESS] bvid=BV127Q4BjEVA 已成功抓取全部所需数据。
[2026-04-15 13:46:34] [SUCCESS] bvid=BV127Q4BjEh8 已成功抓取全部所需数据。
[2026-04-15 13:46:44] [SUCCESS] bvid=BV127Q4BjEpe 已成功抓取全部所需数据。
[2026-04-15 13:46:47] [SUCCESS] bvid=BV128D4B5E7h 已成功抓取全部所需数据。
[2026-04-15 13:46:51] [SUCCESS] bvid=BV128QYBaEFj 已成功抓取全部所需数据。
[2026-04-15 13:46:54] [SUCCESS] bvid=BV128QYBaELk 已成功抓取全部所需数据。
[2026-04-15 13:46:58] [SUCCESS] bvid=BV128QgBPEjR 已成功抓取全部所需数据。
[2026-04-15 13:47:01] [SUCCESS] bvid=BV12CD2BTEQR 已成功抓取全部所需数据。
[2026-04-15 13:47:04] [SUCCESS] bvid=BV12ED1BvERN 已成功抓取全部所需数据。
[2026-04-15 13:47:08] [SUCCESS] bvid=BV12EDCBoE17 已成功抓取全部所需数据。
[2026-04-15 13:47:17] [SUCCESS] bvid=BV12EQ4B1EPM 已成功抓取全部所需数据。
[2026-04-15 13:47:20] [SUCCESS] bvid=BV12EQbBWEvM 已成功抓取全部所需数据。
[2026-04-15 13:47:24] [SUCCESS] bvid=BV12FDyBZEbK 已成功抓取全部所需数据。
[2026-04-15 13:47:26] [SUCCESS] bvid=BV12GDXBQEZt 已成功抓取全部所需数据。
[2026-04-15 13:47:30] [SUCCESS] bvid=BV12HQbBHEKn 已成功抓取全部所需数据。
[2026-04-15 13:47:33] [SUCCESS] bvid=BV12JDRBREjq 已成功抓取全部所需数据。
[2026-04-15 13:47:36] [SUCCESS] bvid=BV12JDpBvEtK 已成功抓取全部所需数据。
[2026-04-15 13:47:46] [SUCCESS] bvid=BV12JQKBsE2U 已成功抓取全部所需数据。
[2026-04-15 13:47:49] [SUCCESS] bvid=BV12KDZBwEsB 已成功抓取全部所需数据。
[2026-04-15 13:47:53] [SUCCESS] bvid=BV12LDXBSEkJ 已成功抓取全部所需数据。
[2026-04-15 13:47:56] [SUCCESS] bvid=BV12LQ4BmEyz 已成功抓取全部所需数据。
[2026-04-15 13:47:59] [SUCCESS] bvid=BV12MQFBBEsb 已成功抓取全部所需数据。
[2026-04-15 13:48:02] [SUCCESS] bvid=BV12MQeBiE58 已成功抓取全部所需数据。
[2026-04-15 13:48:06] [SUCCESS] bvid=BV12PQuBAEhx 已成功抓取全部所需数据。
[2026-04-15 13:48:15] [SUCCESS] bvid=BV12PXPBDE4a 已成功抓取全部所需数据。
[2026-04-15 13:48:18] [SUCCESS] bvid=BV12QQpBqEu3 已成功抓取全部所需数据。
[2026-04-15 13:48:21] [SUCCESS] bvid=BV12QQsBLExN 已成功抓取全部所需数据。
[2026-04-15 13:48:25] [SUCCESS] bvid=BV12RQsBVE8L 已成功抓取全部所需数据。
[2026-04-15 13:48:25] [WARN] 当前子任务已结束，但仍有未成功抓取的视频，已导出 remaining CSV 供继续执行。
[2026-04-15 13:48:25] [INFO] 已导出剔除成功条目后的剩余 CSV：outputs\video_data\manual_crawls\manual_crawl_meta_mode_A_20260415_134201\remaining_bvids_part_1.csv
[2026-04-15 13:48:25] 子任务结束时间：2026-04-15T13:48:25.053849
[TIMESTAMP][END] 2026-04-15T13:48:25
