[TIMESTAMP][BEGIN] 2026-04-15T17:25:59
[2026-04-15 17:26:07] 开始执行 CSV 批量抓取子任务 part_25。
[2026-04-15 17:26:07] 子任务开始时间：2026-04-15T17:25:59.278530
[2026-04-15 17:26:07] 输入文件：batch_input_25.csv
[2026-04-15 17:26:07] 输入唯一 bvid 数量：100
[2026-04-15 17:26:07] 为严格按 CSV 顺序判断连续失败阈值，本次任务自动将并发度从 2 调整为 1。
[2026-04-15 17:26:08] [ERROR] bvid=BV1fLDcBZEJL 抓取失败：meta: 接口返回错误代码：-404，信息：啥都木有。
{'code': -404, 'message': '啥都木有', 'ttl': 1}
[2026-04-15 17:26:12] [SUCCESS] bvid=BV1fLDvBdE1X 已成功抓取全部所需数据。
[2026-04-15 17:26:16] [SUCCESS] bvid=BV1fLQtBqEPY 已成功抓取全部所需数据。
[2026-04-15 17:26:16] [ERROR] bvid=BV1fLXmBwE2h 抓取失败：meta: 接口返回错误代码：62002，信息：稿件不可见。
{'code': 62002, 'message': '稿件不可见', 'ttl': 1}
[2026-04-15 17:26:20] [SUCCESS] bvid=BV1fNQcBbE8R 已成功抓取全部所需数据。
[2026-04-15 17:26:24] [SUCCESS] bvid=BV1fNQcBbEMF 已成功抓取全部所需数据。
[2026-04-15 17:26:28] [SUCCESS] bvid=BV1fNQvB4Eoe 已成功抓取全部所需数据。
[2026-04-15 17:26:33] [SUCCESS] bvid=BV1fPQcBFEQo 已成功抓取全部所需数据。
[2026-04-15 17:26:33] [ERROR] bvid=BV1fPXrBLEin 抓取失败：meta: 接口返回错误代码：62002，信息：稿件不可见。
{'code': 62002, 'message': '稿件不可见', 'ttl': 1}
[2026-04-15 17:26:45] [SUCCESS] bvid=BV1fQQNBCEbX 已成功抓取全部所需数据。
[2026-04-15 17:26:49] [SUCCESS] bvid=BV1fQQxBPEVZ 已成功抓取全部所需数据。
[2026-04-15 17:26:52] [SUCCESS] bvid=BV1fQQxBPEzg 已成功抓取全部所需数据。
[2026-04-15 17:27:02] [SUCCESS] bvid=BV1fSQABTETL 已成功抓取全部所需数据。
[2026-04-15 17:27:06] [SUCCESS] bvid=BV1fSQvB4ENC 已成功抓取全部所需数据。
[2026-04-15 17:27:16] [SUCCESS] bvid=BV1fUDQBMEsX 已成功抓取全部所需数据。
[2026-04-15 17:27:20] [SUCCESS] bvid=BV1fUDQBMEwp 已成功抓取全部所需数据。
[2026-04-15 17:27:23] [SUCCESS] bvid=BV1fWDjBBEqn 已成功抓取全部所需数据。
[2026-04-15 17:27:27] [SUCCESS] bvid=BV1fYQ4BKE9G 已成功抓取全部所需数据。
[2026-04-15 17:27:32] [SUCCESS] bvid=BV1fZDWBtEix 已成功抓取全部所需数据。
[2026-04-15 17:27:42] [SUCCESS] bvid=BV1fZSSB8E28 已成功抓取全部所需数据。
[2026-04-15 17:27:42] [ERROR] bvid=BV1fZXVBvEKK 抓取失败：meta: 接口返回错误代码：62002，信息：稿件不可见。
{'code': 62002, 'message': '稿件不可见', 'ttl': 1}
[2026-04-15 17:27:46] [SUCCESS] bvid=BV1faDRB2ECG 已成功抓取全部所需数据。
[2026-04-15 17:27:57] [SUCCESS] bvid=BV1faDRB2EfG 已成功抓取全部所需数据。
[2026-04-15 17:28:01] [SUCCESS] bvid=BV1fbQPB6E7f 已成功抓取全部所需数据。
[2026-04-15 17:28:05] [SUCCESS] bvid=BV1fbQsBcEfQ 已成功抓取全部所需数据。
[2026-04-15 17:28:08] [SUCCESS] bvid=BV1fcDfBWETH 已成功抓取全部所需数据。
[2026-04-15 17:28:12] [SUCCESS] bvid=BV1ffDWBoEXj 已成功抓取全部所需数据。
[2026-04-15 17:28:16] [SUCCESS] bvid=BV1ffDWBoEZi 已成功抓取全部所需数据。
[2026-04-15 17:28:17] [ERROR] bvid=BV1fgDhBCEdy 抓取失败：meta: 接口返回错误代码：62002，信息：稿件不可见。
{'code': 62002, 'message': '稿件不可见', 'ttl': 1}
[2026-04-15 17:28:26] [SUCCESS] bvid=BV1fgQNBrEr5 已成功抓取全部所需数据。
[2026-04-15 17:28:30] [SUCCESS] bvid=BV1fiDCB5ETR 已成功抓取全部所需数据。
[2026-04-15 17:28:40] [SUCCESS] bvid=BV1fiDCB5Eu3 已成功抓取全部所需数据。
[2026-04-15 17:28:45] [SUCCESS] bvid=BV1fjQTBLEDm 已成功抓取全部所需数据。
[2026-04-15 17:28:49] [SUCCESS] bvid=BV1fjQTBLEef 已成功抓取全部所需数据。
[2026-04-15 17:28:49] [ERROR] bvid=BV1fm9PB5EFK 抓取失败：meta: 接口返回错误代码：62002，信息：稿件不可见。
{'code': 62002, 'message': '稿件不可见', 'ttl': 1}
[2026-04-15 17:28:53] [SUCCESS] bvid=BV1fnQFB8E6j 已成功抓取全部所需数据。
[2026-04-15 17:28:57] [SUCCESS] bvid=BV1fnQuBnE2D 已成功抓取全部所需数据。
[2026-04-15 17:29:00] [SUCCESS] bvid=BV1fnQuBnEWh 已成功抓取全部所需数据。
[2026-04-15 17:29:04] [SUCCESS] bvid=BV1foDyBSEzn 已成功抓取全部所需数据。
[2026-04-15 17:29:14] [SUCCESS] bvid=BV1fqQbB3EHv 已成功抓取全部所需数据。
[2026-04-15 17:29:17] [SUCCESS] bvid=BV1fuD9BCE9n 已成功抓取全部所需数据。
[2026-04-15 17:29:18] [ERROR] bvid=BV1fuX3B8E8u 抓取失败：meta: 接口返回错误代码：62002，信息：稿件不可见。
{'code': 62002, 'message': '稿件不可见', 'ttl': 1}
[2026-04-15 17:29:28] [SUCCESS] bvid=BV1fvDRByEDe 已成功抓取全部所需数据。
[2026-04-15 17:29:32] [SUCCESS] bvid=BV1fxDDBNEeF 已成功抓取全部所需数据。
[2026-04-15 17:29:36] [SUCCESS] bvid=BV1fyDSBAELj 已成功抓取全部所需数据。
[2026-04-15 17:29:40] [SUCCESS] bvid=BV1fyDSBAEuE 已成功抓取全部所需数据。
[2026-04-15 17:29:50] [SUCCESS] bvid=BV1g2QsBSEme 已成功抓取全部所需数据。
[2026-04-15 17:30:00] [SUCCESS] bvid=BV1g3DCBaE8x 已成功抓取全部所需数据。
[2026-04-15 17:30:10] [SUCCESS] bvid=BV1g3DCBaEWw 已成功抓取全部所需数据。
[2026-04-15 17:30:14] [SUCCESS] bvid=BV1g3DCBaEsR 已成功抓取全部所需数据。
[2026-04-15 17:30:19] [SUCCESS] bvid=BV1g4DQBWETu 已成功抓取全部所需数据。
[2026-04-15 17:30:23] [SUCCESS] bvid=BV1g5D1BMEXP 已成功抓取全部所需数据。
[2026-04-15 17:30:27] [SUCCESS] bvid=BV1g5D1BMEof 已成功抓取全部所需数据。
[2026-04-15 17:30:31] [SUCCESS] bvid=BV1g6QFB2ENr 已成功抓取全部所需数据。
[2026-04-15 17:30:41] [SUCCESS] bvid=BV1g7D1BTEcV 已成功抓取全部所需数据。
[2026-04-15 17:30:45] [SUCCESS] bvid=BV1gCDDB9Eoi 已成功抓取全部所需数据。
[2026-04-15 17:30:49] [SUCCESS] bvid=BV1gCQwBpE6J 已成功抓取全部所需数据。
[2026-04-15 17:31:00] [SUCCESS] bvid=BV1gDQKBPE7x 已成功抓取全部所需数据。
[2026-04-15 17:31:04] [SUCCESS] bvid=BV1gDQKBPEm6 已成功抓取全部所需数据。
[2026-04-15 17:31:13] [SUCCESS] bvid=BV1gED4BXEeE 已成功抓取全部所需数据。
[2026-04-15 17:31:17] [SUCCESS] bvid=BV1gEDmBVEjZ 已成功抓取全部所需数据。
[2026-04-15 17:31:21] [SUCCESS] bvid=BV1gEFDzVE5L 已成功抓取全部所需数据。
[2026-04-15 17:31:25] [SUCCESS] bvid=BV1gEFDzVEYT 已成功抓取全部所需数据。
[2026-04-15 17:31:34] [SUCCESS] bvid=BV1gGD1BzErh 已成功抓取全部所需数据。
[2026-04-15 17:31:39] [SUCCESS] bvid=BV1gGDRBhEjc 已成功抓取全部所需数据。
[2026-04-15 17:31:42] [SUCCESS] bvid=BV1gGQbBbEBR 已成功抓取全部所需数据。
[2026-04-15 17:31:52] [SUCCESS] bvid=BV1gGQbBbEDK 已成功抓取全部所需数据。
[2026-04-15 17:31:56] [SUCCESS] bvid=BV1gHQcBUE1z 已成功抓取全部所需数据。
[2026-04-15 17:32:05] [SUCCESS] bvid=BV1gJDmBkEM7 已成功抓取全部所需数据。
[2026-04-15 17:32:09] [SUCCESS] bvid=BV1gKDXBoEkL 已成功抓取全部所需数据。
[2026-04-15 17:32:13] [SUCCESS] bvid=BV1gKQ4BRE56 已成功抓取全部所需数据。
[2026-04-15 17:32:22] [SUCCESS] bvid=BV1gMDCBeE86 已成功抓取全部所需数据。
[2026-04-15 17:32:27] [SUCCESS] bvid=BV1gMDCBeERP 已成功抓取全部所需数据。
[2026-04-15 17:32:31] [SUCCESS] bvid=BV1gMDCBeESR 已成功抓取全部所需数据。
[2026-04-15 17:32:34] [SUCCESS] bvid=BV1gMDCBeEST 已成功抓取全部所需数据。
[2026-04-15 17:32:38] [SUCCESS] bvid=BV1gMDCBeEXb 已成功抓取全部所需数据。
[2026-04-15 17:32:42] [SUCCESS] bvid=BV1gMDrBdEPp 已成功抓取全部所需数据。
[2026-04-15 17:32:46] [SUCCESS] bvid=BV1gMQ4BWE77 已成功抓取全部所需数据。
[2026-04-15 17:32:50] [SUCCESS] bvid=BV1gMQ4BWEtE 已成功抓取全部所需数据。
[2026-04-15 17:32:54] [SUCCESS] bvid=BV1gNDDBSEJ4 已成功抓取全部所需数据。
[2026-04-15 17:32:58] [SUCCESS] bvid=BV1gPDDBnERa 已成功抓取全部所需数据。
[2026-04-15 17:33:02] [SUCCESS] bvid=BV1gQDCBNEkP 已成功抓取全部所需数据。
[2026-04-15 17:33:06] [SUCCESS] bvid=BV1gQDaBvExt 已成功抓取全部所需数据。
[2026-04-15 17:33:15] [SUCCESS] bvid=BV1gQQKBYE76 已成功抓取全部所需数据。
[2026-04-15 17:33:19] [SUCCESS] bvid=BV1gSDXBtEth 已成功抓取全部所需数据。
[2026-04-15 17:33:24] [SUCCESS] bvid=BV1gVQbBZEg3 已成功抓取全部所需数据。
[2026-04-15 17:33:28] [SUCCESS] bvid=BV1gWDQBxER4 已成功抓取全部所需数据。
[2026-04-15 17:33:32] [SUCCESS] bvid=BV1gWQvBLEFY 已成功抓取全部所需数据。
[2026-04-15 17:33:36] [SUCCESS] bvid=BV1gWQxBWEDN 已成功抓取全部所需数据。
[2026-04-15 17:33:39] [SUCCESS] bvid=BV1gWQxBWESY 已成功抓取全部所需数据。
[2026-04-15 17:33:49] [SUCCESS] bvid=BV1gXDCBeE1M 已成功抓取全部所需数据。
[2026-04-15 17:33:49] [ERROR] bvid=BV1gYXmBDESf 抓取失败：meta: 接口返回错误代码：-404，信息：啥都木有。
{'code': -404, 'message': '啥都木有', 'ttl': 1}
[2026-04-15 17:33:53] [SUCCESS] bvid=BV1gZQMBTEW4 已成功抓取全部所需数据。
[2026-04-15 17:33:54] [ERROR] bvid=BV1gZXNBeEGJ 抓取失败：meta: 接口返回错误代码：62002，信息：稿件不可见。
{'code': 62002, 'message': '稿件不可见', 'ttl': 1}
[2026-04-15 17:33:58] [SUCCESS] bvid=BV1gaQNBtEKX 已成功抓取全部所需数据。
[2026-04-15 17:34:02] [SUCCESS] bvid=BV1gdQMBBEGF 已成功抓取全部所需数据。
[2026-04-15 17:34:02] [ERROR] bvid=BV1gdXUB9ETx 抓取失败：meta: 接口返回错误代码：62002，信息：稿件不可见。
{'code': 62002, 'message': '稿件不可见', 'ttl': 1}
[2026-04-15 17:34:06] [SUCCESS] bvid=BV1geDvByEQ4 已成功抓取全部所需数据。
[2026-04-15 17:34:10] [SUCCESS] bvid=BV1geDyBiEs1 已成功抓取全部所需数据。
[2026-04-15 17:34:14] [SUCCESS] bvid=BV1ggDCBAEGy 已成功抓取全部所需数据。
[2026-04-15 17:34:14] [WARN] 当前子任务已结束，但仍有未成功抓取的视频，已导出 remaining CSV 供继续执行。
[2026-04-15 17:34:14] [INFO] 已导出剔除成功条目后的剩余 CSV：outputs\video_data\manual_crawls\manual_crawl_meta_mode_A_20260415_134201\remaining_bvids_part_25.csv
[2026-04-15 17:34:14] 子任务结束时间：2026-04-15T17:34:14.263552
[TIMESTAMP][END] 2026-04-15T17:34:14
