[TIMESTAMP][BEGIN] 2026-04-15T13:48:25
[2026-04-15 13:48:27] 开始执行 CSV 批量抓取子任务 part_2。
[2026-04-15 13:48:27] 子任务开始时间：2026-04-15T13:48:25.351738
[2026-04-15 13:48:27] 输入文件：batch_input_2.csv
[2026-04-15 13:48:27] 输入唯一 bvid 数量：100
[2026-04-15 13:48:27] 为严格按 CSV 顺序判断连续失败阈值，本次任务自动将并发度从 2 调整为 1。
[2026-04-15 13:48:31] [SUCCESS] bvid=BV12RQsBVEE7 已成功抓取全部所需数据。
[2026-04-15 13:48:34] [SUCCESS] bvid=BV12SDDBUEJ4 已成功抓取全部所需数据。
[2026-04-15 13:48:38] [SUCCESS] bvid=BV12SDDBUEQ8 已成功抓取全部所需数据。
[2026-04-15 13:48:48] [SUCCESS] bvid=BV12SDtBnEoq 已成功抓取全部所需数据。
[2026-04-15 13:48:51] [SUCCESS] bvid=BV12TDxB3Ez9 已成功抓取全部所需数据。
[2026-04-15 13:48:55] [SUCCESS] bvid=BV12VQPBDEwD 已成功抓取全部所需数据。
[2026-04-15 13:48:59] [SUCCESS] bvid=BV12VQsB3E4V 已成功抓取全部所需数据。
[2026-04-15 13:48:59] [ERROR] bvid=BV12WXjBxEm9 抓取失败：meta: 接口返回错误代码：62002，信息：稿件不可见。
{'code': 62002, 'message': '稿件不可见', 'ttl': 1}
[2026-04-15 13:49:03] [SUCCESS] bvid=BV12XDDB2E2f 已成功抓取全部所需数据。
[2026-04-15 13:49:06] [SUCCESS] bvid=BV12XQwBjEEx 已成功抓取全部所需数据。
[2026-04-15 13:49:10] [SUCCESS] bvid=BV12YQvBME4G 已成功抓取全部所需数据。
[2026-04-15 13:49:13] [SUCCESS] bvid=BV12aDSBGEG6 已成功抓取全部所需数据。
[2026-04-15 13:49:16] [SUCCESS] bvid=BV12bQYBAE3R 已成功抓取全部所需数据。
[2026-04-15 13:49:26] [SUCCESS] bvid=BV12cQ8BRE78 已成功抓取全部所需数据。
[2026-04-15 13:49:29] [SUCCESS] bvid=BV12cQ8BRED4 已成功抓取全部所需数据。
[2026-04-15 13:49:32] [SUCCESS] bvid=BV12dQsBkENh 已成功抓取全部所需数据。
[2026-04-15 13:49:32] [ERROR] bvid=BV12e9LBXELR 抓取失败：meta: 接口返回错误代码：-404，信息：啥都木有。
{'code': -404, 'message': '啥都木有', 'ttl': 1}
[2026-04-15 13:49:36] [SUCCESS] bvid=BV12gDDBLELS 已成功抓取全部所需数据。
[2026-04-15 13:49:39] [SUCCESS] bvid=BV12gcjzCEhB 已成功抓取全部所需数据。
[2026-04-15 13:49:42] [SUCCESS] bvid=BV12jQPBUEjx 已成功抓取全部所需数据。
[2026-04-15 13:49:46] [SUCCESS] bvid=BV12nDCBxEjB 已成功抓取全部所需数据。
[2026-04-15 13:49:55] [SUCCESS] bvid=BV12oQ4BSET6 已成功抓取全部所需数据。
[2026-04-15 13:49:55] [ERROR] bvid=BV12pDsB3E2x 抓取失败：meta: 接口返回错误代码：62012，信息：62012。
{'code': 62012, 'message': '62012', 'ttl': 1}
[2026-04-15 13:49:58] [SUCCESS] bvid=BV12qDkBREBa 已成功抓取全部所需数据。
[2026-04-15 13:50:02] [SUCCESS] bvid=BV12sD1BhEjk 已成功抓取全部所需数据。
[2026-04-15 13:50:05] [SUCCESS] bvid=BV12tQcBCENX 已成功抓取全部所需数据。
[2026-04-15 13:50:08] [SUCCESS] bvid=BV12tQgBvEaL 已成功抓取全部所需数据。
[2026-04-15 13:50:09] [ERROR] bvid=BV12yDAB2EVb 抓取失败：meta: 接口返回错误代码：62002，信息：稿件不可见。
{'code': 62002, 'message': '稿件不可见', 'ttl': 1}
[2026-04-15 13:50:12] [SUCCESS] bvid=BV12zDkBWEPj 已成功抓取全部所需数据。
[2026-04-15 13:50:15] [SUCCESS] bvid=BV12zDyBwE6T 已成功抓取全部所需数据。
[2026-04-15 13:50:18] [SUCCESS] bvid=BV133D1BgEnb 已成功抓取全部所需数据。
[2026-04-15 13:50:22] [SUCCESS] bvid=BV134D9BwEJr 已成功抓取全部所需数据。
[2026-04-15 13:50:25] [SUCCESS] bvid=BV134DkBYExv 已成功抓取全部所需数据。
[2026-04-15 13:50:28] [SUCCESS] bvid=BV134QtBFE9G 已成功抓取全部所需数据。
[2026-04-15 13:50:31] [SUCCESS] bvid=BV134QxBHE8Z 已成功抓取全部所需数据。
[2026-04-15 13:50:34] [SUCCESS] bvid=BV135D1BMEcQ 已成功抓取全部所需数据。
[2026-04-15 13:50:34] [ERROR] bvid=BV135XjBYEUe 抓取失败：meta: 接口返回错误代码：62002，信息：稿件不可见。
{'code': 62002, 'message': '稿件不可见', 'ttl': 1}
[2026-04-15 13:50:43] [SUCCESS] bvid=BV136QFB2EAQ 已成功抓取全部所需数据。
[2026-04-15 13:50:47] [SUCCESS] bvid=BV13AQ4BoEr5 已成功抓取全部所需数据。
[2026-04-15 13:50:50] [SUCCESS] bvid=BV13DQKBPEAb 已成功抓取全部所需数据。
[2026-04-15 13:50:53] [SUCCESS] bvid=BV13DQKBPEYH 已成功抓取全部所需数据。
[2026-04-15 13:50:53] [ERROR] bvid=BV13DXGBHEy6 抓取失败：meta: 接口返回错误代码：62002，信息：稿件不可见。
{'code': 62002, 'message': '稿件不可见', 'ttl': 1}
[2026-04-15 13:50:57] [SUCCESS] bvid=BV13GD1BzEiN 已成功抓取全部所需数据。
[2026-04-15 13:51:01] [SUCCESS] bvid=BV13GDmB7EU5 已成功抓取全部所需数据。
[2026-04-15 13:51:05] [SUCCESS] bvid=BV13GQbBbEKH 已成功抓取全部所需数据。
[2026-04-15 13:51:08] [SUCCESS] bvid=BV13GQbBbEuZ 已成功抓取全部所需数据。
[2026-04-15 13:51:11] [SUCCESS] bvid=BV13HDQBoE3y 已成功抓取全部所需数据。
[2026-04-15 13:51:14] [SUCCESS] bvid=BV13HDQBoEnR 已成功抓取全部所需数据。
[2026-04-15 13:51:18] [SUCCESS] bvid=BV13JDSBHEVF 已成功抓取全部所需数据。
[2026-04-15 13:51:21] [SUCCESS] bvid=BV13JDSBnEFR 已成功抓取全部所需数据。
[2026-04-15 13:51:24] [SUCCESS] bvid=BV13KQ4BREc1 已成功抓取全部所需数据。
[2026-04-15 13:51:28] [SUCCESS] bvid=BV13LDmBLE4M 已成功抓取全部所需数据。
[2026-04-15 13:51:31] [SUCCESS] bvid=BV13NDCBiEov 已成功抓取全部所需数据。
[2026-04-15 13:51:34] [SUCCESS] bvid=BV13PDEBcEoc 已成功抓取全部所需数据。
[2026-04-15 13:51:38] [SUCCESS] bvid=BV13PDrBbEwq 已成功抓取全部所需数据。
[2026-04-15 13:51:41] [SUCCESS] bvid=BV13QQKBYEWE 已成功抓取全部所需数据。
[2026-04-15 13:51:45] [SUCCESS] bvid=BV13QQKBYEbz 已成功抓取全部所需数据。
[2026-04-15 13:51:48] [SUCCESS] bvid=BV13QQMB3EZg 已成功抓取全部所需数据。
[2026-04-15 13:51:48] [ERROR] bvid=BV13RX5B4E1W 抓取失败：meta: 接口返回错误代码：62002，信息：稿件不可见。
{'code': 62002, 'message': '稿件不可见', 'ttl': 1}
[2026-04-15 13:51:58] [SUCCESS] bvid=BV13SDCBiEDa 已成功抓取全部所需数据。
[2026-04-15 13:52:02] [SUCCESS] bvid=BV13SDCBiEWf 已成功抓取全部所需数据。
[2026-04-15 13:52:05] [SUCCESS] bvid=BV13SDCBiEdv 已成功抓取全部所需数据。
[2026-04-15 13:52:08] [SUCCESS] bvid=BV13SDCBiEwh 已成功抓取全部所需数据。
[2026-04-15 13:52:12] [SUCCESS] bvid=BV13TDCBNEhe 已成功抓取全部所需数据。
[2026-04-15 13:52:15] [SUCCESS] bvid=BV13TDpByEDg 已成功抓取全部所需数据。
[2026-04-15 13:52:24] [SUCCESS] bvid=BV13XQMB6E5t 已成功抓取全部所需数据。
[2026-04-15 13:52:27] [SUCCESS] bvid=BV13XQbBwESM 已成功抓取全部所需数据。
[2026-04-15 13:52:37] [SUCCESS] bvid=BV13YQTBvE73 已成功抓取全部所需数据。
[2026-04-15 13:52:40] [SUCCESS] bvid=BV13ZDmB2ExM 已成功抓取全部所需数据。
[2026-04-15 13:52:43] [SUCCESS] bvid=BV13aDWBjEHi 已成功抓取全部所需数据。
[2026-04-15 13:52:46] [SUCCESS] bvid=BV13aQ8BeENt 已成功抓取全部所需数据。
[2026-04-15 13:52:49] [SUCCESS] bvid=BV13bQNB8Ez5 已成功抓取全部所需数据。
[2026-04-15 13:52:53] [SUCCESS] bvid=BV13bQtBZEjF 已成功抓取全部所需数据。
[2026-04-15 13:52:57] [SUCCESS] bvid=BV13fQgB5E4H 已成功抓取全部所需数据。
[2026-04-15 13:53:06] [SUCCESS] bvid=BV13fQgB5EV4 已成功抓取全部所需数据。
[2026-04-15 13:53:15] [SUCCESS] bvid=BV13fQgB5Eim 已成功抓取全部所需数据。
[2026-04-15 13:53:19] [SUCCESS] bvid=BV13gDCBAE8d 已成功抓取全部所需数据。
[2026-04-15 13:53:23] [SUCCESS] bvid=BV13gDCBAEhL 已成功抓取全部所需数据。
[2026-04-15 13:53:26] [SUCCESS] bvid=BV13gDCBAEup 已成功抓取全部所需数据。
[2026-04-15 13:53:30] [SUCCESS] bvid=BV13iDZBrEiH 已成功抓取全部所需数据。
[2026-04-15 13:53:30] [ERROR] bvid=BV13mXGBWEX8 抓取失败：meta: 接口返回错误代码：62002，信息：稿件不可见。
{'code': 62002, 'message': '稿件不可见', 'ttl': 1}
[2026-04-15 13:53:33] [SUCCESS] bvid=BV13nDSBSE4P 已成功抓取全部所需数据。
[2026-04-15 13:53:38] [SUCCESS] bvid=BV13oQgB1EWK 已成功抓取全部所需数据。
[2026-04-15 13:53:41] [SUCCESS] bvid=BV13rDtBdEy7 已成功抓取全部所需数据。
[2026-04-15 13:53:44] [SUCCESS] bvid=BV13sDQBRE8i 已成功抓取全部所需数据。
[2026-04-15 13:53:48] [SUCCESS] bvid=BV13sQABsEb1 已成功抓取全部所需数据。
[2026-04-15 13:53:48] [ERROR] bvid=BV13tX1BjEtc 抓取失败：meta: 接口返回错误代码：62002，信息：稿件不可见。
{'code': 62002, 'message': '稿件不可见', 'ttl': 1}
[2026-04-15 13:53:58] [SUCCESS] bvid=BV13uD1BrEQr 已成功抓取全部所需数据。
[2026-04-15 13:54:07] [SUCCESS] bvid=BV13wQwBHETi 已成功抓取全部所需数据。
[2026-04-15 13:54:16] [SUCCESS] bvid=BV13xDkBPE94 已成功抓取全部所需数据。
[2026-04-15 13:54:20] [SUCCESS] bvid=BV13xQNBaESU 已成功抓取全部所需数据。
[2026-04-15 13:54:29] [SUCCESS] bvid=BV13yQwBQEKz 已成功抓取全部所需数据。
[2026-04-15 13:54:33] [SUCCESS] bvid=BV13zDxBJEwt 已成功抓取全部所需数据。
[2026-04-15 13:54:33] [ERROR] bvid=BV13zXMBVEor 抓取失败：meta: 接口返回错误代码：62002，信息：稿件不可见。
{'code': 62002, 'message': '稿件不可见', 'ttl': 1}
[2026-04-15 13:54:42] [SUCCESS] bvid=BV141DZBvEnn 已成功抓取全部所需数据。
[2026-04-15 13:54:46] [SUCCESS] bvid=BV141DZBvEtu 已成功抓取全部所需数据。
[2026-04-15 13:54:46] [ERROR] bvid=BV141XbBfEb7 抓取失败：meta: 接口返回错误代码：62002，信息：稿件不可见。
{'code': 62002, 'message': '稿件不可见', 'ttl': 1}
[2026-04-15 13:54:46] [ERROR] bvid=BV141XbBfEmf 抓取失败：meta: 接口返回错误代码：62002，信息：稿件不可见。
{'code': 62002, 'message': '稿件不可见', 'ttl': 1}
[2026-04-15 13:54:50] [SUCCESS] bvid=BV142QFBkEiV 已成功抓取全部所需数据。
[2026-04-15 13:54:59] [SUCCESS] bvid=BV143QwB5EjL 已成功抓取全部所需数据。
[2026-04-15 13:54:59] [WARN] 当前子任务已结束，但仍有未成功抓取的视频，已导出 remaining CSV 供继续执行。
[2026-04-15 13:54:59] [INFO] 已导出剔除成功条目后的剩余 CSV：outputs\video_data\manual_crawls\manual_crawl_meta_mode_A_20260415_134201\remaining_bvids_part_2.csv
[2026-04-15 13:54:59] 子任务结束时间：2026-04-15T13:54:59.895567
[TIMESTAMP][END] 2026-04-15T13:54:59
