[TIMESTAMP][BEGIN] 2026-03-30T21:07:18
[INFO] 识别到已有作者洞察任务：outputs/author_refinements/author_refinement_20260330_161802，本次将续跑为 part_6。
[INFO] 开始执行 author_refinement part_6，待处理作者数 2382。
[1/2382] 正在抓取作者 290515290 的 MetaResult 级作者属性。
[OK] 作者 290515290 抓取完成：粉丝 25282, 关注 11, 公开视频 2233。
[2/2382] 正在抓取作者 33648113 的 MetaResult 级作者属性。
[OK] 作者 33648113 抓取完成：粉丝 3452, 关注 392, 公开视频 629。
[3/2382] 正在抓取作者 140192125 的 MetaResult 级作者属性。
[OK] 作者 140192125 抓取完成：粉丝 13337, 关注 9, 公开视频 558。
[4/2382] 正在抓取作者 88412684 的 MetaResult 级作者属性。
[OK] 作者 88412684 抓取完成：粉丝 4964, 关注 67, 公开视频 106。
[5/2382] 正在抓取作者 3690997168999243 的 MetaResult 级作者属性。
[OK] 作者 3690997168999243 抓取完成：粉丝 549, 关注 0, 公开视频 6。
[6/2382] 正在抓取作者 1336299423 的 MetaResult 级作者属性。
[OK] 作者 1336299423 抓取完成：粉丝 15071, 关注 102, 公开视频 672。
[7/2382] 正在抓取作者 335048417 的 MetaResult 级作者属性。
[OK] 作者 335048417 抓取完成：粉丝 2314, 关注 389, 公开视频 161。
[8/2382] 正在抓取作者 2091820150 的 MetaResult 级作者属性。
[OK] 作者 2091820150 抓取完成：粉丝 15149, 关注 110, 公开视频 823。
[9/2382] 正在抓取作者 3546608109095338 的 MetaResult 级作者属性。
[OK] 作者 3546608109095338 抓取完成：粉丝 530943, 关注 0, 公开视频 349。
[10/2382] 正在抓取作者 4856007 的 MetaResult 级作者属性。
[OK] 作者 4856007 抓取完成：粉丝 3266679, 关注 101, 公开视频 36980。
[11/2382] 正在抓取作者 1913290 的 MetaResult 级作者属性。
[OK] 作者 1913290 抓取完成：粉丝 973, 关注 50, 公开视频 95。
[12/2382] 正在抓取作者 928123 的 MetaResult 级作者属性。
[OK] 作者 928123 抓取完成：粉丝 8730236, 关注 47, 公开视频 27160。
[13/2382] 正在抓取作者 346671188 的 MetaResult 级作者属性。
[OK] 作者 346671188 抓取完成：粉丝 266651, 关注 527, 公开视频 1382。
[14/2382] 正在抓取作者 21045639 的 MetaResult 级作者属性。
[OK] 作者 21045639 抓取完成：粉丝 4606, 关注 216, 公开视频 1148。
[15/2382] 正在抓取作者 35755494 的 MetaResult 级作者属性。
[OK] 作者 35755494 抓取完成：粉丝 85, 关注 446, 公开视频 41。
[16/2382] 正在抓取作者 223902 的 MetaResult 级作者属性。
[OK] 作者 223902 抓取完成：粉丝 572956, 关注 182, 公开视频 12997。
[17/2382] 正在抓取作者 12853382 的 MetaResult 级作者属性。
[OK] 作者 12853382 抓取完成：粉丝 274, 关注 133, 公开视频 23。
[18/2382] 正在抓取作者 11107521 的 MetaResult 级作者属性。
[OK] 作者 11107521 抓取完成：粉丝 15757, 关注 111, 公开视频 326。
[19/2382] 正在抓取作者 2053879295 的 MetaResult 级作者属性。
[OK] 作者 2053879295 抓取完成：粉丝 322990, 关注 499, 公开视频 291。
[20/2382] 正在抓取作者 184571276 的 MetaResult 级作者属性。
[OK] 作者 184571276 抓取完成：粉丝 4237, 关注 39, 公开视频 12。
[21/2382] 正在抓取作者 1629347259 的 MetaResult 级作者属性。
[OK] 作者 1629347259 抓取完成：粉丝 2208093, 关注 24, 公开视频 3680。
[22/2382] 正在抓取作者 1799086622 的 MetaResult 级作者属性。
[OK] 作者 1799086622 抓取完成：粉丝 106, 关注 138, 公开视频 32。
[23/2382] 正在抓取作者 3494370359642886 的 MetaResult 级作者属性。
[OK] 作者 3494370359642886 抓取完成：粉丝 198972, 关注 25, 公开视频 344。
[24/2382] 正在抓取作者 43831821 的 MetaResult 级作者属性。
[OK] 作者 43831821 抓取完成：粉丝 426344, 关注 188, 公开视频 518。
[25/2382] 正在抓取作者 1244438692 的 MetaResult 级作者属性。
[OK] 作者 1244438692 抓取完成：粉丝 8311, 关注 128, 公开视频 376。
[26/2382] 正在抓取作者 649063025 的 MetaResult 级作者属性。
[OK] 作者 649063025 抓取完成：粉丝 81442, 关注 9, 公开视频 477。
[27/2382] 正在抓取作者 3546922050652228 的 MetaResult 级作者属性。
[OK] 作者 3546922050652228 抓取完成：粉丝 2332, 关注 183, 公开视频 25。
[28/2382] 正在抓取作者 472265737 的 MetaResult 级作者属性。
[OK] 作者 472265737 抓取完成：粉丝 3256, 关注 414, 公开视频 3。
[29/2382] 正在抓取作者 3493279821727775 的 MetaResult 级作者属性。
[OK] 作者 3493279821727775 抓取完成：粉丝 2464, 关注 5, 公开视频 120。
[30/2382] 正在抓取作者 269357242 的 MetaResult 级作者属性。
[OK] 作者 269357242 抓取完成：粉丝 144460, 关注 386, 公开视频 219。
[31/2382] 正在抓取作者 187100549 的 MetaResult 级作者属性。
[OK] 作者 187100549 抓取完成：粉丝 5201, 关注 883, 公开视频 28。
[32/2382] 正在抓取作者 407199335 的 MetaResult 级作者属性。
[OK] 作者 407199335 抓取完成：粉丝 54241, 关注 143, 公开视频 104。
[33/2382] 正在抓取作者 218751342 的 MetaResult 级作者属性。
[OK] 作者 218751342 抓取完成：粉丝 550488, 关注 91, 公开视频 114。
[34/2382] 正在抓取作者 11135875 的 MetaResult 级作者属性。
[OK] 作者 11135875 抓取完成：粉丝 371531, 关注 823, 公开视频 50。
[35/2382] 正在抓取作者 320844275 的 MetaResult 级作者属性。
[OK] 作者 320844275 抓取完成：粉丝 327455, 关注 217, 公开视频 67。
[36/2382] 正在抓取作者 24738225 的 MetaResult 级作者属性。
[OK] 作者 24738225 抓取完成：粉丝 159917, 关注 427, 公开视频 49。
[37/2382] 正在抓取作者 1380576 的 MetaResult 级作者属性。
[OK] 作者 1380576 抓取完成：粉丝 19267, 关注 12, 公开视频 404。
[38/2382] 正在抓取作者 412993225 的 MetaResult 级作者属性。
[OK] 作者 412993225 抓取完成：粉丝 39592, 关注 3, 公开视频 1662。
[39/2382] 正在抓取作者 1572536677 的 MetaResult 级作者属性。
[OK] 作者 1572536677 抓取完成：粉丝 47, 关注 76, 公开视频 13。
[40/2382] 正在抓取作者 11218501 的 MetaResult 级作者属性。
[OK] 作者 11218501 抓取完成：粉丝 148276, 关注 0, 公开视频 72。
[41/2382] 正在抓取作者 1721505402 的 MetaResult 级作者属性。
[OK] 作者 1721505402 抓取完成：粉丝 29911, 关注 445, 公开视频 104。
[42/2382] 正在抓取作者 323764559 的 MetaResult 级作者属性。
[OK] 作者 323764559 抓取完成：粉丝 12561, 关注 43, 公开视频 332。
[43/2382] 正在抓取作者 49339979 的 MetaResult 级作者属性。
[OK] 作者 49339979 抓取完成：粉丝 26221, 关注 72, 公开视频 1044。
[44/2382] 正在抓取作者 518160477 的 MetaResult 级作者属性。
[OK] 作者 518160477 抓取完成：粉丝 442, 关注 990, 公开视频 72。
[45/2382] 正在抓取作者 1430921 的 MetaResult 级作者属性。
[OK] 作者 1430921 抓取完成：粉丝 247, 关注 65, 公开视频 19。
[46/2382] 正在抓取作者 499130220 的 MetaResult 级作者属性。
[OK] 作者 499130220 抓取完成：粉丝 2056, 关注 950, 公开视频 236。
[47/2382] 正在抓取作者 651051827 的 MetaResult 级作者属性。
[OK] 作者 651051827 抓取完成：粉丝 323, 关注 108, 公开视频 603。
[48/2382] 正在抓取作者 1781114816 的 MetaResult 级作者属性。
[OK] 作者 1781114816 抓取完成：粉丝 1073, 关注 121, 公开视频 15。
[49/2382] 正在抓取作者 21107072 的 MetaResult 级作者属性。
[OK] 作者 21107072 抓取完成：粉丝 1058, 关注 523, 公开视频 857。
[50/2382] 正在抓取作者 1793229892 的 MetaResult 级作者属性。
[OK] 作者 1793229892 抓取完成：粉丝 10942, 关注 4531, 公开视频 391。
[51/2382] 正在抓取作者 60892637 的 MetaResult 级作者属性。
[OK] 作者 60892637 抓取完成：粉丝 5442, 关注 59, 公开视频 1054。
[52/2382] 正在抓取作者 252611883 的 MetaResult 级作者属性。
[OK] 作者 252611883 抓取完成：粉丝 3678, 关注 34, 公开视频 1874。
[53/2382] 正在抓取作者 416220600 的 MetaResult 级作者属性。
[OK] 作者 416220600 抓取完成：粉丝 212, 关注 1, 公开视频 197。
[54/2382] 正在抓取作者 3690987832478531 的 MetaResult 级作者属性。
[OK] 作者 3690987832478531 抓取完成：粉丝 250, 关注 100, 公开视频 79。
[55/2382] 正在抓取作者 33109998 的 MetaResult 级作者属性。
[OK] 作者 33109998 抓取完成：粉丝 2523, 关注 2422, 公开视频 429。
[56/2382] 正在抓取作者 131313954 的 MetaResult 级作者属性。
[OK] 作者 131313954 抓取完成：粉丝 151, 关注 57, 公开视频 143。
[57/2382] 正在抓取作者 499808294 的 MetaResult 级作者属性。
[OK] 作者 499808294 抓取完成：粉丝 353, 关注 59, 公开视频 186。
[58/2382] 正在抓取作者 105081752 的 MetaResult 级作者属性。
[OK] 作者 105081752 抓取完成：粉丝 45482, 关注 10, 公开视频 1357。
[59/2382] 正在抓取作者 437442812 的 MetaResult 级作者属性。
[OK] 作者 437442812 抓取完成：粉丝 813, 关注 88, 公开视频 87。
[60/2382] 正在抓取作者 224538545 的 MetaResult 级作者属性。
[OK] 作者 224538545 抓取完成：粉丝 7463, 关注 4128, 公开视频 66。
[61/2382] 正在抓取作者 1389990041 的 MetaResult 级作者属性。
[OK] 作者 1389990041 抓取完成：粉丝 250, 关注 139, 公开视频 56。
[62/2382] 正在抓取作者 358568975 的 MetaResult 级作者属性。
[OK] 作者 358568975 抓取完成：粉丝 3720, 关注 274, 公开视频 1452。
[63/2382] 正在抓取作者 522876500 的 MetaResult 级作者属性。
[OK] 作者 522876500 抓取完成：粉丝 5086, 关注 196, 公开视频 488。
[64/2382] 正在抓取作者 3546557133621679 的 MetaResult 级作者属性。
[OK] 作者 3546557133621679 抓取完成：粉丝 492, 关注 1777, 公开视频 189。
[65/2382] 正在抓取作者 1139920092 的 MetaResult 级作者属性。
[OK] 作者 1139920092 抓取完成：粉丝 1522, 关注 287, 公开视频 21。
[66/2382] 正在抓取作者 1625326575 的 MetaResult 级作者属性。
[OK] 作者 1625326575 抓取完成：粉丝 3008, 关注 344, 公开视频 11。
[67/2382] 正在抓取作者 3546756103015295 的 MetaResult 级作者属性。
[OK] 作者 3546756103015295 抓取完成：粉丝 168, 关注 8, 公开视频 8038。
[68/2382] 正在抓取作者 518506782 的 MetaResult 级作者属性。
[OK] 作者 518506782 抓取完成：粉丝 108, 关注 152, 公开视频 220。
[69/2382] 正在抓取作者 384260485 的 MetaResult 级作者属性。
[OK] 作者 384260485 抓取完成：粉丝 290, 关注 184, 公开视频 1。
[70/2382] 正在抓取作者 15049310 的 MetaResult 级作者属性。
[OK] 作者 15049310 抓取完成：粉丝 723306, 关注 771, 公开视频 386。
[71/2382] 正在抓取作者 518190650 的 MetaResult 级作者属性。
[OK] 作者 518190650 抓取完成：粉丝 73614, 关注 104, 公开视频 22。
[72/2382] 正在抓取作者 3546882752121271 的 MetaResult 级作者属性。
[OK] 作者 3546882752121271 抓取完成：粉丝 302, 关注 2, 公开视频 44。
[73/2382] 正在抓取作者 103300851 的 MetaResult 级作者属性。
[OK] 作者 103300851 抓取完成：粉丝 3609, 关注 284, 公开视频 58。
[74/2382] 正在抓取作者 7370915 的 MetaResult 级作者属性。
[OK] 作者 7370915 抓取完成：粉丝 406590, 关注 444, 公开视频 415。
[75/2382] 正在抓取作者 659881 的 MetaResult 级作者属性。
[OK] 作者 659881 抓取完成：粉丝 1182, 关注 132, 公开视频 117。
[76/2382] 正在抓取作者 8265403 的 MetaResult 级作者属性。
[OK] 作者 8265403 抓取完成：粉丝 1188, 关注 284, 公开视频 46。
[77/2382] 正在抓取作者 30952147 的 MetaResult 级作者属性。
[OK] 作者 30952147 抓取完成：粉丝 1046621, 关注 384, 公开视频 296。
[78/2382] 正在抓取作者 385976970 的 MetaResult 级作者属性。
[OK] 作者 385976970 抓取完成：粉丝 499320, 关注 987, 公开视频 284。
[79/2382] 正在抓取作者 568968 的 MetaResult 级作者属性。
[OK] 作者 568968 抓取完成：粉丝 2498, 关注 837, 公开视频 217。
[80/2382] 正在抓取作者 301870779 的 MetaResult 级作者属性。
[OK] 作者 301870779 抓取完成：粉丝 1314, 关注 670, 公开视频 38。
[81/2382] 正在抓取作者 10986258 的 MetaResult 级作者属性。
[OK] 作者 10986258 抓取完成：粉丝 1743, 关注 970, 公开视频 121。
[82/2382] 正在抓取作者 3245470 的 MetaResult 级作者属性。
[OK] 作者 3245470 抓取完成：粉丝 23244, 关注 229, 公开视频 232。
[83/2382] 正在抓取作者 26273515 的 MetaResult 级作者属性。
[OK] 作者 26273515 抓取完成：粉丝 161184, 关注 131, 公开视频 115。
[84/2382] 正在抓取作者 1217741775 的 MetaResult 级作者属性。
[OK] 作者 1217741775 抓取完成：粉丝 4605, 关注 25, 公开视频 31。
[85/2382] 正在抓取作者 17437888 的 MetaResult 级作者属性。
[OK] 作者 17437888 抓取完成：粉丝 994453, 关注 273, 公开视频 458。
[86/2382] 正在抓取作者 626593961 的 MetaResult 级作者属性。
[OK] 作者 626593961 抓取完成：粉丝 10445, 关注 866, 公开视频 4952。
[87/2382] 正在抓取作者 756372 的 MetaResult 级作者属性。
[OK] 作者 756372 抓取完成：粉丝 180104, 关注 370, 公开视频 385。
[88/2382] 正在抓取作者 21237600 的 MetaResult 级作者属性。
[OK] 作者 21237600 抓取完成：粉丝 174, 关注 1122, 公开视频 27。
[89/2382] 正在抓取作者 189661014 的 MetaResult 级作者属性。
[OK] 作者 189661014 抓取完成：粉丝 288, 关注 1012, 公开视频 47。
[90/2382] 正在抓取作者 1851105 的 MetaResult 级作者属性。
[OK] 作者 1851105 抓取完成：粉丝 653320, 关注 574, 公开视频 341。
[91/2382] 正在抓取作者 99080900 的 MetaResult 级作者属性。
[OK] 作者 99080900 抓取完成：粉丝 3499, 关注 25, 公开视频 8。
[92/2382] 正在抓取作者 361919571 的 MetaResult 级作者属性。
[OK] 作者 361919571 抓取完成：粉丝 994, 关注 3680, 公开视频 96。
[93/2382] 正在抓取作者 28884714 的 MetaResult 级作者属性。
[OK] 作者 28884714 抓取完成：粉丝 18347, 关注 566, 公开视频 195。
[94/2382] 正在抓取作者 25255021 的 MetaResult 级作者属性。
[OK] 作者 25255021 抓取完成：粉丝 193761, 关注 31, 公开视频 349。
[95/2382] 正在抓取作者 1327861372 的 MetaResult 级作者属性。
[OK] 作者 1327861372 抓取完成：粉丝 2, 关注 82, 公开视频 1。
[96/2382] 正在抓取作者 1957489700 的 MetaResult 级作者属性。
[OK] 作者 1957489700 抓取完成：粉丝 102871, 关注 155, 公开视频 110。
[97/2382] 正在抓取作者 2018167283 的 MetaResult 级作者属性。
[OK] 作者 2018167283 抓取完成：粉丝 27066, 关注 732, 公开视频 557。
[98/2382] 正在抓取作者 404600077 的 MetaResult 级作者属性。
[OK] 作者 404600077 抓取完成：粉丝 1912, 关注 39, 公开视频 11。
[99/2382] 正在抓取作者 3546606878066958 的 MetaResult 级作者属性。
[OK] 作者 3546606878066958 抓取完成：粉丝 21489, 关注 1, 公开视频 596。
[100/2382] 正在抓取作者 1536406057 的 MetaResult 级作者属性。
[OK] 作者 1536406057 抓取完成：粉丝 2654, 关注 7, 公开视频 10。
[101/2382] 正在抓取作者 3493089031227877 的 MetaResult 级作者属性。
[OK] 作者 3493089031227877 抓取完成：粉丝 5683, 关注 43, 公开视频 3013。
[102/2382] 正在抓取作者 455760162 的 MetaResult 级作者属性。
[OK] 作者 455760162 抓取完成：粉丝 41852, 关注 33, 公开视频 328。
[103/2382] 正在抓取作者 29039693 的 MetaResult 级作者属性。
[OK] 作者 29039693 抓取完成：粉丝 167902, 关注 417, 公开视频 61。
[104/2382] 正在抓取作者 6259034 的 MetaResult 级作者属性。
[OK] 作者 6259034 抓取完成：粉丝 336, 关注 150, 公开视频 1111。
[105/2382] 正在抓取作者 3493291639179886 的 MetaResult 级作者属性。
[OK] 作者 3493291639179886 抓取完成：粉丝 381, 关注 12, 公开视频 27。
[106/2382] 正在抓取作者 3546734009518160 的 MetaResult 级作者属性。
[OK] 作者 3546734009518160 抓取完成：粉丝 43767, 关注 6, 公开视频 88。
[107/2382] 正在抓取作者 327961371 的 MetaResult 级作者属性。
[OK] 作者 327961371 抓取完成：粉丝 642206, 关注 205, 公开视频 2452。
[108/2382] 正在抓取作者 499807827 的 MetaResult 级作者属性。
[OK] 作者 499807827 抓取完成：粉丝 220838, 关注 128, 公开视频 2386。
[109/2382] 正在抓取作者 1844873138 的 MetaResult 级作者属性。
[OK] 作者 1844873138 抓取完成：粉丝 337255, 关注 83, 公开视频 28。
[110/2382] 正在抓取作者 542507083 的 MetaResult 级作者属性。
[OK] 作者 542507083 抓取完成：粉丝 851121, 关注 83, 公开视频 724。
[111/2382] 正在抓取作者 3546897883073062 的 MetaResult 级作者属性。
[OK] 作者 3546897883073062 抓取完成：粉丝 9044, 关注 18, 公开视频 1460。
[112/2382] 正在抓取作者 522662017 的 MetaResult 级作者属性。
[OK] 作者 522662017 抓取完成：粉丝 471, 关注 560, 公开视频 45。
[113/2382] 正在抓取作者 3706948012738987 的 MetaResult 级作者属性。
[OK] 作者 3706948012738987 抓取完成：粉丝 8, 关注 0, 公开视频 4。
[114/2382] 正在抓取作者 3546674548968256 的 MetaResult 级作者属性。
[OK] 作者 3546674548968256 抓取完成：粉丝 1612, 关注 2834, 公开视频 89。
[115/2382] 正在抓取作者 72373107 的 MetaResult 级作者属性。
[OK] 作者 72373107 抓取完成：粉丝 115703, 关注 39, 公开视频 406。
[116/2382] 正在抓取作者 1361319841 的 MetaResult 级作者属性。
[OK] 作者 1361319841 抓取完成：粉丝 5453, 关注 11, 公开视频 238。
[117/2382] 正在抓取作者 2142273706 的 MetaResult 级作者属性。
[WARN] 作者 2142273706 触发风控相关报错（连续 1/5 次）：接口返回错误代码：-352，信息：风控校验失败。 {'code': -352, 'message': '风控校验失败', 'ttl': 1, 'data': {'v_voucher': 'voucher_2a462daa-31bc-4448-8fe6-e907d47ff22c'}}
[118/2382] 正在抓取作者 3690988025416614 的 MetaResult 级作者属性。
[WARN] 作者 3690988025416614 触发风控相关报错（连续 2/5 次）：接口返回错误代码：-352，信息：风控校验失败。 {'code': -352, 'message': '风控校验失败', 'ttl': 1, 'data': {'v_voucher': 'voucher_33548735-08d1-4bfe-96c9-52dc48ef6a9a'}}
[119/2382] 正在抓取作者 3546952247544089 的 MetaResult 级作者属性。
[WARN] 作者 3546952247544089 触发风控相关报错（连续 3/5 次）：接口返回错误代码：-352，信息：风控校验失败。 {'code': -352, 'message': '风控校验失败', 'ttl': 1, 'data': {'v_voucher': 'voucher_eab4bacb-23b4-469c-acb3-93434d4698bc'}}
[120/2382] 正在抓取作者 238047060 的 MetaResult 级作者属性。
[OK] 作者 238047060 抓取完成：粉丝 83872, 关注 121, 公开视频 76。
[121/2382] 正在抓取作者 336624625 的 MetaResult 级作者属性。
[WARN] 作者 336624625 触发风控相关报错（连续 1/5 次）：接口返回错误代码：-352，信息：风控校验失败。 {'code': -352, 'message': '风控校验失败', 'ttl': 1, 'data': {'v_voucher': 'voucher_394d0905-b37a-45df-a1a5-32e3bc3035e0'}}
[122/2382] 正在抓取作者 3546957628836153 的 MetaResult 级作者属性。
[WARN] 作者 3546957628836153 触发风控相关报错（连续 2/5 次）：接口返回错误代码：-352，信息：风控校验失败。 {'code': -352, 'message': '风控校验失败', 'ttl': 1, 'data': {'v_voucher': 'voucher_ec0bcae8-904d-40a0-a1a8-4fbb9d70b5af'}}
[123/2382] 正在抓取作者 1289442368 的 MetaResult 级作者属性。
[WARN] 作者 1289442368 触发风控相关报错（连续 3/5 次）：接口返回错误代码：-352，信息：风控校验失败。 {'code': -352, 'message': '风控校验失败', 'ttl': 1, 'data': {'v_voucher': 'voucher_201b55e8-6210-48a5-8e6d-38ece8a38e3e'}}
[124/2382] 正在抓取作者 1493848769 的 MetaResult 级作者属性。
[WARN] 作者 1493848769 触发风控相关报错（连续 4/5 次）：接口返回错误代码：-352，信息：风控校验失败。 {'code': -352, 'message': '风控校验失败', 'ttl': 1, 'data': {'v_voucher': 'voucher_68522401-b159-4c06-8662-25870a9e091e'}}
[125/2382] 正在抓取作者 178757758 的 MetaResult 级作者属性。
[WARN] 作者 178757758 触发风控相关报错（连续 5/5 次）：接口返回错误代码：-352，信息：风控校验失败。 {'code': -352, 'message': '风控校验失败', 'ttl': 1, 'data': {'v_voucher': 'voucher_750b3d57-5a2b-4234-bc97-9d71646d953e'}}
[INFO] 已保存当前累计扩充作者列表：outputs/author_refinements/author_refinement_20260330_161802/expanded_author_list_accumulated.csv
[WARN] 已导出剩余待爬作者列表：outputs/author_refinements/author_refinement_20260330_161802/remaining_authors_part_6.csv
[TIMESTAMP][END] 2026-03-30T21:10:25
