[TIMESTAMP][BEGIN] 2026-03-30T21:07:18
[INFO] 识别到已有作者洞察任务：outputs/author_refinements/author_refinement_20260330_161802，本次将续跑为 part_6。
[INFO] 开始执行 author_refinement part_6，待处理作者数 2382。
[1/2382] 正在抓取作者 290515290 的 MetaResult 级作者属性。
[OK] 作者 290515290 抓取完成：粉丝 25282, 关注 11, 公开视频 2233。
[2/2382] 正在抓取作者 33648113 的 MetaResult 级作者属性。
[OK] 作者 33648113 抓取完成：粉丝 3452, 关注 392, 公开视频 629。
[3/2382] 正在抓取作者 140192125 的 MetaResult 级作者属性。
[OK] 作者 140192125 抓取完成：粉丝 13337, 关注 9, 公开视频 558。
[4/2382] 正在抓取作者 88412684 的 MetaResult 级作者属性。
[OK] 作者 88412684 抓取完成：粉丝 4964, 关注 67, 公开视频 106。
[5/2382] 正在抓取作者 3690997168999243 的 MetaResult 级作者属性。
[OK] 作者 3690997168999243 抓取完成：粉丝 549, 关注 0, 公开视频 6。
[6/2382] 正在抓取作者 1336299423 的 MetaResult 级作者属性。
[OK] 作者 1336299423 抓取完成：粉丝 15071, 关注 102, 公开视频 672。
[7/2382] 正在抓取作者 335048417 的 MetaResult 级作者属性。
[OK] 作者 335048417 抓取完成：粉丝 2314, 关注 389, 公开视频 161。
[8/2382] 正在抓取作者 2091820150 的 MetaResult 级作者属性。
[OK] 作者 2091820150 抓取完成：粉丝 15149, 关注 110, 公开视频 823。
[9/2382] 正在抓取作者 3546608109095338 的 MetaResult 级作者属性。
[OK] 作者 3546608109095338 抓取完成：粉丝 530943, 关注 0, 公开视频 349。
[10/2382] 正在抓取作者 4856007 的 MetaResult 级作者属性。
[OK] 作者 4856007 抓取完成：粉丝 3266679, 关注 101, 公开视频 36980。
[11/2382] 正在抓取作者 1913290 的 MetaResult 级作者属性。
[OK] 作者 1913290 抓取完成：粉丝 973, 关注 50, 公开视频 95。
[12/2382] 正在抓取作者 928123 的 MetaResult 级作者属性。
[OK] 作者 928123 抓取完成：粉丝 8730236, 关注 47, 公开视频 27160。
[13/2382] 正在抓取作者 346671188 的 MetaResult 级作者属性。
[OK] 作者 346671188 抓取完成：粉丝 266651, 关注 527, 公开视频 1382。
[14/2382] 正在抓取作者 21045639 的 MetaResult 级作者属性。
[OK] 作者 21045639 抓取完成：粉丝 4606, 关注 216, 公开视频 1148。
[15/2382] 正在抓取作者 35755494 的 MetaResult 级作者属性。
[OK] 作者 35755494 抓取完成：粉丝 85, 关注 446, 公开视频 41。
[16/2382] 正在抓取作者 223902 的 MetaResult 级作者属性。
[OK] 作者 223902 抓取完成：粉丝 572956, 关注 182, 公开视频 12997。
[17/2382] 正在抓取作者 12853382 的 MetaResult 级作者属性。
[OK] 作者 12853382 抓取完成：粉丝 274, 关注 133, 公开视频 23。
[18/2382] 正在抓取作者 11107521 的 MetaResult 级作者属性。
[OK] 作者 11107521 抓取完成：粉丝 15757, 关注 111, 公开视频 326。
[19/2382] 正在抓取作者 2053879295 的 MetaResult 级作者属性。
[OK] 作者 2053879295 抓取完成：粉丝 322990, 关注 499, 公开视频 291。
[20/2382] 正在抓取作者 184571276 的 MetaResult 级作者属性。
[OK] 作者 184571276 抓取完成：粉丝 4237, 关注 39, 公开视频 12。
[21/2382] 正在抓取作者 1629347259 的 MetaResult 级作者属性。
[OK] 作者 1629347259 抓取完成：粉丝 2208093, 关注 24, 公开视频 3680。
[22/2382] 正在抓取作者 1799086622 的 MetaResult 级作者属性。
[OK] 作者 1799086622 抓取完成：粉丝 106, 关注 138, 公开视频 32。
[23/2382] 正在抓取作者 3494370359642886 的 MetaResult 级作者属性。
[OK] 作者 3494370359642886 抓取完成：粉丝 198972, 关注 25, 公开视频 344。
[24/2382] 正在抓取作者 43831821 的 MetaResult 级作者属性。
[OK] 作者 43831821 抓取完成：粉丝 426344, 关注 188, 公开视频 518。
[25/2382] 正在抓取作者 1244438692 的 MetaResult 级作者属性。
[OK] 作者 1244438692 抓取完成：粉丝 8311, 关注 128, 公开视频 376。
[26/2382] 正在抓取作者 649063025 的 MetaResult 级作者属性。
[OK] 作者 649063025 抓取完成：粉丝 81442, 关注 9, 公开视频 477。
[27/2382] 正在抓取作者 3546922050652228 的 MetaResult 级作者属性。
[OK] 作者 3546922050652228 抓取完成：粉丝 2332, 关注 183, 公开视频 25。
[28/2382] 正在抓取作者 472265737 的 MetaResult 级作者属性。
[OK] 作者 472265737 抓取完成：粉丝 3256, 关注 414, 公开视频 3。
[29/2382] 正在抓取作者 3493279821727775 的 MetaResult 级作者属性。
[OK] 作者 3493279821727775 抓取完成：粉丝 2464, 关注 5, 公开视频 120。
[30/2382] 正在抓取作者 269357242 的 MetaResult 级作者属性。
[OK] 作者 269357242 抓取完成：粉丝 144460, 关注 386, 公开视频 219。
[31/2382] 正在抓取作者 187100549 的 MetaResult 级作者属性。
[OK] 作者 187100549 抓取完成：粉丝 5201, 关注 883, 公开视频 28。
[32/2382] 正在抓取作者 407199335 的 MetaResult 级作者属性。
[OK] 作者 407199335 抓取完成：粉丝 54241, 关注 143, 公开视频 104。
[33/2382] 正在抓取作者 218751342 的 MetaResult 级作者属性。
[OK] 作者 218751342 抓取完成：粉丝 550488, 关注 91, 公开视频 114。
[34/2382] 正在抓取作者 11135875 的 MetaResult 级作者属性。
[OK] 作者 11135875 抓取完成：粉丝 371531, 关注 823, 公开视频 50。
[35/2382] 正在抓取作者 320844275 的 MetaResult 级作者属性。
[OK] 作者 320844275 抓取完成：粉丝 327455, 关注 217, 公开视频 67。
[36/2382] 正在抓取作者 24738225 的 MetaResult 级作者属性。
[OK] 作者 24738225 抓取完成：粉丝 159917, 关注 427, 公开视频 49。
[37/2382] 正在抓取作者 1380576 的 MetaResult 级作者属性。
[OK] 作者 1380576 抓取完成：粉丝 19267, 关注 12, 公开视频 404。
[38/2382] 正在抓取作者 412993225 的 MetaResult 级作者属性。
[OK] 作者 412993225 抓取完成：粉丝 39592, 关注 3, 公开视频 1662。
[39/2382] 正在抓取作者 1572536677 的 MetaResult 级作者属性。
[OK] 作者 1572536677 抓取完成：粉丝 47, 关注 76, 公开视频 13。
[40/2382] 正在抓取作者 11218501 的 MetaResult 级作者属性。
[OK] 作者 11218501 抓取完成：粉丝 148276, 关注 0, 公开视频 72。
[41/2382] 正在抓取作者 1721505402 的 MetaResult 级作者属性。
[OK] 作者 1721505402 抓取完成：粉丝 29911, 关注 445, 公开视频 104。
[42/2382] 正在抓取作者 323764559 的 MetaResult 级作者属性。
[OK] 作者 323764559 抓取完成：粉丝 12561, 关注 43, 公开视频 332。
[43/2382] 正在抓取作者 49339979 的 MetaResult 级作者属性。
[OK] 作者 49339979 抓取完成：粉丝 26221, 关注 72, 公开视频 1044。
[44/2382] 正在抓取作者 518160477 的 MetaResult 级作者属性。
[OK] 作者 518160477 抓取完成：粉丝 442, 关注 990, 公开视频 72。
[45/2382] 正在抓取作者 1430921 的 MetaResult 级作者属性。
[OK] 作者 1430921 抓取完成：粉丝 247, 关注 65, 公开视频 19。
[46/2382] 正在抓取作者 499130220 的 MetaResult 级作者属性。
[OK] 作者 499130220 抓取完成：粉丝 2056, 关注 950, 公开视频 236。
[47/2382] 正在抓取作者 651051827 的 MetaResult 级作者属性。
[OK] 作者 651051827 抓取完成：粉丝 323, 关注 108, 公开视频 603。
[48/2382] 正在抓取作者 1781114816 的 MetaResult 级作者属性。
[OK] 作者 1781114816 抓取完成：粉丝 1073, 关注 121, 公开视频 15。
[49/2382] 正在抓取作者 21107072 的 MetaResult 级作者属性。
[OK] 作者 21107072 抓取完成：粉丝 1058, 关注 523, 公开视频 857。
[50/2382] 正在抓取作者 1793229892 的 MetaResult 级作者属性。
[OK] 作者 1793229892 抓取完成：粉丝 10942, 关注 4531, 公开视频 391。
[51/2382] 正在抓取作者 60892637 的 MetaResult 级作者属性。
[OK] 作者 60892637 抓取完成：粉丝 5442, 关注 59, 公开视频 1054。
[52/2382] 正在抓取作者 252611883 的 MetaResult 级作者属性。
[OK] 作者 252611883 抓取完成：粉丝 3678, 关注 34, 公开视频 1874。
[53/2382] 正在抓取作者 416220600 的 MetaResult 级作者属性。
[OK] 作者 416220600 抓取完成：粉丝 212, 关注 1, 公开视频 197。
[54/2382] 正在抓取作者 3690987832478531 的 MetaResult 级作者属性。
[OK] 作者 3690987832478531 抓取完成：粉丝 250, 关注 100, 公开视频 79。
[55/2382] 正在抓取作者 33109998 的 MetaResult 级作者属性。
[OK] 作者 33109998 抓取完成：粉丝 2523, 关注 2422, 公开视频 429。
[56/2382] 正在抓取作者 131313954 的 MetaResult 级作者属性。
[OK] 作者 131313954 抓取完成：粉丝 151, 关注 57, 公开视频 143。
[57/2382] 正在抓取作者 499808294 的 MetaResult 级作者属性。
[OK] 作者 499808294 抓取完成：粉丝 353, 关注 59, 公开视频 186。
[58/2382] 正在抓取作者 105081752 的 MetaResult 级作者属性。
[OK] 作者 105081752 抓取完成：粉丝 45482, 关注 10, 公开视频 1357。
[59/2382] 正在抓取作者 437442812 的 MetaResult 级作者属性。
[OK] 作者 437442812 抓取完成：粉丝 813, 关注 88, 公开视频 87。
[60/2382] 正在抓取作者 224538545 的 MetaResult 级作者属性。
[OK] 作者 224538545 抓取完成：粉丝 7463, 关注 4128, 公开视频 66。
[61/2382] 正在抓取作者 1389990041 的 MetaResult 级作者属性。
[OK] 作者 1389990041 抓取完成：粉丝 250, 关注 139, 公开视频 56。
[62/2382] 正在抓取作者 358568975 的 MetaResult 级作者属性。
[OK] 作者 358568975 抓取完成：粉丝 3720, 关注 274, 公开视频 1452。
[63/2382] 正在抓取作者 522876500 的 MetaResult 级作者属性。
[OK] 作者 522876500 抓取完成：粉丝 5086, 关注 196, 公开视频 488。
[64/2382] 正在抓取作者 3546557133621679 的 MetaResult 级作者属性。
[OK] 作者 3546557133621679 抓取完成：粉丝 492, 关注 1777, 公开视频 189。
[65/2382] 正在抓取作者 1139920092 的 MetaResult 级作者属性。
[OK] 作者 1139920092 抓取完成：粉丝 1522, 关注 287, 公开视频 21。
[66/2382] 正在抓取作者 1625326575 的 MetaResult 级作者属性。
[OK] 作者 1625326575 抓取完成：粉丝 3008, 关注 344, 公开视频 11。
[67/2382] 正在抓取作者 3546756103015295 的 MetaResult 级作者属性。
[OK] 作者 3546756103015295 抓取完成：粉丝 168, 关注 8, 公开视频 8038。
[68/2382] 正在抓取作者 518506782 的 MetaResult 级作者属性。
[OK] 作者 518506782 抓取完成：粉丝 108, 关注 152, 公开视频 220。
[69/2382] 正在抓取作者 384260485 的 MetaResult 级作者属性。
[OK] 作者 384260485 抓取完成：粉丝 290, 关注 184, 公开视频 1。
[70/2382] 正在抓取作者 15049310 的 MetaResult 级作者属性。
[OK] 作者 15049310 抓取完成：粉丝 723306, 关注 771, 公开视频 386。
[71/2382] 正在抓取作者 518190650 的 MetaResult 级作者属性。
[OK] 作者 518190650 抓取完成：粉丝 73614, 关注 104, 公开视频 22。
[72/2382] 正在抓取作者 3546882752121271 的 MetaResult 级作者属性。
[OK] 作者 3546882752121271 抓取完成：粉丝 302, 关注 2, 公开视频 44。
[73/2382] 正在抓取作者 103300851 的 MetaResult 级作者属性。
[OK] 作者 103300851 抓取完成：粉丝 3609, 关注 284, 公开视频 58。
[74/2382] 正在抓取作者 7370915 的 MetaResult 级作者属性。
[OK] 作者 7370915 抓取完成：粉丝 406590, 关注 444, 公开视频 415。
[75/2382] 正在抓取作者 659881 的 MetaResult 级作者属性。
[OK] 作者 659881 抓取完成：粉丝 1182, 关注 132, 公开视频 117。
[76/2382] 正在抓取作者 8265403 的 MetaResult 级作者属性。
[OK] 作者 8265403 抓取完成：粉丝 1188, 关注 284, 公开视频 46。
[77/2382] 正在抓取作者 30952147 的 MetaResult 级作者属性。
[OK] 作者 30952147 抓取完成：粉丝 1046621, 关注 384, 公开视频 296。
[78/2382] 正在抓取作者 385976970 的 MetaResult 级作者属性。
[OK] 作者 385976970 抓取完成：粉丝 499320, 关注 987, 公开视频 284。
[79/2382] 正在抓取作者 568968 的 MetaResult 级作者属性。
[OK] 作者 568968 抓取完成：粉丝 2498, 关注 837, 公开视频 217。
[80/2382] 正在抓取作者 301870779 的 MetaResult 级作者属性。
[OK] 作者 301870779 抓取完成：粉丝 1314, 关注 670, 公开视频 38。
[81/2382] 正在抓取作者 10986258 的 MetaResult 级作者属性。
[OK] 作者 10986258 抓取完成：粉丝 1743, 关注 970, 公开视频 121。
[82/2382] 正在抓取作者 3245470 的 MetaResult 级作者属性。
[OK] 作者 3245470 抓取完成：粉丝 23244, 关注 229, 公开视频 232。
[83/2382] 正在抓取作者 26273515 的 MetaResult 级作者属性。
[OK] 作者 26273515 抓取完成：粉丝 161184, 关注 131, 公开视频 115。
[84/2382] 正在抓取作者 1217741775 的 MetaResult 级作者属性。
[OK] 作者 1217741775 抓取完成：粉丝 4605, 关注 25, 公开视频 31。
[85/2382] 正在抓取作者 17437888 的 MetaResult 级作者属性。
[OK] 作者 17437888 抓取完成：粉丝 994453, 关注 273, 公开视频 458。
[86/2382] 正在抓取作者 626593961 的 MetaResult 级作者属性。
[OK] 作者 626593961 抓取完成：粉丝 10445, 关注 866, 公开视频 4952。
[87/2382] 正在抓取作者 756372 的 MetaResult 级作者属性。
[OK] 作者 756372 抓取完成：粉丝 180104, 关注 370, 公开视频 385。
[88/2382] 正在抓取作者 21237600 的 MetaResult 级作者属性。
[OK] 作者 21237600 抓取完成：粉丝 174, 关注 1122, 公开视频 27。
[89/2382] 正在抓取作者 189661014 的 MetaResult 级作者属性。
[OK] 作者 189661014 抓取完成：粉丝 288, 关注 1012, 公开视频 47。
[90/2382] 正在抓取作者 1851105 的 MetaResult 级作者属性。
[OK] 作者 1851105 抓取完成：粉丝 653320, 关注 574, 公开视频 341。
[91/2382] 正在抓取作者 99080900 的 MetaResult 级作者属性。
[OK] 作者 99080900 抓取完成：粉丝 3499, 关注 25, 公开视频 8。
[92/2382] 正在抓取作者 361919571 的 MetaResult 级作者属性。
[OK] 作者 361919571 抓取完成：粉丝 994, 关注 3680, 公开视频 96。
[93/2382] 正在抓取作者 28884714 的 MetaResult 级作者属性。
[OK] 作者 28884714 抓取完成：粉丝 18347, 关注 566, 公开视频 195。
[94/2382] 正在抓取作者 25255021 的 MetaResult 级作者属性。
[OK] 作者 25255021 抓取完成：粉丝 193761, 关注 31, 公开视频 349。
[95/2382] 正在抓取作者 1327861372 的 MetaResult 级作者属性。
[OK] 作者 1327861372 抓取完成：粉丝 2, 关注 82, 公开视频 1。
[96/2382] 正在抓取作者 1957489700 的 MetaResult 级作者属性。
[OK] 作者 1957489700 抓取完成：粉丝 102871, 关注 155, 公开视频 110。
[97/2382] 正在抓取作者 2018167283 的 MetaResult 级作者属性。
[OK] 作者 2018167283 抓取完成：粉丝 27066, 关注 732, 公开视频 557。
[98/2382] 正在抓取作者 404600077 的 MetaResult 级作者属性。
[OK] 作者 404600077 抓取完成：粉丝 1912, 关注 39, 公开视频 11。
[99/2382] 正在抓取作者 3546606878066958 的 MetaResult 级作者属性。
[OK] 作者 3546606878066958 抓取完成：粉丝 21489, 关注 1, 公开视频 596。
[100/2382] 正在抓取作者 1536406057 的 MetaResult 级作者属性。
[OK] 作者 1536406057 抓取完成：粉丝 2654, 关注 7, 公开视频 10。
[101/2382] 正在抓取作者 3493089031227877 的 MetaResult 级作者属性。
[OK] 作者 3493089031227877 抓取完成：粉丝 5683, 关注 43, 公开视频 3013。
[102/2382] 正在抓取作者 455760162 的 MetaResult 级作者属性。
[OK] 作者 455760162 抓取完成：粉丝 41852, 关注 33, 公开视频 328。
[103/2382] 正在抓取作者 29039693 的 MetaResult 级作者属性。
[OK] 作者 29039693 抓取完成：粉丝 167902, 关注 417, 公开视频 61。
[104/2382] 正在抓取作者 6259034 的 MetaResult 级作者属性。
[OK] 作者 6259034 抓取完成：粉丝 336, 关注 150, 公开视频 1111。
[105/2382] 正在抓取作者 3493291639179886 的 MetaResult 级作者属性。
[OK] 作者 3493291639179886 抓取完成：粉丝 381, 关注 12, 公开视频 27。
[106/2382] 正在抓取作者 3546734009518160 的 MetaResult 级作者属性。
[OK] 作者 3546734009518160 抓取完成：粉丝 43767, 关注 6, 公开视频 88。
[107/2382] 正在抓取作者 327961371 的 MetaResult 级作者属性。
[OK] 作者 327961371 抓取完成：粉丝 642206, 关注 205, 公开视频 2452。
[108/2382] 正在抓取作者 499807827 的 MetaResult 级作者属性。
[OK] 作者 499807827 抓取完成：粉丝 220838, 关注 128, 公开视频 2386。
[109/2382] 正在抓取作者 1844873138 的 MetaResult 级作者属性。
[OK] 作者 1844873138 抓取完成：粉丝 337255, 关注 83, 公开视频 28。
[110/2382] 正在抓取作者 542507083 的 MetaResult 级作者属性。
[OK] 作者 542507083 抓取完成：粉丝 851121, 关注 83, 公开视频 724。
[111/2382] 正在抓取作者 3546897883073062 的 MetaResult 级作者属性。
[OK] 作者 3546897883073062 抓取完成：粉丝 9044, 关注 18, 公开视频 1460。
[112/2382] 正在抓取作者 522662017 的 MetaResult 级作者属性。
[OK] 作者 522662017 抓取完成：粉丝 471, 关注 560, 公开视频 45。
[113/2382] 正在抓取作者 3706948012738987 的 MetaResult 级作者属性。
[OK] 作者 3706948012738987 抓取完成：粉丝 8, 关注 0, 公开视频 4。
[114/2382] 正在抓取作者 3546674548968256 的 MetaResult 级作者属性。
[OK] 作者 3546674548968256 抓取完成：粉丝 1612, 关注 2834, 公开视频 89。
[115/2382] 正在抓取作者 72373107 的 MetaResult 级作者属性。
[OK] 作者 72373107 抓取完成：粉丝 115703, 关注 39, 公开视频 406。
[116/2382] 正在抓取作者 1361319841 的 MetaResult 级作者属性。
[OK] 作者 1361319841 抓取完成：粉丝 5453, 关注 11, 公开视频 238。
[117/2382] 正在抓取作者 2142273706 的 MetaResult 级作者属性。
[WARN] 作者 2142273706 触发风控相关报错（连续 1/5 次）：接口返回错误代码：-352，信息：风控校验失败。 {'code': -352, 'message': '风控校验失败', 'ttl': 1, 'data': {'v_voucher': 'voucher_2a462daa-31bc-4448-8fe6-e907d47ff22c'}}
[118/2382] 正在抓取作者 3690988025416614 的 MetaResult 级作者属性。
[WARN] 作者 3690988025416614 触发风控相关报错（连续 2/5 次）：接口返回错误代码：-352，信息：风控校验失败。 {'code': -352, 'message': '风控校验失败', 'ttl': 1, 'data': {'v_voucher': 'voucher_33548735-08d1-4bfe-96c9-52dc48ef6a9a'}}
[119/2382] 正在抓取作者 3546952247544089 的 MetaResult 级作者属性。
[WARN] 作者 3546952247544089 触发风控相关报错（连续 3/5 次）：接口返回错误代码：-352，信息：风控校验失败。 {'code': -352, 'message': '风控校验失败', 'ttl': 1, 'data': {'v_voucher': 'voucher_eab4bacb-23b4-469c-acb3-93434d4698bc'}}
[120/2382] 正在抓取作者 238047060 的 MetaResult 级作者属性。
[OK] 作者 238047060 抓取完成：粉丝 83872, 关注 121, 公开视频 76。
[121/2382] 正在抓取作者 336624625 的 MetaResult 级作者属性。
[WARN] 作者 336624625 触发风控相关报错（连续 1/5 次）：接口返回错误代码：-352，信息：风控校验失败。 {'code': -352, 'message': '风控校验失败', 'ttl': 1, 'data': {'v_voucher': 'voucher_394d0905-b37a-45df-a1a5-32e3bc3035e0'}}
[122/2382] 正在抓取作者 3546957628836153 的 MetaResult 级作者属性。
[WARN] 作者 3546957628836153 触发风控相关报错（连续 2/5 次）：接口返回错误代码：-352，信息：风控校验失败。 {'code': -352, 'message': '风控校验失败', 'ttl': 1, 'data': {'v_voucher': 'voucher_ec0bcae8-904d-40a0-a1a8-4fbb9d70b5af'}}
[123/2382] 正在抓取作者 1289442368 的 MetaResult 级作者属性。
[WARN] 作者 1289442368 触发风控相关报错（连续 3/5 次）：接口返回错误代码：-352，信息：风控校验失败。 {'code': -352, 'message': '风控校验失败', 'ttl': 1, 'data': {'v_voucher': 'voucher_201b55e8-6210-48a5-8e6d-38ece8a38e3e'}}
[124/2382] 正在抓取作者 1493848769 的 MetaResult 级作者属性。
[WARN] 作者 1493848769 触发风控相关报错（连续 4/5 次）：接口返回错误代码：-352，信息：风控校验失败。 {'code': -352, 'message': '风控校验失败', 'ttl': 1, 'data': {'v_voucher': 'voucher_68522401-b159-4c06-8662-25870a9e091e'}}
[125/2382] 正在抓取作者 178757758 的 MetaResult 级作者属性。
[WARN] 作者 178757758 触发风控相关报错（连续 5/5 次）：接口返回错误代码：-352，信息：风控校验失败。 {'code': -352, 'message': '风控校验失败', 'ttl': 1, 'data': {'v_voucher': 'voucher_750b3d57-5a2b-4234-bc97-9d71646d953e'}}
[INFO] 已保存当前累计扩充作者列表：outputs/author_refinements/author_refinement_20260330_161802/expanded_author_list_accumulated.csv
[WARN] 已导出剩余待爬作者列表：outputs/author_refinements/author_refinement_20260330_161802/remaining_authors_part_6.csv
[INFO] 当前 part 因连续风控报错达到阈值而暂停；已开启睡眠续跑，将在 3 分钟后自动进入下一个 part。
[INFO] 开始执行 author_refinement part_7，待处理作者数 2258。
[1/2258] 正在抓取作者 178757758 的 MetaResult 级作者属性。
[OK] 作者 178757758 抓取完成：粉丝 26499, 关注 4982, 公开视频 608。
[2/2258] 正在抓取作者 536084866 的 MetaResult 级作者属性。
[OK] 作者 536084866 抓取完成：粉丝 18497, 关注 1074, 公开视频 200。
[3/2258] 正在抓取作者 1717949040 的 MetaResult 级作者属性。
[OK] 作者 1717949040 抓取完成：粉丝 46729, 关注 280, 公开视频 746。
[4/2258] 正在抓取作者 35063612 的 MetaResult 级作者属性。
[OK] 作者 35063612 抓取完成：粉丝 253470, 关注 272, 公开视频 668。
[5/2258] 正在抓取作者 415509711 的 MetaResult 级作者属性。
[OK] 作者 415509711 抓取完成：粉丝 299457, 关注 40, 公开视频 1136。
[6/2258] 正在抓取作者 95414147 的 MetaResult 级作者属性。
[OK] 作者 95414147 抓取完成：粉丝 514640, 关注 217, 公开视频 660。
[7/2258] 正在抓取作者 2072681154 的 MetaResult 级作者属性。
[OK] 作者 2072681154 抓取完成：粉丝 18, 关注 23, 公开视频 3。
[8/2258] 正在抓取作者 3546923405412576 的 MetaResult 级作者属性。
[OK] 作者 3546923405412576 抓取完成：粉丝 14974, 关注 254, 公开视频 192。
[9/2258] 正在抓取作者 544082310 的 MetaResult 级作者属性。
[OK] 作者 544082310 抓取完成：粉丝 236, 关注 33, 公开视频 37。
[10/2258] 正在抓取作者 20497251 的 MetaResult 级作者属性。
[OK] 作者 20497251 抓取完成：粉丝 74074, 关注 134, 公开视频 213。
[11/2258] 正在抓取作者 2087796022 的 MetaResult 级作者属性。
[OK] 作者 2087796022 抓取完成：粉丝 313, 关注 229, 公开视频 38。
[12/2258] 正在抓取作者 291212829 的 MetaResult 级作者属性。
[OK] 作者 291212829 抓取完成：粉丝 16158, 关注 96, 公开视频 52。
[13/2258] 正在抓取作者 3546980009642679 的 MetaResult 级作者属性。
[OK] 作者 3546980009642679 抓取完成：粉丝 1415, 关注 65, 公开视频 19。
[14/2258] 正在抓取作者 3546856279772012 的 MetaResult 级作者属性。
[OK] 作者 3546856279772012 抓取完成：粉丝 12367, 关注 43, 公开视频 223。
[15/2258] 正在抓取作者 516943269 的 MetaResult 级作者属性。
[OK] 作者 516943269 抓取完成：粉丝 3165, 关注 966, 公开视频 48。
[16/2258] 正在抓取作者 1846212775 的 MetaResult 级作者属性。
[OK] 作者 1846212775 抓取完成：粉丝 3079, 关注 4976, 公开视频 40。
[17/2258] 正在抓取作者 1756124866 的 MetaResult 级作者属性。
[OK] 作者 1756124866 抓取完成：粉丝 4726, 关注 1432, 公开视频 63。
[18/2258] 正在抓取作者 6006696 的 MetaResult 级作者属性。
[OK] 作者 6006696 抓取完成：粉丝 27, 关注 44, 公开视频 1。
[19/2258] 正在抓取作者 5878572 的 MetaResult 级作者属性。
[OK] 作者 5878572 抓取完成：粉丝 667253, 关注 318, 公开视频 342。
[20/2258] 正在抓取作者 15270251 的 MetaResult 级作者属性。
[OK] 作者 15270251 抓取完成：粉丝 38857, 关注 76, 公开视频 16。
[21/2258] 正在抓取作者 436130052 的 MetaResult 级作者属性。
[OK] 作者 436130052 抓取完成：粉丝 55111, 关注 45, 公开视频 194。
[22/2258] 正在抓取作者 3493279559584443 的 MetaResult 级作者属性。
[OK] 作者 3493279559584443 抓取完成：粉丝 111190, 关注 79, 公开视频 185。
[23/2258] 正在抓取作者 606691076 的 MetaResult 级作者属性。
[OK] 作者 606691076 抓取完成：粉丝 380, 关注 41, 公开视频 4。
[24/2258] 正在抓取作者 3493113102338747 的 MetaResult 级作者属性。
[OK] 作者 3493113102338747 抓取完成：粉丝 2595, 关注 60, 公开视频 45。
[25/2258] 正在抓取作者 1796627954 的 MetaResult 级作者属性。
[OK] 作者 1796627954 抓取完成：粉丝 72140, 关注 110, 公开视频 188。
[26/2258] 正在抓取作者 1227246511 的 MetaResult 级作者属性。
[OK] 作者 1227246511 抓取完成：粉丝 415, 关注 213, 公开视频 10。
[27/2258] 正在抓取作者 429908251 的 MetaResult 级作者属性。
[OK] 作者 429908251 抓取完成：粉丝 213805, 关注 133, 公开视频 177。
[28/2258] 正在抓取作者 15773384 的 MetaResult 级作者属性。
[OK] 作者 15773384 抓取完成：粉丝 8338043, 关注 75, 公开视频 5248。
[29/2258] 正在抓取作者 207539637 的 MetaResult 级作者属性。
[OK] 作者 207539637 抓取完成：粉丝 810375, 关注 61, 公开视频 9617。
[30/2258] 正在抓取作者 3493095513524633 的 MetaResult 级作者属性。
[OK] 作者 3493095513524633 抓取完成：粉丝 1027, 关注 890, 公开视频 6。
[31/2258] 正在抓取作者 1516870015 的 MetaResult 级作者属性。
[OK] 作者 1516870015 抓取完成：粉丝 2090, 关注 13, 公开视频 45。
[32/2258] 正在抓取作者 3537105588324927 的 MetaResult 级作者属性。
[OK] 作者 3537105588324927 抓取完成：粉丝 2600, 关注 9, 公开视频 47。
[33/2258] 正在抓取作者 256969701 的 MetaResult 级作者属性。
[OK] 作者 256969701 抓取完成：粉丝 6054, 关注 253, 公开视频 56。
[34/2258] 正在抓取作者 3537105011608049 的 MetaResult 级作者属性。
[OK] 作者 3537105011608049 抓取完成：粉丝 514, 关注 357, 公开视频 41。
[35/2258] 正在抓取作者 513625460 的 MetaResult 级作者属性。
[OK] 作者 513625460 抓取完成：粉丝 18327, 关注 104, 公开视频 328。
[36/2258] 正在抓取作者 662240122 的 MetaResult 级作者属性。
[OK] 作者 662240122 抓取完成：粉丝 2720, 关注 41, 公开视频 39。
[37/2258] 正在抓取作者 385079052 的 MetaResult 级作者属性。
[OK] 作者 385079052 抓取完成：粉丝 20130, 关注 27, 公开视频 124。
[38/2258] 正在抓取作者 7730254 的 MetaResult 级作者属性。
[OK] 作者 7730254 抓取完成：粉丝 73668, 关注 240, 公开视频 158。
[39/2258] 正在抓取作者 3546748012202358 的 MetaResult 级作者属性。
[OK] 作者 3546748012202358 抓取完成：粉丝 1216, 关注 22, 公开视频 27。
[40/2258] 正在抓取作者 3888474 的 MetaResult 级作者属性。
[OK] 作者 3888474 抓取完成：粉丝 3241, 关注 1253, 公开视频 20。
[41/2258] 正在抓取作者 17620039 的 MetaResult 级作者属性。
[OK] 作者 17620039 抓取完成：粉丝 2636, 关注 320, 公开视频 31。
[42/2258] 正在抓取作者 26856905 的 MetaResult 级作者属性。
[OK] 作者 26856905 抓取完成：粉丝 4209, 关注 17, 公开视频 2793。
[43/2258] 正在抓取作者 89050683 的 MetaResult 级作者属性。
[OK] 作者 89050683 抓取完成：粉丝 3253, 关注 104, 公开视频 8。
[44/2258] 正在抓取作者 662495171 的 MetaResult 级作者属性。
[OK] 作者 662495171 抓取完成：粉丝 2234, 关注 145, 公开视频 21。
[45/2258] 正在抓取作者 203987481 的 MetaResult 级作者属性。
[OK] 作者 203987481 抓取完成：粉丝 35054, 关注 137, 公开视频 145。
[46/2258] 正在抓取作者 31592940 的 MetaResult 级作者属性。
[OK] 作者 31592940 抓取完成：粉丝 379, 关注 319, 公开视频 11。
[47/2258] 正在抓取作者 270494247 的 MetaResult 级作者属性。
[OK] 作者 270494247 抓取完成：粉丝 1126374, 关注 278, 公开视频 506。
[48/2258] 正在抓取作者 544252315 的 MetaResult 级作者属性。
[OK] 作者 544252315 抓取完成：粉丝 3500, 关注 648, 公开视频 92。
[49/2258] 正在抓取作者 1072842577 的 MetaResult 级作者属性。
[OK] 作者 1072842577 抓取完成：粉丝 4415, 关注 585, 公开视频 54。
[50/2258] 正在抓取作者 1358058574 的 MetaResult 级作者属性。
[OK] 作者 1358058574 抓取完成：粉丝 4344, 关注 28, 公开视频 75。
[51/2258] 正在抓取作者 586601676 的 MetaResult 级作者属性。
[OK] 作者 586601676 抓取完成：粉丝 5728, 关注 1807, 公开视频 80。
[52/2258] 正在抓取作者 507654072 的 MetaResult 级作者属性。
[OK] 作者 507654072 抓取完成：粉丝 3817, 关注 656, 公开视频 100。
[53/2258] 正在抓取作者 3546646839298348 的 MetaResult 级作者属性。
[OK] 作者 3546646839298348 抓取完成：粉丝 25021, 关注 33, 公开视频 444。
[54/2258] 正在抓取作者 269343474 的 MetaResult 级作者属性。
[OK] 作者 269343474 抓取完成：粉丝 100542, 关注 64, 公开视频 186。
[55/2258] 正在抓取作者 391636983 的 MetaResult 级作者属性。
[OK] 作者 391636983 抓取完成：粉丝 247704, 关注 210, 公开视频 961。
[56/2258] 正在抓取作者 16210268 的 MetaResult 级作者属性。
[OK] 作者 16210268 抓取完成：粉丝 1528, 关注 739, 公开视频 103。
[57/2258] 正在抓取作者 5645869 的 MetaResult 级作者属性。
[OK] 作者 5645869 抓取完成：粉丝 151395, 关注 196, 公开视频 415。
[58/2258] 正在抓取作者 408461431 的 MetaResult 级作者属性。
[OK] 作者 408461431 抓取完成：粉丝 60618, 关注 443, 公开视频 22。
[59/2258] 正在抓取作者 91285308 的 MetaResult 级作者属性。
[OK] 作者 91285308 抓取完成：粉丝 226905, 关注 103, 公开视频 245。
[60/2258] 正在抓取作者 1785904383 的 MetaResult 级作者属性。
[OK] 作者 1785904383 抓取完成：粉丝 19538, 关注 110, 公开视频 133。
[61/2258] 正在抓取作者 517756701 的 MetaResult 级作者属性。
[OK] 作者 517756701 抓取完成：粉丝 855155, 关注 418, 公开视频 372。
[62/2258] 正在抓取作者 68989669 的 MetaResult 级作者属性。
[OK] 作者 68989669 抓取完成：粉丝 9421, 关注 412, 公开视频 280。
[63/2258] 正在抓取作者 196808325 的 MetaResult 级作者属性。
[OK] 作者 196808325 抓取完成：粉丝 2447, 关注 175, 公开视频 5。
[64/2258] 正在抓取作者 42291237 的 MetaResult 级作者属性。
[OK] 作者 42291237 抓取完成：粉丝 8829, 关注 660, 公开视频 218。
[65/2258] 正在抓取作者 291547086 的 MetaResult 级作者属性。
[OK] 作者 291547086 抓取完成：粉丝 7174, 关注 44, 公开视频 1387。
[66/2258] 正在抓取作者 506539346 的 MetaResult 级作者属性。
[OK] 作者 506539346 抓取完成：粉丝 1901, 关注 4, 公开视频 37。
[67/2258] 正在抓取作者 696930569 的 MetaResult 级作者属性。
[OK] 作者 696930569 抓取完成：粉丝 152187, 关注 40, 公开视频 192。
[68/2258] 正在抓取作者 9070204 的 MetaResult 级作者属性。
[OK] 作者 9070204 抓取完成：粉丝 57896, 关注 244, 公开视频 513。
[69/2258] 正在抓取作者 106751373 的 MetaResult 级作者属性。
[OK] 作者 106751373 抓取完成：粉丝 1387, 关注 95, 公开视频 36。
[70/2258] 正在抓取作者 30380767 的 MetaResult 级作者属性。
[OK] 作者 30380767 抓取完成：粉丝 17411, 关注 39, 公开视频 247。
[71/2258] 正在抓取作者 1648176029 的 MetaResult 级作者属性。
[OK] 作者 1648176029 抓取完成：粉丝 67, 关注 277, 公开视频 19。
[72/2258] 正在抓取作者 496091344 的 MetaResult 级作者属性。
[OK] 作者 496091344 抓取完成：粉丝 294720, 关注 75, 公开视频 429。
[73/2258] 正在抓取作者 24836930 的 MetaResult 级作者属性。
[OK] 作者 24836930 抓取完成：粉丝 50738, 关注 3218, 公开视频 375。
[74/2258] 正在抓取作者 336215472 的 MetaResult 级作者属性。
[OK] 作者 336215472 抓取完成：粉丝 19989, 关注 125, 公开视频 518。
[75/2258] 正在抓取作者 360602803 的 MetaResult 级作者属性。
[OK] 作者 360602803 抓取完成：粉丝 1217, 关注 608, 公开视频 39。
[76/2258] 正在抓取作者 2642171 的 MetaResult 级作者属性。
[OK] 作者 2642171 抓取完成：粉丝 335923, 关注 997, 公开视频 913。
[77/2258] 正在抓取作者 12488618 的 MetaResult 级作者属性。
[OK] 作者 12488618 抓取完成：粉丝 528334, 关注 524, 公开视频 1762。
[78/2258] 正在抓取作者 1861182696 的 MetaResult 级作者属性。
[OK] 作者 1861182696 抓取完成：粉丝 6560, 关注 381, 公开视频 392。
[79/2258] 正在抓取作者 379212486 的 MetaResult 级作者属性。
[OK] 作者 379212486 抓取完成：粉丝 2350, 关注 3140, 公开视频 8。
[80/2258] 正在抓取作者 203230210 的 MetaResult 级作者属性。
[OK] 作者 203230210 抓取完成：粉丝 3132, 关注 200, 公开视频 78。
[81/2258] 正在抓取作者 45792199 的 MetaResult 级作者属性。
[OK] 作者 45792199 抓取完成：粉丝 10338, 关注 29, 公开视频 112。
[82/2258] 正在抓取作者 1429937806 的 MetaResult 级作者属性。
[OK] 作者 1429937806 抓取完成：粉丝 70222, 关注 14, 公开视频 1096。
[83/2258] 正在抓取作者 506639733 的 MetaResult 级作者属性。
[OK] 作者 506639733 抓取完成：粉丝 551, 关注 116, 公开视频 62。
[84/2258] 正在抓取作者 3546619769260163 的 MetaResult 级作者属性。
[OK] 作者 3546619769260163 抓取完成：粉丝 15657, 关注 997, 公开视频 21。
[85/2258] 正在抓取作者 485737560 的 MetaResult 级作者属性。
[OK] 作者 485737560 抓取完成：粉丝 52444, 关注 558, 公开视频 143。
[86/2258] 正在抓取作者 11129750 的 MetaResult 级作者属性。
[OK] 作者 11129750 抓取完成：粉丝 14145, 关注 170, 公开视频 32。
[87/2258] 正在抓取作者 167260418 的 MetaResult 级作者属性。
[OK] 作者 167260418 抓取完成：粉丝 196, 关注 426, 公开视频 9。
[88/2258] 正在抓取作者 22644194 的 MetaResult 级作者属性。
[OK] 作者 22644194 抓取完成：粉丝 7838, 关注 1654, 公开视频 61。
[89/2258] 正在抓取作者 50160809 的 MetaResult 级作者属性。
[OK] 作者 50160809 抓取完成：粉丝 13004, 关注 0, 公开视频 2187。
[90/2258] 正在抓取作者 620714457 的 MetaResult 级作者属性。
[OK] 作者 620714457 抓取完成：粉丝 5705, 关注 322, 公开视频 92。
[91/2258] 正在抓取作者 398418264 的 MetaResult 级作者属性。
[OK] 作者 398418264 抓取完成：粉丝 23614, 关注 866, 公开视频 262。
[92/2258] 正在抓取作者 515993 的 MetaResult 级作者属性。
[OK] 作者 515993 抓取完成：粉丝 3959073, 关注 277, 公开视频 395。
[93/2258] 正在抓取作者 492933660 的 MetaResult 级作者属性。
[OK] 作者 492933660 抓取完成：粉丝 2078, 关注 15, 公开视频 238。
[94/2258] 正在抓取作者 1817281819 的 MetaResult 级作者属性。
[OK] 作者 1817281819 抓取完成：粉丝 3676, 关注 29, 公开视频 54。
[95/2258] 正在抓取作者 400121455 的 MetaResult 级作者属性。
[OK] 作者 400121455 抓取完成：粉丝 21219, 关注 100, 公开视频 190。
[96/2258] 正在抓取作者 413726711 的 MetaResult 级作者属性。
[OK] 作者 413726711 抓取完成：粉丝 560, 关注 369, 公开视频 235。
[97/2258] 正在抓取作者 3706942671292771 的 MetaResult 级作者属性。
[OK] 作者 3706942671292771 抓取完成：粉丝 6407, 关注 0, 公开视频 1。
[98/2258] 正在抓取作者 1963950355 的 MetaResult 级作者属性。
[OK] 作者 1963950355 抓取完成：粉丝 52, 关注 238, 公开视频 2。
[99/2258] 正在抓取作者 360197 的 MetaResult 级作者属性。
[OK] 作者 360197 抓取完成：粉丝 96, 关注 1151, 公开视频 3。
[100/2258] 正在抓取作者 405857959 的 MetaResult 级作者属性。
[OK] 作者 405857959 抓取完成：粉丝 28005, 关注 84, 公开视频 242。
[101/2258] 正在抓取作者 1167827504 的 MetaResult 级作者属性。
[OK] 作者 1167827504 抓取完成：粉丝 10, 关注 8, 公开视频 13。
[102/2258] 正在抓取作者 455009957 的 MetaResult 级作者属性。
[OK] 作者 455009957 抓取完成：粉丝 674099, 关注 207, 公开视频 76。
[103/2258] 正在抓取作者 400112035 的 MetaResult 级作者属性。
[OK] 作者 400112035 抓取完成：粉丝 232807, 关注 43, 公开视频 230。
[104/2258] 正在抓取作者 661899428 的 MetaResult 级作者属性。
[OK] 作者 661899428 抓取完成：粉丝 10382, 关注 118, 公开视频 167。
[105/2258] 正在抓取作者 3546959587576752 的 MetaResult 级作者属性。
[OK] 作者 3546959587576752 抓取完成：粉丝 35860, 关注 8, 公开视频 243。
[106/2258] 正在抓取作者 28734721 的 MetaResult 级作者属性。
[OK] 作者 28734721 抓取完成：粉丝 148815, 关注 100, 公开视频 387。
[107/2258] 正在抓取作者 3546824786840533 的 MetaResult 级作者属性。
[OK] 作者 3546824786840533 抓取完成：粉丝 185211, 关注 8, 公开视频 328。
[108/2258] 正在抓取作者 3546919938820508 的 MetaResult 级作者属性。
[OK] 作者 3546919938820508 抓取完成：粉丝 146, 关注 56, 公开视频 186。
[109/2258] 正在抓取作者 411316775 的 MetaResult 级作者属性。
[OK] 作者 411316775 抓取完成：粉丝 1198, 关注 6, 公开视频 320。
[110/2258] 正在抓取作者 358179619 的 MetaResult 级作者属性。
[OK] 作者 358179619 抓取完成：粉丝 2595, 关注 448, 公开视频 81。
[111/2258] 正在抓取作者 1394577746 的 MetaResult 级作者属性。
[OK] 作者 1394577746 抓取完成：粉丝 1128, 关注 100, 公开视频 115。
[112/2258] 正在抓取作者 3546931829672190 的 MetaResult 级作者属性。
[OK] 作者 3546931829672190 抓取完成：粉丝 1988, 关注 15, 公开视频 562。
[113/2258] 正在抓取作者 454630606 的 MetaResult 级作者属性。
[OK] 作者 454630606 抓取完成：粉丝 130246, 关注 2154, 公开视频 67。
[114/2258] 正在抓取作者 2004161392 的 MetaResult 级作者属性。
[WARN] 作者 2004161392 触发风控相关报错（连续 1/5 次）：接口返回错误代码：-352，信息：风控校验失败。 {'code': -352, 'message': '风控校验失败', 'ttl': 1, 'data': {'v_voucher': 'voucher_e8baecac-8b76-4fff-88a9-e2debae9b850'}}
[115/2258] 正在抓取作者 3546935562603392 的 MetaResult 级作者属性。
[WARN] 作者 3546935562603392 触发风控相关报错（连续 2/5 次）：接口返回错误代码：-352，信息：风控校验失败。 {'code': -352, 'message': '风控校验失败', 'ttl': 1, 'data': {'v_voucher': 'voucher_c98ab02a-22ab-4236-ae99-3bcb7fcd027a'}}
[116/2258] 正在抓取作者 2029139912 的 MetaResult 级作者属性。
[WARN] 作者 2029139912 触发风控相关报错（连续 3/5 次）：接口返回错误代码：-352，信息：风控校验失败。 {'code': -352, 'message': '风控校验失败', 'ttl': 1, 'data': {'v_voucher': 'voucher_d183318d-04fa-4adf-859a-e21e2b105a44'}}
[117/2258] 正在抓取作者 3632313669781533 的 MetaResult 级作者属性。
[WARN] 作者 3632313669781533 触发风控相关报错（连续 4/5 次）：接口返回错误代码：-352，信息：风控校验失败。 {'code': -352, 'message': '风控校验失败', 'ttl': 1, 'data': {'v_voucher': 'voucher_dac5065a-42ce-4def-a7a4-453e2abf0a51'}}
[118/2258] 正在抓取作者 3546846039378676 的 MetaResult 级作者属性。
[WARN] 作者 3546846039378676 触发风控相关报错（连续 5/5 次）：接口返回错误代码：-352，信息：风控校验失败。 {'code': -352, 'message': '风控校验失败', 'ttl': 1, 'data': {'v_voucher': 'voucher_71d8bdb5-842c-4067-abea-aa48acb345e1'}}
[INFO] 已保存当前累计扩充作者列表：outputs/author_refinements/author_refinement_20260330_161802/expanded_author_list_accumulated.csv
[WARN] 已导出剩余待爬作者列表：outputs/author_refinements/author_refinement_20260330_161802/remaining_authors_part_7.csv
[TIMESTAMP][END] 2026-03-30T21:16:23
