[TIMESTAMP][BEGIN] 2026-03-30T20:32:01
[INFO] 识别到已有作者洞察任务：outputs/author_refinements/author_refinement_20260330_161802，本次将续跑为 part_4。
[INFO] 开始执行 author_refinement part_4，待处理作者数 2639。
[1/2639] 正在抓取作者 3546778108431254 的 MetaResult 级作者属性。
[OK] 作者 3546778108431254 抓取完成：粉丝 18367, 关注 5, 公开视频 25。
[2/2639] 正在抓取作者 1352644070 的 MetaResult 级作者属性。
[OK] 作者 1352644070 抓取完成：粉丝 138531, 关注 11, 公开视频 26。
[3/2639] 正在抓取作者 489763089 的 MetaResult 级作者属性。
[OK] 作者 489763089 抓取完成：粉丝 2133795, 关注 54, 公开视频 140。
[4/2639] 正在抓取作者 5687194 的 MetaResult 级作者属性。
[OK] 作者 5687194 抓取完成：粉丝 680757, 关注 402, 公开视频 285。
[5/2639] 正在抓取作者 283857119 的 MetaResult 级作者属性。
[OK] 作者 283857119 抓取完成：粉丝 290588, 关注 1060, 公开视频 382。
[6/2639] 正在抓取作者 28880583 的 MetaResult 级作者属性。
[OK] 作者 28880583 抓取完成：粉丝 726846, 关注 250, 公开视频 656。
[7/2639] 正在抓取作者 626796832 的 MetaResult 级作者属性。
[OK] 作者 626796832 抓取完成：粉丝 1786820, 关注 14, 公开视频 135。
[8/2639] 正在抓取作者 480972013 的 MetaResult 级作者属性。
[OK] 作者 480972013 抓取完成：粉丝 46292, 关注 63, 公开视频 390。
[9/2639] 正在抓取作者 1659651634 的 MetaResult 级作者属性。
[OK] 作者 1659651634 抓取完成：粉丝 3550619, 关注 30, 公开视频 948。
[10/2639] 正在抓取作者 2948981 的 MetaResult 级作者属性。
[OK] 作者 2948981 抓取完成：粉丝 1337316, 关注 334, 公开视频 251。
[11/2639] 正在抓取作者 302338318 的 MetaResult 级作者属性。
[OK] 作者 302338318 抓取完成：粉丝 2197347, 关注 29, 公开视频 274。
[12/2639] 正在抓取作者 11146869 的 MetaResult 级作者属性。
[OK] 作者 11146869 抓取完成：粉丝 408923, 关注 187, 公开视频 1114。
[13/2639] 正在抓取作者 3632317247523083 的 MetaResult 级作者属性。
[OK] 作者 3632317247523083 抓取完成：粉丝 8123, 关注 1, 公开视频 74。
[14/2639] 正在抓取作者 652137183 的 MetaResult 级作者属性。
[OK] 作者 652137183 抓取完成：粉丝 891175, 关注 497, 公开视频 153。
[15/2639] 正在抓取作者 22035899 的 MetaResult 级作者属性。
[OK] 作者 22035899 抓取完成：粉丝 1313579, 关注 31, 公开视频 112。
[16/2639] 正在抓取作者 73528331 的 MetaResult 级作者属性。
[OK] 作者 73528331 抓取完成：粉丝 3552009, 关注 89, 公开视频 376。
[17/2639] 正在抓取作者 21132494 的 MetaResult 级作者属性。
[OK] 作者 21132494 抓取完成：粉丝 858136, 关注 431, 公开视频 387。
[18/2639] 正在抓取作者 433253328 的 MetaResult 级作者属性。
[OK] 作者 433253328 抓取完成：粉丝 1924, 关注 20, 公开视频 2。
[19/2639] 正在抓取作者 1192648858 的 MetaResult 级作者属性。
[OK] 作者 1192648858 抓取完成：粉丝 1377190, 关注 11, 公开视频 55。
[20/2639] 正在抓取作者 363614310 的 MetaResult 级作者属性。
[OK] 作者 363614310 抓取完成：粉丝 5205, 关注 658, 公开视频 25。
[21/2639] 正在抓取作者 423517587 的 MetaResult 级作者属性。
[OK] 作者 423517587 抓取完成：粉丝 1299224, 关注 460, 公开视频 1129。
[22/2639] 正在抓取作者 490265189 的 MetaResult 级作者属性。
[OK] 作者 490265189 抓取完成：粉丝 718822, 关注 2388, 公开视频 267。
[23/2639] 正在抓取作者 578425533 的 MetaResult 级作者属性。
[OK] 作者 578425533 抓取完成：粉丝 1639686, 关注 37, 公开视频 263。
[24/2639] 正在抓取作者 3706947633154744 的 MetaResult 级作者属性。
[OK] 作者 3706947633154744 抓取完成：粉丝 44066, 关注 3, 公开视频 12。
[25/2639] 正在抓取作者 3493260618106936 的 MetaResult 级作者属性。
[OK] 作者 3493260618106936 抓取完成：粉丝 3937173, 关注 247, 公开视频 432。
[26/2639] 正在抓取作者 75480955 的 MetaResult 级作者属性。
[OK] 作者 75480955 抓取完成：粉丝 1100330, 关注 439, 公开视频 778。
[27/2639] 正在抓取作者 50329118 的 MetaResult 级作者属性。
[OK] 作者 50329118 抓取完成：粉丝 16749386, 关注 109, 公开视频 7232。
[28/2639] 正在抓取作者 6731340 的 MetaResult 级作者属性。
[OK] 作者 6731340 抓取完成：粉丝 520400, 关注 608, 公开视频 407。
[29/2639] 正在抓取作者 429741851 的 MetaResult 级作者属性。
[OK] 作者 429741851 抓取完成：粉丝 2875780, 关注 312, 公开视频 683。
[30/2639] 正在抓取作者 1311817318 的 MetaResult 级作者属性。
[OK] 作者 1311817318 抓取完成：粉丝 116737, 关注 186, 公开视频 38。
[31/2639] 正在抓取作者 513305949 的 MetaResult 级作者属性。
[OK] 作者 513305949 抓取完成：粉丝 1535274, 关注 0, 公开视频 943。
[32/2639] 正在抓取作者 1742004653 的 MetaResult 级作者属性。
[OK] 作者 1742004653 抓取完成：粉丝 1019985, 关注 55, 公开视频 99。
[33/2639] 正在抓取作者 486314742 的 MetaResult 级作者属性。
[OK] 作者 486314742 抓取完成：粉丝 199204, 关注 7, 公开视频 319。
[34/2639] 正在抓取作者 20147323 的 MetaResult 级作者属性。
[OK] 作者 20147323 抓取完成：粉丝 55058, 关注 74, 公开视频 21。
[35/2639] 正在抓取作者 597148617 的 MetaResult 级作者属性。
[OK] 作者 597148617 抓取完成：粉丝 382965, 关注 54, 公开视频 519。
[36/2639] 正在抓取作者 393130760 的 MetaResult 级作者属性。
[OK] 作者 393130760 抓取完成：粉丝 5202, 关注 106, 公开视频 12。
[37/2639] 正在抓取作者 487614876 的 MetaResult 级作者属性。
[OK] 作者 487614876 抓取完成：粉丝 1054840, 关注 49, 公开视频 14199。
[38/2639] 正在抓取作者 122397614 的 MetaResult 级作者属性。
[OK] 作者 122397614 抓取完成：粉丝 373577, 关注 207, 公开视频 228。
[39/2639] 正在抓取作者 13309001 的 MetaResult 级作者属性。
[OK] 作者 13309001 抓取完成：粉丝 896201, 关注 31, 公开视频 766。
[40/2639] 正在抓取作者 3493295168686834 的 MetaResult 级作者属性。
[OK] 作者 3493295168686834 抓取完成：粉丝 37523, 关注 21, 公开视频 1。
[41/2639] 正在抓取作者 626752044 的 MetaResult 级作者属性。
[OK] 作者 626752044 抓取完成：粉丝 1229572, 关注 15, 公开视频 809。
[42/2639] 正在抓取作者 2081380951 的 MetaResult 级作者属性。
[OK] 作者 2081380951 抓取完成：粉丝 196418, 关注 10, 公开视频 2877。
[43/2639] 正在抓取作者 2776060 的 MetaResult 级作者属性。
[OK] 作者 2776060 抓取完成：粉丝 424833, 关注 1130, 公开视频 701。
[44/2639] 正在抓取作者 6927351 的 MetaResult 级作者属性。
[OK] 作者 6927351 抓取完成：粉丝 486241, 关注 80, 公开视频 382。
[45/2639] 正在抓取作者 14890801 的 MetaResult 级作者属性。
[OK] 作者 14890801 抓取完成：粉丝 2116017, 关注 147, 公开视频 1343。
[46/2639] 正在抓取作者 702277711 的 MetaResult 级作者属性。
[OK] 作者 702277711 抓取完成：粉丝 99035, 关注 73, 公开视频 17。
[47/2639] 正在抓取作者 389245745 的 MetaResult 级作者属性。
[OK] 作者 389245745 抓取完成：粉丝 822399, 关注 138, 公开视频 262。
[48/2639] 正在抓取作者 211005705 的 MetaResult 级作者属性。
[OK] 作者 211005705 抓取完成：粉丝 4610685, 关注 522, 公开视频 1688。
[49/2639] 正在抓取作者 392836434 的 MetaResult 级作者属性。
[OK] 作者 392836434 抓取完成：粉丝 6571606, 关注 83, 公开视频 5065。
[50/2639] 正在抓取作者 3546697214986916 的 MetaResult 级作者属性。
[OK] 作者 3546697214986916 抓取完成：粉丝 163238, 关注 5, 公开视频 326。
[51/2639] 正在抓取作者 1640739521 的 MetaResult 级作者属性。
[OK] 作者 1640739521 抓取完成：粉丝 1280470, 关注 14, 公开视频 344。
[52/2639] 正在抓取作者 3546859773626751 的 MetaResult 级作者属性。
[OK] 作者 3546859773626751 抓取完成：粉丝 6537, 关注 0, 公开视频 301。
[53/2639] 正在抓取作者 90677065 的 MetaResult 级作者属性。
[OK] 作者 90677065 抓取完成：粉丝 44674, 关注 118, 公开视频 31。
[54/2639] 正在抓取作者 222628253 的 MetaResult 级作者属性。
[OK] 作者 222628253 抓取完成：粉丝 136735, 关注 274, 公开视频 120。
[55/2639] 正在抓取作者 3493130514991457 的 MetaResult 级作者属性。
[OK] 作者 3493130514991457 抓取完成：粉丝 46436, 关注 13, 公开视频 46。
[56/2639] 正在抓取作者 474853499 的 MetaResult 级作者属性。
[OK] 作者 474853499 抓取完成：粉丝 3209423, 关注 23, 公开视频 509。
[57/2639] 正在抓取作者 40262014 的 MetaResult 级作者属性。
[OK] 作者 40262014 抓取完成：粉丝 413503, 关注 56, 公开视频 198。
[58/2639] 正在抓取作者 173305 的 MetaResult 级作者属性。
[OK] 作者 173305 抓取完成：粉丝 299081, 关注 453, 公开视频 318。
[59/2639] 正在抓取作者 512087790 的 MetaResult 级作者属性。
[OK] 作者 512087790 抓取完成：粉丝 1029519, 关注 1191, 公开视频 1028。
[60/2639] 正在抓取作者 241679003 的 MetaResult 级作者属性。
[OK] 作者 241679003 抓取完成：粉丝 1436853, 关注 249, 公开视频 108。
[61/2639] 正在抓取作者 386406763 的 MetaResult 级作者属性。
[OK] 作者 386406763 抓取完成：粉丝 2323087, 关注 15, 公开视频 116。
[62/2639] 正在抓取作者 48455786 的 MetaResult 级作者属性。
[OK] 作者 48455786 抓取完成：粉丝 1605568, 关注 301, 公开视频 1211。
[63/2639] 正在抓取作者 593987248 的 MetaResult 级作者属性。
[OK] 作者 593987248 抓取完成：粉丝 229251, 关注 188, 公开视频 445。
[64/2639] 正在抓取作者 326257138 的 MetaResult 级作者属性。
[OK] 作者 326257138 抓取完成：粉丝 243946, 关注 28, 公开视频 38。
[65/2639] 正在抓取作者 9813844 的 MetaResult 级作者属性。
[OK] 作者 9813844 抓取完成：粉丝 210131, 关注 216, 公开视频 179。
[66/2639] 正在抓取作者 730732 的 MetaResult 级作者属性。
[OK] 作者 730732 抓取完成：粉丝 4285346, 关注 339, 公开视频 351。
[67/2639] 正在抓取作者 176037767 的 MetaResult 级作者属性。
[OK] 作者 176037767 抓取完成：粉丝 6165117, 关注 32, 公开视频 458。
[68/2639] 正在抓取作者 585267 的 MetaResult 级作者属性。
[OK] 作者 585267 抓取完成：粉丝 3902401, 关注 0, 公开视频 528。
[69/2639] 正在抓取作者 15377173 的 MetaResult 级作者属性。
[OK] 作者 15377173 抓取完成：粉丝 1242715, 关注 100, 公开视频 424。
[70/2639] 正在抓取作者 30194033 的 MetaResult 级作者属性。
[OK] 作者 30194033 抓取完成：粉丝 22621, 关注 54, 公开视频 59。
[71/2639] 正在抓取作者 9008159 的 MetaResult 级作者属性。
[OK] 作者 9008159 抓取完成：粉丝 3265087, 关注 470, 公开视频 348。
[72/2639] 正在抓取作者 3380239 的 MetaResult 级作者属性。
[OK] 作者 3380239 抓取完成：粉丝 4503303, 关注 229, 公开视频 251。
[73/2639] 正在抓取作者 17409016 的 MetaResult 级作者属性。
[OK] 作者 17409016 抓取完成：粉丝 2876864, 关注 254, 公开视频 118。
[74/2639] 正在抓取作者 354077280 的 MetaResult 级作者属性。
[OK] 作者 354077280 抓取完成：粉丝 943438, 关注 59, 公开视频 22024。
[75/2639] 正在抓取作者 8047632 的 MetaResult 级作者属性。
[OK] 作者 8047632 抓取完成：粉丝 4010783, 关注 78, 公开视频 260。
[76/2639] 正在抓取作者 617285 的 MetaResult 级作者属性。
[OK] 作者 617285 抓取完成：粉丝 2244829, 关注 715, 公开视频 537。
[77/2639] 正在抓取作者 401544129 的 MetaResult 级作者属性。
[OK] 作者 401544129 抓取完成：粉丝 208696, 关注 10, 公开视频 5。
[78/2639] 正在抓取作者 4162287 的 MetaResult 级作者属性。
[OK] 作者 4162287 抓取完成：粉丝 5603126, 关注 44, 公开视频 572。
[79/2639] 正在抓取作者 28642491 的 MetaResult 级作者属性。
[OK] 作者 28642491 抓取完成：粉丝 2774719, 关注 582, 公开视频 730。
[80/2639] 正在抓取作者 279991456 的 MetaResult 级作者属性。
[OK] 作者 279991456 抓取完成：粉丝 1723468, 关注 127, 公开视频 287。
[81/2639] 正在抓取作者 123938419 的 MetaResult 级作者属性。
[OK] 作者 123938419 抓取完成：粉丝 1805626, 关注 13, 公开视频 77。
[82/2639] 正在抓取作者 407045223 的 MetaResult 级作者属性。
[OK] 作者 407045223 抓取完成：粉丝 2421087, 关注 1595, 公开视频 1427。
[83/2639] 正在抓取作者 280793434 的 MetaResult 级作者属性。
[OK] 作者 280793434 抓取完成：粉丝 8124929, 关注 52, 公开视频 229。
[84/2639] 正在抓取作者 375375 的 MetaResult 级作者属性。
[OK] 作者 375375 抓取完成：粉丝 7205730, 关注 72, 公开视频 92。
[85/2639] 正在抓取作者 808171 的 MetaResult 级作者属性。
[OK] 作者 808171 抓取完成：粉丝 2595089, 关注 248, 公开视频 711。
[86/2639] 正在抓取作者 27259842 的 MetaResult 级作者属性。
[OK] 作者 27259842 抓取完成：粉丝 237515, 关注 97, 公开视频 309。
[87/2639] 正在抓取作者 122879 的 MetaResult 级作者属性。
[OK] 作者 122879 抓取完成：粉丝 5649535, 关注 1, 公开视频 438。
[88/2639] 正在抓取作者 17819768 的 MetaResult 级作者属性。
[OK] 作者 17819768 抓取完成：粉丝 6088611, 关注 97, 公开视频 725。
[89/2639] 正在抓取作者 10330740 的 MetaResult 级作者属性。
[OK] 作者 10330740 抓取完成：粉丝 7324576, 关注 63, 公开视频 20116。
[90/2639] 正在抓取作者 4249401 的 MetaResult 级作者属性。
[OK] 作者 4249401 抓取完成：粉丝 1169097, 关注 848, 公开视频 339。
[91/2639] 正在抓取作者 20165629 的 MetaResult 级作者属性。
[OK] 作者 20165629 抓取完成：粉丝 11866418, 关注 125, 公开视频 5513。
[92/2639] 正在抓取作者 2827946 的 MetaResult 级作者属性。
[OK] 作者 2827946 抓取完成：粉丝 226666, 关注 132, 公开视频 79。
[93/2639] 正在抓取作者 1110510 的 MetaResult 级作者属性。
[OK] 作者 1110510 抓取完成：粉丝 243330, 关注 130, 公开视频 42。
[94/2639] 正在抓取作者 102885422 的 MetaResult 级作者属性。
[OK] 作者 102885422 抓取完成：粉丝 456461, 关注 82, 公开视频 99。
[95/2639] 正在抓取作者 21330948 的 MetaResult 级作者属性。
[OK] 作者 21330948 抓取完成：粉丝 1410636, 关注 708, 公开视频 132。
[96/2639] 正在抓取作者 390461123 的 MetaResult 级作者属性。
[OK] 作者 390461123 抓取完成：粉丝 3334909, 关注 3, 公开视频 1215。
[97/2639] 正在抓取作者 19642758 的 MetaResult 级作者属性。
[OK] 作者 19642758 抓取完成：粉丝 4255339, 关注 548, 公开视频 545。
[98/2639] 正在抓取作者 37840358 的 MetaResult 级作者属性。
[OK] 作者 37840358 抓取完成：粉丝 333607, 关注 67, 公开视频 143。
[99/2639] 正在抓取作者 406573610 的 MetaResult 级作者属性。
[OK] 作者 406573610 抓取完成：粉丝 1908, 关注 443, 公开视频 2。
[100/2639] 正在抓取作者 32405052 的 MetaResult 级作者属性。
[OK] 作者 32405052 抓取完成：粉丝 97319, 关注 102, 公开视频 31。
[101/2639] 正在抓取作者 92345772 的 MetaResult 级作者属性。
[OK] 作者 92345772 抓取完成：粉丝 834236, 关注 76, 公开视频 484。
[102/2639] 正在抓取作者 32708626 的 MetaResult 级作者属性。
[OK] 作者 32708626 抓取完成：粉丝 586934, 关注 534, 公开视频 5211。
[103/2639] 正在抓取作者 2655668 的 MetaResult 级作者属性。
[OK] 作者 2655668 抓取完成：粉丝 193952, 关注 310, 公开视频 168。
[104/2639] 正在抓取作者 240769971 的 MetaResult 级作者属性。
[OK] 作者 240769971 抓取完成：粉丝 891414, 关注 283, 公开视频 383。
[105/2639] 正在抓取作者 16794231 的 MetaResult 级作者属性。
[OK] 作者 16794231 抓取完成：粉丝 3620518, 关注 318, 公开视频 1628。
[106/2639] 正在抓取作者 5626845 的 MetaResult 级作者属性。
[OK] 作者 5626845 抓取完成：粉丝 319883, 关注 67, 公开视频 55。
[107/2639] 正在抓取作者 325119402 的 MetaResult 级作者属性。
[OK] 作者 325119402 抓取完成：粉丝 526174, 关注 42, 公开视频 488。
[108/2639] 正在抓取作者 295711424 的 MetaResult 级作者属性。
[OK] 作者 295711424 抓取完成：粉丝 1928085, 关注 405, 公开视频 125。
[109/2639] 正在抓取作者 249976627 的 MetaResult 级作者属性。
[OK] 作者 249976627 抓取完成：粉丝 44784, 关注 112, 公开视频 463。
[110/2639] 正在抓取作者 32172331 的 MetaResult 级作者属性。
[WARN] 作者 32172331 触发风控相关报错（连续 1/5 次）：接口返回错误代码：-352，信息：风控校验失败。 {'code': -352, 'message': '风控校验失败', 'ttl': 1, 'data': {'v_voucher': 'voucher_8cea354c-791c-492f-8752-7bd998fc1153'}}
[111/2639] 正在抓取作者 116683 的 MetaResult 级作者属性。
[WARN] 作者 116683 触发风控相关报错（连续 2/5 次）：接口返回错误代码：-352，信息：风控校验失败。 {'code': -352, 'message': '风控校验失败', 'ttl': 1, 'data': {'v_voucher': 'voucher_cd3e27c7-0a70-4b8a-9fc1-d43aca6f90cb'}}
[112/2639] 正在抓取作者 23371320 的 MetaResult 级作者属性。
[OK] 作者 23371320 抓取完成：粉丝 206002, 关注 147, 公开视频 123。
[113/2639] 正在抓取作者 19739105 的 MetaResult 级作者属性。
[OK] 作者 19739105 抓取完成：粉丝 13430, 关注 17, 公开视频 2。
[114/2639] 正在抓取作者 220114788 的 MetaResult 级作者属性。
[WARN] 作者 220114788 触发风控相关报错（连续 1/5 次）：接口返回错误代码：-352，信息：风控校验失败。 {'code': -352, 'message': '风控校验失败', 'ttl': 1, 'data': {'v_voucher': 'voucher_6499b3c2-b849-4f0a-902e-9cc8ff869ee9'}}
[115/2639] 正在抓取作者 8730238 的 MetaResult 级作者属性。
[WARN] 作者 8730238 触发风控相关报错（连续 2/5 次）：接口返回错误代码：-352，信息：风控校验失败。 {'code': -352, 'message': '风控校验失败', 'ttl': 1, 'data': {'v_voucher': 'voucher_0e87699a-286c-4076-bc5f-3db5cb7f0b7b'}}
[116/2639] 正在抓取作者 11870568 的 MetaResult 级作者属性。
[OK] 作者 11870568 抓取完成：粉丝 4463256, 关注 659, 公开视频 476。
[117/2639] 正在抓取作者 408739701 的 MetaResult 级作者属性。
[WARN] 作者 408739701 触发风控相关报错（连续 1/5 次）：接口返回错误代码：-352，信息：风控校验失败。 {'code': -352, 'message': '风控校验失败', 'ttl': 1, 'data': {'v_voucher': 'voucher_fd98b66a-f87f-47ea-a1f4-0f85cc303a4b'}}
[118/2639] 正在抓取作者 22213567 的 MetaResult 级作者属性。
[WARN] 作者 22213567 触发风控相关报错（连续 2/5 次）：接口返回错误代码：-352，信息：风控校验失败。 {'code': -352, 'message': '风控校验失败', 'ttl': 1, 'data': {'v_voucher': 'voucher_cf87a179-3056-490f-8f80-7e0b260ee197'}}
[119/2639] 正在抓取作者 10773628 的 MetaResult 级作者属性。
[WARN] 作者 10773628 触发风控相关报错（连续 3/5 次）：接口返回错误代码：-352，信息：风控校验失败。 {'code': -352, 'message': '风控校验失败', 'ttl': 1, 'data': {'v_voucher': 'voucher_7bd64469-1b71-4000-b99d-26a19c490baa'}}
[120/2639] 正在抓取作者 154047550 的 MetaResult 级作者属性。
[WARN] 作者 154047550 触发风控相关报错（连续 4/5 次）：接口返回错误代码：-352，信息：风控校验失败。 {'code': -352, 'message': '风控校验失败', 'ttl': 1, 'data': {'v_voucher': 'voucher_6c324067-8c96-4289-9b1d-d4739685d5ae'}}
[121/2639] 正在抓取作者 11858718 的 MetaResult 级作者属性。
[OK] 作者 11858718 抓取完成：粉丝 202488, 关注 63, 公开视频 190。
[122/2639] 正在抓取作者 196356191 的 MetaResult 级作者属性。
[OK] 作者 196356191 抓取完成：粉丝 4117479, 关注 109, 公开视频 522。
[123/2639] 正在抓取作者 255234110 的 MetaResult 级作者属性。
[OK] 作者 255234110 抓取完成：粉丝 6706, 关注 288, 公开视频 3。
[124/2639] 正在抓取作者 93890857 的 MetaResult 级作者属性。
[OK] 作者 93890857 抓取完成：粉丝 630265, 关注 497, 公开视频 166。
[125/2639] 正在抓取作者 102984190 的 MetaResult 级作者属性。
[OK] 作者 102984190 抓取完成：粉丝 817904, 关注 72, 公开视频 183。
[126/2639] 正在抓取作者 13829896 的 MetaResult 级作者属性。
[OK] 作者 13829896 抓取完成：粉丝 1200722, 关注 158, 公开视频 161。
[127/2639] 正在抓取作者 3957971 的 MetaResult 级作者属性。
[OK] 作者 3957971 抓取完成：粉丝 5928864, 关注 194, 公开视频 444。
[128/2639] 正在抓取作者 259333 的 MetaResult 级作者属性。
[OK] 作者 259333 抓取完成：粉丝 1886482, 关注 296, 公开视频 372。
[129/2639] 正在抓取作者 15681354 的 MetaResult 级作者属性。
[OK] 作者 15681354 抓取完成：粉丝 21378, 关注 127, 公开视频 5。
[130/2639] 正在抓取作者 927587 的 MetaResult 级作者属性。
[OK] 作者 927587 抓取完成：粉丝 14546800, 关注 104, 公开视频 1328。
[131/2639] 正在抓取作者 2920960 的 MetaResult 级作者属性。
[OK] 作者 2920960 抓取完成：粉丝 4533561, 关注 624, 公开视频 400。
[132/2639] 正在抓取作者 33918431 的 MetaResult 级作者属性。
[OK] 作者 33918431 抓取完成：粉丝 853344, 关注 479, 公开视频 426。
[133/2639] 正在抓取作者 411582895 的 MetaResult 级作者属性。
[OK] 作者 411582895 抓取完成：粉丝 82534, 关注 720, 公开视频 35。
[134/2639] 正在抓取作者 396389263 的 MetaResult 级作者属性。
[OK] 作者 396389263 抓取完成：粉丝 95973, 关注 65, 公开视频 261。
[135/2639] 正在抓取作者 423442 的 MetaResult 级作者属性。
[WARN] 作者 423442 触发风控相关报错（连续 1/5 次）：接口返回错误代码：-352，信息：风控校验失败。 {'code': -352, 'message': '风控校验失败', 'ttl': 1, 'data': {'v_voucher': 'voucher_927ea869-eef5-481a-9f45-290bb027fd13'}}
[136/2639] 正在抓取作者 5819158 的 MetaResult 级作者属性。
[WARN] 作者 5819158 触发风控相关报错（连续 2/5 次）：接口返回错误代码：-352，信息：风控校验失败。 {'code': -352, 'message': '风控校验失败', 'ttl': 1, 'data': {'v_voucher': 'voucher_8df89b7d-d57b-4311-a912-1adbb4ec822f'}}
[137/2639] 正在抓取作者 26311441 的 MetaResult 级作者属性。
[WARN] 作者 26311441 触发风控相关报错（连续 3/5 次）：接口返回错误代码：-352，信息：风控校验失败。 {'code': -352, 'message': '风控校验失败', 'ttl': 1, 'data': {'v_voucher': 'voucher_f434882f-9d29-47f1-9a1d-e3a7f1bb84b0'}}
[138/2639] 正在抓取作者 12444306 的 MetaResult 级作者属性。
[WARN] 作者 12444306 触发风控相关报错（连续 4/5 次）：接口返回错误代码：-352，信息：风控校验失败。 {'code': -352, 'message': '风控校验失败', 'ttl': 1, 'data': {'v_voucher': 'voucher_a57ab806-7822-4339-854b-b1a77caffb4c'}}
[139/2639] 正在抓取作者 13354765 的 MetaResult 级作者属性。
[WARN] 作者 13354765 触发风控相关报错（连续 5/5 次）：接口返回错误代码：-352，信息：风控校验失败。 {'code': -352, 'message': '风控校验失败', 'ttl': 1, 'data': {'v_voucher': 'voucher_3e00e83f-af02-4d86-a01b-44455a3e36b1'}}
[INFO] 已保存当前累计扩充作者列表：outputs/author_refinements/author_refinement_20260330_161802/expanded_author_list_accumulated.csv
[WARN] 已导出剩余待爬作者列表：outputs/author_refinements/author_refinement_20260330_161802/remaining_authors_part_4.csv
[TIMESTAMP][END] 2026-03-30T20:37:44
