[TIMESTAMP][BEGIN] 2026-03-30T22:56:05
[INFO] 识别到已有作者洞察任务：outputs/author_refinements/author_refinement_20260330_161802，本次将续跑为 part_21。
[INFO] 开始执行 author_refinement part_21，待处理作者数 699。
[1/699] 正在抓取作者 3546851498264577 的 MetaResult 级作者属性。
[OK] 作者 3546851498264577 抓取完成：粉丝 25519, 关注 10, 公开视频 75。
[2/699] 正在抓取作者 381953925 的 MetaResult 级作者属性。
[OK] 作者 381953925 抓取完成：粉丝 6229, 关注 798, 公开视频 128。
[3/699] 正在抓取作者 384390687 的 MetaResult 级作者属性。
[OK] 作者 384390687 抓取完成：粉丝 4974, 关注 205, 公开视频 48。
[4/699] 正在抓取作者 496657557 的 MetaResult 级作者属性。
[OK] 作者 496657557 抓取完成：粉丝 5518, 关注 301, 公开视频 209。
[5/699] 正在抓取作者 2635012 的 MetaResult 级作者属性。
[OK] 作者 2635012 抓取完成：粉丝 7894, 关注 773, 公开视频 305。
[6/699] 正在抓取作者 17859136 的 MetaResult 级作者属性。
[OK] 作者 17859136 抓取完成：粉丝 54937, 关注 451, 公开视频 290。
[7/699] 正在抓取作者 1663995237 的 MetaResult 级作者属性。
[OK] 作者 1663995237 抓取完成：粉丝 189120, 关注 134, 公开视频 758。
[8/699] 正在抓取作者 278743852 的 MetaResult 级作者属性。
[OK] 作者 278743852 抓取完成：粉丝 21307, 关注 4724, 公开视频 1157。
[9/699] 正在抓取作者 3493115331611420 的 MetaResult 级作者属性。
[OK] 作者 3493115331611420 抓取完成：粉丝 16759, 关注 88, 公开视频 465。
[10/699] 正在抓取作者 482232215 的 MetaResult 级作者属性。
[OK] 作者 482232215 抓取完成：粉丝 1150, 关注 218, 公开视频 95。
[11/699] 正在抓取作者 396298831 的 MetaResult 级作者属性。
[OK] 作者 396298831 抓取完成：粉丝 479, 关注 169, 公开视频 93。
[12/699] 正在抓取作者 9085963 的 MetaResult 级作者属性。
[OK] 作者 9085963 抓取完成：粉丝 478, 关注 24, 公开视频 13。
[13/699] 正在抓取作者 24157113 的 MetaResult 级作者属性。
[OK] 作者 24157113 抓取完成：粉丝 3054, 关注 632, 公开视频 64。
[14/699] 正在抓取作者 42486317 的 MetaResult 级作者属性。
[OK] 作者 42486317 抓取完成：粉丝 265, 关注 130, 公开视频 48。
[15/699] 正在抓取作者 9562354 的 MetaResult 级作者属性。
[OK] 作者 9562354 抓取完成：粉丝 661, 关注 988, 公开视频 106。
[16/699] 正在抓取作者 3546377623702308 的 MetaResult 级作者属性。
[OK] 作者 3546377623702308 抓取完成：粉丝 29288, 关注 117, 公开视频 194。
[17/699] 正在抓取作者 404257507 的 MetaResult 级作者属性。
[OK] 作者 404257507 抓取完成：粉丝 139073, 关注 79, 公开视频 1133。
[18/699] 正在抓取作者 202653692 的 MetaResult 级作者属性。
[OK] 作者 202653692 抓取完成：粉丝 690221, 关注 250, 公开视频 388。
[19/699] 正在抓取作者 2442186 的 MetaResult 级作者属性。
[OK] 作者 2442186 抓取完成：粉丝 718394, 关注 75, 公开视频 166。
[20/699] 正在抓取作者 18476379 的 MetaResult 级作者属性。
[OK] 作者 18476379 抓取完成：粉丝 275, 关注 110, 公开视频 36。
[21/699] 正在抓取作者 499704312 的 MetaResult 级作者属性。
[OK] 作者 499704312 抓取完成：粉丝 4234, 关注 241, 公开视频 59。
[22/699] 正在抓取作者 8357220 的 MetaResult 级作者属性。
[OK] 作者 8357220 抓取完成：粉丝 3672, 关注 141, 公开视频 210。
[23/699] 正在抓取作者 3546884167698450 的 MetaResult 级作者属性。
[OK] 作者 3546884167698450 抓取完成：粉丝 15, 关注 2, 公开视频 4。
[24/699] 正在抓取作者 3546927297727412 的 MetaResult 级作者属性。
[OK] 作者 3546927297727412 抓取完成：粉丝 24792, 关注 22, 公开视频 38。
[25/699] 正在抓取作者 320862549 的 MetaResult 级作者属性。
[OK] 作者 320862549 抓取完成：粉丝 441675, 关注 10, 公开视频 720。
[26/699] 正在抓取作者 1842784265 的 MetaResult 级作者属性。
[OK] 作者 1842784265 抓取完成：粉丝 244116, 关注 114, 公开视频 1350。
[27/699] 正在抓取作者 149603550 的 MetaResult 级作者属性。
[OK] 作者 149603550 抓取完成：粉丝 4151, 关注 80, 公开视频 344。
[28/699] 正在抓取作者 689222371 的 MetaResult 级作者属性。
[OK] 作者 689222371 抓取完成：粉丝 1734498, 关注 54, 公开视频 538。
[29/699] 正在抓取作者 432904508 的 MetaResult 级作者属性。
[OK] 作者 432904508 抓取完成：粉丝 54932, 关注 8, 公开视频 22。
[30/699] 正在抓取作者 3706931598330187 的 MetaResult 级作者属性。
[OK] 作者 3706931598330187 抓取完成：粉丝 20724, 关注 5, 公开视频 36。
[31/699] 正在抓取作者 18459985 的 MetaResult 级作者属性。
[OK] 作者 18459985 抓取完成：粉丝 273049, 关注 5, 公开视频 113。
[32/699] 正在抓取作者 1954997940 的 MetaResult 级作者属性。
[OK] 作者 1954997940 抓取完成：粉丝 1377958, 关注 44, 公开视频 1901。
[33/699] 正在抓取作者 487215770 的 MetaResult 级作者属性。
[OK] 作者 487215770 抓取完成：粉丝 1130586, 关注 198, 公开视频 1858。
[34/699] 正在抓取作者 3032988 的 MetaResult 级作者属性。
[OK] 作者 3032988 抓取完成：粉丝 3607035, 关注 95, 公开视频 646。
[35/699] 正在抓取作者 3546824755383059 的 MetaResult 级作者属性。
[OK] 作者 3546824755383059 抓取完成：粉丝 11500, 关注 0, 公开视频 432。
[36/699] 正在抓取作者 1984198637 的 MetaResult 级作者属性。
[OK] 作者 1984198637 抓取完成：粉丝 2447066, 关注 38, 公开视频 456。
[37/699] 正在抓取作者 3690989357107925 的 MetaResult 级作者属性。
[OK] 作者 3690989357107925 抓取完成：粉丝 155204, 关注 3, 公开视频 45。
[38/699] 正在抓取作者 1529656577 的 MetaResult 级作者属性。
[OK] 作者 1529656577 抓取完成：粉丝 933840, 关注 51, 公开视频 352。
[39/699] 正在抓取作者 21118533 的 MetaResult 级作者属性。
[OK] 作者 21118533 抓取完成：粉丝 501956, 关注 31, 公开视频 393。
[40/699] 正在抓取作者 3632315081165507 的 MetaResult 级作者属性。
[OK] 作者 3632315081165507 抓取完成：粉丝 352345, 关注 5, 公开视频 41。
[41/699] 正在抓取作者 15819000 的 MetaResult 级作者属性。
[OK] 作者 15819000 抓取完成：粉丝 478691, 关注 45, 公开视频 982。
[42/699] 正在抓取作者 3546942476913385 的 MetaResult 级作者属性。
[OK] 作者 3546942476913385 抓取完成：粉丝 19977, 关注 8, 公开视频 576。
[43/699] 正在抓取作者 3971347 的 MetaResult 级作者属性。
[OK] 作者 3971347 抓取完成：粉丝 3611, 关注 78, 公开视频 59。
[44/699] 正在抓取作者 3546724660415334 的 MetaResult 级作者属性。
[OK] 作者 3546724660415334 抓取完成：粉丝 141510, 关注 4, 公开视频 230。
[45/699] 正在抓取作者 444118208 的 MetaResult 级作者属性。
[OK] 作者 444118208 抓取完成：粉丝 97762, 关注 6, 公开视频 114。
[46/699] 正在抓取作者 171309762 的 MetaResult 级作者属性。
[OK] 作者 171309762 抓取完成：粉丝 233130, 关注 16, 公开视频 284。
[47/699] 正在抓取作者 382171566 的 MetaResult 级作者属性。
[OK] 作者 382171566 抓取完成：粉丝 12678, 关注 129, 公开视频 660。
[48/699] 正在抓取作者 317358775 的 MetaResult 级作者属性。
[OK] 作者 317358775 抓取完成：粉丝 229214, 关注 22, 公开视频 434。
[49/699] 正在抓取作者 1202350411 的 MetaResult 级作者属性。
[OK] 作者 1202350411 抓取完成：粉丝 1697868, 关注 1, 公开视频 1440。
[50/699] 正在抓取作者 22013002 的 MetaResult 级作者属性。
[OK] 作者 22013002 抓取完成：粉丝 124346, 关注 134, 公开视频 168。
[51/699] 正在抓取作者 3546907680966947 的 MetaResult 级作者属性。
[OK] 作者 3546907680966947 抓取完成：粉丝 327294, 关注 6, 公开视频 266。
[52/699] 正在抓取作者 3493264726428067 的 MetaResult 级作者属性。
[OK] 作者 3493264726428067 抓取完成：粉丝 7865, 关注 2, 公开视频 386。
[53/699] 正在抓取作者 3493116935932108 的 MetaResult 级作者属性。
[OK] 作者 3493116935932108 抓取完成：粉丝 180240, 关注 110, 公开视频 153。
[54/699] 正在抓取作者 1730260849 的 MetaResult 级作者属性。
[OK] 作者 1730260849 抓取完成：粉丝 25033, 关注 7, 公开视频 914。
[55/699] 正在抓取作者 1781227735 的 MetaResult 级作者属性。
[OK] 作者 1781227735 抓取完成：粉丝 47912, 关注 4, 公开视频 19。
[56/699] 正在抓取作者 509502666 的 MetaResult 级作者属性。
[OK] 作者 509502666 抓取完成：粉丝 22742, 关注 30, 公开视频 122。
[57/699] 正在抓取作者 645685976 的 MetaResult 级作者属性。
[OK] 作者 645685976 抓取完成：粉丝 229570, 关注 21, 公开视频 296。
[58/699] 正在抓取作者 1916235121 的 MetaResult 级作者属性。
[OK] 作者 1916235121 抓取完成：粉丝 1790, 关注 33, 公开视频 5。
[59/699] 正在抓取作者 1419740930 的 MetaResult 级作者属性。
[OK] 作者 1419740930 抓取完成：粉丝 34104, 关注 6, 公开视频 2682。
[60/699] 正在抓取作者 398581197 的 MetaResult 级作者属性。
[OK] 作者 398581197 抓取完成：粉丝 974090, 关注 7, 公开视频 616。
[61/699] 正在抓取作者 3493089033324586 的 MetaResult 级作者属性。
[OK] 作者 3493089033324586 抓取完成：粉丝 300, 关注 2, 公开视频 42。
[62/699] 正在抓取作者 1479620036 的 MetaResult 级作者属性。
[OK] 作者 1479620036 抓取完成：粉丝 241381, 关注 8, 公开视频 1123。
[63/699] 正在抓取作者 360706152 的 MetaResult 级作者属性。
[OK] 作者 360706152 抓取完成：粉丝 38851, 关注 9, 公开视频 437。
[64/699] 正在抓取作者 3546661831837872 的 MetaResult 级作者属性。
[OK] 作者 3546661831837872 抓取完成：粉丝 1549, 关注 1, 公开视频 1547。
[65/699] 正在抓取作者 701051772 的 MetaResult 级作者属性。
[OK] 作者 701051772 抓取完成：粉丝 88715, 关注 5, 公开视频 306。
[66/699] 正在抓取作者 1309848145 的 MetaResult 级作者属性。
[OK] 作者 1309848145 抓取完成：粉丝 1053278, 关注 8, 公开视频 957。
[67/699] 正在抓取作者 392221058 的 MetaResult 级作者属性。
[OK] 作者 392221058 抓取完成：粉丝 853019, 关注 38, 公开视频 924。
[68/699] 正在抓取作者 518863547 的 MetaResult 级作者属性。
[OK] 作者 518863547 抓取完成：粉丝 478376, 关注 85, 公开视频 257。
[69/699] 正在抓取作者 414340957 的 MetaResult 级作者属性。
[OK] 作者 414340957 抓取完成：粉丝 27634, 关注 3, 公开视频 1516。
[70/699] 正在抓取作者 3546614203419126 的 MetaResult 级作者属性。
[OK] 作者 3546614203419126 抓取完成：粉丝 47622, 关注 388, 公开视频 46。
[71/699] 正在抓取作者 430358147 的 MetaResult 级作者属性。
[OK] 作者 430358147 抓取完成：粉丝 10260, 关注 23, 公开视频 271。
[72/699] 正在抓取作者 3461573091789025 的 MetaResult 级作者属性。
[OK] 作者 3461573091789025 抓取完成：粉丝 17313, 关注 25, 公开视频 2762。
[73/699] 正在抓取作者 1391914241 的 MetaResult 级作者属性。
[OK] 作者 1391914241 抓取完成：粉丝 78208, 关注 756, 公开视频 16。
[74/699] 正在抓取作者 8848648 的 MetaResult 级作者属性。
[OK] 作者 8848648 抓取完成：粉丝 308466, 关注 368, 公开视频 435。
[75/699] 正在抓取作者 417296980 的 MetaResult 级作者属性。
[OK] 作者 417296980 抓取完成：粉丝 1659223, 关注 111, 公开视频 1485。
[76/699] 正在抓取作者 3546578077879147 的 MetaResult 级作者属性。
[OK] 作者 3546578077879147 抓取完成：粉丝 69555, 关注 4, 公开视频 56。
[77/699] 正在抓取作者 13098751 的 MetaResult 级作者属性。
[OK] 作者 13098751 抓取完成：粉丝 1125312, 关注 57, 公开视频 648。
[78/699] 正在抓取作者 677995110 的 MetaResult 级作者属性。
[OK] 作者 677995110 抓取完成：粉丝 449371, 关注 26, 公开视频 306。
[79/699] 正在抓取作者 2114901959 的 MetaResult 级作者属性。
[OK] 作者 2114901959 抓取完成：粉丝 207817, 关注 12, 公开视频 316。
[80/699] 正在抓取作者 6265316 的 MetaResult 级作者属性。
[OK] 作者 6265316 抓取完成：粉丝 458031, 关注 230, 公开视频 5166。
[81/699] 正在抓取作者 483615293 的 MetaResult 级作者属性。
[OK] 作者 483615293 抓取完成：粉丝 22285, 关注 110, 公开视频 232。
[82/699] 正在抓取作者 667242071 的 MetaResult 级作者属性。
[OK] 作者 667242071 抓取完成：粉丝 39266, 关注 7, 公开视频 123。
[83/699] 正在抓取作者 3546791437929336 的 MetaResult 级作者属性。
[OK] 作者 3546791437929336 抓取完成：粉丝 25513, 关注 5, 公开视频 127。
[84/699] 正在抓取作者 3546664373586438 的 MetaResult 级作者属性。
[OK] 作者 3546664373586438 抓取完成：粉丝 14536, 关注 0, 公开视频 517。
[85/699] 正在抓取作者 3546766909639052 的 MetaResult 级作者属性。
[OK] 作者 3546766909639052 抓取完成：粉丝 348025, 关注 3, 公开视频 300。
[86/699] 正在抓取作者 516574137 的 MetaResult 级作者属性。
[OK] 作者 516574137 抓取完成：粉丝 58765, 关注 14, 公开视频 524。
[87/699] 正在抓取作者 3632305295854334 的 MetaResult 级作者属性。
[OK] 作者 3632305295854334 抓取完成：粉丝 958, 关注 5, 公开视频 50。
[88/699] 正在抓取作者 515741102 的 MetaResult 级作者属性。
[OK] 作者 515741102 抓取完成：粉丝 204406, 关注 40, 公开视频 309。
[89/699] 正在抓取作者 3546640283601114 的 MetaResult 级作者属性。
[OK] 作者 3546640283601114 抓取完成：粉丝 4369, 关注 3, 公开视频 69。
[90/699] 正在抓取作者 299533725 的 MetaResult 级作者属性。
[OK] 作者 299533725 抓取完成：粉丝 1513, 关注 358, 公开视频 35。
[91/699] 正在抓取作者 353931360 的 MetaResult 级作者属性。
[OK] 作者 353931360 抓取完成：粉丝 292008, 关注 11, 公开视频 1061。
[92/699] 正在抓取作者 1703866639 的 MetaResult 级作者属性。
[OK] 作者 1703866639 抓取完成：粉丝 705776, 关注 42, 公开视频 500。
[93/699] 正在抓取作者 3632306405247390 的 MetaResult 级作者属性。
[OK] 作者 3632306405247390 抓取完成：粉丝 2397, 关注 5, 公开视频 176。
[94/699] 正在抓取作者 520754513 的 MetaResult 级作者属性。
[OK] 作者 520754513 抓取完成：粉丝 506285, 关注 4, 公开视频 1895。
[95/699] 正在抓取作者 100764850 的 MetaResult 级作者属性。
[OK] 作者 100764850 抓取完成：粉丝 105, 关注 14, 公开视频 9。
[96/699] 正在抓取作者 101229184 的 MetaResult 级作者属性。
[OK] 作者 101229184 抓取完成：粉丝 1647555, 关注 16, 公开视频 508。
[97/699] 正在抓取作者 3493118015965921 的 MetaResult 级作者属性。
[OK] 作者 3493118015965921 抓取完成：粉丝 11560, 关注 2, 公开视频 883。
[98/699] 正在抓取作者 522878149 的 MetaResult 级作者属性。
[OK] 作者 522878149 抓取完成：粉丝 19981, 关注 0, 公开视频 58。
[99/699] 正在抓取作者 174949313 的 MetaResult 级作者属性。
[OK] 作者 174949313 抓取完成：粉丝 2027211, 关注 28, 公开视频 565。
[100/699] 正在抓取作者 3690992068725089 的 MetaResult 级作者属性。
[OK] 作者 3690992068725089 抓取完成：粉丝 2850, 关注 2028, 公开视频 47。
[101/699] 正在抓取作者 424815425 的 MetaResult 级作者属性。
[OK] 作者 424815425 抓取完成：粉丝 47410, 关注 48, 公开视频 193。
[102/699] 正在抓取作者 483710741 的 MetaResult 级作者属性。
[OK] 作者 483710741 抓取完成：粉丝 99487, 关注 26, 公开视频 355。
[103/699] 正在抓取作者 2005425358 的 MetaResult 级作者属性。
[OK] 作者 2005425358 抓取完成：粉丝 306532, 关注 10, 公开视频 1215。
[104/699] 正在抓取作者 3691000868375105 的 MetaResult 级作者属性。
[OK] 作者 3691000868375105 抓取完成：粉丝 205, 关注 13, 公开视频 56。
[105/699] 正在抓取作者 3546769474455683 的 MetaResult 级作者属性。
[OK] 作者 3546769474455683 抓取完成：粉丝 4567, 关注 3, 公开视频 66。
[106/699] 正在抓取作者 524704055 的 MetaResult 级作者属性。
[WARN] 作者 524704055 触发风控相关报错（连续 1/5 次）：接口返回错误代码：-352，信息：风控校验失败。 {'code': -352, 'message': '风控校验失败', 'ttl': 1, 'data': {'v_voucher': 'voucher_d8e85e49-4b58-4e15-b3b9-dd244c91f913'}}
[107/699] 正在抓取作者 1044393410 的 MetaResult 级作者属性。
[WARN] 作者 1044393410 触发风控相关报错（连续 2/5 次）：接口返回错误代码：-352，信息：风控校验失败。 {'code': -352, 'message': '风控校验失败', 'ttl': 1, 'data': {'v_voucher': 'voucher_66ddd5a4-936c-4a6e-b5e2-b008be86c9dc'}}
[108/699] 正在抓取作者 1137066730 的 MetaResult 级作者属性。
[WARN] 作者 1137066730 触发风控相关报错（连续 3/5 次）：接口返回错误代码：-352，信息：风控校验失败。 {'code': -352, 'message': '风控校验失败', 'ttl': 1, 'data': {'v_voucher': 'voucher_12e1cb3a-baff-4b64-9096-8be64c3fe986'}}
[109/699] 正在抓取作者 188858604 的 MetaResult 级作者属性。
[WARN] 作者 188858604 触发风控相关报错（连续 4/5 次）：接口返回错误代码：-352，信息：风控校验失败。 {'code': -352, 'message': '风控校验失败', 'ttl': 1, 'data': {'v_voucher': 'voucher_de38b8c7-4d20-4d71-a107-eae2ced77cdb'}}
[110/699] 正在抓取作者 224066053 的 MetaResult 级作者属性。
[OK] 作者 224066053 抓取完成：粉丝 17957, 关注 12, 公开视频 411。
[111/699] 正在抓取作者 479503119 的 MetaResult 级作者属性。
[WARN] 作者 479503119 触发风控相关报错（连续 1/5 次）：接口返回错误代码：-352，信息：风控校验失败。 {'code': -352, 'message': '风控校验失败', 'ttl': 1, 'data': {'v_voucher': 'voucher_4b181b90-dfc4-474a-9556-7b375fcdd496'}}
[112/699] 正在抓取作者 3691012159441678 的 MetaResult 级作者属性。
[WARN] 作者 3691012159441678 触发风控相关报错（连续 2/5 次）：接口返回错误代码：-352，信息：风控校验失败。 {'code': -352, 'message': '风控校验失败', 'ttl': 1, 'data': {'v_voucher': 'voucher_0ad33359-b47d-4735-b330-78891455fd49'}}
[113/699] 正在抓取作者 1148180140 的 MetaResult 级作者属性。
[WARN] 作者 1148180140 触发风控相关报错（连续 3/5 次）：接口返回错误代码：-352，信息：风控校验失败。 {'code': -352, 'message': '风控校验失败', 'ttl': 1, 'data': {'v_voucher': 'voucher_c431722d-94b2-4c01-9da0-4c825879023a'}}
[114/699] 正在抓取作者 593920494 的 MetaResult 级作者属性。
[WARN] 作者 593920494 触发风控相关报错（连续 4/5 次）：接口返回错误代码：-352，信息：风控校验失败。 {'code': -352, 'message': '风控校验失败', 'ttl': 1, 'data': {'v_voucher': 'voucher_b18aaa03-98a3-430c-a98f-33de21fecfb7'}}
[115/699] 正在抓取作者 3546594741848906 的 MetaResult 级作者属性。
[WARN] 作者 3546594741848906 触发风控相关报错（连续 5/5 次）：接口返回错误代码：-352，信息：风控校验失败。 {'code': -352, 'message': '风控校验失败', 'ttl': 1, 'data': {'v_voucher': 'voucher_c32e1d95-733f-43c8-8e86-ed6384de827a'}}
[INFO] 已保存当前累计扩充作者列表：outputs/author_refinements/author_refinement_20260330_161802/expanded_author_list_accumulated.csv
[WARN] 已导出剩余待爬作者列表：outputs/author_refinements/author_refinement_20260330_161802/remaining_authors_part_21.csv
[INFO] 当前 part 因连续风控报错达到阈值而暂停；已开启睡眠续跑，将在 3 分钟后自动进入下一个 part。
[INFO] 开始执行 author_refinement part_22，待处理作者数 585。
[1/585] 正在抓取作者 3546594741848906 的 MetaResult 级作者属性。
[OK] 作者 3546594741848906 抓取完成：粉丝 695381, 关注 5, 公开视频 527。
[2/585] 正在抓取作者 3690986777610682 的 MetaResult 级作者属性。
[OK] 作者 3690986777610682 抓取完成：粉丝 24372, 关注 5, 公开视频 53。
[3/585] 正在抓取作者 3493092233578582 的 MetaResult 级作者属性。
[OK] 作者 3493092233578582 抓取完成：粉丝 230835, 关注 1, 公开视频 442。
[4/585] 正在抓取作者 41305600 的 MetaResult 级作者属性。
[OK] 作者 41305600 抓取完成：粉丝 164538, 关注 41, 公开视频 109。
[5/585] 正在抓取作者 686483429 的 MetaResult 级作者属性。
[OK] 作者 686483429 抓取完成：粉丝 83897, 关注 5, 公开视频 1750。
[6/585] 正在抓取作者 1620953378 的 MetaResult 级作者属性。
[OK] 作者 1620953378 抓取完成：粉丝 17535, 关注 10, 公开视频 603。
[7/585] 正在抓取作者 1995998928 的 MetaResult 级作者属性。
[OK] 作者 1995998928 抓取完成：粉丝 8415, 关注 1, 公开视频 116。
[8/585] 正在抓取作者 1603183747 的 MetaResult 级作者属性。
[OK] 作者 1603183747 抓取完成：粉丝 6080, 关注 3, 公开视频 739。
[9/585] 正在抓取作者 393325182 的 MetaResult 级作者属性。
[OK] 作者 393325182 抓取完成：粉丝 78454, 关注 29, 公开视频 1355。
[10/585] 正在抓取作者 412633068 的 MetaResult 级作者属性。
[OK] 作者 412633068 抓取完成：粉丝 230702, 关注 95, 公开视频 1615。
[11/585] 正在抓取作者 3546886891899360 的 MetaResult 级作者属性。
[OK] 作者 3546886891899360 抓取完成：粉丝 22, 关注 0, 公开视频 16。
[12/585] 正在抓取作者 3546653680207941 的 MetaResult 级作者属性。
[OK] 作者 3546653680207941 抓取完成：粉丝 8486, 关注 1, 公开视频 396。
[13/585] 正在抓取作者 3632303139981986 的 MetaResult 级作者属性。
[OK] 作者 3632303139981986 抓取完成：粉丝 2644, 关注 3, 公开视频 38。
[14/585] 正在抓取作者 217998413 的 MetaResult 级作者属性。
[OK] 作者 217998413 抓取完成：粉丝 43, 关注 2, 公开视频 1。
[15/585] 正在抓取作者 422446069 的 MetaResult 级作者属性。
[OK] 作者 422446069 抓取完成：粉丝 61680, 关注 5, 公开视频 981。
[16/585] 正在抓取作者 388318096 的 MetaResult 级作者属性。
[OK] 作者 388318096 抓取完成：粉丝 237811, 关注 282, 公开视频 128。
[17/585] 正在抓取作者 3493120861801214 的 MetaResult 级作者属性。
[OK] 作者 3493120861801214 抓取完成：粉丝 33477, 关注 51, 公开视频 255。
[18/585] 正在抓取作者 609742934 的 MetaResult 级作者属性。
[OK] 作者 609742934 抓取完成：粉丝 3913, 关注 16, 公开视频 132。
[19/585] 正在抓取作者 1617009657 的 MetaResult 级作者属性。
[OK] 作者 1617009657 抓取完成：粉丝 36, 关注 12, 公开视频 6。
[20/585] 正在抓取作者 1580760999 的 MetaResult 级作者属性。
[OK] 作者 1580760999 抓取完成：粉丝 2927, 关注 159, 公开视频 20。
[21/585] 正在抓取作者 14426615 的 MetaResult 级作者属性。
[OK] 作者 14426615 抓取完成：粉丝 91291, 关注 216, 公开视频 331。
[22/585] 正在抓取作者 1550822851 的 MetaResult 级作者属性。
[OK] 作者 1550822851 抓取完成：粉丝 149, 关注 272, 公开视频 26。
[23/585] 正在抓取作者 481976309 的 MetaResult 级作者属性。
[OK] 作者 481976309 抓取完成：粉丝 2395, 关注 288, 公开视频 13。
[24/585] 正在抓取作者 397693741 的 MetaResult 级作者属性。
[OK] 作者 397693741 抓取完成：粉丝 136124, 关注 731, 公开视频 716。
[25/585] 正在抓取作者 108876940 的 MetaResult 级作者属性。
[OK] 作者 108876940 抓取完成：粉丝 78711, 关注 374, 公开视频 158。
[26/585] 正在抓取作者 42524073 的 MetaResult 级作者属性。
[OK] 作者 42524073 抓取完成：粉丝 492, 关注 265, 公开视频 35。
[27/585] 正在抓取作者 105222852 的 MetaResult 级作者属性。
[OK] 作者 105222852 抓取完成：粉丝 63252, 关注 10, 公开视频 21。
[28/585] 正在抓取作者 36438715 的 MetaResult 级作者属性。
[OK] 作者 36438715 抓取完成：粉丝 1378066, 关注 337, 公开视频 52。
[29/585] 正在抓取作者 91790758 的 MetaResult 级作者属性。
[OK] 作者 91790758 抓取完成：粉丝 467919, 关注 43, 公开视频 240。
[30/585] 正在抓取作者 517092216 的 MetaResult 级作者属性。
[OK] 作者 517092216 抓取完成：粉丝 115, 关注 24, 公开视频 13。
[31/585] 正在抓取作者 1233985645 的 MetaResult 级作者属性。
[OK] 作者 1233985645 抓取完成：粉丝 16139, 关注 1682, 公开视频 260。
[32/585] 正在抓取作者 7873222 的 MetaResult 级作者属性。
[OK] 作者 7873222 抓取完成：粉丝 338624, 关注 778, 公开视频 247。
[33/585] 正在抓取作者 3546743088089393 的 MetaResult 级作者属性。
[OK] 作者 3546743088089393 抓取完成：粉丝 39766, 关注 22, 公开视频 257。
[34/585] 正在抓取作者 39179263 的 MetaResult 级作者属性。
[OK] 作者 39179263 抓取完成：粉丝 90984, 关注 116, 公开视频 113。
[35/585] 正在抓取作者 1901445560 的 MetaResult 级作者属性。
[OK] 作者 1901445560 抓取完成：粉丝 52113, 关注 315, 公开视频 336。
[36/585] 正在抓取作者 3690992620276329 的 MetaResult 级作者属性。
[OK] 作者 3690992620276329 抓取完成：粉丝 3155, 关注 27, 公开视频 6。
[37/585] 正在抓取作者 3546958083918439 的 MetaResult 级作者属性。
[OK] 作者 3546958083918439 抓取完成：粉丝 7749, 关注 28, 公开视频 280。
[38/585] 正在抓取作者 677519000 的 MetaResult 级作者属性。
[OK] 作者 677519000 抓取完成：粉丝 7437, 关注 2, 公开视频 113。
[39/585] 正在抓取作者 420400406 的 MetaResult 级作者属性。
[OK] 作者 420400406 抓取完成：粉丝 274361, 关注 20, 公开视频 93。
[40/585] 正在抓取作者 388857556 的 MetaResult 级作者属性。
[OK] 作者 388857556 抓取完成：粉丝 232405, 关注 81, 公开视频 708。
[41/585] 正在抓取作者 14556547 的 MetaResult 级作者属性。
[OK] 作者 14556547 抓取完成：粉丝 795106, 关注 55, 公开视频 297。
[42/585] 正在抓取作者 11401043 的 MetaResult 级作者属性。
[OK] 作者 11401043 抓取完成：粉丝 1427, 关注 476, 公开视频 156。
[43/585] 正在抓取作者 386259169 的 MetaResult 级作者属性。
[OK] 作者 386259169 抓取完成：粉丝 23169, 关注 10, 公开视频 95。
[44/585] 正在抓取作者 3493288243890677 的 MetaResult 级作者属性。
[OK] 作者 3493288243890677 抓取完成：粉丝 831, 关注 1039, 公开视频 5。
[45/585] 正在抓取作者 16779963 的 MetaResult 级作者属性。
[OK] 作者 16779963 抓取完成：粉丝 104703, 关注 8, 公开视频 144。
[46/585] 正在抓取作者 50295692 的 MetaResult 级作者属性。
[OK] 作者 50295692 抓取完成：粉丝 1027196, 关注 84, 公开视频 1915。
[47/585] 正在抓取作者 5749760 的 MetaResult 级作者属性。
[OK] 作者 5749760 抓取完成：粉丝 32, 关注 40, 公开视频 5。
[48/585] 正在抓取作者 3493269765884051 的 MetaResult 级作者属性。
[OK] 作者 3493269765884051 抓取完成：粉丝 643184, 关注 5, 公开视频 90。
[49/585] 正在抓取作者 3690976166021879 的 MetaResult 级作者属性。
[OK] 作者 3690976166021879 抓取完成：粉丝 4211, 关注 2659, 公开视频 78。
[50/585] 正在抓取作者 1172141822 的 MetaResult 级作者属性。
[OK] 作者 1172141822 抓取完成：粉丝 684864, 关注 12, 公开视频 160。
[51/585] 正在抓取作者 1841682473 的 MetaResult 级作者属性。
[OK] 作者 1841682473 抓取完成：粉丝 4685, 关注 88, 公开视频 63。
[52/585] 正在抓取作者 9529384 的 MetaResult 级作者属性。
[OK] 作者 9529384 抓取完成：粉丝 11298, 关注 50, 公开视频 1703。
[53/585] 正在抓取作者 3546383403452735 的 MetaResult 级作者属性。
[OK] 作者 3546383403452735 抓取完成：粉丝 46776, 关注 10, 公开视频 176。
[54/585] 正在抓取作者 29602970 的 MetaResult 级作者属性。
[OK] 作者 29602970 抓取完成：粉丝 1548, 关注 424, 公开视频 63。
[55/585] 正在抓取作者 3546980074654137 的 MetaResult 级作者属性。
[OK] 作者 3546980074654137 抓取完成：粉丝 116001, 关注 2, 公开视频 150。
[56/585] 正在抓取作者 373448384 的 MetaResult 级作者属性。
[OK] 作者 373448384 抓取完成：粉丝 1102716, 关注 16, 公开视频 4509。
[57/585] 正在抓取作者 3493137894869708 的 MetaResult 级作者属性。
[OK] 作者 3493137894869708 抓取完成：粉丝 197023, 关注 8, 公开视频 35。
[58/585] 正在抓取作者 538142100 的 MetaResult 级作者属性。
[OK] 作者 538142100 抓取完成：粉丝 649036, 关注 460, 公开视频 305。
[59/585] 正在抓取作者 609876090 的 MetaResult 级作者属性。
[OK] 作者 609876090 抓取完成：粉丝 189140, 关注 15, 公开视频 1436。
[60/585] 正在抓取作者 591861346 的 MetaResult 级作者属性。
[OK] 作者 591861346 抓取完成：粉丝 46099, 关注 7, 公开视频 183。
[61/585] 正在抓取作者 3546886415845698 的 MetaResult 级作者属性。
[OK] 作者 3546886415845698 抓取完成：粉丝 6742, 关注 3, 公开视频 17。
[62/585] 正在抓取作者 381396513 的 MetaResult 级作者属性。
[OK] 作者 381396513 抓取完成：粉丝 785319, 关注 45, 公开视频 335。
[63/585] 正在抓取作者 25299970 的 MetaResult 级作者属性。
[OK] 作者 25299970 抓取完成：粉丝 757815, 关注 239, 公开视频 548。
[64/585] 正在抓取作者 85119072 的 MetaResult 级作者属性。
[OK] 作者 85119072 抓取完成：粉丝 52965, 关注 0, 公开视频 48。
[65/585] 正在抓取作者 3546710810823154 的 MetaResult 级作者属性。
[OK] 作者 3546710810823154 抓取完成：粉丝 2877, 关注 5, 公开视频 73。
[66/585] 正在抓取作者 508416316 的 MetaResult 级作者属性。
[OK] 作者 508416316 抓取完成：粉丝 2891922, 关注 167, 公开视频 562。
[67/585] 正在抓取作者 474116948 的 MetaResult 级作者属性。
[OK] 作者 474116948 抓取完成：粉丝 45534, 关注 35, 公开视频 1927。
[68/585] 正在抓取作者 621024753 的 MetaResult 级作者属性。
[OK] 作者 621024753 抓取完成：粉丝 209855, 关注 25, 公开视频 84。
[69/585] 正在抓取作者 3546899902629990 的 MetaResult 级作者属性。
[OK] 作者 3546899902629990 抓取完成：粉丝 16801, 关注 2, 公开视频 232。
[70/585] 正在抓取作者 2147413451 的 MetaResult 级作者属性。
[OK] 作者 2147413451 抓取完成：粉丝 1337531, 关注 92, 公开视频 1099。
[71/585] 正在抓取作者 3690974733666655 的 MetaResult 级作者属性。
[OK] 作者 3690974733666655 抓取完成：粉丝 5046, 关注 1362, 公开视频 50。
[72/585] 正在抓取作者 3546978413709488 的 MetaResult 级作者属性。
[OK] 作者 3546978413709488 抓取完成：粉丝 620, 关注 2, 公开视频 49。
[73/585] 正在抓取作者 22770178 的 MetaResult 级作者属性。
[OK] 作者 22770178 抓取完成：粉丝 668, 关注 39, 公开视频 2。
[74/585] 正在抓取作者 1157089697 的 MetaResult 级作者属性。
[OK] 作者 1157089697 抓取完成：粉丝 244347, 关注 166, 公开视频 276。
[75/585] 正在抓取作者 10085983 的 MetaResult 级作者属性。
[OK] 作者 10085983 抓取完成：粉丝 303473, 关注 63, 公开视频 1555。
[76/585] 正在抓取作者 1201924292 的 MetaResult 级作者属性。
[OK] 作者 1201924292 抓取完成：粉丝 94367, 关注 7, 公开视频 1594。
[77/585] 正在抓取作者 284028 的 MetaResult 级作者属性。
[OK] 作者 284028 抓取完成：粉丝 10354, 关注 235, 公开视频 3517。
[78/585] 正在抓取作者 14752299 的 MetaResult 级作者属性。
[OK] 作者 14752299 抓取完成：粉丝 9582, 关注 16, 公开视频 7。
[79/585] 正在抓取作者 1131313188 的 MetaResult 级作者属性。
[OK] 作者 1131313188 抓取完成：粉丝 3935, 关注 421, 公开视频 133。
[80/585] 正在抓取作者 403892236 的 MetaResult 级作者属性。
[OK] 作者 403892236 抓取完成：粉丝 4276, 关注 6, 公开视频 817。
[81/585] 正在抓取作者 3493132916230432 的 MetaResult 级作者属性。
[OK] 作者 3493132916230432 抓取完成：粉丝 506433, 关注 7, 公开视频 116。
[82/585] 正在抓取作者 488106937 的 MetaResult 级作者属性。
[OK] 作者 488106937 抓取完成：粉丝 12938, 关注 7, 公开视频 80。
[83/585] 正在抓取作者 1356083753 的 MetaResult 级作者属性。
[OK] 作者 1356083753 抓取完成：粉丝 61704, 关注 8, 公开视频 80。
[84/585] 正在抓取作者 509070668 的 MetaResult 级作者属性。
[OK] 作者 509070668 抓取完成：粉丝 24540, 关注 1, 公开视频 70。
[85/585] 正在抓取作者 291237026 的 MetaResult 级作者属性。
[OK] 作者 291237026 抓取完成：粉丝 3023, 关注 1436, 公开视频 180。
[86/585] 正在抓取作者 299648054 的 MetaResult 级作者属性。
[OK] 作者 299648054 抓取完成：粉丝 18175, 关注 9, 公开视频 132。
[87/585] 正在抓取作者 28547932 的 MetaResult 级作者属性。
[OK] 作者 28547932 抓取完成：粉丝 6703, 关注 99, 公开视频 1326。
[88/585] 正在抓取作者 3546741563460336 的 MetaResult 级作者属性。
[OK] 作者 3546741563460336 抓取完成：粉丝 16852, 关注 1754, 公开视频 298。
[89/585] 正在抓取作者 502966208 的 MetaResult 级作者属性。
[OK] 作者 502966208 抓取完成：粉丝 166408, 关注 8, 公开视频 229。
[90/585] 正在抓取作者 3546846142138996 的 MetaResult 级作者属性。
[OK] 作者 3546846142138996 抓取完成：粉丝 2195, 关注 3, 公开视频 17。
[91/585] 正在抓取作者 1816118546 的 MetaResult 级作者属性。
[OK] 作者 1816118546 抓取完成：粉丝 4947, 关注 46, 公开视频 768。
[92/585] 正在抓取作者 676901964 的 MetaResult 级作者属性。
[OK] 作者 676901964 抓取完成：粉丝 23238, 关注 20, 公开视频 726。
[93/585] 正在抓取作者 3691005119301672 的 MetaResult 级作者属性。
[OK] 作者 3691005119301672 抓取完成：粉丝 39308, 关注 5, 公开视频 16。
[94/585] 正在抓取作者 455051849 的 MetaResult 级作者属性。
[OK] 作者 455051849 抓取完成：粉丝 304952, 关注 23, 公开视频 199。
[95/585] 正在抓取作者 3493273226185448 的 MetaResult 级作者属性。
[OK] 作者 3493273226185448 抓取完成：粉丝 809124, 关注 11, 公开视频 2004。
[96/585] 正在抓取作者 16301219 的 MetaResult 级作者属性。
[OK] 作者 16301219 抓取完成：粉丝 91616, 关注 20, 公开视频 271。
[97/585] 正在抓取作者 3546557571926751 的 MetaResult 级作者属性。
[OK] 作者 3546557571926751 抓取完成：粉丝 371787, 关注 16, 公开视频 238。
[98/585] 正在抓取作者 3461579832036134 的 MetaResult 级作者属性。
[OK] 作者 3461579832036134 抓取完成：粉丝 61245, 关注 1567, 公开视频 302。
[99/585] 正在抓取作者 13204694 的 MetaResult 级作者属性。
[OK] 作者 13204694 抓取完成：粉丝 130763, 关注 23, 公开视频 10。
[100/585] 正在抓取作者 522166994 的 MetaResult 级作者属性。
[OK] 作者 522166994 抓取完成：粉丝 28739, 关注 8, 公开视频 724。
[101/585] 正在抓取作者 5121855 的 MetaResult 级作者属性。
[OK] 作者 5121855 抓取完成：粉丝 8254, 关注 443, 公开视频 647。
[102/585] 正在抓取作者 1830843653 的 MetaResult 级作者属性。
[OK] 作者 1830843653 抓取完成：粉丝 288863, 关注 157, 公开视频 102。
[103/585] 正在抓取作者 9866705 的 MetaResult 级作者属性。
[OK] 作者 9866705 抓取完成：粉丝 133802, 关注 7, 公开视频 722。
[104/585] 正在抓取作者 1504714625 的 MetaResult 级作者属性。
[OK] 作者 1504714625 抓取完成：粉丝 83707, 关注 17, 公开视频 516。
[105/585] 正在抓取作者 673784881 的 MetaResult 级作者属性。
[OK] 作者 673784881 抓取完成：粉丝 12681, 关注 104, 公开视频 125。
[106/585] 正在抓取作者 317622272 的 MetaResult 级作者属性。
[OK] 作者 317622272 抓取完成：粉丝 14230, 关注 0, 公开视频 20。
[107/585] 正在抓取作者 601270690 的 MetaResult 级作者属性。
[OK] 作者 601270690 抓取完成：粉丝 416298, 关注 5, 公开视频 307。
[108/585] 正在抓取作者 478588775 的 MetaResult 级作者属性。
[OK] 作者 478588775 抓取完成：粉丝 10315, 关注 14, 公开视频 356。
[109/585] 正在抓取作者 272434852 的 MetaResult 级作者属性。
[OK] 作者 272434852 抓取完成：粉丝 163721, 关注 782, 公开视频 616。
[110/585] 正在抓取作者 451758 的 MetaResult 级作者属性。
[WARN] 作者 451758 触发风控相关报错（连续 1/5 次）：接口返回错误代码：-352，信息：风控校验失败。 {'code': -352, 'message': '风控校验失败', 'ttl': 1, 'data': {'v_voucher': 'voucher_4a136ab2-302d-4c56-9be8-e200cda6a15b'}}
[111/585] 正在抓取作者 3690987685677484 的 MetaResult 级作者属性。
[WARN] 作者 3690987685677484 触发风控相关报错（连续 2/5 次）：接口返回错误代码：-352，信息：风控校验失败。 {'code': -352, 'message': '风控校验失败', 'ttl': 1, 'data': {'v_voucher': 'voucher_29d48bef-d469-498f-9bf2-2b02959dde12'}}
[112/585] 正在抓取作者 1191355205 的 MetaResult 级作者属性。
[WARN] 作者 1191355205 触发风控相关报错（连续 3/5 次）：接口返回错误代码：-352，信息：风控校验失败。 {'code': -352, 'message': '风控校验失败', 'ttl': 1, 'data': {'v_voucher': 'voucher_cb93ebe4-2868-4ccf-ade1-acd7a2fda6e6'}}
[113/585] 正在抓取作者 3546623795792557 的 MetaResult 级作者属性。
[WARN] 作者 3546623795792557 触发风控相关报错（连续 4/5 次）：接口返回错误代码：-352，信息：风控校验失败。 {'code': -352, 'message': '风控校验失败', 'ttl': 1, 'data': {'v_voucher': 'voucher_55762b57-6300-48b6-9c2a-546bcc9e347f'}}
[114/585] 正在抓取作者 255765246 的 MetaResult 级作者属性。
[WARN] 作者 255765246 触发风控相关报错（连续 5/5 次）：接口返回错误代码：-352，信息：风控校验失败。 {'code': -352, 'message': '风控校验失败', 'ttl': 1, 'data': {'v_voucher': 'voucher_cf2e508b-e88e-48e9-b66c-7abff6cdac13'}}
[INFO] 已保存当前累计扩充作者列表：outputs/author_refinements/author_refinement_20260330_161802/expanded_author_list_accumulated.csv
[WARN] 已导出剩余待爬作者列表：outputs/author_refinements/author_refinement_20260330_161802/remaining_authors_part_22.csv
[INFO] 当前 part 因连续风控报错达到阈值而暂停；已开启睡眠续跑，将在 3 分钟后自动进入下一个 part。
[INFO] 开始执行 author_refinement part_23，待处理作者数 472。
[1/472] 正在抓取作者 255765246 的 MetaResult 级作者属性。
[OK] 作者 255765246 抓取完成：粉丝 2444, 关注 4, 公开视频 47。
[2/472] 正在抓取作者 1450393592 的 MetaResult 级作者属性。
[OK] 作者 1450393592 抓取完成：粉丝 4442, 关注 4945, 公开视频 19。
[3/472] 正在抓取作者 3546378552740758 的 MetaResult 级作者属性。
[OK] 作者 3546378552740758 抓取完成：粉丝 1670, 关注 2, 公开视频 256。
[4/472] 正在抓取作者 356278679 的 MetaResult 级作者属性。
[OK] 作者 356278679 抓取完成：粉丝 11431, 关注 88, 公开视频 416。
[5/472] 正在抓取作者 104191340 的 MetaResult 级作者属性。
[OK] 作者 104191340 抓取完成：粉丝 57572, 关注 114, 公开视频 287。
[6/472] 正在抓取作者 3494377812920345 的 MetaResult 级作者属性。
[OK] 作者 3494377812920345 抓取完成：粉丝 607352, 关注 8, 公开视频 552。
[7/472] 正在抓取作者 3706939619936678 的 MetaResult 级作者属性。
[OK] 作者 3706939619936678 抓取完成：粉丝 10917, 关注 5, 公开视频 28。
[8/472] 正在抓取作者 763231 的 MetaResult 级作者属性。
[OK] 作者 763231 抓取完成：粉丝 444657, 关注 286, 公开视频 1584。
[9/472] 正在抓取作者 63455312 的 MetaResult 级作者属性。
[OK] 作者 63455312 抓取完成：粉丝 1757, 关注 8, 公开视频 2712。
[10/472] 正在抓取作者 431148083 的 MetaResult 级作者属性。
[OK] 作者 431148083 抓取完成：粉丝 29870, 关注 578, 公开视频 200。
[11/472] 正在抓取作者 53453088 的 MetaResult 级作者属性。
[OK] 作者 53453088 抓取完成：粉丝 442044, 关注 6, 公开视频 1807。
[12/472] 正在抓取作者 474493516 的 MetaResult 级作者属性。
[OK] 作者 474493516 抓取完成：粉丝 444212, 关注 17, 公开视频 1369。
[13/472] 正在抓取作者 697167043 的 MetaResult 级作者属性。
[OK] 作者 697167043 抓取完成：粉丝 48705, 关注 179, 公开视频 523。
[14/472] 正在抓取作者 3546876607466242 的 MetaResult 级作者属性。
[OK] 作者 3546876607466242 抓取完成：粉丝 48813, 关注 5, 公开视频 222。
[15/472] 正在抓取作者 1193406925 的 MetaResult 级作者属性。
[OK] 作者 1193406925 抓取完成：粉丝 64990, 关注 11, 公开视频 379。
[16/472] 正在抓取作者 25215790 的 MetaResult 级作者属性。
[OK] 作者 25215790 抓取完成：粉丝 138154, 关注 86, 公开视频 2634。
[17/472] 正在抓取作者 509799029 的 MetaResult 级作者属性。
[OK] 作者 509799029 抓取完成：粉丝 14698, 关注 43, 公开视频 295。
[18/472] 正在抓取作者 240340248 的 MetaResult 级作者属性。
[OK] 作者 240340248 抓取完成：粉丝 1156, 关注 4, 公开视频 30。
[19/472] 正在抓取作者 3648244 的 MetaResult 级作者属性。
[OK] 作者 3648244 抓取完成：粉丝 43932, 关注 144, 公开视频 62。
[20/472] 正在抓取作者 3537111508585246 的 MetaResult 级作者属性。
[OK] 作者 3537111508585246 抓取完成：粉丝 791, 关注 10, 公开视频 2。
[21/472] 正在抓取作者 3546387209783703 的 MetaResult 级作者属性。
[OK] 作者 3546387209783703 抓取完成：粉丝 17333, 关注 9, 公开视频 136。
[22/472] 正在抓取作者 590842316 的 MetaResult 级作者属性。
[OK] 作者 590842316 抓取完成：粉丝 1275958, 关注 48, 公开视频 1100。
[23/472] 正在抓取作者 3493110703196446 的 MetaResult 级作者属性。
[OK] 作者 3493110703196446 抓取完成：粉丝 1920, 关注 112, 公开视频 140。
[24/472] 正在抓取作者 3691011807119798 的 MetaResult 级作者属性。
[OK] 作者 3691011807119798 抓取完成：粉丝 2702, 关注 8, 公开视频 14。
[25/472] 正在抓取作者 3632317539027132 的 MetaResult 级作者属性。
[OK] 作者 3632317539027132 抓取完成：粉丝 1409, 关注 1, 公开视频 165。
[26/472] 正在抓取作者 1463519331 的 MetaResult 级作者属性。
[OK] 作者 1463519331 抓取完成：粉丝 365914, 关注 100, 公开视频 965。
[27/472] 正在抓取作者 3546930600741677 的 MetaResult 级作者属性。
[OK] 作者 3546930600741677 抓取完成：粉丝 34523, 关注 1, 公开视频 209。
[28/472] 正在抓取作者 1091734826 的 MetaResult 级作者属性。
[OK] 作者 1091734826 抓取完成：粉丝 18121, 关注 3, 公开视频 44。
[29/472] 正在抓取作者 7402808 的 MetaResult 级作者属性。
[OK] 作者 7402808 抓取完成：粉丝 40793, 关注 199, 公开视频 32。
[30/472] 正在抓取作者 2073175399 的 MetaResult 级作者属性。
[OK] 作者 2073175399 抓取完成：粉丝 90899, 关注 30, 公开视频 1266。
[31/472] 正在抓取作者 1722314110 的 MetaResult 级作者属性。
[OK] 作者 1722314110 抓取完成：粉丝 231980, 关注 102, 公开视频 202。
[32/472] 正在抓取作者 3546915106982477 的 MetaResult 级作者属性。
[OK] 作者 3546915106982477 抓取完成：粉丝 30734, 关注 12, 公开视频 138。
[33/472] 正在抓取作者 1183747822 的 MetaResult 级作者属性。
[OK] 作者 1183747822 抓取完成：粉丝 20388, 关注 13, 公开视频 45。
[34/472] 正在抓取作者 1251232326 的 MetaResult 级作者属性。
[OK] 作者 1251232326 抓取完成：粉丝 137, 关注 65, 公开视频 11。
[35/472] 正在抓取作者 3546392112924746 的 MetaResult 级作者属性。
[OK] 作者 3546392112924746 抓取完成：粉丝 2415, 关注 751, 公开视频 157。
[36/472] 正在抓取作者 92850496 的 MetaResult 级作者属性。
[OK] 作者 92850496 抓取完成：粉丝 289784, 关注 38, 公开视频 193。
[37/472] 正在抓取作者 693399137 的 MetaResult 级作者属性。
[OK] 作者 693399137 抓取完成：粉丝 4273, 关注 81, 公开视频 38。
[38/472] 正在抓取作者 3546706379540492 的 MetaResult 级作者属性。
[OK] 作者 3546706379540492 抓取完成：粉丝 2019, 关注 2, 公开视频 189。
[39/472] 正在抓取作者 1420118969 的 MetaResult 级作者属性。
[OK] 作者 1420118969 抓取完成：粉丝 66795, 关注 17, 公开视频 519。
[40/472] 正在抓取作者 3632307271371561 的 MetaResult 级作者属性。
[OK] 作者 3632307271371561 抓取完成：粉丝 94120, 关注 5, 公开视频 18。
[41/472] 正在抓取作者 191528905 的 MetaResult 级作者属性。
[OK] 作者 191528905 抓取完成：粉丝 4547, 关注 34, 公开视频 301。
[42/472] 正在抓取作者 289070684 的 MetaResult 级作者属性。
[OK] 作者 289070684 抓取完成：粉丝 15194, 关注 7, 公开视频 121。
[43/472] 正在抓取作者 3546901259487947 的 MetaResult 级作者属性。
[OK] 作者 3546901259487947 抓取完成：粉丝 12549, 关注 1, 公开视频 69。
[44/472] 正在抓取作者 1551082486 的 MetaResult 级作者属性。
[OK] 作者 1551082486 抓取完成：粉丝 52828, 关注 45, 公开视频 375。
[45/472] 正在抓取作者 80314716 的 MetaResult 级作者属性。
[OK] 作者 80314716 抓取完成：粉丝 168, 关注 70, 公开视频 35。
[46/472] 正在抓取作者 9876663 的 MetaResult 级作者属性。
[OK] 作者 9876663 抓取完成：粉丝 91, 关注 9, 公开视频 10。
[47/472] 正在抓取作者 483950262 的 MetaResult 级作者属性。
[OK] 作者 483950262 抓取完成：粉丝 367, 关注 35, 公开视频 292。
[48/472] 正在抓取作者 510950807 的 MetaResult 级作者属性。
[OK] 作者 510950807 抓取完成：粉丝 33780, 关注 225, 公开视频 1621。
[49/472] 正在抓取作者 487547787 的 MetaResult 级作者属性。
[OK] 作者 487547787 抓取完成：粉丝 527, 关注 76, 公开视频 1544。
[50/472] 正在抓取作者 520453714 的 MetaResult 级作者属性。
[OK] 作者 520453714 抓取完成：粉丝 8583, 关注 3, 公开视频 795。
[51/472] 正在抓取作者 354858103 的 MetaResult 级作者属性。
[OK] 作者 354858103 抓取完成：粉丝 3515, 关注 1267, 公开视频 424。
[52/472] 正在抓取作者 1402374300 的 MetaResult 级作者属性。
[OK] 作者 1402374300 抓取完成：粉丝 129463, 关注 2, 公开视频 122。
[53/472] 正在抓取作者 581854869 的 MetaResult 级作者属性。
[OK] 作者 581854869 抓取完成：粉丝 32078, 关注 13, 公开视频 2373。
[54/472] 正在抓取作者 3537113112906193 的 MetaResult 级作者属性。
[OK] 作者 3537113112906193 抓取完成：粉丝 166952, 关注 1, 公开视频 222。
[55/472] 正在抓取作者 3461582166166488 的 MetaResult 级作者属性。
[OK] 作者 3461582166166488 抓取完成：粉丝 754048, 关注 14, 公开视频 688。
[56/472] 正在抓取作者 3546699326819213 的 MetaResult 级作者属性。
[OK] 作者 3546699326819213 抓取完成：粉丝 32544, 关注 14, 公开视频 612。
[57/472] 正在抓取作者 43484780 的 MetaResult 级作者属性。
[OK] 作者 43484780 抓取完成：粉丝 713151, 关注 61, 公开视频 556。
[58/472] 正在抓取作者 1658720232 的 MetaResult 级作者属性。
[OK] 作者 1658720232 抓取完成：粉丝 94003, 关注 16, 公开视频 212。
[59/472] 正在抓取作者 1870883193 的 MetaResult 级作者属性。
[OK] 作者 1870883193 抓取完成：粉丝 1153427, 关注 54, 公开视频 542。
[60/472] 正在抓取作者 1335713025 的 MetaResult 级作者属性。
[OK] 作者 1335713025 抓取完成：粉丝 4363809, 关注 147, 公开视频 181。
[61/472] 正在抓取作者 432435922 的 MetaResult 级作者属性。
[OK] 作者 432435922 抓取完成：粉丝 53603, 关注 5, 公开视频 255。
[62/472] 正在抓取作者 8779879 的 MetaResult 级作者属性。
[OK] 作者 8779879 抓取完成：粉丝 1340663, 关注 240, 公开视频 159。
[63/472] 正在抓取作者 107762251 的 MetaResult 级作者属性。
[OK] 作者 107762251 抓取完成：粉丝 313817, 关注 312, 公开视频 1197。
[64/472] 正在抓取作者 512251078 的 MetaResult 级作者属性。
[OK] 作者 512251078 抓取完成：粉丝 5448, 关注 3123, 公开视频 96。
[65/472] 正在抓取作者 3546956397807795 的 MetaResult 级作者属性。
[OK] 作者 3546956397807795 抓取完成：粉丝 682, 关注 6, 公开视频 938。
[66/472] 正在抓取作者 391031993 的 MetaResult 级作者属性。
[OK] 作者 391031993 抓取完成：粉丝 29720, 关注 71, 公开视频 36。
[67/472] 正在抓取作者 3691005670853014 的 MetaResult 级作者属性。
[OK] 作者 3691005670853014 抓取完成：粉丝 254, 关注 0, 公开视频 114。
[68/472] 正在抓取作者 3546594695711136 的 MetaResult 级作者属性。
[OK] 作者 3546594695711136 抓取完成：粉丝 2587, 关注 0, 公开视频 219。
[69/472] 正在抓取作者 1481344732 的 MetaResult 级作者属性。
[OK] 作者 1481344732 抓取完成：粉丝 1072037, 关注 157, 公开视频 157。
[70/472] 正在抓取作者 3546850047036277 的 MetaResult 级作者属性。
[OK] 作者 3546850047036277 抓取完成：粉丝 17419, 关注 1, 公开视频 1774。
[71/472] 正在抓取作者 3546835058690911 的 MetaResult 级作者属性。
[OK] 作者 3546835058690911 抓取完成：粉丝 4258, 关注 116, 公开视频 6。
[72/472] 正在抓取作者 3493118445881591 的 MetaResult 级作者属性。
[OK] 作者 3493118445881591 抓取完成：粉丝 2748, 关注 5, 公开视频 4277。
[73/472] 正在抓取作者 30715561 的 MetaResult 级作者属性。
[OK] 作者 30715561 抓取完成：粉丝 914, 关注 50, 公开视频 478。
[74/472] 正在抓取作者 286186313 的 MetaResult 级作者属性。
[OK] 作者 286186313 抓取完成：粉丝 102094, 关注 1865, 公开视频 91。
[75/472] 正在抓取作者 550953030 的 MetaResult 级作者属性。
[OK] 作者 550953030 抓取完成：粉丝 16089, 关注 28, 公开视频 104。
[76/472] 正在抓取作者 3461572561209886 的 MetaResult 级作者属性。
[OK] 作者 3461572561209886 抓取完成：粉丝 130, 关注 0, 公开视频 52。
[77/472] 正在抓取作者 261605664 的 MetaResult 级作者属性。
[OK] 作者 261605664 抓取完成：粉丝 114, 关注 691, 公开视频 26。
[78/472] 正在抓取作者 3546663234832491 的 MetaResult 级作者属性。
[OK] 作者 3546663234832491 抓取完成：粉丝 9122, 关注 15, 公开视频 256。
[79/472] 正在抓取作者 667048763 的 MetaResult 级作者属性。
[OK] 作者 667048763 抓取完成：粉丝 54, 关注 221, 公开视频 85。
[80/472] 正在抓取作者 3537108782287506 的 MetaResult 级作者属性。
[OK] 作者 3537108782287506 抓取完成：粉丝 940, 关注 40, 公开视频 18。
[81/472] 正在抓取作者 3690997846378614 的 MetaResult 级作者属性。
[OK] 作者 3690997846378614 抓取完成：粉丝 665, 关注 0, 公开视频 1。
[82/472] 正在抓取作者 3493277818948159 的 MetaResult 级作者属性。
[OK] 作者 3493277818948159 抓取完成：粉丝 1471, 关注 4, 公开视频 1546。
[83/472] 正在抓取作者 1498865868 的 MetaResult 级作者属性。
[OK] 作者 1498865868 抓取完成：粉丝 1422, 关注 124, 公开视频 4576。
[84/472] 正在抓取作者 3546596438444682 的 MetaResult 级作者属性。
[OK] 作者 3546596438444682 抓取完成：粉丝 2448, 关注 9, 公开视频 1487。
[85/472] 正在抓取作者 484412809 的 MetaResult 级作者属性。
[OK] 作者 484412809 抓取完成：粉丝 15325, 关注 3, 公开视频 2186。
[86/472] 正在抓取作者 421653798 的 MetaResult 级作者属性。
[OK] 作者 421653798 抓取完成：粉丝 26510, 关注 12, 公开视频 234。
[87/472] 正在抓取作者 302478054 的 MetaResult 级作者属性。
[OK] 作者 302478054 抓取完成：粉丝 11983, 关注 28, 公开视频 2935。
[88/472] 正在抓取作者 3546588330854417 的 MetaResult 级作者属性。
[OK] 作者 3546588330854417 抓取完成：粉丝 48120, 关注 7, 公开视频 2159。
[89/472] 正在抓取作者 4009946 的 MetaResult 级作者属性。
[OK] 作者 4009946 抓取完成：粉丝 64, 关注 73, 公开视频 5。
[90/472] 正在抓取作者 19450711 的 MetaResult 级作者属性。
[OK] 作者 19450711 抓取完成：粉丝 204, 关注 140, 公开视频 71。
[91/472] 正在抓取作者 3706924572871415 的 MetaResult 级作者属性。
[OK] 作者 3706924572871415 抓取完成：粉丝 50, 关注 2, 公开视频 40。
[92/472] 正在抓取作者 55972937 的 MetaResult 级作者属性。
[OK] 作者 55972937 抓取完成：粉丝 193733, 关注 10, 公开视频 3138。
[93/472] 正在抓取作者 3493094674663708 的 MetaResult 级作者属性。
[OK] 作者 3493094674663708 抓取完成：粉丝 313, 关注 449, 公开视频 40。
[94/472] 正在抓取作者 432265173 的 MetaResult 级作者属性。
[OK] 作者 432265173 抓取完成：粉丝 36481, 关注 4, 公开视频 148。
[95/472] 正在抓取作者 623616322 的 MetaResult 级作者属性。
[OK] 作者 623616322 抓取完成：粉丝 60827, 关注 9, 公开视频 1290。
[96/472] 正在抓取作者 3546872413161852 的 MetaResult 级作者属性。
[OK] 作者 3546872413161852 抓取完成：粉丝 18906, 关注 9, 公开视频 321。
[97/472] 正在抓取作者 23105182 的 MetaResult 级作者属性。
[OK] 作者 23105182 抓取完成：粉丝 626, 关注 292, 公开视频 111。
[98/472] 正在抓取作者 21017656 的 MetaResult 级作者属性。
[OK] 作者 21017656 抓取完成：粉丝 1689, 关注 962, 公开视频 72。
[99/472] 正在抓取作者 22363872 的 MetaResult 级作者属性。
[OK] 作者 22363872 抓取完成：粉丝 1624, 关注 221, 公开视频 190。
[100/472] 正在抓取作者 28214006 的 MetaResult 级作者属性。
[OK] 作者 28214006 抓取完成：粉丝 478, 关注 21, 公开视频 164。
[101/472] 正在抓取作者 701291691 的 MetaResult 级作者属性。
[OK] 作者 701291691 抓取完成：粉丝 703084, 关注 156, 公开视频 298。
[102/472] 正在抓取作者 1682439379 的 MetaResult 级作者属性。
[OK] 作者 1682439379 抓取完成：粉丝 293269, 关注 4, 公开视频 1357。
[103/472] 正在抓取作者 1810314989 的 MetaResult 级作者属性。
[OK] 作者 1810314989 抓取完成：粉丝 93964, 关注 437, 公开视频 446。
[104/472] 正在抓取作者 3546795672079005 的 MetaResult 级作者属性。
[OK] 作者 3546795672079005 抓取完成：粉丝 87872, 关注 19, 公开视频 3993。
[105/472] 正在抓取作者 1364908771 的 MetaResult 级作者属性。
[OK] 作者 1364908771 抓取完成：粉丝 19, 关注 12, 公开视频 31。
[106/472] 正在抓取作者 3494354557602361 的 MetaResult 级作者属性。
[OK] 作者 3494354557602361 抓取完成：粉丝 430, 关注 333, 公开视频 145。
[107/472] 正在抓取作者 536285450 的 MetaResult 级作者属性。
[OK] 作者 536285450 抓取完成：粉丝 17413, 关注 0, 公开视频 11。
[108/472] 正在抓取作者 539418077 的 MetaResult 级作者属性。
[OK] 作者 539418077 抓取完成：粉丝 1984800, 关注 80, 公开视频 1869。
[109/472] 正在抓取作者 273710185 的 MetaResult 级作者属性。
[OK] 作者 273710185 抓取完成：粉丝 148516, 关注 152, 公开视频 310。
[110/472] 正在抓取作者 28823410 的 MetaResult 级作者属性。
[WARN] 作者 28823410 触发风控相关报错（连续 1/5 次）：接口返回错误代码：-352，信息：风控校验失败。 {'code': -352, 'message': '风控校验失败', 'ttl': 1, 'data': {'v_voucher': 'voucher_3e8dba2d-8297-49aa-9384-79306fae0f37'}}
[111/472] 正在抓取作者 283310205 的 MetaResult 级作者属性。
[WARN] 作者 283310205 触发风控相关报错（连续 2/5 次）：接口返回错误代码：-352，信息：风控校验失败。 {'code': -352, 'message': '风控校验失败', 'ttl': 1, 'data': {'v_voucher': 'voucher_5fa7caeb-13d0-4991-90cd-2409f45d166b'}}
[112/472] 正在抓取作者 504430000 的 MetaResult 级作者属性。
[WARN] 作者 504430000 触发风控相关报错（连续 3/5 次）：接口返回错误代码：-352，信息：风控校验失败。 {'code': -352, 'message': '风控校验失败', 'ttl': 1, 'data': {'v_voucher': 'voucher_b93fcdd9-ac1a-4cdb-a53c-8448710dd5c2'}}
[113/472] 正在抓取作者 443237317 的 MetaResult 级作者属性。
[WARN] 作者 443237317 触发风控相关报错（连续 4/5 次）：接口返回错误代码：-352，信息：风控校验失败。 {'code': -352, 'message': '风控校验失败', 'ttl': 1, 'data': {'v_voucher': 'voucher_c74421fe-0e69-4489-97c0-70f7c1589db8'}}
[114/472] 正在抓取作者 3546946497153141 的 MetaResult 级作者属性。
[WARN] 作者 3546946497153141 触发风控相关报错（连续 5/5 次）：接口返回错误代码：-352，信息：风控校验失败。 {'code': -352, 'message': '风控校验失败', 'ttl': 1, 'data': {'v_voucher': 'voucher_af2e02d8-3d2e-4496-9902-04a8ed627fe2'}}
[INFO] 已保存当前累计扩充作者列表：outputs/author_refinements/author_refinement_20260330_161802/expanded_author_list_accumulated.csv
[WARN] 已导出剩余待爬作者列表：outputs/author_refinements/author_refinement_20260330_161802/remaining_authors_part_23.csv
[INFO] 当前 part 因连续风控报错达到阈值而暂停；已开启睡眠续跑，将在 3 分钟后自动进入下一个 part。
[INFO] 开始执行 author_refinement part_24，待处理作者数 359。
[1/359] 正在抓取作者 3546946497153141 的 MetaResult 级作者属性。
[OK] 作者 3546946497153141 抓取完成：粉丝 164122, 关注 28, 公开视频 181。
[2/359] 正在抓取作者 2143445020 的 MetaResult 级作者属性。
[OK] 作者 2143445020 抓取完成：粉丝 2556, 关注 33, 公开视频 3。
[3/359] 正在抓取作者 609686327 的 MetaResult 级作者属性。
[OK] 作者 609686327 抓取完成：粉丝 180702, 关注 41, 公开视频 120。
[4/359] 正在抓取作者 431388048 的 MetaResult 级作者属性。
[OK] 作者 431388048 抓取完成：粉丝 23352, 关注 20, 公开视频 94。
[5/359] 正在抓取作者 545560148 的 MetaResult 级作者属性。
[OK] 作者 545560148 抓取完成：粉丝 71444, 关注 31, 公开视频 22。
[6/359] 正在抓取作者 121274 的 MetaResult 级作者属性。
[OK] 作者 121274 抓取完成：粉丝 2386, 关注 148, 公开视频 227。
[7/359] 正在抓取作者 351023682 的 MetaResult 级作者属性。
[OK] 作者 351023682 抓取完成：粉丝 87374, 关注 428, 公开视频 57。
[8/359] 正在抓取作者 388048657 的 MetaResult 级作者属性。
[OK] 作者 388048657 抓取完成：粉丝 8822, 关注 58, 公开视频 63。
[9/359] 正在抓取作者 492072823 的 MetaResult 级作者属性。
[OK] 作者 492072823 抓取完成：粉丝 1560, 关注 26, 公开视频 41。
[10/359] 正在抓取作者 3546898933746298 的 MetaResult 级作者属性。
[OK] 作者 3546898933746298 抓取完成：粉丝 3295, 关注 16, 公开视频 238。
[11/359] 正在抓取作者 444848705 的 MetaResult 级作者属性。
[OK] 作者 444848705 抓取完成：粉丝 291443, 关注 68, 公开视频 1104。
[12/359] 正在抓取作者 106426020 的 MetaResult 级作者属性。
[OK] 作者 106426020 抓取完成：粉丝 3921, 关注 1, 公开视频 759。
[13/359] 正在抓取作者 3546901947353448 的 MetaResult 级作者属性。
[OK] 作者 3546901947353448 抓取完成：粉丝 437844, 关注 10, 公开视频 23。
[14/359] 正在抓取作者 509786892 的 MetaResult 级作者属性。
[OK] 作者 509786892 抓取完成：粉丝 435850, 关注 24, 公开视频 457。
[15/359] 正在抓取作者 3546971356793526 的 MetaResult 级作者属性。
[OK] 作者 3546971356793526 抓取完成：粉丝 54871, 关注 6, 公开视频 20。
[16/359] 正在抓取作者 1037287377 的 MetaResult 级作者属性。
[OK] 作者 1037287377 抓取完成：粉丝 61741, 关注 1, 公开视频 160。
[17/359] 正在抓取作者 1449636300 的 MetaResult 级作者属性。
[OK] 作者 1449636300 抓取完成：粉丝 13394, 关注 7, 公开视频 448。
[18/359] 正在抓取作者 14215701 的 MetaResult 级作者属性。
[OK] 作者 14215701 抓取完成：粉丝 3471, 关注 89, 公开视频 60。
[19/359] 正在抓取作者 6139358 的 MetaResult 级作者属性。
[OK] 作者 6139358 抓取完成：粉丝 17271, 关注 73, 公开视频 367。
[20/359] 正在抓取作者 1082037531 的 MetaResult 级作者属性。
[OK] 作者 1082037531 抓取完成：粉丝 124085, 关注 28, 公开视频 1346。
[21/359] 正在抓取作者 504057165 的 MetaResult 级作者属性。
[OK] 作者 504057165 抓取完成：粉丝 437, 关注 0, 公开视频 6。
[22/359] 正在抓取作者 273099226 的 MetaResult 级作者属性。
[OK] 作者 273099226 抓取完成：粉丝 12154, 关注 79, 公开视频 419。
[23/359] 正在抓取作者 1108291129 的 MetaResult 级作者属性。
[OK] 作者 1108291129 抓取完成：粉丝 72124, 关注 7, 公开视频 1038。
[24/359] 正在抓取作者 174957321 的 MetaResult 级作者属性。
[OK] 作者 174957321 抓取完成：粉丝 49867, 关注 53, 公开视频 426。
[25/359] 正在抓取作者 302060674 的 MetaResult 级作者属性。
[OK] 作者 302060674 抓取完成：粉丝 3946, 关注 8, 公开视频 635。
[26/359] 正在抓取作者 3546906085034384 的 MetaResult 级作者属性。
[OK] 作者 3546906085034384 抓取完成：粉丝 602, 关注 2, 公开视频 491。
[27/359] 正在抓取作者 222810418 的 MetaResult 级作者属性。
[OK] 作者 222810418 抓取完成：粉丝 59096, 关注 618, 公开视频 79。
[28/359] 正在抓取作者 256928666 的 MetaResult 级作者属性。
[OK] 作者 256928666 抓取完成：粉丝 12868, 关注 14, 公开视频 1393。
[29/359] 正在抓取作者 268552373 的 MetaResult 级作者属性。
[OK] 作者 268552373 抓取完成：粉丝 31645, 关注 0, 公开视频 2096。
[30/359] 正在抓取作者 1185709345 的 MetaResult 级作者属性。
[OK] 作者 1185709345 抓取完成：粉丝 1657, 关注 26, 公开视频 440。
[31/359] 正在抓取作者 24783780 的 MetaResult 级作者属性。
[OK] 作者 24783780 抓取完成：粉丝 114507, 关注 364, 公开视频 636。
[32/359] 正在抓取作者 405364664 的 MetaResult 级作者属性。
[OK] 作者 405364664 抓取完成：粉丝 12723, 关注 198, 公开视频 887。
[33/359] 正在抓取作者 189021885 的 MetaResult 级作者属性。
[OK] 作者 189021885 抓取完成：粉丝 245594, 关注 7, 公开视频 2468。
[34/359] 正在抓取作者 111143551 的 MetaResult 级作者属性。
[OK] 作者 111143551 抓取完成：粉丝 259301, 关注 322, 公开视频 845。
[35/359] 正在抓取作者 5488197 的 MetaResult 级作者属性。
[OK] 作者 5488197 抓取完成：粉丝 56557, 关注 1581, 公开视频 158。
[36/359] 正在抓取作者 13588842 的 MetaResult 级作者属性。
[OK] 作者 13588842 抓取完成：粉丝 2794, 关注 24, 公开视频 12。
[37/359] 正在抓取作者 3546648556865763 的 MetaResult 级作者属性。
[OK] 作者 3546648556865763 抓取完成：粉丝 1169, 关注 5, 公开视频 420。
[38/359] 正在抓取作者 7145464 的 MetaResult 级作者属性。
[OK] 作者 7145464 抓取完成：粉丝 12989, 关注 392, 公开视频 64。
[39/359] 正在抓取作者 3546821343316698 的 MetaResult 级作者属性。
[OK] 作者 3546821343316698 抓取完成：粉丝 77073, 关注 241, 公开视频 32。
[40/359] 正在抓取作者 478288306 的 MetaResult 级作者属性。
[OK] 作者 478288306 抓取完成：粉丝 356950, 关注 3, 公开视频 312。
[41/359] 正在抓取作者 497120861 的 MetaResult 级作者属性。
[OK] 作者 497120861 抓取完成：粉丝 4923, 关注 211, 公开视频 1253。
[42/359] 正在抓取作者 3706944191728591 的 MetaResult 级作者属性。
[OK] 作者 3706944191728591 抓取完成：粉丝 85495, 关注 2, 公开视频 6。
[43/359] 正在抓取作者 2107339404 的 MetaResult 级作者属性。
[OK] 作者 2107339404 抓取完成：粉丝 275377, 关注 68, 公开视频 155。
[44/359] 正在抓取作者 3546692561406519 的 MetaResult 级作者属性。
[OK] 作者 3546692561406519 抓取完成：粉丝 29051, 关注 40, 公开视频 65。
[45/359] 正在抓取作者 165432432 的 MetaResult 级作者属性。
[OK] 作者 165432432 抓取完成：粉丝 2206, 关注 222, 公开视频 2013。
[46/359] 正在抓取作者 14449481 的 MetaResult 级作者属性。
[OK] 作者 14449481 抓取完成：粉丝 56029, 关注 543, 公开视频 1686。
[47/359] 正在抓取作者 97092125 的 MetaResult 级作者属性。
[OK] 作者 97092125 抓取完成：粉丝 238, 关注 931, 公开视频 17。
[48/359] 正在抓取作者 650899373 的 MetaResult 级作者属性。
[OK] 作者 650899373 抓取完成：粉丝 818105, 关注 491, 公开视频 555。
[49/359] 正在抓取作者 2062922654 的 MetaResult 级作者属性。
[OK] 作者 2062922654 抓取完成：粉丝 15699, 关注 5, 公开视频 305。
[50/359] 正在抓取作者 371993674 的 MetaResult 级作者属性。
[OK] 作者 371993674 抓取完成：粉丝 28714, 关注 44, 公开视频 307。
[51/359] 正在抓取作者 3546604088855043 的 MetaResult 级作者属性。
[OK] 作者 3546604088855043 抓取完成：粉丝 312206, 关注 7, 公开视频 781。
[52/359] 正在抓取作者 1040680334 的 MetaResult 级作者属性。
[OK] 作者 1040680334 抓取完成：粉丝 476021, 关注 462, 公开视频 537。
[53/359] 正在抓取作者 1827331465 的 MetaResult 级作者属性。
[OK] 作者 1827331465 抓取完成：粉丝 86095, 关注 49, 公开视频 623。
[54/359] 正在抓取作者 314521322 的 MetaResult 级作者属性。
[OK] 作者 314521322 抓取完成：粉丝 1450140, 关注 61, 公开视频 305。
[55/359] 正在抓取作者 3546608048277686 的 MetaResult 级作者属性。
[OK] 作者 3546608048277686 抓取完成：粉丝 677, 关注 0, 公开视频 15。
[56/359] 正在抓取作者 1911268704 的 MetaResult 级作者属性。
[OK] 作者 1911268704 抓取完成：粉丝 668363, 关注 80, 公开视频 194。
[57/359] 正在抓取作者 1217566217 的 MetaResult 级作者属性。
[OK] 作者 1217566217 抓取完成：粉丝 296597, 关注 101, 公开视频 96。
[58/359] 正在抓取作者 11498155 的 MetaResult 级作者属性。
[OK] 作者 11498155 抓取完成：粉丝 1819625, 关注 58, 公开视频 313。
[59/359] 正在抓取作者 3546769533176426 的 MetaResult 级作者属性。
[OK] 作者 3546769533176426 抓取完成：粉丝 1980, 关注 9, 公开视频 930。
[60/359] 正在抓取作者 245889571 的 MetaResult 级作者属性。
[OK] 作者 245889571 抓取完成：粉丝 6087, 关注 348, 公开视频 151。
[61/359] 正在抓取作者 307009947 的 MetaResult 级作者属性。
[OK] 作者 307009947 抓取完成：粉丝 28759, 关注 12, 公开视频 185。
[62/359] 正在抓取作者 11125629 的 MetaResult 级作者属性。
[OK] 作者 11125629 抓取完成：粉丝 3845605, 关注 354, 公开视频 588。
[63/359] 正在抓取作者 415280699 的 MetaResult 级作者属性。
[OK] 作者 415280699 抓取完成：粉丝 1537927, 关注 42, 公开视频 601。
[64/359] 正在抓取作者 486949400 的 MetaResult 级作者属性。
[OK] 作者 486949400 抓取完成：粉丝 146163, 关注 137, 公开视频 291。
[65/359] 正在抓取作者 477349877 的 MetaResult 级作者属性。
[OK] 作者 477349877 抓取完成：粉丝 10098, 关注 564, 公开视频 95。
[66/359] 正在抓取作者 26106083 的 MetaResult 级作者属性。
[OK] 作者 26106083 抓取完成：粉丝 1094, 关注 261, 公开视频 40。
[67/359] 正在抓取作者 393738271 的 MetaResult 级作者属性。
[OK] 作者 393738271 抓取完成：粉丝 2765, 关注 185, 公开视频 87。
[68/359] 正在抓取作者 389159698 的 MetaResult 级作者属性。
[OK] 作者 389159698 抓取完成：粉丝 25, 关注 1112, 公开视频 1。
[69/359] 正在抓取作者 3546742995815265 的 MetaResult 级作者属性。
[OK] 作者 3546742995815265 抓取完成：粉丝 20202, 关注 14, 公开视频 204。
[70/359] 正在抓取作者 24758541 的 MetaResult 级作者属性。
[OK] 作者 24758541 抓取完成：粉丝 74486, 关注 373, 公开视频 53。
[71/359] 正在抓取作者 3546609094756643 的 MetaResult 级作者属性。
[OK] 作者 3546609094756643 抓取完成：粉丝 148886, 关注 2, 公开视频 246。
[72/359] 正在抓取作者 100039119 的 MetaResult 级作者属性。
[OK] 作者 100039119 抓取完成：粉丝 11674, 关注 197, 公开视频 101。
[73/359] 正在抓取作者 289368676 的 MetaResult 级作者属性。
[OK] 作者 289368676 抓取完成：粉丝 459562, 关注 378, 公开视频 58。
[74/359] 正在抓取作者 393509239 的 MetaResult 级作者属性。
[OK] 作者 393509239 抓取完成：粉丝 56058, 关注 141, 公开视频 162。
[75/359] 正在抓取作者 1216563805 的 MetaResult 级作者属性。
[OK] 作者 1216563805 抓取完成：粉丝 59, 关注 20, 公开视频 27。
[76/359] 正在抓取作者 396795807 的 MetaResult 级作者属性。
[OK] 作者 396795807 抓取完成：粉丝 30511, 关注 55, 公开视频 3370。
[77/359] 正在抓取作者 507868235 的 MetaResult 级作者属性。
[OK] 作者 507868235 抓取完成：粉丝 42265, 关注 8, 公开视频 19。
[78/359] 正在抓取作者 511466023 的 MetaResult 级作者属性。
[OK] 作者 511466023 抓取完成：粉丝 55755, 关注 36, 公开视频 95。
[79/359] 正在抓取作者 436341358 的 MetaResult 级作者属性。
[OK] 作者 436341358 抓取完成：粉丝 117473, 关注 32, 公开视频 276。
[80/359] 正在抓取作者 498399023 的 MetaResult 级作者属性。
[OK] 作者 498399023 抓取完成：粉丝 1852, 关注 356, 公开视频 66。
[81/359] 正在抓取作者 589107814 的 MetaResult 级作者属性。
[OK] 作者 589107814 抓取完成：粉丝 20320, 关注 30, 公开视频 39。
[82/359] 正在抓取作者 21847589 的 MetaResult 级作者属性。
[OK] 作者 21847589 抓取完成：粉丝 9301, 关注 69, 公开视频 90。
[83/359] 正在抓取作者 548138781 的 MetaResult 级作者属性。
[OK] 作者 548138781 抓取完成：粉丝 974, 关注 3, 公开视频 1。
[84/359] 正在抓取作者 1298780001 的 MetaResult 级作者属性。
[OK] 作者 1298780001 抓取完成：粉丝 13081, 关注 63, 公开视频 33。
[85/359] 正在抓取作者 388961153 的 MetaResult 级作者属性。
[OK] 作者 388961153 抓取完成：粉丝 96, 关注 3, 公开视频 22。
[86/359] 正在抓取作者 96657334 的 MetaResult 级作者属性。
[OK] 作者 96657334 抓取完成：粉丝 621, 关注 2281, 公开视频 52。
[87/359] 正在抓取作者 492667734 的 MetaResult 级作者属性。
[OK] 作者 492667734 抓取完成：粉丝 8332, 关注 8, 公开视频 59。
[88/359] 正在抓取作者 3546850191739708 的 MetaResult 级作者属性。
[OK] 作者 3546850191739708 抓取完成：粉丝 15019, 关注 1, 公开视频 100。
[89/359] 正在抓取作者 508984798 的 MetaResult 级作者属性。
[OK] 作者 508984798 抓取完成：粉丝 132050, 关注 526, 公开视频 216。
[90/359] 正在抓取作者 3546775646374746 的 MetaResult 级作者属性。
[OK] 作者 3546775646374746 抓取完成：粉丝 14198, 关注 10, 公开视频 79。
[91/359] 正在抓取作者 1511554537 的 MetaResult 级作者属性。
[OK] 作者 1511554537 抓取完成：粉丝 99019, 关注 2, 公开视频 13。
[92/359] 正在抓取作者 1211351908 的 MetaResult 级作者属性。
[OK] 作者 1211351908 抓取完成：粉丝 1464, 关注 3, 公开视频 65。
[93/359] 正在抓取作者 4228235 的 MetaResult 级作者属性。
[OK] 作者 4228235 抓取完成：粉丝 166068, 关注 1000, 公开视频 377。
[94/359] 正在抓取作者 293769043 的 MetaResult 级作者属性。
[OK] 作者 293769043 抓取完成：粉丝 16733, 关注 365, 公开视频 85。
[95/359] 正在抓取作者 32609124 的 MetaResult 级作者属性。
[OK] 作者 32609124 抓取完成：粉丝 263, 关注 7, 公开视频 5。
[96/359] 正在抓取作者 1232139440 的 MetaResult 级作者属性。
[OK] 作者 1232139440 抓取完成：粉丝 44, 关注 3, 公开视频 7。
[97/359] 正在抓取作者 631481180 的 MetaResult 级作者属性。
[OK] 作者 631481180 抓取完成：粉丝 34, 关注 73, 公开视频 3。
[98/359] 正在抓取作者 2070038273 的 MetaResult 级作者属性。
[OK] 作者 2070038273 抓取完成：粉丝 2336, 关注 16, 公开视频 157。
[99/359] 正在抓取作者 175828184 的 MetaResult 级作者属性。
[OK] 作者 175828184 抓取完成：粉丝 1923, 关注 837, 公开视频 151。
[100/359] 正在抓取作者 12890453 的 MetaResult 级作者属性。
[OK] 作者 12890453 抓取完成：粉丝 870913, 关注 790, 公开视频 266。
[101/359] 正在抓取作者 1812514452 的 MetaResult 级作者属性。
[OK] 作者 1812514452 抓取完成：粉丝 21017, 关注 1219, 公开视频 33。
[102/359] 正在抓取作者 106320250 的 MetaResult 级作者属性。
[OK] 作者 106320250 抓取完成：粉丝 1426784, 关注 6, 公开视频 87。
[103/359] 正在抓取作者 477419409 的 MetaResult 级作者属性。
[OK] 作者 477419409 抓取完成：粉丝 1209, 关注 536, 公开视频 11。
[104/359] 正在抓取作者 137975681 的 MetaResult 级作者属性。
[OK] 作者 137975681 抓取完成：粉丝 2049, 关注 203, 公开视频 26。
[105/359] 正在抓取作者 547060198 的 MetaResult 级作者属性。
[OK] 作者 547060198 抓取完成：粉丝 288, 关注 3, 公开视频 414。
[106/359] 正在抓取作者 339260313 的 MetaResult 级作者属性。
[OK] 作者 339260313 抓取完成：粉丝 142, 关注 150, 公开视频 37。
[107/359] 正在抓取作者 3546650519800353 的 MetaResult 级作者属性。
[OK] 作者 3546650519800353 抓取完成：粉丝 75289, 关注 5, 公开视频 45。
[108/359] 正在抓取作者 21131684 的 MetaResult 级作者属性。
[OK] 作者 21131684 抓取完成：粉丝 1101580, 关注 3112, 公开视频 130。
[109/359] 正在抓取作者 1274920807 的 MetaResult 级作者属性。
[OK] 作者 1274920807 抓取完成：粉丝 253, 关注 4, 公开视频 55。
[110/359] 正在抓取作者 3691005582772947 的 MetaResult 级作者属性。
[OK] 作者 3691005582772947 抓取完成：粉丝 874, 关注 1, 公开视频 49。
[111/359] 正在抓取作者 3546960044755406 的 MetaResult 级作者属性。
[OK] 作者 3546960044755406 抓取完成：粉丝 7022, 关注 2, 公开视频 16。
[112/359] 正在抓取作者 386360913 的 MetaResult 级作者属性。
[OK] 作者 386360913 抓取完成：粉丝 3183, 关注 50, 公开视频 30。
[113/359] 正在抓取作者 3546769986161495 的 MetaResult 级作者属性。
[OK] 作者 3546769986161495 抓取完成：粉丝 27, 关注 33, 公开视频 9。
[114/359] 正在抓取作者 627947058 的 MetaResult 级作者属性。
[OK] 作者 627947058 抓取完成：粉丝 729913, 关注 24, 公开视频 1656。
[115/359] 正在抓取作者 41161493 的 MetaResult 级作者属性。
[OK] 作者 41161493 抓取完成：粉丝 856, 关注 74, 公开视频 9。
[116/359] 正在抓取作者 484726558 的 MetaResult 级作者属性。
[OK] 作者 484726558 抓取完成：粉丝 20874, 关注 9, 公开视频 246。
[117/359] 正在抓取作者 483048140 的 MetaResult 级作者属性。
[OK] 作者 483048140 抓取完成：粉丝 6401, 关注 60, 公开视频 139。
[118/359] 正在抓取作者 1458436838 的 MetaResult 级作者属性。
[OK] 作者 1458436838 抓取完成：粉丝 21561, 关注 19, 公开视频 355。
[119/359] 正在抓取作者 3546887187597368 的 MetaResult 级作者属性。
[OK] 作者 3546887187597368 抓取完成：粉丝 30239, 关注 33, 公开视频 261。
[120/359] 正在抓取作者 496112597 的 MetaResult 级作者属性。
[WARN] 作者 496112597 触发风控相关报错（连续 1/5 次）：接口返回错误代码：-352，信息：风控校验失败。 {'code': -352, 'message': '风控校验失败', 'ttl': 1, 'data': {'v_voucher': 'voucher_a75bab87-6512-4b4f-bcec-f8d9d647ae7c'}}
[121/359] 正在抓取作者 59807853 的 MetaResult 级作者属性。
[WARN] 作者 59807853 触发风控相关报错（连续 2/5 次）：接口返回错误代码：-352，信息：风控校验失败。 {'code': -352, 'message': '风控校验失败', 'ttl': 1, 'data': {'v_voucher': 'voucher_cd26e74c-1331-478d-ab19-ea23f7fe5a7c'}}
[122/359] 正在抓取作者 368778383 的 MetaResult 级作者属性。
[WARN] 作者 368778383 触发风控相关报错（连续 3/5 次）：接口返回错误代码：-352，信息：风控校验失败。 {'code': -352, 'message': '风控校验失败', 'ttl': 1, 'data': {'v_voucher': 'voucher_b3840bb5-88f6-4648-9a4f-e99630c963ee'}}
[123/359] 正在抓取作者 1316597695 的 MetaResult 级作者属性。
[WARN] 作者 1316597695 触发风控相关报错（连续 4/5 次）：接口返回错误代码：-352，信息：风控校验失败。 {'code': -352, 'message': '风控校验失败', 'ttl': 1, 'data': {'v_voucher': 'voucher_11c3c1e8-bc73-4d39-a0d9-995b7fa01239'}}
[124/359] 正在抓取作者 38928341 的 MetaResult 级作者属性。
[WARN] 作者 38928341 触发风控相关报错（连续 5/5 次）：接口返回错误代码：-352，信息：风控校验失败。 {'code': -352, 'message': '风控校验失败', 'ttl': 1, 'data': {'v_voucher': 'voucher_0227915d-8762-457d-8577-30fee3975911'}}
[INFO] 已保存当前累计扩充作者列表：outputs/author_refinements/author_refinement_20260330_161802/expanded_author_list_accumulated.csv
[WARN] 已导出剩余待爬作者列表：outputs/author_refinements/author_refinement_20260330_161802/remaining_authors_part_24.csv
[TIMESTAMP][END] 2026-03-30T23:24:51
