[TIMESTAMP][BEGIN] 2026-03-30T21:07:18
[INFO] 识别到已有作者洞察任务：outputs/author_refinements/author_refinement_20260330_161802，本次将续跑为 part_6。
[INFO] 开始执行 author_refinement part_6，待处理作者数 2382。
[1/2382] 正在抓取作者 290515290 的 MetaResult 级作者属性。
[OK] 作者 290515290 抓取完成：粉丝 25282, 关注 11, 公开视频 2233。
[2/2382] 正在抓取作者 33648113 的 MetaResult 级作者属性。
[OK] 作者 33648113 抓取完成：粉丝 3452, 关注 392, 公开视频 629。
[3/2382] 正在抓取作者 140192125 的 MetaResult 级作者属性。
[OK] 作者 140192125 抓取完成：粉丝 13337, 关注 9, 公开视频 558。
[4/2382] 正在抓取作者 88412684 的 MetaResult 级作者属性。
[OK] 作者 88412684 抓取完成：粉丝 4964, 关注 67, 公开视频 106。
[5/2382] 正在抓取作者 3690997168999243 的 MetaResult 级作者属性。
[OK] 作者 3690997168999243 抓取完成：粉丝 549, 关注 0, 公开视频 6。
[6/2382] 正在抓取作者 1336299423 的 MetaResult 级作者属性。
[OK] 作者 1336299423 抓取完成：粉丝 15071, 关注 102, 公开视频 672。
[7/2382] 正在抓取作者 335048417 的 MetaResult 级作者属性。
[OK] 作者 335048417 抓取完成：粉丝 2314, 关注 389, 公开视频 161。
[8/2382] 正在抓取作者 2091820150 的 MetaResult 级作者属性。
[OK] 作者 2091820150 抓取完成：粉丝 15149, 关注 110, 公开视频 823。
[9/2382] 正在抓取作者 3546608109095338 的 MetaResult 级作者属性。
[OK] 作者 3546608109095338 抓取完成：粉丝 530943, 关注 0, 公开视频 349。
[10/2382] 正在抓取作者 4856007 的 MetaResult 级作者属性。
[OK] 作者 4856007 抓取完成：粉丝 3266679, 关注 101, 公开视频 36980。
[11/2382] 正在抓取作者 1913290 的 MetaResult 级作者属性。
[OK] 作者 1913290 抓取完成：粉丝 973, 关注 50, 公开视频 95。
[12/2382] 正在抓取作者 928123 的 MetaResult 级作者属性。
[OK] 作者 928123 抓取完成：粉丝 8730236, 关注 47, 公开视频 27160。
[13/2382] 正在抓取作者 346671188 的 MetaResult 级作者属性。
[OK] 作者 346671188 抓取完成：粉丝 266651, 关注 527, 公开视频 1382。
[14/2382] 正在抓取作者 21045639 的 MetaResult 级作者属性。
[OK] 作者 21045639 抓取完成：粉丝 4606, 关注 216, 公开视频 1148。
[15/2382] 正在抓取作者 35755494 的 MetaResult 级作者属性。
[OK] 作者 35755494 抓取完成：粉丝 85, 关注 446, 公开视频 41。
[16/2382] 正在抓取作者 223902 的 MetaResult 级作者属性。
[OK] 作者 223902 抓取完成：粉丝 572956, 关注 182, 公开视频 12997。
[17/2382] 正在抓取作者 12853382 的 MetaResult 级作者属性。
[OK] 作者 12853382 抓取完成：粉丝 274, 关注 133, 公开视频 23。
[18/2382] 正在抓取作者 11107521 的 MetaResult 级作者属性。
[OK] 作者 11107521 抓取完成：粉丝 15757, 关注 111, 公开视频 326。
[19/2382] 正在抓取作者 2053879295 的 MetaResult 级作者属性。
[OK] 作者 2053879295 抓取完成：粉丝 322990, 关注 499, 公开视频 291。
[20/2382] 正在抓取作者 184571276 的 MetaResult 级作者属性。
[OK] 作者 184571276 抓取完成：粉丝 4237, 关注 39, 公开视频 12。
[21/2382] 正在抓取作者 1629347259 的 MetaResult 级作者属性。
[OK] 作者 1629347259 抓取完成：粉丝 2208093, 关注 24, 公开视频 3680。
[22/2382] 正在抓取作者 1799086622 的 MetaResult 级作者属性。
[OK] 作者 1799086622 抓取完成：粉丝 106, 关注 138, 公开视频 32。
[23/2382] 正在抓取作者 3494370359642886 的 MetaResult 级作者属性。
[OK] 作者 3494370359642886 抓取完成：粉丝 198972, 关注 25, 公开视频 344。
[24/2382] 正在抓取作者 43831821 的 MetaResult 级作者属性。
[OK] 作者 43831821 抓取完成：粉丝 426344, 关注 188, 公开视频 518。
[25/2382] 正在抓取作者 1244438692 的 MetaResult 级作者属性。
[OK] 作者 1244438692 抓取完成：粉丝 8311, 关注 128, 公开视频 376。
[26/2382] 正在抓取作者 649063025 的 MetaResult 级作者属性。
[OK] 作者 649063025 抓取完成：粉丝 81442, 关注 9, 公开视频 477。
[27/2382] 正在抓取作者 3546922050652228 的 MetaResult 级作者属性。
[OK] 作者 3546922050652228 抓取完成：粉丝 2332, 关注 183, 公开视频 25。
[28/2382] 正在抓取作者 472265737 的 MetaResult 级作者属性。
[OK] 作者 472265737 抓取完成：粉丝 3256, 关注 414, 公开视频 3。
[29/2382] 正在抓取作者 3493279821727775 的 MetaResult 级作者属性。
[OK] 作者 3493279821727775 抓取完成：粉丝 2464, 关注 5, 公开视频 120。
[30/2382] 正在抓取作者 269357242 的 MetaResult 级作者属性。
[OK] 作者 269357242 抓取完成：粉丝 144460, 关注 386, 公开视频 219。
[31/2382] 正在抓取作者 187100549 的 MetaResult 级作者属性。
[OK] 作者 187100549 抓取完成：粉丝 5201, 关注 883, 公开视频 28。
[32/2382] 正在抓取作者 407199335 的 MetaResult 级作者属性。
[OK] 作者 407199335 抓取完成：粉丝 54241, 关注 143, 公开视频 104。
[33/2382] 正在抓取作者 218751342 的 MetaResult 级作者属性。
[OK] 作者 218751342 抓取完成：粉丝 550488, 关注 91, 公开视频 114。
[34/2382] 正在抓取作者 11135875 的 MetaResult 级作者属性。
[OK] 作者 11135875 抓取完成：粉丝 371531, 关注 823, 公开视频 50。
[35/2382] 正在抓取作者 320844275 的 MetaResult 级作者属性。
[OK] 作者 320844275 抓取完成：粉丝 327455, 关注 217, 公开视频 67。
[36/2382] 正在抓取作者 24738225 的 MetaResult 级作者属性。
[OK] 作者 24738225 抓取完成：粉丝 159917, 关注 427, 公开视频 49。
[37/2382] 正在抓取作者 1380576 的 MetaResult 级作者属性。
[OK] 作者 1380576 抓取完成：粉丝 19267, 关注 12, 公开视频 404。
[38/2382] 正在抓取作者 412993225 的 MetaResult 级作者属性。
[OK] 作者 412993225 抓取完成：粉丝 39592, 关注 3, 公开视频 1662。
[39/2382] 正在抓取作者 1572536677 的 MetaResult 级作者属性。
[OK] 作者 1572536677 抓取完成：粉丝 47, 关注 76, 公开视频 13。
[40/2382] 正在抓取作者 11218501 的 MetaResult 级作者属性。
[OK] 作者 11218501 抓取完成：粉丝 148276, 关注 0, 公开视频 72。
[41/2382] 正在抓取作者 1721505402 的 MetaResult 级作者属性。
[OK] 作者 1721505402 抓取完成：粉丝 29911, 关注 445, 公开视频 104。
[42/2382] 正在抓取作者 323764559 的 MetaResult 级作者属性。
[OK] 作者 323764559 抓取完成：粉丝 12561, 关注 43, 公开视频 332。
[43/2382] 正在抓取作者 49339979 的 MetaResult 级作者属性。
[OK] 作者 49339979 抓取完成：粉丝 26221, 关注 72, 公开视频 1044。
[44/2382] 正在抓取作者 518160477 的 MetaResult 级作者属性。
[OK] 作者 518160477 抓取完成：粉丝 442, 关注 990, 公开视频 72。
[45/2382] 正在抓取作者 1430921 的 MetaResult 级作者属性。
[OK] 作者 1430921 抓取完成：粉丝 247, 关注 65, 公开视频 19。
[46/2382] 正在抓取作者 499130220 的 MetaResult 级作者属性。
[OK] 作者 499130220 抓取完成：粉丝 2056, 关注 950, 公开视频 236。
[47/2382] 正在抓取作者 651051827 的 MetaResult 级作者属性。
[OK] 作者 651051827 抓取完成：粉丝 323, 关注 108, 公开视频 603。
[48/2382] 正在抓取作者 1781114816 的 MetaResult 级作者属性。
[OK] 作者 1781114816 抓取完成：粉丝 1073, 关注 121, 公开视频 15。
[49/2382] 正在抓取作者 21107072 的 MetaResult 级作者属性。
[OK] 作者 21107072 抓取完成：粉丝 1058, 关注 523, 公开视频 857。
[50/2382] 正在抓取作者 1793229892 的 MetaResult 级作者属性。
[OK] 作者 1793229892 抓取完成：粉丝 10942, 关注 4531, 公开视频 391。
[51/2382] 正在抓取作者 60892637 的 MetaResult 级作者属性。
[OK] 作者 60892637 抓取完成：粉丝 5442, 关注 59, 公开视频 1054。
[52/2382] 正在抓取作者 252611883 的 MetaResult 级作者属性。
[OK] 作者 252611883 抓取完成：粉丝 3678, 关注 34, 公开视频 1874。
[53/2382] 正在抓取作者 416220600 的 MetaResult 级作者属性。
[OK] 作者 416220600 抓取完成：粉丝 212, 关注 1, 公开视频 197。
[54/2382] 正在抓取作者 3690987832478531 的 MetaResult 级作者属性。
[OK] 作者 3690987832478531 抓取完成：粉丝 250, 关注 100, 公开视频 79。
[55/2382] 正在抓取作者 33109998 的 MetaResult 级作者属性。
[OK] 作者 33109998 抓取完成：粉丝 2523, 关注 2422, 公开视频 429。
[56/2382] 正在抓取作者 131313954 的 MetaResult 级作者属性。
[OK] 作者 131313954 抓取完成：粉丝 151, 关注 57, 公开视频 143。
[57/2382] 正在抓取作者 499808294 的 MetaResult 级作者属性。
[OK] 作者 499808294 抓取完成：粉丝 353, 关注 59, 公开视频 186。
[58/2382] 正在抓取作者 105081752 的 MetaResult 级作者属性。
[OK] 作者 105081752 抓取完成：粉丝 45482, 关注 10, 公开视频 1357。
[59/2382] 正在抓取作者 437442812 的 MetaResult 级作者属性。
[OK] 作者 437442812 抓取完成：粉丝 813, 关注 88, 公开视频 87。
[60/2382] 正在抓取作者 224538545 的 MetaResult 级作者属性。
[OK] 作者 224538545 抓取完成：粉丝 7463, 关注 4128, 公开视频 66。
[61/2382] 正在抓取作者 1389990041 的 MetaResult 级作者属性。
[OK] 作者 1389990041 抓取完成：粉丝 250, 关注 139, 公开视频 56。
[62/2382] 正在抓取作者 358568975 的 MetaResult 级作者属性。
[OK] 作者 358568975 抓取完成：粉丝 3720, 关注 274, 公开视频 1452。
[63/2382] 正在抓取作者 522876500 的 MetaResult 级作者属性。
[OK] 作者 522876500 抓取完成：粉丝 5086, 关注 196, 公开视频 488。
[64/2382] 正在抓取作者 3546557133621679 的 MetaResult 级作者属性。
[OK] 作者 3546557133621679 抓取完成：粉丝 492, 关注 1777, 公开视频 189。
[65/2382] 正在抓取作者 1139920092 的 MetaResult 级作者属性。
[OK] 作者 1139920092 抓取完成：粉丝 1522, 关注 287, 公开视频 21。
[66/2382] 正在抓取作者 1625326575 的 MetaResult 级作者属性。
[OK] 作者 1625326575 抓取完成：粉丝 3008, 关注 344, 公开视频 11。
[67/2382] 正在抓取作者 3546756103015295 的 MetaResult 级作者属性。
[OK] 作者 3546756103015295 抓取完成：粉丝 168, 关注 8, 公开视频 8038。
[68/2382] 正在抓取作者 518506782 的 MetaResult 级作者属性。
[OK] 作者 518506782 抓取完成：粉丝 108, 关注 152, 公开视频 220。
[69/2382] 正在抓取作者 384260485 的 MetaResult 级作者属性。
[OK] 作者 384260485 抓取完成：粉丝 290, 关注 184, 公开视频 1。
[70/2382] 正在抓取作者 15049310 的 MetaResult 级作者属性。
[OK] 作者 15049310 抓取完成：粉丝 723306, 关注 771, 公开视频 386。
[71/2382] 正在抓取作者 518190650 的 MetaResult 级作者属性。
[OK] 作者 518190650 抓取完成：粉丝 73614, 关注 104, 公开视频 22。
[72/2382] 正在抓取作者 3546882752121271 的 MetaResult 级作者属性。
[OK] 作者 3546882752121271 抓取完成：粉丝 302, 关注 2, 公开视频 44。
[73/2382] 正在抓取作者 103300851 的 MetaResult 级作者属性。
[OK] 作者 103300851 抓取完成：粉丝 3609, 关注 284, 公开视频 58。
[74/2382] 正在抓取作者 7370915 的 MetaResult 级作者属性。
[OK] 作者 7370915 抓取完成：粉丝 406590, 关注 444, 公开视频 415。
[75/2382] 正在抓取作者 659881 的 MetaResult 级作者属性。
[OK] 作者 659881 抓取完成：粉丝 1182, 关注 132, 公开视频 117。
[76/2382] 正在抓取作者 8265403 的 MetaResult 级作者属性。
[OK] 作者 8265403 抓取完成：粉丝 1188, 关注 284, 公开视频 46。
[77/2382] 正在抓取作者 30952147 的 MetaResult 级作者属性。
[OK] 作者 30952147 抓取完成：粉丝 1046621, 关注 384, 公开视频 296。
[78/2382] 正在抓取作者 385976970 的 MetaResult 级作者属性。
[OK] 作者 385976970 抓取完成：粉丝 499320, 关注 987, 公开视频 284。
[79/2382] 正在抓取作者 568968 的 MetaResult 级作者属性。
[OK] 作者 568968 抓取完成：粉丝 2498, 关注 837, 公开视频 217。
[80/2382] 正在抓取作者 301870779 的 MetaResult 级作者属性。
[OK] 作者 301870779 抓取完成：粉丝 1314, 关注 670, 公开视频 38。
[81/2382] 正在抓取作者 10986258 的 MetaResult 级作者属性。
[OK] 作者 10986258 抓取完成：粉丝 1743, 关注 970, 公开视频 121。
[82/2382] 正在抓取作者 3245470 的 MetaResult 级作者属性。
[OK] 作者 3245470 抓取完成：粉丝 23244, 关注 229, 公开视频 232。
[83/2382] 正在抓取作者 26273515 的 MetaResult 级作者属性。
[OK] 作者 26273515 抓取完成：粉丝 161184, 关注 131, 公开视频 115。
[84/2382] 正在抓取作者 1217741775 的 MetaResult 级作者属性。
[OK] 作者 1217741775 抓取完成：粉丝 4605, 关注 25, 公开视频 31。
[85/2382] 正在抓取作者 17437888 的 MetaResult 级作者属性。
[OK] 作者 17437888 抓取完成：粉丝 994453, 关注 273, 公开视频 458。
[86/2382] 正在抓取作者 626593961 的 MetaResult 级作者属性。
[OK] 作者 626593961 抓取完成：粉丝 10445, 关注 866, 公开视频 4952。
[87/2382] 正在抓取作者 756372 的 MetaResult 级作者属性。
[OK] 作者 756372 抓取完成：粉丝 180104, 关注 370, 公开视频 385。
[88/2382] 正在抓取作者 21237600 的 MetaResult 级作者属性。
[OK] 作者 21237600 抓取完成：粉丝 174, 关注 1122, 公开视频 27。
[89/2382] 正在抓取作者 189661014 的 MetaResult 级作者属性。
[OK] 作者 189661014 抓取完成：粉丝 288, 关注 1012, 公开视频 47。
[90/2382] 正在抓取作者 1851105 的 MetaResult 级作者属性。
[OK] 作者 1851105 抓取完成：粉丝 653320, 关注 574, 公开视频 341。
[91/2382] 正在抓取作者 99080900 的 MetaResult 级作者属性。
[OK] 作者 99080900 抓取完成：粉丝 3499, 关注 25, 公开视频 8。
[92/2382] 正在抓取作者 361919571 的 MetaResult 级作者属性。
[OK] 作者 361919571 抓取完成：粉丝 994, 关注 3680, 公开视频 96。
[93/2382] 正在抓取作者 28884714 的 MetaResult 级作者属性。
[OK] 作者 28884714 抓取完成：粉丝 18347, 关注 566, 公开视频 195。
[94/2382] 正在抓取作者 25255021 的 MetaResult 级作者属性。
[OK] 作者 25255021 抓取完成：粉丝 193761, 关注 31, 公开视频 349。
[95/2382] 正在抓取作者 1327861372 的 MetaResult 级作者属性。
[OK] 作者 1327861372 抓取完成：粉丝 2, 关注 82, 公开视频 1。
[96/2382] 正在抓取作者 1957489700 的 MetaResult 级作者属性。
[OK] 作者 1957489700 抓取完成：粉丝 102871, 关注 155, 公开视频 110。
[97/2382] 正在抓取作者 2018167283 的 MetaResult 级作者属性。
[OK] 作者 2018167283 抓取完成：粉丝 27066, 关注 732, 公开视频 557。
[98/2382] 正在抓取作者 404600077 的 MetaResult 级作者属性。
[OK] 作者 404600077 抓取完成：粉丝 1912, 关注 39, 公开视频 11。
[99/2382] 正在抓取作者 3546606878066958 的 MetaResult 级作者属性。
[OK] 作者 3546606878066958 抓取完成：粉丝 21489, 关注 1, 公开视频 596。
[100/2382] 正在抓取作者 1536406057 的 MetaResult 级作者属性。
[OK] 作者 1536406057 抓取完成：粉丝 2654, 关注 7, 公开视频 10。
[101/2382] 正在抓取作者 3493089031227877 的 MetaResult 级作者属性。
[OK] 作者 3493089031227877 抓取完成：粉丝 5683, 关注 43, 公开视频 3013。
[102/2382] 正在抓取作者 455760162 的 MetaResult 级作者属性。
[OK] 作者 455760162 抓取完成：粉丝 41852, 关注 33, 公开视频 328。
[103/2382] 正在抓取作者 29039693 的 MetaResult 级作者属性。
[OK] 作者 29039693 抓取完成：粉丝 167902, 关注 417, 公开视频 61。
[104/2382] 正在抓取作者 6259034 的 MetaResult 级作者属性。
[OK] 作者 6259034 抓取完成：粉丝 336, 关注 150, 公开视频 1111。
[105/2382] 正在抓取作者 3493291639179886 的 MetaResult 级作者属性。
[OK] 作者 3493291639179886 抓取完成：粉丝 381, 关注 12, 公开视频 27。
[106/2382] 正在抓取作者 3546734009518160 的 MetaResult 级作者属性。
[OK] 作者 3546734009518160 抓取完成：粉丝 43767, 关注 6, 公开视频 88。
[107/2382] 正在抓取作者 327961371 的 MetaResult 级作者属性。
[OK] 作者 327961371 抓取完成：粉丝 642206, 关注 205, 公开视频 2452。
[108/2382] 正在抓取作者 499807827 的 MetaResult 级作者属性。
[OK] 作者 499807827 抓取完成：粉丝 220838, 关注 128, 公开视频 2386。
[109/2382] 正在抓取作者 1844873138 的 MetaResult 级作者属性。
[OK] 作者 1844873138 抓取完成：粉丝 337255, 关注 83, 公开视频 28。
[110/2382] 正在抓取作者 542507083 的 MetaResult 级作者属性。
[OK] 作者 542507083 抓取完成：粉丝 851121, 关注 83, 公开视频 724。
[111/2382] 正在抓取作者 3546897883073062 的 MetaResult 级作者属性。
[OK] 作者 3546897883073062 抓取完成：粉丝 9044, 关注 18, 公开视频 1460。
[112/2382] 正在抓取作者 522662017 的 MetaResult 级作者属性。
[OK] 作者 522662017 抓取完成：粉丝 471, 关注 560, 公开视频 45。
[113/2382] 正在抓取作者 3706948012738987 的 MetaResult 级作者属性。
[OK] 作者 3706948012738987 抓取完成：粉丝 8, 关注 0, 公开视频 4。
[114/2382] 正在抓取作者 3546674548968256 的 MetaResult 级作者属性。
[OK] 作者 3546674548968256 抓取完成：粉丝 1612, 关注 2834, 公开视频 89。
[115/2382] 正在抓取作者 72373107 的 MetaResult 级作者属性。
[OK] 作者 72373107 抓取完成：粉丝 115703, 关注 39, 公开视频 406。
[116/2382] 正在抓取作者 1361319841 的 MetaResult 级作者属性。
[OK] 作者 1361319841 抓取完成：粉丝 5453, 关注 11, 公开视频 238。
[117/2382] 正在抓取作者 2142273706 的 MetaResult 级作者属性。
[WARN] 作者 2142273706 触发风控相关报错（连续 1/5 次）：接口返回错误代码：-352，信息：风控校验失败。 {'code': -352, 'message': '风控校验失败', 'ttl': 1, 'data': {'v_voucher': 'voucher_2a462daa-31bc-4448-8fe6-e907d47ff22c'}}
[118/2382] 正在抓取作者 3690988025416614 的 MetaResult 级作者属性。
[WARN] 作者 3690988025416614 触发风控相关报错（连续 2/5 次）：接口返回错误代码：-352，信息：风控校验失败。 {'code': -352, 'message': '风控校验失败', 'ttl': 1, 'data': {'v_voucher': 'voucher_33548735-08d1-4bfe-96c9-52dc48ef6a9a'}}
[119/2382] 正在抓取作者 3546952247544089 的 MetaResult 级作者属性。
[WARN] 作者 3546952247544089 触发风控相关报错（连续 3/5 次）：接口返回错误代码：-352，信息：风控校验失败。 {'code': -352, 'message': '风控校验失败', 'ttl': 1, 'data': {'v_voucher': 'voucher_eab4bacb-23b4-469c-acb3-93434d4698bc'}}
[120/2382] 正在抓取作者 238047060 的 MetaResult 级作者属性。
[OK] 作者 238047060 抓取完成：粉丝 83872, 关注 121, 公开视频 76。
[121/2382] 正在抓取作者 336624625 的 MetaResult 级作者属性。
[WARN] 作者 336624625 触发风控相关报错（连续 1/5 次）：接口返回错误代码：-352，信息：风控校验失败。 {'code': -352, 'message': '风控校验失败', 'ttl': 1, 'data': {'v_voucher': 'voucher_394d0905-b37a-45df-a1a5-32e3bc3035e0'}}
[122/2382] 正在抓取作者 3546957628836153 的 MetaResult 级作者属性。
[WARN] 作者 3546957628836153 触发风控相关报错（连续 2/5 次）：接口返回错误代码：-352，信息：风控校验失败。 {'code': -352, 'message': '风控校验失败', 'ttl': 1, 'data': {'v_voucher': 'voucher_ec0bcae8-904d-40a0-a1a8-4fbb9d70b5af'}}
[123/2382] 正在抓取作者 1289442368 的 MetaResult 级作者属性。
[WARN] 作者 1289442368 触发风控相关报错（连续 3/5 次）：接口返回错误代码：-352，信息：风控校验失败。 {'code': -352, 'message': '风控校验失败', 'ttl': 1, 'data': {'v_voucher': 'voucher_201b55e8-6210-48a5-8e6d-38ece8a38e3e'}}
[124/2382] 正在抓取作者 1493848769 的 MetaResult 级作者属性。
[WARN] 作者 1493848769 触发风控相关报错（连续 4/5 次）：接口返回错误代码：-352，信息：风控校验失败。 {'code': -352, 'message': '风控校验失败', 'ttl': 1, 'data': {'v_voucher': 'voucher_68522401-b159-4c06-8662-25870a9e091e'}}
[125/2382] 正在抓取作者 178757758 的 MetaResult 级作者属性。
[WARN] 作者 178757758 触发风控相关报错（连续 5/5 次）：接口返回错误代码：-352，信息：风控校验失败。 {'code': -352, 'message': '风控校验失败', 'ttl': 1, 'data': {'v_voucher': 'voucher_750b3d57-5a2b-4234-bc97-9d71646d953e'}}
[INFO] 已保存当前累计扩充作者列表：outputs/author_refinements/author_refinement_20260330_161802/expanded_author_list_accumulated.csv
[WARN] 已导出剩余待爬作者列表：outputs/author_refinements/author_refinement_20260330_161802/remaining_authors_part_6.csv
[INFO] 当前 part 因连续风控报错达到阈值而暂停；已开启睡眠续跑，将在 3 分钟后自动进入下一个 part。
[INFO] 开始执行 author_refinement part_7，待处理作者数 2258。
[1/2258] 正在抓取作者 178757758 的 MetaResult 级作者属性。
[OK] 作者 178757758 抓取完成：粉丝 26499, 关注 4982, 公开视频 608。
[2/2258] 正在抓取作者 536084866 的 MetaResult 级作者属性。
[OK] 作者 536084866 抓取完成：粉丝 18497, 关注 1074, 公开视频 200。
[3/2258] 正在抓取作者 1717949040 的 MetaResult 级作者属性。
[OK] 作者 1717949040 抓取完成：粉丝 46729, 关注 280, 公开视频 746。
[4/2258] 正在抓取作者 35063612 的 MetaResult 级作者属性。
[OK] 作者 35063612 抓取完成：粉丝 253470, 关注 272, 公开视频 668。
[5/2258] 正在抓取作者 415509711 的 MetaResult 级作者属性。
[OK] 作者 415509711 抓取完成：粉丝 299457, 关注 40, 公开视频 1136。
[6/2258] 正在抓取作者 95414147 的 MetaResult 级作者属性。
[OK] 作者 95414147 抓取完成：粉丝 514640, 关注 217, 公开视频 660。
[7/2258] 正在抓取作者 2072681154 的 MetaResult 级作者属性。
[OK] 作者 2072681154 抓取完成：粉丝 18, 关注 23, 公开视频 3。
[8/2258] 正在抓取作者 3546923405412576 的 MetaResult 级作者属性。
[OK] 作者 3546923405412576 抓取完成：粉丝 14974, 关注 254, 公开视频 192。
[9/2258] 正在抓取作者 544082310 的 MetaResult 级作者属性。
[OK] 作者 544082310 抓取完成：粉丝 236, 关注 33, 公开视频 37。
[10/2258] 正在抓取作者 20497251 的 MetaResult 级作者属性。
[OK] 作者 20497251 抓取完成：粉丝 74074, 关注 134, 公开视频 213。
[11/2258] 正在抓取作者 2087796022 的 MetaResult 级作者属性。
[OK] 作者 2087796022 抓取完成：粉丝 313, 关注 229, 公开视频 38。
[12/2258] 正在抓取作者 291212829 的 MetaResult 级作者属性。
[OK] 作者 291212829 抓取完成：粉丝 16158, 关注 96, 公开视频 52。
[13/2258] 正在抓取作者 3546980009642679 的 MetaResult 级作者属性。
[OK] 作者 3546980009642679 抓取完成：粉丝 1415, 关注 65, 公开视频 19。
[14/2258] 正在抓取作者 3546856279772012 的 MetaResult 级作者属性。
[OK] 作者 3546856279772012 抓取完成：粉丝 12367, 关注 43, 公开视频 223。
[15/2258] 正在抓取作者 516943269 的 MetaResult 级作者属性。
[OK] 作者 516943269 抓取完成：粉丝 3165, 关注 966, 公开视频 48。
[16/2258] 正在抓取作者 1846212775 的 MetaResult 级作者属性。
[OK] 作者 1846212775 抓取完成：粉丝 3079, 关注 4976, 公开视频 40。
[17/2258] 正在抓取作者 1756124866 的 MetaResult 级作者属性。
[OK] 作者 1756124866 抓取完成：粉丝 4726, 关注 1432, 公开视频 63。
[18/2258] 正在抓取作者 6006696 的 MetaResult 级作者属性。
[OK] 作者 6006696 抓取完成：粉丝 27, 关注 44, 公开视频 1。
[19/2258] 正在抓取作者 5878572 的 MetaResult 级作者属性。
[OK] 作者 5878572 抓取完成：粉丝 667253, 关注 318, 公开视频 342。
[20/2258] 正在抓取作者 15270251 的 MetaResult 级作者属性。
[OK] 作者 15270251 抓取完成：粉丝 38857, 关注 76, 公开视频 16。
[21/2258] 正在抓取作者 436130052 的 MetaResult 级作者属性。
[OK] 作者 436130052 抓取完成：粉丝 55111, 关注 45, 公开视频 194。
[22/2258] 正在抓取作者 3493279559584443 的 MetaResult 级作者属性。
[OK] 作者 3493279559584443 抓取完成：粉丝 111190, 关注 79, 公开视频 185。
[23/2258] 正在抓取作者 606691076 的 MetaResult 级作者属性。
[OK] 作者 606691076 抓取完成：粉丝 380, 关注 41, 公开视频 4。
[24/2258] 正在抓取作者 3493113102338747 的 MetaResult 级作者属性。
[OK] 作者 3493113102338747 抓取完成：粉丝 2595, 关注 60, 公开视频 45。
[25/2258] 正在抓取作者 1796627954 的 MetaResult 级作者属性。
[OK] 作者 1796627954 抓取完成：粉丝 72140, 关注 110, 公开视频 188。
[26/2258] 正在抓取作者 1227246511 的 MetaResult 级作者属性。
[OK] 作者 1227246511 抓取完成：粉丝 415, 关注 213, 公开视频 10。
[27/2258] 正在抓取作者 429908251 的 MetaResult 级作者属性。
[OK] 作者 429908251 抓取完成：粉丝 213805, 关注 133, 公开视频 177。
[28/2258] 正在抓取作者 15773384 的 MetaResult 级作者属性。
[OK] 作者 15773384 抓取完成：粉丝 8338043, 关注 75, 公开视频 5248。
[29/2258] 正在抓取作者 207539637 的 MetaResult 级作者属性。
[OK] 作者 207539637 抓取完成：粉丝 810375, 关注 61, 公开视频 9617。
[30/2258] 正在抓取作者 3493095513524633 的 MetaResult 级作者属性。
[OK] 作者 3493095513524633 抓取完成：粉丝 1027, 关注 890, 公开视频 6。
[31/2258] 正在抓取作者 1516870015 的 MetaResult 级作者属性。
[OK] 作者 1516870015 抓取完成：粉丝 2090, 关注 13, 公开视频 45。
[32/2258] 正在抓取作者 3537105588324927 的 MetaResult 级作者属性。
[OK] 作者 3537105588324927 抓取完成：粉丝 2600, 关注 9, 公开视频 47。
[33/2258] 正在抓取作者 256969701 的 MetaResult 级作者属性。
[OK] 作者 256969701 抓取完成：粉丝 6054, 关注 253, 公开视频 56。
[34/2258] 正在抓取作者 3537105011608049 的 MetaResult 级作者属性。
[OK] 作者 3537105011608049 抓取完成：粉丝 514, 关注 357, 公开视频 41。
[35/2258] 正在抓取作者 513625460 的 MetaResult 级作者属性。
[OK] 作者 513625460 抓取完成：粉丝 18327, 关注 104, 公开视频 328。
[36/2258] 正在抓取作者 662240122 的 MetaResult 级作者属性。
[OK] 作者 662240122 抓取完成：粉丝 2720, 关注 41, 公开视频 39。
[37/2258] 正在抓取作者 385079052 的 MetaResult 级作者属性。
[OK] 作者 385079052 抓取完成：粉丝 20130, 关注 27, 公开视频 124。
[38/2258] 正在抓取作者 7730254 的 MetaResult 级作者属性。
[OK] 作者 7730254 抓取完成：粉丝 73668, 关注 240, 公开视频 158。
[39/2258] 正在抓取作者 3546748012202358 的 MetaResult 级作者属性。
[OK] 作者 3546748012202358 抓取完成：粉丝 1216, 关注 22, 公开视频 27。
[40/2258] 正在抓取作者 3888474 的 MetaResult 级作者属性。
[OK] 作者 3888474 抓取完成：粉丝 3241, 关注 1253, 公开视频 20。
[41/2258] 正在抓取作者 17620039 的 MetaResult 级作者属性。
[OK] 作者 17620039 抓取完成：粉丝 2636, 关注 320, 公开视频 31。
[42/2258] 正在抓取作者 26856905 的 MetaResult 级作者属性。
[OK] 作者 26856905 抓取完成：粉丝 4209, 关注 17, 公开视频 2793。
[43/2258] 正在抓取作者 89050683 的 MetaResult 级作者属性。
[OK] 作者 89050683 抓取完成：粉丝 3253, 关注 104, 公开视频 8。
[44/2258] 正在抓取作者 662495171 的 MetaResult 级作者属性。
[OK] 作者 662495171 抓取完成：粉丝 2234, 关注 145, 公开视频 21。
[45/2258] 正在抓取作者 203987481 的 MetaResult 级作者属性。
[OK] 作者 203987481 抓取完成：粉丝 35054, 关注 137, 公开视频 145。
[46/2258] 正在抓取作者 31592940 的 MetaResult 级作者属性。
[OK] 作者 31592940 抓取完成：粉丝 379, 关注 319, 公开视频 11。
[47/2258] 正在抓取作者 270494247 的 MetaResult 级作者属性。
[OK] 作者 270494247 抓取完成：粉丝 1126374, 关注 278, 公开视频 506。
[48/2258] 正在抓取作者 544252315 的 MetaResult 级作者属性。
[OK] 作者 544252315 抓取完成：粉丝 3500, 关注 648, 公开视频 92。
[49/2258] 正在抓取作者 1072842577 的 MetaResult 级作者属性。
[OK] 作者 1072842577 抓取完成：粉丝 4415, 关注 585, 公开视频 54。
[50/2258] 正在抓取作者 1358058574 的 MetaResult 级作者属性。
[OK] 作者 1358058574 抓取完成：粉丝 4344, 关注 28, 公开视频 75。
[51/2258] 正在抓取作者 586601676 的 MetaResult 级作者属性。
[OK] 作者 586601676 抓取完成：粉丝 5728, 关注 1807, 公开视频 80。
[52/2258] 正在抓取作者 507654072 的 MetaResult 级作者属性。
[OK] 作者 507654072 抓取完成：粉丝 3817, 关注 656, 公开视频 100。
[53/2258] 正在抓取作者 3546646839298348 的 MetaResult 级作者属性。
[OK] 作者 3546646839298348 抓取完成：粉丝 25021, 关注 33, 公开视频 444。
[54/2258] 正在抓取作者 269343474 的 MetaResult 级作者属性。
[OK] 作者 269343474 抓取完成：粉丝 100542, 关注 64, 公开视频 186。
[55/2258] 正在抓取作者 391636983 的 MetaResult 级作者属性。
[OK] 作者 391636983 抓取完成：粉丝 247704, 关注 210, 公开视频 961。
[56/2258] 正在抓取作者 16210268 的 MetaResult 级作者属性。
[OK] 作者 16210268 抓取完成：粉丝 1528, 关注 739, 公开视频 103。
[57/2258] 正在抓取作者 5645869 的 MetaResult 级作者属性。
[OK] 作者 5645869 抓取完成：粉丝 151395, 关注 196, 公开视频 415。
[58/2258] 正在抓取作者 408461431 的 MetaResult 级作者属性。
[OK] 作者 408461431 抓取完成：粉丝 60618, 关注 443, 公开视频 22。
[59/2258] 正在抓取作者 91285308 的 MetaResult 级作者属性。
[OK] 作者 91285308 抓取完成：粉丝 226905, 关注 103, 公开视频 245。
[60/2258] 正在抓取作者 1785904383 的 MetaResult 级作者属性。
[OK] 作者 1785904383 抓取完成：粉丝 19538, 关注 110, 公开视频 133。
[61/2258] 正在抓取作者 517756701 的 MetaResult 级作者属性。
[OK] 作者 517756701 抓取完成：粉丝 855155, 关注 418, 公开视频 372。
[62/2258] 正在抓取作者 68989669 的 MetaResult 级作者属性。
[OK] 作者 68989669 抓取完成：粉丝 9421, 关注 412, 公开视频 280。
[63/2258] 正在抓取作者 196808325 的 MetaResult 级作者属性。
[OK] 作者 196808325 抓取完成：粉丝 2447, 关注 175, 公开视频 5。
[64/2258] 正在抓取作者 42291237 的 MetaResult 级作者属性。
[OK] 作者 42291237 抓取完成：粉丝 8829, 关注 660, 公开视频 218。
[65/2258] 正在抓取作者 291547086 的 MetaResult 级作者属性。
[OK] 作者 291547086 抓取完成：粉丝 7174, 关注 44, 公开视频 1387。
[66/2258] 正在抓取作者 506539346 的 MetaResult 级作者属性。
[OK] 作者 506539346 抓取完成：粉丝 1901, 关注 4, 公开视频 37。
[67/2258] 正在抓取作者 696930569 的 MetaResult 级作者属性。
[OK] 作者 696930569 抓取完成：粉丝 152187, 关注 40, 公开视频 192。
[68/2258] 正在抓取作者 9070204 的 MetaResult 级作者属性。
[OK] 作者 9070204 抓取完成：粉丝 57896, 关注 244, 公开视频 513。
[69/2258] 正在抓取作者 106751373 的 MetaResult 级作者属性。
[OK] 作者 106751373 抓取完成：粉丝 1387, 关注 95, 公开视频 36。
[70/2258] 正在抓取作者 30380767 的 MetaResult 级作者属性。
[OK] 作者 30380767 抓取完成：粉丝 17411, 关注 39, 公开视频 247。
[71/2258] 正在抓取作者 1648176029 的 MetaResult 级作者属性。
[OK] 作者 1648176029 抓取完成：粉丝 67, 关注 277, 公开视频 19。
[72/2258] 正在抓取作者 496091344 的 MetaResult 级作者属性。
[OK] 作者 496091344 抓取完成：粉丝 294720, 关注 75, 公开视频 429。
[73/2258] 正在抓取作者 24836930 的 MetaResult 级作者属性。
[OK] 作者 24836930 抓取完成：粉丝 50738, 关注 3218, 公开视频 375。
[74/2258] 正在抓取作者 336215472 的 MetaResult 级作者属性。
[OK] 作者 336215472 抓取完成：粉丝 19989, 关注 125, 公开视频 518。
[75/2258] 正在抓取作者 360602803 的 MetaResult 级作者属性。
[OK] 作者 360602803 抓取完成：粉丝 1217, 关注 608, 公开视频 39。
[76/2258] 正在抓取作者 2642171 的 MetaResult 级作者属性。
[OK] 作者 2642171 抓取完成：粉丝 335923, 关注 997, 公开视频 913。
[77/2258] 正在抓取作者 12488618 的 MetaResult 级作者属性。
[OK] 作者 12488618 抓取完成：粉丝 528334, 关注 524, 公开视频 1762。
[78/2258] 正在抓取作者 1861182696 的 MetaResult 级作者属性。
[OK] 作者 1861182696 抓取完成：粉丝 6560, 关注 381, 公开视频 392。
[79/2258] 正在抓取作者 379212486 的 MetaResult 级作者属性。
[OK] 作者 379212486 抓取完成：粉丝 2350, 关注 3140, 公开视频 8。
[80/2258] 正在抓取作者 203230210 的 MetaResult 级作者属性。
[OK] 作者 203230210 抓取完成：粉丝 3132, 关注 200, 公开视频 78。
[81/2258] 正在抓取作者 45792199 的 MetaResult 级作者属性。
[OK] 作者 45792199 抓取完成：粉丝 10338, 关注 29, 公开视频 112。
[82/2258] 正在抓取作者 1429937806 的 MetaResult 级作者属性。
[OK] 作者 1429937806 抓取完成：粉丝 70222, 关注 14, 公开视频 1096。
[83/2258] 正在抓取作者 506639733 的 MetaResult 级作者属性。
[OK] 作者 506639733 抓取完成：粉丝 551, 关注 116, 公开视频 62。
[84/2258] 正在抓取作者 3546619769260163 的 MetaResult 级作者属性。
[OK] 作者 3546619769260163 抓取完成：粉丝 15657, 关注 997, 公开视频 21。
[85/2258] 正在抓取作者 485737560 的 MetaResult 级作者属性。
[OK] 作者 485737560 抓取完成：粉丝 52444, 关注 558, 公开视频 143。
[86/2258] 正在抓取作者 11129750 的 MetaResult 级作者属性。
[OK] 作者 11129750 抓取完成：粉丝 14145, 关注 170, 公开视频 32。
[87/2258] 正在抓取作者 167260418 的 MetaResult 级作者属性。
[OK] 作者 167260418 抓取完成：粉丝 196, 关注 426, 公开视频 9。
[88/2258] 正在抓取作者 22644194 的 MetaResult 级作者属性。
[OK] 作者 22644194 抓取完成：粉丝 7838, 关注 1654, 公开视频 61。
[89/2258] 正在抓取作者 50160809 的 MetaResult 级作者属性。
[OK] 作者 50160809 抓取完成：粉丝 13004, 关注 0, 公开视频 2187。
[90/2258] 正在抓取作者 620714457 的 MetaResult 级作者属性。
[OK] 作者 620714457 抓取完成：粉丝 5705, 关注 322, 公开视频 92。
[91/2258] 正在抓取作者 398418264 的 MetaResult 级作者属性。
[OK] 作者 398418264 抓取完成：粉丝 23614, 关注 866, 公开视频 262。
[92/2258] 正在抓取作者 515993 的 MetaResult 级作者属性。
[OK] 作者 515993 抓取完成：粉丝 3959073, 关注 277, 公开视频 395。
[93/2258] 正在抓取作者 492933660 的 MetaResult 级作者属性。
[OK] 作者 492933660 抓取完成：粉丝 2078, 关注 15, 公开视频 238。
[94/2258] 正在抓取作者 1817281819 的 MetaResult 级作者属性。
[OK] 作者 1817281819 抓取完成：粉丝 3676, 关注 29, 公开视频 54。
[95/2258] 正在抓取作者 400121455 的 MetaResult 级作者属性。
[OK] 作者 400121455 抓取完成：粉丝 21219, 关注 100, 公开视频 190。
[96/2258] 正在抓取作者 413726711 的 MetaResult 级作者属性。
[OK] 作者 413726711 抓取完成：粉丝 560, 关注 369, 公开视频 235。
[97/2258] 正在抓取作者 3706942671292771 的 MetaResult 级作者属性。
[OK] 作者 3706942671292771 抓取完成：粉丝 6407, 关注 0, 公开视频 1。
[98/2258] 正在抓取作者 1963950355 的 MetaResult 级作者属性。
[OK] 作者 1963950355 抓取完成：粉丝 52, 关注 238, 公开视频 2。
[99/2258] 正在抓取作者 360197 的 MetaResult 级作者属性。
[OK] 作者 360197 抓取完成：粉丝 96, 关注 1151, 公开视频 3。
[100/2258] 正在抓取作者 405857959 的 MetaResult 级作者属性。
[OK] 作者 405857959 抓取完成：粉丝 28005, 关注 84, 公开视频 242。
[101/2258] 正在抓取作者 1167827504 的 MetaResult 级作者属性。
[OK] 作者 1167827504 抓取完成：粉丝 10, 关注 8, 公开视频 13。
[102/2258] 正在抓取作者 455009957 的 MetaResult 级作者属性。
[OK] 作者 455009957 抓取完成：粉丝 674099, 关注 207, 公开视频 76。
[103/2258] 正在抓取作者 400112035 的 MetaResult 级作者属性。
[OK] 作者 400112035 抓取完成：粉丝 232807, 关注 43, 公开视频 230。
[104/2258] 正在抓取作者 661899428 的 MetaResult 级作者属性。
[OK] 作者 661899428 抓取完成：粉丝 10382, 关注 118, 公开视频 167。
[105/2258] 正在抓取作者 3546959587576752 的 MetaResult 级作者属性。
[OK] 作者 3546959587576752 抓取完成：粉丝 35860, 关注 8, 公开视频 243。
[106/2258] 正在抓取作者 28734721 的 MetaResult 级作者属性。
[OK] 作者 28734721 抓取完成：粉丝 148815, 关注 100, 公开视频 387。
[107/2258] 正在抓取作者 3546824786840533 的 MetaResult 级作者属性。
[OK] 作者 3546824786840533 抓取完成：粉丝 185211, 关注 8, 公开视频 328。
[108/2258] 正在抓取作者 3546919938820508 的 MetaResult 级作者属性。
[OK] 作者 3546919938820508 抓取完成：粉丝 146, 关注 56, 公开视频 186。
[109/2258] 正在抓取作者 411316775 的 MetaResult 级作者属性。
[OK] 作者 411316775 抓取完成：粉丝 1198, 关注 6, 公开视频 320。
[110/2258] 正在抓取作者 358179619 的 MetaResult 级作者属性。
[OK] 作者 358179619 抓取完成：粉丝 2595, 关注 448, 公开视频 81。
[111/2258] 正在抓取作者 1394577746 的 MetaResult 级作者属性。
[OK] 作者 1394577746 抓取完成：粉丝 1128, 关注 100, 公开视频 115。
[112/2258] 正在抓取作者 3546931829672190 的 MetaResult 级作者属性。
[OK] 作者 3546931829672190 抓取完成：粉丝 1988, 关注 15, 公开视频 562。
[113/2258] 正在抓取作者 454630606 的 MetaResult 级作者属性。
[OK] 作者 454630606 抓取完成：粉丝 130246, 关注 2154, 公开视频 67。
[114/2258] 正在抓取作者 2004161392 的 MetaResult 级作者属性。
[WARN] 作者 2004161392 触发风控相关报错（连续 1/5 次）：接口返回错误代码：-352，信息：风控校验失败。 {'code': -352, 'message': '风控校验失败', 'ttl': 1, 'data': {'v_voucher': 'voucher_e8baecac-8b76-4fff-88a9-e2debae9b850'}}
[115/2258] 正在抓取作者 3546935562603392 的 MetaResult 级作者属性。
[WARN] 作者 3546935562603392 触发风控相关报错（连续 2/5 次）：接口返回错误代码：-352，信息：风控校验失败。 {'code': -352, 'message': '风控校验失败', 'ttl': 1, 'data': {'v_voucher': 'voucher_c98ab02a-22ab-4236-ae99-3bcb7fcd027a'}}
[116/2258] 正在抓取作者 2029139912 的 MetaResult 级作者属性。
[WARN] 作者 2029139912 触发风控相关报错（连续 3/5 次）：接口返回错误代码：-352，信息：风控校验失败。 {'code': -352, 'message': '风控校验失败', 'ttl': 1, 'data': {'v_voucher': 'voucher_d183318d-04fa-4adf-859a-e21e2b105a44'}}
[117/2258] 正在抓取作者 3632313669781533 的 MetaResult 级作者属性。
[WARN] 作者 3632313669781533 触发风控相关报错（连续 4/5 次）：接口返回错误代码：-352，信息：风控校验失败。 {'code': -352, 'message': '风控校验失败', 'ttl': 1, 'data': {'v_voucher': 'voucher_dac5065a-42ce-4def-a7a4-453e2abf0a51'}}
[118/2258] 正在抓取作者 3546846039378676 的 MetaResult 级作者属性。
[WARN] 作者 3546846039378676 触发风控相关报错（连续 5/5 次）：接口返回错误代码：-352，信息：风控校验失败。 {'code': -352, 'message': '风控校验失败', 'ttl': 1, 'data': {'v_voucher': 'voucher_71d8bdb5-842c-4067-abea-aa48acb345e1'}}
[INFO] 已保存当前累计扩充作者列表：outputs/author_refinements/author_refinement_20260330_161802/expanded_author_list_accumulated.csv
[WARN] 已导出剩余待爬作者列表：outputs/author_refinements/author_refinement_20260330_161802/remaining_authors_part_7.csv
[INFO] 当前 part 因连续风控报错达到阈值而暂停；已开启睡眠续跑，将在 3 分钟后自动进入下一个 part。
[INFO] 开始执行 author_refinement part_8，待处理作者数 2141。
[1/2141] 正在抓取作者 3546846039378676 的 MetaResult 级作者属性。
[OK] 作者 3546846039378676 抓取完成：粉丝 400, 关注 68, 公开视频 36。
[2/2141] 正在抓取作者 1690153604 的 MetaResult 级作者属性。
[OK] 作者 1690153604 抓取完成：粉丝 35693, 关注 15, 公开视频 206。
[3/2141] 正在抓取作者 3632302634568267 的 MetaResult 级作者属性。
[OK] 作者 3632302634568267 抓取完成：粉丝 14369, 关注 6, 公开视频 548。
[4/2141] 正在抓取作者 35239580 的 MetaResult 级作者属性。
[OK] 作者 35239580 抓取完成：粉丝 116754, 关注 450, 公开视频 272。
[5/2141] 正在抓取作者 231133252 的 MetaResult 级作者属性。
[OK] 作者 231133252 抓取完成：粉丝 43626, 关注 510, 公开视频 41。
[6/2141] 正在抓取作者 390694351 的 MetaResult 级作者属性。
[OK] 作者 390694351 抓取完成：粉丝 9132, 关注 349, 公开视频 13。
[7/2141] 正在抓取作者 2109776 的 MetaResult 级作者属性。
[OK] 作者 2109776 抓取完成：粉丝 1042870, 关注 3397, 公开视频 414。
[8/2141] 正在抓取作者 3691011509323971 的 MetaResult 级作者属性。
[OK] 作者 3691011509323971 抓取完成：粉丝 121, 关注 21, 公开视频 10。
[9/2141] 正在抓取作者 3546896790456876 的 MetaResult 级作者属性。
[OK] 作者 3546896790456876 抓取完成：粉丝 3034, 关注 1282, 公开视频 224。
[10/2141] 正在抓取作者 3546711454648876 的 MetaResult 级作者属性。
[OK] 作者 3546711454648876 抓取完成：粉丝 726, 关注 2, 公开视频 13。
[11/2141] 正在抓取作者 1929162792 的 MetaResult 级作者属性。
[OK] 作者 1929162792 抓取完成：粉丝 192301, 关注 8, 公开视频 127。
[12/2141] 正在抓取作者 3546652109441359 的 MetaResult 级作者属性。
[OK] 作者 3546652109441359 抓取完成：粉丝 136260, 关注 83, 公开视频 127。
[13/2141] 正在抓取作者 249771387 的 MetaResult 级作者属性。
[OK] 作者 249771387 抓取完成：粉丝 84, 关注 166, 公开视频 22。
[14/2141] 正在抓取作者 211294322 的 MetaResult 级作者属性。
[OK] 作者 211294322 抓取完成：粉丝 282995, 关注 76, 公开视频 56。
[15/2141] 正在抓取作者 471240003 的 MetaResult 级作者属性。
[OK] 作者 471240003 抓取完成：粉丝 1513, 关注 934, 公开视频 73。
[16/2141] 正在抓取作者 393606168 的 MetaResult 级作者属性。
[OK] 作者 393606168 抓取完成：粉丝 57743, 关注 126, 公开视频 316。
[17/2141] 正在抓取作者 1729427784 的 MetaResult 级作者属性。
[OK] 作者 1729427784 抓取完成：粉丝 10407, 关注 27, 公开视频 1。
[18/2141] 正在抓取作者 1369087999 的 MetaResult 级作者属性。
[OK] 作者 1369087999 抓取完成：粉丝 5747, 关注 78, 公开视频 66。
[19/2141] 正在抓取作者 406784307 的 MetaResult 级作者属性。
[OK] 作者 406784307 抓取完成：粉丝 176857, 关注 1375, 公开视频 366。
[20/2141] 正在抓取作者 3493106129307838 的 MetaResult 级作者属性。
[OK] 作者 3493106129307838 抓取完成：粉丝 6405, 关注 26, 公开视频 71。
[21/2141] 正在抓取作者 688040791 的 MetaResult 级作者属性。
[OK] 作者 688040791 抓取完成：粉丝 10250, 关注 695, 公开视频 158。
[22/2141] 正在抓取作者 26937772 的 MetaResult 级作者属性。
[OK] 作者 26937772 抓取完成：粉丝 524243, 关注 302, 公开视频 49。
[23/2141] 正在抓取作者 59933534 的 MetaResult 级作者属性。
[OK] 作者 59933534 抓取完成：粉丝 4421, 关注 3, 公开视频 59。
[24/2141] 正在抓取作者 1564343837 的 MetaResult 级作者属性。
[OK] 作者 1564343837 抓取完成：粉丝 24240, 关注 44, 公开视频 52。
[25/2141] 正在抓取作者 383334423 的 MetaResult 级作者属性。
[OK] 作者 383334423 抓取完成：粉丝 330605, 关注 56, 公开视频 232。
[26/2141] 正在抓取作者 1089297004 的 MetaResult 级作者属性。
[OK] 作者 1089297004 抓取完成：粉丝 13, 关注 313, 公开视频 22。
[27/2141] 正在抓取作者 18395089 的 MetaResult 级作者属性。
[OK] 作者 18395089 抓取完成：粉丝 84, 关注 116, 公开视频 3。
[28/2141] 正在抓取作者 91555762 的 MetaResult 级作者属性。
[OK] 作者 91555762 抓取完成：粉丝 1797, 关注 4146, 公开视频 9。
[29/2141] 正在抓取作者 431789017 的 MetaResult 级作者属性。
[OK] 作者 431789017 抓取完成：粉丝 52782, 关注 3, 公开视频 49。
[30/2141] 正在抓取作者 1654420712 的 MetaResult 级作者属性。
[OK] 作者 1654420712 抓取完成：粉丝 2047, 关注 1038, 公开视频 154。
[31/2141] 正在抓取作者 2935461 的 MetaResult 级作者属性。
[OK] 作者 2935461 抓取完成：粉丝 30763, 关注 172, 公开视频 78。
[32/2141] 正在抓取作者 1366174419 的 MetaResult 级作者属性。
[OK] 作者 1366174419 抓取完成：粉丝 2348, 关注 160, 公开视频 19。
[33/2141] 正在抓取作者 3546378353510460 的 MetaResult 级作者属性。
[OK] 作者 3546378353510460 抓取完成：粉丝 2086, 关注 21, 公开视频 477。
[34/2141] 正在抓取作者 6484204 的 MetaResult 级作者属性。
[OK] 作者 6484204 抓取完成：粉丝 7566, 关注 21, 公开视频 204。
[35/2141] 正在抓取作者 16720403 的 MetaResult 级作者属性。
[OK] 作者 16720403 抓取完成：粉丝 2189286, 关注 75, 公开视频 16871。
[36/2141] 正在抓取作者 36787395 的 MetaResult 级作者属性。
[OK] 作者 36787395 抓取完成：粉丝 100, 关注 33, 公开视频 29。
[37/2141] 正在抓取作者 501664537 的 MetaResult 级作者属性。
[OK] 作者 501664537 抓取完成：粉丝 1063, 关注 228, 公开视频 127。
[38/2141] 正在抓取作者 13838234 的 MetaResult 级作者属性。
[OK] 作者 13838234 抓取完成：粉丝 413234, 关注 233, 公开视频 388。
[39/2141] 正在抓取作者 15485505 的 MetaResult 级作者属性。
[OK] 作者 15485505 抓取完成：粉丝 232776, 关注 0, 公开视频 96。
[40/2141] 正在抓取作者 1411681791 的 MetaResult 级作者属性。
[OK] 作者 1411681791 抓取完成：粉丝 7, 关注 58, 公开视频 3。
[41/2141] 正在抓取作者 8548010 的 MetaResult 级作者属性。
[OK] 作者 8548010 抓取完成：粉丝 483, 关注 354, 公开视频 20。
[42/2141] 正在抓取作者 1559220815 的 MetaResult 级作者属性。
[OK] 作者 1559220815 抓取完成：粉丝 4576, 关注 490, 公开视频 239。
[43/2141] 正在抓取作者 209813 的 MetaResult 级作者属性。
[OK] 作者 209813 抓取完成：粉丝 133, 关注 1043, 公开视频 27。
[44/2141] 正在抓取作者 38517768 的 MetaResult 级作者属性。
[OK] 作者 38517768 抓取完成：粉丝 108127, 关注 300, 公开视频 1977。
[45/2141] 正在抓取作者 3706948555901203 的 MetaResult 级作者属性。
[OK] 作者 3706948555901203 抓取完成：粉丝 56, 关注 0, 公开视频 6。
[46/2141] 正在抓取作者 3690990168705188 的 MetaResult 级作者属性。
[OK] 作者 3690990168705188 抓取完成：粉丝 1517, 关注 0, 公开视频 2。
[47/2141] 正在抓取作者 434786180 的 MetaResult 级作者属性。
[OK] 作者 434786180 抓取完成：粉丝 1994348, 关注 158, 公开视频 2273。
[48/2141] 正在抓取作者 1564111 的 MetaResult 级作者属性。
[OK] 作者 1564111 抓取完成：粉丝 202, 关注 532, 公开视频 50。
[49/2141] 正在抓取作者 226102317 的 MetaResult 级作者属性。
[OK] 作者 226102317 抓取完成：粉丝 2199407, 关注 121, 公开视频 358。
[50/2141] 正在抓取作者 41479004 的 MetaResult 级作者属性。
[OK] 作者 41479004 抓取完成：粉丝 2918, 关注 622, 公开视频 131。
[51/2141] 正在抓取作者 1786797104 的 MetaResult 级作者属性。
[OK] 作者 1786797104 抓取完成：粉丝 188123, 关注 3, 公开视频 267。
[52/2141] 正在抓取作者 3632310920415710 的 MetaResult 级作者属性。
[OK] 作者 3632310920415710 抓取完成：粉丝 72068, 关注 3, 公开视频 17。
[53/2141] 正在抓取作者 382321391 的 MetaResult 级作者属性。
[OK] 作者 382321391 抓取完成：粉丝 14919, 关注 7, 公开视频 121。
[54/2141] 正在抓取作者 3546744157637586 的 MetaResult 级作者属性。
[OK] 作者 3546744157637586 抓取完成：粉丝 370, 关注 28, 公开视频 6。
[55/2141] 正在抓取作者 21336851 的 MetaResult 级作者属性。
[OK] 作者 21336851 抓取完成：粉丝 17, 关注 34, 公开视频 44。
[56/2141] 正在抓取作者 1568160 的 MetaResult 级作者属性。
[OK] 作者 1568160 抓取完成：粉丝 11810, 关注 90, 公开视频 4070。
[57/2141] 正在抓取作者 3546929506028044 的 MetaResult 级作者属性。
[OK] 作者 3546929506028044 抓取完成：粉丝 519, 关注 0, 公开视频 7。
[58/2141] 正在抓取作者 441494429 的 MetaResult 级作者属性。
[OK] 作者 441494429 抓取完成：粉丝 26296, 关注 22, 公开视频 75。
[59/2141] 正在抓取作者 26993968 的 MetaResult 级作者属性。
[OK] 作者 26993968 抓取完成：粉丝 49930, 关注 502, 公开视频 79。
[60/2141] 正在抓取作者 33379757 的 MetaResult 级作者属性。
[OK] 作者 33379757 抓取完成：粉丝 3069, 关注 30, 公开视频 207。
[61/2141] 正在抓取作者 491826463 的 MetaResult 级作者属性。
[OK] 作者 491826463 抓取完成：粉丝 237, 关注 1373, 公开视频 3。
[62/2141] 正在抓取作者 93599710 的 MetaResult 级作者属性。
[OK] 作者 93599710 抓取完成：粉丝 13906, 关注 1463, 公开视频 53。
[63/2141] 正在抓取作者 481226116 的 MetaResult 级作者属性。
[OK] 作者 481226116 抓取完成：粉丝 42565, 关注 72, 公开视频 168。
[64/2141] 正在抓取作者 177291194 的 MetaResult 级作者属性。
[OK] 作者 177291194 抓取完成：粉丝 1738433, 关注 3, 公开视频 64。
[65/2141] 正在抓取作者 1057298155 的 MetaResult 级作者属性。
[OK] 作者 1057298155 抓取完成：粉丝 418, 关注 173, 公开视频 17。
[66/2141] 正在抓取作者 1247318834 的 MetaResult 级作者属性。
[OK] 作者 1247318834 抓取完成：粉丝 4055, 关注 730, 公开视频 485。
[67/2141] 正在抓取作者 281992649 的 MetaResult 级作者属性。
[OK] 作者 281992649 抓取完成：粉丝 2420, 关注 210, 公开视频 63。
[68/2141] 正在抓取作者 1915096019 的 MetaResult 级作者属性。
[OK] 作者 1915096019 抓取完成：粉丝 2269, 关注 92, 公开视频 15。
[69/2141] 正在抓取作者 7394330 的 MetaResult 级作者属性。
[OK] 作者 7394330 抓取完成：粉丝 10510, 关注 296, 公开视频 83。
[70/2141] 正在抓取作者 1553636119 的 MetaResult 级作者属性。
[OK] 作者 1553636119 抓取完成：粉丝 1245, 关注 1129, 公开视频 33。
[71/2141] 正在抓取作者 2009515875 的 MetaResult 级作者属性。
[OK] 作者 2009515875 抓取完成：粉丝 6558, 关注 210, 公开视频 9。
[72/2141] 正在抓取作者 21751872 的 MetaResult 级作者属性。
[OK] 作者 21751872 抓取完成：粉丝 546, 关注 1065, 公开视频 412。
[73/2141] 正在抓取作者 382295888 的 MetaResult 级作者属性。
[OK] 作者 382295888 抓取完成：粉丝 204, 关注 234, 公开视频 29。
[74/2141] 正在抓取作者 440867090 的 MetaResult 级作者属性。
[OK] 作者 440867090 抓取完成：粉丝 1144, 关注 326, 公开视频 38。
[75/2141] 正在抓取作者 326258472 的 MetaResult 级作者属性。
[OK] 作者 326258472 抓取完成：粉丝 987744, 关注 38, 公开视频 72。
[76/2141] 正在抓取作者 69194738 的 MetaResult 级作者属性。
[OK] 作者 69194738 抓取完成：粉丝 2740, 关注 142, 公开视频 35。
[77/2141] 正在抓取作者 1807197911 的 MetaResult 级作者属性。
[OK] 作者 1807197911 抓取完成：粉丝 22364, 关注 6, 公开视频 45。
[78/2141] 正在抓取作者 1698513774 的 MetaResult 级作者属性。
[OK] 作者 1698513774 抓取完成：粉丝 1609, 关注 112, 公开视频 16。
[79/2141] 正在抓取作者 69855702 的 MetaResult 级作者属性。
[OK] 作者 69855702 抓取完成：粉丝 42107, 关注 199, 公开视频 30。
[80/2141] 正在抓取作者 367321 的 MetaResult 级作者属性。
[OK] 作者 367321 抓取完成：粉丝 56091, 关注 453, 公开视频 381。
[81/2141] 正在抓取作者 10820191 的 MetaResult 级作者属性。
[OK] 作者 10820191 抓取完成：粉丝 10102, 关注 69, 公开视频 482。
[82/2141] 正在抓取作者 2057892462 的 MetaResult 级作者属性。
[OK] 作者 2057892462 抓取完成：粉丝 2987, 关注 67, 公开视频 4。
[83/2141] 正在抓取作者 591402619 的 MetaResult 级作者属性。
[OK] 作者 591402619 抓取完成：粉丝 386753, 关注 88, 公开视频 196。
[84/2141] 正在抓取作者 3493265577872143 的 MetaResult 级作者属性。
[OK] 作者 3493265577872143 抓取完成：粉丝 243, 关注 41, 公开视频 5。
[85/2141] 正在抓取作者 1060544882 的 MetaResult 级作者属性。
[OK] 作者 1060544882 抓取完成：粉丝 1180050, 关注 160, 公开视频 439。
[86/2141] 正在抓取作者 8652729 的 MetaResult 级作者属性。
[OK] 作者 8652729 抓取完成：粉丝 47098, 关注 264, 公开视频 327。
[87/2141] 正在抓取作者 3546860937545871 的 MetaResult 级作者属性。
[OK] 作者 3546860937545871 抓取完成：粉丝 349434, 关注 216, 公开视频 381。
[88/2141] 正在抓取作者 3546605019990782 的 MetaResult 级作者属性。
[OK] 作者 3546605019990782 抓取完成：粉丝 12391, 关注 60, 公开视频 186。
[89/2141] 正在抓取作者 3461567211375310 的 MetaResult 级作者属性。
[OK] 作者 3461567211375310 抓取完成：粉丝 188501, 关注 26, 公开视频 158。
[90/2141] 正在抓取作者 102813782 的 MetaResult 级作者属性。
[OK] 作者 102813782 抓取完成：粉丝 4989, 关注 236, 公开视频 74。
[91/2141] 正在抓取作者 1560400081 的 MetaResult 级作者属性。
[OK] 作者 1560400081 抓取完成：粉丝 125463, 关注 122, 公开视频 150。
[92/2141] 正在抓取作者 488817090 的 MetaResult 级作者属性。
[OK] 作者 488817090 抓取完成：粉丝 130747, 关注 268, 公开视频 65795。
[93/2141] 正在抓取作者 30935538 的 MetaResult 级作者属性。
[OK] 作者 30935538 抓取完成：粉丝 31537, 关注 555, 公开视频 251。
[94/2141] 正在抓取作者 6940439 的 MetaResult 级作者属性。
[OK] 作者 6940439 抓取完成：粉丝 60876, 关注 2467, 公开视频 225。
[95/2141] 正在抓取作者 3537109262535176 的 MetaResult 级作者属性。
[OK] 作者 3537109262535176 抓取完成：粉丝 2681, 关注 66, 公开视频 33。
[96/2141] 正在抓取作者 636235832 的 MetaResult 级作者属性。
[OK] 作者 636235832 抓取完成：粉丝 97305, 关注 0, 公开视频 109。
[97/2141] 正在抓取作者 3632318134619084 的 MetaResult 级作者属性。
[OK] 作者 3632318134619084 抓取完成：粉丝 32129, 关注 45, 公开视频 18。
[98/2141] 正在抓取作者 8167722 的 MetaResult 级作者属性。
[OK] 作者 8167722 抓取完成：粉丝 9588, 关注 2481, 公开视频 199。
[99/2141] 正在抓取作者 3690980964305070 的 MetaResult 级作者属性。
[OK] 作者 3690980964305070 抓取完成：粉丝 213, 关注 0, 公开视频 28。
[100/2141] 正在抓取作者 22567979 的 MetaResult 级作者属性。
[OK] 作者 22567979 抓取完成：粉丝 67841, 关注 2739, 公开视频 234。
[101/2141] 正在抓取作者 1027064096 的 MetaResult 级作者属性。
[OK] 作者 1027064096 抓取完成：粉丝 59574, 关注 19, 公开视频 170。
[102/2141] 正在抓取作者 454406446 的 MetaResult 级作者属性。
[OK] 作者 454406446 抓取完成：粉丝 414, 关注 156, 公开视频 34。
[103/2141] 正在抓取作者 4657339 的 MetaResult 级作者属性。
[OK] 作者 4657339 抓取完成：粉丝 638, 关注 112, 公开视频 92。
[104/2141] 正在抓取作者 1531380845 的 MetaResult 级作者属性。
[OK] 作者 1531380845 抓取完成：粉丝 2589, 关注 1, 公开视频 239。
[105/2141] 正在抓取作者 700716603 的 MetaResult 级作者属性。
[OK] 作者 700716603 抓取完成：粉丝 3896, 关注 503, 公开视频 79。
[106/2141] 正在抓取作者 2089825257 的 MetaResult 级作者属性。
[OK] 作者 2089825257 抓取完成：粉丝 77687, 关注 6, 公开视频 747。
[107/2141] 正在抓取作者 3691010542537675 的 MetaResult 级作者属性。
[OK] 作者 3691010542537675 抓取完成：粉丝 495, 关注 0, 公开视频 26。
[108/2141] 正在抓取作者 416357897 的 MetaResult 级作者属性。
[OK] 作者 416357897 抓取完成：粉丝 6499, 关注 92, 公开视频 51。
[109/2141] 正在抓取作者 266765166 的 MetaResult 级作者属性。
[OK] 作者 266765166 抓取完成：粉丝 1346523, 关注 287, 公开视频 121。
[110/2141] 正在抓取作者 11646119 的 MetaResult 级作者属性。
[OK] 作者 11646119 抓取完成：粉丝 2936363, 关注 201, 公开视频 171。
[111/2141] 正在抓取作者 478301389 的 MetaResult 级作者属性。
[OK] 作者 478301389 抓取完成：粉丝 349095, 关注 37, 公开视频 186。
[112/2141] 正在抓取作者 486287787 的 MetaResult 级作者属性。
[OK] 作者 486287787 抓取完成：粉丝 2712069, 关注 136, 公开视频 537。
[113/2141] 正在抓取作者 126113825 的 MetaResult 级作者属性。
[OK] 作者 126113825 抓取完成：粉丝 176, 关注 124, 公开视频 11。
[114/2141] 正在抓取作者 402673199 的 MetaResult 级作者属性。
[OK] 作者 402673199 抓取完成：粉丝 14373, 关注 68, 公开视频 156。
[115/2141] 正在抓取作者 3137220 的 MetaResult 级作者属性。
[WARN] 作者 3137220 触发风控相关报错（连续 1/5 次）：接口返回错误代码：-352，信息：风控校验失败。 {'code': -352, 'message': '风控校验失败', 'ttl': 1, 'data': {'v_voucher': 'voucher_8beb58d6-57e6-4165-9441-ae1b8d99bf79'}}
[116/2141] 正在抓取作者 25776635 的 MetaResult 级作者属性。
[WARN] 作者 25776635 触发风控相关报错（连续 2/5 次）：接口返回错误代码：-352，信息：风控校验失败。 {'code': -352, 'message': '风控校验失败', 'ttl': 1, 'data': {'v_voucher': 'voucher_25a80fa6-50e6-4d56-b9e9-15de32a52a7c'}}
[117/2141] 正在抓取作者 1771526 的 MetaResult 级作者属性。
[WARN] 作者 1771526 触发风控相关报错（连续 3/5 次）：接口返回错误代码：-352，信息：风控校验失败。 {'code': -352, 'message': '风控校验失败', 'ttl': 1, 'data': {'v_voucher': 'voucher_8341c591-6128-43a9-9d74-ac5fea5a34ff'}}
[118/2141] 正在抓取作者 3094025 的 MetaResult 级作者属性。
[WARN] 作者 3094025 触发风控相关报错（连续 4/5 次）：接口返回错误代码：-352，信息：风控校验失败。 {'code': -352, 'message': '风控校验失败', 'ttl': 1, 'data': {'v_voucher': 'voucher_e616d5b0-0e22-4495-8a34-b67efcb32f49'}}
[119/2141] 正在抓取作者 12716628 的 MetaResult 级作者属性。
[WARN] 作者 12716628 触发风控相关报错（连续 5/5 次）：接口返回错误代码：-352，信息：风控校验失败。 {'code': -352, 'message': '风控校验失败', 'ttl': 1, 'data': {'v_voucher': 'voucher_3616afb2-29bc-4277-a997-e3772a92ed4d'}}
[INFO] 已保存当前累计扩充作者列表：outputs/author_refinements/author_refinement_20260330_161802/expanded_author_list_accumulated.csv
[WARN] 已导出剩余待爬作者列表：outputs/author_refinements/author_refinement_20260330_161802/remaining_authors_part_8.csv
[INFO] 当前 part 因连续风控报错达到阈值而暂停；已开启睡眠续跑，将在 3 分钟后自动进入下一个 part。
[INFO] 开始执行 author_refinement part_9，待处理作者数 2023。
[1/2023] 正在抓取作者 12716628 的 MetaResult 级作者属性。
[OK] 作者 12716628 抓取完成：粉丝 2432, 关注 895, 公开视频 121。
[2/2023] 正在抓取作者 421178217 的 MetaResult 级作者属性。
[OK] 作者 421178217 抓取完成：粉丝 418412, 关注 469, 公开视频 171。
[3/2023] 正在抓取作者 1849143498 的 MetaResult 级作者属性。
[OK] 作者 1849143498 抓取完成：粉丝 394, 关注 14, 公开视频 115。
[4/2023] 正在抓取作者 2093327254 的 MetaResult 级作者属性。
[OK] 作者 2093327254 抓取完成：粉丝 8634, 关注 20, 公开视频 251。
[5/2023] 正在抓取作者 97077404 的 MetaResult 级作者属性。
[OK] 作者 97077404 抓取完成：粉丝 1126498, 关注 204, 公开视频 67。
[6/2023] 正在抓取作者 3493267601623311 的 MetaResult 级作者属性。
[OK] 作者 3493267601623311 抓取完成：粉丝 49305, 关注 3, 公开视频 1581。
[7/2023] 正在抓取作者 104628306 的 MetaResult 级作者属性。
[OK] 作者 104628306 抓取完成：粉丝 21710, 关注 60, 公开视频 312。
[8/2023] 正在抓取作者 295568661 的 MetaResult 级作者属性。
[OK] 作者 295568661 抓取完成：粉丝 974745, 关注 203, 公开视频 260。
[9/2023] 正在抓取作者 375255690 的 MetaResult 级作者属性。
[OK] 作者 375255690 抓取完成：粉丝 6307, 关注 271, 公开视频 208。
[10/2023] 正在抓取作者 9204521 的 MetaResult 级作者属性。
[OK] 作者 9204521 抓取完成：粉丝 263701, 关注 336, 公开视频 1393。
[11/2023] 正在抓取作者 518433986 的 MetaResult 级作者属性。
[OK] 作者 518433986 抓取完成：粉丝 43490, 关注 1, 公开视频 43。
[12/2023] 正在抓取作者 3546914725300503 的 MetaResult 级作者属性。
[OK] 作者 3546914725300503 抓取完成：粉丝 149871, 关注 3, 公开视频 49。
[13/2023] 正在抓取作者 310906792 的 MetaResult 级作者属性。
[OK] 作者 310906792 抓取完成：粉丝 29698, 关注 455, 公开视频 32。
[14/2023] 正在抓取作者 501642082 的 MetaResult 级作者属性。
[OK] 作者 501642082 抓取完成：粉丝 1865284, 关注 10, 公开视频 284。
[15/2023] 正在抓取作者 3546978327726142 的 MetaResult 级作者属性。
[OK] 作者 3546978327726142 抓取完成：粉丝 6160, 关注 13, 公开视频 18。
[16/2023] 正在抓取作者 50447939 的 MetaResult 级作者属性。
[OK] 作者 50447939 抓取完成：粉丝 390714, 关注 108, 公开视频 128。
[17/2023] 正在抓取作者 3546385571907616 的 MetaResult 级作者属性。
[OK] 作者 3546385571907616 抓取完成：粉丝 31871, 关注 32, 公开视频 489。
[18/2023] 正在抓取作者 2071388735 的 MetaResult 级作者属性。
[OK] 作者 2071388735 抓取完成：粉丝 146, 关注 7, 公开视频 13。
[19/2023] 正在抓取作者 254720742 的 MetaResult 级作者属性。
[OK] 作者 254720742 抓取完成：粉丝 1838, 关注 46, 公开视频 328。
[20/2023] 正在抓取作者 1004814622 的 MetaResult 级作者属性。
[OK] 作者 1004814622 抓取完成：粉丝 528487, 关注 5, 公开视频 1470。
[21/2023] 正在抓取作者 3537105221323406 的 MetaResult 级作者属性。
[OK] 作者 3537105221323406 抓取完成：粉丝 34838, 关注 4, 公开视频 194。
[22/2023] 正在抓取作者 1444233687 的 MetaResult 级作者属性。
[OK] 作者 1444233687 抓取完成：粉丝 778634, 关注 20, 公开视频 345。
[23/2023] 正在抓取作者 1698454830 的 MetaResult 级作者属性。
[OK] 作者 1698454830 抓取完成：粉丝 38646, 关注 34, 公开视频 135。
[24/2023] 正在抓取作者 1849477790 的 MetaResult 级作者属性。
[OK] 作者 1849477790 抓取完成：粉丝 1352190, 关注 826, 公开视频 306。
[25/2023] 正在抓取作者 1072365089 的 MetaResult 级作者属性。
[OK] 作者 1072365089 抓取完成：粉丝 280, 关注 1303, 公开视频 9。
[26/2023] 正在抓取作者 3546964893370390 的 MetaResult 级作者属性。
[OK] 作者 3546964893370390 抓取完成：粉丝 124135, 关注 23, 公开视频 40。
[27/2023] 正在抓取作者 660217869 的 MetaResult 级作者属性。
[OK] 作者 660217869 抓取完成：粉丝 49003, 关注 9, 公开视频 108。
[28/2023] 正在抓取作者 1263688319 的 MetaResult 级作者属性。
[OK] 作者 1263688319 抓取完成：粉丝 328617, 关注 15, 公开视频 240。
[29/2023] 正在抓取作者 41291201 的 MetaResult 级作者属性。
[OK] 作者 41291201 抓取完成：粉丝 1257455, 关注 90, 公开视频 83。
[30/2023] 正在抓取作者 351729539 的 MetaResult 级作者属性。
[OK] 作者 351729539 抓取完成：粉丝 158, 关注 20, 公开视频 12。
[31/2023] 正在抓取作者 3546577725556915 的 MetaResult 级作者属性。
[OK] 作者 3546577725556915 抓取完成：粉丝 103, 关注 26, 公开视频 7。
[32/2023] 正在抓取作者 54993801 的 MetaResult 级作者属性。
[OK] 作者 54993801 抓取完成：粉丝 369, 关注 1327, 公开视频 16。
[33/2023] 正在抓取作者 3546800801712886 的 MetaResult 级作者属性。
[OK] 作者 3546800801712886 抓取完成：粉丝 37447, 关注 6, 公开视频 57。
[34/2023] 正在抓取作者 1737719642 的 MetaResult 级作者属性。
[OK] 作者 1737719642 抓取完成：粉丝 282718, 关注 4, 公开视频 56。
[35/2023] 正在抓取作者 2135678574 的 MetaResult 级作者属性。
[OK] 作者 2135678574 抓取完成：粉丝 36, 关注 101, 公开视频 2。
[36/2023] 正在抓取作者 1309393596 的 MetaResult 级作者属性。
[OK] 作者 1309393596 抓取完成：粉丝 6027, 关注 16, 公开视频 4。
[37/2023] 正在抓取作者 3546592848120041 的 MetaResult 级作者属性。
[OK] 作者 3546592848120041 抓取完成：粉丝 128623, 关注 6, 公开视频 87。
[38/2023] 正在抓取作者 36685738 的 MetaResult 级作者属性。
[OK] 作者 36685738 抓取完成：粉丝 10085, 关注 119, 公开视频 2134。
[39/2023] 正在抓取作者 3546603583440935 的 MetaResult 级作者属性。
[OK] 作者 3546603583440935 抓取完成：粉丝 4337, 关注 10, 公开视频 414。
[40/2023] 正在抓取作者 38336041 的 MetaResult 级作者属性。
[OK] 作者 38336041 抓取完成：粉丝 23090, 关注 1193, 公开视频 11。
[41/2023] 正在抓取作者 408002864 的 MetaResult 级作者属性。
[OK] 作者 408002864 抓取完成：粉丝 185996, 关注 3, 公开视频 13697。
[42/2023] 正在抓取作者 1007949176 的 MetaResult 级作者属性。
[OK] 作者 1007949176 抓取完成：粉丝 89984, 关注 1, 公开视频 446。
[43/2023] 正在抓取作者 686885200 的 MetaResult 级作者属性。
[OK] 作者 686885200 抓取完成：粉丝 52505, 关注 59, 公开视频 556。
[44/2023] 正在抓取作者 32292962 的 MetaResult 级作者属性。
[OK] 作者 32292962 抓取完成：粉丝 7, 关注 999, 公开视频 47。
[45/2023] 正在抓取作者 3129256 的 MetaResult 级作者属性。
[OK] 作者 3129256 抓取完成：粉丝 42684, 关注 328, 公开视频 3192。
[46/2023] 正在抓取作者 3493079308831272 的 MetaResult 级作者属性。
[OK] 作者 3493079308831272 抓取完成：粉丝 10015, 关注 19, 公开视频 883。
[47/2023] 正在抓取作者 435281846 的 MetaResult 级作者属性。
[OK] 作者 435281846 抓取完成：粉丝 4700, 关注 482, 公开视频 82。
[48/2023] 正在抓取作者 343466 的 MetaResult 级作者属性。
[OK] 作者 343466 抓取完成：粉丝 22197, 关注 163, 公开视频 72。
[49/2023] 正在抓取作者 335899296 的 MetaResult 级作者属性。
[OK] 作者 335899296 抓取完成：粉丝 338105, 关注 12, 公开视频 285。
[50/2023] 正在抓取作者 28606389 的 MetaResult 级作者属性。
[OK] 作者 28606389 抓取完成：粉丝 22301, 关注 778, 公开视频 157。
[51/2023] 正在抓取作者 352826948 的 MetaResult 级作者属性。
[OK] 作者 352826948 抓取完成：粉丝 47, 关注 1331, 公开视频 5。
[52/2023] 正在抓取作者 25278969 的 MetaResult 级作者属性。
[OK] 作者 25278969 抓取完成：粉丝 186, 关注 161, 公开视频 40。
[53/2023] 正在抓取作者 289033867 的 MetaResult 级作者属性。
[OK] 作者 289033867 抓取完成：粉丝 62803, 关注 2715, 公开视频 197。
[54/2023] 正在抓取作者 1380271830 的 MetaResult 级作者属性。
[OK] 作者 1380271830 抓取完成：粉丝 53, 关注 13, 公开视频 8。
[55/2023] 正在抓取作者 346725240 的 MetaResult 级作者属性。
[OK] 作者 346725240 抓取完成：粉丝 3, 关注 25, 公开视频 6。
[56/2023] 正在抓取作者 626101036 的 MetaResult 级作者属性。
[OK] 作者 626101036 抓取完成：粉丝 173, 关注 902, 公开视频 17。
[57/2023] 正在抓取作者 3546605695273582 的 MetaResult 级作者属性。
[OK] 作者 3546605695273582 抓取完成：粉丝 212034, 关注 34, 公开视频 12。
[58/2023] 正在抓取作者 21360478 的 MetaResult 级作者属性。
[OK] 作者 21360478 抓取完成：粉丝 314124, 关注 625, 公开视频 778。
[59/2023] 正在抓取作者 139936 的 MetaResult 级作者属性。
[OK] 作者 139936 抓取完成：粉丝 2071, 关注 2, 公开视频 285。
[60/2023] 正在抓取作者 3546923543825270 的 MetaResult 级作者属性。
[OK] 作者 3546923543825270 抓取完成：粉丝 15689, 关注 0, 公开视频 52。
[61/2023] 正在抓取作者 171311580 的 MetaResult 级作者属性。
[OK] 作者 171311580 抓取完成：粉丝 8, 关注 448, 公开视频 6。
[62/2023] 正在抓取作者 15960317 的 MetaResult 级作者属性。
[OK] 作者 15960317 抓取完成：粉丝 3376678, 关注 55, 公开视频 477。
[63/2023] 正在抓取作者 3493111099558161 的 MetaResult 级作者属性。
[OK] 作者 3493111099558161 抓取完成：粉丝 18481, 关注 108, 公开视频 5。
[64/2023] 正在抓取作者 696967755 的 MetaResult 级作者属性。
[OK] 作者 696967755 抓取完成：粉丝 73322, 关注 2, 公开视频 530。
[65/2023] 正在抓取作者 258556829 的 MetaResult 级作者属性。
[OK] 作者 258556829 抓取完成：粉丝 605027, 关注 28, 公开视频 1191。
[66/2023] 正在抓取作者 1069069359 的 MetaResult 级作者属性。
[OK] 作者 1069069359 抓取完成：粉丝 12105, 关注 26, 公开视频 15。
[67/2023] 正在抓取作者 112458153 的 MetaResult 级作者属性。
[OK] 作者 112458153 抓取完成：粉丝 50205, 关注 306, 公开视频 235。
[68/2023] 正在抓取作者 1551569190 的 MetaResult 级作者属性。
[OK] 作者 1551569190 抓取完成：粉丝 118593, 关注 5, 公开视频 365。
[69/2023] 正在抓取作者 1342164094 的 MetaResult 级作者属性。
[OK] 作者 1342164094 抓取完成：粉丝 8580, 关注 72, 公开视频 20。
[70/2023] 正在抓取作者 3493272083236932 的 MetaResult 级作者属性。
[OK] 作者 3493272083236932 抓取完成：粉丝 341, 关注 32, 公开视频 32。
[71/2023] 正在抓取作者 400645291 的 MetaResult 级作者属性。
[OK] 作者 400645291 抓取完成：粉丝 376, 关注 97, 公开视频 43。
[72/2023] 正在抓取作者 379968755 的 MetaResult 级作者属性。
[OK] 作者 379968755 抓取完成：粉丝 24288, 关注 70, 公开视频 66。
[73/2023] 正在抓取作者 35874525 的 MetaResult 级作者属性。
[OK] 作者 35874525 抓取完成：粉丝 41009, 关注 1192, 公开视频 59。
[74/2023] 正在抓取作者 104357390 的 MetaResult 级作者属性。
[OK] 作者 104357390 抓取完成：粉丝 55, 关注 109, 公开视频 1。
[75/2023] 正在抓取作者 1442008036 的 MetaResult 级作者属性。
[OK] 作者 1442008036 抓取完成：粉丝 2277, 关注 1487, 公开视频 87。
[76/2023] 正在抓取作者 3632300124277304 的 MetaResult 级作者属性。
[OK] 作者 3632300124277304 抓取完成：粉丝 0, 关注 3, 公开视频 18。
[77/2023] 正在抓取作者 2019013971 的 MetaResult 级作者属性。
[OK] 作者 2019013971 抓取完成：粉丝 288061, 关注 211, 公开视频 653。
[78/2023] 正在抓取作者 3493075273910303 的 MetaResult 级作者属性。
[OK] 作者 3493075273910303 抓取完成：粉丝 1914, 关注 282, 公开视频 17。
[79/2023] 正在抓取作者 1756547706 的 MetaResult 级作者属性。
[OK] 作者 1756547706 抓取完成：粉丝 106357, 关注 157, 公开视频 236。
[80/2023] 正在抓取作者 3923056 的 MetaResult 级作者属性。
[OK] 作者 3923056 抓取完成：粉丝 1553, 关注 290, 公开视频 414。
[81/2023] 正在抓取作者 3632300130568306 的 MetaResult 级作者属性。
[OK] 作者 3632300130568306 抓取完成：粉丝 2, 关注 2, 公开视频 17。
[82/2023] 正在抓取作者 627676911 的 MetaResult 级作者属性。
[OK] 作者 627676911 抓取完成：粉丝 928320, 关注 344, 公开视频 67。
[83/2023] 正在抓取作者 5892960 的 MetaResult 级作者属性。
[OK] 作者 5892960 抓取完成：粉丝 73857, 关注 261, 公开视频 230。
[84/2023] 正在抓取作者 3493106987043651 的 MetaResult 级作者属性。
[OK] 作者 3493106987043651 抓取完成：粉丝 195893, 关注 21, 公开视频 78。
[85/2023] 正在抓取作者 1483180614 的 MetaResult 级作者属性。
[OK] 作者 1483180614 抓取完成：粉丝 20262, 关注 1429, 公开视频 129。
[86/2023] 正在抓取作者 3632300122180460 的 MetaResult 级作者属性。
[OK] 作者 3632300122180460 抓取完成：粉丝 1, 关注 1, 公开视频 9。
[87/2023] 正在抓取作者 1790427191 的 MetaResult 级作者属性。
[OK] 作者 1790427191 抓取完成：粉丝 64, 关注 529, 公开视频 34。
[88/2023] 正在抓取作者 11076443 的 MetaResult 级作者属性。
[OK] 作者 11076443 抓取完成：粉丝 2041, 关注 2596, 公开视频 59。
[89/2023] 正在抓取作者 32156861 的 MetaResult 级作者属性。
[OK] 作者 32156861 抓取完成：粉丝 254647, 关注 456, 公开视频 532。
[90/2023] 正在抓取作者 3546849155745902 的 MetaResult 级作者属性。
[OK] 作者 3546849155745902 抓取完成：粉丝 3382, 关注 4, 公开视频 330。
[91/2023] 正在抓取作者 3546735712406253 的 MetaResult 级作者属性。
[OK] 作者 3546735712406253 抓取完成：粉丝 1538, 关注 91, 公开视频 5。
[92/2023] 正在抓取作者 4730564 的 MetaResult 级作者属性。
[OK] 作者 4730564 抓取完成：粉丝 29826, 关注 340, 公开视频 141。
[93/2023] 正在抓取作者 11703718 的 MetaResult 级作者属性。
[OK] 作者 11703718 抓取完成：粉丝 674136, 关注 313, 公开视频 2308。
[94/2023] 正在抓取作者 3546695495322579 的 MetaResult 级作者属性。
[OK] 作者 3546695495322579 抓取完成：粉丝 280, 关注 48, 公开视频 88。
[95/2023] 正在抓取作者 3546723918022898 的 MetaResult 级作者属性。
[OK] 作者 3546723918022898 抓取完成：粉丝 48384, 关注 236, 公开视频 135。
[96/2023] 正在抓取作者 1398586345 的 MetaResult 级作者属性。
[OK] 作者 1398586345 抓取完成：粉丝 1008, 关注 989, 公开视频 357。
[97/2023] 正在抓取作者 201691516 的 MetaResult 级作者属性。
[OK] 作者 201691516 抓取完成：粉丝 427467, 关注 593, 公开视频 604。
[98/2023] 正在抓取作者 1580204033 的 MetaResult 级作者属性。
[OK] 作者 1580204033 抓取完成：粉丝 10343, 关注 15, 公开视频 475。
[99/2023] 正在抓取作者 394842214 的 MetaResult 级作者属性。
[OK] 作者 394842214 抓取完成：粉丝 22144, 关注 1, 公开视频 2555。
[100/2023] 正在抓取作者 359991926 的 MetaResult 级作者属性。
[OK] 作者 359991926 抓取完成：粉丝 4570, 关注 187, 公开视频 1753。
[101/2023] 正在抓取作者 12567459 的 MetaResult 级作者属性。
[OK] 作者 12567459 抓取完成：粉丝 1886, 关注 250, 公开视频 56。
[102/2023] 正在抓取作者 3690983961136044 的 MetaResult 级作者属性。
[OK] 作者 3690983961136044 抓取完成：粉丝 483, 关注 1, 公开视频 140。
[103/2023] 正在抓取作者 3546392547035302 的 MetaResult 级作者属性。
[OK] 作者 3546392547035302 抓取完成：粉丝 39862, 关注 0, 公开视频 1858。
[104/2023] 正在抓取作者 8365699 的 MetaResult 级作者属性。
[OK] 作者 8365699 抓取完成：粉丝 1229914, 关注 199, 公开视频 368。
[105/2023] 正在抓取作者 501554611 的 MetaResult 级作者属性。
[OK] 作者 501554611 抓取完成：粉丝 3323309, 关注 1, 公开视频 768。
[106/2023] 正在抓取作者 53550700 的 MetaResult 级作者属性。
[OK] 作者 53550700 抓取完成：粉丝 687, 关注 553, 公开视频 811。
[107/2023] 正在抓取作者 346386195 的 MetaResult 级作者属性。
[OK] 作者 346386195 抓取完成：粉丝 138420, 关注 5, 公开视频 3448。
[108/2023] 正在抓取作者 3706931879348884 的 MetaResult 级作者属性。
[OK] 作者 3706931879348884 抓取完成：粉丝 604, 关注 5, 公开视频 130。
[109/2023] 正在抓取作者 2021631281 的 MetaResult 级作者属性。
[OK] 作者 2021631281 抓取完成：粉丝 1463, 关注 403, 公开视频 109。
[110/2023] 正在抓取作者 3546786283129221 的 MetaResult 级作者属性。
[OK] 作者 3546786283129221 抓取完成：粉丝 7653, 关注 9, 公开视频 1083。
[111/2023] 正在抓取作者 326365053 的 MetaResult 级作者属性。
[OK] 作者 326365053 抓取完成：粉丝 12381, 关注 232, 公开视频 3077。
[112/2023] 正在抓取作者 151002413 的 MetaResult 级作者属性。
[WARN] 作者 151002413 触发风控相关报错（连续 1/5 次）：接口返回错误代码：-352，信息：风控校验失败。 {'code': -352, 'message': '风控校验失败', 'ttl': 1, 'data': {'v_voucher': 'voucher_f38935a7-f16f-4076-9514-a711e50fe1f3'}}
[113/2023] 正在抓取作者 3546919538264598 的 MetaResult 级作者属性。
[WARN] 作者 3546919538264598 触发风控相关报错（连续 2/5 次）：接口返回错误代码：-352，信息：风控校验失败。 {'code': -352, 'message': '风控校验失败', 'ttl': 1, 'data': {'v_voucher': 'voucher_fd9bbe1c-fa6f-4d26-b99f-406783a0c139'}}
[114/2023] 正在抓取作者 299565572 的 MetaResult 级作者属性。
[WARN] 作者 299565572 触发风控相关报错（连续 3/5 次）：接口返回错误代码：-352，信息：风控校验失败。 {'code': -352, 'message': '风控校验失败', 'ttl': 1, 'data': {'v_voucher': 'voucher_da7dd0b8-c0a0-4355-8e95-0e80a2cf52e6'}}
[115/2023] 正在抓取作者 431773822 的 MetaResult 级作者属性。
[WARN] 作者 431773822 触发风控相关报错（连续 4/5 次）：接口返回错误代码：-352，信息：风控校验失败。 {'code': -352, 'message': '风控校验失败', 'ttl': 1, 'data': {'v_voucher': 'voucher_5d5ff4ee-27fa-42e7-9997-19ff8bdecd58'}}
[116/2023] 正在抓取作者 204362112 的 MetaResult 级作者属性。
[WARN] 作者 204362112 触发风控相关报错（连续 5/5 次）：接口返回错误代码：-352，信息：风控校验失败。 {'code': -352, 'message': '风控校验失败', 'ttl': 1, 'data': {'v_voucher': 'voucher_6fd4e940-7016-49f3-af93-ca256348f185'}}
[INFO] 已保存当前累计扩充作者列表：outputs/author_refinements/author_refinement_20260330_161802/expanded_author_list_accumulated.csv
[WARN] 已导出剩余待爬作者列表：outputs/author_refinements/author_refinement_20260330_161802/remaining_authors_part_9.csv
[INFO] 当前 part 因连续风控报错达到阈值而暂停；已开启睡眠续跑，将在 3 分钟后自动进入下一个 part。
[INFO] 开始执行 author_refinement part_10，待处理作者数 1908。
[1/1908] 正在抓取作者 204362112 的 MetaResult 级作者属性。
[OK] 作者 204362112 抓取完成：粉丝 228782, 关注 1, 公开视频 1500。
[2/1908] 正在抓取作者 370405299 的 MetaResult 级作者属性。
[OK] 作者 370405299 抓取完成：粉丝 9697, 关注 97, 公开视频 646。
[3/1908] 正在抓取作者 12606474 的 MetaResult 级作者属性。
[OK] 作者 12606474 抓取完成：粉丝 682, 关注 63, 公开视频 115。
[4/1908] 正在抓取作者 179085713 的 MetaResult 级作者属性。
[OK] 作者 179085713 抓取完成：粉丝 26643, 关注 262, 公开视频 68。
[5/1908] 正在抓取作者 3546875619707489 的 MetaResult 级作者属性。
[OK] 作者 3546875619707489 抓取完成：粉丝 2399, 关注 3, 公开视频 366。
[6/1908] 正在抓取作者 389354835 的 MetaResult 级作者属性。
[OK] 作者 389354835 抓取完成：粉丝 218, 关注 100, 公开视频 51。
[7/1908] 正在抓取作者 699937878 的 MetaResult 级作者属性。
[OK] 作者 699937878 抓取完成：粉丝 7692, 关注 65, 公开视频 2836。
[8/1908] 正在抓取作者 3690993224256340 的 MetaResult 级作者属性。
[OK] 作者 3690993224256340 抓取完成：粉丝 6598, 关注 14, 公开视频 27。
[9/1908] 正在抓取作者 89349452 的 MetaResult 级作者属性。
[OK] 作者 89349452 抓取完成：粉丝 5109, 关注 62, 公开视频 2477。
[10/1908] 正在抓取作者 701992306 的 MetaResult 级作者属性。
[OK] 作者 701992306 抓取完成：粉丝 8503, 关注 3629, 公开视频 213。
[11/1908] 正在抓取作者 1970662496 的 MetaResult 级作者属性。
[OK] 作者 1970662496 抓取完成：粉丝 12113, 关注 293, 公开视频 135。
[12/1908] 正在抓取作者 489460567 的 MetaResult 级作者属性。
[OK] 作者 489460567 抓取完成：粉丝 2054, 关注 408, 公开视频 78。
[13/1908] 正在抓取作者 3546786627062259 的 MetaResult 级作者属性。
[OK] 作者 3546786627062259 抓取完成：粉丝 9326, 关注 1, 公开视频 2044。
[14/1908] 正在抓取作者 3546569271937168 的 MetaResult 级作者属性。
[OK] 作者 3546569271937168 抓取完成：粉丝 44146, 关注 12, 公开视频 896。
[15/1908] 正在抓取作者 3493257409464519 的 MetaResult 级作者属性。
[OK] 作者 3493257409464519 抓取完成：粉丝 776875, 关注 41, 公开视频 965。
[16/1908] 正在抓取作者 3493108738165332 的 MetaResult 级作者属性。
[OK] 作者 3493108738165332 抓取完成：粉丝 5428, 关注 5, 公开视频 25。
[17/1908] 正在抓取作者 511769504 的 MetaResult 级作者属性。
[OK] 作者 511769504 抓取完成：粉丝 82229, 关注 28, 公开视频 789。
[18/1908] 正在抓取作者 11839592 的 MetaResult 级作者属性。
[OK] 作者 11839592 抓取完成：粉丝 478, 关注 5, 公开视频 332。
[19/1908] 正在抓取作者 18542140 的 MetaResult 级作者属性。
[OK] 作者 18542140 抓取完成：粉丝 866, 关注 70, 公开视频 3319。
[20/1908] 正在抓取作者 479775407 的 MetaResult 级作者属性。
[OK] 作者 479775407 抓取完成：粉丝 4192, 关注 66, 公开视频 1275。
[21/1908] 正在抓取作者 2369509 的 MetaResult 级作者属性。
[OK] 作者 2369509 抓取完成：粉丝 29914, 关注 943, 公开视频 9739。
[22/1908] 正在抓取作者 1453303159 的 MetaResult 级作者属性。
[OK] 作者 1453303159 抓取完成：粉丝 46730, 关注 23, 公开视频 318。
[23/1908] 正在抓取作者 3546958694189869 的 MetaResult 级作者属性。
[OK] 作者 3546958694189869 抓取完成：粉丝 3240, 关注 3739, 公开视频 78。
[24/1908] 正在抓取作者 1106030635 的 MetaResult 级作者属性。
[OK] 作者 1106030635 抓取完成：粉丝 9477, 关注 16, 公开视频 237。
[25/1908] 正在抓取作者 3632312520542702 的 MetaResult 级作者属性。
[OK] 作者 3632312520542702 抓取完成：粉丝 13561, 关注 4, 公开视频 163。
[26/1908] 正在抓取作者 381374122 的 MetaResult 级作者属性。
[OK] 作者 381374122 抓取完成：粉丝 366783, 关注 40, 公开视频 6092。
[27/1908] 正在抓取作者 207695053 的 MetaResult 级作者属性。
[OK] 作者 207695053 抓取完成：粉丝 108801, 关注 10, 公开视频 1199。
[28/1908] 正在抓取作者 3546560881232012 的 MetaResult 级作者属性。
[OK] 作者 3546560881232012 抓取完成：粉丝 39086, 关注 25, 公开视频 507。
[29/1908] 正在抓取作者 240852096 的 MetaResult 级作者属性。
[OK] 作者 240852096 抓取完成：粉丝 287903, 关注 380, 公开视频 146。
[30/1908] 正在抓取作者 351561048 的 MetaResult 级作者属性。
[OK] 作者 351561048 抓取完成：粉丝 392, 关注 5, 公开视频 38。
[31/1908] 正在抓取作者 478148940 的 MetaResult 级作者属性。
[OK] 作者 478148940 抓取完成：粉丝 898369, 关注 7, 公开视频 688。
[32/1908] 正在抓取作者 1073024449 的 MetaResult 级作者属性。
[OK] 作者 1073024449 抓取完成：粉丝 25030, 关注 9, 公开视频 345。
[33/1908] 正在抓取作者 3537109900069069 的 MetaResult 级作者属性。
[OK] 作者 3537109900069069 抓取完成：粉丝 21120, 关注 16, 公开视频 574。
[34/1908] 正在抓取作者 355287933 的 MetaResult 级作者属性。
[OK] 作者 355287933 抓取完成：粉丝 735420, 关注 5, 公开视频 570。
[35/1908] 正在抓取作者 48474560 的 MetaResult 级作者属性。
[OK] 作者 48474560 抓取完成：粉丝 103570, 关注 28, 公开视频 291。
[36/1908] 正在抓取作者 602868330 的 MetaResult 级作者属性。
[OK] 作者 602868330 抓取完成：粉丝 867327, 关注 166, 公开视频 198。
[37/1908] 正在抓取作者 10440146 的 MetaResult 级作者属性。
[OK] 作者 10440146 抓取完成：粉丝 47985, 关注 3274, 公开视频 106。
[38/1908] 正在抓取作者 133321176 的 MetaResult 级作者属性。
[OK] 作者 133321176 抓取完成：粉丝 463, 关注 0, 公开视频 41。
[39/1908] 正在抓取作者 479366182 的 MetaResult 级作者属性。
[OK] 作者 479366182 抓取完成：粉丝 2012307, 关注 10, 公开视频 216。
[40/1908] 正在抓取作者 1329274919 的 MetaResult 级作者属性。
[OK] 作者 1329274919 抓取完成：粉丝 12443, 关注 5, 公开视频 53。
[41/1908] 正在抓取作者 87442513 的 MetaResult 级作者属性。
[OK] 作者 87442513 抓取完成：粉丝 60999, 关注 159, 公开视频 201。
[42/1908] 正在抓取作者 1615641697 的 MetaResult 级作者属性。
[OK] 作者 1615641697 抓取完成：粉丝 422023, 关注 6, 公开视频 393。
[43/1908] 正在抓取作者 36882676 的 MetaResult 级作者属性。
[OK] 作者 36882676 抓取完成：粉丝 121382, 关注 1895, 公开视频 165。
[44/1908] 正在抓取作者 174113469 的 MetaResult 级作者属性。
[OK] 作者 174113469 抓取完成：粉丝 1757, 关注 22, 公开视频 335。
[45/1908] 正在抓取作者 437503407 的 MetaResult 级作者属性。
[OK] 作者 437503407 抓取完成：粉丝 349834, 关注 26, 公开视频 503。
[46/1908] 正在抓取作者 272654283 的 MetaResult 级作者属性。
[OK] 作者 272654283 抓取完成：粉丝 2922575, 关注 198, 公开视频 1029。
[47/1908] 正在抓取作者 1055227789 的 MetaResult 级作者属性。
[OK] 作者 1055227789 抓取完成：粉丝 16756, 关注 60, 公开视频 656。
[48/1908] 正在抓取作者 3493120727583319 的 MetaResult 级作者属性。
[OK] 作者 3493120727583319 抓取完成：粉丝 498105, 关注 24, 公开视频 138。
[49/1908] 正在抓取作者 50660116 的 MetaResult 级作者属性。
[OK] 作者 50660116 抓取完成：粉丝 3357134, 关注 104, 公开视频 1293。
[50/1908] 正在抓取作者 303316598 的 MetaResult 级作者属性。
[OK] 作者 303316598 抓取完成：粉丝 44698, 关注 18, 公开视频 48。
[51/1908] 正在抓取作者 1732349847 的 MetaResult 级作者属性。
[OK] 作者 1732349847 抓取完成：粉丝 929352, 关注 23, 公开视频 1417。
[52/1908] 正在抓取作者 3690990126762809 的 MetaResult 级作者属性。
[OK] 作者 3690990126762809 抓取完成：粉丝 18933, 关注 1, 公开视频 95。
[53/1908] 正在抓取作者 97039736 的 MetaResult 级作者属性。
[OK] 作者 97039736 抓取完成：粉丝 1561131, 关注 14, 公开视频 691。
[54/1908] 正在抓取作者 673970810 的 MetaResult 级作者属性。
[OK] 作者 673970810 抓取完成：粉丝 53026, 关注 108, 公开视频 361。
[55/1908] 正在抓取作者 11429061 的 MetaResult 级作者属性。
[OK] 作者 11429061 抓取完成：粉丝 4770382, 关注 7, 公开视频 1414。
[56/1908] 正在抓取作者 506090703 的 MetaResult 级作者属性。
[OK] 作者 506090703 抓取完成：粉丝 431712, 关注 10, 公开视频 546。
[57/1908] 正在抓取作者 3706924193286726 的 MetaResult 级作者属性。
[OK] 作者 3706924193286726 抓取完成：粉丝 480, 关注 2, 公开视频 51。
[58/1908] 正在抓取作者 294675407 的 MetaResult 级作者属性。
[OK] 作者 294675407 抓取完成：粉丝 1780644, 关注 55, 公开视频 656。
[59/1908] 正在抓取作者 89135642 的 MetaResult 级作者属性。
[OK] 作者 89135642 抓取完成：粉丝 236043, 关注 193, 公开视频 601。
[60/1908] 正在抓取作者 3461572825450973 的 MetaResult 级作者属性。
[OK] 作者 3461572825450973 抓取完成：粉丝 625120, 关注 8, 公开视频 484。
[61/1908] 正在抓取作者 50509360 的 MetaResult 级作者属性。
[OK] 作者 50509360 抓取完成：粉丝 321545, 关注 85, 公开视频 239。
[62/1908] 正在抓取作者 284700508 的 MetaResult 级作者属性。
[OK] 作者 284700508 抓取完成：粉丝 1820645, 关注 9, 公开视频 1419。
[63/1908] 正在抓取作者 226231535 的 MetaResult 级作者属性。
[OK] 作者 226231535 抓取完成：粉丝 2442298, 关注 43, 公开视频 111。
[64/1908] 正在抓取作者 490270320 的 MetaResult 级作者属性。
[OK] 作者 490270320 抓取完成：粉丝 31005, 关注 4, 公开视频 721。
[65/1908] 正在抓取作者 41692445 的 MetaResult 级作者属性。
[OK] 作者 41692445 抓取完成：粉丝 815181, 关注 10, 公开视频 418。
[66/1908] 正在抓取作者 3546624640944327 的 MetaResult 级作者属性。
[OK] 作者 3546624640944327 抓取完成：粉丝 15988, 关注 10, 公开视频 263。
[67/1908] 正在抓取作者 2099103893 的 MetaResult 级作者属性。
[OK] 作者 2099103893 抓取完成：粉丝 273444, 关注 13, 公开视频 221。
[68/1908] 正在抓取作者 392819566 的 MetaResult 级作者属性。
[OK] 作者 392819566 抓取完成：粉丝 250810, 关注 8, 公开视频 193。
[69/1908] 正在抓取作者 27033880 的 MetaResult 级作者属性。
[OK] 作者 27033880 抓取完成：粉丝 314775, 关注 35, 公开视频 1437。
[70/1908] 正在抓取作者 42019920 的 MetaResult 级作者属性。
[OK] 作者 42019920 抓取完成：粉丝 1163390, 关注 7, 公开视频 317。
[71/1908] 正在抓取作者 3546386630970082 的 MetaResult 级作者属性。
[OK] 作者 3546386630970082 抓取完成：粉丝 85179, 关注 7, 公开视频 266。
[72/1908] 正在抓取作者 1035604808 的 MetaResult 级作者属性。
[OK] 作者 1035604808 抓取完成：粉丝 559837, 关注 84, 公开视频 1904。
[73/1908] 正在抓取作者 399812292 的 MetaResult 级作者属性。
[OK] 作者 399812292 抓取完成：粉丝 590968, 关注 7, 公开视频 481。
[74/1908] 正在抓取作者 3546943489837600 的 MetaResult 级作者属性。
[OK] 作者 3546943489837600 抓取完成：粉丝 3549, 关注 6, 公开视频 895。
[75/1908] 正在抓取作者 421619440 的 MetaResult 级作者属性。
[OK] 作者 421619440 抓取完成：粉丝 28861, 关注 130, 公开视频 188。
[76/1908] 正在抓取作者 479834092 的 MetaResult 级作者属性。
[OK] 作者 479834092 抓取完成：粉丝 30847, 关注 1, 公开视频 203。
[77/1908] 正在抓取作者 3632305144859385 的 MetaResult 级作者属性。
[OK] 作者 3632305144859385 抓取完成：粉丝 129626, 关注 1, 公开视频 309。
[78/1908] 正在抓取作者 1183825646 的 MetaResult 级作者属性。
[OK] 作者 1183825646 抓取完成：粉丝 34993, 关注 10, 公开视频 1272。
[79/1908] 正在抓取作者 11257955 的 MetaResult 级作者属性。
[OK] 作者 11257955 抓取完成：粉丝 639279, 关注 23, 公开视频 181。
[80/1908] 正在抓取作者 3546724725426835 的 MetaResult 级作者属性。
[OK] 作者 3546724725426835 抓取完成：粉丝 13258, 关注 1885, 公开视频 126。
[81/1908] 正在抓取作者 3546936200137433 的 MetaResult 级作者属性。
[OK] 作者 3546936200137433 抓取完成：粉丝 17535, 关注 5, 公开视频 133。
[82/1908] 正在抓取作者 3546961797974265 的 MetaResult 级作者属性。
[OK] 作者 3546961797974265 抓取完成：粉丝 131988, 关注 25, 公开视频 119。
[83/1908] 正在抓取作者 307801268 的 MetaResult 级作者属性。
[OK] 作者 307801268 抓取完成：粉丝 458059, 关注 0, 公开视频 3345。
[84/1908] 正在抓取作者 3706924753225878 的 MetaResult 级作者属性。
[OK] 作者 3706924753225878 抓取完成：粉丝 32619, 关注 1, 公开视频 89。
[85/1908] 正在抓取作者 3461573012097093 的 MetaResult 级作者属性。
[OK] 作者 3461573012097093 抓取完成：粉丝 21879, 关注 1, 公开视频 71。
[86/1908] 正在抓取作者 3546660684695578 的 MetaResult 级作者属性。
[OK] 作者 3546660684695578 抓取完成：粉丝 120941, 关注 7, 公开视频 1812。
[87/1908] 正在抓取作者 11522102 的 MetaResult 级作者属性。
[OK] 作者 11522102 抓取完成：粉丝 447261, 关注 310, 公开视频 353。
[88/1908] 正在抓取作者 2090253004 的 MetaResult 级作者属性。
[OK] 作者 2090253004 抓取完成：粉丝 1881, 关注 4172, 公开视频 960。
[89/1908] 正在抓取作者 3494365867542553 的 MetaResult 级作者属性。
[OK] 作者 3494365867542553 抓取完成：粉丝 9292, 关注 67, 公开视频 196。
[90/1908] 正在抓取作者 3493110669641822 的 MetaResult 级作者属性。
[OK] 作者 3493110669641822 抓取完成：粉丝 656, 关注 308, 公开视频 67。
[91/1908] 正在抓取作者 3546753011813006 的 MetaResult 级作者属性。
[OK] 作者 3546753011813006 抓取完成：粉丝 920, 关注 844, 公开视频 177。
[92/1908] 正在抓取作者 3546381738314070 的 MetaResult 级作者属性。
[OK] 作者 3546381738314070 抓取完成：粉丝 9166, 关注 1498, 公开视频 244。
[93/1908] 正在抓取作者 12416032 的 MetaResult 级作者属性。
[OK] 作者 12416032 抓取完成：粉丝 22, 关注 75, 公开视频 44。
[94/1908] 正在抓取作者 642435048 的 MetaResult 级作者属性。
[OK] 作者 642435048 抓取完成：粉丝 3613, 关注 13, 公开视频 78。
[95/1908] 正在抓取作者 1693260878 的 MetaResult 级作者属性。
[OK] 作者 1693260878 抓取完成：粉丝 1051, 关注 12, 公开视频 158。
[96/1908] 正在抓取作者 485822747 的 MetaResult 级作者属性。
[OK] 作者 485822747 抓取完成：粉丝 7654, 关注 220, 公开视频 44。
[97/1908] 正在抓取作者 1186587852 的 MetaResult 级作者属性。
[OK] 作者 1186587852 抓取完成：粉丝 13430, 关注 1130, 公开视频 504。
[98/1908] 正在抓取作者 25007084 的 MetaResult 级作者属性。
[OK] 作者 25007084 抓取完成：粉丝 403468, 关注 1582, 公开视频 430。
[99/1908] 正在抓取作者 3546682631391739 的 MetaResult 级作者属性。
[OK] 作者 3546682631391739 抓取完成：粉丝 58170, 关注 48, 公开视频 41。
[100/1908] 正在抓取作者 2088400794 的 MetaResult 级作者属性。
[OK] 作者 2088400794 抓取完成：粉丝 9784, 关注 2052, 公开视频 97。
[101/1908] 正在抓取作者 647560557 的 MetaResult 级作者属性。
[OK] 作者 647560557 抓取完成：粉丝 72318, 关注 185, 公开视频 319。
[102/1908] 正在抓取作者 2050731795 的 MetaResult 级作者属性。
[OK] 作者 2050731795 抓取完成：粉丝 263, 关注 96, 公开视频 233。
[103/1908] 正在抓取作者 59427156 的 MetaResult 级作者属性。
[OK] 作者 59427156 抓取完成：粉丝 3634, 关注 925, 公开视频 18。
[104/1908] 正在抓取作者 3537123745466818 的 MetaResult 级作者属性。
[OK] 作者 3537123745466818 抓取完成：粉丝 226, 关注 9, 公开视频 46。
[105/1908] 正在抓取作者 1058684803 的 MetaResult 级作者属性。
[OK] 作者 1058684803 抓取完成：粉丝 1083, 关注 48, 公开视频 5。
[106/1908] 正在抓取作者 499134642 的 MetaResult 级作者属性。
[OK] 作者 499134642 抓取完成：粉丝 924, 关注 393, 公开视频 32。
[107/1908] 正在抓取作者 1407595822 的 MetaResult 级作者属性。
[OK] 作者 1407595822 抓取完成：粉丝 616, 关注 0, 公开视频 35。
[108/1908] 正在抓取作者 336468518 的 MetaResult 级作者属性。
[OK] 作者 336468518 抓取完成：粉丝 285523, 关注 123, 公开视频 81。
[109/1908] 正在抓取作者 3546953572944247 的 MetaResult 级作者属性。
[OK] 作者 3546953572944247 抓取完成：粉丝 903, 关注 201, 公开视频 639。
[110/1908] 正在抓取作者 3690971940260053 的 MetaResult 级作者属性。
[OK] 作者 3690971940260053 抓取完成：粉丝 593, 关注 3, 公开视频 29。
[111/1908] 正在抓取作者 476302833 的 MetaResult 级作者属性。
[OK] 作者 476302833 抓取完成：粉丝 1989, 关注 166, 公开视频 100。
[112/1908] 正在抓取作者 516582750 的 MetaResult 级作者属性。
[OK] 作者 516582750 抓取完成：粉丝 457464, 关注 692, 公开视频 159。
[113/1908] 正在抓取作者 3546564603676838 的 MetaResult 级作者属性。
[OK] 作者 3546564603676838 抓取完成：粉丝 32713, 关注 30, 公开视频 423。
[114/1908] 正在抓取作者 3546596883040721 的 MetaResult 级作者属性。
[WARN] 作者 3546596883040721 触发风控相关报错（连续 1/5 次）：接口返回错误代码：-352，信息：风控校验失败。 {'code': -352, 'message': '风控校验失败', 'ttl': 1, 'data': {'v_voucher': 'voucher_c20daa3e-e425-4756-a240-285b509838ce'}}
[115/1908] 正在抓取作者 692413825 的 MetaResult 级作者属性。
[OK] 作者 692413825 抓取完成：粉丝 107914, 关注 65, 公开视频 219。
[116/1908] 正在抓取作者 14651017 的 MetaResult 级作者属性。
[WARN] 作者 14651017 触发风控相关报错（连续 1/5 次）：接口返回错误代码：-352，信息：风控校验失败。 {'code': -352, 'message': '风控校验失败', 'ttl': 1, 'data': {'v_voucher': 'voucher_6be84b30-749d-4db6-9109-78a64cfe643c'}}
[117/1908] 正在抓取作者 245684615 的 MetaResult 级作者属性。
[WARN] 作者 245684615 触发风控相关报错（连续 2/5 次）：接口返回错误代码：-352，信息：风控校验失败。 {'code': -352, 'message': '风控校验失败', 'ttl': 1, 'data': {'v_voucher': 'voucher_b0c013cd-daf1-460e-8d3b-8d4623d8b38d'}}
[118/1908] 正在抓取作者 67063436 的 MetaResult 级作者属性。
[WARN] 作者 67063436 触发风控相关报错（连续 3/5 次）：接口返回错误代码：-352，信息：风控校验失败。 {'code': -352, 'message': '风控校验失败', 'ttl': 1, 'data': {'v_voucher': 'voucher_e4dd76e3-def1-47ff-ad47-ea4cd2bed771'}}
[119/1908] 正在抓取作者 363888343 的 MetaResult 级作者属性。
[WARN] 作者 363888343 触发风控相关报错（连续 4/5 次）：接口返回错误代码：-352，信息：风控校验失败。 {'code': -352, 'message': '风控校验失败', 'ttl': 1, 'data': {'v_voucher': 'voucher_389cfcd6-6357-4809-8fef-2b8699d5a7fa'}}
[120/1908] 正在抓取作者 1530477297 的 MetaResult 级作者属性。
[WARN] 作者 1530477297 触发风控相关报错（连续 5/5 次）：接口返回错误代码：-352，信息：风控校验失败。 {'code': -352, 'message': '风控校验失败', 'ttl': 1, 'data': {'v_voucher': 'voucher_22a320d6-05d0-4edd-9103-23e422a1c7b9'}}
[INFO] 已保存当前累计扩充作者列表：outputs/author_refinements/author_refinement_20260330_161802/expanded_author_list_accumulated.csv
[WARN] 已导出剩余待爬作者列表：outputs/author_refinements/author_refinement_20260330_161802/remaining_authors_part_10.csv
[TIMESTAMP][END] 2026-03-30T21:34:20
