[TIMESTAMP][BEGIN] 2026-03-30T18:22:54
[INFO] 识别到已有作者洞察任务：outputs/author_refinements/author_refinement_20260330_161802，本次将续跑为 part_3。
[1/2750] 正在抓取作者 3493105514842808 的 MetaResult 级作者属性。
[OK] 作者 3493105514842808 抓取完成：粉丝 130130, 关注 790, 公开视频 98。
[2/2750] 正在抓取作者 3546619314178489 的 MetaResult 级作者属性。
[OK] 作者 3546619314178489 抓取完成：粉丝 1857820, 关注 59, 公开视频 755。
[3/2750] 正在抓取作者 7946432 的 MetaResult 级作者属性。
[OK] 作者 7946432 抓取完成：粉丝 1866850, 关注 302, 公开视频 681。
[4/2750] 正在抓取作者 508215481 的 MetaResult 级作者属性。
[OK] 作者 508215481 抓取完成：粉丝 1141275, 关注 374, 公开视频 257。
[5/2750] 正在抓取作者 38568774 的 MetaResult 级作者属性。
[OK] 作者 38568774 抓取完成：粉丝 3665554, 关注 1527, 公开视频 1348。
[6/2750] 正在抓取作者 4677567 的 MetaResult 级作者属性。
[OK] 作者 4677567 抓取完成：粉丝 7244, 关注 36, 公开视频 8。
[7/2750] 正在抓取作者 8619843 的 MetaResult 级作者属性。
[OK] 作者 8619843 抓取完成：粉丝 936115, 关注 225, 公开视频 110。
[8/2750] 正在抓取作者 542246263 的 MetaResult 级作者属性。
[OK] 作者 542246263 抓取完成：粉丝 1755832, 关注 15, 公开视频 269。
[9/2750] 正在抓取作者 187681452 的 MetaResult 级作者属性。
[OK] 作者 187681452 抓取完成：粉丝 467931, 关注 973, 公开视频 369。
[10/2750] 正在抓取作者 21442590 的 MetaResult 级作者属性。
[OK] 作者 21442590 抓取完成：粉丝 318208, 关注 80, 公开视频 42。
[11/2750] 正在抓取作者 282645129 的 MetaResult 级作者属性。
[OK] 作者 282645129 抓取完成：粉丝 1237157, 关注 23, 公开视频 262。
[12/2750] 正在抓取作者 145845654 的 MetaResult 级作者属性。
[OK] 作者 145845654 抓取完成：粉丝 6881, 关注 761, 公开视频 101。
[13/2750] 正在抓取作者 3546975553194291 的 MetaResult 级作者属性。
[OK] 作者 3546975553194291 抓取完成：粉丝 21233, 关注 7, 公开视频 30。
[14/2750] 正在抓取作者 1387592680 的 MetaResult 级作者属性。
[OK] 作者 1387592680 抓取完成：粉丝 1110743, 关注 53, 公开视频 65。
[15/2750] 正在抓取作者 1438644295 的 MetaResult 级作者属性。
[OK] 作者 1438644295 抓取完成：粉丝 843504, 关注 4, 公开视频 116。
[16/2750] 正在抓取作者 346563107 的 MetaResult 级作者属性。
[OK] 作者 346563107 抓取完成：粉丝 5515466, 关注 45, 公开视频 1917。
[17/2750] 正在抓取作者 431233688 的 MetaResult 级作者属性。
[OK] 作者 431233688 抓取完成：粉丝 1738908, 关注 84, 公开视频 82。
[18/2750] 正在抓取作者 3913194 的 MetaResult 级作者属性。
[OK] 作者 3913194 抓取完成：粉丝 5429329, 关注 296, 公开视频 156。
[19/2750] 正在抓取作者 434963477 的 MetaResult 级作者属性。
[OK] 作者 434963477 抓取完成：粉丝 944605, 关注 8, 公开视频 393。
[20/2750] 正在抓取作者 21778636 的 MetaResult 级作者属性。
[OK] 作者 21778636 抓取完成：粉丝 3164323, 关注 140, 公开视频 9861。
[21/2750] 正在抓取作者 1155574439 的 MetaResult 级作者属性。
[OK] 作者 1155574439 抓取完成：粉丝 2269732, 关注 26, 公开视频 479。
[22/2750] 正在抓取作者 396657882 的 MetaResult 级作者属性。
[OK] 作者 396657882 抓取完成：粉丝 932190, 关注 525, 公开视频 78。
[23/2750] 正在抓取作者 402676243 的 MetaResult 级作者属性。
[OK] 作者 402676243 抓取完成：粉丝 202334, 关注 370, 公开视频 477。
[24/2750] 正在抓取作者 485919810 的 MetaResult 级作者属性。
[OK] 作者 485919810 抓取完成：粉丝 163849, 关注 1895, 公开视频 310。
[25/2750] 正在抓取作者 3546904904337681 的 MetaResult 级作者属性。
[OK] 作者 3546904904337681 抓取完成：粉丝 1154837, 关注 45, 公开视频 181。
[26/2750] 正在抓取作者 35648383 的 MetaResult 级作者属性。
[OK] 作者 35648383 抓取完成：粉丝 43651, 关注 78, 公开视频 69。
[27/2750] 正在抓取作者 1772077854 的 MetaResult 级作者属性。
[OK] 作者 1772077854 抓取完成：粉丝 76775, 关注 14, 公开视频 397。
[28/2750] 正在抓取作者 703186600 的 MetaResult 级作者属性。
[OK] 作者 703186600 抓取完成：粉丝 3293832, 关注 29, 公开视频 448。
[29/2750] 正在抓取作者 7327911 的 MetaResult 级作者属性。
[OK] 作者 7327911 抓取完成：粉丝 1134066, 关注 45, 公开视频 398。
[30/2750] 正在抓取作者 476967268 的 MetaResult 级作者属性。
[OK] 作者 476967268 抓取完成：粉丝 922113, 关注 527, 公开视频 297。
[31/2750] 正在抓取作者 649661652 的 MetaResult 级作者属性。
[OK] 作者 649661652 抓取完成：粉丝 2245406, 关注 18, 公开视频 1538。
[32/2750] 正在抓取作者 36081646 的 MetaResult 级作者属性。
[OK] 作者 36081646 抓取完成：粉丝 5431029, 关注 80, 公开视频 412。
[33/2750] 正在抓取作者 1210621649 的 MetaResult 级作者属性。
[OK] 作者 1210621649 抓取完成：粉丝 621915, 关注 16, 公开视频 979。
[34/2750] 正在抓取作者 3546724748495813 的 MetaResult 级作者属性。
[OK] 作者 3546724748495813 抓取完成：粉丝 1375355, 关注 6, 公开视频 1369。
[35/2750] 正在抓取作者 53653003 的 MetaResult 级作者属性。
[OK] 作者 53653003 抓取完成：粉丝 13826, 关注 507, 公开视频 76。
[36/2750] 正在抓取作者 256237759 的 MetaResult 级作者属性。
[OK] 作者 256237759 抓取完成：粉丝 1458755, 关注 82, 公开视频 628。
[37/2750] 正在抓取作者 3546746680511302 的 MetaResult 级作者属性。
[OK] 作者 3546746680511302 抓取完成：粉丝 995578, 关注 5, 公开视频 120。
[38/2750] 正在抓取作者 3546731908171869 的 MetaResult 级作者属性。
[OK] 作者 3546731908171869 抓取完成：粉丝 2210195, 关注 4, 公开视频 144。
[39/2750] 正在抓取作者 396162560 的 MetaResult 级作者属性。
[OK] 作者 396162560 抓取完成：粉丝 322583, 关注 50, 公开视频 124。
[40/2750] 正在抓取作者 485359169 的 MetaResult 级作者属性。
[OK] 作者 485359169 抓取完成：粉丝 2553898, 关注 16, 公开视频 529。
[41/2750] 正在抓取作者 107833115 的 MetaResult 级作者属性。
[OK] 作者 107833115 抓取完成：粉丝 491326, 关注 33, 公开视频 104。
[42/2750] 正在抓取作者 2314623 的 MetaResult 级作者属性。
[OK] 作者 2314623 抓取完成：粉丝 873703, 关注 252, 公开视频 181。
[43/2750] 正在抓取作者 472055262 的 MetaResult 级作者属性。
[OK] 作者 472055262 抓取完成：粉丝 220608, 关注 23, 公开视频 87。
[44/2750] 正在抓取作者 1912249087 的 MetaResult 级作者属性。
[OK] 作者 1912249087 抓取完成：粉丝 1309665, 关注 86, 公开视频 1567。
[45/2750] 正在抓取作者 1955897084 的 MetaResult 级作者属性。
[OK] 作者 1955897084 抓取完成：粉丝 5033966, 关注 11, 公开视频 246。
[46/2750] 正在抓取作者 3546715770588065 的 MetaResult 级作者属性。
[OK] 作者 3546715770588065 抓取完成：粉丝 266249, 关注 30, 公开视频 197。
[47/2750] 正在抓取作者 25480023 的 MetaResult 级作者属性。
[OK] 作者 25480023 抓取完成：粉丝 1243638, 关注 893, 公开视频 982。
[48/2750] 正在抓取作者 3546968051682259 的 MetaResult 级作者属性。
[OK] 作者 3546968051682259 抓取完成：粉丝 253132, 关注 31, 公开视频 19。
[49/2750] 正在抓取作者 369287008 的 MetaResult 级作者属性。
[OK] 作者 369287008 抓取完成：粉丝 850772, 关注 173, 公开视频 202。
[50/2750] 正在抓取作者 339233162 的 MetaResult 级作者属性。
[OK] 作者 339233162 抓取完成：粉丝 3256366, 关注 34, 公开视频 667。
[51/2750] 正在抓取作者 157549658 的 MetaResult 级作者属性。
[OK] 作者 157549658 抓取完成：粉丝 293406, 关注 8, 公开视频 61。
[52/2750] 正在抓取作者 1875125901 的 MetaResult 级作者属性。
[OK] 作者 1875125901 抓取完成：粉丝 44954, 关注 20, 公开视频 64。
[53/2750] 正在抓取作者 316627722 的 MetaResult 级作者属性。
[OK] 作者 316627722 抓取完成：粉丝 2114163, 关注 188, 公开视频 573。
[54/2750] 正在抓取作者 1005062454 的 MetaResult 级作者属性。
[OK] 作者 1005062454 抓取完成：粉丝 23728, 关注 284, 公开视频 46。
[55/2750] 正在抓取作者 95730227 的 MetaResult 级作者属性。
[OK] 作者 95730227 抓取完成：粉丝 195458, 关注 32, 公开视频 93。
[56/2750] 正在抓取作者 447212385 的 MetaResult 级作者属性。
[OK] 作者 447212385 抓取完成：粉丝 404409, 关注 113, 公开视频 61。
[57/2750] 正在抓取作者 3461572842228424 的 MetaResult 级作者属性。
[OK] 作者 3461572842228424 抓取完成：粉丝 2518630, 关注 6, 公开视频 347。
[58/2750] 正在抓取作者 3546923111811210 的 MetaResult 级作者属性。
[OK] 作者 3546923111811210 抓取完成：粉丝 86713, 关注 17, 公开视频 177。
[59/2750] 正在抓取作者 1561212106 的 MetaResult 级作者属性。
[OK] 作者 1561212106 抓取完成：粉丝 197296, 关注 284, 公开视频 39。
[60/2750] 正在抓取作者 204120111 的 MetaResult 级作者属性。
[OK] 作者 204120111 抓取完成：粉丝 1070722, 关注 53, 公开视频 995。
[61/2750] 正在抓取作者 471259688 的 MetaResult 级作者属性。
[OK] 作者 471259688 抓取完成：粉丝 1461435, 关注 68, 公开视频 251。
[62/2750] 正在抓取作者 203680252 的 MetaResult 级作者属性。
[OK] 作者 203680252 抓取完成：粉丝 1137685, 关注 282, 公开视频 1770。
[63/2750] 正在抓取作者 39320988 的 MetaResult 级作者属性。
[OK] 作者 39320988 抓取完成：粉丝 429165, 关注 15, 公开视频 983。
[64/2750] 正在抓取作者 531131239 的 MetaResult 级作者属性。
[OK] 作者 531131239 抓取完成：粉丝 1655464, 关注 119, 公开视频 432。
[65/2750] 正在抓取作者 1527375735 的 MetaResult 级作者属性。
[OK] 作者 1527375735 抓取完成：粉丝 392393, 关注 76, 公开视频 104。
[66/2750] 正在抓取作者 355805783 的 MetaResult 级作者属性。
[OK] 作者 355805783 抓取完成：粉丝 387361, 关注 924, 公开视频 188。
[67/2750] 正在抓取作者 36044181 的 MetaResult 级作者属性。
[OK] 作者 36044181 抓取完成：粉丝 804523, 关注 83, 公开视频 3854。
[68/2750] 正在抓取作者 403943112 的 MetaResult 级作者属性。
[OK] 作者 403943112 抓取完成：粉丝 1521401, 关注 21, 公开视频 469。
[69/2750] 正在抓取作者 1659154 的 MetaResult 级作者属性。
[OK] 作者 1659154 抓取完成：粉丝 280212, 关注 59, 公开视频 602。
[70/2750] 正在抓取作者 4477242 的 MetaResult 级作者属性。
[OK] 作者 4477242 抓取完成：粉丝 1163510, 关注 660, 公开视频 241。
[71/2750] 正在抓取作者 357259310 的 MetaResult 级作者属性。
[OK] 作者 357259310 抓取完成：粉丝 634353, 关注 125, 公开视频 208。
[72/2750] 正在抓取作者 579855638 的 MetaResult 级作者属性。
[OK] 作者 579855638 抓取完成：粉丝 326164, 关注 19, 公开视频 580。
[73/2750] 正在抓取作者 3546591434639889 的 MetaResult 级作者属性。
[OK] 作者 3546591434639889 抓取完成：粉丝 847692, 关注 120, 公开视频 148。
[74/2750] 正在抓取作者 1692606088 的 MetaResult 级作者属性。
[OK] 作者 1692606088 抓取完成：粉丝 3463, 关注 144, 公开视频 6。
[75/2750] 正在抓取作者 516314798 的 MetaResult 级作者属性。
[OK] 作者 516314798 抓取完成：粉丝 1032104, 关注 636, 公开视频 227。
[76/2750] 正在抓取作者 475845053 的 MetaResult 级作者属性。
[OK] 作者 475845053 抓取完成：粉丝 3180463, 关注 214, 公开视频 125。
[77/2750] 正在抓取作者 194053532 的 MetaResult 级作者属性。
[OK] 作者 194053532 抓取完成：粉丝 1535523, 关注 352, 公开视频 338。
[78/2750] 正在抓取作者 416578326 的 MetaResult 级作者属性。
[OK] 作者 416578326 抓取完成：粉丝 20341, 关注 130, 公开视频 41。
[79/2750] 正在抓取作者 3493269774272811 的 MetaResult 级作者属性。
[OK] 作者 3493269774272811 抓取完成：粉丝 369746, 关注 7, 公开视频 153。
[80/2750] 正在抓取作者 1945288549 的 MetaResult 级作者属性。
[OK] 作者 1945288549 抓取完成：粉丝 34102, 关注 275, 公开视频 234。
[81/2750] 正在抓取作者 162963972 的 MetaResult 级作者属性。
[OK] 作者 162963972 抓取完成：粉丝 36378, 关注 394, 公开视频 229。
[82/2750] 正在抓取作者 4186021 的 MetaResult 级作者属性。
[OK] 作者 4186021 抓取完成：粉丝 1404631, 关注 1188, 公开视频 1063。
[83/2750] 正在抓取作者 3443202 的 MetaResult 级作者属性。
[OK] 作者 3443202 抓取完成：粉丝 97489, 关注 279, 公开视频 172。
[84/2750] 正在抓取作者 1563385862 的 MetaResult 级作者属性。
[OK] 作者 1563385862 抓取完成：粉丝 1146007, 关注 48, 公开视频 1326。
[85/2750] 正在抓取作者 19319172 的 MetaResult 级作者属性。
[OK] 作者 19319172 抓取完成：粉丝 3309014, 关注 222, 公开视频 445。
[86/2750] 正在抓取作者 11684621 的 MetaResult 级作者属性。
[OK] 作者 11684621 抓取完成：粉丝 3156451, 关注 505, 公开视频 460。
[87/2750] 正在抓取作者 395433035 的 MetaResult 级作者属性。
[OK] 作者 395433035 抓取完成：粉丝 441329, 关注 5, 公开视频 77。
[88/2750] 正在抓取作者 3546959367375532 的 MetaResult 级作者属性。
[OK] 作者 3546959367375532 抓取完成：粉丝 106173, 关注 4, 公开视频 35。
[89/2750] 正在抓取作者 544261015 的 MetaResult 级作者属性。
[OK] 作者 544261015 抓取完成：粉丝 1070867, 关注 42, 公开视频 100。
[90/2750] 正在抓取作者 1330927429 的 MetaResult 级作者属性。
[OK] 作者 1330927429 抓取完成：粉丝 619970, 关注 6, 公开视频 15。
[91/2750] 正在抓取作者 299732210 的 MetaResult 级作者属性。
[OK] 作者 299732210 抓取完成：粉丝 1014582, 关注 514, 公开视频 477。
[92/2750] 正在抓取作者 502838973 的 MetaResult 级作者属性。
[OK] 作者 502838973 抓取完成：粉丝 153242, 关注 157, 公开视频 98。
[93/2750] 正在抓取作者 1618410357 的 MetaResult 级作者属性。
[OK] 作者 1618410357 抓取完成：粉丝 2599192, 关注 23, 公开视频 33。
[94/2750] 正在抓取作者 3546955368105992 的 MetaResult 级作者属性。
[OK] 作者 3546955368105992 抓取完成：粉丝 245926, 关注 16, 公开视频 282。
[95/2750] 正在抓取作者 178690106 的 MetaResult 级作者属性。
[OK] 作者 178690106 抓取完成：粉丝 2509168, 关注 509, 公开视频 1138。
[96/2750] 正在抓取作者 3546875066059052 的 MetaResult 级作者属性。
[OK] 作者 3546875066059052 抓取完成：粉丝 2589881, 关注 44, 公开视频 94。
[97/2750] 正在抓取作者 18127732 的 MetaResult 级作者属性。
[OK] 作者 18127732 抓取完成：粉丝 397038, 关注 554, 公开视频 39。
[98/2750] 正在抓取作者 108331200 的 MetaResult 级作者属性。
[OK] 作者 108331200 抓取完成：粉丝 1938498, 关注 10, 公开视频 362。
[99/2750] 正在抓取作者 413630249 的 MetaResult 级作者属性。
[OK] 作者 413630249 抓取完成：粉丝 853121, 关注 38, 公开视频 781。
[100/2750] 正在抓取作者 3546625534331789 的 MetaResult 级作者属性。
[OK] 作者 3546625534331789 抓取完成：粉丝 43709, 关注 466, 公开视频 308。
[101/2750] 正在抓取作者 481321782 的 MetaResult 级作者属性。
[OK] 作者 481321782 抓取完成：粉丝 59334, 关注 16, 公开视频 589。
[102/2750] 正在抓取作者 1809444890 的 MetaResult 级作者属性。
[OK] 作者 1809444890 抓取完成：粉丝 1323282, 关注 156, 公开视频 140。
[103/2750] 正在抓取作者 295482806 的 MetaResult 级作者属性。
[OK] 作者 295482806 抓取完成：粉丝 140175, 关注 58, 公开视频 88。
[104/2750] 正在抓取作者 12705018 的 MetaResult 级作者属性。
[OK] 作者 12705018 抓取完成：粉丝 792455, 关注 73, 公开视频 166。
[105/2750] 正在抓取作者 3493114834585984 的 MetaResult 级作者属性。
[OK] 作者 3493114834585984 抓取完成：粉丝 416492, 关注 41, 公开视频 408。
[106/2750] 正在抓取作者 4251926 的 MetaResult 级作者属性。
[OK] 作者 4251926 抓取完成：粉丝 324249, 关注 163, 公开视频 133。
[107/2750] 正在抓取作者 391624685 的 MetaResult 级作者属性。
[OK] 作者 391624685 抓取完成：粉丝 174201, 关注 3, 公开视频 99。
[108/2750] 正在抓取作者 743226 的 MetaResult 级作者属性。
[WARN] 作者 743226 触发风控相关报错（连续 1/5 次）：接口返回错误代码：-352，信息：风控校验失败。 {'code': -352, 'message': '风控校验失败', 'ttl': 1, 'data': {'v_voucher': 'voucher_7c794c73-9f17-49a5-9f78-3e3c8dffb44f'}}
[109/2750] 正在抓取作者 199167786 的 MetaResult 级作者属性。
[WARN] 作者 199167786 触发风控相关报错（连续 2/5 次）：接口返回错误代码：-352，信息：风控校验失败。 {'code': -352, 'message': '风控校验失败', 'ttl': 1, 'data': {'v_voucher': 'voucher_80c29795-e6e0-434c-8fcd-60c60d9d0836'}}
[110/2750] 正在抓取作者 1351379 的 MetaResult 级作者属性。
[WARN] 作者 1351379 触发风控相关报错（连续 3/5 次）：接口返回错误代码：-352，信息：风控校验失败。 {'code': -352, 'message': '风控校验失败', 'ttl': 1, 'data': {'v_voucher': 'voucher_b2e5dce8-b50a-4288-a5c2-4ce0cccb79ac'}}
[111/2750] 正在抓取作者 1111924041 的 MetaResult 级作者属性。
[WARN] 作者 1111924041 触发风控相关报错（连续 4/5 次）：接口返回错误代码：-352，信息：风控校验失败。 {'code': -352, 'message': '风控校验失败', 'ttl': 1, 'data': {'v_voucher': 'voucher_f0102556-4406-43b0-b82b-cea25b09f52e'}}
[112/2750] 正在抓取作者 3546778108431254 的 MetaResult 级作者属性。
[WARN] 作者 3546778108431254 触发风控相关报错（连续 5/5 次）：接口返回错误代码：-352，信息：风控校验失败。 {'code': -352, 'message': '风控校验失败', 'ttl': 1, 'data': {'v_voucher': 'voucher_6d8fd71a-6a60-43a3-a48a-52eb9e98fac6'}}
[INFO] 已保存当前累计扩充作者列表：outputs/author_refinements/author_refinement_20260330_161802/expanded_author_list_accumulated.csv
[WARN] 已导出剩余待爬作者列表：outputs/author_refinements/author_refinement_20260330_161802/remaining_authors_part_3.csv
[TIMESTAMP][END] 2026-03-30T18:27:29
