[TIMESTAMP][BEGIN] 2026-03-30T20:42:48
[INFO] 识别到已有作者洞察任务：outputs/author_refinements/author_refinement_20260330_161802，本次将续跑为 part_5。
[INFO] 开始执行 author_refinement part_5，待处理作者数 2501。
[1/2501] 正在抓取作者 13354765 的 MetaResult 级作者属性。
[OK] 作者 13354765 抓取完成：粉丝 8394302, 关注 89, 公开视频 345。
[2/2501] 正在抓取作者 328076924 的 MetaResult 级作者属性。
[OK] 作者 328076924 抓取完成：粉丝 6800, 关注 110, 公开视频 33。
[3/2501] 正在抓取作者 29296192 的 MetaResult 级作者属性。
[OK] 作者 29296192 抓取完成：粉丝 3346545, 关注 155, 公开视频 727。
[4/2501] 正在抓取作者 432083444 的 MetaResult 级作者属性。
[OK] 作者 432083444 抓取完成：粉丝 1089468, 关注 74, 公开视频 303。
[5/2501] 正在抓取作者 56334984 的 MetaResult 级作者属性。
[OK] 作者 56334984 抓取完成：粉丝 9390, 关注 85, 公开视频 25。
[6/2501] 正在抓取作者 12876332 的 MetaResult 级作者属性。
[OK] 作者 12876332 抓取完成：粉丝 645369, 关注 67, 公开视频 1289。
[7/2501] 正在抓取作者 345612261 的 MetaResult 级作者属性。
[OK] 作者 345612261 抓取完成：粉丝 253631, 关注 274, 公开视频 268。
[8/2501] 正在抓取作者 36749055 的 MetaResult 级作者属性。
[OK] 作者 36749055 抓取完成：粉丝 8982, 关注 735, 公开视频 137。
[9/2501] 正在抓取作者 250111460 的 MetaResult 级作者属性。
[OK] 作者 250111460 抓取完成：粉丝 3071641, 关注 148, 公开视频 182。
[10/2501] 正在抓取作者 30980952 的 MetaResult 级作者属性。
[OK] 作者 30980952 抓取完成：粉丝 50567, 关注 279, 公开视频 78。
[11/2501] 正在抓取作者 37390043 的 MetaResult 级作者属性。
[OK] 作者 37390043 抓取完成：粉丝 911460, 关注 337, 公开视频 573。
[12/2501] 正在抓取作者 65556612 的 MetaResult 级作者属性。
[OK] 作者 65556612 抓取完成：粉丝 12702, 关注 616, 公开视频 8。
[13/2501] 正在抓取作者 1813198 的 MetaResult 级作者属性。
[OK] 作者 1813198 抓取完成：粉丝 25020, 关注 132, 公开视频 25。
[14/2501] 正在抓取作者 276281827 的 MetaResult 级作者属性。
[WARN] 作者 276281827 抓取失败，但未判定为风控：接口返回错误代码：-404，信息：啥都木有。 {'code': -404, 'message': '啥都木有', 'ttl': 1}
[15/2501] 正在抓取作者 8366990 的 MetaResult 级作者属性。
[OK] 作者 8366990 抓取完成：粉丝 5738170, 关注 691, 公开视频 463。
[16/2501] 正在抓取作者 17989235 的 MetaResult 级作者属性。
[OK] 作者 17989235 抓取完成：粉丝 6688, 关注 120, 公开视频 34。
[17/2501] 正在抓取作者 10558098 的 MetaResult 级作者属性。
[OK] 作者 10558098 抓取完成：粉丝 4608394, 关注 60, 公开视频 383。
[18/2501] 正在抓取作者 4474705 的 MetaResult 级作者属性。
[OK] 作者 4474705 抓取完成：粉丝 3455982, 关注 207, 公开视频 186。
[19/2501] 正在抓取作者 130130236 的 MetaResult 级作者属性。
[OK] 作者 130130236 抓取完成：粉丝 422255, 关注 40, 公开视频 203。
[20/2501] 正在抓取作者 4779837 的 MetaResult 级作者属性。
[OK] 作者 4779837 抓取完成：粉丝 691561, 关注 64, 公开视频 146。
[21/2501] 正在抓取作者 271442527 的 MetaResult 级作者属性。
[OK] 作者 271442527 抓取完成：粉丝 1095563, 关注 59, 公开视频 298。
[22/2501] 正在抓取作者 3404595 的 MetaResult 级作者属性。
[OK] 作者 3404595 抓取完成：粉丝 3274547, 关注 0, 公开视频 62。
[23/2501] 正在抓取作者 18690024 的 MetaResult 级作者属性。
[OK] 作者 18690024 抓取完成：粉丝 837176, 关注 701, 公开视频 125。
[24/2501] 正在抓取作者 433187833 的 MetaResult 级作者属性。
[OK] 作者 433187833 抓取完成：粉丝 359444, 关注 23, 公开视频 122。
[25/2501] 正在抓取作者 25333161 的 MetaResult 级作者属性。
[OK] 作者 25333161 抓取完成：粉丝 711059, 关注 791, 公开视频 451。
[26/2501] 正在抓取作者 13805828 的 MetaResult 级作者属性。
[OK] 作者 13805828 抓取完成：粉丝 3044, 关注 496, 公开视频 54。
[27/2501] 正在抓取作者 434378423 的 MetaResult 级作者属性。
[OK] 作者 434378423 抓取完成：粉丝 2509734, 关注 1112, 公开视频 351。
[28/2501] 正在抓取作者 24801003 的 MetaResult 级作者属性。
[OK] 作者 24801003 抓取完成：粉丝 2106845, 关注 72, 公开视频 394。
[29/2501] 正在抓取作者 562197 的 MetaResult 级作者属性。
[OK] 作者 562197 抓取完成：粉丝 10669295, 关注 201, 公开视频 1848。
[30/2501] 正在抓取作者 4561197 的 MetaResult 级作者属性。
[OK] 作者 4561197 抓取完成：粉丝 43744, 关注 58, 公开视频 8。
[31/2501] 正在抓取作者 3691000050485483 的 MetaResult 级作者属性。
[OK] 作者 3691000050485483 抓取完成：粉丝 13454, 关注 3, 公开视频 25。
[32/2501] 正在抓取作者 34002021 的 MetaResult 级作者属性。
[OK] 作者 34002021 抓取完成：粉丝 9846, 关注 427, 公开视频 77。
[33/2501] 正在抓取作者 563791222 的 MetaResult 级作者属性。
[OK] 作者 563791222 抓取完成：粉丝 436, 关注 2292, 公开视频 34。
[34/2501] 正在抓取作者 3706930532976695 的 MetaResult 级作者属性。
[OK] 作者 3706930532976695 抓取完成：粉丝 156, 关注 27, 公开视频 9。
[35/2501] 正在抓取作者 483311669 的 MetaResult 级作者属性。
[OK] 作者 483311669 抓取完成：粉丝 18940, 关注 95, 公开视频 24。
[36/2501] 正在抓取作者 158105575 的 MetaResult 级作者属性。
[OK] 作者 158105575 抓取完成：粉丝 6216, 关注 363, 公开视频 227。
[37/2501] 正在抓取作者 8141454 的 MetaResult 级作者属性。
[OK] 作者 8141454 抓取完成：粉丝 344002, 关注 163, 公开视频 141。
[38/2501] 正在抓取作者 3690990418266852 的 MetaResult 级作者属性。
[OK] 作者 3690990418266852 抓取完成：粉丝 293, 关注 59, 公开视频 18。
[39/2501] 正在抓取作者 3211302 的 MetaResult 级作者属性。
[OK] 作者 3211302 抓取完成：粉丝 1287665, 关注 1514, 公开视频 648。
[40/2501] 正在抓取作者 3546872664819733 的 MetaResult 级作者属性。
[OK] 作者 3546872664819733 抓取完成：粉丝 14953, 关注 3, 公开视频 35。
[41/2501] 正在抓取作者 6768352 的 MetaResult 级作者属性。
[OK] 作者 6768352 抓取完成：粉丝 1502841, 关注 500, 公开视频 383。
[42/2501] 正在抓取作者 1263732318 的 MetaResult 级作者属性。
[OK] 作者 1263732318 抓取完成：粉丝 748959, 关注 1196, 公开视频 19688。
[43/2501] 正在抓取作者 434882781 的 MetaResult 级作者属性。
[OK] 作者 434882781 抓取完成：粉丝 989, 关注 527, 公开视频 30。
[44/2501] 正在抓取作者 3546843518601357 的 MetaResult 级作者属性。
[OK] 作者 3546843518601357 抓取完成：粉丝 1594, 关注 18, 公开视频 49。
[45/2501] 正在抓取作者 345626828 的 MetaResult 级作者属性。
[OK] 作者 345626828 抓取完成：粉丝 4264, 关注 1953, 公开视频 41。
[46/2501] 正在抓取作者 95999254 的 MetaResult 级作者属性。
[OK] 作者 95999254 抓取完成：粉丝 6147, 关注 105, 公开视频 21。
[47/2501] 正在抓取作者 2705870 的 MetaResult 级作者属性。
[OK] 作者 2705870 抓取完成：粉丝 1739990, 关注 4097, 公开视频 13550。
[48/2501] 正在抓取作者 224267770 的 MetaResult 级作者属性。
[OK] 作者 224267770 抓取完成：粉丝 1497720, 关注 482, 公开视频 15901。
[49/2501] 正在抓取作者 525766107 的 MetaResult 级作者属性。
[OK] 作者 525766107 抓取完成：粉丝 8632, 关注 358, 公开视频 99。
[50/2501] 正在抓取作者 6483727 的 MetaResult 级作者属性。
[OK] 作者 6483727 抓取完成：粉丝 386136, 关注 176, 公开视频 760。
[51/2501] 正在抓取作者 636496745 的 MetaResult 级作者属性。
[OK] 作者 636496745 抓取完成：粉丝 657, 关注 129, 公开视频 7。
[52/2501] 正在抓取作者 345188960 的 MetaResult 级作者属性。
[OK] 作者 345188960 抓取完成：粉丝 342762, 关注 469, 公开视频 799。
[53/2501] 正在抓取作者 171651964 的 MetaResult 级作者属性。
[OK] 作者 171651964 抓取完成：粉丝 28621, 关注 1060, 公开视频 115。
[54/2501] 正在抓取作者 3493087330437445 的 MetaResult 级作者属性。
[OK] 作者 3493087330437445 抓取完成：粉丝 72771, 关注 6, 公开视频 104。
[55/2501] 正在抓取作者 4262884 的 MetaResult 级作者属性。
[OK] 作者 4262884 抓取完成：粉丝 547781, 关注 672, 公开视频 297。
[56/2501] 正在抓取作者 336174687 的 MetaResult 级作者属性。
[OK] 作者 336174687 抓取完成：粉丝 2560, 关注 31, 公开视频 179。
[57/2501] 正在抓取作者 545355496 的 MetaResult 级作者属性。
[OK] 作者 545355496 抓取完成：粉丝 75352, 关注 50, 公开视频 314。
[58/2501] 正在抓取作者 636156357 的 MetaResult 级作者属性。
[OK] 作者 636156357 抓取完成：粉丝 1118, 关注 728, 公开视频 61。
[59/2501] 正在抓取作者 3546800279522160 的 MetaResult 级作者属性。
[OK] 作者 3546800279522160 抓取完成：粉丝 365413, 关注 27, 公开视频 87。
[60/2501] 正在抓取作者 1312279649 的 MetaResult 级作者属性。
[OK] 作者 1312279649 抓取完成：粉丝 158298, 关注 5, 公开视频 593。
[61/2501] 正在抓取作者 2193227 的 MetaResult 级作者属性。
[OK] 作者 2193227 抓取完成：粉丝 11282, 关注 43, 公开视频 181。
[62/2501] 正在抓取作者 3691004091697676 的 MetaResult 级作者属性。
[OK] 作者 3691004091697676 抓取完成：粉丝 53252, 关注 6, 公开视频 42。
[63/2501] 正在抓取作者 3546774224505365 的 MetaResult 级作者属性。
[OK] 作者 3546774224505365 抓取完成：粉丝 128513, 关注 30, 公开视频 98。
[64/2501] 正在抓取作者 1099377756 的 MetaResult 级作者属性。
[OK] 作者 1099377756 抓取完成：粉丝 16417, 关注 366, 公开视频 28。
[65/2501] 正在抓取作者 471289007 的 MetaResult 级作者属性。
[OK] 作者 471289007 抓取完成：粉丝 4062, 关注 503, 公开视频 254。
[66/2501] 正在抓取作者 1920927277 的 MetaResult 级作者属性。
[OK] 作者 1920927277 抓取完成：粉丝 82242, 关注 4, 公开视频 23。
[67/2501] 正在抓取作者 1247134012 的 MetaResult 级作者属性。
[OK] 作者 1247134012 抓取完成：粉丝 5428, 关注 160, 公开视频 108。
[68/2501] 正在抓取作者 431355742 的 MetaResult 级作者属性。
[OK] 作者 431355742 抓取完成：粉丝 5180, 关注 69, 公开视频 87。
[69/2501] 正在抓取作者 522571386 的 MetaResult 级作者属性。
[OK] 作者 522571386 抓取完成：粉丝 50960, 关注 324, 公开视频 207。
[70/2501] 正在抓取作者 3494366295361642 的 MetaResult 级作者属性。
[OK] 作者 3494366295361642 抓取完成：粉丝 930, 关注 423, 公开视频 91。
[71/2501] 正在抓取作者 5342410 的 MetaResult 级作者属性。
[OK] 作者 5342410 抓取完成：粉丝 179793, 关注 501, 公开视频 77。
[72/2501] 正在抓取作者 3546838594488758 的 MetaResult 级作者属性。
[OK] 作者 3546838594488758 抓取完成：粉丝 3768, 关注 161, 公开视频 13。
[73/2501] 正在抓取作者 1775873691 的 MetaResult 级作者属性。
[OK] 作者 1775873691 抓取完成：粉丝 153650, 关注 1, 公开视频 208。
[74/2501] 正在抓取作者 2041061969 的 MetaResult 级作者属性。
[OK] 作者 2041061969 抓取完成：粉丝 53275, 关注 4, 公开视频 85。
[75/2501] 正在抓取作者 11684516 的 MetaResult 级作者属性。
[OK] 作者 11684516 抓取完成：粉丝 1398108, 关注 46, 公开视频 139。
[76/2501] 正在抓取作者 396280973 的 MetaResult 级作者属性。
[OK] 作者 396280973 抓取完成：粉丝 1940, 关注 246, 公开视频 65。
[77/2501] 正在抓取作者 3546778217483212 的 MetaResult 级作者属性。
[OK] 作者 3546778217483212 抓取完成：粉丝 4758, 关注 17, 公开视频 127。
[78/2501] 正在抓取作者 1741555775 的 MetaResult 级作者属性。
[OK] 作者 1741555775 抓取完成：粉丝 373, 关注 3276, 公开视频 10。
[79/2501] 正在抓取作者 9557984 的 MetaResult 级作者属性。
[OK] 作者 9557984 抓取完成：粉丝 492, 关注 17, 公开视频 59。
[80/2501] 正在抓取作者 23288256 的 MetaResult 级作者属性。
[OK] 作者 23288256 抓取完成：粉丝 429114, 关注 5, 公开视频 198。
[81/2501] 正在抓取作者 3546657387972790 的 MetaResult 级作者属性。
[OK] 作者 3546657387972790 抓取完成：粉丝 10332, 关注 1079, 公开视频 1600。
[82/2501] 正在抓取作者 1370273 的 MetaResult 级作者属性。
[OK] 作者 1370273 抓取完成：粉丝 4602, 关注 1020, 公开视频 71。
[83/2501] 正在抓取作者 349153780 的 MetaResult 级作者属性。
[OK] 作者 349153780 抓取完成：粉丝 144823, 关注 13, 公开视频 664。
[84/2501] 正在抓取作者 326083737 的 MetaResult 级作者属性。
[OK] 作者 326083737 抓取完成：粉丝 208537, 关注 0, 公开视频 1715。
[85/2501] 正在抓取作者 3546378047326668 的 MetaResult 级作者属性。
[OK] 作者 3546378047326668 抓取完成：粉丝 226089, 关注 9, 公开视频 427。
[86/2501] 正在抓取作者 396745669 的 MetaResult 级作者属性。
[OK] 作者 396745669 抓取完成：粉丝 1099, 关注 20, 公开视频 267。
[87/2501] 正在抓取作者 412415770 的 MetaResult 级作者属性。
[OK] 作者 412415770 抓取完成：粉丝 306601, 关注 18, 公开视频 1687。
[88/2501] 正在抓取作者 14406692 的 MetaResult 级作者属性。
[OK] 作者 14406692 抓取完成：粉丝 1730, 关注 88, 公开视频 417。
[89/2501] 正在抓取作者 673865823 的 MetaResult 级作者属性。
[OK] 作者 673865823 抓取完成：粉丝 25, 关注 1051, 公开视频 2。
[90/2501] 正在抓取作者 24650047 的 MetaResult 级作者属性。
[OK] 作者 24650047 抓取完成：粉丝 146349, 关注 96, 公开视频 37。
[91/2501] 正在抓取作者 41966090 的 MetaResult 级作者属性。
[OK] 作者 41966090 抓取完成：粉丝 450, 关注 119, 公开视频 52。
[92/2501] 正在抓取作者 415265152 的 MetaResult 级作者属性。
[OK] 作者 415265152 抓取完成：粉丝 144, 关注 1192, 公开视频 70。
[93/2501] 正在抓取作者 360912649 的 MetaResult 级作者属性。
[OK] 作者 360912649 抓取完成：粉丝 162382, 关注 121, 公开视频 82。
[94/2501] 正在抓取作者 3461570468251964 的 MetaResult 级作者属性。
[OK] 作者 3461570468251964 抓取完成：粉丝 2703, 关注 631, 公开视频 255。
[95/2501] 正在抓取作者 1329638440 的 MetaResult 级作者属性。
[OK] 作者 1329638440 抓取完成：粉丝 879983, 关注 1, 公开视频 9。
[96/2501] 正在抓取作者 34456580 的 MetaResult 级作者属性。
[OK] 作者 34456580 抓取完成：粉丝 1503313, 关注 142, 公开视频 1457。
[97/2501] 正在抓取作者 25966132 的 MetaResult 级作者属性。
[OK] 作者 25966132 抓取完成：粉丝 614, 关注 1132, 公开视频 21。
[98/2501] 正在抓取作者 485070427 的 MetaResult 级作者属性。
[OK] 作者 485070427 抓取完成：粉丝 5346, 关注 5, 公开视频 331。
[99/2501] 正在抓取作者 498421180 的 MetaResult 级作者属性。
[OK] 作者 498421180 抓取完成：粉丝 159029, 关注 104, 公开视频 246。
[100/2501] 正在抓取作者 436304858 的 MetaResult 级作者属性。
[OK] 作者 436304858 抓取完成：粉丝 51894, 关注 77, 公开视频 19。
[101/2501] 正在抓取作者 1399257213 的 MetaResult 级作者属性。
[OK] 作者 1399257213 抓取完成：粉丝 617, 关注 76, 公开视频 65。
[102/2501] 正在抓取作者 39909829 的 MetaResult 级作者属性。
[OK] 作者 39909829 抓取完成：粉丝 52456, 关注 433, 公开视频 1950。
[103/2501] 正在抓取作者 313264578 的 MetaResult 级作者属性。
[OK] 作者 313264578 抓取完成：粉丝 258680, 关注 7, 公开视频 95。
[104/2501] 正在抓取作者 3493272305535004 的 MetaResult 级作者属性。
[OK] 作者 3493272305535004 抓取完成：粉丝 1101, 关注 86, 公开视频 23。
[105/2501] 正在抓取作者 3632311488743695 的 MetaResult 级作者属性。
[OK] 作者 3632311488743695 抓取完成：粉丝 33, 关注 0, 公开视频 64。
[106/2501] 正在抓取作者 1180104467 的 MetaResult 级作者属性。
[OK] 作者 1180104467 抓取完成：粉丝 6490, 关注 12, 公开视频 44。
[107/2501] 正在抓取作者 210162149 的 MetaResult 级作者属性。
[OK] 作者 210162149 抓取完成：粉丝 23202, 关注 170, 公开视频 83。
[108/2501] 正在抓取作者 700989130 的 MetaResult 级作者属性。
[OK] 作者 700989130 抓取完成：粉丝 7682, 关注 12, 公开视频 458。
[109/2501] 正在抓取作者 1486481247 的 MetaResult 级作者属性。
[OK] 作者 1486481247 抓取完成：粉丝 33006, 关注 45, 公开视频 631。
[110/2501] 正在抓取作者 1940438072 的 MetaResult 级作者属性。
[OK] 作者 1940438072 抓取完成：粉丝 27872, 关注 8, 公开视频 15064。
[111/2501] 正在抓取作者 361541120 的 MetaResult 级作者属性。
[OK] 作者 361541120 抓取完成：粉丝 165824, 关注 5, 公开视频 1203。
[112/2501] 正在抓取作者 1721055966 的 MetaResult 级作者属性。
[OK] 作者 1721055966 抓取完成：粉丝 8546, 关注 1, 公开视频 358。
[113/2501] 正在抓取作者 474980480 的 MetaResult 级作者属性。
[OK] 作者 474980480 抓取完成：粉丝 1997, 关注 7, 公开视频 279。
[114/2501] 正在抓取作者 3632307801950307 的 MetaResult 级作者属性。
[OK] 作者 3632307801950307 抓取完成：粉丝 480, 关注 0, 公开视频 2318。
[115/2501] 正在抓取作者 15774483 的 MetaResult 级作者属性。
[OK] 作者 15774483 抓取完成：粉丝 211393, 关注 1, 公开视频 1914。
[116/2501] 正在抓取作者 3546706427775515 的 MetaResult 级作者属性。
[WARN] 作者 3546706427775515 触发风控相关报错（连续 1/5 次）：接口返回错误代码：-352，信息：风控校验失败。 {'code': -352, 'message': '风控校验失败', 'ttl': 1, 'data': {'v_voucher': 'voucher_4fbbf1d6-d41d-4643-b169-8107539dc9a2'}}
[117/2501] 正在抓取作者 3546911722178610 的 MetaResult 级作者属性。
[WARN] 作者 3546911722178610 触发风控相关报错（连续 2/5 次）：接口返回错误代码：-352，信息：风控校验失败。 {'code': -352, 'message': '风控校验失败', 'ttl': 1, 'data': {'v_voucher': 'voucher_0930f812-3185-46a0-8226-0ed4823370df'}}
[118/2501] 正在抓取作者 414598580 的 MetaResult 级作者属性。
[WARN] 作者 414598580 触发风控相关报错（连续 3/5 次）：接口返回错误代码：-352，信息：风控校验失败。 {'code': -352, 'message': '风控校验失败', 'ttl': 1, 'data': {'v_voucher': 'voucher_817d0cf3-2c37-4fc8-9a4e-d957f1b34cad'}}
[119/2501] 正在抓取作者 349508380 的 MetaResult 级作者属性。
[WARN] 作者 349508380 触发风控相关报错（连续 4/5 次）：接口返回错误代码：-352，信息：风控校验失败。 {'code': -352, 'message': '风控校验失败', 'ttl': 1, 'data': {'v_voucher': 'voucher_7a25dc00-b6f6-4415-90de-079555a53bb1'}}
[120/2501] 正在抓取作者 290515290 的 MetaResult 级作者属性。
[WARN] 作者 290515290 触发风控相关报错（连续 5/5 次）：接口返回错误代码：-352，信息：风控校验失败。 {'code': -352, 'message': '风控校验失败', 'ttl': 1, 'data': {'v_voucher': 'voucher_dea6f79f-774c-4ebc-9ba4-22ab5d38a2d8'}}
[INFO] 已保存当前累计扩充作者列表：outputs/author_refinements/author_refinement_20260330_161802/expanded_author_list_accumulated.csv
[WARN] 已导出剩余待爬作者列表：outputs/author_refinements/author_refinement_20260330_161802/remaining_authors_part_5.csv
[TIMESTAMP][END] 2026-03-30T20:47:44
