[TIMESTAMP][BEGIN] 2026-03-30T22:56:05
[INFO] 识别到已有作者洞察任务：outputs/author_refinements/author_refinement_20260330_161802，本次将续跑为 part_21。
[INFO] 开始执行 author_refinement part_21，待处理作者数 699。
[1/699] 正在抓取作者 3546851498264577 的 MetaResult 级作者属性。
[OK] 作者 3546851498264577 抓取完成：粉丝 25519, 关注 10, 公开视频 75。
[2/699] 正在抓取作者 381953925 的 MetaResult 级作者属性。
[OK] 作者 381953925 抓取完成：粉丝 6229, 关注 798, 公开视频 128。
[3/699] 正在抓取作者 384390687 的 MetaResult 级作者属性。
[OK] 作者 384390687 抓取完成：粉丝 4974, 关注 205, 公开视频 48。
[4/699] 正在抓取作者 496657557 的 MetaResult 级作者属性。
[OK] 作者 496657557 抓取完成：粉丝 5518, 关注 301, 公开视频 209。
[5/699] 正在抓取作者 2635012 的 MetaResult 级作者属性。
[OK] 作者 2635012 抓取完成：粉丝 7894, 关注 773, 公开视频 305。
[6/699] 正在抓取作者 17859136 的 MetaResult 级作者属性。
[OK] 作者 17859136 抓取完成：粉丝 54937, 关注 451, 公开视频 290。
[7/699] 正在抓取作者 1663995237 的 MetaResult 级作者属性。
[OK] 作者 1663995237 抓取完成：粉丝 189120, 关注 134, 公开视频 758。
[8/699] 正在抓取作者 278743852 的 MetaResult 级作者属性。
[OK] 作者 278743852 抓取完成：粉丝 21307, 关注 4724, 公开视频 1157。
[9/699] 正在抓取作者 3493115331611420 的 MetaResult 级作者属性。
[OK] 作者 3493115331611420 抓取完成：粉丝 16759, 关注 88, 公开视频 465。
[10/699] 正在抓取作者 482232215 的 MetaResult 级作者属性。
[OK] 作者 482232215 抓取完成：粉丝 1150, 关注 218, 公开视频 95。
[11/699] 正在抓取作者 396298831 的 MetaResult 级作者属性。
[OK] 作者 396298831 抓取完成：粉丝 479, 关注 169, 公开视频 93。
[12/699] 正在抓取作者 9085963 的 MetaResult 级作者属性。
[OK] 作者 9085963 抓取完成：粉丝 478, 关注 24, 公开视频 13。
[13/699] 正在抓取作者 24157113 的 MetaResult 级作者属性。
[OK] 作者 24157113 抓取完成：粉丝 3054, 关注 632, 公开视频 64。
[14/699] 正在抓取作者 42486317 的 MetaResult 级作者属性。
[OK] 作者 42486317 抓取完成：粉丝 265, 关注 130, 公开视频 48。
[15/699] 正在抓取作者 9562354 的 MetaResult 级作者属性。
[OK] 作者 9562354 抓取完成：粉丝 661, 关注 988, 公开视频 106。
[16/699] 正在抓取作者 3546377623702308 的 MetaResult 级作者属性。
[OK] 作者 3546377623702308 抓取完成：粉丝 29288, 关注 117, 公开视频 194。
[17/699] 正在抓取作者 404257507 的 MetaResult 级作者属性。
[OK] 作者 404257507 抓取完成：粉丝 139073, 关注 79, 公开视频 1133。
[18/699] 正在抓取作者 202653692 的 MetaResult 级作者属性。
[OK] 作者 202653692 抓取完成：粉丝 690221, 关注 250, 公开视频 388。
[19/699] 正在抓取作者 2442186 的 MetaResult 级作者属性。
[OK] 作者 2442186 抓取完成：粉丝 718394, 关注 75, 公开视频 166。
[20/699] 正在抓取作者 18476379 的 MetaResult 级作者属性。
[OK] 作者 18476379 抓取完成：粉丝 275, 关注 110, 公开视频 36。
[21/699] 正在抓取作者 499704312 的 MetaResult 级作者属性。
[OK] 作者 499704312 抓取完成：粉丝 4234, 关注 241, 公开视频 59。
[22/699] 正在抓取作者 8357220 的 MetaResult 级作者属性。
[OK] 作者 8357220 抓取完成：粉丝 3672, 关注 141, 公开视频 210。
[23/699] 正在抓取作者 3546884167698450 的 MetaResult 级作者属性。
[OK] 作者 3546884167698450 抓取完成：粉丝 15, 关注 2, 公开视频 4。
[24/699] 正在抓取作者 3546927297727412 的 MetaResult 级作者属性。
[OK] 作者 3546927297727412 抓取完成：粉丝 24792, 关注 22, 公开视频 38。
[25/699] 正在抓取作者 320862549 的 MetaResult 级作者属性。
[OK] 作者 320862549 抓取完成：粉丝 441675, 关注 10, 公开视频 720。
[26/699] 正在抓取作者 1842784265 的 MetaResult 级作者属性。
[OK] 作者 1842784265 抓取完成：粉丝 244116, 关注 114, 公开视频 1350。
[27/699] 正在抓取作者 149603550 的 MetaResult 级作者属性。
[OK] 作者 149603550 抓取完成：粉丝 4151, 关注 80, 公开视频 344。
[28/699] 正在抓取作者 689222371 的 MetaResult 级作者属性。
[OK] 作者 689222371 抓取完成：粉丝 1734498, 关注 54, 公开视频 538。
[29/699] 正在抓取作者 432904508 的 MetaResult 级作者属性。
[OK] 作者 432904508 抓取完成：粉丝 54932, 关注 8, 公开视频 22。
[30/699] 正在抓取作者 3706931598330187 的 MetaResult 级作者属性。
[OK] 作者 3706931598330187 抓取完成：粉丝 20724, 关注 5, 公开视频 36。
[31/699] 正在抓取作者 18459985 的 MetaResult 级作者属性。
[OK] 作者 18459985 抓取完成：粉丝 273049, 关注 5, 公开视频 113。
[32/699] 正在抓取作者 1954997940 的 MetaResult 级作者属性。
[OK] 作者 1954997940 抓取完成：粉丝 1377958, 关注 44, 公开视频 1901。
[33/699] 正在抓取作者 487215770 的 MetaResult 级作者属性。
[OK] 作者 487215770 抓取完成：粉丝 1130586, 关注 198, 公开视频 1858。
[34/699] 正在抓取作者 3032988 的 MetaResult 级作者属性。
[OK] 作者 3032988 抓取完成：粉丝 3607035, 关注 95, 公开视频 646。
[35/699] 正在抓取作者 3546824755383059 的 MetaResult 级作者属性。
[OK] 作者 3546824755383059 抓取完成：粉丝 11500, 关注 0, 公开视频 432。
[36/699] 正在抓取作者 1984198637 的 MetaResult 级作者属性。
[OK] 作者 1984198637 抓取完成：粉丝 2447066, 关注 38, 公开视频 456。
[37/699] 正在抓取作者 3690989357107925 的 MetaResult 级作者属性。
[OK] 作者 3690989357107925 抓取完成：粉丝 155204, 关注 3, 公开视频 45。
[38/699] 正在抓取作者 1529656577 的 MetaResult 级作者属性。
[OK] 作者 1529656577 抓取完成：粉丝 933840, 关注 51, 公开视频 352。
[39/699] 正在抓取作者 21118533 的 MetaResult 级作者属性。
[OK] 作者 21118533 抓取完成：粉丝 501956, 关注 31, 公开视频 393。
[40/699] 正在抓取作者 3632315081165507 的 MetaResult 级作者属性。
[OK] 作者 3632315081165507 抓取完成：粉丝 352345, 关注 5, 公开视频 41。
[41/699] 正在抓取作者 15819000 的 MetaResult 级作者属性。
[OK] 作者 15819000 抓取完成：粉丝 478691, 关注 45, 公开视频 982。
[42/699] 正在抓取作者 3546942476913385 的 MetaResult 级作者属性。
[OK] 作者 3546942476913385 抓取完成：粉丝 19977, 关注 8, 公开视频 576。
[43/699] 正在抓取作者 3971347 的 MetaResult 级作者属性。
[OK] 作者 3971347 抓取完成：粉丝 3611, 关注 78, 公开视频 59。
[44/699] 正在抓取作者 3546724660415334 的 MetaResult 级作者属性。
[OK] 作者 3546724660415334 抓取完成：粉丝 141510, 关注 4, 公开视频 230。
[45/699] 正在抓取作者 444118208 的 MetaResult 级作者属性。
[OK] 作者 444118208 抓取完成：粉丝 97762, 关注 6, 公开视频 114。
[46/699] 正在抓取作者 171309762 的 MetaResult 级作者属性。
[OK] 作者 171309762 抓取完成：粉丝 233130, 关注 16, 公开视频 284。
[47/699] 正在抓取作者 382171566 的 MetaResult 级作者属性。
[OK] 作者 382171566 抓取完成：粉丝 12678, 关注 129, 公开视频 660。
[48/699] 正在抓取作者 317358775 的 MetaResult 级作者属性。
[OK] 作者 317358775 抓取完成：粉丝 229214, 关注 22, 公开视频 434。
[49/699] 正在抓取作者 1202350411 的 MetaResult 级作者属性。
[OK] 作者 1202350411 抓取完成：粉丝 1697868, 关注 1, 公开视频 1440。
[50/699] 正在抓取作者 22013002 的 MetaResult 级作者属性。
[OK] 作者 22013002 抓取完成：粉丝 124346, 关注 134, 公开视频 168。
[51/699] 正在抓取作者 3546907680966947 的 MetaResult 级作者属性。
[OK] 作者 3546907680966947 抓取完成：粉丝 327294, 关注 6, 公开视频 266。
[52/699] 正在抓取作者 3493264726428067 的 MetaResult 级作者属性。
[OK] 作者 3493264726428067 抓取完成：粉丝 7865, 关注 2, 公开视频 386。
[53/699] 正在抓取作者 3493116935932108 的 MetaResult 级作者属性。
[OK] 作者 3493116935932108 抓取完成：粉丝 180240, 关注 110, 公开视频 153。
[54/699] 正在抓取作者 1730260849 的 MetaResult 级作者属性。
[OK] 作者 1730260849 抓取完成：粉丝 25033, 关注 7, 公开视频 914。
[55/699] 正在抓取作者 1781227735 的 MetaResult 级作者属性。
[OK] 作者 1781227735 抓取完成：粉丝 47912, 关注 4, 公开视频 19。
[56/699] 正在抓取作者 509502666 的 MetaResult 级作者属性。
[OK] 作者 509502666 抓取完成：粉丝 22742, 关注 30, 公开视频 122。
[57/699] 正在抓取作者 645685976 的 MetaResult 级作者属性。
[OK] 作者 645685976 抓取完成：粉丝 229570, 关注 21, 公开视频 296。
[58/699] 正在抓取作者 1916235121 的 MetaResult 级作者属性。
[OK] 作者 1916235121 抓取完成：粉丝 1790, 关注 33, 公开视频 5。
[59/699] 正在抓取作者 1419740930 的 MetaResult 级作者属性。
[OK] 作者 1419740930 抓取完成：粉丝 34104, 关注 6, 公开视频 2682。
[60/699] 正在抓取作者 398581197 的 MetaResult 级作者属性。
[OK] 作者 398581197 抓取完成：粉丝 974090, 关注 7, 公开视频 616。
[61/699] 正在抓取作者 3493089033324586 的 MetaResult 级作者属性。
[OK] 作者 3493089033324586 抓取完成：粉丝 300, 关注 2, 公开视频 42。
[62/699] 正在抓取作者 1479620036 的 MetaResult 级作者属性。
[OK] 作者 1479620036 抓取完成：粉丝 241381, 关注 8, 公开视频 1123。
[63/699] 正在抓取作者 360706152 的 MetaResult 级作者属性。
[OK] 作者 360706152 抓取完成：粉丝 38851, 关注 9, 公开视频 437。
[64/699] 正在抓取作者 3546661831837872 的 MetaResult 级作者属性。
[OK] 作者 3546661831837872 抓取完成：粉丝 1549, 关注 1, 公开视频 1547。
[65/699] 正在抓取作者 701051772 的 MetaResult 级作者属性。
[OK] 作者 701051772 抓取完成：粉丝 88715, 关注 5, 公开视频 306。
[66/699] 正在抓取作者 1309848145 的 MetaResult 级作者属性。
[OK] 作者 1309848145 抓取完成：粉丝 1053278, 关注 8, 公开视频 957。
[67/699] 正在抓取作者 392221058 的 MetaResult 级作者属性。
[OK] 作者 392221058 抓取完成：粉丝 853019, 关注 38, 公开视频 924。
[68/699] 正在抓取作者 518863547 的 MetaResult 级作者属性。
[OK] 作者 518863547 抓取完成：粉丝 478376, 关注 85, 公开视频 257。
[69/699] 正在抓取作者 414340957 的 MetaResult 级作者属性。
[OK] 作者 414340957 抓取完成：粉丝 27634, 关注 3, 公开视频 1516。
[70/699] 正在抓取作者 3546614203419126 的 MetaResult 级作者属性。
[OK] 作者 3546614203419126 抓取完成：粉丝 47622, 关注 388, 公开视频 46。
[71/699] 正在抓取作者 430358147 的 MetaResult 级作者属性。
[OK] 作者 430358147 抓取完成：粉丝 10260, 关注 23, 公开视频 271。
[72/699] 正在抓取作者 3461573091789025 的 MetaResult 级作者属性。
[OK] 作者 3461573091789025 抓取完成：粉丝 17313, 关注 25, 公开视频 2762。
[73/699] 正在抓取作者 1391914241 的 MetaResult 级作者属性。
[OK] 作者 1391914241 抓取完成：粉丝 78208, 关注 756, 公开视频 16。
[74/699] 正在抓取作者 8848648 的 MetaResult 级作者属性。
[OK] 作者 8848648 抓取完成：粉丝 308466, 关注 368, 公开视频 435。
[75/699] 正在抓取作者 417296980 的 MetaResult 级作者属性。
[OK] 作者 417296980 抓取完成：粉丝 1659223, 关注 111, 公开视频 1485。
[76/699] 正在抓取作者 3546578077879147 的 MetaResult 级作者属性。
[OK] 作者 3546578077879147 抓取完成：粉丝 69555, 关注 4, 公开视频 56。
[77/699] 正在抓取作者 13098751 的 MetaResult 级作者属性。
[OK] 作者 13098751 抓取完成：粉丝 1125312, 关注 57, 公开视频 648。
[78/699] 正在抓取作者 677995110 的 MetaResult 级作者属性。
[OK] 作者 677995110 抓取完成：粉丝 449371, 关注 26, 公开视频 306。
[79/699] 正在抓取作者 2114901959 的 MetaResult 级作者属性。
[OK] 作者 2114901959 抓取完成：粉丝 207817, 关注 12, 公开视频 316。
[80/699] 正在抓取作者 6265316 的 MetaResult 级作者属性。
[OK] 作者 6265316 抓取完成：粉丝 458031, 关注 230, 公开视频 5166。
[81/699] 正在抓取作者 483615293 的 MetaResult 级作者属性。
[OK] 作者 483615293 抓取完成：粉丝 22285, 关注 110, 公开视频 232。
[82/699] 正在抓取作者 667242071 的 MetaResult 级作者属性。
[OK] 作者 667242071 抓取完成：粉丝 39266, 关注 7, 公开视频 123。
[83/699] 正在抓取作者 3546791437929336 的 MetaResult 级作者属性。
[OK] 作者 3546791437929336 抓取完成：粉丝 25513, 关注 5, 公开视频 127。
[84/699] 正在抓取作者 3546664373586438 的 MetaResult 级作者属性。
[OK] 作者 3546664373586438 抓取完成：粉丝 14536, 关注 0, 公开视频 517。
[85/699] 正在抓取作者 3546766909639052 的 MetaResult 级作者属性。
[OK] 作者 3546766909639052 抓取完成：粉丝 348025, 关注 3, 公开视频 300。
[86/699] 正在抓取作者 516574137 的 MetaResult 级作者属性。
[OK] 作者 516574137 抓取完成：粉丝 58765, 关注 14, 公开视频 524。
[87/699] 正在抓取作者 3632305295854334 的 MetaResult 级作者属性。
[OK] 作者 3632305295854334 抓取完成：粉丝 958, 关注 5, 公开视频 50。
[88/699] 正在抓取作者 515741102 的 MetaResult 级作者属性。
[OK] 作者 515741102 抓取完成：粉丝 204406, 关注 40, 公开视频 309。
[89/699] 正在抓取作者 3546640283601114 的 MetaResult 级作者属性。
[OK] 作者 3546640283601114 抓取完成：粉丝 4369, 关注 3, 公开视频 69。
[90/699] 正在抓取作者 299533725 的 MetaResult 级作者属性。
[OK] 作者 299533725 抓取完成：粉丝 1513, 关注 358, 公开视频 35。
[91/699] 正在抓取作者 353931360 的 MetaResult 级作者属性。
[OK] 作者 353931360 抓取完成：粉丝 292008, 关注 11, 公开视频 1061。
[92/699] 正在抓取作者 1703866639 的 MetaResult 级作者属性。
[OK] 作者 1703866639 抓取完成：粉丝 705776, 关注 42, 公开视频 500。
[93/699] 正在抓取作者 3632306405247390 的 MetaResult 级作者属性。
[OK] 作者 3632306405247390 抓取完成：粉丝 2397, 关注 5, 公开视频 176。
[94/699] 正在抓取作者 520754513 的 MetaResult 级作者属性。
[OK] 作者 520754513 抓取完成：粉丝 506285, 关注 4, 公开视频 1895。
[95/699] 正在抓取作者 100764850 的 MetaResult 级作者属性。
[OK] 作者 100764850 抓取完成：粉丝 105, 关注 14, 公开视频 9。
[96/699] 正在抓取作者 101229184 的 MetaResult 级作者属性。
[OK] 作者 101229184 抓取完成：粉丝 1647555, 关注 16, 公开视频 508。
[97/699] 正在抓取作者 3493118015965921 的 MetaResult 级作者属性。
[OK] 作者 3493118015965921 抓取完成：粉丝 11560, 关注 2, 公开视频 883。
[98/699] 正在抓取作者 522878149 的 MetaResult 级作者属性。
[OK] 作者 522878149 抓取完成：粉丝 19981, 关注 0, 公开视频 58。
[99/699] 正在抓取作者 174949313 的 MetaResult 级作者属性。
[OK] 作者 174949313 抓取完成：粉丝 2027211, 关注 28, 公开视频 565。
[100/699] 正在抓取作者 3690992068725089 的 MetaResult 级作者属性。
[OK] 作者 3690992068725089 抓取完成：粉丝 2850, 关注 2028, 公开视频 47。
[101/699] 正在抓取作者 424815425 的 MetaResult 级作者属性。
[OK] 作者 424815425 抓取完成：粉丝 47410, 关注 48, 公开视频 193。
[102/699] 正在抓取作者 483710741 的 MetaResult 级作者属性。
[OK] 作者 483710741 抓取完成：粉丝 99487, 关注 26, 公开视频 355。
[103/699] 正在抓取作者 2005425358 的 MetaResult 级作者属性。
[OK] 作者 2005425358 抓取完成：粉丝 306532, 关注 10, 公开视频 1215。
[104/699] 正在抓取作者 3691000868375105 的 MetaResult 级作者属性。
[OK] 作者 3691000868375105 抓取完成：粉丝 205, 关注 13, 公开视频 56。
[105/699] 正在抓取作者 3546769474455683 的 MetaResult 级作者属性。
[OK] 作者 3546769474455683 抓取完成：粉丝 4567, 关注 3, 公开视频 66。
[106/699] 正在抓取作者 524704055 的 MetaResult 级作者属性。
[WARN] 作者 524704055 触发风控相关报错（连续 1/5 次）：接口返回错误代码：-352，信息：风控校验失败。 {'code': -352, 'message': '风控校验失败', 'ttl': 1, 'data': {'v_voucher': 'voucher_d8e85e49-4b58-4e15-b3b9-dd244c91f913'}}
[107/699] 正在抓取作者 1044393410 的 MetaResult 级作者属性。
[WARN] 作者 1044393410 触发风控相关报错（连续 2/5 次）：接口返回错误代码：-352，信息：风控校验失败。 {'code': -352, 'message': '风控校验失败', 'ttl': 1, 'data': {'v_voucher': 'voucher_66ddd5a4-936c-4a6e-b5e2-b008be86c9dc'}}
[108/699] 正在抓取作者 1137066730 的 MetaResult 级作者属性。
[WARN] 作者 1137066730 触发风控相关报错（连续 3/5 次）：接口返回错误代码：-352，信息：风控校验失败。 {'code': -352, 'message': '风控校验失败', 'ttl': 1, 'data': {'v_voucher': 'voucher_12e1cb3a-baff-4b64-9096-8be64c3fe986'}}
[109/699] 正在抓取作者 188858604 的 MetaResult 级作者属性。
[WARN] 作者 188858604 触发风控相关报错（连续 4/5 次）：接口返回错误代码：-352，信息：风控校验失败。 {'code': -352, 'message': '风控校验失败', 'ttl': 1, 'data': {'v_voucher': 'voucher_de38b8c7-4d20-4d71-a107-eae2ced77cdb'}}
[110/699] 正在抓取作者 224066053 的 MetaResult 级作者属性。
[OK] 作者 224066053 抓取完成：粉丝 17957, 关注 12, 公开视频 411。
[111/699] 正在抓取作者 479503119 的 MetaResult 级作者属性。
[WARN] 作者 479503119 触发风控相关报错（连续 1/5 次）：接口返回错误代码：-352，信息：风控校验失败。 {'code': -352, 'message': '风控校验失败', 'ttl': 1, 'data': {'v_voucher': 'voucher_4b181b90-dfc4-474a-9556-7b375fcdd496'}}
[112/699] 正在抓取作者 3691012159441678 的 MetaResult 级作者属性。
[WARN] 作者 3691012159441678 触发风控相关报错（连续 2/5 次）：接口返回错误代码：-352，信息：风控校验失败。 {'code': -352, 'message': '风控校验失败', 'ttl': 1, 'data': {'v_voucher': 'voucher_0ad33359-b47d-4735-b330-78891455fd49'}}
[113/699] 正在抓取作者 1148180140 的 MetaResult 级作者属性。
[WARN] 作者 1148180140 触发风控相关报错（连续 3/5 次）：接口返回错误代码：-352，信息：风控校验失败。 {'code': -352, 'message': '风控校验失败', 'ttl': 1, 'data': {'v_voucher': 'voucher_c431722d-94b2-4c01-9da0-4c825879023a'}}
[114/699] 正在抓取作者 593920494 的 MetaResult 级作者属性。
[WARN] 作者 593920494 触发风控相关报错（连续 4/5 次）：接口返回错误代码：-352，信息：风控校验失败。 {'code': -352, 'message': '风控校验失败', 'ttl': 1, 'data': {'v_voucher': 'voucher_b18aaa03-98a3-430c-a98f-33de21fecfb7'}}
[115/699] 正在抓取作者 3546594741848906 的 MetaResult 级作者属性。
[WARN] 作者 3546594741848906 触发风控相关报错（连续 5/5 次）：接口返回错误代码：-352，信息：风控校验失败。 {'code': -352, 'message': '风控校验失败', 'ttl': 1, 'data': {'v_voucher': 'voucher_c32e1d95-733f-43c8-8e86-ed6384de827a'}}
[INFO] 已保存当前累计扩充作者列表：outputs/author_refinements/author_refinement_20260330_161802/expanded_author_list_accumulated.csv
[WARN] 已导出剩余待爬作者列表：outputs/author_refinements/author_refinement_20260330_161802/remaining_authors_part_21.csv
[INFO] 当前 part 因连续风控报错达到阈值而暂停；已开启睡眠续跑，将在 3 分钟后自动进入下一个 part。
