[TIMESTAMP][BEGIN] 2026-04-09T13:31:47
[2026-04-09 13:31:49] 开始执行 CSV 批量抓取子任务 part_3。
[2026-04-09 13:31:49] 子任务开始时间：2026-04-09T13:31:47.388238
[2026-04-09 13:31:49] 输入文件：batch_input_3.csv
[2026-04-09 13:31:49] 输入唯一 bvid 数量：100
[2026-04-09 13:31:49] 为严格按 CSV 顺序判断连续失败阈值，本次任务自动将并发度从 4 调整为 1。
[2026-04-09 13:31:56] [SUCCESS] bvid=BV11uD5BgE3S 已成功抓取全部所需数据。
[2026-04-09 13:32:01] [SUCCESS] bvid=BV11uD5BgEqj 已成功抓取全部所需数据。
[2026-04-09 13:32:07] [SUCCESS] bvid=BV11uDqBzE1G 已成功抓取全部所需数据。
[2026-04-09 13:32:15] [SUCCESS] bvid=BV11uXbBWEw6 已成功抓取全部所需数据。
[2026-04-09 13:32:20] [SUCCESS] bvid=BV11vDKBnE3U 已成功抓取全部所需数据。
[2026-04-09 13:32:30] [SUCCESS] bvid=BV11vSoBbEpP 已成功抓取全部所需数据。
[2026-04-09 13:32:36] [SUCCESS] bvid=BV11w9MBaEv4 已成功抓取全部所需数据。
[2026-04-09 13:32:41] [SUCCESS] bvid=BV11wA3zaEUm 已成功抓取全部所需数据。
[2026-04-09 13:32:47] [SUCCESS] bvid=BV11wXsBkEzM 已成功抓取全部所需数据。
[2026-04-09 13:32:52] [SUCCESS] bvid=BV11x93BkEnq 已成功抓取全部所需数据。
[2026-04-09 13:32:59] [SUCCESS] bvid=BV11x9nBeE37 已成功抓取全部所需数据。
[2026-04-09 13:33:05] [SUCCESS] bvid=BV11xSDB3EBf 已成功抓取全部所需数据。
[2026-04-09 13:33:11] [SUCCESS] bvid=BV11xSDB3EUG 已成功抓取全部所需数据。
[2026-04-09 13:33:17] [SUCCESS] bvid=BV11xSDB3Ekc 已成功抓取全部所需数据。
[2026-04-09 13:33:23] [SUCCESS] bvid=BV11xX5BjEQq 已成功抓取全部所需数据。
[2026-04-09 13:33:29] [SUCCESS] bvid=BV11xX5BjEf5 已成功抓取全部所需数据。
[2026-04-09 13:33:37] [SUCCESS] bvid=BV11xX5BjEgB 已成功抓取全部所需数据。
[2026-04-09 13:33:44] [SUCCESS] bvid=BV11xX5BjEhj 已成功抓取全部所需数据。
[2026-04-09 13:33:49] [SUCCESS] bvid=BV11xXNBsEGk 已成功抓取全部所需数据。
[2026-04-09 13:33:59] [SUCCESS] bvid=BV11xXNBsEr1 已成功抓取全部所需数据。
[2026-04-09 13:34:07] [SUCCESS] bvid=BV11xXNBsErz 已成功抓取全部所需数据。
[2026-04-09 13:34:12] [SUCCESS] bvid=BV11yDYBFEwG 已成功抓取全部所需数据。
[2026-04-09 13:34:17] [SUCCESS] bvid=BV11yXVB5E2E 已成功抓取全部所需数据。
[2026-04-09 13:34:22] [SUCCESS] bvid=BV11yXVB5EKY 已成功抓取全部所需数据。
[2026-04-09 13:34:27] [SUCCESS] bvid=BV11yXVB5Ex5 已成功抓取全部所需数据。
[2026-04-09 13:34:34] [SUCCESS] bvid=BV11yXVBLEkF 已成功抓取全部所需数据。
[2026-04-09 13:34:40] [SUCCESS] bvid=BV11yXmBGETM 已成功抓取全部所需数据。
[2026-04-09 13:34:46] [SUCCESS] bvid=BV11yXmBGEXR 已成功抓取全部所需数据。
[2026-04-09 13:34:50] [SUCCESS] bvid=BV11yXmBGEuh 已成功抓取全部所需数据。
[2026-04-09 13:34:56] [SUCCESS] bvid=BV11zDhB9E3o 已成功抓取全部所需数据。
[2026-04-09 13:35:01] [SUCCESS] bvid=BV11zSfBeEh2 已成功抓取全部所需数据。
[2026-04-09 13:35:07] [SUCCESS] bvid=BV11zXCBFELq 已成功抓取全部所需数据。
[2026-04-09 13:35:13] [SUCCESS] bvid=BV11zXCBFEMo 已成功抓取全部所需数据。
[2026-04-09 13:35:15] [ERROR] bvid=BV11zXpBzE9L 抓取失败：media: No downloadable media stream found for this bvid.
[2026-04-09 13:35:22] [SUCCESS] bvid=BV121DvBKENA 已成功抓取全部所需数据。
[2026-04-09 13:35:29] [SUCCESS] bvid=BV121XKBbEAe 已成功抓取全部所需数据。
[2026-04-09 13:35:32] [ERROR] bvid=BV121XKBhEfd 抓取失败：media: No downloadable media stream found for this bvid.
[2026-04-09 13:35:42] [SUCCESS] bvid=BV1229WB2E1V 已成功抓取全部所需数据。
[2026-04-09 13:35:47] [SUCCESS] bvid=BV1229WB2EaC 已成功抓取全部所需数据。
[2026-04-09 13:35:53] [SUCCESS] bvid=BV122DABLENS 已成功抓取全部所需数据。
[2026-04-09 13:35:59] [SUCCESS] bvid=BV122X7BbEed 已成功抓取全部所需数据。
[2026-04-09 13:36:05] [SUCCESS] bvid=BV122XLBDE79 已成功抓取全部所需数据。
[2026-04-09 13:36:11] [SUCCESS] bvid=BV122XLBDEEa 已成功抓取全部所需数据。
[2026-04-09 13:36:25] [SUCCESS] bvid=BV122XLBQE26 已成功抓取全部所需数据。
[2026-04-09 13:36:28] [ERROR] bvid=BV1239NBZEN3 抓取失败：media: 接口返回错误代码：62002，信息：稿件不可见。
{'code': 62002, 'message': '稿件不可见', 'ttl': 1}
[2026-04-09 13:36:34] [SUCCESS] bvid=BV1239NBZEPq 已成功抓取全部所需数据。
[2026-04-09 13:36:41] [SUCCESS] bvid=BV1239NBZEw9 已成功抓取全部所需数据。
[2026-04-09 13:36:48] [SUCCESS] bvid=BV123XMBaEHQ 已成功抓取全部所需数据。
[2026-04-09 13:36:54] [SUCCESS] bvid=BV123XMBaEYf 已成功抓取全部所需数据。
[2026-04-09 13:37:00] [SUCCESS] bvid=BV123XMBaEsu 已成功抓取全部所需数据。
[2026-04-09 13:37:07] [SUCCESS] bvid=BV123XkB8EgB 已成功抓取全部所需数据。
[2026-04-09 13:37:14] [SUCCESS] bvid=BV1249VBSEYH 已成功抓取全部所需数据。
[2026-04-09 13:37:21] [SUCCESS] bvid=BV124SXBEE5k 已成功抓取全部所需数据。
[2026-04-09 13:37:27] [SUCCESS] bvid=BV124XDBHE4C 已成功抓取全部所需数据。
[2026-04-09 13:37:33] [SUCCESS] bvid=BV124XDBHE6E 已成功抓取全部所需数据。
[2026-04-09 13:37:38] [SUCCESS] bvid=BV124XNB9EJE 已成功抓取全部所需数据。
[2026-04-09 13:37:42] [SUCCESS] bvid=BV124XNB9Ei2 已成功抓取全部所需数据。
[2026-04-09 13:37:51] [SUCCESS] bvid=BV124XNB9EqP 已成功抓取全部所需数据。
[2026-04-09 13:37:57] [SUCCESS] bvid=BV124XTBaECa 已成功抓取全部所需数据。
[2026-04-09 13:38:04] [SUCCESS] bvid=BV124XTBaEi6 已成功抓取全部所需数据。
[2026-04-09 13:38:12] [SUCCESS] bvid=BV124XjBWES6 已成功抓取全部所需数据。
[2026-04-09 13:38:18] [SUCCESS] bvid=BV124XjBWEWe 已成功抓取全部所需数据。
[2026-04-09 13:38:25] [SUCCESS] bvid=BV124XzBQEFT 已成功抓取全部所需数据。
[2026-04-09 13:38:31] [SUCCESS] bvid=BV1259NBdEEu 已成功抓取全部所需数据。
[2026-04-09 13:38:38] [SUCCESS] bvid=BV1259TBeEiN 已成功抓取全部所需数据。
[2026-04-09 13:38:46] [SUCCESS] bvid=BV125XkBtE77 已成功抓取全部所需数据。
[2026-04-09 13:38:52] [SUCCESS] bvid=BV127XYBeEA1 已成功抓取全部所需数据。
[2026-04-09 13:39:09] [SUCCESS] bvid=BV127XYBeEcv 已成功抓取全部所需数据。
[2026-04-09 13:39:21] [SUCCESS] bvid=BV127XgBKEPb 已成功抓取全部所需数据。
[2026-04-09 13:39:35] [SUCCESS] bvid=BV127XgBKEw9 已成功抓取全部所需数据。
[2026-04-09 13:39:49] [SUCCESS] bvid=BV128XDBJE8s 已成功抓取全部所需数据。
[2026-04-09 13:39:59] [SUCCESS] bvid=BV128XTB8E2R 已成功抓取全部所需数据。
[2026-04-09 13:40:10] [SUCCESS] bvid=BV128XTB8EXW 已成功抓取全部所需数据。
[2026-04-09 13:40:21] [SUCCESS] bvid=BV128XTB8EZi 已成功抓取全部所需数据。
[2026-04-09 13:40:27] [SUCCESS] bvid=BV128XTB8Efy 已成功抓取全部所需数据。
[2026-04-09 13:40:32] [SUCCESS] bvid=BV128XTB8Eh3 已成功抓取全部所需数据。
[2026-04-09 13:40:37] [SUCCESS] bvid=BV128XrBtEEy 已成功抓取全部所需数据。
[2026-04-09 13:40:43] [SUCCESS] bvid=BV128XrBtEjT 已成功抓取全部所需数据。
[2026-04-09 13:40:48] [SUCCESS] bvid=BV128XrBtEtX 已成功抓取全部所需数据。
[2026-04-09 13:40:54] [SUCCESS] bvid=BV1299jBfEzU 已成功抓取全部所需数据。
[2026-04-09 13:41:00] [SUCCESS] bvid=BV129DzBjENN 已成功抓取全部所需数据。
[2026-04-09 13:41:05] [SUCCESS] bvid=BV129DzBjEsx 已成功抓取全部所需数据。
[2026-04-09 13:41:11] [SUCCESS] bvid=BV129SdBtEkp 已成功抓取全部所需数据。
[2026-04-09 13:41:17] [SUCCESS] bvid=BV129X9B8EVm 已成功抓取全部所需数据。
[2026-04-09 13:41:23] [SUCCESS] bvid=BV129XHBgEov 已成功抓取全部所需数据。
[2026-04-09 13:41:28] [SUCCESS] bvid=BV12A9cBmExK 已成功抓取全部所需数据。
[2026-04-09 13:41:38] [SUCCESS] bvid=BV12ADGBiEVn 已成功抓取全部所需数据。
[2026-04-09 13:41:44] [SUCCESS] bvid=BV12ASSBMEGh 已成功抓取全部所需数据。
[2026-04-09 13:41:50] [SUCCESS] bvid=BV12AXPBHE2G 已成功抓取全部所需数据。
[2026-04-09 13:41:56] [SUCCESS] bvid=BV12B97BZEAE 已成功抓取全部所需数据。
[2026-04-09 13:42:02] [SUCCESS] bvid=BV12BDYBAEmG 已成功抓取全部所需数据。
[2026-04-09 13:42:09] [SUCCESS] bvid=BV12BX1BBEFm 已成功抓取全部所需数据。
[2026-04-09 13:42:18] [SUCCESS] bvid=BV12BX1BBEuf 已成功抓取全部所需数据。
[2026-04-09 13:42:23] [SUCCESS] bvid=BV12BXVBEEd8 已成功抓取全部所需数据。
[2026-04-09 13:42:29] [SUCCESS] bvid=BV12CDcBzEkn 已成功抓取全部所需数据。
[2026-04-09 13:42:34] [SUCCESS] bvid=BV12CDvBqEAe 已成功抓取全部所需数据。
[2026-04-09 13:42:40] [SUCCESS] bvid=BV12CDvBqEmn 已成功抓取全部所需数据。
[2026-04-09 13:42:46] [SUCCESS] bvid=BV12CXLBXEJ5 已成功抓取全部所需数据。
[2026-04-09 13:42:52] [SUCCESS] bvid=BV12CXLBXELU 已成功抓取全部所需数据。
[2026-04-09 13:42:57] [SUCCESS] bvid=BV12CXLBXEVf 已成功抓取全部所需数据。
[2026-04-09 13:42:57] [WARN] 当前子任务已结束，但仍有未成功抓取的视频，已导出 remaining CSV 供继续执行。
[2026-04-09 13:42:57] [INFO] 已导出剔除成功条目后的剩余 CSV：outputs\video_data\manual_crawls\manual_crawl_media_mode_A_20260409_130038\remaining_bvids_part_3.csv
[2026-04-09 13:42:57] 子任务结束时间：2026-04-09T13:42:57.968161
[TIMESTAMP][END] 2026-04-09T13:42:57
