[TIMESTAMP][BEGIN] 2026-04-09T13:00:38
[2026-04-09 13:00:40] 开始执行 CSV 批量抓取子任务 part_1。
[2026-04-09 13:00:40] 子任务开始时间：2026-04-09T13:00:38.312675
[2026-04-09 13:00:40] 输入文件：batch_input_1.csv
[2026-04-09 13:00:40] 输入唯一 bvid 数量：100
[2026-04-09 13:00:40] 为严格按 CSV 顺序判断连续失败阈值，本次任务自动将并发度从 4 调整为 1。
[2026-04-09 13:00:48] [SUCCESS] bvid=BV113DjB2ELD 已成功抓取全部所需数据。
[2026-04-09 13:00:54] [SUCCESS] bvid=BV113DjB2Eak 已成功抓取全部所需数据。
[2026-04-09 13:01:02] [SUCCESS] bvid=BV113DjB2Ezt 已成功抓取全部所需数据。
[2026-04-09 13:01:04] [ERROR] bvid=BV11DXbBxENF 抓取失败：media: 接口返回错误代码：62002，信息：稿件不可见。
{'code': 62002, 'message': '稿件不可见', 'ttl': 1}
[2026-04-09 13:01:10] [SUCCESS] bvid=BV11GXhBFEyS 已成功抓取全部所需数据。
[2026-04-09 13:01:15] [SUCCESS] bvid=BV11GXkBfEke 已成功抓取全部所需数据。
[2026-04-09 13:01:22] [SUCCESS] bvid=BV11HSUBKEQF 已成功抓取全部所需数据。
[2026-04-09 13:01:28] [SUCCESS] bvid=BV11HSUBKEm8 已成功抓取全部所需数据。
[2026-04-09 13:01:34] [SUCCESS] bvid=BV11HX2BuEsg 已成功抓取全部所需数据。
[2026-04-09 13:01:39] [SUCCESS] bvid=BV11HXGB3EkG 已成功抓取全部所需数据。
[2026-04-09 13:01:45] [SUCCESS] bvid=BV11J9TBcEct 已成功抓取全部所需数据。
[2026-04-09 13:01:56] [SUCCESS] bvid=BV11JSUBqE4s 已成功抓取全部所需数据。
[2026-04-09 13:02:01] [SUCCESS] bvid=BV11JSUBqEQq 已成功抓取全部所需数据。
[2026-04-09 13:02:07] [SUCCESS] bvid=BV11JXGBkE4A 已成功抓取全部所需数据。
[2026-04-09 13:02:12] [SUCCESS] bvid=BV11JXGBkEF9 已成功抓取全部所需数据。
[2026-04-09 13:02:20] [SUCCESS] bvid=BV11JXGBkEhq 已成功抓取全部所需数据。
[2026-04-09 13:02:28] [SUCCESS] bvid=BV11K9cB1EBA 已成功抓取全部所需数据。
[2026-04-09 13:02:33] [SUCCESS] bvid=BV11K9cB1Eec 已成功抓取全部所需数据。
[2026-04-09 13:02:39] [SUCCESS] bvid=BV11KNNzHED4 已成功抓取全部所需数据。
[2026-04-09 13:02:44] [SUCCESS] bvid=BV11KXBB7Ecv 已成功抓取全部所需数据。
[2026-04-09 13:02:49] [SUCCESS] bvid=BV11KXPBJE2b 已成功抓取全部所需数据。
[2026-04-09 13:02:56] [SUCCESS] bvid=BV11KXPBJEYb 已成功抓取全部所需数据。
[2026-04-09 13:03:02] [SUCCESS] bvid=BV11KXPBJEx7 已成功抓取全部所需数据。
[2026-04-09 13:03:09] [SUCCESS] bvid=BV11L9jBREKt 已成功抓取全部所需数据。
[2026-04-09 13:03:21] [SUCCESS] bvid=BV11LXkBoERR 已成功抓取全部所需数据。
[2026-04-09 13:03:29] [SUCCESS] bvid=BV11M9cB5ENR 已成功抓取全部所需数据。
[2026-04-09 13:03:35] [SUCCESS] bvid=BV11MDjBUEo9 已成功抓取全部所需数据。
[2026-04-09 13:03:42] [SUCCESS] bvid=BV11MX6B9EWA 已成功抓取全部所需数据。
[2026-04-09 13:03:49] [SUCCESS] bvid=BV11MX6B9EWF 已成功抓取全部所需数据。
[2026-04-09 13:03:56] [SUCCESS] bvid=BV11MXLBmEHq 已成功抓取全部所需数据。
[2026-04-09 13:04:03] [SUCCESS] bvid=BV11NDGBNE7Z 已成功抓取全部所需数据。
[2026-04-09 13:04:11] [SUCCESS] bvid=BV11NDGBNExp 已成功抓取全部所需数据。
[2026-04-09 13:04:19] [SUCCESS] bvid=BV11NXSBmEdo 已成功抓取全部所需数据。
[2026-04-09 13:04:26] [SUCCESS] bvid=BV11NXfBBEWv 已成功抓取全部所需数据。
[2026-04-09 13:04:31] [SUCCESS] bvid=BV11NXfBBEY6 已成功抓取全部所需数据。
[2026-04-09 13:04:37] [SUCCESS] bvid=BV11NXfBBEt2 已成功抓取全部所需数据。
[2026-04-09 13:04:44] [SUCCESS] bvid=BV11NXfBBEvt 已成功抓取全部所需数据。
[2026-04-09 13:04:50] [SUCCESS] bvid=BV11PNNzXEXm 已成功抓取全部所需数据。
[2026-04-09 13:04:55] [SUCCESS] bvid=BV11PSSBqEKd 已成功抓取全部所需数据。
[2026-04-09 13:04:58] [ERROR] bvid=BV11PXPBDEgb 抓取失败：media: 接口返回错误代码：62002，信息：稿件不可见。
{'code': 62002, 'message': '稿件不可见', 'ttl': 1}
[2026-04-09 13:05:04] [SUCCESS] bvid=BV11PXfBuEc6 已成功抓取全部所需数据。
[2026-04-09 13:05:10] [SUCCESS] bvid=BV11PXsB3ENH 已成功抓取全部所需数据。
[2026-04-09 13:05:18] [SUCCESS] bvid=BV11QXbBRE9B 已成功抓取全部所需数据。
[2026-04-09 13:05:26] [SUCCESS] bvid=BV11RDTBxEyP 已成功抓取全部所需数据。
[2026-04-09 13:05:32] [SUCCESS] bvid=BV11RQmBrED8 已成功抓取全部所需数据。
[2026-04-09 13:05:38] [SUCCESS] bvid=BV11RQmBrEWU 已成功抓取全部所需数据。
[2026-04-09 13:05:43] [SUCCESS] bvid=BV11RQmBrEoN 已成功抓取全部所需数据。
[2026-04-09 13:05:49] [SUCCESS] bvid=BV11RQmBrEpi 已成功抓取全部所需数据。
[2026-04-09 13:05:54] [SUCCESS] bvid=BV11RQmBrErD 已成功抓取全部所需数据。
[2026-04-09 13:06:01] [SUCCESS] bvid=BV11RQmBrEuV 已成功抓取全部所需数据。
[2026-04-09 13:06:08] [SUCCESS] bvid=BV11S9WByEF7 已成功抓取全部所需数据。
[2026-04-09 13:06:15] [SUCCESS] bvid=BV11S9WByEJ6 已成功抓取全部所需数据。
[2026-04-09 13:06:20] [SUCCESS] bvid=BV11S9WByExo 已成功抓取全部所需数据。
[2026-04-09 13:06:29] [SUCCESS] bvid=BV11SXQBsEDS 已成功抓取全部所需数据。
[2026-04-09 13:06:39] [SUCCESS] bvid=BV11SXQBsEmd 已成功抓取全部所需数据。
[2026-04-09 13:06:45] [SUCCESS] bvid=BV11SXSB2E3U 已成功抓取全部所需数据。
[2026-04-09 13:06:51] [SUCCESS] bvid=BV11SXSB2EkN 已成功抓取全部所需数据。
[2026-04-09 13:06:56] [SUCCESS] bvid=BV11SXSB2Etz 已成功抓取全部所需数据。
[2026-04-09 13:07:03] [SUCCESS] bvid=BV11TXKB4E4r 已成功抓取全部所需数据。
[2026-04-09 13:07:09] [SUCCESS] bvid=BV11TXKB4Ei2 已成功抓取全部所需数据。
[2026-04-09 13:07:15] [SUCCESS] bvid=BV11TXKB4Emi 已成功抓取全部所需数据。
[2026-04-09 13:07:21] [SUCCESS] bvid=BV11U9WBLE69 已成功抓取全部所需数据。
[2026-04-09 13:07:27] [SUCCESS] bvid=BV11U9WBLEVn 已成功抓取全部所需数据。
[2026-04-09 13:07:31] [SUCCESS] bvid=BV11U9WBLEm7 已成功抓取全部所需数据。
[2026-04-09 13:07:38] [SUCCESS] bvid=BV11UD5BCEvV 已成功抓取全部所需数据。
[2026-04-09 13:07:44] [SUCCESS] bvid=BV11UXLBJEkX 已成功抓取全部所需数据。
[2026-04-09 13:07:49] [SUCCESS] bvid=BV11UXSB7ENc 已成功抓取全部所需数据。
[2026-04-09 13:07:54] [SUCCESS] bvid=BV11UXbBoECB 已成功抓取全部所需数据。
[2026-04-09 13:08:00] [SUCCESS] bvid=BV11UXbBoEYD 已成功抓取全部所需数据。
[2026-04-09 13:08:06] [SUCCESS] bvid=BV11UXbBoEZb 已成功抓取全部所需数据。
[2026-04-09 13:08:13] [SUCCESS] bvid=BV11UXbBoEfd 已成功抓取全部所需数据。
[2026-04-09 13:08:19] [SUCCESS] bvid=BV11UXbBoEmb 已成功抓取全部所需数据。
[2026-04-09 13:08:24] [SUCCESS] bvid=BV11UXbBoEmr 已成功抓取全部所需数据。
[2026-04-09 13:08:37] [SUCCESS] bvid=BV11V9NB4EXo 已成功抓取全部所需数据。
[2026-04-09 13:08:50] [SUCCESS] bvid=BV11V9NB4EZJ 已成功抓取全部所需数据。
[2026-04-09 13:09:04] [SUCCESS] bvid=BV11VDjBLEGi 已成功抓取全部所需数据。
[2026-04-09 13:19:09] [SUCCESS] bvid=BV11VDjBLEto 已成功抓取全部所需数据。
[2026-04-09 13:19:17] [SUCCESS] bvid=BV11W9uBKET7 已成功抓取全部所需数据。
[2026-04-09 13:19:23] [SUCCESS] bvid=BV11WSDBkEYK 已成功抓取全部所需数据。
[2026-04-09 13:19:28] [SUCCESS] bvid=BV11WX5BmEE1 已成功抓取全部所需数据。
[2026-04-09 13:19:33] [SUCCESS] bvid=BV11WX5BmEMh 已成功抓取全部所需数据。
[2026-04-09 13:19:40] [SUCCESS] bvid=BV11WX5BmENq 已成功抓取全部所需数据。
[2026-04-09 13:19:44] [SUCCESS] bvid=BV11WX5BmEnk 已成功抓取全部所需数据。
[2026-04-09 13:19:50] [SUCCESS] bvid=BV11WXNBdERC 已成功抓取全部所需数据。
[2026-04-09 13:19:56] [SUCCESS] bvid=BV11WXUB1EBB 已成功抓取全部所需数据。
[2026-04-09 13:20:02] [SUCCESS] bvid=BV11WXUB1ECN 已成功抓取全部所需数据。
[2026-04-09 13:20:09] [SUCCESS] bvid=BV11WXUB1ExM 已成功抓取全部所需数据。
[2026-04-09 13:20:15] [SUCCESS] bvid=BV11WXZBqEpL 已成功抓取全部所需数据。
[2026-04-09 13:20:21] [SUCCESS] bvid=BV11XXQBpEaM 已成功抓取全部所需数据。
[2026-04-09 13:20:27] [SUCCESS] bvid=BV11YDKBQEdB 已成功抓取全部所需数据。
[2026-04-09 13:20:33] [SUCCESS] bvid=BV11YXTBtEPi 已成功抓取全部所需数据。
[2026-04-09 13:20:38] [SUCCESS] bvid=BV11YXTBtEa1 已成功抓取全部所需数据。
[2026-04-09 13:20:44] [SUCCESS] bvid=BV11YXrBxEXh 已成功抓取全部所需数据。
[2026-04-09 13:20:50] [SUCCESS] bvid=BV11YXrBxEkm 已成功抓取全部所需数据。
[2026-04-09 13:20:57] [SUCCESS] bvid=BV11Z9NB4EUV 已成功抓取全部所需数据。
[2026-04-09 13:21:03] [SUCCESS] bvid=BV11ZDTBWEcs 已成功抓取全部所需数据。
[2026-04-09 13:21:09] [SUCCESS] bvid=BV11ZDrBHEd1 已成功抓取全部所需数据。
[2026-04-09 13:21:14] [SUCCESS] bvid=BV11ZDuBwE3Q 已成功抓取全部所需数据。
[2026-04-09 13:21:23] [SUCCESS] bvid=BV11ZDuBwEUs 已成功抓取全部所需数据。
[2026-04-09 13:21:29] [SUCCESS] bvid=BV11ZXHBqENP 已成功抓取全部所需数据。
[2026-04-09 13:21:29] [WARN] 当前子任务已结束，但仍有未成功抓取的视频，已导出 remaining CSV 供继续执行。
[2026-04-09 13:21:29] [INFO] 已导出剔除成功条目后的剩余 CSV：outputs\video_data\manual_crawls\manual_crawl_media_mode_A_20260409_130038\remaining_bvids_part_1.csv
[2026-04-09 13:21:29] 子任务结束时间：2026-04-09T13:21:29.085279
[TIMESTAMP][END] 2026-04-09T13:21:29
