[TIMESTAMP][BEGIN] 2026-04-08T11:52:30.823910
Bilibili Video Data Crawler Batch Crawl Summary
session_dir: outputs\video_data\manual_crawls\manual_crawl_meta_mode_A_20260408_115230
session_started_at: 2026-04-08T11:52:30.823910
session_completed_at: 2026-04-08T13:05:38.053962
original_csv_name: batch_input_1.csv
task_mode: meta_only
original_bvid_count: 100
part_count: 14
interruption_count: 0
completed_all: True

part_1:
  started_at: 2026-04-08T11:52:30.823910
  finished_at: 2026-04-08T11:56:58.248250
  source_csv_name: batch_input_1.csv
  task_mode: meta_only
  input_bvid_count: 100
  processed_count: 100
  success_count: 78
  failed_count: 22
  remaining_count: 22
  consecutive_failure_limit: 10
  stopped_due_to_consecutive_failures: False
  stop_reason: 当前子任务已结束，但仍有未成功抓取的视频，已导出 remaining CSV 供继续执行。
  log_file: logs/batch_crawl_part_1_20260408_115658.log
  remaining_file: remaining_bvids_part_1.csv

part_2:
  started_at: 2026-04-08T11:56:58.584327
  finished_at: 2026-04-08T12:02:06.993039
  source_csv_name: batch_input_2.csv
  task_mode: meta_only
  input_bvid_count: 100
  processed_count: 100
  success_count: 74
  failed_count: 26
  remaining_count: 26
  consecutive_failure_limit: 10
  stopped_due_to_consecutive_failures: False
  stop_reason: 当前子任务已结束，但仍有未成功抓取的视频，已导出 remaining CSV 供继续执行。
  log_file: logs/batch_crawl_part_2_20260408_120206.log
  remaining_file: remaining_bvids_part_2.csv

part_3:
  started_at: 2026-04-08T12:02:07.208432
  finished_at: 2026-04-08T12:06:13.595598
  source_csv_name: batch_input_3.csv
  task_mode: meta_only
  input_bvid_count: 100
  processed_count: 100
  success_count: 71
  failed_count: 29
  remaining_count: 29
  consecutive_failure_limit: 10
  stopped_due_to_consecutive_failures: False
  stop_reason: 当前子任务已结束，但仍有未成功抓取的视频，已导出 remaining CSV 供继续执行。
  log_file: logs/batch_crawl_part_3_20260408_120613.log
  remaining_file: remaining_bvids_part_3.csv

part_4:
  started_at: 2026-04-08T12:06:13.815027
  finished_at: 2026-04-08T12:10:38.201189
  source_csv_name: batch_input_4.csv
  task_mode: meta_only
  input_bvid_count: 100
  processed_count: 100
  success_count: 71
  failed_count: 29
  remaining_count: 29
  consecutive_failure_limit: 10
  stopped_due_to_consecutive_failures: False
  stop_reason: 当前子任务已结束，但仍有未成功抓取的视频，已导出 remaining CSV 供继续执行。
  log_file: logs/batch_crawl_part_4_20260408_121038.log
  remaining_file: remaining_bvids_part_4.csv

part_5:
  started_at: 2026-04-08T12:10:38.309837
  finished_at: 2026-04-08T12:14:46.353223
  source_csv_name: batch_input_5.csv
  task_mode: meta_only
  input_bvid_count: 100
  processed_count: 100
  success_count: 75
  failed_count: 25
  remaining_count: 25
  consecutive_failure_limit: 10
  stopped_due_to_consecutive_failures: False
  stop_reason: 当前子任务已结束，但仍有未成功抓取的视频，已导出 remaining CSV 供继续执行。
  log_file: logs/batch_crawl_part_5_20260408_121446.log
  remaining_file: remaining_bvids_part_5.csv

part_6:
  started_at: 2026-04-08T12:14:46.517988
  finished_at: 2026-04-08T12:19:02.368022
  source_csv_name: batch_input_6.csv
  task_mode: meta_only
  input_bvid_count: 100
  processed_count: 100
  success_count: 78
  failed_count: 22
  remaining_count: 22
  consecutive_failure_limit: 10
  stopped_due_to_consecutive_failures: False
  stop_reason: 当前子任务已结束，但仍有未成功抓取的视频，已导出 remaining CSV 供继续执行。
  log_file: logs/batch_crawl_part_6_20260408_121902.log
  remaining_file: remaining_bvids_part_6.csv

part_7:
  started_at: 2026-04-08T12:19:02.506961
  finished_at: 2026-04-08T12:23:48.797711
  source_csv_name: batch_input_7.csv
  task_mode: meta_only
  input_bvid_count: 100
  processed_count: 100
  success_count: 85
  failed_count: 15
  remaining_count: 15
  consecutive_failure_limit: 10
  stopped_due_to_consecutive_failures: False
  stop_reason: 当前子任务已结束，但仍有未成功抓取的视频，已导出 remaining CSV 供继续执行。
  log_file: logs/batch_crawl_part_7_20260408_122348.log
  remaining_file: remaining_bvids_part_7.csv

part_8:
  started_at: 2026-04-08T12:23:48.994543
  finished_at: 2026-04-08T12:27:59.581740
  source_csv_name: batch_input_8.csv
  task_mode: meta_only
  input_bvid_count: 100
  processed_count: 100
  success_count: 73
  failed_count: 27
  remaining_count: 27
  consecutive_failure_limit: 10
  stopped_due_to_consecutive_failures: False
  stop_reason: 当前子任务已结束，但仍有未成功抓取的视频，已导出 remaining CSV 供继续执行。
  log_file: logs/batch_crawl_part_8_20260408_122759.log
  remaining_file: remaining_bvids_part_8.csv

part_9:
  started_at: 2026-04-08T12:27:59.697634
  finished_at: 2026-04-08T12:32:48.988576
  source_csv_name: batch_input_9.csv
  task_mode: meta_only
  input_bvid_count: 100
  processed_count: 100
  success_count: 77
  failed_count: 23
  remaining_count: 23
  consecutive_failure_limit: 10
  stopped_due_to_consecutive_failures: False
  stop_reason: 当前子任务已结束，但仍有未成功抓取的视频，已导出 remaining CSV 供继续执行。
  log_file: logs/batch_crawl_part_9_20260408_123248.log
  remaining_file: remaining_bvids_part_9.csv

part_10:
  started_at: 2026-04-08T12:32:49.151869
  finished_at: 2026-04-08T12:39:18.976055
  source_csv_name: batch_input_10.csv
  task_mode: meta_only
  input_bvid_count: 100
  processed_count: 100
  success_count: 68
  failed_count: 32
  remaining_count: 32
  consecutive_failure_limit: 10
  stopped_due_to_consecutive_failures: False
  stop_reason: 当前子任务已结束，但仍有未成功抓取的视频，已导出 remaining CSV 供继续执行。
  log_file: logs/batch_crawl_part_10_20260408_123918.log
  remaining_file: remaining_bvids_part_10.csv

part_11:
  started_at: 2026-04-08T12:39:19.194516
  finished_at: 2026-04-08T12:46:40.889114
  source_csv_name: batch_input_11.csv
  task_mode: meta_only
  input_bvid_count: 100
  processed_count: 100
  success_count: 80
  failed_count: 20
  remaining_count: 20
  consecutive_failure_limit: 10
  stopped_due_to_consecutive_failures: False
  stop_reason: 当前子任务已结束，但仍有未成功抓取的视频，已导出 remaining CSV 供继续执行。
  log_file: logs/batch_crawl_part_11_20260408_124640.log
  remaining_file: remaining_bvids_part_11.csv

part_12:
  started_at: 2026-04-08T12:46:41.363912
  finished_at: 2026-04-08T12:53:58.918176
  source_csv_name: batch_input_12.csv
  task_mode: meta_only
  input_bvid_count: 100
  processed_count: 100
  success_count: 100
  failed_count: 0
  remaining_count: 0
  consecutive_failure_limit: 10
  stopped_due_to_consecutive_failures: False
  stop_reason: 当前 batch_crawl 已完成，所有视频均已成功抓取。
  log_file: logs/batch_crawl_part_12_20260408_125358.log
  remaining_file: 

part_13:
  started_at: 2026-04-08T12:53:59.022709
  finished_at: 2026-04-08T12:59:59.893144
  source_csv_name: batch_input_13.csv
  task_mode: meta_only
  input_bvid_count: 100
  processed_count: 100
  success_count: 98
  failed_count: 2
  remaining_count: 2
  consecutive_failure_limit: 10
  stopped_due_to_consecutive_failures: False
  stop_reason: 当前子任务已结束，但仍有未成功抓取的视频，已导出 remaining CSV 供继续执行。
  log_file: logs/batch_crawl_part_13_20260408_125959.log
  remaining_file: remaining_bvids_part_13.csv

part_14:
  started_at: 2026-04-08T13:00:00.001918
  finished_at: 2026-04-08T13:05:38.053962
  source_csv_name: batch_input_14.csv
  task_mode: meta_only
  input_bvid_count: 100
  processed_count: 100
  success_count: 100
  failed_count: 0
  remaining_count: 0
  consecutive_failure_limit: 10
  stopped_due_to_consecutive_failures: False
  stop_reason: 当前 batch_crawl 已完成，所有视频均已成功抓取。
  log_file: logs/batch_crawl_part_14_20260408_130538.log
  remaining_file:
[TIMESTAMP][END] 2026-04-08T13:05:38
