[TIMESTAMP][BEGIN] 2026-04-08T11:52:30.823910
Bilibili Video Data Crawler Batch Crawl Summary
session_dir: outputs\video_data\manual_crawls\manual_crawl_meta_mode_A_20260408_115230
session_started_at: 2026-04-08T11:52:30.823910
session_completed_at: 2026-04-08T15:55:16.764249
original_csv_name: batch_input_1.csv
task_mode: meta_only
original_bvid_count: 100
part_count: 36
interruption_count: 0
completed_all: True

part_1:
  started_at: 2026-04-08T11:52:30.823910
  finished_at: 2026-04-08T11:56:58.248250
  source_csv_name: batch_input_1.csv
  task_mode: meta_only
  input_bvid_count: 100
  processed_count: 100
  success_count: 78
  failed_count: 22
  remaining_count: 22
  consecutive_failure_limit: 10
  stopped_due_to_consecutive_failures: False
  stop_reason: 当前子任务已结束，但仍有未成功抓取的视频，已导出 remaining CSV 供继续执行。
  log_file: logs/batch_crawl_part_1_20260408_115658.log
  remaining_file: remaining_bvids_part_1.csv

part_2:
  started_at: 2026-04-08T11:56:58.584327
  finished_at: 2026-04-08T12:02:06.993039
  source_csv_name: batch_input_2.csv
  task_mode: meta_only
  input_bvid_count: 100
  processed_count: 100
  success_count: 74
  failed_count: 26
  remaining_count: 26
  consecutive_failure_limit: 10
  stopped_due_to_consecutive_failures: False
  stop_reason: 当前子任务已结束，但仍有未成功抓取的视频，已导出 remaining CSV 供继续执行。
  log_file: logs/batch_crawl_part_2_20260408_120206.log
  remaining_file: remaining_bvids_part_2.csv

part_3:
  started_at: 2026-04-08T12:02:07.208432
  finished_at: 2026-04-08T12:06:13.595598
  source_csv_name: batch_input_3.csv
  task_mode: meta_only
  input_bvid_count: 100
  processed_count: 100
  success_count: 71
  failed_count: 29
  remaining_count: 29
  consecutive_failure_limit: 10
  stopped_due_to_consecutive_failures: False
  stop_reason: 当前子任务已结束，但仍有未成功抓取的视频，已导出 remaining CSV 供继续执行。
  log_file: logs/batch_crawl_part_3_20260408_120613.log
  remaining_file: remaining_bvids_part_3.csv

part_4:
  started_at: 2026-04-08T12:06:13.815027
  finished_at: 2026-04-08T12:10:38.201189
  source_csv_name: batch_input_4.csv
  task_mode: meta_only
  input_bvid_count: 100
  processed_count: 100
  success_count: 71
  failed_count: 29
  remaining_count: 29
  consecutive_failure_limit: 10
  stopped_due_to_consecutive_failures: False
  stop_reason: 当前子任务已结束，但仍有未成功抓取的视频，已导出 remaining CSV 供继续执行。
  log_file: logs/batch_crawl_part_4_20260408_121038.log
  remaining_file: remaining_bvids_part_4.csv

part_5:
  started_at: 2026-04-08T12:10:38.309837
  finished_at: 2026-04-08T12:14:46.353223
  source_csv_name: batch_input_5.csv
  task_mode: meta_only
  input_bvid_count: 100
  processed_count: 100
  success_count: 75
  failed_count: 25
  remaining_count: 25
  consecutive_failure_limit: 10
  stopped_due_to_consecutive_failures: False
  stop_reason: 当前子任务已结束，但仍有未成功抓取的视频，已导出 remaining CSV 供继续执行。
  log_file: logs/batch_crawl_part_5_20260408_121446.log
  remaining_file: remaining_bvids_part_5.csv

part_6:
  started_at: 2026-04-08T12:14:46.517988
  finished_at: 2026-04-08T12:19:02.368022
  source_csv_name: batch_input_6.csv
  task_mode: meta_only
  input_bvid_count: 100
  processed_count: 100
  success_count: 78
  failed_count: 22
  remaining_count: 22
  consecutive_failure_limit: 10
  stopped_due_to_consecutive_failures: False
  stop_reason: 当前子任务已结束，但仍有未成功抓取的视频，已导出 remaining CSV 供继续执行。
  log_file: logs/batch_crawl_part_6_20260408_121902.log
  remaining_file: remaining_bvids_part_6.csv

part_7:
  started_at: 2026-04-08T12:19:02.506961
  finished_at: 2026-04-08T12:23:48.797711
  source_csv_name: batch_input_7.csv
  task_mode: meta_only
  input_bvid_count: 100
  processed_count: 100
  success_count: 85
  failed_count: 15
  remaining_count: 15
  consecutive_failure_limit: 10
  stopped_due_to_consecutive_failures: False
  stop_reason: 当前子任务已结束，但仍有未成功抓取的视频，已导出 remaining CSV 供继续执行。
  log_file: logs/batch_crawl_part_7_20260408_122348.log
  remaining_file: remaining_bvids_part_7.csv

part_8:
  started_at: 2026-04-08T12:23:48.994543
  finished_at: 2026-04-08T12:27:59.581740
  source_csv_name: batch_input_8.csv
  task_mode: meta_only
  input_bvid_count: 100
  processed_count: 100
  success_count: 73
  failed_count: 27
  remaining_count: 27
  consecutive_failure_limit: 10
  stopped_due_to_consecutive_failures: False
  stop_reason: 当前子任务已结束，但仍有未成功抓取的视频，已导出 remaining CSV 供继续执行。
  log_file: logs/batch_crawl_part_8_20260408_122759.log
  remaining_file: remaining_bvids_part_8.csv

part_9:
  started_at: 2026-04-08T12:27:59.697634
  finished_at: 2026-04-08T12:32:48.988576
  source_csv_name: batch_input_9.csv
  task_mode: meta_only
  input_bvid_count: 100
  processed_count: 100
  success_count: 77
  failed_count: 23
  remaining_count: 23
  consecutive_failure_limit: 10
  stopped_due_to_consecutive_failures: False
  stop_reason: 当前子任务已结束，但仍有未成功抓取的视频，已导出 remaining CSV 供继续执行。
  log_file: logs/batch_crawl_part_9_20260408_123248.log
  remaining_file: remaining_bvids_part_9.csv

part_10:
  started_at: 2026-04-08T12:32:49.151869
  finished_at: 2026-04-08T12:39:18.976055
  source_csv_name: batch_input_10.csv
  task_mode: meta_only
  input_bvid_count: 100
  processed_count: 100
  success_count: 68
  failed_count: 32
  remaining_count: 32
  consecutive_failure_limit: 10
  stopped_due_to_consecutive_failures: False
  stop_reason: 当前子任务已结束，但仍有未成功抓取的视频，已导出 remaining CSV 供继续执行。
  log_file: logs/batch_crawl_part_10_20260408_123918.log
  remaining_file: remaining_bvids_part_10.csv

part_11:
  started_at: 2026-04-08T12:39:19.194516
  finished_at: 2026-04-08T12:46:40.889114
  source_csv_name: batch_input_11.csv
  task_mode: meta_only
  input_bvid_count: 100
  processed_count: 100
  success_count: 80
  failed_count: 20
  remaining_count: 20
  consecutive_failure_limit: 10
  stopped_due_to_consecutive_failures: False
  stop_reason: 当前子任务已结束，但仍有未成功抓取的视频，已导出 remaining CSV 供继续执行。
  log_file: logs/batch_crawl_part_11_20260408_124640.log
  remaining_file: remaining_bvids_part_11.csv

part_12:
  started_at: 2026-04-08T12:46:41.363912
  finished_at: 2026-04-08T12:53:58.918176
  source_csv_name: batch_input_12.csv
  task_mode: meta_only
  input_bvid_count: 100
  processed_count: 100
  success_count: 100
  failed_count: 0
  remaining_count: 0
  consecutive_failure_limit: 10
  stopped_due_to_consecutive_failures: False
  stop_reason: 当前 batch_crawl 已完成，所有视频均已成功抓取。
  log_file: logs/batch_crawl_part_12_20260408_125358.log
  remaining_file: 

part_13:
  started_at: 2026-04-08T12:53:59.022709
  finished_at: 2026-04-08T12:59:59.893144
  source_csv_name: batch_input_13.csv
  task_mode: meta_only
  input_bvid_count: 100
  processed_count: 100
  success_count: 98
  failed_count: 2
  remaining_count: 2
  consecutive_failure_limit: 10
  stopped_due_to_consecutive_failures: False
  stop_reason: 当前子任务已结束，但仍有未成功抓取的视频，已导出 remaining CSV 供继续执行。
  log_file: logs/batch_crawl_part_13_20260408_125959.log
  remaining_file: remaining_bvids_part_13.csv

part_14:
  started_at: 2026-04-08T13:00:00.001918
  finished_at: 2026-04-08T13:05:38.053962
  source_csv_name: batch_input_14.csv
  task_mode: meta_only
  input_bvid_count: 100
  processed_count: 100
  success_count: 100
  failed_count: 0
  remaining_count: 0
  consecutive_failure_limit: 10
  stopped_due_to_consecutive_failures: False
  stop_reason: 当前 batch_crawl 已完成，所有视频均已成功抓取。
  log_file: logs/batch_crawl_part_14_20260408_130538.log
  remaining_file: 

part_15:
  started_at: 2026-04-08T13:05:38.253837
  finished_at: 2026-04-08T13:10:52.525589
  source_csv_name: batch_input_15.csv
  task_mode: meta_only
  input_bvid_count: 100
  processed_count: 100
  success_count: 96
  failed_count: 4
  remaining_count: 4
  consecutive_failure_limit: 10
  stopped_due_to_consecutive_failures: False
  stop_reason: 当前子任务已结束，但仍有未成功抓取的视频，已导出 remaining CSV 供继续执行。
  log_file: logs/batch_crawl_part_15_20260408_131052.log
  remaining_file: remaining_bvids_part_15.csv

part_16:
  started_at: 2026-04-08T13:10:52.745963
  finished_at: 2026-04-08T13:16:45.299258
  source_csv_name: batch_input_16.csv
  task_mode: meta_only
  input_bvid_count: 100
  processed_count: 100
  success_count: 98
  failed_count: 2
  remaining_count: 2
  consecutive_failure_limit: 10
  stopped_due_to_consecutive_failures: False
  stop_reason: 当前子任务已结束，但仍有未成功抓取的视频，已导出 remaining CSV 供继续执行。
  log_file: logs/batch_crawl_part_16_20260408_131645.log
  remaining_file: remaining_bvids_part_16.csv

part_17:
  started_at: 2026-04-08T13:16:45.415862
  finished_at: 2026-04-08T13:22:44.228654
  source_csv_name: batch_input_17.csv
  task_mode: meta_only
  input_bvid_count: 100
  processed_count: 100
  success_count: 97
  failed_count: 3
  remaining_count: 3
  consecutive_failure_limit: 10
  stopped_due_to_consecutive_failures: False
  stop_reason: 当前子任务已结束，但仍有未成功抓取的视频，已导出 remaining CSV 供继续执行。
  log_file: logs/batch_crawl_part_17_20260408_132244.log
  remaining_file: remaining_bvids_part_17.csv

part_18:
  started_at: 2026-04-08T13:22:44.416754
  finished_at: 2026-04-08T13:28:35.777868
  source_csv_name: batch_input_18.csv
  task_mode: meta_only
  input_bvid_count: 100
  processed_count: 100
  success_count: 95
  failed_count: 5
  remaining_count: 5
  consecutive_failure_limit: 10
  stopped_due_to_consecutive_failures: False
  stop_reason: 当前子任务已结束，但仍有未成功抓取的视频，已导出 remaining CSV 供继续执行。
  log_file: logs/batch_crawl_part_18_20260408_132835.log
  remaining_file: remaining_bvids_part_18.csv

part_19:
  started_at: 2026-04-08T13:28:36.012400
  finished_at: 2026-04-08T13:44:28.034493
  source_csv_name: batch_input_19.csv
  task_mode: meta_only
  input_bvid_count: 100
  processed_count: 100
  success_count: 95
  failed_count: 5
  remaining_count: 5
  consecutive_failure_limit: 10
  stopped_due_to_consecutive_failures: False
  stop_reason: 当前子任务已结束，但仍有未成功抓取的视频，已导出 remaining CSV 供继续执行。
  log_file: logs/batch_crawl_part_19_20260408_134428.log
  remaining_file: remaining_bvids_part_19.csv

part_20:
  started_at: 2026-04-08T13:44:28.235356
  finished_at: 2026-04-08T13:52:13.349144
  source_csv_name: batch_input_20.csv
  task_mode: meta_only
  input_bvid_count: 100
  processed_count: 100
  success_count: 99
  failed_count: 1
  remaining_count: 1
  consecutive_failure_limit: 10
  stopped_due_to_consecutive_failures: False
  stop_reason: 当前子任务已结束，但仍有未成功抓取的视频，已导出 remaining CSV 供继续执行。
  log_file: logs/batch_crawl_part_20_20260408_135213.log
  remaining_file: remaining_bvids_part_20.csv

part_21:
  started_at: 2026-04-08T13:52:13.467955
  finished_at: 2026-04-08T13:58:03.299338
  source_csv_name: batch_input_21.csv
  task_mode: meta_only
  input_bvid_count: 100
  processed_count: 100
  success_count: 98
  failed_count: 2
  remaining_count: 2
  consecutive_failure_limit: 10
  stopped_due_to_consecutive_failures: False
  stop_reason: 当前子任务已结束，但仍有未成功抓取的视频，已导出 remaining CSV 供继续执行。
  log_file: logs/batch_crawl_part_21_20260408_135803.log
  remaining_file: remaining_bvids_part_21.csv

part_22:
  started_at: 2026-04-08T13:58:03.415751
  finished_at: 2026-04-08T14:06:47.293110
  source_csv_name: batch_input_22.csv
  task_mode: meta_only
  input_bvid_count: 100
  processed_count: 100
  success_count: 94
  failed_count: 6
  remaining_count: 6
  consecutive_failure_limit: 10
  stopped_due_to_consecutive_failures: False
  stop_reason: 当前子任务已结束，但仍有未成功抓取的视频，已导出 remaining CSV 供继续执行。
  log_file: logs/batch_crawl_part_22_20260408_140647.log
  remaining_file: remaining_bvids_part_22.csv

part_23:
  started_at: 2026-04-08T14:06:47.489868
  finished_at: 2026-04-08T14:22:11.670847
  source_csv_name: batch_input_23.csv
  task_mode: meta_only
  input_bvid_count: 100
  processed_count: 100
  success_count: 97
  failed_count: 3
  remaining_count: 3
  consecutive_failure_limit: 10
  stopped_due_to_consecutive_failures: False
  stop_reason: 当前子任务已结束，但仍有未成功抓取的视频，已导出 remaining CSV 供继续执行。
  log_file: logs/batch_crawl_part_23_20260408_142211.log
  remaining_file: remaining_bvids_part_23.csv

part_24:
  started_at: 2026-04-08T14:22:11.874939
  finished_at: 2026-04-08T14:27:44.852810
  source_csv_name: batch_input_24.csv
  task_mode: meta_only
  input_bvid_count: 100
  processed_count: 100
  success_count: 95
  failed_count: 5
  remaining_count: 5
  consecutive_failure_limit: 10
  stopped_due_to_consecutive_failures: False
  stop_reason: 当前子任务已结束，但仍有未成功抓取的视频，已导出 remaining CSV 供继续执行。
  log_file: logs/batch_crawl_part_24_20260408_142744.log
  remaining_file: remaining_bvids_part_24.csv

part_25:
  started_at: 2026-04-08T14:27:44.969410
  finished_at: 2026-04-08T14:33:01.571722
  source_csv_name: batch_input_25.csv
  task_mode: meta_only
  input_bvid_count: 100
  processed_count: 100
  success_count: 96
  failed_count: 4
  remaining_count: 4
  consecutive_failure_limit: 10
  stopped_due_to_consecutive_failures: False
  stop_reason: 当前子任务已结束，但仍有未成功抓取的视频，已导出 remaining CSV 供继续执行。
  log_file: logs/batch_crawl_part_25_20260408_143301.log
  remaining_file: remaining_bvids_part_25.csv

part_26:
  started_at: 2026-04-08T14:33:01.686106
  finished_at: 2026-04-08T14:38:47.531311
  source_csv_name: batch_input_26.csv
  task_mode: meta_only
  input_bvid_count: 100
  processed_count: 100
  success_count: 99
  failed_count: 1
  remaining_count: 1
  consecutive_failure_limit: 10
  stopped_due_to_consecutive_failures: False
  stop_reason: 当前子任务已结束，但仍有未成功抓取的视频，已导出 remaining CSV 供继续执行。
  log_file: logs/batch_crawl_part_26_20260408_143847.log
  remaining_file: remaining_bvids_part_26.csv

part_27:
  started_at: 2026-04-08T14:38:47.846530
  finished_at: 2026-04-08T14:45:10.834017
  source_csv_name: batch_input_27.csv
  task_mode: meta_only
  input_bvid_count: 100
  processed_count: 100
  success_count: 98
  failed_count: 2
  remaining_count: 2
  consecutive_failure_limit: 10
  stopped_due_to_consecutive_failures: False
  stop_reason: 当前子任务已结束，但仍有未成功抓取的视频，已导出 remaining CSV 供继续执行。
  log_file: logs/batch_crawl_part_27_20260408_144510.log
  remaining_file: remaining_bvids_part_27.csv

part_28:
  started_at: 2026-04-08T14:45:11.398149
  finished_at: 2026-04-08T14:50:36.781816
  source_csv_name: batch_input_28.csv
  task_mode: meta_only
  input_bvid_count: 100
  processed_count: 100
  success_count: 99
  failed_count: 1
  remaining_count: 1
  consecutive_failure_limit: 10
  stopped_due_to_consecutive_failures: False
  stop_reason: 当前子任务已结束，但仍有未成功抓取的视频，已导出 remaining CSV 供继续执行。
  log_file: logs/batch_crawl_part_28_20260408_145036.log
  remaining_file: remaining_bvids_part_28.csv

part_29:
  started_at: 2026-04-08T14:50:36.886430
  finished_at: 2026-04-08T14:55:53.737896
  source_csv_name: batch_input_29.csv
  task_mode: meta_only
  input_bvid_count: 100
  processed_count: 100
  success_count: 98
  failed_count: 2
  remaining_count: 2
  consecutive_failure_limit: 10
  stopped_due_to_consecutive_failures: False
  stop_reason: 当前子任务已结束，但仍有未成功抓取的视频，已导出 remaining CSV 供继续执行。
  log_file: logs/batch_crawl_part_29_20260408_145553.log
  remaining_file: remaining_bvids_part_29.csv

part_30:
  started_at: 2026-04-08T14:55:53.864408
  finished_at: 2026-04-08T15:01:33.663310
  source_csv_name: batch_input_30.csv
  task_mode: meta_only
  input_bvid_count: 100
  processed_count: 100
  success_count: 99
  failed_count: 1
  remaining_count: 1
  consecutive_failure_limit: 10
  stopped_due_to_consecutive_failures: False
  stop_reason: 当前子任务已结束，但仍有未成功抓取的视频，已导出 remaining CSV 供继续执行。
  log_file: logs/batch_crawl_part_30_20260408_150133.log
  remaining_file: remaining_bvids_part_30.csv

part_31:
  started_at: 2026-04-08T15:01:33.793428
  finished_at: 2026-04-08T15:17:13.195096
  source_csv_name: batch_input_31.csv
  task_mode: meta_only
  input_bvid_count: 100
  processed_count: 100
  success_count: 97
  failed_count: 3
  remaining_count: 3
  consecutive_failure_limit: 10
  stopped_due_to_consecutive_failures: False
  stop_reason: 当前子任务已结束，但仍有未成功抓取的视频，已导出 remaining CSV 供继续执行。
  log_file: logs/batch_crawl_part_31_20260408_151713.log
  remaining_file: remaining_bvids_part_31.csv

part_32:
  started_at: 2026-04-08T15:17:13.379148
  finished_at: 2026-04-08T15:22:41.496590
  source_csv_name: batch_input_32.csv
  task_mode: meta_only
  input_bvid_count: 100
  processed_count: 100
  success_count: 97
  failed_count: 3
  remaining_count: 3
  consecutive_failure_limit: 10
  stopped_due_to_consecutive_failures: False
  stop_reason: 当前子任务已结束，但仍有未成功抓取的视频，已导出 remaining CSV 供继续执行。
  log_file: logs/batch_crawl_part_32_20260408_152241.log
  remaining_file: remaining_bvids_part_32.csv

part_33:
  started_at: 2026-04-08T15:22:41.596016
  finished_at: 2026-04-08T15:38:19.841690
  source_csv_name: batch_input_33.csv
  task_mode: meta_only
  input_bvid_count: 100
  processed_count: 100
  success_count: 96
  failed_count: 4
  remaining_count: 4
  consecutive_failure_limit: 10
  stopped_due_to_consecutive_failures: False
  stop_reason: 当前子任务已结束，但仍有未成功抓取的视频，已导出 remaining CSV 供继续执行。
  log_file: logs/batch_crawl_part_33_20260408_153819.log
  remaining_file: remaining_bvids_part_33.csv

part_34:
  started_at: 2026-04-08T15:38:20.077631
  finished_at: 2026-04-08T15:44:21.241504
  source_csv_name: batch_input_34.csv
  task_mode: meta_only
  input_bvid_count: 100
  processed_count: 100
  success_count: 96
  failed_count: 4
  remaining_count: 4
  consecutive_failure_limit: 10
  stopped_due_to_consecutive_failures: False
  stop_reason: 当前子任务已结束，但仍有未成功抓取的视频，已导出 remaining CSV 供继续执行。
  log_file: logs/batch_crawl_part_34_20260408_154421.log
  remaining_file: remaining_bvids_part_34.csv

part_35:
  started_at: 2026-04-08T15:44:21.362441
  finished_at: 2026-04-08T15:49:47.518362
  source_csv_name: batch_input_35.csv
  task_mode: meta_only
  input_bvid_count: 100
  processed_count: 100
  success_count: 98
  failed_count: 2
  remaining_count: 2
  consecutive_failure_limit: 10
  stopped_due_to_consecutive_failures: False
  stop_reason: 当前子任务已结束，但仍有未成功抓取的视频，已导出 remaining CSV 供继续执行。
  log_file: logs/batch_crawl_part_35_20260408_154947.log
  remaining_file: remaining_bvids_part_35.csv

part_36:
  started_at: 2026-04-08T15:49:47.693697
  finished_at: 2026-04-08T15:55:16.764249
  source_csv_name: batch_input_36.csv
  task_mode: meta_only
  input_bvid_count: 100
  processed_count: 100
  success_count: 100
  failed_count: 0
  remaining_count: 0
  consecutive_failure_limit: 10
  stopped_due_to_consecutive_failures: False
  stop_reason: 当前 batch_crawl 已完成，所有视频均已成功抓取。
  log_file: logs/batch_crawl_part_36_20260408_155516.log
  remaining_file:
[TIMESTAMP][END] 2026-04-08T15:55:16
