[TIMESTAMP][BEGIN] 2026-04-09T20:35:27
[2026-04-09 20:35:30] 开始执行 CSV 批量抓取子任务 part_1。
[2026-04-09 20:35:30] 子任务开始时间：2026-04-09T20:35:27.771927
[2026-04-09 20:35:30] 输入文件：batch_input_1.csv
[2026-04-09 20:35:30] 输入唯一 bvid 数量：100
[2026-04-09 20:35:30] 为严格按 CSV 顺序判断连续失败阈值，本次任务自动将并发度从 4 调整为 1。
[2026-04-09 20:35:37] [SUCCESS] bvid=BV111XLBHE2R 已成功抓取全部所需数据。
[2026-04-09 20:35:46] [SUCCESS] bvid=BV111XLBHEEr 已成功抓取全部所需数据。
[2026-04-09 20:35:53] [SUCCESS] bvid=BV113DjB2ELD 已成功抓取全部所需数据。
[2026-04-09 20:36:04] [SUCCESS] bvid=BV113DjB2Eak 已成功抓取全部所需数据。
[2026-04-09 20:36:14] [SUCCESS] bvid=BV113DjB2Ezt 已成功抓取全部所需数据。
[2026-04-09 20:36:20] [SUCCESS] bvid=BV114XUBCEbs 已成功抓取全部所需数据。
[2026-04-09 20:36:23] [ERROR] bvid=BV11DXbBxENF 抓取失败：media: 接口返回错误代码：62002，信息：稿件不可见。
{'code': 62002, 'message': '稿件不可见', 'ttl': 1}
[2026-04-09 20:36:29] [SUCCESS] bvid=BV11MDjBUEo9 已成功抓取全部所需数据。
[2026-04-09 20:36:32] [ERROR] bvid=BV11PXPBDEgb 抓取失败：media: 接口返回错误代码：62002，信息：稿件不可见。
{'code': 62002, 'message': '稿件不可见', 'ttl': 1}
[2026-04-09 20:36:39] [SUCCESS] bvid=BV11RQmBrED8 已成功抓取全部所需数据。
[2026-04-09 20:36:47] [SUCCESS] bvid=BV11RQmBrEWU 已成功抓取全部所需数据。
[2026-04-09 20:36:55] [SUCCESS] bvid=BV11RQmBrEoN 已成功抓取全部所需数据。
[2026-04-09 20:37:03] [SUCCESS] bvid=BV11RQmBrEpi 已成功抓取全部所需数据。
[2026-04-09 20:37:09] [SUCCESS] bvid=BV11RQmBrErD 已成功抓取全部所需数据。
[2026-04-09 20:37:19] [SUCCESS] bvid=BV11RQmBrEuV 已成功抓取全部所需数据。
[2026-04-09 20:37:30] [SUCCESS] bvid=BV11VDjBLEGi 已成功抓取全部所需数据。
[2026-04-09 20:37:36] [SUCCESS] bvid=BV11VDjBLEto 已成功抓取全部所需数据。
[2026-04-09 20:37:39] [ERROR] bvid=BV11YXTBtEa1 抓取失败：media: 接口返回错误代码：62002，信息：稿件不可见。
{'code': 62002, 'message': '稿件不可见', 'ttl': 1}
[2026-04-09 20:37:48] [SUCCESS] bvid=BV11ZDrBHEd1 已成功抓取全部所需数据。
[2026-04-09 20:37:51] [ERROR] bvid=BV11bXNBpEhM 抓取失败：media: 接口返回错误代码：62002，信息：稿件不可见。
{'code': 62002, 'message': '稿件不可见', 'ttl': 1}
[2026-04-09 20:37:59] [SUCCESS] bvid=BV11dDrBXEqQ 已成功抓取全部所需数据。
[2026-04-09 20:38:05] [SUCCESS] bvid=BV11fDrBDEWa 已成功抓取全部所需数据。
[2026-04-09 20:38:11] [SUCCESS] bvid=BV11gDjB7Emd 已成功抓取全部所需数据。
[2026-04-09 20:38:18] [SUCCESS] bvid=BV11oQmBgEue 已成功抓取全部所需数据。
[2026-04-09 20:38:26] [SUCCESS] bvid=BV11oQmBgEux 已成功抓取全部所需数据。
[2026-04-09 20:38:29] [ERROR] bvid=BV11pSDBVEUA 抓取失败：media: 接口返回错误代码：-404，信息：啥都木有。
{'code': -404, 'message': '啥都木有', 'ttl': 1}
[2026-04-09 20:38:42] [SUCCESS] bvid=BV11qA8znEPg 已成功抓取全部所需数据。
[2026-04-09 20:38:49] [SUCCESS] bvid=BV11uDqBzE1G 已成功抓取全部所需数据。
[2026-04-09 20:38:56] [SUCCESS] bvid=BV11yDYBFEwG 已成功抓取全部所需数据。
[2026-04-09 20:39:00] [ERROR] bvid=BV11zXpBzE9L 抓取失败：media: No downloadable media stream found for this bvid.
[2026-04-09 20:39:03] [ERROR] bvid=BV121XKBhEfd 抓取失败：media: No downloadable media stream found for this bvid.
[2026-04-09 20:39:06] [ERROR] bvid=BV1239NBZEN3 抓取失败：media: 接口返回错误代码：62002，信息：稿件不可见。
{'code': 62002, 'message': '稿件不可见', 'ttl': 1}
[2026-04-09 20:39:14] [SUCCESS] bvid=BV129DzBjENN 已成功抓取全部所需数据。
[2026-04-09 20:39:22] [SUCCESS] bvid=BV129DzBjEsx 已成功抓取全部所需数据。
[2026-04-09 20:39:31] [SUCCESS] bvid=BV12BDYBAEmG 已成功抓取全部所需数据。
[2026-04-09 20:39:40] [SUCCESS] bvid=BV12PXfBgEdC 已成功抓取全部所需数据。
[2026-04-09 20:39:46] [SUCCESS] bvid=BV12QDzBmEBx 已成功抓取全部所需数据。
[2026-04-09 20:39:56] [SUCCESS] bvid=BV12RDrBWEHD 已成功抓取全部所需数据。
[2026-04-09 20:39:59] [ERROR] bvid=BV12SX6BdEWB 抓取失败：media: 接口返回错误代码：62002，信息：稿件不可见。
{'code': 62002, 'message': '稿件不可见', 'ttl': 1}
[2026-04-09 20:40:05] [SUCCESS] bvid=BV12UDzBSESs 已成功抓取全部所需数据。
[2026-04-09 20:40:08] [ERROR] bvid=BV12WXjBxEm9 抓取失败：media: 接口返回错误代码：62002，信息：稿件不可见。
{'code': 62002, 'message': '稿件不可见', 'ttl': 1}
[2026-04-09 20:40:19] [SUCCESS] bvid=BV12aSoBhEjh 已成功抓取全部所需数据。
[2026-04-09 20:40:22] [ERROR] bvid=BV12dDuBYE9w 抓取失败：media: 接口返回错误代码：62002，信息：稿件不可见。
{'code': 62002, 'message': '稿件不可见', 'ttl': 1}
[2026-04-09 20:40:25] [ERROR] bvid=BV12e9LBXELR 抓取失败：media: 接口返回错误代码：-404，信息：啥都木有。
{'code': -404, 'message': '啥都木有', 'ttl': 1}
[2026-04-09 20:40:34] [SUCCESS] bvid=BV12g9NBbESK 已成功抓取全部所需数据。
[2026-04-09 20:40:43] [SUCCESS] bvid=BV12kDvBMEAN 已成功抓取全部所需数据。
[2026-04-09 20:40:46] [ERROR] bvid=BV12xXzBpExQ 抓取失败：media: 接口返回错误代码：-404，信息：啥都木有。
{'code': -404, 'message': '啥都木有', 'ttl': 1}
[2026-04-09 20:40:49] [ERROR] bvid=BV12yDAB2EVb 抓取失败：media: 接口返回错误代码：62002，信息：稿件不可见。
{'code': 62002, 'message': '稿件不可见', 'ttl': 1}
[2026-04-09 20:40:57] [SUCCESS] bvid=BV12zDYBaEEL 已成功抓取全部所需数据。
[2026-04-09 20:41:03] [SUCCESS] bvid=BV12zSfBeEgj 已成功抓取全部所需数据。
[2026-04-09 20:41:07] [ERROR] bvid=BV133XZB1EHu 抓取失败：media: No downloadable media stream found for this bvid.
[2026-04-09 20:41:10] [ERROR] bvid=BV133XZB1EvW 抓取失败：media: No downloadable media stream found for this bvid.
[2026-04-09 20:41:18] [SUCCESS] bvid=BV135DiB7EsW 已成功抓取全部所需数据。
[2026-04-09 20:41:21] [ERROR] bvid=BV135XjBYEUe 抓取失败：media: 接口返回错误代码：62002，信息：稿件不可见。
{'code': 62002, 'message': '稿件不可见', 'ttl': 1}
[2026-04-09 20:41:30] [SUCCESS] bvid=BV13ADzBHEgm 已成功抓取全部所需数据。
[2026-04-09 20:41:33] [ERROR] bvid=BV13DXGBHEy6 抓取失败：media: 接口返回错误代码：62002，信息：稿件不可见。
{'code': 62002, 'message': '稿件不可见', 'ttl': 1}
[2026-04-09 20:41:41] [SUCCESS] bvid=BV13PDrBbEQr 已成功抓取全部所需数据。
[2026-04-09 20:41:51] [SUCCESS] bvid=BV13QDeBVE16 已成功抓取全部所需数据。
[2026-04-09 20:41:57] [SUCCESS] bvid=BV13QDeBVEU3 已成功抓取全部所需数据。
[2026-04-09 20:42:02] [SUCCESS] bvid=BV13QDeBVEq5 已成功抓取全部所需数据。
[2026-04-09 20:42:05] [ERROR] bvid=BV13QX5BbEEM 抓取失败：media: 接口返回错误代码：62002，信息：稿件不可见。
{'code': 62002, 'message': '稿件不可见', 'ttl': 1}
[2026-04-09 20:42:08] [ERROR] bvid=BV13RX5B4E1W 抓取失败：media: 接口返回错误代码：62002，信息：稿件不可见。
{'code': 62002, 'message': '稿件不可见', 'ttl': 1}
[2026-04-09 20:42:11] [ERROR] bvid=BV13RXjBNECj 抓取失败：media: No downloadable media stream found for this bvid.
[2026-04-09 20:42:18] [SUCCESS] bvid=BV13XDeBkEKG 已成功抓取全部所需数据。
[2026-04-09 20:42:25] [SUCCESS] bvid=BV13XDeBkEUG 已成功抓取全部所需数据。
[2026-04-09 20:42:29] [ERROR] bvid=BV13YSSBmEHr 抓取失败：media: No downloadable media stream found for this bvid.
[2026-04-09 20:42:33] [SUCCESS] bvid=BV13aXPBaE2C 已成功抓取全部所需数据。
[2026-04-09 20:42:40] [SUCCESS] bvid=BV13cDzBXE71 已成功抓取全部所需数据。
[2026-04-09 20:42:47] [SUCCESS] bvid=BV13kDjB4ESC 已成功抓取全部所需数据。
[2026-04-09 20:42:50] [ERROR] bvid=BV13mXGBWEX8 抓取失败：media: 接口返回错误代码：62002，信息：稿件不可见。
{'code': 62002, 'message': '稿件不可见', 'ttl': 1}
[2026-04-09 20:42:53] [ERROR] bvid=BV13tX1BjEtc 抓取失败：media: 接口返回错误代码：62002，信息：稿件不可见。
{'code': 62002, 'message': '稿件不可见', 'ttl': 1}
[2026-04-09 20:42:56] [ERROR] bvid=BV13zXMBVEor 抓取失败：media: 接口返回错误代码：62002，信息：稿件不可见。
{'code': 62002, 'message': '稿件不可见', 'ttl': 1}
[2026-04-09 20:42:58] [ERROR] bvid=BV141XbBfEb7 抓取失败：media: 接口返回错误代码：62002，信息：稿件不可见。
{'code': 62002, 'message': '稿件不可见', 'ttl': 1}
[2026-04-09 20:43:01] [ERROR] bvid=BV141XbBfEmf 抓取失败：media: 接口返回错误代码：62002，信息：稿件不可见。
{'code': 62002, 'message': '稿件不可见', 'ttl': 1}
[2026-04-09 20:53:05] [SUCCESS] bvid=BV143DrB9Eqi 已成功抓取全部所需数据。
[2026-04-09 20:53:15] [SUCCESS] bvid=BV145DrBQEkr 已成功抓取全部所需数据。
[2026-04-09 20:53:22] [SUCCESS] bvid=BV147DeBiEo5 已成功抓取全部所需数据。
[2026-04-09 20:53:25] [ERROR] bvid=BV1499NBFEV8 抓取失败：media: 接口返回错误代码：-404，信息：啥都木有。
{'code': -404, 'message': '啥都木有', 'ttl': 1}
[2026-04-09 20:53:28] [ERROR] bvid=BV14HX2BuEu8 抓取失败：media: 接口返回错误代码：62002，信息：稿件不可见。
{'code': 62002, 'message': '稿件不可见', 'ttl': 1}
[2026-04-09 20:53:30] [ERROR] bvid=BV14HXjBoEoX 抓取失败：media: 接口返回错误代码：-404，信息：啥都木有。
{'code': -404, 'message': '啥都木有', 'ttl': 1}
[2026-04-09 20:53:38] [SUCCESS] bvid=BV14JDeBNEDf 已成功抓取全部所需数据。
[2026-04-09 20:53:46] [SUCCESS] bvid=BV14JDeBNEzc 已成功抓取全部所需数据。
[2026-04-09 20:53:48] [ERROR] bvid=BV14TXKB4E4P 抓取失败：media: 接口返回错误代码：-404，信息：啥都木有。
{'code': -404, 'message': '啥都木有', 'ttl': 1}
[2026-04-09 20:53:51] [ERROR] bvid=BV14TXKB4ETL 抓取失败：media: 接口返回错误代码：62002，信息：稿件不可见。
{'code': 62002, 'message': '稿件不可见', 'ttl': 1}
[2026-04-09 20:53:54] [ERROR] bvid=BV14UXKBbEn3 抓取失败：media: 接口返回错误代码：62012，信息：62012。
{'code': 62012, 'message': '62012', 'ttl': 1}
[2026-04-09 20:54:03] [SUCCESS] bvid=BV14VDrBpEXZ 已成功抓取全部所需数据。
[2026-04-09 20:54:06] [ERROR] bvid=BV14X9jB8EnW 抓取失败：media: No downloadable media stream found for this bvid.
[2026-04-09 20:54:12] [SUCCESS] bvid=BV14YDhBfEmQ 已成功抓取全部所需数据。
[2026-04-09 20:54:15] [ERROR] bvid=BV14iXaBYEpK 抓取失败：media: No downloadable media stream found for this bvid.
[2026-04-09 20:54:26] [SUCCESS] bvid=BV14kDvBuE2e 已成功抓取全部所需数据。
[2026-04-09 20:54:33] [SUCCESS] bvid=BV14nDeBeEnZ 已成功抓取全部所需数据。
[2026-04-09 20:54:45] [SUCCESS] bvid=BV14oDaBwEqj 已成功抓取全部所需数据。
[2026-04-09 20:54:51] [SUCCESS] bvid=BV14pDeBAEKK 已成功抓取全部所需数据。
[2026-04-09 20:54:54] [ERROR] bvid=BV14pXUBjEWW 抓取失败：media: 接口返回错误代码：62002，信息：稿件不可见。
{'code': 62002, 'message': '稿件不可见', 'ttl': 1}
[2026-04-09 20:54:59] [SUCCESS] bvid=BV14zXsB7EH8 已成功抓取全部所需数据。
[2026-04-09 20:55:05] [SUCCESS] bvid=BV151DeB7ETH 已成功抓取全部所需数据。
[2026-04-09 20:55:14] [SUCCESS] bvid=BV151DeB7EX1 已成功抓取全部所需数据。
[2026-04-09 20:55:20] [SUCCESS] bvid=BV151DeB7Eqs 已成功抓取全部所需数据。
[2026-04-09 20:55:26] [SUCCESS] bvid=BV151DeBEEA1 已成功抓取全部所需数据。
[2026-04-09 20:55:36] [SUCCESS] bvid=BV152DeB2EGK 已成功抓取全部所需数据。
[2026-04-09 20:55:36] [WARN] 当前子任务已结束，但仍有未成功抓取的视频，已导出 remaining CSV 供继续执行。
[2026-04-09 20:55:36] [INFO] 已导出剔除成功条目后的剩余 CSV：outputs\video_data\manual_crawls\manual_crawl_media_mode_A_20260409_203527\remaining_bvids_part_1.csv
[2026-04-09 20:55:36] 子任务结束时间：2026-04-09T20:55:36.028956
[TIMESTAMP][END] 2026-04-09T20:55:36
