[TIMESTAMP][BEGIN] 2026-04-13T21:15:46.077972
Bilibili Video Data Crawler Batch Crawl Summary
session_dir: D:\Schoolworks\Thesis\Bilibili-Datahub\outputs\video_data\manual_crawls\manual_crawl_stat_comment_20260413_211529
session_started_at: 2026-04-13T21:15:46.077972
session_completed_at: 2026-04-14T02:12:15.601487
original_csv_name: batch_input_1.csv
task_mode: realtime_only
original_bvid_count: 100
part_count: 11
interruption_count: 0
completed_all: True

part_1:
  started_at: 2026-04-13T21:15:46.077972
  finished_at: 2026-04-13T21:24:44.272210
  source_csv_name: batch_input_1.csv
  task_mode: realtime_only
  input_bvid_count: 100
  processed_count: 100
  success_count: 99
  failed_count: 1
  remaining_count: 1
  consecutive_failure_limit: 10
  stopped_due_to_consecutive_failures: False
  stop_reason: 当前子任务已结束，但仍有未成功抓取的视频，已导出 remaining CSV 供继续执行。
  log_file: logs/batch_crawl_part_1_20260413_212444.log
  remaining_file: remaining_bvids_part_1.csv

part_2:
  started_at: 2026-04-13T21:24:44.639721
  finished_at: 2026-04-13T21:35:31.518764
  source_csv_name: batch_input_2.csv
  task_mode: realtime_only
  input_bvid_count: 100
  processed_count: 100
  success_count: 100
  failed_count: 0
  remaining_count: 0
  consecutive_failure_limit: 10
  stopped_due_to_consecutive_failures: False
  stop_reason: 当前 batch_crawl 已完成，所有视频均已成功抓取。
  log_file: logs/batch_crawl_part_2_20260413_213531.log
  remaining_file: 

part_3:
  started_at: 2026-04-13T21:35:31.783832
  finished_at: 2026-04-14T00:21:51.815418
  source_csv_name: batch_input_3.csv
  task_mode: realtime_only
  input_bvid_count: 100
  processed_count: 100
  success_count: 100
  failed_count: 0
  remaining_count: 0
  consecutive_failure_limit: 10
  stopped_due_to_consecutive_failures: False
  stop_reason: 当前 batch_crawl 已完成，所有视频均已成功抓取。
  log_file: logs/batch_crawl_part_3_20260414_002151.log
  remaining_file: 

part_4:
  started_at: 2026-04-14T00:21:52.158971
  finished_at: 2026-04-14T00:36:51.545147
  source_csv_name: batch_input_4.csv
  task_mode: realtime_only
  input_bvid_count: 100
  processed_count: 100
  success_count: 99
  failed_count: 1
  remaining_count: 1
  consecutive_failure_limit: 10
  stopped_due_to_consecutive_failures: False
  stop_reason: 当前子任务已结束，但仍有未成功抓取的视频，已导出 remaining CSV 供继续执行。
  log_file: logs/batch_crawl_part_4_20260414_003651.log
  remaining_file: remaining_bvids_part_4.csv

part_5:
  started_at: 2026-04-14T00:36:51.743949
  finished_at: 2026-04-14T00:49:20.331402
  source_csv_name: batch_input_5.csv
  task_mode: realtime_only
  input_bvid_count: 100
  processed_count: 100
  success_count: 100
  failed_count: 0
  remaining_count: 0
  consecutive_failure_limit: 10
  stopped_due_to_consecutive_failures: False
  stop_reason: 当前 batch_crawl 已完成，所有视频均已成功抓取。
  log_file: logs/batch_crawl_part_5_20260414_004920.log
  remaining_file: 

part_6:
  started_at: 2026-04-14T00:49:20.566979
  finished_at: 2026-04-14T01:01:54.944279
  source_csv_name: batch_input_6.csv
  task_mode: realtime_only
  input_bvid_count: 100
  processed_count: 100
  success_count: 100
  failed_count: 0
  remaining_count: 0
  consecutive_failure_limit: 10
  stopped_due_to_consecutive_failures: False
  stop_reason: 当前 batch_crawl 已完成，所有视频均已成功抓取。
  log_file: logs/batch_crawl_part_6_20260414_010154.log
  remaining_file: 

part_7:
  started_at: 2026-04-14T01:01:55.132561
  finished_at: 2026-04-14T01:11:44.207555
  source_csv_name: batch_input_7.csv
  task_mode: realtime_only
  input_bvid_count: 100
  processed_count: 100
  success_count: 99
  failed_count: 1
  remaining_count: 1
  consecutive_failure_limit: 10
  stopped_due_to_consecutive_failures: False
  stop_reason: 当前子任务已结束，但仍有未成功抓取的视频，已导出 remaining CSV 供继续执行。
  log_file: logs/batch_crawl_part_7_20260414_011144.log
  remaining_file: remaining_bvids_part_7.csv

part_8:
  started_at: 2026-04-14T01:11:44.310306
  finished_at: 2026-04-14T01:23:53.097149
  source_csv_name: batch_input_8.csv
  task_mode: realtime_only
  input_bvid_count: 100
  processed_count: 100
  success_count: 100
  failed_count: 0
  remaining_count: 0
  consecutive_failure_limit: 10
  stopped_due_to_consecutive_failures: False
  stop_reason: 当前 batch_crawl 已完成，所有视频均已成功抓取。
  log_file: logs/batch_crawl_part_8_20260414_012353.log
  remaining_file: 

part_9:
  started_at: 2026-04-14T01:23:53.307486
  finished_at: 2026-04-14T01:37:25.356770
  source_csv_name: batch_input_9.csv
  task_mode: realtime_only
  input_bvid_count: 100
  processed_count: 100
  success_count: 100
  failed_count: 0
  remaining_count: 0
  consecutive_failure_limit: 10
  stopped_due_to_consecutive_failures: False
  stop_reason: 当前 batch_crawl 已完成，所有视频均已成功抓取。
  log_file: logs/batch_crawl_part_9_20260414_013725.log
  remaining_file: 

part_10:
  started_at: 2026-04-14T01:37:25.503538
  finished_at: 2026-04-14T01:50:31.864840
  source_csv_name: batch_input_10.csv
  task_mode: realtime_only
  input_bvid_count: 100
  processed_count: 100
  success_count: 100
  failed_count: 0
  remaining_count: 0
  consecutive_failure_limit: 10
  stopped_due_to_consecutive_failures: False
  stop_reason: 当前 batch_crawl 已完成，所有视频均已成功抓取。
  log_file: logs/batch_crawl_part_10_20260414_015031.log
  remaining_file: 

part_11:
  started_at: 2026-04-14T01:50:32.048602
  finished_at: 2026-04-14T02:12:15.601487
  source_csv_name: batch_input_11.csv
  task_mode: realtime_only
  input_bvid_count: 100
  processed_count: 100
  success_count: 100
  failed_count: 0
  remaining_count: 0
  consecutive_failure_limit: 10
  stopped_due_to_consecutive_failures: False
  stop_reason: 当前 batch_crawl 已完成，所有视频均已成功抓取。
  log_file: logs/batch_crawl_part_11_20260414_021215.log
  remaining_file:
[TIMESTAMP][END] 2026-04-14T02:12:15
