[TIMESTAMP][BEGIN] 2026-04-13T21:15:46.077972
Bilibili Video Data Crawler Batch Crawl Summary
session_dir: D:\Schoolworks\Thesis\Bilibili-Datahub\outputs\video_data\manual_crawls\manual_crawl_stat_comment_20260413_211529
session_started_at: 2026-04-13T21:15:46.077972
session_completed_at: 2026-04-14T06:21:08.369111
original_csv_name: batch_input_1.csv
task_mode: realtime_only
original_bvid_count: 100
part_count: 31
interruption_count: 0
completed_all: True

part_1:
  started_at: 2026-04-13T21:15:46.077972
  finished_at: 2026-04-13T21:24:44.272210
  source_csv_name: batch_input_1.csv
  task_mode: realtime_only
  input_bvid_count: 100
  processed_count: 100
  success_count: 99
  failed_count: 1
  remaining_count: 1
  consecutive_failure_limit: 10
  stopped_due_to_consecutive_failures: False
  stop_reason: 当前子任务已结束，但仍有未成功抓取的视频，已导出 remaining CSV 供继续执行。
  log_file: logs/batch_crawl_part_1_20260413_212444.log
  remaining_file: remaining_bvids_part_1.csv

part_2:
  started_at: 2026-04-13T21:24:44.639721
  finished_at: 2026-04-13T21:35:31.518764
  source_csv_name: batch_input_2.csv
  task_mode: realtime_only
  input_bvid_count: 100
  processed_count: 100
  success_count: 100
  failed_count: 0
  remaining_count: 0
  consecutive_failure_limit: 10
  stopped_due_to_consecutive_failures: False
  stop_reason: 当前 batch_crawl 已完成，所有视频均已成功抓取。
  log_file: logs/batch_crawl_part_2_20260413_213531.log
  remaining_file: 

part_3:
  started_at: 2026-04-13T21:35:31.783832
  finished_at: 2026-04-14T00:21:51.815418
  source_csv_name: batch_input_3.csv
  task_mode: realtime_only
  input_bvid_count: 100
  processed_count: 100
  success_count: 100
  failed_count: 0
  remaining_count: 0
  consecutive_failure_limit: 10
  stopped_due_to_consecutive_failures: False
  stop_reason: 当前 batch_crawl 已完成，所有视频均已成功抓取。
  log_file: logs/batch_crawl_part_3_20260414_002151.log
  remaining_file: 

part_4:
  started_at: 2026-04-14T00:21:52.158971
  finished_at: 2026-04-14T00:36:51.545147
  source_csv_name: batch_input_4.csv
  task_mode: realtime_only
  input_bvid_count: 100
  processed_count: 100
  success_count: 99
  failed_count: 1
  remaining_count: 1
  consecutive_failure_limit: 10
  stopped_due_to_consecutive_failures: False
  stop_reason: 当前子任务已结束，但仍有未成功抓取的视频，已导出 remaining CSV 供继续执行。
  log_file: logs/batch_crawl_part_4_20260414_003651.log
  remaining_file: remaining_bvids_part_4.csv

part_5:
  started_at: 2026-04-14T00:36:51.743949
  finished_at: 2026-04-14T00:49:20.331402
  source_csv_name: batch_input_5.csv
  task_mode: realtime_only
  input_bvid_count: 100
  processed_count: 100
  success_count: 100
  failed_count: 0
  remaining_count: 0
  consecutive_failure_limit: 10
  stopped_due_to_consecutive_failures: False
  stop_reason: 当前 batch_crawl 已完成，所有视频均已成功抓取。
  log_file: logs/batch_crawl_part_5_20260414_004920.log
  remaining_file: 

part_6:
  started_at: 2026-04-14T00:49:20.566979
  finished_at: 2026-04-14T01:01:54.944279
  source_csv_name: batch_input_6.csv
  task_mode: realtime_only
  input_bvid_count: 100
  processed_count: 100
  success_count: 100
  failed_count: 0
  remaining_count: 0
  consecutive_failure_limit: 10
  stopped_due_to_consecutive_failures: False
  stop_reason: 当前 batch_crawl 已完成，所有视频均已成功抓取。
  log_file: logs/batch_crawl_part_6_20260414_010154.log
  remaining_file: 

part_7:
  started_at: 2026-04-14T01:01:55.132561
  finished_at: 2026-04-14T01:11:44.207555
  source_csv_name: batch_input_7.csv
  task_mode: realtime_only
  input_bvid_count: 100
  processed_count: 100
  success_count: 99
  failed_count: 1
  remaining_count: 1
  consecutive_failure_limit: 10
  stopped_due_to_consecutive_failures: False
  stop_reason: 当前子任务已结束，但仍有未成功抓取的视频，已导出 remaining CSV 供继续执行。
  log_file: logs/batch_crawl_part_7_20260414_011144.log
  remaining_file: remaining_bvids_part_7.csv

part_8:
  started_at: 2026-04-14T01:11:44.310306
  finished_at: 2026-04-14T01:23:53.097149
  source_csv_name: batch_input_8.csv
  task_mode: realtime_only
  input_bvid_count: 100
  processed_count: 100
  success_count: 100
  failed_count: 0
  remaining_count: 0
  consecutive_failure_limit: 10
  stopped_due_to_consecutive_failures: False
  stop_reason: 当前 batch_crawl 已完成，所有视频均已成功抓取。
  log_file: logs/batch_crawl_part_8_20260414_012353.log
  remaining_file: 

part_9:
  started_at: 2026-04-14T01:23:53.307486
  finished_at: 2026-04-14T01:37:25.356770
  source_csv_name: batch_input_9.csv
  task_mode: realtime_only
  input_bvid_count: 100
  processed_count: 100
  success_count: 100
  failed_count: 0
  remaining_count: 0
  consecutive_failure_limit: 10
  stopped_due_to_consecutive_failures: False
  stop_reason: 当前 batch_crawl 已完成，所有视频均已成功抓取。
  log_file: logs/batch_crawl_part_9_20260414_013725.log
  remaining_file: 

part_10:
  started_at: 2026-04-14T01:37:25.503538
  finished_at: 2026-04-14T01:50:31.864840
  source_csv_name: batch_input_10.csv
  task_mode: realtime_only
  input_bvid_count: 100
  processed_count: 100
  success_count: 100
  failed_count: 0
  remaining_count: 0
  consecutive_failure_limit: 10
  stopped_due_to_consecutive_failures: False
  stop_reason: 当前 batch_crawl 已完成，所有视频均已成功抓取。
  log_file: logs/batch_crawl_part_10_20260414_015031.log
  remaining_file: 

part_11:
  started_at: 2026-04-14T01:50:32.048602
  finished_at: 2026-04-14T02:12:15.601487
  source_csv_name: batch_input_11.csv
  task_mode: realtime_only
  input_bvid_count: 100
  processed_count: 100
  success_count: 100
  failed_count: 0
  remaining_count: 0
  consecutive_failure_limit: 10
  stopped_due_to_consecutive_failures: False
  stop_reason: 当前 batch_crawl 已完成，所有视频均已成功抓取。
  log_file: logs/batch_crawl_part_11_20260414_021215.log
  remaining_file: 

part_12:
  started_at: 2026-04-14T02:12:15.795555
  finished_at: 2026-04-14T02:24:17.904075
  source_csv_name: batch_input_12.csv
  task_mode: realtime_only
  input_bvid_count: 100
  processed_count: 100
  success_count: 99
  failed_count: 1
  remaining_count: 1
  consecutive_failure_limit: 10
  stopped_due_to_consecutive_failures: False
  stop_reason: 当前子任务已结束，但仍有未成功抓取的视频，已导出 remaining CSV 供继续执行。
  log_file: logs/batch_crawl_part_12_20260414_022417.log
  remaining_file: remaining_bvids_part_12.csv

part_13:
  started_at: 2026-04-14T02:24:18.092082
  finished_at: 2026-04-14T02:36:08.544847
  source_csv_name: batch_input_13.csv
  task_mode: realtime_only
  input_bvid_count: 100
  processed_count: 100
  success_count: 100
  failed_count: 0
  remaining_count: 0
  consecutive_failure_limit: 10
  stopped_due_to_consecutive_failures: False
  stop_reason: 当前 batch_crawl 已完成，所有视频均已成功抓取。
  log_file: logs/batch_crawl_part_13_20260414_023608.log
  remaining_file: 

part_14:
  started_at: 2026-04-14T02:36:08.698793
  finished_at: 2026-04-14T02:50:03.562287
  source_csv_name: batch_input_14.csv
  task_mode: realtime_only
  input_bvid_count: 100
  processed_count: 100
  success_count: 99
  failed_count: 1
  remaining_count: 1
  consecutive_failure_limit: 10
  stopped_due_to_consecutive_failures: False
  stop_reason: 当前子任务已结束，但仍有未成功抓取的视频，已导出 remaining CSV 供继续执行。
  log_file: logs/batch_crawl_part_14_20260414_025003.log
  remaining_file: remaining_bvids_part_14.csv

part_15:
  started_at: 2026-04-14T02:50:03.733697
  finished_at: 2026-04-14T03:02:42.214009
  source_csv_name: batch_input_15.csv
  task_mode: realtime_only
  input_bvid_count: 100
  processed_count: 100
  success_count: 97
  failed_count: 3
  remaining_count: 3
  consecutive_failure_limit: 10
  stopped_due_to_consecutive_failures: False
  stop_reason: 当前子任务已结束，但仍有未成功抓取的视频，已导出 remaining CSV 供继续执行。
  log_file: logs/batch_crawl_part_15_20260414_030242.log
  remaining_file: remaining_bvids_part_15.csv

part_16:
  started_at: 2026-04-14T03:02:42.421988
  finished_at: 2026-04-14T03:16:06.705590
  source_csv_name: batch_input_16.csv
  task_mode: realtime_only
  input_bvid_count: 100
  processed_count: 100
  success_count: 99
  failed_count: 1
  remaining_count: 1
  consecutive_failure_limit: 10
  stopped_due_to_consecutive_failures: False
  stop_reason: 当前子任务已结束，但仍有未成功抓取的视频，已导出 remaining CSV 供继续执行。
  log_file: logs/batch_crawl_part_16_20260414_031606.log
  remaining_file: remaining_bvids_part_16.csv

part_17:
  started_at: 2026-04-14T03:16:06.869172
  finished_at: 2026-04-14T03:30:07.681003
  source_csv_name: batch_input_17.csv
  task_mode: realtime_only
  input_bvid_count: 100
  processed_count: 100
  success_count: 99
  failed_count: 1
  remaining_count: 1
  consecutive_failure_limit: 10
  stopped_due_to_consecutive_failures: False
  stop_reason: 当前子任务已结束，但仍有未成功抓取的视频，已导出 remaining CSV 供继续执行。
  log_file: logs/batch_crawl_part_17_20260414_033007.log
  remaining_file: remaining_bvids_part_17.csv

part_18:
  started_at: 2026-04-14T03:30:08.223216
  finished_at: 2026-04-14T03:42:37.106281
  source_csv_name: batch_input_18.csv
  task_mode: realtime_only
  input_bvid_count: 100
  processed_count: 100
  success_count: 97
  failed_count: 3
  remaining_count: 3
  consecutive_failure_limit: 10
  stopped_due_to_consecutive_failures: False
  stop_reason: 当前子任务已结束，但仍有未成功抓取的视频，已导出 remaining CSV 供继续执行。
  log_file: logs/batch_crawl_part_18_20260414_034237.log
  remaining_file: remaining_bvids_part_18.csv

part_19:
  started_at: 2026-04-14T03:42:37.292967
  finished_at: 2026-04-14T04:05:25.564416
  source_csv_name: batch_input_19.csv
  task_mode: realtime_only
  input_bvid_count: 100
  processed_count: 100
  success_count: 99
  failed_count: 1
  remaining_count: 1
  consecutive_failure_limit: 10
  stopped_due_to_consecutive_failures: False
  stop_reason: 当前子任务已结束，但仍有未成功抓取的视频，已导出 remaining CSV 供继续执行。
  log_file: logs/batch_crawl_part_19_20260414_040525.log
  remaining_file: remaining_bvids_part_19.csv

part_20:
  started_at: 2026-04-14T04:05:25.723033
  finished_at: 2026-04-14T04:15:18.149850
  source_csv_name: batch_input_20.csv
  task_mode: realtime_only
  input_bvid_count: 100
  processed_count: 100
  success_count: 98
  failed_count: 2
  remaining_count: 2
  consecutive_failure_limit: 10
  stopped_due_to_consecutive_failures: False
  stop_reason: 当前子任务已结束，但仍有未成功抓取的视频，已导出 remaining CSV 供继续执行。
  log_file: logs/batch_crawl_part_20_20260414_041518.log
  remaining_file: remaining_bvids_part_20.csv

part_21:
  started_at: 2026-04-14T04:15:18.372688
  finished_at: 2026-04-14T04:25:51.904373
  source_csv_name: batch_input_21.csv
  task_mode: realtime_only
  input_bvid_count: 100
  processed_count: 100
  success_count: 100
  failed_count: 0
  remaining_count: 0
  consecutive_failure_limit: 10
  stopped_due_to_consecutive_failures: False
  stop_reason: 当前 batch_crawl 已完成，所有视频均已成功抓取。
  log_file: logs/batch_crawl_part_21_20260414_042551.log
  remaining_file: 

part_22:
  started_at: 2026-04-14T04:25:52.082018
  finished_at: 2026-04-14T04:36:16.207169
  source_csv_name: batch_input_22.csv
  task_mode: realtime_only
  input_bvid_count: 100
  processed_count: 100
  success_count: 98
  failed_count: 2
  remaining_count: 2
  consecutive_failure_limit: 10
  stopped_due_to_consecutive_failures: False
  stop_reason: 当前子任务已结束，但仍有未成功抓取的视频，已导出 remaining CSV 供继续执行。
  log_file: logs/batch_crawl_part_22_20260414_043616.log
  remaining_file: remaining_bvids_part_22.csv

part_23:
  started_at: 2026-04-14T04:36:16.392171
  finished_at: 2026-04-14T04:48:17.746303
  source_csv_name: batch_input_23.csv
  task_mode: realtime_only
  input_bvid_count: 100
  processed_count: 100
  success_count: 100
  failed_count: 0
  remaining_count: 0
  consecutive_failure_limit: 10
  stopped_due_to_consecutive_failures: False
  stop_reason: 当前 batch_crawl 已完成，所有视频均已成功抓取。
  log_file: logs/batch_crawl_part_23_20260414_044817.log
  remaining_file: 

part_24:
  started_at: 2026-04-14T04:48:18.320437
  finished_at: 2026-04-14T04:57:44.113562
  source_csv_name: batch_input_24.csv
  task_mode: realtime_only
  input_bvid_count: 100
  processed_count: 100
  success_count: 99
  failed_count: 1
  remaining_count: 1
  consecutive_failure_limit: 10
  stopped_due_to_consecutive_failures: False
  stop_reason: 当前子任务已结束，但仍有未成功抓取的视频，已导出 remaining CSV 供继续执行。
  log_file: logs/batch_crawl_part_24_20260414_045744.log
  remaining_file: remaining_bvids_part_24.csv

part_25:
  started_at: 2026-04-14T04:57:44.322837
  finished_at: 2026-04-14T05:08:39.381455
  source_csv_name: batch_input_25.csv
  task_mode: realtime_only
  input_bvid_count: 100
  processed_count: 100
  success_count: 99
  failed_count: 1
  remaining_count: 1
  consecutive_failure_limit: 10
  stopped_due_to_consecutive_failures: False
  stop_reason: 当前子任务已结束，但仍有未成功抓取的视频，已导出 remaining CSV 供继续执行。
  log_file: logs/batch_crawl_part_25_20260414_050839.log
  remaining_file: remaining_bvids_part_25.csv

part_26:
  started_at: 2026-04-14T05:08:39.556806
  finished_at: 2026-04-14T05:20:08.084180
  source_csv_name: batch_input_26.csv
  task_mode: realtime_only
  input_bvid_count: 100
  processed_count: 100
  success_count: 100
  failed_count: 0
  remaining_count: 0
  consecutive_failure_limit: 10
  stopped_due_to_consecutive_failures: False
  stop_reason: 当前 batch_crawl 已完成，所有视频均已成功抓取。
  log_file: logs/batch_crawl_part_26_20260414_052008.log
  remaining_file: 

part_27:
  started_at: 2026-04-14T05:20:08.270369
  finished_at: 2026-04-14T05:34:13.129832
  source_csv_name: batch_input_27.csv
  task_mode: realtime_only
  input_bvid_count: 100
  processed_count: 100
  success_count: 99
  failed_count: 1
  remaining_count: 1
  consecutive_failure_limit: 10
  stopped_due_to_consecutive_failures: False
  stop_reason: 当前子任务已结束，但仍有未成功抓取的视频，已导出 remaining CSV 供继续执行。
  log_file: logs/batch_crawl_part_27_20260414_053413.log
  remaining_file: remaining_bvids_part_27.csv

part_28:
  started_at: 2026-04-14T05:34:13.323914
  finished_at: 2026-04-14T05:46:24.857765
  source_csv_name: batch_input_28.csv
  task_mode: realtime_only
  input_bvid_count: 100
  processed_count: 100
  success_count: 98
  failed_count: 2
  remaining_count: 2
  consecutive_failure_limit: 10
  stopped_due_to_consecutive_failures: False
  stop_reason: 当前子任务已结束，但仍有未成功抓取的视频，已导出 remaining CSV 供继续执行。
  log_file: logs/batch_crawl_part_28_20260414_054624.log
  remaining_file: remaining_bvids_part_28.csv

part_29:
  started_at: 2026-04-14T05:46:25.045201
  finished_at: 2026-04-14T05:57:50.986604
  source_csv_name: batch_input_29.csv
  task_mode: realtime_only
  input_bvid_count: 100
  processed_count: 100
  success_count: 99
  failed_count: 1
  remaining_count: 1
  consecutive_failure_limit: 10
  stopped_due_to_consecutive_failures: False
  stop_reason: 当前子任务已结束，但仍有未成功抓取的视频，已导出 remaining CSV 供继续执行。
  log_file: logs/batch_crawl_part_29_20260414_055750.log
  remaining_file: remaining_bvids_part_29.csv

part_30:
  started_at: 2026-04-14T05:57:51.190096
  finished_at: 2026-04-14T06:09:24.583177
  source_csv_name: batch_input_30.csv
  task_mode: realtime_only
  input_bvid_count: 100
  processed_count: 100
  success_count: 99
  failed_count: 1
  remaining_count: 1
  consecutive_failure_limit: 10
  stopped_due_to_consecutive_failures: False
  stop_reason: 当前子任务已结束，但仍有未成功抓取的视频，已导出 remaining CSV 供继续执行。
  log_file: logs/batch_crawl_part_30_20260414_060924.log
  remaining_file: remaining_bvids_part_30.csv

part_31:
  started_at: 2026-04-14T06:09:24.768118
  finished_at: 2026-04-14T06:21:08.369111
  source_csv_name: batch_input_31.csv
  task_mode: realtime_only
  input_bvid_count: 100
  processed_count: 100
  success_count: 100
  failed_count: 0
  remaining_count: 0
  consecutive_failure_limit: 10
  stopped_due_to_consecutive_failures: False
  stop_reason: 当前 batch_crawl 已完成，所有视频均已成功抓取。
  log_file: logs/batch_crawl_part_31_20260414_062108.log
  remaining_file:
[TIMESTAMP][END] 2026-04-14T06:21:08
