[TIMESTAMP][BEGIN] 2026-04-14T12:32:55
[2026-04-14 12:32:58] 开始执行 CSV 批量抓取子任务 part_3。
[2026-04-14 12:32:58] 子任务开始时间：2026-04-14T12:32:55.921735
[2026-04-14 12:32:58] 输入文件：batch_input_3.csv
[2026-04-14 12:32:58] 输入唯一 bvid 数量：100
[2026-04-14 12:32:58] 为严格按 CSV 顺序判断连续失败阈值，本次任务自动将并发度从 4 调整为 1。
[2026-04-14 12:33:08] [SUCCESS] bvid=BV14rDWBgEZP 已成功抓取全部所需数据。
[2026-04-14 12:33:13] [SUCCESS] bvid=BV14uQwB1EMn 已成功抓取全部所需数据。
[2026-04-14 12:33:19] [SUCCESS] bvid=BV14uQwB1Efc 已成功抓取全部所需数据。
[2026-04-14 12:33:24] [SUCCESS] bvid=BV14wQTBdEKN 已成功抓取全部所需数据。
[2026-04-14 12:33:30] [SUCCESS] bvid=BV14yDZBKE51 已成功抓取全部所需数据。
[2026-04-14 12:33:42] [SUCCESS] bvid=BV14zDyBwE3G 已成功抓取全部所需数据。
[2026-04-14 12:33:53] [SUCCESS] bvid=BV14zXsB7EH8 已成功抓取全部所需数据。
[2026-04-14 12:34:01] [SUCCESS] bvid=BV151DCBuEEt 已成功抓取全部所需数据。
[2026-04-14 12:34:07] [SUCCESS] bvid=BV153DSBdE7g 已成功抓取全部所需数据。
[2026-04-14 12:34:09] [ERROR] bvid=BV154XVBoEuz 抓取失败：media: 接口返回错误代码：62002，信息：稿件不可见。
{'code': 62002, 'message': '稿件不可见', 'ttl': 1}
[2026-04-14 12:34:21] [SUCCESS] bvid=BV156DCBkEDZ 已成功抓取全部所需数据。
[2026-04-14 12:34:27] [SUCCESS] bvid=BV157D9BMEQk 已成功抓取全部所需数据。
[2026-04-14 12:34:43] [SUCCESS] bvid=BV157QxBtE5M 已成功抓取全部所需数据。
[2026-04-14 12:34:49] [SUCCESS] bvid=BV158DZB1ETZ 已成功抓取全部所需数据。
[2026-04-14 12:34:56] [SUCCESS] bvid=BV158DZB1EjU 已成功抓取全部所需数据。
[2026-04-14 12:35:01] [SUCCESS] bvid=BV158DZB1EvT 已成功抓取全部所需数据。
[2026-04-14 12:35:05] [ERROR] bvid=BV158DvB7EgY 抓取失败：media: 接口返回错误代码：62002，信息：稿件不可见。
{'code': 62002, 'message': '稿件不可见', 'ttl': 1}
[2026-04-14 12:35:17] [SUCCESS] bvid=BV15AD1B1E3i 已成功抓取全部所需数据。
[2026-04-14 12:35:20] [ERROR] bvid=BV15BDzBtEMe 抓取失败：media: 接口返回错误代码：62002，信息：稿件不可见。
{'code': 62002, 'message': '稿件不可见', 'ttl': 1}
[2026-04-14 12:35:22] [ERROR] bvid=BV15BXyBSEio 抓取失败：media: 接口返回错误代码：62002，信息：稿件不可见。
{'code': 62002, 'message': '稿件不可见', 'ttl': 1}
[2026-04-14 12:35:33] [SUCCESS] bvid=BV15CDCB6EBS 已成功抓取全部所需数据。
[2026-04-14 12:35:42] [SUCCESS] bvid=BV15CQ4B8ELg 已成功抓取全部所需数据。
[2026-04-14 12:35:48] [SUCCESS] bvid=BV15GQcBREB2 已成功抓取全部所需数据。
[2026-04-14 12:36:02] [SUCCESS] bvid=BV15GQcBREHj 已成功抓取全部所需数据。
[2026-04-14 12:36:09] [SUCCESS] bvid=BV15HD9BvEec 已成功抓取全部所需数据。
[2026-04-14 12:36:22] [SUCCESS] bvid=BV15HD9BvEj9 已成功抓取全部所需数据。
[2026-04-14 12:36:28] [SUCCESS] bvid=BV15HQtBYES2 已成功抓取全部所需数据。
[2026-04-14 12:36:41] [SUCCESS] bvid=BV15KD1BCEVe 已成功抓取全部所需数据。
[2026-04-14 12:36:45] [SUCCESS] bvid=BV15KD1BCEcT 已成功抓取全部所需数据。
[2026-04-14 12:36:57] [SUCCESS] bvid=BV15LQxBfE9L 已成功抓取全部所需数据。
[2026-04-14 12:37:03] [SUCCESS] bvid=BV15PDCBTEFU 已成功抓取全部所需数据。
[2026-04-14 12:37:11] [ERROR] bvid=BV15PDeBjEQp 抓取失败：media: 接口返回错误代码：-404，信息：啥都木有。
{'code': -404, 'message': '啥都木有', 'ttl': 1}
[2026-04-14 12:37:18] [SUCCESS] bvid=BV15QDLBhEEu 已成功抓取全部所需数据。
[2026-04-14 12:37:21] [ERROR] bvid=BV15RXjBKEE8 抓取失败：media: No downloadable media stream found for this bvid.
[2026-04-14 12:37:27] [SUCCESS] bvid=BV15SQMBkE7c 已成功抓取全部所需数据。
[2026-04-14 12:37:33] [SUCCESS] bvid=BV15SQMBkEbG 已成功抓取全部所需数据。
[2026-04-14 12:37:35] [ERROR] bvid=BV15SXjBBExa 抓取失败：media: 接口返回错误代码：62002，信息：稿件不可见。
{'code': 62002, 'message': '稿件不可见', 'ttl': 1}
[2026-04-14 12:37:42] [SUCCESS] bvid=BV15UDfBnEB4 已成功抓取全部所需数据。
[2026-04-14 12:37:47] [SUCCESS] bvid=BV15UQMBVEi9 已成功抓取全部所需数据。
[2026-04-14 12:38:00] [SUCCESS] bvid=BV15UQMBVErK 已成功抓取全部所需数据。
[2026-04-14 12:38:14] [SUCCESS] bvid=BV15UQMBVErb 已成功抓取全部所需数据。
[2026-04-14 12:38:20] [SUCCESS] bvid=BV15VDSBsEDG 已成功抓取全部所需数据。
[2026-04-14 12:38:24] [SUCCESS] bvid=BV15VDSBsExc 已成功抓取全部所需数据。
[2026-04-14 12:38:37] [SUCCESS] bvid=BV15WQtBwE2t 已成功抓取全部所需数据。
[2026-04-14 12:39:03] [SUCCESS] bvid=BV15YQFBHEFS 已成功抓取全部所需数据。
[2026-04-14 12:39:09] [SUCCESS] bvid=BV15YQFBHEQL 已成功抓取全部所需数据。
[2026-04-14 12:39:12] [ERROR] bvid=BV15YXMB7E2Y 抓取失败：media: 接口返回错误代码：62002，信息：稿件不可见。
{'code': 62002, 'message': '稿件不可见', 'ttl': 1}
[2026-04-14 12:39:18] [SUCCESS] bvid=BV15ZD6BYEkq 已成功抓取全部所需数据。
[2026-04-14 12:39:24] [SUCCESS] bvid=BV15ZDQBAEh6 已成功抓取全部所需数据。
[2026-04-14 12:39:31] [SUCCESS] bvid=BV15cDCBuEWM 已成功抓取全部所需数据。
[2026-04-14 12:39:42] [SUCCESS] bvid=BV15cDCBuEg4 已成功抓取全部所需数据。
[2026-04-14 12:39:50] [ERROR] bvid=BV15cX2B9E9y 抓取失败：media: 接口返回错误代码：62002，信息：稿件不可见。
{'code': 62002, 'message': '稿件不可见', 'ttl': 1}
[2026-04-14 12:39:55] [SUCCESS] bvid=BV15dDSBdEhZ 已成功抓取全部所需数据。
[2026-04-14 12:40:01] [SUCCESS] bvid=BV15eQwBbEVc 已成功抓取全部所需数据。
[2026-04-14 12:40:07] [SUCCESS] bvid=BV15fDQBaEPx 已成功抓取全部所需数据。
[2026-04-14 12:40:14] [SUCCESS] bvid=BV15hDxBRECx 已成功抓取全部所需数据。
[2026-04-14 12:40:25] [SUCCESS] bvid=BV15jDQBcEx2 已成功抓取全部所需数据。
[2026-04-14 12:40:31] [SUCCESS] bvid=BV15kQKBzEdv 已成功抓取全部所需数据。
[2026-04-14 12:40:33] [ERROR] bvid=BV15mXUBFEsu 抓取失败：media: 接口返回错误代码：62002，信息：稿件不可见。
{'code': 62002, 'message': '稿件不可见', 'ttl': 1}
[2026-04-14 12:40:39] [SUCCESS] bvid=BV15nD9BKELh 已成功抓取全部所需数据。
[2026-04-14 12:40:50] [SUCCESS] bvid=BV15nQxBxEH1 已成功抓取全部所需数据。
[2026-04-14 12:40:55] [SUCCESS] bvid=BV15nQxBxEuN 已成功抓取全部所需数据。
[2026-04-14 12:41:02] [SUCCESS] bvid=BV15oQABYEU1 已成功抓取全部所需数据。
[2026-04-14 12:41:12] [SUCCESS] bvid=BV15qQwB4EtX 已成功抓取全部所需数据。
[2026-04-14 12:41:24] [SUCCESS] bvid=BV15rDaBGEYR 已成功抓取全部所需数据。
[2026-04-14 12:41:31] [SUCCESS] bvid=BV15tQuB2EJG 已成功抓取全部所需数据。
[2026-04-14 12:41:35] [SUCCESS] bvid=BV15uXNBTENz 已成功抓取全部所需数据。
[2026-04-14 12:41:41] [SUCCESS] bvid=BV15vDDBFESX 已成功抓取全部所需数据。
[2026-04-14 12:41:44] [ERROR] bvid=BV15xXPBiEJ7 抓取失败：media: 接口返回错误代码：62002，信息：稿件不可见。
{'code': 62002, 'message': '稿件不可见', 'ttl': 1}
[2026-04-14 12:41:52] [SUCCESS] bvid=BV161SoBQEJQ 已成功抓取全部所需数据。
[2026-04-14 12:41:58] [SUCCESS] bvid=BV164QwBPEJK 已成功抓取全部所需数据。
[2026-04-14 12:42:04] [SUCCESS] bvid=BV165DZBdENX 已成功抓取全部所需数据。
[2026-04-14 12:42:07] [ERROR] bvid=BV165XwBKEgL 抓取失败：media: 接口返回错误代码：62002，信息：稿件不可见。
{'code': 62002, 'message': '稿件不可见', 'ttl': 1}
[2026-04-14 12:42:13] [SUCCESS] bvid=BV166D4BqE7e 已成功抓取全部所需数据。
[2026-04-14 12:42:18] [SUCCESS] bvid=BV166DfBoEFo 已成功抓取全部所需数据。
[2026-04-14 12:42:25] [SUCCESS] bvid=BV168DCBJEfW 已成功抓取全部所需数据。
[2026-04-14 12:42:32] [SUCCESS] bvid=BV168QKBmEZ9 已成功抓取全部所需数据。
[2026-04-14 12:42:39] [SUCCESS] bvid=BV169DyBQErt 已成功抓取全部所需数据。
[2026-04-14 12:42:45] [SUCCESS] bvid=BV169QNBGEAS 已成功抓取全部所需数据。
[2026-04-14 12:42:51] [SUCCESS] bvid=BV16ADSBwELD 已成功抓取全部所需数据。
[2026-04-14 12:42:56] [SUCCESS] bvid=BV16CQcBYESK 已成功抓取全部所需数据。
[2026-04-14 12:43:03] [SUCCESS] bvid=BV16CQcBYEsm 已成功抓取全部所需数据。
[2026-04-14 12:43:08] [SUCCESS] bvid=BV16CQcBYEzM 已成功抓取全部所需数据。
[2026-04-14 12:43:15] [SUCCESS] bvid=BV16EQuBXExu 已成功抓取全部所需数据。
[2026-04-14 12:43:22] [SUCCESS] bvid=BV16GDyBSE1N 已成功抓取全部所需数据。
[2026-04-14 12:43:28] [SUCCESS] bvid=BV16JQFBcEhx 已成功抓取全部所需数据。
[2026-04-14 12:43:41] [SUCCESS] bvid=BV16JQFBcEkQ 已成功抓取全部所需数据。
[2026-04-14 12:43:52] [SUCCESS] bvid=BV16MDkByEHp 已成功抓取全部所需数据。
[2026-04-14 12:43:59] [SUCCESS] bvid=BV16MDkByEda 已成功抓取全部所需数据。
[2026-04-14 12:44:06] [SUCCESS] bvid=BV16MQABKEMk 已成功抓取全部所需数据。
[2026-04-14 12:44:11] [SUCCESS] bvid=BV16PDQBuE8y 已成功抓取全部所需数据。
[2026-04-14 12:44:18] [SUCCESS] bvid=BV16QDkBLEtR 已成功抓取全部所需数据。
[2026-04-14 12:44:25] [SUCCESS] bvid=BV16RQTBJEyR 已成功抓取全部所需数据。
[2026-04-14 12:44:32] [SUCCESS] bvid=BV16SQABTEG6 已成功抓取全部所需数据。
[2026-04-14 12:44:35] [ERROR] bvid=BV16VXPByEeU 抓取失败：media: 接口返回错误代码：62002，信息：稿件不可见。
{'code': 62002, 'message': '稿件不可见', 'ttl': 1}
[2026-04-14 12:44:37] [ERROR] bvid=BV16VXPByEzB 抓取失败：media: 接口返回错误代码：62002，信息：稿件不可见。
{'code': 62002, 'message': '稿件不可见', 'ttl': 1}
[2026-04-14 12:44:44] [SUCCESS] bvid=BV16WDDBiETG 已成功抓取全部所需数据。
[2026-04-14 12:44:50] [SUCCESS] bvid=BV16WDEBjEVo 已成功抓取全部所需数据。
[2026-04-14 12:44:53] [ERROR] bvid=BV16ZXLBVEA9 抓取失败：media: 接口返回错误代码：62012，信息：62012。
{'code': 62012, 'message': '62012', 'ttl': 1}
[2026-04-14 12:44:59] [SUCCESS] bvid=BV16bQPB6EXz 已成功抓取全部所需数据。
[2026-04-14 12:44:59] [WARN] 当前子任务已结束，但仍有未成功抓取的视频，已导出 remaining CSV 供继续执行。
[2026-04-14 12:44:59] [INFO] 已导出剔除成功条目后的剩余 CSV：outputs\video_data\manual_crawls\manual_crawl_media_mode_A_20260414_120724\remaining_bvids_part_3.csv
[2026-04-14 12:44:59] 子任务结束时间：2026-04-14T12:44:59.164055
[TIMESTAMP][END] 2026-04-14T12:44:59
