[TIMESTAMP][BEGIN] 2026-04-14T12:07:24
[2026-04-14 12:07:26] 开始执行 CSV 批量抓取子任务 part_1。
[2026-04-14 12:07:26] 子任务开始时间：2026-04-14T12:07:24.126393
[2026-04-14 12:07:26] 输入文件：batch_input_1.csv
[2026-04-14 12:07:26] 输入唯一 bvid 数量：100
[2026-04-14 12:07:26] 为严格按 CSV 顺序判断连续失败阈值，本次任务自动将并发度从 4 调整为 1。
[2026-04-14 12:07:34] [SUCCESS] bvid=BV113QFBiEMq 已成功抓取全部所需数据。
[2026-04-14 12:07:39] [SUCCESS] bvid=BV114QMBtE53 已成功抓取全部所需数据。
[2026-04-14 12:07:52] [SUCCESS] bvid=BV115DDBkEvD 已成功抓取全部所需数据。
[2026-04-14 12:08:06] [SUCCESS] bvid=BV11ADyBdELh 已成功抓取全部所需数据。
[2026-04-14 12:08:09] [ERROR] bvid=BV11DXbBxENF 抓取失败：media: 接口返回错误代码：62002，信息：稿件不可见。
{'code': 62002, 'message': '稿件不可见', 'ttl': 1}
[2026-04-14 12:08:14] [SUCCESS] bvid=BV11EQ4B1EAd 已成功抓取全部所需数据。
[2026-04-14 12:08:19] [SUCCESS] bvid=BV11EQ4B1ED7 已成功抓取全部所需数据。
[2026-04-14 12:08:24] [SUCCESS] bvid=BV11EQ4B1EaU 已成功抓取全部所需数据。
[2026-04-14 12:08:36] [SUCCESS] bvid=BV11EQ4B1EaV 已成功抓取全部所需数据。
[2026-04-14 12:08:42] [SUCCESS] bvid=BV11EQ4B2E1z 已成功抓取全部所需数据。
[2026-04-14 12:08:49] [SUCCESS] bvid=BV11JQKBsEYh 已成功抓取全部所需数据。
[2026-04-14 12:08:56] [SUCCESS] bvid=BV11JQbBXEkG 已成功抓取全部所需数据。
[2026-04-14 12:09:10] [SUCCESS] bvid=BV11KDZBwEVj 已成功抓取全部所需数据。
[2026-04-14 12:09:18] [SUCCESS] bvid=BV11ND2BAEgX 已成功抓取全部所需数据。
[2026-04-14 12:09:20] [ERROR] bvid=BV11PXPBDEgb 抓取失败：media: 接口返回错误代码：62002，信息：稿件不可见。
{'code': 62002, 'message': '稿件不可见', 'ttl': 1}
[2026-04-14 12:09:34] [SUCCESS] bvid=BV11PXfBuEjJ 已成功抓取全部所需数据。
[2026-04-14 12:09:55] [SUCCESS] bvid=BV11QDUBzEMD 已成功抓取全部所需数据。
[2026-04-14 12:10:02] [SUCCESS] bvid=BV11RDjB7Esw 已成功抓取全部所需数据。
[2026-04-14 12:10:12] [SUCCESS] bvid=BV11RQsBVE1T 已成功抓取全部所需数据。
[2026-04-14 12:10:18] [SUCCESS] bvid=BV11TQFBuEzP 已成功抓取全部所需数据。
[2026-04-14 12:10:26] [ERROR] bvid=BV11VDjBLEto 抓取失败：media: 接口返回错误代码：62002，信息：稿件不可见。
{'code': 62002, 'message': '稿件不可见', 'ttl': 1}
[2026-04-14 12:10:40] [SUCCESS] bvid=BV11WQKBQEFz 已成功抓取全部所需数据。
[2026-04-14 12:10:48] [SUCCESS] bvid=BV11YQcBgEZv 已成功抓取全部所需数据。
[2026-04-14 12:10:50] [ERROR] bvid=BV11YXTBtEa1 抓取失败：media: 接口返回错误代码：62002，信息：稿件不可见。
{'code': 62002, 'message': '稿件不可见', 'ttl': 1}
[2026-04-14 12:10:57] [SUCCESS] bvid=BV11ZDrBHECd 已成功抓取全部所需数据。
[2026-04-14 12:11:02] [SUCCESS] bvid=BV11aDSBGEkp 已成功抓取全部所需数据。
[2026-04-14 12:11:10] [ERROR] bvid=BV11bXNBpEhM 抓取失败：media: 接口返回错误代码：62002，信息：稿件不可见。
{'code': 62002, 'message': '稿件不可见', 'ttl': 1}
[2026-04-14 12:11:23] [SUCCESS] bvid=BV11cDdBoEJj 已成功抓取全部所需数据。
[2026-04-14 12:11:29] [SUCCESS] bvid=BV11cQ8BREUN 已成功抓取全部所需数据。
[2026-04-14 12:11:34] [SUCCESS] bvid=BV11eQAB7EyH 已成功抓取全部所需数据。
[2026-04-14 12:11:46] [SUCCESS] bvid=BV11eQcBzE5r 已成功抓取全部所需数据。
[2026-04-14 12:11:57] [SUCCESS] bvid=BV11eQcBzExq 已成功抓取全部所需数据。
[2026-04-14 12:12:00] [ERROR] bvid=BV11pSDBVEUA 抓取失败：media: 接口返回错误代码：-404，信息：啥都木有。
{'code': -404, 'message': '啥都木有', 'ttl': 1}
[2026-04-14 12:12:04] [SUCCESS] bvid=BV11qD9BsEe7 已成功抓取全部所需数据。
[2026-04-14 12:12:10] [SUCCESS] bvid=BV11tD4B1EyJ 已成功抓取全部所需数据。
[2026-04-14 12:12:31] [SUCCESS] bvid=BV11vQAB2ETC 已成功抓取全部所需数据。
[2026-04-14 12:12:40] [ERROR] bvid=BV11zXpBzE9L 抓取失败：media: No downloadable media stream found for this bvid.
[2026-04-14 12:12:49] [ERROR] bvid=BV121XKBhEfd 抓取失败：media: No downloadable media stream found for this bvid.
[2026-04-14 12:12:51] [ERROR] bvid=BV1239NBZEN3 抓取失败：media: 接口返回错误代码：62002，信息：稿件不可见。
{'code': 62002, 'message': '稿件不可见', 'ttl': 1}
[2026-04-14 12:12:57] [SUCCESS] bvid=BV123DDByEaY 已成功抓取全部所需数据。
[2026-04-14 12:13:02] [SUCCESS] bvid=BV123DDByEqF 已成功抓取全部所需数据。
[2026-04-14 12:13:09] [SUCCESS] bvid=BV123QwB5EFz 已成功抓取全部所需数据。
[2026-04-14 12:13:21] [SUCCESS] bvid=BV124DfBiEe3 已成功抓取全部所需数据。
[2026-04-14 12:13:27] [SUCCESS] bvid=BV124DfBiEtZ 已成功抓取全部所需数据。
[2026-04-14 12:13:43] [SUCCESS] bvid=BV125DXBnEjA 已成功抓取全部所需数据。
[2026-04-14 12:13:48] [SUCCESS] bvid=BV125Q4BEErc 已成功抓取全部所需数据。
[2026-04-14 12:13:54] [SUCCESS] bvid=BV127DXBEEN2 已成功抓取全部所需数据。
[2026-04-14 12:14:09] [SUCCESS] bvid=BV127Q4B7ESK 已成功抓取全部所需数据。
[2026-04-14 12:14:15] [SUCCESS] bvid=BV127Q4BjE2u 已成功抓取全部所需数据。
[2026-04-14 12:14:32] [SUCCESS] bvid=BV127Q4BjEVA 已成功抓取全部所需数据。
[2026-04-14 12:14:37] [SUCCESS] bvid=BV127Q4BjEh8 已成功抓取全部所需数据。
[2026-04-14 12:14:46] [SUCCESS] bvid=BV127Q4BjEpe 已成功抓取全部所需数据。
[2026-04-14 12:14:57] [SUCCESS] bvid=BV128D4B5E7h 已成功抓取全部所需数据。
[2026-04-14 12:15:02] [SUCCESS] bvid=BV12CD2BTEQR 已成功抓取全部所需数据。
[2026-04-14 12:15:24] [SUCCESS] bvid=BV12ED1BvERN 已成功抓取全部所需数据。
[2026-04-14 12:15:30] [SUCCESS] bvid=BV12EDCBoE17 已成功抓取全部所需数据。
[2026-04-14 12:15:37] [SUCCESS] bvid=BV12EQ4B1EPM 已成功抓取全部所需数据。
[2026-04-14 12:15:47] [SUCCESS] bvid=BV12FDyBZEbK 已成功抓取全部所需数据。
[2026-04-14 12:15:55] [SUCCESS] bvid=BV12GDXBQEZt 已成功抓取全部所需数据。
[2026-04-14 12:16:02] [SUCCESS] bvid=BV12JDRBREjq 已成功抓取全部所需数据。
[2026-04-14 12:16:06] [SUCCESS] bvid=BV12JQKBsE2U 已成功抓取全部所需数据。
[2026-04-14 12:16:12] [SUCCESS] bvid=BV12KDZBwEsB 已成功抓取全部所需数据。
[2026-04-14 12:16:26] [SUCCESS] bvid=BV12LDXBSEkJ 已成功抓取全部所需数据。
[2026-04-14 12:16:31] [SUCCESS] bvid=BV12LQ4BmEyz 已成功抓取全部所需数据。
[2026-04-14 12:16:37] [SUCCESS] bvid=BV12MQFBBEsb 已成功抓取全部所需数据。
[2026-04-14 12:16:51] [SUCCESS] bvid=BV12PQuBAEhx 已成功抓取全部所需数据。
[2026-04-14 12:17:11] [SUCCESS] bvid=BV12PXPBDE4a 已成功抓取全部所需数据。
[2026-04-14 12:17:17] [SUCCESS] bvid=BV12QQpBqEu3 已成功抓取全部所需数据。
[2026-04-14 12:17:27] [SUCCESS] bvid=BV12RQsBVE8L 已成功抓取全部所需数据。
[2026-04-14 12:17:39] [SUCCESS] bvid=BV12RQsBVEE7 已成功抓取全部所需数据。
[2026-04-14 12:17:46] [SUCCESS] bvid=BV12SDDBUEJ4 已成功抓取全部所需数据。
[2026-04-14 12:18:01] [SUCCESS] bvid=BV12SDDBUEQ8 已成功抓取全部所需数据。
[2026-04-14 12:18:12] [SUCCESS] bvid=BV12SDtBnEoq 已成功抓取全部所需数据。
[2026-04-14 12:18:19] [SUCCESS] bvid=BV12TDxB3Ez9 已成功抓取全部所需数据。
[2026-04-14 12:18:36] [SUCCESS] bvid=BV12VQPBDEwD 已成功抓取全部所需数据。
[2026-04-14 12:18:49] [SUCCESS] bvid=BV12VQsB3E4V 已成功抓取全部所需数据。
[2026-04-14 12:18:52] [ERROR] bvid=BV12WXjBxEm9 抓取失败：media: 接口返回错误代码：62002，信息：稿件不可见。
{'code': 62002, 'message': '稿件不可见', 'ttl': 1}
[2026-04-14 12:18:58] [SUCCESS] bvid=BV12XQwBjEEx 已成功抓取全部所需数据。
[2026-04-14 12:19:03] [SUCCESS] bvid=BV12aDSBGEG6 已成功抓取全部所需数据。
[2026-04-14 12:19:06] [ERROR] bvid=BV12dDuBYE9w 抓取失败：media: 接口返回错误代码：62002，信息：稿件不可见。
{'code': 62002, 'message': '稿件不可见', 'ttl': 1}
[2026-04-14 12:19:31] [SUCCESS] bvid=BV12dQsBkENh 已成功抓取全部所需数据。
[2026-04-14 12:19:34] [ERROR] bvid=BV12e9LBXELR 抓取失败：media: 接口返回错误代码：-404，信息：啥都木有。
{'code': -404, 'message': '啥都木有', 'ttl': 1}
[2026-04-14 12:19:43] [SUCCESS] bvid=BV12gDDBLELS 已成功抓取全部所需数据。
[2026-04-14 12:19:53] [SUCCESS] bvid=BV12gcjzCEhB 已成功抓取全部所需数据。
[2026-04-14 12:19:58] [SUCCESS] bvid=BV12jQPBUEjx 已成功抓取全部所需数据。
[2026-04-14 12:20:10] [SUCCESS] bvid=BV12nDCBxEjB 已成功抓取全部所需数据。
[2026-04-14 12:20:13] [ERROR] bvid=BV12pDsB3E2x 抓取失败：media: 接口返回错误代码：62012，信息：62012。
{'code': 62012, 'message': '62012', 'ttl': 1}
[2026-04-14 12:20:19] [SUCCESS] bvid=BV12qDkBREBa 已成功抓取全部所需数据。
[2026-04-14 12:20:26] [SUCCESS] bvid=BV12sD1BhEjk 已成功抓取全部所需数据。
[2026-04-14 12:20:32] [SUCCESS] bvid=BV12tQcBCENX 已成功抓取全部所需数据。
[2026-04-14 12:20:34] [ERROR] bvid=BV12xXzBpExQ 抓取失败：media: 接口返回错误代码：-404，信息：啥都木有。
{'code': -404, 'message': '啥都木有', 'ttl': 1}
[2026-04-14 12:20:37] [ERROR] bvid=BV12yDAB2EVb 抓取失败：media: 接口返回错误代码：62002，信息：稿件不可见。
{'code': 62002, 'message': '稿件不可见', 'ttl': 1}
[2026-04-14 12:20:48] [SUCCESS] bvid=BV12zDkBWEPj 已成功抓取全部所需数据。
[2026-04-14 12:20:54] [SUCCESS] bvid=BV12zDyBwE6T 已成功抓取全部所需数据。
[2026-04-14 12:21:00] [SUCCESS] bvid=BV133D1BgEnb 已成功抓取全部所需数据。
[2026-04-14 12:21:03] [ERROR] bvid=BV133XZB1EHu 抓取失败：media: No downloadable media stream found for this bvid.
[2026-04-14 12:21:12] [ERROR] bvid=BV133XZB1EvW 抓取失败：media: No downloadable media stream found for this bvid.
[2026-04-14 12:21:18] [SUCCESS] bvid=BV134QtBFE9G 已成功抓取全部所需数据。
[2026-04-14 12:21:23] [SUCCESS] bvid=BV134QxBHE8Z 已成功抓取全部所需数据。
[2026-04-14 12:21:26] [ERROR] bvid=BV135XjBYEUe 抓取失败：media: 接口返回错误代码：62002，信息：稿件不可见。
{'code': 62002, 'message': '稿件不可见', 'ttl': 1}
[2026-04-14 12:21:26] [WARN] 当前子任务已结束，但仍有未成功抓取的视频，已导出 remaining CSV 供继续执行。
[2026-04-14 12:21:26] [INFO] 已导出剔除成功条目后的剩余 CSV：outputs\video_data\manual_crawls\manual_crawl_media_mode_A_20260414_120724\remaining_bvids_part_1.csv
[2026-04-14 12:21:26] 子任务结束时间：2026-04-14T12:21:26.049082
[TIMESTAMP][END] 2026-04-14T12:21:26
