[TIMESTAMP][BEGIN] 2026-04-14T12:21:26
[2026-04-14 12:21:28] 开始执行 CSV 批量抓取子任务 part_2。
[2026-04-14 12:21:28] 子任务开始时间：2026-04-14T12:21:26.216147
[2026-04-14 12:21:28] 输入文件：batch_input_2.csv
[2026-04-14 12:21:28] 输入唯一 bvid 数量：100
[2026-04-14 12:21:28] 为严格按 CSV 顺序判断连续失败阈值，本次任务自动将并发度从 4 调整为 1。
[2026-04-14 12:21:41] [SUCCESS] bvid=BV136QFB2EAQ 已成功抓取全部所需数据。
[2026-04-14 12:21:46] [SUCCESS] bvid=BV13DQKBPEAb 已成功抓取全部所需数据。
[2026-04-14 12:21:52] [SUCCESS] bvid=BV13DQKBPEYH 已成功抓取全部所需数据。
[2026-04-14 12:22:00] [ERROR] bvid=BV13DXGBHEy6 抓取失败：media: 接口返回错误代码：62002，信息：稿件不可见。
{'code': 62002, 'message': '稿件不可见', 'ttl': 1}
[2026-04-14 12:22:07] [SUCCESS] bvid=BV13GD1BzEiN 已成功抓取全部所需数据。
[2026-04-14 12:22:13] [SUCCESS] bvid=BV13GDmB7EU5 已成功抓取全部所需数据。
[2026-04-14 12:22:26] [SUCCESS] bvid=BV13HDQBoEnR 已成功抓取全部所需数据。
[2026-04-14 12:22:32] [SUCCESS] bvid=BV13JDSBnEFR 已成功抓取全部所需数据。
[2026-04-14 12:22:37] [SUCCESS] bvid=BV13LDmBLE4M 已成功抓取全部所需数据。
[2026-04-14 12:22:42] [SUCCESS] bvid=BV13PDEBcEoc 已成功抓取全部所需数据。
[2026-04-14 12:22:48] [SUCCESS] bvid=BV13PDrBbEwq 已成功抓取全部所需数据。
[2026-04-14 12:22:54] [SUCCESS] bvid=BV13QQKBYEWE 已成功抓取全部所需数据。
[2026-04-14 12:23:00] [SUCCESS] bvid=BV13QQKBYEbz 已成功抓取全部所需数据。
[2026-04-14 12:23:20] [SUCCESS] bvid=BV13QQMB3EZg 已成功抓取全部所需数据。
[2026-04-14 12:23:23] [ERROR] bvid=BV13QX5BbEEM 抓取失败：media: 接口返回错误代码：62002，信息：稿件不可见。
{'code': 62002, 'message': '稿件不可见', 'ttl': 1}
[2026-04-14 12:23:25] [ERROR] bvid=BV13RX5B4E1W 抓取失败：media: 接口返回错误代码：62002，信息：稿件不可见。
{'code': 62002, 'message': '稿件不可见', 'ttl': 1}
[2026-04-14 12:23:28] [ERROR] bvid=BV13RXjBNECj 抓取失败：media: No downloadable media stream found for this bvid.
[2026-04-14 12:23:34] [SUCCESS] bvid=BV13SDCBiEDa 已成功抓取全部所需数据。
[2026-04-14 12:23:40] [SUCCESS] bvid=BV13SDCBiEWf 已成功抓取全部所需数据。
[2026-04-14 12:23:46] [SUCCESS] bvid=BV13SDCBiEdv 已成功抓取全部所需数据。
[2026-04-14 12:23:52] [SUCCESS] bvid=BV13SDCBiEwh 已成功抓取全部所需数据。
[2026-04-14 12:24:00] [SUCCESS] bvid=BV13TDCBNEhe 已成功抓取全部所需数据。
[2026-04-14 12:24:06] [SUCCESS] bvid=BV13TDpByEDg 已成功抓取全部所需数据。
[2026-04-14 12:24:13] [SUCCESS] bvid=BV13XQMB6E5t 已成功抓取全部所需数据。
[2026-04-14 12:24:20] [SUCCESS] bvid=BV13YQTBvE73 已成功抓取全部所需数据。
[2026-04-14 12:24:22] [ERROR] bvid=BV13YSSBmEHr 抓取失败：media: No downloadable media stream found for this bvid.
[2026-04-14 12:24:29] [SUCCESS] bvid=BV13ZDmB2ExM 已成功抓取全部所需数据。
[2026-04-14 12:24:35] [SUCCESS] bvid=BV13aDWBjEHi 已成功抓取全部所需数据。
[2026-04-14 12:24:39] [SUCCESS] bvid=BV13aXPBaE2C 已成功抓取全部所需数据。
[2026-04-14 12:24:56] [SUCCESS] bvid=BV13bQNB8Ez5 已成功抓取全部所需数据。
[2026-04-14 12:25:11] [SUCCESS] bvid=BV13gDCBAEup 已成功抓取全部所需数据。
[2026-04-14 12:25:17] [SUCCESS] bvid=BV13iDZBrEiH 已成功抓取全部所需数据。
[2026-04-14 12:25:25] [ERROR] bvid=BV13mXGBWEX8 抓取失败：media: 接口返回错误代码：62002，信息：稿件不可见。
{'code': 62002, 'message': '稿件不可见', 'ttl': 1}
[2026-04-14 12:25:31] [SUCCESS] bvid=BV13nDSBSE4P 已成功抓取全部所需数据。
[2026-04-14 12:25:36] [SUCCESS] bvid=BV13sDQBRE8i 已成功抓取全部所需数据。
[2026-04-14 12:25:55] [SUCCESS] bvid=BV13sQABsEb1 已成功抓取全部所需数据。
[2026-04-14 12:25:58] [ERROR] bvid=BV13tX1BjEtc 抓取失败：media: 接口返回错误代码：62002，信息：稿件不可见。
{'code': 62002, 'message': '稿件不可见', 'ttl': 1}
[2026-04-14 12:26:04] [SUCCESS] bvid=BV13uD1BrEQr 已成功抓取全部所需数据。
[2026-04-14 12:26:09] [SUCCESS] bvid=BV13wQwBHETi 已成功抓取全部所需数据。
[2026-04-14 12:26:15] [SUCCESS] bvid=BV13xDkBPE94 已成功抓取全部所需数据。
[2026-04-14 12:26:22] [SUCCESS] bvid=BV13xQNBaESU 已成功抓取全部所需数据。
[2026-04-14 12:26:28] [SUCCESS] bvid=BV13yQwBQEKz 已成功抓取全部所需数据。
[2026-04-14 12:26:33] [SUCCESS] bvid=BV13zDxBJEwt 已成功抓取全部所需数据。
[2026-04-14 12:26:36] [ERROR] bvid=BV13zXMBVEor 抓取失败：media: 接口返回错误代码：62002，信息：稿件不可见。
{'code': 62002, 'message': '稿件不可见', 'ttl': 1}
[2026-04-14 12:26:47] [SUCCESS] bvid=BV141DZBvEtu 已成功抓取全部所需数据。
[2026-04-14 12:26:50] [ERROR] bvid=BV141XbBfEb7 抓取失败：media: 接口返回错误代码：62002，信息：稿件不可见。
{'code': 62002, 'message': '稿件不可见', 'ttl': 1}
[2026-04-14 12:26:53] [ERROR] bvid=BV141XbBfEmf 抓取失败：media: 接口返回错误代码：62002，信息：稿件不可见。
{'code': 62002, 'message': '稿件不可见', 'ttl': 1}
[2026-04-14 12:26:58] [SUCCESS] bvid=BV142QFBkEiV 已成功抓取全部所需数据。
[2026-04-14 12:27:05] [SUCCESS] bvid=BV143QwB5EjL 已成功抓取全部所需数据。
[2026-04-14 12:27:11] [SUCCESS] bvid=BV146DyBhEmL 已成功抓取全部所需数据。
[2026-04-14 12:27:16] [SUCCESS] bvid=BV147QKBdEWr 已成功抓取全部所需数据。
[2026-04-14 12:27:19] [ERROR] bvid=BV1499NBFEV8 抓取失败：media: 接口返回错误代码：62002，信息：稿件不可见。
{'code': 62002, 'message': '稿件不可见', 'ttl': 1}
[2026-04-14 12:27:44] [SUCCESS] bvid=BV14EDCBoEFC 已成功抓取全部所需数据。
[2026-04-14 12:27:50] [SUCCESS] bvid=BV14EDCBoEwk 已成功抓取全部所需数据。
[2026-04-14 12:27:57] [SUCCESS] bvid=BV14GQwBCEEL 已成功抓取全部所需数据。
[2026-04-14 12:27:59] [ERROR] bvid=BV14HX2BuEu8 抓取失败：media: 接口返回错误代码：62002，信息：稿件不可见。
{'code': 62002, 'message': '稿件不可见', 'ttl': 1}
[2026-04-14 12:28:03] [ERROR] bvid=BV14HXjBoEoX 抓取失败：media: 接口返回错误代码：-404，信息：啥都木有。
{'code': -404, 'message': '啥都木有', 'ttl': 1}
[2026-04-14 12:28:09] [SUCCESS] bvid=BV14JQKBsEUf 已成功抓取全部所需数据。
[2026-04-14 12:28:15] [SUCCESS] bvid=BV14JQKBsEkp 已成功抓取全部所需数据。
[2026-04-14 12:28:21] [SUCCESS] bvid=BV14JQKBsExC 已成功抓取全部所需数据。
[2026-04-14 12:28:27] [SUCCESS] bvid=BV14MDDBmEr9 已成功抓取全部所需数据。
[2026-04-14 12:28:35] [SUCCESS] bvid=BV14MQwBjE4h 已成功抓取全部所需数据。
[2026-04-14 12:28:53] [SUCCESS] bvid=BV14QDDB7EUn 已成功抓取全部所需数据。
[2026-04-14 12:29:02] [SUCCESS] bvid=BV14QDDB7Es2 已成功抓取全部所需数据。
[2026-04-14 12:29:08] [SUCCESS] bvid=BV14RQsBVEnk 已成功抓取全部所需数据。
[2026-04-14 12:29:25] [SUCCESS] bvid=BV14SDDBUE41 已成功抓取全部所需数据。
[2026-04-14 12:29:35] [SUCCESS] bvid=BV14SQFB6EPA 已成功抓取全部所需数据。
[2026-04-14 12:29:38] [ERROR] bvid=BV14TXKB4E4P 抓取失败：media: 接口返回错误代码：-404，信息：啥都木有。
{'code': -404, 'message': '啥都木有', 'ttl': 1}
[2026-04-14 12:29:40] [ERROR] bvid=BV14TXKB4ETL 抓取失败：media: 接口返回错误代码：62002，信息：稿件不可见。
{'code': 62002, 'message': '稿件不可见', 'ttl': 1}
[2026-04-14 12:29:43] [ERROR] bvid=BV14UXKBbEn3 抓取失败：media: 接口返回错误代码：62012，信息：62012。
{'code': 62012, 'message': '62012', 'ttl': 1}
[2026-04-14 12:29:45] [ERROR] bvid=BV14X9jB8EnW 抓取失败：media: No downloadable media stream found for this bvid.
[2026-04-14 12:30:07] [SUCCESS] bvid=BV14XDDB2ELY 已成功抓取全部所需数据。
[2026-04-14 12:30:14] [SUCCESS] bvid=BV14XDDB2Ebq 已成功抓取全部所需数据。
[2026-04-14 12:30:20] [SUCCESS] bvid=BV14XDDB2Exi 已成功抓取全部所需数据。
[2026-04-14 12:30:26] [SUCCESS] bvid=BV14XQsByERV 已成功抓取全部所需数据。
[2026-04-14 12:30:29] [ERROR] bvid=BV14XQwBjEHM 抓取失败：media: 接口返回错误代码：62012，信息：62012。
{'code': 62012, 'message': '62012', 'ttl': 1}
[2026-04-14 12:30:41] [SUCCESS] bvid=BV14YDQBJE1H 已成功抓取全部所需数据。
[2026-04-14 12:30:43] [ERROR] bvid=BV14cDWBqEKc 抓取失败：media: 接口返回错误代码：62002，信息：稿件不可见。
{'code': 62002, 'message': '稿件不可见', 'ttl': 1}
[2026-04-14 12:30:50] [SUCCESS] bvid=BV14cQTB4E9o 已成功抓取全部所需数据。
[2026-04-14 12:30:56] [SUCCESS] bvid=BV14dDnBAE1t 已成功抓取全部所需数据。
[2026-04-14 12:31:00] [SUCCESS] bvid=BV14dQ4BnEHd 已成功抓取全部所需数据。
[2026-04-14 12:31:03] [ERROR] bvid=BV14dQ4BnELd 抓取失败：media: 接口返回错误代码：62002，信息：稿件不可见。
{'code': 62002, 'message': '稿件不可见', 'ttl': 1}
[2026-04-14 12:31:08] [SUCCESS] bvid=BV14dQ4BnEVw 已成功抓取全部所需数据。
[2026-04-14 12:31:14] [SUCCESS] bvid=BV14eDkBoEW6 已成功抓取全部所需数据。
[2026-04-14 12:31:25] [SUCCESS] bvid=BV14eDkBoEXK 已成功抓取全部所需数据。
[2026-04-14 12:31:32] [SUCCESS] bvid=BV14eDkBoEqc 已成功抓取全部所需数据。
[2026-04-14 12:31:37] [SUCCESS] bvid=BV14fQKBZECC 已成功抓取全部所需数据。
[2026-04-14 12:31:43] [SUCCESS] bvid=BV14hDQBDEkG 已成功抓取全部所需数据。
[2026-04-14 12:31:51] [SUCCESS] bvid=BV14hQcBkEkF 已成功抓取全部所需数据。
[2026-04-14 12:31:56] [SUCCESS] bvid=BV14iQxBLEtw 已成功抓取全部所需数据。
[2026-04-14 12:31:59] [ERROR] bvid=BV14iXaBYEpK 抓取失败：media: No downloadable media stream found for this bvid.
[2026-04-14 12:32:11] [SUCCESS] bvid=BV14jQKB4ERx 已成功抓取全部所需数据。
[2026-04-14 12:32:16] [SUCCESS] bvid=BV14kDyBFE5u 已成功抓取全部所需数据。
[2026-04-14 12:32:23] [SUCCESS] bvid=BV14nQKB9EMP 已成功抓取全部所需数据。
[2026-04-14 12:32:30] [SUCCESS] bvid=BV14nQMBaEta 已成功抓取全部所需数据。
[2026-04-14 12:32:41] [SUCCESS] bvid=BV14pDmB6ES3 已成功抓取全部所需数据。
[2026-04-14 12:32:43] [ERROR] bvid=BV14pXUBjEWW 抓取失败：media: 接口返回错误代码：62002，信息：稿件不可见。
{'code': 62002, 'message': '稿件不可见', 'ttl': 1}
[2026-04-14 12:32:46] [ERROR] bvid=BV14qD9BsE9G 抓取失败：media: No downloadable media stream found for this bvid.
[2026-04-14 12:32:50] [SUCCESS] bvid=BV14qDyBYE9X 已成功抓取全部所需数据。
[2026-04-14 12:32:55] [SUCCESS] bvid=BV14qDyBYEDT 已成功抓取全部所需数据。
[2026-04-14 12:32:55] [WARN] 当前子任务已结束，但仍有未成功抓取的视频，已导出 remaining CSV 供继续执行。
[2026-04-14 12:32:55] [INFO] 已导出剔除成功条目后的剩余 CSV：outputs\video_data\manual_crawls\manual_crawl_media_mode_A_20260414_120724\remaining_bvids_part_2.csv
[2026-04-14 12:32:55] 子任务结束时间：2026-04-14T12:32:55.749731
[TIMESTAMP][END] 2026-04-14T12:32:55
