[TIMESTAMP][BEGIN] 2026-04-19T22:55:01
[2026-04-19 22:55:04] 开始执行 CSV 批量抓取子任务 part_9。
[2026-04-19 22:55:04] 子任务开始时间：2026-04-19T22:55:01.830256
[2026-04-19 22:55:04] 输入文件：batch_input_9.csv
[2026-04-19 22:55:04] 输入唯一 bvid 数量：100
[2026-04-19 22:55:10] [SUCCESS] bvid=BV1tmXKBFEK8 已成功抓取全部所需数据。
[2026-04-19 22:55:13] [ERROR] bvid=BV1tnQMBaEqb 抓取失败：media: 接口返回错误代码：-404，信息：啥都木有。
{'code': -404, 'message': '啥都木有', 'ttl': 1}
[2026-04-19 22:55:16] [ERROR] bvid=BV1tnXUBmEXc 抓取失败：media: No downloadable media stream found for this bvid.
[2026-04-19 22:55:19] [ERROR] bvid=BV1tpDLBnERW 抓取失败：media: 接口返回错误代码：62012，信息：62012。
{'code': 62012, 'message': '62012', 'ttl': 1}
[2026-04-19 22:55:22] [ERROR] bvid=BV1trXPBxEg5 抓取失败：media: 接口返回错误代码：62002，信息：稿件不可见。
{'code': 62002, 'message': '稿件不可见', 'ttl': 1}
[2026-04-19 22:55:30] [ERROR] bvid=BV1ttQ2B3E5Y 抓取失败：media: 接口返回错误代码：-404，信息：啥都木有。
{'code': -404, 'message': '啥都木有', 'ttl': 1}
[2026-04-19 22:55:33] [ERROR] bvid=BV1ttQ2B3EJG 抓取失败：media: 接口返回错误代码：-404，信息：啥都木有。
{'code': -404, 'message': '啥都木有', 'ttl': 1}
[2026-04-19 22:55:36] [ERROR] bvid=BV1ttQ2B3EJL 抓取失败：media: 接口返回错误代码：-404，信息：啥都木有。
{'code': -404, 'message': '啥都木有', 'ttl': 1}
[2026-04-19 22:55:39] [ERROR] bvid=BV1ttQ2B3Eq7 抓取失败：media: 接口返回错误代码：-404，信息：啥都木有。
{'code': -404, 'message': '啥都木有', 'ttl': 1}
[2026-04-19 22:55:41] [ERROR] bvid=BV1ttQ2B3EqV 抓取失败：media: 接口返回错误代码：-404，信息：啥都木有。
{'code': -404, 'message': '啥都木有', 'ttl': 1}
[2026-04-19 22:55:44] [ERROR] bvid=BV1ttQ2B3Eqs 抓取失败：media: 接口返回错误代码：-404，信息：啥都木有。
{'code': -404, 'message': '啥都木有', 'ttl': 1}
[2026-04-19 22:55:44] [STOP] 检测到连续 10 条视频抓取失败，已按阈值 10 暂停当前 CSV 批量抓取流程。
[2026-04-19 22:55:44] [INFO] 已导出剔除成功条目后的剩余 CSV：outputs\video_data\manual_crawls\manual_crawl_media_mode_A_20260419_224823\remaining_bvids_part_9.csv
[2026-04-19 22:55:44] 子任务结束时间：2026-04-19T22:55:44.998855
[TIMESTAMP][END] 2026-04-19T22:55:44
