[TIMESTAMP][BEGIN] 2026-04-19T22:50:58
[2026-04-19 22:51:01] 开始执行 CSV 批量抓取子任务 part_5。
[2026-04-19 22:51:01] 子任务开始时间：2026-04-19T22:50:58.412706
[2026-04-19 22:51:01] 输入文件：batch_input_5.csv
[2026-04-19 22:51:01] 输入唯一 bvid 数量：100
[2026-04-19 22:51:03] [ERROR] bvid=BV1aLDPBsErZ 抓取失败：media: 接口返回错误代码：62002，信息：稿件不可见。
{'code': 62002, 'message': '稿件不可见', 'ttl': 1}
[2026-04-19 22:51:12] [ERROR] bvid=BV1aRXNBvEwa 抓取失败：media: No downloadable media stream found for this bvid.
[2026-04-19 22:51:15] [ERROR] bvid=BV1aU9TB3EeS 抓取失败：media: 接口返回错误代码：62012，信息：62012。
{'code': 62012, 'message': '62012', 'ttl': 1}
[2026-04-19 22:51:18] [ERROR] bvid=BV1aVXUBpE9H 抓取失败：media: 接口返回错误代码：62002，信息：稿件不可见。
{'code': 62002, 'message': '稿件不可见', 'ttl': 1}
[2026-04-19 22:51:21] [ERROR] bvid=BV1aVXUBpEWp 抓取失败：media: No downloadable media stream found for this bvid.
[2026-04-19 22:51:31] [ERROR] bvid=BV1aZXTB3EHJ 抓取失败：media: 接口返回错误代码：62002，信息：稿件不可见。
{'code': 62002, 'message': '稿件不可见', 'ttl': 1}
[2026-04-19 22:51:34] [ERROR] bvid=BV1aaXPBaEFb 抓取失败：media: 接口返回错误代码：-404，信息：啥都木有。
{'code': -404, 'message': '啥都木有', 'ttl': 1}
[2026-04-19 22:51:48] [SUCCESS] bvid=BV1agX5B4EMp 已成功抓取全部所需数据。
[2026-04-19 22:51:51] [ERROR] bvid=BV1agXUBsEae 抓取失败：media: 接口返回错误代码：62002，信息：稿件不可见。
{'code': 62002, 'message': '稿件不可见', 'ttl': 1}
[2026-04-19 22:51:53] [ERROR] bvid=BV1ajXjBcEKQ 抓取失败：media: 接口返回错误代码：62002，信息：稿件不可见。
{'code': 62002, 'message': '稿件不可见', 'ttl': 1}
[2026-04-19 22:51:56] [ERROR] bvid=BV1ajXjBcEbF 抓取失败：media: 接口返回错误代码：62002，信息：稿件不可见。
{'code': 62002, 'message': '稿件不可见', 'ttl': 1}
[2026-04-19 22:51:59] [ERROR] bvid=BV1akDXBwEZC 抓取失败：media: 接口返回错误代码：-404，信息：啥都木有。
{'code': -404, 'message': '啥都木有', 'ttl': 1}
[2026-04-19 22:52:02] [ERROR] bvid=BV1aoXzBwET8 抓取失败：media: 接口返回错误代码：-404，信息：啥都木有。
{'code': -404, 'message': '啥都木有', 'ttl': 1}
[2026-04-19 22:52:04] [ERROR] bvid=BV1avXbBiErn 抓取失败：media: 接口返回错误代码：62002，信息：稿件不可见。
{'code': 62002, 'message': '稿件不可见', 'ttl': 1}
[2026-04-19 22:52:08] [ERROR] bvid=BV1awXgBjEGf 抓取失败：media: 接口返回错误代码：62002，信息：稿件不可见。
{'code': 62002, 'message': '稿件不可见', 'ttl': 1}
[2026-04-19 22:52:16] [ERROR] bvid=BV1axX1BmEhS 抓取失败：media: 接口返回错误代码：-404，信息：啥都木有。
{'code': -404, 'message': '啥都木有', 'ttl': 1}
[2026-04-19 22:52:19] [ERROR] bvid=BV1ayQ4BZEVU 抓取失败：media: 接口返回错误代码：62002，信息：稿件不可见。
{'code': 62002, 'message': '稿件不可见', 'ttl': 1}
[2026-04-19 22:52:21] [ERROR] bvid=BV1ayXdBLE24 抓取失败：media: 接口返回错误代码：-404，信息：啥都木有。
{'code': -404, 'message': '啥都木有', 'ttl': 1}
[2026-04-19 22:52:21] [STOP] 检测到连续 10 条视频抓取失败，已按阈值 10 暂停当前 CSV 批量抓取流程。
[2026-04-19 22:52:21] [INFO] 已导出剔除成功条目后的剩余 CSV：outputs\video_data\manual_crawls\manual_crawl_media_mode_A_20260419_224823\remaining_bvids_part_5.csv
[2026-04-19 22:52:21] 子任务结束时间：2026-04-19T22:52:21.602161
[TIMESTAMP][END] 2026-04-19T22:52:21
