[TIMESTAMP][BEGIN] 2026-04-19T22:50:16
[2026-04-19 22:50:18] 开始执行 CSV 批量抓取子任务 part_4。
[2026-04-19 22:50:18] 子任务开始时间：2026-04-19T22:50:16.514440
[2026-04-19 22:50:18] 输入文件：batch_input_4.csv
[2026-04-19 22:50:18] 输入唯一 bvid 数量：100
[2026-04-19 22:50:21] [ERROR] bvid=BV1SWDKBZEJX 抓取失败：media: 接口返回错误代码：-404，信息：啥都木有。
{'code': -404, 'message': '啥都木有', 'ttl': 1}
[2026-04-19 22:50:24] [ERROR] bvid=BV1SaX3ByEpk 抓取失败：media: 接口返回错误代码：-404，信息：啥都木有。
{'code': -404, 'message': '啥都木有', 'ttl': 1}
[2026-04-19 22:50:27] [ERROR] bvid=BV1SfX5B9Enr 抓取失败：media: 接口返回错误代码：-404，信息：啥都木有。
{'code': -404, 'message': '啥都木有', 'ttl': 1}
[2026-04-19 22:50:29] [ERROR] bvid=BV1SiXLBtEQh 抓取失败：media: 接口返回错误代码：62002，信息：稿件不可见。
{'code': 62002, 'message': '稿件不可见', 'ttl': 1}
[2026-04-19 22:50:32] [ERROR] bvid=BV1SjX5BpEiL 抓取失败：media: No downloadable media stream found for this bvid.
[2026-04-19 22:50:35] [ERROR] bvid=BV1SjXNBhEzZ 抓取失败：media: 接口返回错误代码：62002，信息：稿件不可见。
{'code': 62002, 'message': '稿件不可见', 'ttl': 1}
[2026-04-19 22:50:38] [ERROR] bvid=BV1SrDABUETG 抓取失败：media: 接口返回错误代码：62012，信息：62012。
{'code': 62012, 'message': '62012', 'ttl': 1}
[2026-04-19 22:50:47] [ERROR] bvid=BV1SyXKBwEJf 抓取失败：media: 接口返回错误代码：62002，信息：稿件不可见。
{'code': 62002, 'message': '稿件不可见', 'ttl': 1}
[2026-04-19 22:50:55] [ERROR] bvid=BV1T9SdBtETn 抓取失败：media: 接口返回错误代码：62002，信息：稿件不可见。
{'code': 62002, 'message': '稿件不可见', 'ttl': 1}
[2026-04-19 22:50:58] [ERROR] bvid=BV1TPXLBnEv6 抓取失败：media: 接口返回错误代码：62002，信息：稿件不可见。
{'code': 62002, 'message': '稿件不可见', 'ttl': 1}
[2026-04-19 22:50:58] [STOP] 检测到连续 10 条视频抓取失败，已按阈值 10 暂停当前 CSV 批量抓取流程。
[2026-04-19 22:50:58] [INFO] 已导出剔除成功条目后的剩余 CSV：outputs\video_data\manual_crawls\manual_crawl_media_mode_A_20260419_224823\remaining_bvids_part_4.csv
[2026-04-19 22:50:58] 子任务结束时间：2026-04-19T22:50:58.305421
[TIMESTAMP][END] 2026-04-19T22:50:58
