[TIMESTAMP][BEGIN] 2026-04-19T22:55:45
[2026-04-19 22:55:47] 开始执行 CSV 批量抓取子任务 part_10。
[2026-04-19 22:55:47] 子任务开始时间：2026-04-19T22:55:45.103215
[2026-04-19 22:55:47] 输入文件：batch_input_10.csv
[2026-04-19 22:55:47] 输入唯一 bvid 数量：54
[2026-04-19 22:55:50] [ERROR] bvid=BV1xRXhBhEku 抓取失败：media: 接口返回错误代码：62002，信息：稿件不可见。
{'code': 62002, 'message': '稿件不可见', 'ttl': 1}
[2026-04-19 22:55:53] [ERROR] bvid=BV1xTXKB4EER 抓取失败：media: 接口返回错误代码：62002，信息：稿件不可见。
{'code': 62002, 'message': '稿件不可见', 'ttl': 1}
[2026-04-19 22:55:55] [ERROR] bvid=BV1xTXKB4EaF 抓取失败：media: 接口返回错误代码：62002，信息：稿件不可见。
{'code': 62002, 'message': '稿件不可见', 'ttl': 1}
[2026-04-19 22:56:03] [ERROR] bvid=BV1xUQFB3EjB 抓取失败：media: 接口返回错误代码：-404，信息：啥都木有。
{'code': -404, 'message': '啥都木有', 'ttl': 1}
[2026-04-19 22:56:12] [ERROR] bvid=BV1xUX6B4E6d 抓取失败：media: 接口返回错误代码：62002，信息：稿件不可见。
{'code': 62002, 'message': '稿件不可见', 'ttl': 1}
[2026-04-19 22:56:16] [SUCCESS] bvid=BV1xVXMBcExb 已成功抓取全部所需数据。
[2026-04-19 22:56:19] [ERROR] bvid=BV1xX95BQEx8 抓取失败：media: No downloadable media stream found for this bvid.
[2026-04-19 22:56:22] [ERROR] bvid=BV1xgQeBNEnD 抓取失败：media: 接口返回错误代码：-404，信息：啥都木有。
{'code': -404, 'message': '啥都木有', 'ttl': 1}
[2026-04-19 22:56:25] [ERROR] bvid=BV1xgXKBsEaH 抓取失败：media: 接口返回错误代码：62012，信息：62012。
{'code': 62012, 'message': '62012', 'ttl': 1}
[2026-04-19 22:56:27] [ERROR] bvid=BV1xjQPBUEoi 抓取失败：media: 接口返回错误代码：62002，信息：稿件不可见。
{'code': 62002, 'message': '稿件不可见', 'ttl': 1}
[2026-04-19 22:56:36] [ERROR] bvid=BV1xo6FB1E2K 抓取失败：media: 接口返回错误代码：-404，信息：啥都木有。
{'code': -404, 'message': '啥都木有', 'ttl': 1}
[2026-04-19 22:56:39] [ERROR] bvid=BV1xo6FB1ES5 抓取失败：media: 接口返回错误代码：-404，信息：啥都木有。
{'code': -404, 'message': '啥都木有', 'ttl': 1}
[2026-04-19 22:56:42] [ERROR] bvid=BV1xpX2BBEhV 抓取失败：media: 接口返回错误代码：62012，信息：62012。
{'code': 62012, 'message': '62012', 'ttl': 1}
[2026-04-19 22:56:44] [ERROR] bvid=BV1xv9KBwE2h 抓取失败：media: 接口返回错误代码：-404，信息：啥都木有。
{'code': -404, 'message': '啥都木有', 'ttl': 1}
[2026-04-19 22:56:47] [ERROR] bvid=BV1xvA8zQEKe 抓取失败：media: 接口返回错误代码：-404，信息：啥都木有。
{'code': -404, 'message': '啥都木有', 'ttl': 1}
[2026-04-19 22:56:55] [ERROR] bvid=BV1y7DEBnEcj 抓取失败：media: 接口返回错误代码：62012，信息：62012。
{'code': 62012, 'message': '62012', 'ttl': 1}
[2026-04-19 22:56:55] [STOP] 检测到连续 10 条视频抓取失败，已按阈值 10 暂停当前 CSV 批量抓取流程。
[2026-04-19 22:56:55] [INFO] 已导出剔除成功条目后的剩余 CSV：outputs\video_data\manual_crawls\manual_crawl_media_mode_A_20260419_224823\remaining_bvids_part_10.csv
[2026-04-19 22:56:55] 子任务结束时间：2026-04-19T22:56:55.637139
[TIMESTAMP][END] 2026-04-19T22:56:55
